IQ-TREE multicore version 1.5.4 for Linux 64-bit built Apr  2 2017
Copyright (c) 2011-2017 by Bui Quang Minh, Nguyen Lam Tung,
Olga Chernomor, Heiko Schmidt, and Arndt von Haeseler.

Host:    hpc-crick (AVX, 251 GB RAM)
Command: iqtree -s ./results/gene7.phy -nt 1 -bb 1000
Seed:    443397 (Using SPRNG - Scalable Parallel Random Number Generator)
Time:    Tue Aug 22 17:36:46 2017
Kernel:  AVX - 1 threads (40 CPU cores detected)

Reading alignment file ./results/gene7.phy ... Phylip format detected
Alignment most likely contains DNA/RNA sequences
Alignment has 10 sequences with 1000 columns and 497 patterns (354 informative sites, 373 constant sites)
   Gap/Ambiguity  Composition  p-value
   1  A    0.00%    passed     81.15%
   2  B    0.00%    passed     64.07%
   3  C    0.00%    passed     92.37%
   4  D    0.00%    passed     63.23%
   5  E    0.00%    passed     56.63%
   6  F    0.00%    passed     49.75%
   7  G    0.00%    passed     96.56%
   8  H    0.00%    passed     84.25%
   9  I    0.00%    passed     83.33%
  10  J    0.00%    passed     48.36%
****  TOTAL    0.00%  0 sequences failed composition chi2 test (p-value<5%; df=3)

Create initial parsimony tree by phylogenetic likelihood library (PLL)... 0.001 seconds

NOTE: ModelFinder requires 3 MB RAM!
ModelFinder will test 286 DNA models (sample size: 1000) ...
 No. Model         -LnL         df  AIC          AICc         BIC
  1  JC            7688.476     17  15410.952    15411.575    15494.384
  2  JC+I          7458.051     18  14952.101    14952.799    15040.441
  3  JC+G4         7406.191     18  14848.381    14849.078    14936.721
  4  JC+I+G4       7406.139     19  14850.277    14851.053    14943.524
  5  JC+R2         7407.143     19  14852.287    14853.062    14945.534
  6  JC+R3         7404.898     21  14851.795    14852.740    14954.858
  7  JC+R4         Skipped 
  8  JC+R5         Skipped 
  9  JC+R6         Skipped 
 10  JC+R7         Skipped 
 11  JC+R8         Skipped 
 12  JC+R9         Skipped 
 13  JC+R10        Skipped 
 14  F81           7573.790     20  15187.581    15188.439    15285.736
 15  F81+I         7339.753     21  14721.506    14722.451    14824.569
 16  F81+G4        7276.975     21  14595.950    14596.894    14699.012
 17  F81+I+G4      7277.289     22  14598.578    14599.614    14706.549
 18  F81+R2        7278.231     22  14600.462    14601.498    14708.432
 19  F81+R3        7275.665     24  14599.330    14600.561    14717.116
 20  F81+R4        Skipped 
 21  F81+R5        Skipped 
 22  F81+R6        Skipped 
 23  F81+R7        Skipped 
 24  F81+R8        Skipped 
 25  F81+R9        Skipped 
 26  F81+R10       Skipped 
 27  K2P           7520.589     18  15077.177    15077.875    15165.517
 28  K2P+I         7280.863     19  14599.726    14600.501    14692.973
 29  K2P+G4        7209.333     19  14456.667    14457.442    14549.914
 30  K2P+I+G4      7209.711     20  14459.423    14460.281    14557.578
 31  K2P+R2        7215.069     20  14470.138    14470.996    14568.293
 32  K2P+R3        7209.396     22  14462.792    14463.827    14570.762
 33  K2P+R4        Skipped 
 34  K2P+R5        Skipped 
 35  K2P+R6        Skipped 
 36  K2P+R7        Skipped 
 37  K2P+R8        Skipped 
 38  K2P+R9        Skipped 
 39  K2P+R10       Skipped 
 40  HKY           7396.579     21  14835.158    14836.103    14938.221
 41  HKY+I         7147.367     22  14338.734    14339.770    14446.705
 42  HKY+G4        7054.526     22  14153.052    14154.088    14261.023
 43  HKY+I+G4      7055.024     23  14156.049    14157.180    14268.927
 44  HKY+R2        7059.927     23  14165.854    14166.986    14278.733
 45  HKY+R3        7054.579     25  14159.158    14160.493    14281.852
 46  HKY+R4        Skipped 
 47  HKY+R5        Skipped 
 48  HKY+R6        Skipped 
 49  HKY+R7        Skipped 
 50  HKY+R8        Skipped 
 51  HKY+R9        Skipped 
 52  HKY+R10       Skipped 
 53  TNe           7520.479     19  15078.959    15079.734    15172.206
 54  TNe+I         7280.859     20  14601.717    14602.575    14699.872
 55  TNe+G4        7208.949     20  14457.898    14458.756    14556.053
 56  TNe+I+G4      7209.131     21  14460.262    14461.207    14563.325
 57  TNe+R2        7215.021     21  14472.041    14472.986    14575.104
 58  TNe+R3        7209.036     23  14464.071    14465.202    14576.950
 59  TNe+R4        Skipped 
 60  TNe+R5        Skipped 
 61  TNe+R6        Skipped 
 62  TNe+R7        Skipped 
 63  TNe+R8        Skipped 
 64  TNe+R9        Skipped 
 65  TNe+R10       Skipped 
 66  TN            7389.580     22  14823.160    14824.196    14931.131
 67  TN+I          7143.589     23  14333.177    14334.308    14446.056
 68  TN+G4         7052.574     23  14151.147    14152.278    14264.026
 69  TN+I+G4       7052.983     24  14153.966    14155.197    14271.752
 70  TN+R2         7056.723     24  14161.447    14162.678    14279.233
 71  TN+R3         7051.963     26  14155.927    14157.370    14283.528
 72  TN+R4         Skipped 
 73  TN+R5         Skipped 
 74  TN+R6         Skipped 
 75  TN+R7         Skipped 
 76  TN+R8         Skipped 
 77  TN+R9         Skipped 
 78  TN+R10        Skipped 
 79  K3P           7516.139     19  15070.278    15071.054    15163.525
 80  K3P+I         7276.250     20  14592.500    14593.358    14690.656
 81  K3P+G4        7205.322     20  14450.644    14451.502    14548.799
 82  K3P+I+G4      7205.477     21  14452.955    14453.900    14556.018
 83  K3P+R2        7211.166     21  14464.333    14465.278    14567.396
 84  K3P+R3        7205.323     23  14456.646    14457.777    14569.524
 85  K3P+R4        Skipped 
 86  K3P+R5        Skipped 
 87  K3P+R6        Skipped 
 88  K3P+R7        Skipped 
 89  K3P+R8        Skipped 
 90  K3P+R9        Skipped 
 91  K3P+R10       Skipped 
 92  K3Pu          7381.265     22  14806.531    14807.567    14914.502
 93  K3Pu+I        7133.783     23  14313.565    14314.696    14426.443
 94  K3Pu+G4       7040.818     23  14127.636    14128.767    14240.514
 95  K3Pu+I+G4     7041.090     24  14130.180    14131.410    14247.966
 96  K3Pu+R2       7044.087     24  14136.174    14137.405    14253.960
 97  K3Pu+R3       7039.937     26  14131.874    14133.317    14259.476
 98  K3Pu+R4       Skipped 
 99  K3Pu+R5       Skipped 
100  K3Pu+R6       Skipped 
101  K3Pu+R7       Skipped 
102  K3Pu+R8       Skipped 
103  K3Pu+R9       Skipped 
104  K3Pu+R10      Skipped 
105  TPM2          7390.431     22  14824.863    14825.899    14932.834
106  TPM2+I        7142.789     23  14331.579    14332.710    14444.457
107  TPM2+G4       7053.617     23  14153.234    14154.365    14266.113
108  TPM2+I+G4     7054.078     24  14156.156    14157.387    14273.943
109  TPM2+R2       7058.724     24  14165.449    14166.679    14283.235
110  TPM2+R3       7053.486     26  14158.971    14160.414    14286.573
111  TPM2+R4       Skipped 
112  TPM2+R5       Skipped 
113  TPM2+R6       Skipped 
114  TPM2+R7       Skipped 
115  TPM2+R8       Skipped 
116  TPM2+R9       Skipped 
117  TPM2+R10      Skipped 
118  TPM2u         7390.412     22  14824.825    14825.861    14932.795
119  TPM2u+I       7142.788     23  14331.575    14332.707    14444.454
120  TPM2u+G4      7053.676     23  14153.352    14154.483    14266.230
121  TPM2u+I+G4    7054.049     24  14156.098    14157.329    14273.884
122  TPM2u+R2      7058.725     24  14165.450    14166.681    14283.236
123  TPM2u+R3      7053.455     26  14158.910    14160.353    14286.512
124  TPM2u+R4      Skipped 
125  TPM2u+R5      Skipped 
126  TPM2u+R6      Skipped 
127  TPM2u+R7      Skipped 
128  TPM2u+R8      Skipped 
129  TPM2u+R9      Skipped 
130  TPM2u+R10     Skipped 
131  TPM3          7379.550     22  14803.100    14804.136    14911.071
132  TPM3+I        7137.507     23  14321.013    14322.144    14433.892
133  TPM3+G4       7042.164     23  14130.329    14131.460    14243.207
134  TPM3+I+G4     7042.439     24  14132.878    14134.108    14250.664
135  TPM3+R2       7044.248     24  14136.497    14137.728    14254.283
136  TPM3+R3       7040.791     26  14133.583    14135.026    14261.184
137  TPM3+R4       Skipped 
138  TPM3+R5       Skipped 
139  TPM3+R6       Skipped 
140  TPM3+R7       Skipped 
141  TPM3+R8       Skipped 
142  TPM3+R9       Skipped 
143  TPM3+R10      Skipped 
144  TPM3u         7379.543     22  14803.086    14804.122    14911.057
145  TPM3u+I       7137.509     23  14321.017    14322.149    14433.896
146  TPM3u+G4      7042.132     23  14130.264    14131.395    14243.142
147  TPM3u+I+G4    7042.457     24  14132.915    14134.146    14250.701
148  TPM3u+R2      7044.253     24  14136.506    14137.737    14254.292
149  TPM3u+R3      7040.760     26  14133.519    14134.962    14261.121
150  TPM3u+R4      Skipped 
151  TPM3u+R5      Skipped 
152  TPM3u+R6      Skipped 
153  TPM3u+R7      Skipped 
154  TPM3u+R8      Skipped 
155  TPM3u+R9      Skipped 
156  TPM3u+R10     Skipped 
157  TIMe          7516.031     20  15072.063    15072.921    15170.218
158  TIMe+I        7276.253     21  14594.506    14595.451    14697.569
159  TIMe+G4       7204.908     21  14451.816    14452.761    14554.879
160  TIMe+I+G4     7204.976     22  14453.953    14454.989    14561.924
161  TIMe+R2       7211.094     22  14466.189    14467.224    14574.159
162  TIMe+R3       7204.931     24  14457.862    14459.092    14575.648
163  TIMe+R4       Skipped 
164  TIMe+R5       Skipped 
165  TIMe+R6       Skipped 
166  TIMe+R7       Skipped 
167  TIMe+R8       Skipped 
168  TIMe+R9       Skipped 
169  TIMe+R10      Skipped 
170  TIM           7374.067     23  14794.133    14795.264    14907.011
171  TIM+I         7130.148     24  14308.296    14309.527    14426.082
172  TIM+G4        7039.236     24  14126.472    14127.703    14244.258
173  TIM+I+G4      7039.520     25  14129.041    14130.376    14251.735
174  TIM+R2        7041.577     25  14133.154    14134.488    14255.847
175  TIM+R3        7037.953     27  14129.906    14131.461    14262.415
176  TIM+R4        Skipped 
177  TIM+R5        Skipped 
178  TIM+R6        Skipped 
179  TIM+R7        Skipped 
180  TIM+R8        Skipped 
181  TIM+R9        Skipped 
182  TIM+R10       Skipped 
183  TIM2e         7496.158     20  15032.316    15033.174    15130.471
184  TIM2e+I       7256.454     21  14554.908    14555.853    14657.971
185  TIM2e+G4      7178.155     21  14398.310    14399.255    14501.373
186  TIM2e+I+G4    7178.091     22  14400.181    14401.217    14508.152
187  TIM2e+R2      7188.449     22  14420.898    14421.934    14528.869
188  TIM2e+R3      7177.483     24  14402.966    14404.197    14520.752
189  TIM2e+R4      7177.453     26  14406.907    14408.350    14534.509
190  TIM2e+R5      Skipped 
191  TIM2e+R6      Skipped 
192  TIM2e+R7      Skipped 
193  TIM2e+R8      Skipped 
194  TIM2e+R9      Skipped 
195  TIM2e+R10     Skipped 
196  TIM2          7382.744     23  14811.488    14812.619    14924.366
197  TIM2+I        7138.857     24  14325.714    14326.944    14443.500
198  TIM2+G4       7051.014     24  14150.028    14151.259    14267.814
199  TIM2+I+G4     7051.497     25  14152.994    14154.329    14275.688
200  TIM2+R2       7055.211     25  14160.423    14161.758    14283.117
201  TIM2+R3       7050.448     27  14154.895    14156.451    14287.405
202  TIM2+R4       Skipped 
203  TIM2+R5       Skipped 
204  TIM2+R6       Skipped 
205  TIM2+R7       Skipped 
206  TIM2+R8       Skipped 
207  TIM2+R9       Skipped 
208  TIM2+R10      Skipped 
209  TIM3e         7517.658     20  15075.316    15076.174    15173.471
210  TIM3e+I       7279.481     21  14600.963    14601.908    14704.026
211  TIM3e+G4      7207.268     21  14456.535    14457.480    14559.598
212  TIM3e+I+G4    7207.361     22  14458.722    14459.758    14566.693
213  TIM3e+R2      7212.861     22  14469.722    14470.758    14577.693
214  TIM3e+R3      7207.308     24  14462.616    14463.847    14580.402
215  TIM3e+R4      Skipped 
216  TIM3e+R5      Skipped 
217  TIM3e+R6      Skipped 
218  TIM3e+R7      Skipped 
219  TIM3e+R8      Skipped 
220  TIM3e+R9      Skipped 
221  TIM3e+R10     Skipped 
222  TIM3          7370.645     23  14787.290    14788.421    14900.168
223  TIM3+I        7133.704     24  14315.408    14316.639    14433.194
224  TIM3+G4       7039.691     24  14127.382    14128.612    14245.168
225  TIM3+I+G4     7039.880     25  14129.760    14131.095    14252.454
226  TIM3+R2       7041.005     25  14132.010    14133.345    14254.704
227  TIM3+R3       7037.836     27  14129.672    14131.228    14262.181
228  TIM3+R4       Skipped 
229  TIM3+R5       Skipped 
230  TIM3+R6       Skipped 
231  TIM3+R7       Skipped 
232  TIM3+R8       Skipped 
233  TIM3+R9       Skipped 
234  TIM3+R10      Skipped 
235  TVMe          7489.160     21  15020.320    15021.264    15123.382
236  TVMe+I        7249.901     22  14543.801    14544.837    14651.772
237  TVMe+G4       7173.382     22  14390.765    14391.801    14498.735
238  TVMe+I+G4     7173.315     23  14392.629    14393.761    14505.508
239  TVMe+R2       7182.753     23  14411.505    14412.636    14524.384
240  TVMe+R3       7172.950     25  14395.900    14397.234    14518.593
241  TVMe+R4       7172.922     27  14399.844    14401.400    14532.354
242  TVMe+R5       Skipped 
243  TVMe+R6       Skipped 
244  TVMe+R7       Skipped 
245  TVMe+R8       Skipped 
246  TVMe+R9       Skipped 
247  TVMe+R10      Skipped 
248  TVM           7365.815     24  14779.629    14780.860    14897.416
249  TVM+I         7124.930     25  14299.860    14301.195    14422.554
250  TVM+G4        7034.502     25  14119.004    14120.339    14241.698
251  TVM+I+G4      7034.763     26  14121.525    14122.968    14249.127
252  TVM+R2        7036.059     26  14124.119    14125.562    14251.721
253  TVM+R3        7032.935     28  14121.870    14123.543    14259.288
254  TVM+R4        Skipped 
255  TVM+R5        Skipped 
256  TVM+R6        Skipped 
257  TVM+R7        Skipped 
258  TVM+R8        Skipped 
259  TVM+R9        Skipped 
260  TVM+R10       Skipped 
261  SYM           7489.093     22  15022.185    15023.221    15130.156
262  SYM+I         7249.893     23  14545.785    14546.916    14658.664
263  SYM+G4        7172.008     23  14390.017    14391.148    14502.895
264  SYM+I+G4      7171.900     24  14391.801    14393.031    14509.587
265  SYM+R2        7182.533     24  14413.066    14414.297    14530.852
266  SYM+R3        7171.217     26  14394.434    14395.877    14522.036
267  SYM+R4        7171.211     28  14398.422    14400.094    14535.839
268  SYM+R5        Skipped 
269  SYM+R6        Skipped 
270  SYM+R7        Skipped 
271  SYM+R8        Skipped 
272  SYM+R9        Skipped 
273  SYM+R10       Skipped 
274  GTR           7356.367     25  14762.734    14764.069    14885.428
275  GTR+I         7121.030     26  14294.061    14295.504    14421.663
276  GTR+G4        7031.661     26  14115.321    14116.764    14242.923
277  GTR+I+G4      7031.978     27  14117.956    14119.511    14250.465
278  GTR+R2        7032.673     27  14119.346    14120.901    14251.855
279  GTR+R3        7029.724     29  14117.447    14119.241    14259.772
280  GTR+R4        Skipped 
281  GTR+R5        Skipped 
282  GTR+R6        Skipped 
283  GTR+R7        Skipped 
284  GTR+R8        Skipped 
285  GTR+R9        Skipped 
286  GTR+R10       Skipped 
Akaike Information Criterion:           GTR+G4
Corrected Akaike Information Criterion: GTR+G4
Bayesian Information Criterion:         K3Pu+G4
Best-fit model: K3Pu+G4 chosen according to BIC

All model information printed to ./results/gene7.phy.model
CPU time for ModelFinder: 7.612 seconds (0h:0m:7s)
Wall-clock time for ModelFinder: 8.911 seconds (0h:0m:8s)
Generating 1000 samples for ultrafast bootstrap (seed: 443397)...

NOTE: 2 MB RAM (0 GB) is required!
Estimate model parameters (epsilon = 0.100)
1. Initial log-likelihood: -7321.762
2. Current log-likelihood: -7136.670
3. Current log-likelihood: -7100.830
4. Current log-likelihood: -7053.720
5. Current log-likelihood: -7048.865
6. Current log-likelihood: -7048.425
Optimal log-likelihood: -7048.346
Rate parameters:  A-C: 1.000  A-G: 2.951  A-T: 0.423  C-G: 0.423  C-T: 2.951  G-T: 1.000
Base frequencies:   A: 0.412  C: 0.153  G: 0.197  T: 0.238
Gamma shape alpha: 0.538
Parameters optimization took 6 rounds (0.087 sec)
Computing ML distances based on estimated model parameters... 0.001 sec
Computing BIONJ tree...
0.000 seconds
Log-likelihood of BIONJ tree: -7043.198
--------------------------------------------------------------------
|             INITIALIZING CANDIDATE TREE SET                      |
--------------------------------------------------------------------
Generating 98 parsimony trees... 0.069 second
Computing log-likelihood of 95 initial trees ... 0.364 seconds
Current best score: -7041.539

Do NNI search on 20 best initial trees
Estimate model parameters (epsilon = 0.100)
BETTER TREE FOUND at iteration 1: -7038.221
Estimate model parameters (epsilon = 0.100)
BETTER TREE FOUND at iteration 2: -7037.811
Estimate model parameters (epsilon = 0.100)
BETTER TREE FOUND at iteration 3: -7037.741
Iteration 10 / LogL: -7038.187 / Time: 0h:0m:9s
Iteration 20 / LogL: -7038.526 / Time: 0h:0m:10s
Finish initializing candidate tree set (12)
Current best tree score: -7037.741 / CPU time: 1.343
Number of iterations: 20
--------------------------------------------------------------------
|               OPTIMIZING CANDIDATE TREE SET                      |
--------------------------------------------------------------------
UPDATE BEST LOG-LIKELIHOOD: -7037.741
Iteration 30 / LogL: -7038.200 / Time: 0h:0m:10s (0h:0m:4s left)
Iteration 40 / LogL: -7038.190 / Time: 0h:0m:11s (0h:0m:3s left)
UPDATE BEST LOG-LIKELIHOOD: -7037.741
Iteration 50 / LogL: -7038.183 / Time: 0h:0m:11s (0h:0m:2s left)
Log-likelihood cutoff on original alignment: -7048.997
Iteration 60 / LogL: -7037.812 / Time: 0h:0m:11s (0h:0m:2s left)
Iteration 70 / LogL: -7038.212 / Time: 0h:0m:12s (0h:0m:1s left)
Iteration 80 / LogL: -7038.324 / Time: 0h:0m:12s (0h:0m:1s left)
Iteration 90 / LogL: -7037.741 / Time: 0h:0m:12s (0h:0m:0s left)
UPDATE BEST LOG-LIKELIHOOD: -7037.741
Iteration 100 / LogL: -7037.741 / Time: 0h:0m:13s (0h:0m:0s left)
Log-likelihood cutoff on original alignment: -7049.648
NOTE: Bootstrap correlation coefficient of split occurrence frequencies: 0.995
TREE SEARCH COMPLETED AFTER 104 ITERATIONS / Time: 0h:0m:13s

--------------------------------------------------------------------
|                    FINALIZING TREE SEARCH                        |
--------------------------------------------------------------------
Performs final model parameters optimization
Estimate model parameters (epsilon = 0.010)
1. Initial log-likelihood: -7037.741
2. Current log-likelihood: -7037.724
3. Current log-likelihood: -7037.712
Optimal log-likelihood: -7037.704
Rate parameters:  A-C: 1.000  A-G: 2.879  A-T: 0.429  C-G: 0.429  C-T: 2.879  G-T: 1.000
Base frequencies:   A: 0.412  C: 0.153  G: 0.197  T: 0.238
Gamma shape alpha: 0.548
Parameters optimization took 3 rounds (0.017 sec)
BEST SCORE FOUND : -7037.704
Creating bootstrap support values...
Split supports printed to NEXUS file ./results/gene7.phy.splits.nex
Total tree length: 2.756

Total number of iterations: 104
CPU time used for tree search: 4.020 sec (0h:0m:4s)
Wall-clock time used for tree search: 4.157 sec (0h:0m:4s)
Total CPU time used: 11.785 sec (0h:0m:11s)
Total wall-clock time used: 13.226 sec (0h:0m:13s)

Computing bootstrap consensus tree...
Reading input file ./results/gene7.phy.splits.nex...
10 taxa and 105 splits.
Consensus tree written to ./results/gene7.phy.contree
Reading input trees file ./results/gene7.phy.contree
Log-likelihood of consensus tree: -7038.161

Analysis results written to: 
  IQ-TREE report:                ./results/gene7.phy.iqtree
  Maximum-likelihood tree:       ./results/gene7.phy.treefile
  Likelihood distances:          ./results/gene7.phy.mldist

Ultrafast bootstrap approximation results written to:
  Split support values:          ./results/gene7.phy.splits.nex
  Consensus tree:                ./results/gene7.phy.contree
  Screen log file:               ./results/gene7.phy.log

Date and Time: Tue Aug 22 17:36:59 2017
