IQ-TREE multicore version 1.5.4 for Linux 64-bit built Apr  2 2017
Copyright (c) 2011-2017 by Bui Quang Minh, Nguyen Lam Tung,
Olga Chernomor, Heiko Schmidt, and Arndt von Haeseler.

Host:    hpc-crick (AVX, 251 GB RAM)
Command: iqtree -s ./results/gene20.phy -nt 1 -bb 1000
Seed:    447407 (Using SPRNG - Scalable Parallel Random Number Generator)
Time:    Tue Aug 22 17:33:31 2017
Kernel:  AVX - 1 threads (40 CPU cores detected)

Reading alignment file ./results/gene20.phy ... Phylip format detected
Alignment most likely contains DNA/RNA sequences
Alignment has 10 sequences with 1000 columns and 467 patterns (342 informative sites, 408 constant sites)
   Gap/Ambiguity  Composition  p-value
   1  A    0.00%    passed     93.46%
   2  B    0.00%    passed     87.04%
   3  C    0.00%    passed     92.79%
   4  D    0.00%    passed     58.57%
   5  E    0.00%    passed     82.53%
   6  F    0.00%    passed     71.40%
   7  G    0.00%    passed     68.36%
   8  H    0.00%    passed     94.77%
   9  I    0.00%    passed     82.64%
  10  J    0.00%    passed     78.24%
****  TOTAL    0.00%  0 sequences failed composition chi2 test (p-value<5%; df=3)

Create initial parsimony tree by phylogenetic likelihood library (PLL)... 0.001 seconds

NOTE: ModelFinder requires 3 MB RAM!
ModelFinder will test 286 DNA models (sample size: 1000) ...
 No. Model         -LnL         df  AIC          AICc         BIC
  1  JC            7381.769     17  14797.539    14798.162    14880.971
  2  JC+I          7127.260     18  14290.519    14291.216    14378.859
  3  JC+G4         7079.327     18  14194.654    14195.351    14282.993
  4  JC+I+G4       7079.027     19  14196.054    14196.830    14289.302
  5  JC+R2         7079.308     19  14196.617    14197.392    14289.864
  6  JC+R3         7077.865     21  14197.730    14198.675    14300.793
  7  JC+R4         Skipped 
  8  JC+R5         Skipped 
  9  JC+R6         Skipped 
 10  JC+R7         Skipped 
 11  JC+R8         Skipped 
 12  JC+R9         Skipped 
 13  JC+R10        Skipped 
 14  F81           7257.704     20  14555.409    14556.267    14653.564
 15  F81+I         7004.698     21  14051.395    14052.340    14154.458
 16  F81+G4        6956.297     21  13954.595    13955.540    14057.658
 17  F81+I+G4      6955.629     22  13955.258    13956.294    14063.229
 18  F81+R2        6957.505     22  13959.010    13960.046    14066.980
 19  F81+R3        6954.802     24  13957.604    13958.835    14075.390
 20  F81+R4        Skipped 
 21  F81+R5        Skipped 
 22  F81+R6        Skipped 
 23  F81+R7        Skipped 
 24  F81+R8        Skipped 
 25  F81+R9        Skipped 
 26  F81+R10       Skipped 
 27  K2P           7242.374     18  14520.748    14521.445    14609.088
 28  K2P+I         6976.881     19  13991.762    13992.537    14085.009
 29  K2P+G4        6911.761     19  13861.522    13862.297    13954.769
 30  K2P+I+G4      6911.860     20  13863.720    13864.578    13961.875
 31  K2P+R2        6916.859     20  13873.719    13874.577    13971.874
 32  K2P+R3        6911.362     22  13866.725    13867.761    13974.695
 33  K2P+R4        Skipped 
 34  K2P+R5        Skipped 
 35  K2P+R6        Skipped 
 36  K2P+R7        Skipped 
 37  K2P+R8        Skipped 
 38  K2P+R9        Skipped 
 39  K2P+R10       Skipped 
 40  HKY           7117.249     21  14276.498    14277.443    14379.561
 41  HKY+I         6858.863     22  13761.726    13762.762    13869.697
 42  HKY+G4        6782.352     22  13608.704    13609.739    13716.674
 43  HKY+I+G4      6782.810     23  13611.620    13612.751    13724.498
 44  HKY+R2        6788.754     23  13623.507    13624.638    13736.385
 45  HKY+R3        6781.934     25  13613.867    13615.202    13736.561
 46  HKY+R4        Skipped 
 47  HKY+R5        Skipped 
 48  HKY+R6        Skipped 
 49  HKY+R7        Skipped 
 50  HKY+R8        Skipped 
 51  HKY+R9        Skipped 
 52  HKY+R10       Skipped 
 53  TNe           7241.323     19  14520.647    14521.422    14613.894
 54  TNe+I         6975.738     20  13991.476    13992.334    14089.631
 55  TNe+G4        6905.050     20  13850.099    13850.957    13948.254
 56  TNe+I+G4      6905.126     21  13852.251    13853.196    13955.314
 57  TNe+R2        6911.420     21  13864.839    13865.784    13967.902
 58  TNe+R3        6904.067     23  13854.135    13855.266    13967.013
 59  TNe+R4        6904.060     25  13858.120    13859.455    13980.814
 60  TNe+R5        Skipped 
 61  TNe+R6        Skipped 
 62  TNe+R7        Skipped 
 63  TNe+R8        Skipped 
 64  TNe+R9        Skipped 
 65  TNe+R10       Skipped 
 66  TN            7112.655     22  14269.310    14270.346    14377.281
 67  TN+I          6851.701     23  13749.401    13750.533    13862.280
 68  TN+G4         6781.709     23  13609.418    13610.549    13722.297
 69  TN+I+G4       6781.802     24  13611.603    13612.834    13729.390
 70  TN+R2         6787.627     24  13623.253    13624.484    13741.039
 71  TN+R3         6781.159     26  13614.318    13615.761    13741.919
 72  TN+R4         Skipped 
 73  TN+R5         Skipped 
 74  TN+R6         Skipped 
 75  TN+R7         Skipped 
 76  TN+R8         Skipped 
 77  TN+R9         Skipped 
 78  TN+R10        Skipped 
 79  K3P           7240.706     19  14519.412    14520.188    14612.660
 80  K3P+I         6974.735     20  13989.470    13990.328    14087.625
 81  K3P+G4        6909.016     20  13858.032    13858.890    13956.187
 82  K3P+I+G4      6908.976     21  13859.952    13860.897    13963.015
 83  K3P+R2        6913.935     21  13869.869    13870.814    13972.932
 84  K3P+R3        6908.514     23  13863.028    13864.159    13975.906
 85  K3P+R4        Skipped 
 86  K3P+R5        Skipped 
 87  K3P+R6        Skipped 
 88  K3P+R7        Skipped 
 89  K3P+R8        Skipped 
 90  K3P+R9        Skipped 
 91  K3P+R10       Skipped 
 92  K3Pu          7107.930     22  14259.860    14260.896    14367.830
 93  K3Pu+I        6848.608     23  13743.216    13744.347    13856.095
 94  K3Pu+G4       6768.878     23  13583.755    13584.886    13696.634
 95  K3Pu+I+G4     6769.394     24  13586.788    13588.019    13704.575
 96  K3Pu+R2       6774.502     24  13597.004    13598.234    13714.790
 97  K3Pu+R3       6768.117     26  13588.235    13589.678    13715.836
 98  K3Pu+R4       Skipped 
 99  K3Pu+R5       Skipped 
100  K3Pu+R6       Skipped 
101  K3Pu+R7       Skipped 
102  K3Pu+R8       Skipped 
103  K3Pu+R9       Skipped 
104  K3Pu+R10      Skipped 
105  TPM2          7113.807     22  14271.613    14272.649    14379.584
106  TPM2+I        6850.725     23  13747.449    13748.580    13860.328
107  TPM2+G4       6779.570     23  13605.141    13606.272    13718.019
108  TPM2+I+G4     6779.773     24  13607.546    13608.777    13725.332
109  TPM2+R2       6785.185     24  13618.370    13619.600    13736.156
110  TPM2+R3       6779.139     26  13610.278    13611.721    13737.880
111  TPM2+R4       Skipped 
112  TPM2+R5       Skipped 
113  TPM2+R6       Skipped 
114  TPM2+R7       Skipped 
115  TPM2+R8       Skipped 
116  TPM2+R9       Skipped 
117  TPM2+R10      Skipped 
118  TPM2u         7113.851     22  14271.701    14272.737    14379.672
119  TPM2u+I       6850.713     23  13747.426    13748.557    13860.305
120  TPM2u+G4      6779.557     23  13605.114    13606.245    13717.993
121  TPM2u+I+G4    6779.759     24  13607.518    13608.748    13725.304
122  TPM2u+R2      6785.186     24  13618.371    13619.602    13736.157
123  TPM2u+R3      6779.130     26  13610.260    13611.703    13737.861
124  TPM2u+R4      Skipped 
125  TPM2u+R5      Skipped 
126  TPM2u+R6      Skipped 
127  TPM2u+R7      Skipped 
128  TPM2u+R8      Skipped 
129  TPM2u+R9      Skipped 
130  TPM2u+R10     Skipped 
131  TPM3          7109.293     22  14262.585    14263.621    14370.556
132  TPM3+I        6847.202     23  13740.405    13741.536    13853.283
133  TPM3+G4       6767.786     23  13581.573    13582.704    13694.451
134  TPM3+I+G4     6767.801     24  13583.602    13584.833    13701.388
135  TPM3+R2       6773.427     24  13594.855    13596.085    13712.641
136  TPM3+R3       6766.545     26  13585.090    13586.533    13712.692
137  TPM3+R4       Skipped 
138  TPM3+R5       Skipped 
139  TPM3+R6       Skipped 
140  TPM3+R7       Skipped 
141  TPM3+R8       Skipped 
142  TPM3+R9       Skipped 
143  TPM3+R10      Skipped 
144  TPM3u         7109.392     22  14262.784    14263.820    14370.754
145  TPM3u+I       6847.195     23  13740.390    13741.521    13853.269
146  TPM3u+G4      6767.777     23  13581.555    13582.686    13694.433
147  TPM3u+I+G4    6767.785     24  13583.570    13584.800    13701.356
148  TPM3u+R2      6773.441     24  13594.882    13596.113    13712.668
149  TPM3u+R3      6766.544     26  13585.088    13586.531    13712.690
150  TPM3u+R4      Skipped 
151  TPM3u+R5      Skipped 
152  TPM3u+R6      Skipped 
153  TPM3u+R7      Skipped 
154  TPM3u+R8      Skipped 
155  TPM3u+R9      Skipped 
156  TPM3u+R10     Skipped 
157  TIMe          7239.691     20  14519.383    14520.241    14617.538
158  TIMe+I        6973.586     21  13989.172    13990.116    14092.234
159  TIMe+G4       6902.122     21  13846.245    13847.190    13949.308
160  TIMe+I+G4     6902.170     22  13848.340    13849.376    13956.310
161  TIMe+R2       6908.298     22  13860.596    13861.632    13968.567
162  TIMe+R3       6901.249     24  13850.498    13851.729    13968.284
163  TIMe+R4       6901.226     26  13854.451    13855.894    13982.053
164  TIMe+R5       Skipped 
165  TIMe+R6       Skipped 
166  TIMe+R7       Skipped 
167  TIMe+R8       Skipped 
168  TIMe+R9       Skipped 
169  TIMe+R10      Skipped 
170  TIM           7103.000     23  14251.999    14253.130    14364.877
171  TIM+I         6840.949     24  13729.898    13731.129    13847.685
172  TIM+G4        6768.335     24  13584.671    13585.902    13702.457
173  TIM+I+G4      6768.577     25  13587.155    13588.489    13709.849
174  TIM+R2        6773.575     25  13597.151    13598.485    13719.844
175  TIM+R3        6767.557     27  13589.115    13590.670    13721.624
176  TIM+R4        Skipped 
177  TIM+R5        Skipped 
178  TIM+R6        Skipped 
179  TIM+R7        Skipped 
180  TIM+R8        Skipped 
181  TIM+R9        Skipped 
182  TIM+R10       Skipped 
183  TIM2e         7222.305     20  14484.610    14485.468    14582.765
184  TIM2e+I       6948.625     21  13939.251    13940.195    14042.314
185  TIM2e+G4      6873.305     21  13788.611    13789.555    13891.673
186  TIM2e+I+G4    6872.993     22  13789.986    13791.022    13897.957
187  TIM2e+R2      6882.512     22  13809.025    13810.060    13916.995
188  TIM2e+R3      6871.752     24  13791.504    13792.735    13909.290
189  TIM2e+R4      6871.729     26  13795.457    13796.900    13923.059
190  TIM2e+R5      Skipped 
191  TIM2e+R6      Skipped 
192  TIM2e+R7      Skipped 
193  TIM2e+R8      Skipped 
194  TIM2e+R9      Skipped 
195  TIM2e+R10     Skipped 
196  TIM2          7109.134     23  14264.267    14265.398    14377.146
197  TIM2+I        6844.012     24  13736.024    13737.255    13853.810
198  TIM2+G4       6778.495     24  13604.990    13606.221    13722.776
199  TIM2+I+G4     6778.399     25  13606.798    13608.133    13729.492
200  TIM2+R2       6783.702     25  13617.404    13618.739    13740.098
201  TIM2+R3       6777.974     27  13609.948    13611.503    13742.457
202  TIM2+R4       Skipped 
203  TIM2+R5       Skipped 
204  TIM2+R6       Skipped 
205  TIM2+R7       Skipped 
206  TIM2+R8       Skipped 
207  TIM2+R9       Skipped 
208  TIM2+R10      Skipped 
209  TIM3e         7240.920     20  14521.840    14522.698    14619.995
210  TIM3e+I       6974.775     21  13991.551    13992.496    14094.614
211  TIM3e+G4      6903.672     21  13849.344    13850.288    13952.406
212  TIM3e+I+G4    6903.675     22  13851.351    13852.387    13959.321
213  TIM3e+R2      6909.618     22  13863.237    13864.273    13971.207
214  TIM3e+R3      6902.668     24  13853.337    13854.568    13971.123
215  TIM3e+R4      6902.631     26  13857.263    13858.706    13984.865
216  TIM3e+R5      Skipped 
217  TIM3e+R6      Skipped 
218  TIM3e+R7      Skipped 
219  TIM3e+R8      Skipped 
220  TIM3e+R9      Skipped 
221  TIM3e+R10     Skipped 
222  TIM3          7103.292     23  14252.583    14253.714    14365.462
223  TIM3+I        6838.075     24  13724.150    13725.381    13841.936
224  TIM3+G4       6765.901     24  13579.802    13581.033    13697.588
225  TIM3+I+G4     6765.471     25  13580.942    13582.276    13703.636
226  TIM3+R2       6771.441     25  13592.882    13594.217    13715.576
227  TIM3+R3       6764.470     27  13582.941    13584.497    13715.450
228  TIM3+R4       6764.497     29  13586.994    13588.787    13729.319
229  TIM3+R5       Skipped 
230  TIM3+R6       Skipped 
231  TIM3+R7       Skipped 
232  TIM3+R8       Skipped 
233  TIM3+R9       Skipped 
234  TIM3+R10      Skipped 
235  TVMe          7219.734     21  14481.469    14482.414    14584.532
236  TVMe+I        6945.051     22  13934.101    13935.137    14042.072
237  TVMe+G4       6874.812     22  13793.624    13794.659    13901.594
238  TVMe+I+G4     6874.339     23  13794.677    13795.808    13907.556
239  TVMe+R2       6881.827     23  13809.654    13810.785    13922.532
240  TVMe+R3       6873.651     25  13797.302    13798.636    13919.995
241  TVMe+R4       6873.649     27  13801.298    13802.854    13933.808
242  TVMe+R5       Skipped 
243  TVMe+R6       Skipped 
244  TVMe+R7       Skipped 
245  TVMe+R8       Skipped 
246  TVMe+R9       Skipped 
247  TVMe+R10      Skipped 
248  TVM           7099.583     24  14247.167    14248.398    14364.953
249  TVM+I         6831.979     25  13713.959    13715.293    13836.652
250  TVM+G4        6756.718     25  13563.435    13564.770    13686.129
251  TVM+I+G4      6756.804     26  13565.607    13567.050    13693.209
252  TVM+R2        6761.506     26  13575.013    13576.456    13702.614
253  TVM+R3        6755.490     28  13566.981    13568.653    13704.398
254  TVM+R4        Skipped 
255  TVM+R5        Skipped 
256  TVM+R6        Skipped 
257  TVM+R7        Skipped 
258  TVM+R8        Skipped 
259  TVM+R9        Skipped 
260  TVM+R10       Skipped 
261  SYM           7218.682     22  14481.363    14482.399    14589.334
262  SYM+I         6943.848     23  13933.696    13934.827    14046.574
263  SYM+G4        6866.139     23  13778.278    13779.409    13891.156
264  SYM+I+G4      6865.802     24  13779.604    13780.835    13897.390
265  SYM+R2        6875.593     24  13799.186    13800.417    13916.972
266  SYM+R3        6864.571     26  13781.142    13782.585    13908.744
267  SYM+R4        6864.613     28  13785.226    13786.899    13922.643
268  SYM+R5        Skipped 
269  SYM+R6        Skipped 
270  SYM+R7        Skipped 
271  SYM+R8        Skipped 
272  SYM+R9        Skipped 
273  SYM+R10       Skipped 
274  GTR           7093.408     25  14236.816    14238.150    14359.509
275  GTR+I         6823.385     26  13698.769    13700.212    13826.371
276  GTR+G4        6754.480     26  13560.960    13562.403    13688.562
277  GTR+I+G4      6753.992     27  13561.983    13563.539    13694.493
278  GTR+R2        6759.306     27  13572.612    13574.168    13705.121
279  GTR+R3        6752.876     29  13563.753    13565.547    13706.078
280  GTR+R4        Skipped 
281  GTR+R5        Skipped 
282  GTR+R6        Skipped 
283  GTR+R7        Skipped 
284  GTR+R8        Skipped 
285  GTR+R9        Skipped 
286  GTR+R10       Skipped 
Akaike Information Criterion:           GTR+G4
Corrected Akaike Information Criterion: GTR+G4
Bayesian Information Criterion:         TVM+G4
Best-fit model: TVM+G4 chosen according to BIC

All model information printed to ./results/gene20.phy.model
CPU time for ModelFinder: 7.761 seconds (0h:0m:7s)
Wall-clock time for ModelFinder: 11.042 seconds (0h:0m:11s)
Generating 1000 samples for ultrafast bootstrap (seed: 447407)...

NOTE: 2 MB RAM (0 GB) is required!
Estimate model parameters (epsilon = 0.100)
1. Initial log-likelihood: -7021.793
2. Current log-likelihood: -6815.017
3. Current log-likelihood: -6796.186
4. Current log-likelihood: -6794.809
5. Current log-likelihood: -6794.641
6. Current log-likelihood: -6794.529
Optimal log-likelihood: -6794.444
Rate parameters:  A-C: 43.987  A-G: 81.109  A-T: 16.193  C-G: 24.826  C-T: 81.109  G-T: 1.000
Base frequencies:   A: 0.393  C: 0.145  G: 0.209  T: 0.253
Gamma shape alpha: 0.453
Parameters optimization took 6 rounds (0.062 sec)
Computing ML distances based on estimated model parameters... 0.002 sec
Computing BIONJ tree...
0.000 seconds
Log-likelihood of BIONJ tree: -6791.952
--------------------------------------------------------------------
|             INITIALIZING CANDIDATE TREE SET                      |
--------------------------------------------------------------------
Generating 98 parsimony trees... 0.065 second
Computing log-likelihood of 94 initial trees ... 0.396 seconds
Current best score: -6791.952

Do NNI search on 20 best initial trees
Estimate model parameters (epsilon = 0.100)
BETTER TREE FOUND at iteration 1: -6790.172
UPDATE BEST LOG-LIKELIHOOD: -6790.171
UPDATE BEST LOG-LIKELIHOOD: -6790.171
Estimate model parameters (epsilon = 0.100)
BETTER TREE FOUND at iteration 4: -6788.929
Estimate model parameters (epsilon = 0.100)
BETTER TREE FOUND at iteration 5: -6788.822
Estimate model parameters (epsilon = 0.100)
BETTER TREE FOUND at iteration 8: -6788.562
Iteration 10 / LogL: -6788.805 / Time: 0h:0m:12s
UPDATE BEST LOG-LIKELIHOOD: -6788.562
Estimate model parameters (epsilon = 0.100)
BETTER TREE FOUND at iteration 19: -6787.946
Iteration 20 / LogL: -6791.388 / Time: 0h:0m:12s
Finish initializing candidate tree set (10)
Current best tree score: -6787.946 / CPU time: 1.918
Number of iterations: 20
--------------------------------------------------------------------
|               OPTIMIZING CANDIDATE TREE SET                      |
--------------------------------------------------------------------
UPDATE BEST LOG-LIKELIHOOD: -6787.946
UPDATE BEST LOG-LIKELIHOOD: -6787.946
Iteration 30 / LogL: -6788.547 / Time: 0h:0m:13s (0h:0m:7s left)
UPDATE BEST LOG-LIKELIHOOD: -6787.946
UPDATE BEST LOG-LIKELIHOOD: -6787.946
Iteration 40 / LogL: -6788.548 / Time: 0h:0m:14s (0h:0m:6s left)
UPDATE BEST LOG-LIKELIHOOD: -6787.946
Iteration 50 / LogL: -6787.946 / Time: 0h:0m:14s (0h:0m:5s left)
Log-likelihood cutoff on original alignment: -6797.261
UPDATE BEST LOG-LIKELIHOOD: -6787.946
Iteration 60 / LogL: -6790.976 / Time: 0h:0m:15s (0h:0m:4s left)
Iteration 70 / LogL: -6787.946 / Time: 0h:0m:15s (0h:0m:3s left)
Iteration 80 / LogL: -6789.432 / Time: 0h:0m:16s (0h:0m:2s left)
Iteration 90 / LogL: -6787.946 / Time: 0h:0m:16s (0h:0m:1s left)
Iteration 100 / LogL: -6787.946 / Time: 0h:0m:17s (0h:0m:1s left)
Log-likelihood cutoff on original alignment: -6797.261
NOTE: Bootstrap correlation coefficient of split occurrence frequencies: 0.977
NOTE: UFBoot does not converge, continue at least 100 more iterations
Iteration 110 / LogL: -6787.946 / Time: 0h:0m:18s (0h:0m:5s left)
UPDATE BEST LOG-LIKELIHOOD: -6787.946
Iteration 120 / LogL: -6787.946 / Time: 0h:0m:18s (0h:0m:5s left)
UPDATE BEST LOG-LIKELIHOOD: -6787.946
Iteration 130 / LogL: -6788.819 / Time: 0h:0m:18s (0h:0m:4s left)
Iteration 140 / LogL: -6787.946 / Time: 0h:0m:19s (0h:0m:3s left)
Iteration 150 / LogL: -6787.946 / Time: 0h:0m:20s (0h:0m:3s left)
Log-likelihood cutoff on original alignment: -6797.261
Iteration 160 / LogL: -6787.946 / Time: 0h:0m:20s (0h:0m:2s left)
Iteration 170 / LogL: -6787.946 / Time: 0h:0m:21s (0h:0m:1s left)
Iteration 180 / LogL: -6787.946 / Time: 0h:0m:21s (0h:0m:1s left)
Iteration 190 / LogL: -6787.946 / Time: 0h:0m:22s (0h:0m:0s left)
Iteration 200 / LogL: -6787.946 / Time: 0h:0m:22s (0h:0m:0s left)
Log-likelihood cutoff on original alignment: -6797.889
NOTE: Bootstrap correlation coefficient of split occurrence frequencies: 0.997
TREE SEARCH COMPLETED AFTER 200 ITERATIONS / Time: 0h:0m:22s

--------------------------------------------------------------------
|                    FINALIZING TREE SEARCH                        |
--------------------------------------------------------------------
Performs final model parameters optimization
Estimate model parameters (epsilon = 0.010)
1. Initial log-likelihood: -6787.946
2. Current log-likelihood: -6787.934
3. Current log-likelihood: -6787.923
4. Current log-likelihood: -6787.913
Optimal log-likelihood: -6787.903
Rate parameters:  A-C: 43.446  A-G: 80.975  A-T: 15.413  C-G: 24.021  C-T: 80.975  G-T: 1.000
Base frequencies:   A: 0.393  C: 0.145  G: 0.209  T: 0.253
Gamma shape alpha: 0.455
Parameters optimization took 4 rounds (0.039 sec)
BEST SCORE FOUND : -6787.903
Creating bootstrap support values...
Split supports printed to NEXUS file ./results/gene20.phy.splits.nex
Total tree length: 2.875

Total number of iterations: 200
CPU time used for tree search: 8.732 sec (0h:0m:8s)
Wall-clock time used for tree search: 11.598 sec (0h:0m:11s)
Total CPU time used: 16.640 sec (0h:0m:16s)
Total wall-clock time used: 22.845 sec (0h:0m:22s)

Computing bootstrap consensus tree...
Reading input file ./results/gene20.phy.splits.nex...
10 taxa and 165 splits.
Consensus tree written to ./results/gene20.phy.contree
Reading input trees file ./results/gene20.phy.contree
Log-likelihood of consensus tree: -6787.903

Analysis results written to: 
  IQ-TREE report:                ./results/gene20.phy.iqtree
  Maximum-likelihood tree:       ./results/gene20.phy.treefile
  Likelihood distances:          ./results/gene20.phy.mldist

Ultrafast bootstrap approximation results written to:
  Split support values:          ./results/gene20.phy.splits.nex
  Consensus tree:                ./results/gene20.phy.contree
  Screen log file:               ./results/gene20.phy.log

Date and Time: Tue Aug 22 17:33:54 2017
