IQ-TREE multicore version 1.5.4 for Linux 64-bit built Apr  2 2017
Copyright (c) 2011-2017 by Bui Quang Minh, Nguyen Lam Tung,
Olga Chernomor, Heiko Schmidt, and Arndt von Haeseler.

Host:    hpc-crick (AVX, 251 GB RAM)
Command: iqtree -s ./results/gene18.phy -nt 1 -bb 1000
Seed:    643432 (Using SPRNG - Scalable Parallel Random Number Generator)
Time:    Tue Aug 22 17:34:25 2017
Kernel:  AVX - 1 threads (40 CPU cores detected)

Reading alignment file ./results/gene18.phy ... Phylip format detected
Alignment most likely contains DNA/RNA sequences
Alignment has 10 sequences with 1000 columns and 497 patterns (328 informative sites, 386 constant sites)
   Gap/Ambiguity  Composition  p-value
   1  A    0.00%    passed     97.06%
   2  B    0.00%    passed     99.43%
   3  C    0.00%    passed     83.48%
   4  D    0.00%    passed     86.35%
   5  E    0.00%    passed     90.72%
   6  F    0.00%    passed     67.54%
   7  G    0.00%    passed     83.04%
   8  H    0.00%    passed     95.80%
   9  I    0.00%    passed     99.53%
  10  J    0.00%    passed     99.08%
****  TOTAL    0.00%  0 sequences failed composition chi2 test (p-value<5%; df=3)

Create initial parsimony tree by phylogenetic likelihood library (PLL)... 0.001 seconds

NOTE: ModelFinder requires 3 MB RAM!
ModelFinder will test 286 DNA models (sample size: 1000) ...
 No. Model         -LnL         df  AIC          AICc         BIC
  1  JC            7585.881     17  15205.762    15206.385    15289.194
  2  JC+I          7342.577     18  14721.154    14721.852    14809.494
  3  JC+G4         7282.558     18  14601.116    14601.814    14689.456
  4  JC+I+G4       7283.108     19  14604.216    14604.991    14697.463
  5  JC+R2         7284.973     19  14607.946    14608.722    14701.193
  6  JC+R3         7281.943     21  14605.887    14606.832    14708.950
  7  JC+R4         Skipped 
  8  JC+R5         Skipped 
  9  JC+R6         Skipped 
 10  JC+R7         Skipped 
 11  JC+R8         Skipped 
 12  JC+R9         Skipped 
 13  JC+R10        Skipped 
 14  F81           7474.019     20  14988.038    14988.896    15086.193
 15  F81+I         7229.347     21  14500.694    14501.639    14603.757
 16  F81+G4        7164.779     21  14371.558    14372.503    14474.621
 17  F81+I+G4      7165.352     22  14374.704    14375.740    14482.675
 18  F81+R2        7167.398     22  14378.796    14379.832    14486.767
 19  F81+R3        7163.890     24  14375.780    14377.010    14493.566
 20  F81+R4        Skipped 
 21  F81+R5        Skipped 
 22  F81+R6        Skipped 
 23  F81+R7        Skipped 
 24  F81+R8        Skipped 
 25  F81+R9        Skipped 
 26  F81+R10       Skipped 
 27  K2P           7454.901     18  14945.802    14946.500    15034.142
 28  K2P+I         7200.797     19  14439.593    14440.369    14532.841
 29  K2P+G4        7130.858     19  14299.716    14300.492    14392.964
 30  K2P+I+G4      7131.400     20  14302.800    14303.658    14400.955
 31  K2P+R2        7134.821     20  14309.642    14310.500    14407.797
 32  K2P+R3        7130.655     22  14305.311    14306.346    14413.281
 33  K2P+R4        Skipped 
 34  K2P+R5        Skipped 
 35  K2P+R6        Skipped 
 36  K2P+R7        Skipped 
 37  K2P+R8        Skipped 
 38  K2P+R9        Skipped 
 39  K2P+R10       Skipped 
 40  HKY           7334.327     21  14710.653    14711.598    14813.716
 41  HKY+I         7078.027     22  14200.054    14201.090    14308.024
 42  HKY+G4        6996.040     22  14036.081    14037.117    14144.051
 43  HKY+I+G4      6996.398     23  14038.796    14039.927    14151.675
 44  HKY+R2        7002.170     23  14050.339    14051.470    14163.217
 45  HKY+R3        6995.822     25  14041.644    14042.978    14164.338
 46  HKY+R4        Skipped 
 47  HKY+R5        Skipped 
 48  HKY+R6        Skipped 
 49  HKY+R7        Skipped 
 50  HKY+R8        Skipped 
 51  HKY+R9        Skipped 
 52  HKY+R10       Skipped 
 53  TNe           7454.834     19  14947.668    14948.444    15040.916
 54  TNe+I         7200.712     20  14441.423    14442.281    14539.578
 55  TNe+G4        7130.442     20  14300.883    14301.741    14399.038
 56  TNe+I+G4      7130.883     21  14303.766    14304.710    14406.828
 57  TNe+R2        7134.483     21  14310.965    14311.910    14414.028
 58  TNe+R3        7130.264     23  14306.529    14307.660    14419.407
 59  TNe+R4        Skipped 
 60  TNe+R5        Skipped 
 61  TNe+R6        Skipped 
 62  TNe+R7        Skipped 
 63  TNe+R8        Skipped 
 64  TNe+R9        Skipped 
 65  TNe+R10       Skipped 
 66  TN            7328.656     22  14701.312    14702.348    14809.283
 67  TN+I          7074.110     23  14194.221    14195.352    14307.099
 68  TN+G4         6992.858     23  14031.715    14032.847    14144.594
 69  TN+I+G4       6993.348     24  14034.696    14035.926    14152.482
 70  TN+R2         6998.491     24  14044.982    14046.213    14162.768
 71  TN+R3         6992.355     26  14036.710    14038.153    14164.311
 72  TN+R4         Skipped 
 73  TN+R5         Skipped 
 74  TN+R6         Skipped 
 75  TN+R7         Skipped 
 76  TN+R8         Skipped 
 77  TN+R9         Skipped 
 78  TN+R10        Skipped 
 79  K3P           7453.865     19  14945.730    14946.506    15038.978
 80  K3P+I         7199.395     20  14438.790    14439.648    14536.945
 81  K3P+G4        7128.595     20  14297.189    14298.047    14395.344
 82  K3P+I+G4      7129.065     21  14300.129    14301.074    14403.192
 83  K3P+R2        7132.568     21  14307.136    14308.080    14410.198
 84  K3P+R3        7128.361     23  14302.722    14303.853    14415.600
 85  K3P+R4        Skipped 
 86  K3P+R5        Skipped 
 87  K3P+R6        Skipped 
 88  K3P+R7        Skipped 
 89  K3P+R8        Skipped 
 90  K3P+R9        Skipped 
 91  K3P+R10       Skipped 
 92  K3Pu          7328.411     22  14700.823    14701.859    14808.793
 93  K3Pu+I        7071.859     23  14189.718    14190.849    14302.597
 94  K3Pu+G4       6985.958     23  14017.915    14019.046    14130.794
 95  K3Pu+I+G4     6986.237     24  14020.474    14021.705    14138.260
 96  K3Pu+R2       6992.410     24  14032.821    14034.051    14150.607
 97  K3Pu+R3       6985.581     26  14023.163    14024.606    14150.765
 98  K3Pu+R4       Skipped 
 99  K3Pu+R5       Skipped 
100  K3Pu+R6       Skipped 
101  K3Pu+R7       Skipped 
102  K3Pu+R8       Skipped 
103  K3Pu+R9       Skipped 
104  K3Pu+R10      Skipped 
105  TPM2          7328.747     22  14701.495    14702.531    14809.465
106  TPM2+I        7069.802     23  14185.605    14186.736    14298.483
107  TPM2+G4       6989.935     23  14025.870    14027.001    14138.748
108  TPM2+I+G4     6990.375     24  14028.751    14029.981    14146.537
109  TPM2+R2       6995.831     24  14039.662    14040.892    14157.448
110  TPM2+R3       6989.662     26  14031.325    14032.768    14158.927
111  TPM2+R4       Skipped 
112  TPM2+R5       Skipped 
113  TPM2+R6       Skipped 
114  TPM2+R7       Skipped 
115  TPM2+R8       Skipped 
116  TPM2+R9       Skipped 
117  TPM2+R10      Skipped 
118  TPM2u         7328.787     22  14701.574    14702.609    14809.544
119  TPM2u+I       7069.758     23  14185.517    14186.648    14298.395
120  TPM2u+G4      6989.941     23  14025.882    14027.013    14138.760
121  TPM2u+I+G4    6990.351     24  14028.702    14029.933    14146.488
122  TPM2u+R2      6995.824     24  14039.648    14040.879    14157.434
123  TPM2u+R3      6989.654     26  14031.307    14032.750    14158.909
124  TPM2u+R4      Skipped 
125  TPM2u+R5      Skipped 
126  TPM2u+R6      Skipped 
127  TPM2u+R7      Skipped 
128  TPM2u+R8      Skipped 
129  TPM2u+R9      Skipped 
130  TPM2u+R10     Skipped 
131  TPM3          7328.381     22  14700.761    14701.797    14808.732
132  TPM3+I        7072.811     23  14191.623    14192.754    14304.501
133  TPM3+G4       6984.790     23  14015.580    14016.711    14128.458
134  TPM3+I+G4     6985.219     24  14018.439    14019.670    14136.225
135  TPM3+R2       6992.340     24  14032.679    14033.910    14150.466
136  TPM3+R3       6984.363     26  14020.727    14022.170    14148.328
137  TPM3+R4       6984.433     28  14024.866    14026.539    14162.284
138  TPM3+R5       Skipped 
139  TPM3+R6       Skipped 
140  TPM3+R7       Skipped 
141  TPM3+R8       Skipped 
142  TPM3+R9       Skipped 
143  TPM3+R10      Skipped 
144  TPM3u         7328.419     22  14700.839    14701.874    14808.809
145  TPM3u+I       7072.811     23  14191.621    14192.752    14304.499
146  TPM3u+G4      6984.894     23  14015.788    14016.919    14128.666
147  TPM3u+I+G4    6985.196     24  14018.391    14019.622    14136.178
148  TPM3u+R2      6992.335     24  14032.671    14033.902    14150.457
149  TPM3u+R3      6984.362     26  14020.724    14022.167    14148.326
150  TPM3u+R4      6984.382     28  14024.765    14026.437    14162.182
151  TPM3u+R5      Skipped 
152  TPM3u+R6      Skipped 
153  TPM3u+R7      Skipped 
154  TPM3u+R8      Skipped 
155  TPM3u+R9      Skipped 
156  TPM3u+R10     Skipped 
157  TIMe          7453.796     20  14947.591    14948.449    15045.746
158  TIMe+I        7199.358     21  14440.715    14441.660    14543.778
159  TIMe+G4       7128.197     21  14298.395    14299.340    14401.458
160  TIMe+I+G4     7128.504     22  14301.008    14302.043    14408.978
161  TIMe+R2       7132.240     22  14308.480    14309.516    14416.450
162  TIMe+R3       7127.998     24  14303.996    14305.227    14421.783
163  TIMe+R4       Skipped 
164  TIMe+R5       Skipped 
165  TIMe+R6       Skipped 
166  TIMe+R7       Skipped 
167  TIMe+R8       Skipped 
168  TIMe+R9       Skipped 
169  TIMe+R10      Skipped 
170  TIM           7322.311     23  14690.621    14691.752    14803.500
171  TIM+I         7067.667     24  14183.335    14184.566    14301.121
172  TIM+G4        6982.763     24  14013.525    14014.756    14131.311
173  TIM+I+G4      6983.293     25  14016.585    14017.920    14139.279
174  TIM+R2        6988.446     25  14026.892    14028.227    14149.586
175  TIM+R3        6982.075     27  14018.150    14019.706    14150.659
176  TIM+R4        Skipped 
177  TIM+R5        Skipped 
178  TIM+R6        Skipped 
179  TIM+R7        Skipped 
180  TIM+R8        Skipped 
181  TIM+R9        Skipped 
182  TIM+R10       Skipped 
183  TIM2e         7430.145     20  14900.291    14901.149    14998.446
184  TIM2e+I       7169.105     21  14380.210    14381.155    14483.273
185  TIM2e+G4      7085.239     21  14212.479    14213.424    14315.542
186  TIM2e+I+G4    7085.344     22  14214.688    14215.724    14322.659
187  TIM2e+R2      7094.476     22  14232.951    14233.987    14340.922
188  TIM2e+R3      7085.226     24  14218.452    14219.683    14336.238
189  TIM2e+R4      7085.187     26  14222.374    14223.817    14349.976
190  TIM2e+R5      Skipped 
191  TIM2e+R6      Skipped 
192  TIM2e+R7      Skipped 
193  TIM2e+R8      Skipped 
194  TIM2e+R9      Skipped 
195  TIM2e+R10     Skipped 
196  TIM2          7322.970     23  14691.941    14693.072    14804.819
197  TIM2+I        7066.183     24  14180.366    14181.596    14298.152
198  TIM2+G4       6985.721     24  14019.443    14020.673    14137.229
199  TIM2+I+G4     6986.297     25  14022.594    14023.929    14145.288
200  TIM2+R2       6991.682     25  14033.365    14034.699    14156.058
201  TIM2+R3       6985.278     27  14024.555    14026.111    14157.065
202  TIM2+R4       Skipped 
203  TIM2+R5       Skipped 
204  TIM2+R6       Skipped 
205  TIM2+R7       Skipped 
206  TIM2+R8       Skipped 
207  TIM2+R9       Skipped 
208  TIM2+R10      Skipped 
209  TIM3e         7454.497     20  14948.995    14949.853    15047.150
210  TIM3e+I       7200.427     21  14442.855    14443.800    14545.918
211  TIM3e+G4      7129.669     21  14301.337    14302.282    14404.400
212  TIM3e+I+G4    7129.914     22  14303.827    14304.863    14411.798
213  TIM3e+R2      7133.883     22  14311.766    14312.802    14419.737
214  TIM3e+R3      7129.464     24  14306.927    14308.158    14424.714
215  TIM3e+R4      Skipped 
216  TIM3e+R5      Skipped 
217  TIM3e+R6      Skipped 
218  TIM3e+R7      Skipped 
219  TIM3e+R8      Skipped 
220  TIM3e+R9      Skipped 
221  TIM3e+R10     Skipped 
222  TIM3          7321.254     23  14688.509    14689.640    14801.387
223  TIM3+I        7068.164     24  14184.329    14185.559    14302.115
224  TIM3+G4       6979.860     24  14007.719    14008.950    14125.506
225  TIM3+I+G4     6980.480     25  14010.959    14012.294    14133.653
226  TIM3+R2       6986.068     25  14022.137    14023.472    14144.831
227  TIM3+R3       6978.704     27  14011.408    14012.964    14143.918
228  TIM3+R4       6978.716     29  14015.432    14017.226    14157.757
229  TIM3+R5       Skipped 
230  TIM3+R6       Skipped 
231  TIM3+R7       Skipped 
232  TIM3+R8       Skipped 
233  TIM3+R9       Skipped 
234  TIM3+R10      Skipped 
235  TVMe          7427.160     21  14896.320    14897.264    14999.382
236  TVMe+I        7165.453     22  14374.906    14375.942    14482.877
237  TVMe+G4       7080.793     22  14205.587    14206.622    14313.557
238  TVMe+I+G4     7080.872     23  14207.745    14208.876    14320.623
239  TVMe+R2       7089.975     23  14225.951    14227.082    14338.829
240  TVMe+R3       7080.609     25  14211.217    14212.552    14333.911
241  TVMe+R4       7080.542     27  14215.084    14216.639    14347.593
242  TVMe+R5       Skipped 
243  TVMe+R6       Skipped 
244  TVMe+R7       Skipped 
245  TVMe+R8       Skipped 
246  TVMe+R9       Skipped 
247  TVMe+R10      Skipped 
248  TVM           7318.595     24  14685.191    14686.422    14802.977
249  TVM+I         7059.536     25  14169.072    14170.406    14291.766
250  TVM+G4        6972.439     25  13994.878    13996.213    14117.572
251  TVM+I+G4      6972.807     26  13997.614    13999.057    14125.216
252  TVM+R2        6979.340     26  14010.680    14012.123    14138.282
253  TVM+R3        6971.824     28  13999.649    14001.321    14137.066
254  TVM+R4        6971.829     30  14003.657    14005.577    14150.890
255  TVM+R5        Skipped 
256  TVM+R6        Skipped 
257  TVM+R7        Skipped 
258  TVM+R8        Skipped 
259  TVM+R9        Skipped 
260  TVM+R10       Skipped 
261  SYM           7427.141     22  14898.283    14899.319    15006.253
262  SYM+I         7165.347     23  14376.695    14377.826    14489.573
263  SYM+G4        7079.108     23  14204.216    14205.347    14317.094
264  SYM+I+G4      7079.201     24  14206.402    14207.633    14324.188
265  SYM+R2        7088.862     24  14225.724    14226.955    14343.510
266  SYM+R3        7079.064     26  14210.128    14211.571    14337.729
267  SYM+R4        7079.032     28  14214.065    14215.737    14351.482
268  SYM+R5        Skipped 
269  SYM+R6        Skipped 
270  SYM+R7        Skipped 
271  SYM+R8        Skipped 
272  SYM+R9        Skipped 
273  SYM+R10       Skipped 
274  GTR           7311.364     25  14672.728    14674.063    14795.422
275  GTR+I         7055.528     26  14163.055    14164.498    14290.657
276  GTR+G4        6966.259     26  13984.518    13985.961    14112.120
277  GTR+I+G4      6966.895     27  13987.790    13989.346    14120.299
278  GTR+R2        6972.743     27  13999.486    14001.041    14131.995
279  GTR+R3        6965.082     29  13988.164    13989.958    14130.489
280  GTR+R4        6965.075     31  13992.150    13994.199    14144.290
281  GTR+R5        Skipped 
282  GTR+R6        Skipped 
283  GTR+R7        Skipped 
284  GTR+R8        Skipped 
285  GTR+R9        Skipped 
286  GTR+R10       Skipped 
Akaike Information Criterion:           GTR+G4
Corrected Akaike Information Criterion: GTR+G4
Bayesian Information Criterion:         GTR+G4
Best-fit model: GTR+G4 chosen according to BIC

All model information printed to ./results/gene18.phy.model
CPU time for ModelFinder: 8.224 seconds (0h:0m:8s)
Wall-clock time for ModelFinder: 10.022 seconds (0h:0m:10s)
Generating 1000 samples for ultrafast bootstrap (seed: 643432)...

NOTE: 2 MB RAM (0 GB) is required!
Estimate model parameters (epsilon = 0.100)
1. Initial log-likelihood: -7212.172
2. Current log-likelihood: -6974.062
3. Current log-likelihood: -6967.853
4. Current log-likelihood: -6967.352
Optimal log-likelihood: -6967.294
Rate parameters:  A-C: 2.355  A-G: 3.372  A-T: 0.776  C-G: 0.611  C-T: 5.209  G-T: 1.000
Base frequencies:   A: 0.397  C: 0.159  G: 0.201  T: 0.243
Gamma shape alpha: 0.530
Parameters optimization took 4 rounds (0.216 sec)
Computing ML distances based on estimated model parameters... 0.001 sec
Computing BIONJ tree...
0.000 seconds
Log-likelihood of BIONJ tree: -6966.351
--------------------------------------------------------------------
|             INITIALIZING CANDIDATE TREE SET                      |
--------------------------------------------------------------------
Generating 98 parsimony trees... 0.077 second
Computing log-likelihood of 95 initial trees ... 0.562 seconds
Current best score: -6966.351

Do NNI search on 20 best initial trees
Estimate model parameters (epsilon = 0.100)
BETTER TREE FOUND at iteration 1: -6965.779
Estimate model parameters (epsilon = 0.100)
BETTER TREE FOUND at iteration 2: -6964.273
UPDATE BEST LOG-LIKELIHOOD: -6964.272
Estimate model parameters (epsilon = 0.100)
BETTER TREE FOUND at iteration 9: -6963.747
Iteration 10 / LogL: -6963.878 / Time: 0h:0m:11s
Iteration 20 / LogL: -6964.877 / Time: 0h:0m:12s
Finish initializing candidate tree set (9)
Current best tree score: -6963.747 / CPU time: 1.970
Number of iterations: 20
--------------------------------------------------------------------
|               OPTIMIZING CANDIDATE TREE SET                      |
--------------------------------------------------------------------
UPDATE BEST LOG-LIKELIHOOD: -6963.747
UPDATE BEST LOG-LIKELIHOOD: -6963.747
Iteration 30 / LogL: -6963.949 / Time: 0h:0m:12s (0h:0m:7s left)
Estimate model parameters (epsilon = 0.100)
BETTER TREE FOUND at iteration 36: -6963.601
Iteration 40 / LogL: -6963.937 / Time: 0h:0m:13s (0h:0m:7s left)
UPDATE BEST LOG-LIKELIHOOD: -6963.600
Iteration 50 / LogL: -6963.874 / Time: 0h:0m:13s (0h:0m:5s left)
Log-likelihood cutoff on original alignment: -6969.754
Iteration 60 / LogL: -6963.908 / Time: 0h:0m:13s (0h:0m:4s left)
Iteration 70 / LogL: -6963.934 / Time: 0h:0m:14s (0h:0m:4s left)
Iteration 80 / LogL: -6963.735 / Time: 0h:0m:14s (0h:0m:3s left)
UPDATE BEST LOG-LIKELIHOOD: -6963.600
Iteration 90 / LogL: -6963.873 / Time: 0h:0m:15s (0h:0m:2s left)
UPDATE BEST LOG-LIKELIHOOD: -6963.600
Iteration 100 / LogL: -6963.824 / Time: 0h:0m:15s (0h:0m:2s left)
Log-likelihood cutoff on original alignment: -6969.754
NOTE: Bootstrap correlation coefficient of split occurrence frequencies: 0.961
NOTE: UFBoot does not converge, continue at least 100 more iterations
Iteration 110 / LogL: -6963.601 / Time: 0h:0m:16s (0h:0m:5s left)
Iteration 120 / LogL: -6963.602 / Time: 0h:0m:16s (0h:0m:4s left)
Iteration 130 / LogL: -6963.735 / Time: 0h:0m:17s (0h:0m:3s left)
Iteration 140 / LogL: -6963.735 / Time: 0h:0m:17s (0h:0m:3s left)
UPDATE BEST LOG-LIKELIHOOD: -6963.600
Iteration 150 / LogL: -6963.735 / Time: 0h:0m:18s (0h:0m:2s left)
Log-likelihood cutoff on original alignment: -6969.754
Iteration 160 / LogL: -6963.735 / Time: 0h:0m:18s (0h:0m:2s left)
UPDATE BEST LOG-LIKELIHOOD: -6963.600
Iteration 170 / LogL: -6963.872 / Time: 0h:0m:18s (0h:0m:1s left)
UPDATE BEST LOG-LIKELIHOOD: -6963.600
Iteration 180 / LogL: -6964.688 / Time: 0h:0m:19s (0h:0m:1s left)
Iteration 190 / LogL: -6963.602 / Time: 0h:0m:20s (0h:0m:0s left)
Iteration 200 / LogL: -6963.736 / Time: 0h:0m:20s (0h:0m:0s left)
Log-likelihood cutoff on original alignment: -6969.754
NOTE: Bootstrap correlation coefficient of split occurrence frequencies: 0.982
NOTE: UFBoot does not converge, continue at least 100 more iterations
UPDATE BEST LOG-LIKELIHOOD: -6963.600
Iteration 210 / LogL: -6963.601 / Time: 0h:0m:20s (0h:0m:4s left)
Iteration 220 / LogL: -6963.735 / Time: 0h:0m:21s (0h:0m:4s left)
Iteration 230 / LogL: -6963.735 / Time: 0h:0m:21s (0h:0m:3s left)
Iteration 240 / LogL: -6963.611 / Time: 0h:0m:22s (0h:0m:3s left)
Iteration 250 / LogL: -6963.600 / Time: 0h:0m:22s (0h:0m:2s left)
Log-likelihood cutoff on original alignment: -6969.754
Iteration 260 / LogL: -6963.613 / Time: 0h:0m:23s (0h:0m:2s left)
Iteration 270 / LogL: -6963.601 / Time: 0h:0m:23s (0h:0m:1s left)
Estimate model parameters (epsilon = 0.100)
BETTER TREE FOUND at iteration 275: -6963.523
UPDATE BEST LOG-LIKELIHOOD: -6963.523
Iteration 280 / LogL: -6963.523 / Time: 0h:0m:24s (0h:0m:4s left)
Iteration 290 / LogL: -6963.607 / Time: 0h:0m:24s (0h:0m:4s left)
Estimate model parameters (epsilon = 0.100)
BETTER TREE FOUND at iteration 293: -6962.969
UPDATE BEST LOG-LIKELIHOOD: -6962.969
Iteration 300 / LogL: -6963.553 / Time: 0h:0m:25s (0h:0m:4s left)
Log-likelihood cutoff on original alignment: -6969.754
NOTE: Bootstrap correlation coefficient of split occurrence frequencies: 0.826
NOTE: UFBoot does not converge, continue at least 100 more iterations
UPDATE BEST LOG-LIKELIHOOD: -6962.969
Iteration 310 / LogL: -6963.499 / Time: 0h:0m:26s (0h:0m:4s left)
Iteration 320 / LogL: -6962.971 / Time: 0h:0m:26s (0h:0m:4s left)
Iteration 330 / LogL: -6962.969 / Time: 0h:0m:27s (0h:0m:3s left)
Iteration 340 / LogL: -6962.969 / Time: 0h:0m:27s (0h:0m:3s left)
UPDATE BEST LOG-LIKELIHOOD: -6962.969
Iteration 350 / LogL: -6962.986 / Time: 0h:0m:28s (0h:0m:2s left)
Log-likelihood cutoff on original alignment: -6969.754
UPDATE BEST LOG-LIKELIHOOD: -6962.969
Iteration 360 / LogL: -6964.304 / Time: 0h:0m:28s (0h:0m:2s left)
Iteration 370 / LogL: -6962.999 / Time: 0h:0m:29s (0h:0m:1s left)
Iteration 380 / LogL: -6962.985 / Time: 0h:0m:29s (0h:0m:1s left)
UPDATE BEST LOG-LIKELIHOOD: -6962.969
Iteration 390 / LogL: -6962.969 / Time: 0h:0m:30s (0h:0m:0s left)
Iteration 400 / LogL: -6963.193 / Time: 0h:0m:30s (0h:0m:0s left)
Log-likelihood cutoff on original alignment: -6969.754
NOTE: Bootstrap correlation coefficient of split occurrence frequencies: 0.747
NOTE: UFBoot does not converge, continue at least 100 more iterations
UPDATE BEST LOG-LIKELIHOOD: -6962.969
Iteration 410 / LogL: -6963.193 / Time: 0h:0m:31s (0h:0m:4s left)
Iteration 420 / LogL: -6962.969 / Time: 0h:0m:31s (0h:0m:4s left)
Iteration 430 / LogL: -6962.969 / Time: 0h:0m:32s (0h:0m:3s left)
Iteration 440 / LogL: -6963.193 / Time: 0h:0m:32s (0h:0m:3s left)
Iteration 450 / LogL: -6962.974 / Time: 0h:0m:33s (0h:0m:2s left)
Log-likelihood cutoff on original alignment: -6969.754
Iteration 460 / LogL: -6962.975 / Time: 0h:0m:34s (0h:0m:2s left)
Iteration 470 / LogL: -6963.193 / Time: 0h:0m:34s (0h:0m:1s left)
Iteration 480 / LogL: -6963.193 / Time: 0h:0m:35s (0h:0m:1s left)
UPDATE BEST LOG-LIKELIHOOD: -6962.969
Iteration 490 / LogL: -6962.975 / Time: 0h:0m:35s (0h:0m:0s left)
Iteration 500 / LogL: -6962.970 / Time: 0h:0m:36s (0h:0m:0s left)
Log-likelihood cutoff on original alignment: -6969.754
NOTE: Bootstrap correlation coefficient of split occurrence frequencies: 0.828
NOTE: UFBoot does not converge, continue at least 100 more iterations
Iteration 510 / LogL: -6962.971 / Time: 0h:0m:36s (0h:0m:4s left)
Iteration 520 / LogL: -6963.193 / Time: 0h:0m:37s (0h:0m:4s left)
Iteration 530 / LogL: -6962.969 / Time: 0h:0m:37s (0h:0m:3s left)
Iteration 540 / LogL: -6963.193 / Time: 0h:0m:38s (0h:0m:3s left)
Iteration 550 / LogL: -6962.969 / Time: 0h:0m:38s (0h:0m:2s left)
Log-likelihood cutoff on original alignment: -6969.754
Iteration 560 / LogL: -6962.969 / Time: 0h:0m:39s (0h:0m:2s left)
Iteration 570 / LogL: -6963.194 / Time: 0h:0m:40s (0h:0m:1s left)
Iteration 580 / LogL: -6963.193 / Time: 0h:0m:40s (0h:0m:1s left)
Iteration 590 / LogL: -6962.969 / Time: 0h:0m:41s (0h:0m:0s left)
Iteration 600 / LogL: -6962.975 / Time: 0h:0m:41s (0h:0m:0s left)
Log-likelihood cutoff on original alignment: -6969.324
NOTE: Bootstrap correlation coefficient of split occurrence frequencies: 0.957
NOTE: UFBoot does not converge, continue at least 100 more iterations
Iteration 610 / LogL: -6962.969 / Time: 0h:0m:42s (0h:0m:4s left)
Iteration 620 / LogL: -6963.193 / Time: 0h:0m:43s (0h:0m:4s left)
Iteration 630 / LogL: -6963.193 / Time: 0h:0m:43s (0h:0m:3s left)
Iteration 640 / LogL: -6964.571 / Time: 0h:0m:44s (0h:0m:3s left)
Iteration 650 / LogL: -6962.969 / Time: 0h:0m:45s (0h:0m:2s left)
Log-likelihood cutoff on original alignment: -6969.324
Iteration 660 / LogL: -6963.193 / Time: 0h:0m:45s (0h:0m:2s left)
Iteration 670 / LogL: -6963.193 / Time: 0h:0m:46s (0h:0m:1s left)
Iteration 680 / LogL: -6962.970 / Time: 0h:0m:46s (0h:0m:1s left)
Iteration 690 / LogL: -6962.987 / Time: 0h:0m:47s (0h:0m:0s left)
Iteration 700 / LogL: -6962.969 / Time: 0h:0m:48s (0h:0m:0s left)
Log-likelihood cutoff on original alignment: -6969.324
NOTE: Bootstrap correlation coefficient of split occurrence frequencies: 0.973
NOTE: UFBoot does not converge, continue at least 100 more iterations
Iteration 710 / LogL: -6964.304 / Time: 0h:0m:49s (0h:0m:4s left)
Iteration 720 / LogL: -6963.193 / Time: 0h:0m:49s (0h:0m:4s left)
Iteration 730 / LogL: -6963.193 / Time: 0h:0m:50s (0h:0m:3s left)
Iteration 740 / LogL: -6962.970 / Time: 0h:0m:50s (0h:0m:3s left)
Iteration 750 / LogL: -6962.969 / Time: 0h:0m:51s (0h:0m:2s left)
Log-likelihood cutoff on original alignment: -6969.324
Iteration 760 / LogL: -6962.969 / Time: 0h:0m:51s (0h:0m:2s left)
Iteration 770 / LogL: -6963.193 / Time: 0h:0m:52s (0h:0m:1s left)
Iteration 780 / LogL: -6962.969 / Time: 0h:0m:53s (0h:0m:1s left)
Iteration 790 / LogL: -6962.987 / Time: 0h:0m:53s (0h:0m:0s left)
Iteration 800 / LogL: -6963.193 / Time: 0h:0m:53s (0h:0m:0s left)
Log-likelihood cutoff on original alignment: -6969.324
NOTE: Bootstrap correlation coefficient of split occurrence frequencies: 0.996
TREE SEARCH COMPLETED AFTER 800 ITERATIONS / Time: 0h:0m:54s

--------------------------------------------------------------------
|                    FINALIZING TREE SEARCH                        |
--------------------------------------------------------------------
Performs final model parameters optimization
Estimate model parameters (epsilon = 0.010)
1. Initial log-likelihood: -6962.969
2. Current log-likelihood: -6962.944
3. Current log-likelihood: -6962.914
4. Current log-likelihood: -6962.888
5. Current log-likelihood: -6962.832
6. Current log-likelihood: -6962.765
7. Current log-likelihood: -6962.751
8. Current log-likelihood: -6962.737
9. Current log-likelihood: -6962.725
10. Current log-likelihood: -6962.713
11. Current log-likelihood: -6962.702
12. Current log-likelihood: -6962.691
13. Current log-likelihood: -6962.681
14. Current log-likelihood: -6962.670
Optimal log-likelihood: -6962.660
Rate parameters:  A-C: 2.692  A-G: 3.719  A-T: 0.872  C-G: 0.700  C-T: 5.961  G-T: 1.000
Base frequencies:   A: 0.397  C: 0.159  G: 0.201  T: 0.243
Gamma shape alpha: 0.527
Parameters optimization took 14 rounds (0.096 sec)
BEST SCORE FOUND : -6962.660
Creating bootstrap support values...
Split supports printed to NEXUS file ./results/gene18.phy.splits.nex
Total tree length: 2.652

Total number of iterations: 800
CPU time used for tree search: 31.674 sec (0h:0m:31s)
Wall-clock time used for tree search: 43.762 sec (0h:0m:43s)
Total CPU time used: 40.183 sec (0h:0m:40s)
Total wall-clock time used: 54.183 sec (0h:0m:54s)

Computing bootstrap consensus tree...
Reading input file ./results/gene18.phy.splits.nex...
10 taxa and 200 splits.
Consensus tree written to ./results/gene18.phy.contree
Reading input trees file ./results/gene18.phy.contree
Log-likelihood of consensus tree: -6963.241

Analysis results written to: 
  IQ-TREE report:                ./results/gene18.phy.iqtree
  Maximum-likelihood tree:       ./results/gene18.phy.treefile
  Likelihood distances:          ./results/gene18.phy.mldist

Ultrafast bootstrap approximation results written to:
  Split support values:          ./results/gene18.phy.splits.nex
  Consensus tree:                ./results/gene18.phy.contree
  Screen log file:               ./results/gene18.phy.log

Date and Time: Tue Aug 22 17:35:20 2017
