IQ-TREE multicore version 1.5.4 for Linux 64-bit built Apr  2 2017
Copyright (c) 2011-2017 by Bui Quang Minh, Nguyen Lam Tung,
Olga Chernomor, Heiko Schmidt, and Arndt von Haeseler.

Host:    hpc-crick (AVX, 251 GB RAM)
Command: iqtree -s ./results/gene12.phy -nt 1 -bb 1000
Seed:    879495 (Using SPRNG - Scalable Parallel Random Number Generator)
Time:    Tue Aug 22 17:39:27 2017
Kernel:  AVX - 1 threads (40 CPU cores detected)

Reading alignment file ./results/gene12.phy ... Phylip format detected
Alignment most likely contains DNA/RNA sequences
Alignment has 10 sequences with 1000 columns and 477 patterns (339 informative sites, 408 constant sites)
   Gap/Ambiguity  Composition  p-value
   1  A    0.00%    passed     23.56%
   2  B    0.00%    passed     86.22%
   3  C    0.00%    passed     93.35%
   4  D    0.00%    passed     60.99%
   5  E    0.00%    passed     90.60%
   6  F    0.00%    passed     77.71%
   7  G    0.00%    passed     89.42%
   8  H    0.00%    passed     80.13%
   9  I    0.00%    passed     67.64%
  10  J    0.00%    passed     89.77%
****  TOTAL    0.00%  0 sequences failed composition chi2 test (p-value<5%; df=3)

Create initial parsimony tree by phylogenetic likelihood library (PLL)... 0.006 seconds

NOTE: ModelFinder requires 3 MB RAM!
ModelFinder will test 286 DNA models (sample size: 1000) ...
 No. Model         -LnL         df  AIC          AICc         BIC
  1  JC            7478.545     17  14991.089    14991.712    15074.521
  2  JC+I          7209.338     18  14454.675    14455.373    14543.015
  3  JC+G4         7162.609     18  14361.218    14361.916    14449.558
  4  JC+I+G4       7161.092     19  14360.183    14360.959    14453.431
  5  JC+R2         7167.025     19  14372.050    14372.826    14465.298
  6  JC+R3         7160.932     21  14363.864    14364.808    14466.927
  7  JC+R4         Skipped 
  8  JC+R5         Skipped 
  9  JC+R6         Skipped 
 10  JC+R7         Skipped 
 11  JC+R8         Skipped 
 12  JC+R9         Skipped 
 13  JC+R10        Skipped 
 14  F81           7351.310     20  14742.620    14743.478    14840.775
 15  F81+I         7074.785     21  14191.571    14192.516    14294.634
 16  F81+G4        7021.057     21  14084.114    14085.059    14187.177
 17  F81+I+G4      7019.893     22  14083.786    14084.822    14191.757
 18  F81+R2        7027.836     22  14099.672    14100.707    14207.642
 19  F81+R3        7019.592     24  14087.184    14088.415    14204.970
 20  F81+R4        7019.571     26  14091.142    14092.585    14218.744
 21  F81+R5        Skipped 
 22  F81+R6        Skipped 
 23  F81+R7        Skipped 
 24  F81+R8        Skipped 
 25  F81+R9        Skipped 
 26  F81+R10       Skipped 
 27  K2P           7354.421     18  14744.843    14745.540    14833.183
 28  K2P+I         7073.909     19  14185.818    14186.593    14279.065
 29  K2P+G4        7012.938     19  14063.876    14064.652    14157.124
 30  K2P+I+G4      7011.716     20  14063.431    14064.289    14161.586
 31  K2P+R2        7022.753     20  14085.505    14086.363    14183.660
 32  K2P+R3        7011.174     22  14066.348    14067.384    14174.319
 33  K2P+R4        7011.177     24  14070.354    14071.585    14188.140
 34  K2P+R5        Skipped 
 35  K2P+R6        Skipped 
 36  K2P+R7        Skipped 
 37  K2P+R8        Skipped 
 38  K2P+R9        Skipped 
 39  K2P+R10       Skipped 
 40  HKY           7229.859     21  14501.718    14502.663    14604.781
 41  HKY+I         6940.846     22  13925.693    13926.728    14033.663
 42  HKY+G4        6864.985     22  13773.970    13775.006    13881.941
 43  HKY+I+G4      6864.270     23  13774.541    13775.672    13887.419
 44  HKY+R2        6877.033     23  13800.065    13801.197    13912.944
 45  HKY+R3        6864.376     25  13778.753    13780.087    13901.446
 46  HKY+R4        6864.350     27  13782.700    13784.256    13915.210
 47  HKY+R5        Skipped 
 48  HKY+R6        Skipped 
 49  HKY+R7        Skipped 
 50  HKY+R8        Skipped 
 51  HKY+R9        Skipped 
 52  HKY+R10       Skipped 
 53  TNe           7353.704     19  14745.408    14746.184    14838.655
 54  TNe+I         7073.361     20  14186.722    14187.580    14284.877
 55  TNe+G4        7010.765     20  14061.530    14062.388    14159.686
 56  TNe+I+G4      7009.556     21  14061.113    14062.057    14164.175
 57  TNe+R2        7021.077     21  14084.153    14085.098    14187.216
 58  TNe+R3        7008.913     23  14063.825    14064.957    14176.704
 59  TNe+R4        7008.888     25  14067.775    14069.110    14190.469
 60  TNe+R5        Skipped 
 61  TNe+R6        Skipped 
 62  TNe+R7        Skipped 
 63  TNe+R8        Skipped 
 64  TNe+R9        Skipped 
 65  TNe+R10       Skipped 
 66  TN            7226.498     22  14496.995    14498.031    14604.966
 67  TN+I          6936.747     23  13919.494    13920.625    14032.372
 68  TN+G4         6862.333     23  13770.666    13771.797    13883.544
 69  TN+I+G4       6861.522     24  13771.044    13772.275    13888.831
 70  TN+R2         6874.839     24  13797.677    13798.908    13915.463
 71  TN+R3         6861.466     26  13774.932    13776.374    13902.533
 72  TN+R4         6861.606     28  13779.211    13780.884    13916.628
 73  TN+R5         Skipped 
 74  TN+R6         Skipped 
 75  TN+R7         Skipped 
 76  TN+R8         Skipped 
 77  TN+R9         Skipped 
 78  TN+R10        Skipped 
 79  K3P           7341.525     19  14721.049    14721.825    14814.296
 80  K3P+I         7058.107     20  14156.214    14157.072    14254.369
 81  K3P+G4        6995.035     20  14030.070    14030.928    14128.226
 82  K3P+I+G4      6993.762     21  14029.524    14030.469    14132.587
 83  K3P+R2        7004.366     21  14050.732    14051.677    14153.795
 84  K3P+R3        6993.496     23  14032.992    14034.123    14145.870
 85  K3P+R4        6993.495     25  14036.990    14038.324    14159.683
 86  K3P+R5        Skipped 
 87  K3P+R6        Skipped 
 88  K3P+R7        Skipped 
 89  K3P+R8        Skipped 
 90  K3P+R9        Skipped 
 91  K3P+R10       Skipped 
 92  K3Pu          7208.361     22  14460.721    14461.757    14568.692
 93  K3Pu+I        6917.188     23  13880.376    13881.507    13993.254
 94  K3Pu+G4       6837.991     23  13721.981    13723.113    13834.860
 95  K3Pu+I+G4     6837.146     24  13722.292    13723.523    13840.078
 96  K3Pu+R2       6848.020     24  13744.041    13745.272    13861.827
 97  K3Pu+R3       6837.082     26  13726.163    13727.606    13853.765
 98  K3Pu+R4       6837.077     28  13730.154    13731.826    13867.571
 99  K3Pu+R5       Skipped 
100  K3Pu+R6       Skipped 
101  K3Pu+R7       Skipped 
102  K3Pu+R8       Skipped 
103  K3Pu+R9       Skipped 
104  K3Pu+R10      Skipped 
105  TPM2          7220.410     22  14484.821    14485.857    14592.792
106  TPM2+I        6931.754     23  13909.508    13910.639    14022.386
107  TPM2+G4       6861.515     23  13769.030    13770.161    13881.909
108  TPM2+I+G4     6860.679     24  13769.358    13770.589    13887.144
109  TPM2+R2       6872.879     24  13793.757    13794.988    13911.543
110  TPM2+R3       6860.652     26  13773.304    13774.747    13900.906
111  TPM2+R4       6860.644     28  13777.287    13778.960    13914.705
112  TPM2+R5       Skipped 
113  TPM2+R6       Skipped 
114  TPM2+R7       Skipped 
115  TPM2+R8       Skipped 
116  TPM2+R9       Skipped 
117  TPM2+R10      Skipped 
118  TPM2u         7220.409     22  14484.818    14485.853    14592.788
119  TPM2u+I       6931.757     23  13909.513    13910.644    14022.392
120  TPM2u+G4      6861.517     23  13769.033    13770.165    13881.912
121  TPM2u+I+G4    6860.661     24  13769.322    13770.552    13887.108
122  TPM2u+R2      6872.896     24  13793.792    13795.023    13911.578
123  TPM2u+R3      6860.628     26  13773.256    13774.699    13900.857
124  TPM2u+R4      6860.618     28  13777.235    13778.908    13914.652
125  TPM2u+R5      Skipped 
126  TPM2u+R6      Skipped 
127  TPM2u+R7      Skipped 
128  TPM2u+R8      Skipped 
129  TPM2u+R9      Skipped 
130  TPM2u+R10     Skipped 
131  TPM3          7213.342     22  14470.684    14471.720    14578.654
132  TPM3+I        6926.366     23  13898.733    13899.864    14011.611
133  TPM3+G4       6845.725     23  13737.449    13738.581    13850.328
134  TPM3+I+G4     6845.140     24  13738.280    13739.510    13856.066
135  TPM3+R2       6857.526     24  13763.053    13764.284    13880.839
136  TPM3+R3       6844.913     26  13741.826    13743.269    13869.428
137  TPM3+R4       6844.913     28  13745.826    13747.499    13883.243
138  TPM3+R5       Skipped 
139  TPM3+R6       Skipped 
140  TPM3+R7       Skipped 
141  TPM3+R8       Skipped 
142  TPM3+R9       Skipped 
143  TPM3+R10      Skipped 
144  TPM3u         7213.342     22  14470.685    14471.721    14578.656
145  TPM3u+I       6926.357     23  13898.714    13899.845    14011.592
146  TPM3u+G4      6845.640     23  13737.279    13738.411    13850.158
147  TPM3u+I+G4    6845.132     24  13738.263    13739.494    13856.049
148  TPM3u+R2      6857.531     24  13763.061    13764.292    13880.847
149  TPM3u+R3      6844.902     26  13741.804    13743.247    13869.406
150  TPM3u+R4      6844.904     28  13745.807    13747.480    13883.225
151  TPM3u+R5      Skipped 
152  TPM3u+R6      Skipped 
153  TPM3u+R7      Skipped 
154  TPM3u+R8      Skipped 
155  TPM3u+R9      Skipped 
156  TPM3u+R10     Skipped 
157  TIMe          7340.944     20  14721.888    14722.746    14820.043
158  TIMe+I        7057.685     21  14157.370    14158.315    14260.433
159  TIMe+G4       6992.865     21  14027.729    14028.674    14130.792
160  TIMe+I+G4     6991.663     22  14027.327    14028.363    14135.297
161  TIMe+R2       7002.825     22  14049.650    14050.686    14157.620
162  TIMe+R3       6991.272     24  14030.544    14031.775    14148.330
163  TIMe+R4       6991.268     26  14034.535    14035.978    14162.137
164  TIMe+R5       Skipped 
165  TIMe+R6       Skipped 
166  TIMe+R7       Skipped 
167  TIMe+R8       Skipped 
168  TIMe+R9       Skipped 
169  TIMe+R10      Skipped 
170  TIM           7204.238     23  14454.476    14455.607    14567.354
171  TIM+I         6912.388     24  13872.777    13874.008    13990.563
172  TIM+G4        6835.844     24  13719.688    13720.919    13837.474
173  TIM+I+G4      6835.000     25  13720.001    13721.336    13842.695
174  TIM+R2        6845.919     25  13741.838    13743.173    13864.532
175  TIM+R3        6834.783     27  13723.566    13725.121    13856.075
176  TIM+R4        6834.777     29  13727.554    13729.348    13869.879
177  TIM+R5        Skipped 
178  TIM+R6        Skipped 
179  TIM+R7        Skipped 
180  TIM+R8        Skipped 
181  TIM+R9        Skipped 
182  TIM+R10       Skipped 
183  TIM2e         7322.898     20  14685.796    14686.654    14783.951
184  TIM2e+I       7041.316     21  14124.632    14125.577    14227.695
185  TIM2e+G4      6970.315     21  13982.631    13983.576    14085.694
186  TIM2e+I+G4    6969.161     22  13982.323    13983.359    14090.293
187  TIM2e+R2      6983.600     22  14011.199    14012.235    14119.170
188  TIM2e+R3      6967.758     24  13983.515    13984.746    14101.301
189  TIM2e+R4      6967.717     26  13987.434    13988.877    14115.036
190  TIM2e+R5      Skipped 
191  TIM2e+R6      Skipped 
192  TIM2e+R7      Skipped 
193  TIM2e+R8      Skipped 
194  TIM2e+R9      Skipped 
195  TIM2e+R10     Skipped 
196  TIM2          7216.880     23  14479.760    14480.891    14592.639
197  TIM2+I        6927.943     24  13903.887    13905.118    14021.673
198  TIM2+G4       6858.016     24  13764.031    13765.262    13881.817
199  TIM2+I+G4     6857.062     25  13764.123    13765.458    13886.817
200  TIM2+R2       6870.208     25  13790.416    13791.750    13913.110
201  TIM2+R3       6856.953     27  13767.906    13769.461    13900.415
202  TIM2+R4       6856.946     29  13771.893    13773.686    13914.217
203  TIM2+R5       Skipped 
204  TIM2+R6       Skipped 
205  TIM2+R7       Skipped 
206  TIM2+R8       Skipped 
207  TIM2+R9       Skipped 
208  TIM2+R10      Skipped 
209  TIM3e         7347.198     20  14734.397    14735.255    14832.552
210  TIM3e+I       7067.332     21  14176.664    14177.609    14279.727
211  TIM3e+G4      7002.999     21  14047.998    14048.943    14151.061
212  TIM3e+I+G4    7001.726     22  14047.453    14048.488    14155.423
213  TIM3e+R2      7013.679     22  14071.358    14072.394    14179.329
214  TIM3e+R3      7000.925     24  14049.849    14051.080    14167.635
215  TIM3e+R4      7000.909     26  14053.818    14055.261    14181.420
216  TIM3e+R5      Skipped 
217  TIM3e+R6      Skipped 
218  TIM3e+R7      Skipped 
219  TIM3e+R8      Skipped 
220  TIM3e+R9      Skipped 
221  TIM3e+R10     Skipped 
222  TIM3          7208.084     23  14462.169    14463.300    14575.047
223  TIM3+I        6921.236     24  13890.473    13891.703    14008.259
224  TIM3+G4       6842.226     24  13732.452    13733.683    13850.238
225  TIM3+I+G4     6841.682     25  13733.364    13734.699    13856.058
226  TIM3+R2       6854.224     25  13758.447    13759.782    13881.141
227  TIM3+R3       6841.030     27  13736.060    13737.616    13868.570
228  TIM3+R4       6841.027     29  13740.054    13741.848    13882.379
229  TIM3+R5       Skipped 
230  TIM3+R6       Skipped 
231  TIM3+R7       Skipped 
232  TIM3+R8       Skipped 
233  TIM3+R9       Skipped 
234  TIM3+R10      Skipped 
235  TVMe          7306.804     21  14655.608    14656.553    14758.671
236  TVMe+I        7023.345     22  14090.689    14091.725    14198.660
237  TVMe+G4       6951.355     22  13946.710    13947.746    14054.680
238  TVMe+I+G4     6949.922     23  13945.843    13946.974    14058.721
239  TVMe+R2       6964.033     23  13974.065    13975.196    14086.944
240  TVMe+R3       6948.374     25  13946.747    13948.082    14069.441
241  TVMe+R4       6948.382     27  13950.765    13952.320    14083.274
242  TVMe+R5       Skipped 
243  TVMe+R6       Skipped 
244  TVMe+R7       Skipped 
245  TVMe+R8       Skipped 
246  TVMe+R9       Skipped 
247  TVMe+R10      Skipped 
248  TVM           7191.113     24  14430.227    14431.458    14548.013
249  TVM+I         6902.180     25  13854.359    13855.694    13977.053
250  TVM+G4        6825.272     25  13700.543    13701.878    13823.237
251  TVM+I+G4      6824.365     26  13700.730    13702.173    13828.332
252  TVM+R2        6835.851     26  13723.702    13725.145    13851.303
253  TVM+R3        6824.093     28  13704.186    13705.858    13841.603
254  TVM+R4        6824.175     30  13708.350    13710.269    13855.582
255  TVM+R5        Skipped 
256  TVM+R6        Skipped 
257  TVM+R7        Skipped 
258  TVM+R8        Skipped 
259  TVM+R9        Skipped 
260  TVM+R10       Skipped 
261  SYM           7306.158     22  14656.317    14657.352    14764.287
262  SYM+I         7022.896     23  14091.792    14092.923    14204.670
263  SYM+G4        6947.363     23  13940.726    13941.857    14053.605
264  SYM+I+G4      6946.260     24  13940.520    13941.751    14058.307
265  SYM+R2        6961.335     24  13970.670    13971.901    14088.457
266  SYM+R3        6944.749     26  13941.499    13942.941    14069.100
267  SYM+R4        6944.725     28  13945.451    13947.123    14082.868
268  SYM+R5        Skipped 
269  SYM+R6        Skipped 
270  SYM+R7        Skipped 
271  SYM+R8        Skipped 
272  SYM+R9        Skipped 
273  SYM+R10       Skipped 
274  GTR           7185.713     25  14421.425    14422.760    14544.119
275  GTR+I         6897.636     26  13847.273    13848.716    13974.874
276  GTR+G4        6820.767     26  13693.533    13694.976    13821.135
277  GTR+I+G4      6819.857     27  13693.714    13695.269    13826.223
278  GTR+R2        6832.188     27  13718.377    13719.932    13850.886
279  GTR+R3        6819.712     29  13697.424    13699.217    13839.749
280  GTR+R4        6819.702     31  13701.404    13703.454    13853.544
281  GTR+R5        Skipped 
282  GTR+R6        Skipped 
283  GTR+R7        Skipped 
284  GTR+R8        Skipped 
285  GTR+R9        Skipped 
286  GTR+R10       Skipped 
Akaike Information Criterion:           GTR+G4
Corrected Akaike Information Criterion: GTR+G4
Bayesian Information Criterion:         GTR+G4
Best-fit model: GTR+G4 chosen according to BIC

All model information printed to ./results/gene12.phy.model
CPU time for ModelFinder: 10.350 seconds (0h:0m:10s)
Wall-clock time for ModelFinder: 12.684 seconds (0h:0m:12s)
Generating 1000 samples for ultrafast bootstrap (seed: 879495)...

NOTE: 2 MB RAM (0 GB) is required!
Estimate model parameters (epsilon = 0.100)
1. Initial log-likelihood: -7081.868
2. Current log-likelihood: -6832.970
3. Current log-likelihood: -6822.122
4. Current log-likelihood: -6821.446
5. Current log-likelihood: -6821.214
Optimal log-likelihood: -6821.169
Rate parameters:  A-C: 2.898  A-G: 3.649  A-T: 0.540  C-G: 0.568  C-T: 5.444  G-T: 1.000
Base frequencies:   A: 0.405  C: 0.162  G: 0.210  T: 0.223
Gamma shape alpha: 0.484
Parameters optimization took 5 rounds (0.097 sec)
Computing ML distances based on estimated model parameters... 0.000 sec
Computing BIONJ tree...
0.000 seconds
Log-likelihood of BIONJ tree: -6821.207
--------------------------------------------------------------------
|             INITIALIZING CANDIDATE TREE SET                      |
--------------------------------------------------------------------
Generating 98 parsimony trees... 0.092 second
Computing log-likelihood of 90 initial trees ... 0.332 seconds
Current best score: -6821.169

Do NNI search on 20 best initial trees
Estimate model parameters (epsilon = 0.100)
BETTER TREE FOUND at iteration 1: -6821.149
Estimate model parameters (epsilon = 0.100)
BETTER TREE FOUND at iteration 2: -6819.067
Iteration 10 / LogL: -6819.274 / Time: 0h:0m:13s
Iteration 20 / LogL: -6819.101 / Time: 0h:0m:13s
Finish initializing candidate tree set (3)
Current best tree score: -6819.067 / CPU time: 1.184
Number of iterations: 20
--------------------------------------------------------------------
|               OPTIMIZING CANDIDATE TREE SET                      |
--------------------------------------------------------------------
UPDATE BEST LOG-LIKELIHOOD: -6819.067
Iteration 30 / LogL: -6819.229 / Time: 0h:0m:14s (0h:0m:4s left)
Estimate model parameters (epsilon = 0.100)
BETTER TREE FOUND at iteration 38: -6818.727
Iteration 40 / LogL: -6818.735 / Time: 0h:0m:14s (0h:0m:5s left)
Estimate model parameters (epsilon = 0.100)
BETTER TREE FOUND at iteration 48: -6818.544
UPDATE BEST LOG-LIKELIHOOD: -6818.543
UPDATE BEST LOG-LIKELIHOOD: -6818.543
Iteration 50 / LogL: -6818.543 / Time: 0h:0m:15s (0h:0m:5s left)
Log-likelihood cutoff on original alignment: -6827.168
Iteration 60 / LogL: -6819.069 / Time: 0h:0m:15s (0h:0m:4s left)
Iteration 70 / LogL: -6819.221 / Time: 0h:0m:16s (0h:0m:3s left)
UPDATE BEST LOG-LIKELIHOOD: -6818.543
UPDATE BEST LOG-LIKELIHOOD: -6818.543
Iteration 80 / LogL: -6818.735 / Time: 0h:0m:16s (0h:0m:3s left)
Iteration 90 / LogL: -6818.729 / Time: 0h:0m:16s (0h:0m:2s left)
Iteration 100 / LogL: -6818.545 / Time: 0h:0m:17s (0h:0m:2s left)
Log-likelihood cutoff on original alignment: -6828.207
NOTE: Bootstrap correlation coefficient of split occurrence frequencies: 0.992
Iteration 110 / LogL: -6818.587 / Time: 0h:0m:17s (0h:0m:4s left)
Iteration 120 / LogL: -6818.544 / Time: 0h:0m:17s (0h:0m:3s left)
UPDATE BEST LOG-LIKELIHOOD: -6818.543
Iteration 130 / LogL: -6819.187 / Time: 0h:0m:18s (0h:0m:3s left)
Iteration 140 / LogL: -6819.106 / Time: 0h:0m:18s (0h:0m:2s left)
TREE SEARCH COMPLETED AFTER 149 ITERATIONS / Time: 0h:0m:19s

--------------------------------------------------------------------
|                    FINALIZING TREE SEARCH                        |
--------------------------------------------------------------------
Performs final model parameters optimization
Estimate model parameters (epsilon = 0.010)
1. Initial log-likelihood: -6818.543
Optimal log-likelihood: -6818.542
Rate parameters:  A-C: 2.919  A-G: 3.632  A-T: 0.520  C-G: 0.515  C-T: 5.435  G-T: 1.000
Base frequencies:   A: 0.405  C: 0.162  G: 0.210  T: 0.223
Gamma shape alpha: 0.481
Parameters optimization took 1 rounds (0.008 sec)
BEST SCORE FOUND : -6818.542
Creating bootstrap support values...
Split supports printed to NEXUS file ./results/gene12.phy.splits.nex
Total tree length: 2.682

Total number of iterations: 149
CPU time used for tree search: 5.898 sec (0h:0m:5s)
Wall-clock time used for tree search: 6.307 sec (0h:0m:6s)
Total CPU time used: 16.400 sec (0h:0m:16s)
Total wall-clock time used: 19.158 sec (0h:0m:19s)

Computing bootstrap consensus tree...
Reading input file ./results/gene12.phy.splits.nex...
10 taxa and 149 splits.
Consensus tree written to ./results/gene12.phy.contree
Reading input trees file ./results/gene12.phy.contree
Log-likelihood of consensus tree: -6818.542

Analysis results written to: 
  IQ-TREE report:                ./results/gene12.phy.iqtree
  Maximum-likelihood tree:       ./results/gene12.phy.treefile
  Likelihood distances:          ./results/gene12.phy.mldist

Ultrafast bootstrap approximation results written to:
  Split support values:          ./results/gene12.phy.splits.nex
  Consensus tree:                ./results/gene12.phy.contree
  Screen log file:               ./results/gene12.phy.log

Date and Time: Tue Aug 22 17:39:47 2017
