IQ-TREE multicore version 1.5.4 for Linux 64-bit built Apr  2 2017
Copyright (c) 2011-2017 by Bui Quang Minh, Nguyen Lam Tung,
Olga Chernomor, Heiko Schmidt, and Arndt von Haeseler.

Host:    hpc-crick (AVX, 251 GB RAM)
Command: iqtree -s ./results/gene6.phy -nt 1 -bb 1000
Seed:    679371 (Using SPRNG - Scalable Parallel Random Number Generator)
Time:    Tue Aug 22 17:59:21 2017
Kernel:  AVX - 1 threads (40 CPU cores detected)

Reading alignment file ./results/gene6.phy ... Phylip format detected
Alignment most likely contains DNA/RNA sequences
Alignment has 10 sequences with 1000 columns and 536 patterns (406 informative sites, 369 constant sites)
   Gap/Ambiguity  Composition  p-value
   1  A    0.00%    passed     99.39%
   2  B    0.00%    passed     79.56%
   3  C    0.00%    passed     58.05%
   4  D    0.00%    passed     66.36%
   5  E    0.00%    passed     94.30%
   6  F    0.00%    passed     90.85%
   7  G    0.00%    passed     84.70%
   8  H    0.00%    passed     67.95%
   9  I    0.00%    passed     35.38%
  10  J    0.00%    passed     80.47%
****  TOTAL    0.00%  0 sequences failed composition chi2 test (p-value<5%; df=3)

Create initial parsimony tree by phylogenetic likelihood library (PLL)... 0.001 seconds

NOTE: ModelFinder requires 3 MB RAM!
ModelFinder will test 286 DNA models (sample size: 1000) ...
 No. Model         -LnL         df  AIC          AICc         BIC
  1  JC            8285.901     17  16605.803    16606.426    16689.234
  2  JC+I          7963.689     18  15963.377    15964.074    16051.717
  3  JC+G4         7906.342     18  15848.683    15849.380    15937.023
  4  JC+I+G4       7903.317     19  15844.634    15845.409    15937.881
  5  JC+R2         7906.231     19  15850.463    15851.238    15943.710
  6  JC+R3         7901.354     21  15844.708    15845.652    15947.770
  7  JC+R4         Skipped 
  8  JC+R5         Skipped 
  9  JC+R6         Skipped 
 10  JC+R7         Skipped 
 11  JC+R8         Skipped 
 12  JC+R9         Skipped 
 13  JC+R10        Skipped 
 14  F81           8120.479     20  16280.959    16281.817    16379.114
 15  F81+I         7800.185     21  15642.369    15643.314    15745.432
 16  F81+G4        7715.467     21  15472.934    15473.878    15575.996
 17  F81+I+G4      7713.902     22  15471.803    15472.839    15579.774
 18  F81+R2        7725.120     22  15494.241    15495.277    15602.212
 19  F81+R3        7713.557     24  15475.113    15476.344    15592.900
 20  F81+R4        7713.557     26  15479.114    15480.557    15606.716
 21  F81+R5        Skipped 
 22  F81+R6        Skipped 
 23  F81+R7        Skipped 
 24  F81+R8        Skipped 
 25  F81+R9        Skipped 
 26  F81+R10       Skipped 
 27  K2P           8141.444     18  16318.888    16319.585    16407.227
 28  K2P+I         7803.639     19  15645.277    15646.053    15738.525
 29  K2P+G4        7723.439     19  15484.878    15485.653    15578.125
 30  K2P+I+G4      7721.973     20  15483.946    15484.804    15582.102
 31  K2P+R2        7732.423     20  15504.846    15505.704    15603.001
 32  K2P+R3        7721.602     22  15487.204    15488.240    15595.174
 33  K2P+R4        7721.570     24  15491.139    15492.370    15608.926
 34  K2P+R5        Skipped 
 35  K2P+R6        Skipped 
 36  K2P+R7        Skipped 
 37  K2P+R8        Skipped 
 38  K2P+R9        Skipped 
 39  K2P+R10       Skipped 
 40  HKY           7982.061     21  16006.123    16007.067    16109.185
 41  HKY+I         7644.622     22  15333.243    15334.279    15441.214
 42  HKY+G4        7532.286     22  15108.571    15109.607    15216.542
 43  HKY+I+G4      7531.827     23  15109.654    15110.785    15222.533
 44  HKY+R2        7551.196     23  15148.392    15149.523    15261.270
 45  HKY+R3        7530.981     25  15111.961    15113.296    15234.655
 46  HKY+R4        7531.026     27  15116.052    15117.608    15248.562
 47  HKY+R5        Skipped 
 48  HKY+R6        Skipped 
 49  HKY+R7        Skipped 
 50  HKY+R8        Skipped 
 51  HKY+R9        Skipped 
 52  HKY+R10       Skipped 
 53  TNe           8139.828     19  16317.657    16318.432    16410.904
 54  TNe+I         7799.113     20  15638.225    15639.083    15736.380
 55  TNe+G4        7718.455     20  15476.910    15477.768    15575.065
 56  TNe+I+G4      7716.569     21  15475.138    15476.083    15578.201
 57  TNe+R2        7728.339     21  15498.678    15499.623    15601.741
 58  TNe+R3        7716.379     23  15478.759    15479.890    15591.637
 59  TNe+R4        7716.373     25  15482.747    15484.081    15605.440
 60  TNe+R5        Skipped 
 61  TNe+R6        Skipped 
 62  TNe+R7        Skipped 
 63  TNe+R8        Skipped 
 64  TNe+R9        Skipped 
 65  TNe+R10       Skipped 
 66  TN            7978.345     22  16000.690    16001.725    16108.660
 67  TN+I          7643.578     23  15333.156    15334.287    15446.035
 68  TN+G4         7529.757     23  15105.514    15106.645    15218.392
 69  TN+I+G4       7529.737     24  15107.474    15108.704    15225.260
 70  TN+R2         7548.312     24  15144.625    15145.856    15262.411
 71  TN+R3         7528.753     26  15109.506    15110.949    15237.108
 72  TN+R4         7528.837     28  15113.673    15115.346    15251.090
 73  TN+R5         Skipped 
 74  TN+R6         Skipped 
 75  TN+R7         Skipped 
 76  TN+R8         Skipped 
 77  TN+R9         Skipped 
 78  TN+R10        Skipped 
 79  K3P           8140.346     19  16318.693    16319.468    16411.940
 80  K3P+I         7802.443     20  15644.886    15645.744    15743.041
 81  K3P+G4        7720.818     20  15481.635    15482.493    15579.790
 82  K3P+I+G4      7719.460     21  15480.920    15481.865    15583.983
 83  K3P+R2        7730.674     21  15503.348    15504.292    15606.411
 84  K3P+R3        7719.058     23  15484.117    15485.248    15596.995
 85  K3P+R4        7719.050     25  15488.101    15489.435    15610.795
 86  K3P+R5        Skipped 
 87  K3P+R6        Skipped 
 88  K3P+R7        Skipped 
 89  K3P+R8        Skipped 
 90  K3P+R9        Skipped 
 91  K3P+R10       Skipped 
 92  K3Pu          7974.136     22  15992.272    15993.308    16100.243
 93  K3Pu+I        7639.484     23  15324.968    15326.099    15437.846
 94  K3Pu+G4       7522.614     23  15091.228    15092.360    15204.107
 95  K3Pu+I+G4     7522.512     24  15093.023    15094.254    15210.809
 96  K3Pu+R2       7543.693     24  15135.387    15136.617    15253.173
 97  K3Pu+R3       7521.440     26  15094.881    15096.324    15222.482
 98  K3Pu+R4       7521.431     28  15098.863    15100.535    15236.280
 99  K3Pu+R5       Skipped 
100  K3Pu+R6       Skipped 
101  K3Pu+R7       Skipped 
102  K3Pu+R8       Skipped 
103  K3Pu+R9       Skipped 
104  K3Pu+R10      Skipped 
105  TPM2          7974.959     22  15993.918    15994.954    16101.888
106  TPM2+I        7632.281     23  15310.562    15311.693    15423.440
107  TPM2+G4       7528.215     23  15102.429    15103.560    15215.308
108  TPM2+I+G4     7527.685     24  15103.370    15104.601    15221.156
109  TPM2+R2       7545.404     24  15138.809    15140.039    15256.595
110  TPM2+R3       7527.090     26  15106.181    15107.624    15233.782
111  TPM2+R4       7527.031     28  15110.063    15111.735    15247.480
112  TPM2+R5       Skipped 
113  TPM2+R6       Skipped 
114  TPM2+R7       Skipped 
115  TPM2+R8       Skipped 
116  TPM2+R9       Skipped 
117  TPM2+R10      Skipped 
118  TPM2u         7974.903     22  15993.807    15994.843    16101.778
119  TPM2u+I       7632.284     23  15310.567    15311.698    15423.446
120  TPM2u+G4      7528.217     23  15102.434    15103.565    15215.313
121  TPM2u+I+G4    7527.679     24  15103.358    15104.589    15221.144
122  TPM2u+R2      7545.432     24  15138.864    15140.095    15256.650
123  TPM2u+R3      7527.111     26  15106.222    15107.665    15233.824
124  TPM2u+R4      7527.024     28  15110.047    15111.720    15247.465
125  TPM2u+R5      Skipped 
126  TPM2u+R6      Skipped 
127  TPM2u+R7      Skipped 
128  TPM2u+R8      Skipped 
129  TPM2u+R9      Skipped 
130  TPM2u+R10     Skipped 
131  TPM3          7966.214     22  15976.429    15977.465    16084.400
132  TPM3+I        7638.743     23  15323.486    15324.617    15436.364
133  TPM3+G4       7514.755     23  15075.509    15076.641    15188.388
134  TPM3+I+G4     7515.301     24  15078.603    15079.834    15196.389
135  TPM3+R2       7540.118     24  15128.235    15129.466    15246.022
136  TPM3+R3       7513.529     26  15079.057    15080.500    15206.659
137  TPM3+R4       7513.545     28  15083.090    15084.762    15220.507
138  TPM3+R5       Skipped 
139  TPM3+R6       Skipped 
140  TPM3+R7       Skipped 
141  TPM3+R8       Skipped 
142  TPM3+R9       Skipped 
143  TPM3+R10      Skipped 
144  TPM3u         7966.219     22  15976.437    15977.473    16084.408
145  TPM3u+I       7638.736     23  15323.472    15324.603    15436.350
146  TPM3u+G4      7514.753     23  15075.505    15076.636    15188.383
147  TPM3u+I+G4    7515.271     24  15078.542    15079.772    15196.328
148  TPM3u+R2      7540.153     24  15128.305    15129.536    15246.091
149  TPM3u+R3      7513.586     26  15079.171    15080.614    15206.773
150  TPM3u+R4      7513.522     28  15083.045    15084.717    15220.462
151  TPM3u+R5      Skipped 
152  TPM3u+R6      Skipped 
153  TPM3u+R7      Skipped 
154  TPM3u+R8      Skipped 
155  TPM3u+R9      Skipped 
156  TPM3u+R10     Skipped 
157  TIMe          8138.993     20  16317.986    16318.844    16416.142
158  TIMe+I        7797.912     21  15637.824    15638.768    15740.887
159  TIMe+G4       7715.852     21  15473.705    15474.649    15576.767
160  TIMe+I+G4     7714.241     22  15472.482    15473.518    15580.452
161  TIMe+R2       7726.631     22  15497.261    15498.297    15605.232
162  TIMe+R3       7713.964     24  15475.928    15477.159    15593.714
163  TIMe+R4       7713.948     26  15479.896    15481.338    15607.497
164  TIMe+R5       Skipped 
165  TIMe+R6       Skipped 
166  TIMe+R7       Skipped 
167  TIMe+R8       Skipped 
168  TIMe+R9       Skipped 
169  TIMe+R10      Skipped 
170  TIM           7970.143     23  15986.287    15987.418    16099.165
171  TIM+I         7638.386     24  15324.771    15326.002    15442.557
172  TIM+G4        7520.607     24  15089.215    15090.445    15207.001
173  TIM+I+G4      7520.729     25  15091.458    15092.793    15214.152
174  TIM+R2        7540.321     25  15130.642    15131.976    15253.336
175  TIM+R3        7519.266     27  15092.532    15094.087    15225.041
176  TIM+R4        7519.446     29  15096.892    15098.686    15239.217
177  TIM+R5        Skipped 
178  TIM+R6        Skipped 
179  TIM+R7        Skipped 
180  TIM+R8        Skipped 
181  TIM+R9        Skipped 
182  TIM+R10       Skipped 
183  TIM2e         8107.723     20  16255.447    16256.305    16353.602
184  TIM2e+I       7759.459     21  15560.918    15561.863    15663.981
185  TIM2e+G4      7675.867     21  15393.734    15394.678    15496.797
186  TIM2e+I+G4    7672.786     22  15389.572    15390.608    15497.542
187  TIM2e+R2      7686.921     22  15417.842    15418.878    15525.813
188  TIM2e+R3      7673.663     24  15395.326    15396.557    15513.112
189  TIM2e+R4      7671.730     26  15395.460    15396.903    15523.061
190  TIM2e+R5      Skipped 
191  TIM2e+R6      Skipped 
192  TIM2e+R7      Skipped 
193  TIM2e+R8      Skipped 
194  TIM2e+R9      Skipped 
195  TIM2e+R10     Skipped 
196  TIM2          7970.856     23  15987.712    15988.843    16100.591
197  TIM2+I        7631.481     24  15310.963    15312.193    15428.749
198  TIM2+G4       7525.353     24  15098.707    15099.938    15216.493
199  TIM2+I+G4     7524.885     25  15099.770    15101.104    15222.464
200  TIM2+R2       7542.314     25  15134.627    15135.962    15257.321
201  TIM2+R3       7524.383     27  15102.767    15104.322    15235.276
202  TIM2+R4       7524.375     29  15106.749    15108.543    15249.074
203  TIM2+R5       Skipped 
204  TIM2+R6       Skipped 
205  TIM2+R7       Skipped 
206  TIM2+R8       Skipped 
207  TIM2+R9       Skipped 
208  TIM2+R10      Skipped 
209  TIM3e         8137.697     20  16315.394    16316.252    16413.549
210  TIM3e+I       7798.546     21  15639.092    15640.037    15742.155
211  TIM3e+G4      7716.421     21  15474.842    15475.787    15577.905
212  TIM3e+I+G4    7714.667     22  15473.334    15474.370    15581.305
213  TIM3e+R2      7727.592     22  15499.185    15500.221    15607.156
214  TIM3e+R3      7714.635     24  15477.271    15478.502    15595.057
215  TIM3e+R4      7714.496     26  15480.992    15482.435    15608.593
216  TIM3e+R5      Skipped 
217  TIM3e+R6      Skipped 
218  TIM3e+R7      Skipped 
219  TIM3e+R8      Skipped 
220  TIM3e+R9      Skipped 
221  TIM3e+R10     Skipped 
222  TIM3          7960.592     23  15967.184    15968.315    16080.062
223  TIM3+I        7637.601     24  15323.201    15324.432    15440.988
224  TIM3+G4       7510.792     24  15069.584    15070.815    15187.370
225  TIM3+I+G4     7511.268     25  15072.535    15073.870    15195.229
226  TIM3+R2       7532.062     25  15114.124    15115.458    15236.817
227  TIM3+R3       7508.939     27  15071.878    15073.433    15204.387
228  TIM3+R4       7508.921     29  15075.842    15077.636    15218.167
229  TIM3+R5       Skipped 
230  TIM3+R6       Skipped 
231  TIM3+R7       Skipped 
232  TIM3+R8       Skipped 
233  TIM3+R9       Skipped 
234  TIM3+R10      Skipped 
235  TVMe          8106.499     21  16254.998    16255.943    16358.061
236  TVMe+I        7761.396     22  15566.791    15567.827    15674.762
237  TVMe+G4       7677.854     22  15399.708    15400.744    15507.679
238  TVMe+I+G4     7675.769     23  15397.539    15398.670    15510.417
239  TVMe+R2       7689.478     23  15424.956    15426.087    15537.834
240  TVMe+R3       7676.262     25  15402.523    15403.858    15525.217
241  TVMe+R4       7674.774     27  15403.548    15405.104    15536.057
242  TVMe+R5       Skipped 
243  TVMe+R6       Skipped 
244  TVMe+R7       Skipped 
245  TVMe+R8       Skipped 
246  TVMe+R9       Skipped 
247  TVMe+R10      Skipped 
248  TVM           7956.661     24  15961.321    15962.552    16079.107
249  TVM+I         7623.426     25  15296.852    15298.187    15419.546
250  TVM+G4        7507.190     25  15064.380    15065.715    15187.074
251  TVM+I+G4      7507.518     26  15067.037    15068.480    15194.638
252  TVM+R2        7531.232     26  15114.463    15115.906    15242.065
253  TVM+R3        7505.875     28  15067.749    15069.422    15205.166
254  TVM+R4        7505.827     30  15071.654    15073.574    15218.887
255  TVM+R5        Skipped 
256  TVM+R6        Skipped 
257  TVM+R7        Skipped 
258  TVM+R8        Skipped 
259  TVM+R9        Skipped 
260  TVM+R10       Skipped 
261  SYM           8104.857     22  16253.713    16254.749    16361.684
262  SYM+I         7756.817     23  15559.633    15560.764    15672.511
263  SYM+G4        7671.383     23  15388.766    15389.897    15501.644
264  SYM+I+G4      7668.346     24  15384.692    15385.922    15502.478
265  SYM+R2        7683.504     24  15415.008    15416.239    15532.794
266  SYM+R3        7669.419     26  15390.839    15392.282    15518.441
267  SYM+R4        7667.407     28  15390.814    15392.487    15528.231
268  SYM+R5        Skipped 
269  SYM+R6        Skipped 
270  SYM+R7        Skipped 
271  SYM+R8        Skipped 
272  SYM+R9        Skipped 
273  SYM+R10       Skipped 
274  GTR           7950.675     25  15951.350    15952.685    16074.044
275  GTR+I         7622.587     26  15297.175    15298.618    15424.776
276  GTR+G4        7501.536     26  15055.073    15056.516    15182.674
277  GTR+I+G4      7502.074     27  15058.147    15059.703    15190.657
278  GTR+R2        7522.893     27  15099.785    15101.341    15232.295
279  GTR+R3        7499.924     29  15057.848    15059.642    15200.173
280  GTR+R4        7499.667     31  15061.333    15063.383    15213.474
281  GTR+R5        Skipped 
282  GTR+R6        Skipped 
283  GTR+R7        Skipped 
284  GTR+R8        Skipped 
285  GTR+R9        Skipped 
286  GTR+R10       Skipped 
Akaike Information Criterion:           GTR+G4
Corrected Akaike Information Criterion: GTR+G4
Bayesian Information Criterion:         GTR+G4
Best-fit model: GTR+G4 chosen according to BIC

All model information printed to ./results/gene6.phy.model
CPU time for ModelFinder: 20.837 seconds (0h:0m:20s)
Wall-clock time for ModelFinder: 23.011 seconds (0h:0m:23s)
Generating 1000 samples for ultrafast bootstrap (seed: 679371)...

NOTE: 2 MB RAM (0 GB) is required!
Estimate model parameters (epsilon = 0.100)
1. Initial log-likelihood: -7793.377
2. Current log-likelihood: -7521.618
3. Current log-likelihood: -7504.666
4. Current log-likelihood: -7503.054
5. Current log-likelihood: -7502.818
6. Current log-likelihood: -7502.707
Optimal log-likelihood: -7502.623
Rate parameters:  A-C: 5.377  A-G: 7.469  A-T: 1.329  C-G: 2.126  C-T: 12.700  G-T: 1.000
Base frequencies:   A: 0.426  C: 0.145  G: 0.207  T: 0.223
Gamma shape alpha: 0.454
Parameters optimization took 6 rounds (0.118 sec)
Computing ML distances based on estimated model parameters... 0.002 sec
Computing BIONJ tree...
0.000 seconds
Log-likelihood of BIONJ tree: -7496.925
--------------------------------------------------------------------
|             INITIALIZING CANDIDATE TREE SET                      |
--------------------------------------------------------------------
Generating 98 parsimony trees... 0.077 second
Computing log-likelihood of 95 initial trees ... 0.436 seconds
Current best score: -7496.925

Do NNI search on 20 best initial trees
Estimate model parameters (epsilon = 0.100)
BETTER TREE FOUND at iteration 1: -7493.116
Iteration 10 / LogL: -7494.319 / Time: 0h:0m:24s
Iteration 20 / LogL: -7494.327 / Time: 0h:0m:24s
Finish initializing candidate tree set (2)
Current best tree score: -7493.116 / CPU time: 1.203
Number of iterations: 20
--------------------------------------------------------------------
|               OPTIMIZING CANDIDATE TREE SET                      |
--------------------------------------------------------------------
Iteration 30 / LogL: -7494.354 / Time: 0h:0m:24s (0h:0m:4s left)
UPDATE BEST LOG-LIKELIHOOD: -7493.116
UPDATE BEST LOG-LIKELIHOOD: -7493.116
Iteration 40 / LogL: -7493.197 / Time: 0h:0m:25s (0h:0m:3s left)
Iteration 50 / LogL: -7493.177 / Time: 0h:0m:25s (0h:0m:2s left)
Log-likelihood cutoff on original alignment: -7508.783
UPDATE BEST LOG-LIKELIHOOD: -7493.115
Iteration 60 / LogL: -7494.283 / Time: 0h:0m:25s (0h:0m:1s left)
UPDATE BEST LOG-LIKELIHOOD: -7493.115
Iteration 70 / LogL: -7493.161 / Time: 0h:0m:26s (0h:0m:1s left)
Iteration 80 / LogL: -7494.283 / Time: 0h:0m:26s (0h:0m:0s left)
UPDATE BEST LOG-LIKELIHOOD: -7493.115
Iteration 90 / LogL: -7494.284 / Time: 0h:0m:26s (0h:0m:0s left)
UPDATE BEST LOG-LIKELIHOOD: -7493.115
Iteration 100 / LogL: -7494.331 / Time: 0h:0m:27s (0h:0m:0s left)
Log-likelihood cutoff on original alignment: -7508.617
NOTE: Bootstrap correlation coefficient of split occurrence frequencies: 0.999
TREE SEARCH COMPLETED AFTER 102 ITERATIONS / Time: 0h:0m:27s

--------------------------------------------------------------------
|                    FINALIZING TREE SEARCH                        |
--------------------------------------------------------------------
Performs final model parameters optimization
Estimate model parameters (epsilon = 0.010)
1. Initial log-likelihood: -7493.115
2. Current log-likelihood: -7493.059
3. Current log-likelihood: -7493.029
4. Current log-likelihood: -7493.019
5. Current log-likelihood: -7492.917
6. Current log-likelihood: -7492.891
7. Current log-likelihood: -7492.877
8. Current log-likelihood: -7492.862
9. Current log-likelihood: -7492.850
10. Current log-likelihood: -7492.833
11. Current log-likelihood: -7492.819
12. Current log-likelihood: -7492.778
13. Current log-likelihood: -7492.722
14. Current log-likelihood: -7492.672
15. Current log-likelihood: -7492.630
16. Current log-likelihood: -7492.582
17. Current log-likelihood: -7492.557
18. Current log-likelihood: -7492.544
Optimal log-likelihood: -7492.535
Rate parameters:  A-C: 4.749  A-G: 6.532  A-T: 1.099  C-G: 1.876  C-T: 11.363  G-T: 1.000
Base frequencies:   A: 0.426  C: 0.145  G: 0.207  T: 0.223
Gamma shape alpha: 0.458
Parameters optimization took 18 rounds (0.235 sec)
BEST SCORE FOUND : -7492.535
Creating bootstrap support values...
Split supports printed to NEXUS file ./results/gene6.phy.splits.nex
Total tree length: 3.582

Total number of iterations: 102
CPU time used for tree search: 4.226 sec (0h:0m:4s)
Wall-clock time used for tree search: 4.251 sec (0h:0m:4s)
Total CPU time used: 25.382 sec (0h:0m:25s)
Total wall-clock time used: 27.721 sec (0h:0m:27s)

Computing bootstrap consensus tree...
Reading input file ./results/gene6.phy.splits.nex...
10 taxa and 94 splits.
Consensus tree written to ./results/gene6.phy.contree
Reading input trees file ./results/gene6.phy.contree
Log-likelihood of consensus tree: -7492.535

Analysis results written to: 
  IQ-TREE report:                ./results/gene6.phy.iqtree
  Maximum-likelihood tree:       ./results/gene6.phy.treefile
  Likelihood distances:          ./results/gene6.phy.mldist

Ultrafast bootstrap approximation results written to:
  Split support values:          ./results/gene6.phy.splits.nex
  Consensus tree:                ./results/gene6.phy.contree
  Screen log file:               ./results/gene6.phy.log

Date and Time: Tue Aug 22 17:59:49 2017
