IQ-TREE multicore version 1.5.4 for Linux 64-bit built Apr  2 2017
Copyright (c) 2011-2017 by Bui Quang Minh, Nguyen Lam Tung,
Olga Chernomor, Heiko Schmidt, and Arndt von Haeseler.

Host:    hpc-crick (AVX, 251 GB RAM)
Command: iqtree -s ./results/gene7.phy -nt 1 -bb 1000
Seed:    995498 (Using SPRNG - Scalable Parallel Random Number Generator)
Time:    Tue Aug 22 17:58:32 2017
Kernel:  AVX - 1 threads (40 CPU cores detected)

Reading alignment file ./results/gene7.phy ... Phylip format detected
Alignment most likely contains DNA/RNA sequences
Alignment has 10 sequences with 1000 columns and 508 patterns (360 informative sites, 363 constant sites)
   Gap/Ambiguity  Composition  p-value
   1  A    0.00%    passed     98.60%
   2  B    0.00%    passed     83.35%
   3  C    0.00%    passed     71.89%
   4  D    0.00%    passed     42.58%
   5  E    0.00%    passed     21.46%
   6  F    0.00%    passed     84.22%
   7  G    0.00%    passed     67.97%
   8  H    0.00%    passed     56.69%
   9  I    0.00%    passed     98.60%
  10  J    0.00%    passed     70.37%
****  TOTAL    0.00%  0 sequences failed composition chi2 test (p-value<5%; df=3)

Create initial parsimony tree by phylogenetic likelihood library (PLL)... 0.000 seconds

NOTE: ModelFinder requires 3 MB RAM!
ModelFinder will test 286 DNA models (sample size: 1000) ...
 No. Model         -LnL         df  AIC          AICc         BIC
  1  JC            7840.826     17  15715.651    15716.274    15799.083
  2  JC+I          7619.168     18  15274.336    15275.034    15362.676
  3  JC+G4         7566.820     18  15169.641    15170.338    15257.980
  4  JC+I+G4       7566.435     19  15170.870    15171.646    15264.117
  5  JC+R2         7570.480     19  15178.959    15179.735    15272.206
  6  JC+R3         7565.974     21  15173.948    15174.893    15277.011
  7  JC+R4         Skipped 
  8  JC+R5         Skipped 
  9  JC+R6         Skipped 
 10  JC+R7         Skipped 
 11  JC+R8         Skipped 
 12  JC+R9         Skipped 
 13  JC+R10        Skipped 
 14  F81           7721.470     20  15482.940    15483.798    15581.095
 15  F81+I         7489.272     21  15020.545    15021.489    15123.607
 16  F81+G4        7432.210     21  14906.420    14907.364    15009.482
 17  F81+I+G4      7431.646     22  14907.292    14908.328    15015.263
 18  F81+R2        7437.227     22  14918.454    14919.490    15026.425
 19  F81+R3        7431.135     24  14910.270    14911.501    15028.056
 20  F81+R4        Skipped 
 21  F81+R5        Skipped 
 22  F81+R6        Skipped 
 23  F81+R7        Skipped 
 24  F81+R8        Skipped 
 25  F81+R9        Skipped 
 26  F81+R10       Skipped 
 27  K2P           7693.882     18  15423.763    15424.460    15512.103
 28  K2P+I         7464.751     19  14967.502    14968.277    15060.749
 29  K2P+G4        7402.090     19  14842.180    14842.955    14935.427
 30  K2P+I+G4      7401.913     20  14843.826    14844.684    14941.981
 31  K2P+R2        7408.825     20  14857.651    14858.509    14955.806
 32  K2P+R3        7401.630     22  14847.260    14848.296    14955.231
 33  K2P+R4        7401.632     24  14851.264    14852.495    14969.050
 34  K2P+R5        Skipped 
 35  K2P+R6        Skipped 
 36  K2P+R7        Skipped 
 37  K2P+R8        Skipped 
 38  K2P+R9        Skipped 
 39  K2P+R10       Skipped 
 40  HKY           7554.183     21  15150.366    15151.311    15253.429
 41  HKY+I         7313.160     22  14670.320    14671.355    14778.290
 42  HKY+G4        7234.112     22  14512.224    14513.260    14620.195
 43  HKY+I+G4      7234.003     23  14514.006    14515.137    14626.884
 44  HKY+R2        7243.237     23  14532.474    14533.605    14645.352
 45  HKY+R3        7234.364     25  14518.728    14520.063    14641.422
 46  HKY+R4        7233.076     27  14520.151    14521.707    14652.661
 47  HKY+R5        Skipped 
 48  HKY+R6        Skipped 
 49  HKY+R7        Skipped 
 50  HKY+R8        Skipped 
 51  HKY+R9        Skipped 
 52  HKY+R10       Skipped 
 53  TNe           7691.934     19  15421.868    15422.644    15515.116
 54  TNe+I         7463.697     20  14967.394    14968.252    15065.549
 55  TNe+G4        7397.970     20  14835.939    14836.797    14934.094
 56  TNe+I+G4      7397.901     21  14837.802    14838.747    14940.865
 57  TNe+R2        7405.444     21  14852.887    14853.832    14955.950
 58  TNe+R3        7397.627     23  14841.255    14842.386    14954.133
 59  TNe+R4        7397.312     25  14844.624    14845.959    14967.318
 60  TNe+R5        Skipped 
 61  TNe+R6        Skipped 
 62  TNe+R7        Skipped 
 63  TNe+R8        Skipped 
 64  TNe+R9        Skipped 
 65  TNe+R10       Skipped 
 66  TN            7553.590     22  15151.181    15152.216    15259.151
 67  TN+I          7311.466     23  14668.931    14670.062    14781.810
 68  TN+G4         7234.131     23  14514.262    14515.393    14627.140
 69  TN+I+G4       7233.935     24  14515.870    14517.101    14633.656
 70  TN+R2         7243.231     24  14534.461    14535.692    14652.247
 71  TN+R3         7234.367     26  14520.734    14522.177    14648.336
 72  TN+R4         7233.065     28  14522.131    14523.803    14659.548
 73  TN+R5         Skipped 
 74  TN+R6         Skipped 
 75  TN+R7         Skipped 
 76  TN+R8         Skipped 
 77  TN+R9         Skipped 
 78  TN+R10        Skipped 
 79  K3P           7691.722     19  15421.444    15422.219    15514.691
 80  K3P+I         7462.481     20  14964.962    14965.820    15063.117
 81  K3P+G4        7399.080     20  14838.160    14839.018    14936.315
 82  K3P+I+G4      7398.892     21  14839.785    14840.729    14942.848
 83  K3P+R2        7405.653     21  14853.305    14854.250    14956.368
 84  K3P+R3        7398.621     23  14843.241    14844.373    14956.120
 85  K3P+R4        7398.417     25  14846.834    14848.169    14969.528
 86  K3P+R5        Skipped 
 87  K3P+R6        Skipped 
 88  K3P+R7        Skipped 
 89  K3P+R8        Skipped 
 90  K3P+R9        Skipped 
 91  K3P+R10       Skipped 
 92  K3Pu          7541.135     22  15126.271    15127.306    15234.241
 93  K3Pu+I        7298.515     23  14643.029    14644.160    14755.908
 94  K3Pu+G4       7213.867     23  14473.734    14474.865    14586.613
 95  K3Pu+I+G4     7213.822     24  14475.643    14476.874    14593.429
 96  K3Pu+R2       7222.683     24  14493.367    14494.597    14611.153
 97  K3Pu+R3       7213.852     26  14479.704    14481.147    14607.306
 98  K3Pu+R4       7212.986     28  14481.972    14483.645    14619.389
 99  K3Pu+R5       Skipped 
100  K3Pu+R6       Skipped 
101  K3Pu+R7       Skipped 
102  K3Pu+R8       Skipped 
103  K3Pu+R9       Skipped 
104  K3Pu+R10      Skipped 
105  TPM2          7545.672     22  15135.344    15136.380    15243.314
106  TPM2+I        7305.683     23  14657.365    14658.496    14770.244
107  TPM2+G4       7231.563     23  14509.126    14510.258    14622.005
108  TPM2+I+G4     7231.402     24  14510.805    14512.035    14628.591
109  TPM2+R2       7240.365     24  14528.731    14529.961    14646.517
110  TPM2+R3       7231.611     26  14515.222    14516.665    14642.824
111  TPM2+R4       7230.358     28  14516.717    14518.389    14654.134
112  TPM2+R5       Skipped 
113  TPM2+R6       Skipped 
114  TPM2+R7       Skipped 
115  TPM2+R8       Skipped 
116  TPM2+R9       Skipped 
117  TPM2+R10      Skipped 
118  TPM2u         7545.692     22  15135.385    15136.421    15243.356
119  TPM2u+I       7305.684     23  14657.369    14658.500    14770.247
120  TPM2u+G4      7231.566     23  14509.133    14510.264    14622.011
121  TPM2u+I+G4    7231.407     24  14510.814    14512.045    14628.600
122  TPM2u+R2      7240.368     24  14528.736    14529.966    14646.522
123  TPM2u+R3      7231.495     26  14514.990    14516.433    14642.591
124  TPM2u+R4      7230.404     28  14516.808    14518.481    14654.226
125  TPM2u+R5      Skipped 
126  TPM2u+R6      Skipped 
127  TPM2u+R7      Skipped 
128  TPM2u+R8      Skipped 
129  TPM2u+R9      Skipped 
130  TPM2u+R10     Skipped 
131  TPM3          7538.656     22  15121.311    15122.347    15229.282
132  TPM3+I        7295.204     23  14636.409    14637.540    14749.287
133  TPM3+G4       7209.653     23  14465.306    14466.438    14578.185
134  TPM3+I+G4     7209.376     24  14466.751    14467.982    14584.537
135  TPM3+R2       7219.610     24  14487.221    14488.451    14605.007
136  TPM3+R3       7209.817     26  14471.635    14473.078    14599.236
137  TPM3+R4       7208.732     28  14473.463    14475.136    14610.881
138  TPM3+R5       Skipped 
139  TPM3+R6       Skipped 
140  TPM3+R7       Skipped 
141  TPM3+R8       Skipped 
142  TPM3+R9       Skipped 
143  TPM3+R10      Skipped 
144  TPM3u         7538.721     22  15121.441    15122.477    15229.412
145  TPM3u+I       7295.207     23  14636.415    14637.546    14749.293
146  TPM3u+G4      7209.903     23  14465.805    14466.937    14578.684
147  TPM3u+I+G4    7209.360     24  14466.720    14467.951    14584.506
148  TPM3u+R2      7219.638     24  14487.275    14488.506    14605.061
149  TPM3u+R3      7209.803     26  14471.607    14473.049    14599.208
150  TPM3u+R4      7208.696     28  14473.392    14475.065    14610.809
151  TPM3u+R5      Skipped 
152  TPM3u+R6      Skipped 
153  TPM3u+R7      Skipped 
154  TPM3u+R8      Skipped 
155  TPM3u+R9      Skipped 
156  TPM3u+R10     Skipped 
157  TIMe          7689.771     20  15419.541    15420.399    15517.696
158  TIMe+I        7461.437     21  14964.873    14965.818    15067.936
159  TIMe+G4       7394.974     21  14831.949    14832.894    14935.012
160  TIMe+I+G4     7394.829     22  14833.659    14834.694    14941.629
161  TIMe+R2       7402.205     22  14848.409    14849.445    14956.380
162  TIMe+R3       7394.585     24  14837.171    14838.402    14954.957
163  TIMe+R4       7394.293     26  14840.586    14842.028    14968.187
164  TIMe+R5       Skipped 
165  TIMe+R6       Skipped 
166  TIMe+R7       Skipped 
167  TIMe+R8       Skipped 
168  TIMe+R9       Skipped 
169  TIMe+R10      Skipped 
170  TIM           7540.394     23  15126.787    15127.919    15239.666
171  TIM+I         7296.547     24  14641.095    14642.326    14758.881
172  TIM+G4        7213.695     24  14475.390    14476.621    14593.176
173  TIM+I+G4      7213.644     25  14477.288    14478.623    14599.982
174  TIM+R2        7222.678     25  14495.356    14496.691    14618.050
175  TIM+R3        7213.889     27  14481.777    14483.333    14614.286
176  TIM+R4        7212.907     29  14483.815    14485.608    14626.140
177  TIM+R5        Skipped 
178  TIM+R6        Skipped 
179  TIM+R7        Skipped 
180  TIM+R8        Skipped 
181  TIM+R9        Skipped 
182  TIM+R10       Skipped 
183  TIM2e         7658.051     20  15356.103    15356.961    15454.258
184  TIM2e+I       7429.213     21  14900.427    14901.372    15003.490
185  TIM2e+G4      7352.257     21  14746.513    14747.458    14849.576
186  TIM2e+I+G4    7352.270     22  14748.540    14749.575    14856.510
187  TIM2e+R2      7362.922     22  14769.844    14770.880    14877.815
188  TIM2e+R3      7351.543     24  14751.087    14752.317    14868.873
189  TIM2e+R4      7351.413     26  14754.826    14756.269    14882.428
190  TIM2e+R5      Skipped 
191  TIM2e+R6      Skipped 
192  TIM2e+R7      Skipped 
193  TIM2e+R8      Skipped 
194  TIM2e+R9      Skipped 
195  TIM2e+R10     Skipped 
196  TIM2          7544.888     23  15135.775    15136.906    15248.654
197  TIM2+I        7303.906     24  14655.813    14657.043    14773.599
198  TIM2+G4       7231.680     24  14511.360    14512.591    14629.146
199  TIM2+I+G4     7231.316     25  14512.633    14513.967    14635.326
200  TIM2+R2       7240.278     25  14530.556    14531.891    14653.250
201  TIM2+R3       7231.399     27  14516.799    14518.354    14649.308
202  TIM2+R4       7231.263     29  14520.525    14522.319    14662.850
203  TIM2+R5       Skipped 
204  TIM2+R6       Skipped 
205  TIM2+R7       Skipped 
206  TIM2+R8       Skipped 
207  TIM2+R9       Skipped 
208  TIM2+R10      Skipped 
209  TIM3e         7690.244     20  15420.487    15421.345    15518.642
210  TIM3e+I       7461.885     21  14965.770    14966.715    15068.833
211  TIM3e+G4      7395.378     21  14832.756    14833.701    14935.819
212  TIM3e+I+G4    7395.225     22  14834.450    14835.486    14942.420
213  TIM3e+R2      7402.945     22  14849.891    14850.926    14957.861
214  TIM3e+R3      7395.046     24  14838.092    14839.323    14955.878
215  TIM3e+R4      7395.014     26  14842.027    14843.470    14969.629
216  TIM3e+R5      Skipped 
217  TIM3e+R6      Skipped 
218  TIM3e+R7      Skipped 
219  TIM3e+R8      Skipped 
220  TIM3e+R9      Skipped 
221  TIM3e+R10     Skipped 
222  TIM3          7536.896     23  15119.792    15120.923    15232.671
223  TIM3+I        7291.895     24  14631.790    14633.021    14749.576
224  TIM3+G4       7209.322     24  14466.644    14467.874    14584.430
225  TIM3+I+G4     7209.096     25  14468.191    14469.526    14590.885
226  TIM3+R2       7218.963     25  14487.926    14489.261    14610.620
227  TIM3+R3       7209.118     27  14472.236    14473.792    14604.745
228  TIM3+R4       7208.861     29  14475.723    14477.516    14618.047
229  TIM3+R5       Skipped 
230  TIM3+R6       Skipped 
231  TIM3+R7       Skipped 
232  TIM3+R8       Skipped 
233  TIM3+R9       Skipped 
234  TIM3+R10      Skipped 
235  TVMe          7654.053     21  15350.106    15351.051    15453.169
236  TVMe+I        7424.173     22  14892.346    14893.382    15000.316
237  TVMe+G4       7351.361     22  14746.721    14747.757    14854.692
238  TVMe+I+G4     7351.226     23  14748.452    14749.583    14861.330
239  TVMe+R2       7360.536     23  14767.071    14768.202    14879.949
240  TVMe+R3       7350.752     25  14751.505    14752.839    14874.199
241  TVMe+R4       7350.768     27  14755.537    14757.092    14888.046
242  TVMe+R5       Skipped 
243  TVMe+R6       Skipped 
244  TVMe+R7       Skipped 
245  TVMe+R8       Skipped 
246  TVMe+R9       Skipped 
247  TVMe+R10      Skipped 
248  TVM           7523.798     24  15095.595    15096.826    15213.382
249  TVM+I         7281.174     25  14612.348    14613.682    14735.041
250  TVM+G4        7199.319     25  14448.639    14449.974    14571.333
251  TVM+I+G4      7199.171     26  14450.343    14451.786    14577.945
252  TVM+R2        7208.715     26  14469.431    14470.874    14597.032
253  TVM+R3        7199.275     28  14454.550    14456.222    14591.967
254  TVM+R4        7199.072     30  14458.144    14460.063    14605.376
255  TVM+R5        Skipped 
256  TVM+R6        Skipped 
257  TVM+R7        Skipped 
258  TVM+R8        Skipped 
259  TVM+R9        Skipped 
260  TVM+R10       Skipped 
261  SYM           7651.860     22  15347.719    15348.755    15455.690
262  SYM+I         7422.895     23  14891.791    14892.922    15004.669
263  SYM+G4        7344.592     23  14735.183    14736.314    14848.062
264  SYM+I+G4      7344.642     24  14737.283    14738.514    14855.070
265  SYM+R2        7355.041     24  14758.082    14759.313    14875.868
266  SYM+R3        7344.037     26  14740.075    14741.518    14867.676
267  SYM+R4        7343.976     28  14743.953    14745.625    14881.370
268  SYM+R5        Skipped 
269  SYM+R6        Skipped 
270  SYM+R7        Skipped 
271  SYM+R8        Skipped 
272  SYM+R9        Skipped 
273  SYM+R10       Skipped 
274  GTR           7522.117     25  15094.235    15095.570    15216.929
275  GTR+I         7277.832     26  14607.664    14609.107    14735.265
276  GTR+G4        7198.574     26  14449.148    14450.591    14576.749
277  GTR+I+G4      7198.310     27  14450.620    14452.175    14583.129
278  GTR+R2        7208.211     27  14470.422    14471.977    14602.931
279  GTR+R3        7198.105     29  14454.211    14456.005    14596.536
280  GTR+R4        7198.016     31  14458.033    14460.082    14610.173
281  GTR+R5        Skipped 
282  GTR+R6        Skipped 
283  GTR+R7        Skipped 
284  GTR+R8        Skipped 
285  GTR+R9        Skipped 
286  GTR+R10       Skipped 
Akaike Information Criterion:           TVM+G4
Corrected Akaike Information Criterion: TVM+G4
Bayesian Information Criterion:         TVM+G4
Best-fit model: TVM+G4 chosen according to BIC

All model information printed to ./results/gene7.phy.model
CPU time for ModelFinder: 11.815 seconds (0h:0m:11s)
Wall-clock time for ModelFinder: 15.239 seconds (0h:0m:15s)
Generating 1000 samples for ultrafast bootstrap (seed: 995498)...

NOTE: 2 MB RAM (0 GB) is required!
Estimate model parameters (epsilon = 0.100)
1. Initial log-likelihood: -7493.274
2. Current log-likelihood: -7325.758
3. Current log-likelihood: -7234.497
4. Current log-likelihood: -7227.988
5. Current log-likelihood: -7227.226
Optimal log-likelihood: -7227.144
Rate parameters:  A-C: 56.021  A-G: 100.000  A-T: 15.314  C-G: 35.461  C-T: 100.000  G-T: 1.000
Base frequencies:   A: 0.408  C: 0.146  G: 0.182  T: 0.264
Gamma shape alpha: 0.524
Parameters optimization took 5 rounds (0.087 sec)

WARNING: Estimated model parameters are at boundary that can cause numerical instability!

Computing ML distances based on estimated model parameters... 0.002 sec
Computing BIONJ tree...
0.000 seconds
Log-likelihood of BIONJ tree: -7232.893
--------------------------------------------------------------------
|             INITIALIZING CANDIDATE TREE SET                      |
--------------------------------------------------------------------
Generating 98 parsimony trees... 0.063 second
Computing log-likelihood of 97 initial trees ... 0.370 seconds
Current best score: -7227.144

Do NNI search on 20 best initial trees
Estimate model parameters (epsilon = 0.100)

WARNING: Estimated model parameters are at boundary that can cause numerical instability!

BETTER TREE FOUND at iteration 1: -7227.034
UPDATE BEST LOG-LIKELIHOOD: -7227.033
UPDATE BEST LOG-LIKELIHOOD: -7227.033
UPDATE BEST LOG-LIKELIHOOD: -7227.033
UPDATE BEST LOG-LIKELIHOOD: -7227.033
UPDATE BEST LOG-LIKELIHOOD: -7227.033
Iteration 10 / LogL: -7227.034 / Time: 0h:0m:16s
UPDATE BEST LOG-LIKELIHOOD: -7227.033
UPDATE BEST LOG-LIKELIHOOD: -7227.033
Iteration 20 / LogL: -7227.033 / Time: 0h:0m:16s
Finish initializing candidate tree set (2)
Current best tree score: -7227.033 / CPU time: 1.355
Number of iterations: 20
--------------------------------------------------------------------
|               OPTIMIZING CANDIDATE TREE SET                      |
--------------------------------------------------------------------
Iteration 30 / LogL: -7227.091 / Time: 0h:0m:17s (0h:0m:4s left)
UPDATE BEST LOG-LIKELIHOOD: -7227.033
Iteration 40 / LogL: -7227.033 / Time: 0h:0m:17s (0h:0m:3s left)
UPDATE BEST LOG-LIKELIHOOD: -7227.033
Iteration 50 / LogL: -7227.033 / Time: 0h:0m:18s (0h:0m:2s left)
Log-likelihood cutoff on original alignment: -7241.145
UPDATE BEST LOG-LIKELIHOOD: -7227.033
Iteration 60 / LogL: -7227.033 / Time: 0h:0m:18s (0h:0m:2s left)
Iteration 70 / LogL: -7227.033 / Time: 0h:0m:19s (0h:0m:1s left)
Iteration 80 / LogL: -7227.033 / Time: 0h:0m:19s (0h:0m:1s left)
Iteration 90 / LogL: -7227.033 / Time: 0h:0m:20s (0h:0m:0s left)
Iteration 100 / LogL: -7227.033 / Time: 0h:0m:20s (0h:0m:0s left)
Log-likelihood cutoff on original alignment: -7242.691
NOTE: Bootstrap correlation coefficient of split occurrence frequencies: 0.998
TREE SEARCH COMPLETED AFTER 102 ITERATIONS / Time: 0h:0m:20s

--------------------------------------------------------------------
|                    FINALIZING TREE SEARCH                        |
--------------------------------------------------------------------
Performs final model parameters optimization
Estimate model parameters (epsilon = 0.010)
1. Initial log-likelihood: -7227.033
2. Current log-likelihood: -7226.992
3. Current log-likelihood: -7226.960
4. Current log-likelihood: -7226.933
5. Current log-likelihood: -7226.911
6. Current log-likelihood: -7226.890
7. Current log-likelihood: -7226.872
8. Current log-likelihood: -7226.856
9. Current log-likelihood: -7226.841
10. Current log-likelihood: -7226.827
11. Current log-likelihood: -7226.815
12. Current log-likelihood: -7226.802
13. Current log-likelihood: -7226.791
14. Current log-likelihood: -7226.780
15. Current log-likelihood: -7226.770
Optimal log-likelihood: -7226.760
Rate parameters:  A-C: 54.963  A-G: 100.000  A-T: 14.429  C-G: 33.846  C-T: 100.000  G-T: 1.000
Base frequencies:   A: 0.408  C: 0.146  G: 0.182  T: 0.264
Gamma shape alpha: 0.515
Parameters optimization took 15 rounds (0.082 sec)

WARNING: Estimated model parameters are at boundary that can cause numerical instability!

BEST SCORE FOUND : -7226.760
Creating bootstrap support values...
Split supports printed to NEXUS file ./results/gene7.phy.splits.nex
Total tree length: 3.298

Total number of iterations: 102
CPU time used for tree search: 4.862 sec (0h:0m:4s)
Wall-clock time used for tree search: 5.229 sec (0h:0m:5s)
Total CPU time used: 16.895 sec (0h:0m:16s)
Total wall-clock time used: 20.690 sec (0h:0m:20s)

Computing bootstrap consensus tree...
Reading input file ./results/gene7.phy.splits.nex...
10 taxa and 89 splits.
Consensus tree written to ./results/gene7.phy.contree
Reading input trees file ./results/gene7.phy.contree
Log-likelihood of consensus tree: -7226.761

Analysis results written to: 
  IQ-TREE report:                ./results/gene7.phy.iqtree
  Maximum-likelihood tree:       ./results/gene7.phy.treefile
  Likelihood distances:          ./results/gene7.phy.mldist

Ultrafast bootstrap approximation results written to:
  Split support values:          ./results/gene7.phy.splits.nex
  Consensus tree:                ./results/gene7.phy.contree
  Screen log file:               ./results/gene7.phy.log

Date and Time: Tue Aug 22 17:58:53 2017
