IQ-TREE multicore version 1.5.4 for Linux 64-bit built Apr  2 2017
Copyright (c) 2011-2017 by Bui Quang Minh, Nguyen Lam Tung,
Olga Chernomor, Heiko Schmidt, and Arndt von Haeseler.

Host:    hpc-crick (AVX, 251 GB RAM)
Command: iqtree -s ./results/gene15.phy -nt 1 -bb 1000
Seed:    591370 (Using SPRNG - Scalable Parallel Random Number Generator)
Time:    Tue Aug 22 17:21:47 2017
Kernel:  AVX - 1 threads (40 CPU cores detected)

Reading alignment file ./results/gene15.phy ... Phylip format detected
Alignment most likely contains DNA/RNA sequences
Alignment has 10 sequences with 1000 columns and 460 patterns (321 informative sites, 430 constant sites)
   Gap/Ambiguity  Composition  p-value
   1  A    0.00%    passed     74.15%
   2  B    0.00%    passed     97.80%
   3  C    0.00%    passed     92.25%
   4  D    0.00%    passed     87.39%
   5  E    0.00%    passed     91.57%
   6  F    0.00%    passed     41.93%
   7  G    0.00%    passed     97.17%
   8  H    0.00%    passed     73.08%
   9  I    0.00%    passed     93.01%
  10  J    0.00%    passed     97.53%
****  TOTAL    0.00%  0 sequences failed composition chi2 test (p-value<5%; df=3)

Create initial parsimony tree by phylogenetic likelihood library (PLL)... 0.001 seconds

NOTE: ModelFinder requires 3 MB RAM!
ModelFinder will test 286 DNA models (sample size: 1000) ...
 No. Model         -LnL         df  AIC          AICc         BIC
  1  JC            7381.502     17  14797.004    14797.628    14880.436
  2  JC+I          7086.642     18  14209.284    14209.981    14297.624
  3  JC+G4         7024.612     18  14085.225    14085.922    14173.564
  4  JC+I+G4       7025.294     19  14088.588    14089.363    14181.835
  5  JC+R2         7028.128     19  14094.255    14095.031    14187.502
  6  JC+R3         7023.983     21  14089.966    14090.911    14193.029
  7  JC+R4         Skipped 
  8  JC+R5         Skipped 
  9  JC+R6         Skipped 
 10  JC+R7         Skipped 
 11  JC+R8         Skipped 
 12  JC+R9         Skipped 
 13  JC+R10        Skipped 
 14  F81           7284.500     20  14609.000    14609.858    14707.155
 15  F81+I         6987.075     21  14016.151    14017.096    14119.214
 16  F81+G4        6912.247     21  13866.495    13867.440    13969.558
 17  F81+I+G4      6912.726     22  13869.452    13870.488    13977.423
 18  F81+R2        6919.574     22  13883.147    13884.183    13991.118
 19  F81+R3        6912.103     24  13872.206    13873.436    13989.992
 20  F81+R4        6912.074     26  13876.148    13877.591    14003.750
 21  F81+R5        Skipped 
 22  F81+R6        Skipped 
 23  F81+R7        Skipped 
 24  F81+R8        Skipped 
 25  F81+R9        Skipped 
 26  F81+R10       Skipped 
 27  K2P           7244.788     18  14525.575    14526.273    14613.915
 28  K2P+I         6936.938     19  13911.875    13912.651    14005.122
 29  K2P+G4        6858.294     19  13754.588    13755.363    13847.835
 30  K2P+I+G4      6858.569     20  13757.137    13757.995    13855.292
 31  K2P+R2        6866.944     20  13773.888    13774.746    13872.043
 32  K2P+R3        6858.162     22  13760.325    13761.361    13868.295
 33  K2P+R4        6858.129     24  13764.259    13765.490    13882.045
 34  K2P+R5        Skipped 
 35  K2P+R6        Skipped 
 36  K2P+R7        Skipped 
 37  K2P+R8        Skipped 
 38  K2P+R9        Skipped 
 39  K2P+R10       Skipped 
 40  HKY           7136.312     21  14314.624    14315.569    14417.687
 41  HKY+I         6821.768     22  13687.536    13688.572    13795.507
 42  HKY+G4        6723.835     22  13491.671    13492.707    13599.642
 43  HKY+I+G4      6724.220     23  13494.440    13495.571    13607.319
 44  HKY+R2        6735.843     23  13517.686    13518.817    13630.564
 45  HKY+R3        6723.651     25  13497.302    13498.637    13619.996
 46  HKY+R4        6723.451     27  13500.903    13502.458    13633.412
 47  HKY+R5        Skipped 
 48  HKY+R6        Skipped 
 49  HKY+R7        Skipped 
 50  HKY+R8        Skipped 
 51  HKY+R9        Skipped 
 52  HKY+R10       Skipped 
 53  TNe           7244.324     19  14526.648    14527.424    14619.895
 54  TNe+I         6935.454     20  13910.909    13911.767    14009.064
 55  TNe+G4        6857.438     20  13754.876    13755.734    13853.031
 56  TNe+I+G4      6857.477     21  13756.953    13757.898    13860.016
 57  TNe+R2        6866.185     21  13774.371    13775.316    13877.434
 58  TNe+R3        6857.254     23  13760.508    13761.639    13873.386
 59  TNe+R4        6857.233     25  13764.465    13765.800    13887.159
 60  TNe+R5        Skipped 
 61  TNe+R6        Skipped 
 62  TNe+R7        Skipped 
 63  TNe+R8        Skipped 
 64  TNe+R9        Skipped 
 65  TNe+R10       Skipped 
 66  TN            7135.344     22  14314.688    14315.724    14422.659
 67  TN+I          6821.285     23  13688.570    13689.701    13801.449
 68  TN+G4         6722.493     23  13490.986    13492.118    13603.865
 69  TN+I+G4       6722.943     24  13493.886    13495.117    13611.672
 70  TN+R2         6735.094     24  13518.189    13519.420    13635.975
 71  TN+R3         6722.183     26  13496.366    13497.809    13623.967
 72  TN+R4         6722.034     28  13500.067    13501.740    13637.485
 73  TN+R5         Skipped 
 74  TN+R6         Skipped 
 75  TN+R7         Skipped 
 76  TN+R8         Skipped 
 77  TN+R9         Skipped 
 78  TN+R10        Skipped 
 79  K3P           7243.530     19  14525.059    14525.835    14618.306
 80  K3P+I         6936.014     20  13912.029    13912.887    14010.184
 81  K3P+G4        6856.209     20  13752.418    13753.276    13850.573
 82  K3P+I+G4      6856.289     21  13754.577    13755.522    13857.640
 83  K3P+R2        6865.096     21  13772.192    13773.137    13875.255
 84  K3P+R3        6856.053     23  13758.106    13759.237    13870.984
 85  K3P+R4        6856.042     25  13762.084    13763.418    13884.777
 86  K3P+R5        Skipped 
 87  K3P+R6        Skipped 
 88  K3P+R7        Skipped 
 89  K3P+R8        Skipped 
 90  K3P+R9        Skipped 
 91  K3P+R10       Skipped 
 92  K3Pu          7129.313     22  14302.625    14303.661    14410.596
 93  K3Pu+I        6813.691     23  13673.383    13674.514    13786.261
 94  K3Pu+G4       6710.686     23  13467.371    13468.502    13580.250
 95  K3Pu+I+G4     6710.953     24  13469.905    13471.136    13587.691
 96  K3Pu+R2       6723.258     24  13494.516    13495.747    13612.302
 97  K3Pu+R3       6710.671     26  13473.342    13474.785    13600.943
 98  K3Pu+R4       6710.394     28  13476.788    13478.460    13614.205
 99  K3Pu+R5       Skipped 
100  K3Pu+R6       Skipped 
101  K3Pu+R7       Skipped 
102  K3Pu+R8       Skipped 
103  K3Pu+R9       Skipped 
104  K3Pu+R10      Skipped 
105  TPM2          7129.126     22  14302.251    14303.287    14410.222
106  TPM2+I        6813.621     23  13673.242    13674.373    13786.121
107  TPM2+G4       6722.202     23  13490.405    13491.536    13603.283
108  TPM2+I+G4     6722.346     24  13492.692    13493.922    13610.478
109  TPM2+R2       6733.920     24  13515.840    13517.070    13633.626
110  TPM2+R3       6721.669     26  13495.337    13496.780    13622.939
111  TPM2+R4       6721.599     28  13499.197    13500.870    13636.614
112  TPM2+R5       Skipped 
113  TPM2+R6       Skipped 
114  TPM2+R7       Skipped 
115  TPM2+R8       Skipped 
116  TPM2+R9       Skipped 
117  TPM2+R10      Skipped 
118  TPM2u         7129.131     22  14302.263    14303.299    14410.234
119  TPM2u+I       6813.618     23  13673.236    13674.367    13786.114
120  TPM2u+G4      6722.180     23  13490.359    13491.490    13603.237
121  TPM2u+I+G4    6722.331     24  13492.662    13493.893    13610.448
122  TPM2u+R2      6733.906     24  13515.812    13517.043    13633.598
123  TPM2u+R3      6721.650     26  13495.300    13496.743    13622.901
124  TPM2u+R4      6721.578     28  13499.157    13500.829    13636.574
125  TPM2u+R5      Skipped 
126  TPM2u+R6      Skipped 
127  TPM2u+R7      Skipped 
128  TPM2u+R8      Skipped 
129  TPM2u+R9      Skipped 
130  TPM2u+R10     Skipped 
131  TPM3          7124.589     22  14293.179    14294.214    14401.149
132  TPM3+I        6804.094     23  13654.188    13655.319    13767.066
133  TPM3+G4       6703.058     23  13452.116    13453.247    13564.994
134  TPM3+I+G4     6703.411     24  13454.821    13456.052    13572.607
135  TPM3+R2       6716.891     24  13481.782    13483.013    13599.568
136  TPM3+R3       6702.673     26  13457.347    13458.790    13584.948
137  TPM3+R4       6702.600     28  13461.201    13462.873    13598.618
138  TPM3+R5       Skipped 
139  TPM3+R6       Skipped 
140  TPM3+R7       Skipped 
141  TPM3+R8       Skipped 
142  TPM3+R9       Skipped 
143  TPM3+R10      Skipped 
144  TPM3u         7124.645     22  14293.290    14294.326    14401.261
145  TPM3u+I       6804.092     23  13654.184    13655.315    13767.063
146  TPM3u+G4      6703.245     23  13452.490    13453.621    13565.369
147  TPM3u+I+G4    6703.398     24  13454.797    13456.028    13572.583
148  TPM3u+R2      6716.920     24  13481.839    13483.070    13599.626
149  TPM3u+R3      6702.670     26  13457.339    13458.782    13584.941
150  TPM3u+R4      6702.596     28  13461.192    13462.865    13598.609
151  TPM3u+R5      Skipped 
152  TPM3u+R6      Skipped 
153  TPM3u+R7      Skipped 
154  TPM3u+R8      Skipped 
155  TPM3u+R9      Skipped 
156  TPM3u+R10     Skipped 
157  TIMe          7243.054     20  14526.107    14526.965    14624.262
158  TIMe+I        6934.499     21  13910.998    13911.942    14014.061
159  TIMe+G4       6855.386     21  13752.773    13753.718    13855.836
160  TIMe+I+G4     6855.336     22  13754.672    13755.708    13862.643
161  TIMe+R2       6864.386     22  13772.773    13773.808    13880.743
162  TIMe+R3       6855.222     24  13758.445    13759.676    13876.231
163  TIMe+R4       6855.200     26  13762.399    13763.842    13890.001
164  TIMe+R5       Skipped 
165  TIMe+R6       Skipped 
166  TIMe+R7       Skipped 
167  TIMe+R8       Skipped 
168  TIMe+R9       Skipped 
169  TIMe+R10      Skipped 
170  TIM           7128.222     23  14302.444    14303.575    14415.323
171  TIM+I         6813.087     24  13674.174    13675.405    13791.960
172  TIM+G4        6709.727     24  13467.454    13468.685    13585.240
173  TIM+I+G4      6710.074     25  13470.148    13471.483    13592.842
174  TIM+R2        6722.601     25  13495.201    13496.536    13617.895
175  TIM+R3        6709.505     27  13473.009    13474.565    13605.518
176  TIM+R4        6709.364     29  13476.728    13478.521    13619.052
177  TIM+R5        Skipped 
178  TIM+R6        Skipped 
179  TIM+R7        Skipped 
180  TIM+R8        Skipped 
181  TIM+R9        Skipped 
182  TIM+R10       Skipped 
183  TIM2e         7215.546     20  14471.091    14471.949    14569.246
184  TIM2e+I       6901.934     21  13845.868    13846.813    13948.931
185  TIM2e+G4      6822.665     21  13687.331    13688.275    13790.394
186  TIM2e+I+G4    6822.185     22  13688.370    13689.406    13796.340
187  TIM2e+R2      6831.481     22  13706.962    13707.998    13814.932
188  TIM2e+R3      6822.098     24  13692.195    13693.426    13809.981
189  TIM2e+R4      6821.863     26  13695.725    13697.168    13823.327
190  TIM2e+R5      Skipped 
191  TIM2e+R6      Skipped 
192  TIM2e+R7      Skipped 
193  TIM2e+R8      Skipped 
194  TIM2e+R9      Skipped 
195  TIM2e+R10     Skipped 
196  TIM2          7128.028     23  14302.056    14303.188    14414.935
197  TIM2+I        6813.201     24  13674.403    13675.634    13792.189
198  TIM2+G4       6720.386     24  13488.771    13490.002    13606.557
199  TIM2+I+G4     6720.581     25  13491.163    13492.497    13613.857
200  TIM2+R2       6732.853     25  13515.705    13517.040    13638.399
201  TIM2+R3       6720.052     27  13494.103    13495.659    13626.612
202  TIM2+R4       6719.852     29  13497.704    13499.498    13640.029
203  TIM2+R5       Skipped 
204  TIM2+R6       Skipped 
205  TIM2+R7       Skipped 
206  TIM2+R8       Skipped 
207  TIM2+R9       Skipped 
208  TIM2+R10      Skipped 
209  TIM3e         7242.071     20  14524.141    14524.999    14622.296
210  TIM3e+I       6932.012     21  13906.023    13906.968    14009.086
211  TIM3e+G4      6854.308     21  13750.615    13751.560    13853.678
212  TIM3e+I+G4    6854.211     22  13752.422    13753.457    13860.392
213  TIM3e+R2      6863.197     22  13770.395    13771.431    13878.366
214  TIM3e+R3      6854.141     24  13756.282    13757.513    13874.068
215  TIM3e+R4      6854.083     26  13760.166    13761.609    13887.768
216  TIM3e+R5      Skipped 
217  TIM3e+R6      Skipped 
218  TIM3e+R7      Skipped 
219  TIM3e+R8      Skipped 
220  TIM3e+R9      Skipped 
221  TIM3e+R10     Skipped 
222  TIM3          7122.535     23  14291.070    14292.201    14403.949
223  TIM3+I        6802.529     24  13653.058    13654.289    13770.844
224  TIM3+G4       6700.261     24  13448.521    13449.752    13566.308
225  TIM3+I+G4     6700.460     25  13450.920    13452.255    13573.614
226  TIM3+R2       6714.883     25  13479.766    13481.101    13602.460
227  TIM3+R3       6699.923     27  13453.847    13455.402    13586.356
228  TIM3+R4       6699.456     29  13456.911    13458.705    13599.236
229  TIM3+R5       Skipped 
230  TIM3+R6       Skipped 
231  TIM3+R7       Skipped 
232  TIM3+R8       Skipped 
233  TIM3+R9       Skipped 
234  TIM3+R10      Skipped 
235  TVMe          7212.115     21  14466.231    14467.175    14569.293
236  TVMe+I        6899.077     22  13842.153    13843.189    13950.124
237  TVMe+G4       6818.329     22  13680.657    13681.693    13788.628
238  TVMe+I+G4     6817.956     23  13681.912    13683.043    13794.790
239  TVMe+R2       6826.964     23  13699.928    13701.059    13812.807
240  TVMe+R3       6817.648     25  13685.296    13686.631    13807.990
241  TVMe+R4       6817.552     27  13689.103    13690.659    13821.613
242  TVMe+R5       Skipped 
243  TVMe+R6       Skipped 
244  TVMe+R7       Skipped 
245  TVMe+R8       Skipped 
246  TVMe+R9       Skipped 
247  TVMe+R10      Skipped 
248  TVM           7114.261     24  14276.523    14277.753    14394.309
249  TVM+I         6793.143     25  13636.285    13637.620    13758.979
250  TVM+G4        6695.815     25  13441.630    13442.965    13564.324
251  TVM+I+G4      6696.044     26  13444.088    13445.531    13571.689
252  TVM+R2        6709.486     26  13470.972    13472.415    13598.573
253  TVM+R3        6695.635     28  13447.270    13448.942    13584.687
254  TVM+R4        6695.413     30  13450.827    13452.746    13598.060
255  TVM+R5        Skipped 
256  TVM+R6        Skipped 
257  TVM+R7        Skipped 
258  TVM+R8        Skipped 
259  TVM+R9        Skipped 
260  TVM+R10       Skipped 
261  SYM           7211.571     22  14467.142    14468.178    14575.113
262  SYM+I         6897.606     23  13841.211    13842.342    13954.089
263  SYM+G4        6816.576     23  13679.151    13680.282    13792.030
264  SYM+I+G4      6816.107     24  13680.214    13681.445    13798.000
265  SYM+R2        6825.697     24  13699.394    13700.625    13817.180
266  SYM+R3        6815.680     26  13683.360    13684.803    13810.962
267  SYM+R4        6815.591     28  13687.182    13688.854    13824.599
268  SYM+R5        Skipped 
269  SYM+R6        Skipped 
270  SYM+R7        Skipped 
271  SYM+R8        Skipped 
272  SYM+R9        Skipped 
273  SYM+R10       Skipped 
274  GTR           7112.148     25  14274.297    14275.632    14396.991
275  GTR+I         6791.730     26  13635.460    13636.903    13763.061
276  GTR+G4        6691.956     26  13435.912    13437.355    13563.514
277  GTR+I+G4      6692.390     27  13438.780    13440.336    13571.290
278  GTR+R2        6707.419     27  13468.838    13470.393    13601.347
279  GTR+R3        6691.715     29  13441.430    13443.224    13583.755
280  GTR+R4        6691.679     31  13445.358    13447.408    13597.499
281  GTR+R5        Skipped 
282  GTR+R6        Skipped 
283  GTR+R7        Skipped 
284  GTR+R8        Skipped 
285  GTR+R9        Skipped 
286  GTR+R10       Skipped 
Akaike Information Criterion:           GTR+G4
Corrected Akaike Information Criterion: GTR+G4
Bayesian Information Criterion:         GTR+G4
Best-fit model: GTR+G4 chosen according to BIC

All model information printed to ./results/gene15.phy.model
CPU time for ModelFinder: 13.513 seconds (0h:0m:13s)
Wall-clock time for ModelFinder: 14.812 seconds (0h:0m:14s)
Generating 1000 samples for ultrafast bootstrap (seed: 591370)...

NOTE: 2 MB RAM (0 GB) is required!
Estimate model parameters (epsilon = 0.100)
1. Initial log-likelihood: -7002.874
2. Current log-likelihood: -6704.722
3. Current log-likelihood: -6693.316
4. Current log-likelihood: -6692.563
5. Current log-likelihood: -6692.335
Optimal log-likelihood: -6692.297
Rate parameters:  A-C: 3.094  A-G: 4.537  A-T: 0.614  C-G: 1.152  C-T: 6.900  G-T: 1.000
Base frequencies:   A: 0.404  C: 0.153  G: 0.193  T: 0.251
Gamma shape alpha: 0.418
Parameters optimization took 5 rounds (0.109 sec)
Computing ML distances based on estimated model parameters... 0.002 sec
Computing BIONJ tree...
0.000 seconds
Log-likelihood of BIONJ tree: -6684.760
--------------------------------------------------------------------
|             INITIALIZING CANDIDATE TREE SET                      |
--------------------------------------------------------------------
Generating 98 parsimony trees... 0.082 second
Computing log-likelihood of 98 initial trees ... 0.449 seconds
Current best score: -6684.760

Do NNI search on 20 best initial trees
Estimate model parameters (epsilon = 0.100)
BETTER TREE FOUND at iteration 1: -6683.903
UPDATE BEST LOG-LIKELIHOOD: -6683.902
Iteration 10 / LogL: -6683.944 / Time: 0h:0m:15s
UPDATE BEST LOG-LIKELIHOOD: -6683.901
UPDATE BEST LOG-LIKELIHOOD: -6683.900
Iteration 20 / LogL: -6683.905 / Time: 0h:0m:16s
Finish initializing candidate tree set (1)
Current best tree score: -6683.900 / CPU time: 1.419
Number of iterations: 20
--------------------------------------------------------------------
|               OPTIMIZING CANDIDATE TREE SET                      |
--------------------------------------------------------------------
UPDATE BEST LOG-LIKELIHOOD: -6683.900
UPDATE BEST LOG-LIKELIHOOD: -6683.900
UPDATE BEST LOG-LIKELIHOOD: -6683.899
Iteration 30 / LogL: -6683.900 / Time: 0h:0m:16s (0h:0m:4s left)
Iteration 40 / LogL: -6683.901 / Time: 0h:0m:17s (0h:0m:3s left)
Iteration 50 / LogL: -6687.197 / Time: 0h:0m:17s (0h:0m:2s left)
Log-likelihood cutoff on original alignment: -6693.233
UPDATE BEST LOG-LIKELIHOOD: -6683.899
Iteration 60 / LogL: -6683.900 / Time: 0h:0m:17s (0h:0m:2s left)
Iteration 70 / LogL: -6683.902 / Time: 0h:0m:18s (0h:0m:1s left)
Iteration 80 / LogL: -6683.907 / Time: 0h:0m:18s (0h:0m:1s left)
Iteration 90 / LogL: -6683.901 / Time: 0h:0m:19s (0h:0m:0s left)
Iteration 100 / LogL: -6684.856 / Time: 0h:0m:20s (0h:0m:0s left)
Log-likelihood cutoff on original alignment: -6694.908
NOTE: Bootstrap correlation coefficient of split occurrence frequencies: 0.973
NOTE: UFBoot does not converge, continue at least 100 more iterations
Iteration 110 / LogL: -6683.909 / Time: 0h:0m:20s (0h:0m:4s left)
Iteration 120 / LogL: -6685.633 / Time: 0h:0m:20s (0h:0m:4s left)
Iteration 130 / LogL: -6684.856 / Time: 0h:0m:21s (0h:0m:3s left)
UPDATE BEST LOG-LIKELIHOOD: -6683.899
Iteration 140 / LogL: -6683.899 / Time: 0h:0m:21s (0h:0m:3s left)
Iteration 150 / LogL: -6684.856 / Time: 0h:0m:22s (0h:0m:2s left)
Log-likelihood cutoff on original alignment: -6694.908
Iteration 160 / LogL: -6685.637 / Time: 0h:0m:22s (0h:0m:1s left)
Iteration 170 / LogL: -6684.856 / Time: 0h:0m:22s (0h:0m:1s left)
Iteration 180 / LogL: -6684.856 / Time: 0h:0m:23s (0h:0m:0s left)
Iteration 190 / LogL: -6685.633 / Time: 0h:0m:23s (0h:0m:0s left)
Iteration 200 / LogL: -6684.857 / Time: 0h:0m:23s (0h:0m:0s left)
Log-likelihood cutoff on original alignment: -6694.526
NOTE: Bootstrap correlation coefficient of split occurrence frequencies: 0.929
NOTE: UFBoot does not converge, continue at least 100 more iterations
Iteration 210 / LogL: -6684.863 / Time: 0h:0m:24s (0h:0m:4s left)
Iteration 220 / LogL: -6685.419 / Time: 0h:0m:24s (0h:0m:3s left)
Iteration 230 / LogL: -6684.856 / Time: 0h:0m:24s (0h:0m:3s left)
Iteration 240 / LogL: -6685.104 / Time: 0h:0m:25s (0h:0m:2s left)
Iteration 250 / LogL: -6684.856 / Time: 0h:0m:25s (0h:0m:2s left)
Log-likelihood cutoff on original alignment: -6694.526
Iteration 260 / LogL: -6685.419 / Time: 0h:0m:25s (0h:0m:1s left)
Iteration 270 / LogL: -6684.856 / Time: 0h:0m:26s (0h:0m:1s left)
Iteration 280 / LogL: -6683.903 / Time: 0h:0m:26s (0h:0m:0s left)
Iteration 290 / LogL: -6685.103 / Time: 0h:0m:27s (0h:0m:0s left)
Iteration 300 / LogL: -6685.419 / Time: 0h:0m:27s (0h:0m:0s left)
Log-likelihood cutoff on original alignment: -6694.947
NOTE: Bootstrap correlation coefficient of split occurrence frequencies: 0.917
NOTE: UFBoot does not converge, continue at least 100 more iterations
UPDATE BEST LOG-LIKELIHOOD: -6683.899
Iteration 310 / LogL: -6683.899 / Time: 0h:0m:27s (0h:0m:3s left)
Iteration 320 / LogL: -6683.974 / Time: 0h:0m:28s (0h:0m:3s left)
Iteration 330 / LogL: -6683.902 / Time: 0h:0m:28s (0h:0m:2s left)
Iteration 340 / LogL: -6684.856 / Time: 0h:0m:28s (0h:0m:2s left)
Iteration 350 / LogL: -6687.431 / Time: 0h:0m:29s (0h:0m:2s left)
Log-likelihood cutoff on original alignment: -6694.947
UPDATE BEST LOG-LIKELIHOOD: -6683.899
Iteration 360 / LogL: -6683.899 / Time: 0h:0m:29s (0h:0m:1s left)
Iteration 370 / LogL: -6684.856 / Time: 0h:0m:29s (0h:0m:1s left)
Iteration 380 / LogL: -6684.857 / Time: 0h:0m:30s (0h:0m:0s left)
Iteration 390 / LogL: -6684.116 / Time: 0h:0m:30s (0h:0m:0s left)
Iteration 400 / LogL: -6683.900 / Time: 0h:0m:30s (0h:0m:0s left)
Log-likelihood cutoff on original alignment: -6694.947
NOTE: Bootstrap correlation coefficient of split occurrence frequencies: 0.994
TREE SEARCH COMPLETED AFTER 400 ITERATIONS / Time: 0h:0m:30s

--------------------------------------------------------------------
|                    FINALIZING TREE SEARCH                        |
--------------------------------------------------------------------
Performs final model parameters optimization
Estimate model parameters (epsilon = 0.010)
1. Initial log-likelihood: -6683.899
2. Current log-likelihood: -6683.886
Optimal log-likelihood: -6683.877
Rate parameters:  A-C: 3.139  A-G: 4.530  A-T: 0.648  C-G: 1.166  C-T: 6.908  G-T: 1.000
Base frequencies:   A: 0.404  C: 0.153  G: 0.193  T: 0.251
Gamma shape alpha: 0.428
Parameters optimization took 2 rounds (0.017 sec)
BEST SCORE FOUND : -6683.877
Creating bootstrap support values...
Split supports printed to NEXUS file ./results/gene15.phy.splits.nex
Total tree length: 2.616

Total number of iterations: 400
CPU time used for tree search: 14.748 sec (0h:0m:14s)
Wall-clock time used for tree search: 15.999 sec (0h:0m:15s)
Total CPU time used: 28.435 sec (0h:0m:28s)
Total wall-clock time used: 31.002 sec (0h:0m:31s)

Computing bootstrap consensus tree...
Reading input file ./results/gene15.phy.splits.nex...
10 taxa and 163 splits.
Consensus tree written to ./results/gene15.phy.contree
Reading input trees file ./results/gene15.phy.contree
Log-likelihood of consensus tree: -6685.107

Analysis results written to: 
  IQ-TREE report:                ./results/gene15.phy.iqtree
  Maximum-likelihood tree:       ./results/gene15.phy.treefile
  Likelihood distances:          ./results/gene15.phy.mldist

Ultrafast bootstrap approximation results written to:
  Split support values:          ./results/gene15.phy.splits.nex
  Consensus tree:                ./results/gene15.phy.contree
  Screen log file:               ./results/gene15.phy.log

Date and Time: Tue Aug 22 17:22:18 2017
