IQ-TREE multicore version 1.5.4 for Linux 64-bit built Apr  2 2017
Copyright (c) 2011-2017 by Bui Quang Minh, Nguyen Lam Tung,
Olga Chernomor, Heiko Schmidt, and Arndt von Haeseler.

Host:    hpc-crick (AVX, 251 GB RAM)
Command: iqtree -s ./results/gene2.phy -nt 1 -bb 1000
Seed:    7390 (Using SPRNG - Scalable Parallel Random Number Generator)
Time:    Tue Aug 22 17:16:41 2017
Kernel:  AVX - 1 threads (40 CPU cores detected)

Reading alignment file ./results/gene2.phy ... Phylip format detected
Alignment most likely contains DNA/RNA sequences
Alignment has 10 sequences with 1000 columns and 527 patterns (394 informative sites, 383 constant sites)
   Gap/Ambiguity  Composition  p-value
   1  A    0.00%    passed     58.48%
   2  B    0.00%    passed     66.78%
   3  C    0.00%    passed     70.01%
   4  D    0.00%    passed     93.50%
   5  E    0.00%    passed     88.81%
   6  F    0.00%    passed     59.82%
   7  G    0.00%    passed     80.90%
   8  H    0.00%    passed     71.74%
   9  I    0.00%    passed     92.24%
  10  J    0.00%    passed     99.61%
****  TOTAL    0.00%  0 sequences failed composition chi2 test (p-value<5%; df=3)

Create initial parsimony tree by phylogenetic likelihood library (PLL)... 0.001 seconds

NOTE: ModelFinder requires 3 MB RAM!
ModelFinder will test 286 DNA models (sample size: 1000) ...
 No. Model         -LnL         df  AIC          AICc         BIC
  1  JC            8043.226     17  16120.451    16121.075    16203.883
  2  JC+I          7741.008     18  15518.016    15518.714    15606.356
  3  JC+G4         7698.121     18  15432.242    15432.940    15520.582
  4  JC+I+G4       7694.734     19  15427.467    15428.243    15520.714
  5  JC+R2         7694.356     19  15426.711    15427.487    15519.959
  6  JC+R3         7691.756     21  15425.511    15426.456    15528.574
  7  JC+R4         Skipped 
  8  JC+R5         Skipped 
  9  JC+R6         Skipped 
 10  JC+R7         Skipped 
 11  JC+R8         Skipped 
 12  JC+R9         Skipped 
 13  JC+R10        Skipped 
 14  F81           7939.318     20  15918.636    15919.494    16016.791
 15  F81+I         7630.616     21  15303.231    15304.176    15406.294
 16  F81+G4        7570.879     21  15183.757    15184.702    15286.820
 17  F81+I+G4      7568.829     22  15181.658    15182.693    15289.628
 18  F81+R2        7571.482     22  15186.963    15187.999    15294.934
 19  F81+R3        7566.734     24  15181.468    15182.699    15299.254
 20  F81+R4        Skipped 
 21  F81+R5        Skipped 
 22  F81+R6        Skipped 
 23  F81+R7        Skipped 
 24  F81+R8        Skipped 
 25  F81+R9        Skipped 
 26  F81+R10       Skipped 
 27  K2P           7912.085     18  15860.171    15860.868    15948.510
 28  K2P+I         7598.868     19  15235.737    15236.512    15328.984
 29  K2P+G4        7542.138     19  15122.275    15123.051    15215.523
 30  K2P+I+G4      7539.834     20  15119.668    15120.526    15217.823
 31  K2P+R2        7543.594     20  15127.189    15128.047    15225.344
 32  K2P+R3        7538.447     22  15120.894    15121.930    15228.865
 33  K2P+R4        Skipped 
 34  K2P+R5        Skipped 
 35  K2P+R6        Skipped 
 36  K2P+R7        Skipped 
 37  K2P+R8        Skipped 
 38  K2P+R9        Skipped 
 39  K2P+R10       Skipped 
 40  HKY           7792.537     21  15627.074    15628.019    15730.137
 41  HKY+I         7471.116     22  14986.231    14987.267    15094.202
 42  HKY+G4        7399.025     22  14842.050    14843.085    14950.020
 43  HKY+I+G4      7396.902     23  14839.805    14840.936    14952.683
 44  HKY+R2        7407.436     23  14860.872    14862.003    14973.750
 45  HKY+R3        7396.684     25  14843.367    14844.702    14966.061
 46  HKY+R4        7396.640     27  14847.279    14848.835    14979.789
 47  HKY+R5        Skipped 
 48  HKY+R6        Skipped 
 49  HKY+R7        Skipped 
 50  HKY+R8        Skipped 
 51  HKY+R9        Skipped 
 52  HKY+R10       Skipped 
 53  TNe           7907.711     19  15853.422    15854.197    15946.669
 54  TNe+I         7592.824     20  15225.647    15226.505    15323.802
 55  TNe+G4        7537.452     20  15114.903    15115.761    15213.058
 56  TNe+I+G4      7534.461     21  15110.923    15111.867    15213.985
 57  TNe+R2        7539.891     21  15121.783    15122.728    15224.846
 58  TNe+R3        7533.828     23  15113.657    15114.788    15226.535
 59  TNe+R4        Skipped 
 60  TNe+R5        Skipped 
 61  TNe+R6        Skipped 
 62  TNe+R7        Skipped 
 63  TNe+R8        Skipped 
 64  TNe+R9        Skipped 
 65  TNe+R10       Skipped 
 66  TN            7792.290     22  15628.580    15629.616    15736.551
 67  TN+I          7470.184     23  14986.369    14987.500    15099.247
 68  TN+G4         7398.981     23  14843.961    14845.092    14956.840
 69  TN+I+G4       7396.739     24  14841.477    14842.708    14959.263
 70  TN+R2         7407.336     24  14862.673    14863.904    14980.459
 71  TN+R3         7396.694     26  14845.388    14846.831    14972.990
 72  TN+R4         7396.414     28  14848.828    14850.500    14986.245
 73  TN+R5         Skipped 
 74  TN+R6         Skipped 
 75  TN+R7         Skipped 
 76  TN+R8         Skipped 
 77  TN+R9         Skipped 
 78  TN+R10        Skipped 
 79  K3P           7909.630     19  15857.259    15858.035    15950.506
 80  K3P+I         7596.599     20  15233.199    15234.057    15331.354
 81  K3P+G4        7539.124     20  15118.248    15119.106    15216.403
 82  K3P+I+G4      7536.852     21  15115.705    15116.649    15218.767
 83  K3P+R2        7540.829     21  15123.659    15124.604    15226.722
 84  K3P+R3        7535.563     23  15117.125    15118.256    15230.004
 85  K3P+R4        Skipped 
 86  K3P+R5        Skipped 
 87  K3P+R6        Skipped 
 88  K3P+R7        Skipped 
 89  K3P+R8        Skipped 
 90  K3P+R9        Skipped 
 91  K3P+R10       Skipped 
 92  K3Pu          7780.145     22  15604.290    15605.326    15712.261
 93  K3Pu+I        7462.065     23  14970.130    14971.262    15083.009
 94  K3Pu+G4       7385.542     23  14817.084    14818.215    14929.963
 95  K3Pu+I+G4     7383.451     24  14814.903    14816.134    14932.689
 96  K3Pu+R2       7394.719     24  14837.438    14838.669    14955.224
 97  K3Pu+R3       7383.038     26  14818.076    14819.519    14945.678
 98  K3Pu+R4       7382.964     28  14821.929    14823.601    14959.346
 99  K3Pu+R5       Skipped 
100  K3Pu+R6       Skipped 
101  K3Pu+R7       Skipped 
102  K3Pu+R8       Skipped 
103  K3Pu+R9       Skipped 
104  K3Pu+R10      Skipped 
105  TPM2          7790.773     22  15625.545    15626.581    15733.516
106  TPM2+I        7469.421     23  14984.842    14985.973    15097.720
107  TPM2+G4       7398.571     23  14843.142    14844.273    14956.020
108  TPM2+I+G4     7396.522     24  14841.043    14842.274    14958.829
109  TPM2+R2       7405.979     24  14859.958    14861.189    14977.744
110  TPM2+R3       7396.127     26  14844.254    14845.697    14971.856
111  TPM2+R4       7396.093     28  14848.185    14849.858    14985.603
112  TPM2+R5       Skipped 
113  TPM2+R6       Skipped 
114  TPM2+R7       Skipped 
115  TPM2+R8       Skipped 
116  TPM2+R9       Skipped 
117  TPM2+R10      Skipped 
118  TPM2u         7790.773     22  15625.545    15626.581    15733.516
119  TPM2u+I       7469.420     23  14984.839    14985.971    15097.718
120  TPM2u+G4      7398.531     23  14843.063    14844.194    14955.941
121  TPM2u+I+G4    7396.429     24  14840.859    14842.090    14958.645
122  TPM2u+R2      7405.965     24  14859.930    14861.160    14977.716
123  TPM2u+R3      7396.136     26  14844.272    14845.715    14971.873
124  TPM2u+R4      7396.092     28  14848.184    14849.857    14985.602
125  TPM2u+R5      Skipped 
126  TPM2u+R6      Skipped 
127  TPM2u+R7      Skipped 
128  TPM2u+R8      Skipped 
129  TPM2u+R9      Skipped 
130  TPM2u+R10     Skipped 
131  TPM3          7768.849     22  15581.699    15582.735    15689.669
132  TPM3+I        7459.373     23  14964.746    14965.877    15077.624
133  TPM3+G4       7370.364     23  14786.727    14787.859    14899.606
134  TPM3+I+G4     7369.163     24  14786.325    14787.556    14904.111
135  TPM3+R2       7382.235     24  14812.470    14813.701    14930.256
136  TPM3+R3       7367.866     26  14787.732    14789.175    14915.334
137  TPM3+R4       7367.866     28  14791.732    14793.404    14929.149
138  TPM3+R5       Skipped 
139  TPM3+R6       Skipped 
140  TPM3+R7       Skipped 
141  TPM3+R8       Skipped 
142  TPM3+R9       Skipped 
143  TPM3+R10      Skipped 
144  TPM3u         7768.875     22  15581.750    15582.785    15689.720
145  TPM3u+I       7459.395     23  14964.790    14965.921    15077.668
146  TPM3u+G4      7370.344     23  14786.688    14787.819    14899.566
147  TPM3u+I+G4    7369.106     24  14786.213    14787.444    14903.999
148  TPM3u+R2      7382.172     24  14812.344    14813.575    14930.130
149  TPM3u+R3      7367.921     26  14787.842    14789.285    14915.443
150  TPM3u+R4      7367.839     28  14791.678    14793.351    14929.095
151  TPM3u+R5      Skipped 
152  TPM3u+R6      Skipped 
153  TPM3u+R7      Skipped 
154  TPM3u+R8      Skipped 
155  TPM3u+R9      Skipped 
156  TPM3u+R10     Skipped 
157  TIMe          7905.267     20  15850.533    15851.391    15948.688
158  TIMe+I        7590.622     21  15223.244    15224.189    15326.307
159  TIMe+G4       7534.573     21  15111.145    15112.090    15214.208
160  TIMe+I+G4     7531.629     22  15107.258    15108.294    15215.229
161  TIMe+R2       7537.188     22  15118.377    15119.413    15226.347
162  TIMe+R3       7531.208     24  15110.415    15111.646    15228.201
163  TIMe+R4       Skipped 
164  TIMe+R5       Skipped 
165  TIMe+R6       Skipped 
166  TIMe+R7       Skipped 
167  TIMe+R8       Skipped 
168  TIMe+R9       Skipped 
169  TIMe+R10      Skipped 
170  TIM           7780.200     23  15606.401    15607.532    15719.279
171  TIM+I         7461.222     24  14970.445    14971.675    15088.231
172  TIM+G4        7385.465     24  14818.930    14820.161    14936.717
173  TIM+I+G4      7383.227     25  14816.453    14817.788    14939.147
174  TIM+R2        7394.585     25  14839.169    14840.504    14961.863
175  TIM+R3        7382.945     27  14819.889    14821.445    14952.399
176  TIM+R4        7382.834     29  14823.668    14825.462    14965.993
177  TIM+R5        Skipped 
178  TIM+R6        Skipped 
179  TIM+R7        Skipped 
180  TIM+R8        Skipped 
181  TIM+R9        Skipped 
182  TIM+R10       Skipped 
183  TIM2e         7888.108     20  15816.217    15817.075    15914.372
184  TIM2e+I       7572.317     21  15186.634    15187.579    15289.697
185  TIM2e+G4      7508.571     21  15059.141    15060.086    15162.204
186  TIM2e+I+G4    7505.747     22  15055.494    15056.530    15163.465
187  TIM2e+R2      7514.187     22  15072.373    15073.409    15180.344
188  TIM2e+R3      7505.871     24  15059.742    15060.973    15177.528
189  TIM2e+R4      7505.831     26  15063.663    15065.106    15191.264
190  TIM2e+R5      Skipped 
191  TIM2e+R6      Skipped 
192  TIM2e+R7      Skipped 
193  TIM2e+R8      Skipped 
194  TIM2e+R9      Skipped 
195  TIM2e+R10     Skipped 
196  TIM2          7790.641     23  15627.281    15628.412    15740.159
197  TIM2+I        7468.458     24  14984.916    14986.146    15102.702
198  TIM2+G4       7398.525     24  14845.050    14846.280    14962.836
199  TIM2+I+G4     7396.344     25  14842.689    14844.023    14965.383
200  TIM2+R2       7405.871     25  14861.742    14863.077    14984.436
201  TIM2+R3       7396.117     27  14846.233    14847.789    14978.743
202  TIM2+R4       7396.044     29  14850.087    14851.881    14992.412
203  TIM2+R5       Skipped 
204  TIM2+R6       Skipped 
205  TIM2+R7       Skipped 
206  TIM2+R8       Skipped 
207  TIM2+R9       Skipped 
208  TIM2+R10      Skipped 
209  TIM3e         7901.796     20  15843.592    15844.450    15941.747
210  TIM3e+I       7590.083     21  15222.166    15223.111    15325.229
211  TIM3e+G4      7532.608     21  15107.216    15108.161    15210.279
212  TIM3e+I+G4    7529.837     22  15103.674    15104.709    15211.644
213  TIM3e+R2      7535.336     22  15114.673    15115.709    15222.644
214  TIM3e+R3      7529.380     24  15106.760    15107.991    15224.546
215  TIM3e+R4      Skipped 
216  TIM3e+R5      Skipped 
217  TIM3e+R6      Skipped 
218  TIM3e+R7      Skipped 
219  TIM3e+R8      Skipped 
220  TIM3e+R9      Skipped 
221  TIM3e+R10     Skipped 
222  TIM3          7768.838     23  15583.677    15584.808    15696.555
223  TIM3+I        7458.699     24  14965.397    14966.628    15083.183
224  TIM3+G4       7370.013     24  14788.025    14789.256    14905.811
225  TIM3+I+G4     7368.987     25  14787.975    14789.309    14910.669
226  TIM3+R2       7380.651     25  14811.302    14812.637    14933.996
227  TIM3+R3       7367.466     27  14788.932    14790.488    14921.442
228  TIM3+R4       7367.418     29  14792.836    14794.630    14935.161
229  TIM3+R5       Skipped 
230  TIM3+R6       Skipped 
231  TIM3+R7       Skipped 
232  TIM3+R8       Skipped 
233  TIM3+R9       Skipped 
234  TIM3+R10      Skipped 
235  TVMe          7886.187     21  15814.375    15815.319    15917.437
236  TVMe+I        7574.261     22  15192.522    15193.558    15300.493
237  TVMe+G4       7508.579     22  15061.157    15062.193    15169.128
238  TVMe+I+G4     7506.668     23  15059.337    15060.468    15172.215
239  TVMe+R2       7513.429     23  15072.858    15073.989    15185.736
240  TVMe+R3       7506.477     25  15062.955    15064.290    15185.649
241  TVMe+R4       7506.469     27  15066.937    15068.493    15199.447
242  TVMe+R5       Skipped 
243  TVMe+R6       Skipped 
244  TVMe+R7       Skipped 
245  TVMe+R8       Skipped 
246  TVMe+R9       Skipped 
247  TVMe+R10      Skipped 
248  TVM           7763.584     24  15575.168    15576.399    15692.954
249  TVM+I         7454.189     25  14958.378    14959.712    15081.071
250  TVM+G4        7366.110     25  14782.220    14783.554    14904.914
251  TVM+I+G4      7365.149     26  14782.298    14783.741    14909.899
252  TVM+R2        7376.947     26  14805.893    14807.336    14933.495
253  TVM+R3        7363.846     28  14783.693    14785.365    14921.110
254  TVM+R4        7363.914     30  14787.829    14789.748    14935.062
255  TVM+R5        Skipped 
256  TVM+R6        Skipped 
257  TVM+R7        Skipped 
258  TVM+R8        Skipped 
259  TVM+R9        Skipped 
260  TVM+R10       Skipped 
261  SYM           7881.893     22  15807.786    15808.822    15915.757
262  SYM+I         7568.348     23  15182.697    15183.828    15295.575
263  SYM+G4        7502.240     23  15050.480    15051.611    15163.358
264  SYM+I+G4      7499.684     24  15047.368    15048.599    15165.154
265  SYM+R2        7508.567     24  15065.134    15066.365    15182.920
266  SYM+R3        7499.884     26  15051.768    15053.211    15179.370
267  SYM+R4        7499.835     28  15055.670    15057.343    15193.087
268  SYM+R5        Skipped 
269  SYM+R6        Skipped 
270  SYM+R7        Skipped 
271  SYM+R8        Skipped 
272  SYM+R9        Skipped 
273  SYM+R10       Skipped 
274  GTR           7763.588     25  15577.176    15578.511    15699.870
275  GTR+I         7453.511     26  14959.023    14960.466    15086.624
276  GTR+G4        7365.402     26  14782.805    14784.248    14910.406
277  GTR+I+G4      7364.665     27  14783.331    14784.886    14915.840
278  GTR+R2        7375.389     27  14804.778    14806.334    14937.287
279  GTR+R3        7363.212     29  14784.424    14786.217    14926.748
280  GTR+R4        7363.239     31  14788.479    14790.528    14940.619
281  GTR+R5        Skipped 
282  GTR+R6        Skipped 
283  GTR+R7        Skipped 
284  GTR+R8        Skipped 
285  GTR+R9        Skipped 
286  GTR+R10       Skipped 
Akaike Information Criterion:           TVM+G4
Corrected Akaike Information Criterion: TVM+G4
Bayesian Information Criterion:         TPM3u+G4
Best-fit model: TPM3u+G4 chosen according to BIC

All model information printed to ./results/gene2.phy.model
CPU time for ModelFinder: 10.247 seconds (0h:0m:10s)
Wall-clock time for ModelFinder: 11.122 seconds (0h:0m:11s)
Generating 1000 samples for ultrafast bootstrap (seed: 7390)...

NOTE: 2 MB RAM (0 GB) is required!
Estimate model parameters (epsilon = 0.100)
1. Initial log-likelihood: -7641.911
2. Current log-likelihood: -7500.796
3. Current log-likelihood: -7404.865
4. Current log-likelihood: -7382.157
5. Current log-likelihood: -7373.914
6. Current log-likelihood: -7371.865
7. Current log-likelihood: -7370.997
Optimal log-likelihood: -7370.889
Rate parameters:  A-C: 3.727  A-G: 7.787  A-T: 1.000  C-G: 3.727  C-T: 7.787  G-T: 1.000
Base frequencies:   A: 0.399  C: 0.156  G: 0.189  T: 0.256
Gamma shape alpha: 0.479
Parameters optimization took 7 rounds (0.135 sec)
Computing ML distances based on estimated model parameters... 0.002 sec
Computing BIONJ tree...
0.000 seconds
Log-likelihood of BIONJ tree: -7367.849
--------------------------------------------------------------------
|             INITIALIZING CANDIDATE TREE SET                      |
--------------------------------------------------------------------
Generating 98 parsimony trees... 0.077 second
Computing log-likelihood of 85 initial trees ... 0.379 seconds
Current best score: -7367.849

Do NNI search on 20 best initial trees
Estimate model parameters (epsilon = 0.100)
BETTER TREE FOUND at iteration 1: -7366.564
UPDATE BEST LOG-LIKELIHOOD: -7366.562
Iteration 10 / LogL: -7366.577 / Time: 0h:0m:12s
Iteration 20 / LogL: -7366.574 / Time: 0h:0m:12s
Finish initializing candidate tree set (3)
Current best tree score: -7366.562 / CPU time: 1.275
Number of iterations: 20
--------------------------------------------------------------------
|               OPTIMIZING CANDIDATE TREE SET                      |
--------------------------------------------------------------------
Iteration 30 / LogL: -7368.008 / Time: 0h:0m:12s (0h:0m:4s left)
UPDATE BEST LOG-LIKELIHOOD: -7366.561
UPDATE BEST LOG-LIKELIHOOD: -7366.561
Iteration 40 / LogL: -7368.103 / Time: 0h:0m:13s (0h:0m:3s left)
UPDATE BEST LOG-LIKELIHOOD: -7366.561
Iteration 50 / LogL: -7366.562 / Time: 0h:0m:13s (0h:0m:2s left)
Log-likelihood cutoff on original alignment: -7388.146
Iteration 60 / LogL: -7368.007 / Time: 0h:0m:14s (0h:0m:2s left)
Iteration 70 / LogL: -7375.794 / Time: 0h:0m:14s (0h:0m:1s left)
Iteration 80 / LogL: -7368.009 / Time: 0h:0m:14s (0h:0m:1s left)
Iteration 90 / LogL: -7368.008 / Time: 0h:0m:15s (0h:0m:0s left)
Iteration 100 / LogL: -7366.834 / Time: 0h:0m:15s (0h:0m:0s left)
Log-likelihood cutoff on original alignment: -7388.435
NOTE: Bootstrap correlation coefficient of split occurrence frequencies: 0.997
TREE SEARCH COMPLETED AFTER 102 ITERATIONS / Time: 0h:0m:15s

--------------------------------------------------------------------
|                    FINALIZING TREE SEARCH                        |
--------------------------------------------------------------------
Performs final model parameters optimization
Estimate model parameters (epsilon = 0.010)
1. Initial log-likelihood: -7366.561
2. Current log-likelihood: -7366.520
3. Current log-likelihood: -7366.493
4. Current log-likelihood: -7366.466
5. Current log-likelihood: -7366.448
6. Current log-likelihood: -7366.430
7. Current log-likelihood: -7366.419
8. Current log-likelihood: -7366.408
Optimal log-likelihood: -7366.401
Rate parameters:  A-C: 3.526  A-G: 7.299  A-T: 1.000  C-G: 3.526  C-T: 7.299  G-T: 1.000
Base frequencies:   A: 0.399  C: 0.156  G: 0.189  T: 0.256
Gamma shape alpha: 0.491
Parameters optimization took 8 rounds (0.040 sec)
BEST SCORE FOUND : -7366.401
Creating bootstrap support values...
Split supports printed to NEXUS file ./results/gene2.phy.splits.nex
Total tree length: 3.138

Total number of iterations: 102
CPU time used for tree search: 4.521 sec (0h:0m:4s)
Wall-clock time used for tree search: 4.521 sec (0h:0m:4s)
Total CPU time used: 14.999 sec (0h:0m:14s)
Total wall-clock time used: 15.874 sec (0h:0m:15s)

Computing bootstrap consensus tree...
Reading input file ./results/gene2.phy.splits.nex...
10 taxa and 62 splits.
Consensus tree written to ./results/gene2.phy.contree
Reading input trees file ./results/gene2.phy.contree
Log-likelihood of consensus tree: -7366.400

Analysis results written to: 
  IQ-TREE report:                ./results/gene2.phy.iqtree
  Maximum-likelihood tree:       ./results/gene2.phy.treefile
  Likelihood distances:          ./results/gene2.phy.mldist

Ultrafast bootstrap approximation results written to:
  Split support values:          ./results/gene2.phy.splits.nex
  Consensus tree:                ./results/gene2.phy.contree
  Screen log file:               ./results/gene2.phy.log

Date and Time: Tue Aug 22 17:16:57 2017
