IQ-TREE multicore version 1.5.4 for Linux 64-bit built Apr  2 2017
Copyright (c) 2011-2017 by Bui Quang Minh, Nguyen Lam Tung,
Olga Chernomor, Heiko Schmidt, and Arndt von Haeseler.

Host:    hpc-crick (AVX, 251 GB RAM)
Command: iqtree -s ./results/gene3.phy -nt 1 -bb 1000
Seed:    847369 (Using SPRNG - Scalable Parallel Random Number Generator)
Time:    Tue Aug 22 17:14:28 2017
Kernel:  AVX - 1 threads (40 CPU cores detected)

Reading alignment file ./results/gene3.phy ... Phylip format detected
Alignment most likely contains DNA/RNA sequences
Alignment has 10 sequences with 1000 columns and 493 patterns (371 informative sites, 387 constant sites)
   Gap/Ambiguity  Composition  p-value
   1  A    0.00%    passed     98.23%
   2  B    0.00%    passed     70.10%
   3  C    0.00%    passed     73.91%
   4  D    0.00%    passed     94.15%
   5  E    0.00%    passed     87.97%
   6  F    0.00%    passed     74.40%
   7  G    0.00%    passed     86.38%
   8  H    0.00%    passed     37.50%
   9  I    0.00%    passed     70.09%
  10  J    0.00%    passed     76.57%
****  TOTAL    0.00%  0 sequences failed composition chi2 test (p-value<5%; df=3)

Create initial parsimony tree by phylogenetic likelihood library (PLL)... 0.001 seconds

NOTE: ModelFinder requires 3 MB RAM!
ModelFinder will test 286 DNA models (sample size: 1000) ...
 No. Model         -LnL         df  AIC          AICc         BIC
  1  JC            7779.831     17  15593.661    15594.285    15677.093
  2  JC+I          7513.902     18  15063.804    15064.502    15152.144
  3  JC+G4         7441.533     18  14919.065    14919.762    15007.405
  4  JC+I+G4       7441.862     19  14921.724    14922.499    15014.971
  5  JC+R2         7443.675     19  14925.350    14926.126    15018.598
  6  JC+R3         7441.219     21  14924.439    14925.384    15027.502
  7  JC+R4         Skipped 
  8  JC+R5         Skipped 
  9  JC+R6         Skipped 
 10  JC+R7         Skipped 
 11  JC+R8         Skipped 
 12  JC+R9         Skipped 
 13  JC+R10        Skipped 
 14  F81           7670.625     20  15381.249    15382.107    15479.404
 15  F81+I         7394.722     21  14831.443    14832.388    14934.506
 16  F81+G4        7309.485     21  14660.969    14661.914    14764.032
 17  F81+I+G4      7310.008     22  14664.015    14665.051    14771.986
 18  F81+R2        7312.737     22  14669.473    14670.509    14777.444
 19  F81+R3        7309.132     24  14666.265    14667.495    14784.051
 20  F81+R4        Skipped 
 21  F81+R5        Skipped 
 22  F81+R6        Skipped 
 23  F81+R7        Skipped 
 24  F81+R8        Skipped 
 25  F81+R9        Skipped 
 26  F81+R10       Skipped 
 27  K2P           7652.954     18  15341.908    15342.605    15430.248
 28  K2P+I         7378.856     19  14795.712    14796.488    14888.959
 29  K2P+G4        7296.386     19  14630.772    14631.548    14724.019
 30  K2P+I+G4      7296.545     20  14633.091    14633.949    14731.246
 31  K2P+R2        7300.367     20  14640.733    14641.591    14738.888
 32  K2P+R3        7293.215     22  14630.430    14631.465    14738.400
 33  K2P+R4        7293.203     24  14634.405    14635.636    14752.191
 34  K2P+R5        Skipped 
 35  K2P+R6        Skipped 
 36  K2P+R7        Skipped 
 37  K2P+R8        Skipped 
 38  K2P+R9        Skipped 
 39  K2P+R10       Skipped 
 40  HKY           7547.339     21  15136.678    15137.623    15239.741
 41  HKY+I         7271.561     22  14587.122    14588.158    14695.093
 42  HKY+G4        7169.813     22  14383.627    14384.662    14491.597
 43  HKY+I+G4      7170.264     23  14386.528    14387.659    14499.406
 44  HKY+R2        7174.974     23  14395.949    14397.080    14508.827
 45  HKY+R3        7167.927     25  14385.854    14387.188    14508.548
 46  HKY+R4        7167.787     27  14389.574    14391.130    14522.084
 47  HKY+R5        Skipped 
 48  HKY+R6        Skipped 
 49  HKY+R7        Skipped 
 50  HKY+R8        Skipped 
 51  HKY+R9        Skipped 
 52  HKY+R10       Skipped 
 53  TNe           7647.546     19  15333.093    15333.868    15426.340
 54  TNe+I         7376.596     20  14793.191    14794.049    14891.346
 55  TNe+G4        7291.761     20  14623.522    14624.380    14721.677
 56  TNe+I+G4      7291.731     21  14625.462    14626.407    14728.525
 57  TNe+R2        7297.211     21  14636.422    14637.367    14739.485
 58  TNe+R3        7287.452     23  14620.903    14622.034    14733.782
 59  TNe+R4        7287.390     25  14624.780    14626.114    14747.474
 60  TNe+R5        Skipped 
 61  TNe+R6        Skipped 
 62  TNe+R7        Skipped 
 63  TNe+R8        Skipped 
 64  TNe+R9        Skipped 
 65  TNe+R10       Skipped 
 66  TN            7547.211     22  15138.422    15139.458    15246.393
 67  TN+I          7269.831     23  14585.663    14586.794    14698.541
 68  TN+G4         7169.348     23  14384.695    14385.826    14497.574
 69  TN+I+G4       7169.842     24  14387.683    14388.914    14505.469
 70  TN+R2         7174.315     24  14396.631    14397.862    14514.417
 71  TN+R3         7167.717     26  14387.433    14388.876    14515.035
 72  TN+R4         Skipped 
 73  TN+R5         Skipped 
 74  TN+R6         Skipped 
 75  TN+R7         Skipped 
 76  TN+R8         Skipped 
 77  TN+R9         Skipped 
 78  TN+R10        Skipped 
 79  K3P           7647.094     19  15332.188    15332.964    15425.435
 80  K3P+I         7372.748     20  14785.497    14786.355    14883.652
 81  K3P+G4        7287.631     20  14615.262    14616.120    14713.417
 82  K3P+I+G4      7287.809     21  14617.617    14618.562    14720.680
 83  K3P+R2        7291.448     21  14624.896    14625.841    14727.959
 84  K3P+R3        7285.020     23  14616.040    14617.171    14728.918
 85  K3P+R4        Skipped 
 86  K3P+R5        Skipped 
 87  K3P+R6        Skipped 
 88  K3P+R7        Skipped 
 89  K3P+R8        Skipped 
 90  K3P+R9        Skipped 
 91  K3P+R10       Skipped 
 92  K3Pu          7532.667     22  15109.335    15110.370    15217.305
 93  K3Pu+I        7259.692     23  14565.384    14566.515    14678.262
 94  K3Pu+G4       7152.596     23  14351.192    14352.323    14464.070
 95  K3Pu+I+G4     7153.148     24  14354.296    14355.527    14472.082
 96  K3Pu+R2       7158.049     24  14364.098    14365.329    14481.884
 97  K3Pu+R3       7151.604     26  14355.208    14356.651    14482.809
 98  K3Pu+R4       Skipped 
 99  K3Pu+R5       Skipped 
100  K3Pu+R6       Skipped 
101  K3Pu+R7       Skipped 
102  K3Pu+R8       Skipped 
103  K3Pu+R9       Skipped 
104  K3Pu+R10      Skipped 
105  TPM2          7532.713     22  15109.425    15110.461    15217.396
106  TPM2+I        7256.118     23  14558.237    14559.368    14671.115
107  TPM2+G4       7163.326     23  14372.652    14373.783    14485.531
108  TPM2+I+G4     7163.524     24  14375.047    14376.278    14492.834
109  TPM2+R2       7167.690     24  14383.381    14384.611    14501.167
110  TPM2+R3       7161.161     26  14374.321    14375.764    14501.923
111  TPM2+R4       Skipped 
112  TPM2+R5       Skipped 
113  TPM2+R6       Skipped 
114  TPM2+R7       Skipped 
115  TPM2+R8       Skipped 
116  TPM2+R9       Skipped 
117  TPM2+R10      Skipped 
118  TPM2u         7532.683     22  15109.366    15110.402    15217.337
119  TPM2u+I       7256.119     23  14558.239    14559.370    14671.117
120  TPM2u+G4      7163.332     23  14372.664    14373.795    14485.542
121  TPM2u+I+G4    7163.514     24  14375.027    14376.258    14492.813
122  TPM2u+R2      7167.682     24  14383.364    14384.595    14501.150
123  TPM2u+R3      7161.147     26  14374.295    14375.738    14501.896
124  TPM2u+R4      Skipped 
125  TPM2u+R5      Skipped 
126  TPM2u+R6      Skipped 
127  TPM2u+R7      Skipped 
128  TPM2u+R8      Skipped 
129  TPM2u+R9      Skipped 
130  TPM2u+R10     Skipped 
131  TPM3          7513.744     22  15071.488    15072.524    15179.459
132  TPM3+I        7252.748     23  14551.496    14552.627    14664.375
133  TPM3+G4       7150.049     23  14346.098    14347.229    14458.976
134  TPM3+I+G4     7150.597     24  14349.194    14350.425    14466.980
135  TPM3+R2       7154.459     24  14356.917    14358.148    14474.703
136  TPM3+R3       7149.452     26  14350.904    14352.346    14478.505
137  TPM3+R4       Skipped 
138  TPM3+R5       Skipped 
139  TPM3+R6       Skipped 
140  TPM3+R7       Skipped 
141  TPM3+R8       Skipped 
142  TPM3+R9       Skipped 
143  TPM3+R10      Skipped 
144  TPM3u         7513.736     22  15071.472    15072.508    15179.443
145  TPM3u+I       7252.722     23  14551.444    14552.575    14664.322
146  TPM3u+G4      7150.066     23  14346.131    14347.263    14459.010
147  TPM3u+I+G4    7150.569     24  14349.138    14350.369    14466.924
148  TPM3u+R2      7154.450     24  14356.900    14358.131    14474.686
149  TPM3u+R3      7149.374     26  14350.748    14352.191    14478.349
150  TPM3u+R4      Skipped 
151  TPM3u+R5      Skipped 
152  TPM3u+R6      Skipped 
153  TPM3u+R7      Skipped 
154  TPM3u+R8      Skipped 
155  TPM3u+R9      Skipped 
156  TPM3u+R10     Skipped 
157  TIMe          7641.687     20  15323.373    15324.231    15421.528
158  TIMe+I        7370.491     21  14782.982    14783.926    14886.044
159  TIMe+G4       7282.968     21  14607.936    14608.881    14710.999
160  TIMe+I+G4     7282.978     22  14609.956    14610.991    14717.926
161  TIMe+R2       7288.330     22  14620.661    14621.697    14728.632
162  TIMe+R3       7279.480     24  14606.960    14608.191    14724.746
163  TIMe+R4       7279.377     26  14610.755    14612.198    14738.357
164  TIMe+R5       Skipped 
165  TIMe+R6       Skipped 
166  TIMe+R7       Skipped 
167  TIMe+R8       Skipped 
168  TIMe+R9       Skipped 
169  TIMe+R10      Skipped 
170  TIM           7532.332     23  15110.665    15111.796    15223.543
171  TIM+I         7258.039     24  14564.078    14565.309    14681.864
172  TIM+G4        7152.415     24  14352.829    14354.060    14470.615
173  TIM+I+G4      7152.866     25  14355.732    14357.067    14478.426
174  TIM+R2        7157.755     25  14365.509    14366.844    14488.203
175  TIM+R3        7151.501     27  14357.003    14358.558    14489.512
176  TIM+R4        Skipped 
177  TIM+R5        Skipped 
178  TIM+R6        Skipped 
179  TIM+R7        Skipped 
180  TIM+R8        Skipped 
181  TIM+R9        Skipped 
182  TIM+R10       Skipped 
183  TIM2e         7611.280     20  15262.561    15263.419    15360.716
184  TIM2e+I       7339.647     21  14721.294    14722.239    14824.357
185  TIM2e+G4      7252.633     21  14547.267    14548.212    14650.330
186  TIM2e+I+G4    7252.329     22  14548.658    14549.694    14656.628
187  TIM2e+R2      7261.263     22  14566.526    14567.562    14674.497
188  TIM2e+R3      7248.941     24  14545.881    14547.112    14663.667
189  TIM2e+R4      7248.871     26  14549.742    14551.185    14677.344
190  TIM2e+R5      Skipped 
191  TIM2e+R6      Skipped 
192  TIM2e+R7      Skipped 
193  TIM2e+R8      Skipped 
194  TIM2e+R9      Skipped 
195  TIM2e+R10     Skipped 
196  TIM2          7532.511     23  15111.022    15112.153    15223.901
197  TIM2+I        7254.574     24  14557.149    14558.380    14674.935
198  TIM2+G4       7162.437     24  14372.873    14374.104    14490.659
199  TIM2+I+G4     7162.850     25  14375.701    14377.036    14498.395
200  TIM2+R2       7166.635     25  14383.271    14384.605    14505.965
201  TIM2+R3       7160.522     27  14375.045    14376.600    14507.554
202  TIM2+R4       Skipped 
203  TIM2+R5       Skipped 
204  TIM2+R6       Skipped 
205  TIM2+R7       Skipped 
206  TIM2+R8       Skipped 
207  TIM2+R9       Skipped 
208  TIM2+R10      Skipped 
209  TIM3e         7637.697     20  15315.393    15316.251    15413.549
210  TIM3e+I       7371.276     21  14784.553    14785.498    14887.616
211  TIM3e+G4      7285.976     21  14613.952    14614.897    14717.015
212  TIM3e+I+G4    7285.979     22  14615.959    14616.995    14723.930
213  TIM3e+R2      7291.303     22  14626.606    14627.641    14734.576
214  TIM3e+R3      7283.120     24  14614.241    14615.472    14732.027
215  TIM3e+R4      7282.968     26  14617.936    14619.379    14745.538
216  TIM3e+R5      Skipped 
217  TIM3e+R6      Skipped 
218  TIM3e+R7      Skipped 
219  TIM3e+R8      Skipped 
220  TIM3e+R9      Skipped 
221  TIM3e+R10     Skipped 
222  TIM3          7512.884     23  15071.768    15072.899    15184.646
223  TIM3+I        7251.197     24  14550.394    14551.625    14668.181
224  TIM3+G4       7149.418     24  14346.837    14348.068    14464.623
225  TIM3+I+G4     7149.852     25  14349.704    14351.039    14472.398
226  TIM3+R2       7153.309     25  14356.617    14357.952    14479.311
227  TIM3+R3       7148.658     27  14351.316    14352.871    14483.825
228  TIM3+R4       Skipped 
229  TIM3+R5       Skipped 
230  TIM3+R6       Skipped 
231  TIM3+R7       Skipped 
232  TIM3+R8       Skipped 
233  TIM3+R9       Skipped 
234  TIM3+R10      Skipped 
235  TVMe          7603.963     21  15249.925    15250.870    15352.988
236  TVMe+I        7332.160     22  14708.321    14709.357    14816.291
237  TVMe+G4       7245.331     22  14534.662    14535.698    14642.633
238  TVMe+I+G4     7245.202     23  14536.405    14537.536    14649.283
239  TVMe+R2       7251.782     23  14549.564    14550.695    14662.443
240  TVMe+R3       7243.085     25  14536.171    14537.506    14658.865
241  TVMe+R4       7243.062     27  14540.125    14541.680    14672.634
242  TVMe+R5       Skipped 
243  TVMe+R6       Skipped 
244  TVMe+R7       Skipped 
245  TVMe+R8       Skipped 
246  TVMe+R9       Skipped 
247  TVMe+R10      Skipped 
248  TVM           7493.729     24  15035.459    15036.690    15153.245
249  TVM+I         7231.318     25  14512.635    14513.970    14635.329
250  TVM+G4        7133.249     25  14316.497    14317.832    14439.191
251  TVM+I+G4      7133.631     26  14319.262    14320.705    14446.863
252  TVM+R2        7137.550     26  14327.100    14328.543    14454.702
253  TVM+R3        7132.571     28  14321.143    14322.815    14458.560
254  TVM+R4        Skipped 
255  TVM+R5        Skipped 
256  TVM+R6        Skipped 
257  TVM+R7        Skipped 
258  TVM+R8        Skipped 
259  TVM+R9        Skipped 
260  TVM+R10       Skipped 
261  SYM           7598.387     22  15240.774    15241.810    15348.745
262  SYM+I         7329.545     23  14705.090    14706.221    14817.968
263  SYM+G4        7239.286     23  14524.572    14525.704    14637.451
264  SYM+I+G4      7239.109     24  14526.219    14527.449    14644.005
265  SYM+R2        7248.128     24  14544.255    14545.486    14662.041
266  SYM+R3        7236.940     26  14525.880    14527.323    14653.481
267  SYM+R4        7236.875     28  14529.749    14531.422    14667.167
268  SYM+R5        Skipped 
269  SYM+R6        Skipped 
270  SYM+R7        Skipped 
271  SYM+R8        Skipped 
272  SYM+R9        Skipped 
273  SYM+R10       Skipped 
274  GTR           7492.810     25  15035.620    15036.955    15158.314
275  GTR+I         7229.978     26  14511.956    14513.399    14639.557
276  GTR+G4        7131.745     26  14315.491    14316.934    14443.093
277  GTR+I+G4      7132.235     27  14318.470    14320.026    14450.980
278  GTR+R2        7135.794     27  14325.587    14327.143    14458.097
279  GTR+R3        7131.066     29  14320.132    14321.926    14462.457
280  GTR+R4        Skipped 
281  GTR+R5        Skipped 
282  GTR+R6        Skipped 
283  GTR+R7        Skipped 
284  GTR+R8        Skipped 
285  GTR+R9        Skipped 
286  GTR+R10       Skipped 
Akaike Information Criterion:           GTR+G4
Corrected Akaike Information Criterion: GTR+G4
Bayesian Information Criterion:         TVM+G4
Best-fit model: TVM+G4 chosen according to BIC

All model information printed to ./results/gene3.phy.model
CPU time for ModelFinder: 15.838 seconds (0h:0m:15s)
Wall-clock time for ModelFinder: 16.779 seconds (0h:0m:16s)
Generating 1000 samples for ultrafast bootstrap (seed: 847369)...

NOTE: 2 MB RAM (0 GB) is required!
Estimate model parameters (epsilon = 0.100)
1. Initial log-likelihood: -7365.206
2. Current log-likelihood: -7224.371
3. Current log-likelihood: -7174.770
4. Current log-likelihood: -7172.613
Optimal log-likelihood: -7172.550
Rate parameters:  A-C: 71.036  A-G: 100.000  A-T: 25.498  C-G: 25.725  C-T: 100.000  G-T: 1.000
Base frequencies:   A: 0.385  C: 0.152  G: 0.220  T: 0.243
Gamma shape alpha: 0.498
Parameters optimization took 4 rounds (0.084 sec)

WARNING: Estimated model parameters are at boundary that can cause numerical instability!

Computing ML distances based on estimated model parameters... 0.002 sec
Computing BIONJ tree...
0.000 seconds
Log-likelihood of BIONJ tree: -7170.044
--------------------------------------------------------------------
|             INITIALIZING CANDIDATE TREE SET                      |
--------------------------------------------------------------------
Generating 98 parsimony trees... 0.071 second
Computing log-likelihood of 84 initial trees ... 0.362 seconds
Current best score: -7170.044

Do NNI search on 20 best initial trees
Estimate model parameters (epsilon = 0.100)

WARNING: Estimated model parameters are at boundary that can cause numerical instability!

BETTER TREE FOUND at iteration 1: -7170.003
Iteration 10 / LogL: -7170.101 / Time: 0h:0m:17s
Iteration 20 / LogL: -7170.107 / Time: 0h:0m:17s
Finish initializing candidate tree set (1)
Current best tree score: -7170.003 / CPU time: 0.888
Number of iterations: 20
--------------------------------------------------------------------
|               OPTIMIZING CANDIDATE TREE SET                      |
--------------------------------------------------------------------
Iteration 30 / LogL: -7170.029 / Time: 0h:0m:18s (0h:0m:2s left)
Iteration 40 / LogL: -7170.034 / Time: 0h:0m:18s (0h:0m:2s left)
UPDATE BEST LOG-LIKELIHOOD: -7170.003
UPDATE BEST LOG-LIKELIHOOD: -7170.003
Iteration 50 / LogL: -7170.003 / Time: 0h:0m:18s (0h:0m:1s left)
Log-likelihood cutoff on original alignment: -7193.255
UPDATE BEST LOG-LIKELIHOOD: -7170.003
UPDATE BEST LOG-LIKELIHOOD: -7170.003
Iteration 60 / LogL: -7170.069 / Time: 0h:0m:18s (0h:0m:1s left)
Iteration 70 / LogL: -7170.021 / Time: 0h:0m:19s (0h:0m:1s left)
Iteration 80 / LogL: -7170.019 / Time: 0h:0m:19s (0h:0m:0s left)
UPDATE BEST LOG-LIKELIHOOD: -7170.003
Iteration 90 / LogL: -7170.166 / Time: 0h:0m:19s (0h:0m:0s left)
UPDATE BEST LOG-LIKELIHOOD: -7170.003
Iteration 100 / LogL: -7170.026 / Time: 0h:0m:20s (0h:0m:0s left)
Log-likelihood cutoff on original alignment: -7190.506
NOTE: Bootstrap correlation coefficient of split occurrence frequencies: 1.000
TREE SEARCH COMPLETED AFTER 102 ITERATIONS / Time: 0h:0m:20s

--------------------------------------------------------------------
|                    FINALIZING TREE SEARCH                        |
--------------------------------------------------------------------
Performs final model parameters optimization
Estimate model parameters (epsilon = 0.010)
1. Initial log-likelihood: -7170.003
2. Current log-likelihood: -7169.970
3. Current log-likelihood: -7169.943
4. Current log-likelihood: -7169.921
5. Current log-likelihood: -7169.903
6. Current log-likelihood: -7169.888
7. Current log-likelihood: -7169.875
8. Current log-likelihood: -7169.865
Optimal log-likelihood: -7169.856
Rate parameters:  A-C: 70.688  A-G: 99.960  A-T: 24.289  C-G: 25.474  C-T: 99.960  G-T: 1.000
Base frequencies:   A: 0.385  C: 0.152  G: 0.220  T: 0.243
Gamma shape alpha: 0.495
Parameters optimization took 8 rounds (0.053 sec)
BEST SCORE FOUND : -7169.856
Creating bootstrap support values...
Split supports printed to NEXUS file ./results/gene3.phy.splits.nex
Total tree length: 2.856

Total number of iterations: 102
CPU time used for tree search: 3.259 sec (0h:0m:3s)
Wall-clock time used for tree search: 3.383 sec (0h:0m:3s)
Total CPU time used: 19.289 sec (0h:0m:19s)
Total wall-clock time used: 20.354 sec (0h:0m:20s)

Computing bootstrap consensus tree...
Reading input file ./results/gene3.phy.splits.nex...
10 taxa and 40 splits.
Consensus tree written to ./results/gene3.phy.contree
Reading input trees file ./results/gene3.phy.contree
Log-likelihood of consensus tree: -7169.856

Analysis results written to: 
  IQ-TREE report:                ./results/gene3.phy.iqtree
  Maximum-likelihood tree:       ./results/gene3.phy.treefile
  Likelihood distances:          ./results/gene3.phy.mldist

Ultrafast bootstrap approximation results written to:
  Split support values:          ./results/gene3.phy.splits.nex
  Consensus tree:                ./results/gene3.phy.contree
  Screen log file:               ./results/gene3.phy.log

Date and Time: Tue Aug 22 17:14:49 2017
