IQ-TREE multicore version 1.5.4 for Linux 64-bit built Apr  2 2017
Copyright (c) 2011-2017 by Bui Quang Minh, Nguyen Lam Tung,
Olga Chernomor, Heiko Schmidt, and Arndt von Haeseler.

Host:    hpc-crick (AVX, 251 GB RAM)
Command: iqtree -s ./results/gene19.phy -nt 1 -bb 1000
Seed:    763296 (Using SPRNG - Scalable Parallel Random Number Generator)
Time:    Tue Aug 22 17:07:32 2017
Kernel:  AVX - 1 threads (40 CPU cores detected)

Reading alignment file ./results/gene19.phy ... Phylip format detected
Alignment most likely contains DNA/RNA sequences
Alignment has 10 sequences with 1000 columns and 499 patterns (344 informative sites, 383 constant sites)
   Gap/Ambiguity  Composition  p-value
   1  A    0.00%    passed     57.21%
   2  B    0.00%    passed     57.70%
   3  C    0.00%    passed     73.44%
   4  D    0.00%    passed     99.57%
   5  E    0.00%    passed     83.32%
   6  F    0.00%    passed     87.85%
   7  G    0.00%    passed     90.59%
   8  H    0.00%    passed     87.46%
   9  I    0.00%    passed     95.74%
  10  J    0.00%    passed     93.08%
****  TOTAL    0.00%  0 sequences failed composition chi2 test (p-value<5%; df=3)

Create initial parsimony tree by phylogenetic likelihood library (PLL)... 0.001 seconds

NOTE: ModelFinder requires 3 MB RAM!
ModelFinder will test 286 DNA models (sample size: 1000) ...
 No. Model         -LnL         df  AIC          AICc         BIC
  1  JC            7625.103     17  15284.206    15284.829    15367.638
  2  JC+I          7384.536     18  14805.073    14805.770    14893.412
  3  JC+G4         7329.299     18  14694.599    14695.296    14782.938
  4  JC+I+G4       7329.226     19  14696.453    14697.228    14789.700
  5  JC+R2         7334.349     19  14706.698    14707.474    14799.945
  6  JC+R3         7328.452     21  14698.903    14699.848    14801.966
  7  JC+R4         Skipped 
  8  JC+R5         Skipped 
  9  JC+R6         Skipped 
 10  JC+R7         Skipped 
 11  JC+R8         Skipped 
 12  JC+R9         Skipped 
 13  JC+R10        Skipped 
 14  F81           7540.566     20  15121.131    15121.989    15219.286
 15  F81+I         7297.145     21  14636.290    14637.235    14739.353
 16  F81+G4        7233.407     21  14508.813    14509.758    14611.876
 17  F81+I+G4      7233.837     22  14511.674    14512.710    14619.645
 18  F81+R2        7239.239     22  14522.478    14523.514    14630.449
 19  F81+R3        7232.059     24  14512.119    14513.349    14629.905
 20  F81+R4        7231.952     26  14515.904    14517.347    14643.506
 21  F81+R5        Skipped 
 22  F81+R6        Skipped 
 23  F81+R7        Skipped 
 24  F81+R8        Skipped 
 25  F81+R9        Skipped 
 26  F81+R10       Skipped 
 27  K2P           7465.612     18  14967.225    14967.922    15055.564
 28  K2P+I         7213.617     19  14465.235    14466.010    14558.482
 29  K2P+G4        7141.375     19  14320.749    14321.525    14413.997
 30  K2P+I+G4      7141.433     20  14322.865    14323.723    14421.020
 31  K2P+R2        7152.535     20  14345.069    14345.927    14443.224
 32  K2P+R3        7139.674     22  14323.348    14324.384    14431.318
 33  K2P+R4        7139.618     24  14327.236    14328.467    14445.022
 34  K2P+R5        Skipped 
 35  K2P+R6        Skipped 
 36  K2P+R7        Skipped 
 37  K2P+R8        Skipped 
 38  K2P+R9        Skipped 
 39  K2P+R10       Skipped 
 40  HKY           7380.088     21  14802.175    14803.120    14905.238
 41  HKY+I         7123.000     22  14290.000    14291.036    14397.971
 42  HKY+G4        7034.463     22  14112.925    14113.961    14220.896
 43  HKY+I+G4      7034.810     23  14115.620    14116.751    14228.499
 44  HKY+R2        7046.919     23  14139.838    14140.969    14252.716
 45  HKY+R3        7032.792     25  14115.584    14116.918    14238.278
 46  HKY+R4        7032.667     27  14119.333    14120.889    14251.843
 47  HKY+R5        Skipped 
 48  HKY+R6        Skipped 
 49  HKY+R7        Skipped 
 50  HKY+R8        Skipped 
 51  HKY+R9        Skipped 
 52  HKY+R10       Skipped 
 53  TNe           7465.363     19  14968.725    14969.501    15061.973
 54  TNe+I         7213.116     20  14466.233    14467.091    14564.388
 55  TNe+G4        7140.447     20  14320.894    14321.752    14419.049
 56  TNe+I+G4      7140.225     21  14322.449    14323.394    14425.512
 57  TNe+R2        7152.180     21  14346.360    14347.305    14449.423
 58  TNe+R3        7138.520     23  14323.040    14324.171    14435.918
 59  TNe+R4        7138.494     25  14326.988    14328.322    14449.682
 60  TNe+R5        Skipped 
 61  TNe+R6        Skipped 
 62  TNe+R7        Skipped 
 63  TNe+R8        Skipped 
 64  TNe+R9        Skipped 
 65  TNe+R10       Skipped 
 66  TN            7376.514     22  14797.028    14798.064    14904.998
 67  TN+I          7120.462     23  14286.925    14288.056    14399.803
 68  TN+G4         7032.440     23  14110.880    14112.011    14223.758
 69  TN+I+G4       7032.696     24  14113.391    14114.622    14231.177
 70  TN+R2         7043.403     24  14134.805    14136.036    14252.591
 71  TN+R3         7030.439     26  14112.879    14114.322    14240.480
 72  TN+R4         7030.346     28  14116.692    14118.364    14254.109
 73  TN+R5         Skipped 
 74  TN+R6         Skipped 
 75  TN+R7         Skipped 
 76  TN+R8         Skipped 
 77  TN+R9         Skipped 
 78  TN+R10        Skipped 
 79  K3P           7461.512     19  14961.024    14961.799    15054.271
 80  K3P+I         7209.127     20  14458.254    14459.112    14556.409
 81  K3P+G4        7135.376     20  14310.751    14311.609    14408.906
 82  K3P+I+G4      7135.206     21  14312.411    14313.356    14415.474
 83  K3P+R2        7146.870     21  14335.740    14336.685    14438.803
 84  K3P+R3        7133.633     23  14313.265    14314.397    14426.144
 85  K3P+R4        7133.619     25  14317.238    14318.573    14439.932
 86  K3P+R5        Skipped 
 87  K3P+R6        Skipped 
 88  K3P+R7        Skipped 
 89  K3P+R8        Skipped 
 90  K3P+R9        Skipped 
 91  K3P+R10       Skipped 
 92  K3Pu          7369.638     22  14783.277    14784.313    14891.247
 93  K3Pu+I        7112.592     23  14271.185    14272.316    14384.063
 94  K3Pu+G4       7018.568     23  14083.137    14084.268    14196.015
 95  K3Pu+I+G4     7018.879     24  14085.757    14086.988    14203.543
 96  K3Pu+R2       7030.590     24  14109.180    14110.411    14226.967
 97  K3Pu+R3       7017.063     26  14086.127    14087.570    14213.729
 98  K3Pu+R4       7017.046     28  14090.092    14091.764    14227.509
 99  K3Pu+R5       Skipped 
100  K3Pu+R6       Skipped 
101  K3Pu+R7       Skipped 
102  K3Pu+R8       Skipped 
103  K3Pu+R9       Skipped 
104  K3Pu+R10      Skipped 
105  TPM2          7372.864     22  14789.728    14790.764    14897.698
106  TPM2+I        7116.374     23  14278.748    14279.879    14391.626
107  TPM2+G4       7032.630     23  14111.260    14112.391    14224.138
108  TPM2+I+G4     7032.790     24  14113.580    14114.811    14231.366
109  TPM2+R2       7044.876     24  14137.751    14138.982    14255.537
110  TPM2+R3       7030.362     26  14112.724    14114.167    14240.326
111  TPM2+R4       7030.326     28  14116.652    14118.324    14254.069
112  TPM2+R5       Skipped 
113  TPM2+R6       Skipped 
114  TPM2+R7       Skipped 
115  TPM2+R8       Skipped 
116  TPM2+R9       Skipped 
117  TPM2+R10      Skipped 
118  TPM2u         7373.207     22  14790.414    14791.450    14898.385
119  TPM2u+I       7116.366     23  14278.732    14279.863    14391.610
120  TPM2u+G4      7032.548     23  14111.096    14112.227    14223.974
121  TPM2u+I+G4    7032.748     24  14113.496    14114.727    14231.282
122  TPM2u+R2      7044.871     24  14137.741    14138.972    14255.527
123  TPM2u+R3      7030.353     26  14112.706    14114.149    14240.308
124  TPM2u+R4      7030.321     28  14116.643    14118.315    14254.060
125  TPM2u+R5      Skipped 
126  TPM2u+R6      Skipped 
127  TPM2u+R7      Skipped 
128  TPM2u+R8      Skipped 
129  TPM2u+R9      Skipped 
130  TPM2u+R10     Skipped 
131  TPM3          7367.687     22  14779.374    14780.410    14887.345
132  TPM3+I        7113.031     23  14272.061    14273.192    14384.940
133  TPM3+G4       7018.541     23  14083.083    14084.214    14195.961
134  TPM3+I+G4     7018.925     24  14085.850    14087.081    14203.636
135  TPM3+R2       7027.141     24  14102.282    14103.513    14220.068
136  TPM3+R3       7017.444     26  14086.888    14088.331    14214.490
137  TPM3+R4       7017.436     28  14090.873    14092.545    14228.290
138  TPM3+R5       Skipped 
139  TPM3+R6       Skipped 
140  TPM3+R7       Skipped 
141  TPM3+R8       Skipped 
142  TPM3+R9       Skipped 
143  TPM3+R10      Skipped 
144  TPM3u         7367.697     22  14779.394    14780.430    14887.365
145  TPM3u+I       7113.031     23  14272.062    14273.194    14384.941
146  TPM3u+G4      7018.546     23  14083.092    14084.223    14195.971
147  TPM3u+I+G4    7018.905     24  14085.810    14087.041    14203.596
148  TPM3u+R2      7027.130     24  14102.261    14103.491    14220.047
149  TPM3u+R3      7017.378     26  14086.756    14088.199    14214.358
150  TPM3u+R4      7017.510     28  14091.021    14092.693    14228.438
151  TPM3u+R5      Skipped 
152  TPM3u+R6      Skipped 
153  TPM3u+R7      Skipped 
154  TPM3u+R8      Skipped 
155  TPM3u+R9      Skipped 
156  TPM3u+R10     Skipped 
157  TIMe          7461.277     20  14962.553    14963.411    15060.708
158  TIMe+I        7208.676     21  14459.352    14460.297    14562.415
159  TIMe+G4       7134.454     21  14310.909    14311.854    14413.972
160  TIMe+I+G4     7134.183     22  14312.367    14313.403    14420.338
161  TIMe+R2       7146.552     22  14337.105    14338.141    14445.075
162  TIMe+R3       7132.495     24  14312.991    14314.221    14430.777
163  TIMe+R4       7132.591     26  14317.182    14318.625    14444.784
164  TIMe+R5       Skipped 
165  TIMe+R6       Skipped 
166  TIMe+R7       Skipped 
167  TIMe+R8       Skipped 
168  TIMe+R9       Skipped 
169  TIMe+R10      Skipped 
170  TIM           7365.799     23  14777.598    14778.730    14890.477
171  TIM+I         7109.956     24  14267.913    14269.143    14385.699
172  TIM+G4        7016.863     24  14081.726    14082.957    14199.513
173  TIM+I+G4      7017.179     25  14084.358    14085.693    14207.052
174  TIM+R2        7027.421     25  14104.843    14106.178    14227.537
175  TIM+R3        7015.213     27  14084.426    14085.981    14216.935
176  TIM+R4        7015.333     29  14088.666    14090.460    14230.991
177  TIM+R5        Skipped 
178  TIM+R6        Skipped 
179  TIM+R7        Skipped 
180  TIM+R8        Skipped 
181  TIM+R9        Skipped 
182  TIM+R10       Skipped 
183  TIM2e         7443.567     20  14927.134    14927.992    15025.289
184  TIM2e+I       7190.631     21  14423.262    14424.207    14526.325
185  TIM2e+G4      7114.759     21  14271.518    14272.463    14374.581
186  TIM2e+I+G4    7114.219     22  14272.438    14273.474    14380.408
187  TIM2e+R2      7128.966     22  14301.932    14302.968    14409.903
188  TIM2e+R3      7112.530     24  14273.061    14274.292    14390.847
189  TIM2e+R4      7112.272     26  14276.543    14277.986    14404.145
190  TIM2e+R5      Skipped 
191  TIM2e+R6      Skipped 
192  TIM2e+R7      Skipped 
193  TIM2e+R8      Skipped 
194  TIM2e+R9      Skipped 
195  TIM2e+R10     Skipped 
196  TIM2          7368.947     23  14783.894    14785.025    14896.772
197  TIM2+I        7113.814     24  14275.628    14276.859    14393.414
198  TIM2+G4       7029.593     24  14107.187    14108.417    14224.973
199  TIM2+I+G4     7029.955     25  14109.909    14111.244    14232.603
200  TIM2+R2       7040.668     25  14131.335    14132.670    14254.029
201  TIM2+R3       7027.639     27  14109.278    14110.833    14241.787
202  TIM2+R4       7027.765     29  14113.530    14115.324    14255.855
203  TIM2+R5       Skipped 
204  TIM2+R6       Skipped 
205  TIM2+R7       Skipped 
206  TIM2+R8       Skipped 
207  TIM2+R9       Skipped 
208  TIM2+R10      Skipped 
209  TIM3e         7463.030     20  14966.061    14966.919    15064.216
210  TIM3e+I       7211.280     21  14464.560    14465.505    14567.623
211  TIM3e+G4      7137.641     21  14317.281    14318.226    14420.344
212  TIM3e+I+G4    7137.459     22  14318.917    14319.953    14426.888
213  TIM3e+R2      7148.832     22  14341.665    14342.700    14449.635
214  TIM3e+R3      7135.944     24  14319.888    14321.118    14437.674
215  TIM3e+R4      7136.082     26  14324.164    14325.607    14451.766
216  TIM3e+R5      Skipped 
217  TIM3e+R6      Skipped 
218  TIM3e+R7      Skipped 
219  TIM3e+R8      Skipped 
220  TIM3e+R9      Skipped 
221  TIM3e+R10     Skipped 
222  TIM3          7362.732     23  14771.464    14772.595    14884.343
223  TIM3+I        7110.000     24  14268.001    14269.231    14385.787
224  TIM3+G4       7015.770     24  14079.539    14080.770    14197.326
225  TIM3+I+G4     7016.008     25  14082.016    14083.350    14204.710
226  TIM3+R2       7022.704     25  14095.409    14096.743    14218.103
227  TIM3+R3       7014.971     27  14083.942    14085.498    14216.452
228  TIM3+R4       7014.812     29  14087.625    14089.419    14229.950
229  TIM3+R5       Skipped 
230  TIM3+R6       Skipped 
231  TIM3+R7       Skipped 
232  TIM3+R8       Skipped 
233  TIM3+R9       Skipped 
234  TIM3+R10      Skipped 
235  TVMe          7436.850     21  14915.699    14916.644    15018.762
236  TVMe+I        7184.174     22  14412.348    14413.384    14520.319
237  TVMe+G4       7106.370     22  14256.739    14257.775    14364.710
238  TVMe+I+G4     7105.914     23  14257.827    14258.958    14370.706
239  TVMe+R2       7120.390     23  14286.780    14287.912    14399.659
240  TVMe+R3       7104.345     25  14258.690    14260.024    14381.383
241  TVMe+R4       7104.036     27  14262.072    14263.627    14394.581
242  TVMe+R5       Skipped 
243  TVMe+R6       Skipped 
244  TVMe+R7       Skipped 
245  TVMe+R8       Skipped 
246  TVMe+R9       Skipped 
247  TVMe+R10      Skipped 
248  TVM           7354.296     24  14756.593    14757.823    14874.379
249  TVM+I         7099.933     25  14249.865    14251.200    14372.559
250  TVM+G4        7006.719     25  14063.438    14064.773    14186.132
251  TVM+I+G4      7007.014     26  14066.028    14067.471    14193.630
252  TVM+R2        7015.985     26  14083.970    14085.413    14211.572
253  TVM+R3        7005.546     28  14067.092    14068.765    14204.509
254  TVM+R4        7005.618     30  14071.236    14073.155    14218.468
255  TVM+R5        Skipped 
256  TVM+R6        Skipped 
257  TVM+R7        Skipped 
258  TVM+R8        Skipped 
259  TVM+R9        Skipped 
260  TVM+R10       Skipped 
261  SYM           7436.575     22  14917.150    14918.185    15025.120
262  SYM+I         7183.783     23  14413.566    14414.697    14526.445
263  SYM+G4        7104.744     23  14255.489    14256.620    14368.367
264  SYM+I+G4      7104.197     24  14256.395    14257.626    14374.181
265  SYM+R2        7119.870     24  14287.740    14288.970    14405.526
266  SYM+R3        7102.275     26  14256.550    14257.993    14384.152
267  SYM+R4        7101.711     28  14259.422    14261.095    14396.839
268  SYM+R5        Skipped 
269  SYM+R6        Skipped 
270  SYM+R7        Skipped 
271  SYM+R8        Skipped 
272  SYM+R9        Skipped 
273  SYM+R10       Skipped 
274  GTR           7349.086     25  14748.171    14749.506    14870.865
275  GTR+I         7096.766     26  14245.532    14246.974    14373.133
276  GTR+G4        7002.871     26  14057.742    14059.185    14185.343
277  GTR+I+G4      7003.273     27  14060.545    14062.101    14193.055
278  GTR+R2        7010.500     27  14075.000    14076.555    14207.509
279  GTR+R3        7002.501     29  14063.002    14064.796    14205.327
280  GTR+R4        7002.387     31  14066.773    14068.823    14218.914
281  GTR+R5        Skipped 
282  GTR+R6        Skipped 
283  GTR+R7        Skipped 
284  GTR+R8        Skipped 
285  GTR+R9        Skipped 
286  GTR+R10       Skipped 
Akaike Information Criterion:           GTR+G4
Corrected Akaike Information Criterion: GTR+G4
Bayesian Information Criterion:         GTR+G4
Best-fit model: GTR+G4 chosen according to BIC

All model information printed to ./results/gene19.phy.model
CPU time for ModelFinder: 14.683 seconds (0h:0m:14s)
Wall-clock time for ModelFinder: 15.846 seconds (0h:0m:15s)
Generating 1000 samples for ultrafast bootstrap (seed: 763296)...

NOTE: 2 MB RAM (0 GB) is required!
Estimate model parameters (epsilon = 0.100)
1. Initial log-likelihood: -7286.605
2. Current log-likelihood: -7012.266
3. Current log-likelihood: -7004.218
4. Current log-likelihood: -7003.385
5. Current log-likelihood: -7003.251
Optimal log-likelihood: -7003.179
Rate parameters:  A-C: 2.450  A-G: 3.724  A-T: 0.582  C-G: 0.736  C-T: 5.523  G-T: 1.000
Base frequencies:   A: 0.383  C: 0.159  G: 0.213  T: 0.245
Gamma shape alpha: 0.520
Parameters optimization took 5 rounds (0.093 sec)
Computing ML distances based on estimated model parameters... 0.001 sec
Computing BIONJ tree...
0.000 seconds
Log-likelihood of BIONJ tree: -7002.741
--------------------------------------------------------------------
|             INITIALIZING CANDIDATE TREE SET                      |
--------------------------------------------------------------------
Generating 98 parsimony trees... 0.067 second
Computing log-likelihood of 96 initial trees ... 0.379 seconds
Current best score: -7002.741

Do NNI search on 20 best initial trees
Estimate model parameters (epsilon = 0.100)
BETTER TREE FOUND at iteration 1: -6999.934
Estimate model parameters (epsilon = 0.100)
BETTER TREE FOUND at iteration 2: -6999.763
UPDATE BEST LOG-LIKELIHOOD: -6999.763
Iteration 10 / LogL: -7001.118 / Time: 0h:0m:16s
Estimate model parameters (epsilon = 0.100)
BETTER TREE FOUND at iteration 13: -6999.517
UPDATE BEST LOG-LIKELIHOOD: -6999.517
WARNING: NNI search needs unusual large number of steps (7) to converge!
Iteration 20 / LogL: -7001.013 / Time: 0h:0m:17s
Finish initializing candidate tree set (11)
Current best tree score: -6999.517 / CPU time: 1.576
Number of iterations: 20
--------------------------------------------------------------------
|               OPTIMIZING CANDIDATE TREE SET                      |
--------------------------------------------------------------------
UPDATE BEST LOG-LIKELIHOOD: -6999.517
Iteration 30 / LogL: -7000.053 / Time: 0h:0m:17s (0h:0m:5s left)
UPDATE BEST LOG-LIKELIHOOD: -6999.517
Iteration 40 / LogL: -6999.544 / Time: 0h:0m:18s (0h:0m:4s left)
Iteration 50 / LogL: -6999.771 / Time: 0h:0m:18s (0h:0m:3s left)
Log-likelihood cutoff on original alignment: -7007.844
Iteration 60 / LogL: -6999.765 / Time: 0h:0m:19s (0h:0m:3s left)
Iteration 70 / LogL: -7000.056 / Time: 0h:0m:19s (0h:0m:2s left)
Iteration 80 / LogL: -6999.601 / Time: 0h:0m:20s (0h:0m:1s left)
Iteration 90 / LogL: -6999.601 / Time: 0h:0m:20s (0h:0m:1s left)
Iteration 100 / LogL: -6999.601 / Time: 0h:0m:21s (0h:0m:0s left)
Log-likelihood cutoff on original alignment: -7007.844
NOTE: Bootstrap correlation coefficient of split occurrence frequencies: 0.982
NOTE: UFBoot does not converge, continue at least 100 more iterations
Iteration 110 / LogL: -6999.765 / Time: 0h:0m:22s (0h:0m:5s left)
Iteration 120 / LogL: -6999.768 / Time: 0h:0m:22s (0h:0m:4s left)
Iteration 130 / LogL: -6999.601 / Time: 0h:0m:23s (0h:0m:3s left)
Iteration 140 / LogL: -6999.601 / Time: 0h:0m:23s (0h:0m:3s left)
Iteration 150 / LogL: -6999.601 / Time: 0h:0m:23s (0h:0m:2s left)
Log-likelihood cutoff on original alignment: -7007.343
Iteration 160 / LogL: -6999.518 / Time: 0h:0m:24s (0h:0m:2s left)
Iteration 170 / LogL: -6999.750 / Time: 0h:0m:24s (0h:0m:1s left)
Iteration 180 / LogL: -6999.606 / Time: 0h:0m:25s (0h:0m:1s left)
UPDATE BEST LOG-LIKELIHOOD: -6999.517
Iteration 190 / LogL: -6999.601 / Time: 0h:0m:25s (0h:0m:0s left)
Iteration 200 / LogL: -7000.076 / Time: 0h:0m:25s (0h:0m:0s left)
Log-likelihood cutoff on original alignment: -7007.343
NOTE: Bootstrap correlation coefficient of split occurrence frequencies: 0.993
TREE SEARCH COMPLETED AFTER 200 ITERATIONS / Time: 0h:0m:25s

--------------------------------------------------------------------
|                    FINALIZING TREE SEARCH                        |
--------------------------------------------------------------------
Performs final model parameters optimization
Estimate model parameters (epsilon = 0.010)
1. Initial log-likelihood: -6999.517
2. Current log-likelihood: -6999.504
3. Current log-likelihood: -6999.406
4. Current log-likelihood: -6999.360
5. Current log-likelihood: -6999.339
Optimal log-likelihood: -6999.332
Rate parameters:  A-C: 2.617  A-G: 3.913  A-T: 0.617  C-G: 0.724  C-T: 5.835  G-T: 1.000
Base frequencies:   A: 0.383  C: 0.159  G: 0.213  T: 0.245
Gamma shape alpha: 0.519
Parameters optimization took 5 rounds (0.049 sec)
BEST SCORE FOUND : -6999.332
Creating bootstrap support values...
Split supports printed to NEXUS file ./results/gene19.phy.splits.nex
Total tree length: 2.797

Total number of iterations: 200
CPU time used for tree search: 8.730 sec (0h:0m:8s)
Wall-clock time used for tree search: 9.791 sec (0h:0m:9s)
Total CPU time used: 23.602 sec (0h:0m:23s)
Total wall-clock time used: 25.856 sec (0h:0m:25s)

Computing bootstrap consensus tree...
Reading input file ./results/gene19.phy.splits.nex...
10 taxa and 174 splits.
Consensus tree written to ./results/gene19.phy.contree
Reading input trees file ./results/gene19.phy.contree
Log-likelihood of consensus tree: -6999.332

Analysis results written to: 
  IQ-TREE report:                ./results/gene19.phy.iqtree
  Maximum-likelihood tree:       ./results/gene19.phy.treefile
  Likelihood distances:          ./results/gene19.phy.mldist

Ultrafast bootstrap approximation results written to:
  Split support values:          ./results/gene19.phy.splits.nex
  Consensus tree:                ./results/gene19.phy.contree
  Screen log file:               ./results/gene19.phy.log

Date and Time: Tue Aug 22 17:07:58 2017
