IQ-TREE multicore version 1.5.4 for Linux 64-bit built Apr  2 2017
Copyright (c) 2011-2017 by Bui Quang Minh, Nguyen Lam Tung,
Olga Chernomor, Heiko Schmidt, and Arndt von Haeseler.

Host:    hpc-crick (AVX, 251 GB RAM)
Command: iqtree -s ./results/gene9.phy -nt 1 -bb 1000
Seed:    583363 (Using SPRNG - Scalable Parallel Random Number Generator)
Time:    Tue Aug 22 18:33:22 2017
Kernel:  AVX - 1 threads (40 CPU cores detected)

Reading alignment file ./results/gene9.phy ... Phylip format detected
Alignment most likely contains DNA/RNA sequences
Alignment has 10 sequences with 1000 columns and 445 patterns (304 informative sites, 412 constant sites)
   Gap/Ambiguity  Composition  p-value
   1  A    0.00%    passed     96.81%
   2  B    0.00%    passed     55.00%
   3  C    0.00%    passed     90.97%
   4  D    0.00%    passed     89.71%
   5  E    0.00%    passed     68.48%
   6  F    0.00%    passed     41.01%
   7  G    0.00%    passed     86.73%
   8  H    0.00%    passed     87.89%
   9  I    0.00%    passed     98.15%
  10  J    0.00%    passed     18.29%
****  TOTAL    0.00%  0 sequences failed composition chi2 test (p-value<5%; df=3)

Create initial parsimony tree by phylogenetic likelihood library (PLL)... 0.000 seconds

NOTE: ModelFinder requires 3 MB RAM!
ModelFinder will test 286 DNA models (sample size: 1000) ...
 No. Model         -LnL         df  AIC          AICc         BIC
  1  JC            7032.606     17  14099.212    14099.835    14182.644
  2  JC+I          6827.028     18  13690.056    13690.754    13778.396
  3  JC+G4         6778.272     18  13592.544    13593.241    13680.884
  4  JC+I+G4       6778.498     19  13594.996    13595.772    13688.244
  5  JC+R2         6782.033     19  13602.066    13602.842    13695.313
  6  JC+R3         6778.018     21  13598.037    13598.982    13701.100
  7  JC+R4         Skipped 
  8  JC+R5         Skipped 
  9  JC+R6         Skipped 
 10  JC+R7         Skipped 
 11  JC+R8         Skipped 
 12  JC+R9         Skipped 
 13  JC+R10        Skipped 
 14  F81           6923.298     20  13886.596    13887.454    13984.751
 15  F81+I         6712.454     21  13466.909    13467.853    13569.972
 16  F81+G4        6665.798     21  13373.596    13374.541    13476.659
 17  F81+I+G4      6665.559     22  13375.119    13376.155    13483.089
 18  F81+R2        6671.405     22  13386.810    13387.846    13494.781
 19  F81+R3        6665.303     24  13378.606    13379.837    13496.392
 20  F81+R4        Skipped 
 21  F81+R5        Skipped 
 22  F81+R6        Skipped 
 23  F81+R7        Skipped 
 24  F81+R8        Skipped 
 25  F81+R9        Skipped 
 26  F81+R10       Skipped 
 27  K2P           6908.973     18  13853.946    13854.643    13942.286
 28  K2P+I         6692.081     19  13422.162    13422.937    13515.409
 29  K2P+G4        6630.126     19  13298.253    13299.028    13391.500
 30  K2P+I+G4      6630.413     20  13300.826    13301.684    13398.981
 31  K2P+R2        6635.464     20  13310.928    13311.786    13409.083
 32  K2P+R3        6629.540     22  13303.081    13304.117    13411.052
 33  K2P+R4        Skipped 
 34  K2P+R5        Skipped 
 35  K2P+R6        Skipped 
 36  K2P+R7        Skipped 
 37  K2P+R8        Skipped 
 38  K2P+R9        Skipped 
 39  K2P+R10       Skipped 
 40  HKY           6798.884     21  13639.769    13640.713    13742.831
 41  HKY+I         6576.306     22  13196.611    13197.647    13304.582
 42  HKY+G4        6511.965     22  13067.931    13068.967    13175.901
 43  HKY+I+G4      6511.957     23  13069.914    13071.045    13182.792
 44  HKY+R2        6519.594     23  13085.188    13086.319    13198.066
 45  HKY+R3        6511.487     25  13072.975    13074.309    13195.668
 46  HKY+R4        6511.514     27  13077.029    13078.584    13209.538
 47  HKY+R5        Skipped 
 48  HKY+R6        Skipped 
 49  HKY+R7        Skipped 
 50  HKY+R8        Skipped 
 51  HKY+R9        Skipped 
 52  HKY+R10       Skipped 
 53  TNe           6908.848     19  13855.697    13856.472    13948.944
 54  TNe+I         6691.811     20  13423.622    13424.480    13521.777
 55  TNe+G4        6629.498     20  13298.995    13299.853    13397.151
 56  TNe+I+G4      6629.823     21  13301.645    13302.590    13404.708
 57  TNe+R2        6634.724     21  13311.447    13312.392    13414.510
 58  TNe+R3        6628.848     23  13303.695    13304.826    13416.574
 59  TNe+R4        Skipped 
 60  TNe+R5        Skipped 
 61  TNe+R6        Skipped 
 62  TNe+R7        Skipped 
 63  TNe+R8        Skipped 
 64  TNe+R9        Skipped 
 65  TNe+R10       Skipped 
 66  TN            6791.924     22  13627.848    13628.884    13735.819
 67  TN+I          6568.026     23  13182.051    13183.183    13294.930
 68  TN+G4         6508.531     23  13063.061    13064.192    13175.940
 69  TN+I+G4       6508.251     24  13064.501    13065.732    13182.287
 70  TN+R2         6516.475     24  13080.951    13082.181    13198.737
 71  TN+R3         6507.938     26  13067.876    13069.319    13195.478
 72  TN+R4         6507.921     28  13071.843    13073.515    13209.260
 73  TN+R5         Skipped 
 74  TN+R6         Skipped 
 75  TN+R7         Skipped 
 76  TN+R8         Skipped 
 77  TN+R9         Skipped 
 78  TN+R10        Skipped 
 79  K3P           6908.925     19  13855.850    13856.626    13949.097
 80  K3P+I         6691.766     20  13423.532    13424.390    13521.687
 81  K3P+G4        6629.484     20  13298.968    13299.826    13397.124
 82  K3P+I+G4      6629.746     21  13301.492    13302.437    13404.555
 83  K3P+R2        6634.670     21  13311.341    13312.285    13414.404
 84  K3P+R3        6628.972     23  13303.944    13305.075    13416.823
 85  K3P+R4        Skipped 
 86  K3P+R5        Skipped 
 87  K3P+R6        Skipped 
 88  K3P+R7        Skipped 
 89  K3P+R8        Skipped 
 90  K3P+R9        Skipped 
 91  K3P+R10       Skipped 
 92  K3Pu          6797.470     22  13638.941    13639.977    13746.912
 93  K3Pu+I        6574.129     23  13194.257    13195.388    13307.135
 94  K3Pu+G4       6508.687     23  13063.375    13064.506    13176.253
 95  K3Pu+I+G4     6508.750     24  13065.499    13066.730    13183.285
 96  K3Pu+R2       6516.174     24  13080.348    13081.579    13198.135
 97  K3Pu+R3       6508.353     26  13068.706    13070.149    13196.307
 98  K3Pu+R4       6508.346     28  13072.692    13074.365    13210.109
 99  K3Pu+R5       Skipped 
100  K3Pu+R6       Skipped 
101  K3Pu+R7       Skipped 
102  K3Pu+R8       Skipped 
103  K3Pu+R9       Skipped 
104  K3Pu+R10      Skipped 
105  TPM2          6798.306     22  13640.611    13641.647    13748.582
106  TPM2+I        6575.918     23  13197.837    13198.968    13310.715
107  TPM2+G4       6511.952     23  13069.904    13071.035    13182.782
108  TPM2+I+G4     6511.936     24  13071.872    13073.103    13189.658
109  TPM2+R2       6519.469     24  13086.939    13088.169    13204.725
110  TPM2+R3       6511.498     26  13074.996    13076.439    13202.598
111  TPM2+R4       6511.480     28  13078.961    13080.633    13216.378
112  TPM2+R5       Skipped 
113  TPM2+R6       Skipped 
114  TPM2+R7       Skipped 
115  TPM2+R8       Skipped 
116  TPM2+R9       Skipped 
117  TPM2+R10      Skipped 
118  TPM2u         6798.313     22  13640.626    13641.662    13748.596
119  TPM2u+I       6575.912     23  13197.824    13198.955    13310.702
120  TPM2u+G4      6511.955     23  13069.911    13071.042    13182.789
121  TPM2u+I+G4    6511.944     24  13071.889    13073.120    13189.675
122  TPM2u+R2      6519.540     24  13087.080    13088.311    13204.866
123  TPM2u+R3      6511.478     26  13074.955    13076.398    13202.557
124  TPM2u+R4      6511.480     28  13078.959    13080.632    13216.376
125  TPM2u+R5      Skipped 
126  TPM2u+R6      Skipped 
127  TPM2u+R7      Skipped 
128  TPM2u+R8      Skipped 
129  TPM2u+R9      Skipped 
130  TPM2u+R10     Skipped 
131  TPM3          6791.077     22  13626.153    13627.189    13734.124
132  TPM3+I        6568.903     23  13183.807    13184.938    13296.685
133  TPM3+G4       6503.380     23  13052.761    13053.892    13165.639
134  TPM3+I+G4     6503.627     24  13055.254    13056.485    13173.040
135  TPM3+R2       6510.196     24  13068.391    13069.622    13186.178
136  TPM3+R3       6503.269     26  13058.537    13059.980    13186.139
137  TPM3+R4       6503.235     28  13062.470    13064.143    13199.887
138  TPM3+R5       Skipped 
139  TPM3+R6       Skipped 
140  TPM3+R7       Skipped 
141  TPM3+R8       Skipped 
142  TPM3+R9       Skipped 
143  TPM3+R10      Skipped 
144  TPM3u         6791.072     22  13626.145    13627.181    13734.116
145  TPM3u+I       6568.903     23  13183.806    13184.937    13296.684
146  TPM3u+G4      6503.381     23  13052.762    13053.893    13165.640
147  TPM3u+I+G4    6503.609     24  13055.217    13056.448    13173.003
148  TPM3u+R2      6510.196     24  13068.391    13069.622    13186.177
149  TPM3u+R3      6503.224     26  13058.448    13059.891    13186.050
150  TPM3u+R4      6503.210     28  13062.420    13064.093    13199.837
151  TPM3u+R5      Skipped 
152  TPM3u+R6      Skipped 
153  TPM3u+R7      Skipped 
154  TPM3u+R8      Skipped 
155  TPM3u+R9      Skipped 
156  TPM3u+R10     Skipped 
157  TIMe          6908.782     20  13857.565    13858.423    13955.720
158  TIMe+I        6691.525     21  13425.050    13425.995    13528.113
159  TIMe+G4       6628.909     21  13299.818    13300.762    13402.881
160  TIMe+I+G4     6629.129     22  13302.258    13303.294    13410.229
161  TIMe+R2       6633.947     22  13311.894    13312.930    13419.865
162  TIMe+R3       6628.359     24  13304.718    13305.948    13422.504
163  TIMe+R4       Skipped 
164  TIMe+R5       Skipped 
165  TIMe+R6       Skipped 
166  TIMe+R7       Skipped 
167  TIMe+R8       Skipped 
168  TIMe+R9       Skipped 
169  TIMe+R10      Skipped 
170  TIM           6790.458     23  13626.915    13628.046    13739.794
171  TIM+I         6565.864     24  13179.727    13180.958    13297.514
172  TIM+G4        6505.349     24  13058.697    13059.928    13176.483
173  TIM+I+G4      6505.150     25  13060.301    13061.636    13182.995
174  TIM+R2        6513.083     25  13076.166    13077.501    13198.860
175  TIM+R3        6504.987     27  13063.975    13065.530    13196.484
176  TIM+R4        6504.959     29  13067.917    13069.711    13210.242
177  TIM+R5        Skipped 
178  TIM+R6        Skipped 
179  TIM+R7        Skipped 
180  TIM+R8        Skipped 
181  TIM+R9        Skipped 
182  TIM+R10       Skipped 
183  TIM2e         6899.266     20  13838.532    13839.390    13936.687
184  TIM2e+I       6681.380     21  13404.760    13405.704    13507.823
185  TIM2e+G4      6611.915     21  13265.830    13266.775    13368.893
186  TIM2e+I+G4    6612.145     22  13268.289    13269.325    13376.260
187  TIM2e+R2      6617.713     22  13279.426    13280.462    13387.397
188  TIM2e+R3      6609.769     24  13267.538    13268.769    13385.325
189  TIM2e+R4      6609.725     26  13271.449    13272.892    13399.051
190  TIM2e+R5      Skipped 
191  TIM2e+R6      Skipped 
192  TIM2e+R7      Skipped 
193  TIM2e+R8      Skipped 
194  TIM2e+R9      Skipped 
195  TIM2e+R10     Skipped 
196  TIM2          6791.188     23  13628.376    13629.507    13741.254
197  TIM2+I        6567.574     24  13183.147    13184.378    13300.934
198  TIM2+G4       6508.462     24  13064.924    13066.155    13182.711
199  TIM2+I+G4     6508.144     25  13066.287    13067.622    13188.981
200  TIM2+R2       6516.302     25  13082.605    13083.939    13205.299
201  TIM2+R3       6508.099     27  13070.197    13071.753    13202.707
202  TIM2+R4       6508.049     29  13074.097    13075.891    13216.422
203  TIM2+R5       Skipped 
204  TIM2+R6       Skipped 
205  TIM2+R7       Skipped 
206  TIM2+R8       Skipped 
207  TIM2+R9       Skipped 
208  TIM2+R10      Skipped 
209  TIM3e         6906.991     20  13853.983    13854.841    13952.138
210  TIM3e+I       6690.109     21  13422.218    13423.163    13525.281
211  TIM3e+G4      6627.786     21  13297.573    13298.517    13400.636
212  TIM3e+I+G4    6628.011     22  13300.022    13301.058    13407.992
213  TIM3e+R2      6632.624     22  13309.247    13310.283    13417.218
214  TIM3e+R3      6627.285     24  13302.570    13303.801    13420.356
215  TIM3e+R4      Skipped 
216  TIM3e+R5      Skipped 
217  TIM3e+R6      Skipped 
218  TIM3e+R7      Skipped 
219  TIM3e+R8      Skipped 
220  TIM3e+R9      Skipped 
221  TIM3e+R10     Skipped 
222  TIM3          6783.321     23  13612.642    13613.773    13725.520
223  TIM3+I        6560.553     24  13169.107    13170.337    13286.893
224  TIM3+G4       6499.627     24  13047.254    13048.485    13165.041
225  TIM3+I+G4     6499.496     25  13048.992    13050.327    13171.686
226  TIM3+R2       6506.550     25  13063.100    13064.434    13185.794
227  TIM3+R3       6499.456     27  13052.912    13054.467    13185.421
228  TIM3+R4       6499.478     29  13056.956    13058.750    13199.281
229  TIM3+R5       Skipped 
230  TIM3+R6       Skipped 
231  TIM3+R7       Skipped 
232  TIM3+R8       Skipped 
233  TIM3+R9       Skipped 
234  TIM3+R10      Skipped 
235  TVMe          6897.743     21  13837.487    13838.431    13940.549
236  TVMe+I        6680.067     22  13404.134    13405.170    13512.105
237  TVMe+G4       6611.160     22  13266.320    13267.356    13374.291
238  TVMe+I+G4     6611.395     23  13268.790    13269.921    13381.668
239  TVMe+R2       6616.592     23  13279.184    13280.315    13392.062
240  TVMe+R3       6610.035     25  13270.070    13271.404    13392.764
241  TVMe+R4       Skipped 
242  TVMe+R5       Skipped 
243  TVMe+R6       Skipped 
244  TVMe+R7       Skipped 
245  TVMe+R8       Skipped 
246  TVMe+R9       Skipped 
247  TVMe+R10      Skipped 
248  TVM           6790.477     24  13628.954    13630.185    13746.740
249  TVM+I         6568.300     25  13186.600    13187.934    13309.293
250  TVM+G4        6502.680     25  13055.361    13056.696    13178.055
251  TVM+I+G4      6502.829     26  13057.659    13059.102    13185.260
252  TVM+R2        6509.432     26  13070.865    13072.308    13198.466
253  TVM+R3        6502.647     28  13061.294    13062.966    13198.711
254  TVM+R4        Skipped 
255  TVM+R5        Skipped 
256  TVM+R6        Skipped 
257  TVM+R7        Skipped 
258  TVM+R8        Skipped 
259  TVM+R9        Skipped 
260  TVM+R10       Skipped 
261  SYM           6897.615     22  13839.230    13840.266    13947.200
262  SYM+I         6679.828     23  13405.657    13406.788    13518.535
263  SYM+G4        6609.992     23  13265.983    13267.115    13378.862
264  SYM+I+G4      6610.219     24  13268.437    13269.668    13386.223
265  SYM+R2        6615.353     24  13278.706    13279.937    13396.492
266  SYM+R3        6608.256     26  13268.512    13269.955    13396.114
267  SYM+R4        6608.223     28  13272.447    13274.119    13409.864
268  SYM+R5        Skipped 
269  SYM+R6        Skipped 
270  SYM+R7        Skipped 
271  SYM+R8        Skipped 
272  SYM+R9        Skipped 
273  SYM+R10       Skipped 
274  GTR           6782.561     25  13615.123    13616.457    13737.817
275  GTR+I         6559.905     26  13171.809    13173.252    13299.411
276  GTR+G4        6498.797     26  13049.594    13051.037    13177.196
277  GTR+I+G4      6498.689     27  13051.378    13052.934    13183.888
278  GTR+R2        6505.644     27  13065.289    13066.845    13197.798
279  GTR+R3        6498.770     29  13055.539    13057.333    13197.864
280  GTR+R4        Skipped 
281  GTR+R5        Skipped 
282  GTR+R6        Skipped 
283  GTR+R7        Skipped 
284  GTR+R8        Skipped 
285  GTR+R9        Skipped 
286  GTR+R10       Skipped 
Akaike Information Criterion:           TIM3+G4
Corrected Akaike Information Criterion: TIM3+G4
Bayesian Information Criterion:         TIM3+G4
Best-fit model: TIM3+G4 chosen according to BIC

All model information printed to ./results/gene9.phy.model
CPU time for ModelFinder: 10.818 seconds (0h:0m:10s)
Wall-clock time for ModelFinder: 13.529 seconds (0h:0m:13s)
Generating 1000 samples for ultrafast bootstrap (seed: 583363)...

NOTE: 2 MB RAM (0 GB) is required!
Estimate model parameters (epsilon = 0.100)
1. Initial log-likelihood: -6699.146
2. Current log-likelihood: -6507.226
3. Current log-likelihood: -6500.450
4. Current log-likelihood: -6500.014
Optimal log-likelihood: -6499.941
Rate parameters:  A-C: 1.760  A-G: 3.746  A-T: 1.000  C-G: 1.760  C-T: 5.649  G-T: 1.000
Base frequencies:   A: 0.411  C: 0.167  G: 0.202  T: 0.221
Gamma shape alpha: 0.558
Parameters optimization took 4 rounds (0.055 sec)
Computing ML distances based on estimated model parameters... 0.001 sec
Computing BIONJ tree...
0.000 seconds
Log-likelihood of BIONJ tree: -6496.827
--------------------------------------------------------------------
|             INITIALIZING CANDIDATE TREE SET                      |
--------------------------------------------------------------------
Generating 98 parsimony trees... 0.067 second
Computing log-likelihood of 93 initial trees ... 0.356 seconds
Current best score: -6496.244

Do NNI search on 20 best initial trees
Estimate model parameters (epsilon = 0.100)
BETTER TREE FOUND at iteration 1: -6494.682
Iteration 10 / LogL: -6494.954 / Time: 0h:0m:14s
Iteration 20 / LogL: -6496.759 / Time: 0h:0m:15s
Finish initializing candidate tree set (8)
Current best tree score: -6494.682 / CPU time: 1.602
Number of iterations: 20
--------------------------------------------------------------------
|               OPTIMIZING CANDIDATE TREE SET                      |
--------------------------------------------------------------------
UPDATE BEST LOG-LIKELIHOOD: -6494.682
Iteration 30 / LogL: -6496.540 / Time: 0h:0m:15s (0h:0m:5s left)
UPDATE BEST LOG-LIKELIHOOD: -6494.682
Iteration 40 / LogL: -6494.687 / Time: 0h:0m:16s (0h:0m:3s left)
WARNING: NNI search needs unusual large number of steps (7) to converge!
Iteration 50 / LogL: -6498.315 / Time: 0h:0m:16s (0h:0m:3s left)
Log-likelihood cutoff on original alignment: -6503.535
Iteration 60 / LogL: -6494.819 / Time: 0h:0m:16s (0h:0m:2s left)
UPDATE BEST LOG-LIKELIHOOD: -6494.682
Iteration 70 / LogL: -6494.819 / Time: 0h:0m:17s (0h:0m:1s left)
Iteration 80 / LogL: -6494.819 / Time: 0h:0m:17s (0h:0m:1s left)
Iteration 90 / LogL: -6494.954 / Time: 0h:0m:18s (0h:0m:0s left)
Iteration 100 / LogL: -6494.682 / Time: 0h:0m:18s (0h:0m:0s left)
Log-likelihood cutoff on original alignment: -6503.500
NOTE: Bootstrap correlation coefficient of split occurrence frequencies: 0.981
NOTE: UFBoot does not converge, continue at least 100 more iterations
Iteration 110 / LogL: -6494.682 / Time: 0h:0m:19s (0h:0m:4s left)
Iteration 120 / LogL: -6494.819 / Time: 0h:0m:19s (0h:0m:4s left)
UPDATE BEST LOG-LIKELIHOOD: -6494.682
Iteration 130 / LogL: -6494.819 / Time: 0h:0m:20s (0h:0m:3s left)
UPDATE BEST LOG-LIKELIHOOD: -6494.682
Iteration 140 / LogL: -6494.682 / Time: 0h:0m:21s (0h:0m:3s left)
Iteration 150 / LogL: -6494.819 / Time: 0h:0m:21s (0h:0m:2s left)
Log-likelihood cutoff on original alignment: -6503.500
Iteration 160 / LogL: -6496.697 / Time: 0h:0m:22s (0h:0m:2s left)
Iteration 170 / LogL: -6494.819 / Time: 0h:0m:22s (0h:0m:1s left)
Iteration 180 / LogL: -6494.682 / Time: 0h:0m:23s (0h:0m:1s left)
Iteration 190 / LogL: -6494.819 / Time: 0h:0m:23s (0h:0m:0s left)
Iteration 200 / LogL: -6494.682 / Time: 0h:0m:24s (0h:0m:0s left)
Log-likelihood cutoff on original alignment: -6503.304
NOTE: Bootstrap correlation coefficient of split occurrence frequencies: 0.968
NOTE: UFBoot does not converge, continue at least 100 more iterations
Iteration 210 / LogL: -6494.682 / Time: 0h:0m:24s (0h:0m:4s left)
Iteration 220 / LogL: -6494.682 / Time: 0h:0m:25s (0h:0m:4s left)
Iteration 230 / LogL: -6494.682 / Time: 0h:0m:26s (0h:0m:3s left)
Iteration 240 / LogL: -6494.819 / Time: 0h:0m:27s (0h:0m:3s left)
Iteration 250 / LogL: -6495.001 / Time: 0h:0m:27s (0h:0m:2s left)
Log-likelihood cutoff on original alignment: -6503.304
Iteration 260 / LogL: -6496.206 / Time: 0h:0m:28s (0h:0m:2s left)
Iteration 270 / LogL: -6494.819 / Time: 0h:0m:29s (0h:0m:1s left)
Iteration 280 / LogL: -6494.819 / Time: 0h:0m:29s (0h:0m:1s left)
Iteration 290 / LogL: -6495.252 / Time: 0h:0m:30s (0h:0m:0s left)
Iteration 300 / LogL: -6498.316 / Time: 0h:0m:30s (0h:0m:0s left)
Log-likelihood cutoff on original alignment: -6503.060
NOTE: Bootstrap correlation coefficient of split occurrence frequencies: 0.986
NOTE: UFBoot does not converge, continue at least 100 more iterations
Iteration 310 / LogL: -6495.253 / Time: 0h:0m:31s (0h:0m:5s left)
Iteration 320 / LogL: -6494.689 / Time: 0h:0m:31s (0h:0m:4s left)
Iteration 330 / LogL: -6494.954 / Time: 0h:0m:31s (0h:0m:3s left)
Iteration 340 / LogL: -6494.682 / Time: 0h:0m:32s (0h:0m:3s left)
Iteration 350 / LogL: -6494.685 / Time: 0h:0m:32s (0h:0m:2s left)
Log-likelihood cutoff on original alignment: -6503.060
Iteration 360 / LogL: -6494.737 / Time: 0h:0m:33s (0h:0m:2s left)
Iteration 370 / LogL: -6494.819 / Time: 0h:0m:33s (0h:0m:1s left)
Iteration 380 / LogL: -6494.819 / Time: 0h:0m:34s (0h:0m:1s left)
Iteration 390 / LogL: -6494.819 / Time: 0h:0m:34s (0h:0m:0s left)
Iteration 400 / LogL: -6494.687 / Time: 0h:0m:34s (0h:0m:0s left)
Log-likelihood cutoff on original alignment: -6503.583
NOTE: Bootstrap correlation coefficient of split occurrence frequencies: 0.992
TREE SEARCH COMPLETED AFTER 400 ITERATIONS / Time: 0h:0m:34s

--------------------------------------------------------------------
|                    FINALIZING TREE SEARCH                        |
--------------------------------------------------------------------
Performs final model parameters optimization
Estimate model parameters (epsilon = 0.010)
1. Initial log-likelihood: -6494.682
2. Current log-likelihood: -6494.657
3. Current log-likelihood: -6494.638
4. Current log-likelihood: -6494.627
Optimal log-likelihood: -6494.619
Rate parameters:  A-C: 1.800  A-G: 3.858  A-T: 1.000  C-G: 1.800  C-T: 5.832  G-T: 1.000
Base frequencies:   A: 0.411  C: 0.167  G: 0.202  T: 0.221
Gamma shape alpha: 0.567
Parameters optimization took 4 rounds (0.024 sec)
BEST SCORE FOUND : -6494.619
Creating bootstrap support values...
Split supports printed to NEXUS file ./results/gene9.phy.splits.nex
Total tree length: 2.173

Total number of iterations: 400
CPU time used for tree search: 16.185 sec (0h:0m:16s)
Wall-clock time used for tree search: 21.345 sec (0h:0m:21s)
Total CPU time used: 27.133 sec (0h:0m:27s)
Total wall-clock time used: 35.013 sec (0h:0m:35s)

Computing bootstrap consensus tree...
Reading input file ./results/gene9.phy.splits.nex...
10 taxa and 159 splits.
Consensus tree written to ./results/gene9.phy.contree
Reading input trees file ./results/gene9.phy.contree
Log-likelihood of consensus tree: -6494.935

Analysis results written to: 
  IQ-TREE report:                ./results/gene9.phy.iqtree
  Maximum-likelihood tree:       ./results/gene9.phy.treefile
  Likelihood distances:          ./results/gene9.phy.mldist

Ultrafast bootstrap approximation results written to:
  Split support values:          ./results/gene9.phy.splits.nex
  Consensus tree:                ./results/gene9.phy.contree
  Screen log file:               ./results/gene9.phy.log

Date and Time: Tue Aug 22 18:33:57 2017
