IQ-TREE multicore version 1.5.4 for Linux 64-bit built Apr  2 2017
Copyright (c) 2011-2017 by Bui Quang Minh, Nguyen Lam Tung,
Olga Chernomor, Heiko Schmidt, and Arndt von Haeseler.

Host:    hpc-crick (AVX, 251 GB RAM)
Command: iqtree -s ./results/gene5.phy -nt 1 -bb 1000
Seed:    631402 (Using SPRNG - Scalable Parallel Random Number Generator)
Time:    Tue Aug 22 18:17:52 2017
Kernel:  AVX - 1 threads (40 CPU cores detected)

Reading alignment file ./results/gene5.phy ... Phylip format detected
Alignment most likely contains DNA/RNA sequences
Alignment has 10 sequences with 1000 columns and 424 patterns (285 informative sites, 453 constant sites)
   Gap/Ambiguity  Composition  p-value
   1  A    0.00%    passed     76.25%
   2  B    0.00%    passed     97.86%
   3  C    0.00%    passed     98.41%
   4  D    0.00%    passed     78.29%
   5  E    0.00%    passed     98.22%
   6  F    0.00%    passed     59.38%
   7  G    0.00%    passed     64.82%
   8  H    0.00%    passed     80.31%
   9  I    0.00%    passed     80.90%
  10  J    0.00%    passed     94.98%
****  TOTAL    0.00%  0 sequences failed composition chi2 test (p-value<5%; df=3)

Create initial parsimony tree by phylogenetic likelihood library (PLL)... 0.001 seconds

NOTE: ModelFinder requires 3 MB RAM!
ModelFinder will test 286 DNA models (sample size: 1000) ...
 No. Model         -LnL         df  AIC          AICc         BIC
  1  JC            6740.505     17  13515.011    13515.634    13598.443
  2  JC+I          6513.042     18  13062.083    13062.781    13150.423
  3  JC+G4         6478.842     18  12993.684    12994.381    13082.023
  4  JC+I+G4       6478.596     19  12995.193    12995.968    13088.440
  5  JC+R2         6480.914     19  12999.828    13000.604    13093.076
  6  JC+R3         6478.374     21  12998.748    12999.693    13101.811
  7  JC+R4         Skipped 
  8  JC+R5         Skipped 
  9  JC+R6         Skipped 
 10  JC+R7         Skipped 
 11  JC+R8         Skipped 
 12  JC+R9         Skipped 
 13  JC+R10        Skipped 
 14  F81           6645.334     20  13330.668    13331.526    13428.823
 15  F81+I         6410.410     21  12862.821    12863.766    12965.884
 16  F81+G4        6370.969     21  12783.938    12784.882    12887.001
 17  F81+I+G4      6371.038     22  12786.077    12787.113    12894.047
 18  F81+R2        6373.144     22  12790.287    12791.323    12898.258
 19  F81+R3        6370.499     24  12788.999    12790.229    12906.785
 20  F81+R4        Skipped 
 21  F81+R5        Skipped 
 22  F81+R6        Skipped 
 23  F81+R7        Skipped 
 24  F81+R8        Skipped 
 25  F81+R9        Skipped 
 26  F81+R10       Skipped 
 27  K2P           6610.509     18  13257.018    13257.716    13345.358
 28  K2P+I         6370.177     19  12778.353    12779.129    12871.600
 29  K2P+G4        6324.682     19  12687.363    12688.139    12780.611
 30  K2P+I+G4      6324.788     20  12689.576    12690.434    12787.731
 31  K2P+R2        6328.960     20  12697.920    12698.778    12796.076
 32  K2P+R3        6324.457     22  12692.913    12693.949    12800.884
 33  K2P+R4        Skipped 
 34  K2P+R5        Skipped 
 35  K2P+R6        Skipped 
 36  K2P+R7        Skipped 
 37  K2P+R8        Skipped 
 38  K2P+R9        Skipped 
 39  K2P+R10       Skipped 
 40  HKY           6514.375     21  13070.750    13071.695    13173.813
 41  HKY+I         6266.169     22  12576.338    12577.374    12684.308
 42  HKY+G4        6213.882     22  12471.765    12472.800    12579.735
 43  HKY+I+G4      6213.869     23  12473.737    12474.869    12586.616
 44  HKY+R2        6217.620     23  12481.240    12482.371    12594.118
 45  HKY+R3        6213.459     25  12476.918    12478.253    12599.612
 46  HKY+R4        Skipped 
 47  HKY+R5        Skipped 
 48  HKY+R6        Skipped 
 49  HKY+R7        Skipped 
 50  HKY+R8        Skipped 
 51  HKY+R9        Skipped 
 52  HKY+R10       Skipped 
 53  TNe           6609.432     19  13256.864    13257.640    13350.111
 54  TNe+I         6369.250     20  12778.501    12779.359    12876.656
 55  TNe+G4        6322.315     20  12684.631    12685.489    12782.786
 56  TNe+I+G4      6322.331     21  12686.661    12687.606    12789.724
 57  TNe+R2        6327.120     21  12696.240    12697.184    12799.302
 58  TNe+R3        6321.984     23  12689.968    12691.099    12802.846
 59  TNe+R4        Skipped 
 60  TNe+R5        Skipped 
 61  TNe+R6        Skipped 
 62  TNe+R7        Skipped 
 63  TNe+R8        Skipped 
 64  TNe+R9        Skipped 
 65  TNe+R10       Skipped 
 66  TN            6513.227     22  13070.454    13071.490    13178.424
 67  TN+I          6264.779     23  12575.557    12576.688    12688.435
 68  TN+G4         6213.145     23  12472.290    12473.421    12585.168
 69  TN+I+G4       6213.165     24  12474.330    12475.561    12592.116
 70  TN+R2         6216.615     24  12481.229    12482.460    12599.016
 71  TN+R3         6212.743     26  12477.486    12478.928    12605.087
 72  TN+R4         Skipped 
 73  TN+R5         Skipped 
 74  TN+R6         Skipped 
 75  TN+R7         Skipped 
 76  TN+R8         Skipped 
 77  TN+R9         Skipped 
 78  TN+R10        Skipped 
 79  K3P           6605.145     19  13248.291    13249.066    13341.538
 80  K3P+I         6364.279     20  12768.558    12769.416    12866.713
 81  K3P+G4        6318.215     20  12676.430    12677.288    12774.585
 82  K3P+I+G4      6318.126     21  12678.253    12679.198    12781.316
 83  K3P+R2        6322.781     21  12687.563    12688.507    12790.625
 84  K3P+R3        6317.909     23  12681.818    12682.949    12794.696
 85  K3P+R4        Skipped 
 86  K3P+R5        Skipped 
 87  K3P+R6        Skipped 
 88  K3P+R7        Skipped 
 89  K3P+R8        Skipped 
 90  K3P+R9        Skipped 
 91  K3P+R10       Skipped 
 92  K3Pu          6504.467     22  13052.935    13053.971    13160.905
 93  K3Pu+I        6255.950     23  12557.901    12559.032    12670.779
 94  K3Pu+G4       6201.546     23  12449.092    12450.223    12561.970
 95  K3Pu+I+G4     6201.436     24  12450.872    12452.102    12568.658
 96  K3Pu+R2       6205.973     24  12459.946    12461.176    12577.732
 97  K3Pu+R3       6200.924     26  12453.848    12455.291    12581.450
 98  K3Pu+R4       Skipped 
 99  K3Pu+R5       Skipped 
100  K3Pu+R6       Skipped 
101  K3Pu+R7       Skipped 
102  K3Pu+R8       Skipped 
103  K3Pu+R9       Skipped 
104  K3Pu+R10      Skipped 
105  TPM2          6509.461     22  13062.923    13063.959    13170.893
106  TPM2+I        6261.501     23  12569.003    12570.134    12681.881
107  TPM2+G4       6211.055     23  12468.110    12469.241    12580.989
108  TPM2+I+G4     6211.026     24  12470.052    12471.283    12587.838
109  TPM2+R2       6215.017     24  12478.035    12479.265    12595.821
110  TPM2+R3       6210.735     26  12473.469    12474.912    12601.071
111  TPM2+R4       Skipped 
112  TPM2+R5       Skipped 
113  TPM2+R6       Skipped 
114  TPM2+R7       Skipped 
115  TPM2+R8       Skipped 
116  TPM2+R9       Skipped 
117  TPM2+R10      Skipped 
118  TPM2u         6509.490     22  13062.981    13064.017    13170.951
119  TPM2u+I       6261.510     23  12569.020    12570.151    12681.898
120  TPM2u+G4      6211.179     23  12468.357    12469.488    12581.235
121  TPM2u+I+G4    6211.003     24  12470.007    12471.237    12587.793
122  TPM2u+R2      6215.019     24  12478.038    12479.269    12595.824
123  TPM2u+R3      6210.719     26  12473.438    12474.881    12601.040
124  TPM2u+R4      Skipped 
125  TPM2u+R5      Skipped 
126  TPM2u+R6      Skipped 
127  TPM2u+R7      Skipped 
128  TPM2u+R8      Skipped 
129  TPM2u+R9      Skipped 
130  TPM2u+R10     Skipped 
131  TPM3          6504.927     22  13053.855    13054.891    13161.825
132  TPM3+I        6257.192     23  12560.384    12561.516    12673.263
133  TPM3+G4       6204.680     23  12455.359    12456.491    12568.238
134  TPM3+I+G4     6204.572     24  12457.145    12458.375    12574.931
135  TPM3+R2       6208.108     24  12464.216    12465.447    12582.002
136  TPM3+R3       6203.930     26  12459.861    12461.304    12587.462
137  TPM3+R4       Skipped 
138  TPM3+R5       Skipped 
139  TPM3+R6       Skipped 
140  TPM3+R7       Skipped 
141  TPM3+R8       Skipped 
142  TPM3+R9       Skipped 
143  TPM3+R10      Skipped 
144  TPM3u         6504.939     22  13053.878    13054.914    13161.849
145  TPM3u+I       6257.195     23  12560.391    12561.522    12673.269
146  TPM3u+G4      6204.684     23  12455.368    12456.499    12568.246
147  TPM3u+I+G4    6204.566     24  12457.132    12458.363    12574.918
148  TPM3u+R2      6208.104     24  12464.209    12465.439    12581.995
149  TPM3u+R3      6203.912     26  12459.823    12461.266    12587.425
150  TPM3u+R4      Skipped 
151  TPM3u+R5      Skipped 
152  TPM3u+R6      Skipped 
153  TPM3u+R7      Skipped 
154  TPM3u+R8      Skipped 
155  TPM3u+R9      Skipped 
156  TPM3u+R10     Skipped 
157  TIMe          6604.112     20  13248.224    13249.082    13346.379
158  TIMe+I        6363.422     21  12768.844    12769.789    12871.907
159  TIMe+G4       6315.863     21  12673.726    12674.671    12776.789
160  TIMe+I+G4     6315.583     22  12675.165    12676.201    12783.136
161  TIMe+R2       6320.966     22  12685.933    12686.968    12793.903
162  TIMe+R3       6315.323     24  12678.647    12679.877    12796.433
163  TIMe+R4       Skipped 
164  TIMe+R5       Skipped 
165  TIMe+R6       Skipped 
166  TIMe+R7       Skipped 
167  TIMe+R8       Skipped 
168  TIMe+R9       Skipped 
169  TIMe+R10      Skipped 
170  TIM           6503.173     23  13052.347    13053.478    13165.225
171  TIM+I         6254.479     24  12556.959    12558.189    12674.745
172  TIM+G4        6200.971     24  12449.943    12451.173    12567.729
173  TIM+I+G4      6200.841     25  12451.681    12453.016    12574.375
174  TIM+R2        6204.962     25  12459.924    12461.258    12582.617
175  TIM+R3        6200.346     27  12454.691    12456.247    12587.201
176  TIM+R4        Skipped 
177  TIM+R5        Skipped 
178  TIM+R6        Skipped 
179  TIM+R7        Skipped 
180  TIM+R8        Skipped 
181  TIM+R9        Skipped 
182  TIM+R10       Skipped 
183  TIM2e         6591.236     20  13222.471    13223.329    13320.626
184  TIM2e+I       6349.690     21  12741.379    12742.324    12844.442
185  TIM2e+G4      6294.896     21  12631.792    12632.737    12734.855
186  TIM2e+I+G4    6294.691     22  12633.381    12634.417    12741.352
187  TIM2e+R2      6303.406     22  12650.813    12651.848    12758.783
188  TIM2e+R3      6293.844     24  12635.688    12636.919    12753.474
189  TIM2e+R4      6293.728     26  12639.456    12640.899    12767.058
190  TIM2e+R5      Skipped 
191  TIM2e+R6      Skipped 
192  TIM2e+R7      Skipped 
193  TIM2e+R8      Skipped 
194  TIM2e+R9      Skipped 
195  TIM2e+R10     Skipped 
196  TIM2          6508.187     23  13062.374    13063.505    13175.252
197  TIM2+I        6260.160     24  12568.320    12569.550    12686.106
198  TIM2+G4       6210.043     24  12468.087    12469.318    12585.873
199  TIM2+I+G4     6209.992     25  12469.983    12471.318    12592.677
200  TIM2+R2       6214.070     25  12478.140    12479.475    12600.834
201  TIM2+R3       6209.824     27  12473.647    12475.203    12606.157
202  TIM2+R4       Skipped 
203  TIM2+R5       Skipped 
204  TIM2+R6       Skipped 
205  TIM2+R7       Skipped 
206  TIM2+R8       Skipped 
207  TIM2+R9       Skipped 
208  TIM2+R10      Skipped 
209  TIM3e         6606.486     20  13252.972    13253.830    13351.127
210  TIM3e+I       6366.315     21  12774.631    12775.576    12877.694
211  TIM3e+G4      6319.525     21  12681.049    12681.994    12784.112
212  TIM3e+I+G4    6319.393     22  12682.786    12683.822    12790.757
213  TIM3e+R2      6324.201     22  12692.402    12693.438    12800.373
214  TIM3e+R3      6319.209     24  12686.418    12687.649    12804.204
215  TIM3e+R4      Skipped 
216  TIM3e+R5      Skipped 
217  TIM3e+R6      Skipped 
218  TIM3e+R7      Skipped 
219  TIM3e+R8      Skipped 
220  TIM3e+R9      Skipped 
221  TIM3e+R10     Skipped 
222  TIM3          6503.385     23  13052.771    13053.902    13165.649
223  TIM3+I        6255.648     24  12559.296    12560.527    12677.082
224  TIM3+G4       6203.670     24  12455.341    12456.571    12573.127
225  TIM3+I+G4     6203.548     25  12457.096    12458.431    12579.790
226  TIM3+R2       6206.815     25  12463.629    12464.964    12586.323
227  TIM3+R3       6202.992     27  12459.985    12461.540    12592.494
228  TIM3+R4       Skipped 
229  TIM3+R5       Skipped 
230  TIM3+R6       Skipped 
231  TIM3+R7       Skipped 
232  TIM3+R8       Skipped 
233  TIM3+R9       Skipped 
234  TIM3+R10      Skipped 
235  TVMe          6585.369     21  13212.738    13213.683    13315.801
236  TVMe+I        6343.572     22  12731.144    12732.180    12839.114
237  TVMe+G4       6290.720     22  12625.440    12626.476    12733.410
238  TVMe+I+G4     6290.107     23  12626.214    12627.345    12739.092
239  TVMe+R2       6298.796     23  12643.593    12644.724    12756.471
240  TVMe+R3       6289.305     25  12628.611    12629.945    12751.305
241  TVMe+R4       6289.215     27  12632.430    12633.986    12764.940
242  TVMe+R5       Skipped 
243  TVMe+R6       Skipped 
244  TVMe+R7       Skipped 
245  TVMe+R8       Skipped 
246  TVMe+R9       Skipped 
247  TVMe+R10      Skipped 
248  TVM           6494.796     24  13037.591    13038.822    13155.377
249  TVM+I         6247.670     25  12545.339    12546.674    12668.033
250  TVM+G4        6194.478     25  12438.956    12440.291    12561.650
251  TVM+I+G4      6194.311     26  12440.622    12442.065    12568.224
252  TVM+R2        6199.387     26  12450.774    12452.217    12578.375
253  TVM+R3        6194.117     28  12444.233    12445.906    12581.650
254  TVM+R4        Skipped 
255  TVM+R5        Skipped 
256  TVM+R6        Skipped 
257  TVM+R7        Skipped 
258  TVM+R8        Skipped 
259  TVM+R9        Skipped 
260  TVM+R10       Skipped 
261  SYM           6584.396     22  13212.793    13213.829    13320.763
262  SYM+I         6342.795     23  12731.590    12732.721    12844.469
263  SYM+G4        6286.481     23  12618.963    12620.094    12731.841
264  SYM+I+G4      6286.076     24  12620.152    12621.383    12737.938
265  SYM+R2        6295.838     24  12639.677    12640.907    12757.463
266  SYM+R3        6285.016     26  12622.032    12623.475    12749.634
267  SYM+R4        6284.940     28  12625.880    12627.553    12763.297
268  SYM+R5        Skipped 
269  SYM+R6        Skipped 
270  SYM+R7        Skipped 
271  SYM+R8        Skipped 
272  SYM+R9        Skipped 
273  SYM+R10       Skipped 
274  GTR           6493.118     25  13036.235    13037.570    13158.929
275  GTR+I         6245.922     26  12543.844    12545.287    12671.445
276  GTR+G4        6193.192     26  12438.385    12439.828    12565.986
277  GTR+I+G4      6193.108     27  12440.216    12441.772    12572.725
278  GTR+R2        6197.722     27  12449.444    12451.000    12581.954
279  GTR+R3        6192.952     29  12443.903    12445.697    12586.228
280  GTR+R4        Skipped 
281  GTR+R5        Skipped 
282  GTR+R6        Skipped 
283  GTR+R7        Skipped 
284  GTR+R8        Skipped 
285  GTR+R9        Skipped 
286  GTR+R10       Skipped 
Akaike Information Criterion:           GTR+G4
Corrected Akaike Information Criterion: GTR+G4
Bayesian Information Criterion:         TVM+G4
Best-fit model: TVM+G4 chosen according to BIC

All model information printed to ./results/gene5.phy.model
CPU time for ModelFinder: 5.766 seconds (0h:0m:5s)
Wall-clock time for ModelFinder: 8.542 seconds (0h:0m:8s)
Generating 1000 samples for ultrafast bootstrap (seed: 631402)...

NOTE: 2 MB RAM (0 GB) is required!
Estimate model parameters (epsilon = 0.100)
1. Initial log-likelihood: -6424.212
2. Current log-likelihood: -6205.650
3. Current log-likelihood: -6195.862
4. Current log-likelihood: -6195.460
Optimal log-likelihood: -6195.439
Rate parameters:  A-C: 2.126  A-G: 4.205  A-T: 0.761  C-G: 0.683  C-T: 4.205  G-T: 1.000
Base frequencies:   A: 0.395  C: 0.169  G: 0.206  T: 0.230
Gamma shape alpha: 0.465
Parameters optimization took 4 rounds (0.132 sec)
Computing ML distances based on estimated model parameters... 0.001 sec
Computing BIONJ tree...
0.000 seconds
Log-likelihood of BIONJ tree: -6197.067
--------------------------------------------------------------------
|             INITIALIZING CANDIDATE TREE SET                      |
--------------------------------------------------------------------
Generating 98 parsimony trees... 0.112 second
Computing log-likelihood of 83 initial trees ... 0.420 seconds
Current best score: -6194.843

Do NNI search on 20 best initial trees
Estimate model parameters (epsilon = 0.100)
BETTER TREE FOUND at iteration 1: -6193.606
Estimate model parameters (epsilon = 0.100)
BETTER TREE FOUND at iteration 2: -6189.427
Estimate model parameters (epsilon = 0.100)
BETTER TREE FOUND at iteration 7: -6189.409
UPDATE BEST LOG-LIKELIHOOD: -6189.409
WARNING: NNI search needs unusual large number of steps (7) to converge!
Iteration 10 / LogL: -6189.410 / Time: 0h:0m:9s
WARNING: NNI search needs unusual large number of steps (7) to converge!
Iteration 20 / LogL: -6193.601 / Time: 0h:0m:10s
Finish initializing candidate tree set (7)
Current best tree score: -6189.409 / CPU time: 2.114
Number of iterations: 20
--------------------------------------------------------------------
|               OPTIMIZING CANDIDATE TREE SET                      |
--------------------------------------------------------------------
UPDATE BEST LOG-LIKELIHOOD: -6189.409
Iteration 30 / LogL: -6189.409 / Time: 0h:0m:11s (0h:0m:7s left)
Iteration 40 / LogL: -6189.460 / Time: 0h:0m:11s (0h:0m:5s left)
Iteration 50 / LogL: -6189.410 / Time: 0h:0m:12s (0h:0m:4s left)
Log-likelihood cutoff on original alignment: -6197.951
Iteration 60 / LogL: -6189.460 / Time: 0h:0m:12s (0h:0m:3s left)
Iteration 70 / LogL: -6189.412 / Time: 0h:0m:13s (0h:0m:2s left)
Iteration 80 / LogL: -6189.414 / Time: 0h:0m:13s (0h:0m:1s left)
Iteration 90 / LogL: -6189.460 / Time: 0h:0m:13s (0h:0m:1s left)
Iteration 100 / LogL: -6189.819 / Time: 0h:0m:14s (0h:0m:0s left)
Log-likelihood cutoff on original alignment: -6197.951
NOTE: Bootstrap correlation coefficient of split occurrence frequencies: 0.991
WARNING: NNI search needs unusual large number of steps (7) to converge!
TREE SEARCH COMPLETED AFTER 108 ITERATIONS / Time: 0h:0m:14s

--------------------------------------------------------------------
|                    FINALIZING TREE SEARCH                        |
--------------------------------------------------------------------
Performs final model parameters optimization
Estimate model parameters (epsilon = 0.010)
1. Initial log-likelihood: -6189.409
Optimal log-likelihood: -6189.404
Rate parameters:  A-C: 2.128  A-G: 4.251  A-T: 0.773  C-G: 0.649  C-T: 4.251  G-T: 1.000
Base frequencies:   A: 0.395  C: 0.169  G: 0.206  T: 0.230
Gamma shape alpha: 0.468
Parameters optimization took 1 rounds (0.011 sec)
BEST SCORE FOUND : -6189.404
Creating bootstrap support values...
Split supports printed to NEXUS file ./results/gene5.phy.splits.nex
Total tree length: 2.069

Total number of iterations: 108
CPU time used for tree search: 4.909 sec (0h:0m:4s)
Wall-clock time used for tree search: 5.831 sec (0h:0m:5s)
Total CPU time used: 10.819 sec (0h:0m:10s)
Total wall-clock time used: 14.586 sec (0h:0m:14s)

Computing bootstrap consensus tree...
Reading input file ./results/gene5.phy.splits.nex...
10 taxa and 142 splits.
Consensus tree written to ./results/gene5.phy.contree
Reading input trees file ./results/gene5.phy.contree
Log-likelihood of consensus tree: -6189.404

Analysis results written to: 
  IQ-TREE report:                ./results/gene5.phy.iqtree
  Maximum-likelihood tree:       ./results/gene5.phy.treefile
  Likelihood distances:          ./results/gene5.phy.mldist

Ultrafast bootstrap approximation results written to:
  Split support values:          ./results/gene5.phy.splits.nex
  Consensus tree:                ./results/gene5.phy.contree
  Screen log file:               ./results/gene5.phy.log

Date and Time: Tue Aug 22 18:18:07 2017
