IQ-TREE multicore version 1.5.4 for Linux 64-bit built Apr  2 2017
Copyright (c) 2011-2017 by Bui Quang Minh, Nguyen Lam Tung,
Olga Chernomor, Heiko Schmidt, and Arndt von Haeseler.

Host:    hpc-crick (AVX, 251 GB RAM)
Command: iqtree -s ./results/gene3.phy -nt 1 -bb 1000
Seed:    668127 (Using SPRNG - Scalable Parallel Random Number Generator)
Time:    Tue Aug 22 18:19:24 2017
Kernel:  AVX - 1 threads (40 CPU cores detected)

Reading alignment file ./results/gene3.phy ... Phylip format detected
Alignment most likely contains DNA/RNA sequences
Alignment has 10 sequences with 1000 columns and 434 patterns (300 informative sites, 452 constant sites)
   Gap/Ambiguity  Composition  p-value
   1  A    0.00%    passed     99.22%
   2  B    0.00%    passed     72.38%
   3  C    0.00%    passed     95.70%
   4  D    0.00%    passed     95.95%
   5  E    0.00%    passed     92.62%
   6  F    0.00%    passed     51.83%
   7  G    0.00%    passed     73.95%
   8  H    0.00%    passed     90.68%
   9  I    0.00%    passed     92.34%
  10  J    0.00%    passed     98.04%
****  TOTAL    0.00%  0 sequences failed composition chi2 test (p-value<5%; df=3)

Create initial parsimony tree by phylogenetic likelihood library (PLL)... 0.000 seconds

NOTE: ModelFinder requires 3 MB RAM!
ModelFinder will test 286 DNA models (sample size: 1000) ...
 No. Model         -LnL         df  AIC          AICc         BIC
  1  JC            6914.372     17  13862.744    13863.367    13946.176
  2  JC+I          6656.066     18  13348.133    13348.830    13436.472
  3  JC+G4         6606.949     18  13249.898    13250.596    13338.238
  4  JC+I+G4       6606.576     19  13251.151    13251.927    13344.399
  5  JC+R2         6614.326     19  13266.652    13267.428    13359.899
  6  JC+R3         6605.570     21  13253.140    13254.085    13356.203
  7  JC+R4         6605.386     23  13256.772    13257.903    13369.650
  8  JC+R5         Skipped 
  9  JC+R6         Skipped 
 10  JC+R7         Skipped 
 11  JC+R8         Skipped 
 12  JC+R9         Skipped 
 13  JC+R10        Skipped 
 14  F81           6804.236     20  13648.472    13649.330    13746.627
 15  F81+I         6536.385     21  13114.769    13115.714    13217.832
 16  F81+G4        6480.129     21  13002.257    13003.202    13105.320
 17  F81+I+G4      6480.158     22  13004.317    13005.352    13112.287
 18  F81+R2        6488.559     22  13021.119    13022.155    13129.089
 19  F81+R3        6479.184     24  13006.368    13007.599    13124.154
 20  F81+R4        6479.003     26  13010.007    13011.450    13137.609
 21  F81+R5        Skipped 
 22  F81+R6        Skipped 
 23  F81+R7        Skipped 
 24  F81+R8        Skipped 
 25  F81+R9        Skipped 
 26  F81+R10       Skipped 
 27  K2P           6777.175     18  13590.350    13591.047    13678.690
 28  K2P+I         6507.460     19  13052.921    13053.696    13146.168
 29  K2P+G4        6446.118     19  12930.236    12931.011    13023.483
 30  K2P+I+G4      6445.752     20  12931.504    12932.362    13029.659
 31  K2P+R2        6456.829     20  12953.659    12954.517    13051.814
 32  K2P+R3        6443.569     22  12931.138    12932.174    13039.109
 33  K2P+R4        6443.421     24  12934.842    12936.072    13052.628
 34  K2P+R5        Skipped 
 35  K2P+R6        Skipped 
 36  K2P+R7        Skipped 
 37  K2P+R8        Skipped 
 38  K2P+R9        Skipped 
 39  K2P+R10       Skipped 
 40  HKY           6663.729     21  13369.458    13370.403    13472.521
 41  HKY+I         6391.567     22  12827.135    12828.171    12935.106
 42  HKY+G4        6315.884     22  12675.767    12676.803    12783.738
 43  HKY+I+G4      6315.845     23  12677.689    12678.821    12790.568
 44  HKY+R2        6327.384     23  12700.769    12701.900    12813.647
 45  HKY+R3        6314.461     25  12678.922    12680.257    12801.616
 46  HKY+R4        6314.313     27  12682.625    12684.181    12815.134
 47  HKY+R5        Skipped 
 48  HKY+R6        Skipped 
 49  HKY+R7        Skipped 
 50  HKY+R8        Skipped 
 51  HKY+R9        Skipped 
 52  HKY+R10       Skipped 
 53  TNe           6775.425     19  13588.851    13589.626    13682.098
 54  TNe+I         6507.143     20  13054.285    13055.143    13152.440
 55  TNe+G4        6443.675     20  12927.349    12928.207    13025.504
 56  TNe+I+G4      6443.142     21  12928.284    12929.228    13031.347
 57  TNe+R2        6455.112     21  12952.224    12953.169    13055.287
 58  TNe+R3        6440.464     23  12926.929    12928.060    13039.807
 59  TNe+R4        6440.368     25  12930.736    12932.070    13053.430
 60  TNe+R5        Skipped 
 61  TNe+R6        Skipped 
 62  TNe+R7        Skipped 
 63  TNe+R8        Skipped 
 64  TNe+R9        Skipped 
 65  TNe+R10       Skipped 
 66  TN            6663.290     22  13370.580    13371.616    13478.550
 67  TN+I          6388.377     23  12822.755    12823.886    12935.633
 68  TN+G4         6315.411     23  12676.822    12677.954    12789.701
 69  TN+I+G4       6315.373     24  12678.745    12679.976    12796.531
 70  TN+R2         6326.919     24  12701.838    12703.069    12819.624
 71  TN+R3         6314.046     26  12680.093    12681.536    12807.695
 72  TN+R4         6313.922     28  12683.845    12685.517    12821.262
 73  TN+R5         Skipped 
 74  TN+R6         Skipped 
 75  TN+R7         Skipped 
 76  TN+R8         Skipped 
 77  TN+R9         Skipped 
 78  TN+R10        Skipped 
 79  K3P           6768.763     19  13575.526    13576.301    13668.773
 80  K3P+I         6498.550     20  13037.100    13037.958    13135.256
 81  K3P+G4        6437.162     20  12914.323    12915.181    13012.479
 82  K3P+I+G4      6436.645     21  12915.289    12916.234    13018.352
 83  K3P+R2        6447.745     21  12937.490    12938.435    13040.553
 84  K3P+R3        6434.618     23  12915.236    12916.367    13028.114
 85  K3P+R4        6434.574     25  12919.147    12920.482    13041.841
 86  K3P+R5        Skipped 
 87  K3P+R6        Skipped 
 88  K3P+R7        Skipped 
 89  K3P+R8        Skipped 
 90  K3P+R9        Skipped 
 91  K3P+R10       Skipped 
 92  K3Pu          6648.865     22  13341.730    13342.766    13449.701
 93  K3Pu+I        6377.039     23  12800.079    12801.210    12912.957
 94  K3Pu+G4       6302.953     23  12651.907    12653.038    12764.785
 95  K3Pu+I+G4     6302.982     24  12653.964    12655.194    12771.750
 96  K3Pu+R2       6313.811     24  12675.622    12676.853    12793.408
 97  K3Pu+R3       6301.762     26  12655.523    12656.966    12783.125
 98  K3Pu+R4       6301.692     28  12659.384    12661.056    12796.801
 99  K3Pu+R5       Skipped 
100  K3Pu+R6       Skipped 
101  K3Pu+R7       Skipped 
102  K3Pu+R8       Skipped 
103  K3Pu+R9       Skipped 
104  K3Pu+R10      Skipped 
105  TPM2          6654.685     22  13353.371    13354.406    13461.341
106  TPM2+I        6380.799     23  12807.598    12808.729    12920.476
107  TPM2+G4       6311.591     23  12669.183    12670.314    12782.061
108  TPM2+I+G4     6311.358     24  12670.716    12671.947    12788.502
109  TPM2+R2       6323.062     24  12694.124    12695.355    12811.910
110  TPM2+R3       6309.522     26  12671.045    12672.488    12798.647
111  TPM2+R4       6309.364     28  12674.728    12676.400    12812.145
112  TPM2+R5       Skipped 
113  TPM2+R6       Skipped 
114  TPM2+R7       Skipped 
115  TPM2+R8       Skipped 
116  TPM2+R9       Skipped 
117  TPM2+R10      Skipped 
118  TPM2u         6654.819     22  13353.638    13354.674    13461.609
119  TPM2u+I       6380.797     23  12807.593    12808.724    12920.472
120  TPM2u+G4      6311.591     23  12669.182    12670.313    12782.060
121  TPM2u+I+G4    6311.341     24  12670.682    12671.913    12788.468
122  TPM2u+R2      6323.058     24  12694.117    12695.347    12811.903
123  TPM2u+R3      6309.588     26  12671.177    12672.620    12798.778
124  TPM2u+R4      6309.349     28  12674.699    12676.371    12812.116
125  TPM2u+R5      Skipped 
126  TPM2u+R6      Skipped 
127  TPM2u+R7      Skipped 
128  TPM2u+R8      Skipped 
129  TPM2u+R9      Skipped 
130  TPM2u+R10     Skipped 
131  TPM3          6638.375     22  13320.750    13321.786    13428.721
132  TPM3+I        6367.921     23  12781.841    12782.972    12894.719
133  TPM3+G4       6299.960     23  12645.919    12647.050    12758.797
134  TPM3+I+G4     6299.780     24  12647.559    12648.790    12765.345
135  TPM3+R2       6310.052     24  12668.104    12669.335    12785.891
136  TPM3+R3       6299.290     26  12650.580    12652.023    12778.181
137  TPM3+R4       6299.278     28  12654.556    12656.228    12791.973
138  TPM3+R5       Skipped 
139  TPM3+R6       Skipped 
140  TPM3+R7       Skipped 
141  TPM3+R8       Skipped 
142  TPM3+R9       Skipped 
143  TPM3+R10      Skipped 
144  TPM3u         6638.382     22  13320.763    13321.799    13428.734
145  TPM3u+I       6367.919     23  12781.838    12782.969    12894.716
146  TPM3u+G4      6299.978     23  12645.956    12647.087    12758.834
147  TPM3u+I+G4    6299.772     24  12647.543    12648.774    12765.329
148  TPM3u+R2      6310.016     24  12668.032    12669.263    12785.818
149  TPM3u+R3      6299.232     26  12650.464    12651.907    12778.066
150  TPM3u+R4      6299.211     28  12654.423    12656.095    12791.840
151  TPM3u+R5      Skipped 
152  TPM3u+R6      Skipped 
153  TPM3u+R7      Skipped 
154  TPM3u+R8      Skipped 
155  TPM3u+R9      Skipped 
156  TPM3u+R10     Skipped 
157  TIMe          6767.076     20  13574.152    13575.010    13672.307
158  TIMe+I        6498.260     21  13038.519    13039.464    13141.582
159  TIMe+G4       6434.640     21  12911.280    12912.225    13014.343
160  TIMe+I+G4     6434.079     22  12912.158    12913.194    13020.129
161  TIMe+R2       6446.001     22  12936.002    12937.038    13043.973
162  TIMe+R3       6431.425     24  12910.851    12912.082    13028.637
163  TIMe+R4       6431.413     26  12914.826    12916.269    13042.427
164  TIMe+R5       Skipped 
165  TIMe+R6       Skipped 
166  TIMe+R7       Skipped 
167  TIMe+R8       Skipped 
168  TIMe+R9       Skipped 
169  TIMe+R10      Skipped 
170  TIM           6648.374     23  13342.748    13343.879    13455.626
171  TIM+I         6373.851     24  12795.702    12796.933    12913.488
172  TIM+G4        6302.763     24  12653.525    12654.756    12771.311
173  TIM+I+G4      6302.693     25  12655.386    12656.720    12778.080
174  TIM+R2        6313.589     25  12677.178    12678.513    12799.872
175  TIM+R3        6301.488     27  12656.976    12658.532    12789.485
176  TIM+R4        6301.630     29  12661.260    12663.054    12803.585
177  TIM+R5        Skipped 
178  TIM+R6        Skipped 
179  TIM+R7        Skipped 
180  TIM+R8        Skipped 
181  TIM+R9        Skipped 
182  TIM+R10       Skipped 
183  TIM2e         6746.581     20  13533.161    13534.019    13631.316
184  TIM2e+I       6475.662     21  12993.323    12994.268    13096.386
185  TIM2e+G4      6406.595     21  12855.190    12856.134    12958.252
186  TIM2e+I+G4    6405.647     22  12855.293    12856.329    12963.264
187  TIM2e+R2      6420.470     22  12884.940    12885.976    12992.911
188  TIM2e+R3      6402.520     24  12853.039    12854.270    12970.825
189  TIM2e+R4      6402.371     26  12856.742    12858.185    12984.344
190  TIM2e+R5      Skipped 
191  TIM2e+R6      Skipped 
192  TIM2e+R7      Skipped 
193  TIM2e+R8      Skipped 
194  TIM2e+R9      Skipped 
195  TIM2e+R10     Skipped 
196  TIM2          6654.147     23  13354.294    13355.425    13467.172
197  TIM2+I        6377.876     24  12803.753    12804.984    12921.539
198  TIM2+G4       6310.795     24  12669.589    12670.820    12787.375
199  TIM2+I+G4     6310.453     25  12670.907    12672.241    12793.600
200  TIM2+R2       6322.191     25  12694.381    12695.716    12817.075
201  TIM2+R3       6308.879     27  12671.759    12673.314    12804.268
202  TIM2+R4       6308.812     29  12675.624    12677.418    12817.949
203  TIM2+R5       Skipped 
204  TIM2+R6       Skipped 
205  TIM2+R7       Skipped 
206  TIM2+R8       Skipped 
207  TIM2+R9       Skipped 
208  TIM2+R10      Skipped 
209  TIM3e         6763.141     20  13566.281    13567.139    13664.436
210  TIM3e+I       6495.670     21  13033.340    13034.285    13136.403
211  TIM3e+G4      6434.945     21  12911.890    12912.835    13014.953
212  TIM3e+I+G4    6434.402     22  12912.804    12913.840    13020.775
213  TIM3e+R2      6445.760     22  12935.519    12936.555    13043.490
214  TIM3e+R3      6432.268     24  12912.535    12913.766    13030.321
215  TIM3e+R4      6432.388     26  12916.777    12918.219    13044.378
216  TIM3e+R5      Skipped 
217  TIM3e+R6      Skipped 
218  TIM3e+R7      Skipped 
219  TIM3e+R8      Skipped 
220  TIM3e+R9      Skipped 
221  TIM3e+R10     Skipped 
222  TIM3          6637.442     23  13320.884    13322.015    13433.762
223  TIM3+I        6364.805     24  12777.610    12778.840    12895.396
224  TIM3+G4       6299.755     24  12647.509    12648.740    12765.295
225  TIM3+I+G4     6299.450     25  12648.900    12650.235    12771.594
226  TIM3+R2       6309.692     25  12669.385    12670.719    12792.079
227  TIM3+R3       6299.006     27  12652.012    12653.567    12784.521
228  TIM3+R4       6299.049     29  12656.098    12657.892    12798.423
229  TIM3+R5       Skipped 
230  TIM3+R6       Skipped 
231  TIM3+R7       Skipped 
232  TIM3+R8       Skipped 
233  TIM3+R9       Skipped 
234  TIM3+R10      Skipped 
235  TVMe          6733.434     21  13508.868    13509.813    13611.931
236  TVMe+I        6461.643     22  12967.285    12968.321    13075.256
237  TVMe+G4       6397.167     22  12838.335    12839.370    12946.305
238  TVMe+I+G4     6396.176     23  12838.352    12839.483    12951.231
239  TVMe+R2       6409.357     23  12864.714    12865.846    12977.593
240  TVMe+R3       6393.922     25  12837.844    12839.178    12960.538
241  TVMe+R4       6393.849     27  12841.697    12843.253    12974.207
242  TVMe+R5       Skipped 
243  TVMe+R6       Skipped 
244  TVMe+R7       Skipped 
245  TVMe+R8       Skipped 
246  TVMe+R9       Skipped 
247  TVMe+R10      Skipped 
248  TVM           6625.132     24  13298.265    13299.496    13416.051
249  TVM+I         6353.349     25  12756.697    12758.032    12879.391
250  TVM+G4        6289.781     25  12629.561    12630.896    12752.255
251  TVM+I+G4      6289.436     26  12630.871    12632.314    12758.473
252  TVM+R2        6300.297     26  12652.594    12654.037    12780.196
253  TVM+R3        6288.709     28  12633.418    12635.090    12770.835
254  TVM+R4        6288.794     30  12637.589    12639.508    12784.821
255  TVM+R5        Skipped 
256  TVM+R6        Skipped 
257  TVM+R7        Skipped 
258  TVM+R8        Skipped 
259  TVM+R9        Skipped 
260  TVM+R10       Skipped 
261  SYM           6731.931     22  13507.861    13508.897    13615.832
262  SYM+I         6461.364     23  12968.728    12969.859    13081.607
263  SYM+G4        6393.189     23  12832.378    12833.509    12945.256
264  SYM+I+G4      6392.154     24  12832.307    12833.538    12950.094
265  SYM+R2        6406.898     24  12861.796    12863.027    12979.582
266  SYM+R3        6389.223     26  12830.447    12831.890    12958.048
267  SYM+R4        6389.064     28  12834.129    12835.801    12971.546
268  SYM+R5        Skipped 
269  SYM+R6        Skipped 
270  SYM+R7        Skipped 
271  SYM+R8        Skipped 
272  SYM+R9        Skipped 
273  SYM+R10       Skipped 
274  GTR           6624.124     25  13298.249    13299.583    13420.943
275  GTR+I         6350.746     26  12753.493    12754.936    12881.094
276  GTR+G4        6289.405     26  12630.810    12632.253    12758.411
277  GTR+I+G4      6288.747     27  12631.494    12633.049    12764.003
278  GTR+R2        6299.624     27  12653.249    12654.805    12785.758
279  GTR+R3        6288.310     29  12634.621    12636.414    12776.945
280  GTR+R4        6288.370     31  12638.740    12640.790    12790.881
281  GTR+R5        Skipped 
282  GTR+R6        Skipped 
283  GTR+R7        Skipped 
284  GTR+R8        Skipped 
285  GTR+R9        Skipped 
286  GTR+R10       Skipped 
Akaike Information Criterion:           TVM+G4
Corrected Akaike Information Criterion: TVM+G4
Bayesian Information Criterion:         TVM+G4
Best-fit model: TVM+G4 chosen according to BIC

All model information printed to ./results/gene3.phy.model
CPU time for ModelFinder: 10.204 seconds (0h:0m:10s)
Wall-clock time for ModelFinder: 11.550 seconds (0h:0m:11s)
Generating 1000 samples for ultrafast bootstrap (seed: 668127)...

NOTE: 2 MB RAM (0 GB) is required!
Estimate model parameters (epsilon = 0.100)
1. Initial log-likelihood: -6546.663
2. Current log-likelihood: -6300.794
3. Current log-likelihood: -6291.382
4. Current log-likelihood: -6290.988
Optimal log-likelihood: -6290.931
Rate parameters:  A-C: 2.840  A-G: 5.196  A-T: 0.822  C-G: 0.848  C-T: 5.196  G-T: 1.000
Base frequencies:   A: 0.397  C: 0.170  G: 0.204  T: 0.229
Gamma shape alpha: 0.439
Parameters optimization took 4 rounds (0.142 sec)
Computing ML distances based on estimated model parameters... 0.001 sec
Computing BIONJ tree...
0.000 seconds
Log-likelihood of BIONJ tree: -6286.550
--------------------------------------------------------------------
|             INITIALIZING CANDIDATE TREE SET                      |
--------------------------------------------------------------------
Generating 98 parsimony trees... 0.063 second
Computing log-likelihood of 91 initial trees ... 0.305 seconds
Current best score: -6286.550

Do NNI search on 20 best initial trees
Estimate model parameters (epsilon = 0.100)
BETTER TREE FOUND at iteration 1: -6284.221
UPDATE BEST LOG-LIKELIHOOD: -6284.221
Estimate model parameters (epsilon = 0.100)
BETTER TREE FOUND at iteration 3: -6284.111
UPDATE BEST LOG-LIKELIHOOD: -6284.111
Iteration 10 / LogL: -6284.111 / Time: 0h:0m:12s
UPDATE BEST LOG-LIKELIHOOD: -6284.111
Iteration 20 / LogL: -6284.221 / Time: 0h:0m:13s
Finish initializing candidate tree set (4)
Current best tree score: -6284.111 / CPU time: 1.897
Number of iterations: 20
--------------------------------------------------------------------
|               OPTIMIZING CANDIDATE TREE SET                      |
--------------------------------------------------------------------
UPDATE BEST LOG-LIKELIHOOD: -6284.111
Iteration 30 / LogL: -6284.111 / Time: 0h:0m:14s (0h:0m:7s left)
Iteration 40 / LogL: -6284.222 / Time: 0h:0m:15s (0h:0m:5s left)
Iteration 50 / LogL: -6284.111 / Time: 0h:0m:15s (0h:0m:4s left)
Log-likelihood cutoff on original alignment: -6308.181
UPDATE BEST LOG-LIKELIHOOD: -6284.111
Iteration 60 / LogL: -6284.111 / Time: 0h:0m:16s (0h:0m:3s left)
Iteration 70 / LogL: -6284.222 / Time: 0h:0m:16s (0h:0m:2s left)
Iteration 80 / LogL: -6284.222 / Time: 0h:0m:17s (0h:0m:1s left)
Iteration 90 / LogL: -6284.221 / Time: 0h:0m:18s (0h:0m:0s left)
Iteration 100 / LogL: -6284.111 / Time: 0h:0m:18s (0h:0m:0s left)
Log-likelihood cutoff on original alignment: -6308.181
NOTE: Bootstrap correlation coefficient of split occurrence frequencies: 0.991
TREE SEARCH COMPLETED AFTER 104 ITERATIONS / Time: 0h:0m:18s

--------------------------------------------------------------------
|                    FINALIZING TREE SEARCH                        |
--------------------------------------------------------------------
Performs final model parameters optimization
Estimate model parameters (epsilon = 0.010)
1. Initial log-likelihood: -6284.111
2. Current log-likelihood: -6284.090
3. Current log-likelihood: -6284.073
Optimal log-likelihood: -6284.068
Rate parameters:  A-C: 2.934  A-G: 5.317  A-T: 0.859  C-G: 0.887  C-T: 5.317  G-T: 1.000
Base frequencies:   A: 0.397  C: 0.170  G: 0.204  T: 0.229
Gamma shape alpha: 0.434
Parameters optimization took 3 rounds (0.027 sec)
BEST SCORE FOUND : -6284.068
Creating bootstrap support values...
Split supports printed to NEXUS file ./results/gene3.phy.splits.nex
Total tree length: 2.307

Total number of iterations: 104
CPU time used for tree search: 4.382 sec (0h:0m:4s)
Wall-clock time used for tree search: 7.032 sec (0h:0m:7s)
Total CPU time used: 14.740 sec (0h:0m:14s)
Total wall-clock time used: 18.834 sec (0h:0m:18s)

Computing bootstrap consensus tree...
Reading input file ./results/gene3.phy.splits.nex...
10 taxa and 89 splits.
Consensus tree written to ./results/gene3.phy.contree
Reading input trees file ./results/gene3.phy.contree
Log-likelihood of consensus tree: -6284.068

Analysis results written to: 
  IQ-TREE report:                ./results/gene3.phy.iqtree
  Maximum-likelihood tree:       ./results/gene3.phy.treefile
  Likelihood distances:          ./results/gene3.phy.mldist

Ultrafast bootstrap approximation results written to:
  Split support values:          ./results/gene3.phy.splits.nex
  Consensus tree:                ./results/gene3.phy.contree
  Screen log file:               ./results/gene3.phy.log

Date and Time: Tue Aug 22 18:19:43 2017
