IQ-TREE multicore version 1.5.4 for Linux 64-bit built Apr  2 2017
Copyright (c) 2011-2017 by Bui Quang Minh, Nguyen Lam Tung,
Olga Chernomor, Heiko Schmidt, and Arndt von Haeseler.

Host:    hpc-crick (AVX, 251 GB RAM)
Command: iqtree -s ./results/gene2.phy -nt 1 -bb 1000
Seed:    963414 (Using SPRNG - Scalable Parallel Random Number Generator)
Time:    Tue Aug 22 18:16:29 2017
Kernel:  AVX - 1 threads (40 CPU cores detected)

Reading alignment file ./results/gene2.phy ... Phylip format detected
Alignment most likely contains DNA/RNA sequences
Alignment has 10 sequences with 1000 columns and 464 patterns (333 informative sites, 417 constant sites)
   Gap/Ambiguity  Composition  p-value
   1  A    0.00%    passed     62.85%
   2  B    0.00%    passed     78.71%
   3  C    0.00%    passed     99.65%
   4  D    0.00%    passed     55.86%
   5  E    0.00%    passed     96.03%
   6  F    0.00%    passed     68.57%
   7  G    0.00%    passed     74.08%
   8  H    0.00%    passed     93.64%
   9  I    0.00%    passed     64.12%
  10  J    0.00%    passed     99.61%
****  TOTAL    0.00%  0 sequences failed composition chi2 test (p-value<5%; df=3)

Create initial parsimony tree by phylogenetic likelihood library (PLL)... 0.000 seconds

NOTE: ModelFinder requires 3 MB RAM!
ModelFinder will test 286 DNA models (sample size: 1000) ...
 No. Model         -LnL         df  AIC          AICc         BIC
  1  JC            7211.215     17  14456.430    14457.054    14539.862
  2  JC+I          6967.746     18  13971.492    13972.189    14059.832
  3  JC+G4         6938.975     18  13913.950    13914.647    14002.290
  4  JC+I+G4       6937.029     19  13912.058    13912.834    14005.305
  5  JC+R2         6934.222     19  13906.444    13907.220    13999.692
  6  JC+R3         6934.200     21  13910.399    13911.344    14013.462
  7  JC+R4         Skipped 
  8  JC+R5         Skipped 
  9  JC+R6         Skipped 
 10  JC+R7         Skipped 
 11  JC+R8         Skipped 
 12  JC+R9         Skipped 
 13  JC+R10        Skipped 
 14  F81           7093.115     20  14226.230    14227.088    14324.385
 15  F81+I         6848.978     21  13739.955    13740.900    13843.018
 16  F81+G4        6810.485     21  13662.971    13663.916    13766.034
 17  F81+I+G4      6808.681     22  13661.361    13662.397    13769.332
 18  F81+R2        6808.037     22  13660.074    13661.110    13768.045
 19  F81+R3        6807.900     24  13663.800    13665.030    13781.586
 20  F81+R4        Skipped 
 21  F81+R5        Skipped 
 22  F81+R6        Skipped 
 23  F81+R7        Skipped 
 24  F81+R8        Skipped 
 25  F81+R9        Skipped 
 26  F81+R10       Skipped 
 27  K2P           7035.568     18  14107.136    14107.833    14195.476
 28  K2P+I         6779.151     19  13596.302    13597.078    13689.550
 29  K2P+G4        6735.513     19  13509.026    13509.802    13602.274
 30  K2P+I+G4      6734.636     20  13509.272    13510.130    13607.427
 31  K2P+R2        6735.002     20  13510.004    13510.862    13608.159
 32  K2P+R3        6734.098     22  13512.196    13513.231    13620.166
 33  K2P+R4        Skipped 
 34  K2P+R5        Skipped 
 35  K2P+R6        Skipped 
 36  K2P+R7        Skipped 
 37  K2P+R8        Skipped 
 38  K2P+R9        Skipped 
 39  K2P+R10       Skipped 
 40  HKY           6905.246     21  13852.492    13853.436    13955.555
 41  HKY+I         6648.463     22  13340.926    13341.962    13448.897
 42  HKY+G4        6596.960     22  13237.920    13238.956    13345.890
 43  HKY+I+G4      6594.881     23  13235.761    13236.893    13348.640
 44  HKY+R2        6601.378     23  13248.756    13249.887    13361.634
 45  HKY+R3        6592.500     25  13234.999    13236.334    13357.693
 46  HKY+R4        6592.478     27  13238.956    13240.512    13371.466
 47  HKY+R5        Skipped 
 48  HKY+R6        Skipped 
 49  HKY+R7        Skipped 
 50  HKY+R8        Skipped 
 51  HKY+R9        Skipped 
 52  HKY+R10       Skipped 
 53  TNe           7031.423     19  14100.845    14101.621    14194.093
 54  TNe+I         6772.011     20  13584.023    13584.881    13682.178
 55  TNe+G4        6731.320     20  13502.641    13503.499    13600.796
 56  TNe+I+G4      6729.517     21  13501.033    13501.978    13604.096
 57  TNe+R2        6731.260     21  13504.519    13505.464    13607.582
 58  TNe+R3        6727.362     23  13500.724    13501.856    13613.603
 59  TNe+R4        Skipped 
 60  TNe+R5        Skipped 
 61  TNe+R6        Skipped 
 62  TNe+R7        Skipped 
 63  TNe+R8        Skipped 
 64  TNe+R9        Skipped 
 65  TNe+R10       Skipped 
 66  TN            6905.112     22  13854.224    13855.259    13962.194
 67  TN+I          6648.218     23  13342.435    13343.566    13455.314
 68  TN+G4         6596.900     23  13239.800    13240.931    13352.679
 69  TN+I+G4       6594.848     24  13237.696    13238.927    13355.482
 70  TN+R2         6601.190     24  13250.380    13251.610    13368.166
 71  TN+R3         6592.502     26  13237.003    13238.446    13364.605
 72  TN+R4         6592.483     28  13240.965    13242.638    13378.382
 73  TN+R5         Skipped 
 74  TN+R6         Skipped 
 75  TN+R7         Skipped 
 76  TN+R8         Skipped 
 77  TN+R9         Skipped 
 78  TN+R10        Skipped 
 79  K3P           7034.610     19  14107.221    14107.996    14200.468
 80  K3P+I         6778.313     20  13596.627    13597.485    13694.782
 81  K3P+G4        6734.522     20  13509.045    13509.903    13607.200
 82  K3P+I+G4      6733.739     21  13509.477    13510.422    13612.540
 83  K3P+R2        6733.991     21  13509.982    13510.927    13613.045
 84  K3P+R3        6731.756     23  13509.512    13510.643    13622.390
 85  K3P+R4        Skipped 
 86  K3P+R5        Skipped 
 87  K3P+R6        Skipped 
 88  K3P+R7        Skipped 
 89  K3P+R8        Skipped 
 90  K3P+R9        Skipped 
 91  K3P+R10       Skipped 
 92  K3Pu          6900.729     22  13845.459    13846.494    13953.429
 93  K3Pu+I        6642.680     23  13331.361    13332.492    13444.239
 94  K3Pu+G4       6590.692     23  13227.385    13228.516    13340.263
 95  K3Pu+I+G4     6588.478     24  13224.956    13226.186    13342.742
 96  K3Pu+R2       6594.917     24  13237.835    13239.066    13355.621
 97  K3Pu+R3       6586.690     26  13225.380    13226.823    13352.981
 98  K3Pu+R4       6586.589     28  13229.178    13230.851    13366.595
 99  K3Pu+R5       Skipped 
100  K3Pu+R6       Skipped 
101  K3Pu+R7       Skipped 
102  K3Pu+R8       Skipped 
103  K3Pu+R9       Skipped 
104  K3Pu+R10      Skipped 
105  TPM2          6896.018     22  13836.036    13837.072    13944.007
106  TPM2+I        6635.613     23  13317.225    13318.357    13430.104
107  TPM2+G4       6587.052     23  13220.104    13221.235    13332.983
108  TPM2+I+G4     6585.541     24  13219.083    13220.314    13336.869
109  TPM2+R2       6588.898     24  13225.796    13227.027    13343.582
110  TPM2+R3       6584.048     26  13220.095    13221.538    13347.697
111  TPM2+R4       Skipped 
112  TPM2+R5       Skipped 
113  TPM2+R6       Skipped 
114  TPM2+R7       Skipped 
115  TPM2+R8       Skipped 
116  TPM2+R9       Skipped 
117  TPM2+R10      Skipped 
118  TPM2u         6896.044     22  13836.089    13837.124    13944.059
119  TPM2u+I       6635.419     23  13316.837    13317.969    13429.716
120  TPM2u+G4      6587.016     23  13220.033    13221.164    13332.911
121  TPM2u+I+G4    6585.560     24  13219.121    13220.352    13336.907
122  TPM2u+R2      6588.900     24  13225.801    13227.032    13343.587
123  TPM2u+R3      6584.031     26  13220.061    13221.504    13347.663
124  TPM2u+R4      Skipped 
125  TPM2u+R5      Skipped 
126  TPM2u+R6      Skipped 
127  TPM2u+R7      Skipped 
128  TPM2u+R8      Skipped 
129  TPM2u+R9      Skipped 
130  TPM2u+R10     Skipped 
131  TPM3          6902.052     22  13848.104    13849.140    13956.075
132  TPM3+I        6639.611     23  13325.221    13326.352    13438.100
133  TPM3+G4       6588.330     23  13222.660    13223.791    13335.538
134  TPM3+I+G4     6585.645     24  13219.290    13220.521    13337.076
135  TPM3+R2       6593.270     24  13234.541    13235.771    13352.327
136  TPM3+R3       6584.447     26  13220.894    13222.337    13348.496
137  TPM3+R4       6584.431     28  13224.862    13226.535    13362.280
138  TPM3+R5       Skipped 
139  TPM3+R6       Skipped 
140  TPM3+R7       Skipped 
141  TPM3+R8       Skipped 
142  TPM3+R9       Skipped 
143  TPM3+R10      Skipped 
144  TPM3u         6902.052     22  13848.104    13849.140    13956.075
145  TPM3u+I       6639.599     23  13325.199    13326.330    13438.077
146  TPM3u+G4      6588.356     23  13222.711    13223.842    13335.590
147  TPM3u+I+G4    6585.644     24  13219.288    13220.519    13337.074
148  TPM3u+R2      6593.294     24  13234.587    13235.818    13352.373
149  TPM3u+R3      6584.362     26  13220.725    13222.167    13348.326
150  TPM3u+R4      6584.383     28  13224.765    13226.438    13362.183
151  TPM3u+R5      Skipped 
152  TPM3u+R6      Skipped 
153  TPM3u+R7      Skipped 
154  TPM3u+R8      Skipped 
155  TPM3u+R9      Skipped 
156  TPM3u+R10     Skipped 
157  TIMe          7030.475     20  14100.950    14101.808    14199.105
158  TIMe+I        6771.200     21  13584.401    13585.345    13687.464
159  TIMe+G4       6730.404     21  13502.809    13503.754    13605.872
160  TIMe+I+G4     6728.690     22  13501.379    13502.415    13609.350
161  TIMe+R2       6730.266     22  13504.531    13505.567    13612.502
162  TIMe+R3       6726.752     24  13501.505    13502.735    13619.291
163  TIMe+R4       Skipped 
164  TIMe+R5       Skipped 
165  TIMe+R6       Skipped 
166  TIMe+R7       Skipped 
167  TIMe+R8       Skipped 
168  TIMe+R9       Skipped 
169  TIMe+R10      Skipped 
170  TIM           6900.633     23  13847.265    13848.396    13960.144
171  TIM+I         6642.517     24  13333.033    13334.264    13450.819
172  TIM+G4        6590.706     24  13229.412    13230.643    13347.198
173  TIM+I+G4      6588.468     25  13226.936    13228.271    13349.630
174  TIM+R2        6594.737     25  13239.474    13240.809    13362.168
175  TIM+R3        6586.763     27  13227.526    13229.081    13360.035
176  TIM+R4        6586.714     29  13231.428    13233.221    13373.753
177  TIM+R5        Skipped 
178  TIM+R6        Skipped 
179  TIM+R7        Skipped 
180  TIM+R8        Skipped 
181  TIM+R9        Skipped 
182  TIM+R10       Skipped 
183  TIM2e         6999.311     20  14038.623    14039.481    14136.778
184  TIM2e+I       6731.966     21  13505.933    13506.877    13608.996
185  TIM2e+G4      6682.251     21  13406.503    13407.447    13509.566
186  TIM2e+I+G4    6680.901     22  13405.801    13406.837    13513.772
187  TIM2e+R2      6685.942     22  13415.884    13416.919    13523.854
188  TIM2e+R3      6680.662     24  13409.325    13410.556    13527.111
189  TIM2e+R4      Skipped 
190  TIM2e+R5      Skipped 
191  TIM2e+R6      Skipped 
192  TIM2e+R7      Skipped 
193  TIM2e+R8      Skipped 
194  TIM2e+R9      Skipped 
195  TIM2e+R10     Skipped 
196  TIM2          6895.943     23  13837.885    13839.017    13950.764
197  TIM2+I        6634.721     24  13317.442    13318.673    13435.228
198  TIM2+G4       6586.769     24  13221.539    13222.770    13339.325
199  TIM2+I+G4     6585.481     25  13220.962    13222.297    13343.656
200  TIM2+R2       6588.785     25  13227.571    13228.905    13350.265
201  TIM2+R3       6584.093     27  13222.185    13223.741    13354.695
202  TIM2+R4       Skipped 
203  TIM2+R5       Skipped 
204  TIM2+R6       Skipped 
205  TIM2+R7       Skipped 
206  TIM2+R8       Skipped 
207  TIM2+R9       Skipped 
208  TIM2+R10      Skipped 
209  TIM3e         7031.334     20  14102.669    14103.527    14200.824
210  TIM3e+I       6771.086     21  13584.172    13585.117    13687.235
211  TIM3e+G4      6730.911     21  13503.823    13504.767    13606.885
212  TIM3e+I+G4    6729.048     22  13502.095    13503.131    13610.066
213  TIM3e+R2      6730.827     22  13505.655    13506.691    13613.626
214  TIM3e+R3      6727.100     24  13502.200    13503.431    13619.986
215  TIM3e+R4      Skipped 
216  TIM3e+R5      Skipped 
217  TIM3e+R6      Skipped 
218  TIM3e+R7      Skipped 
219  TIM3e+R8      Skipped 
220  TIM3e+R9      Skipped 
221  TIM3e+R10     Skipped 
222  TIM3          6902.012     23  13850.025    13851.156    13962.903
223  TIM3+I        6639.545     24  13327.090    13328.321    13444.876
224  TIM3+G4       6588.240     24  13224.479    13225.710    13342.265
225  TIM3+I+G4     6585.601     25  13221.202    13222.537    13343.896
226  TIM3+R2       6593.130     25  13236.261    13237.596    13358.955
227  TIM3+R3       6584.456     27  13222.911    13224.467    13355.421
228  TIM3+R4       6584.413     29  13226.827    13228.621    13369.152
229  TIM3+R5       Skipped 
230  TIM3+R6       Skipped 
231  TIM3+R7       Skipped 
232  TIM3+R8       Skipped 
233  TIM3+R9       Skipped 
234  TIM3+R10      Skipped 
235  TVMe          7000.051     21  14042.103    14043.047    14145.165
236  TVMe+I        6736.226     22  13516.451    13517.487    13624.422
237  TVMe+G4       6682.727     22  13409.454    13410.489    13517.424
238  TVMe+I+G4     6682.579     23  13411.158    13412.289    13524.036
239  TVMe+R2       6686.410     23  13418.820    13419.951    13531.698
240  TVMe+R3       6682.233     25  13414.465    13415.800    13537.159
241  TVMe+R4       Skipped 
242  TVMe+R5       Skipped 
243  TVMe+R6       Skipped 
244  TVMe+R7       Skipped 
245  TVMe+R8       Skipped 
246  TVMe+R9       Skipped 
247  TVMe+R10      Skipped 
248  TVM           6888.710     24  13825.419    13826.650    13943.206
249  TVM+I         6622.788     25  13295.576    13296.911    13418.270
250  TVM+G4        6573.338     25  13196.676    13198.011    13319.370
251  TVM+I+G4      6571.708     26  13195.416    13196.859    13323.018
252  TVM+R2        6575.024     26  13202.049    13203.491    13329.650
253  TVM+R3        6570.622     28  13197.245    13198.917    13334.662
254  TVM+R4        Skipped 
255  TVM+R5        Skipped 
256  TVM+R6        Skipped 
257  TVM+R7        Skipped 
258  TVM+R8        Skipped 
259  TVM+R9        Skipped 
260  TVM+R10       Skipped 
261  SYM           6996.142     22  14036.283    14037.319    14144.254
262  SYM+I         6728.941     23  13503.882    13505.013    13616.760
263  SYM+G4        6676.820     23  13399.641    13400.772    13512.519
264  SYM+I+G4      6676.082     24  13400.163    13401.394    13517.950
265  SYM+R2        6681.155     24  13410.309    13411.540    13528.095
266  SYM+R3        6675.922     26  13403.844    13405.287    13531.446
267  SYM+R4        Skipped 
268  SYM+R5        Skipped 
269  SYM+R6        Skipped 
270  SYM+R7        Skipped 
271  SYM+R8        Skipped 
272  SYM+R9        Skipped 
273  SYM+R10       Skipped 
274  GTR           6888.647     25  13827.295    13828.629    13949.989
275  GTR+I         6622.578     26  13297.156    13298.599    13424.757
276  GTR+G4        6573.100     26  13198.201    13199.644    13325.803
277  GTR+I+G4      6571.716     27  13197.432    13198.988    13329.942
278  GTR+R2        6574.615     27  13203.229    13204.785    13335.738
279  GTR+R3        6570.764     29  13199.529    13201.323    13341.854
280  GTR+R4        Skipped 
281  GTR+R5        Skipped 
282  GTR+R6        Skipped 
283  GTR+R7        Skipped 
284  GTR+R8        Skipped 
285  GTR+R9        Skipped 
286  GTR+R10       Skipped 
Akaike Information Criterion:           TVM+I+G4
Corrected Akaike Information Criterion: TVM+I+G4
Bayesian Information Criterion:         TVM+G4
Best-fit model: TVM+G4 chosen according to BIC

All model information printed to ./results/gene2.phy.model
CPU time for ModelFinder: 9.327 seconds (0h:0m:9s)
Wall-clock time for ModelFinder: 11.469 seconds (0h:0m:11s)
Generating 1000 samples for ultrafast bootstrap (seed: 963414)...

NOTE: 2 MB RAM (0 GB) is required!
Estimate model parameters (epsilon = 0.100)
1. Initial log-likelihood: -6855.169
2. Current log-likelihood: -6647.688
3. Current log-likelihood: -6598.283
4. Current log-likelihood: -6595.843
Optimal log-likelihood: -6595.764
Rate parameters:  A-C: 44.561  A-G: 99.810  A-T: 24.157  C-G: 15.063  C-T: 99.810  G-T: 1.000
Base frequencies:   A: 0.397  C: 0.168  G: 0.193  T: 0.243
Gamma shape alpha: 0.478
Parameters optimization took 4 rounds (0.063 sec)
Computing ML distances based on estimated model parameters... 0.001 sec
Computing BIONJ tree...
0.000 seconds
Log-likelihood of BIONJ tree: -6595.205
--------------------------------------------------------------------
|             INITIALIZING CANDIDATE TREE SET                      |
--------------------------------------------------------------------
Generating 98 parsimony trees... 0.065 second
Computing log-likelihood of 93 initial trees ... 0.359 seconds
Current best score: -6595.205

Do NNI search on 20 best initial trees
Estimate model parameters (epsilon = 0.100)
BETTER TREE FOUND at iteration 1: -6593.963
Estimate model parameters (epsilon = 0.100)
BETTER TREE FOUND at iteration 2: -6593.125
Iteration 10 / LogL: -6593.126 / Time: 0h:0m:12s
Iteration 20 / LogL: -6593.156 / Time: 0h:0m:12s
Finish initializing candidate tree set (4)
Current best tree score: -6593.125 / CPU time: 1.094
Number of iterations: 20
--------------------------------------------------------------------
|               OPTIMIZING CANDIDATE TREE SET                      |
--------------------------------------------------------------------
UPDATE BEST LOG-LIKELIHOOD: -6593.125
Iteration 30 / LogL: -6594.463 / Time: 0h:0m:12s (0h:0m:3s left)
Iteration 40 / LogL: -6593.159 / Time: 0h:0m:13s (0h:0m:2s left)
Iteration 50 / LogL: -6594.463 / Time: 0h:0m:13s (0h:0m:2s left)
Log-likelihood cutoff on original alignment: -6609.157
Iteration 60 / LogL: -6593.146 / Time: 0h:0m:14s (0h:0m:1s left)
UPDATE BEST LOG-LIKELIHOOD: -6593.125
Iteration 70 / LogL: -6593.149 / Time: 0h:0m:14s (0h:0m:1s left)
Iteration 80 / LogL: -6594.463 / Time: 0h:0m:14s (0h:0m:0s left)
Iteration 90 / LogL: -6593.923 / Time: 0h:0m:15s (0h:0m:0s left)
Iteration 100 / LogL: -6594.463 / Time: 0h:0m:15s (0h:0m:0s left)
Log-likelihood cutoff on original alignment: -6609.214
NOTE: Bootstrap correlation coefficient of split occurrence frequencies: 0.997
TREE SEARCH COMPLETED AFTER 103 ITERATIONS / Time: 0h:0m:15s

--------------------------------------------------------------------
|                    FINALIZING TREE SEARCH                        |
--------------------------------------------------------------------
Performs final model parameters optimization
Estimate model parameters (epsilon = 0.010)
1. Initial log-likelihood: -6593.125
2. Current log-likelihood: -6593.098
3. Current log-likelihood: -6593.078
4. Current log-likelihood: -6593.063
5. Current log-likelihood: -6593.051
Optimal log-likelihood: -6593.042
Rate parameters:  A-C: 44.273  A-G: 99.908  A-T: 23.121  C-G: 14.826  C-T: 99.908  G-T: 1.000
Base frequencies:   A: 0.397  C: 0.168  G: 0.193  T: 0.243
Gamma shape alpha: 0.479
Parameters optimization took 5 rounds (0.058 sec)
BEST SCORE FOUND : -6593.042
Creating bootstrap support values...
Split supports printed to NEXUS file ./results/gene2.phy.splits.nex
Total tree length: 2.558

Total number of iterations: 103
CPU time used for tree search: 4.093 sec (0h:0m:4s)
Wall-clock time used for tree search: 4.230 sec (0h:0m:4s)
Total CPU time used: 13.564 sec (0h:0m:13s)
Total wall-clock time used: 15.874 sec (0h:0m:15s)

Computing bootstrap consensus tree...
Reading input file ./results/gene2.phy.splits.nex...
10 taxa and 90 splits.
Consensus tree written to ./results/gene2.phy.contree
Reading input trees file ./results/gene2.phy.contree
Log-likelihood of consensus tree: -6593.042

Analysis results written to: 
  IQ-TREE report:                ./results/gene2.phy.iqtree
  Maximum-likelihood tree:       ./results/gene2.phy.treefile
  Likelihood distances:          ./results/gene2.phy.mldist

Ultrafast bootstrap approximation results written to:
  Split support values:          ./results/gene2.phy.splits.nex
  Consensus tree:                ./results/gene2.phy.contree
  Screen log file:               ./results/gene2.phy.log

Date and Time: Tue Aug 22 18:16:46 2017
