IQ-TREE multicore version 1.5.4 for Linux 64-bit built Apr  2 2017
Copyright (c) 2011-2017 by Bui Quang Minh, Nguyen Lam Tung,
Olga Chernomor, Heiko Schmidt, and Arndt von Haeseler.

Host:    hpc-crick (AVX, 251 GB RAM)
Command: iqtree -s ./results/gene17.phy -nt 1 -bb 1000
Seed:    89724 (Using SPRNG - Scalable Parallel Random Number Generator)
Time:    Tue Aug 22 18:16:46 2017
Kernel:  AVX - 1 threads (40 CPU cores detected)

Reading alignment file ./results/gene17.phy ... Phylip format detected
Alignment most likely contains DNA/RNA sequences
Alignment has 10 sequences with 1000 columns and 431 patterns (280 informative sites, 411 constant sites)
   Gap/Ambiguity  Composition  p-value
   1  A    0.00%    passed     99.92%
   2  B    0.00%    passed     92.01%
   3  C    0.00%    passed     93.14%
   4  D    0.00%    passed     73.99%
   5  E    0.00%    passed     99.75%
   6  F    0.00%    passed     98.29%
   7  G    0.00%    passed     90.53%
   8  H    0.00%    passed     85.28%
   9  I    0.00%    passed     48.20%
  10  J    0.00%    passed     98.71%
****  TOTAL    0.00%  0 sequences failed composition chi2 test (p-value<5%; df=3)

Create initial parsimony tree by phylogenetic likelihood library (PLL)... 0.001 seconds

NOTE: ModelFinder requires 3 MB RAM!
ModelFinder will test 286 DNA models (sample size: 1000) ...
 No. Model         -LnL         df  AIC          AICc         BIC
  1  JC            6870.636     17  13775.273    13775.896    13858.705
  2  JC+I          6691.201     18  13418.401    13419.098    13506.741
  3  JC+G4         6634.628     18  13305.256    13305.953    13393.595
  4  JC+I+G4       6635.192     19  13308.384    13309.160    13401.631
  5  JC+R2         6636.807     19  13311.613    13312.389    13404.861
  6  JC+R3         6633.109     21  13308.218    13309.163    13411.281
  7  JC+R4         Skipped 
  8  JC+R5         Skipped 
  9  JC+R6         Skipped 
 10  JC+R7         Skipped 
 11  JC+R8         Skipped 
 12  JC+R9         Skipped 
 13  JC+R10        Skipped 
 14  F81           6734.773     20  13509.547    13510.405    13607.702
 15  F81+I         6549.472     21  13140.944    13141.889    13244.007
 16  F81+G4        6485.090     21  13012.180    13013.125    13115.243
 17  F81+I+G4      6485.658     22  13015.316    13016.351    13123.286
 18  F81+R2        6488.030     22  13020.059    13021.095    13128.030
 19  F81+R3        6483.736     24  13015.473    13016.704    13133.259
 20  F81+R4        Skipped 
 21  F81+R5        Skipped 
 22  F81+R6        Skipped 
 23  F81+R7        Skipped 
 24  F81+R8        Skipped 
 25  F81+R9        Skipped 
 26  F81+R10       Skipped 
 27  K2P           6727.760     18  13491.521    13492.218    13579.860
 28  K2P+I         6539.032     19  13116.064    13116.839    13209.311
 29  K2P+G4        6470.942     19  12979.883    12980.659    13073.131
 30  K2P+I+G4      6471.502     20  12983.005    12983.863    13081.160
 31  K2P+R2        6472.384     20  12984.768    12985.626    13082.923
 32  K2P+R3        6468.215     22  12980.429    12981.465    13088.400
 33  K2P+R4        Skipped 
 34  K2P+R5        Skipped 
 35  K2P+R6        Skipped 
 36  K2P+R7        Skipped 
 37  K2P+R8        Skipped 
 38  K2P+R9        Skipped 
 39  K2P+R10       Skipped 
 40  HKY           6592.787     21  13227.574    13228.518    13330.636
 41  HKY+I         6398.498     22  12840.995    12842.031    12948.966
 42  HKY+G4        6320.149     22  12684.297    12685.333    12792.268
 43  HKY+I+G4      6320.666     23  12687.331    12688.463    12800.210
 44  HKY+R2        6322.897     23  12691.793    12692.924    12804.672
 45  HKY+R3        6318.519     25  12687.039    12688.373    12809.732
 46  HKY+R4        Skipped 
 47  HKY+R5        Skipped 
 48  HKY+R6        Skipped 
 49  HKY+R7        Skipped 
 50  HKY+R8        Skipped 
 51  HKY+R9        Skipped 
 52  HKY+R10       Skipped 
 53  TNe           6725.754     19  13489.509    13490.284    13582.756
 54  TNe+I         6535.977     20  13111.954    13112.812    13210.109
 55  TNe+G4        6465.509     20  12971.018    12971.876    13069.173
 56  TNe+I+G4      6465.927     21  12973.853    12974.798    13076.916
 57  TNe+R2        6467.737     21  12977.475    12978.420    13080.538
 58  TNe+R3        6462.502     23  12971.004    12972.135    13083.882
 59  TNe+R4        Skipped 
 60  TNe+R5        Skipped 
 61  TNe+R6        Skipped 
 62  TNe+R7        Skipped 
 63  TNe+R8        Skipped 
 64  TNe+R9        Skipped 
 65  TNe+R10       Skipped 
 66  TN            6591.613     22  13227.226    13228.262    13335.197
 67  TN+I          6397.834     23  12841.667    12842.798    12954.546
 68  TN+G4         6319.916     23  12685.832    12686.963    12798.711
 69  TN+I+G4       6320.295     24  12688.591    12689.821    12806.377
 70  TN+R2         6322.321     24  12692.641    12693.872    12810.427
 71  TN+R3         6318.153     26  12688.307    12689.750    12815.909
 72  TN+R4         Skipped 
 73  TN+R5         Skipped 
 74  TN+R6         Skipped 
 75  TN+R7         Skipped 
 76  TN+R8         Skipped 
 77  TN+R9         Skipped 
 78  TN+R10        Skipped 
 79  K3P           6717.094     19  13472.188    13472.963    13565.435
 80  K3P+I         6527.805     20  13095.610    13096.468    13193.765
 81  K3P+G4        6460.456     20  12960.912    12961.770    13059.067
 82  K3P+I+G4      6460.904     21  12963.808    12964.753    13066.871
 83  K3P+R2        6461.567     21  12965.134    12966.079    13068.197
 84  K3P+R3        6458.280     23  12962.559    12963.691    13075.438
 85  K3P+R4        Skipped 
 86  K3P+R5        Skipped 
 87  K3P+R6        Skipped 
 88  K3P+R7        Skipped 
 89  K3P+R8        Skipped 
 90  K3P+R9        Skipped 
 91  K3P+R10       Skipped 
 92  K3Pu          6573.523     22  13191.046    13192.081    13299.016
 93  K3Pu+I        6379.413     23  12804.825    12805.956    12917.704
 94  K3Pu+G4       6302.455     23  12650.911    12652.042    12763.789
 95  K3Pu+I+G4     6302.914     24  12653.828    12655.059    12771.614
 96  K3Pu+R2       6304.681     24  12657.362    12658.593    12775.148
 97  K3Pu+R3       6301.404     26  12654.809    12656.252    12782.410
 98  K3Pu+R4       Skipped 
 99  K3Pu+R5       Skipped 
100  K3Pu+R6       Skipped 
101  K3Pu+R7       Skipped 
102  K3Pu+R8       Skipped 
103  K3Pu+R9       Skipped 
104  K3Pu+R10      Skipped 
105  TPM2          6587.980     22  13219.959    13220.995    13327.930
106  TPM2+I        6394.356     23  12834.712    12835.844    12947.591
107  TPM2+G4       6318.323     23  12682.647    12683.778    12795.525
108  TPM2+I+G4     6318.739     24  12685.478    12686.709    12803.264
109  TPM2+R2       6320.350     24  12688.699    12689.930    12806.485
110  TPM2+R3       6316.473     26  12684.946    12686.389    12812.547
111  TPM2+R4       Skipped 
112  TPM2+R5       Skipped 
113  TPM2+R6       Skipped 
114  TPM2+R7       Skipped 
115  TPM2+R8       Skipped 
116  TPM2+R9       Skipped 
117  TPM2+R10      Skipped 
118  TPM2u         6588.082     22  13220.163    13221.199    13328.134
119  TPM2u+I       6394.359     23  12834.719    12835.850    12947.597
120  TPM2u+G4      6318.307     23  12682.615    12683.746    12795.493
121  TPM2u+I+G4    6318.717     24  12685.435    12686.666    12803.221
122  TPM2u+R2      6320.347     24  12688.695    12689.926    12806.481
123  TPM2u+R3      6316.444     26  12684.889    12686.332    12812.490
124  TPM2u+R4      Skipped 
125  TPM2u+R5      Skipped 
126  TPM2u+R6      Skipped 
127  TPM2u+R7      Skipped 
128  TPM2u+R8      Skipped 
129  TPM2u+R9      Skipped 
130  TPM2u+R10     Skipped 
131  TPM3          6562.261     22  13168.521    13169.557    13276.492
132  TPM3+I        6370.080     23  12786.160    12787.291    12899.038
133  TPM3+G4       6297.452     23  12640.905    12642.036    12753.783
134  TPM3+I+G4     6297.849     24  12643.697    12644.928    12761.483
135  TPM3+R2       6299.867     24  12647.734    12648.965    12765.520
136  TPM3+R3       6296.844     26  12645.688    12647.131    12773.289
137  TPM3+R4       Skipped 
138  TPM3+R5       Skipped 
139  TPM3+R6       Skipped 
140  TPM3+R7       Skipped 
141  TPM3+R8       Skipped 
142  TPM3+R9       Skipped 
143  TPM3+R10      Skipped 
144  TPM3u         6562.262     22  13168.523    13169.559    13276.494
145  TPM3u+I       6370.081     23  12786.162    12787.293    12899.041
146  TPM3u+G4      6297.512     23  12641.025    12642.156    12753.903
147  TPM3u+I+G4    6297.818     24  12643.636    12644.867    12761.422
148  TPM3u+R2      6299.842     24  12647.685    12648.916    12765.471
149  TPM3u+R3      6296.806     26  12645.611    12647.054    12773.213
150  TPM3u+R4      Skipped 
151  TPM3u+R5      Skipped 
152  TPM3u+R6      Skipped 
153  TPM3u+R7      Skipped 
154  TPM3u+R8      Skipped 
155  TPM3u+R9      Skipped 
156  TPM3u+R10     Skipped 
157  TIMe          6715.121     20  13470.242    13471.100    13568.397
158  TIMe+I        6524.752     21  13091.504    13092.449    13194.567
159  TIMe+G4       6455.130     21  12952.259    12953.204    13055.322
160  TIMe+I+G4     6455.437     22  12954.875    12955.911    13062.846
161  TIMe+R2       6456.967     22  12957.934    12958.970    13065.905
162  TIMe+R3       6452.800     24  12953.600    12954.831    13071.386
163  TIMe+R4       Skipped 
164  TIMe+R5       Skipped 
165  TIMe+R6       Skipped 
166  TIMe+R7       Skipped 
167  TIMe+R8       Skipped 
168  TIMe+R9       Skipped 
169  TIMe+R10      Skipped 
170  TIM           6572.193     23  13190.386    13191.517    13303.264
171  TIM+I         6378.676     24  12805.353    12806.583    12923.139
172  TIM+G4        6302.288     24  12652.575    12653.806    12770.361
173  TIM+I+G4      6302.641     25  12655.283    12656.617    12777.977
174  TIM+R2        6304.382     25  12658.765    12660.100    12781.459
175  TIM+R3        6301.190     27  12656.379    12657.935    12788.889
176  TIM+R4        Skipped 
177  TIM+R5        Skipped 
178  TIM+R6        Skipped 
179  TIM+R7        Skipped 
180  TIM+R8        Skipped 
181  TIM+R9        Skipped 
182  TIM+R10       Skipped 
183  TIM2e         6706.535     20  13453.069    13453.927    13551.224
184  TIM2e+I       6515.364     21  13072.728    13073.673    13175.791
185  TIM2e+G4      6437.942     21  12917.885    12918.830    13020.948
186  TIM2e+I+G4    6438.224     22  12920.448    12921.484    13028.419
187  TIM2e+R2      6440.785     22  12925.570    12926.606    13033.541
188  TIM2e+R3      6433.775     24  12915.549    12916.780    13033.335
189  TIM2e+R4      6433.740     26  12919.480    12920.923    13047.082
190  TIM2e+R5      Skipped 
191  TIM2e+R6      Skipped 
192  TIM2e+R7      Skipped 
193  TIM2e+R8      Skipped 
194  TIM2e+R9      Skipped 
195  TIM2e+R10     Skipped 
196  TIM2          6586.595     23  13219.189    13220.320    13332.068
197  TIM2+I        6393.553     24  12835.106    12836.336    12952.892
198  TIM2+G4       6317.813     24  12683.626    12684.857    12801.412
199  TIM2+I+G4     6318.200     25  12686.399    12687.734    12809.093
200  TIM2+R2       6319.614     25  12689.229    12690.564    12811.923
201  TIM2+R3       6315.883     27  12685.767    12687.322    12818.276
202  TIM2+R4       Skipped 
203  TIM2+R5       Skipped 
204  TIM2+R6       Skipped 
205  TIM2+R7       Skipped 
206  TIM2+R8       Skipped 
207  TIM2+R9       Skipped 
208  TIM2+R10      Skipped 
209  TIM3e         6711.847     20  13463.693    13464.551    13561.848
210  TIM3e+I       6522.741     21  13087.482    13088.427    13190.545
211  TIM3e+G4      6454.649     21  12951.297    12952.242    13054.360
212  TIM3e+I+G4    6454.912     22  12953.823    12954.859    13061.794
213  TIM3e+R2      6456.704     22  12957.408    12958.444    13065.379
214  TIM3e+R3      6452.692     24  12953.384    12954.614    13071.170
215  TIM3e+R4      Skipped 
216  TIM3e+R5      Skipped 
217  TIM3e+R6      Skipped 
218  TIM3e+R7      Skipped 
219  TIM3e+R8      Skipped 
220  TIM3e+R9      Skipped 
221  TIM3e+R10     Skipped 
222  TIM3          6560.296     23  13166.592    13167.723    13279.471
223  TIM3+I        6369.247     24  12786.494    12787.725    12904.280
224  TIM3+G4       6297.151     24  12642.301    12643.532    12760.087
225  TIM3+I+G4     6297.438     25  12644.876    12646.211    12767.570
226  TIM3+R2       6299.550     25  12649.100    12650.435    12771.794
227  TIM3+R3       6296.550     27  12647.099    12648.655    12779.609
228  TIM3+R4       Skipped 
229  TIM3+R5       Skipped 
230  TIM3+R6       Skipped 
231  TIM3+R7       Skipped 
232  TIM3+R8       Skipped 
233  TIM3+R9       Skipped 
234  TIM3+R10      Skipped 
235  TVMe          6690.687     21  13423.374    13424.318    13526.437
236  TVMe+I        6500.701     22  13045.402    13046.438    13153.373
237  TVMe+G4       6429.095     22  12902.191    12903.227    13010.161
238  TVMe+I+G4     6429.331     23  12904.662    12905.794    13017.541
239  TVMe+R2       6430.970     23  12907.941    12909.072    13020.819
240  TVMe+R3       6426.084     25  12902.168    12903.503    13024.862
241  TVMe+R4       Skipped 
242  TVMe+R5       Skipped 
243  TVMe+R6       Skipped 
244  TVMe+R7       Skipped 
245  TVMe+R8       Skipped 
246  TVMe+R9       Skipped 
247  TVMe+R10      Skipped 
248  TVM           6551.853     24  13151.707    13152.938    13269.493
249  TVM+I         6360.285     25  12770.570    12771.905    12893.264
250  TVM+G4        6288.514     25  12627.027    12628.362    12749.721
251  TVM+I+G4      6288.812     26  12629.624    12631.067    12757.226
252  TVM+R2        6290.294     26  12632.588    12634.031    12760.190
253  TVM+R3        6287.757     28  12631.514    12633.187    12768.931
254  TVM+R4        Skipped 
255  TVM+R5        Skipped 
256  TVM+R6        Skipped 
257  TVM+R7        Skipped 
258  TVM+R8        Skipped 
259  TVM+R9        Skipped 
260  TVM+R10       Skipped 
261  SYM           6689.159     22  13422.318    13423.354    13530.289
262  SYM+I         6497.620     23  13041.239    13042.370    13154.118
263  SYM+G4        6421.471     23  12888.942    12890.073    13001.820
264  SYM+I+G4      6421.590     24  12891.180    12892.411    13008.966
265  SYM+R2        6424.286     24  12896.572    12897.803    13014.358
266  SYM+R3        6418.084     26  12888.167    12889.610    13015.769
267  SYM+R4        Skipped 
268  SYM+R5        Skipped 
269  SYM+R6        Skipped 
270  SYM+R7        Skipped 
271  SYM+R8        Skipped 
272  SYM+R9        Skipped 
273  SYM+R10       Skipped 
274  GTR           6549.757     25  13149.514    13150.849    13272.208
275  GTR+I         6359.399     26  12770.799    12772.242    12898.400
276  GTR+G4        6288.047     26  12628.094    12629.536    12755.695
277  GTR+I+G4      6288.301     27  12630.602    12632.157    12763.111
278  GTR+R2        6289.846     27  12633.692    12635.248    12766.201
279  GTR+R3        6287.214     29  12632.428    12634.222    12774.753
280  GTR+R4        Skipped 
281  GTR+R5        Skipped 
282  GTR+R6        Skipped 
283  GTR+R7        Skipped 
284  GTR+R8        Skipped 
285  GTR+R9        Skipped 
286  GTR+R10       Skipped 
Akaike Information Criterion:           TVM+G4
Corrected Akaike Information Criterion: TVM+G4
Bayesian Information Criterion:         TVM+G4
Best-fit model: TVM+G4 chosen according to BIC

All model information printed to ./results/gene17.phy.model
CPU time for ModelFinder: 5.795 seconds (0h:0m:5s)
Wall-clock time for ModelFinder: 7.030 seconds (0h:0m:7s)
Generating 1000 samples for ultrafast bootstrap (seed: 89724)...

NOTE: 2 MB RAM (0 GB) is required!
Estimate model parameters (epsilon = 0.100)
1. Initial log-likelihood: -6525.729
2. Current log-likelihood: -6295.766
3. Current log-likelihood: -6289.798
4. Current log-likelihood: -6289.091
Optimal log-likelihood: -6289.053
Rate parameters:  A-C: 2.483  A-G: 4.454  A-T: 0.617  C-G: 0.929  C-T: 4.454  G-T: 1.000
Base frequencies:   A: 0.419  C: 0.157  G: 0.198  T: 0.226
Gamma shape alpha: 0.555
Parameters optimization took 4 rounds (0.121 sec)
Computing ML distances based on estimated model parameters... 0.001 sec
Computing BIONJ tree...
0.000 seconds
Log-likelihood of BIONJ tree: -6289.432
--------------------------------------------------------------------
|             INITIALIZING CANDIDATE TREE SET                      |
--------------------------------------------------------------------
Generating 98 parsimony trees... 0.085 second
Computing log-likelihood of 97 initial trees ... 0.309 seconds
Current best score: -6289.053

Do NNI search on 20 best initial trees
Estimate model parameters (epsilon = 0.100)
BETTER TREE FOUND at iteration 1: -6288.812
Estimate model parameters (epsilon = 0.100)
BETTER TREE FOUND at iteration 2: -6288.357
UPDATE BEST LOG-LIKELIHOOD: -6288.357
UPDATE BEST LOG-LIKELIHOOD: -6288.356
Estimate model parameters (epsilon = 0.100)
BETTER TREE FOUND at iteration 7: -6288.266
Estimate model parameters (epsilon = 0.100)
BETTER TREE FOUND at iteration 8: -6287.297
Iteration 10 / LogL: -6288.355 / Time: 0h:0m:8s
Iteration 20 / LogL: -6288.778 / Time: 0h:0m:8s
Finish initializing candidate tree set (10)
Current best tree score: -6287.297 / CPU time: 1.328
Number of iterations: 20
--------------------------------------------------------------------
|               OPTIMIZING CANDIDATE TREE SET                      |
--------------------------------------------------------------------
Iteration 30 / LogL: -6287.513 / Time: 0h:0m:8s (0h:0m:5s left)
Iteration 40 / LogL: -6287.344 / Time: 0h:0m:9s (0h:0m:4s left)
Iteration 50 / LogL: -6287.297 / Time: 0h:0m:9s (0h:0m:3s left)
Log-likelihood cutoff on original alignment: -6294.403
UPDATE BEST LOG-LIKELIHOOD: -6287.297
Iteration 60 / LogL: -6287.526 / Time: 0h:0m:10s (0h:0m:2s left)
Iteration 70 / LogL: -6287.297 / Time: 0h:0m:10s (0h:0m:1s left)
UPDATE BEST LOG-LIKELIHOOD: -6287.297
Iteration 80 / LogL: -6287.297 / Time: 0h:0m:10s (0h:0m:1s left)
Iteration 90 / LogL: -6287.343 / Time: 0h:0m:11s (0h:0m:0s left)
Iteration 100 / LogL: -6289.273 / Time: 0h:0m:11s (0h:0m:0s left)
Log-likelihood cutoff on original alignment: -6294.403
NOTE: Bootstrap correlation coefficient of split occurrence frequencies: 0.980
NOTE: UFBoot does not converge, continue at least 100 more iterations
Iteration 110 / LogL: -6287.297 / Time: 0h:0m:11s (0h:0m:3s left)
Iteration 120 / LogL: -6287.297 / Time: 0h:0m:12s (0h:0m:3s left)
UPDATE BEST LOG-LIKELIHOOD: -6287.297
Iteration 130 / LogL: -6287.358 / Time: 0h:0m:12s (0h:0m:2s left)
Iteration 140 / LogL: -6289.784 / Time: 0h:0m:13s (0h:0m:2s left)
UPDATE BEST LOG-LIKELIHOOD: -6287.297
Iteration 150 / LogL: -6287.297 / Time: 0h:0m:13s (0h:0m:2s left)
Log-likelihood cutoff on original alignment: -6295.064
UPDATE BEST LOG-LIKELIHOOD: -6287.297
Iteration 160 / LogL: -6287.354 / Time: 0h:0m:13s (0h:0m:1s left)
Iteration 170 / LogL: -6287.297 / Time: 0h:0m:14s (0h:0m:1s left)
Iteration 180 / LogL: -6287.297 / Time: 0h:0m:14s (0h:0m:0s left)
Iteration 190 / LogL: -6288.255 / Time: 0h:0m:14s (0h:0m:0s left)
Iteration 200 / LogL: -6287.342 / Time: 0h:0m:15s (0h:0m:0s left)
Log-likelihood cutoff on original alignment: -6295.324
NOTE: Bootstrap correlation coefficient of split occurrence frequencies: 0.992
TREE SEARCH COMPLETED AFTER 200 ITERATIONS / Time: 0h:0m:15s

--------------------------------------------------------------------
|                    FINALIZING TREE SEARCH                        |
--------------------------------------------------------------------
Performs final model parameters optimization
Estimate model parameters (epsilon = 0.010)
1. Initial log-likelihood: -6287.297
Optimal log-likelihood: -6287.290
Rate parameters:  A-C: 2.578  A-G: 4.571  A-T: 0.625  C-G: 0.914  C-T: 4.571  G-T: 1.000
Base frequencies:   A: 0.419  C: 0.157  G: 0.198  T: 0.226
Gamma shape alpha: 0.548
Parameters optimization took 1 rounds (0.007 sec)
BEST SCORE FOUND : -6287.290
Creating bootstrap support values...
Split supports printed to NEXUS file ./results/gene17.phy.splits.nex
Total tree length: 2.236

Total number of iterations: 200
CPU time used for tree search: 7.054 sec (0h:0m:7s)
Wall-clock time used for tree search: 7.956 sec (0h:0m:7s)
Total CPU time used: 12.984 sec (0h:0m:12s)
Total wall-clock time used: 15.198 sec (0h:0m:15s)

Computing bootstrap consensus tree...
Reading input file ./results/gene17.phy.splits.nex...
10 taxa and 155 splits.
Consensus tree written to ./results/gene17.phy.contree
Reading input trees file ./results/gene17.phy.contree
Log-likelihood of consensus tree: -6287.290

Analysis results written to: 
  IQ-TREE report:                ./results/gene17.phy.iqtree
  Maximum-likelihood tree:       ./results/gene17.phy.treefile
  Likelihood distances:          ./results/gene17.phy.mldist

Ultrafast bootstrap approximation results written to:
  Split support values:          ./results/gene17.phy.splits.nex
  Consensus tree:                ./results/gene17.phy.contree
  Screen log file:               ./results/gene17.phy.log

Date and Time: Tue Aug 22 18:17:01 2017
