IQ-TREE multicore version 1.5.4 for Linux 64-bit built Apr  2 2017
Copyright (c) 2011-2017 by Bui Quang Minh, Nguyen Lam Tung,
Olga Chernomor, Heiko Schmidt, and Arndt von Haeseler.

Host:    hpc-crick (AVX, 251 GB RAM)
Command: iqtree -s ./results/gene12.phy -nt 1 -bb 1000
Seed:    159373 (Using SPRNG - Scalable Parallel Random Number Generator)
Time:    Tue Aug 22 18:18:35 2017
Kernel:  AVX - 1 threads (40 CPU cores detected)

Reading alignment file ./results/gene12.phy ... Phylip format detected
Alignment most likely contains DNA/RNA sequences
Alignment has 10 sequences with 1000 columns and 413 patterns (282 informative sites, 436 constant sites)
   Gap/Ambiguity  Composition  p-value
   1  A    0.00%    passed     61.76%
   2  B    0.00%    passed     98.91%
   3  C    0.00%    passed     89.76%
   4  D    0.00%    passed     87.93%
   5  E    0.00%    passed     85.16%
   6  F    0.00%    passed     46.77%
   7  G    0.00%    passed     66.56%
   8  H    0.00%    passed     85.31%
   9  I    0.00%    passed     56.28%
  10  J    0.00%    passed     98.73%
****  TOTAL    0.00%  0 sequences failed composition chi2 test (p-value<5%; df=3)

Create initial parsimony tree by phylogenetic likelihood library (PLL)... 0.000 seconds

NOTE: ModelFinder requires 2 MB RAM!
ModelFinder will test 286 DNA models (sample size: 1000) ...
 No. Model         -LnL         df  AIC          AICc         BIC
  1  JC            6660.958     17  13355.915    13356.539    13439.347
  2  JC+I          6472.329     18  12980.658    12981.355    13068.997
  3  JC+G4         6429.450     18  12894.900    12895.597    12983.239
  4  JC+I+G4       6429.180     19  12896.360    12897.135    12989.607
  5  JC+R2         6436.003     19  12910.006    12910.781    13003.253
  6  JC+R3         6425.895     21  12893.790    12894.735    12996.853
  7  JC+R4         6425.809     23  12897.618    12898.750    13010.497
  8  JC+R5         Skipped 
  9  JC+R6         Skipped 
 10  JC+R7         Skipped 
 11  JC+R8         Skipped 
 12  JC+R9         Skipped 
 13  JC+R10        Skipped 
 14  F81           6556.096     20  13152.191    13153.049    13250.346
 15  F81+I         6370.849     21  12783.698    12784.643    12886.761
 16  F81+G4        6328.239     21  12698.478    12699.423    12801.541
 17  F81+I+G4      6327.971     22  12699.942    12700.978    12807.912
 18  F81+R2        6334.613     22  12713.226    12714.262    12821.197
 19  F81+R3        6325.990     24  12699.981    12701.212    12817.767
 20  F81+R4        6325.945     26  12703.891    12705.334    12831.492
 21  F81+R5        Skipped 
 22  F81+R6        Skipped 
 23  F81+R7        Skipped 
 24  F81+R8        Skipped 
 25  F81+R9        Skipped 
 26  F81+R10       Skipped 
 27  K2P           6527.475     18  13090.950    13091.647    13179.289
 28  K2P+I         6326.956     19  12691.911    12692.687    12785.158
 29  K2P+G4        6270.662     19  12579.325    12580.100    12672.572
 30  K2P+I+G4      6270.458     20  12580.916    12581.774    12679.071
 31  K2P+R2        6278.594     20  12597.188    12598.046    12695.343
 32  K2P+R3        6266.609     22  12577.218    12578.254    12685.189
 33  K2P+R4        6266.510     24  12581.020    12582.251    12698.807
 34  K2P+R5        Skipped 
 35  K2P+R6        Skipped 
 36  K2P+R7        Skipped 
 37  K2P+R8        Skipped 
 38  K2P+R9        Skipped 
 39  K2P+R10       Skipped 
 40  HKY           6396.392     21  12834.785    12835.730    12937.848
 41  HKY+I         6207.531     22  12459.062    12460.098    12567.033
 42  HKY+G4        6150.487     22  12344.974    12346.010    12452.944
 43  HKY+I+G4      6150.351     23  12346.702    12347.833    12459.580
 44  HKY+R2        6158.972     23  12363.943    12365.074    12476.822
 45  HKY+R3        6148.068     25  12346.136    12347.471    12468.830
 46  HKY+R4        6148.022     27  12350.045    12351.600    12482.554
 47  HKY+R5        Skipped 
 48  HKY+R6        Skipped 
 49  HKY+R7        Skipped 
 50  HKY+R8        Skipped 
 51  HKY+R9        Skipped 
 52  HKY+R10       Skipped 
 53  TNe           6526.024     19  13090.048    13090.824    13183.295
 54  TNe+I         6325.833     20  12691.667    12692.525    12789.822
 55  TNe+G4        6268.176     20  12576.352    12577.210    12674.507
 56  TNe+I+G4      6267.868     21  12577.736    12578.681    12680.799
 57  TNe+R2        6276.582     21  12595.163    12596.108    12698.226
 58  TNe+R3        6263.244     23  12572.488    12573.619    12685.366
 59  TNe+R4        6263.159     25  12576.318    12577.652    12699.011
 60  TNe+R5        Skipped 
 61  TNe+R6        Skipped 
 62  TNe+R7        Skipped 
 63  TNe+R8        Skipped 
 64  TNe+R9        Skipped 
 65  TNe+R10       Skipped 
 66  TN            6396.376     22  12836.752    12837.787    12944.722
 67  TN+I          6207.105     23  12460.210    12461.341    12573.089
 68  TN+G4         6150.456     23  12346.912    12348.044    12459.791
 69  TN+I+G4       6150.273     24  12348.546    12349.777    12466.332
 70  TN+R2         6158.976     24  12365.952    12367.183    12483.738
 71  TN+R3         6147.903     26  12347.807    12349.250    12475.408
 72  TN+R4         6147.887     28  12351.775    12353.447    12489.192
 73  TN+R5         Skipped 
 74  TN+R6         Skipped 
 75  TN+R7         Skipped 
 76  TN+R8         Skipped 
 77  TN+R9         Skipped 
 78  TN+R10        Skipped 
 79  K3P           6522.587     19  13083.175    13083.950    13176.422
 80  K3P+I         6321.030     20  12682.059    12682.917    12780.214
 81  K3P+G4        6263.706     20  12567.411    12568.269    12665.566
 82  K3P+I+G4      6263.476     21  12568.951    12569.896    12672.014
 83  K3P+R2        6271.279     21  12584.557    12585.502    12687.620
 84  K3P+R3        6260.097     23  12566.194    12567.325    12679.073
 85  K3P+R4        6260.074     25  12570.149    12571.483    12692.842
 86  K3P+R5        Skipped 
 87  K3P+R6        Skipped 
 88  K3P+R7        Skipped 
 89  K3P+R8        Skipped 
 90  K3P+R9        Skipped 
 91  K3P+R10       Skipped 
 92  K3Pu          6378.096     22  12800.192    12801.227    12908.162
 93  K3Pu+I        6191.023     23  12428.046    12429.177    12540.924
 94  K3Pu+G4       6132.397     23  12310.795    12311.926    12423.673
 95  K3Pu+I+G4     6132.275     24  12312.551    12313.782    12430.337
 96  K3Pu+R2       6140.932     24  12329.865    12331.096    12447.651
 97  K3Pu+R3       6130.897     26  12313.795    12315.238    12441.396
 98  K3Pu+R4       6130.885     28  12317.771    12319.443    12455.188
 99  K3Pu+R5       Skipped 
100  K3Pu+R6       Skipped 
101  K3Pu+R7       Skipped 
102  K3Pu+R8       Skipped 
103  K3Pu+R9       Skipped 
104  K3Pu+R10      Skipped 
105  TPM2          6396.331     22  12836.663    12837.698    12944.633
106  TPM2+I        6205.717     23  12457.435    12458.566    12570.313
107  TPM2+G4       6150.168     23  12346.336    12347.468    12459.215
108  TPM2+I+G4     6149.879     24  12347.759    12348.990    12465.545
109  TPM2+R2       6158.408     24  12364.815    12366.046    12482.601
110  TPM2+R3       6147.698     26  12347.397    12348.840    12474.998
111  TPM2+R4       6147.648     28  12351.297    12352.969    12488.714
112  TPM2+R5       Skipped 
113  TPM2+R6       Skipped 
114  TPM2+R7       Skipped 
115  TPM2+R8       Skipped 
116  TPM2+R9       Skipped 
117  TPM2+R10      Skipped 
118  TPM2u         6396.305     22  12836.611    12837.647    12944.582
119  TPM2u+I       6205.695     23  12457.389    12458.520    12570.267
120  TPM2u+G4      6150.156     23  12346.312    12347.443    12459.191
121  TPM2u+I+G4    6149.863     24  12347.726    12348.957    12465.512
122  TPM2u+R2      6158.407     24  12364.814    12366.045    12482.600
123  TPM2u+R3      6147.683     26  12347.366    12348.809    12474.968
124  TPM2u+R4      6147.642     28  12351.284    12352.956    12488.701
125  TPM2u+R5      Skipped 
126  TPM2u+R6      Skipped 
127  TPM2u+R7      Skipped 
128  TPM2u+R8      Skipped 
129  TPM2u+R9      Skipped 
130  TPM2u+R10     Skipped 
131  TPM3          6372.316     22  12788.631    12789.667    12896.602
132  TPM3+I        6185.647     23  12417.295    12418.426    12530.173
133  TPM3+G4       6128.379     23  12302.759    12303.890    12415.637
134  TPM3+I+G4     6128.163     24  12304.326    12305.557    12422.112
135  TPM3+R2       6136.648     24  12321.297    12322.527    12439.083
136  TPM3+R3       6127.557     26  12307.114    12308.557    12434.716
137  TPM3+R4       6127.500     28  12311.001    12312.673    12448.418
138  TPM3+R5       Skipped 
139  TPM3+R6       Skipped 
140  TPM3+R7       Skipped 
141  TPM3+R8       Skipped 
142  TPM3+R9       Skipped 
143  TPM3+R10      Skipped 
144  TPM3u         6372.335     22  12788.669    12789.705    12896.640
145  TPM3u+I       6185.585     23  12417.170    12418.301    12530.048
146  TPM3u+G4      6128.407     23  12302.813    12303.944    12415.692
147  TPM3u+I+G4    6128.148     24  12304.295    12305.526    12422.081
148  TPM3u+R2      6136.656     24  12321.311    12322.542    12439.097
149  TPM3u+R3      6127.689     26  12307.377    12308.820    12434.979
150  TPM3u+R4      6127.649     28  12311.298    12312.970    12448.715
151  TPM3u+R5      Skipped 
152  TPM3u+R6      Skipped 
153  TPM3u+R7      Skipped 
154  TPM3u+R8      Skipped 
155  TPM3u+R9      Skipped 
156  TPM3u+R10     Skipped 
157  TIMe          6521.218     20  13082.436    13083.294    13180.591
158  TIMe+I        6320.038     21  12682.075    12683.020    12785.138
159  TIMe+G4       6261.174     21  12564.349    12565.294    12667.412
160  TIMe+I+G4     6260.822     22  12565.643    12566.679    12673.614
161  TIMe+R2       6269.174     22  12582.347    12583.383    12690.318
162  TIMe+R3       6256.728     24  12561.456    12562.686    12679.242
163  TIMe+R4       6256.722     26  12565.444    12566.887    12693.045
164  TIMe+R5       Skipped 
165  TIMe+R6       Skipped 
166  TIMe+R7       Skipped 
167  TIMe+R8       Skipped 
168  TIMe+R9       Skipped 
169  TIMe+R10      Skipped 
170  TIM           6378.032     23  12802.065    12803.196    12914.943
171  TIM+I         6190.511     24  12429.023    12430.254    12546.809
172  TIM+G4        6132.261     24  12312.522    12313.753    12430.308
173  TIM+I+G4      6132.087     25  12314.175    12315.509    12436.868
174  TIM+R2        6140.930     25  12331.859    12333.194    12454.553
175  TIM+R3        6130.679     27  12315.357    12316.913    12447.867
176  TIM+R4        6130.660     29  12319.321    12321.115    12461.646
177  TIM+R5        Skipped 
178  TIM+R6        Skipped 
179  TIM+R7        Skipped 
180  TIM+R8        Skipped 
181  TIM+R9        Skipped 
182  TIM+R10       Skipped 
183  TIM2e         6514.564     20  13069.127    13069.985    13167.282
184  TIM2e+I       6306.745     21  12655.490    12656.434    12758.552
185  TIM2e+G4      6242.633     21  12527.265    12528.210    12630.328
186  TIM2e+I+G4    6242.366     22  12528.733    12529.768    12636.703
187  TIM2e+R2      6252.177     22  12548.354    12549.390    12656.325
188  TIM2e+R3      6237.936     24  12523.872    12525.103    12641.658
189  TIM2e+R4      6237.813     26  12527.626    12529.069    12655.227
190  TIM2e+R5      Skipped 
191  TIM2e+R6      Skipped 
192  TIM2e+R7      Skipped 
193  TIM2e+R8      Skipped 
194  TIM2e+R9      Skipped 
195  TIM2e+R10     Skipped 
196  TIM2          6396.233     23  12838.466    12839.597    12951.344
197  TIM2+I        6205.308     24  12458.617    12459.848    12576.403
198  TIM2+G4       6150.108     24  12348.216    12349.446    12466.002
199  TIM2+I+G4     6149.809     25  12349.618    12350.953    12472.312
200  TIM2+R2       6158.424     25  12366.847    12368.182    12489.541
201  TIM2+R3       6147.581     27  12349.161    12350.717    12481.671
202  TIM2+R4       6147.622     29  12353.244    12355.038    12495.569
203  TIM2+R5       Skipped 
204  TIM2+R6       Skipped 
205  TIM2+R7       Skipped 
206  TIM2+R8       Skipped 
207  TIM2+R9       Skipped 
208  TIM2+R10      Skipped 
209  TIM3e         6520.529     20  13081.057    13081.915    13179.212
210  TIM3e+I       6320.812     21  12683.624    12684.569    12786.687
211  TIM3e+G4      6263.755     21  12569.509    12570.454    12672.572
212  TIM3e+I+G4    6263.414     22  12570.828    12571.864    12678.799
213  TIM3e+R2      6271.868     22  12587.736    12588.772    12695.707
214  TIM3e+R3      6259.673     24  12567.347    12568.578    12685.133
215  TIM3e+R4      6259.725     26  12571.451    12572.894    12699.052
216  TIM3e+R5      Skipped 
217  TIM3e+R6      Skipped 
218  TIM3e+R7      Skipped 
219  TIM3e+R8      Skipped 
220  TIM3e+R9      Skipped 
221  TIM3e+R10     Skipped 
222  TIM3          6372.081     23  12790.162    12791.293    12903.040
223  TIM3+I        6185.038     24  12418.075    12419.306    12535.861
224  TIM3+G4       6128.345     24  12304.691    12305.922    12422.477
225  TIM3+I+G4     6128.089     25  12306.178    12307.513    12428.872
226  TIM3+R2       6136.564     25  12323.127    12324.462    12445.821
227  TIM3+R3       6127.626     27  12309.253    12310.809    12441.762
228  TIM3+R4       6127.579     29  12313.158    12314.952    12455.483
229  TIM3+R5       Skipped 
230  TIM3+R6       Skipped 
231  TIM3+R7       Skipped 
232  TIM3+R8       Skipped 
233  TIM3+R9       Skipped 
234  TIM3+R10      Skipped 
235  TVMe          6507.216     21  13056.433    13057.378    13159.496
236  TVMe+I        6298.582     22  12641.164    12642.200    12749.134
237  TVMe+G4       6235.816     22  12515.631    12516.667    12623.602
238  TVMe+I+G4     6235.608     23  12517.217    12518.348    12630.095
239  TVMe+R2       6244.233     23  12534.466    12535.597    12647.345
240  TVMe+R3       6232.283     25  12514.566    12515.900    12637.260
241  TVMe+R4       6232.307     27  12518.614    12520.170    12651.124
242  TVMe+R5       Skipped 
243  TVMe+R6       Skipped 
244  TVMe+R7       Skipped 
245  TVMe+R8       Skipped 
246  TVMe+R9       Skipped 
247  TVMe+R10      Skipped 
248  TVM           6365.167     24  12778.334    12779.565    12896.120
249  TVM+I         6177.196     25  12404.392    12405.726    12527.086
250  TVM+G4        6120.112     25  12290.223    12291.558    12412.917
251  TVM+I+G4      6119.854     26  12291.708    12293.151    12419.309
252  TVM+R2        6128.514     26  12309.028    12310.471    12436.630
253  TVM+R3        6119.273     28  12294.546    12296.219    12431.963
254  TVM+R4        6119.205     30  12298.411    12300.330    12445.643
255  TVM+R5        Skipped 
256  TVM+R6        Skipped 
257  TVM+R7        Skipped 
258  TVM+R8        Skipped 
259  TVM+R9        Skipped 
260  TVM+R10       Skipped 
261  SYM           6506.039     22  13056.078    13057.114    13164.049
262  SYM+I         6297.372     23  12640.744    12641.875    12753.622
263  SYM+G4        6232.028     23  12510.057    12511.188    12622.935
264  SYM+I+G4      6231.879     24  12511.758    12512.989    12629.545
265  SYM+R2        6241.029     24  12530.059    12531.290    12647.845
266  SYM+R3        6228.235     26  12508.469    12509.912    12636.071
267  SYM+R4        6228.210     28  12512.420    12514.093    12649.837
268  SYM+R5        Skipped 
269  SYM+R6        Skipped 
270  SYM+R7        Skipped 
271  SYM+R8        Skipped 
272  SYM+R9        Skipped 
273  SYM+R10       Skipped 
274  GTR           6364.917     25  12779.834    12781.169    12902.528
275  GTR+I         6176.674     26  12405.348    12406.791    12532.949
276  GTR+G4        6120.060     26  12292.120    12293.563    12419.722
277  GTR+I+G4      6119.814     27  12293.627    12295.183    12426.136
278  GTR+R2        6128.448     27  12310.895    12312.451    12443.404
279  GTR+R3        6119.324     29  12296.648    12298.441    12438.972
280  GTR+R4        6119.204     31  12300.409    12302.458    12452.549
281  GTR+R5        Skipped 
282  GTR+R6        Skipped 
283  GTR+R7        Skipped 
284  GTR+R8        Skipped 
285  GTR+R9        Skipped 
286  GTR+R10       Skipped 
Akaike Information Criterion:           TVM+G4
Corrected Akaike Information Criterion: TVM+G4
Bayesian Information Criterion:         TVM+G4
Best-fit model: TVM+G4 chosen according to BIC

All model information printed to ./results/gene12.phy.model
CPU time for ModelFinder: 8.981 seconds (0h:0m:8s)
Wall-clock time for ModelFinder: 11.880 seconds (0h:0m:11s)
Generating 1000 samples for ultrafast bootstrap (seed: 159373)...

NOTE: 2 MB RAM (0 GB) is required!
Estimate model parameters (epsilon = 0.100)
1. Initial log-likelihood: -6373.320
2. Current log-likelihood: -6146.433
3. Current log-likelihood: -6120.731
4. Current log-likelihood: -6120.341
5. Current log-likelihood: -6120.203
Optimal log-likelihood: -6120.174
Rate parameters:  A-C: 2.286  A-G: 4.404  A-T: 0.555  C-G: 1.087  C-T: 4.404  G-T: 1.000
Base frequencies:   A: 0.385  C: 0.158  G: 0.178  T: 0.279
Gamma shape alpha: 0.553
Parameters optimization took 5 rounds (0.138 sec)
Computing ML distances based on estimated model parameters... 0.001 sec
Computing BIONJ tree...
0.000 seconds
Log-likelihood of BIONJ tree: -6116.556
--------------------------------------------------------------------
|             INITIALIZING CANDIDATE TREE SET                      |
--------------------------------------------------------------------
Generating 98 parsimony trees... 0.090 second
Computing log-likelihood of 96 initial trees ... 0.466 seconds
Current best score: -6115.932

Do NNI search on 20 best initial trees
Estimate model parameters (epsilon = 0.100)
BETTER TREE FOUND at iteration 1: -6114.198
Estimate model parameters (epsilon = 0.100)
BETTER TREE FOUND at iteration 2: -6112.403
Iteration 10 / LogL: -6113.680 / Time: 0h:0m:13s
Iteration 20 / LogL: -6113.680 / Time: 0h:0m:13s
Finish initializing candidate tree set (8)
Current best tree score: -6112.403 / CPU time: 1.949
Number of iterations: 20
--------------------------------------------------------------------
|               OPTIMIZING CANDIDATE TREE SET                      |
--------------------------------------------------------------------
Iteration 30 / LogL: -6113.291 / Time: 0h:0m:14s (0h:0m:6s left)
Iteration 40 / LogL: -6112.513 / Time: 0h:0m:14s (0h:0m:4s left)
Iteration 50 / LogL: -6112.649 / Time: 0h:0m:15s (0h:0m:3s left)
Log-likelihood cutoff on original alignment: -6120.661
Iteration 60 / LogL: -6112.508 / Time: 0h:0m:15s (0h:0m:2s left)
Iteration 70 / LogL: -6112.508 / Time: 0h:0m:16s (0h:0m:1s left)
UPDATE BEST LOG-LIKELIHOOD: -6112.402
Iteration 80 / LogL: -6112.914 / Time: 0h:0m:16s (0h:0m:1s left)
UPDATE BEST LOG-LIKELIHOOD: -6112.401
Iteration 90 / LogL: -6112.513 / Time: 0h:0m:16s (0h:0m:0s left)
UPDATE BEST LOG-LIKELIHOOD: -6112.401
Iteration 100 / LogL: -6112.526 / Time: 0h:0m:17s (0h:0m:0s left)
Log-likelihood cutoff on original alignment: -6120.661
NOTE: Bootstrap correlation coefficient of split occurrence frequencies: 0.980
NOTE: UFBoot does not converge, continue at least 100 more iterations
Iteration 110 / LogL: -6112.498 / Time: 0h:0m:17s (0h:0m:4s left)
Iteration 120 / LogL: -6112.406 / Time: 0h:0m:17s (0h:0m:3s left)
UPDATE BEST LOG-LIKELIHOOD: -6112.401
Iteration 130 / LogL: -6112.893 / Time: 0h:0m:18s (0h:0m:3s left)
Iteration 140 / LogL: -6112.846 / Time: 0h:0m:18s (0h:0m:2s left)
UPDATE BEST LOG-LIKELIHOOD: -6112.401
Iteration 150 / LogL: -6112.401 / Time: 0h:0m:18s (0h:0m:2s left)
Log-likelihood cutoff on original alignment: -6120.661
Iteration 160 / LogL: -6112.420 / Time: 0h:0m:19s (0h:0m:1s left)
Iteration 170 / LogL: -6112.874 / Time: 0h:0m:19s (0h:0m:1s left)
Iteration 180 / LogL: -6112.539 / Time: 0h:0m:19s (0h:0m:0s left)
Iteration 190 / LogL: -6112.510 / Time: 0h:0m:20s (0h:0m:0s left)
Iteration 200 / LogL: -6112.452 / Time: 0h:0m:20s (0h:0m:0s left)
Log-likelihood cutoff on original alignment: -6121.717
NOTE: Bootstrap correlation coefficient of split occurrence frequencies: 0.995
TREE SEARCH COMPLETED AFTER 200 ITERATIONS / Time: 0h:0m:20s

--------------------------------------------------------------------
|                    FINALIZING TREE SEARCH                        |
--------------------------------------------------------------------
Performs final model parameters optimization
Estimate model parameters (epsilon = 0.010)
1. Initial log-likelihood: -6112.401
2. Current log-likelihood: -6112.390
Optimal log-likelihood: -6112.381
Rate parameters:  A-C: 2.314  A-G: 4.418  A-T: 0.542  C-G: 1.070  C-T: 4.418  G-T: 1.000
Base frequencies:   A: 0.385  C: 0.158  G: 0.178  T: 0.279
Gamma shape alpha: 0.555
Parameters optimization took 2 rounds (0.013 sec)
BEST SCORE FOUND : -6112.381
Creating bootstrap support values...
Split supports printed to NEXUS file ./results/gene12.phy.splits.nex
Total tree length: 2.038

Total number of iterations: 200
CPU time used for tree search: 7.758 sec (0h:0m:7s)
Wall-clock time used for tree search: 8.636 sec (0h:0m:8s)
Total CPU time used: 16.904 sec (0h:0m:16s)
Total wall-clock time used: 20.728 sec (0h:0m:20s)

Computing bootstrap consensus tree...
Reading input file ./results/gene12.phy.splits.nex...
10 taxa and 187 splits.
Consensus tree written to ./results/gene12.phy.contree
Reading input trees file ./results/gene12.phy.contree
Log-likelihood of consensus tree: -6112.831

Analysis results written to: 
  IQ-TREE report:                ./results/gene12.phy.iqtree
  Maximum-likelihood tree:       ./results/gene12.phy.treefile
  Likelihood distances:          ./results/gene12.phy.mldist

Ultrafast bootstrap approximation results written to:
  Split support values:          ./results/gene12.phy.splits.nex
  Consensus tree:                ./results/gene12.phy.contree
  Screen log file:               ./results/gene12.phy.log

Date and Time: Tue Aug 22 18:18:56 2017
