IQ-TREE multicore version 1.5.4 for Linux 64-bit built Apr  2 2017
Copyright (c) 2011-2017 by Bui Quang Minh, Nguyen Lam Tung,
Olga Chernomor, Heiko Schmidt, and Arndt von Haeseler.

Host:    hpc-crick (AVX, 251 GB RAM)
Command: iqtree -s ./results/gene18.phy -nt 1 -bb 1000
Seed:    323503 (Using SPRNG - Scalable Parallel Random Number Generator)
Time:    Tue Aug 22 18:00:04 2017
Kernel:  AVX - 1 threads (40 CPU cores detected)

Reading alignment file ./results/gene18.phy ... Phylip format detected
Alignment most likely contains DNA/RNA sequences
Alignment has 10 sequences with 1000 columns and 470 patterns (318 informative sites, 401 constant sites)
   Gap/Ambiguity  Composition  p-value
   1  A    0.00%    passed     76.89%
   2  B    0.00%    passed     84.62%
   3  C    0.00%    passed     75.53%
   4  D    0.00%    passed     98.07%
   5  E    0.00%    passed     79.57%
   6  F    0.00%    passed     64.09%
   7  G    0.00%    passed     77.07%
   8  H    0.00%    passed     71.92%
   9  I    0.00%    passed     45.37%
  10  J    0.00%    passed     72.30%
****  TOTAL    0.00%  0 sequences failed composition chi2 test (p-value<5%; df=3)

Create initial parsimony tree by phylogenetic likelihood library (PLL)... 0.000 seconds

NOTE: ModelFinder requires 3 MB RAM!
ModelFinder will test 286 DNA models (sample size: 1000) ...
 No. Model         -LnL         df  AIC          AICc         BIC
  1  JC            7262.881     17  14559.762    14560.386    14643.194
  2  JC+I          7043.109     18  14122.218    14122.916    14210.558
  3  JC+G4         6997.780     18  14031.559    14032.257    14119.899
  4  JC+I+G4       6996.917     19  14031.834    14032.610    14125.081
  5  JC+R2         7003.859     19  14045.718    14046.493    14138.965
  6  JC+R3         6996.043     21  14034.086    14035.031    14137.149
  7  JC+R4         6996.013     23  14038.027    14039.158    14150.905
  8  JC+R5         Skipped 
  9  JC+R6         Skipped 
 10  JC+R7         Skipped 
 11  JC+R8         Skipped 
 12  JC+R9         Skipped 
 13  JC+R10        Skipped 
 14  F81           7138.034     20  14316.069    14316.927    14414.224
 15  F81+I         6921.678     21  13885.357    13886.302    13988.420
 16  F81+G4        6873.065     21  13788.130    13789.075    13891.193
 17  F81+I+G4      6872.483     22  13788.967    13790.003    13896.937
 18  F81+R2        6878.063     22  13800.127    13801.162    13908.097
 19  F81+R3        6872.301     24  13792.601    13793.832    13910.387
 20  F81+R4        Skipped 
 21  F81+R5        Skipped 
 22  F81+R6        Skipped 
 23  F81+R7        Skipped 
 24  F81+R8        Skipped 
 25  F81+R9        Skipped 
 26  F81+R10       Skipped 
 27  K2P           7152.773     18  14341.546    14342.243    14429.886
 28  K2P+I         6922.863     19  13883.727    13884.502    13976.974
 29  K2P+G4        6866.787     19  13771.573    13772.349    13864.821
 30  K2P+I+G4      6865.920     20  13771.841    13772.699    13869.996
 31  K2P+R2        6875.803     20  13791.606    13792.464    13889.761
 32  K2P+R3        6862.957     22  13769.913    13770.949    13877.884
 33  K2P+R4        6862.763     24  13773.525    13774.756    13891.311
 34  K2P+R5        Skipped 
 35  K2P+R6        Skipped 
 36  K2P+R7        Skipped 
 37  K2P+R8        Skipped 
 38  K2P+R9        Skipped 
 39  K2P+R10       Skipped 
 40  HKY           7025.033     21  14092.066    14093.010    14195.128
 41  HKY+I         6803.270     22  13650.540    13651.576    13758.511
 42  HKY+G4        6736.439     22  13516.878    13517.914    13624.849
 43  HKY+I+G4      6736.119     23  13518.238    13519.370    13631.117
 44  HKY+R2        6744.951     23  13535.902    13537.033    13648.780
 45  HKY+R3        6734.842     25  13519.684    13521.019    13642.378
 46  HKY+R4        6734.466     27  13522.932    13524.487    13655.441
 47  HKY+R5        Skipped 
 48  HKY+R6        Skipped 
 49  HKY+R7        Skipped 
 50  HKY+R8        Skipped 
 51  HKY+R9        Skipped 
 52  HKY+R10       Skipped 
 53  TNe           7152.220     19  14342.440    14343.215    14435.687
 54  TNe+I         6921.574     20  13883.147    13884.005    13981.302
 55  TNe+G4        6862.620     20  13765.240    13766.098    13863.395
 56  TNe+I+G4      6861.646     21  13765.293    13766.237    13868.355
 57  TNe+R2        6872.925     21  13787.851    13788.795    13890.914
 58  TNe+R3        6858.094     23  13762.188    13763.320    13875.067
 59  TNe+R4        6857.785     25  13765.571    13766.905    13888.264
 60  TNe+R5        Skipped 
 61  TNe+R6        Skipped 
 62  TNe+R7        Skipped 
 63  TNe+R8        Skipped 
 64  TNe+R9        Skipped 
 65  TNe+R10       Skipped 
 66  TN            7022.506     22  14089.012    14090.047    14196.982
 67  TN+I          6800.429     23  13646.859    13647.990    13759.737
 68  TN+G4         6735.611     23  13517.223    13518.354    13630.101
 69  TN+I+G4       6735.259     24  13518.518    13519.749    13636.304
 70  TN+R2         6743.864     24  13535.728    13536.959    13653.514
 71  TN+R3         6734.301     26  13520.602    13522.045    13648.204
 72  TN+R4         6734.221     28  13524.443    13526.115    13661.860
 73  TN+R5         Skipped 
 74  TN+R6         Skipped 
 75  TN+R7         Skipped 
 76  TN+R8         Skipped 
 77  TN+R9         Skipped 
 78  TN+R10        Skipped 
 79  K3P           7147.134     19  14332.268    14333.043    14425.515
 80  K3P+I         6916.778     20  13873.556    13874.414    13971.711
 81  K3P+G4        6860.400     20  13760.799    13761.657    13858.955
 82  K3P+I+G4      6859.450     21  13760.901    13761.845    13863.964
 83  K3P+R2        6869.234     21  13780.468    13781.412    13883.531
 84  K3P+R3        6856.808     23  13759.616    13760.747    13872.494
 85  K3P+R4        6856.581     25  13763.162    13764.497    13885.856
 86  K3P+R5        Skipped 
 87  K3P+R6        Skipped 
 88  K3P+R7        Skipped 
 89  K3P+R8        Skipped 
 90  K3P+R9        Skipped 
 91  K3P+R10       Skipped 
 92  K3Pu          7014.548     22  14073.097    14074.133    14181.067
 93  K3Pu+I        6794.186     23  13634.372    13635.503    13747.250
 94  K3Pu+G4       6724.929     23  13495.859    13496.990    13608.737
 95  K3Pu+I+G4     6724.815     24  13497.631    13498.861    13615.417
 96  K3Pu+R2       6733.102     24  13514.205    13515.435    13631.991
 97  K3Pu+R3       6723.989     26  13499.978    13501.421    13627.580
 98  K3Pu+R4       6723.735     28  13503.471    13505.143    13640.888
 99  K3Pu+R5       Skipped 
100  K3Pu+R6       Skipped 
101  K3Pu+R7       Skipped 
102  K3Pu+R8       Skipped 
103  K3Pu+R9       Skipped 
104  K3Pu+R10      Skipped 
105  TPM2          7024.235     22  14092.471    14093.506    14200.441
106  TPM2+I        6800.239     23  13646.478    13647.609    13759.356
107  TPM2+G4       6735.311     23  13516.621    13517.752    13629.499
108  TPM2+I+G4     6734.801     24  13517.603    13518.834    13635.389
109  TPM2+R2       6744.142     24  13536.285    13537.515    13654.071
110  TPM2+R3       6733.140     26  13518.280    13519.723    13645.882
111  TPM2+R4       6732.894     28  13521.788    13523.461    13659.206
112  TPM2+R5       Skipped 
113  TPM2+R6       Skipped 
114  TPM2+R7       Skipped 
115  TPM2+R8       Skipped 
116  TPM2+R9       Skipped 
117  TPM2+R10      Skipped 
118  TPM2u         7024.262     22  14092.524    14093.560    14200.495
119  TPM2u+I       6800.239     23  13646.477    13647.609    13759.356
120  TPM2u+G4      6735.309     23  13516.617    13517.749    13629.496
121  TPM2u+I+G4    6734.790     24  13517.580    13518.811    13635.366
122  TPM2u+R2      6744.144     24  13536.288    13537.518    13654.074
123  TPM2u+R3      6733.126     26  13518.251    13519.694    13645.853
124  TPM2u+R4      6732.865     28  13521.731    13523.403    13659.148
125  TPM2u+R5      Skipped 
126  TPM2u+R6      Skipped 
127  TPM2u+R7      Skipped 
128  TPM2u+R8      Skipped 
129  TPM2u+R9      Skipped 
130  TPM2u+R10     Skipped 
131  TPM3          7010.938     22  14065.877    14066.912    14173.847
132  TPM3+I        6793.402     23  13632.803    13633.935    13745.682
133  TPM3+G4       6721.740     23  13489.481    13490.612    13602.359
134  TPM3+I+G4     6721.902     24  13491.804    13493.035    13609.590
135  TPM3+R2       6729.062     24  13506.124    13507.354    13623.910
136  TPM3+R3       6721.734     26  13495.469    13496.912    13623.070
137  TPM3+R4       6721.698     28  13499.397    13501.069    13636.814
138  TPM3+R5       Skipped 
139  TPM3+R6       Skipped 
140  TPM3+R7       Skipped 
141  TPM3+R8       Skipped 
142  TPM3+R9       Skipped 
143  TPM3+R10      Skipped 
144  TPM3u         7010.937     22  14065.874    14066.910    14173.845
145  TPM3u+I       6793.403     23  13632.805    13633.936    13745.684
146  TPM3u+G4      6721.747     23  13489.495    13490.626    13602.373
147  TPM3u+I+G4    6721.875     24  13491.749    13492.980    13609.535
148  TPM3u+R2      6729.060     24  13506.119    13507.350    13623.905
149  TPM3u+R3      6721.668     26  13495.336    13496.779    13622.938
150  TPM3u+R4      6721.655     28  13499.310    13500.983    13636.727
151  TPM3u+R5      Skipped 
152  TPM3u+R6      Skipped 
153  TPM3u+R7      Skipped 
154  TPM3u+R8      Skipped 
155  TPM3u+R9      Skipped 
156  TPM3u+R10     Skipped 
157  TIMe          7146.606     20  14333.212    14334.070    14431.367
158  TIMe+I        6915.550     21  13873.101    13874.045    13976.164
159  TIMe+G4       6856.363     21  13754.727    13755.671    13857.789
160  TIMe+I+G4     6855.399     22  13754.798    13755.834    13862.769
161  TIMe+R2       6866.438     22  13776.876    13777.912    13884.847
162  TIMe+R3       6852.132     24  13752.263    13753.494    13870.049
163  TIMe+R4       6851.692     26  13755.385    13756.828    13882.987
164  TIMe+R5       Skipped 
165  TIMe+R6       Skipped 
166  TIMe+R7       Skipped 
167  TIMe+R8       Skipped 
168  TIMe+R9       Skipped 
169  TIMe+R10      Skipped 
170  TIM           7011.771     23  14069.541    14070.673    14182.420
171  TIM+I         6791.157     24  13630.314    13631.545    13748.100
172  TIM+G4        6724.238     24  13496.475    13497.706    13614.261
173  TIM+I+G4      6723.970     25  13497.939    13499.274    13620.633
174  TIM+R2        6731.993     25  13513.986    13515.321    13636.680
175  TIM+R3        6723.503     27  13501.006    13502.562    13633.516
176  TIM+R4        6723.346     29  13504.692    13506.486    13647.017
177  TIM+R5        Skipped 
178  TIM+R6        Skipped 
179  TIM+R7        Skipped 
180  TIM+R8        Skipped 
181  TIM+R9        Skipped 
182  TIM+R10       Skipped 
183  TIM2e         7139.588     20  14319.177    14320.035    14417.332
184  TIM2e+I       6901.135     21  13844.270    13845.215    13947.333
185  TIM2e+G4      6830.665     21  13703.331    13704.276    13806.394
186  TIM2e+I+G4    6829.556     22  13703.111    13704.147    13811.082
187  TIM2e+R2      6846.625     22  13737.251    13738.287    13845.222
188  TIM2e+R3      6824.020     24  13696.040    13697.271    13813.826
189  TIM2e+R4      6823.860     26  13699.720    13701.163    13827.322
190  TIM2e+R5      Skipped 
191  TIM2e+R6      Skipped 
192  TIM2e+R7      Skipped 
193  TIM2e+R8      Skipped 
194  TIM2e+R9      Skipped 
195  TIM2e+R10     Skipped 
196  TIM2          7021.802     23  14089.603    14090.734    14202.482
197  TIM2+I        6797.634     24  13643.267    13644.498    13761.053
198  TIM2+G4       6734.282     24  13516.563    13517.794    13634.349
199  TIM2+I+G4     6733.812     25  13517.623    13518.958    13640.317
200  TIM2+R2       6742.942     25  13535.885    13537.219    13658.579
201  TIM2+R3       6732.563     27  13519.127    13520.683    13651.636
202  TIM2+R4       6732.375     29  13522.750    13524.544    13665.075
203  TIM2+R5       Skipped 
204  TIM2+R6       Skipped 
205  TIM2+R7       Skipped 
206  TIM2+R8       Skipped 
207  TIM2+R9       Skipped 
208  TIM2+R10      Skipped 
209  TIM3e         7145.760     20  14331.519    14332.377    14429.674
210  TIM3e+I       6916.578     21  13875.156    13876.101    13978.219
211  TIM3e+G4      6855.679     21  13753.357    13754.302    13856.420
212  TIM3e+I+G4    6854.924     22  13753.848    13754.884    13861.818
213  TIM3e+R2      6865.887     22  13775.773    13776.809    13883.744
214  TIM3e+R3      6852.539     24  13753.078    13754.308    13870.864
215  TIM3e+R4      6852.346     26  13756.693    13758.136    13884.294
216  TIM3e+R5      Skipped 
217  TIM3e+R6      Skipped 
218  TIM3e+R7      Skipped 
219  TIM3e+R8      Skipped 
220  TIM3e+R9      Skipped 
221  TIM3e+R10     Skipped 
222  TIM3          7007.155     23  14060.310    14061.441    14173.188
223  TIM3+I        6790.092     24  13628.184    13629.415    13745.970
224  TIM3+G4       6720.517     24  13489.035    13490.265    13606.821
225  TIM3+I+G4     6720.716     25  13491.432    13492.767    13614.126
226  TIM3+R2       6727.259     25  13504.518    13505.852    13627.211
227  TIM3+R3       6720.836     27  13495.671    13497.227    13628.181
228  TIM3+R4       Skipped 
229  TIM3+R5       Skipped 
230  TIM3+R6       Skipped 
231  TIM3+R7       Skipped 
232  TIM3+R8       Skipped 
233  TIM3+R9       Skipped 
234  TIM3+R10      Skipped 
235  TVMe          7130.359     21  14302.718    14303.663    14405.781
236  TVMe+I        6893.096     22  13830.192    13831.228    13938.162
237  TVMe+G4       6825.638     22  13695.276    13696.311    13803.246
238  TVMe+I+G4     6824.652     23  13695.305    13696.436    13808.183
239  TVMe+R2       6839.352     23  13724.703    13725.834    13837.581
240  TVMe+R3       6820.461     25  13690.922    13692.257    13813.616
241  TVMe+R4       6820.471     27  13694.942    13696.498    13827.452
242  TVMe+R5       Skipped 
243  TVMe+R6       Skipped 
244  TVMe+R7       Skipped 
245  TVMe+R8       Skipped 
246  TVMe+R9       Skipped 
247  TVMe+R10      Skipped 
248  TVM           7006.035     24  14060.069    14061.300    14177.856
249  TVM+I         6786.023     25  13622.046    13623.381    13744.740
250  TVM+G4        6715.579     25  13481.159    13482.494    13603.853
251  TVM+I+G4      6715.594     26  13483.189    13484.632    13610.790
252  TVM+R2        6723.893     26  13499.786    13501.229    13627.388
253  TVM+R3        6715.214     28  13486.428    13488.101    13623.845
254  TVM+R4        6715.307     30  13490.614    13492.533    13637.846
255  TVM+R5        Skipped 
256  TVM+R6        Skipped 
257  TVM+R7        Skipped 
258  TVM+R8        Skipped 
259  TVM+R9        Skipped 
260  TVM+R10       Skipped 
261  SYM           7129.939     22  14303.878    14304.914    14411.849
262  SYM+I         6891.771     23  13829.542    13830.673    13942.421
263  SYM+G4        6818.443     23  13682.887    13684.018    13795.765
264  SYM+I+G4      6817.557     24  13683.114    13684.344    13800.900
265  SYM+R2        6834.487     24  13716.974    13718.204    13834.760
266  SYM+R3        6812.904     26  13677.807    13679.250    13805.409
267  SYM+R4        6812.786     28  13681.572    13683.245    13818.989
268  SYM+R5        Skipped 
269  SYM+R6        Skipped 
270  SYM+R7        Skipped 
271  SYM+R8        Skipped 
272  SYM+R9        Skipped 
273  SYM+R10       Skipped 
274  GTR           7002.326     25  14054.652    14055.986    14177.346
275  GTR+I         6783.016     26  13618.032    13619.474    13745.633
276  GTR+G4        6714.179     26  13480.358    13481.801    13607.960
277  GTR+I+G4      6714.312     27  13482.624    13484.180    13615.134
278  GTR+R2        6721.893     27  13497.786    13499.342    13630.296
279  GTR+R3        6714.116     29  13486.233    13488.027    13628.558
280  GTR+R4        6714.114     31  13490.228    13492.278    13642.369
281  GTR+R5        Skipped 
282  GTR+R6        Skipped 
283  GTR+R7        Skipped 
284  GTR+R8        Skipped 
285  GTR+R9        Skipped 
286  GTR+R10       Skipped 
Akaike Information Criterion:           GTR+G4
Corrected Akaike Information Criterion: GTR+G4
Bayesian Information Criterion:         TPM3+G4
Best-fit model: TPM3+G4 chosen according to BIC

All model information printed to ./results/gene18.phy.model
CPU time for ModelFinder: 11.921 seconds (0h:0m:11s)
Wall-clock time for ModelFinder: 18.362 seconds (0h:0m:18s)
Generating 1000 samples for ultrafast bootstrap (seed: 323503)...

NOTE: 2 MB RAM (0 GB) is required!
Estimate model parameters (epsilon = 0.100)
1. Initial log-likelihood: -6910.447
2. Current log-likelihood: -6728.904
3. Current log-likelihood: -6723.783
4. Current log-likelihood: -6722.926
Optimal log-likelihood: -6722.800
Rate parameters:  A-C: 2.219  A-G: 4.731  A-T: 1.000  C-G: 2.219  C-T: 4.731  G-T: 1.000
Base frequencies:   A: 0.398  C: 0.172  G: 0.200  T: 0.231
Gamma shape alpha: 0.562
Parameters optimization took 4 rounds (0.057 sec)
Computing ML distances based on estimated model parameters... 0.001 sec
Computing BIONJ tree...
0.000 seconds
Log-likelihood of BIONJ tree: -6721.469
--------------------------------------------------------------------
|             INITIALIZING CANDIDATE TREE SET                      |
--------------------------------------------------------------------
Generating 98 parsimony trees... 0.063 second
Computing log-likelihood of 94 initial trees ... 0.331 seconds
Current best score: -6721.469

Do NNI search on 20 best initial trees
Estimate model parameters (epsilon = 0.100)
BETTER TREE FOUND at iteration 1: -6720.983
UPDATE BEST LOG-LIKELIHOOD: -6720.983
Iteration 10 / LogL: -6723.148 / Time: 0h:0m:19s
Iteration 20 / LogL: -6720.983 / Time: 0h:0m:19s
Finish initializing candidate tree set (5)
Current best tree score: -6720.983 / CPU time: 1.266
Number of iterations: 20
--------------------------------------------------------------------
|               OPTIMIZING CANDIDATE TREE SET                      |
--------------------------------------------------------------------
Iteration 30 / LogL: -6720.983 / Time: 0h:0m:20s (0h:0m:4s left)
UPDATE BEST LOG-LIKELIHOOD: -6720.983
UPDATE BEST LOG-LIKELIHOOD: -6720.983
Iteration 40 / LogL: -6720.983 / Time: 0h:0m:20s (0h:0m:3s left)
Estimate model parameters (epsilon = 0.100)
BETTER TREE FOUND at iteration 46: -6720.473
Estimate model parameters (epsilon = 0.100)
BETTER TREE FOUND at iteration 50: -6720.379
Iteration 50 / LogL: -6720.379 / Time: 0h:0m:20s (0h:0m:5s left)
Log-likelihood cutoff on original alignment: -6729.884
Iteration 60 / LogL: -6721.003 / Time: 0h:0m:21s (0h:0m:4s left)
Iteration 70 / LogL: -6721.451 / Time: 0h:0m:21s (0h:0m:4s left)
UPDATE BEST LOG-LIKELIHOOD: -6720.379
Iteration 80 / LogL: -6720.387 / Time: 0h:0m:22s (0h:0m:3s left)
Iteration 90 / LogL: -6721.002 / Time: 0h:0m:22s (0h:0m:3s left)
Iteration 100 / LogL: -6720.480 / Time: 0h:0m:23s (0h:0m:2s left)
Log-likelihood cutoff on original alignment: -6729.145
NOTE: Bootstrap correlation coefficient of split occurrence frequencies: 0.991
Iteration 110 / LogL: -6721.464 / Time: 0h:0m:23s (0h:0m:4s left)
Iteration 120 / LogL: -6723.215 / Time: 0h:0m:24s (0h:0m:4s left)
Iteration 130 / LogL: -6721.003 / Time: 0h:0m:24s (0h:0m:3s left)
Iteration 140 / LogL: -6720.441 / Time: 0h:0m:25s (0h:0m:2s left)
Iteration 150 / LogL: -6721.002 / Time: 0h:0m:25s (0h:0m:2s left)
Log-likelihood cutoff on original alignment: -6729.816
TREE SEARCH COMPLETED AFTER 151 ITERATIONS / Time: 0h:0m:25s

--------------------------------------------------------------------
|                    FINALIZING TREE SEARCH                        |
--------------------------------------------------------------------
Performs final model parameters optimization
Estimate model parameters (epsilon = 0.010)
1. Initial log-likelihood: -6720.379
Optimal log-likelihood: -6720.377
Rate parameters:  A-C: 2.213  A-G: 4.872  A-T: 1.000  C-G: 2.213  C-T: 4.872  G-T: 1.000
Base frequencies:   A: 0.398  C: 0.172  G: 0.200  T: 0.231
Gamma shape alpha: 0.551
Parameters optimization took 1 rounds (0.006 sec)
BEST SCORE FOUND : -6720.377
WARNING: bootstrap analysis did not converge. You should rerun with higher number of iterations (-nm option)
Creating bootstrap support values...
Split supports printed to NEXUS file ./results/gene18.phy.splits.nex
Total tree length: 2.407

Total number of iterations: 151
CPU time used for tree search: 6.259 sec (0h:0m:6s)
Wall-clock time used for tree search: 7.426 sec (0h:0m:7s)
Total CPU time used: 18.280 sec (0h:0m:18s)
Total wall-clock time used: 25.919 sec (0h:0m:25s)

Computing bootstrap consensus tree...
Reading input file ./results/gene18.phy.splits.nex...
10 taxa and 159 splits.
Consensus tree written to ./results/gene18.phy.contree
Reading input trees file ./results/gene18.phy.contree
Log-likelihood of consensus tree: -6720.541

Analysis results written to: 
  IQ-TREE report:                ./results/gene18.phy.iqtree
  Maximum-likelihood tree:       ./results/gene18.phy.treefile
  Likelihood distances:          ./results/gene18.phy.mldist

Ultrafast bootstrap approximation results written to:
  Split support values:          ./results/gene18.phy.splits.nex
  Consensus tree:                ./results/gene18.phy.contree
  Screen log file:               ./results/gene18.phy.log

Date and Time: Tue Aug 22 18:00:30 2017
