IQ-TREE multicore version 1.5.4 for Linux 64-bit built Apr  2 2017
Copyright (c) 2011-2017 by Bui Quang Minh, Nguyen Lam Tung,
Olga Chernomor, Heiko Schmidt, and Arndt von Haeseler.

Host:    hpc-crick (AVX, 251 GB RAM)
Command: iqtree -s ./results/gene4.phy -nt 1 -bb 1000
Seed:    151418 (Using SPRNG - Scalable Parallel Random Number Generator)
Time:    Tue Aug 22 18:06:18 2017
Kernel:  AVX - 1 threads (40 CPU cores detected)

Reading alignment file ./results/gene4.phy ... Phylip format detected
Alignment most likely contains DNA/RNA sequences
Alignment has 10 sequences with 1000 columns and 503 patterns (362 informative sites, 381 constant sites)
   Gap/Ambiguity  Composition  p-value
   1  A    0.00%    passed     99.68%
   2  B    0.00%    passed     84.55%
   3  C    0.00%    passed     78.26%
   4  D    0.00%    passed     62.80%
   5  E    0.00%    passed     99.28%
   6  F    0.00%    passed     70.25%
   7  G    0.00%    passed     82.85%
   8  H    0.00%    passed     90.27%
   9  I    0.00%    passed     61.43%
  10  J    0.00%    passed     88.40%
****  TOTAL    0.00%  0 sequences failed composition chi2 test (p-value<5%; df=3)

Create initial parsimony tree by phylogenetic likelihood library (PLL)... 0.000 seconds

NOTE: ModelFinder requires 3 MB RAM!
ModelFinder will test 286 DNA models (sample size: 1000) ...
 No. Model         -LnL         df  AIC          AICc         BIC
  1  JC            7771.506     17  15577.012    15577.635    15660.444
  2  JC+I          7496.169     18  15028.337    15029.035    15116.677
  3  JC+G4         7438.899     18  14913.799    14914.496    15002.138
  4  JC+I+G4       7436.707     19  14911.413    14912.189    15004.661
  5  JC+R2         7447.755     19  14933.510    14934.286    15026.758
  6  JC+R3         7436.299     21  14914.597    14915.542    15017.660
  7  JC+R4         7436.347     23  14918.693    14919.825    15031.572
  8  JC+R5         Skipped 
  9  JC+R6         Skipped 
 10  JC+R7         Skipped 
 11  JC+R8         Skipped 
 12  JC+R9         Skipped 
 13  JC+R10        Skipped 
 14  F81           7653.987     20  15347.974    15348.832    15446.129
 15  F81+I         7375.683     21  14793.366    14794.311    14896.429
 16  F81+G4        7309.370     21  14660.739    14661.684    14763.802
 17  F81+I+G4      7307.840     22  14659.681    14660.717    14767.651
 18  F81+R2        7318.442     22  14680.885    14681.921    14788.856
 19  F81+R3        7307.472     24  14662.944    14664.175    14780.731
 20  F81+R4        7307.567     26  14667.134    14668.577    14794.736
 21  F81+R5        Skipped 
 22  F81+R6        Skipped 
 23  F81+R7        Skipped 
 24  F81+R8        Skipped 
 25  F81+R9        Skipped 
 26  F81+R10       Skipped 
 27  K2P           7620.379     18  15276.759    15277.456    15365.098
 28  K2P+I         7335.877     19  14709.754    14710.530    14803.002
 29  K2P+G4        7266.453     19  14570.906    14571.681    14664.153
 30  K2P+I+G4      7264.522     20  14569.043    14569.901    14667.198
 31  K2P+R2        7281.903     20  14603.805    14604.663    14701.960
 32  K2P+R3        7262.536     22  14569.073    14570.109    14677.044
 33  K2P+R4        7262.580     24  14573.159    14574.390    14690.945
 34  K2P+R5        Skipped 
 35  K2P+R6        Skipped 
 36  K2P+R7        Skipped 
 37  K2P+R8        Skipped 
 38  K2P+R9        Skipped 
 39  K2P+R10       Skipped 
 40  HKY           7499.682     21  15041.364    15042.308    15144.426
 41  HKY+I         7217.281     22  14478.562    14479.598    14586.533
 42  HKY+G4        7128.726     22  14301.453    14302.489    14409.423
 43  HKY+I+G4      7128.171     23  14302.343    14303.474    14415.221
 44  HKY+R2        7145.667     23  14337.333    14338.464    14450.211
 45  HKY+R3        7127.429     25  14304.858    14306.193    14427.552
 46  HKY+R4        7127.417     27  14308.833    14310.389    14441.343
 47  HKY+R5        Skipped 
 48  HKY+R6        Skipped 
 49  HKY+R7        Skipped 
 50  HKY+R8        Skipped 
 51  HKY+R9        Skipped 
 52  HKY+R10       Skipped 
 53  TNe           7617.926     19  15273.852    15274.627    15367.099
 54  TNe+I         7333.898     20  14707.796    14708.654    14805.951
 55  TNe+G4        7261.151     20  14562.301    14563.159    14660.457
 56  TNe+I+G4      7259.232     21  14560.465    14561.410    14663.528
 57  TNe+R2        7278.416     21  14598.833    14599.778    14701.896
 58  TNe+R3        7256.729     23  14559.459    14560.590    14672.337
 59  TNe+R4        7256.688     25  14563.376    14564.711    14686.070
 60  TNe+R5        Skipped 
 61  TNe+R6        Skipped 
 62  TNe+R7        Skipped 
 63  TNe+R8        Skipped 
 64  TNe+R9        Skipped 
 65  TNe+R10       Skipped 
 66  TN            7498.314     22  15040.629    15041.665    15148.599
 67  TN+I          7215.449     23  14476.898    14478.029    14589.776
 68  TN+G4         7128.843     23  14303.686    14304.817    14416.565
 69  TN+I+G4       7128.008     24  14304.015    14305.246    14421.801
 70  TN+R2         7145.213     24  14338.425    14339.656    14456.211
 71  TN+R3         7127.225     26  14306.451    14307.893    14434.052
 72  TN+R4         7127.255     28  14310.510    14312.183    14447.928
 73  TN+R5         Skipped 
 74  TN+R6         Skipped 
 75  TN+R7         Skipped 
 76  TN+R8         Skipped 
 77  TN+R9         Skipped 
 78  TN+R10        Skipped 
 79  K3P           7614.915     19  15267.831    15268.606    15361.078
 80  K3P+I         7329.003     20  14698.006    14698.864    14796.161
 81  K3P+G4        7256.857     20  14553.714    14554.572    14651.869
 82  K3P+I+G4      7254.965     21  14551.929    14552.874    14654.992
 83  K3P+R2        7272.598     21  14587.196    14588.141    14690.259
 84  K3P+R3        7253.232     23  14552.464    14553.595    14665.342
 85  K3P+R4        7253.223     25  14556.447    14557.781    14679.141
 86  K3P+R5        Skipped 
 87  K3P+R6        Skipped 
 88  K3P+R7        Skipped 
 89  K3P+R8        Skipped 
 90  K3P+R9        Skipped 
 91  K3P+R10       Skipped 
 92  K3Pu          7484.621     22  15013.242    15014.278    15121.212
 93  K3Pu+I        7204.088     23  14454.176    14455.307    14567.054
 94  K3Pu+G4       7107.542     23  14261.084    14262.216    14373.963
 95  K3Pu+I+G4     7107.238     24  14262.476    14263.707    14380.263
 96  K3Pu+R2       7125.065     24  14298.130    14299.360    14415.916
 97  K3Pu+R3       7106.775     26  14265.550    14266.993    14393.151
 98  K3Pu+R4       7106.797     28  14269.594    14271.266    14407.011
 99  K3Pu+R5       Skipped 
100  K3Pu+R6       Skipped 
101  K3Pu+R7       Skipped 
102  K3Pu+R8       Skipped 
103  K3Pu+R9       Skipped 
104  K3Pu+R10      Skipped 
105  TPM2          7493.409     22  15030.819    15031.855    15138.789
106  TPM2+I        7208.655     23  14463.310    14464.441    14576.188
107  TPM2+G4       7126.182     23  14298.364    14299.496    14411.243
108  TPM2+I+G4     7125.318     24  14298.635    14299.866    14416.421
109  TPM2+R2       7143.077     24  14334.154    14335.385    14451.940
110  TPM2+R3       7124.288     26  14300.576    14302.019    14428.178
111  TPM2+R4       7124.375     28  14304.750    14306.423    14442.167
112  TPM2+R5       Skipped 
113  TPM2+R6       Skipped 
114  TPM2+R7       Skipped 
115  TPM2+R8       Skipped 
116  TPM2+R9       Skipped 
117  TPM2+R10      Skipped 
118  TPM2u         7493.570     22  15031.141    15032.177    15139.111
119  TPM2u+I       7208.628     23  14463.257    14464.388    14576.135
120  TPM2u+G4      7126.126     23  14298.252    14299.384    14411.131
121  TPM2u+I+G4    7125.341     24  14298.682    14299.913    14416.468
122  TPM2u+R2      7143.070     24  14334.141    14335.371    14451.927
123  TPM2u+R3      7124.298     26  14300.595    14302.038    14428.197
124  TPM2u+R4      7124.365     28  14304.730    14306.403    14442.148
125  TPM2u+R5      Skipped 
126  TPM2u+R6      Skipped 
127  TPM2u+R7      Skipped 
128  TPM2u+R8      Skipped 
129  TPM2u+R9      Skipped 
130  TPM2u+R10     Skipped 
131  TPM3          7479.064     22  15002.128    15003.164    15110.098
132  TPM3+I        7206.267     23  14458.535    14459.666    14571.413
133  TPM3+G4       7111.542     23  14269.085    14270.216    14381.963
134  TPM3+I+G4     7111.611     24  14271.223    14272.453    14389.009
135  TPM3+R2       7128.268     24  14304.536    14305.767    14422.322
136  TPM3+R3       7110.529     26  14273.058    14274.501    14400.660
137  TPM3+R4       7110.608     28  14277.216    14278.888    14414.633
138  TPM3+R5       Skipped 
139  TPM3+R6       Skipped 
140  TPM3+R7       Skipped 
141  TPM3+R8       Skipped 
142  TPM3+R9       Skipped 
143  TPM3+R10      Skipped 
144  TPM3u         7479.127     22  15002.255    15003.291    15110.225
145  TPM3u+I       7206.209     23  14458.417    14459.548    14571.296
146  TPM3u+G4      7111.507     23  14269.014    14270.145    14381.892
147  TPM3u+I+G4    7111.564     24  14271.129    14272.359    14388.915
148  TPM3u+R2      7128.259     24  14304.518    14305.749    14422.304
149  TPM3u+R3      7110.514     26  14273.028    14274.471    14400.630
150  TPM3u+R4      7110.558     28  14277.116    14278.789    14414.533
151  TPM3u+R5      Skipped 
152  TPM3u+R6      Skipped 
153  TPM3u+R7      Skipped 
154  TPM3u+R8      Skipped 
155  TPM3u+R9      Skipped 
156  TPM3u+R10     Skipped 
157  TIMe          7612.488     20  15264.975    15265.833    15363.130
158  TIMe+I        7327.167     21  14696.334    14697.279    14799.397
159  TIMe+G4       7251.631     21  14545.263    14546.208    14648.326
160  TIMe+I+G4     7249.832     22  14543.664    14544.700    14651.635
161  TIMe+R2       7269.419     22  14582.837    14583.873    14690.808
162  TIMe+R3       7247.253     24  14542.507    14543.738    14660.293
163  TIMe+R4       7247.128     26  14546.256    14547.699    14673.858
164  TIMe+R5       Skipped 
165  TIMe+R6       Skipped 
166  TIMe+R7       Skipped 
167  TIMe+R8       Skipped 
168  TIMe+R9       Skipped 
169  TIMe+R10      Skipped 
170  TIM           7483.095     23  15012.190    15013.321    15125.068
171  TIM+I         7202.076     24  14452.152    14453.382    14569.938
172  TIM+G4        7107.594     24  14263.189    14264.420    14380.975
173  TIM+I+G4      7107.149     25  14264.298    14265.633    14386.992
174  TIM+R2        7124.477     25  14298.953    14300.288    14421.647
175  TIM+R3        7106.772     27  14267.543    14269.099    14400.053
176  TIM+R4        7106.781     29  14271.561    14273.355    14413.886
177  TIM+R5        Skipped 
178  TIM+R6        Skipped 
179  TIM+R7        Skipped 
180  TIM+R8        Skipped 
181  TIM+R9        Skipped 
182  TIM+R10       Skipped 
183  TIM2e         7593.489     20  15226.978    15227.836    15325.133
184  TIM2e+I       7306.472     21  14654.944    14655.889    14758.007
185  TIM2e+G4      7228.754     21  14499.507    14500.452    14602.570
186  TIM2e+I+G4    7226.965     22  14497.930    14498.965    14605.900
187  TIM2e+R2      7249.857     22  14543.714    14544.749    14651.684
188  TIM2e+R3      7223.786     24  14495.572    14496.802    14613.358
189  TIM2e+R4      7223.717     26  14499.435    14500.878    14627.036
190  TIM2e+R5      Skipped 
191  TIM2e+R6      Skipped 
192  TIM2e+R7      Skipped 
193  TIM2e+R8      Skipped 
194  TIM2e+R9      Skipped 
195  TIM2e+R10     Skipped 
196  TIM2          7491.845     23  15029.691    15030.822    15142.569
197  TIM2+I        7206.878     24  14461.756    14462.987    14579.543
198  TIM2+G4       7125.869     24  14299.738    14300.969    14417.524
199  TIM2+I+G4     7124.912     25  14299.824    14301.159    14422.518
200  TIM2+R2       7142.326     25  14334.652    14335.986    14457.345
201  TIM2+R3       7123.907     27  14301.815    14303.370    14434.324
202  TIM2+R4       7124.012     29  14306.024    14307.818    14448.349
203  TIM2+R5       Skipped 
204  TIM2+R6       Skipped 
205  TIM2+R7       Skipped 
206  TIM2+R8       Skipped 
207  TIM2+R9       Skipped 
208  TIM2+R10      Skipped 
209  TIM3e         7614.065     20  15268.130    15268.988    15366.285
210  TIM3e+I       7331.992     21  14705.984    14706.929    14809.047
211  TIM3e+G4      7258.116     21  14558.231    14559.176    14661.294
212  TIM3e+I+G4    7256.429     22  14556.858    14557.894    14664.829
213  TIM3e+R2      7275.829     22  14595.658    14596.694    14703.629
214  TIM3e+R3      7253.880     24  14555.760    14556.991    14673.546
215  TIM3e+R4      7253.837     26  14559.674    14561.117    14687.276
216  TIM3e+R5      Skipped 
217  TIM3e+R6      Skipped 
218  TIM3e+R7      Skipped 
219  TIM3e+R8      Skipped 
220  TIM3e+R9      Skipped 
221  TIM3e+R10     Skipped 
222  TIM3          7476.610     23  14999.221    15000.352    15112.099
223  TIM3+I        7204.330     24  14456.659    14457.890    14574.445
224  TIM3+G4       7111.224     24  14270.448    14271.679    14388.234
225  TIM3+I+G4     7111.021     25  14272.041    14273.376    14394.735
226  TIM3+R2       7126.780     25  14303.560    14304.895    14426.254
227  TIM3+R3       7110.232     27  14274.464    14276.019    14406.973
228  TIM3+R4       7110.299     29  14278.598    14280.392    14420.923
229  TIM3+R5       Skipped 
230  TIM3+R6       Skipped 
231  TIM3+R7       Skipped 
232  TIM3+R8       Skipped 
233  TIM3+R9       Skipped 
234  TIM3+R10      Skipped 
235  TVMe          7587.152     21  15216.304    15217.248    15319.367
236  TVMe+I        7299.389     22  14642.777    14643.813    14750.748
237  TVMe+G4       7221.820     22  14487.640    14488.676    14595.611
238  TVMe+I+G4     7220.081     23  14486.162    14487.293    14599.040
239  TVMe+R2       7241.446     23  14528.892    14530.023    14641.771
240  TVMe+R3       7217.138     25  14484.276    14485.610    14606.970
241  TVMe+R4       7217.148     27  14488.296    14489.852    14620.806
242  TVMe+R5       Skipped 
243  TVMe+R6       Skipped 
244  TVMe+R7       Skipped 
245  TVMe+R8       Skipped 
246  TVMe+R9       Skipped 
247  TVMe+R10      Skipped 
248  TVM           7465.439     24  14978.878    14980.109    15096.664
249  TVM+I         7188.977     25  14427.954    14429.288    14550.648
250  TVM+G4        7096.156     25  14242.312    14243.647    14365.006
251  TVM+I+G4      7096.162     26  14244.323    14245.766    14371.925
252  TVM+R2        7113.159     26  14278.319    14279.761    14405.920
253  TVM+R3        7095.335     28  14246.670    14248.342    14384.087
254  TVM+R4        7095.308     30  14250.617    14252.536    14397.849
255  TVM+R5        Skipped 
256  TVM+R6        Skipped 
257  TVM+R7        Skipped 
258  TVM+R8        Skipped 
259  TVM+R9        Skipped 
260  TVM+R10       Skipped 
261  SYM           7584.723     22  15213.447    15214.482    15321.417
262  SYM+I         7297.425     23  14640.850    14641.981    14753.728
263  SYM+G4        7214.519     23  14475.038    14476.169    14587.916
264  SYM+I+G4      7212.986     24  14473.971    14475.202    14591.757
265  SYM+R2        7236.910     24  14521.821    14523.051    14639.607
266  SYM+R3        7209.540     26  14471.080    14472.522    14598.681
267  SYM+R4        7209.417     28  14474.835    14476.507    14612.252
268  SYM+R5        Skipped 
269  SYM+R6        Skipped 
270  SYM+R7        Skipped 
271  SYM+R8        Skipped 
272  SYM+R9        Skipped 
273  SYM+R10       Skipped 
274  GTR           7462.707     25  14975.413    14976.748    15098.107
275  GTR+I         7186.923     26  14425.845    14427.288    14553.447
276  GTR+G4        7095.571     26  14243.143    14244.586    14370.744
277  GTR+I+G4      7095.465     27  14244.930    14246.485    14377.439
278  GTR+R2        7111.318     27  14276.637    14278.192    14409.146
279  GTR+R3        7094.506     29  14247.012    14248.806    14389.337
280  GTR+R4        7094.512     31  14251.025    14253.074    14403.165
281  GTR+R5        Skipped 
282  GTR+R6        Skipped 
283  GTR+R7        Skipped 
284  GTR+R8        Skipped 
285  GTR+R9        Skipped 
286  GTR+R10       Skipped 
Akaike Information Criterion:           TVM+G4
Corrected Akaike Information Criterion: TVM+G4
Bayesian Information Criterion:         TVM+G4
Best-fit model: TVM+G4 chosen according to BIC

All model information printed to ./results/gene4.phy.model
CPU time for ModelFinder: 15.137 seconds (0h:0m:15s)
Wall-clock time for ModelFinder: 26.881 seconds (0h:0m:26s)
Generating 1000 samples for ultrafast bootstrap (seed: 151418)...

NOTE: 2 MB RAM (0 GB) is required!
Estimate model parameters (epsilon = 0.100)
1. Initial log-likelihood: -7366.711
2. Current log-likelihood: -7137.228
3. Current log-likelihood: -7117.905
4. Current log-likelihood: -7097.177
5. Current log-likelihood: -7096.782
Optimal log-likelihood: -7096.733
Rate parameters:  A-C: 2.587  A-G: 4.602  A-T: 0.624  C-G: 0.626  C-T: 4.602  G-T: 1.000
Base frequencies:   A: 0.401  C: 0.154  G: 0.203  T: 0.243
Gamma shape alpha: 0.502
Parameters optimization took 5 rounds (0.304 sec)
Computing ML distances based on estimated model parameters... 0.002 sec
Computing BIONJ tree...
0.000 seconds
Log-likelihood of BIONJ tree: -7095.328
--------------------------------------------------------------------
|             INITIALIZING CANDIDATE TREE SET                      |
--------------------------------------------------------------------
Generating 98 parsimony trees... 0.212 second
Computing log-likelihood of 98 initial trees ... 0.976 seconds
Current best score: -7095.328

Do NNI search on 20 best initial trees
Estimate model parameters (epsilon = 0.100)
BETTER TREE FOUND at iteration 1: -7091.509
Estimate model parameters (epsilon = 0.100)
BETTER TREE FOUND at iteration 6: -7090.610
BETTER TREE FOUND at iteration 7: -7090.610
Iteration 10 / LogL: -7091.953 / Time: 0h:0m:29s
UPDATE BEST LOG-LIKELIHOOD: -7090.610
UPDATE BEST LOG-LIKELIHOOD: -7090.610
UPDATE BEST LOG-LIKELIHOOD: -7090.610
Iteration 20 / LogL: -7090.610 / Time: 0h:0m:30s
Finish initializing candidate tree set (6)
Current best tree score: -7090.610 / CPU time: 2.907
Number of iterations: 20
--------------------------------------------------------------------
|               OPTIMIZING CANDIDATE TREE SET                      |
--------------------------------------------------------------------
UPDATE BEST LOG-LIKELIHOOD: -7090.610
Iteration 30 / LogL: -7091.953 / Time: 0h:0m:30s (0h:0m:9s left)
Iteration 40 / LogL: -7090.610 / Time: 0h:0m:31s (0h:0m:7s left)
Iteration 50 / LogL: -7090.610 / Time: 0h:0m:31s (0h:0m:5s left)
Log-likelihood cutoff on original alignment: -7104.037
Iteration 60 / LogL: -7091.974 / Time: 0h:0m:31s (0h:0m:3s left)
UPDATE BEST LOG-LIKELIHOOD: -7090.610
Iteration 70 / LogL: -7090.610 / Time: 0h:0m:32s (0h:0m:2s left)
Iteration 80 / LogL: -7091.503 / Time: 0h:0m:32s (0h:0m:1s left)
Iteration 90 / LogL: -7091.503 / Time: 0h:0m:33s (0h:0m:1s left)
Iteration 100 / LogL: -7091.503 / Time: 0h:0m:33s (0h:0m:0s left)
Log-likelihood cutoff on original alignment: -7104.037
NOTE: Bootstrap correlation coefficient of split occurrence frequencies: 0.985
NOTE: UFBoot does not converge, continue at least 100 more iterations
Iteration 110 / LogL: -7091.503 / Time: 0h:0m:34s (0h:0m:6s left)
UPDATE BEST LOG-LIKELIHOOD: -7090.610
Iteration 120 / LogL: -7090.610 / Time: 0h:0m:34s (0h:0m:5s left)
UPDATE BEST LOG-LIKELIHOOD: -7090.610
Iteration 130 / LogL: -7090.610 / Time: 0h:0m:35s (0h:0m:4s left)
Iteration 140 / LogL: -7090.610 / Time: 0h:0m:35s (0h:0m:3s left)
Iteration 150 / LogL: -7091.503 / Time: 0h:0m:36s (0h:0m:3s left)
Log-likelihood cutoff on original alignment: -7104.037
Iteration 160 / LogL: -7091.503 / Time: 0h:0m:36s (0h:0m:2s left)
Iteration 170 / LogL: -7093.721 / Time: 0h:0m:36s (0h:0m:1s left)
UPDATE BEST LOG-LIKELIHOOD: -7090.610
Iteration 180 / LogL: -7090.610 / Time: 0h:0m:37s (0h:0m:1s left)
Iteration 190 / LogL: -7090.610 / Time: 0h:0m:37s (0h:0m:0s left)
Iteration 200 / LogL: -7090.610 / Time: 0h:0m:38s (0h:0m:0s left)
Log-likelihood cutoff on original alignment: -7104.037
NOTE: Bootstrap correlation coefficient of split occurrence frequencies: 0.992
TREE SEARCH COMPLETED AFTER 200 ITERATIONS / Time: 0h:0m:38s

--------------------------------------------------------------------
|                    FINALIZING TREE SEARCH                        |
--------------------------------------------------------------------
Performs final model parameters optimization
Estimate model parameters (epsilon = 0.010)
1. Initial log-likelihood: -7090.610
2. Current log-likelihood: -7090.598
Optimal log-likelihood: -7090.589
Rate parameters:  A-C: 2.544  A-G: 4.577  A-T: 0.622  C-G: 0.645  C-T: 4.577  G-T: 1.000
Base frequencies:   A: 0.401  C: 0.154  G: 0.203  T: 0.243
Gamma shape alpha: 0.513
Parameters optimization took 2 rounds (0.017 sec)
BEST SCORE FOUND : -7090.589
Creating bootstrap support values...
Split supports printed to NEXUS file ./results/gene4.phy.splits.nex
Total tree length: 2.948

Total number of iterations: 200
CPU time used for tree search: 9.577 sec (0h:0m:9s)
Wall-clock time used for tree search: 11.074 sec (0h:0m:11s)
Total CPU time used: 24.896 sec (0h:0m:24s)
Total wall-clock time used: 38.384 sec (0h:0m:38s)

Computing bootstrap consensus tree...
Reading input file ./results/gene4.phy.splits.nex...
10 taxa and 117 splits.
Consensus tree written to ./results/gene4.phy.contree
Reading input trees file ./results/gene4.phy.contree
Log-likelihood of consensus tree: -7091.495

Analysis results written to: 
  IQ-TREE report:                ./results/gene4.phy.iqtree
  Maximum-likelihood tree:       ./results/gene4.phy.treefile
  Likelihood distances:          ./results/gene4.phy.mldist

Ultrafast bootstrap approximation results written to:
  Split support values:          ./results/gene4.phy.splits.nex
  Consensus tree:                ./results/gene4.phy.contree
  Screen log file:               ./results/gene4.phy.log

Date and Time: Tue Aug 22 18:06:56 2017
