IQ-TREE multicore version 1.5.4 for Linux 64-bit built Apr  2 2017
Copyright (c) 2011-2017 by Bui Quang Minh, Nguyen Lam Tung,
Olga Chernomor, Heiko Schmidt, and Arndt von Haeseler.

Host:    hpc-crick (AVX, 251 GB RAM)
Command: iqtree -s ./results/gene3.phy -nt 1 -bb 1000
Seed:    419410 (Using SPRNG - Scalable Parallel Random Number Generator)
Time:    Tue Aug 22 18:22:15 2017
Kernel:  AVX - 1 threads (40 CPU cores detected)

Reading alignment file ./results/gene3.phy ... Phylip format detected
Alignment most likely contains DNA/RNA sequences
Alignment has 10 sequences with 1000 columns and 509 patterns (373 informative sites, 388 constant sites)
   Gap/Ambiguity  Composition  p-value
   1  A    0.00%    passed     89.93%
   2  B    0.00%    passed     73.79%
   3  C    0.00%    passed     66.84%
   4  D    0.00%    passed     62.83%
   5  E    0.00%    passed     76.97%
   6  F    0.00%    passed     77.66%
   7  G    0.00%    passed     20.82%
   8  H    0.00%    passed     95.65%
   9  I    0.00%    passed     75.50%
  10  J    0.00%    passed     61.61%
****  TOTAL    0.00%  0 sequences failed composition chi2 test (p-value<5%; df=3)

Create initial parsimony tree by phylogenetic likelihood library (PLL)... 0.000 seconds

NOTE: ModelFinder requires 3 MB RAM!
ModelFinder will test 286 DNA models (sample size: 1000) ...
 No. Model         -LnL         df  AIC          AICc         BIC
  1  JC            7812.227     17  15658.453    15659.077    15741.885
  2  JC+I          7534.320     18  15104.639    15105.336    15192.979
  3  JC+G4         7480.675     18  14997.351    14998.048    15085.690
  4  JC+I+G4       7477.595     19  14993.189    14993.965    15086.436
  5  JC+R2         7490.726     19  15019.452    15020.227    15112.699
  6  JC+R3         7476.477     21  14994.955    14995.900    15098.018
  7  JC+R4         7476.496     23  14998.991    15000.122    15111.870
  8  JC+R5         Skipped 
  9  JC+R6         Skipped 
 10  JC+R7         Skipped 
 11  JC+R8         Skipped 
 12  JC+R9         Skipped 
 13  JC+R10        Skipped 
 14  F81           7711.207     20  15462.414    15463.272    15560.569
 15  F81+I         7429.584     21  14901.169    14902.113    15004.231
 16  F81+G4        7370.442     21  14782.883    14783.828    14885.946
 17  F81+I+G4      7368.361     22  14780.721    14781.757    14888.692
 18  F81+R2        7380.788     22  14805.575    14806.611    14913.546
 19  F81+R3        7367.627     24  14783.253    14784.484    14901.039
 20  F81+R4        7367.579     26  14787.157    14788.600    14914.759
 21  F81+R5        Skipped 
 22  F81+R6        Skipped 
 23  F81+R7        Skipped 
 24  F81+R8        Skipped 
 25  F81+R9        Skipped 
 26  F81+R10       Skipped 
 27  K2P           7665.877     18  15367.754    15368.451    15456.093
 28  K2P+I         7375.856     19  14789.711    14790.487    14882.959
 29  K2P+G4        7308.831     19  14655.661    14656.437    14748.908
 30  K2P+I+G4      7305.980     20  14651.960    14652.818    14750.115
 31  K2P+R2        7325.496     20  14690.991    14691.849    14789.146
 32  K2P+R3        7302.377     22  14648.755    14649.791    14756.726
 33  K2P+R4        7302.359     24  14652.718    14653.948    14770.504
 34  K2P+R5        Skipped 
 35  K2P+R6        Skipped 
 36  K2P+R7        Skipped 
 37  K2P+R8        Skipped 
 38  K2P+R9        Skipped 
 39  K2P+R10       Skipped 
 40  HKY           7563.279     21  15168.559    15169.503    15271.621
 41  HKY+I         7263.193     22  14570.386    14571.422    14678.356
 42  HKY+G4        7176.484     22  14396.967    14398.003    14504.938
 43  HKY+I+G4      7174.455     23  14394.911    14396.042    14507.789
 44  HKY+R2        7197.106     23  14440.212    14441.343    14553.090
 45  HKY+R3        7171.074     25  14392.148    14393.483    14514.842
 46  HKY+R4        7171.157     27  14396.314    14397.870    14528.824
 47  HKY+R5        Skipped 
 48  HKY+R6        Skipped 
 49  HKY+R7        Skipped 
 50  HKY+R8        Skipped 
 51  HKY+R9        Skipped 
 52  HKY+R10       Skipped 
 53  TNe           7664.421     19  15366.842    15367.617    15460.089
 54  TNe+I         7375.415     20  14790.829    14791.687    14888.984
 55  TNe+G4        7308.765     20  14657.530    14658.388    14755.685
 56  TNe+I+G4      7305.858     21  14653.717    14654.661    14756.779
 57  TNe+R2        7325.490     21  14692.980    14693.925    14796.043
 58  TNe+R3        7301.544     23  14649.088    14650.219    14761.966
 59  TNe+R4        7301.533     25  14653.066    14654.401    14775.760
 60  TNe+R5        Skipped 
 61  TNe+R6        Skipped 
 62  TNe+R7        Skipped 
 63  TNe+R8        Skipped 
 64  TNe+R9        Skipped 
 65  TNe+R10       Skipped 
 66  TN            7550.506     22  15145.012    15146.048    15252.982
 67  TN+I          7255.272     23  14556.544    14557.676    14669.423
 68  TN+G4         7173.652     23  14393.304    14394.435    14506.183
 69  TN+I+G4       7172.064     24  14392.127    14393.358    14509.913
 70  TN+R2         7191.940     24  14431.881    14433.111    14549.667
 71  TN+R3         7170.240     26  14392.481    14393.923    14520.082
 72  TN+R4         7170.275     28  14396.551    14398.223    14533.968
 73  TN+R5         Skipped 
 74  TN+R6         Skipped 
 75  TN+R7         Skipped 
 76  TN+R8         Skipped 
 77  TN+R9         Skipped 
 78  TN+R10        Skipped 
 79  K3P           7658.262     19  15354.524    15355.300    15447.772
 80  K3P+I         7367.641     20  14775.282    14776.140    14873.438
 81  K3P+G4        7299.544     20  14639.088    14639.946    14737.243
 82  K3P+I+G4      7296.929     21  14635.858    14636.802    14738.921
 83  K3P+R2        7316.005     21  14674.010    14674.955    14777.073
 84  K3P+R3        7294.131     23  14634.263    14635.394    14747.141
 85  K3P+R4        7294.145     25  14638.289    14639.624    14760.983
 86  K3P+R5        Skipped 
 87  K3P+R6        Skipped 
 88  K3P+R7        Skipped 
 89  K3P+R8        Skipped 
 90  K3P+R9        Skipped 
 91  K3P+R10       Skipped 
 92  K3Pu          7549.341     22  15142.682    15143.718    15250.653
 93  K3Pu+I        7249.379     23  14544.757    14545.889    14657.636
 94  K3Pu+G4       7160.800     23  14367.600    14368.731    14480.478
 95  K3Pu+I+G4     7158.864     24  14365.729    14366.960    14483.515
 96  K3Pu+R2       7178.882     24  14405.764    14406.995    14523.551
 97  K3Pu+R3       7157.085     26  14366.170    14367.613    14493.772
 98  K3Pu+R4       7157.102     28  14370.203    14371.876    14507.621
 99  K3Pu+R5       Skipped 
100  K3Pu+R6       Skipped 
101  K3Pu+R7       Skipped 
102  K3Pu+R8       Skipped 
103  K3Pu+R9       Skipped 
104  K3Pu+R10      Skipped 
105  TPM2          7554.586     22  15153.172    15154.208    15261.142
106  TPM2+I        7255.230     23  14556.461    14557.592    14669.339
107  TPM2+G4       7174.586     23  14395.172    14396.304    14508.051
108  TPM2+I+G4     7172.499     24  14392.999    14394.230    14510.785
109  TPM2+R2       7193.833     24  14435.667    14436.898    14553.453
110  TPM2+R3       7169.755     26  14391.509    14392.952    14519.111
111  TPM2+R4       7169.700     28  14395.399    14397.072    14532.816
112  TPM2+R5       Skipped 
113  TPM2+R6       Skipped 
114  TPM2+R7       Skipped 
115  TPM2+R8       Skipped 
116  TPM2+R9       Skipped 
117  TPM2+R10      Skipped 
118  TPM2u         7554.606     22  15153.213    15154.248    15261.183
119  TPM2u+I       7255.229     23  14556.459    14557.590    14669.337
120  TPM2u+G4      7174.588     23  14395.176    14396.307    14508.054
121  TPM2u+I+G4    7172.483     24  14392.966    14394.196    14510.752
122  TPM2u+R2      7193.848     24  14435.696    14436.927    14553.482
123  TPM2u+R3      7169.736     26  14391.471    14392.914    14519.073
124  TPM2u+R4      7169.706     28  14395.411    14397.084    14532.828
125  TPM2u+R5      Skipped 
126  TPM2u+R6      Skipped 
127  TPM2u+R7      Skipped 
128  TPM2u+R8      Skipped 
129  TPM2u+R9      Skipped 
130  TPM2u+R10     Skipped 
131  TPM3          7539.872     22  15123.744    15124.780    15231.715
132  TPM3+I        7244.681     23  14535.362    14536.494    14648.241
133  TPM3+G4       7157.083     23  14360.165    14361.296    14473.043
134  TPM3+I+G4     7155.772     24  14359.544    14360.775    14477.330
135  TPM3+R2       7169.947     24  14387.895    14389.126    14505.681
136  TPM3+R3       7155.337     26  14362.674    14364.117    14490.275
137  TPM3+R4       7155.448     28  14366.896    14368.569    14504.314
138  TPM3+R5       Skipped 
139  TPM3+R6       Skipped 
140  TPM3+R7       Skipped 
141  TPM3+R8       Skipped 
142  TPM3+R9       Skipped 
143  TPM3+R10      Skipped 
144  TPM3u         7539.798     22  15123.596    15124.632    15231.566
145  TPM3u+I       7244.682     23  14535.364    14536.496    14648.243
146  TPM3u+G4      7157.093     23  14360.185    14361.317    14473.064
147  TPM3u+I+G4    7155.771     24  14359.542    14360.773    14477.328
148  TPM3u+R2      7169.999     24  14387.999    14389.229    14505.785
149  TPM3u+R3      7155.190     26  14362.379    14363.822    14489.981
150  TPM3u+R4      7155.226     28  14366.453    14368.125    14503.870
151  TPM3u+R5      Skipped 
152  TPM3u+R6      Skipped 
153  TPM3u+R7      Skipped 
154  TPM3u+R8      Skipped 
155  TPM3u+R9      Skipped 
156  TPM3u+R10     Skipped 
157  TIMe          7656.811     20  15353.622    15354.480    15451.777
158  TIMe+I        7367.198     21  14776.396    14777.341    14879.459
159  TIMe+G4       7299.465     21  14640.930    14641.875    14743.993
160  TIMe+I+G4     7296.821     22  14637.642    14638.678    14745.612
161  TIMe+R2       7315.998     22  14675.996    14677.032    14783.966
162  TIMe+R3       7293.580     24  14635.161    14636.391    14752.947
163  TIMe+R4       7293.621     26  14639.241    14640.684    14766.843
164  TIMe+R5       Skipped 
165  TIMe+R6       Skipped 
166  TIMe+R7       Skipped 
167  TIMe+R8       Skipped 
168  TIMe+R9       Skipped 
169  TIMe+R10      Skipped 
170  TIM           7536.329     23  15118.658    15119.789    15231.536
171  TIM+I         7241.409     24  14530.817    14532.048    14648.604
172  TIM+G4        7158.877     24  14365.753    14366.984    14483.539
173  TIM+I+G4      7157.025     25  14364.051    14365.386    14486.745
174  TIM+R2        7174.371     25  14398.743    14400.078    14521.437
175  TIM+R3        7156.308     27  14366.616    14368.172    14499.125
176  TIM+R4        7156.290     29  14370.580    14372.374    14512.905
177  TIM+R5        Skipped 
178  TIM+R6        Skipped 
179  TIM+R7        Skipped 
180  TIM+R8        Skipped 
181  TIM+R9        Skipped 
182  TIM+R10       Skipped 
183  TIM2e         7635.971     20  15311.942    15312.800    15410.097
184  TIM2e+I       7345.529     21  14733.058    14734.003    14836.121
185  TIM2e+G4      7271.737     21  14585.474    14586.419    14688.537
186  TIM2e+I+G4    7269.109     22  14582.217    14583.253    14690.188
187  TIM2e+R2      7292.387     22  14628.775    14629.811    14736.745
188  TIM2e+R3      7264.978     24  14577.956    14579.186    14695.742
189  TIM2e+R4      7264.923     26  14581.845    14583.288    14709.447
190  TIM2e+R5      Skipped 
191  TIM2e+R6      Skipped 
192  TIM2e+R7      Skipped 
193  TIM2e+R8      Skipped 
194  TIM2e+R9      Skipped 
195  TIM2e+R10     Skipped 
196  TIM2          7541.095     23  15128.191    15129.322    15241.069
197  TIM2+I        7247.195     24  14542.391    14543.622    14660.177
198  TIM2+G4       7170.746     24  14389.493    14390.723    14507.279
199  TIM2+I+G4     7169.000     25  14388.000    14389.335    14510.694
200  TIM2+R2       7187.870     25  14425.740    14427.074    14548.433
201  TIM2+R3       7167.858     27  14389.717    14391.272    14522.226
202  TIM2+R4       7168.006     29  14394.013    14395.806    14536.337
203  TIM2+R5       Skipped 
204  TIM2+R6       Skipped 
205  TIM2+R7       Skipped 
206  TIM2+R8       Skipped 
207  TIM2+R9       Skipped 
208  TIM2+R10      Skipped 
209  TIM3e         7653.385     20  15346.769    15347.627    15444.924
210  TIM3e+I       7365.986     21  14773.973    14774.917    14877.036
211  TIM3e+G4      7299.316     21  14640.631    14641.576    14743.694
212  TIM3e+I+G4    7296.764     22  14637.528    14638.564    14745.499
213  TIM3e+R2      7314.099     22  14672.199    14673.234    14780.169
214  TIM3e+R3      7294.126     24  14636.251    14637.482    14754.037
215  TIM3e+R4      7294.191     26  14640.383    14641.826    14767.984
216  TIM3e+R5      Skipped 
217  TIM3e+R6      Skipped 
218  TIM3e+R7      Skipped 
219  TIM3e+R8      Skipped 
220  TIM3e+R9      Skipped 
221  TIM3e+R10     Skipped 
222  TIM3          7523.672     23  15093.345    15094.476    15206.223
223  TIM3+I        7236.213     24  14520.426    14521.657    14638.212
224  TIM3+G4       7154.643     24  14357.287    14358.517    14475.073
225  TIM3+I+G4     7153.151     25  14356.302    14357.637    14478.996
226  TIM3+R2       7163.283     25  14376.566    14377.901    14499.260
227  TIM3+R3       7153.310     27  14360.619    14362.175    14493.129
228  TIM3+R4       7153.380     29  14364.761    14366.555    14507.086
229  TIM3+R5       Skipped 
230  TIM3+R6       Skipped 
231  TIM3+R7       Skipped 
232  TIM3+R8       Skipped 
233  TIM3+R9       Skipped 
234  TIM3+R10      Skipped 
235  TVMe          7623.925     21  15289.849    15290.794    15392.912
236  TVMe+I        7333.265     22  14710.530    14711.566    14818.501
237  TVMe+G4       7257.009     22  14558.019    14559.055    14665.990
238  TVMe+I+G4     7254.905     23  14555.811    14556.942    14668.689
239  TVMe+R2       7276.430     23  14598.860    14599.991    14711.738
240  TVMe+R3       7252.273     25  14554.546    14555.881    14677.240
241  TVMe+R4       7252.267     27  14558.534    14560.090    14691.043
242  TVMe+R5       Skipped 
243  TVMe+R6       Skipped 
244  TVMe+R7       Skipped 
245  TVMe+R8       Skipped 
246  TVMe+R9       Skipped 
247  TVMe+R10      Skipped 
248  TVM           7527.114     24  15102.227    15103.458    15220.013
249  TVM+I         7232.345     25  14514.690    14516.025    14637.384
250  TVM+G4        7147.886     25  14345.772    14347.106    14468.466
251  TVM+I+G4      7146.583     26  14345.166    14346.609    14472.767
252  TVM+R2        7160.368     26  14372.737    14374.180    14500.339
253  TVM+R3        7146.515     28  14349.030    14350.702    14486.447
254  TVM+R4        7146.543     30  14353.085    14355.005    14500.318
255  TVM+R5        Skipped 
256  TVM+R6        Skipped 
257  TVM+R7        Skipped 
258  TVM+R8        Skipped 
259  TVM+R9        Skipped 
260  TVM+R10       Skipped 
261  SYM           7622.506     22  15289.012    15290.048    15396.983
262  SYM+I         7332.865     23  14711.730    14712.861    14824.608
263  SYM+G4        7256.320     23  14558.640    14559.771    14671.518
264  SYM+I+G4      7254.154     24  14556.308    14557.538    14674.094
265  SYM+R2        7276.262     24  14600.524    14601.755    14718.310
266  SYM+R3        7251.237     26  14554.474    14555.917    14682.076
267  SYM+R4        7251.208     28  14558.415    14560.088    14695.832
268  SYM+R5        Skipped 
269  SYM+R6        Skipped 
270  SYM+R7        Skipped 
271  SYM+R8        Skipped 
272  SYM+R9        Skipped 
273  SYM+R10       Skipped 
274  GTR           7510.602     25  15071.203    15072.538    15193.897
275  GTR+I         7223.643     26  14499.285    14500.728    14626.887
276  GTR+G4        7144.085     26  14340.170    14341.613    14467.772
277  GTR+I+G4      7142.845     27  14339.690    14341.246    14472.200
278  GTR+R2        7153.115     27  14360.229    14361.785    14492.739
279  GTR+R3        7143.224     29  14344.448    14346.242    14486.773
280  GTR+R4        7143.058     31  14348.115    14350.165    14500.255
281  GTR+R5        Skipped 
282  GTR+R6        Skipped 
283  GTR+R7        Skipped 
284  GTR+R8        Skipped 
285  GTR+R9        Skipped 
286  GTR+R10       Skipped 
Akaike Information Criterion:           GTR+I+G4
Corrected Akaike Information Criterion: GTR+I+G4
Bayesian Information Criterion:         GTR+G4
Best-fit model: GTR+G4 chosen according to BIC

All model information printed to ./results/gene3.phy.model
CPU time for ModelFinder: 14.005 seconds (0h:0m:14s)
Wall-clock time for ModelFinder: 17.879 seconds (0h:0m:17s)
Generating 1000 samples for ultrafast bootstrap (seed: 419410)...

NOTE: 2 MB RAM (0 GB) is required!
Estimate model parameters (epsilon = 0.100)
1. Initial log-likelihood: -7417.113
2. Current log-likelihood: -7168.996
3. Current log-likelihood: -7159.525
4. Current log-likelihood: -7158.700
5. Current log-likelihood: -7145.157
6. Current log-likelihood: -7144.693
7. Current log-likelihood: -7144.566
Optimal log-likelihood: -7144.503
Rate parameters:  A-C: 2.597  A-G: 3.996  A-T: 0.679  C-G: 0.875  C-T: 5.884  G-T: 1.000
Base frequencies:   A: 0.399  C: 0.171  G: 0.205  T: 0.226
Gamma shape alpha: 0.526
Parameters optimization took 7 rounds (0.070 sec)
Computing ML distances based on estimated model parameters... 0.000 sec
Computing BIONJ tree...
0.000 seconds
Log-likelihood of BIONJ tree: -7144.421
--------------------------------------------------------------------
|             INITIALIZING CANDIDATE TREE SET                      |
--------------------------------------------------------------------
Generating 98 parsimony trees... 0.047 second
Computing log-likelihood of 98 initial trees ... 0.370 seconds
Current best score: -7139.193

Do NNI search on 20 best initial trees
Estimate model parameters (epsilon = 0.100)
BETTER TREE FOUND at iteration 1: -7138.223
Iteration 10 / LogL: -7138.461 / Time: 0h:0m:18s
Iteration 20 / LogL: -7144.461 / Time: 0h:0m:19s
Finish initializing candidate tree set (4)
Current best tree score: -7138.223 / CPU time: 1.362
Number of iterations: 20
--------------------------------------------------------------------
|               OPTIMIZING CANDIDATE TREE SET                      |
--------------------------------------------------------------------
Iteration 30 / LogL: -7138.225 / Time: 0h:0m:19s (0h:0m:4s left)
Iteration 40 / LogL: -7142.481 / Time: 0h:0m:19s (0h:0m:3s left)
UPDATE BEST LOG-LIKELIHOOD: -7138.223
Iteration 50 / LogL: -7138.471 / Time: 0h:0m:20s (0h:0m:2s left)
Log-likelihood cutoff on original alignment: -7151.291
Iteration 60 / LogL: -7138.224 / Time: 0h:0m:20s (0h:0m:1s left)
Iteration 70 / LogL: -7138.460 / Time: 0h:0m:21s (0h:0m:1s left)
Iteration 80 / LogL: -7138.224 / Time: 0h:0m:21s (0h:0m:0s left)
Iteration 90 / LogL: -7138.461 / Time: 0h:0m:21s (0h:0m:0s left)
Iteration 100 / LogL: -7138.252 / Time: 0h:0m:22s (0h:0m:0s left)
Log-likelihood cutoff on original alignment: -7151.602
NOTE: Bootstrap correlation coefficient of split occurrence frequencies: 0.999
TREE SEARCH COMPLETED AFTER 102 ITERATIONS / Time: 0h:0m:22s

--------------------------------------------------------------------
|                    FINALIZING TREE SEARCH                        |
--------------------------------------------------------------------
Performs final model parameters optimization
Estimate model parameters (epsilon = 0.010)
1. Initial log-likelihood: -7138.223
Optimal log-likelihood: -7138.214
Rate parameters:  A-C: 2.585  A-G: 4.035  A-T: 0.666  C-G: 0.842  C-T: 5.911  G-T: 1.000
Base frequencies:   A: 0.399  C: 0.171  G: 0.205  T: 0.226
Gamma shape alpha: 0.524
Parameters optimization took 1 rounds (0.008 sec)
BEST SCORE FOUND : -7138.214
Creating bootstrap support values...
Split supports printed to NEXUS file ./results/gene3.phy.splits.nex
Total tree length: 2.719

Total number of iterations: 102
CPU time used for tree search: 4.058 sec (0h:0m:4s)
Wall-clock time used for tree search: 4.275 sec (0h:0m:4s)
Total CPU time used: 18.186 sec (0h:0m:18s)
Total wall-clock time used: 22.279 sec (0h:0m:22s)

Computing bootstrap consensus tree...
Reading input file ./results/gene3.phy.splits.nex...
10 taxa and 81 splits.
Consensus tree written to ./results/gene3.phy.contree
Reading input trees file ./results/gene3.phy.contree
Log-likelihood of consensus tree: -7138.213

Analysis results written to: 
  IQ-TREE report:                ./results/gene3.phy.iqtree
  Maximum-likelihood tree:       ./results/gene3.phy.treefile
  Likelihood distances:          ./results/gene3.phy.mldist

Ultrafast bootstrap approximation results written to:
  Split support values:          ./results/gene3.phy.splits.nex
  Consensus tree:                ./results/gene3.phy.contree
  Screen log file:               ./results/gene3.phy.log

Date and Time: Tue Aug 22 18:22:37 2017
