IQ-TREE multicore version 1.5.4 for Linux 64-bit built Apr  2 2017
Copyright (c) 2011-2017 by Bui Quang Minh, Nguyen Lam Tung,
Olga Chernomor, Heiko Schmidt, and Arndt von Haeseler.

Host:    hpc-crick (AVX, 251 GB RAM)
Command: iqtree -s ./results/gene10.phy -nt 1 -bb 1000
Seed:    603553 (Using SPRNG - Scalable Parallel Random Number Generator)
Time:    Tue Aug 22 18:15:10 2017
Kernel:  AVX - 1 threads (40 CPU cores detected)

Reading alignment file ./results/gene10.phy ... Phylip format detected
Alignment most likely contains DNA/RNA sequences
Alignment has 10 sequences with 1000 columns and 524 patterns (378 informative sites, 358 constant sites)
   Gap/Ambiguity  Composition  p-value
   1  A    0.00%    passed     86.97%
   2  B    0.00%    passed     65.86%
   3  C    0.00%    passed     27.70%
   4  D    0.00%    passed     93.34%
   5  E    0.00%    passed     76.10%
   6  F    0.00%    passed     66.44%
   7  G    0.00%    passed     96.66%
   8  H    0.00%    passed     80.00%
   9  I    0.00%    passed     93.44%
  10  J    0.00%    passed     99.61%
****  TOTAL    0.00%  0 sequences failed composition chi2 test (p-value<5%; df=3)

Create initial parsimony tree by phylogenetic likelihood library (PLL)... 0.001 seconds

NOTE: ModelFinder requires 3 MB RAM!
ModelFinder will test 286 DNA models (sample size: 1000) ...
 No. Model         -LnL         df  AIC          AICc         BIC
  1  JC            8054.876     17  16143.753    16144.376    16227.185
  2  JC+I          7789.755     18  15615.510    15616.207    15703.850
  3  JC+G4         7713.493     18  15462.986    15463.683    15551.325
  4  JC+I+G4       7714.143     19  15466.286    15467.062    15559.534
  5  JC+R2         7717.426     19  15472.851    15473.627    15566.099
  6  JC+R3         7711.558     21  15465.116    15466.061    15568.179
  7  JC+R4         Skipped 
  8  JC+R5         Skipped 
  9  JC+R6         Skipped 
 10  JC+R7         Skipped 
 11  JC+R8         Skipped 
 12  JC+R9         Skipped 
 13  JC+R10        Skipped 
 14  F81           7947.961     20  15935.922    15936.780    16034.077
 15  F81+I         7672.206     21  15386.413    15387.358    15489.476
 16  F81+G4        7588.012     21  15218.024    15218.969    15321.087
 17  F81+I+G4      7588.683     22  15221.367    15222.403    15329.337
 18  F81+R2        7591.864     22  15227.727    15228.763    15335.698
 19  F81+R3        7585.294     24  15218.588    15219.819    15336.374
 20  F81+R4        Skipped 
 21  F81+R5        Skipped 
 22  F81+R6        Skipped 
 23  F81+R7        Skipped 
 24  F81+R8        Skipped 
 25  F81+R9        Skipped 
 26  F81+R10       Skipped 
 27  K2P           7905.588     18  15847.176    15847.873    15935.515
 28  K2P+I         7628.527     19  15295.053    15295.829    15388.301
 29  K2P+G4        7530.673     19  15099.347    15100.122    15192.594
 30  K2P+I+G4      7531.289     20  15102.579    15103.437    15200.734
 31  K2P+R2        7536.338     20  15112.677    15113.535    15210.832
 32  K2P+R3        7528.561     22  15101.121    15102.157    15209.092
 33  K2P+R4        7528.511     24  15105.022    15106.253    15222.808
 34  K2P+R5        Skipped 
 35  K2P+R6        Skipped 
 36  K2P+R7        Skipped 
 37  K2P+R8        Skipped 
 38  K2P+R9        Skipped 
 39  K2P+R10       Skipped 
 40  HKY           7793.029     21  15628.057    15629.002    15731.120
 41  HKY+I         7500.048     22  15044.095    15045.131    15152.066
 42  HKY+G4        7388.180     22  14820.359    14821.395    14928.330
 43  HKY+I+G4      7388.595     23  14823.190    14824.321    14936.068
 44  HKY+R2        7393.964     23  14833.929    14835.060    14946.807
 45  HKY+R3        7386.489     25  14822.978    14824.312    14945.671
 46  HKY+R4        7386.399     27  14826.799    14828.354    14959.308
 47  HKY+R5        Skipped 
 48  HKY+R6        Skipped 
 49  HKY+R7        Skipped 
 50  HKY+R8        Skipped 
 51  HKY+R9        Skipped 
 52  HKY+R10       Skipped 
 53  TNe           7903.248     19  15844.497    15845.272    15937.744
 54  TNe+I         7626.147     20  15292.294    15293.152    15390.449
 55  TNe+G4        7524.675     20  15089.349    15090.207    15187.504
 56  TNe+I+G4      7525.209     21  15092.417    15093.362    15195.480
 57  TNe+R2        7531.777     21  15105.554    15106.499    15208.617
 58  TNe+R3        7523.072     23  15092.145    15093.276    15205.023
 59  TNe+R4        7523.047     25  15096.094    15097.429    15218.788
 60  TNe+R5        Skipped 
 61  TNe+R6        Skipped 
 62  TNe+R7        Skipped 
 63  TNe+R8        Skipped 
 64  TNe+R9        Skipped 
 65  TNe+R10       Skipped 
 66  TN            7792.526     22  15629.053    15630.089    15737.024
 67  TN+I          7499.810     23  15045.620    15046.752    15158.499
 68  TN+G4         7388.128     23  14822.257    14823.388    14935.135
 69  TN+I+G4       7388.441     24  14824.883    14826.113    14942.669
 70  TN+R2         7393.873     24  14835.747    14836.978    14953.533
 71  TN+R3         7386.419     26  14824.838    14826.281    14952.440
 72  TN+R4         7386.349     28  14828.698    14830.370    14966.115
 73  TN+R5         Skipped 
 74  TN+R6         Skipped 
 75  TN+R7         Skipped 
 76  TN+R8         Skipped 
 77  TN+R9         Skipped 
 78  TN+R10        Skipped 
 79  K3P           7905.139     19  15848.278    15849.053    15941.525
 80  K3P+I         7627.869     20  15295.737    15296.595    15393.892
 81  K3P+G4        7529.050     20  15098.100    15098.958    15196.255
 82  K3P+I+G4      7529.579     21  15101.158    15102.102    15204.221
 83  K3P+R2        7534.713     21  15111.426    15112.370    15214.488
 84  K3P+R3        7526.796     23  15099.592    15100.724    15212.471
 85  K3P+R4        7526.765     25  15103.531    15104.866    15226.225
 86  K3P+R5        Skipped 
 87  K3P+R6        Skipped 
 88  K3P+R7        Skipped 
 89  K3P+R8        Skipped 
 90  K3P+R9        Skipped 
 91  K3P+R10       Skipped 
 92  K3Pu          7788.419     22  15620.839    15621.875    15728.809
 93  K3Pu+I        7494.096     23  15034.192    15035.323    15147.070
 94  K3Pu+G4       7380.047     23  14806.094    14807.225    14918.972
 95  K3Pu+I+G4     7380.421     24  14808.843    14810.074    14926.629
 96  K3Pu+R2       7385.272     24  14818.543    14819.774    14936.329
 97  K3Pu+R3       7377.850     26  14807.701    14809.144    14935.303
 98  K3Pu+R4       7377.793     28  14811.587    14813.259    14949.004
 99  K3Pu+R5       Skipped 
100  K3Pu+R6       Skipped 
101  K3Pu+R7       Skipped 
102  K3Pu+R8       Skipped 
103  K3Pu+R9       Skipped 
104  K3Pu+R10      Skipped 
105  TPM2          7784.157     22  15612.314    15613.350    15720.285
106  TPM2+I        7494.311     23  15034.621    15035.753    15147.500
107  TPM2+G4       7384.253     23  14814.507    14815.638    14927.385
108  TPM2+I+G4     7384.750     24  14817.500    14818.730    14935.286
109  TPM2+R2       7389.313     24  14826.626    14827.857    14944.412
110  TPM2+R3       7381.420     26  14814.840    14816.283    14942.442
111  TPM2+R4       7381.380     28  14818.761    14820.433    14956.178
112  TPM2+R5       Skipped 
113  TPM2+R6       Skipped 
114  TPM2+R7       Skipped 
115  TPM2+R8       Skipped 
116  TPM2+R9       Skipped 
117  TPM2+R10      Skipped 
118  TPM2u         7784.186     22  15612.371    15613.407    15720.342
119  TPM2u+I       7494.308     23  15034.616    15035.747    15147.495
120  TPM2u+G4      7384.250     23  14814.499    14815.630    14927.378
121  TPM2u+I+G4    7384.727     24  14817.454    14818.685    14935.240
122  TPM2u+R2      7389.306     24  14826.613    14827.843    14944.399
123  TPM2u+R3      7381.402     26  14814.805    14816.248    14942.406
124  TPM2u+R4      7381.363     28  14818.726    14820.398    14956.143
125  TPM2u+R5      Skipped 
126  TPM2u+R6      Skipped 
127  TPM2u+R7      Skipped 
128  TPM2u+R8      Skipped 
129  TPM2u+R9      Skipped 
130  TPM2u+R10     Skipped 
131  TPM3          7784.884     22  15613.768    15614.804    15721.739
132  TPM3+I        7492.258     23  15030.517    15031.648    15143.395
133  TPM3+G4       7375.555     23  14797.111    14798.242    14909.989
134  TPM3+I+G4     7375.688     24  14799.375    14800.606    14917.162
135  TPM3+R2       7383.130     24  14814.260    14815.490    14932.046
136  TPM3+R3       7374.631     26  14801.262    14802.704    14928.863
137  TPM3+R4       7374.613     28  14805.226    14806.899    14942.643
138  TPM3+R5       Skipped 
139  TPM3+R6       Skipped 
140  TPM3+R7       Skipped 
141  TPM3+R8       Skipped 
142  TPM3+R9       Skipped 
143  TPM3+R10      Skipped 
144  TPM3u         7784.891     22  15613.781    15614.817    15721.752
145  TPM3u+I       7492.259     23  15030.518    15031.649    15143.397
146  TPM3u+G4      7375.550     23  14797.100    14798.231    14909.978
147  TPM3u+I+G4    7375.694     24  14799.388    14800.619    14917.174
148  TPM3u+R2      7382.484     24  14812.967    14814.198    14930.753
149  TPM3u+R3      7374.717     26  14801.434    14802.877    14929.036
150  TPM3u+R4      7374.695     28  14805.391    14807.063    14942.808
151  TPM3u+R5      Skipped 
152  TPM3u+R6      Skipped 
153  TPM3u+R7      Skipped 
154  TPM3u+R8      Skipped 
155  TPM3u+R9      Skipped 
156  TPM3u+R10     Skipped 
157  TIMe          7902.805     20  15845.610    15846.468    15943.765
158  TIMe+I        7625.474     21  15292.948    15293.893    15396.011
159  TIMe+G4       7523.041     21  15088.082    15089.027    15191.145
160  TIMe+I+G4     7523.427     22  15090.854    15091.890    15198.824
161  TIMe+R2       7530.137     22  15104.274    15105.310    15212.244
162  TIMe+R3       7521.345     24  15090.691    15091.922    15208.477
163  TIMe+R4       7521.330     26  15094.659    15096.102    15222.261
164  TIMe+R5       Skipped 
165  TIMe+R6       Skipped 
166  TIMe+R7       Skipped 
167  TIMe+R8       Skipped 
168  TIMe+R9       Skipped 
169  TIMe+R10      Skipped 
170  TIM           7787.823     23  15621.646    15622.777    15734.524
171  TIM+I         7493.843     24  15035.687    15036.918    15153.473
172  TIM+G4        7379.945     24  14807.890    14809.120    14925.676
173  TIM+I+G4      7380.214     25  14810.427    14811.762    14933.121
174  TIM+R2        7385.254     25  14820.507    14821.842    14943.201
175  TIM+R3        7377.779     27  14809.557    14811.113    14942.067
176  TIM+R4        7377.740     29  14813.481    14815.275    14955.806
177  TIM+R5        Skipped 
178  TIM+R6        Skipped 
179  TIM+R7        Skipped 
180  TIM+R8        Skipped 
181  TIM+R9        Skipped 
182  TIM+R10       Skipped 
183  TIM2e         7872.912     20  15785.824    15786.682    15883.979
184  TIM2e+I       7599.067     21  15240.134    15241.079    15343.197
185  TIM2e+G4      7486.228     21  15014.457    15015.402    15117.520
186  TIM2e+I+G4    7486.570     22  15017.140    15018.176    15125.111
187  TIM2e+R2      7496.743     22  15037.486    15038.522    15145.456
188  TIM2e+R3      7484.694     24  15017.388    15018.619    15135.174
189  TIM2e+R4      7484.692     26  15021.383    15022.826    15148.985
190  TIM2e+R5      Skipped 
191  TIM2e+R6      Skipped 
192  TIM2e+R7      Skipped 
193  TIM2e+R8      Skipped 
194  TIM2e+R9      Skipped 
195  TIM2e+R10     Skipped 
196  TIM2          7783.446     23  15612.892    15614.023    15725.770
197  TIM2+I        7494.042     24  15036.083    15037.314    15153.870
198  TIM2+G4       7384.254     24  14816.509    14817.740    14934.295
199  TIM2+I+G4     7384.610     25  14819.221    14820.556    14941.915
200  TIM2+R2       7389.201     25  14828.401    14829.736    14951.095
201  TIM2+R3       7381.321     27  14816.643    14818.198    14949.152
202  TIM2+R4       7381.284     29  14820.569    14822.363    14962.894
203  TIM2+R5       Skipped 
204  TIM2+R6       Skipped 
205  TIM2+R7       Skipped 
206  TIM2+R8       Skipped 
207  TIM2+R9       Skipped 
208  TIM2+R10      Skipped 
209  TIM3e         7902.108     20  15844.216    15845.074    15942.371
210  TIM3e+I       7625.145     21  15292.290    15293.235    15395.353
211  TIM3e+G4      7523.260     21  15088.520    15089.464    15191.583
212  TIM3e+I+G4    7523.535     22  15091.070    15092.106    15199.040
213  TIM3e+R2      7530.440     22  15104.880    15105.916    15212.851
214  TIM3e+R3      7521.641     24  15091.281    15092.512    15209.068
215  TIM3e+R4      7521.628     26  15095.256    15096.699    15222.858
216  TIM3e+R5      Skipped 
217  TIM3e+R6      Skipped 
218  TIM3e+R7      Skipped 
219  TIM3e+R8      Skipped 
220  TIM3e+R9      Skipped 
221  TIM3e+R10     Skipped 
222  TIM3          7783.933     23  15613.865    15614.996    15726.743
223  TIM3+I        7491.862     24  15031.724    15032.955    15149.510
224  TIM3+G4       7375.631     24  14799.262    14800.493    14917.049
225  TIM3+I+G4     7375.689     25  14801.378    14802.713    14924.072
226  TIM3+R2       7382.215     25  14814.431    14815.765    14937.125
227  TIM3+R3       7374.683     27  14803.366    14804.922    14935.876
228  TIM3+R4       7374.667     29  14807.335    14809.129    14949.660
229  TIM3+R5       Skipped 
230  TIM3+R6       Skipped 
231  TIM3+R7       Skipped 
232  TIM3+R8       Skipped 
233  TIM3+R9       Skipped 
234  TIM3+R10      Skipped 
235  TVMe          7873.906     21  15789.812    15790.757    15892.875
236  TVMe+I        7600.011     22  15244.022    15245.058    15351.993
237  TVMe+G4       7491.047     22  15026.093    15027.129    15134.064
238  TVMe+I+G4     7491.387     23  15028.775    15029.906    15141.653
239  TVMe+R2       7500.012     23  15046.024    15047.155    15158.902
240  TVMe+R3       7489.098     25  15028.196    15029.531    15150.890
241  TVMe+R4       7489.096     27  15032.192    15033.748    15164.702
242  TVMe+R5       Skipped 
243  TVMe+R6       Skipped 
244  TVMe+R7       Skipped 
245  TVMe+R8       Skipped 
246  TVMe+R9       Skipped 
247  TVMe+R10      Skipped 
248  TVM           7774.462     24  15596.924    15598.155    15714.710
249  TVM+I         7484.283     25  15018.567    15019.902    15141.261
250  TVM+G4        7368.866     25  14787.733    14789.067    14910.427
251  TVM+I+G4      7369.174     26  14790.348    14791.791    14917.949
252  TVM+R2        7374.102     26  14800.204    14801.647    14927.806
253  TVM+R3        7365.852     28  14787.703    14789.376    14925.120
254  TVM+R4        7365.843     30  14791.686    14793.606    14938.919
255  TVM+R5        Skipped 
256  TVM+R6        Skipped 
257  TVM+R7        Skipped 
258  TVM+R8        Skipped 
259  TVM+R9        Skipped 
260  TVM+R10       Skipped 
261  SYM           7871.580     22  15787.160    15788.195    15895.130
262  SYM+I         7597.757     23  15241.514    15242.645    15354.392
263  SYM+G4        7482.928     23  15011.856    15012.987    15124.735
264  SYM+I+G4      7483.229     24  15014.458    15015.689    15132.245
265  SYM+R2        7493.782     24  15035.564    15036.795    15153.350
266  SYM+R3        7481.456     26  15014.912    15016.355    15142.514
267  SYM+R4        7481.449     28  15018.898    15020.571    15156.316
268  SYM+R5        Skipped 
269  SYM+R6        Skipped 
270  SYM+R7        Skipped 
271  SYM+R8        Skipped 
272  SYM+R9        Skipped 
273  SYM+R10       Skipped 
274  GTR           7773.283     25  15596.567    15597.901    15719.260
275  GTR+I         7483.870     26  15019.741    15021.184    15147.342
276  GTR+G4        7368.625     26  14789.250    14790.693    14916.852
277  GTR+I+G4      7368.868     27  14791.735    14793.291    14924.245
278  GTR+R2        7373.858     27  14801.717    14803.272    14934.226
279  GTR+R3        7365.483     29  14788.966    14790.760    14931.291
280  GTR+R4        7365.432     31  14792.864    14794.913    14945.004
281  GTR+R5        Skipped 
282  GTR+R6        Skipped 
283  GTR+R7        Skipped 
284  GTR+R8        Skipped 
285  GTR+R9        Skipped 
286  GTR+R10       Skipped 
Akaike Information Criterion:           TVM+R3
Corrected Akaike Information Criterion: TVM+G4
Bayesian Information Criterion:         TPM3u+G4
Best-fit model: TPM3u+G4 chosen according to BIC

All model information printed to ./results/gene10.phy.model
CPU time for ModelFinder: 11.352 seconds (0h:0m:11s)
Wall-clock time for ModelFinder: 16.525 seconds (0h:0m:16s)
Generating 1000 samples for ultrafast bootstrap (seed: 603553)...

NOTE: 2 MB RAM (0 GB) is required!
Estimate model parameters (epsilon = 0.100)
1. Initial log-likelihood: -7651.204
2. Current log-likelihood: -7390.568
3. Current log-likelihood: -7378.653
4. Current log-likelihood: -7376.843
Optimal log-likelihood: -7376.776
Rate parameters:  A-C: 2.252  A-G: 5.927  A-T: 1.000  C-G: 2.252  C-T: 5.927  G-T: 1.000
Base frequencies:   A: 0.398  C: 0.161  G: 0.199  T: 0.241
Gamma shape alpha: 0.505
Parameters optimization took 4 rounds (0.125 sec)
Computing ML distances based on estimated model parameters... 0.000 sec
Computing BIONJ tree...
0.000 seconds
Log-likelihood of BIONJ tree: -7373.950
--------------------------------------------------------------------
|             INITIALIZING CANDIDATE TREE SET                      |
--------------------------------------------------------------------
Generating 98 parsimony trees... 0.119 second
Computing log-likelihood of 97 initial trees ... 0.650 seconds
Current best score: -7373.950

Do NNI search on 20 best initial trees
Estimate model parameters (epsilon = 0.100)
BETTER TREE FOUND at iteration 1: -7373.618
Estimate model parameters (epsilon = 0.100)
BETTER TREE FOUND at iteration 2: -7373.410
Estimate model parameters (epsilon = 0.100)
BETTER TREE FOUND at iteration 4: -7372.204
UPDATE BEST LOG-LIKELIHOOD: -7372.203
Iteration 10 / LogL: -7373.641 / Time: 0h:0m:18s
Iteration 20 / LogL: -7373.411 / Time: 0h:0m:19s
Finish initializing candidate tree set (10)
Current best tree score: -7372.203 / CPU time: 2.713
Number of iterations: 20
--------------------------------------------------------------------
|               OPTIMIZING CANDIDATE TREE SET                      |
--------------------------------------------------------------------
BETTER TREE FOUND at iteration 28: -7372.203
Iteration 30 / LogL: -7373.641 / Time: 0h:0m:20s (0h:0m:12s left)
UPDATE BEST LOG-LIKELIHOOD: -7372.203
Estimate model parameters (epsilon = 0.100)
BETTER TREE FOUND at iteration 32: -7372.190
Iteration 40 / LogL: -7372.262 / Time: 0h:0m:21s (0h:0m:10s left)
Iteration 50 / LogL: -7372.329 / Time: 0h:0m:21s (0h:0m:8s left)
Log-likelihood cutoff on original alignment: -7380.030
Iteration 60 / LogL: -7372.196 / Time: 0h:0m:22s (0h:0m:7s left)
Iteration 70 / LogL: -7372.276 / Time: 0h:0m:23s (0h:0m:5s left)
Iteration 80 / LogL: -7373.698 / Time: 0h:0m:24s (0h:0m:4s left)
Iteration 90 / LogL: -7372.190 / Time: 0h:0m:24s (0h:0m:3s left)
UPDATE BEST LOG-LIKELIHOOD: -7372.190
Iteration 100 / LogL: -7373.994 / Time: 0h:0m:25s (0h:0m:2s left)
Log-likelihood cutoff on original alignment: -7380.518
NOTE: Bootstrap correlation coefficient of split occurrence frequencies: 0.986
NOTE: UFBoot does not converge, continue at least 100 more iterations
Iteration 110 / LogL: -7372.276 / Time: 0h:0m:26s (0h:0m:7s left)
Iteration 120 / LogL: -7374.457 / Time: 0h:0m:26s (0h:0m:6s left)
Iteration 130 / LogL: -7372.196 / Time: 0h:0m:27s (0h:0m:5s left)
Iteration 140 / LogL: -7374.878 / Time: 0h:0m:27s (0h:0m:4s left)
Iteration 150 / LogL: -7372.190 / Time: 0h:0m:28s (0h:0m:3s left)
Log-likelihood cutoff on original alignment: -7380.569
Iteration 160 / LogL: -7372.196 / Time: 0h:0m:28s (0h:0m:3s left)
Iteration 170 / LogL: -7372.196 / Time: 0h:0m:29s (0h:0m:2s left)
Iteration 180 / LogL: -7372.191 / Time: 0h:0m:30s (0h:0m:1s left)
Iteration 190 / LogL: -7372.198 / Time: 0h:0m:30s (0h:0m:0s left)
UPDATE BEST LOG-LIKELIHOOD: -7372.190
Iteration 200 / LogL: -7372.190 / Time: 0h:0m:31s (0h:0m:0s left)
Log-likelihood cutoff on original alignment: -7380.569
NOTE: Bootstrap correlation coefficient of split occurrence frequencies: 0.995
TREE SEARCH COMPLETED AFTER 200 ITERATIONS / Time: 0h:0m:31s

--------------------------------------------------------------------
|                    FINALIZING TREE SEARCH                        |
--------------------------------------------------------------------
Performs final model parameters optimization
Estimate model parameters (epsilon = 0.010)
1. Initial log-likelihood: -7372.190
Optimal log-likelihood: -7372.185
Rate parameters:  A-C: 2.295  A-G: 6.021  A-T: 1.000  C-G: 2.295  C-T: 6.021  G-T: 1.000
Base frequencies:   A: 0.398  C: 0.161  G: 0.199  T: 0.241
Gamma shape alpha: 0.500
Parameters optimization took 1 rounds (0.008 sec)
BEST SCORE FOUND : -7372.185
Creating bootstrap support values...
Split supports printed to NEXUS file ./results/gene10.phy.splits.nex
Total tree length: 3.338

Total number of iterations: 200
CPU time used for tree search: 10.013 sec (0h:0m:10s)
Wall-clock time used for tree search: 15.212 sec (0h:0m:15s)
Total CPU time used: 21.485 sec (0h:0m:21s)
Total wall-clock time used: 31.988 sec (0h:0m:31s)

Computing bootstrap consensus tree...
Reading input file ./results/gene10.phy.splits.nex...
10 taxa and 153 splits.
Consensus tree written to ./results/gene10.phy.contree
Reading input trees file ./results/gene10.phy.contree
Log-likelihood of consensus tree: -7372.288

Analysis results written to: 
  IQ-TREE report:                ./results/gene10.phy.iqtree
  Maximum-likelihood tree:       ./results/gene10.phy.treefile
  Likelihood distances:          ./results/gene10.phy.mldist

Ultrafast bootstrap approximation results written to:
  Split support values:          ./results/gene10.phy.splits.nex
  Consensus tree:                ./results/gene10.phy.contree
  Screen log file:               ./results/gene10.phy.log

Date and Time: Tue Aug 22 18:15:42 2017
