IQ-TREE multicore version 1.5.4 for Linux 64-bit built Apr  2 2017
Copyright (c) 2011-2017 by Bui Quang Minh, Nguyen Lam Tung,
Olga Chernomor, Heiko Schmidt, and Arndt von Haeseler.

Host:    hpc-crick (AVX, 251 GB RAM)
Command: iqtree -s ./results/gene1.phy -nt 1 -bb 1000
Seed:    141902 (Using SPRNG - Scalable Parallel Random Number Generator)
Time:    Tue Aug 22 18:23:25 2017
Kernel:  AVX - 1 threads (40 CPU cores detected)

Reading alignment file ./results/gene1.phy ... Phylip format detected
Alignment most likely contains DNA/RNA sequences
Alignment has 10 sequences with 1000 columns and 525 patterns (389 informative sites, 350 constant sites)
   Gap/Ambiguity  Composition  p-value
   1  A    0.00%    passed     94.29%
   2  B    0.00%    passed     98.46%
   3  C    0.00%    passed     76.56%
   4  D    0.00%    passed     98.11%
   5  E    0.00%    passed     98.77%
   6  F    0.00%    passed     30.03%
   7  G    0.00%    passed     75.61%
   8  H    0.00%    passed     76.81%
   9  I    0.00%    passed     94.81%
  10  J    0.00%    passed     71.76%
****  TOTAL    0.00%  0 sequences failed composition chi2 test (p-value<5%; df=3)

Create initial parsimony tree by phylogenetic likelihood library (PLL)... 0.001 seconds

NOTE: ModelFinder requires 3 MB RAM!
ModelFinder will test 286 DNA models (sample size: 1000) ...
 No. Model         -LnL         df  AIC          AICc         BIC
  1  JC            8219.195     17  16472.391    16473.014    16555.822
  2  JC+I          7958.489     18  15952.977    15953.675    16041.317
  3  JC+G4         7870.939     18  15777.878    15778.576    15866.218
  4  JC+I+G4       7871.486     19  15780.971    15781.747    15874.218
  5  JC+R2         7874.213     19  15786.426    15787.202    15879.674
  6  JC+R3         7870.369     21  15782.737    15783.682    15885.800
  7  JC+R4         Skipped 
  8  JC+R5         Skipped 
  9  JC+R6         Skipped 
 10  JC+R7         Skipped 
 11  JC+R8         Skipped 
 12  JC+R9         Skipped 
 13  JC+R10        Skipped 
 14  F81           8118.986     20  16277.972    16278.830    16376.127
 15  F81+I         7847.274     21  15736.549    15737.493    15839.612
 16  F81+G4        7746.120     21  15534.240    15535.185    15637.303
 17  F81+I+G4      7746.590     22  15537.181    15538.217    15645.152
 18  F81+R2        7755.280     22  15554.561    15555.597    15662.532
 19  F81+R3        7746.017     24  15540.034    15541.265    15657.820
 20  F81+R4        7745.993     26  15543.986    15545.429    15671.588
 21  F81+R5        Skipped 
 22  F81+R6        Skipped 
 23  F81+R7        Skipped 
 24  F81+R8        Skipped 
 25  F81+R9        Skipped 
 26  F81+R10       Skipped 
 27  K2P           8070.920     18  16177.841    16178.538    16266.181
 28  K2P+I         7802.385     19  15642.769    15643.545    15736.016
 29  K2P+G4        7697.663     19  15433.325    15434.101    15526.573
 30  K2P+I+G4      7698.042     20  15436.085    15436.943    15534.240
 31  K2P+R2        7706.996     20  15453.992    15454.850    15552.147
 32  K2P+R3        7695.269     22  15434.537    15435.573    15542.508
 33  K2P+R4        7695.210     24  15438.420    15439.650    15556.206
 34  K2P+R5        Skipped 
 35  K2P+R6        Skipped 
 36  K2P+R7        Skipped 
 37  K2P+R8        Skipped 
 38  K2P+R9        Skipped 
 39  K2P+R10       Skipped 
 40  HKY           7974.252     21  15990.504    15991.449    16093.567
 41  HKY+I         7699.298     22  15442.596    15443.632    15550.567
 42  HKY+G4        7567.825     22  15179.650    15180.686    15287.621
 43  HKY+I+G4      7568.331     23  15182.662    15183.793    15295.541
 44  HKY+R2        7582.402     23  15210.803    15211.934    15323.682
 45  HKY+R3        7566.053     25  15182.106    15183.441    15304.800
 46  HKY+R4        7565.986     27  15185.971    15187.527    15318.481
 47  HKY+R5        Skipped 
 48  HKY+R6        Skipped 
 49  HKY+R7        Skipped 
 50  HKY+R8        Skipped 
 51  HKY+R9        Skipped 
 52  HKY+R10       Skipped 
 53  TNe           8065.091     19  16168.182    16168.957    16261.429
 54  TNe+I         7799.768     20  15639.535    15640.393    15737.690
 55  TNe+G4        7690.883     20  15421.765    15422.624    15519.921
 56  TNe+I+G4      7691.056     21  15424.111    15425.056    15527.174
 57  TNe+R2        7701.324     21  15444.649    15445.594    15547.712
 58  TNe+R3        7687.828     23  15421.655    15422.786    15534.534
 59  TNe+R4        7687.772     25  15425.544    15426.879    15548.238
 60  TNe+R5        Skipped 
 61  TNe+R6        Skipped 
 62  TNe+R7        Skipped 
 63  TNe+R8        Skipped 
 64  TNe+R9        Skipped 
 65  TNe+R10       Skipped 
 66  TN            7974.246     22  15992.493    15993.529    16100.463
 67  TN+I          7698.461     23  15442.921    15444.052    15555.800
 68  TN+G4         7567.748     23  15181.495    15182.626    15294.374
 69  TN+I+G4       7568.232     24  15184.464    15185.695    15302.250
 70  TN+R2         7582.187     24  15212.373    15213.604    15330.159
 71  TN+R3         7566.160     26  15184.321    15185.764    15311.923
 72  TN+R4         7565.973     28  15187.946    15189.619    15325.363
 73  TN+R5         Skipped 
 74  TN+R6         Skipped 
 75  TN+R7         Skipped 
 76  TN+R8         Skipped 
 77  TN+R9         Skipped 
 78  TN+R10        Skipped 
 79  K3P           8070.307     19  16178.615    16179.390    16271.862
 80  K3P+I         7801.682     20  15643.363    15644.221    15741.518
 81  K3P+G4        7695.358     20  15430.716    15431.574    15528.871
 82  K3P+I+G4      7695.501     21  15433.003    15433.947    15536.065
 83  K3P+R2        7704.926     21  15451.852    15452.797    15554.915
 84  K3P+R3        7693.629     23  15433.257    15434.388    15546.136
 85  K3P+R4        7693.495     25  15436.990    15438.325    15559.684
 86  K3P+R5        Skipped 
 87  K3P+R6        Skipped 
 88  K3P+R7        Skipped 
 89  K3P+R8        Skipped 
 90  K3P+R9        Skipped 
 91  K3P+R10       Skipped 
 92  K3Pu          7971.477     22  15986.955    15987.991    16094.926
 93  K3Pu+I        7696.365     23  15438.729    15439.860    15551.608
 94  K3Pu+G4       7560.384     23  15166.768    15167.900    15279.647
 95  K3Pu+I+G4     7560.767     24  15169.534    15170.765    15287.321
 96  K3Pu+R2       7574.153     24  15196.306    15197.537    15314.093
 97  K3Pu+R3       7558.626     26  15169.253    15170.696    15296.854
 98  K3Pu+R4       7558.453     28  15172.907    15174.579    15310.324
 99  K3Pu+R5       Skipped 
100  K3Pu+R6       Skipped 
101  K3Pu+R7       Skipped 
102  K3Pu+R8       Skipped 
103  K3Pu+R9       Skipped 
104  K3Pu+R10      Skipped 
105  TPM2          7962.097     22  15968.194    15969.230    16076.165
106  TPM2+I        7686.936     23  15419.872    15421.004    15532.751
107  TPM2+G4       7563.160     23  15172.321    15173.452    15285.199
108  TPM2+I+G4     7563.400     24  15174.800    15176.031    15292.586
109  TPM2+R2       7576.508     24  15201.016    15202.247    15318.802
110  TPM2+R3       7561.231     26  15174.461    15175.904    15302.063
111  TPM2+R4       7561.123     28  15178.247    15179.919    15315.664
112  TPM2+R5       Skipped 
113  TPM2+R6       Skipped 
114  TPM2+R7       Skipped 
115  TPM2+R8       Skipped 
116  TPM2+R9       Skipped 
117  TPM2+R10      Skipped 
118  TPM2u         7962.124     22  15968.248    15969.283    16076.218
119  TPM2u+I       7686.935     23  15419.870    15421.001    15532.748
120  TPM2u+G4      7563.175     23  15172.349    15173.480    15285.228
121  TPM2u+I+G4    7563.391     24  15174.782    15176.013    15292.568
122  TPM2u+R2      7576.486     24  15200.972    15202.202    15318.758
123  TPM2u+R3      7561.253     26  15174.506    15175.949    15302.108
124  TPM2u+R4      7561.110     28  15178.219    15179.892    15315.636
125  TPM2u+R5      Skipped 
126  TPM2u+R6      Skipped 
127  TPM2u+R7      Skipped 
128  TPM2u+R8      Skipped 
129  TPM2u+R9      Skipped 
130  TPM2u+R10     Skipped 
131  TPM3          7960.117     22  15964.233    15965.269    16072.204
132  TPM3+I        7687.569     23  15421.137    15422.269    15534.016
133  TPM3+G4       7548.629     23  15143.259    15144.390    15256.137
134  TPM3+I+G4     7548.550     24  15145.100    15146.331    15262.887
135  TPM3+R2       7563.339     24  15174.677    15175.908    15292.463
136  TPM3+R3       7545.603     26  15143.205    15144.648    15270.807
137  TPM3+R4       7545.484     28  15146.968    15148.641    15284.385
138  TPM3+R5       Skipped 
139  TPM3+R6       Skipped 
140  TPM3+R7       Skipped 
141  TPM3+R8       Skipped 
142  TPM3+R9       Skipped 
143  TPM3+R10      Skipped 
144  TPM3u         7960.166     22  15964.332    15965.368    16072.303
145  TPM3u+I       7687.568     23  15421.137    15422.268    15534.015
146  TPM3u+G4      7548.612     23  15143.224    15144.355    15256.102
147  TPM3u+I+G4    7548.504     24  15145.007    15146.238    15262.793
148  TPM3u+R2      7563.360     24  15174.721    15175.951    15292.507
149  TPM3u+R3      7545.550     26  15143.100    15144.543    15270.702
150  TPM3u+R4      7545.466     28  15146.932    15148.605    15284.349
151  TPM3u+R5      Skipped 
152  TPM3u+R6      Skipped 
153  TPM3u+R7      Skipped 
154  TPM3u+R8      Skipped 
155  TPM3u+R9      Skipped 
156  TPM3u+R10     Skipped 
157  TIMe          8064.496     20  16168.993    16169.851    16267.148
158  TIMe+I        7799.167     21  15640.333    15641.278    15743.396
159  TIMe+G4       7688.531     21  15419.062    15420.007    15522.125
160  TIMe+I+G4     7688.619     22  15421.239    15422.274    15529.209
161  TIMe+R2       7699.202     22  15442.403    15443.439    15550.374
162  TIMe+R3       7685.990     24  15419.980    15421.211    15537.766
163  TIMe+R4       7685.920     26  15423.840    15425.283    15551.442
164  TIMe+R5       Skipped 
165  TIMe+R6       Skipped 
166  TIMe+R7       Skipped 
167  TIMe+R8       Skipped 
168  TIMe+R9       Skipped 
169  TIMe+R10      Skipped 
170  TIM           7971.413     23  15988.827    15989.958    16101.705
171  TIM+I         7695.490     24  15438.979    15440.210    15556.765
172  TIM+G4        7560.436     24  15168.871    15170.102    15286.657
173  TIM+I+G4      7560.602     25  15171.205    15172.539    15293.898
174  TIM+R2        7573.861     25  15197.723    15199.058    15320.417
175  TIM+R3        7558.553     27  15171.107    15172.662    15303.616
176  TIM+R4        7558.275     29  15174.550    15176.344    15316.875
177  TIM+R5        Skipped 
178  TIM+R6        Skipped 
179  TIM+R7        Skipped 
180  TIM+R8        Skipped 
181  TIM+R9        Skipped 
182  TIM+R10       Skipped 
183  TIM2e         8030.901     20  16101.802    16102.660    16199.957
184  TIM2e+I       7765.245     21  15572.489    15573.434    15675.552
185  TIM2e+G4      7652.262     21  15346.524    15347.469    15449.587
186  TIM2e+I+G4    7652.267     22  15348.535    15349.570    15456.505
187  TIM2e+R2      7661.651     22  15367.303    15368.338    15475.273
188  TIM2e+R3      7647.596     24  15343.193    15344.424    15460.979
189  TIM2e+R4      7647.570     26  15347.141    15348.584    15474.742
190  TIM2e+R5      Skipped 
191  TIM2e+R6      Skipped 
192  TIM2e+R7      Skipped 
193  TIM2e+R8      Skipped 
194  TIM2e+R9      Skipped 
195  TIM2e+R10     Skipped 
196  TIM2          7962.095     23  15970.191    15971.322    16083.069
197  TIM2+I        7686.026     24  15420.052    15421.283    15537.838
198  TIM2+G4       7563.147     24  15174.295    15175.525    15292.081
199  TIM2+I+G4     7563.338     25  15176.675    15178.010    15299.369
200  TIM2+R2       7576.471     25  15202.942    15204.277    15325.636
201  TIM2+R3       7561.311     27  15176.623    15178.179    15309.132
202  TIM2+R4       7561.212     29  15180.424    15182.218    15322.749
203  TIM2+R5       Skipped 
204  TIM2+R6       Skipped 
205  TIM2+R7       Skipped 
206  TIM2+R8       Skipped 
207  TIM2+R9       Skipped 
208  TIM2+R10      Skipped 
209  TIM3e         8059.855     20  16159.711    16160.569    16257.866
210  TIM3e+I       7795.536     21  15633.073    15634.018    15736.136
211  TIM3e+G4      7684.156     21  15410.313    15411.258    15513.376
212  TIM3e+I+G4    7684.225     22  15412.450    15413.485    15520.420
213  TIM3e+R2      7695.808     22  15435.617    15436.653    15543.588
214  TIM3e+R3      7681.489     24  15410.979    15412.210    15528.765
215  TIM3e+R4      7681.491     26  15414.983    15416.426    15542.584
216  TIM3e+R5      Skipped 
217  TIM3e+R6      Skipped 
218  TIM3e+R7      Skipped 
219  TIM3e+R8      Skipped 
220  TIM3e+R9      Skipped 
221  TIM3e+R10     Skipped 
222  TIM3          7959.979     23  15965.959    15967.090    16078.837
223  TIM3+I        7686.467     24  15420.934    15422.165    15538.720
224  TIM3+G4       7548.663     24  15145.327    15146.557    15263.113
225  TIM3+I+G4     7548.573     25  15147.146    15148.481    15269.840
226  TIM3+R2       7563.426     25  15176.852    15178.186    15299.545
227  TIM3+R3       7545.737     27  15145.474    15147.029    15277.983
228  TIM3+R4       7545.629     29  15149.258    15151.051    15291.582
229  TIM3+R5       Skipped 
230  TIM3+R6       Skipped 
231  TIM3+R7       Skipped 
232  TIM3+R8       Skipped 
233  TIM3+R9       Skipped 
234  TIM3+R10      Skipped 
235  TVMe          8032.141     21  16106.282    16107.226    16209.344
236  TVMe+I        7764.012     22  15572.024    15573.060    15679.994
237  TVMe+G4       7653.422     22  15350.843    15351.879    15458.814
238  TVMe+I+G4     7653.376     23  15352.753    15353.884    15465.631
239  TVMe+R2       7661.369     23  15368.739    15369.870    15481.617
240  TVMe+R3       7650.799     25  15351.598    15352.933    15474.292
241  TVMe+R4       7650.719     27  15355.438    15356.993    15487.947
242  TVMe+R5       Skipped 
243  TVMe+R6       Skipped 
244  TVMe+R7       Skipped 
245  TVMe+R8       Skipped 
246  TVMe+R9       Skipped 
247  TVMe+R10      Skipped 
248  TVM           7948.171     24  15944.342    15945.573    16062.128
249  TVM+I         7674.936     25  15399.871    15401.206    15522.565
250  TVM+G4        7542.061     25  15134.123    15135.457    15256.817
251  TVM+I+G4      7542.275     26  15136.550    15137.993    15264.151
252  TVM+R2        7555.588     26  15163.175    15164.618    15290.777
253  TVM+R3        7539.923     28  15135.845    15137.518    15273.262
254  TVM+R4        7539.917     30  15139.834    15141.754    15287.067
255  TVM+R5        Skipped 
256  TVM+R6        Skipped 
257  TVM+R7        Skipped 
258  TVM+R8        Skipped 
259  TVM+R9        Skipped 
260  TVM+R10       Skipped 
261  SYM           8026.436     22  16096.871    16097.907    16204.842
262  SYM+I         7761.345     23  15568.691    15569.822    15681.569
263  SYM+G4        7644.649     23  15335.298    15336.429    15448.177
264  SYM+I+G4      7644.656     24  15337.312    15338.543    15455.098
265  SYM+R2        7655.209     24  15358.418    15359.649    15476.205
266  SYM+R3        7640.928     26  15333.856    15335.299    15461.458
267  SYM+R4        7640.860     28  15337.720    15339.392    15475.137
268  SYM+R5        Skipped 
269  SYM+R6        Skipped 
270  SYM+R7        Skipped 
271  SYM+R8        Skipped 
272  SYM+R9        Skipped 
273  SYM+R10       Skipped 
274  GTR           7947.970     25  15945.940    15947.275    16068.634
275  GTR+I         7673.552     26  15399.105    15400.548    15526.707
276  GTR+G4        7542.060     26  15136.119    15137.562    15263.721
277  GTR+I+G4      7542.163     27  15138.325    15139.881    15270.835
278  GTR+R2        7555.396     27  15164.791    15166.347    15297.301
279  GTR+R3        7539.963     29  15137.926    15139.720    15280.251
280  GTR+R4        7539.792     31  15141.585    15143.634    15293.725
281  GTR+R5        Skipped 
282  GTR+R6        Skipped 
283  GTR+R7        Skipped 
284  GTR+R8        Skipped 
285  GTR+R9        Skipped 
286  GTR+R10       Skipped 
Akaike Information Criterion:           TVM+G4
Corrected Akaike Information Criterion: TVM+G4
Bayesian Information Criterion:         TPM3u+G4
Best-fit model: TPM3u+G4 chosen according to BIC

All model information printed to ./results/gene1.phy.model
CPU time for ModelFinder: 23.444 seconds (0h:0m:23s)
Wall-clock time for ModelFinder: 25.054 seconds (0h:0m:25s)
Generating 1000 samples for ultrafast bootstrap (seed: 141902)...

NOTE: 2 MB RAM (0 GB) is required!
Estimate model parameters (epsilon = 0.100)
1. Initial log-likelihood: -7809.458
2. Current log-likelihood: -7561.657
3. Current log-likelihood: -7551.361
4. Current log-likelihood: -7549.835
Optimal log-likelihood: -7549.754
Rate parameters:  A-C: 2.617  A-G: 6.090  A-T: 1.000  C-G: 2.617  C-T: 6.090  G-T: 1.000
Base frequencies:   A: 0.389  C: 0.170  G: 0.209  T: 0.233
Gamma shape alpha: 0.499
Parameters optimization took 4 rounds (0.062 sec)
Computing ML distances based on estimated model parameters... 0.002 sec
Computing BIONJ tree...
0.000 seconds
Log-likelihood of BIONJ tree: -7546.206
--------------------------------------------------------------------
|             INITIALIZING CANDIDATE TREE SET                      |
--------------------------------------------------------------------
Generating 98 parsimony trees... 0.117 second
Computing log-likelihood of 96 initial trees ... 0.454 seconds
Current best score: -7546.206

Do NNI search on 20 best initial trees
Estimate model parameters (epsilon = 0.100)
BETTER TREE FOUND at iteration 1: -7544.969
Iteration 10 / LogL: -7545.235 / Time: 0h:0m:26s
Iteration 20 / LogL: -7544.978 / Time: 0h:0m:26s
Finish initializing candidate tree set (4)
Current best tree score: -7544.969 / CPU time: 1.378
Number of iterations: 20
--------------------------------------------------------------------
|               OPTIMIZING CANDIDATE TREE SET                      |
--------------------------------------------------------------------
Iteration 30 / LogL: -7544.973 / Time: 0h:0m:27s (0h:0m:4s left)
Iteration 40 / LogL: -7546.750 / Time: 0h:0m:27s (0h:0m:3s left)
Iteration 50 / LogL: -7546.749 / Time: 0h:0m:27s (0h:0m:2s left)
Log-likelihood cutoff on original alignment: -7562.294
Iteration 60 / LogL: -7546.749 / Time: 0h:0m:28s (0h:0m:2s left)
UPDATE BEST LOG-LIKELIHOOD: -7544.969
Iteration 70 / LogL: -7546.749 / Time: 0h:0m:28s (0h:0m:1s left)
UPDATE BEST LOG-LIKELIHOOD: -7544.969
Iteration 80 / LogL: -7546.749 / Time: 0h:0m:29s (0h:0m:1s left)
Iteration 90 / LogL: -7546.749 / Time: 0h:0m:29s (0h:0m:0s left)
Iteration 100 / LogL: -7544.973 / Time: 0h:0m:30s (0h:0m:0s left)
Log-likelihood cutoff on original alignment: -7561.975
NOTE: Bootstrap correlation coefficient of split occurrence frequencies: 0.999
TREE SEARCH COMPLETED AFTER 102 ITERATIONS / Time: 0h:0m:30s

--------------------------------------------------------------------
|                    FINALIZING TREE SEARCH                        |
--------------------------------------------------------------------
Performs final model parameters optimization
Estimate model parameters (epsilon = 0.010)
1. Initial log-likelihood: -7544.969
Optimal log-likelihood: -7544.967
Rate parameters:  A-C: 2.648  A-G: 6.135  A-T: 1.000  C-G: 2.648  C-T: 6.135  G-T: 1.000
Base frequencies:   A: 0.389  C: 0.170  G: 0.209  T: 0.233
Gamma shape alpha: 0.497
Parameters optimization took 1 rounds (0.008 sec)
BEST SCORE FOUND : -7544.967
Creating bootstrap support values...
Split supports printed to NEXUS file ./results/gene1.phy.splits.nex
Total tree length: 3.442

Total number of iterations: 102
CPU time used for tree search: 4.949 sec (0h:0m:4s)
Wall-clock time used for tree search: 5.024 sec (0h:0m:5s)
Total CPU time used: 28.518 sec (0h:0m:28s)
Total wall-clock time used: 30.226 sec (0h:0m:30s)

Computing bootstrap consensus tree...
Reading input file ./results/gene1.phy.splits.nex...
10 taxa and 81 splits.
Consensus tree written to ./results/gene1.phy.contree
Reading input trees file ./results/gene1.phy.contree
Log-likelihood of consensus tree: -7544.967

Analysis results written to: 
  IQ-TREE report:                ./results/gene1.phy.iqtree
  Maximum-likelihood tree:       ./results/gene1.phy.treefile
  Likelihood distances:          ./results/gene1.phy.mldist

Ultrafast bootstrap approximation results written to:
  Split support values:          ./results/gene1.phy.splits.nex
  Consensus tree:                ./results/gene1.phy.contree
  Screen log file:               ./results/gene1.phy.log

Date and Time: Tue Aug 22 18:23:55 2017
