IQ-TREE multicore version 1.5.4 for Linux 64-bit built Apr  2 2017
Copyright (c) 2011-2017 by Bui Quang Minh, Nguyen Lam Tung,
Olga Chernomor, Heiko Schmidt, and Arndt von Haeseler.

Host:    hpc-crick (AVX, 251 GB RAM)
Command: iqtree -s ./results/gene6.phy -nt 1 -bb 1000
Seed:    19597 (Using SPRNG - Scalable Parallel Random Number Generator)
Time:    Tue Aug 22 17:50:17 2017
Kernel:  AVX - 1 threads (40 CPU cores detected)

Reading alignment file ./results/gene6.phy ... Phylip format detected
Alignment most likely contains DNA/RNA sequences
Alignment has 10 sequences with 1000 columns and 486 patterns (334 informative sites, 372 constant sites)
   Gap/Ambiguity  Composition  p-value
   1  A    0.00%    passed     93.22%
   2  B    0.00%    passed     14.00%
   3  C    0.00%    passed     90.63%
   4  D    0.00%    passed     54.62%
   5  E    0.00%    passed     99.17%
   6  F    0.00%    passed     94.00%
   7  G    0.00%    passed     58.05%
   8  H    0.00%    passed     99.10%
   9  I    0.00%    passed     50.71%
  10  J    0.00%    passed     94.04%
****  TOTAL    0.00%  0 sequences failed composition chi2 test (p-value<5%; df=3)

Create initial parsimony tree by phylogenetic likelihood library (PLL)... 0.001 seconds

NOTE: ModelFinder requires 3 MB RAM!
ModelFinder will test 286 DNA models (sample size: 1000) ...
 No. Model         -LnL         df  AIC          AICc         BIC
  1  JC            7518.919     17  15071.838    15072.461    15155.270
  2  JC+I          7313.980     18  14663.959    14664.656    14752.299
  3  JC+G4         7257.349     18  14550.697    14551.395    14639.037
  4  JC+I+G4       7257.654     19  14553.309    14554.084    14646.556
  5  JC+R2         7261.476     19  14560.951    14561.727    14654.199
  6  JC+R3         7257.342     21  14556.685    14557.630    14659.748
  7  JC+R4         Skipped 
  8  JC+R5         Skipped 
  9  JC+R6         Skipped 
 10  JC+R7         Skipped 
 11  JC+R8         Skipped 
 12  JC+R9         Skipped 
 13  JC+R10        Skipped 
 14  F81           7423.365     20  14886.731    14887.589    14984.886
 15  F81+I         7212.582     21  14467.163    14468.108    14570.226
 16  F81+G4        7151.072     21  14344.143    14345.088    14447.206
 17  F81+I+G4      7151.397     22  14346.793    14347.829    14454.764
 18  F81+R2        7156.537     22  14357.074    14358.110    14465.044
 19  F81+R3        7150.995     24  14349.990    14351.221    14467.776
 20  F81+R4        Skipped 
 21  F81+R5        Skipped 
 22  F81+R6        Skipped 
 23  F81+R7        Skipped 
 24  F81+R8        Skipped 
 25  F81+R9        Skipped 
 26  F81+R10       Skipped 
 27  K2P           7389.810     18  14815.620    14816.317    14903.960
 28  K2P+I         7176.572     19  14391.144    14391.919    14484.391
 29  K2P+G4        7111.048     19  14260.096    14260.871    14353.343
 30  K2P+I+G4      7111.511     20  14263.023    14263.881    14361.178
 31  K2P+R2        7115.508     20  14271.016    14271.874    14369.171
 32  K2P+R3        7111.057     22  14266.115    14267.151    14374.086
 33  K2P+R4        Skipped 
 34  K2P+R5        Skipped 
 35  K2P+R6        Skipped 
 36  K2P+R7        Skipped 
 37  K2P+R8        Skipped 
 38  K2P+R9        Skipped 
 39  K2P+R10       Skipped 
 40  HKY           7278.672     21  14599.344    14600.289    14702.407
 41  HKY+I         7052.486     22  14148.972    14150.007    14256.942
 42  HKY+G4        6979.107     22  14002.214    14003.249    14110.184
 43  HKY+I+G4      6979.188     23  14004.375    14005.506    14117.254
 44  HKY+R2        6984.840     23  14015.680    14016.811    14128.558
 45  HKY+R3        6978.983     25  14007.966    14009.301    14130.660
 46  HKY+R4        Skipped 
 47  HKY+R5        Skipped 
 48  HKY+R6        Skipped 
 49  HKY+R7        Skipped 
 50  HKY+R8        Skipped 
 51  HKY+R9        Skipped 
 52  HKY+R10       Skipped 
 53  TNe           7389.682     19  14817.363    14818.139    14910.611
 54  TNe+I         7175.980     20  14391.959    14392.817    14490.114
 55  TNe+G4        7109.379     20  14258.758    14259.616    14356.913
 56  TNe+I+G4      7109.709     21  14261.418    14262.362    14364.480
 57  TNe+R2        7114.088     21  14270.177    14271.121    14373.240
 58  TNe+R3        7109.401     23  14264.803    14265.934    14377.681
 59  TNe+R4        Skipped 
 60  TNe+R5        Skipped 
 61  TNe+R6        Skipped 
 62  TNe+R7        Skipped 
 63  TNe+R8        Skipped 
 64  TNe+R9        Skipped 
 65  TNe+R10       Skipped 
 66  TN            7276.761     22  14597.521    14598.557    14705.492
 67  TN+I          7052.323     23  14150.647    14151.778    14263.525
 68  TN+G4         6978.999     23  14003.998    14005.129    14116.877
 69  TN+I+G4       6979.071     24  14006.142    14007.373    14123.928
 70  TN+R2         6984.507     24  14017.013    14018.244    14134.799
 71  TN+R3         6978.860     26  14009.720    14011.163    14137.322
 72  TN+R4         Skipped 
 73  TN+R5         Skipped 
 74  TN+R6         Skipped 
 75  TN+R7         Skipped 
 76  TN+R8         Skipped 
 77  TN+R9         Skipped 
 78  TN+R10        Skipped 
 79  K3P           7385.309     19  14808.618    14809.393    14901.865
 80  K3P+I         7172.396     20  14384.791    14385.649    14482.946
 81  K3P+G4        7105.334     20  14250.668    14251.526    14348.823
 82  K3P+I+G4      7105.792     21  14253.583    14254.528    14356.646
 83  K3P+R2        7109.710     21  14261.420    14262.365    14364.483
 84  K3P+R3        7105.300     23  14256.600    14257.731    14369.478
 85  K3P+R4        Skipped 
 86  K3P+R5        Skipped 
 87  K3P+R6        Skipped 
 88  K3P+R7        Skipped 
 89  K3P+R8        Skipped 
 90  K3P+R9        Skipped 
 91  K3P+R10       Skipped 
 92  K3Pu          7265.310     22  14574.619    14575.655    14682.590
 93  K3Pu+I        7041.742     23  14129.484    14130.615    14242.362
 94  K3Pu+G4       6962.074     23  13970.148    13971.279    14083.026
 95  K3Pu+I+G4     6962.450     24  13972.900    13974.131    14090.686
 96  K3Pu+R2       6966.752     24  13981.503    13982.734    14099.289
 97  K3Pu+R3       6961.727     26  13975.455    13976.898    14103.057
 98  K3Pu+R4       Skipped 
 99  K3Pu+R5       Skipped 
100  K3Pu+R6       Skipped 
101  K3Pu+R7       Skipped 
102  K3Pu+R8       Skipped 
103  K3Pu+R9       Skipped 
104  K3Pu+R10      Skipped 
105  TPM2          7274.352     22  14592.705    14593.741    14700.675
106  TPM2+I        7050.895     23  14147.791    14148.922    14260.669
107  TPM2+G4       6978.267     23  14002.534    14003.666    14115.413
108  TPM2+I+G4     6978.379     24  14004.759    14005.990    14122.545
109  TPM2+R2       6983.905     24  14015.809    14017.040    14133.595
110  TPM2+R3       6978.244     26  14008.487    14009.930    14136.089
111  TPM2+R4       Skipped 
112  TPM2+R5       Skipped 
113  TPM2+R6       Skipped 
114  TPM2+R7       Skipped 
115  TPM2+R8       Skipped 
116  TPM2+R9       Skipped 
117  TPM2+R10      Skipped 
118  TPM2u         7274.350     22  14592.700    14593.736    14700.670
119  TPM2u+I       7050.893     23  14147.786    14148.917    14260.665
120  TPM2u+G4      6978.276     23  14002.551    14003.682    14115.430
121  TPM2u+I+G4    6978.369     24  14004.739    14005.969    14122.525
122  TPM2u+R2      6983.897     24  14015.793    14017.024    14133.579
123  TPM2u+R3      6978.237     26  14008.474    14009.917    14136.076
124  TPM2u+R4      Skipped 
125  TPM2u+R5      Skipped 
126  TPM2u+R6      Skipped 
127  TPM2u+R7      Skipped 
128  TPM2u+R8      Skipped 
129  TPM2u+R9      Skipped 
130  TPM2u+R10     Skipped 
131  TPM3          7254.898     22  14553.797    14554.833    14661.767
132  TPM3+I        7039.040     23  14124.081    14125.212    14236.959
133  TPM3+G4       6956.508     23  13959.017    13960.148    14071.895
134  TPM3+I+G4     6957.057     24  13962.115    13963.345    14079.901
135  TPM3+R2       6958.660     24  13965.321    13966.552    14083.107
136  TPM3+R3       6955.278     26  13962.555    13963.998    14090.157
137  TPM3+R4       Skipped 
138  TPM3+R5       Skipped 
139  TPM3+R6       Skipped 
140  TPM3+R7       Skipped 
141  TPM3+R8       Skipped 
142  TPM3+R9       Skipped 
143  TPM3+R10      Skipped 
144  TPM3u         7254.941     22  14553.882    14554.918    14661.853
145  TPM3u+I       7039.044     23  14124.089    14125.220    14236.967
146  TPM3u+G4      6956.519     23  13959.037    13960.169    14071.916
147  TPM3u+I+G4    6957.025     24  13962.050    13963.280    14079.836
148  TPM3u+R2      6958.644     24  13965.288    13966.519    14083.075
149  TPM3u+R3      6955.228     26  13962.456    13963.899    14090.057
150  TPM3u+R4      Skipped 
151  TPM3u+R5      Skipped 
152  TPM3u+R6      Skipped 
153  TPM3u+R7      Skipped 
154  TPM3u+R8      Skipped 
155  TPM3u+R9      Skipped 
156  TPM3u+R10     Skipped 
157  TIMe          7385.176     20  14810.351    14811.209    14908.506
158  TIMe+I        7171.790     21  14385.580    14386.524    14488.643
159  TIMe+G4       7103.618     21  14249.236    14250.181    14352.299
160  TIMe+I+G4     7103.843     22  14251.686    14252.721    14359.656
161  TIMe+R2       7108.305     22  14260.611    14261.646    14368.581
162  TIMe+R3       7103.621     24  14255.242    14256.473    14373.028
163  TIMe+R4       Skipped 
164  TIMe+R5       Skipped 
165  TIMe+R6       Skipped 
166  TIMe+R7       Skipped 
167  TIMe+R8       Skipped 
168  TIMe+R9       Skipped 
169  TIMe+R10      Skipped 
170  TIM           7263.334     23  14572.667    14573.798    14685.546
171  TIM+I         7041.523     24  14131.045    14132.276    14248.832
172  TIM+G4        6962.084     24  13972.168    13973.399    14089.954
173  TIM+I+G4      6962.309     25  13974.619    13975.954    14097.313
174  TIM+R2        6966.436     25  13982.873    13984.207    14105.566
175  TIM+R3        6961.684     27  13977.367    13978.923    14109.877
176  TIM+R4        Skipped 
177  TIM+R5        Skipped 
178  TIM+R6        Skipped 
179  TIM+R7        Skipped 
180  TIM+R8        Skipped 
181  TIM+R9        Skipped 
182  TIM+R10       Skipped 
183  TIM2e         7367.193     20  14774.386    14775.244    14872.541
184  TIM2e+I       7155.676     21  14353.351    14354.296    14456.414
185  TIM2e+G4      7078.278     21  14198.557    14199.501    14301.619
186  TIM2e+I+G4    7078.482     22  14200.965    14202.001    14308.936
187  TIM2e+R2      7085.531     22  14215.062    14216.098    14323.033
188  TIM2e+R3      7077.356     24  14202.713    14203.944    14320.499
189  TIM2e+R4      7077.236     26  14206.472    14207.915    14334.074
190  TIM2e+R5      Skipped 
191  TIM2e+R6      Skipped 
192  TIM2e+R7      Skipped 
193  TIM2e+R8      Skipped 
194  TIM2e+R9      Skipped 
195  TIM2e+R10     Skipped 
196  TIM2          7272.135     23  14590.269    14591.400    14703.148
197  TIM2+I        7050.586     24  14149.172    14150.402    14266.958
198  TIM2+G4       6978.074     24  14004.148    14005.378    14121.934
199  TIM2+I+G4     6978.107     25  14006.213    14007.548    14128.907
200  TIM2+R2       6983.462     25  14016.923    14018.258    14139.617
201  TIM2+R3       6978.074     27  14010.149    14011.704    14142.658
202  TIM2+R4       Skipped 
203  TIM2+R5       Skipped 
204  TIM2+R6       Skipped 
205  TIM2+R7       Skipped 
206  TIM2+R8       Skipped 
207  TIM2+R9       Skipped 
208  TIM2+R10      Skipped 
209  TIM3e         7381.876     20  14803.752    14804.610    14901.907
210  TIM3e+I       7171.588     21  14385.176    14386.120    14488.238
211  TIM3e+G4      7103.245     21  14248.490    14249.434    14351.552
212  TIM3e+I+G4    7103.530     22  14251.060    14252.096    14359.031
213  TIM3e+R2      7106.901     22  14257.803    14258.839    14365.774
214  TIM3e+R3      7103.224     24  14254.448    14255.679    14372.234
215  TIM3e+R4      Skipped 
216  TIM3e+R5      Skipped 
217  TIM3e+R6      Skipped 
218  TIM3e+R7      Skipped 
219  TIM3e+R8      Skipped 
220  TIM3e+R9      Skipped 
221  TIM3e+R10     Skipped 
222  TIM3          7251.583     23  14549.166    14550.297    14662.045
223  TIM3+I        7038.764     24  14125.529    14126.760    14243.315
224  TIM3+G4       6956.057     24  13960.113    13961.344    14077.899
225  TIM3+I+G4     6956.610     25  13963.221    13964.555    14085.915
226  TIM3+R2       6957.362     25  13964.723    13966.058    14087.417
227  TIM3+R3       6954.662     27  13963.324    13964.879    14095.833
228  TIM3+R4       Skipped 
229  TIM3+R5       Skipped 
230  TIM3+R6       Skipped 
231  TIM3+R7       Skipped 
232  TIM3+R8       Skipped 
233  TIM3+R9       Skipped 
234  TIM3+R10      Skipped 
235  TVMe          7357.890     21  14757.780    14758.725    14860.843
236  TVMe+I        7149.369     22  14342.738    14343.774    14450.709
237  TVMe+G4       7071.417     22  14186.833    14187.869    14294.804
238  TVMe+I+G4     7071.750     23  14189.501    14190.632    14302.379
239  TVMe+R2       7077.493     23  14200.985    14202.116    14313.863
240  TVMe+R3       7070.715     25  14191.430    14192.764    14314.123
241  TVMe+R4       Skipped 
242  TVMe+R5       Skipped 
243  TVMe+R6       Skipped 
244  TVMe+R7       Skipped 
245  TVMe+R8       Skipped 
246  TVMe+R9       Skipped 
247  TVMe+R10      Skipped 
248  TVM           7246.702     24  14541.405    14542.635    14659.191
249  TVM+I         7033.706     25  14117.412    14118.747    14240.106
250  TVM+G4        6949.523     25  13949.046    13950.380    14071.739
251  TVM+I+G4      6950.061     26  13952.122    13953.565    14079.723
252  TVM+R2        6951.725     26  13955.450    13956.893    14083.051
253  TVM+R3        6948.398     28  13952.795    13954.468    14090.212
254  TVM+R4        Skipped 
255  TVM+R5        Skipped 
256  TVM+R6        Skipped 
257  TVM+R7        Skipped 
258  TVM+R8        Skipped 
259  TVM+R9        Skipped 
260  TVM+R10       Skipped 
261  SYM           7357.738     22  14759.476    14760.511    14867.446
262  SYM+I         7148.763     23  14343.527    14344.658    14456.405
263  SYM+G4        7067.755     23  14181.510    14182.642    14294.389
264  SYM+I+G4      7068.055     24  14184.111    14185.341    14301.897
265  SYM+R2        7074.693     24  14197.386    14198.617    14315.173
266  SYM+R3        7066.826     26  14185.652    14187.095    14313.253
267  SYM+R4        7066.785     28  14189.571    14191.243    14326.988
268  SYM+R5        Skipped 
269  SYM+R6        Skipped 
270  SYM+R7        Skipped 
271  SYM+R8        Skipped 
272  SYM+R9        Skipped 
273  SYM+R10       Skipped 
274  GTR           7243.132     25  14536.265    14537.599    14658.959
275  GTR+I         7033.383     26  14118.765    14120.208    14246.367
276  GTR+G4        6948.897     26  13949.793    13951.236    14077.395
277  GTR+I+G4      6949.359     27  13952.718    13954.273    14085.227
278  GTR+R2        6950.477     27  13954.954    13956.510    14087.463
279  GTR+R3        6947.528     29  13953.057    13954.850    14095.382
280  GTR+R4        Skipped 
281  GTR+R5        Skipped 
282  GTR+R6        Skipped 
283  GTR+R7        Skipped 
284  GTR+R8        Skipped 
285  GTR+R9        Skipped 
286  GTR+R10       Skipped 
Akaike Information Criterion:           TVM+G4
Corrected Akaike Information Criterion: TVM+G4
Bayesian Information Criterion:         TVM+G4
Best-fit model: TVM+G4 chosen according to BIC

All model information printed to ./results/gene6.phy.model
CPU time for ModelFinder: 7.979 seconds (0h:0m:7s)
Wall-clock time for ModelFinder: 9.017 seconds (0h:0m:9s)
Generating 1000 samples for ultrafast bootstrap (seed: 19597)...

NOTE: 2 MB RAM (0 GB) is required!
Estimate model parameters (epsilon = 0.100)
1. Initial log-likelihood: -7195.064
2. Current log-likelihood: -6956.518
3. Current log-likelihood: -6950.321
4. Current log-likelihood: -6949.945
Optimal log-likelihood: -6949.913
Rate parameters:  A-C: 2.261  A-G: 4.176  A-T: 0.600  C-G: 1.032  C-T: 4.176  G-T: 1.000
Base frequencies:   A: 0.398  C: 0.162  G: 0.187  T: 0.254
Gamma shape alpha: 0.578
Parameters optimization took 4 rounds (0.086 sec)
Computing ML distances based on estimated model parameters... 0.002 sec
Computing BIONJ tree...
0.000 seconds
Log-likelihood of BIONJ tree: -6950.445
--------------------------------------------------------------------
|             INITIALIZING CANDIDATE TREE SET                      |
--------------------------------------------------------------------
Generating 98 parsimony trees... 0.075 second
Computing log-likelihood of 89 initial trees ... 0.375 seconds
Current best score: -6949.156

Do NNI search on 20 best initial trees
Estimate model parameters (epsilon = 0.100)
BETTER TREE FOUND at iteration 1: -6946.385
Iteration 10 / LogL: -6948.157 / Time: 0h:0m:9s
Iteration 20 / LogL: -6947.435 / Time: 0h:0m:10s
Finish initializing candidate tree set (6)
Current best tree score: -6946.385 / CPU time: 1.258
Number of iterations: 20
--------------------------------------------------------------------
|               OPTIMIZING CANDIDATE TREE SET                      |
--------------------------------------------------------------------
UPDATE BEST LOG-LIKELIHOOD: -6946.385
Iteration 30 / LogL: -6946.385 / Time: 0h:0m:10s (0h:0m:4s left)
UPDATE BEST LOG-LIKELIHOOD: -6946.385
UPDATE BEST LOG-LIKELIHOOD: -6946.384
Iteration 40 / LogL: -6946.390 / Time: 0h:0m:11s (0h:0m:3s left)
Iteration 50 / LogL: -6948.632 / Time: 0h:0m:11s (0h:0m:2s left)
Log-likelihood cutoff on original alignment: -6953.403
Iteration 60 / LogL: -6946.899 / Time: 0h:0m:11s (0h:0m:1s left)
Iteration 70 / LogL: -6947.140 / Time: 0h:0m:11s (0h:0m:1s left)
UPDATE BEST LOG-LIKELIHOOD: -6946.384
Iteration 80 / LogL: -6946.389 / Time: 0h:0m:12s (0h:0m:0s left)
UPDATE BEST LOG-LIKELIHOOD: -6946.384
Iteration 90 / LogL: -6946.385 / Time: 0h:0m:12s (0h:0m:0s left)
Iteration 100 / LogL: -6946.385 / Time: 0h:0m:12s (0h:0m:0s left)
Log-likelihood cutoff on original alignment: -6954.300
NOTE: Bootstrap correlation coefficient of split occurrence frequencies: 0.994
TREE SEARCH COMPLETED AFTER 102 ITERATIONS / Time: 0h:0m:12s

--------------------------------------------------------------------
|                    FINALIZING TREE SEARCH                        |
--------------------------------------------------------------------
Performs final model parameters optimization
Estimate model parameters (epsilon = 0.010)
1. Initial log-likelihood: -6946.384
2. Current log-likelihood: -6946.361
3. Current log-likelihood: -6946.344
4. Current log-likelihood: -6946.332
5. Current log-likelihood: -6946.320
6. Current log-likelihood: -6946.310
7. Current log-likelihood: -6946.298
Optimal log-likelihood: -6946.288
Rate parameters:  A-C: 2.351  A-G: 4.248  A-T: 0.624  C-G: 1.007  C-T: 4.248  G-T: 1.000
Base frequencies:   A: 0.398  C: 0.162  G: 0.187  T: 0.254
Gamma shape alpha: 0.579
Parameters optimization took 7 rounds (0.028 sec)
BEST SCORE FOUND : -6946.288
Creating bootstrap support values...
Split supports printed to NEXUS file ./results/gene6.phy.splits.nex
Total tree length: 2.636

Total number of iterations: 102
CPU time used for tree search: 3.520 sec (0h:0m:3s)
Wall-clock time used for tree search: 3.541 sec (0h:0m:3s)
Total CPU time used: 11.657 sec (0h:0m:11s)
Total wall-clock time used: 12.716 sec (0h:0m:12s)

Computing bootstrap consensus tree...
Reading input file ./results/gene6.phy.splits.nex...
10 taxa and 150 splits.
Consensus tree written to ./results/gene6.phy.contree
Reading input trees file ./results/gene6.phy.contree
Log-likelihood of consensus tree: -6946.288

Analysis results written to: 
  IQ-TREE report:                ./results/gene6.phy.iqtree
  Maximum-likelihood tree:       ./results/gene6.phy.treefile
  Likelihood distances:          ./results/gene6.phy.mldist

Ultrafast bootstrap approximation results written to:
  Split support values:          ./results/gene6.phy.splits.nex
  Consensus tree:                ./results/gene6.phy.contree
  Screen log file:               ./results/gene6.phy.log

Date and Time: Tue Aug 22 17:50:29 2017
