IQ-TREE multicore version 1.5.4 for Linux 64-bit built Apr  2 2017
Copyright (c) 2011-2017 by Bui Quang Minh, Nguyen Lam Tung,
Olga Chernomor, Heiko Schmidt, and Arndt von Haeseler.

Host:    hpc-crick (AVX, 251 GB RAM)
Command: iqtree -s ./results/gene17.phy -nt 1 -bb 1000
Seed:    299481 (Using SPRNG - Scalable Parallel Random Number Generator)
Time:    Tue Aug 22 18:21:16 2017
Kernel:  AVX - 1 threads (40 CPU cores detected)

Reading alignment file ./results/gene17.phy ... Phylip format detected
Alignment most likely contains DNA/RNA sequences
Alignment has 10 sequences with 1000 columns and 498 patterns (363 informative sites, 380 constant sites)
   Gap/Ambiguity  Composition  p-value
   1  A    0.00%    passed     55.86%
   2  B    0.00%    passed     88.65%
   3  C    0.00%    passed     88.30%
   4  D    0.00%    passed     90.04%
   5  E    0.00%    passed     62.73%
   6  F    0.00%    passed     82.50%
   7  G    0.00%    passed     78.26%
   8  H    0.00%    passed     90.46%
   9  I    0.00%    passed     65.00%
  10  J    0.00%    passed     73.62%
****  TOTAL    0.00%  0 sequences failed composition chi2 test (p-value<5%; df=3)

Create initial parsimony tree by phylogenetic likelihood library (PLL)... 0.000 seconds

NOTE: ModelFinder requires 3 MB RAM!
ModelFinder will test 286 DNA models (sample size: 1000) ...
 No. Model         -LnL         df  AIC          AICc         BIC
  1  JC            7672.860     17  15379.721    15380.344    15463.152
  2  JC+I          7415.584     18  14867.167    14867.864    14955.507
  3  JC+G4         7371.467     18  14778.934    14779.632    14867.274
  4  JC+I+G4       7369.139     19  14776.278    14777.053    14869.525
  5  JC+R2         7371.949     19  14781.897    14782.673    14875.144
  6  JC+R3         7368.801     21  14779.601    14780.546    14882.664
  7  JC+R4         Skipped 
  8  JC+R5         Skipped 
  9  JC+R6         Skipped 
 10  JC+R7         Skipped 
 11  JC+R8         Skipped 
 12  JC+R9         Skipped 
 13  JC+R10        Skipped 
 14  F81           7569.557     20  15179.114    15179.972    15277.269
 15  F81+I         7302.614     21  14647.228    14648.172    14750.291
 16  F81+G4        7251.323     21  14544.647    14545.591    14647.709
 17  F81+I+G4      7248.723     22  14541.446    14542.482    14649.417
 18  F81+R2        7255.903     22  14555.806    14556.842    14663.777
 19  F81+R3        7248.215     24  14544.430    14545.661    14662.216
 20  F81+R4        7247.927     26  14547.853    14549.296    14675.455
 21  F81+R5        Skipped 
 22  F81+R6        Skipped 
 23  F81+R7        Skipped 
 24  F81+R8        Skipped 
 25  F81+R9        Skipped 
 26  F81+R10       Skipped 
 27  K2P           7533.546     18  15103.091    15103.788    15191.431
 28  K2P+I         7262.584     19  14563.169    14563.944    14656.416
 29  K2P+G4        7197.108     19  14432.216    14432.991    14525.463
 30  K2P+I+G4      7195.424     20  14430.848    14431.706    14529.003
 31  K2P+R2        7205.550     20  14451.099    14451.957    14549.255
 32  K2P+R3        7192.657     22  14429.315    14430.350    14537.285
 33  K2P+R4        7192.279     24  14432.558    14433.789    14550.345
 34  K2P+R5        Skipped 
 35  K2P+R6        Skipped 
 36  K2P+R7        Skipped 
 37  K2P+R8        Skipped 
 38  K2P+R9        Skipped 
 39  K2P+R10       Skipped 
 40  HKY           7442.912     21  14927.824    14928.769    15030.887
 41  HKY+I         7154.328     22  14352.656    14353.692    14460.627
 42  HKY+G4        7074.325     22  14192.649    14193.685    14300.620
 43  HKY+I+G4      7071.872     23  14189.743    14190.874    14302.621
 44  HKY+R2        7087.944     23  14221.887    14223.018    14334.766
 45  HKY+R3        7069.706     25  14189.411    14190.746    14312.105
 46  HKY+R4        7068.928     27  14191.856    14193.411    14324.365
 47  HKY+R5        Skipped 
 48  HKY+R6        Skipped 
 49  HKY+R7        Skipped 
 50  HKY+R8        Skipped 
 51  HKY+R9        Skipped 
 52  HKY+R10       Skipped 
 53  TNe           7533.503     19  15105.005    15105.781    15198.253
 54  TNe+I         7262.538     20  14565.075    14565.933    14663.230
 55  TNe+G4        7195.936     20  14431.873    14432.731    14530.028
 56  TNe+I+G4      7194.263     21  14430.525    14431.470    14533.588
 57  TNe+R2        7205.019     21  14452.038    14452.982    14555.101
 58  TNe+R3        7191.080     23  14428.159    14429.290    14541.037
 59  TNe+R4        7190.695     25  14431.391    14432.726    14554.085
 60  TNe+R5        Skipped 
 61  TNe+R6        Skipped 
 62  TNe+R7        Skipped 
 63  TNe+R8        Skipped 
 64  TNe+R9        Skipped 
 65  TNe+R10       Skipped 
 66  TN            7434.822     22  14913.645    14914.681    15021.616
 67  TN+I          7148.529     23  14343.058    14344.189    14455.936
 68  TN+G4         7070.670     23  14187.340    14188.471    14300.218
 69  TN+I+G4       7068.034     24  14184.067    14185.298    14301.853
 70  TN+R2         7083.560     24  14215.121    14216.352    14332.907
 71  TN+R3         7065.813     26  14183.627    14185.070    14311.228
 72  TN+R4         7065.137     28  14186.273    14187.946    14323.691
 73  TN+R5         Skipped 
 74  TN+R6         Skipped 
 75  TN+R7         Skipped 
 76  TN+R8         Skipped 
 77  TN+R9         Skipped 
 78  TN+R10        Skipped 
 79  K3P           7533.451     19  15104.903    15105.678    15198.150
 80  K3P+I         7262.454     20  14564.909    14565.767    14663.064
 81  K3P+G4        7196.578     20  14433.156    14434.014    14531.311
 82  K3P+I+G4      7194.878     21  14431.756    14432.701    14534.819
 83  K3P+R2        7205.060     21  14452.119    14453.064    14555.182
 84  K3P+R3        7192.151     23  14430.302    14431.433    14543.180
 85  K3P+R4        7191.769     25  14433.538    14434.873    14556.232
 86  K3P+R5        Skipped 
 87  K3P+R6        Skipped 
 88  K3P+R7        Skipped 
 89  K3P+R8        Skipped 
 90  K3P+R9        Skipped 
 91  K3P+R10       Skipped 
 92  K3Pu          7441.266     22  14926.532    14927.568    15034.503
 93  K3Pu+I        7152.342     23  14350.684    14351.815    14463.562
 94  K3Pu+G4       7071.675     23  14189.350    14190.481    14302.228
 95  K3Pu+I+G4     7069.035     24  14186.071    14187.302    14303.857
 96  K3Pu+R2       7084.871     24  14217.742    14218.973    14335.528
 97  K3Pu+R3       7066.842     26  14185.683    14187.126    14313.285
 98  K3Pu+R4       7066.107     28  14188.214    14189.887    14325.631
 99  K3Pu+R5       Skipped 
100  K3Pu+R6       Skipped 
101  K3Pu+R7       Skipped 
102  K3Pu+R8       Skipped 
103  K3Pu+R9       Skipped 
104  K3Pu+R10      Skipped 
105  TPM2          7433.528     22  14911.056    14912.091    15019.026
106  TPM2+I        7149.178     23  14344.355    14345.486    14457.233
107  TPM2+G4       7071.849     23  14189.698    14190.829    14302.576
108  TPM2+I+G4     7069.562     24  14187.125    14188.356    14304.911
109  TPM2+R2       7083.958     24  14215.916    14217.147    14333.702
110  TPM2+R3       7067.068     26  14186.137    14187.580    14313.738
111  TPM2+R4       7066.508     28  14189.016    14190.688    14326.433
112  TPM2+R5       Skipped 
113  TPM2+R6       Skipped 
114  TPM2+R7       Skipped 
115  TPM2+R8       Skipped 
116  TPM2+R9       Skipped 
117  TPM2+R10      Skipped 
118  TPM2u         7433.505     22  14911.010    14912.046    15018.981
119  TPM2u+I       7149.176     23  14344.352    14345.483    14457.230
120  TPM2u+G4      7071.860     23  14189.720    14190.851    14302.598
121  TPM2u+I+G4    7069.560     24  14187.119    14188.350    14304.906
122  TPM2u+R2      7083.963     24  14215.927    14217.157    14333.713
123  TPM2u+R3      7067.072     26  14186.145    14187.588    14313.746
124  TPM2u+R4      7066.506     28  14189.013    14190.685    14326.430
125  TPM2u+R5      Skipped 
126  TPM2u+R6      Skipped 
127  TPM2u+R7      Skipped 
128  TPM2u+R8      Skipped 
129  TPM2u+R9      Skipped 
130  TPM2u+R10     Skipped 
131  TPM3          7424.942     22  14893.885    14894.921    15001.856
132  TPM3+I        7139.471     23  14324.942    14326.073    14437.820
133  TPM3+G4       7055.149     23  14156.298    14157.430    14269.177
134  TPM3+I+G4     7052.390     24  14152.779    14154.010    14270.565
135  TPM3+R2       7072.150     24  14192.299    14193.530    14310.085
136  TPM3+R3       7050.393     26  14152.786    14154.229    14280.388
137  TPM3+R4       7050.184     28  14156.368    14158.041    14293.785
138  TPM3+R5       Skipped 
139  TPM3+R6       Skipped 
140  TPM3+R7       Skipped 
141  TPM3+R8       Skipped 
142  TPM3+R9       Skipped 
143  TPM3+R10      Skipped 
144  TPM3u         7424.872     22  14893.744    14894.780    15001.714
145  TPM3u+I       7139.429     23  14324.859    14325.990    14437.737
146  TPM3u+G4      7055.119     23  14156.238    14157.370    14269.117
147  TPM3u+I+G4    7052.381     24  14152.761    14153.992    14270.547
148  TPM3u+R2      7072.074     24  14192.149    14193.380    14309.935
149  TPM3u+R3      7050.291     26  14152.582    14154.024    14280.183
150  TPM3u+R4      7050.149     28  14156.299    14157.971    14293.716
151  TPM3u+R5      Skipped 
152  TPM3u+R6      Skipped 
153  TPM3u+R7      Skipped 
154  TPM3u+R8      Skipped 
155  TPM3u+R9      Skipped 
156  TPM3u+R10     Skipped 
157  TIMe          7533.433     20  15106.865    15107.723    15205.020
158  TIMe+I        7262.419     21  14566.838    14567.783    14669.901
159  TIMe+G4       7195.426     21  14432.853    14433.798    14535.916
160  TIMe+I+G4     7193.730     22  14431.460    14432.495    14539.430
161  TIMe+R2       7204.523     22  14453.046    14454.082    14561.017
162  TIMe+R3       7190.581     24  14429.163    14430.394    14546.949
163  TIMe+R4       7190.209     26  14432.419    14433.861    14560.020
164  TIMe+R5       Skipped 
165  TIMe+R6       Skipped 
166  TIMe+R7       Skipped 
167  TIMe+R8       Skipped 
168  TIMe+R9       Skipped 
169  TIMe+R10      Skipped 
170  TIM           7433.099     23  14912.199    14913.330    15025.077
171  TIM+I         7146.522     24  14341.043    14342.274    14458.829
172  TIM+G4        7067.916     24  14183.833    14185.064    14301.619
173  TIM+I+G4      7065.402     25  14180.804    14182.139    14303.498
174  TIM+R2        7080.850     25  14211.700    14213.035    14334.394
175  TIM+R3        7063.142     27  14180.284    14181.840    14312.794
176  TIM+R4        7062.593     29  14183.185    14184.979    14325.510
177  TIM+R5        Skipped 
178  TIM+R6        Skipped 
179  TIM+R7        Skipped 
180  TIM+R8        Skipped 
181  TIM+R9        Skipped 
182  TIM+R10       Skipped 
183  TIM2e         7511.651     20  15063.302    15064.160    15161.457
184  TIM2e+I       7244.686     21  14531.372    14532.317    14634.435
185  TIM2e+G4      7167.544     21  14377.088    14378.033    14480.151
186  TIM2e+I+G4    7166.419     22  14376.838    14377.874    14484.809
187  TIM2e+R2      7179.583     22  14403.167    14404.202    14511.137
188  TIM2e+R3      7163.324     24  14374.647    14375.878    14492.433
189  TIM2e+R4      7162.542     26  14377.083    14378.526    14504.685
190  TIM2e+R5      Skipped 
191  TIM2e+R6      Skipped 
192  TIM2e+R7      Skipped 
193  TIM2e+R8      Skipped 
194  TIM2e+R9      Skipped 
195  TIM2e+R10     Skipped 
196  TIM2          7425.090     23  14896.181    14897.312    15009.059
197  TIM2+I        7142.999     24  14333.998    14335.228    14451.784
198  TIM2+G4       7066.879     24  14181.759    14182.990    14299.545
199  TIM2+I+G4     7064.810     25  14179.620    14180.954    14302.314
200  TIM2+R2       7078.765     25  14207.530    14208.864    14330.223
201  TIM2+R3       7062.480     27  14178.959    14180.515    14311.469
202  TIM2+R4       7061.902     29  14181.803    14183.597    14324.128
203  TIM2+R5       Skipped 
204  TIM2+R6       Skipped 
205  TIM2+R7       Skipped 
206  TIM2+R8       Skipped 
207  TIM2+R9       Skipped 
208  TIM2+R10      Skipped 
209  TIM3e         7527.316     20  15094.631    15095.489    15192.786
210  TIM3e+I       7257.356     21  14556.712    14557.657    14659.775
211  TIM3e+G4      7190.214     21  14422.427    14423.372    14525.490
212  TIM3e+I+G4    7188.401     22  14420.803    14421.838    14528.773
213  TIM3e+R2      7199.595     22  14443.189    14444.225    14551.160
214  TIM3e+R3      7185.037     24  14418.073    14419.304    14535.859
215  TIM3e+R4      7184.784     26  14421.567    14423.010    14549.169
216  TIM3e+R5      Skipped 
217  TIM3e+R6      Skipped 
218  TIM3e+R7      Skipped 
219  TIM3e+R8      Skipped 
220  TIM3e+R9      Skipped 
221  TIM3e+R10     Skipped 
222  TIM3          7414.594     23  14875.188    14876.320    14988.067
223  TIM3+I        7133.142     24  14314.285    14315.515    14432.071
224  TIM3+G4       7048.660     24  14145.321    14146.552    14263.107
225  TIM3+I+G4     7046.376     25  14142.753    14144.087    14265.446
226  TIM3+R2       7066.698     25  14183.396    14184.731    14306.090
227  TIM3+R3       7045.624     27  14145.248    14146.803    14277.757
228  TIM3+R4       7045.337     29  14148.675    14150.469    14291.000
229  TIM3+R5       Skipped 
230  TIM3+R6       Skipped 
231  TIM3+R7       Skipped 
232  TIM3+R8       Skipped 
233  TIM3+R9       Skipped 
234  TIM3+R10      Skipped 
235  TVMe          7506.070     21  15054.140    15055.085    15157.203
236  TVMe+I        7239.935     22  14523.871    14524.907    14631.842
237  TVMe+G4       7163.877     22  14371.755    14372.791    14479.726
238  TVMe+I+G4     7162.614     23  14371.229    14372.360    14484.107
239  TVMe+R2       7175.370     23  14396.740    14397.871    14509.618
240  TVMe+R3       7159.501     25  14369.001    14370.336    14491.695
241  TVMe+R4       7159.005     27  14372.010    14373.565    14504.519
242  TVMe+R5       Skipped 
243  TVMe+R6       Skipped 
244  TVMe+R7       Skipped 
245  TVMe+R8       Skipped 
246  TVMe+R9       Skipped 
247  TVMe+R10      Skipped 
248  TVM           7415.922     24  14879.845    14881.076    14997.631
249  TVM+I         7134.513     25  14319.025    14320.360    14441.719
250  TVM+G4        7052.676     25  14155.353    14156.687    14278.046
251  TVM+I+G4      7050.271     26  14152.542    14153.985    14280.143
252  TVM+R2        7067.960     26  14187.920    14189.363    14315.522
253  TVM+R3        7048.089     28  14152.179    14153.851    14289.596
254  TVM+R4        7047.905     30  14155.810    14157.730    14303.043
255  TVM+R5        Skipped 
256  TVM+R6        Skipped 
257  TVM+R7        Skipped 
258  TVM+R8        Skipped 
259  TVM+R9        Skipped 
260  TVM+R10       Skipped 
261  SYM           7506.173     22  15056.346    15057.381    15164.316
262  SYM+I         7239.961     23  14525.922    14527.053    14638.800
263  SYM+G4        7161.972     23  14369.944    14371.075    14482.823
264  SYM+I+G4      7160.825     24  14369.649    14370.880    14487.435
265  SYM+R2        7174.256     24  14396.512    14397.743    14514.298
266  SYM+R3        7157.605     26  14367.210    14368.653    14494.812
267  SYM+R4        7157.030     28  14370.060    14371.732    14507.477
268  SYM+R5        Skipped 
269  SYM+R6        Skipped 
270  SYM+R7        Skipped 
271  SYM+R8        Skipped 
272  SYM+R9        Skipped 
273  SYM+R10       Skipped 
274  GTR           7405.186     25  14860.372    14861.707    14983.066
275  GTR+I         7127.767     26  14307.534    14308.977    14435.136
276  GTR+G4        7044.718     26  14141.436    14142.879    14269.038
277  GTR+I+G4      7042.931     27  14139.861    14141.417    14272.371
278  GTR+R2        7062.426     27  14178.852    14180.408    14311.361
279  GTR+R3        7042.415     29  14142.831    14144.624    14285.155
280  GTR+R4        7042.125     31  14146.250    14148.300    14298.391
281  GTR+R5        Skipped 
282  GTR+R6        Skipped 
283  GTR+R7        Skipped 
284  GTR+R8        Skipped 
285  GTR+R9        Skipped 
286  GTR+R10       Skipped 
Akaike Information Criterion:           GTR+I+G4
Corrected Akaike Information Criterion: GTR+I+G4
Bayesian Information Criterion:         TIM3+G4
Best-fit model: TIM3+G4 chosen according to BIC

All model information printed to ./results/gene17.phy.model
CPU time for ModelFinder: 13.735 seconds (0h:0m:13s)
Wall-clock time for ModelFinder: 17.749 seconds (0h:0m:17s)
Generating 1000 samples for ultrafast bootstrap (seed: 299481)...

NOTE: 2 MB RAM (0 GB) is required!
Estimate model parameters (epsilon = 0.100)
1. Initial log-likelihood: -7313.718
2. Current log-likelihood: -7063.808
3. Current log-likelihood: -7052.008
4. Current log-likelihood: -7050.304
5. Current log-likelihood: -7050.199
Optimal log-likelihood: -7050.145
Rate parameters:  A-C: 3.077  A-G: 5.244  A-T: 1.000  C-G: 3.077  C-T: 9.425  G-T: 1.000
Base frequencies:   A: 0.398  C: 0.156  G: 0.223  T: 0.223
Gamma shape alpha: 0.500
Parameters optimization took 5 rounds (0.212 sec)
Computing ML distances based on estimated model parameters... 0.002 sec
Computing BIONJ tree...
0.000 seconds
Log-likelihood of BIONJ tree: -7047.720
--------------------------------------------------------------------
|             INITIALIZING CANDIDATE TREE SET                      |
--------------------------------------------------------------------
Generating 98 parsimony trees... 0.207 second
Computing log-likelihood of 96 initial trees ... 1.094 seconds
Current best score: -7046.340

Do NNI search on 20 best initial trees
Estimate model parameters (epsilon = 0.100)
BETTER TREE FOUND at iteration 1: -7043.457
Iteration 10 / LogL: -7043.602 / Time: 0h:0m:20s
Iteration 20 / LogL: -7045.600 / Time: 0h:0m:21s
Finish initializing candidate tree set (9)
Current best tree score: -7043.457 / CPU time: 3.679
Number of iterations: 20
--------------------------------------------------------------------
|               OPTIMIZING CANDIDATE TREE SET                      |
--------------------------------------------------------------------
Iteration 30 / LogL: -7043.583 / Time: 0h:0m:22s (0h:0m:11s left)
Iteration 40 / LogL: -7043.458 / Time: 0h:0m:22s (0h:0m:8s left)
Iteration 50 / LogL: -7043.602 / Time: 0h:0m:23s (0h:0m:5s left)
Log-likelihood cutoff on original alignment: -7051.293
Iteration 60 / LogL: -7043.459 / Time: 0h:0m:24s (0h:0m:4s left)
Iteration 70 / LogL: -7043.463 / Time: 0h:0m:24s (0h:0m:3s left)
Iteration 80 / LogL: -7043.462 / Time: 0h:0m:25s (0h:0m:1s left)
Iteration 90 / LogL: -7043.583 / Time: 0h:0m:25s (0h:0m:0s left)
UPDATE BEST LOG-LIKELIHOOD: -7043.457
Iteration 100 / LogL: -7043.583 / Time: 0h:0m:26s (0h:0m:0s left)
Log-likelihood cutoff on original alignment: -7051.293
NOTE: Bootstrap correlation coefficient of split occurrence frequencies: 0.995
TREE SEARCH COMPLETED AFTER 102 ITERATIONS / Time: 0h:0m:26s

--------------------------------------------------------------------
|                    FINALIZING TREE SEARCH                        |
--------------------------------------------------------------------
Performs final model parameters optimization
Estimate model parameters (epsilon = 0.010)
1. Initial log-likelihood: -7043.457
Optimal log-likelihood: -7043.452
Rate parameters:  A-C: 3.192  A-G: 5.247  A-T: 1.000  C-G: 3.192  C-T: 9.374  G-T: 1.000
Base frequencies:   A: 0.398  C: 0.156  G: 0.223  T: 0.223
Gamma shape alpha: 0.510
Parameters optimization took 1 rounds (0.012 sec)
BEST SCORE FOUND : -7043.452
Creating bootstrap support values...
Split supports printed to NEXUS file ./results/gene17.phy.splits.nex
Total tree length: 3.021

Total number of iterations: 102
CPU time used for tree search: 4.899 sec (0h:0m:4s)
Wall-clock time used for tree search: 8.467 sec (0h:0m:8s)
Total CPU time used: 18.767 sec (0h:0m:18s)
Total wall-clock time used: 26.570 sec (0h:0m:26s)

Computing bootstrap consensus tree...
Reading input file ./results/gene17.phy.splits.nex...
10 taxa and 157 splits.
Consensus tree written to ./results/gene17.phy.contree
Reading input trees file ./results/gene17.phy.contree
Log-likelihood of consensus tree: -7043.640

Analysis results written to: 
  IQ-TREE report:                ./results/gene17.phy.iqtree
  Maximum-likelihood tree:       ./results/gene17.phy.treefile
  Likelihood distances:          ./results/gene17.phy.mldist

Ultrafast bootstrap approximation results written to:
  Split support values:          ./results/gene17.phy.splits.nex
  Consensus tree:                ./results/gene17.phy.contree
  Screen log file:               ./results/gene17.phy.log

Date and Time: Tue Aug 22 18:21:43 2017
