IQ-TREE multicore version 1.5.4 for Linux 64-bit built Apr  2 2017
Copyright (c) 2011-2017 by Bui Quang Minh, Nguyen Lam Tung,
Olga Chernomor, Heiko Schmidt, and Arndt von Haeseler.

Host:    hpc-crick (AVX, 251 GB RAM)
Command: iqtree -s ./results/gene1.phy -nt 1 -bb 1000
Seed:    917734 (Using SPRNG - Scalable Parallel Random Number Generator)
Time:    Tue Aug 22 18:27:29 2017
Kernel:  AVX - 1 threads (40 CPU cores detected)

Reading alignment file ./results/gene1.phy ... Phylip format detected
Alignment most likely contains DNA/RNA sequences
Alignment has 10 sequences with 1000 columns and 526 patterns (386 informative sites, 354 constant sites)
   Gap/Ambiguity  Composition  p-value
   1  A    0.00%    passed     84.19%
   2  B    0.00%    passed     93.11%
   3  C    0.00%    passed     95.75%
   4  D    0.00%    passed     74.34%
   5  E    0.00%    passed     82.16%
   6  F    0.00%    passed     98.10%
   7  G    0.00%    passed     94.62%
   8  H    0.00%    passed     55.31%
   9  I    0.00%    passed     99.94%
  10  J    0.00%    passed     89.25%
****  TOTAL    0.00%  0 sequences failed composition chi2 test (p-value<5%; df=3)

Create initial parsimony tree by phylogenetic likelihood library (PLL)... 0.001 seconds

NOTE: ModelFinder requires 3 MB RAM!
ModelFinder will test 286 DNA models (sample size: 1000) ...
 No. Model         -LnL         df  AIC          AICc         BIC
  1  JC            8172.765     17  16379.530    16380.154    16462.962
  2  JC+I          7892.181     18  15820.362    15821.059    15908.701
  3  JC+G4         7799.401     18  15634.803    15635.500    15723.142
  4  JC+I+G4       7799.994     19  15637.988    15638.764    15731.236
  5  JC+R2         7804.555     19  15647.109    15647.885    15740.357
  6  JC+R3         7798.900     21  15639.801    15640.746    15742.864
  7  JC+R4         Skipped 
  8  JC+R5         Skipped 
  9  JC+R6         Skipped 
 10  JC+R7         Skipped 
 11  JC+R8         Skipped 
 12  JC+R9         Skipped 
 13  JC+R10        Skipped 
 14  F81           8067.337     20  16174.674    16175.532    16272.829
 15  F81+I         7776.423     21  15594.847    15595.791    15697.909
 16  F81+G4        7671.903     21  15385.805    15386.750    15488.868
 17  F81+I+G4      7672.481     22  15388.962    15389.998    15496.933
 18  F81+R2        7680.042     22  15404.084    15405.119    15512.054
 19  F81+R3        7671.464     24  15390.928    15392.159    15508.714
 20  F81+R4        7671.378     26  15394.756    15396.199    15522.358
 21  F81+R5        Skipped 
 22  F81+R6        Skipped 
 23  F81+R7        Skipped 
 24  F81+R8        Skipped 
 25  F81+R9        Skipped 
 26  F81+R10       Skipped 
 27  K2P           8018.080     18  16072.159    16072.856    16160.499
 28  K2P+I         7723.862     19  15485.724    15486.500    15578.971
 29  K2P+G4        7610.339     19  15258.678    15259.454    15351.926
 30  K2P+I+G4      7610.899     20  15261.797    15262.655    15359.952
 31  K2P+R2        7619.174     20  15278.348    15279.206    15376.503
 32  K2P+R3        7609.892     22  15263.783    15264.819    15371.754
 33  K2P+R4        7609.883     24  15267.766    15268.997    15385.552
 34  K2P+R5        Skipped 
 35  K2P+R6        Skipped 
 36  K2P+R7        Skipped 
 37  K2P+R8        Skipped 
 38  K2P+R9        Skipped 
 39  K2P+R10       Skipped 
 40  HKY           7901.611     21  15845.222    15846.167    15948.285
 41  HKY+I         7604.726     22  15253.453    15254.489    15361.423
 42  HKY+G4        7475.026     22  14994.051    14995.087    15102.022
 43  HKY+I+G4      7475.566     23  14997.132    14998.263    15110.011
 44  HKY+R2        7487.748     23  15021.497    15022.628    15134.375
 45  HKY+R3        7474.392     25  14998.784    15000.118    15121.477
 46  HKY+R4        7474.356     27  15002.712    15004.267    15135.221
 47  HKY+R5        Skipped 
 48  HKY+R6        Skipped 
 49  HKY+R7        Skipped 
 50  HKY+R8        Skipped 
 51  HKY+R9        Skipped 
 52  HKY+R10       Skipped 
 53  TNe           8016.494     19  16070.987    16071.763    16164.235
 54  TNe+I         7723.759     20  15487.519    15488.377    15585.674
 55  TNe+G4        7608.594     20  15257.188    15258.046    15355.343
 56  TNe+I+G4      7609.001     21  15260.001    15260.946    15363.064
 57  TNe+R2        7618.360     21  15278.721    15279.665    15381.783
 58  TNe+R3        7608.214     23  15262.429    15263.560    15375.307
 59  TNe+R4        7608.238     25  15266.477    15267.812    15389.171
 60  TNe+R5        Skipped 
 61  TNe+R6        Skipped 
 62  TNe+R7        Skipped 
 63  TNe+R8        Skipped 
 64  TNe+R9        Skipped 
 65  TNe+R10       Skipped 
 66  TN            7900.942     22  15845.885    15846.921    15953.855
 67  TN+I          7600.669     23  15247.338    15248.469    15360.217
 68  TN+G4         7474.074     23  14994.147    14995.278    15107.026
 69  TN+I+G4       7474.532     24  14997.064    14998.294    15114.850
 70  TN+R2         7485.788     24  15019.577    15020.807    15137.363
 71  TN+R3         7473.322     26  14998.644    15000.087    15126.246
 72  TN+R4         7473.332     28  15002.663    15004.336    15140.080
 73  TN+R5         Skipped 
 74  TN+R6         Skipped 
 75  TN+R7         Skipped 
 76  TN+R8         Skipped 
 77  TN+R9         Skipped 
 78  TN+R10        Skipped 
 79  K3P           8015.560     19  16069.120    16069.896    16162.368
 80  K3P+I         7721.165     20  15482.330    15483.188    15580.485
 81  K3P+G4        7607.691     20  15255.382    15256.240    15353.537
 82  K3P+I+G4      7608.070     21  15258.141    15259.086    15361.204
 83  K3P+R2        7616.448     21  15274.895    15275.840    15377.958
 84  K3P+R3        7607.209     23  15260.419    15261.550    15373.297
 85  K3P+R4        7607.207     25  15264.413    15265.748    15387.107
 86  K3P+R5        Skipped 
 87  K3P+R6        Skipped 
 88  K3P+R7        Skipped 
 89  K3P+R8        Skipped 
 90  K3P+R9        Skipped 
 91  K3P+R10       Skipped 
 92  K3Pu          7890.758     22  15825.515    15826.551    15933.486
 93  K3Pu+I        7595.431     23  15236.861    15237.992    15349.740
 94  K3Pu+G4       7465.410     23  14976.820    14977.952    15089.699
 95  K3Pu+I+G4     7465.701     24  14979.402    14980.633    15097.188
 96  K3Pu+R2       7477.994     24  15003.988    15005.218    15121.774
 97  K3Pu+R3       7464.828     26  14981.656    14983.098    15109.257
 98  K3Pu+R4       7464.818     28  14985.636    14987.309    15123.053
 99  K3Pu+R5       Skipped 
100  K3Pu+R6       Skipped 
101  K3Pu+R7       Skipped 
102  K3Pu+R8       Skipped 
103  K3Pu+R9       Skipped 
104  K3Pu+R10      Skipped 
105  TPM2          7895.777     22  15835.554    15836.590    15943.525
106  TPM2+I        7595.941     23  15237.882    15239.013    15350.761
107  TPM2+G4       7471.436     23  14988.872    14990.003    15101.750
108  TPM2+I+G4     7471.825     24  14991.651    14992.882    15109.437
109  TPM2+R2       7482.767     24  15013.535    15014.765    15131.321
110  TPM2+R3       7470.717     26  14993.434    14994.877    15121.036
111  TPM2+R4       7470.699     28  14997.398    14999.070    15134.815
112  TPM2+R5       Skipped 
113  TPM2+R6       Skipped 
114  TPM2+R7       Skipped 
115  TPM2+R8       Skipped 
116  TPM2+R9       Skipped 
117  TPM2+R10      Skipped 
118  TPM2u         7895.779     22  15835.559    15836.595    15943.529
119  TPM2u+I       7595.939     23  15237.878    15239.009    15350.756
120  TPM2u+G4      7471.426     23  14988.852    14989.983    15101.730
121  TPM2u+I+G4    7471.802     24  14991.604    14992.835    15109.391
122  TPM2u+R2      7482.767     24  15013.534    15014.765    15131.320
123  TPM2u+R3      7470.705     26  14993.410    14994.853    15121.012
124  TPM2u+R4      7470.688     28  14997.377    14999.049    15134.794
125  TPM2u+R5      Skipped 
126  TPM2u+R6      Skipped 
127  TPM2u+R7      Skipped 
128  TPM2u+R8      Skipped 
129  TPM2u+R9      Skipped 
130  TPM2u+R10     Skipped 
131  TPM3          7877.299     22  15798.599    15799.635    15906.569
132  TPM3+I        7587.216     23  15220.432    15221.563    15333.310
133  TPM3+G4       7455.237     23  14956.473    14957.605    15069.352
134  TPM3+I+G4     7455.324     24  14958.647    14959.878    15076.434
135  TPM3+R2       7464.183     24  14976.366    14977.597    15094.152
136  TPM3+R3       7454.000     26  14960.000    14961.443    15087.601
137  TPM3+R4       7454.045     28  14964.090    14965.762    15101.507
138  TPM3+R5       Skipped 
139  TPM3+R6       Skipped 
140  TPM3+R7       Skipped 
141  TPM3+R8       Skipped 
142  TPM3+R9       Skipped 
143  TPM3+R10      Skipped 
144  TPM3u         7877.287     22  15798.573    15799.609    15906.544
145  TPM3u+I       7587.219     23  15220.437    15221.568    15333.316
146  TPM3u+G4      7455.262     23  14956.524    14957.655    15069.403
147  TPM3u+I+G4    7455.296     24  14958.593    14959.823    15076.379
148  TPM3u+R2      7464.132     24  14976.265    14977.496    15094.051
149  TPM3u+R3      7453.990     26  14959.980    14961.423    15087.582
150  TPM3u+R4      7453.945     28  14963.891    14965.563    15101.308
151  TPM3u+R5      Skipped 
152  TPM3u+R6      Skipped 
153  TPM3u+R7      Skipped 
154  TPM3u+R8      Skipped 
155  TPM3u+R9      Skipped 
156  TPM3u+R10     Skipped 
157  TIMe          8014.007     20  16068.015    16068.873    16166.170
158  TIMe+I        7721.071     21  15484.143    15485.088    15587.206
159  TIMe+G4       7605.895     21  15253.790    15254.734    15356.853
160  TIMe+I+G4     7606.173     22  15256.346    15257.382    15364.317
161  TIMe+R2       7615.553     22  15275.107    15276.143    15383.077
162  TIMe+R3       7605.539     24  15259.079    15260.310    15376.865
163  TIMe+R4       7605.522     26  15263.043    15264.486    15390.645
164  TIMe+R5       Skipped 
165  TIMe+R6       Skipped 
166  TIMe+R7       Skipped 
167  TIMe+R8       Skipped 
168  TIMe+R9       Skipped 
169  TIMe+R10      Skipped 
170  TIM           7890.034     23  15826.068    15827.199    15938.946
171  TIM+I         7591.183     24  15230.366    15231.597    15348.152
172  TIM+G4        7464.859     24  14977.719    14978.949    15095.505
173  TIM+I+G4      7464.965     25  14979.930    14981.264    15102.623
174  TIM+R2        7476.645     25  15003.290    15004.624    15125.983
175  TIM+R3        7464.206     27  14982.412    14983.967    15114.921
176  TIM+R4        7464.190     29  14986.380    14988.174    15128.705
177  TIM+R5        Skipped 
178  TIM+R6        Skipped 
179  TIM+R7        Skipped 
180  TIM+R8        Skipped 
181  TIM+R9        Skipped 
182  TIM+R10       Skipped 
183  TIM2e         7991.149     20  16022.297    16023.155    16120.452
184  TIM2e+I       7696.176     21  15434.351    15435.296    15537.414
185  TIM2e+G4      7572.353     21  15186.705    15187.650    15289.768
186  TIM2e+I+G4    7572.512     22  15189.023    15190.059    15296.994
187  TIM2e+R2      7585.423     22  15214.846    15215.882    15322.817
188  TIM2e+R3      7571.573     24  15191.146    15192.377    15308.932
189  TIM2e+R4      7571.535     26  15195.070    15196.513    15322.672
190  TIM2e+R5      Skipped 
191  TIM2e+R6      Skipped 
192  TIM2e+R7      Skipped 
193  TIM2e+R8      Skipped 
194  TIM2e+R9      Skipped 
195  TIM2e+R10     Skipped 
196  TIM2          7895.084     23  15836.168    15837.299    15949.047
197  TIM2+I        7592.332     24  15232.664    15233.895    15350.450
198  TIM2+G4       7470.040     24  14988.080    14989.311    15105.866
199  TIM2+I+G4     7470.218     25  14990.436    14991.771    15113.130
200  TIM2+R2       7480.295     25  15010.589    15011.924    15133.283
201  TIM2+R3       7469.247     27  14992.494    14994.049    15125.003
202  TIM2+R4       7469.245     29  14996.490    14998.284    15138.815
203  TIM2+R5       Skipped 
204  TIM2+R6       Skipped 
205  TIM2+R7       Skipped 
206  TIM2+R8       Skipped 
207  TIM2+R9       Skipped 
208  TIM2+R10      Skipped 
209  TIM3e         8010.199     20  16060.399    16061.257    16158.554
210  TIM3e+I       7719.323     21  15480.646    15481.591    15583.709
211  TIM3e+G4      7603.299     21  15248.599    15249.543    15351.661
212  TIM3e+I+G4    7603.553     22  15251.105    15252.141    15359.076
213  TIM3e+R2      7611.780     22  15267.560    15268.596    15375.531
214  TIM3e+R3      7602.905     24  15253.810    15255.041    15371.596
215  TIM3e+R4      7602.945     26  15257.891    15259.334    15385.492
216  TIM3e+R5      Skipped 
217  TIM3e+R6      Skipped 
218  TIM3e+R7      Skipped 
219  TIM3e+R8      Skipped 
220  TIM3e+R9      Skipped 
221  TIM3e+R10     Skipped 
222  TIM3          7875.495     23  15796.990    15798.121    15909.868
223  TIM3+I        7582.743     24  15213.487    15214.718    15331.273
224  TIM3+G4       7453.730     24  14955.459    14956.690    15073.246
225  TIM3+I+G4     7453.568     25  14957.136    14958.471    15079.830
226  TIM3+R2       7462.399     25  14974.798    14976.133    15097.492
227  TIM3+R3       7452.029     27  14958.057    14959.613    15090.567
228  TIM3+R4       7451.995     29  14961.990    14963.783    15104.315
229  TIM3+R5       Skipped 
230  TIM3+R6       Skipped 
231  TIM3+R7       Skipped 
232  TIM3+R8       Skipped 
233  TIM3+R9       Skipped 
234  TIM3+R10      Skipped 
235  TVMe          7985.628     21  16013.256    16014.201    16116.319
236  TVMe+I        7690.323     22  15424.647    15425.683    15532.617
237  TVMe+G4       7568.450     22  15180.900    15181.936    15288.871
238  TVMe+I+G4     7568.625     23  15183.251    15184.382    15296.129
239  TVMe+R2       7579.011     23  15204.022    15205.153    15316.901
240  TVMe+R3       7568.011     25  15186.023    15187.357    15308.717
241  TVMe+R4       7568.009     27  15190.018    15191.573    15322.527
242  TVMe+R5       Skipped 
243  TVMe+R6       Skipped 
244  TVMe+R7       Skipped 
245  TVMe+R8       Skipped 
246  TVMe+R9       Skipped 
247  TVMe+R10      Skipped 
248  TVM           7868.444     24  15784.888    15786.118    15902.674
249  TVM+I         7575.051     25  15200.102    15201.436    15322.796
250  TVM+G4        7447.951     25  14945.902    14947.237    15068.596
251  TVM+I+G4      7448.029     26  14948.057    14949.500    15075.659
252  TVM+R2        7456.231     26  14964.462    14965.905    15092.064
253  TVM+R3        7446.771     28  14949.542    14951.214    15086.959
254  TVM+R4        7446.734     30  14953.467    14955.387    15100.700
255  TVM+R5        Skipped 
256  TVM+R6        Skipped 
257  TVM+R7        Skipped 
258  TVM+R8        Skipped 
259  TVM+R9        Skipped 
260  TVM+R10       Skipped 
261  SYM           7984.211     22  16012.422    16013.457    16120.392
262  SYM+I         7690.216     23  15426.432    15427.563    15539.310
263  SYM+G4        7565.771     23  15177.542    15178.673    15290.420
264  SYM+I+G4      7565.853     24  15179.707    15180.938    15297.493
265  SYM+R2        7577.660     24  15203.319    15204.550    15321.105
266  SYM+R3        7564.820     26  15181.639    15183.082    15309.241
267  SYM+R4        7564.769     28  15185.538    15187.210    15322.955
268  SYM+R5        Skipped 
269  SYM+R6        Skipped 
270  SYM+R7        Skipped 
271  SYM+R8        Skipped 
272  SYM+R9        Skipped 
273  SYM+R10       Skipped 
274  GTR           7866.479     25  15782.958    15784.293    15905.652
275  GTR+I         7570.618     26  15193.235    15194.678    15320.837
276  GTR+G4        7445.689     26  14943.378    14944.821    15070.980
277  GTR+I+G4      7445.807     27  14945.614    14947.170    15078.124
278  GTR+R2        7453.943     27  14961.886    14963.441    15094.395
279  GTR+R3        7444.129     29  14946.258    14948.052    15088.583
280  GTR+R4        7444.171     31  14950.343    14952.392    15102.483
281  GTR+R5        Skipped 
282  GTR+R6        Skipped 
283  GTR+R7        Skipped 
284  GTR+R8        Skipped 
285  GTR+R9        Skipped 
286  GTR+R10       Skipped 
Akaike Information Criterion:           GTR+G4
Corrected Akaike Information Criterion: GTR+G4
Bayesian Information Criterion:         TVM+G4
Best-fit model: TVM+G4 chosen according to BIC

All model information printed to ./results/gene1.phy.model
CPU time for ModelFinder: 12.286 seconds (0h:0m:12s)
Wall-clock time for ModelFinder: 14.551 seconds (0h:0m:14s)
Generating 1000 samples for ultrafast bootstrap (seed: 917734)...

NOTE: 2 MB RAM (0 GB) is required!
Estimate model parameters (epsilon = 0.100)
1. Initial log-likelihood: -7741.957
2. Current log-likelihood: -7460.177
3. Current log-likelihood: -7450.675
4. Current log-likelihood: -7449.961
Optimal log-likelihood: -7449.877
Rate parameters:  A-C: 3.180  A-G: 5.770  A-T: 0.826  C-G: 1.269  C-T: 5.770  G-T: 1.000
Base frequencies:   A: 0.389  C: 0.157  G: 0.202  T: 0.251
Gamma shape alpha: 0.513
Parameters optimization took 4 rounds (0.124 sec)
Computing ML distances based on estimated model parameters... 0.002 sec
Computing BIONJ tree...
0.000 seconds
Log-likelihood of BIONJ tree: -7436.949
--------------------------------------------------------------------
|             INITIALIZING CANDIDATE TREE SET                      |
--------------------------------------------------------------------
Generating 98 parsimony trees... 0.120 second
Computing log-likelihood of 92 initial trees ... 0.514 seconds
Current best score: -7435.988

Do NNI search on 20 best initial trees
Estimate model parameters (epsilon = 0.100)
BETTER TREE FOUND at iteration 1: -7426.460
Estimate model parameters (epsilon = 0.100)
BETTER TREE FOUND at iteration 4: -7422.546
Iteration 10 / LogL: -7422.547 / Time: 0h:0m:15s
Iteration 20 / LogL: -7422.548 / Time: 0h:0m:16s
Finish initializing candidate tree set (2)
Current best tree score: -7422.546 / CPU time: 1.609
Number of iterations: 20
--------------------------------------------------------------------
|               OPTIMIZING CANDIDATE TREE SET                      |
--------------------------------------------------------------------
UPDATE BEST LOG-LIKELIHOOD: -7422.546
Iteration 30 / LogL: -7422.659 / Time: 0h:0m:16s (0h:0m:5s left)
Iteration 40 / LogL: -7422.671 / Time: 0h:0m:17s (0h:0m:4s left)
UPDATE BEST LOG-LIKELIHOOD: -7422.546
Iteration 50 / LogL: -7426.536 / Time: 0h:0m:17s (0h:0m:3s left)
Log-likelihood cutoff on original alignment: -7447.238
Iteration 60 / LogL: -7426.536 / Time: 0h:0m:17s (0h:0m:2s left)
Iteration 70 / LogL: -7422.645 / Time: 0h:0m:18s (0h:0m:1s left)
Iteration 80 / LogL: -7422.635 / Time: 0h:0m:18s (0h:0m:1s left)
Iteration 90 / LogL: -7422.547 / Time: 0h:0m:19s (0h:0m:0s left)
UPDATE BEST LOG-LIKELIHOOD: -7422.546
Iteration 100 / LogL: -7422.551 / Time: 0h:0m:19s (0h:0m:0s left)
Log-likelihood cutoff on original alignment: -7447.238
NOTE: Bootstrap correlation coefficient of split occurrence frequencies: 1.000
UPDATE BEST LOG-LIKELIHOOD: -7422.546
TREE SEARCH COMPLETED AFTER 105 ITERATIONS / Time: 0h:0m:19s

--------------------------------------------------------------------
|                    FINALIZING TREE SEARCH                        |
--------------------------------------------------------------------
Performs final model parameters optimization
Estimate model parameters (epsilon = 0.010)
1. Initial log-likelihood: -7422.546
2. Current log-likelihood: -7422.516
3. Current log-likelihood: -7422.488
4. Current log-likelihood: -7422.472
5. Current log-likelihood: -7422.460
6. Current log-likelihood: -7422.446
7. Current log-likelihood: -7422.429
8. Current log-likelihood: -7422.416
9. Current log-likelihood: -7422.403
Optimal log-likelihood: -7422.393
Rate parameters:  A-C: 3.305  A-G: 6.210  A-T: 0.893  C-G: 1.284  C-T: 6.210  G-T: 1.000
Base frequencies:   A: 0.389  C: 0.157  G: 0.202  T: 0.251
Gamma shape alpha: 0.520
Parameters optimization took 9 rounds (0.058 sec)
BEST SCORE FOUND : -7422.393
Creating bootstrap support values...
Split supports printed to NEXUS file ./results/gene1.phy.splits.nex
Total tree length: 3.305

Total number of iterations: 105
CPU time used for tree search: 4.765 sec (0h:0m:4s)
Wall-clock time used for tree search: 4.930 sec (0h:0m:4s)
Total CPU time used: 17.286 sec (0h:0m:17s)
Total wall-clock time used: 19.723 sec (0h:0m:19s)

Computing bootstrap consensus tree...
Reading input file ./results/gene1.phy.splits.nex...
10 taxa and 75 splits.
Consensus tree written to ./results/gene1.phy.contree
Reading input trees file ./results/gene1.phy.contree
Log-likelihood of consensus tree: -7422.393

Analysis results written to: 
  IQ-TREE report:                ./results/gene1.phy.iqtree
  Maximum-likelihood tree:       ./results/gene1.phy.treefile
  Likelihood distances:          ./results/gene1.phy.mldist

Ultrafast bootstrap approximation results written to:
  Split support values:          ./results/gene1.phy.splits.nex
  Consensus tree:                ./results/gene1.phy.contree
  Screen log file:               ./results/gene1.phy.log

Date and Time: Tue Aug 22 18:27:49 2017
