IQ-TREE multicore version 1.5.4 for Linux 64-bit built Apr  2 2017
Copyright (c) 2011-2017 by Bui Quang Minh, Nguyen Lam Tung,
Olga Chernomor, Heiko Schmidt, and Arndt von Haeseler.

Host:    hpc-crick (AVX, 251 GB RAM)
Command: iqtree -s ./results/gene9.phy -nt 1 -bb 1000
Seed:    759491 (Using SPRNG - Scalable Parallel Random Number Generator)
Time:    Tue Aug 22 18:24:49 2017
Kernel:  AVX - 1 threads (40 CPU cores detected)

Reading alignment file ./results/gene9.phy ... Phylip format detected
Alignment most likely contains DNA/RNA sequences
Alignment has 10 sequences with 1000 columns and 505 patterns (347 informative sites, 366 constant sites)
   Gap/Ambiguity  Composition  p-value
   1  A    0.00%    passed     99.56%
   2  B    0.00%    passed     55.97%
   3  C    0.00%    passed     71.44%
   4  D    0.00%    passed     78.88%
   5  E    0.00%    passed     99.68%
   6  F    0.00%    passed     78.51%
   7  G    0.00%    passed     94.30%
   8  H    0.00%    passed     90.37%
   9  I    0.00%    passed     49.13%
  10  J    0.00%    passed     85.88%
****  TOTAL    0.00%  0 sequences failed composition chi2 test (p-value<5%; df=3)

Create initial parsimony tree by phylogenetic likelihood library (PLL)... 0.001 seconds

NOTE: ModelFinder requires 3 MB RAM!
ModelFinder will test 286 DNA models (sample size: 1000) ...
 No. Model         -LnL         df  AIC          AICc         BIC
  1  JC            7775.876     17  15585.752    15586.376    15669.184
  2  JC+I          7525.660     18  15087.321    15088.018    15175.660
  3  JC+G4         7456.553     18  14949.106    14949.803    15037.445
  4  JC+I+G4       7456.964     19  14951.927    14952.703    15045.174
  5  JC+R2         7460.453     19  14958.905    14959.681    15052.152
  6  JC+R3         7456.072     21  14954.143    14955.088    15057.206
  7  JC+R4         Skipped 
  8  JC+R5         Skipped 
  9  JC+R6         Skipped 
 10  JC+R7         Skipped 
 11  JC+R8         Skipped 
 12  JC+R9         Skipped 
 13  JC+R10        Skipped 
 14  F81           7682.533     20  15405.065    15405.923    15503.220
 15  F81+I         7433.080     21  14908.160    14909.105    15011.223
 16  F81+G4        7346.915     21  14735.829    14736.774    14838.892
 17  F81+I+G4      7347.397     22  14738.794    14739.830    14846.764
 18  F81+R2        7354.010     22  14752.019    14753.055    14859.990
 19  F81+R3        7346.823     24  14741.645    14742.876    14859.432
 20  F81+R4        7346.803     26  14745.606    14747.049    14873.207
 21  F81+R5        Skipped 
 22  F81+R6        Skipped 
 23  F81+R7        Skipped 
 24  F81+R8        Skipped 
 25  F81+R9        Skipped 
 26  F81+R10       Skipped 
 27  K2P           7644.083     18  15324.165    15324.862    15412.505
 28  K2P+I         7387.249     19  14812.497    14813.273    14905.745
 29  K2P+G4        7304.258     19  14646.515    14647.291    14739.762
 30  K2P+I+G4      7304.519     20  14649.037    14649.895    14747.192
 31  K2P+R2        7311.745     20  14663.491    14664.349    14761.646
 32  K2P+R3        7304.211     22  14652.421    14653.457    14760.392
 33  K2P+R4        7304.204     24  14656.409    14657.639    14774.195
 34  K2P+R5        Skipped 
 35  K2P+R6        Skipped 
 36  K2P+R7        Skipped 
 37  K2P+R8        Skipped 
 38  K2P+R9        Skipped 
 39  K2P+R10       Skipped 
 40  HKY           7542.131     21  15126.261    15127.206    15229.324
 41  HKY+I         7287.973     22  14619.946    14620.982    14727.917
 42  HKY+G4        7180.491     22  14404.982    14406.018    14512.953
 43  HKY+I+G4      7181.024     23  14408.048    14409.179    14520.926
 44  HKY+R2        7190.499     23  14426.998    14428.129    14539.876
 45  HKY+R3        7180.136     25  14410.271    14411.606    14532.965
 46  HKY+R4        7180.064     27  14414.129    14415.684    14546.638
 47  HKY+R5        Skipped 
 48  HKY+R6        Skipped 
 49  HKY+R7        Skipped 
 50  HKY+R8        Skipped 
 51  HKY+R9        Skipped 
 52  HKY+R10       Skipped 
 53  TNe           7643.242     19  15324.484    15325.259    15417.731
 54  TNe+I         7385.588     20  14811.176    14812.034    14909.331
 55  TNe+G4        7301.652     20  14643.304    14644.162    14741.459
 56  TNe+I+G4      7301.698     21  14645.396    14646.341    14748.459
 57  TNe+R2        7309.999     21  14661.997    14662.942    14765.060
 58  TNe+R3        7301.547     23  14649.093    14650.225    14761.972
 59  TNe+R4        7301.543     25  14653.085    14654.420    14775.779
 60  TNe+R5        Skipped 
 61  TNe+R6        Skipped 
 62  TNe+R7        Skipped 
 63  TNe+R8        Skipped 
 64  TNe+R9        Skipped 
 65  TNe+R10       Skipped 
 66  TN            7539.586     22  15123.172    15124.208    15231.143
 67  TN+I          7286.737     23  14619.474    14620.605    14732.353
 68  TN+G4         7179.861     23  14405.722    14406.853    14518.601
 69  TN+I+G4       7180.119     24  14408.237    14409.468    14526.023
 70  TN+R2         7189.435     24  14426.870    14428.101    14544.656
 71  TN+R3         7179.237     26  14410.475    14411.918    14538.076
 72  TN+R4         7179.246     28  14414.492    14416.165    14551.910
 73  TN+R5         Skipped 
 74  TN+R6         Skipped 
 75  TN+R7         Skipped 
 76  TN+R8         Skipped 
 77  TN+R9         Skipped 
 78  TN+R10        Skipped 
 79  K3P           7641.192     19  15320.385    15321.160    15413.632
 80  K3P+I         7383.339     20  14806.678    14807.536    14904.833
 81  K3P+G4        7298.165     20  14636.330    14637.188    14734.485
 82  K3P+I+G4      7298.287     21  14638.574    14639.519    14741.637
 83  K3P+R2        7305.769     21  14653.537    14654.482    14756.600
 84  K3P+R3        7298.106     23  14642.212    14643.343    14755.090
 85  K3P+R4        7298.103     25  14646.206    14647.541    14768.900
 86  K3P+R5        Skipped 
 87  K3P+R6        Skipped 
 88  K3P+R7        Skipped 
 89  K3P+R8        Skipped 
 90  K3P+R9        Skipped 
 91  K3P+R10       Skipped 
 92  K3Pu          7528.930     22  15101.861    15102.897    15209.832
 93  K3Pu+I        7276.091     23  14598.182    14599.313    14711.060
 94  K3Pu+G4       7161.626     23  14369.251    14370.382    14482.130
 95  K3Pu+I+G4     7162.129     24  14372.257    14373.488    14490.044
 96  K3Pu+R2       7170.255     24  14388.511    14389.741    14506.297
 97  K3Pu+R3       7161.113     26  14374.225    14375.668    14501.827
 98  K3Pu+R4       7161.081     28  14378.161    14379.834    14515.578
 99  K3Pu+R5       Skipped 
100  K3Pu+R6       Skipped 
101  K3Pu+R7       Skipped 
102  K3Pu+R8       Skipped 
103  K3Pu+R9       Skipped 
104  K3Pu+R10      Skipped 
105  TPM2          7534.165     22  15112.329    15113.365    15220.300
106  TPM2+I        7277.185     23  14600.370    14601.501    14713.249
107  TPM2+G4       7178.189     23  14402.377    14403.508    14515.255
108  TPM2+I+G4     7178.449     24  14404.897    14406.128    14522.683
109  TPM2+R2       7186.809     24  14421.617    14422.848    14539.404
110  TPM2+R3       7177.785     26  14407.569    14409.012    14535.171
111  TPM2+R4       7177.771     28  14411.542    14413.215    14548.959
112  TPM2+R5       Skipped 
113  TPM2+R6       Skipped 
114  TPM2+R7       Skipped 
115  TPM2+R8       Skipped 
116  TPM2+R9       Skipped 
117  TPM2+R10      Skipped 
118  TPM2u         7534.173     22  15112.347    15113.383    15220.317
119  TPM2u+I       7277.185     23  14600.369    14601.501    14713.248
120  TPM2u+G4      7178.117     23  14402.234    14403.365    14515.113
121  TPM2u+I+G4    7178.489     24  14404.979    14406.210    14522.765
122  TPM2u+R2      7186.808     24  14421.616    14422.847    14539.402
123  TPM2u+R3      7177.781     26  14407.563    14409.006    14535.164
124  TPM2u+R4      7177.765     28  14411.529    14413.202    14548.946
125  TPM2u+R5      Skipped 
126  TPM2u+R6      Skipped 
127  TPM2u+R7      Skipped 
128  TPM2u+R8      Skipped 
129  TPM2u+R9      Skipped 
130  TPM2u+R10     Skipped 
131  TPM3          7522.216     22  15088.433    15089.469    15196.404
132  TPM3+I        7276.885     23  14599.770    14600.901    14712.648
133  TPM3+G4       7158.132     23  14362.265    14363.396    14475.143
134  TPM3+I+G4     7158.610     24  14365.219    14366.450    14483.005
135  TPM3+R2       7164.708     24  14377.416    14378.647    14495.202
136  TPM3+R3       7156.831     26  14365.662    14367.105    14493.264
137  TPM3+R4       7156.820     28  14369.640    14371.312    14507.057
138  TPM3+R5       Skipped 
139  TPM3+R6       Skipped 
140  TPM3+R7       Skipped 
141  TPM3+R8       Skipped 
142  TPM3+R9       Skipped 
143  TPM3+R10      Skipped 
144  TPM3u         7522.261     22  15088.522    15089.558    15196.493
145  TPM3u+I       7276.866     23  14599.733    14600.864    14712.611
146  TPM3u+G4      7158.132     23  14362.264    14363.395    14475.142
147  TPM3u+I+G4    7158.580     24  14365.160    14366.390    14482.946
148  TPM3u+R2      7164.699     24  14377.398    14378.628    14495.184
149  TPM3u+R3      7156.807     26  14365.615    14367.058    14493.216
150  TPM3u+R4      7156.805     28  14369.610    14371.282    14507.027
151  TPM3u+R5      Skipped 
152  TPM3u+R6      Skipped 
153  TPM3u+R7      Skipped 
154  TPM3u+R8      Skipped 
155  TPM3u+R9      Skipped 
156  TPM3u+R10     Skipped 
157  TIMe          7640.363     20  15320.727    15321.585    15418.882
158  TIMe+I        7381.721     21  14805.443    14806.388    14908.506
159  TIMe+G4       7295.477     21  14632.954    14633.899    14736.017
160  TIMe+I+G4     7295.481     22  14634.962    14635.998    14742.933
161  TIMe+R2       7303.956     22  14651.912    14652.948    14759.882
162  TIMe+R3       7295.390     24  14638.779    14640.010    14756.565
163  TIMe+R4       7295.380     26  14642.760    14644.203    14770.362
164  TIMe+R5       Skipped 
165  TIMe+R6       Skipped 
166  TIMe+R7       Skipped 
167  TIMe+R8       Skipped 
168  TIMe+R9       Skipped 
169  TIMe+R10      Skipped 
170  TIM           7525.973     23  15097.947    15099.078    15210.825
171  TIM+I         7274.692     24  14597.384    14598.614    14715.170
172  TIM+G4        7161.132     24  14370.263    14371.494    14488.050
173  TIM+I+G4      7161.374     25  14372.749    14374.083    14495.443
174  TIM+R2        7169.477     25  14388.955    14390.290    14511.649
175  TIM+R3        7160.780     27  14375.560    14377.115    14508.069
176  TIM+R4        7160.639     29  14379.279    14381.073    14521.604
177  TIM+R5        Skipped 
178  TIM+R6        Skipped 
179  TIM+R7        Skipped 
180  TIM+R8        Skipped 
181  TIM+R9        Skipped 
182  TIM+R10       Skipped 
183  TIM2e         7616.704     20  15273.407    15274.265    15371.562
184  TIM2e+I       7354.208     21  14750.416    14751.361    14853.479
185  TIM2e+G4      7269.965     21  14581.929    14582.874    14684.992
186  TIM2e+I+G4    7269.900     22  14583.799    14584.835    14691.770
187  TIM2e+R2      7278.279     22  14600.559    14601.594    14708.529
188  TIM2e+R3      7270.127     24  14588.254    14589.484    14706.040
189  TIM2e+R4      7270.074     26  14592.148    14593.591    14719.750
190  TIM2e+R5      Skipped 
191  TIM2e+R6      Skipped 
192  TIM2e+R7      Skipped 
193  TIM2e+R8      Skipped 
194  TIM2e+R9      Skipped 
195  TIM2e+R10     Skipped 
196  TIM2          7531.492     23  15108.984    15110.115    15221.862
197  TIM2+I        7276.080     24  14600.160    14601.391    14717.946
198  TIM2+G4       7176.963     24  14401.926    14403.156    14519.712
199  TIM2+I+G4     7176.993     25  14403.986    14405.321    14526.680
200  TIM2+R2       7185.199     25  14420.399    14421.733    14543.092
201  TIM2+R3       7176.649     27  14407.297    14408.853    14539.806
202  TIM2+R4       7176.589     29  14411.177    14412.971    14553.502
203  TIM2+R5       Skipped 
204  TIM2+R6       Skipped 
205  TIM2+R7       Skipped 
206  TIM2+R8       Skipped 
207  TIM2+R9       Skipped 
208  TIM2+R10      Skipped 
209  TIM3e         7640.418     20  15320.835    15321.693    15418.990
210  TIM3e+I       7384.298     21  14810.595    14811.540    14913.658
211  TIM3e+G4      7298.020     21  14638.039    14638.984    14741.102
212  TIM3e+I+G4    7298.062     22  14640.123    14641.159    14748.094
213  TIM3e+R2      7305.896     22  14655.793    14656.829    14763.763
214  TIM3e+R3      7297.927     24  14643.855    14645.086    14761.641
215  TIM3e+R4      7297.923     26  14647.845    14649.288    14775.447
216  TIM3e+R5      Skipped 
217  TIM3e+R6      Skipped 
218  TIM3e+R7      Skipped 
219  TIM3e+R8      Skipped 
220  TIM3e+R9      Skipped 
221  TIM3e+R10     Skipped 
222  TIM3          7517.381     23  15080.761    15081.893    15193.640
223  TIM3+I        7275.211     24  14598.421    14599.652    14716.208
224  TIM3+G4       7156.387     24  14360.774    14362.005    14478.560
225  TIM3+I+G4     7156.720     25  14363.440    14364.774    14486.134
226  TIM3+R2       7162.084     25  14374.167    14375.502    14496.861
227  TIM3+R3       7155.167     27  14364.334    14365.889    14496.843
228  TIM3+R4       7155.122     29  14368.244    14370.038    14510.569
229  TIM3+R5       Skipped 
230  TIM3+R6       Skipped 
231  TIM3+R7       Skipped 
232  TIM3+R8       Skipped 
233  TIM3+R9       Skipped 
234  TIM3+R10      Skipped 
235  TVMe          7611.082     21  15264.165    15265.110    15367.228
236  TVMe+I        7348.291     22  14740.582    14741.618    14848.552
237  TVMe+G4       7262.096     22  14568.191    14569.227    14676.162
238  TVMe+I+G4     7262.098     23  14570.196    14571.327    14683.075
239  TVMe+R2       7269.084     23  14584.167    14585.298    14697.046
240  TVMe+R3       7262.170     25  14574.339    14575.674    14697.033
241  TVMe+R4       7262.121     27  14578.243    14579.798    14710.752
242  TVMe+R5       Skipped 
243  TVMe+R6       Skipped 
244  TVMe+R7       Skipped 
245  TVMe+R8       Skipped 
246  TVMe+R9       Skipped 
247  TVMe+R10      Skipped 
248  TVM           7507.014     24  15062.028    15063.258    15179.814
249  TVM+I         7256.994     25  14563.987    14565.322    14686.681
250  TVM+G4        7144.706     25  14339.412    14340.747    14462.106
251  TVM+I+G4      7145.042     26  14342.083    14343.526    14469.685
252  TVM+R2        7150.549     26  14353.098    14354.541    14480.700
253  TVM+R3        7143.562     28  14343.125    14344.797    14480.542
254  TVM+R4        7143.537     30  14347.075    14348.994    14494.307
255  TVM+R5        Skipped 
256  TVM+R6        Skipped 
257  TVM+R7        Skipped 
258  TVM+R8        Skipped 
259  TVM+R9        Skipped 
260  TVM+R10       Skipped 
261  SYM           7610.263     22  15264.525    15265.561    15372.496
262  SYM+I         7346.544     23  14739.088    14740.219    14851.967
263  SYM+G4        7258.270     23  14562.541    14563.672    14675.419
264  SYM+I+G4      7258.224     24  14564.447    14565.678    14682.233
265  SYM+R2        7266.789     24  14581.577    14582.808    14699.363
266  SYM+R3        7258.324     26  14568.647    14570.090    14696.249
267  SYM+R4        7258.277     28  14572.554    14574.227    14709.971
268  SYM+R5        Skipped 
269  SYM+R6        Skipped 
270  SYM+R7        Skipped 
271  SYM+R8        Skipped 
272  SYM+R9        Skipped 
273  SYM+R10       Skipped 
274  GTR           7502.046     25  15054.091    15055.426    15176.785
275  GTR+I         7255.475     26  14562.950    14564.393    14690.552
276  GTR+G4        7142.106     26  14336.212    14337.655    14463.814
277  GTR+I+G4      7142.442     27  14338.883    14340.439    14471.392
278  GTR+R2        7147.165     27  14348.329    14349.885    14480.839
279  GTR+R3        7140.838     29  14339.677    14341.471    14482.002
280  GTR+R4        Skipped 
281  GTR+R5        Skipped 
282  GTR+R6        Skipped 
283  GTR+R7        Skipped 
284  GTR+R8        Skipped 
285  GTR+R9        Skipped 
286  GTR+R10       Skipped 
Akaike Information Criterion:           GTR+G4
Corrected Akaike Information Criterion: GTR+G4
Bayesian Information Criterion:         TVM+G4
Best-fit model: TVM+G4 chosen according to BIC

All model information printed to ./results/gene9.phy.model
CPU time for ModelFinder: 9.618 seconds (0h:0m:9s)
Wall-clock time for ModelFinder: 13.988 seconds (0h:0m:13s)
Generating 1000 samples for ultrafast bootstrap (seed: 759491)...

NOTE: 2 MB RAM (0 GB) is required!
Estimate model parameters (epsilon = 0.100)
1. Initial log-likelihood: -7406.600
2. Current log-likelihood: -7154.976
3. Current log-likelihood: -7147.634
4. Current log-likelihood: -7147.051
5. Current log-likelihood: -7146.929
Optimal log-likelihood: -7146.893
Rate parameters:  A-C: 2.836  A-G: 4.288  A-T: 0.595  C-G: 0.832  C-T: 4.288  G-T: 1.000
Base frequencies:   A: 0.385  C: 0.147  G: 0.207  T: 0.261
Gamma shape alpha: 0.535
Parameters optimization took 5 rounds (0.120 sec)
Computing ML distances based on estimated model parameters... 0.001 sec
Computing BIONJ tree...
0.000 seconds
Log-likelihood of BIONJ tree: -7141.889
--------------------------------------------------------------------
|             INITIALIZING CANDIDATE TREE SET                      |
--------------------------------------------------------------------
Generating 98 parsimony trees... 0.080 second
Computing log-likelihood of 98 initial trees ... 0.381 seconds
Current best score: -7141.889

Do NNI search on 20 best initial trees
Estimate model parameters (epsilon = 0.100)
BETTER TREE FOUND at iteration 1: -7140.940
Estimate model parameters (epsilon = 0.100)
BETTER TREE FOUND at iteration 2: -7140.615
Iteration 10 / LogL: -7142.401 / Time: 0h:0m:15s
Estimate model parameters (epsilon = 0.100)
BETTER TREE FOUND at iteration 15: -7140.509
WARNING: NNI search needs unusual large number of steps (7) to converge!
WARNING: NNI search needs unusual large number of steps (7) to converge!
Iteration 20 / LogL: -7140.995 / Time: 0h:0m:15s
Finish initializing candidate tree set (13)
Current best tree score: -7140.509 / CPU time: 1.567
Number of iterations: 20
--------------------------------------------------------------------
|               OPTIMIZING CANDIDATE TREE SET                      |
--------------------------------------------------------------------
UPDATE BEST LOG-LIKELIHOOD: -7140.508
UPDATE BEST LOG-LIKELIHOOD: -7140.508
Iteration 30 / LogL: -7140.638 / Time: 0h:0m:16s (0h:0m:6s left)
Iteration 40 / LogL: -7140.938 / Time: 0h:0m:16s (0h:0m:5s left)
Iteration 50 / LogL: -7140.508 / Time: 0h:0m:17s (0h:0m:4s left)
Log-likelihood cutoff on original alignment: -7149.610
Iteration 60 / LogL: -7141.858 / Time: 0h:0m:17s (0h:0m:3s left)
UPDATE BEST LOG-LIKELIHOOD: -7140.508
Iteration 70 / LogL: -7140.662 / Time: 0h:0m:18s (0h:0m:2s left)
Iteration 80 / LogL: -7140.988 / Time: 0h:0m:19s (0h:0m:2s left)
Iteration 90 / LogL: -7140.664 / Time: 0h:0m:19s (0h:0m:1s left)
Iteration 100 / LogL: -7140.939 / Time: 0h:0m:20s (0h:0m:0s left)
Log-likelihood cutoff on original alignment: -7149.464
NOTE: Bootstrap correlation coefficient of split occurrence frequencies: 0.979
NOTE: UFBoot does not converge, continue at least 100 more iterations
Iteration 110 / LogL: -7140.890 / Time: 0h:0m:21s (0h:0m:5s left)
Iteration 120 / LogL: -7140.625 / Time: 0h:0m:21s (0h:0m:5s left)
Iteration 130 / LogL: -7140.626 / Time: 0h:0m:22s (0h:0m:4s left)
Iteration 140 / LogL: -7140.620 / Time: 0h:0m:22s (0h:0m:3s left)
Iteration 150 / LogL: -7140.623 / Time: 0h:0m:23s (0h:0m:3s left)
Log-likelihood cutoff on original alignment: -7150.158
Iteration 160 / LogL: -7140.537 / Time: 0h:0m:24s (0h:0m:2s left)
Iteration 170 / LogL: -7140.663 / Time: 0h:0m:25s (0h:0m:2s left)
Iteration 180 / LogL: -7140.777 / Time: 0h:0m:26s (0h:0m:1s left)
Iteration 190 / LogL: -7140.662 / Time: 0h:0m:27s (0h:0m:0s left)
Iteration 200 / LogL: -7140.662 / Time: 0h:0m:27s (0h:0m:0s left)
Log-likelihood cutoff on original alignment: -7149.464
NOTE: Bootstrap correlation coefficient of split occurrence frequencies: 0.996
TREE SEARCH COMPLETED AFTER 200 ITERATIONS / Time: 0h:0m:27s

--------------------------------------------------------------------
|                    FINALIZING TREE SEARCH                        |
--------------------------------------------------------------------
Performs final model parameters optimization
Estimate model parameters (epsilon = 0.010)
1. Initial log-likelihood: -7140.508
Optimal log-likelihood: -7140.498
Rate parameters:  A-C: 2.891  A-G: 4.334  A-T: 0.598  C-G: 0.824  C-T: 4.334  G-T: 1.000
Base frequencies:   A: 0.385  C: 0.147  G: 0.207  T: 0.261
Gamma shape alpha: 0.537
Parameters optimization took 1 rounds (0.012 sec)
BEST SCORE FOUND : -7140.498
Creating bootstrap support values...
Split supports printed to NEXUS file ./results/gene9.phy.splits.nex
Total tree length: 2.953

Total number of iterations: 200
CPU time used for tree search: 9.229 sec (0h:0m:9s)
Wall-clock time used for tree search: 13.751 sec (0h:0m:13s)
Total CPU time used: 19.021 sec (0h:0m:19s)
Total wall-clock time used: 27.969 sec (0h:0m:27s)

Computing bootstrap consensus tree...
Reading input file ./results/gene9.phy.splits.nex...
10 taxa and 192 splits.
Consensus tree written to ./results/gene9.phy.contree
Reading input trees file ./results/gene9.phy.contree
Log-likelihood of consensus tree: -7140.498

Analysis results written to: 
  IQ-TREE report:                ./results/gene9.phy.iqtree
  Maximum-likelihood tree:       ./results/gene9.phy.treefile
  Likelihood distances:          ./results/gene9.phy.mldist

Ultrafast bootstrap approximation results written to:
  Split support values:          ./results/gene9.phy.splits.nex
  Consensus tree:                ./results/gene9.phy.contree
  Screen log file:               ./results/gene9.phy.log

Date and Time: Tue Aug 22 18:25:17 2017
