IQ-TREE multicore version 1.5.4 for Linux 64-bit built Apr  2 2017
Copyright (c) 2011-2017 by Bui Quang Minh, Nguyen Lam Tung,
Olga Chernomor, Heiko Schmidt, and Arndt von Haeseler.

Host:    hpc-crick (AVX, 251 GB RAM)
Command: iqtree -s ./results/gene18.phy -nt 1 -bb 1000
Seed:    199459 (Using SPRNG - Scalable Parallel Random Number Generator)
Time:    Tue Aug 22 17:17:24 2017
Kernel:  AVX - 1 threads (40 CPU cores detected)

Reading alignment file ./results/gene18.phy ... Phylip format detected
Alignment most likely contains DNA/RNA sequences
Alignment has 10 sequences with 1000 columns and 511 patterns (358 informative sites, 375 constant sites)
   Gap/Ambiguity  Composition  p-value
   1  A    0.00%    passed     86.98%
   2  B    0.00%    passed     91.21%
   3  C    0.00%    passed     96.54%
   4  D    0.00%    passed     68.98%
   5  E    0.00%    passed     64.81%
   6  F    0.00%    passed     54.91%
   7  G    0.00%    passed     75.57%
   8  H    0.00%    passed     72.46%
   9  I    0.00%    passed     31.50%
  10  J    0.00%    passed     98.84%
****  TOTAL    0.00%  0 sequences failed composition chi2 test (p-value<5%; df=3)

Create initial parsimony tree by phylogenetic likelihood library (PLL)... 0.001 seconds

NOTE: ModelFinder requires 3 MB RAM!
ModelFinder will test 286 DNA models (sample size: 1000) ...
 No. Model         -LnL         df  AIC          AICc         BIC
  1  JC            8017.989     17  16069.979    16070.602    16153.411
  2  JC+I          7725.889     18  15487.778    15488.475    15576.117
  3  JC+G4         7643.342     18  15322.685    15323.382    15411.024
  4  JC+I+G4       7644.000     19  15326.001    15326.776    15419.248
  5  JC+R2         7645.852     19  15329.704    15330.480    15422.952
  6  JC+R3         7642.074     21  15326.149    15327.093    15429.211
  7  JC+R4         Skipped 
  8  JC+R5         Skipped 
  9  JC+R6         Skipped 
 10  JC+R7         Skipped 
 11  JC+R8         Skipped 
 12  JC+R9         Skipped 
 13  JC+R10        Skipped 
 14  F81           7923.426     20  15886.852    15887.710    15985.007
 15  F81+I         7617.230     21  15276.460    15277.405    15379.523
 16  F81+G4        7522.520     21  15087.039    15087.984    15190.102
 17  F81+I+G4      7523.246     22  15090.493    15091.529    15198.464
 18  F81+R2        7526.580     22  15097.160    15098.196    15205.131
 19  F81+R3        7521.164     24  15090.328    15091.559    15208.114
 20  F81+R4        Skipped 
 21  F81+R5        Skipped 
 22  F81+R6        Skipped 
 23  F81+R7        Skipped 
 24  F81+R8        Skipped 
 25  F81+R9        Skipped 
 26  F81+R10       Skipped 
 27  K2P           7886.267     18  15808.535    15809.232    15896.874
 28  K2P+I         7582.709     19  15203.418    15204.193    15296.665
 29  K2P+G4        7484.139     19  15006.279    15007.054    15099.526
 30  K2P+I+G4      7484.820     20  15009.639    15010.497    15107.795
 31  K2P+R2        7488.818     20  15017.636    15018.494    15115.791
 32  K2P+R3        7483.334     22  15010.668    15011.704    15118.639
 33  K2P+R4        Skipped 
 34  K2P+R5        Skipped 
 35  K2P+R6        Skipped 
 36  K2P+R7        Skipped 
 37  K2P+R8        Skipped 
 38  K2P+R9        Skipped 
 39  K2P+R10       Skipped 
 40  HKY           7773.803     21  15589.606    15590.551    15692.669
 41  HKY+I         7459.998     22  14963.996    14965.032    15071.966
 42  HKY+G4        7351.125     22  14746.250    14747.286    14854.221
 43  HKY+I+G4      7351.811     23  14749.621    14750.752    14862.499
 44  HKY+R2        7358.369     23  14762.739    14763.870    14875.617
 45  HKY+R3        7349.994     25  14749.988    14751.323    14872.682
 46  HKY+R4        7349.867     27  14753.734    14755.289    14886.243
 47  HKY+R5        Skipped 
 48  HKY+R6        Skipped 
 49  HKY+R7        Skipped 
 50  HKY+R8        Skipped 
 51  HKY+R9        Skipped 
 52  HKY+R10       Skipped 
 53  TNe           7876.334     19  15790.667    15791.443    15883.915
 54  TNe+I         7578.704     20  15197.407    15198.265    15295.562
 55  TNe+G4        7478.266     20  14996.531    14997.389    15094.686
 56  TNe+I+G4      7478.661     21  14999.323    15000.268    15102.386
 57  TNe+R2        7485.086     21  15012.173    15013.118    15115.236
 58  TNe+R3        7478.023     23  15002.047    15003.178    15114.925
 59  TNe+R4        7478.037     25  15006.075    15007.409    15128.769
 60  TNe+R5        Skipped 
 61  TNe+R6        Skipped 
 62  TNe+R7        Skipped 
 63  TNe+R8        Skipped 
 64  TNe+R9        Skipped 
 65  TNe+R10       Skipped 
 66  TN            7770.021     22  15584.042    15585.077    15692.012
 67  TN+I          7459.844     23  14965.689    14966.820    15078.567
 68  TN+G4         7350.638     23  14747.276    14748.407    14860.154
 69  TN+I+G4       7351.265     24  14750.530    14751.761    14868.316
 70  TN+R2         7358.299     24  14764.599    14765.829    14882.385
 71  TN+R3         7349.616     26  14751.232    14752.675    14878.834
 72  TN+R4         7349.579     28  14755.158    14756.831    14892.575
 73  TN+R5         Skipped 
 74  TN+R6         Skipped 
 75  TN+R7         Skipped 
 76  TN+R8         Skipped 
 77  TN+R9         Skipped 
 78  TN+R10        Skipped 
 79  K3P           7884.100     19  15806.201    15806.976    15899.448
 80  K3P+I         7579.815     20  15199.630    15200.488    15297.785
 81  K3P+G4        7479.885     20  14999.770    15000.628    15097.925
 82  K3P+I+G4      7480.329     21  15002.658    15003.603    15105.721
 83  K3P+R2        7485.058     21  15012.115    15013.060    15115.178
 84  K3P+R3        7479.180     23  15004.360    15005.491    15117.239
 85  K3P+R4        Skipped 
 86  K3P+R5        Skipped 
 87  K3P+R6        Skipped 
 88  K3P+R7        Skipped 
 89  K3P+R8        Skipped 
 90  K3P+R9        Skipped 
 91  K3P+R10       Skipped 
 92  K3Pu          7766.286     22  15576.572    15577.608    15684.543
 93  K3Pu+I        7449.779     23  14945.558    14946.690    15058.437
 94  K3Pu+G4       7340.155     23  14726.311    14727.442    14839.189
 95  K3Pu+I+G4     7340.587     24  14729.174    14730.405    14846.960
 96  K3Pu+R2       7348.316     24  14744.632    14745.863    14862.418
 97  K3Pu+R3       7338.879     26  14729.757    14731.200    14857.359
 98  K3Pu+R4       7338.843     28  14733.685    14735.358    14871.102
 99  K3Pu+R5       Skipped 
100  K3Pu+R6       Skipped 
101  K3Pu+R7       Skipped 
102  K3Pu+R8       Skipped 
103  K3Pu+R9       Skipped 
104  K3Pu+R10      Skipped 
105  TPM2          7772.165     22  15588.330    15589.366    15696.301
106  TPM2+I        7458.032     23  14962.063    14963.194    15074.942
107  TPM2+G4       7350.685     23  14747.370    14748.501    14860.248
108  TPM2+I+G4     7351.180     24  14750.361    14751.592    14868.147
109  TPM2+R2       7357.653     24  14763.307    14764.537    14881.093
110  TPM2+R3       7349.418     26  14750.836    14752.279    14878.438
111  TPM2+R4       7349.463     28  14754.926    14756.598    14892.343
112  TPM2+R5       Skipped 
113  TPM2+R6       Skipped 
114  TPM2+R7       Skipped 
115  TPM2+R8       Skipped 
116  TPM2+R9       Skipped 
117  TPM2+R10      Skipped 
118  TPM2u         7772.166     22  15588.332    15589.368    15696.303
119  TPM2u+I       7458.049     23  14962.098    14963.229    15074.976
120  TPM2u+G4      7350.720     23  14747.440    14748.572    14860.319
121  TPM2u+I+G4    7351.152     24  14750.305    14751.535    14868.091
122  TPM2u+R2      7357.654     24  14763.308    14764.539    14881.094
123  TPM2u+R3      7349.403     26  14750.806    14752.249    14878.407
124  TPM2u+R4      7349.421     28  14754.842    14756.515    14892.259
125  TPM2u+R5      Skipped 
126  TPM2u+R6      Skipped 
127  TPM2u+R7      Skipped 
128  TPM2u+R8      Skipped 
129  TPM2u+R9      Skipped 
130  TPM2u+R10     Skipped 
131  TPM3          7767.107     22  15578.215    15579.250    15686.185
132  TPM3+I        7448.816     23  14943.632    14944.763    15056.511
133  TPM3+G4       7343.982     23  14733.964    14735.095    14846.842
134  TPM3+I+G4     7344.181     24  14736.362    14737.592    14854.148
135  TPM3+R2       7352.298     24  14752.597    14753.827    14870.383
136  TPM3+R3       7342.568     26  14737.137    14738.580    14864.738
137  TPM3+R4       7342.546     28  14741.091    14742.764    14878.508
138  TPM3+R5       Skipped 
139  TPM3+R6       Skipped 
140  TPM3+R7       Skipped 
141  TPM3+R8       Skipped 
142  TPM3+R9       Skipped 
143  TPM3+R10      Skipped 
144  TPM3u         7767.108     22  15578.217    15579.253    15686.188
145  TPM3u+I       7448.816     23  14943.631    14944.762    15056.510
146  TPM3u+G4      7343.937     23  14733.874    14735.005    14846.752
147  TPM3u+I+G4    7344.177     24  14736.353    14737.584    14854.139
148  TPM3u+R2      7352.288     24  14752.577    14753.808    14870.363
149  TPM3u+R3      7342.543     26  14737.086    14738.528    14864.687
150  TPM3u+R4      7342.535     28  14741.070    14742.743    14878.488
151  TPM3u+R5      Skipped 
152  TPM3u+R6      Skipped 
153  TPM3u+R7      Skipped 
154  TPM3u+R8      Skipped 
155  TPM3u+R9      Skipped 
156  TPM3u+R10     Skipped 
157  TIMe          7874.275     20  15788.550    15789.408    15886.705
158  TIMe+I        7575.909     21  15193.818    15194.763    15296.881
159  TIMe+G4       7473.974     21  14989.949    14990.893    15093.011
160  TIMe+I+G4     7474.240     22  14992.480    14993.516    15100.451
161  TIMe+R2       7481.307     22  15006.614    15007.650    15114.585
162  TIMe+R3       7473.863     24  14995.727    14996.957    15113.513
163  TIMe+R4       7473.861     26  14999.722    15001.165    15127.323
164  TIMe+R5       Skipped 
165  TIMe+R6       Skipped 
166  TIMe+R7       Skipped 
167  TIMe+R8       Skipped 
168  TIMe+R9       Skipped 
169  TIMe+R10      Skipped 
170  TIM           7762.791     23  15571.582    15572.714    15684.461
171  TIM+I         7449.694     24  14947.387    14948.618    15065.174
172  TIM+G4        7339.551     24  14727.101    14728.332    14844.887
173  TIM+I+G4      7339.903     25  14729.806    14731.141    14852.500
174  TIM+R2        7348.196     25  14746.391    14747.726    14869.085
175  TIM+R3        7338.403     27  14730.805    14732.361    14863.315
176  TIM+R4        7338.384     29  14734.768    14736.562    14877.093
177  TIM+R5        Skipped 
178  TIM+R6        Skipped 
179  TIM+R7        Skipped 
180  TIM+R8        Skipped 
181  TIM+R9        Skipped 
182  TIM+R10       Skipped 
183  TIM2e         7856.541     20  15753.082    15753.940    15851.237
184  TIM2e+I       7559.951     21  15161.902    15162.847    15264.965
185  TIM2e+G4      7450.857     21  14943.715    14944.660    15046.778
186  TIM2e+I+G4    7450.929     22  14945.858    14946.893    15053.828
187  TIM2e+R2      7461.417     22  14966.835    14967.871    15074.805
188  TIM2e+R3      7450.061     24  14948.121    14949.352    15065.908
189  TIM2e+R4      7450.059     26  14952.119    14953.562    15079.720
190  TIM2e+R5      Skipped 
191  TIM2e+R6      Skipped 
192  TIM2e+R7      Skipped 
193  TIM2e+R8      Skipped 
194  TIM2e+R9      Skipped 
195  TIM2e+R10     Skipped 
196  TIM2          7768.643     23  15583.287    15584.418    15696.165
197  TIM2+I        7457.852     24  14963.704    14964.935    15081.490
198  TIM2+G4       7350.246     24  14748.492    14749.723    14866.278
199  TIM2+I+G4     7350.697     25  14751.394    14752.729    14874.088
200  TIM2+R2       7357.631     25  14765.262    14766.597    14887.956
201  TIM2+R3       7349.313     27  14752.626    14754.182    14885.136
202  TIM2+R4       7349.283     29  14756.567    14758.361    14898.892
203  TIM2+R5       Skipped 
204  TIM2+R6       Skipped 
205  TIM2+R7       Skipped 
206  TIM2+R8       Skipped 
207  TIM2+R9       Skipped 
208  TIM2+R10      Skipped 
209  TIM3e         7875.692     20  15791.384    15792.242    15889.539
210  TIM3e+I       7577.373     21  15196.747    15197.691    15299.809
211  TIM3e+G4      7477.485     21  14996.970    14997.915    15100.033
212  TIM3e+I+G4    7477.716     22  14999.433    15000.469    15107.404
213  TIM3e+R2      7484.549     22  15013.098    15014.134    15121.069
214  TIM3e+R3      7477.256     24  15002.512    15003.743    15120.299
215  TIM3e+R4      7477.262     26  15006.524    15007.967    15134.126
216  TIM3e+R5      Skipped 
217  TIM3e+R6      Skipped 
218  TIM3e+R7      Skipped 
219  TIM3e+R8      Skipped 
220  TIM3e+R9      Skipped 
221  TIM3e+R10     Skipped 
222  TIM3          7763.992     23  15573.984    15575.115    15686.862
223  TIM3+I        7448.767     24  14945.535    14946.766    15063.321
224  TIM3+G4       7343.555     24  14735.109    14736.340    14852.896
225  TIM3+I+G4     7343.803     25  14737.606    14738.941    14860.300
226  TIM3+R2       7352.207     25  14754.413    14755.748    14877.107
227  TIM3+R3       7342.436     27  14738.873    14740.428    14871.382
228  TIM3+R4       7342.386     29  14742.771    14744.565    14885.096
229  TIM3+R5       Skipped 
230  TIM3+R6       Skipped 
231  TIM3+R7       Skipped 
232  TIM3+R8       Skipped 
233  TIM3+R9       Skipped 
234  TIM3+R10      Skipped 
235  TVMe          7862.853     21  15767.706    15768.651    15870.769
236  TVMe+I        7559.357     22  15162.714    15163.749    15270.684
237  TVMe+G4       7451.549     22  14947.099    14948.134    15055.069
238  TVMe+I+G4     7451.690     23  14949.380    14950.512    15062.259
239  TVMe+R2       7459.896     23  14965.793    14966.924    15078.671
240  TVMe+R3       7451.060     25  14952.119    14953.454    15074.813
241  TVMe+R4       7451.041     27  14956.082    14957.637    15088.591
242  TVMe+R5       Skipped 
243  TVMe+R6       Skipped 
244  TVMe+R7       Skipped 
245  TVMe+R8       Skipped 
246  TVMe+R9       Skipped 
247  TVMe+R10      Skipped 
248  TVM           7761.036     24  15570.072    15571.302    15687.858
249  TVM+I         7441.490     25  14932.980    14934.315    15055.674
250  TVM+G4        7335.955     25  14721.911    14723.245    14844.605
251  TVM+I+G4      7336.199     26  14724.399    14725.841    14852.000
252  TVM+R2        7344.609     26  14741.217    14742.660    14868.819
253  TVM+R3        7334.808     28  14725.617    14727.289    14863.034
254  TVM+R4        7334.780     30  14729.561    14731.480    14876.793
255  TVM+R5        Skipped 
256  TVM+R6        Skipped 
257  TVM+R7        Skipped 
258  TVM+R8        Skipped 
259  TVM+R9        Skipped 
260  TVM+R10       Skipped 
261  SYM           7853.152     22  15750.304    15751.340    15858.275
262  SYM+I         7555.530     23  15157.061    15158.192    15269.939
263  SYM+G4        7443.707     23  14933.414    14934.545    15046.292
264  SYM+I+G4      7443.757     24  14935.514    14936.745    15053.301
265  SYM+R2        7455.235     24  14958.470    14959.701    15076.256
266  SYM+R3        7442.887     26  14937.774    14939.216    15065.375
267  SYM+R4        7442.848     28  14941.695    14943.368    15079.113
268  SYM+R5        Skipped 
269  SYM+R6        Skipped 
270  SYM+R7        Skipped 
271  SYM+R8        Skipped 
272  SYM+R9        Skipped 
273  SYM+R10       Skipped 
274  GTR           7758.250     25  15566.499    15567.834    15689.193
275  GTR+I         7441.445     26  14934.891    14936.334    15062.492
276  GTR+G4        7335.719     26  14723.438    14724.881    14851.039
277  GTR+I+G4      7335.971     27  14725.942    14727.497    14858.451
278  GTR+R2        7344.570     27  14743.141    14744.696    14875.650
279  GTR+R3        7334.752     29  14727.503    14729.297    14869.828
280  GTR+R4        7334.685     31  14731.370    14733.420    14883.510
281  GTR+R5        Skipped 
282  GTR+R6        Skipped 
283  GTR+R7        Skipped 
284  GTR+R8        Skipped 
285  GTR+R9        Skipped 
286  GTR+R10       Skipped 
Akaike Information Criterion:           TVM+G4
Corrected Akaike Information Criterion: TVM+G4
Bayesian Information Criterion:         K3Pu+G4
Best-fit model: K3Pu+G4 chosen according to BIC

All model information printed to ./results/gene18.phy.model
CPU time for ModelFinder: 12.279 seconds (0h:0m:12s)
Wall-clock time for ModelFinder: 15.079 seconds (0h:0m:15s)
Generating 1000 samples for ultrafast bootstrap (seed: 199459)...

NOTE: 2 MB RAM (0 GB) is required!
Estimate model parameters (epsilon = 0.100)
1. Initial log-likelihood: -7585.481
2. Current log-likelihood: -7431.985
3. Current log-likelihood: -7345.560
4. Current log-likelihood: -7342.423
5. Current log-likelihood: -7342.174
Optimal log-likelihood: -7342.141
Rate parameters:  A-C: 1.000  A-G: 2.612  A-T: 0.440  C-G: 0.440  C-T: 2.612  G-T: 1.000
Base frequencies:   A: 0.390  C: 0.178  G: 0.189  T: 0.244
Gamma shape alpha: 0.490
Parameters optimization took 5 rounds (0.074 sec)
Computing ML distances based on estimated model parameters... 0.001 sec
Computing BIONJ tree...
0.000 seconds
Log-likelihood of BIONJ tree: -7342.670
--------------------------------------------------------------------
|             INITIALIZING CANDIDATE TREE SET                      |
--------------------------------------------------------------------
Generating 98 parsimony trees... 0.067 second
Computing log-likelihood of 97 initial trees ... 0.374 seconds
Current best score: -7342.141

Do NNI search on 20 best initial trees
Estimate model parameters (epsilon = 0.100)
BETTER TREE FOUND at iteration 1: -7338.988
Iteration 10 / LogL: -7340.679 / Time: 0h:0m:16s
UPDATE BEST LOG-LIKELIHOOD: -7338.988
Iteration 20 / LogL: -7339.253 / Time: 0h:0m:16s
Finish initializing candidate tree set (10)
Current best tree score: -7338.988 / CPU time: 1.448
Number of iterations: 20
--------------------------------------------------------------------
|               OPTIMIZING CANDIDATE TREE SET                      |
--------------------------------------------------------------------
Estimate model parameters (epsilon = 0.100)
BETTER TREE FOUND at iteration 21: -7338.902
Iteration 30 / LogL: -7339.108 / Time: 0h:0m:17s (0h:0m:6s left)
BETTER TREE FOUND at iteration 37: -7338.902
Iteration 40 / LogL: -7339.108 / Time: 0h:0m:17s (0h:0m:6s left)
UPDATE BEST LOG-LIKELIHOOD: -7338.902
UPDATE BEST LOG-LIKELIHOOD: -7338.902
Iteration 50 / LogL: -7338.902 / Time: 0h:0m:18s (0h:0m:5s left)
Log-likelihood cutoff on original alignment: -7346.273
Iteration 60 / LogL: -7338.902 / Time: 0h:0m:18s (0h:0m:4s left)
Iteration 70 / LogL: -7339.108 / Time: 0h:0m:19s (0h:0m:3s left)
Iteration 80 / LogL: -7338.902 / Time: 0h:0m:19s (0h:0m:3s left)
UPDATE BEST LOG-LIKELIHOOD: -7338.902
UPDATE BEST LOG-LIKELIHOOD: -7338.902
Iteration 90 / LogL: -7338.902 / Time: 0h:0m:20s (0h:0m:2s left)
Iteration 100 / LogL: -7338.902 / Time: 0h:0m:20s (0h:0m:2s left)
Log-likelihood cutoff on original alignment: -7347.039
NOTE: Bootstrap correlation coefficient of split occurrence frequencies: 0.987
NOTE: UFBoot does not converge, continue at least 100 more iterations
Iteration 110 / LogL: -7338.902 / Time: 0h:0m:21s (0h:0m:4s left)
Iteration 120 / LogL: -7338.902 / Time: 0h:0m:21s (0h:0m:4s left)
Iteration 130 / LogL: -7338.902 / Time: 0h:0m:22s (0h:0m:4s left)
Iteration 140 / LogL: -7338.902 / Time: 0h:0m:23s (0h:0m:3s left)
Iteration 150 / LogL: -7340.864 / Time: 0h:0m:23s (0h:0m:2s left)
Log-likelihood cutoff on original alignment: -7347.039
Iteration 160 / LogL: -7338.902 / Time: 0h:0m:24s (0h:0m:2s left)
Iteration 170 / LogL: -7340.639 / Time: 0h:0m:24s (0h:0m:1s left)
UPDATE BEST LOG-LIKELIHOOD: -7338.902
Iteration 180 / LogL: -7339.148 / Time: 0h:0m:25s (0h:0m:1s left)
UPDATE BEST LOG-LIKELIHOOD: -7338.902
Iteration 190 / LogL: -7338.902 / Time: 0h:0m:25s (0h:0m:0s left)
Iteration 200 / LogL: -7338.902 / Time: 0h:0m:26s (0h:0m:0s left)
Log-likelihood cutoff on original alignment: -7347.039
NOTE: Bootstrap correlation coefficient of split occurrence frequencies: 0.992
TREE SEARCH COMPLETED AFTER 200 ITERATIONS / Time: 0h:0m:26s

--------------------------------------------------------------------
|                    FINALIZING TREE SEARCH                        |
--------------------------------------------------------------------
Performs final model parameters optimization
Estimate model parameters (epsilon = 0.010)
1. Initial log-likelihood: -7338.902
Optimal log-likelihood: -7338.900
Rate parameters:  A-C: 1.000  A-G: 2.589  A-T: 0.440  C-G: 0.440  C-T: 2.589  G-T: 1.000
Base frequencies:   A: 0.390  C: 0.178  G: 0.189  T: 0.244
Gamma shape alpha: 0.493
Parameters optimization took 1 rounds (0.007 sec)
BEST SCORE FOUND : -7338.900
Creating bootstrap support values...
Split supports printed to NEXUS file ./results/gene18.phy.splits.nex
Total tree length: 3.021

Total number of iterations: 200
CPU time used for tree search: 8.907 sec (0h:0m:8s)
Wall-clock time used for tree search: 11.479 sec (0h:0m:11s)
Total CPU time used: 21.320 sec (0h:0m:21s)
Total wall-clock time used: 26.705 sec (0h:0m:26s)

Computing bootstrap consensus tree...
Reading input file ./results/gene18.phy.splits.nex...
10 taxa and 174 splits.
Consensus tree written to ./results/gene18.phy.contree
Reading input trees file ./results/gene18.phy.contree
Log-likelihood of consensus tree: -7339.157

Analysis results written to: 
  IQ-TREE report:                ./results/gene18.phy.iqtree
  Maximum-likelihood tree:       ./results/gene18.phy.treefile
  Likelihood distances:          ./results/gene18.phy.mldist

Ultrafast bootstrap approximation results written to:
  Split support values:          ./results/gene18.phy.splits.nex
  Consensus tree:                ./results/gene18.phy.contree
  Screen log file:               ./results/gene18.phy.log

Date and Time: Tue Aug 22 17:17:51 2017
