IQ-TREE multicore version 1.5.4 for Linux 64-bit built Apr  2 2017
Copyright (c) 2011-2017 by Bui Quang Minh, Nguyen Lam Tung,
Olga Chernomor, Heiko Schmidt, and Arndt von Haeseler.

Host:    hpc-crick (AVX, 251 GB RAM)
Command: iqtree -s ./results/gene15.phy -nt 1 -bb 1000
Seed:    459515 (Using SPRNG - Scalable Parallel Random Number Generator)
Time:    Tue Aug 22 17:44:31 2017
Kernel:  AVX - 1 threads (40 CPU cores detected)

Reading alignment file ./results/gene15.phy ... Phylip format detected
Alignment most likely contains DNA/RNA sequences
Alignment has 10 sequences with 1000 columns and 449 patterns (300 informative sites, 415 constant sites)
   Gap/Ambiguity  Composition  p-value
   1  A    0.00%    passed     75.04%
   2  B    0.00%    passed     86.04%
   3  C    0.00%    passed     95.06%
   4  D    0.00%    passed     72.33%
   5  E    0.00%    passed     87.18%
   6  F    0.00%    passed     20.26%
   7  G    0.00%    passed     82.21%
   8  H    0.00%    passed     67.37%
   9  I    0.00%    passed     45.08%
  10  J    0.00%    passed     92.17%
****  TOTAL    0.00%  0 sequences failed composition chi2 test (p-value<5%; df=3)

Create initial parsimony tree by phylogenetic likelihood library (PLL)... 0.000 seconds

NOTE: ModelFinder requires 3 MB RAM!
ModelFinder will test 286 DNA models (sample size: 1000) ...
 No. Model         -LnL         df  AIC          AICc         BIC
  1  JC            7000.755     17  14035.510    14036.133    14118.941
  2  JC+I          6796.985     18  13629.969    13630.666    13718.309
  3  JC+G4         6759.283     18  13554.566    13555.263    13642.905
  4  JC+I+G4       6759.249     19  13556.499    13557.274    13649.746
  5  JC+R2         6759.818     19  13557.637    13558.412    13650.884
  6  JC+R3         6758.821     21  13559.642    13560.587    13662.705
  7  JC+R4         Skipped 
  8  JC+R5         Skipped 
  9  JC+R6         Skipped 
 10  JC+R7         Skipped 
 11  JC+R8         Skipped 
 12  JC+R9         Skipped 
 13  JC+R10        Skipped 
 14  F81           6907.010     20  13854.020    13854.878    13952.175
 15  F81+I         6706.797     21  13455.594    13456.538    13558.656
 16  F81+G4        6658.473     21  13358.945    13359.890    13462.008
 17  F81+I+G4      6658.785     22  13361.570    13362.606    13469.541
 18  F81+R2        6660.788     22  13365.576    13366.612    13473.547
 19  F81+R3        6658.514     24  13365.029    13366.259    13482.815
 20  F81+R4        Skipped 
 21  F81+R5        Skipped 
 22  F81+R6        Skipped 
 23  F81+R7        Skipped 
 24  F81+R8        Skipped 
 25  F81+R9        Skipped 
 26  F81+R10       Skipped 
 27  K2P           6868.391     18  13772.781    13773.478    13861.121
 28  K2P+I         6652.247     19  13342.493    13343.269    13435.741
 29  K2P+G4        6601.571     19  13241.143    13241.918    13334.390
 30  K2P+I+G4      6601.184     20  13242.368    13243.226    13340.524
 31  K2P+R2        6606.202     20  13252.403    13253.261    13350.558
 32  K2P+R3        6599.838     22  13243.677    13244.713    13351.647
 33  K2P+R4        Skipped 
 34  K2P+R5        Skipped 
 35  K2P+R6        Skipped 
 36  K2P+R7        Skipped 
 37  K2P+R8        Skipped 
 38  K2P+R9        Skipped 
 39  K2P+R10       Skipped 
 40  HKY           6754.465     21  13550.931    13551.876    13653.994
 41  HKY+I         6545.902     22  13135.804    13136.840    13243.775
 42  HKY+G4        6479.650     22  13003.299    13004.335    13111.270
 43  HKY+I+G4      6479.514     23  13005.028    13006.159    13117.906
 44  HKY+R2        6488.014     23  13022.027    13023.159    13134.906
 45  HKY+R3        6476.929     25  13003.859    13005.194    13126.553
 46  HKY+R4        6476.934     27  13007.867    13009.423    13140.376
 47  HKY+R5        Skipped 
 48  HKY+R6        Skipped 
 49  HKY+R7        Skipped 
 50  HKY+R8        Skipped 
 51  HKY+R9        Skipped 
 52  HKY+R10       Skipped 
 53  TNe           6867.568     19  13773.136    13773.911    13866.383
 54  TNe+I         6650.168     20  13340.335    13341.193    13438.490
 55  TNe+G4        6599.510     20  13239.020    13239.878    13337.175
 56  TNe+I+G4      6598.797     21  13239.595    13240.539    13342.657
 57  TNe+R2        6604.946     21  13251.892    13252.837    13354.955
 58  TNe+R3        6596.657     23  13239.314    13240.445    13352.192
 59  TNe+R4        6596.655     25  13243.311    13244.646    13366.005
 60  TNe+R5        Skipped 
 61  TNe+R6        Skipped 
 62  TNe+R7        Skipped 
 63  TNe+R8        Skipped 
 64  TNe+R9        Skipped 
 65  TNe+R10       Skipped 
 66  TN            6754.422     22  13552.845    13553.881    13660.816
 67  TN+I          6545.888     23  13137.777    13138.908    13250.655
 68  TN+G4         6479.757     23  13005.515    13006.646    13118.393
 69  TN+I+G4       6479.474     24  13006.949    13008.180    13124.735
 70  TN+R2         6487.896     24  13023.791    13025.022    13141.577
 71  TN+R3         6476.849     26  13005.699    13007.142    13133.301
 72  TN+R4         6476.892     28  13009.784    13011.456    13147.201
 73  TN+R5         Skipped 
 74  TN+R6         Skipped 
 75  TN+R7         Skipped 
 76  TN+R8         Skipped 
 77  TN+R9         Skipped 
 78  TN+R10        Skipped 
 79  K3P           6860.784     19  13759.567    13760.343    13852.815
 80  K3P+I         6643.871     20  13327.743    13328.601    13425.898
 81  K3P+G4        6592.742     20  13225.484    13226.342    13323.639
 82  K3P+I+G4      6592.324     21  13226.647    13227.592    13329.710
 83  K3P+R2        6597.312     21  13236.624    13237.569    13339.687
 84  K3P+R3        6591.082     23  13228.165    13229.296    13341.043
 85  K3P+R4        Skipped 
 86  K3P+R5        Skipped 
 87  K3P+R6        Skipped 
 88  K3P+R7        Skipped 
 89  K3P+R8        Skipped 
 90  K3P+R9        Skipped 
 91  K3P+R10       Skipped 
 92  K3Pu          6738.022     22  13520.043    13521.079    13628.014
 93  K3Pu+I        6530.716     23  13107.433    13108.564    13220.311
 94  K3Pu+G4       6462.162     23  12970.324    12971.455    13083.202
 95  K3Pu+I+G4     6462.147     24  12972.294    12973.525    13090.081
 96  K3Pu+R2       6470.727     24  12989.454    12990.685    13107.240
 97  K3Pu+R3       6460.611     26  12973.222    12974.665    13100.824
 98  K3Pu+R4       6460.622     28  12977.244    12978.916    13114.661
 99  K3Pu+R5       Skipped 
100  K3Pu+R6       Skipped 
101  K3Pu+R7       Skipped 
102  K3Pu+R8       Skipped 
103  K3Pu+R9       Skipped 
104  K3Pu+R10      Skipped 
105  TPM2          6754.427     22  13552.854    13553.890    13660.825
106  TPM2+I        6544.369     23  13134.738    13135.869    13247.616
107  TPM2+G4       6479.616     23  13005.233    13006.364    13118.111
108  TPM2+I+G4     6479.330     24  13006.660    13007.890    13124.446
109  TPM2+R2       6487.674     24  13023.349    13024.579    13141.135
110  TPM2+R3       6476.909     26  13005.817    13007.260    13133.419
111  TPM2+R4       6476.937     28  13009.873    13011.546    13147.291
112  TPM2+R5       Skipped 
113  TPM2+R6       Skipped 
114  TPM2+R7       Skipped 
115  TPM2+R8       Skipped 
116  TPM2+R9       Skipped 
117  TPM2+R10      Skipped 
118  TPM2u         6754.462     22  13552.925    13553.961    13660.896
119  TPM2u+I       6544.362     23  13134.725    13135.856    13247.603
120  TPM2u+G4      6479.613     23  13005.226    13006.357    13118.104
121  TPM2u+I+G4    6479.315     24  13006.629    13007.860    13124.416
122  TPM2u+R2      6487.732     24  13023.464    13024.695    13141.250
123  TPM2u+R3      6476.913     26  13005.827    13007.270    13133.429
124  TPM2u+R4      6476.911     28  13009.822    13011.494    13147.239
125  TPM2u+R5      Skipped 
126  TPM2u+R6      Skipped 
127  TPM2u+R7      Skipped 
128  TPM2u+R8      Skipped 
129  TPM2u+R9      Skipped 
130  TPM2u+R10     Skipped 
131  TPM3          6740.578     22  13525.156    13526.192    13633.126
132  TPM3+I        6535.604     23  13117.208    13118.340    13230.087
133  TPM3+G4       6468.307     23  12982.613    12983.744    13095.491
134  TPM3+I+G4     6468.403     24  12984.807    12986.038    13102.593
135  TPM3+R2       6476.502     24  13001.003    13002.234    13118.789
136  TPM3+R3       6467.568     26  12987.135    12988.578    13114.737
137  TPM3+R4       6467.567     28  12991.134    12992.807    13128.552
138  TPM3+R5       Skipped 
139  TPM3+R6       Skipped 
140  TPM3+R7       Skipped 
141  TPM3+R8       Skipped 
142  TPM3+R9       Skipped 
143  TPM3+R10      Skipped 
144  TPM3u         6740.716     22  13525.431    13526.467    13633.402
145  TPM3u+I       6535.605     23  13117.211    13118.342    13230.089
146  TPM3u+G4      6468.310     23  12982.620    12983.751    13095.498
147  TPM3u+I+G4    6468.391     24  12984.782    12986.013    13102.568
148  TPM3u+R2      6476.494     24  13000.988    13002.219    13118.774
149  TPM3u+R3      6467.520     26  12987.041    12988.484    13114.643
150  TPM3u+R4      6467.533     28  12991.066    12992.739    13128.484
151  TPM3u+R5      Skipped 
152  TPM3u+R6      Skipped 
153  TPM3u+R7      Skipped 
154  TPM3u+R8      Skipped 
155  TPM3u+R9      Skipped 
156  TPM3u+R10     Skipped 
157  TIMe          6859.939     20  13759.878    13760.736    13858.033
158  TIMe+I        6641.742     21  13325.483    13326.428    13428.546
159  TIMe+G4       6590.784     21  13223.568    13224.513    13326.631
160  TIMe+I+G4     6590.085     22  13224.170    13225.205    13332.140
161  TIMe+R2       6596.092     22  13236.185    13237.221    13344.155
162  TIMe+R3       6588.195     24  13224.389    13225.620    13342.175
163  TIMe+R4       6588.194     26  13228.388    13229.831    13355.989
164  TIMe+R5       Skipped 
165  TIMe+R6       Skipped 
166  TIMe+R7       Skipped 
167  TIMe+R8       Skipped 
168  TIMe+R9       Skipped 
169  TIMe+R10      Skipped 
170  TIM           6738.004     23  13522.008    13523.139    13634.886
171  TIM+I         6530.716     24  13109.431    13110.662    13227.218
172  TIM+G4        6462.220     24  12972.441    12973.672    13090.227
173  TIM+I+G4      6462.031     25  12974.062    12975.397    13096.756
174  TIM+R2        6470.639     25  12991.278    12992.613    13113.972
175  TIM+R3        6460.492     27  12974.984    12976.539    13107.493
176  TIM+R4        6460.474     29  12978.949    12980.742    13121.274
177  TIM+R5        Skipped 
178  TIM+R6        Skipped 
179  TIM+R7        Skipped 
180  TIM+R8        Skipped 
181  TIM+R9        Skipped 
182  TIM+R10       Skipped 
183  TIM2e         6859.696     20  13759.391    13760.249    13857.546
184  TIM2e+I       6634.555     21  13311.109    13312.054    13414.172
185  TIM2e+G4      6579.040     21  13200.080    13201.025    13303.143
186  TIM2e+I+G4    6578.055     22  13200.109    13201.145    13308.080
187  TIM2e+R2      6587.396     22  13218.793    13219.828    13326.763
188  TIM2e+R3      6575.922     24  13199.845    13201.076    13317.631
189  TIM2e+R4      6575.899     26  13203.797    13205.240    13331.399
190  TIM2e+R5      Skipped 
191  TIM2e+R6      Skipped 
192  TIM2e+R7      Skipped 
193  TIM2e+R8      Skipped 
194  TIM2e+R9      Skipped 
195  TIM2e+R10     Skipped 
196  TIM2          6754.364     23  13554.728    13555.859    13667.606
197  TIM2+I        6544.356     24  13136.713    13137.944    13254.499
198  TIM2+G4       6479.598     24  13007.196    13008.427    13124.982
199  TIM2+I+G4     6479.280     25  13008.560    13009.895    13131.254
200  TIM2+R2       6487.311     25  13024.622    13025.957    13147.316
201  TIM2+R3       6476.878     27  13007.757    13009.312    13140.266
202  TIM2+R4       6476.913     29  13011.827    13013.621    13154.152
203  TIM2+R5       Skipped 
204  TIM2+R6       Skipped 
205  TIM2+R7       Skipped 
206  TIM2+R8       Skipped 
207  TIM2+R9       Skipped 
208  TIM2+R10      Skipped 
209  TIM3e         6862.886     20  13765.773    13766.631    13863.928
210  TIM3e+I       6646.803     21  13335.606    13336.551    13438.669
211  TIM3e+G4      6596.983     21  13235.966    13236.911    13339.029
212  TIM3e+I+G4    6596.294     22  13236.587    13237.623    13344.558
213  TIM3e+R2      6602.359     22  13248.718    13249.754    13356.689
214  TIM3e+R3      6594.692     24  13237.384    13238.615    13355.170
215  TIM3e+R4      6594.686     26  13241.373    13242.816    13368.974
216  TIM3e+R5      Skipped 
217  TIM3e+R6      Skipped 
218  TIM3e+R7      Skipped 
219  TIM3e+R8      Skipped 
220  TIM3e+R9      Skipped 
221  TIM3e+R10     Skipped 
222  TIM3          6740.448     23  13526.897    13528.028    13639.775
223  TIM3+I        6535.596     24  13119.192    13120.422    13236.978
224  TIM3+G4       6468.351     24  12984.703    12985.934    13102.489
225  TIM3+I+G4     6468.462     25  12986.924    12988.259    13109.618
226  TIM3+R2       6475.826     25  13001.653    13002.987    13124.346
227  TIM3+R3       6467.560     27  12989.120    12990.675    13121.629
228  TIM3+R4       6467.607     29  12993.213    12995.007    13135.538
229  TIM3+R5       Skipped 
230  TIM3+R6       Skipped 
231  TIM3+R7       Skipped 
232  TIM3+R8       Skipped 
233  TIM3+R9       Skipped 
234  TIM3+R10      Skipped 
235  TVMe          6850.612     21  13743.224    13744.169    13846.287
236  TVMe+I        6626.703     22  13297.406    13298.442    13405.377
237  TVMe+G4       6570.980     22  13185.960    13186.996    13293.931
238  TVMe+I+G4     6570.293     23  13186.586    13187.717    13299.465
239  TVMe+R2       6578.609     23  13203.218    13204.350    13316.097
240  TVMe+R3       6568.795     25  13187.590    13188.925    13310.284
241  TVMe+R4       6568.803     27  13191.605    13193.161    13324.115
242  TVMe+R5       Skipped 
243  TVMe+R6       Skipped 
244  TVMe+R7       Skipped 
245  TVMe+R8       Skipped 
246  TVMe+R9       Skipped 
247  TVMe+R10      Skipped 
248  TVM           6732.611     24  13513.221    13514.452    13631.007
249  TVM+I         6525.184     25  13100.368    13101.703    13223.062
250  TVM+G4        6457.754     25  12965.507    12966.842    13088.201
251  TVM+I+G4      6457.872     26  12967.744    12969.187    13095.346
252  TVM+R2        6465.666     26  12983.332    12984.775    13110.933
253  TVM+R3        6457.238     28  12970.476    12972.149    13107.893
254  TVM+R4        6457.228     30  12974.455    12976.375    13121.688
255  TVM+R5        Skipped 
256  TVM+R6        Skipped 
257  TVM+R7        Skipped 
258  TVM+R8        Skipped 
259  TVM+R9        Skipped 
260  TVM+R10       Skipped 
261  SYM           6849.876     22  13743.751    13744.787    13851.722
262  SYM+I         6624.250     23  13294.499    13295.631    13407.378
263  SYM+G4        6567.771     23  13181.543    13182.674    13294.421
264  SYM+I+G4      6566.695     24  13181.390    13182.621    13299.176
265  SYM+R2        6576.573     24  13201.147    13202.377    13318.933
266  SYM+R3        6564.468     26  13180.936    13182.379    13308.538
267  SYM+R4        6564.454     28  13184.909    13186.581    13322.326
268  SYM+R5        Skipped 
269  SYM+R6        Skipped 
270  SYM+R7        Skipped 
271  SYM+R8        Skipped 
272  SYM+R9        Skipped 
273  SYM+R10       Skipped 
274  GTR           6732.501     25  13515.003    13516.338    13637.697
275  GTR+I         6525.171     26  13102.342    13103.785    13229.944
276  GTR+G4        6457.739     26  12967.477    12968.920    13095.079
277  GTR+I+G4      6457.835     27  12969.671    12971.226    13102.180
278  GTR+R2        6464.899     27  12983.797    12985.353    13116.307
279  GTR+R3        6457.274     29  12972.548    12974.341    13114.873
280  GTR+R4        6457.298     31  12976.597    12978.646    13128.737
281  GTR+R5        Skipped 
282  GTR+R6        Skipped 
283  GTR+R7        Skipped 
284  GTR+R8        Skipped 
285  GTR+R9        Skipped 
286  GTR+R10       Skipped 
Akaike Information Criterion:           TVM+G4
Corrected Akaike Information Criterion: TVM+G4
Bayesian Information Criterion:         K3Pu+G4
Best-fit model: K3Pu+G4 chosen according to BIC

All model information printed to ./results/gene15.phy.model
CPU time for ModelFinder: 10.081 seconds (0h:0m:10s)
Wall-clock time for ModelFinder: 15.128 seconds (0h:0m:15s)
Generating 1000 samples for ultrafast bootstrap (seed: 459515)...

NOTE: 2 MB RAM (0 GB) is required!
Estimate model parameters (epsilon = 0.100)
1. Initial log-likelihood: -6701.359
2. Current log-likelihood: -6517.185
3. Current log-likelihood: -6464.562
4. Current log-likelihood: -6462.935
5. Current log-likelihood: -6462.832
Optimal log-likelihood: -6462.762
Rate parameters:  A-C: 1.000  A-G: 2.657  A-T: 0.393  C-G: 0.393  C-T: 2.657  G-T: 1.000
Base frequencies:   A: 0.398  C: 0.178  G: 0.177  T: 0.247
Gamma shape alpha: 0.546
Parameters optimization took 5 rounds (0.100 sec)
Computing ML distances based on estimated model parameters... 0.001 sec
Computing BIONJ tree...
0.000 seconds
Log-likelihood of BIONJ tree: -6461.148
--------------------------------------------------------------------
|             INITIALIZING CANDIDATE TREE SET                      |
--------------------------------------------------------------------
Generating 98 parsimony trees... 0.119 second
Computing log-likelihood of 95 initial trees ... 0.387 seconds
Current best score: -6461.148

Do NNI search on 20 best initial trees
Estimate model parameters (epsilon = 0.100)
BETTER TREE FOUND at iteration 1: -6459.350
Estimate model parameters (epsilon = 0.100)
BETTER TREE FOUND at iteration 2: -6459.273
Iteration 10 / LogL: -6462.560 / Time: 0h:0m:16s
Iteration 20 / LogL: -6460.683 / Time: 0h:0m:17s
Finish initializing candidate tree set (11)
Current best tree score: -6459.273 / CPU time: 2.026
Number of iterations: 20
--------------------------------------------------------------------
|               OPTIMIZING CANDIDATE TREE SET                      |
--------------------------------------------------------------------
Iteration 30 / LogL: -6459.274 / Time: 0h:0m:18s (0h:0m:7s left)
Iteration 40 / LogL: -6459.279 / Time: 0h:0m:18s (0h:0m:5s left)
Iteration 50 / LogL: -6459.283 / Time: 0h:0m:19s (0h:0m:4s left)
Log-likelihood cutoff on original alignment: -6466.775
Iteration 60 / LogL: -6460.684 / Time: 0h:0m:20s (0h:0m:3s left)
Iteration 70 / LogL: -6459.275 / Time: 0h:0m:21s (0h:0m:2s left)
Iteration 80 / LogL: -6459.275 / Time: 0h:0m:21s (0h:0m:1s left)
Iteration 90 / LogL: -6459.349 / Time: 0h:0m:22s (0h:0m:0s left)
UPDATE BEST LOG-LIKELIHOOD: -6459.273
Iteration 100 / LogL: -6459.273 / Time: 0h:0m:22s (0h:0m:0s left)
Log-likelihood cutoff on original alignment: -6467.490
NOTE: Bootstrap correlation coefficient of split occurrence frequencies: 0.978
NOTE: UFBoot does not converge, continue at least 100 more iterations
Iteration 110 / LogL: -6459.478 / Time: 0h:0m:23s (0h:0m:6s left)
Iteration 120 / LogL: -6459.279 / Time: 0h:0m:23s (0h:0m:5s left)
Iteration 130 / LogL: -6459.275 / Time: 0h:0m:24s (0h:0m:4s left)
Iteration 140 / LogL: -6459.284 / Time: 0h:0m:24s (0h:0m:4s left)
UPDATE BEST LOG-LIKELIHOOD: -6459.273
UPDATE BEST LOG-LIKELIHOOD: -6459.273
WARNING: NNI search needs unusual large number of steps (7) to converge!
Iteration 150 / LogL: -6459.275 / Time: 0h:0m:25s (0h:0m:3s left)
Log-likelihood cutoff on original alignment: -6467.789
Iteration 160 / LogL: -6459.279 / Time: 0h:0m:25s (0h:0m:2s left)
UPDATE BEST LOG-LIKELIHOOD: -6459.273
Iteration 170 / LogL: -6460.263 / Time: 0h:0m:26s (0h:0m:2s left)
UPDATE BEST LOG-LIKELIHOOD: -6459.273
Iteration 180 / LogL: -6459.276 / Time: 0h:0m:27s (0h:0m:1s left)
Iteration 190 / LogL: -6460.500 / Time: 0h:0m:28s (0h:0m:0s left)
Iteration 200 / LogL: -6459.274 / Time: 0h:0m:28s (0h:0m:0s left)
Log-likelihood cutoff on original alignment: -6467.789
NOTE: Bootstrap correlation coefficient of split occurrence frequencies: 0.981
NOTE: UFBoot does not converge, continue at least 100 more iterations
Iteration 210 / LogL: -6459.479 / Time: 0h:0m:29s (0h:0m:5s left)
Iteration 220 / LogL: -6459.478 / Time: 0h:0m:29s (0h:0m:5s left)
UPDATE BEST LOG-LIKELIHOOD: -6459.273
Iteration 230 / LogL: -6459.285 / Time: 0h:0m:29s (0h:0m:4s left)
UPDATE BEST LOG-LIKELIHOOD: -6459.273
Iteration 240 / LogL: -6459.273 / Time: 0h:0m:30s (0h:0m:3s left)
Iteration 250 / LogL: -6459.273 / Time: 0h:0m:30s (0h:0m:3s left)
Log-likelihood cutoff on original alignment: -6467.789
Iteration 260 / LogL: -6459.479 / Time: 0h:0m:30s (0h:0m:2s left)
Iteration 270 / LogL: -6459.330 / Time: 0h:0m:31s (0h:0m:1s left)
Iteration 280 / LogL: -6459.275 / Time: 0h:0m:31s (0h:0m:1s left)
Iteration 290 / LogL: -6459.276 / Time: 0h:0m:32s (0h:0m:0s left)
Iteration 300 / LogL: -6459.478 / Time: 0h:0m:32s (0h:0m:0s left)
Log-likelihood cutoff on original alignment: -6467.789
NOTE: Bootstrap correlation coefficient of split occurrence frequencies: 0.995
TREE SEARCH COMPLETED AFTER 300 ITERATIONS / Time: 0h:0m:32s

--------------------------------------------------------------------
|                    FINALIZING TREE SEARCH                        |
--------------------------------------------------------------------
Performs final model parameters optimization
Estimate model parameters (epsilon = 0.010)
1. Initial log-likelihood: -6459.273
Optimal log-likelihood: -6459.271
Rate parameters:  A-C: 1.000  A-G: 2.647  A-T: 0.393  C-G: 0.393  C-T: 2.647  G-T: 1.000
Base frequencies:   A: 0.398  C: 0.178  G: 0.177  T: 0.247
Gamma shape alpha: 0.558
Parameters optimization took 1 rounds (0.006 sec)
BEST SCORE FOUND : -6459.271
Creating bootstrap support values...
Split supports printed to NEXUS file ./results/gene15.phy.splits.nex
Total tree length: 2.230

Total number of iterations: 300
CPU time used for tree search: 12.385 sec (0h:0m:12s)
Wall-clock time used for tree search: 17.606 sec (0h:0m:17s)
Total CPU time used: 22.586 sec (0h:0m:22s)
Total wall-clock time used: 32.950 sec (0h:0m:32s)

Computing bootstrap consensus tree...
Reading input file ./results/gene15.phy.splits.nex...
10 taxa and 181 splits.
Consensus tree written to ./results/gene15.phy.contree
Reading input trees file ./results/gene15.phy.contree
Log-likelihood of consensus tree: -6459.473

Analysis results written to: 
  IQ-TREE report:                ./results/gene15.phy.iqtree
  Maximum-likelihood tree:       ./results/gene15.phy.treefile
  Likelihood distances:          ./results/gene15.phy.mldist

Ultrafast bootstrap approximation results written to:
  Split support values:          ./results/gene15.phy.splits.nex
  Consensus tree:                ./results/gene15.phy.contree
  Screen log file:               ./results/gene15.phy.log

Date and Time: Tue Aug 22 17:45:04 2017
