IQ-TREE multicore version 1.5.4 for Linux 64-bit built Apr  2 2017
Copyright (c) 2011-2017 by Bui Quang Minh, Nguyen Lam Tung,
Olga Chernomor, Heiko Schmidt, and Arndt von Haeseler.

Host:    hpc-crick (AVX, 251 GB RAM)
Command: iqtree -s ./results/gene13.phy -nt 1 -bb 1000
Seed:    179369 (Using SPRNG - Scalable Parallel Random Number Generator)
Time:    Tue Aug 22 17:39:36 2017
Kernel:  AVX - 1 threads (40 CPU cores detected)

Reading alignment file ./results/gene13.phy ... Phylip format detected
Alignment most likely contains DNA/RNA sequences
Alignment has 10 sequences with 1000 columns and 430 patterns (284 informative sites, 451 constant sites)
   Gap/Ambiguity  Composition  p-value
   1  A    0.00%    passed     90.15%
   2  B    0.00%    passed     96.94%
   3  C    0.00%    passed     91.64%
   4  D    0.00%    passed     83.07%
   5  E    0.00%    passed     87.36%
   6  F    0.00%    passed     91.46%
   7  G    0.00%    passed     77.33%
   8  H    0.00%    passed     48.74%
   9  I    0.00%    passed     70.24%
  10  J    0.00%    passed     77.16%
****  TOTAL    0.00%  0 sequences failed composition chi2 test (p-value<5%; df=3)

Create initial parsimony tree by phylogenetic likelihood library (PLL)... 0.008 seconds

NOTE: ModelFinder requires 3 MB RAM!
ModelFinder will test 286 DNA models (sample size: 1000) ...
 No. Model         -LnL         df  AIC          AICc         BIC
  1  JC            6871.358     17  13776.716    13777.340    13860.148
  2  JC+I          6626.885     18  13289.769    13290.467    13378.109
  3  JC+G4         6564.080     18  13164.160    13164.858    13252.500
  4  JC+I+G4       6564.532     19  13167.064    13167.840    13260.312
  5  JC+R2         6567.934     19  13173.867    13174.643    13267.115
  6  JC+R3         6563.489     21  13168.979    13169.923    13272.042
  7  JC+R4         Skipped 
  8  JC+R5         Skipped 
  9  JC+R6         Skipped 
 10  JC+R7         Skipped 
 11  JC+R8         Skipped 
 12  JC+R9         Skipped 
 13  JC+R10        Skipped 
 14  F81           6769.313     20  13578.625    13579.483    13676.780
 15  F81+I         6521.154     21  13084.307    13085.252    13187.370
 16  F81+G4        6451.501     21  12945.002    12945.947    13048.065
 17  F81+I+G4      6451.938     22  12947.877    12948.913    13055.847
 18  F81+R2        6457.108     22  12958.216    12959.252    13066.187
 19  F81+R3        6450.438     24  12948.876    12950.107    13066.662
 20  F81+R4        Skipped 
 21  F81+R5        Skipped 
 22  F81+R6        Skipped 
 23  F81+R7        Skipped 
 24  F81+R8        Skipped 
 25  F81+R9        Skipped 
 26  F81+R10       Skipped 
 27  K2P           6771.311     18  13578.622    13579.319    13666.961
 28  K2P+I         6517.469     19  13072.938    13073.713    13166.185
 29  K2P+G4        6442.995     19  12923.991    12924.766    13017.238
 30  K2P+I+G4      6443.172     20  12926.343    12927.201    13024.498
 31  K2P+R2        6448.188     20  12936.376    12937.234    13034.531
 32  K2P+R3        6441.244     22  12926.487    12927.523    13034.458
 33  K2P+R4        6441.147     24  12930.293    12931.524    13048.080
 34  K2P+R5        Skipped 
 35  K2P+R6        Skipped 
 36  K2P+R7        Skipped 
 37  K2P+R8        Skipped 
 38  K2P+R9        Skipped 
 39  K2P+R10       Skipped 
 40  HKY           6658.945     21  13359.890    13360.835    13462.953
 41  HKY+I         6399.475     22  12842.949    12843.985    12950.920
 42  HKY+G4        6315.886     22  12675.772    12676.808    12783.743
 43  HKY+I+G4      6316.239     23  12678.478    12679.609    12791.356
 44  HKY+R2        6322.763     23  12691.526    12692.657    12804.404
 45  HKY+R3        6314.762     25  12679.524    12680.858    12802.217
 46  HKY+R4        6314.751     27  12683.503    12685.058    12816.012
 47  HKY+R5        Skipped 
 48  HKY+R6        Skipped 
 49  HKY+R7        Skipped 
 50  HKY+R8        Skipped 
 51  HKY+R9        Skipped 
 52  HKY+R10       Skipped 
 53  TNe           6770.321     19  13578.642    13579.417    13671.889
 54  TNe+I         6515.972     20  13071.944    13072.802    13170.099
 55  TNe+G4        6440.818     20  12921.636    12922.494    13019.791
 56  TNe+I+G4      6440.901     21  12923.801    12924.746    13026.864
 57  TNe+R2        6445.903     21  12933.805    12934.750    13036.868
 58  TNe+R3        6439.177     23  12924.355    12925.486    13037.233
 59  TNe+R4        Skipped 
 60  TNe+R5        Skipped 
 61  TNe+R6        Skipped 
 62  TNe+R7        Skipped 
 63  TNe+R8        Skipped 
 64  TNe+R9        Skipped 
 65  TNe+R10       Skipped 
 66  TN            6657.826     22  13359.653    13360.689    13467.623
 67  TN+I          6398.998     23  12843.995    12845.127    12956.874
 68  TN+G4         6315.408     23  12676.817    12677.948    12789.695
 69  TN+I+G4       6315.717     24  12679.435    12680.665    12797.221
 70  TN+R2         6322.488     24  12692.976    12694.207    12810.763
 71  TN+R3         6314.111     26  12680.222    12681.665    12807.824
 72  TN+R4         6314.081     28  12684.162    12685.834    12821.579
 73  TN+R5         Skipped 
 74  TN+R6         Skipped 
 75  TN+R7         Skipped 
 76  TN+R8         Skipped 
 77  TN+R9         Skipped 
 78  TN+R10        Skipped 
 79  K3P           6770.798     19  13579.596    13580.372    13672.844
 80  K3P+I         6516.404     20  13072.809    13073.667    13170.964
 81  K3P+G4        6441.026     20  12922.051    12922.909    13020.206
 82  K3P+I+G4      6441.154     21  12924.308    12925.253    13027.371
 83  K3P+R2        6446.217     21  12934.434    12935.379    13037.497
 84  K3P+R3        6439.282     23  12924.565    12925.696    13037.443
 85  K3P+R4        6439.275     25  12928.550    12929.884    13051.244
 86  K3P+R5        Skipped 
 87  K3P+R6        Skipped 
 88  K3P+R7        Skipped 
 89  K3P+R8        Skipped 
 90  K3P+R9        Skipped 
 91  K3P+R10       Skipped 
 92  K3Pu          6653.273     22  13350.547    13351.583    13458.517
 93  K3Pu+I        6392.447     23  12830.893    12832.025    12943.772
 94  K3Pu+G4       6306.854     23  12659.708    12660.839    12772.586
 95  K3Pu+I+G4     6307.285     24  12662.570    12663.801    12780.356
 96  K3Pu+R2       6313.321     24  12674.643    12675.874    12792.429
 97  K3Pu+R3       6306.303     26  12664.606    12666.049    12792.208
 98  K3Pu+R4       6306.290     28  12668.580    12670.253    12805.997
 99  K3Pu+R5       Skipped 
100  K3Pu+R6       Skipped 
101  K3Pu+R7       Skipped 
102  K3Pu+R8       Skipped 
103  K3Pu+R9       Skipped 
104  K3Pu+R10      Skipped 
105  TPM2          6655.940     22  13355.879    13356.915    13463.850
106  TPM2+I        6396.923     23  12839.847    12840.978    12952.725
107  TPM2+G4       6314.983     23  12675.967    12677.098    12788.845
108  TPM2+I+G4     6315.191     24  12678.382    12679.613    12796.168
109  TPM2+R2       6321.504     24  12691.008    12692.238    12808.794
110  TPM2+R3       6313.635     26  12679.270    12680.713    12806.872
111  TPM2+R4       6313.632     28  12683.264    12684.937    12820.681
112  TPM2+R5       Skipped 
113  TPM2+R6       Skipped 
114  TPM2+R7       Skipped 
115  TPM2+R8       Skipped 
116  TPM2+R9       Skipped 
117  TPM2+R10      Skipped 
118  TPM2u         6655.951     22  13355.903    13356.939    13463.873
119  TPM2u+I       6396.930     23  12839.860    12840.991    12952.738
120  TPM2u+G4      6314.968     23  12675.935    12677.066    12788.813
121  TPM2u+I+G4    6315.175     24  12678.351    12679.581    12796.137
122  TPM2u+R2      6321.502     24  12691.005    12692.236    12808.791
123  TPM2u+R3      6313.629     26  12679.259    12680.702    12806.860
124  TPM2u+R4      6313.641     28  12683.282    12684.955    12820.699
125  TPM2u+R5      Skipped 
126  TPM2u+R6      Skipped 
127  TPM2u+R7      Skipped 
128  TPM2u+R8      Skipped 
129  TPM2u+R9      Skipped 
130  TPM2u+R10     Skipped 
131  TPM3          6643.928     22  13331.855    13332.891    13439.826
132  TPM3+I        6388.287     23  12822.575    12823.706    12935.453
133  TPM3+G4       6306.729     23  12659.458    12660.589    12772.336
134  TPM3+I+G4     6307.081     24  12662.161    12663.392    12779.947
135  TPM3+R2       6313.046     24  12674.093    12675.324    12791.879
136  TPM3+R3       6306.441     26  12664.882    12666.325    12792.483
137  TPM3+R4       Skipped 
138  TPM3+R5       Skipped 
139  TPM3+R6       Skipped 
140  TPM3+R7       Skipped 
141  TPM3+R8       Skipped 
142  TPM3+R9       Skipped 
143  TPM3+R10      Skipped 
144  TPM3u         6643.927     22  13331.855    13332.891    13439.826
145  TPM3u+I       6388.289     23  12822.578    12823.710    12935.457
146  TPM3u+G4      6306.738     23  12659.476    12660.607    12772.354
147  TPM3u+I+G4    6307.068     24  12662.137    12663.367    12779.923
148  TPM3u+R2      6313.032     24  12674.065    12675.296    12791.851
149  TPM3u+R3      6306.436     26  12664.873    12666.316    12792.474
150  TPM3u+R4      Skipped 
151  TPM3u+R5      Skipped 
152  TPM3u+R6      Skipped 
153  TPM3u+R7      Skipped 
154  TPM3u+R8      Skipped 
155  TPM3u+R9      Skipped 
156  TPM3u+R10     Skipped 
157  TIMe          6769.825     20  13579.650    13580.508    13677.805
158  TIMe+I        6514.940     21  13071.879    13072.824    13174.942
159  TIMe+G4       6438.793     21  12919.585    12920.530    13022.648
160  TIMe+I+G4     6438.827     22  12921.654    12922.689    13029.624
161  TIMe+R2       6443.896     22  12931.792    12932.828    13039.763
162  TIMe+R3       6437.154     24  12922.308    12923.539    13040.094
163  TIMe+R4       Skipped 
164  TIMe+R5       Skipped 
165  TIMe+R6       Skipped 
166  TIMe+R7       Skipped 
167  TIMe+R8       Skipped 
168  TIMe+R9       Skipped 
169  TIMe+R10      Skipped 
170  TIM           6652.112     23  13350.224    13351.355    13463.102
171  TIM+I         6391.991     24  12831.982    12833.213    12949.768
172  TIM+G4        6306.576     24  12661.152    12662.383    12778.939
173  TIM+I+G4      6306.946     25  12663.892    12665.227    12786.586
174  TIM+R2        6313.198     25  12676.395    12677.730    12799.089
175  TIM+R3        6305.924     27  12665.848    12667.404    12798.358
176  TIM+R4        6305.912     29  12669.824    12671.618    12812.149
177  TIM+R5        Skipped 
178  TIM+R6        Skipped 
179  TIM+R7        Skipped 
180  TIM+R8        Skipped 
181  TIM+R9        Skipped 
182  TIM+R10       Skipped 
183  TIM2e         6752.111     20  13544.222    13545.080    13642.377
184  TIM2e+I       6495.901     21  13033.801    13034.746    13136.864
185  TIM2e+G4      6415.374     21  12872.749    12873.693    12975.812
186  TIM2e+I+G4    6415.061     22  12874.121    12875.157    12982.092
187  TIM2e+R2      6422.223     22  12888.446    12889.482    12996.417
188  TIM2e+R3      6410.797     24  12869.594    12870.825    12987.380
189  TIM2e+R4      6410.787     26  12873.573    12875.016    13001.175
190  TIM2e+R5      Skipped 
191  TIM2e+R6      Skipped 
192  TIM2e+R7      Skipped 
193  TIM2e+R8      Skipped 
194  TIM2e+R9      Skipped 
195  TIM2e+R10     Skipped 
196  TIM2          6654.772     23  13355.543    13356.674    13468.422
197  TIM2+I        6396.450     24  12840.901    12842.132    12958.687
198  TIM2+G4       6314.386     24  12676.773    12678.003    12794.559
199  TIM2+I+G4     6314.550     25  12679.100    12680.435    12801.794
200  TIM2+R2       6321.168     25  12692.336    12693.671    12815.030
201  TIM2+R3       6313.060     27  12680.120    12681.676    12812.630
202  TIM2+R4       6313.029     29  12684.058    12685.852    12826.383
203  TIM2+R5       Skipped 
204  TIM2+R6       Skipped 
205  TIM2+R7       Skipped 
206  TIM2+R8       Skipped 
207  TIM2+R9       Skipped 
208  TIM2+R10      Skipped 
209  TIM3e         6768.440     20  13576.880    13577.738    13675.035
210  TIM3e+I       6514.791     21  13071.582    13072.526    13174.644
211  TIM3e+G4      6440.308     21  12922.617    12923.562    13025.680
212  TIM3e+I+G4    6440.312     22  12924.624    12925.660    13032.595
213  TIM3e+R2      6445.216     22  12934.432    12935.468    13042.403
214  TIM3e+R3      6438.479     24  12924.958    12926.189    13042.744
215  TIM3e+R4      Skipped 
216  TIM3e+R5      Skipped 
217  TIM3e+R6      Skipped 
218  TIM3e+R7      Skipped 
219  TIM3e+R8      Skipped 
220  TIM3e+R9      Skipped 
221  TIM3e+R10     Skipped 
222  TIM3          6642.176     23  13330.352    13331.483    13443.230
223  TIM3+I        6387.808     24  12823.615    12824.846    12941.401
224  TIM3+G4       6306.227     24  12660.455    12661.686    12778.241
225  TIM3+I+G4     6306.480     25  12662.959    12664.294    12785.653
226  TIM3+R2       6312.809     25  12675.617    12676.952    12798.311
227  TIM3+R3       6306.095     27  12666.189    12667.745    12798.699
228  TIM3+R4       Skipped 
229  TIM3+R5       Skipped 
230  TIM3+R6       Skipped 
231  TIM3+R7       Skipped 
232  TIM3+R8       Skipped 
233  TIM3+R9       Skipped 
234  TIM3+R10      Skipped 
235  TVMe          6751.050     21  13544.101    13545.045    13647.163
236  TVMe+I        6495.336     22  13034.671    13035.707    13142.642
237  TVMe+G4       6415.179     22  12874.357    12875.393    12982.328
238  TVMe+I+G4     6414.912     23  12875.824    12876.955    12988.702
239  TVMe+R2       6422.003     23  12890.006    12891.137    13002.884
240  TVMe+R3       6411.081     25  12872.162    12873.496    12994.856
241  TVMe+R4       6411.056     27  12876.112    12877.668    13008.621
242  TVMe+R5       Skipped 
243  TVMe+R6       Skipped 
244  TVMe+R7       Skipped 
245  TVMe+R8       Skipped 
246  TVMe+R9       Skipped 
247  TVMe+R10      Skipped 
248  TVM           6639.564     24  13327.127    13328.358    13444.913
249  TVM+I         6383.034     25  12816.068    12817.403    12938.762
250  TVM+G4        6300.682     25  12651.363    12652.698    12774.057
251  TVM+I+G4      6301.016     26  12654.031    12655.474    12781.633
252  TVM+R2        6306.532     26  12665.063    12666.506    12792.665
253  TVM+R3        6300.523     28  12657.046    12658.719    12794.464
254  TVM+R4        Skipped 
255  TVM+R5        Skipped 
256  TVM+R6        Skipped 
257  TVM+R7        Skipped 
258  TVM+R8        Skipped 
259  TVM+R9        Skipped 
260  TVM+R10       Skipped 
261  SYM           6750.096     22  13544.192    13545.228    13652.163
262  SYM+I         6493.710     23  13033.419    13034.551    13146.298
263  SYM+G4        6411.392     23  12868.783    12869.914    12981.662
264  SYM+I+G4      6410.984     24  12869.968    12871.199    12987.754
265  SYM+R2        6418.487     24  12884.975    12886.205    13002.761
266  SYM+R3        6406.627     26  12865.254    12866.697    12992.855
267  SYM+R4        6406.634     28  12869.268    12870.940    13006.685
268  SYM+R5        Skipped 
269  SYM+R6        Skipped 
270  SYM+R7        Skipped 
271  SYM+R8        Skipped 
272  SYM+R9        Skipped 
273  SYM+R10       Skipped 
274  GTR           6637.652     25  13325.303    13326.638    13447.997
275  GTR+I         6382.576     26  12817.153    12818.596    12944.754
276  GTR+G4        6300.144     26  12652.288    12653.731    12779.890
277  GTR+I+G4      6300.429     27  12654.858    12656.414    12787.368
278  GTR+R2        6306.297     27  12666.593    12668.149    12799.103
279  GTR+R3        6299.946     29  12657.891    12659.685    12800.216
280  GTR+R4        Skipped 
281  GTR+R5        Skipped 
282  GTR+R6        Skipped 
283  GTR+R7        Skipped 
284  GTR+R8        Skipped 
285  GTR+R9        Skipped 
286  GTR+R10       Skipped 
Akaike Information Criterion:           TVM+G4
Corrected Akaike Information Criterion: TVM+G4
Bayesian Information Criterion:         TPM3+G4
Best-fit model: TPM3+G4 chosen according to BIC

All model information printed to ./results/gene13.phy.model
CPU time for ModelFinder: 9.164 seconds (0h:0m:9s)
Wall-clock time for ModelFinder: 10.837 seconds (0h:0m:10s)
Generating 1000 samples for ultrafast bootstrap (seed: 179369)...

NOTE: 2 MB RAM (0 GB) is required!
Estimate model parameters (epsilon = 0.100)
1. Initial log-likelihood: -6512.580
2. Current log-likelihood: -6317.653
3. Current log-likelihood: -6309.199
4. Current log-likelihood: -6308.787
Optimal log-likelihood: -6308.756
Rate parameters:  A-C: 2.012  A-G: 4.589  A-T: 1.000  C-G: 2.012  C-T: 4.589  G-T: 1.000
Base frequencies:   A: 0.398  C: 0.155  G: 0.196  T: 0.250
Gamma shape alpha: 0.453
Parameters optimization took 4 rounds (0.073 sec)
Computing ML distances based on estimated model parameters... 0.000 sec
Computing BIONJ tree...
0.000 seconds
Log-likelihood of BIONJ tree: -6303.224
--------------------------------------------------------------------
|             INITIALIZING CANDIDATE TREE SET                      |
--------------------------------------------------------------------
Generating 98 parsimony trees... 0.063 second
Computing log-likelihood of 96 initial trees ... 0.322 seconds
Current best score: -6303.224

Do NNI search on 20 best initial trees
Estimate model parameters (epsilon = 0.100)
BETTER TREE FOUND at iteration 1: -6303.105
BETTER TREE FOUND at iteration 2: -6303.105
UPDATE BEST LOG-LIKELIHOOD: -6303.104
Iteration 10 / LogL: -6303.962 / Time: 0h:0m:11s
Iteration 20 / LogL: -6303.373 / Time: 0h:0m:12s
Finish initializing candidate tree set (7)
Current best tree score: -6303.104 / CPU time: 1.112
Number of iterations: 20
--------------------------------------------------------------------
|               OPTIMIZING CANDIDATE TREE SET                      |
--------------------------------------------------------------------
UPDATE BEST LOG-LIKELIHOOD: -6303.104
Iteration 30 / LogL: -6303.104 / Time: 0h:0m:12s (0h:0m:3s left)
UPDATE BEST LOG-LIKELIHOOD: -6303.104
Iteration 40 / LogL: -6303.367 / Time: 0h:0m:12s (0h:0m:2s left)
Iteration 50 / LogL: -6303.113 / Time: 0h:0m:12s (0h:0m:2s left)
Log-likelihood cutoff on original alignment: -6311.564
Iteration 60 / LogL: -6303.367 / Time: 0h:0m:13s (0h:0m:1s left)
Iteration 70 / LogL: -6303.393 / Time: 0h:0m:13s (0h:0m:1s left)
Iteration 80 / LogL: -6303.104 / Time: 0h:0m:14s (0h:0m:0s left)
Iteration 90 / LogL: -6303.105 / Time: 0h:0m:14s (0h:0m:0s left)
Iteration 100 / LogL: -6303.105 / Time: 0h:0m:15s (0h:0m:0s left)
Log-likelihood cutoff on original alignment: -6311.564
NOTE: Bootstrap correlation coefficient of split occurrence frequencies: 0.987
NOTE: UFBoot does not converge, continue at least 100 more iterations
Iteration 110 / LogL: -6303.105 / Time: 0h:0m:15s (0h:0m:4s left)
Iteration 120 / LogL: -6303.367 / Time: 0h:0m:16s (0h:0m:3s left)
UPDATE BEST LOG-LIKELIHOOD: -6303.104
Iteration 130 / LogL: -6303.369 / Time: 0h:0m:16s (0h:0m:3s left)
Iteration 140 / LogL: -6303.367 / Time: 0h:0m:17s (0h:0m:2s left)
Iteration 150 / LogL: -6303.447 / Time: 0h:0m:18s (0h:0m:2s left)
Log-likelihood cutoff on original alignment: -6312.074
Iteration 160 / LogL: -6303.105 / Time: 0h:0m:18s (0h:0m:1s left)
UPDATE BEST LOG-LIKELIHOOD: -6303.104
UPDATE BEST LOG-LIKELIHOOD: -6303.104
Iteration 170 / LogL: -6303.104 / Time: 0h:0m:18s (0h:0m:1s left)
Iteration 180 / LogL: -6303.112 / Time: 0h:0m:19s (0h:0m:0s left)
Iteration 190 / LogL: -6303.104 / Time: 0h:0m:19s (0h:0m:0s left)
Iteration 200 / LogL: -6303.105 / Time: 0h:0m:20s (0h:0m:0s left)
Log-likelihood cutoff on original alignment: -6312.705
NOTE: Bootstrap correlation coefficient of split occurrence frequencies: 0.995
TREE SEARCH COMPLETED AFTER 200 ITERATIONS / Time: 0h:0m:20s

--------------------------------------------------------------------
|                    FINALIZING TREE SEARCH                        |
--------------------------------------------------------------------
Performs final model parameters optimization
Estimate model parameters (epsilon = 0.010)
1. Initial log-likelihood: -6303.104
Optimal log-likelihood: -6303.104
Rate parameters:  A-C: 2.042  A-G: 4.583  A-T: 1.000  C-G: 2.042  C-T: 4.583  G-T: 1.000
Base frequencies:   A: 0.398  C: 0.155  G: 0.196  T: 0.250
Gamma shape alpha: 0.461
Parameters optimization took 1 rounds (0.006 sec)
BEST SCORE FOUND : -6303.104
Creating bootstrap support values...
Split supports printed to NEXUS file ./results/gene13.phy.splits.nex
Total tree length: 2.124

Total number of iterations: 200
CPU time used for tree search: 8.046 sec (0h:0m:8s)
Wall-clock time used for tree search: 9.435 sec (0h:0m:9s)
Total CPU time used: 17.314 sec (0h:0m:17s)
Total wall-clock time used: 20.417 sec (0h:0m:20s)

Computing bootstrap consensus tree...
Reading input file ./results/gene13.phy.splits.nex...
10 taxa and 136 splits.
Consensus tree written to ./results/gene13.phy.contree
Reading input trees file ./results/gene13.phy.contree
Log-likelihood of consensus tree: -6303.104

Analysis results written to: 
  IQ-TREE report:                ./results/gene13.phy.iqtree
  Maximum-likelihood tree:       ./results/gene13.phy.treefile
  Likelihood distances:          ./results/gene13.phy.mldist

Ultrafast bootstrap approximation results written to:
  Split support values:          ./results/gene13.phy.splits.nex
  Consensus tree:                ./results/gene13.phy.contree
  Screen log file:               ./results/gene13.phy.log

Date and Time: Tue Aug 22 17:39:56 2017
