IQ-TREE multicore version 1.5.4 for Linux 64-bit built Apr  2 2017
Copyright (c) 2011-2017 by Bui Quang Minh, Nguyen Lam Tung,
Olga Chernomor, Heiko Schmidt, and Arndt von Haeseler.

Host:    hpc-crick (AVX, 251 GB RAM)
Command: iqtree -s ./results/gene4.phy -nt 1 -bb 1000
Seed:    651411 (Using SPRNG - Scalable Parallel Random Number Generator)
Time:    Tue Aug 22 18:09:39 2017
Kernel:  AVX - 1 threads (40 CPU cores detected)

Reading alignment file ./results/gene4.phy ... Phylip format detected
Alignment most likely contains DNA/RNA sequences
Alignment has 10 sequences with 1000 columns and 481 patterns (363 informative sites, 405 constant sites)
   Gap/Ambiguity  Composition  p-value
   1  A    0.00%    passed     56.54%
   2  B    0.00%    passed     49.15%
   3  C    0.00%    passed     33.14%
   4  D    0.00%    passed     43.95%
   5  E    0.00%    passed     53.00%
   6  F    0.00%    passed     93.79%
   7  G    0.00%    passed     98.39%
   8  H    0.00%    passed     86.76%
   9  I    0.00%    passed     92.71%
  10  J    0.00%    passed     95.35%
****  TOTAL    0.00%  0 sequences failed composition chi2 test (p-value<5%; df=3)

Create initial parsimony tree by phylogenetic likelihood library (PLL)... 0.008 seconds

NOTE: ModelFinder requires 3 MB RAM!
ModelFinder will test 286 DNA models (sample size: 1000) ...
 No. Model         -LnL         df  AIC          AICc         BIC
  1  JC            7735.790     17  15505.579    15506.202    15589.011
  2  JC+I          7415.454     18  14866.907    14867.605    14955.247
  3  JC+G4         7350.223     18  14736.447    14737.144    14824.786
  4  JC+I+G4       7350.383     19  14738.766    14739.542    14832.014
  5  JC+R2         7347.975     19  14733.950    14734.726    14827.198
  6  JC+R3         7346.707     21  14735.414    14736.359    14838.477
  7  JC+R4         Skipped 
  8  JC+R5         Skipped 
  9  JC+R6         Skipped 
 10  JC+R7         Skipped 
 11  JC+R8         Skipped 
 12  JC+R9         Skipped 
 13  JC+R10        Skipped 
 14  F81           7615.983     20  15271.965    15272.823    15370.121
 15  F81+I         7290.637     21  14623.274    14624.219    14726.337
 16  F81+G4        7207.542     21  14457.084    14458.029    14560.147
 17  F81+I+G4      7208.473     22  14460.945    14461.981    14568.916
 18  F81+R2        7207.515     22  14459.029    14460.065    14567.000
 19  F81+R3        7204.594     24  14457.188    14458.418    14574.974
 20  F81+R4        Skipped 
 21  F81+R5        Skipped 
 22  F81+R6        Skipped 
 23  F81+R7        Skipped 
 24  F81+R8        Skipped 
 25  F81+R9        Skipped 
 26  F81+R10       Skipped 
 27  K2P           7601.238     18  15238.475    15239.172    15326.815
 28  K2P+I         7269.209     19  14576.418    14577.193    14669.665
 29  K2P+G4        7185.293     19  14408.586    14409.361    14501.833
 30  K2P+I+G4      7185.507     20  14411.014    14411.872    14509.169
 31  K2P+R2        7188.321     20  14416.642    14417.500    14514.797
 32  K2P+R3        7184.186     22  14412.372    14413.408    14520.343
 33  K2P+R4        Skipped 
 34  K2P+R5        Skipped 
 35  K2P+R6        Skipped 
 36  K2P+R7        Skipped 
 37  K2P+R8        Skipped 
 38  K2P+R9        Skipped 
 39  K2P+R10       Skipped 
 40  HKY           7483.634     21  15009.269    15010.214    15112.332
 41  HKY+I         7146.143     22  14336.285    14337.321    14444.256
 42  HKY+G4        7043.014     22  14130.028    14131.064    14237.999
 43  HKY+I+G4      7043.583     23  14133.166    14134.297    14246.044
 44  HKY+R2        7048.394     23  14142.788    14143.920    14255.667
 45  HKY+R3        7041.445     25  14132.890    14134.224    14255.583
 46  HKY+R4        7041.312     27  14136.624    14138.179    14269.133
 47  HKY+R5        Skipped 
 48  HKY+R6        Skipped 
 49  HKY+R7        Skipped 
 50  HKY+R8        Skipped 
 51  HKY+R9        Skipped 
 52  HKY+R10       Skipped 
 53  TNe           7596.905     19  15231.809    15232.585    15325.057
 54  TNe+I         7265.032     20  14570.064    14570.922    14668.220
 55  TNe+G4        7180.289     20  14400.579    14401.437    14498.734
 56  TNe+I+G4      7179.963     21  14401.926    14402.871    14504.989
 57  TNe+R2        7185.109     21  14412.217    14413.162    14515.280
 58  TNe+R3        7178.499     23  14402.998    14404.129    14515.876
 59  TNe+R4        Skipped 
 60  TNe+R5        Skipped 
 61  TNe+R6        Skipped 
 62  TNe+R7        Skipped 
 63  TNe+R8        Skipped 
 64  TNe+R9        Skipped 
 65  TNe+R10       Skipped 
 66  TN            7483.291     22  15010.581    15011.617    15118.552
 67  TN+I          7145.922     23  14337.843    14338.974    14450.722
 68  TN+G4         7043.102     23  14132.204    14133.335    14245.082
 69  TN+I+G4       7043.352     24  14134.705    14135.935    14252.491
 70  TN+R2         7047.495     24  14142.991    14144.221    14260.777
 71  TN+R3         7041.029     26  14134.058    14135.501    14261.659
 72  TN+R4         Skipped 
 73  TN+R5         Skipped 
 74  TN+R6         Skipped 
 75  TN+R7         Skipped 
 76  TN+R8         Skipped 
 77  TN+R9         Skipped 
 78  TN+R10        Skipped 
 79  K3P           7596.404     19  15230.809    15231.584    15324.056
 80  K3P+I         7264.320     20  14568.641    14569.499    14666.796
 81  K3P+G4        7181.787     20  14403.574    14404.432    14501.729
 82  K3P+I+G4      7181.934     21  14405.868    14406.813    14508.931
 83  K3P+R2        7184.570     21  14411.141    14412.085    14514.203
 84  K3P+R3        7180.177     23  14406.354    14407.485    14519.232
 85  K3P+R4        Skipped 
 86  K3P+R5        Skipped 
 87  K3P+R6        Skipped 
 88  K3P+R7        Skipped 
 89  K3P+R8        Skipped 
 90  K3P+R9        Skipped 
 91  K3P+R10       Skipped 
 92  K3Pu          7469.918     22  14983.836    14984.872    15091.806
 93  K3Pu+I        7133.740     23  14313.479    14314.610    14426.358
 94  K3Pu+G4       7033.050     23  14112.101    14113.232    14224.979
 95  K3Pu+I+G4     7033.368     24  14114.737    14115.968    14232.523
 96  K3Pu+R2       7037.537     24  14123.074    14124.305    14240.861
 97  K3Pu+R3       7031.118     26  14114.236    14115.679    14241.837
 98  K3Pu+R4       Skipped 
 99  K3Pu+R5       Skipped 
100  K3Pu+R6       Skipped 
101  K3Pu+R7       Skipped 
102  K3Pu+R8       Skipped 
103  K3Pu+R9       Skipped 
104  K3Pu+R10      Skipped 
105  TPM2          7479.771     22  15003.542    15004.577    15111.512
106  TPM2+I        7142.392     23  14330.784    14331.915    14443.662
107  TPM2+G4       7042.801     23  14131.602    14132.733    14244.481
108  TPM2+I+G4     7043.290     24  14134.579    14135.810    14252.366
109  TPM2+R2       7047.340     24  14142.681    14143.912    14260.467
110  TPM2+R3       7041.048     26  14134.097    14135.540    14261.699
111  TPM2+R4       Skipped 
112  TPM2+R5       Skipped 
113  TPM2+R6       Skipped 
114  TPM2+R7       Skipped 
115  TPM2+R8       Skipped 
116  TPM2+R9       Skipped 
117  TPM2+R10      Skipped 
118  TPM2u         7479.767     22  15003.534    15004.570    15111.505
119  TPM2u+I       7142.393     23  14330.786    14331.917    14443.664
120  TPM2u+G4      7042.850     23  14131.700    14132.831    14244.578
121  TPM2u+I+G4    7043.258     24  14134.516    14135.747    14252.302
122  TPM2u+R2      7047.364     24  14142.728    14143.959    14260.514
123  TPM2u+R3      7041.036     26  14134.073    14135.516    14261.675
124  TPM2u+R4      Skipped 
125  TPM2u+R5      Skipped 
126  TPM2u+R6      Skipped 
127  TPM2u+R7      Skipped 
128  TPM2u+R8      Skipped 
129  TPM2u+R9      Skipped 
130  TPM2u+R10     Skipped 
131  TPM3          7466.803     22  14977.605    14978.641    15085.576
132  TPM3+I        7132.856     23  14311.712    14312.843    14424.590
133  TPM3+G4       7029.448     23  14104.895    14106.027    14217.774
134  TPM3+I+G4     7029.467     24  14106.933    14108.164    14224.719
135  TPM3+R2       7032.769     24  14113.537    14114.768    14231.323
136  TPM3+R3       7026.711     26  14105.423    14106.866    14233.024
137  TPM3+R4       Skipped 
138  TPM3+R5       Skipped 
139  TPM3+R6       Skipped 
140  TPM3+R7       Skipped 
141  TPM3+R8       Skipped 
142  TPM3+R9       Skipped 
143  TPM3+R10      Skipped 
144  TPM3u         7466.835     22  14977.671    14978.707    15085.641
145  TPM3u+I       7132.859     23  14311.719    14312.850    14424.597
146  TPM3u+G4      7029.282     23  14104.564    14105.695    14217.443
147  TPM3u+I+G4    7029.479     24  14106.957    14108.188    14224.744
148  TPM3u+R2      7032.779     24  14113.557    14114.788    14231.344
149  TPM3u+R3      7026.695     26  14105.391    14106.834    14232.992
150  TPM3u+R4      Skipped 
151  TPM3u+R5      Skipped 
152  TPM3u+R6      Skipped 
153  TPM3u+R7      Skipped 
154  TPM3u+R8      Skipped 
155  TPM3u+R9      Skipped 
156  TPM3u+R10     Skipped 
157  TIMe          7592.130     20  15224.261    15225.119    15322.416
158  TIMe+I        7260.232     21  14562.465    14563.410    14665.528
159  TIMe+G4       7176.740     21  14395.480    14396.425    14498.543
160  TIMe+I+G4     7176.457     22  14396.914    14397.950    14504.885
161  TIMe+R2       7181.367     22  14406.734    14407.770    14514.704
162  TIMe+R3       7175.225     24  14398.449    14399.680    14516.235
163  TIMe+R4       Skipped 
164  TIMe+R5       Skipped 
165  TIMe+R6       Skipped 
166  TIMe+R7       Skipped 
167  TIMe+R8       Skipped 
168  TIMe+R9       Skipped 
169  TIMe+R10      Skipped 
170  TIM           7469.496     23  14984.992    14986.123    15097.871
171  TIM+I         7133.467     24  14314.934    14316.165    14432.720
172  TIM+G4        7032.920     24  14113.840    14115.070    14231.626
173  TIM+I+G4      7033.189     25  14116.378    14117.713    14239.072
174  TIM+R2        7036.766     25  14123.532    14124.867    14246.226
175  TIM+R3        7030.875     27  14115.749    14117.305    14248.259
176  TIM+R4        Skipped 
177  TIM+R5        Skipped 
178  TIM+R6        Skipped 
179  TIM+R7        Skipped 
180  TIM+R8        Skipped 
181  TIM+R9        Skipped 
182  TIM+R10       Skipped 
183  TIM2e         7577.822     20  15195.643    15196.501    15293.798
184  TIM2e+I       7246.521     21  14535.043    14535.988    14638.106
185  TIM2e+G4      7159.796     21  14361.591    14362.536    14464.654
186  TIM2e+I+G4    7159.376     22  14362.751    14363.787    14470.722
187  TIM2e+R2      7167.982     22  14379.965    14381.001    14487.935
188  TIM2e+R3      7158.723     24  14365.447    14366.677    14483.233
189  TIM2e+R4      7158.733     26  14369.466    14370.909    14497.068
190  TIM2e+R5      Skipped 
191  TIM2e+R6      Skipped 
192  TIM2e+R7      Skipped 
193  TIM2e+R8      Skipped 
194  TIM2e+R9      Skipped 
195  TIM2e+R10     Skipped 
196  TIM2          7479.324     23  15004.649    15005.780    15117.527
197  TIM2+I        7142.160     24  14332.319    14333.550    14450.105
198  TIM2+G4       7042.442     24  14132.883    14134.114    14250.670
199  TIM2+I+G4     7042.946     25  14135.892    14137.227    14258.586
200  TIM2+R2       7046.352     25  14142.703    14144.038    14265.397
201  TIM2+R3       7040.668     27  14135.336    14136.892    14267.845
202  TIM2+R4       Skipped 
203  TIM2+R5       Skipped 
204  TIM2+R6       Skipped 
205  TIM2+R7       Skipped 
206  TIM2+R8       Skipped 
207  TIM2+R9       Skipped 
208  TIM2+R10      Skipped 
209  TIM3e         7593.577     20  15227.154    15228.012    15325.309
210  TIM3e+I       7262.368     21  14566.735    14567.680    14669.798
211  TIM3e+G4      7177.352     21  14396.704    14397.649    14499.767
212  TIM3e+I+G4    7177.036     22  14398.071    14399.107    14506.042
213  TIM3e+R2      7182.245     22  14408.490    14409.526    14516.460
214  TIM3e+R3      7175.690     24  14399.380    14400.611    14517.166
215  TIM3e+R4      Skipped 
216  TIM3e+R5      Skipped 
217  TIM3e+R6      Skipped 
218  TIM3e+R7      Skipped 
219  TIM3e+R8      Skipped 
220  TIM3e+R9      Skipped 
221  TIM3e+R10     Skipped 
222  TIM3          7465.750     23  14977.500    14978.631    15090.378
223  TIM3+I        7132.390     24  14312.781    14314.012    14430.567
224  TIM3+G4       7028.958     24  14105.916    14107.147    14223.702
225  TIM3+I+G4     7029.146     25  14108.292    14109.627    14230.986
226  TIM3+R2       7031.401     25  14112.802    14114.137    14235.496
227  TIM3+R3       7026.255     27  14106.509    14108.065    14239.019
228  TIM3+R4       Skipped 
229  TIM3+R5       Skipped 
230  TIM3+R6       Skipped 
231  TIM3+R7       Skipped 
232  TIM3+R8       Skipped 
233  TIM3+R9       Skipped 
234  TIM3+R10      Skipped 
235  TVMe          7575.046     21  15192.092    15193.037    15295.155
236  TVMe+I        7243.942     22  14531.885    14532.921    14639.855
237  TVMe+G4       7160.527     22  14365.053    14366.089    14473.024
238  TVMe+I+G4     7160.378     23  14366.755    14367.887    14479.634
239  TVMe+R2       7166.178     23  14378.355    14379.487    14491.234
240  TVMe+R3       7159.579     25  14369.157    14370.492    14491.851
241  TVMe+R4       Skipped 
242  TVMe+R5       Skipped 
243  TVMe+R6       Skipped 
244  TVMe+R7       Skipped 
245  TVMe+R8       Skipped 
246  TVMe+R9       Skipped 
247  TVMe+R10      Skipped 
248  TVM           7456.722     24  14961.444    14962.674    15079.230
249  TVM+I         7123.240     25  14296.480    14297.814    14419.173
250  TVM+G4        7025.089     25  14100.177    14101.512    14222.871
251  TVM+I+G4      7025.189     26  14102.378    14103.821    14229.980
252  TVM+R2        7027.770     26  14107.539    14108.982    14235.141
253  TVM+R3        7022.494     28  14100.988    14102.660    14238.405
254  TVM+R4        Skipped 
255  TVM+R5        Skipped 
256  TVM+R6        Skipped 
257  TVM+R7        Skipped 
258  TVM+R8        Skipped 
259  TVM+R9        Skipped 
260  TVM+R10       Skipped 
261  SYM           7570.882     22  15185.764    15186.799    15293.734
262  SYM+I         7240.053     23  14526.106    14527.237    14638.984
263  SYM+G4        7154.142     23  14354.284    14355.415    14467.162
264  SYM+I+G4      7153.362     24  14354.725    14355.956    14472.511
265  SYM+R2        7162.368     24  14372.735    14373.966    14490.521
266  SYM+R3        7152.821     26  14357.643    14359.086    14485.244
267  SYM+R4        7152.794     28  14361.589    14363.261    14499.006
268  SYM+R5        Skipped 
269  SYM+R6        Skipped 
270  SYM+R7        Skipped 
271  SYM+R8        Skipped 
272  SYM+R9        Skipped 
273  SYM+R10       Skipped 
274  GTR           7455.552     25  14961.104    14962.439    15083.798
275  GTR+I         7122.778     26  14297.557    14299.000    14425.158
276  GTR+G4        7024.461     26  14100.921    14102.364    14228.523
277  GTR+I+G4      7024.568     27  14103.136    14104.692    14235.646
278  GTR+R2        7026.392     27  14106.784    14108.340    14239.294
279  GTR+R3        7021.677     29  14101.354    14103.148    14243.679
280  GTR+R4        Skipped 
281  GTR+R5        Skipped 
282  GTR+R6        Skipped 
283  GTR+R7        Skipped 
284  GTR+R8        Skipped 
285  GTR+R9        Skipped 
286  GTR+R10       Skipped 
Akaike Information Criterion:           TVM+G4
Corrected Akaike Information Criterion: TVM+G4
Bayesian Information Criterion:         TPM3u+G4
Best-fit model: TPM3u+G4 chosen according to BIC

All model information printed to ./results/gene4.phy.model
CPU time for ModelFinder: 8.016 seconds (0h:0m:8s)
Wall-clock time for ModelFinder: 11.077 seconds (0h:0m:11s)
Generating 1000 samples for ultrafast bootstrap (seed: 651411)...

NOTE: 2 MB RAM (0 GB) is required!
Estimate model parameters (epsilon = 0.100)
1. Initial log-likelihood: -7298.626
2. Current log-likelihood: -7042.934
3. Current log-likelihood: -7032.445
4. Current log-likelihood: -7031.303
Optimal log-likelihood: -7031.188
Rate parameters:  A-C: 2.503  A-G: 5.981  A-T: 1.000  C-G: 2.503  C-T: 5.981  G-T: 1.000
Base frequencies:   A: 0.412  C: 0.150  G: 0.203  T: 0.235
Gamma shape alpha: 0.431
Parameters optimization took 4 rounds (0.079 sec)
Computing ML distances based on estimated model parameters... 0.002 sec
Computing BIONJ tree...
0.000 seconds
Log-likelihood of BIONJ tree: -7015.981
--------------------------------------------------------------------
|             INITIALIZING CANDIDATE TREE SET                      |
--------------------------------------------------------------------
Generating 98 parsimony trees... 0.099 second
Computing log-likelihood of 97 initial trees ... 0.591 seconds
Current best score: -7015.981

Do NNI search on 20 best initial trees
Estimate model parameters (epsilon = 0.100)
BETTER TREE FOUND at iteration 1: -7014.350
Iteration 10 / LogL: -7014.371 / Time: 0h:0m:12s
Iteration 20 / LogL: -7014.404 / Time: 0h:0m:13s
Finish initializing candidate tree set (1)
Current best tree score: -7014.350 / CPU time: 1.940
Number of iterations: 20
--------------------------------------------------------------------
|               OPTIMIZING CANDIDATE TREE SET                      |
--------------------------------------------------------------------
Iteration 30 / LogL: -7014.437 / Time: 0h:0m:13s (0h:0m:6s left)
UPDATE BEST LOG-LIKELIHOOD: -7014.349
Iteration 40 / LogL: -7014.568 / Time: 0h:0m:14s (0h:0m:4s left)
Iteration 50 / LogL: -7014.386 / Time: 0h:0m:14s (0h:0m:3s left)
Log-likelihood cutoff on original alignment: -7037.002
UPDATE BEST LOG-LIKELIHOOD: -7014.349
Iteration 60 / LogL: -7014.373 / Time: 0h:0m:15s (0h:0m:2s left)
UPDATE BEST LOG-LIKELIHOOD: -7014.349
Iteration 70 / LogL: -7014.349 / Time: 0h:0m:15s (0h:0m:2s left)
Iteration 80 / LogL: -7028.318 / Time: 0h:0m:16s (0h:0m:1s left)
UPDATE BEST LOG-LIKELIHOOD: -7014.349
Iteration 90 / LogL: -7014.363 / Time: 0h:0m:16s (0h:0m:0s left)
Iteration 100 / LogL: -7014.364 / Time: 0h:0m:17s (0h:0m:0s left)
Log-likelihood cutoff on original alignment: -7037.402
NOTE: Bootstrap correlation coefficient of split occurrence frequencies: 0.999
TREE SEARCH COMPLETED AFTER 102 ITERATIONS / Time: 0h:0m:17s

--------------------------------------------------------------------
|                    FINALIZING TREE SEARCH                        |
--------------------------------------------------------------------
Performs final model parameters optimization
Estimate model parameters (epsilon = 0.010)
1. Initial log-likelihood: -7014.349
Optimal log-likelihood: -7014.347
Rate parameters:  A-C: 2.541  A-G: 5.974  A-T: 1.000  C-G: 2.541  C-T: 5.974  G-T: 1.000
Base frequencies:   A: 0.412  C: 0.150  G: 0.203  T: 0.235
Gamma shape alpha: 0.441
Parameters optimization took 1 rounds (0.011 sec)
BEST SCORE FOUND : -7014.347
Creating bootstrap support values...
Split supports printed to NEXUS file ./results/gene4.phy.splits.nex
Total tree length: 3.020

Total number of iterations: 102
CPU time used for tree search: 4.001 sec (0h:0m:4s)
Wall-clock time used for tree search: 6.255 sec (0h:0m:6s)
Total CPU time used: 12.130 sec (0h:0m:12s)
Total wall-clock time used: 17.520 sec (0h:0m:17s)

Computing bootstrap consensus tree...
Reading input file ./results/gene4.phy.splits.nex...
10 taxa and 77 splits.
Consensus tree written to ./results/gene4.phy.contree
Reading input trees file ./results/gene4.phy.contree
Log-likelihood of consensus tree: -7014.348

Analysis results written to: 
  IQ-TREE report:                ./results/gene4.phy.iqtree
  Maximum-likelihood tree:       ./results/gene4.phy.treefile
  Likelihood distances:          ./results/gene4.phy.mldist

Ultrafast bootstrap approximation results written to:
  Split support values:          ./results/gene4.phy.splits.nex
  Consensus tree:                ./results/gene4.phy.contree
  Screen log file:               ./results/gene4.phy.log

Date and Time: Tue Aug 22 18:09:57 2017
