IQ-TREE multicore version 1.5.4 for Linux 64-bit built Apr  2 2017
Copyright (c) 2011-2017 by Bui Quang Minh, Nguyen Lam Tung,
Olga Chernomor, Heiko Schmidt, and Arndt von Haeseler.

Host:    hpc-crick (AVX, 251 GB RAM)
Command: iqtree -s ./results/gene12.phy -nt 1 -bb 1000
Seed:    687478 (Using SPRNG - Scalable Parallel Random Number Generator)
Time:    Tue Aug 22 17:20:30 2017
Kernel:  AVX - 1 threads (40 CPU cores detected)

Reading alignment file ./results/gene12.phy ... Phylip format detected
Alignment most likely contains DNA/RNA sequences
Alignment has 10 sequences with 1000 columns and 517 patterns (370 informative sites, 359 constant sites)
   Gap/Ambiguity  Composition  p-value
   1  A    0.00%    passed     89.14%
   2  B    0.00%    passed     92.29%
   3  C    0.00%    passed     71.14%
   4  D    0.00%    passed     60.74%
   5  E    0.00%    passed     83.70%
   6  F    0.00%    passed     59.72%
   7  G    0.00%    passed     81.72%
   8  H    0.00%    passed     78.45%
   9  I    0.00%    passed     76.68%
  10  J    0.00%    passed     74.15%
****  TOTAL    0.00%  0 sequences failed composition chi2 test (p-value<5%; df=3)

Create initial parsimony tree by phylogenetic likelihood library (PLL)... 0.001 seconds

NOTE: ModelFinder requires 3 MB RAM!
ModelFinder will test 286 DNA models (sample size: 1000) ...
 No. Model         -LnL         df  AIC          AICc         BIC
  1  JC            7885.718     17  15805.436    15806.059    15888.868
  2  JC+I          7650.349     18  15336.698    15337.396    15425.038
  3  JC+G4         7589.505     18  15215.010    15215.707    15303.350
  4  JC+I+G4       7589.619     19  15217.238    15218.014    15310.485
  5  JC+R2         7590.617     19  15219.233    15220.009    15312.480
  6  JC+R3         7588.508     21  15219.015    15219.960    15322.078
  7  JC+R4         Skipped 
  8  JC+R5         Skipped 
  9  JC+R6         Skipped 
 10  JC+R7         Skipped 
 11  JC+R8         Skipped 
 12  JC+R9         Skipped 
 13  JC+R10        Skipped 
 14  F81           7791.540     20  15623.081    15623.939    15721.236
 15  F81+I         7547.594     21  15137.188    15138.132    15240.250
 16  F81+G4        7476.334     21  14994.667    14995.612    15097.730
 17  F81+I+G4      7476.312     22  14996.623    14997.659    15104.594
 18  F81+R2        7481.791     22  15007.583    15008.618    15115.553
 19  F81+R3        7476.040     24  15000.080    15001.310    15117.866
 20  F81+R4        Skipped 
 21  F81+R5        Skipped 
 22  F81+R6        Skipped 
 23  F81+R7        Skipped 
 24  F81+R8        Skipped 
 25  F81+R9        Skipped 
 26  F81+R10       Skipped 
 27  K2P           7736.195     18  15508.389    15509.086    15596.729
 28  K2P+I         7488.806     19  15015.611    15016.387    15108.859
 29  K2P+G4        7410.925     19  14859.850    14860.626    14953.097
 30  K2P+I+G4      7411.101     20  14862.203    14863.061    14960.358
 31  K2P+R2        7417.223     20  14874.446    14875.304    14972.601
 32  K2P+R3        7410.640     22  14865.280    14866.316    14973.251
 33  K2P+R4        Skipped 
 34  K2P+R5        Skipped 
 35  K2P+R6        Skipped 
 36  K2P+R7        Skipped 
 37  K2P+R8        Skipped 
 38  K2P+R9        Skipped 
 39  K2P+R10       Skipped 
 40  HKY           7646.457     21  15334.913    15335.858    15437.976
 41  HKY+I         7391.544     22  14827.088    14828.124    14935.059
 42  HKY+G4        7299.327     22  14642.654    14643.690    14750.624
 43  HKY+I+G4      7299.099     23  14644.199    14645.330    14757.077
 44  HKY+R2        7310.318     23  14666.635    14667.766    14779.514
 45  HKY+R3        7297.437     25  14644.874    14646.208    14767.567
 46  HKY+R4        7296.874     27  14647.747    14649.303    14780.257
 47  HKY+R5        Skipped 
 48  HKY+R6        Skipped 
 49  HKY+R7        Skipped 
 50  HKY+R8        Skipped 
 51  HKY+R9        Skipped 
 52  HKY+R10       Skipped 
 53  TNe           7734.996     19  15507.991    15508.767    15601.239
 54  TNe+I         7487.914     20  15015.828    15016.686    15113.983
 55  TNe+G4        7407.919     20  14855.839    14856.697    14953.994
 56  TNe+I+G4      7408.118     21  14858.237    14859.181    14961.299
 57  TNe+R2        7414.552     21  14871.104    14872.049    14974.167
 58  TNe+R3        7407.056     23  14860.113    14861.244    14972.991
 59  TNe+R4        7406.205     25  14862.409    14863.744    14985.103
 60  TNe+R5        Skipped 
 61  TNe+R6        Skipped 
 62  TNe+R7        Skipped 
 63  TNe+R8        Skipped 
 64  TNe+R9        Skipped 
 65  TNe+R10       Skipped 
 66  TN            7644.956     22  15333.912    15334.948    15441.883
 67  TN+I          7389.220     23  14824.441    14825.572    14937.319
 68  TN+G4         7297.902     23  14641.804    14642.935    14754.683
 69  TN+I+G4       7297.403     24  14642.806    14644.037    14760.592
 70  TN+R2         7309.190     24  14666.380    14667.611    14784.166
 71  TN+R3         7295.712     26  14643.424    14644.867    14771.025
 72  TN+R4         7295.324     28  14646.647    14648.320    14784.065
 73  TN+R5         Skipped 
 74  TN+R6         Skipped 
 75  TN+R7         Skipped 
 76  TN+R8         Skipped 
 77  TN+R9         Skipped 
 78  TN+R10        Skipped 
 79  K3P           7733.439     19  15504.877    15505.653    15598.124
 80  K3P+I         7485.731     20  15011.462    15012.320    15109.617
 81  K3P+G4        7406.721     20  14853.443    14854.301    14951.598
 82  K3P+I+G4      7406.795     21  14855.589    14856.534    14958.652
 83  K3P+R2        7413.372     21  14868.745    14869.690    14971.808
 84  K3P+R3        7405.958     23  14857.915    14859.047    14970.794
 85  K3P+R4        7405.505     25  14861.010    14862.344    14983.703
 86  K3P+R5        Skipped 
 87  K3P+R6        Skipped 
 88  K3P+R7        Skipped 
 89  K3P+R8        Skipped 
 90  K3P+R9        Skipped 
 91  K3P+R10       Skipped 
 92  K3Pu          7639.630     22  15323.260    15324.296    15431.231
 93  K3Pu+I        7383.754     23  14813.508    14814.639    14926.387
 94  K3Pu+G4       7289.785     23  14625.571    14626.702    14738.449
 95  K3Pu+I+G4     7289.304     24  14626.608    14627.839    14744.394
 96  K3Pu+R2       7301.672     24  14651.343    14652.574    14769.129
 97  K3Pu+R3       7287.871     26  14627.742    14629.185    14755.344
 98  K3Pu+R4       7287.465     28  14630.931    14632.603    14768.348
 99  K3Pu+R5       Skipped 
100  K3Pu+R6       Skipped 
101  K3Pu+R7       Skipped 
102  K3Pu+R8       Skipped 
103  K3Pu+R9       Skipped 
104  K3Pu+R10      Skipped 
105  TPM2          7642.226     22  15328.452    15329.488    15436.422
106  TPM2+I        7387.594     23  14821.189    14822.320    14934.067
107  TPM2+G4       7296.587     23  14639.174    14640.305    14752.053
108  TPM2+I+G4     7296.288     24  14640.576    14641.807    14758.362
109  TPM2+R2       7307.163     24  14662.326    14663.557    14780.112
110  TPM2+R3       7294.324     26  14640.648    14642.091    14768.250
111  TPM2+R4       7293.771     28  14643.542    14645.215    14780.959
112  TPM2+R5       Skipped 
113  TPM2+R6       Skipped 
114  TPM2+R7       Skipped 
115  TPM2+R8       Skipped 
116  TPM2+R9       Skipped 
117  TPM2+R10      Skipped 
118  TPM2u         7642.259     22  15328.518    15329.554    15436.489
119  TPM2u+I       7387.595     23  14821.189    14822.320    14934.068
120  TPM2u+G4      7296.592     23  14639.185    14640.316    14752.063
121  TPM2u+I+G4    7296.277     24  14640.553    14641.784    14758.339
122  TPM2u+R2      7307.171     24  14662.343    14663.574    14780.129
123  TPM2u+R3      7294.311     26  14640.621    14642.064    14768.223
124  TPM2u+R4      7293.772     28  14643.543    14645.216    14780.960
125  TPM2u+R5      Skipped 
126  TPM2u+R6      Skipped 
127  TPM2u+R7      Skipped 
128  TPM2u+R8      Skipped 
129  TPM2u+R9      Skipped 
130  TPM2u+R10     Skipped 
131  TPM3          7633.959     22  15311.918    15312.953    15419.888
132  TPM3+I        7378.761     23  14803.522    14804.653    14916.400
133  TPM3+G4       7284.025     23  14614.050    14615.181    14726.928
134  TPM3+I+G4     7283.396     24  14614.793    14616.024    14732.579
135  TPM3+R2       7297.528     24  14643.057    14644.287    14760.843
136  TPM3+R3       7282.727     26  14617.454    14618.897    14745.056
137  TPM3+R4       7282.334     28  14620.667    14622.340    14758.084
138  TPM3+R5       Skipped 
139  TPM3+R6       Skipped 
140  TPM3+R7       Skipped 
141  TPM3+R8       Skipped 
142  TPM3+R9       Skipped 
143  TPM3+R10      Skipped 
144  TPM3u         7633.958     22  15311.916    15312.952    15419.887
145  TPM3u+I       7378.751     23  14803.501    14804.633    14916.380
146  TPM3u+G4      7283.978     23  14613.956    14615.087    14726.834
147  TPM3u+I+G4    7283.394     24  14614.789    14616.019    14732.575
148  TPM3u+R2      7297.529     24  14643.059    14644.290    14760.845
149  TPM3u+R3      7282.699     26  14617.398    14618.841    14744.999
150  TPM3u+R4      7282.316     28  14620.633    14622.305    14758.050
151  TPM3u+R5      Skipped 
152  TPM3u+R6      Skipped 
153  TPM3u+R7      Skipped 
154  TPM3u+R8      Skipped 
155  TPM3u+R9      Skipped 
156  TPM3u+R10     Skipped 
157  TIMe          7732.227     20  15504.453    15505.311    15602.608
158  TIMe+I        7484.828     21  15011.657    15012.602    15114.720
159  TIMe+G4       7403.620     21  14849.240    14850.184    14952.303
160  TIMe+I+G4     7403.708     22  14851.416    14852.452    14959.387
161  TIMe+R2       7410.623     22  14865.246    14866.282    14973.217
162  TIMe+R3       7402.718     24  14853.437    14854.667    14971.223
163  TIMe+R4       7401.835     26  14855.670    14857.113    14983.272
164  TIMe+R5       Skipped 
165  TIMe+R6       Skipped 
166  TIMe+R7       Skipped 
167  TIMe+R8       Skipped 
168  TIMe+R9       Skipped 
169  TIMe+R10      Skipped 
170  TIM           7638.075     23  15322.149    15323.280    15435.028
171  TIM+I         7381.372     24  14810.744    14811.974    14928.530
172  TIM+G4        7288.386     24  14624.772    14626.003    14742.558
173  TIM+I+G4      7287.843     25  14625.687    14627.022    14748.381
174  TIM+R2        7300.680     25  14651.360    14652.695    14774.054
175  TIM+R3        7286.408     27  14626.816    14628.372    14759.326
176  TIM+R4        7286.239     29  14630.479    14632.273    14772.804
177  TIM+R5        Skipped 
178  TIM+R6        Skipped 
179  TIM+R7        Skipped 
180  TIM+R8        Skipped 
181  TIM+R9        Skipped 
182  TIM+R10       Skipped 
183  TIM2e         7715.433     20  15470.865    15471.723    15569.021
184  TIM2e+I       7467.795     21  14977.590    14978.534    15080.652
185  TIM2e+G4      7376.825     21  14795.649    14796.594    14898.712
186  TIM2e+I+G4    7376.972     22  14797.944    14798.980    14905.915
187  TIM2e+R2      7386.640     22  14817.279    14818.315    14925.250
188  TIM2e+R3      7374.733     24  14797.465    14798.696    14915.251
189  TIM2e+R4      7374.173     26  14800.346    14801.789    14927.948
190  TIM2e+R5      Skipped 
191  TIM2e+R6      Skipped 
192  TIM2e+R7      Skipped 
193  TIM2e+R8      Skipped 
194  TIM2e+R9      Skipped 
195  TIM2e+R10     Skipped 
196  TIM2          7640.642     23  15327.284    15328.415    15440.163
197  TIM2+I        7385.453     24  14818.906    14820.137    14936.692
198  TIM2+G4       7294.629     24  14637.259    14638.490    14755.045
199  TIM2+I+G4     7294.316     25  14638.631    14639.966    14761.325
200  TIM2+R2       7305.929     25  14661.859    14663.194    14784.553
201  TIM2+R3       7292.164     27  14638.329    14639.884    14770.838
202  TIM2+R4       7291.910     29  14641.821    14643.614    14784.145
203  TIM2+R5       Skipped 
204  TIM2+R6       Skipped 
205  TIM2+R7       Skipped 
206  TIM2+R8       Skipped 
207  TIM2+R9       Skipped 
208  TIM2+R10      Skipped 
209  TIM3e         7730.976     20  15501.953    15502.811    15600.108
210  TIM3e+I       7483.935     21  15009.870    15010.815    15112.933
211  TIM3e+G4      7403.459     21  14848.917    14849.862    14951.980
212  TIM3e+I+G4    7403.467     22  14850.933    14851.969    14958.904
213  TIM3e+R2      7410.697     22  14865.394    14866.430    14973.365
214  TIM3e+R3      7402.436     24  14852.871    14854.102    14970.657
215  TIM3e+R4      7401.584     26  14855.168    14856.611    14982.770
216  TIM3e+R5      Skipped 
217  TIM3e+R6      Skipped 
218  TIM3e+R7      Skipped 
219  TIM3e+R8      Skipped 
220  TIM3e+R9      Skipped 
221  TIM3e+R10     Skipped 
222  TIM3          7631.672     23  15309.343    15310.474    15422.221
223  TIM3+I        7375.691     24  14799.381    14800.612    14917.167
224  TIM3+G4       7281.379     24  14610.758    14611.989    14728.544
225  TIM3+I+G4     7280.650     25  14611.299    14612.634    14733.993
226  TIM3+R2       7295.686     25  14641.371    14642.706    14764.065
227  TIM3+R3       7280.189     27  14614.378    14615.934    14746.888
228  TIM3+R4       7279.997     29  14617.994    14619.788    14760.319
229  TIM3+R5       Skipped 
230  TIM3+R6       Skipped 
231  TIM3+R7       Skipped 
232  TIM3+R8       Skipped 
233  TIM3+R9       Skipped 
234  TIM3+R10      Skipped 
235  TVMe          7710.821     21  15463.642    15464.587    15566.705
236  TVMe+I        7462.636     22  14969.273    14970.309    15077.243
237  TVMe+G4       7373.776     22  14791.553    14792.589    14899.524
238  TVMe+I+G4     7373.725     23  14793.449    14794.580    14906.328
239  TVMe+R2       7383.503     23  14813.006    14814.138    14925.885
240  TVMe+R3       7371.318     25  14792.637    14793.972    14915.331
241  TVMe+R4       7371.075     27  14796.149    14797.705    14928.658
242  TVMe+R5       Skipped 
243  TVMe+R6       Skipped 
244  TVMe+R7       Skipped 
245  TVMe+R8       Skipped 
246  TVMe+R9       Skipped 
247  TVMe+R10      Skipped 
248  TVM           7626.946     24  15301.892    15303.123    15419.678
249  TVM+I         7371.314     25  14792.628    14793.963    14915.322
250  TVM+G4        7276.210     25  14602.420    14603.755    14725.114
251  TVM+I+G4      7275.806     26  14603.612    14605.055    14731.214
252  TVM+R2        7290.182     26  14632.364    14633.807    14759.965
253  TVM+R3        7275.098     28  14606.196    14607.869    14743.614
254  TVM+R4        7274.731     30  14609.462    14611.382    14756.695
255  TVM+R5        Skipped 
256  TVM+R6        Skipped 
257  TVM+R7        Skipped 
258  TVM+R8        Skipped 
259  TVM+R9        Skipped 
260  TVM+R10       Skipped 
261  SYM           7709.702     22  15463.404    15464.440    15571.375
262  SYM+I         7461.784     23  14969.567    14970.699    15082.446
263  SYM+G4        7369.033     23  14784.066    14785.197    14896.944
264  SYM+I+G4      7368.997     24  14785.994    14787.225    14903.780
265  SYM+R2        7379.519     24  14807.038    14808.268    14924.824
266  SYM+R3        7366.687     26  14785.374    14786.817    14912.976
267  SYM+R4        7366.148     28  14788.296    14789.968    14925.713
268  SYM+R5        Skipped 
269  SYM+R6        Skipped 
270  SYM+R7        Skipped 
271  SYM+R8        Skipped 
272  SYM+R9        Skipped 
273  SYM+R10       Skipped 
274  GTR           7624.629     25  15299.257    15300.592    15421.951
275  GTR+I         7368.443     26  14788.887    14790.330    14916.488
276  GTR+G4        7273.552     26  14599.105    14600.548    14726.707
277  GTR+I+G4      7272.678     27  14599.357    14600.913    14731.866
278  GTR+R2        7288.319     27  14630.639    14632.194    14763.148
279  GTR+R3        7271.972     29  14601.944    14603.738    14744.269
280  GTR+R4        7271.959     31  14605.917    14607.967    14758.057
281  GTR+R5        Skipped 
282  GTR+R6        Skipped 
283  GTR+R7        Skipped 
284  GTR+R8        Skipped 
285  GTR+R9        Skipped 
286  GTR+R10       Skipped 
Akaike Information Criterion:           GTR+G4
Corrected Akaike Information Criterion: GTR+G4
Bayesian Information Criterion:         TVM+G4
Best-fit model: TVM+G4 chosen according to BIC

All model information printed to ./results/gene12.phy.model
CPU time for ModelFinder: 12.698 seconds (0h:0m:12s)
Wall-clock time for ModelFinder: 14.228 seconds (0h:0m:14s)
Generating 1000 samples for ultrafast bootstrap (seed: 687478)...

NOTE: 2 MB RAM (0 GB) is required!
Estimate model parameters (epsilon = 0.100)
1. Initial log-likelihood: -7527.865
2. Current log-likelihood: -7315.865
3. Current log-likelihood: -7279.985
4. Current log-likelihood: -7279.188
5. Current log-likelihood: -7279.038
Optimal log-likelihood: -7278.978
Rate parameters:  A-C: 3.577  A-G: 6.217  A-T: 1.098  C-G: 1.381  C-T: 6.217  G-T: 1.000
Base frequencies:   A: 0.378  C: 0.165  G: 0.223  T: 0.234
Gamma shape alpha: 0.540
Parameters optimization took 5 rounds (0.090 sec)
Computing ML distances based on estimated model parameters... 0.002 sec
Computing BIONJ tree...
0.000 seconds
Log-likelihood of BIONJ tree: -7277.154
--------------------------------------------------------------------
|             INITIALIZING CANDIDATE TREE SET                      |
--------------------------------------------------------------------
Generating 98 parsimony trees... 0.071 second
Computing log-likelihood of 96 initial trees ... 0.382 seconds
Current best score: -7277.154

Do NNI search on 20 best initial trees
Estimate model parameters (epsilon = 0.100)
BETTER TREE FOUND at iteration 1: -7276.701
Estimate model parameters (epsilon = 0.100)
BETTER TREE FOUND at iteration 9: -7276.262
Iteration 10 / LogL: -7277.059 / Time: 0h:0m:15s
UPDATE BEST LOG-LIKELIHOOD: -7276.261
UPDATE BEST LOG-LIKELIHOOD: -7276.261
Iteration 20 / LogL: -7276.941 / Time: 0h:0m:15s
Finish initializing candidate tree set (14)
Current best tree score: -7276.261 / CPU time: 1.628
Number of iterations: 20
--------------------------------------------------------------------
|               OPTIMIZING CANDIDATE TREE SET                      |
--------------------------------------------------------------------
Estimate model parameters (epsilon = 0.100)
BETTER TREE FOUND at iteration 26: -7274.777
Iteration 30 / LogL: -7276.806 / Time: 0h:0m:16s (0h:0m:8s left)
UPDATE BEST LOG-LIKELIHOOD: -7274.776
BETTER TREE FOUND at iteration 37: -7274.776
Iteration 40 / LogL: -7276.854 / Time: 0h:0m:17s (0h:0m:8s left)
Iteration 50 / LogL: -7274.776 / Time: 0h:0m:17s (0h:0m:6s left)
Log-likelihood cutoff on original alignment: -7283.166
Iteration 60 / LogL: -7276.240 / Time: 0h:0m:18s (0h:0m:5s left)
Iteration 70 / LogL: -7276.240 / Time: 0h:0m:19s (0h:0m:4s left)
Iteration 80 / LogL: -7276.941 / Time: 0h:0m:19s (0h:0m:3s left)
UPDATE BEST LOG-LIKELIHOOD: -7274.776
UPDATE BEST LOG-LIKELIHOOD: -7274.776
Iteration 90 / LogL: -7276.240 / Time: 0h:0m:20s (0h:0m:3s left)
Iteration 100 / LogL: -7274.778 / Time: 0h:0m:20s (0h:0m:2s left)
Log-likelihood cutoff on original alignment: -7284.411
NOTE: Bootstrap correlation coefficient of split occurrence frequencies: 0.986
NOTE: UFBoot does not converge, continue at least 100 more iterations
Iteration 110 / LogL: -7274.776 / Time: 0h:0m:21s (0h:0m:5s left)
Iteration 120 / LogL: -7276.240 / Time: 0h:0m:21s (0h:0m:4s left)
Iteration 130 / LogL: -7274.778 / Time: 0h:0m:21s (0h:0m:4s left)
Iteration 140 / LogL: -7276.240 / Time: 0h:0m:22s (0h:0m:3s left)
Iteration 150 / LogL: -7276.289 / Time: 0h:0m:22s (0h:0m:2s left)
Log-likelihood cutoff on original alignment: -7284.411
Iteration 160 / LogL: -7276.240 / Time: 0h:0m:23s (0h:0m:2s left)
Iteration 170 / LogL: -7274.776 / Time: 0h:0m:23s (0h:0m:1s left)
Iteration 180 / LogL: -7274.778 / Time: 0h:0m:24s (0h:0m:1s left)
Iteration 190 / LogL: -7274.776 / Time: 0h:0m:24s (0h:0m:0s left)
Iteration 200 / LogL: -7274.778 / Time: 0h:0m:24s (0h:0m:0s left)
Log-likelihood cutoff on original alignment: -7283.910
NOTE: Bootstrap correlation coefficient of split occurrence frequencies: 0.990
TREE SEARCH COMPLETED AFTER 200 ITERATIONS / Time: 0h:0m:24s

--------------------------------------------------------------------
|                    FINALIZING TREE SEARCH                        |
--------------------------------------------------------------------
Performs final model parameters optimization
Estimate model parameters (epsilon = 0.010)
1. Initial log-likelihood: -7274.776
2. Current log-likelihood: -7274.764
3. Current log-likelihood: -7274.750
4. Current log-likelihood: -7274.736
Optimal log-likelihood: -7274.727
Rate parameters:  A-C: 3.417  A-G: 5.847  A-T: 1.025  C-G: 1.313  C-T: 5.847  G-T: 1.000
Base frequencies:   A: 0.378  C: 0.165  G: 0.223  T: 0.234
Gamma shape alpha: 0.546
Parameters optimization took 4 rounds (0.040 sec)
BEST SCORE FOUND : -7274.727
Creating bootstrap support values...
Split supports printed to NEXUS file ./results/gene12.phy.splits.nex
Total tree length: 3.036

Total number of iterations: 200
CPU time used for tree search: 8.855 sec (0h:0m:8s)
Wall-clock time used for tree search: 10.616 sec (0h:0m:10s)
Total CPU time used: 21.723 sec (0h:0m:21s)
Total wall-clock time used: 25.033 sec (0h:0m:25s)

Computing bootstrap consensus tree...
Reading input file ./results/gene12.phy.splits.nex...
10 taxa and 186 splits.
Consensus tree written to ./results/gene12.phy.contree
Reading input trees file ./results/gene12.phy.contree
Log-likelihood of consensus tree: -7274.727

Analysis results written to: 
  IQ-TREE report:                ./results/gene12.phy.iqtree
  Maximum-likelihood tree:       ./results/gene12.phy.treefile
  Likelihood distances:          ./results/gene12.phy.mldist

Ultrafast bootstrap approximation results written to:
  Split support values:          ./results/gene12.phy.splits.nex
  Consensus tree:                ./results/gene12.phy.contree
  Screen log file:               ./results/gene12.phy.log

Date and Time: Tue Aug 22 17:20:55 2017
