IQ-TREE multicore version 1.5.4 for Linux 64-bit built Apr  2 2017
Copyright (c) 2011-2017 by Bui Quang Minh, Nguyen Lam Tung,
Olga Chernomor, Heiko Schmidt, and Arndt von Haeseler.

Host:    hpc-crick (AVX, 251 GB RAM)
Command: iqtree -s ./results/gene1.phy -nt 1 -bb 1000
Seed:    807460 (Using SPRNG - Scalable Parallel Random Number Generator)
Time:    Tue Aug 22 18:16:58 2017
Kernel:  AVX - 1 threads (40 CPU cores detected)

Reading alignment file ./results/gene1.phy ... Phylip format detected
Alignment most likely contains DNA/RNA sequences
Alignment has 10 sequences with 1000 columns and 517 patterns (383 informative sites, 372 constant sites)
   Gap/Ambiguity  Composition  p-value
   1  A    0.00%    passed     56.42%
   2  B    0.00%    passed     92.03%
   3  C    0.00%    passed     64.53%
   4  D    0.00%    passed     95.42%
   5  E    0.00%    passed     65.11%
   6  F    0.00%    passed     91.62%
   7  G    0.00%    passed     95.99%
   8  H    0.00%    passed     88.89%
   9  I    0.00%    passed     69.60%
  10  J    0.00%    passed     84.36%
****  TOTAL    0.00%  0 sequences failed composition chi2 test (p-value<5%; df=3)

Create initial parsimony tree by phylogenetic likelihood library (PLL)... 0.001 seconds

NOTE: ModelFinder requires 3 MB RAM!
ModelFinder will test 286 DNA models (sample size: 1000) ...
 No. Model         -LnL         df  AIC          AICc         BIC
  1  JC            7928.995     17  15891.990    15892.613    15975.422
  2  JC+I          7655.978     18  15347.955    15348.653    15436.295
  3  JC+G4         7594.184     18  15224.368    15225.066    15312.708
  4  JC+I+G4       7592.912     19  15223.824    15224.599    15317.071
  5  JC+R2         7597.742     19  15233.484    15234.259    15326.731
  6  JC+R3         7591.187     21  15224.373    15225.318    15327.436
  7  JC+R4         Skipped 
  8  JC+R5         Skipped 
  9  JC+R6         Skipped 
 10  JC+R7         Skipped 
 11  JC+R8         Skipped 
 12  JC+R9         Skipped 
 13  JC+R10        Skipped 
 14  F81           7796.482     20  15632.963    15633.821    15731.118
 15  F81+I         7520.647     21  15083.293    15084.238    15186.356
 16  F81+G4        7445.196     21  14932.392    14933.337    15035.455
 17  F81+I+G4      7444.667     22  14933.333    14934.369    15041.304
 18  F81+R2        7447.803     22  14939.606    14940.641    15047.576
 19  F81+R3        7442.832     24  14933.664    14934.895    15051.450
 20  F81+R4        Skipped 
 21  F81+R5        Skipped 
 22  F81+R6        Skipped 
 23  F81+R7        Skipped 
 24  F81+R8        Skipped 
 25  F81+R9        Skipped 
 26  F81+R10       Skipped 
 27  K2P           7782.464     18  15600.928    15601.625    15689.267
 28  K2P+I         7496.828     19  15031.657    15032.432    15124.904
 29  K2P+G4        7420.042     19  14878.085    14878.860    14971.332
 30  K2P+I+G4      7419.023     20  14878.046    14878.904    14976.201
 31  K2P+R2        7427.867     20  14895.733    14896.591    14993.889
 32  K2P+R3        7415.453     22  14874.905    14875.941    14982.876
 33  K2P+R4        7415.311     24  14878.622    14879.853    14996.408
 34  K2P+R5        Skipped 
 35  K2P+R6        Skipped 
 36  K2P+R7        Skipped 
 37  K2P+R8        Skipped 
 38  K2P+R9        Skipped 
 39  K2P+R10       Skipped 
 40  HKY           7634.925     21  15311.849    15312.794    15414.912
 41  HKY+I         7356.246     22  14756.491    14757.527    14864.462
 42  HKY+G4        7257.604     22  14559.208    14560.244    14667.179
 43  HKY+I+G4      7257.453     23  14560.906    14562.037    14673.784
 44  HKY+R2        7265.998     23  14577.996    14579.127    14690.874
 45  HKY+R3        7254.863     25  14559.726    14561.061    14682.420
 46  HKY+R4        7254.808     27  14563.616    14565.171    14696.125
 47  HKY+R5        Skipped 
 48  HKY+R6        Skipped 
 49  HKY+R7        Skipped 
 50  HKY+R8        Skipped 
 51  HKY+R9        Skipped 
 52  HKY+R10       Skipped 
 53  TNe           7780.065     19  15598.129    15598.905    15691.377
 54  TNe+I         7494.786     20  15029.572    15030.430    15127.727
 55  TNe+G4        7416.148     20  14872.296    14873.154    14970.451
 56  TNe+I+G4      7414.988     21  14871.976    14872.920    14975.038
 57  TNe+R2        7425.961     21  14893.922    14894.866    14996.984
 58  TNe+R3        7411.273     23  14868.545    14869.676    14981.424
 59  TNe+R4        7410.833     25  14871.667    14873.001    14994.361
 60  TNe+R5        Skipped 
 61  TNe+R6        Skipped 
 62  TNe+R7        Skipped 
 63  TNe+R8        Skipped 
 64  TNe+R9        Skipped 
 65  TNe+R10       Skipped 
 66  TN            7634.576     22  15313.153    15314.189    15421.123
 67  TN+I          7354.539     23  14755.077    14756.208    14867.956
 68  TN+G4         7257.326     23  14560.653    14561.784    14673.531
 69  TN+I+G4       7257.137     24  14562.274    14563.504    14680.060
 70  TN+R2         7265.061     24  14578.123    14579.354    14695.909
 71  TN+R3         7254.804     26  14561.607    14563.050    14689.209
 72  TN+R4         7254.697     28  14565.395    14567.067    14702.812
 73  TN+R5         Skipped 
 74  TN+R6         Skipped 
 75  TN+R7         Skipped 
 76  TN+R8         Skipped 
 77  TN+R9         Skipped 
 78  TN+R10        Skipped 
 79  K3P           7780.358     19  15598.716    15599.491    15691.963
 80  K3P+I         7494.450     20  15028.901    15029.759    15127.056
 81  K3P+G4        7417.013     20  14874.027    14874.885    14972.182
 82  K3P+I+G4      7415.951     21  14873.902    14874.847    14976.965
 83  K3P+R2        7425.143     21  14892.286    14893.230    14995.348
 84  K3P+R3        7412.528     23  14871.057    14872.188    14983.935
 85  K3P+R4        7412.343     25  14874.687    14876.021    14997.380
 86  K3P+R5        Skipped 
 87  K3P+R6        Skipped 
 88  K3P+R7        Skipped 
 89  K3P+R8        Skipped 
 90  K3P+R9        Skipped 
 91  K3P+R10       Skipped 
 92  K3Pu          7623.788     22  15291.577    15292.613    15399.548
 93  K3Pu+I        7345.222     23  14736.444    14737.576    14849.323
 94  K3Pu+G4       7246.654     23  14539.307    14540.439    14652.186
 95  K3Pu+I+G4     7246.206     24  14540.412    14541.643    14658.199
 96  K3Pu+R2       7255.546     24  14559.092    14560.322    14676.878
 97  K3Pu+R3       7244.068     26  14540.137    14541.580    14667.738
 98  K3Pu+R4       7244.032     28  14544.064    14545.737    14681.482
 99  K3Pu+R5       Skipped 
100  K3Pu+R6       Skipped 
101  K3Pu+R7       Skipped 
102  K3Pu+R8       Skipped 
103  K3Pu+R9       Skipped 
104  K3Pu+R10      Skipped 
105  TPM2          7632.729     22  15309.458    15310.494    15417.429
106  TPM2+I        7348.642     23  14743.284    14744.415    14856.162
107  TPM2+G4       7255.749     23  14557.498    14558.629    14670.376
108  TPM2+I+G4     7255.304     24  14558.609    14559.839    14676.395
109  TPM2+R2       7264.028     24  14576.057    14577.288    14693.843
110  TPM2+R3       7252.692     26  14557.385    14558.828    14684.986
111  TPM2+R4       7252.613     28  14561.226    14562.899    14698.643
112  TPM2+R5       Skipped 
113  TPM2+R6       Skipped 
114  TPM2+R7       Skipped 
115  TPM2+R8       Skipped 
116  TPM2+R9       Skipped 
117  TPM2+R10      Skipped 
118  TPM2u         7632.758     22  15309.516    15310.552    15417.487
119  TPM2u+I       7348.623     23  14743.246    14744.377    14856.125
120  TPM2u+G4      7255.752     23  14557.505    14558.636    14670.383
121  TPM2u+I+G4    7255.359     24  14558.718    14559.949    14676.504
122  TPM2u+R2      7264.032     24  14576.063    14577.294    14693.849
123  TPM2u+R3      7252.667     26  14557.334    14558.777    14684.936
124  TPM2u+R4      7252.586     28  14561.172    14562.844    14698.589
125  TPM2u+R5      Skipped 
126  TPM2u+R6      Skipped 
127  TPM2u+R7      Skipped 
128  TPM2u+R8      Skipped 
129  TPM2u+R9      Skipped 
130  TPM2u+R10     Skipped 
131  TPM3          7605.487     22  15254.974    15256.010    15362.945
132  TPM3+I        7326.533     23  14699.067    14700.198    14811.945
133  TPM3+G4       7234.944     23  14515.887    14517.018    14628.766
134  TPM3+I+G4     7234.128     24  14516.257    14517.488    14634.043
135  TPM3+R2       7245.069     24  14538.139    14539.369    14655.925
136  TPM3+R3       7233.127     26  14518.254    14519.697    14645.856
137  TPM3+R4       7233.200     28  14522.400    14524.072    14659.817
138  TPM3+R5       Skipped 
139  TPM3+R6       Skipped 
140  TPM3+R7       Skipped 
141  TPM3+R8       Skipped 
142  TPM3+R9       Skipped 
143  TPM3+R10      Skipped 
144  TPM3u         7605.468     22  15254.937    15255.973    15362.907
145  TPM3u+I       7326.542     23  14699.084    14700.215    14811.962
146  TPM3u+G4      7234.954     23  14515.908    14517.039    14628.786
147  TPM3u+I+G4    7234.146     24  14516.291    14517.522    14634.078
148  TPM3u+R2      7245.970     24  14539.939    14541.170    14657.726
149  TPM3u+R3      7233.224     26  14518.448    14519.891    14646.050
150  TPM3u+R4      7233.123     28  14522.247    14523.919    14659.664
151  TPM3u+R5      Skipped 
152  TPM3u+R6      Skipped 
153  TPM3u+R7      Skipped 
154  TPM3u+R8      Skipped 
155  TPM3u+R9      Skipped 
156  TPM3u+R10     Skipped 
157  TIMe          7777.990     20  15595.980    15596.838    15694.135
158  TIMe+I        7492.469     21  15026.938    15027.882    15130.000
159  TIMe+G4       7413.168     21  14868.335    14869.280    14971.398
160  TIMe+I+G4     7412.009     22  14868.018    14869.053    14975.988
161  TIMe+R2       7423.291     22  14890.582    14891.618    14998.553
162  TIMe+R3       7408.375     24  14864.750    14865.981    14982.536
163  TIMe+R4       7407.805     26  14867.610    14869.053    14995.211
164  TIMe+R5       Skipped 
165  TIMe+R6       Skipped 
166  TIMe+R7       Skipped 
167  TIMe+R8       Skipped 
168  TIMe+R9       Skipped 
169  TIMe+R10      Skipped 
170  TIM           7623.358     23  15292.717    15293.848    15405.595
171  TIM+I         7343.356     24  14734.712    14735.942    14852.498
172  TIM+G4        7246.636     24  14541.273    14542.504    14659.059
173  TIM+I+G4      7246.065     25  14542.130    14543.465    14664.824
174  TIM+R2        7254.832     25  14559.664    14560.998    14682.357
175  TIM+R3        7244.022     27  14542.045    14543.600    14674.554
176  TIM+R4        7244.022     29  14546.043    14547.837    14688.368
177  TIM+R5        Skipped 
178  TIM+R6        Skipped 
179  TIM+R7        Skipped 
180  TIM+R8        Skipped 
181  TIM+R9        Skipped 
182  TIM+R10       Skipped 
183  TIM2e         7759.829     20  15559.659    15560.517    15657.814
184  TIM2e+I       7465.612     21  14973.225    14974.169    15076.287
185  TIM2e+G4      7382.197     21  14806.394    14807.339    14909.457
186  TIM2e+I+G4    7380.627     22  14805.255    14806.291    14913.225
187  TIM2e+R2      7398.127     22  14840.254    14841.290    14948.225
188  TIM2e+R3      7377.787     24  14803.574    14804.805    14921.360
189  TIM2e+R4      7375.507     26  14803.014    14804.457    14930.616
190  TIM2e+R5      Skipped 
191  TIM2e+R6      Skipped 
192  TIM2e+R7      Skipped 
193  TIM2e+R8      Skipped 
194  TIM2e+R9      Skipped 
195  TIM2e+R10     Skipped 
196  TIM2          7632.381     23  15310.762    15311.893    15423.640
197  TIM2+I        7347.251     24  14742.503    14743.734    14860.289
198  TIM2+G4       7255.418     24  14558.836    14560.067    14676.622
199  TIM2+I+G4     7254.923     25  14559.846    14561.181    14682.540
200  TIM2+R2       7263.067     25  14576.133    14577.468    14698.827
201  TIM2+R3       7252.395     27  14558.790    14560.346    14691.299
202  TIM2+R4       7252.380     29  14562.761    14564.555    14705.086
203  TIM2+R5       Skipped 
204  TIM2+R6       Skipped 
205  TIM2+R7       Skipped 
206  TIM2+R8       Skipped 
207  TIM2+R9       Skipped 
208  TIM2+R10      Skipped 
209  TIM3e         7771.123     20  15582.247    15583.105    15680.402
210  TIM3e+I       7485.594     21  15013.189    15014.133    15116.251
211  TIM3e+G4      7409.054     21  14860.108    14861.052    14963.170
212  TIM3e+I+G4    7407.777     22  14859.555    14860.591    14967.526
213  TIM3e+R2      7419.389     22  14882.779    14883.815    14990.749
214  TIM3e+R3      7405.235     24  14858.470    14859.701    14976.256
215  TIM3e+R4      7404.892     26  14861.784    14863.227    14989.386
216  TIM3e+R5      Skipped 
217  TIM3e+R6      Skipped 
218  TIM3e+R7      Skipped 
219  TIM3e+R8      Skipped 
220  TIM3e+R9      Skipped 
221  TIM3e+R10     Skipped 
222  TIM3          7604.220     23  15254.440    15255.571    15367.319
223  TIM3+I        7324.176     24  14696.352    14697.582    14814.138
224  TIM3+G4       7234.411     24  14516.823    14518.053    14634.609
225  TIM3+I+G4     7233.616     25  14517.233    14518.567    14639.926
226  TIM3+R2       7245.289     25  14540.579    14541.914    14663.273
227  TIM3+R3       7232.749     27  14519.498    14521.054    14652.008
228  TIM3+R4       7232.796     29  14523.593    14525.387    14665.918
229  TIM3+R5       Skipped 
230  TIM3+R6       Skipped 
231  TIM3+R7       Skipped 
232  TIM3+R8       Skipped 
233  TIM3+R9       Skipped 
234  TIM3+R10      Skipped 
235  TVMe          7753.938     21  15549.875    15550.820    15652.938
236  TVMe+I        7459.144     22  14962.288    14963.323    15070.258
237  TVMe+G4       7379.629     22  14803.259    14804.295    14911.230
238  TVMe+I+G4     7378.029     23  14802.059    14803.190    14914.937
239  TVMe+R2       7393.977     23  14833.955    14835.086    14946.833
240  TVMe+R3       7375.262     25  14800.524    14801.859    14923.218
241  TVMe+R4       7374.155     27  14802.309    14803.865    14934.819
242  TVMe+R5       Skipped 
243  TVMe+R6       Skipped 
244  TVMe+R7       Skipped 
245  TVMe+R8       Skipped 
246  TVMe+R9       Skipped 
247  TVMe+R10      Skipped 
248  TVM           7601.834     24  15251.668    15252.899    15369.454
249  TVM+I         7317.397     25  14684.794    14686.129    14807.488
250  TVM+G4        7229.712     25  14509.424    14510.758    14632.118
251  TVM+I+G4      7228.729     26  14509.459    14510.901    14637.060
252  TVM+R2        7240.867     26  14533.735    14535.178    14661.336
253  TVM+R3        7227.679     28  14511.359    14513.031    14648.776
254  TVM+R4        7227.688     30  14515.377    14517.296    14662.609
255  TVM+R5        Skipped 
256  TVM+R6        Skipped 
257  TVM+R7        Skipped 
258  TVM+R8        Skipped 
259  TVM+R9        Skipped 
260  TVM+R10       Skipped 
261  SYM           7751.762     22  15547.525    15548.561    15655.495
262  SYM+I         7457.066     23  14960.131    14961.263    15073.010
263  SYM+G4        7373.892     23  14793.785    14794.916    14906.663
264  SYM+I+G4      7371.810     24  14791.619    14792.850    14909.406
265  SYM+R2        7390.605     24  14829.210    14830.440    14946.996
266  SYM+R3        7369.282     26  14790.563    14792.006    14918.165
267  SYM+R4        7366.999     28  14789.998    14791.670    14927.415
268  SYM+R5        Skipped 
269  SYM+R6        Skipped 
270  SYM+R7        Skipped 
271  SYM+R8        Skipped 
272  SYM+R9        Skipped 
273  SYM+R10       Skipped 
274  GTR           7600.531     25  15251.063    15252.397    15373.757
275  GTR+I         7315.427     26  14682.853    14684.296    14810.455
276  GTR+G4        7229.182     26  14510.364    14511.807    14637.966
277  GTR+I+G4      7227.900     27  14509.801    14511.356    14642.310
278  GTR+R2        7240.123     27  14534.245    14535.801    14666.755
279  GTR+R3        7227.172     29  14512.343    14514.137    14654.668
280  GTR+R4        7226.750     31  14515.500    14517.550    14667.640
281  GTR+R5        Skipped 
282  GTR+R6        Skipped 
283  GTR+R7        Skipped 
284  GTR+R8        Skipped 
285  GTR+R9        Skipped 
286  GTR+R10       Skipped 
Akaike Information Criterion:           TVM+G4
Corrected Akaike Information Criterion: TVM+G4
Bayesian Information Criterion:         TPM3+G4
Best-fit model: TPM3+G4 chosen according to BIC

All model information printed to ./results/gene1.phy.model
CPU time for ModelFinder: 24.723 seconds (0h:0m:24s)
Wall-clock time for ModelFinder: 31.124 seconds (0h:0m:31s)
Generating 1000 samples for ultrafast bootstrap (seed: 807460)...

NOTE: 2 MB RAM (0 GB) is required!
Estimate model parameters (epsilon = 0.100)
1. Initial log-likelihood: -7507.150
2. Current log-likelihood: -7309.911
3. Current log-likelihood: -7260.677
4. Current log-likelihood: -7241.565
5. Current log-likelihood: -7237.921
6. Current log-likelihood: -7235.876
7. Current log-likelihood: -7235.498
Optimal log-likelihood: -7235.421
Rate parameters:  A-C: 3.215  A-G: 7.299  A-T: 1.000  C-G: 3.215  C-T: 7.299  G-T: 1.000
Base frequencies:   A: 0.408  C: 0.158  G: 0.189  T: 0.246
Gamma shape alpha: 0.516
Parameters optimization took 7 rounds (0.106 sec)
Computing ML distances based on estimated model parameters... 0.002 sec
Computing BIONJ tree...
0.000 seconds
Log-likelihood of BIONJ tree: -7214.350
--------------------------------------------------------------------
|             INITIALIZING CANDIDATE TREE SET                      |
--------------------------------------------------------------------
Generating 98 parsimony trees... 0.069 second
Computing log-likelihood of 91 initial trees ... 0.346 seconds
Current best score: -7214.350

Do NNI search on 20 best initial trees
Estimate model parameters (epsilon = 0.100)
BETTER TREE FOUND at iteration 1: -7214.250
Iteration 10 / LogL: -7214.300 / Time: 0h:0m:31s
Iteration 20 / LogL: -7214.312 / Time: 0h:0m:32s
Finish initializing candidate tree set (2)
Current best tree score: -7214.250 / CPU time: 1.096
Number of iterations: 20
--------------------------------------------------------------------
|               OPTIMIZING CANDIDATE TREE SET                      |
--------------------------------------------------------------------
Iteration 30 / LogL: -7214.293 / Time: 0h:0m:32s (0h:0m:3s left)
Iteration 40 / LogL: -7214.258 / Time: 0h:0m:32s (0h:0m:2s left)
Iteration 50 / LogL: -7214.279 / Time: 0h:0m:33s (0h:0m:2s left)
Log-likelihood cutoff on original alignment: -7239.039
Iteration 60 / LogL: -7214.296 / Time: 0h:0m:33s (0h:0m:1s left)
UPDATE BEST LOG-LIKELIHOOD: -7214.249
UPDATE BEST LOG-LIKELIHOOD: -7214.249
Iteration 70 / LogL: -7214.276 / Time: 0h:0m:34s (0h:0m:1s left)
Iteration 80 / LogL: -7214.256 / Time: 0h:0m:34s (0h:0m:0s left)
UPDATE BEST LOG-LIKELIHOOD: -7214.249
Iteration 90 / LogL: -7214.315 / Time: 0h:0m:35s (0h:0m:0s left)
Iteration 100 / LogL: -7214.343 / Time: 0h:0m:35s (0h:0m:0s left)
Log-likelihood cutoff on original alignment: -7238.701
NOTE: Bootstrap correlation coefficient of split occurrence frequencies: 0.999
TREE SEARCH COMPLETED AFTER 102 ITERATIONS / Time: 0h:0m:35s

--------------------------------------------------------------------
|                    FINALIZING TREE SEARCH                        |
--------------------------------------------------------------------
Performs final model parameters optimization
Estimate model parameters (epsilon = 0.010)
1. Initial log-likelihood: -7214.249
2. Current log-likelihood: -7214.191
3. Current log-likelihood: -7214.139
4. Current log-likelihood: -7214.102
5. Current log-likelihood: -7214.070
6. Current log-likelihood: -7214.048
7. Current log-likelihood: -7214.029
8. Current log-likelihood: -7214.015
9. Current log-likelihood: -7214.004
Optimal log-likelihood: -7213.995
Rate parameters:  A-C: 2.972  A-G: 6.830  A-T: 1.000  C-G: 2.972  C-T: 6.830  G-T: 1.000
Base frequencies:   A: 0.408  C: 0.158  G: 0.189  T: 0.246
Gamma shape alpha: 0.531
Parameters optimization took 9 rounds (0.099 sec)
BEST SCORE FOUND : -7213.995
Creating bootstrap support values...
Split supports printed to NEXUS file ./results/gene1.phy.splits.nex
Total tree length: 3.079

Total number of iterations: 102
CPU time used for tree search: 3.782 sec (0h:0m:3s)
Wall-clock time used for tree search: 4.501 sec (0h:0m:4s)
Total CPU time used: 28.705 sec (0h:0m:28s)
Total wall-clock time used: 35.905 sec (0h:0m:35s)

Computing bootstrap consensus tree...
Reading input file ./results/gene1.phy.splits.nex...
10 taxa and 63 splits.
Consensus tree written to ./results/gene1.phy.contree
Reading input trees file ./results/gene1.phy.contree
Log-likelihood of consensus tree: -7213.995

Analysis results written to: 
  IQ-TREE report:                ./results/gene1.phy.iqtree
  Maximum-likelihood tree:       ./results/gene1.phy.treefile
  Likelihood distances:          ./results/gene1.phy.mldist

Ultrafast bootstrap approximation results written to:
  Split support values:          ./results/gene1.phy.splits.nex
  Consensus tree:                ./results/gene1.phy.contree
  Screen log file:               ./results/gene1.phy.log

Date and Time: Tue Aug 22 18:17:34 2017
