IQ-TREE multicore version 1.5.4 for Linux 64-bit built Apr  2 2017
Copyright (c) 2011-2017 by Bui Quang Minh, Nguyen Lam Tung,
Olga Chernomor, Heiko Schmidt, and Arndt von Haeseler.

Host:    hpc-crick (AVX, 251 GB RAM)
Command: iqtree -s ./results/gene3.phy -nt 1 -bb 1000
Seed:    315404 (Using SPRNG - Scalable Parallel Random Number Generator)
Time:    Tue Aug 22 18:15:41 2017
Kernel:  AVX - 1 threads (40 CPU cores detected)

Reading alignment file ./results/gene3.phy ... Phylip format detected
Alignment most likely contains DNA/RNA sequences
Alignment has 10 sequences with 1000 columns and 476 patterns (349 informative sites, 397 constant sites)
   Gap/Ambiguity  Composition  p-value
   1  A    0.00%    passed     95.25%
   2  B    0.00%    passed     91.75%
   3  C    0.00%    passed     81.09%
   4  D    0.00%    passed     99.64%
   5  E    0.00%    passed     97.08%
   6  F    0.00%    passed     92.71%
   7  G    0.00%    passed     98.71%
   8  H    0.00%    passed     95.26%
   9  I    0.00%    passed     98.62%
  10  J    0.00%    passed     97.38%
****  TOTAL    0.00%  0 sequences failed composition chi2 test (p-value<5%; df=3)

Create initial parsimony tree by phylogenetic likelihood library (PLL)... 0.001 seconds

NOTE: ModelFinder requires 3 MB RAM!
ModelFinder will test 286 DNA models (sample size: 1000) ...
 No. Model         -LnL         df  AIC          AICc         BIC
  1  JC            7422.706     17  14879.412    14880.036    14962.844
  2  JC+I          7177.837     18  14391.674    14392.371    14480.013
  3  JC+G4         7141.514     18  14319.029    14319.726    14407.369
  4  JC+I+G4       7139.078     19  14316.157    14316.932    14409.404
  5  JC+R2         7141.929     19  14321.858    14322.634    14415.106
  6  JC+R3         7138.799     21  14319.598    14320.543    14422.661
  7  JC+R4         Skipped 
  8  JC+R5         Skipped 
  9  JC+R6         Skipped 
 10  JC+R7         Skipped 
 11  JC+R8         Skipped 
 12  JC+R9         Skipped 
 13  JC+R10        Skipped 
 14  F81           7316.521     20  14673.042    14673.900    14771.197
 15  F81+I         7068.343     21  14178.686    14179.631    14281.749
 16  F81+G4        7019.235     21  14080.469    14081.414    14183.532
 17  F81+I+G4      7017.617     22  14079.235    14080.271    14187.205
 18  F81+R2        7024.230     22  14092.460    14093.496    14200.430
 19  F81+R3        7017.293     24  14082.587    14083.818    14200.373
 20  F81+R4        7017.302     26  14086.605    14088.048    14214.206
 21  F81+R5        Skipped 
 22  F81+R6        Skipped 
 23  F81+R7        Skipped 
 24  F81+R8        Skipped 
 25  F81+R9        Skipped 
 26  F81+R10       Skipped 
 27  K2P           7247.871     18  14531.742    14532.439    14620.082
 28  K2P+I         6991.769     19  14021.538    14022.314    14114.786
 29  K2P+G4        6937.776     19  13913.552    13914.327    14006.799
 30  K2P+I+G4      6936.183     20  13912.366    13913.224    14010.521
 31  K2P+R2        6945.576     20  13931.152    13932.010    14029.307
 32  K2P+R3        6934.520     22  13913.040    13914.075    14021.010
 33  K2P+R4        6934.515     24  13917.030    13918.261    14034.816
 34  K2P+R5        Skipped 
 35  K2P+R6        Skipped 
 36  K2P+R7        Skipped 
 37  K2P+R8        Skipped 
 38  K2P+R9        Skipped 
 39  K2P+R10       Skipped 
 40  HKY           7142.711     21  14327.422    14328.367    14430.485
 41  HKY+I         6891.270     22  13826.540    13827.576    13934.511
 42  HKY+G4        6812.781     22  13669.561    13670.597    13777.532
 43  HKY+I+G4      6812.459     23  13670.917    13672.049    13783.796
 44  HKY+R2        6827.527     23  13701.054    13702.185    13813.932
 45  HKY+R3        6810.330     25  13670.660    13671.995    13793.354
 46  HKY+R4        6810.382     27  13674.765    13676.321    13807.274
 47  HKY+R5        Skipped 
 48  HKY+R6        Skipped 
 49  HKY+R7        Skipped 
 50  HKY+R8        Skipped 
 51  HKY+R9        Skipped 
 52  HKY+R10       Skipped 
 53  TNe           7244.851     19  14527.702    14528.477    14620.949
 54  TNe+I         6989.778     20  14019.556    14020.414    14117.711
 55  TNe+G4        6931.346     20  13902.691    13903.549    14000.847
 56  TNe+I+G4      6929.971     21  13901.943    13902.888    14005.006
 57  TNe+R2        6940.821     21  13923.641    13924.586    14026.704
 58  TNe+R3        6927.919     23  13901.838    13902.969    14014.716
 59  TNe+R4        6927.918     25  13905.836    13907.171    14028.530
 60  TNe+R5        Skipped 
 61  TNe+R6        Skipped 
 62  TNe+R7        Skipped 
 63  TNe+R8        Skipped 
 64  TNe+R9        Skipped 
 65  TNe+R10       Skipped 
 66  TN            7142.188     22  14328.376    14329.412    14436.347
 67  TN+I          6889.574     23  13825.148    13826.279    13938.026
 68  TN+G4         6812.946     23  13671.893    13673.024    13784.771
 69  TN+I+G4       6812.466     24  13672.932    13674.163    13790.718
 70  TN+R2         6827.525     24  13703.051    13704.282    13820.837
 71  TN+R3         6810.399     26  13672.799    13674.242    13800.401
 72  TN+R4         6810.376     28  13676.752    13678.424    13814.169
 73  TN+R5         Skipped 
 74  TN+R6         Skipped 
 75  TN+R7         Skipped 
 76  TN+R8         Skipped 
 77  TN+R9         Skipped 
 78  TN+R10        Skipped 
 79  K3P           7246.679     19  14531.358    14532.134    14624.605
 80  K3P+I         6990.464     20  14020.929    14021.787    14119.084
 81  K3P+G4        6935.372     20  13910.744    13911.602    14008.899
 82  K3P+I+G4      6933.837     21  13909.674    13910.618    14012.736
 83  K3P+R2        6943.798     21  13929.597    13930.542    14032.660
 84  K3P+R3        6932.189     23  13910.379    13911.510    14023.257
 85  K3P+R4        6932.178     25  13914.357    13915.691    14037.050
 86  K3P+R5        Skipped 
 87  K3P+R6        Skipped 
 88  K3P+R7        Skipped 
 89  K3P+R8        Skipped 
 90  K3P+R9        Skipped 
 91  K3P+R10       Skipped 
 92  K3Pu          7138.521     22  14321.043    14322.079    14429.013
 93  K3Pu+I        6888.393     23  13822.785    13823.917    13935.664
 94  K3Pu+G4       6807.727     23  13661.454    13662.585    13774.332
 95  K3Pu+I+G4     6807.297     24  13662.593    13663.824    13780.379
 96  K3Pu+R2       6823.676     24  13695.353    13696.583    13813.139
 97  K3Pu+R3       6805.003     26  13662.005    13663.448    13789.607
 98  K3Pu+R4       6805.013     28  13666.026    13667.699    13803.443
 99  K3Pu+R5       Skipped 
100  K3Pu+R6       Skipped 
101  K3Pu+R7       Skipped 
102  K3Pu+R8       Skipped 
103  K3Pu+R9       Skipped 
104  K3Pu+R10      Skipped 
105  TPM2          7139.639     22  14323.279    14324.315    14431.249
106  TPM2+I        6884.845     23  13815.689    13816.820    13928.568
107  TPM2+G4       6812.533     23  13671.065    13672.196    13783.944
108  TPM2+I+G4     6811.996     24  13671.992    13673.223    13789.779
109  TPM2+R2       6826.180     24  13700.360    13701.591    13818.146
110  TPM2+R3       6810.041     26  13672.083    13673.526    13799.684
111  TPM2+R4       6810.083     28  13676.166    13677.838    13813.583
112  TPM2+R5       Skipped 
113  TPM2+R6       Skipped 
114  TPM2+R7       Skipped 
115  TPM2+R8       Skipped 
116  TPM2+R9       Skipped 
117  TPM2+R10      Skipped 
118  TPM2u         7139.804     22  14323.608    14324.644    14431.579
119  TPM2u+I       6884.798     23  13815.596    13816.728    13928.475
120  TPM2u+G4      6812.520     23  13671.041    13672.172    13783.919
121  TPM2u+I+G4    6811.986     24  13671.972    13673.203    13789.758
122  TPM2u+R2      6826.181     24  13700.362    13701.593    13818.148
123  TPM2u+R3      6810.062     26  13672.123    13673.566    13799.725
124  TPM2u+R4      6810.090     28  13676.179    13677.852    13813.597
125  TPM2u+R5      Skipped 
126  TPM2u+R6      Skipped 
127  TPM2u+R7      Skipped 
128  TPM2u+R8      Skipped 
129  TPM2u+R9      Skipped 
130  TPM2u+R10     Skipped 
131  TPM3          7126.202     22  14296.405    14297.440    14404.375
132  TPM3+I        6881.811     23  13809.623    13810.754    13922.501
133  TPM3+G4       6797.869     23  13641.738    13642.869    13754.616
134  TPM3+I+G4     6797.418     24  13642.835    13644.066    13760.621
135  TPM3+R2       6816.977     24  13681.954    13683.185    13799.740
136  TPM3+R3       6793.620     26  13639.240    13640.683    13766.842
137  TPM3+R4       6793.559     28  13643.118    13644.790    13780.535
138  TPM3+R5       Skipped 
139  TPM3+R6       Skipped 
140  TPM3+R7       Skipped 
141  TPM3+R8       Skipped 
142  TPM3+R9       Skipped 
143  TPM3+R10      Skipped 
144  TPM3u         7126.230     22  14296.460    14297.496    14404.431
145  TPM3u+I       6881.811     23  13809.622    13810.753    13922.500
146  TPM3u+G4      6797.875     23  13641.750    13642.881    13754.628
147  TPM3u+I+G4    6797.181     24  13642.361    13643.592    13760.147
148  TPM3u+R2      6817.022     24  13682.044    13683.274    13799.830
149  TPM3u+R3      6793.517     26  13639.035    13640.478    13766.637
150  TPM3u+R4      6793.505     28  13643.011    13644.683    13780.428
151  TPM3u+R5      Skipped 
152  TPM3u+R6      Skipped 
153  TPM3u+R7      Skipped 
154  TPM3u+R8      Skipped 
155  TPM3u+R9      Skipped 
156  TPM3u+R10     Skipped 
157  TIMe          7243.659     20  14527.318    14528.176    14625.473
158  TIMe+I        6988.519     21  14019.039    14019.984    14122.102
159  TIMe+G4       6929.165     21  13900.330    13901.275    14003.393
160  TIMe+I+G4     6927.860     22  13899.720    13900.756    14007.690
161  TIMe+R2       6939.181     22  13922.362    13923.397    14030.332
162  TIMe+R3       6925.723     24  13899.445    13900.676    14017.232
163  TIMe+R4       6925.717     26  13903.434    13904.877    14031.036
164  TIMe+R5       Skipped 
165  TIMe+R6       Skipped 
166  TIMe+R7       Skipped 
167  TIMe+R8       Skipped 
168  TIMe+R9       Skipped 
169  TIMe+R10      Skipped 
170  TIM           7137.790     23  14321.579    14322.710    14434.458
171  TIM+I         6886.677     24  13821.355    13822.586    13939.141
172  TIM+G4        6807.761     24  13663.522    13664.753    13781.308
173  TIM+I+G4      6807.223     25  13664.447    13665.781    13787.141
174  TIM+R2        6823.671     25  13697.342    13698.676    13820.036
175  TIM+R3        6804.961     27  13663.923    13665.478    13796.432
176  TIM+R4        6804.982     29  13667.964    13669.758    13810.289
177  TIM+R5        Skipped 
178  TIM+R6        Skipped 
179  TIM+R7        Skipped 
180  TIM+R8        Skipped 
181  TIM+R9        Skipped 
182  TIM+R10       Skipped 
183  TIM2e         7230.235     20  14500.471    14501.329    14598.626
184  TIM2e+I       6969.913     21  13981.827    13982.771    14084.889
185  TIM2e+G4      6911.120     21  13864.240    13865.184    13967.303
186  TIM2e+I+G4    6909.587     22  13863.174    13864.209    13971.144
187  TIM2e+R2      6921.315     22  13886.630    13887.666    13994.601
188  TIM2e+R3      6907.759     24  13863.519    13864.749    13981.305
189  TIM2e+R4      6907.758     26  13867.516    13868.959    13995.118
190  TIM2e+R5      Skipped 
191  TIM2e+R6      Skipped 
192  TIM2e+R7      Skipped 
193  TIM2e+R8      Skipped 
194  TIM2e+R9      Skipped 
195  TIM2e+R10     Skipped 
196  TIM2          7138.932     23  14323.863    14324.995    14436.742
197  TIM2+I        6883.102     24  13814.204    13815.435    13931.990
198  TIM2+G4       6812.530     24  13673.060    13674.291    13790.846
199  TIM2+I+G4     6811.959     25  13673.919    13675.254    13796.613
200  TIM2+R2       6826.113     25  13702.226    13703.561    13824.920
201  TIM2+R3       6810.135     27  13674.270    13675.826    13806.780
202  TIM2+R4       6810.298     29  13678.596    13680.390    13820.921
203  TIM2+R5       Skipped 
204  TIM2+R6       Skipped 
205  TIM2+R7       Skipped 
206  TIM2+R8       Skipped 
207  TIM2+R9       Skipped 
208  TIM2+R10      Skipped 
209  TIM3e         7238.739     20  14517.479    14518.337    14615.634
210  TIM3e+I       6985.947     21  14013.895    14014.839    14116.957
211  TIM3e+G4      6926.301     21  13894.601    13895.546    13997.664
212  TIM3e+I+G4    6924.866     22  13893.733    13894.769    14001.703
213  TIM3e+R2      6937.058     22  13918.116    13919.152    14026.087
214  TIM3e+R3      6922.012     24  13892.024    13893.255    14009.811
215  TIM3e+R4      6922.024     26  13896.048    13897.491    14023.650
216  TIM3e+R5      Skipped 
217  TIM3e+R6      Skipped 
218  TIM3e+R7      Skipped 
219  TIM3e+R8      Skipped 
220  TIM3e+R9      Skipped 
221  TIM3e+R10     Skipped 
222  TIM3          7125.071     23  14296.142    14297.273    14409.021
223  TIM3+I        6880.037     24  13808.074    13809.305    13925.860
224  TIM3+G4       6797.785     24  13643.570    13644.800    13761.356
225  TIM3+I+G4     6797.010     25  13644.021    13645.356    13766.715
226  TIM3+R2       6817.251     25  13684.503    13685.837    13807.197
227  TIM3+R3       6794.002     27  13642.005    13643.560    13774.514
228  TIM3+R4       6793.539     29  13645.078    13646.872    13787.403
229  TIM3+R5       Skipped 
230  TIM3+R6       Skipped 
231  TIM3+R7       Skipped 
232  TIM3+R8       Skipped 
233  TIM3+R9       Skipped 
234  TIM3+R10      Skipped 
235  TVMe          7227.111     21  14496.221    14497.166    14599.284
236  TVMe+I        6967.827     22  13979.653    13980.689    14087.624
237  TVMe+G4       6912.819     22  13869.637    13870.673    13977.608
238  TVMe+I+G4     6910.892     23  13867.783    13868.914    13980.662
239  TVMe+R2       6922.070     23  13890.141    13891.272    14003.019
240  TVMe+R3       6909.130     25  13868.260    13869.595    13990.954
241  TVMe+R4       6909.118     27  13872.237    13873.793    14004.746
242  TVMe+R5       Skipped 
243  TVMe+R6       Skipped 
244  TVMe+R7       Skipped 
245  TVMe+R8       Skipped 
246  TVMe+R9       Skipped 
247  TVMe+R10      Skipped 
248  TVM           7122.890     24  14293.780    14295.011    14411.566
249  TVM+I         6875.026     25  13800.051    13801.386    13922.745
250  TVM+G4        6796.487     25  13642.974    13644.308    13765.668
251  TVM+I+G4      6795.978     26  13643.956    13645.399    13771.557
252  TVM+R2        6814.821     26  13681.641    13683.084    13809.243
253  TVM+R3        6792.232     28  13640.464    13642.137    13777.881
254  TVM+R4        6792.228     30  13644.457    13646.376    13791.689
255  TVM+R5        Skipped 
256  TVM+R6        Skipped 
257  TVM+R7        Skipped 
258  TVM+R8        Skipped 
259  TVM+R9        Skipped 
260  TVM+R10       Skipped 
261  SYM           7224.480     22  14492.960    14493.995    14600.930
262  SYM+I         6966.005     23  13978.010    13979.141    14090.888
263  SYM+G4        6905.584     23  13857.168    13858.300    13970.047
264  SYM+I+G4      6903.958     24  13855.916    13857.147    13973.702
265  SYM+R2        6917.015     24  13882.031    13883.261    13999.817
266  SYM+R3        6901.707     26  13855.414    13856.857    13983.016
267  SYM+R4        6901.632     28  13859.263    13860.936    13996.680
268  SYM+R5        Skipped 
269  SYM+R6        Skipped 
270  SYM+R7        Skipped 
271  SYM+R8        Skipped 
272  SYM+R9        Skipped 
273  SYM+R10       Skipped 
274  GTR           7121.581     25  14293.163    14294.498    14415.857
275  GTR+I         6873.242     26  13798.484    13799.927    13926.086
276  GTR+G4        6796.194     26  13644.389    13645.832    13771.991
277  GTR+I+G4      6795.613     27  13645.225    13646.781    13777.734
278  GTR+R2        6814.492     27  13682.984    13684.540    13815.494
279  GTR+R3        6792.199     29  13642.398    13644.192    13784.723
280  GTR+R4        6792.176     31  13646.353    13648.402    13798.493
281  GTR+R5        Skipped 
282  GTR+R6        Skipped 
283  GTR+R7        Skipped 
284  GTR+R8        Skipped 
285  GTR+R9        Skipped 
286  GTR+R10       Skipped 
Akaike Information Criterion:           TPM3u+R3
Corrected Akaike Information Criterion: TPM3u+R3
Bayesian Information Criterion:         TPM3+G4
Best-fit model: TPM3+G4 chosen according to BIC

All model information printed to ./results/gene3.phy.model
CPU time for ModelFinder: 12.060 seconds (0h:0m:12s)
Wall-clock time for ModelFinder: 15.387 seconds (0h:0m:15s)
Generating 1000 samples for ultrafast bootstrap (seed: 315404)...

NOTE: 2 MB RAM (0 GB) is required!
Estimate model parameters (epsilon = 0.100)
1. Initial log-likelihood: -7079.550
2. Current log-likelihood: -6810.663
3. Current log-likelihood: -6799.830
4. Current log-likelihood: -6798.420
Optimal log-likelihood: -6798.271
Rate parameters:  A-C: 2.611  A-G: 7.095  A-T: 1.000  C-G: 2.611  C-T: 7.095  G-T: 1.000
Base frequencies:   A: 0.402  C: 0.163  G: 0.204  T: 0.232
Gamma shape alpha: 0.499
Parameters optimization took 4 rounds (0.060 sec)
Computing ML distances based on estimated model parameters... 0.002 sec
Computing BIONJ tree...
0.000 seconds
Log-likelihood of BIONJ tree: -6792.291
--------------------------------------------------------------------
|             INITIALIZING CANDIDATE TREE SET                      |
--------------------------------------------------------------------
Generating 98 parsimony trees... 0.076 second
Computing log-likelihood of 97 initial trees ... 0.400 seconds
Current best score: -6787.232

Do NNI search on 20 best initial trees
Estimate model parameters (epsilon = 0.100)
BETTER TREE FOUND at iteration 1: -6779.588
Iteration 10 / LogL: -6779.592 / Time: 0h:0m:16s
Iteration 20 / LogL: -6779.592 / Time: 0h:0m:17s
Finish initializing candidate tree set (1)
Current best tree score: -6779.588 / CPU time: 1.806
Number of iterations: 20
--------------------------------------------------------------------
|               OPTIMIZING CANDIDATE TREE SET                      |
--------------------------------------------------------------------
UPDATE BEST LOG-LIKELIHOOD: -6779.588
UPDATE BEST LOG-LIKELIHOOD: -6779.588
Iteration 30 / LogL: -6779.600 / Time: 0h:0m:17s (0h:0m:5s left)
UPDATE BEST LOG-LIKELIHOOD: -6779.588
Iteration 40 / LogL: -6779.598 / Time: 0h:0m:18s (0h:0m:4s left)
UPDATE BEST LOG-LIKELIHOOD: -6779.588
Iteration 50 / LogL: -6779.603 / Time: 0h:0m:18s (0h:0m:3s left)
Log-likelihood cutoff on original alignment: -6797.107
UPDATE BEST LOG-LIKELIHOOD: -6779.588
Iteration 60 / LogL: -6779.594 / Time: 0h:0m:18s (0h:0m:2s left)
UPDATE BEST LOG-LIKELIHOOD: -6779.588
Iteration 70 / LogL: -6779.592 / Time: 0h:0m:19s (0h:0m:1s left)
UPDATE BEST LOG-LIKELIHOOD: -6779.588
Iteration 80 / LogL: -6779.593 / Time: 0h:0m:19s (0h:0m:1s left)
Iteration 90 / LogL: -6779.809 / Time: 0h:0m:20s (0h:0m:0s left)
Iteration 100 / LogL: -6779.794 / Time: 0h:0m:20s (0h:0m:0s left)
Log-likelihood cutoff on original alignment: -6797.107
NOTE: Bootstrap correlation coefficient of split occurrence frequencies: 0.995
TREE SEARCH COMPLETED AFTER 102 ITERATIONS / Time: 0h:0m:20s

--------------------------------------------------------------------
|                    FINALIZING TREE SEARCH                        |
--------------------------------------------------------------------
Performs final model parameters optimization
Estimate model parameters (epsilon = 0.010)
1. Initial log-likelihood: -6779.588
Optimal log-likelihood: -6779.581
Rate parameters:  A-C: 2.620  A-G: 6.881  A-T: 1.000  C-G: 2.620  C-T: 6.881  G-T: 1.000
Base frequencies:   A: 0.402  C: 0.163  G: 0.204  T: 0.232
Gamma shape alpha: 0.502
Parameters optimization took 1 rounds (0.007 sec)
BEST SCORE FOUND : -6779.581
Creating bootstrap support values...
Split supports printed to NEXUS file ./results/gene3.phy.splits.nex
Total tree length: 2.817

Total number of iterations: 102
CPU time used for tree search: 4.115 sec (0h:0m:4s)
Wall-clock time used for tree search: 5.032 sec (0h:0m:5s)
Total CPU time used: 16.297 sec (0h:0m:16s)
Total wall-clock time used: 20.545 sec (0h:0m:20s)

Computing bootstrap consensus tree...
Reading input file ./results/gene3.phy.splits.nex...
10 taxa and 87 splits.
Consensus tree written to ./results/gene3.phy.contree
Reading input trees file ./results/gene3.phy.contree
Log-likelihood of consensus tree: -6779.579

Analysis results written to: 
  IQ-TREE report:                ./results/gene3.phy.iqtree
  Maximum-likelihood tree:       ./results/gene3.phy.treefile
  Likelihood distances:          ./results/gene3.phy.mldist

Ultrafast bootstrap approximation results written to:
  Split support values:          ./results/gene3.phy.splits.nex
  Consensus tree:                ./results/gene3.phy.contree
  Screen log file:               ./results/gene3.phy.log

Date and Time: Tue Aug 22 18:16:02 2017
