IQ-TREE multicore version 1.5.4 for Linux 64-bit built Apr  2 2017
Copyright (c) 2011-2017 by Bui Quang Minh, Nguyen Lam Tung,
Olga Chernomor, Heiko Schmidt, and Arndt von Haeseler.

Host:    hpc-crick (AVX, 251 GB RAM)
Command: iqtree -s ./results/gene4.phy -nt 1 -bb 1000
Seed:    111474 (Using SPRNG - Scalable Parallel Random Number Generator)
Time:    Tue Aug 22 17:15:29 2017
Kernel:  AVX - 1 threads (40 CPU cores detected)

Reading alignment file ./results/gene4.phy ... Phylip format detected
Alignment most likely contains DNA/RNA sequences
Alignment has 10 sequences with 1000 columns and 497 patterns (350 informative sites, 386 constant sites)
   Gap/Ambiguity  Composition  p-value
   1  A    0.00%    passed     88.36%
   2  B    0.00%    passed     26.92%
   3  C    0.00%    passed     99.88%
   4  D    0.00%    passed     68.30%
   5  E    0.00%    passed     75.04%
   6  F    0.00%    passed     76.93%
   7  G    0.00%    passed     85.58%
   8  H    0.00%    passed     78.19%
   9  I    0.00%    passed     54.52%
  10  J    0.00%    passed     98.08%
****  TOTAL    0.00%  0 sequences failed composition chi2 test (p-value<5%; df=3)

Create initial parsimony tree by phylogenetic likelihood library (PLL)... 0.001 seconds

NOTE: ModelFinder requires 3 MB RAM!
ModelFinder will test 286 DNA models (sample size: 1000) ...
 No. Model         -LnL         df  AIC          AICc         BIC
  1  JC            7679.320     17  15392.641    15393.264    15476.072
  2  JC+I          7416.888     18  14869.776    14870.473    14958.115
  3  JC+G4         7374.475     18  14784.950    14785.647    14873.290
  4  JC+I+G4       7372.727     19  14783.455    14784.230    14876.702
  5  JC+R2         7374.774     19  14787.548    14788.323    14880.795
  6  JC+R3         7371.618     21  14785.236    14786.180    14888.298
  7  JC+R4         Skipped 
  8  JC+R5         Skipped 
  9  JC+R6         Skipped 
 10  JC+R7         Skipped 
 11  JC+R8         Skipped 
 12  JC+R9         Skipped 
 13  JC+R10        Skipped 
 14  F81           7549.380     20  15138.760    15139.618    15236.915
 15  F81+I         7277.437     21  14596.875    14597.819    14699.937
 16  F81+G4        7225.204     21  14492.408    14493.353    14595.471
 17  F81+I+G4      7223.993     22  14491.986    14493.022    14599.957
 18  F81+R2        7228.075     22  14500.150    14501.186    14608.121
 19  F81+R3        7222.465     24  14492.930    14494.161    14610.716
 20  F81+R4        Skipped 
 21  F81+R5        Skipped 
 22  F81+R6        Skipped 
 23  F81+R7        Skipped 
 24  F81+R8        Skipped 
 25  F81+R9        Skipped 
 26  F81+R10       Skipped 
 27  K2P           7512.193     18  15060.387    15061.084    15148.726
 28  K2P+I         7235.111     19  14508.222    14508.997    14601.469
 29  K2P+G4        7174.987     19  14387.975    14388.750    14481.222
 30  K2P+I+G4      7174.394     20  14388.788    14389.646    14486.943
 31  K2P+R2        7179.714     20  14399.429    14400.287    14497.584
 32  K2P+R3        7173.786     22  14391.571    14392.607    14499.542
 33  K2P+R4        Skipped 
 34  K2P+R5        Skipped 
 35  K2P+R6        Skipped 
 36  K2P+R7        Skipped 
 37  K2P+R8        Skipped 
 38  K2P+R9        Skipped 
 39  K2P+R10       Skipped 
 40  HKY           7375.870     21  14793.740    14794.685    14896.803
 41  HKY+I         7087.641     22  14219.282    14220.317    14327.252
 42  HKY+G4        7009.522     22  14063.045    14064.081    14171.015
 43  HKY+I+G4      7009.227     23  14064.454    14065.585    14177.332
 44  HKY+R2        7017.799     23  14081.598    14082.729    14194.476
 45  HKY+R3        7008.328     25  14066.656    14067.991    14189.350
 46  HKY+R4        7008.239     27  14070.477    14072.033    14202.987
 47  HKY+R5        Skipped 
 48  HKY+R6        Skipped 
 49  HKY+R7        Skipped 
 50  HKY+R8        Skipped 
 51  HKY+R9        Skipped 
 52  HKY+R10       Skipped 
 53  TNe           7512.123     19  15062.245    15063.021    15155.493
 54  TNe+I         7234.993     20  14509.985    14510.843    14608.140
 55  TNe+G4        7173.258     20  14386.516    14387.374    14484.671
 56  TNe+I+G4      7172.652     21  14387.304    14388.248    14490.367
 57  TNe+R2        7179.112     21  14400.224    14401.169    14503.287
 58  TNe+R3        7172.320     23  14390.640    14391.771    14503.519
 59  TNe+R4        Skipped 
 60  TNe+R5        Skipped 
 61  TNe+R6        Skipped 
 62  TNe+R7        Skipped 
 63  TNe+R8        Skipped 
 64  TNe+R9        Skipped 
 65  TNe+R10       Skipped 
 66  TN            7371.372     22  14786.744    14787.780    14894.715
 67  TN+I          7083.681     23  14213.362    14214.493    14326.240
 68  TN+G4         7007.958     23  14061.916    14063.047    14174.794
 69  TN+I+G4       7007.665     24  14063.330    14064.561    14181.116
 70  TN+R2         7015.269     24  14078.538    14079.769    14196.324
 71  TN+R3         7006.422     26  14064.844    14066.287    14192.446
 72  TN+R4         7006.274     28  14068.547    14070.220    14205.964
 73  TN+R5         Skipped 
 74  TN+R6         Skipped 
 75  TN+R7         Skipped 
 76  TN+R8         Skipped 
 77  TN+R9         Skipped 
 78  TN+R10        Skipped 
 79  K3P           7511.135     19  15060.270    15061.046    15153.517
 80  K3P+I         7233.896     20  14507.792    14508.650    14605.947
 81  K3P+G4        7171.934     20  14383.868    14384.726    14482.023
 82  K3P+I+G4      7171.506     21  14385.011    14385.956    14488.074
 83  K3P+R2        7176.754     21  14395.509    14396.454    14498.572
 84  K3P+R3        7170.810     23  14387.620    14388.751    14500.498
 85  K3P+R4        Skipped 
 86  K3P+R5        Skipped 
 87  K3P+R6        Skipped 
 88  K3P+R7        Skipped 
 89  K3P+R8        Skipped 
 90  K3P+R9        Skipped 
 91  K3P+R10       Skipped 
 92  K3Pu          7369.497     22  14782.995    14784.031    14890.965
 93  K3Pu+I        7082.231     23  14210.462    14211.594    14323.341
 94  K3Pu+G4       6999.557     23  14045.114    14046.245    14157.993
 95  K3Pu+I+G4     6999.750     24  14047.501    14048.732    14165.287
 96  K3Pu+R2       7006.713     24  14061.425    14062.656    14179.211
 97  K3Pu+R3       6997.935     26  14047.869    14049.312    14175.471
 98  K3Pu+R4       6997.865     28  14051.730    14053.403    14189.147
 99  K3Pu+R5       Skipped 
100  K3Pu+R6       Skipped 
101  K3Pu+R7       Skipped 
102  K3Pu+R8       Skipped 
103  K3Pu+R9       Skipped 
104  K3Pu+R10      Skipped 
105  TPM2          7366.925     22  14777.850    14778.886    14885.821
106  TPM2+I        7079.263     23  14204.527    14205.658    14317.405
107  TPM2+G4       7005.905     23  14057.809    14058.940    14170.688
108  TPM2+I+G4     7005.713     24  14059.426    14060.657    14177.212
109  TPM2+R2       7013.292     24  14074.583    14075.814    14192.369
110  TPM2+R3       7004.551     26  14061.101    14062.544    14188.703
111  TPM2+R4       7004.502     28  14065.003    14066.676    14202.420
112  TPM2+R5       Skipped 
113  TPM2+R6       Skipped 
114  TPM2+R7       Skipped 
115  TPM2+R8       Skipped 
116  TPM2+R9       Skipped 
117  TPM2+R10      Skipped 
118  TPM2u         7366.928     22  14777.856    14778.892    14885.826
119  TPM2u+I       7079.261     23  14204.522    14205.653    14317.400
120  TPM2u+G4      7005.905     23  14057.810    14058.941    14170.688
121  TPM2u+I+G4    7005.703     24  14059.407    14060.638    14177.193
122  TPM2u+R2      7013.286     24  14074.571    14075.802    14192.357
123  TPM2u+R3      7004.534     26  14061.067    14062.510    14188.669
124  TPM2u+R4      7004.485     28  14064.970    14066.643    14202.387
125  TPM2u+R5      Skipped 
126  TPM2u+R6      Skipped 
127  TPM2u+R7      Skipped 
128  TPM2u+R8      Skipped 
129  TPM2u+R9      Skipped 
130  TPM2u+R10     Skipped 
131  TPM3          7356.986     22  14757.973    14759.008    14865.943
132  TPM3+I        7074.961     23  14195.921    14197.052    14308.799
133  TPM3+G4       6980.224     23  14006.448    14007.579    14119.326
134  TPM3+I+G4     6980.841     24  14009.682    14010.913    14127.469
135  TPM3+R2       6991.262     24  14030.523    14031.754    14148.309
136  TPM3+R3       6979.017     26  14010.034    14011.477    14137.636
137  TPM3+R4       6978.963     28  14013.927    14015.599    14151.344
138  TPM3+R5       Skipped 
139  TPM3+R6       Skipped 
140  TPM3+R7       Skipped 
141  TPM3+R8       Skipped 
142  TPM3+R9       Skipped 
143  TPM3+R10      Skipped 
144  TPM3u         7357.086     22  14758.172    14759.208    14866.143
145  TPM3u+I       7074.525     23  14195.051    14196.182    14307.929
146  TPM3u+G4      6980.228     23  14006.456    14007.587    14119.334
147  TPM3u+I+G4    6980.798     24  14009.597    14010.828    14127.383
148  TPM3u+R2      6991.332     24  14030.664    14031.894    14148.450
149  TPM3u+R3      6978.966     26  14009.932    14011.375    14137.533
150  TPM3u+R4      6978.955     28  14013.910    14015.582    14151.327
151  TPM3u+R5      Skipped 
152  TPM3u+R6      Skipped 
153  TPM3u+R7      Skipped 
154  TPM3u+R8      Skipped 
155  TPM3u+R9      Skipped 
156  TPM3u+R10     Skipped 
157  TIMe          7511.031     20  15062.061    15062.919    15160.216
158  TIMe+I        7233.801     21  14509.601    14510.546    14612.664
159  TIMe+G4       7170.242     21  14382.484    14383.429    14485.547
160  TIMe+I+G4     7169.759     22  14383.518    14384.553    14491.488
161  TIMe+R2       7176.165     22  14396.330    14397.366    14504.301
162  TIMe+R3       7169.379     24  14386.758    14387.989    14504.544
163  TIMe+R4       Skipped 
164  TIMe+R5       Skipped 
165  TIMe+R6       Skipped 
166  TIMe+R7       Skipped 
167  TIMe+R8       Skipped 
168  TIMe+R9       Skipped 
169  TIMe+R10      Skipped 
170  TIM           7365.012     23  14776.024    14777.155    14888.902
171  TIM+I         7078.006     24  14204.012    14205.243    14321.798
172  TIM+G4        6998.414     24  14044.829    14046.059    14162.615
173  TIM+I+G4      6998.292     25  14046.585    14047.920    14169.279
174  TIM+R2        7004.065     25  14058.130    14059.465    14180.824
175  TIM+R3        6996.005     27  14046.010    14047.566    14178.520
176  TIM+R4        6996.004     29  14050.008    14051.802    14192.333
177  TIM+R5        Skipped 
178  TIM+R6        Skipped 
179  TIM+R7        Skipped 
180  TIM+R8        Skipped 
181  TIM+R9        Skipped 
182  TIM+R10       Skipped 
183  TIM2e         7481.027     20  15002.055    15002.913    15100.210
184  TIM2e+I       7203.845     21  14449.691    14450.636    14552.754
185  TIM2e+G4      7131.221     21  14304.441    14305.386    14407.504
186  TIM2e+I+G4    7130.584     22  14305.168    14306.203    14413.138
187  TIM2e+R2      7142.033     22  14328.067    14329.103    14436.037
188  TIM2e+R3      7130.279     24  14308.559    14309.790    14426.345
189  TIM2e+R4      7130.229     26  14312.458    14313.901    14440.059
190  TIM2e+R5      Skipped 
191  TIM2e+R6      Skipped 
192  TIM2e+R7      Skipped 
193  TIM2e+R8      Skipped 
194  TIM2e+R9      Skipped 
195  TIM2e+R10     Skipped 
196  TIM2          7362.084     23  14770.167    14771.298    14883.045
197  TIM2+I        7075.473     24  14198.947    14200.177    14316.733
198  TIM2+G4       7003.823     24  14055.646    14056.877    14173.432
199  TIM2+I+G4     7003.361     25  14056.722    14058.056    14179.416
200  TIM2+R2       7010.147     25  14070.294    14071.629    14192.988
201  TIM2+R3       7002.160     27  14058.320    14059.875    14190.829
202  TIM2+R4       7002.154     29  14062.309    14064.102    14204.634
203  TIM2+R5       Skipped 
204  TIM2+R6       Skipped 
205  TIM2+R7       Skipped 
206  TIM2+R8       Skipped 
207  TIM2+R9       Skipped 
208  TIM2+R10      Skipped 
209  TIM3e         7504.978     20  15049.955    15050.813    15148.111
210  TIM3e+I       7229.371     21  14500.742    14501.687    14603.805
211  TIM3e+G4      7161.893     21  14365.786    14366.730    14468.848
212  TIM3e+I+G4    7161.562     22  14367.124    14368.160    14475.095
213  TIM3e+R2      7169.209     22  14382.418    14383.454    14490.389
214  TIM3e+R3      7161.329     24  14370.657    14371.888    14488.443
215  TIM3e+R4      7161.319     26  14374.639    14376.082    14502.240
216  TIM3e+R5      Skipped 
217  TIM3e+R6      Skipped 
218  TIM3e+R7      Skipped 
219  TIM3e+R8      Skipped 
220  TIM3e+R9      Skipped 
221  TIM3e+R10     Skipped 
222  TIM3          7350.144     23  14746.287    14747.419    14859.166
223  TIM3+I        7069.740     24  14187.481    14188.711    14305.267
224  TIM3+G4       6977.565     24  14003.129    14004.360    14120.915
225  TIM3+I+G4     6977.993     25  14005.986    14007.320    14128.679
226  TIM3+R2       6985.161     25  14020.321    14021.656    14143.015
227  TIM3+R3       6974.872     27  14003.745    14005.300    14136.254
228  TIM3+R4       6974.857     29  14007.714    14009.508    14150.039
229  TIM3+R5       Skipped 
230  TIM3+R6       Skipped 
231  TIM3+R7       Skipped 
232  TIM3+R8       Skipped 
233  TIM3+R9       Skipped 
234  TIM3+R10      Skipped 
235  TVMe          7474.921     21  14991.843    14992.787    15094.906
236  TVMe+I        7198.962     22  14441.924    14442.959    14549.894
237  TVMe+G4       7123.275     22  14290.551    14291.587    14398.521
238  TVMe+I+G4     7122.888     23  14291.775    14292.906    14404.654
239  TVMe+R2       7133.311     23  14312.622    14313.753    14425.501
240  TVMe+R3       7122.723     25  14295.446    14296.781    14418.140
241  TVMe+R4       7122.671     27  14299.341    14300.897    14431.851
242  TVMe+R5       Skipped 
243  TVMe+R6       Skipped 
244  TVMe+R7       Skipped 
245  TVMe+R8       Skipped 
246  TVMe+R9       Skipped 
247  TVMe+R10      Skipped 
248  TVM           7347.488     24  14742.977    14744.208    14860.763
249  TVM+I         7065.463     25  14180.926    14182.261    14303.620
250  TVM+G4        6976.038     25  14002.076    14003.411    14124.770
251  TVM+I+G4      6976.600     26  14005.199    14006.642    14132.801
252  TVM+R2        6985.085     26  14022.171    14023.614    14149.772
253  TVM+R3        6974.865     28  14005.731    14007.403    14143.148
254  TVM+R4        6974.819     30  14009.638    14011.558    14156.871
255  TVM+R5        Skipped 
256  TVM+R6        Skipped 
257  TVM+R7        Skipped 
258  TVM+R8        Skipped 
259  TVM+R9        Skipped 
260  TVM+R10       Skipped 
261  SYM           7474.889     22  14993.779    14994.814    15101.749
262  SYM+I         7198.951     23  14443.901    14445.032    14556.780
263  SYM+G4        7119.995     23  14285.990    14287.121    14398.868
264  SYM+I+G4      7119.640     24  14287.279    14288.510    14405.066
265  SYM+R2        7132.314     24  14312.629    14313.859    14430.415
266  SYM+R3        7119.125     26  14290.249    14291.692    14417.851
267  SYM+R4        7119.075     28  14294.149    14295.822    14431.567
268  SYM+R5        Skipped 
269  SYM+R6        Skipped 
270  SYM+R7        Skipped 
271  SYM+R8        Skipped 
272  SYM+R9        Skipped 
273  SYM+R10       Skipped 
274  GTR           7340.281     25  14730.561    14731.896    14853.255
275  GTR+I         7060.731     26  14173.463    14174.906    14301.064
276  GTR+G4        6972.462     26  13996.924    13998.367    14124.525
277  GTR+I+G4      6972.826     27  13999.653    14001.208    14132.162
278  GTR+R2        6978.408     27  14010.815    14012.371    14143.325
279  GTR+R3        6969.855     29  13997.709    13999.503    14140.034
280  GTR+R4        6969.837     31  14001.673    14003.723    14153.814
281  GTR+R5        Skipped 
282  GTR+R6        Skipped 
283  GTR+R7        Skipped 
284  GTR+R8        Skipped 
285  GTR+R9        Skipped 
286  GTR+R10       Skipped 
Akaike Information Criterion:           GTR+G4
Corrected Akaike Information Criterion: GTR+G4
Bayesian Information Criterion:         TPM3+G4
Best-fit model: TPM3+G4 chosen according to BIC

All model information printed to ./results/gene4.phy.model
CPU time for ModelFinder: 12.511 seconds (0h:0m:12s)
Wall-clock time for ModelFinder: 15.068 seconds (0h:0m:15s)
Generating 1000 samples for ultrafast bootstrap (seed: 111474)...

NOTE: 2 MB RAM (0 GB) is required!
Estimate model parameters (epsilon = 0.100)
1. Initial log-likelihood: -7295.004
2. Current log-likelihood: -6999.378
3. Current log-likelihood: -6986.218
4. Current log-likelihood: -6984.636
5. Current log-likelihood: -6984.323
Optimal log-likelihood: -6984.235
Rate parameters:  A-C: 3.464  A-G: 8.456  A-T: 1.000  C-G: 3.464  C-T: 8.456  G-T: 1.000
Base frequencies:   A: 0.413  C: 0.155  G: 0.198  T: 0.234
Gamma shape alpha: 0.481
Parameters optimization took 5 rounds (0.061 sec)
Computing ML distances based on estimated model parameters... 0.002 sec
Computing BIONJ tree...
0.000 seconds
Log-likelihood of BIONJ tree: -6986.689
--------------------------------------------------------------------
|             INITIALIZING CANDIDATE TREE SET                      |
--------------------------------------------------------------------
Generating 98 parsimony trees... 0.069 second
Computing log-likelihood of 95 initial trees ... 0.423 seconds
Current best score: -6984.235

Do NNI search on 20 best initial trees
Estimate model parameters (epsilon = 0.100)
BETTER TREE FOUND at iteration 1: -6983.530
Estimate model parameters (epsilon = 0.100)
BETTER TREE FOUND at iteration 2: -6983.395
Estimate model parameters (epsilon = 0.100)
BETTER TREE FOUND at iteration 8: -6982.573
Iteration 10 / LogL: -6983.531 / Time: 0h:0m:16s
Iteration 20 / LogL: -6983.558 / Time: 0h:0m:16s
Finish initializing candidate tree set (4)
Current best tree score: -6982.573 / CPU time: 1.491
Number of iterations: 20
--------------------------------------------------------------------
|               OPTIMIZING CANDIDATE TREE SET                      |
--------------------------------------------------------------------
BETTER TREE FOUND at iteration 21: -6982.573
UPDATE BEST LOG-LIKELIHOOD: -6982.572
Iteration 30 / LogL: -6982.573 / Time: 0h:0m:17s (0h:0m:6s left)
Iteration 40 / LogL: -6982.574 / Time: 0h:0m:17s (0h:0m:5s left)
UPDATE BEST LOG-LIKELIHOOD: -6982.572
Iteration 50 / LogL: -6983.367 / Time: 0h:0m:18s (0h:0m:4s left)
Log-likelihood cutoff on original alignment: -6991.007
Iteration 60 / LogL: -6983.367 / Time: 0h:0m:18s (0h:0m:3s left)
Iteration 70 / LogL: -6982.573 / Time: 0h:0m:18s (0h:0m:2s left)
Iteration 80 / LogL: -6983.391 / Time: 0h:0m:19s (0h:0m:2s left)
Iteration 90 / LogL: -6982.572 / Time: 0h:0m:19s (0h:0m:1s left)
Iteration 100 / LogL: -6983.367 / Time: 0h:0m:20s (0h:0m:1s left)
Log-likelihood cutoff on original alignment: -6991.007
NOTE: Bootstrap correlation coefficient of split occurrence frequencies: 0.992
Iteration 110 / LogL: -6982.573 / Time: 0h:0m:20s (0h:0m:4s left)
Iteration 120 / LogL: -6982.582 / Time: 0h:0m:21s (0h:0m:4s left)
TREE SEARCH COMPLETED AFTER 122 ITERATIONS / Time: 0h:0m:21s

--------------------------------------------------------------------
|                    FINALIZING TREE SEARCH                        |
--------------------------------------------------------------------
Performs final model parameters optimization
Estimate model parameters (epsilon = 0.010)
1. Initial log-likelihood: -6982.572
Optimal log-likelihood: -6982.569
Rate parameters:  A-C: 3.541  A-G: 8.606  A-T: 1.000  C-G: 3.541  C-T: 8.606  G-T: 1.000
Base frequencies:   A: 0.413  C: 0.155  G: 0.198  T: 0.234
Gamma shape alpha: 0.480
Parameters optimization took 1 rounds (0.006 sec)
BEST SCORE FOUND : -6982.569
Creating bootstrap support values...
Split supports printed to NEXUS file ./results/gene4.phy.splits.nex
Total tree length: 3.060

Total number of iterations: 122
CPU time used for tree search: 5.888 sec (0h:0m:5s)
Wall-clock time used for tree search: 6.114 sec (0h:0m:6s)
Total CPU time used: 18.518 sec (0h:0m:18s)
Total wall-clock time used: 21.309 sec (0h:0m:21s)

Computing bootstrap consensus tree...
Reading input file ./results/gene4.phy.splits.nex...
10 taxa and 143 splits.
Consensus tree written to ./results/gene4.phy.contree
Reading input trees file ./results/gene4.phy.contree
Log-likelihood of consensus tree: -6983.606

Analysis results written to: 
  IQ-TREE report:                ./results/gene4.phy.iqtree
  Maximum-likelihood tree:       ./results/gene4.phy.treefile
  Likelihood distances:          ./results/gene4.phy.mldist

Ultrafast bootstrap approximation results written to:
  Split support values:          ./results/gene4.phy.splits.nex
  Consensus tree:                ./results/gene4.phy.contree
  Screen log file:               ./results/gene4.phy.log

Date and Time: Tue Aug 22 17:15:50 2017
