IQ-TREE multicore version 1.5.4 for Linux 64-bit built Apr  2 2017
Copyright (c) 2011-2017 by Bui Quang Minh, Nguyen Lam Tung,
Olga Chernomor, Heiko Schmidt, and Arndt von Haeseler.

Host:    hpc-crick (AVX, 251 GB RAM)
Command: iqtree -s ./results/gene4.phy -nt 1 -bb 1000
Seed:    39463 (Using SPRNG - Scalable Parallel Random Number Generator)
Time:    Tue Aug 22 17:51:15 2017
Kernel:  AVX - 1 threads (40 CPU cores detected)

Reading alignment file ./results/gene4.phy ... Phylip format detected
Alignment most likely contains DNA/RNA sequences
Alignment has 10 sequences with 1000 columns and 538 patterns (408 informative sites, 343 constant sites)
   Gap/Ambiguity  Composition  p-value
   1  A    0.00%    passed     74.47%
   2  B    0.00%    passed     86.57%
   3  C    0.00%    passed     65.24%
   4  D    0.00%    passed     98.68%
   5  E    0.00%    passed     98.28%
   6  F    0.00%    passed     76.81%
   7  G    0.00%    passed     86.13%
   8  H    0.00%    passed     63.35%
   9  I    0.00%    passed     92.47%
  10  J    0.00%    passed     89.15%
****  TOTAL    0.00%  0 sequences failed composition chi2 test (p-value<5%; df=3)

Create initial parsimony tree by phylogenetic likelihood library (PLL)... 0.001 seconds

NOTE: ModelFinder requires 3 MB RAM!
ModelFinder will test 286 DNA models (sample size: 1000) ...
 No. Model         -LnL         df  AIC          AICc         BIC
  1  JC            8525.109     17  17084.218    17084.842    17167.650
  2  JC+I          8220.701     18  16477.403    16478.100    16565.742
  3  JC+G4         8134.780     18  16305.560    16306.257    16393.900
  4  JC+I+G4       8134.417     19  16306.833    16307.609    16400.081
  5  JC+R2         8137.495     19  16312.989    16313.765    16406.237
  6  JC+R3         8132.369     21  16306.737    16307.682    16409.800
  7  JC+R4         Skipped 
  8  JC+R5         Skipped 
  9  JC+R6         Skipped 
 10  JC+R7         Skipped 
 11  JC+R8         Skipped 
 12  JC+R9         Skipped 
 13  JC+R10        Skipped 
 14  F81           8406.160     20  16852.320    16853.178    16950.475
 15  F81+I         8082.743     21  16207.487    16208.432    16310.550
 16  F81+G4        7980.251     21  16002.502    16003.447    16105.565
 17  F81+I+G4      7979.646     22  16003.292    16004.328    16111.263
 18  F81+R2        7989.991     22  16023.983    16025.019    16131.953
 19  F81+R3        7979.208     24  16006.417    16007.648    16124.203
 20  F81+R4        7979.216     26  16010.432    16011.875    16138.033
 21  F81+R5        Skipped 
 22  F81+R6        Skipped 
 23  F81+R7        Skipped 
 24  F81+R8        Skipped 
 25  F81+R9        Skipped 
 26  F81+R10       Skipped 
 27  K2P           8389.996     18  16815.991    16816.689    16904.331
 28  K2P+I         8074.351     19  16186.702    16187.478    16279.950
 29  K2P+G4        7963.972     19  15965.944    15966.720    16059.191
 30  K2P+I+G4      7963.974     20  15967.949    15968.807    16066.104
 31  K2P+R2        7975.081     20  15990.162    15991.020    16088.317
 32  K2P+R3        7963.571     22  15971.141    15972.177    16079.112
 33  K2P+R4        7963.518     24  15975.036    15976.267    16092.822
 34  K2P+R5        Skipped 
 35  K2P+R6        Skipped 
 36  K2P+R7        Skipped 
 37  K2P+R8        Skipped 
 38  K2P+R9        Skipped 
 39  K2P+R10       Skipped 
 40  HKY           8273.811     21  16589.622    16590.567    16692.685
 41  HKY+I         7947.825     22  15939.651    15940.687    16047.621
 42  HKY+G4        7809.759     22  15663.518    15664.554    15771.489
 43  HKY+I+G4      7810.301     23  15666.601    15667.732    15779.479
 44  HKY+R2        7828.098     23  15702.197    15703.328    15815.075
 45  HKY+R3        7809.948     25  15669.895    15671.230    15792.589
 46  HKY+R4        7809.815     27  15673.630    15675.185    15806.139
 47  HKY+R5        Skipped 
 48  HKY+R6        Skipped 
 49  HKY+R7        Skipped 
 50  HKY+R8        Skipped 
 51  HKY+R9        Skipped 
 52  HKY+R10       Skipped 
 53  TNe           8380.377     19  16798.754    16799.529    16892.001
 54  TNe+I         8071.007     20  16182.014    16182.872    16280.169
 55  TNe+G4        7955.025     20  15950.049    15950.907    16048.205
 56  TNe+I+G4      7955.191     21  15952.381    15953.326    16055.444
 57  TNe+R2        7966.900     21  15975.800    15976.745    16078.863
 58  TNe+R3        7955.222     23  15956.445    15957.576    16069.323
 59  TNe+R4        7955.151     25  15960.301    15961.636    16082.995
 60  TNe+R5        Skipped 
 61  TNe+R6        Skipped 
 62  TNe+R7        Skipped 
 63  TNe+R8        Skipped 
 64  TNe+R9        Skipped 
 65  TNe+R10       Skipped 
 66  TN            8273.518     22  16591.035    16592.071    16699.006
 67  TN+I          7946.879     23  15939.758    15940.889    16052.636
 68  TN+G4         7809.886     23  15665.772    15666.903    15778.650
 69  TN+I+G4       7810.266     24  15668.533    15669.763    15786.319
 70  TN+R2         7827.775     24  15703.550    15704.781    15821.336
 71  TN+R3         7810.193     26  15672.386    15673.829    15799.987
 72  TN+R4         7809.993     28  15675.985    15677.658    15813.402
 73  TN+R5         Skipped 
 74  TN+R6         Skipped 
 75  TN+R7         Skipped 
 76  TN+R8         Skipped 
 77  TN+R9         Skipped 
 78  TN+R10        Skipped 
 79  K3P           8386.111     19  16810.222    16810.998    16903.470
 80  K3P+I         8070.397     20  16180.793    16181.651    16278.948
 81  K3P+G4        7959.702     20  15959.404    15960.262    16057.559
 82  K3P+I+G4      7959.452     21  15960.905    15961.849    16063.967
 83  K3P+R2        7970.848     21  15983.696    15984.641    16086.759
 84  K3P+R3        7959.332     23  15964.665    15965.796    16077.543
 85  K3P+R4        7959.254     25  15968.508    15969.842    16091.202
 86  K3P+R5        Skipped 
 87  K3P+R6        Skipped 
 88  K3P+R7        Skipped 
 89  K3P+R8        Skipped 
 90  K3P+R9        Skipped 
 91  K3P+R10       Skipped 
 92  K3Pu          8264.144     22  16572.288    16573.324    16680.259
 93  K3Pu+I        7939.311     23  15924.623    15925.754    16037.501
 94  K3Pu+G4       7799.168     23  15644.337    15645.468    15757.215
 95  K3Pu+I+G4     7799.508     24  15647.016    15648.246    15764.802
 96  K3Pu+R2       7816.482     24  15680.964    15682.195    15798.750
 97  K3Pu+R3       7799.470     26  15650.940    15652.383    15778.542
 98  K3Pu+R4       7799.150     28  15654.301    15655.973    15791.718
 99  K3Pu+R5       Skipped 
100  K3Pu+R6       Skipped 
101  K3Pu+R7       Skipped 
102  K3Pu+R8       Skipped 
103  K3Pu+R9       Skipped 
104  K3Pu+R10      Skipped 
105  TPM2          8259.999     22  16563.998    16565.034    16671.969
106  TPM2+I        7932.983     23  15911.966    15913.097    16024.844
107  TPM2+G4       7801.829     23  15649.658    15650.789    15762.536
108  TPM2+I+G4     7801.928     24  15651.857    15653.087    15769.643
109  TPM2+R2       7819.424     24  15686.849    15688.079    15804.635
110  TPM2+R3       7801.693     26  15655.386    15656.829    15782.988
111  TPM2+R4       7801.426     28  15658.852    15660.525    15796.269
112  TPM2+R5       Skipped 
113  TPM2+R6       Skipped 
114  TPM2+R7       Skipped 
115  TPM2+R8       Skipped 
116  TPM2+R9       Skipped 
117  TPM2+R10      Skipped 
118  TPM2u         8260.031     22  16564.063    16565.099    16672.034
119  TPM2u+I       7932.973     23  15911.946    15913.077    16024.824
120  TPM2u+G4      7801.830     23  15649.660    15650.791    15762.538
121  TPM2u+I+G4    7801.909     24  15651.818    15653.048    15769.604
122  TPM2u+R2      7819.431     24  15686.862    15688.093    15804.648
123  TPM2u+R3      7801.644     26  15655.289    15656.732    15782.890
124  TPM2u+R4      7801.374     28  15658.747    15660.420    15796.164
125  TPM2u+R5      Skipped 
126  TPM2u+R6      Skipped 
127  TPM2u+R7      Skipped 
128  TPM2u+R8      Skipped 
129  TPM2u+R9      Skipped 
130  TPM2u+R10     Skipped 
131  TPM3          8252.259     22  16548.518    16549.553    16656.488
132  TPM3+I        7931.340     23  15908.679    15909.811    16021.558
133  TPM3+G4       7794.876     23  15635.751    15636.882    15748.630
134  TPM3+I+G4     7794.772     24  15637.544    15638.775    15755.330
135  TPM3+R2       7812.412     24  15672.823    15674.054    15790.610
136  TPM3+R3       7794.733     26  15641.466    15642.909    15769.068
137  TPM3+R4       7794.349     28  15644.698    15646.371    15782.116
138  TPM3+R5       Skipped 
139  TPM3+R6       Skipped 
140  TPM3+R7       Skipped 
141  TPM3+R8       Skipped 
142  TPM3+R9       Skipped 
143  TPM3+R10      Skipped 
144  TPM3u         8252.322     22  16548.644    16549.679    16656.614
145  TPM3u+I       7931.490     23  15908.980    15910.112    16021.859
146  TPM3u+G4      7794.813     23  15635.626    15636.757    15748.504
147  TPM3u+I+G4    7794.751     24  15637.502    15638.733    15755.289
148  TPM3u+R2      7812.386     24  15672.773    15674.004    15790.559
149  TPM3u+R3      7794.722     26  15641.445    15642.887    15769.046
150  TPM3u+R4      7794.322     28  15644.645    15646.317    15782.062
151  TPM3u+R5      Skipped 
152  TPM3u+R6      Skipped 
153  TPM3u+R7      Skipped 
154  TPM3u+R8      Skipped 
155  TPM3u+R9      Skipped 
156  TPM3u+R10     Skipped 
157  TIMe          8376.579     20  16793.158    16794.016    16891.313
158  TIMe+I        8067.110     21  16176.220    16177.165    16279.283
159  TIMe+G4       7950.604     21  15943.208    15944.152    16046.270
160  TIMe+I+G4     7950.683     22  15945.366    15946.402    16053.337
161  TIMe+R2       7962.652     22  15969.304    15970.340    16077.275
162  TIMe+R3       7950.999     24  15949.998    15951.228    16067.784
163  TIMe+R4       7950.618     26  15953.236    15954.679    16080.837
164  TIMe+R5       Skipped 
165  TIMe+R6       Skipped 
166  TIMe+R7       Skipped 
167  TIMe+R8       Skipped 
168  TIMe+R9       Skipped 
169  TIMe+R10      Skipped 
170  TIM           8263.864     23  16573.727    16574.858    16686.606
171  TIM+I         7938.253     24  15924.506    15925.737    16042.293
172  TIM+G4        7798.951     24  15645.901    15647.132    15763.688
173  TIM+I+G4      7799.316     25  15648.632    15649.967    15771.326
174  TIM+R2        7815.920     25  15681.839    15683.174    15804.533
175  TIM+R3        7799.087     27  15652.174    15653.729    15784.683
176  TIM+R4        7798.719     29  15655.438    15657.232    15797.763
177  TIM+R5        Skipped 
178  TIM+R6        Skipped 
179  TIM+R7        Skipped 
180  TIM+R8        Skipped 
181  TIM+R9        Skipped 
182  TIM+R10       Skipped 
183  TIM2e         8336.853     20  16713.705    16714.563    16811.861
184  TIM2e+I       8027.954     21  16097.908    16098.853    16200.971
185  TIM2e+G4      7899.964     21  15841.928    15842.872    15944.990
186  TIM2e+I+G4    7899.802     22  15843.604    15844.640    15951.575
187  TIM2e+R2      7915.251     22  15874.503    15875.538    15982.473
188  TIM2e+R3      7899.750     24  15847.500    15848.730    15965.286
189  TIM2e+R4      7897.757     26  15847.513    15848.956    15975.115
190  TIM2e+R5      Skipped 
191  TIM2e+R6      Skipped 
192  TIM2e+R7      Skipped 
193  TIM2e+R8      Skipped 
194  TIM2e+R9      Skipped 
195  TIM2e+R10     Skipped 
196  TIM2          8259.742     23  16565.484    16566.615    16678.362
197  TIM2+I        7932.229     24  15912.459    15913.689    16030.245
198  TIM2+G4       7801.958     24  15651.917    15653.148    15769.703
199  TIM2+I+G4     7801.928     25  15653.855    15655.190    15776.549
200  TIM2+R2       7819.213     25  15688.426    15689.761    15811.120
201  TIM2+R3       7801.694     27  15657.388    15658.943    15789.897
202  TIM2+R4       7801.520     29  15661.041    15662.835    15803.366
203  TIM2+R5       Skipped 
204  TIM2+R6       Skipped 
205  TIM2+R7       Skipped 
206  TIM2+R8       Skipped 
207  TIM2+R9       Skipped 
208  TIM2+R10      Skipped 
209  TIM3e         8374.225     20  16788.450    16789.308    16886.605
210  TIM3e+I       8065.993     21  16173.987    16174.932    16277.050
211  TIM3e+G4      7949.786     21  15941.573    15942.517    16044.636
212  TIM3e+I+G4    7949.869     22  15943.739    15944.774    16051.709
213  TIM3e+R2      7961.944     22  15967.889    15968.925    16075.860
214  TIM3e+R3      7950.063     24  15948.126    15949.356    16065.912
215  TIM3e+R4      7949.365     26  15950.730    15952.173    16078.331
216  TIM3e+R5      Skipped 
217  TIM3e+R6      Skipped 
218  TIM3e+R7      Skipped 
219  TIM3e+R8      Skipped 
220  TIM3e+R9      Skipped 
221  TIM3e+R10     Skipped 
222  TIM3          8252.264     23  16550.528    16551.659    16663.407
223  TIM3+I        7929.824     24  15907.648    15908.879    16025.434
224  TIM3+G4       7795.050     24  15638.099    15639.330    15755.885
225  TIM3+I+G4     7794.832     25  15639.663    15640.998    15762.357
226  TIM3+R2       7812.245     25  15674.490    15675.824    15797.184
227  TIM3+R3       7794.887     27  15643.775    15645.330    15776.284
228  TIM3+R4       7794.312     29  15646.624    15648.417    15788.949
229  TIM3+R5       Skipped 
230  TIM3+R6       Skipped 
231  TIM3+R7       Skipped 
232  TIM3+R8       Skipped 
233  TIM3+R9       Skipped 
234  TIM3+R10      Skipped 
235  TVMe          8338.939     21  16719.878    16720.823    16822.941
236  TVMe+I        8023.729     22  16091.457    16092.493    16199.428
237  TVMe+G4       7902.671     22  15849.341    15850.377    15957.312
238  TVMe+I+G4     7902.351     23  15850.702    15851.833    15963.581
239  TVMe+R2       7915.424     23  15876.848    15877.979    15989.726
240  TVMe+R3       7900.999     25  15851.999    15853.333    15974.692
241  TVMe+R4       7898.470     27  15850.940    15852.496    15983.450
242  TVMe+R5       Skipped 
243  TVMe+R6       Skipped 
244  TVMe+R7       Skipped 
245  TVMe+R8       Skipped 
246  TVMe+R9       Skipped 
247  TVMe+R10      Skipped 
248  TVM           8235.773     24  16519.546    16520.777    16637.333
249  TVM+I         7913.705     25  15877.409    15878.744    16000.103
250  TVM+G4        7780.602     25  15611.205    15612.539    15733.899
251  TVM+I+G4      7780.558     26  15613.116    15614.559    15740.718
252  TVM+R2        7797.877     26  15647.755    15649.198    15775.356
253  TVM+R3        7781.353     28  15618.705    15620.378    15756.122
254  TVM+R4        7779.775     30  15619.549    15621.469    15766.782
255  TVM+R5        Skipped 
256  TVM+R6        Skipped 
257  TVM+R7        Skipped 
258  TVM+R8        Skipped 
259  TVM+R9        Skipped 
260  TVM+R10       Skipped 
261  SYM           8328.448     22  16700.896    16701.932    16808.867
262  SYM+I         8019.796     23  16085.593    16086.724    16198.471
263  SYM+G4        7890.436     23  15826.871    15828.002    15939.750
264  SYM+I+G4      7890.292     24  15828.585    15829.815    15946.371
265  SYM+R2        7905.764     24  15859.528    15860.759    15977.315
266  SYM+R3        7890.621     26  15833.241    15834.684    15960.843
267  SYM+R4        7888.181     28  15832.362    15834.034    15969.779
268  SYM+R5        Skipped 
269  SYM+R6        Skipped 
270  SYM+R7        Skipped 
271  SYM+R8        Skipped 
272  SYM+R9        Skipped 
273  SYM+R10       Skipped 
274  GTR           8235.725     25  16521.450    16522.785    16644.144
275  GTR+I         7912.476     26  15876.951    15878.394    16004.553
276  GTR+G4        7781.022     26  15614.044    15615.487    15741.646
277  GTR+I+G4      7780.883     27  15615.766    15617.322    15748.275
278  GTR+R2        7797.867     27  15649.733    15651.289    15782.243
279  GTR+R3        7781.431     29  15620.862    15622.656    15763.187
280  GTR+R4        7779.697     31  15621.394    15623.444    15773.535
281  GTR+R5        Skipped 
282  GTR+R6        Skipped 
283  GTR+R7        Skipped 
284  GTR+R8        Skipped 
285  GTR+R9        Skipped 
286  GTR+R10       Skipped 
Akaike Information Criterion:           TVM+G4
Corrected Akaike Information Criterion: TVM+G4
Bayesian Information Criterion:         TVM+G4
Best-fit model: TVM+G4 chosen according to BIC

All model information printed to ./results/gene4.phy.model
CPU time for ModelFinder: 15.868 seconds (0h:0m:15s)
Wall-clock time for ModelFinder: 17.954 seconds (0h:0m:17s)
Generating 1000 samples for ultrafast bootstrap (seed: 39463)...

NOTE: 2 MB RAM (0 GB) is required!
Estimate model parameters (epsilon = 0.100)
1. Initial log-likelihood: -8059.855
2. Current log-likelihood: -7795.262
3. Current log-likelihood: -7784.117
4. Current log-likelihood: -7781.983
5. Current log-likelihood: -7781.440
6. Current log-likelihood: -7781.172
7. Current log-likelihood: -7781.055
Optimal log-likelihood: -7780.999
Rate parameters:  A-C: 4.475  A-G: 6.877  A-T: 1.193  C-G: 0.922  C-T: 6.877  G-T: 1.000
Base frequencies:   A: 0.392  C: 0.162  G: 0.212  T: 0.235
Gamma shape alpha: 0.486
Parameters optimization took 7 rounds (0.148 sec)
Computing ML distances based on estimated model parameters... 0.002 sec
Computing BIONJ tree...
0.000 seconds
Log-likelihood of BIONJ tree: -7775.554
--------------------------------------------------------------------
|             INITIALIZING CANDIDATE TREE SET                      |
--------------------------------------------------------------------
Generating 98 parsimony trees... 0.137 second
Computing log-likelihood of 96 initial trees ... 0.550 seconds
Current best score: -7771.367

Do NNI search on 20 best initial trees
Estimate model parameters (epsilon = 0.100)
BETTER TREE FOUND at iteration 1: -7769.320
Estimate model parameters (epsilon = 0.100)
BETTER TREE FOUND at iteration 5: -7769.244
UPDATE BEST LOG-LIKELIHOOD: -7769.240
Iteration 10 / LogL: -7769.310 / Time: 0h:0m:19s
Estimate model parameters (epsilon = 0.100)
UPDATE BEST LOG-LIKELIHOOD: -7769.212
Iteration 20 / LogL: -7769.216 / Time: 0h:0m:19s
Finish initializing candidate tree set (3)
Current best tree score: -7769.212 / CPU time: 1.597
Number of iterations: 20
--------------------------------------------------------------------
|               OPTIMIZING CANDIDATE TREE SET                      |
--------------------------------------------------------------------
Iteration 30 / LogL: -7769.255 / Time: 0h:0m:20s (0h:0m:5s left)
Iteration 40 / LogL: -7769.309 / Time: 0h:0m:20s (0h:0m:4s left)
UPDATE BEST LOG-LIKELIHOOD: -7769.212
Iteration 50 / LogL: -7769.295 / Time: 0h:0m:20s (0h:0m:3s left)
Log-likelihood cutoff on original alignment: -7779.491
Iteration 60 / LogL: -7769.231 / Time: 0h:0m:21s (0h:0m:2s left)
UPDATE BEST LOG-LIKELIHOOD: -7769.212
UPDATE BEST LOG-LIKELIHOOD: -7769.212
Iteration 70 / LogL: -7769.310 / Time: 0h:0m:22s (0h:0m:2s left)
Iteration 80 / LogL: -7769.229 / Time: 0h:0m:22s (0h:0m:1s left)
UPDATE BEST LOG-LIKELIHOOD: -7769.212
Iteration 90 / LogL: -7769.252 / Time: 0h:0m:22s (0h:0m:0s left)
UPDATE BEST LOG-LIKELIHOOD: -7769.212
UPDATE BEST LOG-LIKELIHOOD: -7769.212
Iteration 100 / LogL: -7769.259 / Time: 0h:0m:23s (0h:0m:0s left)
Log-likelihood cutoff on original alignment: -7779.491
NOTE: Bootstrap correlation coefficient of split occurrence frequencies: 0.993
TREE SEARCH COMPLETED AFTER 106 ITERATIONS / Time: 0h:0m:23s

--------------------------------------------------------------------
|                    FINALIZING TREE SEARCH                        |
--------------------------------------------------------------------
Performs final model parameters optimization
Estimate model parameters (epsilon = 0.010)
1. Initial log-likelihood: -7769.212
Optimal log-likelihood: -7769.207
Rate parameters:  A-C: 4.377  A-G: 6.847  A-T: 1.182  C-G: 1.002  C-T: 6.847  G-T: 1.000
Base frequencies:   A: 0.392  C: 0.162  G: 0.212  T: 0.235
Gamma shape alpha: 0.494
Parameters optimization took 1 rounds (0.008 sec)
BEST SCORE FOUND : -7769.207
Creating bootstrap support values...
Split supports printed to NEXUS file ./results/gene4.phy.splits.nex
Total tree length: 3.739

Total number of iterations: 106
CPU time used for tree search: 4.172 sec (0h:0m:4s)
Wall-clock time used for tree search: 5.475 sec (0h:0m:5s)
Total CPU time used: 20.198 sec (0h:0m:20s)
Total wall-clock time used: 23.655 sec (0h:0m:23s)

Computing bootstrap consensus tree...
Reading input file ./results/gene4.phy.splits.nex...
10 taxa and 110 splits.
Consensus tree written to ./results/gene4.phy.contree
Reading input trees file ./results/gene4.phy.contree
Log-likelihood of consensus tree: -7769.207

Analysis results written to: 
  IQ-TREE report:                ./results/gene4.phy.iqtree
  Maximum-likelihood tree:       ./results/gene4.phy.treefile
  Likelihood distances:          ./results/gene4.phy.mldist

Ultrafast bootstrap approximation results written to:
  Split support values:          ./results/gene4.phy.splits.nex
  Consensus tree:                ./results/gene4.phy.contree
  Screen log file:               ./results/gene4.phy.log

Date and Time: Tue Aug 22 17:51:38 2017
