IQ-TREE multicore version 1.5.4 for Linux 64-bit built Apr  2 2017
Copyright (c) 2011-2017 by Bui Quang Minh, Nguyen Lam Tung,
Olga Chernomor, Heiko Schmidt, and Arndt von Haeseler.

Host:    hpc-crick (AVX, 251 GB RAM)
Command: iqtree -s ./results/gene13.phy -nt 1 -bb 1000
Seed:    383413 (Using SPRNG - Scalable Parallel Random Number Generator)
Time:    Tue Aug 22 17:44:58 2017
Kernel:  AVX - 1 threads (40 CPU cores detected)

Reading alignment file ./results/gene13.phy ... Phylip format detected
Alignment most likely contains DNA/RNA sequences
Alignment has 10 sequences with 1000 columns and 552 patterns (417 informative sites, 342 constant sites)
   Gap/Ambiguity  Composition  p-value
   1  A    0.00%    passed     90.34%
   2  B    0.00%    passed     80.49%
   3  C    0.00%    passed     82.36%
   4  D    0.00%    passed     43.78%
   5  E    0.00%    passed     64.68%
   6  F    0.00%    passed     89.95%
   7  G    0.00%    passed     74.81%
   8  H    0.00%    passed     96.02%
   9  I    0.00%    passed     91.96%
  10  J    0.00%    passed     77.97%
****  TOTAL    0.00%  0 sequences failed composition chi2 test (p-value<5%; df=3)

Create initial parsimony tree by phylogenetic likelihood library (PLL)... 0.001 seconds

NOTE: ModelFinder requires 3 MB RAM!
ModelFinder will test 286 DNA models (sample size: 1000) ...
 No. Model         -LnL         df  AIC          AICc         BIC
  1  JC            8470.192     17  16974.384    16975.007    17057.816
  2  JC+I          8179.590     18  16395.180    16395.877    16483.519
  3  JC+G4         8115.280     18  16266.560    16267.257    16354.900
  4  JC+I+G4       8113.293     19  16264.587    16265.362    16357.834
  5  JC+R2         8107.475     19  16252.949    16253.725    16346.197
  6  JC+R3         8107.183     21  16256.367    16257.311    16359.430
  7  JC+R4         Skipped 
  8  JC+R5         Skipped 
  9  JC+R6         Skipped 
 10  JC+R7         Skipped 
 11  JC+R8         Skipped 
 12  JC+R9         Skipped 
 13  JC+R10        Skipped 
 14  F81           8367.023     20  16774.046    16774.904    16872.201
 15  F81+I         8066.661     21  16175.322    16176.267    16278.385
 16  F81+G4        7999.134     21  16040.268    16041.213    16143.331
 17  F81+I+G4      7996.590     22  16037.180    16038.216    16145.150
 18  F81+R2        7992.811     22  16029.622    16030.657    16137.592
 19  F81+R3        7991.556     24  16031.112    16032.343    16148.898
 20  F81+R4        Skipped 
 21  F81+R5        Skipped 
 22  F81+R6        Skipped 
 23  F81+R7        Skipped 
 24  F81+R8        Skipped 
 25  F81+R9        Skipped 
 26  F81+R10       Skipped 
 27  K2P           8340.435     18  16716.869    16717.567    16805.209
 28  K2P+I         8037.741     19  16113.482    16114.257    16206.729
 29  K2P+G4        7952.623     19  15943.245    15944.021    16036.492
 30  K2P+I+G4      7951.599     20  15943.197    15944.055    16041.352
 31  K2P+R2        7952.735     20  15945.471    15946.329    16043.626
 32  K2P+R3        7948.579     22  15941.157    15942.193    16049.128
 33  K2P+R4        Skipped 
 34  K2P+R5        Skipped 
 35  K2P+R6        Skipped 
 36  K2P+R7        Skipped 
 37  K2P+R8        Skipped 
 38  K2P+R9        Skipped 
 39  K2P+R10       Skipped 
 40  HKY           8226.639     21  16495.279    16496.224    16598.342
 41  HKY+I         7912.975     22  15869.951    15870.986    15977.921
 42  HKY+G4        7821.144     22  15686.289    15687.325    15794.259
 43  HKY+I+G4      7819.490     23  15684.979    15686.111    15797.858
 44  HKY+R2        7827.512     23  15701.024    15702.155    15813.902
 45  HKY+R3        7817.595     25  15685.189    15686.524    15807.883
 46  HKY+R4        7817.576     27  15689.153    15690.708    15821.662
 47  HKY+R5        Skipped 
 48  HKY+R6        Skipped 
 49  HKY+R7        Skipped 
 50  HKY+R8        Skipped 
 51  HKY+R9        Skipped 
 52  HKY+R10       Skipped 
 53  TNe           8336.840     19  16711.679    16712.455    16804.926
 54  TNe+I         8035.063     20  16110.127    16110.985    16208.282
 55  TNe+G4        7948.425     20  15936.850    15937.708    16035.006
 56  TNe+I+G4      7947.364     21  15936.727    15937.672    16039.790
 57  TNe+R2        7949.316     21  15940.632    15941.577    16043.695
 58  TNe+R3        7943.991     23  15933.982    15935.114    16046.861
 59  TNe+R4        Skipped 
 60  TNe+R5        Skipped 
 61  TNe+R6        Skipped 
 62  TNe+R7        Skipped 
 63  TNe+R8        Skipped 
 64  TNe+R9        Skipped 
 65  TNe+R10       Skipped 
 66  TN            8226.585     22  16497.170    16498.206    16605.140
 67  TN+I          7912.971     23  15871.942    15873.073    15984.820
 68  TN+G4         7821.050     23  15688.100    15689.231    15800.978
 69  TN+I+G4       7819.431     24  15686.862    15688.093    15804.649
 70  TN+R2         7827.478     24  15702.956    15704.187    15820.742
 71  TN+R3         7817.686     26  15687.372    15688.814    15814.973
 72  TN+R4         7817.496     28  15690.991    15692.664    15828.408
 73  TN+R5         Skipped 
 74  TN+R6         Skipped 
 75  TN+R7         Skipped 
 76  TN+R8         Skipped 
 77  TN+R9         Skipped 
 78  TN+R10        Skipped 
 79  K3P           8333.993     19  16705.986    16706.762    16799.234
 80  K3P+I         8030.898     20  16101.796    16102.654    16199.951
 81  K3P+G4        7940.732     20  15921.464    15922.322    16019.619
 82  K3P+I+G4      7939.803     21  15921.607    15922.552    16024.670
 83  K3P+R2        7943.398     21  15928.797    15929.742    16031.860
 84  K3P+R3        7936.813     23  15919.627    15920.758    16032.505
 85  K3P+R4        Skipped 
 86  K3P+R5        Skipped 
 87  K3P+R6        Skipped 
 88  K3P+R7        Skipped 
 89  K3P+R8        Skipped 
 90  K3P+R9        Skipped 
 91  K3P+R10       Skipped 
 92  K3Pu          8213.444     22  16470.889    16471.925    16578.859
 93  K3Pu+I        7900.741     23  15847.481    15848.613    15960.360
 94  K3Pu+G4       7803.752     23  15653.505    15654.636    15766.383
 95  K3Pu+I+G4     7802.046     24  15652.092    15653.322    15769.878
 96  K3Pu+R2       7813.276     24  15674.553    15675.784    15792.339
 97  K3Pu+R3       7800.345     26  15652.691    15654.134    15780.292
 98  K3Pu+R4       7800.320     28  15656.640    15658.312    15794.057
 99  K3Pu+R5       Skipped 
100  K3Pu+R6       Skipped 
101  K3Pu+R7       Skipped 
102  K3Pu+R8       Skipped 
103  K3Pu+R9       Skipped 
104  K3Pu+R10      Skipped 
105  TPM2          8216.690     22  16477.380    16478.415    16585.350
106  TPM2+I        7905.197     23  15856.394    15857.525    15969.272
107  TPM2+G4       7814.651     23  15675.301    15676.432    15788.179
108  TPM2+I+G4     7813.756     24  15675.511    15676.742    15793.297
109  TPM2+R2       7817.218     24  15682.435    15683.666    15800.221
110  TPM2+R3       7811.406     26  15674.812    15676.255    15802.414
111  TPM2+R4       Skipped 
112  TPM2+R5       Skipped 
113  TPM2+R6       Skipped 
114  TPM2+R7       Skipped 
115  TPM2+R8       Skipped 
116  TPM2+R9       Skipped 
117  TPM2+R10      Skipped 
118  TPM2u         8216.680     22  16477.361    16478.396    16585.331
119  TPM2u+I       7905.200     23  15856.399    15857.530    15969.278
120  TPM2u+G4      7814.649     23  15675.298    15676.430    15788.177
121  TPM2u+I+G4    7813.747     24  15675.494    15676.725    15793.280
122  TPM2u+R2      7817.222     24  15682.444    15683.675    15800.230
123  TPM2u+R3      7811.328     26  15674.656    15676.099    15802.258
124  TPM2u+R4      Skipped 
125  TPM2u+R5      Skipped 
126  TPM2u+R6      Skipped 
127  TPM2u+R7      Skipped 
128  TPM2u+R8      Skipped 
129  TPM2u+R9      Skipped 
130  TPM2u+R10     Skipped 
131  TPM3          8208.166     22  16460.332    16461.368    16568.303
132  TPM3+I        7900.997     23  15847.994    15849.125    15960.873
133  TPM3+G4       7804.954     23  15655.908    15657.039    15768.786
134  TPM3+I+G4     7802.947     24  15653.894    15655.125    15771.680
135  TPM3+R2       7815.392     24  15678.784    15680.014    15796.570
136  TPM3+R3       7801.810     26  15655.620    15657.063    15783.222
137  TPM3+R4       7801.573     28  15659.145    15660.818    15796.562
138  TPM3+R5       Skipped 
139  TPM3+R6       Skipped 
140  TPM3+R7       Skipped 
141  TPM3+R8       Skipped 
142  TPM3+R9       Skipped 
143  TPM3+R10      Skipped 
144  TPM3u         8208.171     22  16460.341    16461.377    16568.312
145  TPM3u+I       7900.996     23  15847.992    15849.124    15960.871
146  TPM3u+G4      7804.944     23  15655.889    15657.020    15768.767
147  TPM3u+I+G4    7802.940     24  15653.880    15655.111    15771.666
148  TPM3u+R2      7815.601     24  15679.202    15680.433    15796.988
149  TPM3u+R3      7801.572     26  15655.144    15656.587    15782.745
150  TPM3u+R4      7801.550     28  15659.099    15660.772    15796.516
151  TPM3u+R5      Skipped 
152  TPM3u+R6      Skipped 
153  TPM3u+R7      Skipped 
154  TPM3u+R8      Skipped 
155  TPM3u+R9      Skipped 
156  TPM3u+R10     Skipped 
157  TIMe          8330.422     20  16700.845    16701.703    16799.000
158  TIMe+I        8028.251     21  16098.501    16099.446    16201.564
159  TIMe+G4       7936.656     21  15915.312    15916.257    16018.375
160  TIMe+I+G4     7935.674     22  15915.347    15916.383    16023.318
161  TIMe+R2       7940.106     22  15924.213    15925.249    16032.183
162  TIMe+R3       7932.394     24  15912.788    15914.018    16030.574
163  TIMe+R4       7932.332     26  15916.664    15918.107    16044.266
164  TIMe+R5       Skipped 
165  TIMe+R6       Skipped 
166  TIMe+R7       Skipped 
167  TIMe+R8       Skipped 
168  TIMe+R9       Skipped 
169  TIMe+R10      Skipped 
170  TIM           8213.427     23  16472.853    16473.984    16585.732
171  TIM+I         7900.757     24  15849.514    15850.745    15967.300
172  TIM+G4        7803.711     24  15655.422    15656.653    15773.208
173  TIM+I+G4      7801.972     25  15653.943    15655.278    15776.637
174  TIM+R2        7813.191     25  15676.382    15677.717    15799.076
175  TIM+R3        7800.326     27  15654.652    15656.208    15787.161
176  TIM+R4        7800.337     29  15658.674    15660.468    15800.999
177  TIM+R5        Skipped 
178  TIM+R6        Skipped 
179  TIM+R7        Skipped 
180  TIM+R8        Skipped 
181  TIM+R9        Skipped 
182  TIM+R10       Skipped 
183  TIM2e         8294.769     20  16629.538    16630.396    16727.693
184  TIM2e+I       7997.319     21  16036.637    16037.582    16139.700
185  TIM2e+G4      7893.338     21  15828.676    15829.621    15931.739
186  TIM2e+I+G4    7893.459     22  15830.918    15831.954    15938.889
187  TIM2e+R2      7899.350     22  15842.700    15843.736    15950.671
188  TIM2e+R3      7891.254     24  15830.507    15831.738    15948.294
189  TIM2e+R4      7891.208     26  15834.417    15835.860    15962.018
190  TIM2e+R5      Skipped 
191  TIM2e+R6      Skipped 
192  TIM2e+R7      Skipped 
193  TIM2e+R8      Skipped 
194  TIM2e+R9      Skipped 
195  TIM2e+R10     Skipped 
196  TIM2          8216.673     23  16479.345    16480.476    16592.224
197  TIM2+I        7905.196     24  15858.392    15859.623    15976.179
198  TIM2+G4       7814.821     24  15677.642    15678.873    15795.428
199  TIM2+I+G4     7813.737     25  15677.474    15678.809    15800.168
200  TIM2+R2       7817.179     25  15684.357    15685.692    15807.051
201  TIM2+R3       7811.409     27  15676.818    15678.373    15809.327
202  TIM2+R4       Skipped 
203  TIM2+R5       Skipped 
204  TIM2+R6       Skipped 
205  TIM2+R7       Skipped 
206  TIM2+R8       Skipped 
207  TIM2+R9       Skipped 
208  TIM2+R10      Skipped 
209  TIM3e         8327.878     20  16695.757    16696.615    16793.912
210  TIM3e+I       8028.655     21  16099.310    16100.255    16202.373
211  TIM3e+G4      7940.668     21  15923.336    15924.280    16026.398
212  TIM3e+I+G4    7939.618     22  15923.236    15924.272    16031.207
213  TIM3e+R2      7943.155     22  15930.310    15931.346    16038.281
214  TIM3e+R3      7936.725     24  15921.451    15922.681    16039.237
215  TIM3e+R4      Skipped 
216  TIM3e+R5      Skipped 
217  TIM3e+R6      Skipped 
218  TIM3e+R7      Skipped 
219  TIM3e+R8      Skipped 
220  TIM3e+R9      Skipped 
221  TIM3e+R10     Skipped 
222  TIM3          8208.140     23  16462.280    16463.412    16575.159
223  TIM3+I        7900.965     24  15849.930    15851.160    15967.716
224  TIM3+G4       7804.875     24  15657.750    15658.980    15775.536
225  TIM3+I+G4     7803.022     25  15656.044    15657.379    15778.738
226  TIM3+R2       7815.289     25  15680.578    15681.913    15803.272
227  TIM3+R3       7801.914     27  15657.828    15659.383    15790.337
228  TIM3+R4       7801.724     29  15661.448    15663.242    15803.773
229  TIM3+R5       Skipped 
230  TIM3+R6       Skipped 
231  TIM3+R7       Skipped 
232  TIM3+R8       Skipped 
233  TIM3+R9       Skipped 
234  TIM3+R10      Skipped 
235  TVMe          8287.491     21  16616.983    16617.927    16720.045
236  TVMe+I        7990.383     22  16024.765    16025.801    16132.736
237  TVMe+G4       7884.875     22  15813.751    15814.787    15921.722
238  TVMe+I+G4     7884.920     23  15815.840    15816.971    15928.718
239  TVMe+R2       7892.324     23  15830.647    15831.778    15943.525
240  TVMe+R3       7883.195     25  15816.390    15817.725    15939.084
241  TVMe+R4       7883.167     27  15820.333    15821.889    15952.842
242  TVMe+R5       Skipped 
243  TVMe+R6       Skipped 
244  TVMe+R7       Skipped 
245  TVMe+R8       Skipped 
246  TVMe+R9       Skipped 
247  TVMe+R10      Skipped 
248  TVM           8193.567     24  16435.134    16436.365    16552.921
249  TVM+I         7887.912     25  15825.823    15827.158    15948.517
250  TVM+G4        7788.800     25  15627.600    15628.934    15750.293
251  TVM+I+G4      7787.710     26  15627.421    15628.864    15755.022
252  TVM+R2        7796.716     26  15645.432    15646.875    15773.034
253  TVM+R3        7786.393     28  15628.786    15630.459    15766.203
254  TVM+R4        7786.289     30  15632.578    15634.498    15779.811
255  TVM+R5        Skipped 
256  TVM+R6        Skipped 
257  TVM+R7        Skipped 
258  TVM+R8        Skipped 
259  TVM+R9        Skipped 
260  TVM+R10       Skipped 
261  SYM           8283.754     22  16611.507    16612.543    16719.478
262  SYM+I         7987.669     23  16021.337    16022.468    16134.215
263  SYM+G4        7878.304     23  15802.609    15803.740    15915.487
264  SYM+I+G4      7878.494     24  15804.989    15806.220    15922.775
265  SYM+R2        7887.030     24  15822.061    15823.292    15939.847
266  SYM+R3        7876.635     26  15805.271    15806.714    15932.872
267  SYM+R4        7876.623     28  15809.247    15810.919    15946.664
268  SYM+R5        Skipped 
269  SYM+R6        Skipped 
270  SYM+R7        Skipped 
271  SYM+R8        Skipped 
272  SYM+R9        Skipped 
273  SYM+R10       Skipped 
274  GTR           8193.526     25  16437.052    16438.387    16559.746
275  GTR+I         7887.681     26  15827.362    15828.805    15954.963
276  GTR+G4        7788.721     26  15629.441    15630.884    15757.043
277  GTR+I+G4      7787.699     27  15629.398    15630.954    15761.907
278  GTR+R2        7796.487     27  15646.973    15648.529    15779.483
279  GTR+R3        7786.279     29  15630.558    15632.352    15772.883
280  GTR+R4        7786.152     31  15634.304    15636.354    15786.444
281  GTR+R5        Skipped 
282  GTR+R6        Skipped 
283  GTR+R7        Skipped 
284  GTR+R8        Skipped 
285  GTR+R9        Skipped 
286  GTR+R10       Skipped 
Akaike Information Criterion:           TVM+I+G4
Corrected Akaike Information Criterion: TVM+I+G4
Bayesian Information Criterion:         TVM+G4
Best-fit model: TVM+G4 chosen according to BIC

All model information printed to ./results/gene13.phy.model
CPU time for ModelFinder: 13.191 seconds (0h:0m:13s)
Wall-clock time for ModelFinder: 17.031 seconds (0h:0m:17s)
Generating 1000 samples for ultrafast bootstrap (seed: 383413)...

NOTE: 2 MB RAM (0 GB) is required!
Estimate model parameters (epsilon = 0.100)
1. Initial log-likelihood: -8047.985
2. Current log-likelihood: -7878.472
3. Current log-likelihood: -7822.313
4. Current log-likelihood: -7816.919
5. Current log-likelihood: -7816.348
Optimal log-likelihood: -7816.297
Rate parameters:  A-C: 57.813  A-G: 100.000  A-T: 21.218  C-G: 23.624  C-T: 100.000  G-T: 1.000
Base frequencies:   A: 0.380  C: 0.184  G: 0.198  T: 0.238
Gamma shape alpha: 0.514
Parameters optimization took 5 rounds (0.137 sec)

WARNING: Estimated model parameters are at boundary that can cause numerical instability!

Computing ML distances based on estimated model parameters... 0.000 sec
Computing BIONJ tree...
0.000 seconds
Log-likelihood of BIONJ tree: -7817.681
--------------------------------------------------------------------
|             INITIALIZING CANDIDATE TREE SET                      |
--------------------------------------------------------------------
Generating 98 parsimony trees... 0.149 second
Computing log-likelihood of 97 initial trees ... 0.739 seconds
Current best score: -7816.297

Do NNI search on 20 best initial trees
Estimate model parameters (epsilon = 0.100)

WARNING: Estimated model parameters are at boundary that can cause numerical instability!

BETTER TREE FOUND at iteration 1: -7815.649
Iteration 10 / LogL: -7816.547 / Time: 0h:0m:18s
Estimate model parameters (epsilon = 0.100)

WARNING: Estimated model parameters are at boundary that can cause numerical instability!

BETTER TREE FOUND at iteration 16: -7815.188
Iteration 20 / LogL: -7815.671 / Time: 0h:0m:20s
Finish initializing candidate tree set (13)
Current best tree score: -7815.188 / CPU time: 2.935
Number of iterations: 20
--------------------------------------------------------------------
|               OPTIMIZING CANDIDATE TREE SET                      |
--------------------------------------------------------------------
BETTER TREE FOUND at iteration 26: -7815.188
Iteration 30 / LogL: -7815.671 / Time: 0h:0m:21s (0h:0m:13s left)
UPDATE BEST LOG-LIKELIHOOD: -7815.188
Iteration 40 / LogL: -7815.188 / Time: 0h:0m:21s (0h:0m:10s left)
Iteration 50 / LogL: -7815.188 / Time: 0h:0m:22s (0h:0m:8s left)
Log-likelihood cutoff on original alignment: -7823.481
UPDATE BEST LOG-LIKELIHOOD: -7815.188
UPDATE BEST LOG-LIKELIHOOD: -7815.188
Iteration 60 / LogL: -7815.188 / Time: 0h:0m:23s (0h:0m:6s left)
UPDATE BEST LOG-LIKELIHOOD: -7815.188
Iteration 70 / LogL: -7815.188 / Time: 0h:0m:23s (0h:0m:5s left)
UPDATE BEST LOG-LIKELIHOOD: -7815.188
UPDATE BEST LOG-LIKELIHOOD: -7815.188
Iteration 80 / LogL: -7815.588 / Time: 0h:0m:24s (0h:0m:4s left)
Iteration 90 / LogL: -7816.940 / Time: 0h:0m:25s (0h:0m:3s left)
Iteration 100 / LogL: -7815.188 / Time: 0h:0m:25s (0h:0m:2s left)
Log-likelihood cutoff on original alignment: -7824.185
NOTE: Bootstrap correlation coefficient of split occurrence frequencies: 0.991
Iteration 110 / LogL: -7816.983 / Time: 0h:0m:27s (0h:0m:8s left)
Iteration 120 / LogL: -7815.188 / Time: 0h:0m:28s (0h:0m:8s left)
UPDATE BEST LOG-LIKELIHOOD: -7815.188
TREE SEARCH COMPLETED AFTER 127 ITERATIONS / Time: 0h:0m:29s

--------------------------------------------------------------------
|                    FINALIZING TREE SEARCH                        |
--------------------------------------------------------------------
Performs final model parameters optimization
Estimate model parameters (epsilon = 0.010)
1. Initial log-likelihood: -7815.188
2. Current log-likelihood: -7815.166
3. Current log-likelihood: -7815.147
4. Current log-likelihood: -7815.131
5. Current log-likelihood: -7815.116
6. Current log-likelihood: -7815.104
7. Current log-likelihood: -7815.092
8. Current log-likelihood: -7815.082
Optimal log-likelihood: -7815.072
Rate parameters:  A-C: 57.153  A-G: 100.000  A-T: 20.473  C-G: 22.817  C-T: 100.000  G-T: 1.000
Base frequencies:   A: 0.380  C: 0.184  G: 0.198  T: 0.238
Gamma shape alpha: 0.510
Parameters optimization took 8 rounds (0.072 sec)

WARNING: Estimated model parameters are at boundary that can cause numerical instability!

BEST SCORE FOUND : -7815.072
Creating bootstrap support values...
Split supports printed to NEXUS file ./results/gene13.phy.splits.nex
Total tree length: 3.707

Total number of iterations: 127
CPU time used for tree search: 7.120 sec (0h:0m:7s)
Wall-clock time used for tree search: 12.244 sec (0h:0m:12s)
Total CPU time used: 20.538 sec (0h:0m:20s)
Total wall-clock time used: 29.579 sec (0h:0m:29s)

Computing bootstrap consensus tree...
Reading input file ./results/gene13.phy.splits.nex...
10 taxa and 175 splits.
Consensus tree written to ./results/gene13.phy.contree
Reading input trees file ./results/gene13.phy.contree
Log-likelihood of consensus tree: -7815.072

Analysis results written to: 
  IQ-TREE report:                ./results/gene13.phy.iqtree
  Maximum-likelihood tree:       ./results/gene13.phy.treefile
  Likelihood distances:          ./results/gene13.phy.mldist

Ultrafast bootstrap approximation results written to:
  Split support values:          ./results/gene13.phy.splits.nex
  Consensus tree:                ./results/gene13.phy.contree
  Screen log file:               ./results/gene13.phy.log

Date and Time: Tue Aug 22 17:45:28 2017
