IQ-TREE multicore version 1.5.4 for Linux 64-bit built Apr  2 2017
Copyright (c) 2011-2017 by Bui Quang Minh, Nguyen Lam Tung,
Olga Chernomor, Heiko Schmidt, and Arndt von Haeseler.

Host:    hpc-crick (AVX, 251 GB RAM)
Command: iqtree -s ./results/gene1.phy -nt 1 -bb 1000
Seed:    599420 (Using SPRNG - Scalable Parallel Random Number Generator)
Time:    Tue Aug 22 17:52:10 2017
Kernel:  AVX - 1 threads (40 CPU cores detected)

Reading alignment file ./results/gene1.phy ... Phylip format detected
Alignment most likely contains DNA/RNA sequences
Alignment has 10 sequences with 1000 columns and 578 patterns (438 informative sites, 312 constant sites)
   Gap/Ambiguity  Composition  p-value
   1  A    0.00%    passed     87.19%
   2  B    0.00%    passed     97.26%
   3  C    0.00%    passed     86.77%
   4  D    0.00%    passed     62.50%
   5  E    0.00%    passed     96.06%
   6  F    0.00%    passed     61.42%
   7  G    0.00%    passed     75.75%
   8  H    0.00%    passed     29.25%
   9  I    0.00%    passed     85.08%
  10  J    0.00%    passed     52.75%
****  TOTAL    0.00%  0 sequences failed composition chi2 test (p-value<5%; df=3)

Create initial parsimony tree by phylogenetic likelihood library (PLL)... 0.001 seconds

NOTE: ModelFinder requires 4 MB RAM!
ModelFinder will test 286 DNA models (sample size: 1000) ...
 No. Model         -LnL         df  AIC          AICc         BIC
  1  JC            8796.862     17  17627.724    17628.347    17711.156
  2  JC+I          8527.287     18  17090.573    17091.271    17178.913
  3  JC+G4         8436.228     18  16908.456    16909.154    16996.796
  4  JC+I+G4       8435.831     19  16909.662    16910.438    17002.910
  5  JC+R2         8441.787     19  16921.575    16922.350    17014.822
  6  JC+R3         8435.397     21  16912.793    16913.738    17015.856
  7  JC+R4         Skipped 
  8  JC+R5         Skipped 
  9  JC+R6         Skipped 
 10  JC+R7         Skipped 
 11  JC+R8         Skipped 
 12  JC+R9         Skipped 
 13  JC+R10        Skipped 
 14  F81           8643.515     20  17327.030    17327.888    17425.185
 15  F81+I         8360.304     21  16762.609    16763.553    16865.672
 16  F81+G4        8248.738     21  16539.477    16540.421    16642.539
 17  F81+I+G4      8248.976     22  16541.951    16542.987    16649.922
 18  F81+R2        8260.467     22  16564.934    16565.969    16672.904
 19  F81+R3        8248.465     24  16544.930    16546.161    16662.716
 20  F81+R4        8248.464     26  16548.929    16550.371    16676.530
 21  F81+R5        Skipped 
 22  F81+R6        Skipped 
 23  F81+R7        Skipped 
 24  F81+R8        Skipped 
 25  F81+R9        Skipped 
 26  F81+R10       Skipped 
 27  K2P           8628.120     18  17292.240    17292.938    17380.580
 28  K2P+I         8347.489     19  16732.978    16733.754    16826.226
 29  K2P+G4        8229.110     19  16496.220    16496.996    16589.467
 30  K2P+I+G4      8229.230     20  16498.460    16499.318    16596.615
 31  K2P+R2        8243.829     20  16527.658    16528.516    16625.813
 32  K2P+R3        8225.892     22  16495.784    16496.819    16603.754
 33  K2P+R4        8224.857     24  16497.715    16498.946    16615.501
 34  K2P+R5        Skipped 
 35  K2P+R6        Skipped 
 36  K2P+R7        Skipped 
 37  K2P+R8        Skipped 
 38  K2P+R9        Skipped 
 39  K2P+R10       Skipped 
 40  HKY           8485.602     21  17013.205    17014.150    17116.268
 41  HKY+I         8197.122     22  16438.244    16439.280    16546.215
 42  HKY+G4        8060.505     22  16165.011    16166.046    16272.981
 43  HKY+I+G4      8060.955     23  16167.910    16169.041    16280.789
 44  HKY+R2        8080.778     23  16207.556    16208.688    16320.435
 45  HKY+R3        8059.946     25  16169.892    16171.227    16292.586
 46  HKY+R4        8059.082     27  16172.165    16173.720    16304.674
 47  HKY+R5        Skipped 
 48  HKY+R6        Skipped 
 49  HKY+R7        Skipped 
 50  HKY+R8        Skipped 
 51  HKY+R9        Skipped 
 52  HKY+R10       Skipped 
 53  TNe           8613.974     19  17265.948    17266.724    17359.196
 54  TNe+I         8337.049     20  16714.099    16714.957    16812.254
 55  TNe+G4        8213.241     20  16466.482    16467.340    16564.637
 56  TNe+I+G4      8213.171     21  16468.342    16469.287    16571.405
 57  TNe+R2        8230.627     21  16503.253    16504.198    16606.316
 58  TNe+R3        8207.552     23  16461.103    16462.234    16573.982
 59  TNe+R4        8206.258     25  16462.516    16463.850    16585.210
 60  TNe+R5        Skipped 
 61  TNe+R6        Skipped 
 62  TNe+R7        Skipped 
 63  TNe+R8        Skipped 
 64  TNe+R9        Skipped 
 65  TNe+R10       Skipped 
 66  TN            8485.553     22  17015.105    17016.141    17123.076
 67  TN+I          8196.827     23  16439.654    16440.785    16552.532
 68  TN+G4         8060.519     23  16167.039    16168.170    16279.917
 69  TN+I+G4       8060.823     24  16169.646    16170.877    16287.432
 70  TN+R2         8080.419     24  16208.838    16210.068    16326.624
 71  TN+R3         8060.050     26  16172.101    16173.544    16299.702
 72  TN+R4         8059.076     28  16174.153    16175.825    16311.570
 73  TN+R5         Skipped 
 74  TN+R6         Skipped 
 75  TN+R7         Skipped 
 76  TN+R8         Skipped 
 77  TN+R9         Skipped 
 78  TN+R10        Skipped 
 79  K3P           8626.234     19  17290.467    17291.243    17383.715
 80  K3P+I         8345.603     20  16731.205    16732.063    16829.360
 81  K3P+G4        8226.303     20  16492.607    16493.465    16590.762
 82  K3P+I+G4      8226.196     21  16494.393    16495.337    16597.455
 83  K3P+R2        8241.171     21  16524.342    16525.287    16627.405
 84  K3P+R3        8222.785     23  16491.570    16492.701    16604.448
 85  K3P+R4        8221.751     25  16493.503    16494.837    16616.197
 86  K3P+R5        Skipped 
 87  K3P+R6        Skipped 
 88  K3P+R7        Skipped 
 89  K3P+R8        Skipped 
 90  K3P+R9        Skipped 
 91  K3P+R10       Skipped 
 92  K3Pu          8475.791     22  16995.582    16996.618    17103.553
 93  K3Pu+I        8188.950     23  16423.899    16425.030    16536.778
 94  K3Pu+G4       8050.737     23  16147.474    16148.605    16260.352
 95  K3Pu+I+G4     8051.059     24  16150.118    16151.349    16267.905
 96  K3Pu+R2       8070.590     24  16189.180    16190.411    16306.966
 97  K3Pu+R3       8050.619     26  16153.238    16154.681    16280.839
 98  K3Pu+R4       8049.595     28  16155.189    16156.862    16292.606
 99  K3Pu+R5       Skipped 
100  K3Pu+R6       Skipped 
101  K3Pu+R7       Skipped 
102  K3Pu+R8       Skipped 
103  K3Pu+R9       Skipped 
104  K3Pu+R10      Skipped 
105  TPM2          8483.690     22  17011.379    17012.415    17119.350
106  TPM2+I        8195.033     23  16436.067    16437.198    16548.945
107  TPM2+G4       8060.102     23  16166.204    16167.335    16279.082
108  TPM2+I+G4     8060.336     24  16168.672    16169.903    16286.458
109  TPM2+R2       8079.008     24  16206.015    16207.246    16323.801
110  TPM2+R3       8059.549     26  16171.098    16172.541    16298.699
111  TPM2+R4       8058.866     28  16173.733    16175.405    16311.150
112  TPM2+R5       Skipped 
113  TPM2+R6       Skipped 
114  TPM2+R7       Skipped 
115  TPM2+R8       Skipped 
116  TPM2+R9       Skipped 
117  TPM2+R10      Skipped 
118  TPM2u         8483.683     22  17011.367    17012.403    17119.338
119  TPM2u+I       8195.041     23  16436.083    16437.214    16548.961
120  TPM2u+G4      8060.106     23  16166.213    16167.344    16279.091
121  TPM2u+I+G4    8060.331     24  16168.662    16169.893    16286.448
122  TPM2u+R2      8078.933     24  16205.866    16207.097    16323.652
123  TPM2u+R3      8059.662     26  16171.324    16172.767    16298.926
124  TPM2u+R4      8058.776     28  16173.552    16175.225    16310.970
125  TPM2u+R5      Skipped 
126  TPM2u+R6      Skipped 
127  TPM2u+R7      Skipped 
128  TPM2u+R8      Skipped 
129  TPM2u+R9      Skipped 
130  TPM2u+R10     Skipped 
131  TPM3          8469.781     22  16983.562    16984.598    17091.533
132  TPM3+I        8189.073     23  16424.147    16425.278    16537.025
133  TPM3+G4       8049.606     23  16145.213    16146.344    16258.091
134  TPM3+I+G4     8049.706     24  16147.413    16148.644    16265.199
135  TPM3+R2       8065.928     24  16179.857    16181.087    16297.643
136  TPM3+R3       8049.247     26  16150.494    16151.937    16278.095
137  TPM3+R4       8048.103     28  16152.206    16153.879    16289.623
138  TPM3+R5       Skipped 
139  TPM3+R6       Skipped 
140  TPM3+R7       Skipped 
141  TPM3+R8       Skipped 
142  TPM3+R9       Skipped 
143  TPM3+R10      Skipped 
144  TPM3u         8469.771     22  16983.542    16984.578    17091.513
145  TPM3u+I       8189.077     23  16424.154    16425.285    16537.032
146  TPM3u+G4      8049.430     23  16144.859    16145.990    16257.738
147  TPM3u+I+G4    8049.780     24  16147.560    16148.791    16265.346
148  TPM3u+R2      8065.916     24  16179.833    16181.063    16297.619
149  TPM3u+R3      8049.222     26  16150.445    16151.887    16278.046
150  TPM3u+R4      8048.174     28  16152.348    16154.020    16289.765
151  TPM3u+R5      Skipped 
152  TPM3u+R6      Skipped 
153  TPM3u+R7      Skipped 
154  TPM3u+R8      Skipped 
155  TPM3u+R9      Skipped 
156  TPM3u+R10     Skipped 
157  TIMe          8612.167     20  17264.334    17265.192    17362.489
158  TIMe+I        8335.254     21  16712.508    16713.453    16815.571
159  TIMe+G4       8210.587     21  16463.175    16464.120    16566.238
160  TIMe+I+G4     8210.438     22  16464.877    16465.913    16572.847
161  TIMe+R2       8228.213     22  16500.425    16501.461    16608.396
162  TIMe+R3       8204.327     24  16456.654    16457.885    16574.440
163  TIMe+R4       8203.100     26  16458.200    16459.643    16585.801
164  TIMe+R5       Skipped 
165  TIMe+R6       Skipped 
166  TIMe+R7       Skipped 
167  TIMe+R8       Skipped 
168  TIMe+R9       Skipped 
169  TIMe+R10      Skipped 
170  TIM           8475.677     23  16997.354    16998.485    17110.233
171  TIM+I         8188.575     24  16425.149    16426.380    16542.935
172  TIM+G4        8050.769     24  16149.538    16150.769    16267.324
173  TIM+I+G4      8050.963     25  16151.927    16153.262    16274.621
174  TIM+R2        8070.225     25  16190.451    16191.785    16313.145
175  TIM+R3        8050.818     27  16155.637    16157.192    16288.146
176  TIM+R4        8049.509     29  16157.019    16158.813    16299.344
177  TIM+R5        Skipped 
178  TIM+R6        Skipped 
179  TIM+R7        Skipped 
180  TIM+R8        Skipped 
181  TIM+R9        Skipped 
182  TIM+R10       Skipped 
183  TIM2e         8596.467     20  17232.934    17233.792    17331.089
184  TIM2e+I       8321.375     21  16684.750    16685.694    16787.813
185  TIM2e+G4      8192.376     21  16426.753    16427.698    16529.816
186  TIM2e+I+G4    8192.352     22  16428.703    16429.739    16536.674
187  TIM2e+R2      8208.524     22  16461.049    16462.084    16569.019
188  TIM2e+R3      8189.055     24  16426.109    16427.340    16543.896
189  TIM2e+R4      8187.829     26  16427.659    16429.102    16555.260
190  TIM2e+R5      Skipped 
191  TIM2e+R6      Skipped 
192  TIM2e+R7      Skipped 
193  TIM2e+R8      Skipped 
194  TIM2e+R9      Skipped 
195  TIM2e+R10     Skipped 
196  TIM2          8483.797     23  17013.594    17014.725    17126.472
197  TIM2+I        8194.758     24  16437.517    16438.748    16555.303
198  TIM2+G4       8060.175     24  16168.349    16169.580    16286.135
199  TIM2+I+G4     8060.246     25  16170.492    16171.827    16293.186
200  TIM2+R2       8078.521     25  16207.043    16208.378    16329.737
201  TIM2+R3       8059.707     27  16173.414    16174.969    16305.923
202  TIM2+R4       8058.870     29  16175.739    16177.533    16318.064
203  TIM2+R5       Skipped 
204  TIM2+R6       Skipped 
205  TIM2+R7       Skipped 
206  TIM2+R8       Skipped 
207  TIM2+R9       Skipped 
208  TIM2+R10      Skipped 
209  TIM3e         8612.925     20  17265.851    17266.709    17364.006
210  TIM3e+I       8336.841     21  16715.682    16716.627    16818.745
211  TIM3e+G4      8212.583     21  16467.166    16468.111    16570.229
212  TIM3e+I+G4    8212.447     22  16468.895    16469.930    16576.865
213  TIM3e+R2      8230.094     22  16504.188    16505.224    16612.158
214  TIM3e+R3      8206.886     24  16461.771    16463.002    16579.558
215  TIM3e+R4      8205.512     26  16463.024    16464.467    16590.626
216  TIM3e+R5      Skipped 
217  TIM3e+R6      Skipped 
218  TIM3e+R7      Skipped 
219  TIM3e+R8      Skipped 
220  TIM3e+R9      Skipped 
221  TIM3e+R10     Skipped 
222  TIM3          8469.515     23  16985.031    16986.162    17097.909
223  TIM3+I        8188.622     24  16425.244    16426.475    16543.030
224  TIM3+G4       8049.549     24  16147.098    16148.329    16264.884
225  TIM3+I+G4     8049.845     25  16149.690    16151.025    16272.384
226  TIM3+R2       8064.609     25  16179.217    16180.552    16301.911
227  TIM3+R3       8049.372     27  16152.744    16154.299    16285.253
228  TIM3+R4       8048.310     29  16154.621    16156.414    16296.946
229  TIM3+R5       Skipped 
230  TIM3+R6       Skipped 
231  TIM3+R7       Skipped 
232  TIM3+R8       Skipped 
233  TIM3+R9       Skipped 
234  TIM3+R10      Skipped 
235  TVMe          8607.476     21  17256.953    17257.898    17360.016
236  TVMe+I        8328.730     22  16701.460    16702.495    16809.430
237  TVMe+G4       8205.430     22  16454.860    16455.896    16562.830
238  TVMe+I+G4     8205.384     23  16456.768    16457.899    16569.646
239  TVMe+R2       8219.761     23  16485.523    16486.654    16598.401
240  TVMe+R3       8202.492     25  16454.983    16456.318    16577.677
241  TVMe+R4       8202.332     27  16458.665    16460.220    16591.174
242  TVMe+R5       Skipped 
243  TVMe+R6       Skipped 
244  TVMe+R7       Skipped 
245  TVMe+R8       Skipped 
246  TVMe+R9       Skipped 
247  TVMe+R10      Skipped 
248  TVM           8463.660     24  16975.321    16976.551    17093.107
249  TVM+I         8182.245     25  16414.491    16415.825    16537.185
250  TVM+G4        8043.864     25  16137.728    16139.062    16260.422
251  TVM+I+G4      8044.139     26  16140.277    16141.720    16267.879
252  TVM+R2        8059.882     26  16171.764    16173.207    16299.365
253  TVM+R3        8043.827     28  16143.653    16145.326    16281.070
254  TVM+R4        8042.605     30  16145.211    16147.130    16292.443
255  TVM+R5        Skipped 
256  TVM+R6        Skipped 
257  TVM+R7        Skipped 
258  TVM+R8        Skipped 
259  TVM+R9        Skipped 
260  TVM+R10       Skipped 
261  SYM           8593.141     22  17230.283    17231.318    17338.253
262  SYM+I         8318.206     23  16682.412    16683.543    16795.291
263  SYM+G4        8188.115     23  16422.229    16423.361    16535.108
264  SYM+I+G4      8188.069     24  16424.139    16425.370    16541.925
265  SYM+R2        8204.892     24  16457.783    16459.014    16575.569
266  SYM+R3        8184.005     26  16420.010    16421.453    16547.612
267  SYM+R4        8183.011     28  16422.023    16423.695    16559.440
268  SYM+R5        Skipped 
269  SYM+R6        Skipped 
270  SYM+R7        Skipped 
271  SYM+R8        Skipped 
272  SYM+R9        Skipped 
273  SYM+R10       Skipped 
274  GTR           8463.525     25  16977.051    16978.386    17099.745
275  GTR+I         8181.828     26  16415.655    16417.098    16543.257
276  GTR+G4        8043.654     26  16139.308    16140.751    16266.910
277  GTR+I+G4      8043.852     27  16141.705    16143.260    16274.214
278  GTR+R2        8058.599     27  16171.198    16172.753    16303.707
279  GTR+R3        8043.752     29  16145.503    16147.297    16287.828
280  GTR+R4        8042.508     31  16147.016    16149.065    16299.156
281  GTR+R5        Skipped 
282  GTR+R6        Skipped 
283  GTR+R7        Skipped 
284  GTR+R8        Skipped 
285  GTR+R9        Skipped 
286  GTR+R10       Skipped 
Akaike Information Criterion:           TVM+G4
Corrected Akaike Information Criterion: TVM+G4
Bayesian Information Criterion:         TPM3u+G4
Best-fit model: TPM3u+G4 chosen according to BIC

All model information printed to ./results/gene1.phy.model
CPU time for ModelFinder: 20.009 seconds (0h:0m:20s)
Wall-clock time for ModelFinder: 23.695 seconds (0h:0m:23s)
Generating 1000 samples for ultrafast bootstrap (seed: 599420)...

NOTE: 2 MB RAM (0 GB) is required!
Estimate model parameters (epsilon = 0.100)
1. Initial log-likelihood: -8311.882
2. Current log-likelihood: -8061.112
3. Current log-likelihood: -8051.206
4. Current log-likelihood: -8049.816
Optimal log-likelihood: -8049.683
Rate parameters:  A-C: 2.186  A-G: 5.587  A-T: 1.000  C-G: 2.186  C-T: 5.587  G-T: 1.000
Base frequencies:   A: 0.408  C: 0.150  G: 0.214  T: 0.228
Gamma shape alpha: 0.548
Parameters optimization took 4 rounds (0.126 sec)
Computing ML distances based on estimated model parameters... 0.002 sec
Computing BIONJ tree...
0.000 seconds
Log-likelihood of BIONJ tree: -8041.380
--------------------------------------------------------------------
|             INITIALIZING CANDIDATE TREE SET                      |
--------------------------------------------------------------------
Generating 98 parsimony trees... 0.132 second
Computing log-likelihood of 90 initial trees ... 0.759 seconds
Current best score: -8041.380

Do NNI search on 20 best initial trees
Estimate model parameters (epsilon = 0.100)
BETTER TREE FOUND at iteration 1: -8040.978
Iteration 10 / LogL: -8040.989 / Time: 0h:0m:25s
Iteration 20 / LogL: -8041.005 / Time: 0h:0m:25s
Finish initializing candidate tree set (2)
Current best tree score: -8040.978 / CPU time: 1.880
Number of iterations: 20
--------------------------------------------------------------------
|               OPTIMIZING CANDIDATE TREE SET                      |
--------------------------------------------------------------------
Iteration 30 / LogL: -8041.001 / Time: 0h:0m:26s (0h:0m:6s left)
UPDATE BEST LOG-LIKELIHOOD: -8040.978
Iteration 40 / LogL: -8040.985 / Time: 0h:0m:27s (0h:0m:5s left)
UPDATE BEST LOG-LIKELIHOOD: -8040.978
Iteration 50 / LogL: -8040.985 / Time: 0h:0m:27s (0h:0m:4s left)
Log-likelihood cutoff on original alignment: -8059.110
Iteration 60 / LogL: -8040.992 / Time: 0h:0m:28s (0h:0m:3s left)
Iteration 70 / LogL: -8040.982 / Time: 0h:0m:28s (0h:0m:2s left)
Iteration 80 / LogL: -8040.998 / Time: 0h:0m:29s (0h:0m:1s left)
Iteration 90 / LogL: -8048.172 / Time: 0h:0m:29s (0h:0m:0s left)
Iteration 100 / LogL: -8041.002 / Time: 0h:0m:30s (0h:0m:0s left)
Log-likelihood cutoff on original alignment: -8058.386
NOTE: Bootstrap correlation coefficient of split occurrence frequencies: 0.992
TREE SEARCH COMPLETED AFTER 102 ITERATIONS / Time: 0h:0m:30s

--------------------------------------------------------------------
|                    FINALIZING TREE SEARCH                        |
--------------------------------------------------------------------
Performs final model parameters optimization
Estimate model parameters (epsilon = 0.010)
1. Initial log-likelihood: -8040.978
2. Current log-likelihood: -8040.953
3. Current log-likelihood: -8040.943
Optimal log-likelihood: -8040.938
Rate parameters:  A-C: 2.339  A-G: 5.990  A-T: 1.000  C-G: 2.339  C-T: 5.990  G-T: 1.000
Base frequencies:   A: 0.408  C: 0.150  G: 0.214  T: 0.228
Gamma shape alpha: 0.543
Parameters optimization took 3 rounds (0.056 sec)
BEST SCORE FOUND : -8040.938
Creating bootstrap support values...
Split supports printed to NEXUS file ./results/gene1.phy.splits.nex
Total tree length: 4.048

Total number of iterations: 102
CPU time used for tree search: 4.045 sec (0h:0m:4s)
Wall-clock time used for tree search: 6.924 sec (0h:0m:6s)
Total CPU time used: 24.208 sec (0h:0m:24s)
Total wall-clock time used: 30.929 sec (0h:0m:30s)

Computing bootstrap consensus tree...
Reading input file ./results/gene1.phy.splits.nex...
10 taxa and 79 splits.
Consensus tree written to ./results/gene1.phy.contree
Reading input trees file ./results/gene1.phy.contree
Log-likelihood of consensus tree: -8040.937

Analysis results written to: 
  IQ-TREE report:                ./results/gene1.phy.iqtree
  Maximum-likelihood tree:       ./results/gene1.phy.treefile
  Likelihood distances:          ./results/gene1.phy.mldist

Ultrafast bootstrap approximation results written to:
  Split support values:          ./results/gene1.phy.splits.nex
  Consensus tree:                ./results/gene1.phy.contree
  Screen log file:               ./results/gene1.phy.log

Date and Time: Tue Aug 22 17:52:41 2017
