IQ-TREE multicore version 1.5.4 for Linux 64-bit built Apr  2 2017
Copyright (c) 2011-2017 by Bui Quang Minh, Nguyen Lam Tung,
Olga Chernomor, Heiko Schmidt, and Arndt von Haeseler.

Host:    hpc-crick (AVX, 251 GB RAM)
Command: iqtree -s ./results/gene19.phy -nt 1 -bb 1000
Seed:    735391 (Using SPRNG - Scalable Parallel Random Number Generator)
Time:    Tue Aug 22 17:50:37 2017
Kernel:  AVX - 1 threads (40 CPU cores detected)

Reading alignment file ./results/gene19.phy ... Phylip format detected
Alignment most likely contains DNA/RNA sequences
Alignment has 10 sequences with 1000 columns and 457 patterns (295 informative sites, 432 constant sites)
   Gap/Ambiguity  Composition  p-value
   1  A    0.00%    passed     97.74%
   2  B    0.00%    passed     98.95%
   3  C    0.00%    passed     80.01%
   4  D    0.00%    passed     87.74%
   5  E    0.00%    passed     71.79%
   6  F    0.00%    passed     79.23%
   7  G    0.00%    passed     88.54%
   8  H    0.00%    passed     85.86%
   9  I    0.00%    passed     98.83%
  10  J    0.00%    passed     90.62%
****  TOTAL    0.00%  0 sequences failed composition chi2 test (p-value<5%; df=3)

Create initial parsimony tree by phylogenetic likelihood library (PLL)... 0.000 seconds

NOTE: ModelFinder requires 3 MB RAM!
ModelFinder will test 286 DNA models (sample size: 1000) ...
 No. Model         -LnL         df  AIC          AICc         BIC
  1  JC            6864.854     17  13763.709    13764.332    13847.140
  2  JC+I          6645.684     18  13327.368    13328.066    13415.708
  3  JC+G4         6623.344     18  13282.687    13283.385    13371.027
  4  JC+I+G4       6620.269     19  13278.539    13279.314    13371.786
  5  JC+R2         6623.044     19  13284.087    13284.863    13377.335
  6  JC+R3         6620.136     21  13282.272    13283.217    13385.335
  7  JC+R4         Skipped 
  8  JC+R5         Skipped 
  9  JC+R6         Skipped 
 10  JC+R7         Skipped 
 11  JC+R8         Skipped 
 12  JC+R9         Skipped 
 13  JC+R10        Skipped 
 14  F81           6777.805     20  13595.609    13596.467    13693.764
 15  F81+I         6560.100     21  13162.200    13163.145    13265.263
 16  F81+G4        6530.607     21  13103.214    13104.159    13206.277
 17  F81+I+G4      6528.310     22  13100.619    13101.655    13208.590
 18  F81+R2        6532.077     22  13108.155    13109.191    13216.125
 19  F81+R3        6528.018     24  13104.036    13105.267    13221.822
 20  F81+R4        Skipped 
 21  F81+R5        Skipped 
 22  F81+R6        Skipped 
 23  F81+R7        Skipped 
 24  F81+R8        Skipped 
 25  F81+R9        Skipped 
 26  F81+R10       Skipped 
 27  K2P           6748.018     18  13532.036    13532.733    13620.375
 28  K2P+I         6519.075     19  13076.149    13076.925    13169.396
 29  K2P+G4        6491.501     19  13021.002    13021.778    13114.250
 30  K2P+I+G4      6488.397     20  13016.793    13017.651    13114.948
 31  K2P+R2        6493.018     20  13026.035    13026.893    13124.190
 32  K2P+R3        6487.708     22  13019.416    13020.452    13127.387
 33  K2P+R4        Skipped 
 34  K2P+R5        Skipped 
 35  K2P+R6        Skipped 
 36  K2P+R7        Skipped 
 37  K2P+R8        Skipped 
 38  K2P+R9        Skipped 
 39  K2P+R10       Skipped 
 40  HKY           6643.203     21  13328.405    13329.350    13431.468
 41  HKY+I         6418.321     22  12880.643    12881.679    12988.613
 42  HKY+G4        6380.997     22  12805.994    12807.029    12913.964
 43  HKY+I+G4      6378.504     23  12803.008    12804.139    12915.886
 44  HKY+R2        6386.010     23  12818.020    12819.152    12930.899
 45  HKY+R3        6377.365     25  12804.731    12806.065    12927.425
 46  HKY+R4        6377.373     27  12808.745    12810.301    12941.255
 47  HKY+R5        Skipped 
 48  HKY+R6        Skipped 
 49  HKY+R7        Skipped 
 50  HKY+R8        Skipped 
 51  HKY+R9        Skipped 
 52  HKY+R10       Skipped 
 53  TNe           6745.156     19  13528.311    13529.087    13621.559
 54  TNe+I         6515.320     20  13070.640    13071.498    13168.795
 55  TNe+G4        6488.746     20  13017.493    13018.351    13115.648
 56  TNe+I+G4      6485.213     21  13012.427    13013.372    13115.490
 57  TNe+R2        6490.285     21  13022.570    13023.515    13125.633
 58  TNe+R3        6484.109     23  13014.217    13015.348    13127.095
 59  TNe+R4        Skipped 
 60  TNe+R5        Skipped 
 61  TNe+R6        Skipped 
 62  TNe+R7        Skipped 
 63  TNe+R8        Skipped 
 64  TNe+R9        Skipped 
 65  TNe+R10       Skipped 
 66  TN            6642.943     22  13329.886    13330.922    13437.857
 67  TN+I          6418.030     23  12882.060    12883.191    12994.939
 68  TN+G4         6380.966     23  12807.931    12809.062    12920.810
 69  TN+I+G4       6378.580     24  12805.161    12806.392    12922.947
 70  TN+R2         6385.961     24  12819.921    12821.152    12937.707
 71  TN+R3         6377.217     26  12806.434    12807.877    12934.036
 72  TN+R4         6377.277     28  12810.554    12812.226    12947.971
 73  TN+R5         Skipped 
 74  TN+R6         Skipped 
 75  TN+R7         Skipped 
 76  TN+R8         Skipped 
 77  TN+R9         Skipped 
 78  TN+R10        Skipped 
 79  K3P           6746.361     19  13530.722    13531.497    13623.969
 80  K3P+I         6517.189     20  13074.378    13075.236    13172.533
 81  K3P+G4        6488.396     20  13016.792    13017.650    13114.947
 82  K3P+I+G4      6485.337     21  13012.675    13013.619    13115.737
 83  K3P+R2        6490.589     21  13023.178    13024.122    13126.240
 84  K3P+R3        6484.375     23  13014.751    13015.882    13127.629
 85  K3P+R4        Skipped 
 86  K3P+R5        Skipped 
 87  K3P+R6        Skipped 
 88  K3P+R7        Skipped 
 89  K3P+R8        Skipped 
 90  K3P+R9        Skipped 
 91  K3P+R10       Skipped 
 92  K3Pu          6635.139     22  13314.279    13315.315    13422.249
 93  K3Pu+I        6411.147     23  12868.295    12869.426    12981.173
 94  K3Pu+G4       6369.627     23  12785.254    12786.386    12898.133
 95  K3Pu+I+G4     6367.164     24  12782.328    12783.558    12900.114
 96  K3Pu+R2       6377.307     24  12802.614    12803.844    12920.400
 97  K3Pu+R3       6365.317     26  12782.634    12784.077    12910.235
 98  K3Pu+R4       6365.326     28  12786.653    12788.325    12924.070
 99  K3Pu+R5       Skipped 
100  K3Pu+R6       Skipped 
101  K3Pu+R7       Skipped 
102  K3Pu+R8       Skipped 
103  K3Pu+R9       Skipped 
104  K3Pu+R10      Skipped 
105  TPM2          6642.815     22  13329.629    13330.665    13437.600
106  TPM2+I        6416.772     23  12879.543    12880.674    12992.422
107  TPM2+G4       6380.939     23  12807.878    12809.009    12920.756
108  TPM2+I+G4     6378.356     24  12804.712    12805.943    12922.498
109  TPM2+R2       6385.791     24  12819.583    12820.814    12937.369
110  TPM2+R3       6377.413     26  12806.826    12808.269    12934.427
111  TPM2+R4       6377.235     28  12810.470    12812.143    12947.887
112  TPM2+R5       Skipped 
113  TPM2+R6       Skipped 
114  TPM2+R7       Skipped 
115  TPM2+R8       Skipped 
116  TPM2+R9       Skipped 
117  TPM2+R10      Skipped 
118  TPM2u         6642.800     22  13329.599    13330.635    13437.570
119  TPM2u+I       6416.768     23  12879.537    12880.668    12992.415
120  TPM2u+G4      6380.948     23  12807.896    12809.027    12920.774
121  TPM2u+I+G4    6378.353     24  12804.706    12805.936    12922.492
122  TPM2u+R2      6385.790     24  12819.580    12820.810    12937.366
123  TPM2u+R3      6377.395     26  12806.790    12808.233    12934.391
124  TPM2u+R4      6377.223     28  12810.445    12812.118    12947.863
125  TPM2u+R5      Skipped 
126  TPM2u+R6      Skipped 
127  TPM2u+R7      Skipped 
128  TPM2u+R8      Skipped 
129  TPM2u+R9      Skipped 
130  TPM2u+R10     Skipped 
131  TPM3          6631.455     22  13306.910    13307.945    13414.880
132  TPM3+I        6410.976     23  12867.953    12869.084    12980.831
133  TPM3+G4       6367.887     23  12781.774    12782.905    12894.652
134  TPM3+I+G4     6365.932     24  12779.865    12781.095    12897.651
135  TPM3+R2       6376.344     24  12800.688    12801.919    12918.474
136  TPM3+R3       6364.501     26  12781.002    12782.445    12908.604
137  TPM3+R4       6364.509     28  12785.019    12786.691    12922.436
138  TPM3+R5       Skipped 
139  TPM3+R6       Skipped 
140  TPM3+R7       Skipped 
141  TPM3+R8       Skipped 
142  TPM3+R9       Skipped 
143  TPM3+R10      Skipped 
144  TPM3u         6631.449     22  13306.899    13307.934    13414.869
145  TPM3u+I       6410.977     23  12867.954    12869.085    12980.832
146  TPM3u+G4      6367.882     23  12781.764    12782.895    12894.642
147  TPM3u+I+G4    6365.914     24  12779.827    12781.058    12897.613
148  TPM3u+R2      6376.343     24  12800.686    12801.917    12918.472
149  TPM3u+R3      6364.529     26  12781.058    12782.501    12908.660
150  TPM3u+R4      6364.499     28  12784.999    12786.671    12922.416
151  TPM3u+R5      Skipped 
152  TPM3u+R6      Skipped 
153  TPM3u+R7      Skipped 
154  TPM3u+R8      Skipped 
155  TPM3u+R9      Skipped 
156  TPM3u+R10     Skipped 
157  TIMe          6743.607     20  13527.213    13528.071    13625.368
158  TIMe+I        6513.488     21  13068.977    13069.922    13172.040
159  TIMe+G4       6485.609     21  13013.219    13014.164    13116.282
160  TIMe+I+G4     6482.181     22  13008.361    13009.397    13116.332
161  TIMe+R2       6487.856     22  13019.713    13020.749    13127.683
162  TIMe+R3       6480.743     24  13009.487    13010.718    13127.273
163  TIMe+R4       6480.722     26  13013.445    13014.888    13141.046
164  TIMe+R5       Skipped 
165  TIMe+R6       Skipped 
166  TIMe+R7       Skipped 
167  TIMe+R8       Skipped 
168  TIMe+R9       Skipped 
169  TIMe+R10      Skipped 
170  TIM           6634.911     23  13315.822    13316.953    13428.700
171  TIM+I         6410.848     24  12869.696    12870.927    12987.483
172  TIM+G4        6369.515     24  12787.031    12788.261    12904.817
173  TIM+I+G4      6367.052     25  12784.105    12785.439    12906.799
174  TIM+R2        6377.250     25  12804.501    12805.836    12927.195
175  TIM+R3        6365.199     27  12784.398    12785.953    12916.907
176  TIM+R4        6365.227     29  12788.453    12790.247    12930.778
177  TIM+R5        Skipped 
178  TIM+R6        Skipped 
179  TIM+R7        Skipped 
180  TIM+R8        Skipped 
181  TIM+R9        Skipped 
182  TIM+R10       Skipped 
183  TIM2e         6735.511     20  13511.023    13511.881    13609.178
184  TIM2e+I       6501.293     21  13044.585    13045.530    13147.648
185  TIM2e+G4      6472.473     21  12986.946    12987.891    13090.009
186  TIM2e+I+G4    6468.452     22  12980.905    12981.941    13088.875
187  TIM2e+R2      6476.076     22  12996.152    12997.188    13104.123
188  TIM2e+R3      6466.430     24  12980.859    12982.090    13098.646
189  TIM2e+R4      6466.554     26  12985.107    12986.550    13112.709
190  TIM2e+R5      Skipped 
191  TIM2e+R6      Skipped 
192  TIM2e+R7      Skipped 
193  TIM2e+R8      Skipped 
194  TIM2e+R9      Skipped 
195  TIM2e+R10     Skipped 
196  TIM2          6642.559     23  13331.117    13332.248    13443.996
197  TIM2+I        6416.465     24  12880.931    12882.162    12998.717
198  TIM2+G4       6380.972     24  12809.945    12811.176    12927.731
199  TIM2+I+G4     6378.312     25  12806.623    12807.958    12929.317
200  TIM2+R2       6385.759     25  12821.519    12822.853    12944.213
201  TIM2+R3       6377.148     27  12808.296    12809.851    12940.805
202  TIM2+R4       6377.161     29  12812.321    12814.115    12954.646
203  TIM2+R5       Skipped 
204  TIM2+R6       Skipped 
205  TIM2+R7       Skipped 
206  TIM2+R8       Skipped 
207  TIM2+R9       Skipped 
208  TIM2+R10      Skipped 
209  TIM3e         6742.668     20  13525.335    13526.193    13623.490
210  TIM3e+I       6514.095     21  13070.189    13071.134    13173.252
211  TIM3e+G4      6487.206     21  13016.413    13017.357    13119.475
212  TIM3e+I+G4    6483.681     22  13011.363    13012.398    13119.333
213  TIM3e+R2      6489.124     22  13022.249    13023.285    13130.219
214  TIM3e+R3      6482.493     24  13012.985    13014.216    13130.771
215  TIM3e+R4      Skipped 
216  TIM3e+R5      Skipped 
217  TIM3e+R6      Skipped 
218  TIM3e+R7      Skipped 
219  TIM3e+R8      Skipped 
220  TIM3e+R9      Skipped 
221  TIM3e+R10     Skipped 
222  TIM3          6631.342     23  13308.685    13309.816    13421.563
223  TIM3+I        6410.681     24  12869.363    12870.594    12987.149
224  TIM3+G4       6367.802     24  12783.603    12784.834    12901.389
225  TIM3+I+G4     6365.938     25  12781.875    12783.210    12904.569
226  TIM3+R2       6376.355     25  12802.709    12804.044    12925.403
227  TIM3+R3       6364.710     27  12783.419    12784.975    12915.929
228  TIM3+R4       6364.597     29  12787.195    12788.989    12929.520
229  TIM3+R5       Skipped 
230  TIM3+R6       Skipped 
231  TIM3+R7       Skipped 
232  TIM3+R8       Skipped 
233  TIM3+R9       Skipped 
234  TIM3+R10      Skipped 
235  TVMe          6734.645     21  13511.290    13512.235    13614.353
236  TVMe+I        6501.705     22  13047.411    13048.447    13155.381
237  TVMe+G4       6470.898     22  12985.797    12986.832    13093.767
238  TVMe+I+G4     6467.369     23  12980.739    12981.870    13093.617
239  TVMe+R2       6475.156     23  12996.312    12997.443    13109.190
240  TVMe+R3       6465.428     25  12980.856    12982.190    13103.549
241  TVMe+R4       6465.426     27  12984.853    12986.408    13117.362
242  TVMe+R5       Skipped 
243  TVMe+R6       Skipped 
244  TVMe+R7       Skipped 
245  TVMe+R8       Skipped 
246  TVMe+R9       Skipped 
247  TVMe+R10      Skipped 
248  TVM           6628.013     24  13304.026    13305.257    13421.812
249  TVM+I         6405.448     25  12860.897    12862.231    12983.591
250  TVM+G4        6362.045     25  12774.090    12775.424    12896.784
251  TVM+I+G4      6360.024     26  12772.048    12773.491    12899.649
252  TVM+R2        6371.656     26  12795.312    12796.755    12922.913
253  TVM+R3        6358.166     28  12772.331    12774.004    12909.748
254  TVM+R4        6358.152     30  12776.305    12778.224    12923.538
255  TVM+R5        Skipped 
256  TVM+R6        Skipped 
257  TVM+R7        Skipped 
258  TVM+R8        Skipped 
259  TVM+R9        Skipped 
260  TVM+R10       Skipped 
261  SYM           6731.899     22  13507.799    13508.834    13615.769
262  SYM+I         6497.749     23  13041.497    13042.628    13154.376
263  SYM+G4        6467.131     23  12980.262    12981.393    13093.141
264  SYM+I+G4      6463.098     24  12974.195    12975.426    13091.982
265  SYM+R2        6471.809     24  12991.618    12992.848    13109.404
266  SYM+R3        6460.647     26  12973.293    12974.736    13100.895
267  SYM+R4        6460.642     28  12977.284    12978.956    13114.701
268  SYM+R5        Skipped 
269  SYM+R6        Skipped 
270  SYM+R7        Skipped 
271  SYM+R8        Skipped 
272  SYM+R9        Skipped 
273  SYM+R10       Skipped 
274  GTR           6628.133     25  13306.266    13307.601    13428.960
275  GTR+I         6405.160     26  12862.320    12863.763    12989.922
276  GTR+G4        6361.833     26  12775.665    12777.108    12903.267
277  GTR+I+G4      6359.938     27  12773.875    12775.431    12906.385
278  GTR+R2        6371.682     27  12797.363    12798.919    12929.873
279  GTR+R3        6358.287     29  12774.574    12776.368    12916.899
280  GTR+R4        6358.236     31  12778.472    12780.522    12930.613
281  GTR+R5        Skipped 
282  GTR+R6        Skipped 
283  GTR+R7        Skipped 
284  GTR+R8        Skipped 
285  GTR+R9        Skipped 
286  GTR+R10       Skipped 
Akaike Information Criterion:           TVM+I+G4
Corrected Akaike Information Criterion: TVM+I+G4
Bayesian Information Criterion:         TPM3u+G4
Best-fit model: TPM3u+G4 chosen according to BIC

All model information printed to ./results/gene19.phy.model
CPU time for ModelFinder: 9.562 seconds (0h:0m:9s)
Wall-clock time for ModelFinder: 13.098 seconds (0h:0m:13s)
Generating 1000 samples for ultrafast bootstrap (seed: 735391)...

NOTE: 2 MB RAM (0 GB) is required!
Estimate model parameters (epsilon = 0.100)
1. Initial log-likelihood: -6577.256
2. Current log-likelihood: -6374.180
3. Current log-likelihood: -6368.311
4. Current log-likelihood: -6367.909
Optimal log-likelihood: -6367.879
Rate parameters:  A-C: 2.296  A-G: 5.218  A-T: 1.000  C-G: 2.296  C-T: 5.218  G-T: 1.000
Base frequencies:   A: 0.393  C: 0.162  G: 0.181  T: 0.264
Gamma shape alpha: 0.541
Parameters optimization took 4 rounds (0.064 sec)
Computing ML distances based on estimated model parameters... 0.001 sec
Computing BIONJ tree...
0.000 seconds
Log-likelihood of BIONJ tree: -6367.370
--------------------------------------------------------------------
|             INITIALIZING CANDIDATE TREE SET                      |
--------------------------------------------------------------------
Generating 98 parsimony trees... 0.094 second
Computing log-likelihood of 95 initial trees ... 0.577 seconds
Current best score: -6367.009

Do NNI search on 20 best initial trees
Estimate model parameters (epsilon = 0.100)
BETTER TREE FOUND at iteration 1: -6365.777
Estimate model parameters (epsilon = 0.100)
BETTER TREE FOUND at iteration 3: -6364.394
Iteration 10 / LogL: -6366.567 / Time: 0h:0m:14s
Iteration 20 / LogL: -6367.228 / Time: 0h:0m:15s
Finish initializing candidate tree set (12)
Current best tree score: -6364.394 / CPU time: 2.449
Number of iterations: 20
--------------------------------------------------------------------
|               OPTIMIZING CANDIDATE TREE SET                      |
--------------------------------------------------------------------
Iteration 30 / LogL: -6365.796 / Time: 0h:0m:16s (0h:0m:7s left)
UPDATE BEST LOG-LIKELIHOOD: -6364.394
Iteration 40 / LogL: -6364.575 / Time: 0h:0m:17s (0h:0m:6s left)
Iteration 50 / LogL: -6364.394 / Time: 0h:0m:17s (0h:0m:4s left)
Log-likelihood cutoff on original alignment: -6373.378
Iteration 60 / LogL: -6364.576 / Time: 0h:0m:18s (0h:0m:3s left)
UPDATE BEST LOG-LIKELIHOOD: -6364.393
Iteration 70 / LogL: -6364.579 / Time: 0h:0m:18s (0h:0m:2s left)
Iteration 80 / LogL: -6365.797 / Time: 0h:0m:19s (0h:0m:1s left)
UPDATE BEST LOG-LIKELIHOOD: -6364.393
Iteration 90 / LogL: -6364.585 / Time: 0h:0m:20s (0h:0m:1s left)
Iteration 100 / LogL: -6364.723 / Time: 0h:0m:21s (0h:0m:0s left)
Log-likelihood cutoff on original alignment: -6373.378
NOTE: Bootstrap correlation coefficient of split occurrence frequencies: 0.985
NOTE: UFBoot does not converge, continue at least 100 more iterations
Iteration 110 / LogL: -6364.394 / Time: 0h:0m:22s (0h:0m:7s left)
Iteration 120 / LogL: -6364.394 / Time: 0h:0m:22s (0h:0m:6s left)
Iteration 130 / LogL: -6364.395 / Time: 0h:0m:23s (0h:0m:5s left)
Iteration 140 / LogL: -6364.399 / Time: 0h:0m:24s (0h:0m:4s left)
Iteration 150 / LogL: -6365.118 / Time: 0h:0m:25s (0h:0m:3s left)
Log-likelihood cutoff on original alignment: -6374.003
UPDATE BEST LOG-LIKELIHOOD: -6364.393
Iteration 160 / LogL: -6364.395 / Time: 0h:0m:25s (0h:0m:3s left)
Iteration 170 / LogL: -6364.393 / Time: 0h:0m:26s (0h:0m:2s left)
Iteration 180 / LogL: -6364.575 / Time: 0h:0m:26s (0h:0m:1s left)
Iteration 190 / LogL: -6364.742 / Time: 0h:0m:26s (0h:0m:0s left)
UPDATE BEST LOG-LIKELIHOOD: -6364.393
Iteration 200 / LogL: -6366.756 / Time: 0h:0m:27s (0h:0m:0s left)
Log-likelihood cutoff on original alignment: -6374.003
NOTE: Bootstrap correlation coefficient of split occurrence frequencies: 0.975
NOTE: UFBoot does not converge, continue at least 100 more iterations
Iteration 210 / LogL: -6364.742 / Time: 0h:0m:27s (0h:0m:6s left)
Iteration 220 / LogL: -6364.744 / Time: 0h:0m:27s (0h:0m:5s left)
Iteration 230 / LogL: -6365.150 / Time: 0h:0m:28s (0h:0m:4s left)
Iteration 240 / LogL: -6365.120 / Time: 0h:0m:28s (0h:0m:3s left)
UPDATE BEST LOG-LIKELIHOOD: -6364.393
Iteration 250 / LogL: -6364.742 / Time: 0h:0m:29s (0h:0m:3s left)
Log-likelihood cutoff on original alignment: -6373.378
Iteration 260 / LogL: -6364.742 / Time: 0h:0m:29s (0h:0m:2s left)
Iteration 270 / LogL: -6364.394 / Time: 0h:0m:29s (0h:0m:1s left)
Iteration 280 / LogL: -6364.709 / Time: 0h:0m:30s (0h:0m:1s left)
Iteration 290 / LogL: -6364.394 / Time: 0h:0m:30s (0h:0m:0s left)
Iteration 300 / LogL: -6364.581 / Time: 0h:0m:31s (0h:0m:0s left)
Log-likelihood cutoff on original alignment: -6373.378
NOTE: Bootstrap correlation coefficient of split occurrence frequencies: 0.997
TREE SEARCH COMPLETED AFTER 300 ITERATIONS / Time: 0h:0m:31s

--------------------------------------------------------------------
|                    FINALIZING TREE SEARCH                        |
--------------------------------------------------------------------
Performs final model parameters optimization
Estimate model parameters (epsilon = 0.010)
1. Initial log-likelihood: -6364.393
Optimal log-likelihood: -6364.393
Rate parameters:  A-C: 2.304  A-G: 5.223  A-T: 1.000  C-G: 2.304  C-T: 5.223  G-T: 1.000
Base frequencies:   A: 0.393  C: 0.162  G: 0.181  T: 0.264
Gamma shape alpha: 0.548
Parameters optimization took 1 rounds (0.004 sec)
BEST SCORE FOUND : -6364.393
Creating bootstrap support values...
Split supports printed to NEXUS file ./results/gene19.phy.splits.nex
Total tree length: 2.113

Total number of iterations: 300
CPU time used for tree search: 12.422 sec (0h:0m:12s)
Wall-clock time used for tree search: 18.165 sec (0h:0m:18s)
Total CPU time used: 22.073 sec (0h:0m:22s)
Total wall-clock time used: 31.398 sec (0h:0m:31s)

Computing bootstrap consensus tree...
Reading input file ./results/gene19.phy.splits.nex...
10 taxa and 173 splits.
Consensus tree written to ./results/gene19.phy.contree
Reading input trees file ./results/gene19.phy.contree
Log-likelihood of consensus tree: -6364.741

Analysis results written to: 
  IQ-TREE report:                ./results/gene19.phy.iqtree
  Maximum-likelihood tree:       ./results/gene19.phy.treefile
  Likelihood distances:          ./results/gene19.phy.mldist

Ultrafast bootstrap approximation results written to:
  Split support values:          ./results/gene19.phy.splits.nex
  Consensus tree:                ./results/gene19.phy.contree
  Screen log file:               ./results/gene19.phy.log

Date and Time: Tue Aug 22 17:51:09 2017
