IQ-TREE multicore version 1.5.4 for Linux 64-bit built Apr  2 2017
Copyright (c) 2011-2017 by Bui Quang Minh, Nguyen Lam Tung,
Olga Chernomor, Heiko Schmidt, and Arndt von Haeseler.

Host:    hpc-crick (AVX, 251 GB RAM)
Command: iqtree -s ./results/gene20.phy -nt 1 -bb 1000
Seed:    419462 (Using SPRNG - Scalable Parallel Random Number Generator)
Time:    Tue Aug 22 17:42:07 2017
Kernel:  AVX - 1 threads (40 CPU cores detected)

Reading alignment file ./results/gene20.phy ... Phylip format detected
Alignment most likely contains DNA/RNA sequences
Alignment has 10 sequences with 1000 columns and 489 patterns (331 informative sites, 402 constant sites)
   Gap/Ambiguity  Composition  p-value
   1  A    0.00%    passed     73.08%
   2  B    0.00%    passed     98.57%
   3  C    0.00%    passed     22.40%
   4  D    0.00%    passed     95.82%
   5  E    0.00%    passed     97.64%
   6  F    0.00%    passed     89.99%
   7  G    0.00%    passed     96.63%
   8  H    0.00%    passed     64.62%
   9  I    0.00%    passed     64.45%
  10  J    0.00%    passed     81.26%
****  TOTAL    0.00%  0 sequences failed composition chi2 test (p-value<5%; df=3)

Create initial parsimony tree by phylogenetic likelihood library (PLL)... 0.000 seconds

NOTE: ModelFinder requires 3 MB RAM!
ModelFinder will test 286 DNA models (sample size: 1000) ...
 No. Model         -LnL         df  AIC          AICc         BIC
  1  JC            7533.721     17  15101.443    15102.066    15184.875
  2  JC+I          7262.267     18  14560.534    14561.232    14648.874
  3  JC+G4         7212.256     18  14460.511    14461.208    14548.851
  4  JC+I+G4       7210.559     19  14459.117    14459.893    14552.365
  5  JC+R2         7215.555     19  14469.110    14469.885    14562.357
  6  JC+R3         7210.475     21  14462.951    14463.896    14566.014
  7  JC+R4         Skipped 
  8  JC+R5         Skipped 
  9  JC+R6         Skipped 
 10  JC+R7         Skipped 
 11  JC+R8         Skipped 
 12  JC+R9         Skipped 
 13  JC+R10        Skipped 
 14  F81           7444.443     20  14928.885    14929.743    15027.040
 15  F81+I         7166.908     21  14375.815    14376.760    14478.878
 16  F81+G4        7118.667     21  14279.334    14280.279    14382.397
 17  F81+I+G4      7116.172     22  14276.344    14277.380    14384.314
 18  F81+R2        7123.186     22  14290.371    14291.407    14398.342
 19  F81+R3        7116.180     24  14280.360    14281.591    14398.146
 20  F81+R4        7116.150     26  14284.301    14285.744    14411.903
 21  F81+R5        Skipped 
 22  F81+R6        Skipped 
 23  F81+R7        Skipped 
 24  F81+R8        Skipped 
 25  F81+R9        Skipped 
 26  F81+R10       Skipped 
 27  K2P           7404.661     18  14845.322    14846.020    14933.662
 28  K2P+I         7122.162     19  14282.324    14283.099    14375.571
 29  K2P+G4        7059.414     19  14156.827    14157.603    14250.075
 30  K2P+I+G4      7057.929     20  14155.858    14156.716    14254.013
 31  K2P+R2        7066.567     20  14173.134    14173.992    14271.289
 32  K2P+R3        7057.213     22  14158.426    14159.462    14266.397
 33  K2P+R4        7057.208     24  14162.417    14163.647    14280.203
 34  K2P+R5        Skipped 
 35  K2P+R6        Skipped 
 36  K2P+R7        Skipped 
 37  K2P+R8        Skipped 
 38  K2P+R9        Skipped 
 39  K2P+R10       Skipped 
 40  HKY           7311.488     21  14664.975    14665.920    14768.038
 41  HKY+I         7022.120     22  14088.239    14089.275    14196.210
 42  HKY+G4        6957.145     22  13958.290    13959.326    14066.260
 43  HKY+I+G4      6954.836     23  13955.673    13956.804    14068.551
 44  HKY+R2        6966.933     23  13979.866    13980.998    14092.745
 45  HKY+R3        6954.232     25  13958.465    13959.800    14081.159
 46  HKY+R4        6954.230     27  13962.460    13964.016    14094.970
 47  HKY+R5        Skipped 
 48  HKY+R6        Skipped 
 49  HKY+R7        Skipped 
 50  HKY+R8        Skipped 
 51  HKY+R9        Skipped 
 52  HKY+R10       Skipped 
 53  TNe           7404.640     19  14847.281    14848.056    14940.528
 54  TNe+I         7122.157     20  14284.313    14285.171    14382.468
 55  TNe+G4        7058.705     20  14157.410    14158.268    14255.565
 56  TNe+I+G4      7057.284     21  14156.568    14157.513    14259.631
 57  TNe+R2        7065.929     21  14173.858    14174.803    14276.921
 58  TNe+R3        7056.302     23  14158.603    14159.735    14271.482
 59  TNe+R4        7056.294     25  14162.589    14163.923    14285.283
 60  TNe+R5        Skipped 
 61  TNe+R6        Skipped 
 62  TNe+R7        Skipped 
 63  TNe+R8        Skipped 
 64  TNe+R9        Skipped 
 65  TNe+R10       Skipped 
 66  TN            7307.965     22  14659.930    14660.966    14767.900
 67  TN+I          7017.795     23  14081.590    14082.721    14194.468
 68  TN+G4         6955.159     23  13956.318    13957.449    14069.196
 69  TN+I+G4       6952.751     24  13953.502    13954.733    14071.288
 70  TN+R2         6965.013     24  13978.025    13979.256    14095.811
 71  TN+R3         6952.421     26  13956.841    13958.284    14084.443
 72  TN+R4         6952.402     28  13960.804    13962.476    14098.221
 73  TN+R5         Skipped 
 74  TN+R6         Skipped 
 75  TN+R7         Skipped 
 76  TN+R8         Skipped 
 77  TN+R9         Skipped 
 78  TN+R10        Skipped 
 79  K3P           7398.886     19  14835.772    14836.548    14929.019
 80  K3P+I         7115.657     20  14271.315    14272.173    14369.470
 81  K3P+G4        7050.090     20  14140.180    14141.038    14238.335
 82  K3P+I+G4      7048.752     21  14139.505    14140.450    14242.568
 83  K3P+R2        7058.403     21  14158.807    14159.751    14261.870
 84  K3P+R3        7048.045     23  14142.089    14143.221    14254.968
 85  K3P+R4        7048.070     25  14146.141    14147.475    14268.835
 86  K3P+R5        Skipped 
 87  K3P+R6        Skipped 
 88  K3P+R7        Skipped 
 89  K3P+R8        Skipped 
 90  K3P+R9        Skipped 
 91  K3P+R10       Skipped 
 92  K3Pu          7298.066     22  14640.133    14641.168    14748.103
 93  K3Pu+I        7007.388     23  14060.776    14061.907    14173.654
 94  K3Pu+G4       6940.081     23  13926.162    13927.294    14039.041
 95  K3Pu+I+G4     6937.642     24  13923.285    13924.516    14041.071
 96  K3Pu+R2       6950.956     24  13949.913    13951.144    14067.699
 97  K3Pu+R3       6936.964     26  13925.928    13927.371    14053.530
 98  K3Pu+R4       6936.969     28  13929.938    13931.610    14067.355
 99  K3Pu+R5       Skipped 
100  K3Pu+R6       Skipped 
101  K3Pu+R7       Skipped 
102  K3Pu+R8       Skipped 
103  K3Pu+R9       Skipped 
104  K3Pu+R10      Skipped 
105  TPM2          7307.427     22  14658.854    14659.890    14766.825
106  TPM2+I        7018.648     23  14083.296    14084.427    14196.175
107  TPM2+G4       6955.059     23  13956.119    13957.250    14068.997
108  TPM2+I+G4     6953.059     24  13954.117    13955.348    14071.904
109  TPM2+R2       6963.602     24  13975.204    13976.435    14092.990
110  TPM2+R3       6952.461     26  13956.922    13958.364    14084.523
111  TPM2+R4       6952.481     28  13960.961    13962.634    14098.379
112  TPM2+R5       Skipped 
113  TPM2+R6       Skipped 
114  TPM2+R7       Skipped 
115  TPM2+R8       Skipped 
116  TPM2+R9       Skipped 
117  TPM2+R10      Skipped 
118  TPM2u         7307.427     22  14658.854    14659.890    14766.825
119  TPM2u+I       7018.647     23  14083.294    14084.425    14196.173
120  TPM2u+G4      6955.066     23  13956.132    13957.263    14069.010
121  TPM2u+I+G4    6953.055     24  13954.110    13955.341    14071.896
122  TPM2u+R2      6963.603     24  13975.205    13976.436    14092.991
123  TPM2u+R3      6952.463     26  13956.926    13958.369    14084.528
124  TPM2u+R4      6952.460     28  13960.920    13962.593    14098.337
125  TPM2u+R5      Skipped 
126  TPM2u+R6      Skipped 
127  TPM2u+R7      Skipped 
128  TPM2u+R8      Skipped 
129  TPM2u+R9      Skipped 
130  TPM2u+R10     Skipped 
131  TPM3          7296.487     22  14636.974    14638.010    14744.944
132  TPM3+I        7008.882     23  14063.765    14064.896    14176.643
133  TPM3+G4       6942.069     23  13930.138    13931.269    14043.016
134  TPM3+I+G4     6939.158     24  13926.316    13927.547    14044.102
135  TPM3+R2       6954.415     24  13956.830    13958.061    14074.617
136  TPM3+R3       6937.919     26  13927.837    13929.280    14055.439
137  TPM3+R4       6937.917     28  13931.833    13933.506    14069.250
138  TPM3+R5       Skipped 
139  TPM3+R6       Skipped 
140  TPM3+R7       Skipped 
141  TPM3+R8       Skipped 
142  TPM3+R9       Skipped 
143  TPM3+R10      Skipped 
144  TPM3u         7296.489     22  14636.977    14638.013    14744.948
145  TPM3u+I       7008.886     23  14063.771    14064.902    14176.649
146  TPM3u+G4      6942.074     23  13930.148    13931.279    14043.026
147  TPM3u+I+G4    6939.158     24  13926.316    13927.547    14044.102
148  TPM3u+R2      6954.402     24  13956.804    13958.035    14074.590
149  TPM3u+R3      6937.901     26  13927.801    13929.244    14055.403
150  TPM3u+R4      6937.918     28  13931.835    13933.508    14069.252
151  TPM3u+R5      Skipped 
152  TPM3u+R6      Skipped 
153  TPM3u+R7      Skipped 
154  TPM3u+R8      Skipped 
155  TPM3u+R9      Skipped 
156  TPM3u+R10     Skipped 
157  TIMe          7398.876     20  14837.752    14838.610    14935.908
158  TIMe+I        7115.658     21  14273.317    14274.262    14376.380
159  TIMe+G4       7049.301     21  14140.602    14141.546    14243.664
160  TIMe+I+G4     7048.023     22  14140.045    14141.081    14248.016
161  TIMe+R2       7057.711     22  14159.422    14160.458    14267.393
162  TIMe+R3       7047.102     24  14142.203    14143.434    14259.989
163  TIMe+R4       7047.109     26  14146.218    14147.661    14273.820
164  TIMe+R5       Skipped 
165  TIMe+R6       Skipped 
166  TIMe+R7       Skipped 
167  TIMe+R8       Skipped 
168  TIMe+R9       Skipped 
169  TIMe+R10      Skipped 
170  TIM           7294.519     23  14635.038    14636.169    14747.916
171  TIM+I         7002.914     24  14053.829    14055.059    14171.615
172  TIM+G4        6938.471     24  13924.942    13926.173    14042.728
173  TIM+I+G4      6935.872     25  13921.745    13923.080    14044.439
174  TIM+R2        6949.253     25  13948.506    13949.841    14071.200
175  TIM+R3        6935.444     27  13924.888    13926.444    14057.398
176  TIM+R4        6935.434     29  13928.869    13930.662    14071.194
177  TIM+R5        Skipped 
178  TIM+R6        Skipped 
179  TIM+R7        Skipped 
180  TIM+R8        Skipped 
181  TIM+R9        Skipped 
182  TIM+R10       Skipped 
183  TIM2e         7384.621     20  14809.242    14810.100    14907.397
184  TIM2e+I       7102.287     21  14246.573    14247.518    14349.636
185  TIM2e+G4      7027.389     21  14096.778    14097.723    14199.841
186  TIM2e+I+G4    7026.897     22  14097.793    14098.829    14205.764
187  TIM2e+R2      7036.790     22  14117.581    14118.617    14225.551
188  TIM2e+R3      7025.958     24  14099.917    14101.147    14217.703
189  TIM2e+R4      7025.981     26  14103.963    14105.406    14231.564
190  TIM2e+R5      Skipped 
191  TIM2e+R6      Skipped 
192  TIM2e+R7      Skipped 
193  TIM2e+R8      Skipped 
194  TIM2e+R9      Skipped 
195  TIM2e+R10     Skipped 
196  TIM2          7303.678     23  14653.356    14654.487    14766.234
197  TIM2+I        7014.290     24  14076.580    14077.811    14194.366
198  TIM2+G4       6952.531     24  13953.062    13954.292    14070.848
199  TIM2+I+G4     6950.498     25  13950.996    13952.331    14073.690
200  TIM2+R2       6961.461     25  13972.923    13974.257    14095.617
201  TIM2+R3       6950.184     27  13954.368    13955.923    14086.877
202  TIM2+R4       6950.182     29  13958.364    13960.157    14100.689
203  TIM2+R5       Skipped 
204  TIM2+R6       Skipped 
205  TIM2+R7       Skipped 
206  TIM2+R8       Skipped 
207  TIM2+R9       Skipped 
208  TIM2+R10      Skipped 
209  TIM3e         7399.497     20  14838.994    14839.852    14937.149
210  TIM3e+I       7117.723     21  14277.446    14278.391    14380.509
211  TIM3e+G4      7053.828     21  14149.655    14150.600    14252.718
212  TIM3e+I+G4    7052.177     22  14148.353    14149.389    14256.324
213  TIM3e+R2      7061.686     22  14167.372    14168.408    14275.343
214  TIM3e+R3      7050.920     24  14149.840    14151.071    14267.626
215  TIM3e+R4      7050.937     26  14153.875    14155.318    14281.476
216  TIM3e+R5      Skipped 
217  TIM3e+R6      Skipped 
218  TIM3e+R7      Skipped 
219  TIM3e+R8      Skipped 
220  TIM3e+R9      Skipped 
221  TIM3e+R10     Skipped 
222  TIM3          7291.403     23  14628.806    14629.938    14741.685
223  TIM3+I        7003.650     24  14055.300    14056.531    14173.087
224  TIM3+G4       6938.610     24  13925.219    13926.450    14043.005
225  TIM3+I+G4     6935.717     25  13921.434    13922.768    14044.128
226  TIM3+R2       6951.897     25  13953.795    13955.129    14076.488
227  TIM3+R3       6934.849     27  13923.699    13925.254    14056.208
228  TIM3+R4       6934.837     29  13927.675    13929.469    14070.000
229  TIM3+R5       Skipped 
230  TIM3+R6       Skipped 
231  TIM3+R7       Skipped 
232  TIM3+R8       Skipped 
233  TIM3+R9       Skipped 
234  TIM3+R10      Skipped 
235  TVMe          7375.760     21  14793.520    14794.465    14896.583
236  TVMe+I        7093.493     22  14230.985    14232.021    14338.956
237  TVMe+G4       7015.752     22  14075.505    14076.541    14183.475
238  TVMe+I+G4     7015.169     23  14076.339    14077.470    14189.217
239  TVMe+R2       7026.801     23  14099.603    14100.734    14212.481
240  TVMe+R3       7014.305     25  14078.610    14079.945    14201.304
241  TVMe+R4       7014.319     27  14082.637    14084.193    14215.147
242  TVMe+R5       Skipped 
243  TVMe+R6       Skipped 
244  TVMe+R7       Skipped 
245  TVMe+R8       Skipped 
246  TVMe+R9       Skipped 
247  TVMe+R10      Skipped 
248  TVM           7286.059     24  14620.119    14621.349    14737.905
249  TVM+I         6997.909     25  14045.819    14047.154    14168.513
250  TVM+G4        6930.645     25  13911.289    13912.624    14033.983
251  TVM+I+G4      6928.118     26  13908.235    13909.678    14035.837
252  TVM+R2        6942.041     26  13936.082    13937.525    14063.684
253  TVM+R3        6926.913     28  13909.826    13911.499    14047.243
254  TVM+R4        6926.863     30  13913.726    13915.646    14060.959
255  TVM+R5        Skipped 
256  TVM+R6        Skipped 
257  TVM+R7        Skipped 
258  TVM+R8        Skipped 
259  TVM+R9        Skipped 
260  TVM+R10       Skipped 
261  SYM           7375.742     22  14795.485    14796.521    14903.456
262  SYM+I         7093.527     23  14233.054    14234.185    14345.932
263  SYM+G4        7013.885     23  14073.770    14074.901    14186.648
264  SYM+I+G4      7013.469     24  14074.937    14076.168    14192.723
265  SYM+R2        7025.308     24  14098.616    14099.847    14216.402
266  SYM+R3        7012.431     26  14076.863    14078.306    14204.464
267  SYM+R4        7012.463     28  14080.926    14082.599    14218.343
268  SYM+R5        Skipped 
269  SYM+R6        Skipped 
270  SYM+R7        Skipped 
271  SYM+R8        Skipped 
272  SYM+R9        Skipped 
273  SYM+R10       Skipped 
274  GTR           7280.942     25  14611.884    14613.219    14734.578
275  GTR+I         6992.868     26  14037.737    14039.180    14165.338
276  GTR+G4        6926.558     26  13905.116    13906.559    14032.717
277  GTR+I+G4      6924.169     27  13902.339    13903.894    14034.848
278  GTR+R2        6939.990     27  13933.981    13935.536    14066.490
279  GTR+R3        6923.325     29  13904.651    13906.445    14046.976
280  GTR+R4        6923.321     31  13908.643    13910.692    14060.783
281  GTR+R5        Skipped 
282  GTR+R6        Skipped 
283  GTR+R7        Skipped 
284  GTR+R8        Skipped 
285  GTR+R9        Skipped 
286  GTR+R10       Skipped 
Akaike Information Criterion:           GTR+I+G4
Corrected Akaike Information Criterion: GTR+I+G4
Bayesian Information Criterion:         GTR+G4
Best-fit model: GTR+G4 chosen according to BIC

All model information printed to ./results/gene20.phy.model
CPU time for ModelFinder: 11.033 seconds (0h:0m:11s)
Wall-clock time for ModelFinder: 15.779 seconds (0h:0m:15s)
Generating 1000 samples for ultrafast bootstrap (seed: 419462)...

NOTE: 2 MB RAM (0 GB) is required!
Estimate model parameters (epsilon = 0.100)
1. Initial log-likelihood: -7174.477
2. Current log-likelihood: -6935.241
3. Current log-likelihood: -6927.798
4. Current log-likelihood: -6927.036
5. Current log-likelihood: -6926.813
Optimal log-likelihood: -6926.801
Rate parameters:  A-C: 2.414  A-G: 3.287  A-T: 0.577  C-G: 0.849  C-T: 5.080  G-T: 1.000
Base frequencies:   A: 0.390  C: 0.164  G: 0.204  T: 0.241
Gamma shape alpha: 0.515
Parameters optimization took 5 rounds (0.101 sec)
Computing ML distances based on estimated model parameters... 0.001 sec
Computing BIONJ tree...
0.000 seconds
Log-likelihood of BIONJ tree: -6925.796
--------------------------------------------------------------------
|             INITIALIZING CANDIDATE TREE SET                      |
--------------------------------------------------------------------
Generating 98 parsimony trees... 0.068 second
Computing log-likelihood of 94 initial trees ... 0.256 seconds
Current best score: -6922.349

Do NNI search on 20 best initial trees
Estimate model parameters (epsilon = 0.100)
BETTER TREE FOUND at iteration 1: -6919.962
Iteration 10 / LogL: -6920.391 / Time: 0h:0m:16s
Iteration 20 / LogL: -6920.610 / Time: 0h:0m:17s
Finish initializing candidate tree set (12)
Current best tree score: -6919.962 / CPU time: 1.684
Number of iterations: 20
--------------------------------------------------------------------
|               OPTIMIZING CANDIDATE TREE SET                      |
--------------------------------------------------------------------
UPDATE BEST LOG-LIKELIHOOD: -6919.962
UPDATE BEST LOG-LIKELIHOOD: -6919.961
Iteration 30 / LogL: -6920.342 / Time: 0h:0m:18s (0h:0m:5s left)
UPDATE BEST LOG-LIKELIHOOD: -6919.961
UPDATE BEST LOG-LIKELIHOOD: -6919.961
Iteration 40 / LogL: -6920.259 / Time: 0h:0m:18s (0h:0m:4s left)
Iteration 50 / LogL: -6920.259 / Time: 0h:0m:19s (0h:0m:3s left)
Log-likelihood cutoff on original alignment: -6927.332
Iteration 60 / LogL: -6920.342 / Time: 0h:0m:19s (0h:0m:2s left)
UPDATE BEST LOG-LIKELIHOOD: -6919.961
UPDATE BEST LOG-LIKELIHOOD: -6919.961
Iteration 70 / LogL: -6920.259 / Time: 0h:0m:20s (0h:0m:1s left)
Iteration 80 / LogL: -6922.805 / Time: 0h:0m:20s (0h:0m:1s left)
Iteration 90 / LogL: -6920.343 / Time: 0h:0m:21s (0h:0m:0s left)
Iteration 100 / LogL: -6920.259 / Time: 0h:0m:21s (0h:0m:0s left)
Log-likelihood cutoff on original alignment: -6927.332
NOTE: Bootstrap correlation coefficient of split occurrence frequencies: 0.967
NOTE: UFBoot does not converge, continue at least 100 more iterations
Iteration 110 / LogL: -6919.961 / Time: 0h:0m:21s (0h:0m:5s left)
UPDATE BEST LOG-LIKELIHOOD: -6919.961
Iteration 120 / LogL: -6920.259 / Time: 0h:0m:22s (0h:0m:4s left)
Iteration 130 / LogL: -6920.259 / Time: 0h:0m:22s (0h:0m:3s left)
Iteration 140 / LogL: -6920.305 / Time: 0h:0m:22s (0h:0m:3s left)
Iteration 150 / LogL: -6920.311 / Time: 0h:0m:23s (0h:0m:2s left)
Log-likelihood cutoff on original alignment: -6927.585
Iteration 160 / LogL: -6919.961 / Time: 0h:0m:23s (0h:0m:1s left)
Iteration 170 / LogL: -6920.259 / Time: 0h:0m:24s (0h:0m:1s left)
Iteration 180 / LogL: -6919.986 / Time: 0h:0m:24s (0h:0m:0s left)
Iteration 190 / LogL: -6920.150 / Time: 0h:0m:24s (0h:0m:0s left)
Iteration 200 / LogL: -6919.969 / Time: 0h:0m:25s (0h:0m:0s left)
Log-likelihood cutoff on original alignment: -6927.332
NOTE: Bootstrap correlation coefficient of split occurrence frequencies: 0.988
NOTE: UFBoot does not converge, continue at least 100 more iterations
Iteration 210 / LogL: -6919.961 / Time: 0h:0m:25s (0h:0m:4s left)
Iteration 220 / LogL: -6919.961 / Time: 0h:0m:26s (0h:0m:3s left)
Iteration 230 / LogL: -6919.962 / Time: 0h:0m:26s (0h:0m:3s left)
Iteration 240 / LogL: -6919.987 / Time: 0h:0m:27s (0h:0m:2s left)
Iteration 250 / LogL: -6919.986 / Time: 0h:0m:27s (0h:0m:2s left)
Log-likelihood cutoff on original alignment: -6927.332
Iteration 260 / LogL: -6919.986 / Time: 0h:0m:28s (0h:0m:1s left)
Iteration 270 / LogL: -6920.633 / Time: 0h:0m:28s (0h:0m:1s left)
Iteration 280 / LogL: -6919.961 / Time: 0h:0m:28s (0h:0m:0s left)
Iteration 290 / LogL: -6919.962 / Time: 0h:0m:29s (0h:0m:0s left)
Iteration 300 / LogL: -6919.986 / Time: 0h:0m:29s (0h:0m:0s left)
Log-likelihood cutoff on original alignment: -6927.332
NOTE: Bootstrap correlation coefficient of split occurrence frequencies: 0.983
NOTE: UFBoot does not converge, continue at least 100 more iterations
Iteration 310 / LogL: -6919.961 / Time: 0h:0m:30s (0h:0m:4s left)
Iteration 320 / LogL: -6919.986 / Time: 0h:0m:30s (0h:0m:3s left)
Iteration 330 / LogL: -6919.986 / Time: 0h:0m:31s (0h:0m:3s left)
UPDATE BEST LOG-LIKELIHOOD: -6919.961
Iteration 340 / LogL: -6919.961 / Time: 0h:0m:31s (0h:0m:2s left)
Iteration 350 / LogL: -6919.986 / Time: 0h:0m:32s (0h:0m:2s left)
Log-likelihood cutoff on original alignment: -6927.332
Iteration 360 / LogL: -6919.961 / Time: 0h:0m:32s (0h:0m:1s left)
Iteration 370 / LogL: -6919.961 / Time: 0h:0m:33s (0h:0m:1s left)
Iteration 380 / LogL: -6919.986 / Time: 0h:0m:33s (0h:0m:0s left)
UPDATE BEST LOG-LIKELIHOOD: -6919.961
Iteration 390 / LogL: -6919.962 / Time: 0h:0m:34s (0h:0m:0s left)
Iteration 400 / LogL: -6919.986 / Time: 0h:0m:34s (0h:0m:0s left)
Log-likelihood cutoff on original alignment: -6927.332
NOTE: Bootstrap correlation coefficient of split occurrence frequencies: 0.992
TREE SEARCH COMPLETED AFTER 400 ITERATIONS / Time: 0h:0m:34s

--------------------------------------------------------------------
|                    FINALIZING TREE SEARCH                        |
--------------------------------------------------------------------
Performs final model parameters optimization
Estimate model parameters (epsilon = 0.010)
1. Initial log-likelihood: -6919.961
2. Current log-likelihood: -6919.948
Optimal log-likelihood: -6919.946
Rate parameters:  A-C: 2.433  A-G: 3.305  A-T: 0.593  C-G: 0.885  C-T: 5.083  G-T: 1.000
Base frequencies:   A: 0.390  C: 0.164  G: 0.204  T: 0.241
Gamma shape alpha: 0.523
Parameters optimization took 2 rounds (0.024 sec)
BEST SCORE FOUND : -6919.946
Creating bootstrap support values...
Split supports printed to NEXUS file ./results/gene20.phy.splits.nex
Total tree length: 2.558

Total number of iterations: 400
CPU time used for tree search: 15.662 sec (0h:0m:15s)
Wall-clock time used for tree search: 18.791 sec (0h:0m:18s)
Total CPU time used: 26.871 sec (0h:0m:26s)
Total wall-clock time used: 34.781 sec (0h:0m:34s)

Computing bootstrap consensus tree...
Reading input file ./results/gene20.phy.splits.nex...
10 taxa and 158 splits.
Consensus tree written to ./results/gene20.phy.contree
Reading input trees file ./results/gene20.phy.contree
Log-likelihood of consensus tree: -6919.946

Analysis results written to: 
  IQ-TREE report:                ./results/gene20.phy.iqtree
  Maximum-likelihood tree:       ./results/gene20.phy.treefile
  Likelihood distances:          ./results/gene20.phy.mldist

Ultrafast bootstrap approximation results written to:
  Split support values:          ./results/gene20.phy.splits.nex
  Consensus tree:                ./results/gene20.phy.contree
  Screen log file:               ./results/gene20.phy.log

Date and Time: Tue Aug 22 17:42:42 2017
