IQ-TREE multicore version 1.5.4 for Linux 64-bit built Apr  2 2017
Copyright (c) 2011-2017 by Bui Quang Minh, Nguyen Lam Tung,
Olga Chernomor, Heiko Schmidt, and Arndt von Haeseler.

Host:    hpc-crick (AVX, 251 GB RAM)
Command: iqtree -s ./results/gene6.phy -nt 1 -bb 1000
Seed:    51406 (Using SPRNG - Scalable Parallel Random Number Generator)
Time:    Tue Aug 22 17:46:04 2017
Kernel:  AVX - 1 threads (40 CPU cores detected)

Reading alignment file ./results/gene6.phy ... Phylip format detected
Alignment most likely contains DNA/RNA sequences
Alignment has 10 sequences with 1000 columns and 519 patterns (374 informative sites, 348 constant sites)
   Gap/Ambiguity  Composition  p-value
   1  A    0.00%    passed     96.10%
   2  B    0.00%    passed     84.66%
   3  C    0.00%    passed     76.93%
   4  D    0.00%    passed     85.08%
   5  E    0.00%    passed     98.17%
   6  F    0.00%    passed     97.41%
   7  G    0.00%    passed     69.06%
   8  H    0.00%    passed     93.19%
   9  I    0.00%    passed     74.96%
  10  J    0.00%    passed     98.54%
****  TOTAL    0.00%  0 sequences failed composition chi2 test (p-value<5%; df=3)

Create initial parsimony tree by phylogenetic likelihood library (PLL)... 0.001 seconds

NOTE: ModelFinder requires 3 MB RAM!
ModelFinder will test 286 DNA models (sample size: 1000) ...
 No. Model         -LnL         df  AIC          AICc         BIC
  1  JC            7939.809     17  15913.619    15914.242    15997.050
  2  JC+I          7728.088     18  15492.176    15492.874    15580.516
  3  JC+G4         7678.201     18  15392.402    15393.099    15480.742
  4  JC+I+G4       7677.941     19  15393.881    15394.657    15487.129
  5  JC+R2         7677.785     19  15393.570    15394.345    15486.817
  6  JC+R3         7676.270     21  15394.541    15395.486    15497.604
  7  JC+R4         Skipped 
  8  JC+R5         Skipped 
  9  JC+R6         Skipped 
 10  JC+R7         Skipped 
 11  JC+R8         Skipped 
 12  JC+R9         Skipped 
 13  JC+R10        Skipped 
 14  F81           7847.880     20  15735.761    15736.619    15833.916
 15  F81+I         7626.450     21  15294.901    15295.846    15397.964
 16  F81+G4        7568.718     21  15179.436    15180.381    15282.499
 17  F81+I+G4      7568.540     22  15181.079    15182.115    15289.050
 18  F81+R2        7569.073     22  15182.147    15183.183    15290.117
 19  F81+R3        7566.913     24  15181.825    15183.056    15299.611
 20  F81+R4        Skipped 
 21  F81+R5        Skipped 
 22  F81+R6        Skipped 
 23  F81+R7        Skipped 
 24  F81+R8        Skipped 
 25  F81+R9        Skipped 
 26  F81+R10       Skipped 
 27  K2P           7785.480     18  15606.960    15607.657    15695.299
 28  K2P+I         7564.470     19  15166.941    15167.716    15260.188
 29  K2P+G4        7500.767     19  15039.533    15040.309    15132.781
 30  K2P+I+G4      7500.798     20  15041.596    15042.454    15139.751
 31  K2P+R2        7504.581     20  15049.162    15050.020    15147.317
 32  K2P+R3        7500.546     22  15045.092    15046.127    15153.062
 33  K2P+R4        Skipped 
 34  K2P+R5        Skipped 
 35  K2P+R6        Skipped 
 36  K2P+R7        Skipped 
 37  K2P+R8        Skipped 
 38  K2P+R9        Skipped 
 39  K2P+R10       Skipped 
 40  HKY           7683.990     21  15409.979    15410.924    15513.042
 41  HKY+I         7455.058     22  14954.116    14955.152    15062.087
 42  HKY+G4        7377.208     22  14798.416    14799.452    14906.386
 43  HKY+I+G4      7377.176     23  14800.352    14801.483    14913.230
 44  HKY+R2        7383.113     23  14812.227    14813.358    14925.105
 45  HKY+R3        7376.861     25  14803.722    14805.057    14926.416
 46  HKY+R4        Skipped 
 47  HKY+R5        Skipped 
 48  HKY+R6        Skipped 
 49  HKY+R7        Skipped 
 50  HKY+R8        Skipped 
 51  HKY+R9        Skipped 
 52  HKY+R10       Skipped 
 53  TNe           7780.062     19  15598.124    15598.900    15691.371
 54  TNe+I         7561.540     20  15163.081    15163.939    15261.236
 55  TNe+G4        7496.141     20  15032.283    15033.141    15130.438
 56  TNe+I+G4      7496.117     21  15034.235    15035.180    15137.298
 57  TNe+R2        7500.851     21  15043.702    15044.647    15146.765
 58  TNe+R3        7495.866     23  15037.732    15038.863    15150.611
 59  TNe+R4        Skipped 
 60  TNe+R5        Skipped 
 61  TNe+R6        Skipped 
 62  TNe+R7        Skipped 
 63  TNe+R8        Skipped 
 64  TNe+R9        Skipped 
 65  TNe+R10       Skipped 
 66  TN            7683.896     22  15411.792    15412.828    15519.763
 67  TN+I          7454.941     23  14955.882    14957.013    15068.760
 68  TN+G4         7377.419     23  14800.839    14801.970    14913.717
 69  TN+I+G4       7377.111     24  14802.221    14803.452    14920.007
 70  TN+R2         7383.114     24  14814.228    14815.458    14932.014
 71  TN+R3         7376.728     26  14805.457    14806.900    14933.059
 72  TN+R4         Skipped 
 73  TN+R5         Skipped 
 74  TN+R6         Skipped 
 75  TN+R7         Skipped 
 76  TN+R8         Skipped 
 77  TN+R9         Skipped 
 78  TN+R10        Skipped 
 79  K3P           7783.567     19  15605.134    15605.910    15698.381
 80  K3P+I         7562.036     20  15164.071    15164.929    15262.226
 81  K3P+G4        7497.350     20  15034.700    15035.558    15132.855
 82  K3P+I+G4      7497.335     21  15036.670    15037.615    15139.733
 83  K3P+R2        7501.261     21  15044.522    15045.467    15147.585
 84  K3P+R3        7497.118     23  15040.236    15041.367    15153.115
 85  K3P+R4        Skipped 
 86  K3P+R5        Skipped 
 87  K3P+R6        Skipped 
 88  K3P+R7        Skipped 
 89  K3P+R8        Skipped 
 90  K3P+R9        Skipped 
 91  K3P+R10       Skipped 
 92  K3Pu          7675.329     22  15394.659    15395.695    15502.629
 93  K3Pu+I        7445.775     23  14937.550    14938.681    15050.428
 94  K3Pu+G4       7365.621     23  14777.241    14778.373    14890.120
 95  K3Pu+I+G4     7365.460     24  14778.921    14780.152    14896.707
 96  K3Pu+R2       7371.536     24  14791.071    14792.302    14908.857
 97  K3Pu+R3       7365.088     26  14782.175    14783.618    14909.777
 98  K3Pu+R4       Skipped 
 99  K3Pu+R5       Skipped 
100  K3Pu+R6       Skipped 
101  K3Pu+R7       Skipped 
102  K3Pu+R8       Skipped 
103  K3Pu+R9       Skipped 
104  K3Pu+R10      Skipped 
105  TPM2          7668.949     22  15381.898    15382.934    15489.869
106  TPM2+I        7441.800     23  14929.599    14930.730    15042.478
107  TPM2+G4       7370.072     23  14786.145    14787.276    14899.023
108  TPM2+I+G4     7370.055     24  14788.109    14789.340    14905.896
109  TPM2+R2       7375.018     24  14798.036    14799.267    14915.822
110  TPM2+R3       7369.846     26  14791.691    14793.134    14919.293
111  TPM2+R4       Skipped 
112  TPM2+R5       Skipped 
113  TPM2+R6       Skipped 
114  TPM2+R7       Skipped 
115  TPM2+R8       Skipped 
116  TPM2+R9       Skipped 
117  TPM2+R10      Skipped 
118  TPM2u         7669.039     22  15382.078    15383.114    15490.049
119  TPM2u+I       7441.802     23  14929.604    14930.735    15042.482
120  TPM2u+G4      7370.131     23  14786.262    14787.393    14899.141
121  TPM2u+I+G4    7370.051     24  14788.102    14789.332    14905.888
122  TPM2u+R2      7375.023     24  14798.045    14799.276    14915.831
123  TPM2u+R3      7369.847     26  14791.695    14793.138    14919.296
124  TPM2u+R4      Skipped 
125  TPM2u+R5      Skipped 
126  TPM2u+R6      Skipped 
127  TPM2u+R7      Skipped 
128  TPM2u+R8      Skipped 
129  TPM2u+R9      Skipped 
130  TPM2u+R10     Skipped 
131  TPM3          7657.758     22  15359.515    15360.551    15467.486
132  TPM3+I        7433.354     23  14912.707    14913.839    15025.586
133  TPM3+G4       7354.924     23  14755.847    14756.978    14868.726
134  TPM3+I+G4     7354.488     24  14756.976    14758.207    14874.762
135  TPM3+R2       7360.836     24  14769.672    14770.903    14887.458
136  TPM3+R3       7354.059     26  14760.118    14761.561    14887.719
137  TPM3+R4       Skipped 
138  TPM3+R5       Skipped 
139  TPM3+R6       Skipped 
140  TPM3+R7       Skipped 
141  TPM3+R8       Skipped 
142  TPM3+R9       Skipped 
143  TPM3+R10      Skipped 
144  TPM3u         7657.752     22  15359.505    15360.540    15467.475
145  TPM3u+I       7433.259     23  14912.519    14913.650    15025.397
146  TPM3u+G4      7354.932     23  14755.865    14756.996    14868.743
147  TPM3u+I+G4    7354.477     24  14756.953    14758.184    14874.739
148  TPM3u+R2      7360.773     24  14769.547    14770.777    14887.333
149  TPM3u+R3      7354.042     26  14760.084    14761.527    14887.686
150  TPM3u+R4      Skipped 
151  TPM3u+R5      Skipped 
152  TPM3u+R6      Skipped 
153  TPM3u+R7      Skipped 
154  TPM3u+R8      Skipped 
155  TPM3u+R9      Skipped 
156  TPM3u+R10     Skipped 
157  TIMe          7778.138     20  15596.276    15597.134    15694.431
158  TIMe+I        7559.112     21  15160.225    15161.169    15263.287
159  TIMe+G4       7492.684     21  15027.367    15028.312    15130.430
160  TIMe+I+G4     7492.575     22  15029.150    15030.185    15137.120
161  TIMe+R2       7497.482     22  15038.964    15040.000    15146.935
162  TIMe+R3       7492.424     24  15032.849    15034.080    15150.635
163  TIMe+R4       Skipped 
164  TIMe+R5       Skipped 
165  TIMe+R6       Skipped 
166  TIMe+R7       Skipped 
167  TIMe+R8       Skipped 
168  TIMe+R9       Skipped 
169  TIMe+R10      Skipped 
170  TIM           7675.281     23  15396.562    15397.693    15509.440
171  TIM+I         7445.637     24  14939.274    14940.505    15057.060
172  TIM+G4        7365.486     24  14778.972    14780.203    14896.758
173  TIM+I+G4      7365.272     25  14780.544    14781.878    14903.237
174  TIM+R2        7371.534     25  14793.067    14794.402    14915.761
175  TIM+R3        7365.001     27  14784.003    14785.558    14916.512
176  TIM+R4        Skipped 
177  TIM+R5        Skipped 
178  TIM+R6        Skipped 
179  TIM+R7        Skipped 
180  TIM+R8        Skipped 
181  TIM+R9        Skipped 
182  TIM+R10       Skipped 
183  TIM2e         7740.096     20  15520.192    15521.050    15618.347
184  TIM2e+I       7522.315     21  15086.630    15087.575    15189.693
185  TIM2e+G4      7448.414     21  14938.828    14939.773    15041.891
186  TIM2e+I+G4    7448.500     22  14941.000    14942.036    15048.971
187  TIM2e+R2      7456.725     22  14957.450    14958.486    15065.420
188  TIM2e+R3      7448.189     24  14944.377    14945.608    15062.163
189  TIM2e+R4      7448.151     26  14948.302    14949.745    15075.903
190  TIM2e+R5      Skipped 
191  TIM2e+R6      Skipped 
192  TIM2e+R7      Skipped 
193  TIM2e+R8      Skipped 
194  TIM2e+R9      Skipped 
195  TIM2e+R10     Skipped 
196  TIM2          7668.888     23  15383.776    15384.907    15496.654
197  TIM2+I        7441.688     24  14931.376    14932.607    15049.162
198  TIM2+G4       7370.062     24  14788.125    14789.355    14905.911
199  TIM2+I+G4     7369.959     25  14789.917    14791.252    14912.611
200  TIM2+R2       7374.936     25  14799.872    14801.206    14922.566
201  TIM2+R3       7369.869     27  14793.737    14795.293    14926.247
202  TIM2+R4       Skipped 
203  TIM2+R5       Skipped 
204  TIM2+R6       Skipped 
205  TIM2+R7       Skipped 
206  TIM2+R8       Skipped 
207  TIM2+R9       Skipped 
208  TIM2+R10      Skipped 
209  TIM3e         7772.438     20  15584.876    15585.734    15683.031
210  TIM3e+I       7555.604     21  15153.208    15154.153    15256.271
211  TIM3e+G4      7490.572     21  15023.143    15024.088    15126.206
212  TIM3e+I+G4    7490.434     22  15024.867    15025.903    15132.838
213  TIM3e+R2      7495.425     22  15034.851    15035.887    15142.821
214  TIM3e+R3      7490.354     24  15028.708    15029.939    15146.494
215  TIM3e+R4      Skipped 
216  TIM3e+R5      Skipped 
217  TIM3e+R6      Skipped 
218  TIM3e+R7      Skipped 
219  TIM3e+R8      Skipped 
220  TIM3e+R9      Skipped 
221  TIM3e+R10     Skipped 
222  TIM3          7657.689     23  15361.377    15362.508    15474.256
223  TIM3+I        7433.021     24  14914.041    14915.272    15031.827
224  TIM3+G4       7355.087     24  14758.174    14759.405    14875.961
225  TIM3+I+G4     7354.438     25  14758.877    14760.212    14881.571
226  TIM3+R2       7360.642     25  14771.284    14772.618    14893.978
227  TIM3+R3       7354.004     27  14762.009    14763.564    14894.518
228  TIM3+R4       Skipped 
229  TIM3+R5       Skipped 
230  TIM3+R6       Skipped 
231  TIM3+R7       Skipped 
232  TIM3+R8       Skipped 
233  TIM3+R9       Skipped 
234  TIM3+R10      Skipped 
235  TVMe          7738.013     21  15518.025    15518.970    15621.088
236  TVMe+I        7518.629     22  15081.259    15082.295    15189.230
237  TVMe+G4       7446.221     22  14936.442    14937.478    15044.413
238  TVMe+I+G4     7446.091     23  14938.182    14939.313    15051.060
239  TVMe+R2       7453.272     23  14952.544    14953.675    15065.423
240  TVMe+R3       7445.802     25  14941.604    14942.939    15064.298
241  TVMe+R4       7445.783     27  14945.565    14947.121    15078.074
242  TVMe+R5       Skipped 
243  TVMe+R6       Skipped 
244  TVMe+R7       Skipped 
245  TVMe+R8       Skipped 
246  TVMe+R9       Skipped 
247  TVMe+R10      Skipped 
248  TVM           7641.344     24  15330.689    15331.920    15448.475
249  TVM+I         7417.481     25  14884.962    14886.297    15007.656
250  TVM+G4        7342.466     25  14734.933    14736.267    14857.626
251  TVM+I+G4      7342.155     26  14736.311    14737.754    14863.912
252  TVM+R2        7347.713     26  14747.425    14748.868    14875.027
253  TVM+R3        7341.617     28  14739.233    14740.906    14876.651
254  TVM+R4        Skipped 
255  TVM+R5        Skipped 
256  TVM+R6        Skipped 
257  TVM+R7        Skipped 
258  TVM+R8        Skipped 
259  TVM+R9        Skipped 
260  TVM+R10       Skipped 
261  SYM           7732.599     22  15509.199    15510.235    15617.169
262  SYM+I         7515.552     23  15077.105    15078.236    15189.983
263  SYM+G4        7439.185     23  14924.370    14925.501    15037.249
264  SYM+I+G4      7439.207     24  14926.414    14927.645    15044.201
265  SYM+R2        7447.924     24  14943.848    14945.079    15061.634
266  SYM+R3        7438.683     26  14929.366    14930.808    15056.967
267  SYM+R4        7438.692     28  14933.383    14935.056    15070.801
268  SYM+R5        Skipped 
269  SYM+R6        Skipped 
270  SYM+R7        Skipped 
271  SYM+R8        Skipped 
272  SYM+R9        Skipped 
273  SYM+R10       Skipped 
274  GTR           7641.266     25  15332.532    15333.867    15455.226
275  GTR+I         7417.155     26  14886.310    14887.753    15013.912
276  GTR+G4        7342.268     26  14736.536    14737.979    14864.137
277  GTR+I+G4      7341.888     27  14737.775    14739.331    14870.285
278  GTR+R2        7347.572     27  14749.144    14750.700    14881.653
279  GTR+R3        7341.224     29  14740.447    14742.241    14882.772
280  GTR+R4        Skipped 
281  GTR+R5        Skipped 
282  GTR+R6        Skipped 
283  GTR+R7        Skipped 
284  GTR+R8        Skipped 
285  GTR+R9        Skipped 
286  GTR+R10       Skipped 
Akaike Information Criterion:           TVM+G4
Corrected Akaike Information Criterion: TVM+G4
Bayesian Information Criterion:         TVM+G4
Best-fit model: TVM+G4 chosen according to BIC

All model information printed to ./results/gene6.phy.model
CPU time for ModelFinder: 7.021 seconds (0h:0m:7s)
Wall-clock time for ModelFinder: 8.271 seconds (0h:0m:8s)
Generating 1000 samples for ultrafast bootstrap (seed: 51406)...

NOTE: 2 MB RAM (0 GB) is required!
Estimate model parameters (epsilon = 0.100)
1. Initial log-likelihood: -7609.592
2. Current log-likelihood: -7522.117
3. Current log-likelihood: -7513.852
4. Current log-likelihood: -7509.522
5. Current log-likelihood: -7505.208
6. Current log-likelihood: -7500.880
7. Current log-likelihood: -7496.534
8. Current log-likelihood: -7492.173
9. Current log-likelihood: -7487.800
10. Current log-likelihood: -7375.830
11. Current log-likelihood: -7373.142
Optimal log-likelihood: -7373.041
Rate parameters:  A-C: 60.687  A-G: 100.000  A-T: 22.083  C-G: 26.501  C-T: 100.000  G-T: 1.000
Base frequencies:   A: 0.376  C: 0.163  G: 0.204  T: 0.258
Gamma shape alpha: 0.603
Parameters optimization took 11 rounds (0.139 sec)

WARNING: Estimated model parameters are at boundary that can cause numerical instability!

Computing ML distances based on estimated model parameters... 0.002 sec
Computing BIONJ tree...
0.000 seconds
Log-likelihood of BIONJ tree: -7368.369
--------------------------------------------------------------------
|             INITIALIZING CANDIDATE TREE SET                      |
--------------------------------------------------------------------
Generating 98 parsimony trees... 0.071 second
Computing log-likelihood of 97 initial trees ... 0.437 seconds
Current best score: -7368.369

Do NNI search on 20 best initial trees
Estimate model parameters (epsilon = 0.100)

WARNING: Estimated model parameters are at boundary that can cause numerical instability!

BETTER TREE FOUND at iteration 1: -7367.567
Estimate model parameters (epsilon = 0.100)

WARNING: Estimated model parameters are at boundary that can cause numerical instability!

BETTER TREE FOUND at iteration 2: -7366.811
Estimate model parameters (epsilon = 0.100)
BETTER TREE FOUND at iteration 4: -7365.863
Iteration 10 / LogL: -7367.129 / Time: 0h:0m:9s
Iteration 20 / LogL: -7367.606 / Time: 0h:0m:10s
Finish initializing candidate tree set (6)
Current best tree score: -7365.863 / CPU time: 1.614
Number of iterations: 20
--------------------------------------------------------------------
|               OPTIMIZING CANDIDATE TREE SET                      |
--------------------------------------------------------------------
Iteration 30 / LogL: -7365.863 / Time: 0h:0m:10s (0h:0m:5s left)
UPDATE BEST LOG-LIKELIHOOD: -7365.863
UPDATE BEST LOG-LIKELIHOOD: -7365.863
Iteration 40 / LogL: -7365.863 / Time: 0h:0m:10s (0h:0m:4s left)
Iteration 50 / LogL: -7365.863 / Time: 0h:0m:11s (0h:0m:3s left)
Log-likelihood cutoff on original alignment: -7377.688
UPDATE BEST LOG-LIKELIHOOD: -7365.863
UPDATE BEST LOG-LIKELIHOOD: -7365.863
Iteration 60 / LogL: -7365.863 / Time: 0h:0m:11s (0h:0m:2s left)
UPDATE BEST LOG-LIKELIHOOD: -7365.863
Iteration 70 / LogL: -7366.164 / Time: 0h:0m:12s (0h:0m:1s left)
UPDATE BEST LOG-LIKELIHOOD: -7365.863
Iteration 80 / LogL: -7365.863 / Time: 0h:0m:12s (0h:0m:1s left)
Iteration 90 / LogL: -7366.164 / Time: 0h:0m:13s (0h:0m:0s left)
UPDATE BEST LOG-LIKELIHOOD: -7365.863
Iteration 100 / LogL: -7367.551 / Time: 0h:0m:13s (0h:0m:0s left)
Log-likelihood cutoff on original alignment: -7377.688
NOTE: Bootstrap correlation coefficient of split occurrence frequencies: 0.985
NOTE: UFBoot does not converge, continue at least 100 more iterations
Iteration 110 / LogL: -7365.863 / Time: 0h:0m:14s (0h:0m:4s left)
UPDATE BEST LOG-LIKELIHOOD: -7365.863
Iteration 120 / LogL: -7365.863 / Time: 0h:0m:14s (0h:0m:4s left)
Iteration 130 / LogL: -7365.863 / Time: 0h:0m:15s (0h:0m:3s left)
Iteration 140 / LogL: -7365.863 / Time: 0h:0m:15s (0h:0m:3s left)
Iteration 150 / LogL: -7367.550 / Time: 0h:0m:16s (0h:0m:2s left)
Log-likelihood cutoff on original alignment: -7378.389
Iteration 160 / LogL: -7365.863 / Time: 0h:0m:16s (0h:0m:2s left)
Iteration 170 / LogL: -7367.551 / Time: 0h:0m:17s (0h:0m:1s left)
Iteration 180 / LogL: -7365.863 / Time: 0h:0m:17s (0h:0m:1s left)
Iteration 190 / LogL: -7367.566 / Time: 0h:0m:18s (0h:0m:0s left)
Iteration 200 / LogL: -7365.863 / Time: 0h:0m:18s (0h:0m:0s left)
Log-likelihood cutoff on original alignment: -7378.389
NOTE: Bootstrap correlation coefficient of split occurrence frequencies: 0.995
TREE SEARCH COMPLETED AFTER 200 ITERATIONS / Time: 0h:0m:18s

--------------------------------------------------------------------
|                    FINALIZING TREE SEARCH                        |
--------------------------------------------------------------------
Performs final model parameters optimization
Estimate model parameters (epsilon = 0.010)
1. Initial log-likelihood: -7365.863
Optimal log-likelihood: -7365.857
Rate parameters:  A-C: 60.433  A-G: 99.985  A-T: 21.798  C-G: 26.355  C-T: 99.985  G-T: 1.000
Base frequencies:   A: 0.376  C: 0.163  G: 0.204  T: 0.258
Gamma shape alpha: 0.601
Parameters optimization took 1 rounds (0.008 sec)
BEST SCORE FOUND : -7365.857
Creating bootstrap support values...
Split supports printed to NEXUS file ./results/gene6.phy.splits.nex
Total tree length: 2.924

Total number of iterations: 200
CPU time used for tree search: 8.573 sec (0h:0m:8s)
Wall-clock time used for tree search: 10.512 sec (0h:0m:10s)
Total CPU time used: 15.794 sec (0h:0m:15s)
Total wall-clock time used: 19.005 sec (0h:0m:19s)

Computing bootstrap consensus tree...
Reading input file ./results/gene6.phy.splits.nex...
10 taxa and 124 splits.
Consensus tree written to ./results/gene6.phy.contree
Reading input trees file ./results/gene6.phy.contree
Log-likelihood of consensus tree: -7366.157

Analysis results written to: 
  IQ-TREE report:                ./results/gene6.phy.iqtree
  Maximum-likelihood tree:       ./results/gene6.phy.treefile
  Likelihood distances:          ./results/gene6.phy.mldist

Ultrafast bootstrap approximation results written to:
  Split support values:          ./results/gene6.phy.splits.nex
  Consensus tree:                ./results/gene6.phy.contree
  Screen log file:               ./results/gene6.phy.log

Date and Time: Tue Aug 22 17:46:23 2017
