IQ-TREE multicore version 1.5.4 for Linux 64-bit built Apr  2 2017
Copyright (c) 2011-2017 by Bui Quang Minh, Nguyen Lam Tung,
Olga Chernomor, Heiko Schmidt, and Arndt von Haeseler.

Host:    hpc-crick (AVX, 251 GB RAM)
Command: iqtree -s ./results/gene5.phy -nt 1 -bb 1000
Seed:    307389 (Using SPRNG - Scalable Parallel Random Number Generator)
Time:    Tue Aug 22 17:46:23 2017
Kernel:  AVX - 1 threads (40 CPU cores detected)

Reading alignment file ./results/gene5.phy ... Phylip format detected
Alignment most likely contains DNA/RNA sequences
Alignment has 10 sequences with 1000 columns and 455 patterns (320 informative sites, 422 constant sites)
   Gap/Ambiguity  Composition  p-value
   1  A    0.00%    passed     99.93%
   2  B    0.00%    passed     92.38%
   3  C    0.00%    passed     76.86%
   4  D    0.00%    passed     94.56%
   5  E    0.00%    passed     72.51%
   6  F    0.00%    passed     77.10%
   7  G    0.00%    passed     83.76%
   8  H    0.00%    passed     90.46%
   9  I    0.00%    passed     94.97%
  10  J    0.00%    passed     74.05%
****  TOTAL    0.00%  0 sequences failed composition chi2 test (p-value<5%; df=3)

Create initial parsimony tree by phylogenetic likelihood library (PLL)... 0.000 seconds

NOTE: ModelFinder requires 3 MB RAM!
ModelFinder will test 286 DNA models (sample size: 1000) ...
 No. Model         -LnL         df  AIC          AICc         BIC
  1  JC            7437.056     17  14908.112    14908.735    14991.544
  2  JC+I          7142.625     18  14321.251    14321.948    14409.591
  3  JC+G4         7068.699     18  14173.397    14174.095    14261.737
  4  JC+I+G4       7069.055     19  14176.111    14176.886    14269.358
  5  JC+R2         7073.318     19  14184.637    14185.412    14277.884
  6  JC+R3         7068.702     21  14179.403    14180.348    14282.466
  7  JC+R4         Skipped 
  8  JC+R5         Skipped 
  9  JC+R6         Skipped 
 10  JC+R7         Skipped 
 11  JC+R8         Skipped 
 12  JC+R9         Skipped 
 13  JC+R10        Skipped 
 14  F81           7333.355     20  14706.709    14707.567    14804.864
 15  F81+I         7031.645     21  14105.291    14106.235    14208.353
 16  F81+G4        6949.230     21  13940.460    13941.405    14043.523
 17  F81+I+G4      6949.397     22  13942.793    13943.829    14050.764
 18  F81+R2        6955.280     22  13954.559    13955.595    14062.530
 19  F81+R3        6947.394     24  13942.787    13944.018    14060.573
 20  F81+R4        6947.077     26  13946.154    13947.597    14073.756
 21  F81+R5        Skipped 
 22  F81+R6        Skipped 
 23  F81+R7        Skipped 
 24  F81+R8        Skipped 
 25  F81+R9        Skipped 
 26  F81+R10       Skipped 
 27  K2P           7302.406     18  14640.812    14641.509    14729.151
 28  K2P+I         6998.343     19  14034.685    14035.461    14127.933
 29  K2P+G4        6906.875     19  13851.749    13852.525    13944.996
 30  K2P+I+G4      6906.956     20  13853.911    13854.769    13952.066
 31  K2P+R2        6916.475     20  13872.950    13873.808    13971.105
 32  K2P+R3        6904.337     22  13852.675    13853.711    13960.645
 33  K2P+R4        6904.013     24  13856.026    13857.257    13973.812
 34  K2P+R5        Skipped 
 35  K2P+R6        Skipped 
 36  K2P+R7        Skipped 
 37  K2P+R8        Skipped 
 38  K2P+R9        Skipped 
 39  K2P+R10       Skipped 
 40  HKY           7201.191     21  14444.382    14445.327    14547.445
 41  HKY+I         6888.085     22  13820.171    13821.207    13928.141
 42  HKY+G4        6782.577     22  13609.153    13610.189    13717.124
 43  HKY+I+G4      6782.883     23  13611.766    13612.897    13724.644
 44  HKY+R2        6796.195     23  13638.390    13639.521    13751.268
 45  HKY+R3        6782.044     25  13614.089    13615.424    13736.783
 46  HKY+R4        6780.449     27  13614.897    13616.453    13747.407
 47  HKY+R5        Skipped 
 48  HKY+R6        Skipped 
 49  HKY+R7        Skipped 
 50  HKY+R8        Skipped 
 51  HKY+R9        Skipped 
 52  HKY+R10       Skipped 
 53  TNe           7299.195     19  14636.390    14637.166    14729.638
 54  TNe+I         6995.356     20  14030.713    14031.571    14128.868
 55  TNe+G4        6900.988     20  13841.975    13842.834    13940.131
 56  TNe+I+G4      6900.780     21  13843.560    13844.505    13946.623
 57  TNe+R2        6913.135     21  13868.271    13869.215    13971.333
 58  TNe+R3        6898.582     23  13843.165    13844.296    13956.043
 59  TNe+R4        6897.393     25  13844.786    13846.121    13967.480
 60  TNe+R5        Skipped 
 61  TNe+R6        Skipped 
 62  TNe+R7        Skipped 
 63  TNe+R8        Skipped 
 64  TNe+R9        Skipped 
 65  TNe+R10       Skipped 
 66  TN            7200.077     22  14444.155    14445.191    14552.125
 67  TN+I          6886.896     23  13819.793    13820.924    13932.671
 68  TN+G4         6782.394     23  13610.788    13611.919    13723.666
 69  TN+I+G4       6782.669     24  13613.337    13614.568    13731.123
 70  TN+R2         6795.330     24  13638.659    13639.890    13756.445
 71  TN+R3         6781.926     26  13615.852    13617.295    13743.454
 72  TN+R4         6780.476     28  13616.951    13618.624    13754.368
 73  TN+R5         Skipped 
 74  TN+R6         Skipped 
 75  TN+R7         Skipped 
 76  TN+R8         Skipped 
 77  TN+R9         Skipped 
 78  TN+R10        Skipped 
 79  K3P           7301.599     19  14641.197    14641.973    14734.445
 80  K3P+I         6997.352     20  14034.705    14035.563    14132.860
 81  K3P+G4        6904.595     20  13849.191    13850.049    13947.346
 82  K3P+I+G4      6904.473     21  13850.947    13851.891    13954.009
 83  K3P+R2        6914.496     21  13870.991    13871.936    13974.054
 84  K3P+R3        6901.892     23  13849.785    13850.916    13962.663
 85  K3P+R4        6901.310     25  13852.619    13853.954    13975.313
 86  K3P+R5        Skipped 
 87  K3P+R6        Skipped 
 88  K3P+R7        Skipped 
 89  K3P+R8        Skipped 
 90  K3P+R9        Skipped 
 91  K3P+R10       Skipped 
 92  K3Pu          7196.679     22  14437.358    14438.394    14545.329
 93  K3Pu+I        6882.687     23  13811.374    13812.505    13924.253
 94  K3Pu+G4       6774.516     23  13595.031    13596.162    13707.910
 95  K3Pu+I+G4     6774.715     24  13597.429    13598.660    13715.215
 96  K3Pu+R2       6789.049     24  13626.098    13627.328    13743.884
 97  K3Pu+R3       6773.869     26  13599.738    13601.181    13727.339
 98  K3Pu+R4       6771.963     28  13599.925    13601.598    13737.342
 99  K3Pu+R5       Skipped 
100  K3Pu+R6       Skipped 
101  K3Pu+R7       Skipped 
102  K3Pu+R8       Skipped 
103  K3Pu+R9       Skipped 
104  K3Pu+R10      Skipped 
105  TPM2          7189.675     22  14423.350    14424.386    14531.321
106  TPM2+I        6877.765     23  13801.529    13802.660    13914.407
107  TPM2+G4       6777.138     23  13600.277    13601.408    13713.155
108  TPM2+I+G4     6777.433     24  13602.866    13604.097    13720.652
109  TPM2+R2       6789.156     24  13626.313    13627.544    13744.099
110  TPM2+R3       6776.252     26  13604.503    13605.946    13732.105
111  TPM2+R4       6775.660     28  13607.319    13608.992    13744.737
112  TPM2+R5       Skipped 
113  TPM2+R6       Skipped 
114  TPM2+R7       Skipped 
115  TPM2+R8       Skipped 
116  TPM2+R9       Skipped 
117  TPM2+R10      Skipped 
118  TPM2u         7189.714     22  14423.427    14424.463    14531.398
119  TPM2u+I       6877.774     23  13801.547    13802.678    13914.426
120  TPM2u+G4      6777.139     23  13600.278    13601.409    13713.157
121  TPM2u+I+G4    6777.411     24  13602.823    13604.053    13720.609
122  TPM2u+R2      6789.152     24  13626.303    13627.534    13744.089
123  TPM2u+R3      6776.256     26  13604.513    13605.956    13732.114
124  TPM2u+R4      6775.652     28  13607.305    13608.977    13744.722
125  TPM2u+R5      Skipped 
126  TPM2u+R6      Skipped 
127  TPM2u+R7      Skipped 
128  TPM2u+R8      Skipped 
129  TPM2u+R9      Skipped 
130  TPM2u+R10     Skipped 
131  TPM3          7190.707     22  14425.414    14426.449    14533.384
132  TPM3+I        6875.087     23  13796.174    13797.306    13909.053
133  TPM3+G4       6767.588     23  13581.175    13582.307    13694.054
134  TPM3+I+G4     6767.369     24  13582.738    13583.969    13700.524
135  TPM3+R2       6784.326     24  13616.651    13617.882    13734.438
136  TPM3+R3       6766.578     26  13585.156    13586.598    13712.757
137  TPM3+R4       6765.971     28  13587.941    13589.614    13725.359
138  TPM3+R5       Skipped 
139  TPM3+R6       Skipped 
140  TPM3+R7       Skipped 
141  TPM3+R8       Skipped 
142  TPM3+R9       Skipped 
143  TPM3+R10      Skipped 
144  TPM3u         7190.719     22  14425.438    14426.474    14533.409
145  TPM3u+I       6875.088     23  13796.176    13797.308    13909.055
146  TPM3u+G4      6767.572     23  13581.145    13582.276    13694.023
147  TPM3u+I+G4    6767.349     24  13582.699    13583.930    13700.485
148  TPM3u+R2      6784.337     24  13616.675    13617.906    13734.461
149  TPM3u+R3      6766.523     26  13585.047    13586.490    13712.648
150  TPM3u+R4      6765.956     28  13587.911    13589.584    13725.328
151  TPM3u+R5      Skipped 
152  TPM3u+R6      Skipped 
153  TPM3u+R7      Skipped 
154  TPM3u+R8      Skipped 
155  TPM3u+R9      Skipped 
156  TPM3u+R10     Skipped 
157  TIMe          7298.408     20  14636.816    14637.675    14734.972
158  TIMe+I        6994.392     21  14030.783    14031.728    14133.846
159  TIMe+G4       6898.884     21  13839.769    13840.713    13942.831
160  TIMe+I+G4     6898.598     22  13841.196    13842.232    13949.166
161  TIMe+R2       6911.249     22  13866.498    13867.534    13974.469
162  TIMe+R3       6896.229     24  13840.459    13841.690    13958.245
163  TIMe+R4       6894.811     26  13841.623    13843.065    13969.224
164  TIMe+R5       Skipped 
165  TIMe+R6       Skipped 
166  TIMe+R7       Skipped 
167  TIMe+R8       Skipped 
168  TIMe+R9       Skipped 
169  TIMe+R10      Skipped 
170  TIM           7195.551     23  14437.102    14438.233    14549.980
171  TIM+I         6881.360     24  13810.719    13811.950    13928.505
172  TIM+G4        6774.370     24  13596.739    13597.970    13714.525
173  TIM+I+G4      6774.484     25  13598.968    13600.302    13721.662
174  TIM+R2        6788.163     25  13626.327    13627.661    13749.020
175  TIM+R3        6773.925     27  13601.850    13603.406    13734.360
176  TIM+R4        6771.858     29  13601.716    13603.510    13744.041
177  TIM+R5        Skipped 
178  TIM+R6        Skipped 
179  TIM+R7        Skipped 
180  TIM+R8        Skipped 
181  TIM+R9        Skipped 
182  TIM+R10       Skipped 
183  TIM2e         7265.527     20  14571.053    14571.911    14669.208
184  TIM2e+I       6961.674     21  13965.348    13966.293    14068.411
185  TIM2e+G4      6859.993     21  13761.985    13762.930    13865.048
186  TIM2e+I+G4    6859.861     22  13763.722    13764.758    13871.692
187  TIM2e+R2      6873.797     22  13791.594    13792.629    13899.564
188  TIM2e+R3      6857.660     24  13763.320    13764.551    13881.106
189  TIM2e+R4      6857.599     26  13767.197    13768.640    13894.799
190  TIM2e+R5      Skipped 
191  TIM2e+R6      Skipped 
192  TIM2e+R7      Skipped 
193  TIM2e+R8      Skipped 
194  TIM2e+R9      Skipped 
195  TIM2e+R10     Skipped 
196  TIM2          7188.562     23  14423.124    14424.255    14536.002
197  TIM2+I        6876.715     24  13801.431    13802.662    13919.217
198  TIM2+G4       6776.991     24  13601.983    13603.213    13719.769
199  TIM2+I+G4     6776.914     25  13603.829    13605.163    13726.523
200  TIM2+R2       6787.938     25  13625.876    13627.210    13748.570
201  TIM2+R3       6775.969     27  13605.939    13607.494    13738.448
202  TIM2+R4       6775.906     29  13609.812    13611.606    13752.137
203  TIM2+R5       Skipped 
204  TIM2+R6       Skipped 
205  TIM2+R7       Skipped 
206  TIM2+R8       Skipped 
207  TIM2+R9       Skipped 
208  TIM2+R10      Skipped 
209  TIM3e         7297.512     20  14635.025    14635.883    14733.180
210  TIM3e+I       6993.220     21  14028.440    14029.385    14131.503
211  TIM3e+G4      6898.507     21  13839.013    13839.958    13942.076
212  TIM3e+I+G4    6898.181     22  13840.361    13841.397    13948.332
213  TIM3e+R2      6911.393     22  13866.787    13867.823    13974.757
214  TIM3e+R3      6895.921     24  13839.842    13841.072    13957.628
215  TIM3e+R4      6895.326     26  13842.652    13844.095    13970.254
216  TIM3e+R5      Skipped 
217  TIM3e+R6      Skipped 
218  TIM3e+R7      Skipped 
219  TIM3e+R8      Skipped 
220  TIM3e+R9      Skipped 
221  TIM3e+R10     Skipped 
222  TIM3          7188.715     23  14423.430    14424.562    14536.309
223  TIM3+I        6873.000     24  13793.999    13795.230    13911.785
224  TIM3+G4       6766.783     24  13581.566    13582.797    13699.352
225  TIM3+I+G4     6766.515     25  13583.029    13584.364    13705.723
226  TIM3+R2       6782.509     25  13615.018    13616.353    13737.712
227  TIM3+R3       6766.121     27  13586.241    13587.797    13718.751
228  TIM3+R4       6765.845     29  13589.690    13591.484    13732.015
229  TIM3+R5       Skipped 
230  TIM3+R6       Skipped 
231  TIM3+R7       Skipped 
232  TIM3+R8       Skipped 
233  TIM3+R9       Skipped 
234  TIM3+R10      Skipped 
235  TVMe          7266.734     21  14575.469    14576.413    14678.531
236  TVMe+I        6962.257     22  13968.513    13969.549    14076.484
237  TVMe+G4       6862.386     22  13768.772    13769.807    13876.742
238  TVMe+I+G4     6862.220     23  13770.440    13771.571    13883.318
239  TVMe+R2       6874.018     23  13794.035    13795.167    13906.914
240  TVMe+R3       6859.844     25  13769.687    13771.022    13892.381
241  TVMe+R4       6859.837     27  13773.674    13775.230    13906.183
242  TVMe+R5       Skipped 
243  TVMe+R6       Skipped 
244  TVMe+R7       Skipped 
245  TVMe+R8       Skipped 
246  TVMe+R9       Skipped 
247  TVMe+R10      Skipped 
248  TVM           7177.713     24  14403.426    14404.657    14521.212
249  TVM+I         6863.172     25  13776.345    13777.680    13899.039
250  TVM+G4        6758.111     25  13566.221    13567.556    13688.915
251  TVM+I+G4      6758.128     26  13568.256    13569.699    13695.857
252  TVM+R2        6773.884     26  13599.768    13601.211    13727.370
253  TVM+R3        6757.095     28  13570.190    13571.863    13707.608
254  TVM+R4        6756.970     30  13573.940    13575.860    13721.173
255  TVM+R5        Skipped 
256  TVM+R6        Skipped 
257  TVM+R7        Skipped 
258  TVM+R8        Skipped 
259  TVM+R9        Skipped 
260  TVM+R10       Skipped 
261  SYM           7263.155     22  14570.311    14571.346    14678.281
262  SYM+I         6959.012     23  13964.025    13965.156    14076.903
263  SYM+G4        6854.792     23  13755.584    13756.715    13868.462
264  SYM+I+G4      6854.659     24  13757.317    13758.548    13875.103
265  SYM+R2        6869.842     24  13787.683    13788.914    13905.469
266  SYM+R3        6851.995     26  13755.990    13757.433    13883.591
267  SYM+R4        6852.005     28  13760.011    13761.683    13897.428
268  SYM+R5        Skipped 
269  SYM+R6        Skipped 
270  SYM+R7        Skipped 
271  SYM+R8        Skipped 
272  SYM+R9        Skipped 
273  SYM+R10       Skipped 
274  GTR           7175.793     25  14401.587    14402.922    14524.281
275  GTR+I         6861.379     26  13774.758    13776.201    13902.360
276  GTR+G4        6756.721     26  13565.442    13566.885    13693.044
277  GTR+I+G4      6756.758     27  13567.516    13569.071    13700.025
278  GTR+R2        6771.503     27  13597.007    13598.562    13729.516
279  GTR+R3        6756.146     29  13570.291    13572.085    13712.616
280  GTR+R4        6756.092     31  13574.184    13576.234    13726.325
281  GTR+R5        Skipped 
282  GTR+R6        Skipped 
283  GTR+R7        Skipped 
284  GTR+R8        Skipped 
285  GTR+R9        Skipped 
286  GTR+R10       Skipped 
Akaike Information Criterion:           GTR+G4
Corrected Akaike Information Criterion: GTR+G4
Bayesian Information Criterion:         TVM+G4
Best-fit model: TVM+G4 chosen according to BIC

All model information printed to ./results/gene5.phy.model
CPU time for ModelFinder: 16.156 seconds (0h:0m:16s)
Wall-clock time for ModelFinder: 20.146 seconds (0h:0m:20s)
Generating 1000 samples for ultrafast bootstrap (seed: 307389)...

NOTE: 2 MB RAM (0 GB) is required!
Estimate model parameters (epsilon = 0.100)
1. Initial log-likelihood: -7035.653
2. Current log-likelihood: -6899.905
3. Current log-likelihood: -6890.212
4. Current log-likelihood: -6887.278
5. Current log-likelihood: -6884.389
6. Current log-likelihood: -6881.501
7. Current log-likelihood: -6878.606
8. Current log-likelihood: -6875.703
9. Current log-likelihood: -6872.795
10. Current log-likelihood: -6869.883
11. Current log-likelihood: -6782.381
12. Current log-likelihood: -6778.281
13. Current log-likelihood: -6777.806
Optimal log-likelihood: -6777.782
Rate parameters:  A-C: 55.452  A-G: 99.940  A-T: 21.310  C-G: 25.050  C-T: 99.940  G-T: 1.000
Base frequencies:   A: 0.384  C: 0.160  G: 0.214  T: 0.242
Gamma shape alpha: 0.393
Parameters optimization took 13 rounds (0.157 sec)
Computing ML distances based on estimated model parameters... 0.000 sec
Computing BIONJ tree...
0.000 seconds
Log-likelihood of BIONJ tree: -6777.456
--------------------------------------------------------------------
|             INITIALIZING CANDIDATE TREE SET                      |
--------------------------------------------------------------------
Generating 98 parsimony trees... 0.065 second
Computing log-likelihood of 93 initial trees ... 0.346 seconds
Current best score: -6777.456

Do NNI search on 20 best initial trees
Estimate model parameters (epsilon = 0.100)
BETTER TREE FOUND at iteration 1: -6776.444
Estimate model parameters (epsilon = 0.100)
BETTER TREE FOUND at iteration 2: -6772.217
Estimate model parameters (epsilon = 0.100)
BETTER TREE FOUND at iteration 6: -6771.882
Iteration 10 / LogL: -6772.447 / Time: 0h:0m:21s
WARNING: NNI search needs unusual large number of steps (7) to converge!
Iteration 20 / LogL: -6772.216 / Time: 0h:0m:21s
Finish initializing candidate tree set (10)
Current best tree score: -6771.882 / CPU time: 1.594
Number of iterations: 20
--------------------------------------------------------------------
|               OPTIMIZING CANDIDATE TREE SET                      |
--------------------------------------------------------------------
UPDATE BEST LOG-LIKELIHOOD: -6771.882
UPDATE BEST LOG-LIKELIHOOD: -6771.882
Iteration 30 / LogL: -6771.883 / Time: 0h:0m:22s (0h:0m:5s left)
Iteration 40 / LogL: -6772.210 / Time: 0h:0m:22s (0h:0m:3s left)
Iteration 50 / LogL: -6772.210 / Time: 0h:0m:22s (0h:0m:3s left)
Log-likelihood cutoff on original alignment: -6781.888
Iteration 60 / LogL: -6771.882 / Time: 0h:0m:23s (0h:0m:2s left)
Iteration 70 / LogL: -6772.210 / Time: 0h:0m:23s (0h:0m:1s left)
UPDATE BEST LOG-LIKELIHOOD: -6771.882
Iteration 80 / LogL: -6771.882 / Time: 0h:0m:23s (0h:0m:1s left)
Iteration 90 / LogL: -6772.210 / Time: 0h:0m:24s (0h:0m:0s left)
Iteration 100 / LogL: -6771.882 / Time: 0h:0m:24s (0h:0m:0s left)
Log-likelihood cutoff on original alignment: -6781.888
NOTE: Bootstrap correlation coefficient of split occurrence frequencies: 0.981
NOTE: UFBoot does not converge, continue at least 100 more iterations
Iteration 110 / LogL: -6772.210 / Time: 0h:0m:24s (0h:0m:3s left)
UPDATE BEST LOG-LIKELIHOOD: -6771.882
UPDATE BEST LOG-LIKELIHOOD: -6771.882
Iteration 120 / LogL: -6772.210 / Time: 0h:0m:25s (0h:0m:3s left)
Iteration 130 / LogL: -6772.210 / Time: 0h:0m:25s (0h:0m:2s left)
Iteration 140 / LogL: -6771.882 / Time: 0h:0m:25s (0h:0m:2s left)
UPDATE BEST LOG-LIKELIHOOD: -6771.882
Iteration 150 / LogL: -6771.882 / Time: 0h:0m:26s (0h:0m:2s left)
Log-likelihood cutoff on original alignment: -6781.888
Iteration 160 / LogL: -6772.210 / Time: 0h:0m:26s (0h:0m:1s left)
Iteration 170 / LogL: -6772.447 / Time: 0h:0m:26s (0h:0m:1s left)
Iteration 180 / LogL: -6772.211 / Time: 0h:0m:27s (0h:0m:0s left)
Iteration 190 / LogL: -6771.882 / Time: 0h:0m:27s (0h:0m:0s left)
Iteration 200 / LogL: -6772.210 / Time: 0h:0m:27s (0h:0m:0s left)
Log-likelihood cutoff on original alignment: -6781.888
NOTE: Bootstrap correlation coefficient of split occurrence frequencies: 0.983
NOTE: UFBoot does not converge, continue at least 100 more iterations
Iteration 210 / LogL: -6772.217 / Time: 0h:0m:28s (0h:0m:3s left)
UPDATE BEST LOG-LIKELIHOOD: -6771.882
Iteration 220 / LogL: -6771.882 / Time: 0h:0m:28s (0h:0m:3s left)
Iteration 230 / LogL: -6772.210 / Time: 0h:0m:29s (0h:0m:2s left)
Iteration 240 / LogL: -6772.210 / Time: 0h:0m:29s (0h:0m:2s left)
Iteration 250 / LogL: -6771.882 / Time: 0h:0m:29s (0h:0m:1s left)
Log-likelihood cutoff on original alignment: -6781.888
UPDATE BEST LOG-LIKELIHOOD: -6771.882
Iteration 260 / LogL: -6771.882 / Time: 0h:0m:30s (0h:0m:1s left)
Iteration 270 / LogL: -6771.883 / Time: 0h:0m:30s (0h:0m:1s left)
Iteration 280 / LogL: -6772.211 / Time: 0h:0m:30s (0h:0m:0s left)
Iteration 290 / LogL: -6772.211 / Time: 0h:0m:31s (0h:0m:0s left)
Iteration 300 / LogL: -6772.210 / Time: 0h:0m:31s (0h:0m:0s left)
Log-likelihood cutoff on original alignment: -6781.888
NOTE: Bootstrap correlation coefficient of split occurrence frequencies: 0.979
NOTE: UFBoot does not converge, continue at least 100 more iterations
Iteration 310 / LogL: -6772.210 / Time: 0h:0m:32s (0h:0m:3s left)
Iteration 320 / LogL: -6771.882 / Time: 0h:0m:32s (0h:0m:3s left)
Iteration 330 / LogL: -6772.214 / Time: 0h:0m:32s (0h:0m:2s left)
UPDATE BEST LOG-LIKELIHOOD: -6771.882
Iteration 340 / LogL: -6771.882 / Time: 0h:0m:33s (0h:0m:2s left)
UPDATE BEST LOG-LIKELIHOOD: -6771.882
Iteration 350 / LogL: -6772.210 / Time: 0h:0m:33s (0h:0m:1s left)
Log-likelihood cutoff on original alignment: -6781.888
Iteration 360 / LogL: -6772.217 / Time: 0h:0m:33s (0h:0m:1s left)
UPDATE BEST LOG-LIKELIHOOD: -6771.882
Iteration 370 / LogL: -6772.216 / Time: 0h:0m:34s (0h:0m:1s left)
Iteration 380 / LogL: -6771.882 / Time: 0h:0m:34s (0h:0m:0s left)
Iteration 390 / LogL: -6772.211 / Time: 0h:0m:34s (0h:0m:0s left)
Iteration 400 / LogL: -6771.884 / Time: 0h:0m:35s (0h:0m:0s left)
Log-likelihood cutoff on original alignment: -6781.888
NOTE: Bootstrap correlation coefficient of split occurrence frequencies: 0.989
NOTE: UFBoot does not converge, continue at least 100 more iterations
Iteration 410 / LogL: -6772.210 / Time: 0h:0m:35s (0h:0m:3s left)
Iteration 420 / LogL: -6772.214 / Time: 0h:0m:35s (0h:0m:3s left)
Iteration 430 / LogL: -6772.210 / Time: 0h:0m:36s (0h:0m:2s left)
Iteration 440 / LogL: -6772.210 / Time: 0h:0m:36s (0h:0m:2s left)
Iteration 450 / LogL: -6771.884 / Time: 0h:0m:37s (0h:0m:1s left)
Log-likelihood cutoff on original alignment: -6781.888
Iteration 460 / LogL: -6771.882 / Time: 0h:0m:37s (0h:0m:1s left)
UPDATE BEST LOG-LIKELIHOOD: -6771.882
Iteration 470 / LogL: -6771.882 / Time: 0h:0m:38s (0h:0m:1s left)
Iteration 480 / LogL: -6772.210 / Time: 0h:0m:38s (0h:0m:0s left)
Iteration 490 / LogL: -6772.210 / Time: 0h:0m:39s (0h:0m:0s left)
Iteration 500 / LogL: -6771.882 / Time: 0h:0m:39s (0h:0m:0s left)
Log-likelihood cutoff on original alignment: -6781.888
NOTE: Bootstrap correlation coefficient of split occurrence frequencies: 0.991
TREE SEARCH COMPLETED AFTER 500 ITERATIONS / Time: 0h:0m:39s

--------------------------------------------------------------------
|                    FINALIZING TREE SEARCH                        |
--------------------------------------------------------------------
Performs final model parameters optimization
Estimate model parameters (epsilon = 0.010)
1. Initial log-likelihood: -6771.882
2. Current log-likelihood: -6771.871
Optimal log-likelihood: -6771.862
Rate parameters:  A-C: 55.300  A-G: 99.957  A-T: 20.779  C-G: 24.996  C-T: 99.957  G-T: 1.000
Base frequencies:   A: 0.384  C: 0.160  G: 0.214  T: 0.242
Gamma shape alpha: 0.397
Parameters optimization took 2 rounds (0.032 sec)
BEST SCORE FOUND : -6771.862
Creating bootstrap support values...
Split supports printed to NEXUS file ./results/gene5.phy.splits.nex
Total tree length: 3.079

Total number of iterations: 500
CPU time used for tree search: 18.904 sec (0h:0m:18s)
Wall-clock time used for tree search: 19.286 sec (0h:0m:19s)
Total CPU time used: 35.280 sec (0h:0m:35s)
Total wall-clock time used: 39.706 sec (0h:0m:39s)

Computing bootstrap consensus tree...
Reading input file ./results/gene5.phy.splits.nex...
10 taxa and 168 splits.
Consensus tree written to ./results/gene5.phy.contree
Reading input trees file ./results/gene5.phy.contree
Log-likelihood of consensus tree: -6773.642

Analysis results written to: 
  IQ-TREE report:                ./results/gene5.phy.iqtree
  Maximum-likelihood tree:       ./results/gene5.phy.treefile
  Likelihood distances:          ./results/gene5.phy.mldist

Ultrafast bootstrap approximation results written to:
  Split support values:          ./results/gene5.phy.splits.nex
  Consensus tree:                ./results/gene5.phy.contree
  Screen log file:               ./results/gene5.phy.log

Date and Time: Tue Aug 22 17:47:03 2017
