IQ-TREE multicore version 1.5.4 for Linux 64-bit built Apr  2 2017
Copyright (c) 2011-2017 by Bui Quang Minh, Nguyen Lam Tung,
Olga Chernomor, Heiko Schmidt, and Arndt von Haeseler.

Host:    hpc-crick (AVX, 251 GB RAM)
Command: iqtree -s ./results/gene5.phy -nt 1 -bb 1000
Seed:    195434 (Using SPRNG - Scalable Parallel Random Number Generator)
Time:    Tue Aug 22 18:12:08 2017
Kernel:  AVX - 1 threads (40 CPU cores detected)

Reading alignment file ./results/gene5.phy ... Phylip format detected
Alignment most likely contains DNA/RNA sequences
Alignment has 10 sequences with 1000 columns and 514 patterns (382 informative sites, 370 constant sites)
   Gap/Ambiguity  Composition  p-value
   1  A    0.00%    passed     64.91%
   2  B    0.00%    passed     64.91%
   3  C    0.00%    passed     98.69%
   4  D    0.00%    passed     84.50%
   5  E    0.00%    passed     86.29%
   6  F    0.00%    passed     73.48%
   7  G    0.00%    passed     17.75%
   8  H    0.00%    passed     59.12%
   9  I    0.00%    passed     76.16%
  10  J    0.00%    passed     63.09%
****  TOTAL    0.00%  0 sequences failed composition chi2 test (p-value<5%; df=3)

Create initial parsimony tree by phylogenetic likelihood library (PLL)... 0.008 seconds

NOTE: ModelFinder requires 3 MB RAM!
ModelFinder will test 286 DNA models (sample size: 1000) ...
 No. Model         -LnL         df  AIC          AICc         BIC
  1  JC            8003.230     17  16040.460    16041.083    16123.892
  2  JC+I          7724.078     18  15484.157    15484.854    15572.496
  3  JC+G4         7647.897     18  15331.794    15332.491    15420.134
  4  JC+I+G4       7648.123     19  15334.246    15335.021    15427.493
  5  JC+R2         7653.594     19  15345.188    15345.964    15438.436
  6  JC+R3         7647.414     21  15336.828    15337.773    15439.891
  7  JC+R4         Skipped 
  8  JC+R5         Skipped 
  9  JC+R6         Skipped 
 10  JC+R7         Skipped 
 11  JC+R8         Skipped 
 12  JC+R9         Skipped 
 13  JC+R10        Skipped 
 14  F81           7910.965     20  15861.930    15862.788    15960.085
 15  F81+I         7627.419     21  15296.838    15297.783    15399.901
 16  F81+G4        7547.137     21  15136.273    15137.218    15239.336
 17  F81+I+G4      7547.259     22  15138.518    15139.554    15246.488
 18  F81+R2        7555.215     22  15154.430    15155.466    15262.401
 19  F81+R3        7546.477     24  15140.954    15142.184    15258.740
 20  F81+R4        7546.266     26  15144.532    15145.975    15272.133
 21  F81+R5        Skipped 
 22  F81+R6        Skipped 
 23  F81+R7        Skipped 
 24  F81+R8        Skipped 
 25  F81+R9        Skipped 
 26  F81+R10       Skipped 
 27  K2P           7865.081     18  15766.161    15766.858    15854.501
 28  K2P+I         7576.059     19  15190.117    15190.893    15283.365
 29  K2P+G4        7474.760     19  14987.521    14988.296    15080.768
 30  K2P+I+G4      7475.037     20  14990.073    14990.931    15088.228
 31  K2P+R2        7489.781     20  15019.561    15020.419    15117.717
 32  K2P+R3        7473.497     22  14990.993    14992.029    15098.964
 33  K2P+R4        7473.490     24  14994.980    14996.211    15112.766
 34  K2P+R5        Skipped 
 35  K2P+R6        Skipped 
 36  K2P+R7        Skipped 
 37  K2P+R8        Skipped 
 38  K2P+R9        Skipped 
 39  K2P+R10       Skipped 
 40  HKY           7759.384     21  15560.767    15561.712    15663.830
 41  HKY+I         7469.825     22  14983.650    14984.686    15091.621
 42  HKY+G4        7357.679     22  14759.358    14760.394    14867.329
 43  HKY+I+G4      7357.997     23  14761.994    14763.125    14874.873
 44  HKY+R2        7375.126     23  14796.251    14797.382    14909.129
 45  HKY+R3        7356.394     25  14762.789    14764.124    14885.483
 46  HKY+R4        7354.271     27  14762.542    14764.098    14895.052
 47  HKY+R5        Skipped 
 48  HKY+R6        Skipped 
 49  HKY+R7        Skipped 
 50  HKY+R8        Skipped 
 51  HKY+R9        Skipped 
 52  HKY+R10       Skipped 
 53  TNe           7864.254     19  15766.509    15767.284    15859.756
 54  TNe+I         7575.484     20  15190.967    15191.825    15289.122
 55  TNe+G4        7471.718     20  14983.437    14984.295    15081.592
 56  TNe+I+G4      7472.014     21  14986.028    14986.973    15089.091
 57  TNe+R2        7487.107     21  15016.215    15017.160    15119.278
 58  TNe+R3        7470.434     23  14986.869    14988.000    15099.747
 59  TNe+R4        7469.338     25  14988.676    14990.011    15111.370
 60  TNe+R5        Skipped 
 61  TNe+R6        Skipped 
 62  TNe+R7        Skipped 
 63  TNe+R8        Skipped 
 64  TNe+R9        Skipped 
 65  TNe+R10       Skipped 
 66  TN            7758.595     22  15561.190    15562.226    15669.160
 67  TN+I          7468.485     23  14982.970    14984.101    15095.849
 68  TN+G4         7358.000     23  14761.999    14763.130    14874.878
 69  TN+I+G4       7358.217     24  14764.434    14765.665    14882.220
 70  TN+R2         7375.132     24  14798.264    14799.495    14916.050
 71  TN+R3         7356.582     26  14765.165    14766.607    14892.766
 72  TN+R4         7354.110     28  14764.220    14765.893    14901.637
 73  TN+R5         Skipped 
 74  TN+R6         Skipped 
 75  TN+R7         Skipped 
 76  TN+R8         Skipped 
 77  TN+R9         Skipped 
 78  TN+R10        Skipped 
 79  K3P           7862.219     19  15762.438    15763.214    15855.685
 80  K3P+I         7572.949     20  15185.897    15186.755    15284.052
 81  K3P+G4        7469.450     20  14978.901    14979.759    15077.056
 82  K3P+I+G4      7469.636     21  14981.273    14982.217    15084.336
 83  K3P+R2        7484.908     21  15011.817    15012.762    15114.880
 84  K3P+R3        7468.041     23  14982.082    14983.213    15094.960
 85  K3P+R4        7466.976     25  14983.952    14985.287    15106.646
 86  K3P+R5        Skipped 
 87  K3P+R6        Skipped 
 88  K3P+R7        Skipped 
 89  K3P+R8        Skipped 
 90  K3P+R9        Skipped 
 91  K3P+R10       Skipped 
 92  K3Pu          7750.398     22  15544.796    15545.832    15652.767
 93  K3Pu+I        7462.342     23  14970.683    14971.815    15083.562
 94  K3Pu+G4       7345.459     23  14736.919    14738.050    14849.797
 95  K3Pu+I+G4     7345.754     24  14739.509    14740.740    14857.295
 96  K3Pu+R2       7363.077     24  14774.154    14775.385    14891.941
 97  K3Pu+R3       7344.114     26  14740.228    14741.671    14867.830
 98  K3Pu+R4       7341.910     28  14739.820    14741.493    14877.237
 99  K3Pu+R5       Skipped 
100  K3Pu+R6       Skipped 
101  K3Pu+R7       Skipped 
102  K3Pu+R8       Skipped 
103  K3Pu+R9       Skipped 
104  K3Pu+R10      Skipped 
105  TPM2          7755.780     22  15555.561    15556.596    15663.531
106  TPM2+I        7464.424     23  14974.847    14975.978    15087.725
107  TPM2+G4       7354.050     23  14754.100    14755.231    14866.978
108  TPM2+I+G4     7354.351     24  14756.701    14757.932    14874.487
109  TPM2+R2       7369.857     24  14787.714    14788.945    14905.500
110  TPM2+R3       7352.652     26  14757.304    14758.747    14884.905
111  TPM2+R4       7351.042     28  14758.084    14759.757    14895.502
112  TPM2+R5       Skipped 
113  TPM2+R6       Skipped 
114  TPM2+R7       Skipped 
115  TPM2+R8       Skipped 
116  TPM2+R9       Skipped 
117  TPM2+R10      Skipped 
118  TPM2u         7755.806     22  15555.612    15556.648    15663.582
119  TPM2u+I       7464.414     23  14974.827    14975.958    15087.706
120  TPM2u+G4      7354.051     23  14754.103    14755.234    14866.981
121  TPM2u+I+G4    7354.327     24  14756.654    14757.885    14874.441
122  TPM2u+R2      7369.861     24  14787.722    14788.953    14905.508
123  TPM2u+R3      7352.634     26  14757.268    14758.711    14884.869
124  TPM2u+R4      7351.029     28  14758.058    14759.730    14895.475
125  TPM2u+R5      Skipped 
126  TPM2u+R6      Skipped 
127  TPM2u+R7      Skipped 
128  TPM2u+R8      Skipped 
129  TPM2u+R9      Skipped 
130  TPM2u+R10     Skipped 
131  TPM3          7750.939     22  15545.879    15546.915    15653.850
132  TPM3+I        7465.402     23  14976.803    14977.934    15089.681
133  TPM3+G4       7347.391     23  14740.783    14741.914    14853.661
134  TPM3+I+G4     7347.500     24  14743.001    14744.232    14860.787
135  TPM3+R2       7364.589     24  14777.177    14778.408    14894.963
136  TPM3+R3       7346.272     26  14744.543    14745.986    14872.145
137  TPM3+R4       7343.747     28  14743.495    14745.167    14880.912
138  TPM3+R5       Skipped 
139  TPM3+R6       Skipped 
140  TPM3+R7       Skipped 
141  TPM3+R8       Skipped 
142  TPM3+R9       Skipped 
143  TPM3+R10      Skipped 
144  TPM3u         7750.937     22  15545.874    15546.910    15653.845
145  TPM3u+I       7465.412     23  14976.824    14977.955    15089.703
146  TPM3u+G4      7347.396     23  14740.793    14741.924    14853.671
147  TPM3u+I+G4    7347.482     24  14742.964    14744.195    14860.750
148  TPM3u+R2      7364.581     24  14777.162    14778.393    14894.949
149  TPM3u+R3      7346.275     26  14744.549    14745.992    14872.151
150  TPM3u+R4      7343.740     28  14743.480    14745.152    14880.897
151  TPM3u+R5      Skipped 
152  TPM3u+R6      Skipped 
153  TPM3u+R7      Skipped 
154  TPM3u+R8      Skipped 
155  TPM3u+R9      Skipped 
156  TPM3u+R10     Skipped 
157  TIMe          7861.407     20  15762.814    15763.672    15860.969
158  TIMe+I        7572.391     21  15186.782    15187.727    15289.845
159  TIMe+G4       7466.536     21  14975.071    14976.016    15078.134
160  TIMe+I+G4     7466.716     22  14977.432    14978.467    15085.402
161  TIMe+R2       7482.332     22  15008.663    15009.699    15116.634
162  TIMe+R3       7465.130     24  14978.260    14979.491    15096.046
163  TIMe+R4       7464.015     26  14980.030    14981.473    15107.631
164  TIMe+R5       Skipped 
165  TIMe+R6       Skipped 
166  TIMe+R7       Skipped 
167  TIMe+R8       Skipped 
168  TIMe+R9       Skipped 
169  TIMe+R10      Skipped 
170  TIM           7749.428     23  15544.855    15545.987    15657.734
171  TIM+I         7460.963     24  14969.926    14971.157    15087.712
172  TIM+G4        7345.410     24  14738.820    14740.051    14856.607
173  TIM+I+G4      7345.627     25  14741.254    14742.589    14863.948
174  TIM+R2        7362.972     25  14775.945    14777.279    14898.639
175  TIM+R3        7344.137     27  14742.275    14743.830    14874.784
176  TIM+R4        7341.871     29  14741.743    14743.537    14884.068
177  TIM+R5        Skipped 
178  TIM+R6        Skipped 
179  TIM+R7        Skipped 
180  TIM+R8        Skipped 
181  TIM+R9        Skipped 
182  TIM+R10       Skipped 
183  TIM2e         7839.167     20  15718.334    15719.192    15816.490
184  TIM2e+I       7546.479     21  15134.957    15135.902    15238.020
185  TIM2e+G4      7430.179     21  14902.357    14903.302    15005.420
186  TIM2e+I+G4    7430.561     22  14905.121    14906.157    15013.092
187  TIM2e+R2      7445.083     22  14934.167    14935.203    15042.137
188  TIM2e+R3      7429.852     24  14907.703    14908.934    15025.489
189  TIM2e+R4      7429.803     26  14911.606    14913.049    15039.208
190  TIM2e+R5      Skipped 
191  TIM2e+R6      Skipped 
192  TIM2e+R7      Skipped 
193  TIM2e+R8      Skipped 
194  TIM2e+R9      Skipped 
195  TIM2e+R10     Skipped 
196  TIM2          7755.005     23  15556.010    15557.141    15668.889
197  TIM2+I        7463.250     24  14974.500    14975.731    15092.286
198  TIM2+G4       7353.953     24  14755.906    14757.137    14873.693
199  TIM2+I+G4     7354.288     25  14758.575    14759.910    14881.269
200  TIM2+R2       7369.806     25  14789.613    14790.948    14912.307
201  TIM2+R3       7352.731     27  14759.462    14761.018    14891.972
202  TIM2+R4       7350.965     29  14759.930    14761.724    14902.255
203  TIM2+R5       Skipped 
204  TIM2+R6       Skipped 
205  TIM2+R7       Skipped 
206  TIM2+R8       Skipped 
207  TIM2+R9       Skipped 
208  TIM2+R10      Skipped 
209  TIM3e         7863.081     20  15766.162    15767.020    15864.318
210  TIM3e+I       7575.063     21  15192.125    15193.070    15295.188
211  TIM3e+G4      7470.279     21  14982.558    14983.503    15085.621
212  TIM3e+I+G4    7470.390     22  14984.781    14985.817    15092.752
213  TIM3e+R2      7485.479     22  15014.959    15015.995    15122.929
214  TIM3e+R3      7468.954     24  14985.908    14987.138    15103.694
215  TIM3e+R4      7467.708     26  14987.417    14988.860    15115.019
216  TIM3e+R5      Skipped 
217  TIM3e+R6      Skipped 
218  TIM3e+R7      Skipped 
219  TIM3e+R8      Skipped 
220  TIM3e+R9      Skipped 
221  TIM3e+R10     Skipped 
222  TIM3          7749.799     23  15545.599    15546.730    15658.477
223  TIM3+I        7463.871     24  14975.742    14976.972    15093.528
224  TIM3+G4       7347.402     24  14742.804    14744.035    14860.590
225  TIM3+I+G4     7347.245     25  14744.491    14745.825    14867.185
226  TIM3+R2       7364.348     25  14778.696    14780.031    14901.390
227  TIM3+R3       7346.372     27  14746.745    14748.300    14879.254
228  TIM3+R4       7343.689     29  14745.377    14747.171    14887.702
229  TIM3+R5       Skipped 
230  TIM3+R6       Skipped 
231  TIM3+R7       Skipped 
232  TIM3+R8       Skipped 
233  TIM3+R9       Skipped 
234  TIM3+R10      Skipped 
235  TVMe          7835.351     21  15712.703    15713.648    15815.766
236  TVMe+I        7542.454     22  15128.909    15129.945    15236.880
237  TVMe+G4       7426.773     22  14897.545    14898.581    15005.516
238  TVMe+I+G4     7427.066     23  14900.133    14901.264    15013.011
239  TVMe+R2       7441.978     23  14929.956    14931.087    15042.835
240  TVMe+R3       7426.172     25  14902.344    14903.679    15025.038
241  TVMe+R4       7426.078     27  14906.157    14907.712    15038.666
242  TVMe+R5       Skipped 
243  TVMe+R6       Skipped 
244  TVMe+R7       Skipped 
245  TVMe+R8       Skipped 
246  TVMe+R9       Skipped 
247  TVMe+R10      Skipped 
248  TVM           7742.055     24  15532.109    15533.340    15649.895
249  TVM+I         7454.479     25  14958.959    14960.293    15081.653
250  TVM+G4        7336.090     25  14722.180    14723.515    14844.874
251  TVM+I+G4      7336.408     26  14724.817    14726.260    14852.418
252  TVM+R2        7351.726     26  14755.453    14756.896    14883.054
253  TVM+R3        7334.916     28  14725.832    14727.505    14863.249
254  TVM+R4        7332.878     30  14725.756    14727.676    14872.989
255  TVM+R5        Skipped 
256  TVM+R6        Skipped 
257  TVM+R7        Skipped 
258  TVM+R8        Skipped 
259  TVM+R9        Skipped 
260  TVM+R10       Skipped 
261  SYM           7834.516     22  15713.031    15714.067    15821.002
262  SYM+I         7541.765     23  15129.531    15130.662    15242.409
263  SYM+G4        7422.875     23  14891.751    14892.882    15004.629
264  SYM+I+G4      7423.214     24  14894.428    14895.659    15012.214
265  SYM+R2        7438.275     24  14924.550    14925.781    15042.336
266  SYM+R3        7422.337     26  14896.673    14898.116    15024.275
267  SYM+R4        7422.170     28  14900.340    14902.013    15037.757
268  SYM+R5        Skipped 
269  SYM+R6        Skipped 
270  SYM+R7        Skipped 
271  SYM+R8        Skipped 
272  SYM+R9        Skipped 
273  SYM+R10       Skipped 
274  GTR           7741.229     25  15532.458    15533.793    15655.152
275  GTR+I         7453.239     26  14958.479    14959.922    15086.080
276  GTR+G4        7335.665     26  14723.331    14724.774    14850.932
277  GTR+I+G4      7335.840     27  14725.680    14727.236    14858.190
278  GTR+R2        7351.470     27  14756.939    14758.495    14889.449
279  GTR+R3        7334.689     29  14727.377    14729.171    14869.702
280  GTR+R4        7334.526     31  14731.053    14733.102    14883.193
281  GTR+R5        Skipped 
282  GTR+R6        Skipped 
283  GTR+R7        Skipped 
284  GTR+R8        Skipped 
285  GTR+R9        Skipped 
286  GTR+R10       Skipped 
Akaike Information Criterion:           TVM+G4
Corrected Akaike Information Criterion: TVM+G4
Bayesian Information Criterion:         TVM+G4
Best-fit model: TVM+G4 chosen according to BIC

All model information printed to ./results/gene5.phy.model
CPU time for ModelFinder: 11.892 seconds (0h:0m:11s)
Wall-clock time for ModelFinder: 17.375 seconds (0h:0m:17s)
Generating 1000 samples for ultrafast bootstrap (seed: 195434)...

NOTE: 2 MB RAM (0 GB) is required!
Estimate model parameters (epsilon = 0.100)
1. Initial log-likelihood: -7606.215
2. Current log-likelihood: -7348.137
3. Current log-likelihood: -7338.170
4. Current log-likelihood: -7336.930
5. Current log-likelihood: -7336.803
6. Current log-likelihood: -7336.697
Optimal log-likelihood: -7336.649
Rate parameters:  A-C: 2.175  A-G: 4.190  A-T: 0.686  C-G: 0.589  C-T: 4.190  G-T: 1.000
Base frequencies:   A: 0.374  C: 0.176  G: 0.200  T: 0.251
Gamma shape alpha: 0.486
Parameters optimization took 6 rounds (0.176 sec)
Computing ML distances based on estimated model parameters... 0.001 sec
Computing BIONJ tree...
0.000 seconds
Log-likelihood of BIONJ tree: -7334.201
--------------------------------------------------------------------
|             INITIALIZING CANDIDATE TREE SET                      |
--------------------------------------------------------------------
Generating 98 parsimony trees... 0.096 second
Computing log-likelihood of 94 initial trees ... 0.549 seconds
Current best score: -7334.201

Do NNI search on 20 best initial trees
Estimate model parameters (epsilon = 0.100)
BETTER TREE FOUND at iteration 1: -7331.741
Estimate model parameters (epsilon = 0.100)
BETTER TREE FOUND at iteration 8: -7330.533
Iteration 10 / LogL: -7333.547 / Time: 0h:0m:18s
Iteration 20 / LogL: -7333.543 / Time: 0h:0m:19s
Finish initializing candidate tree set (5)
Current best tree score: -7330.533 / CPU time: 1.899
Number of iterations: 20
--------------------------------------------------------------------
|               OPTIMIZING CANDIDATE TREE SET                      |
--------------------------------------------------------------------
UPDATE BEST LOG-LIKELIHOOD: -7330.531
UPDATE BEST LOG-LIKELIHOOD: -7330.531
UPDATE BEST LOG-LIKELIHOOD: -7330.531
Iteration 30 / LogL: -7333.614 / Time: 0h:0m:20s (0h:0m:7s left)
Iteration 40 / LogL: -7333.541 / Time: 0h:0m:20s (0h:0m:5s left)
Iteration 50 / LogL: -7331.793 / Time: 0h:0m:21s (0h:0m:4s left)
Log-likelihood cutoff on original alignment: -7341.145
Estimate model parameters (epsilon = 0.100)
BETTER TREE FOUND at iteration 53: -7329.652
BETTER TREE FOUND at iteration 55: -7329.651
UPDATE BEST LOG-LIKELIHOOD: -7329.651
UPDATE BEST LOG-LIKELIHOOD: -7329.651
UPDATE BEST LOG-LIKELIHOOD: -7329.651
Iteration 60 / LogL: -7329.651 / Time: 0h:0m:21s (0h:0m:7s left)
UPDATE BEST LOG-LIKELIHOOD: -7329.651
Iteration 70 / LogL: -7329.829 / Time: 0h:0m:22s (0h:0m:6s left)
Iteration 80 / LogL: -7329.651 / Time: 0h:0m:22s (0h:0m:5s left)
Iteration 90 / LogL: -7329.835 / Time: 0h:0m:23s (0h:0m:4s left)
Iteration 100 / LogL: -7329.651 / Time: 0h:0m:23s (0h:0m:3s left)
Log-likelihood cutoff on original alignment: -7340.172
NOTE: Bootstrap correlation coefficient of split occurrence frequencies: 0.865
NOTE: UFBoot does not converge, continue at least 100 more iterations
Iteration 110 / LogL: -7329.651 / Time: 0h:0m:24s (0h:0m:5s left)
Iteration 120 / LogL: -7329.834 / Time: 0h:0m:24s (0h:0m:4s left)
UPDATE BEST LOG-LIKELIHOOD: -7329.651
Iteration 130 / LogL: -7329.652 / Time: 0h:0m:25s (0h:0m:4s left)
Iteration 140 / LogL: -7329.652 / Time: 0h:0m:25s (0h:0m:3s left)
Iteration 150 / LogL: -7329.651 / Time: 0h:0m:26s (0h:0m:2s left)
Log-likelihood cutoff on original alignment: -7340.172
UPDATE BEST LOG-LIKELIHOOD: -7329.651
Iteration 160 / LogL: -7330.014 / Time: 0h:0m:26s (0h:0m:2s left)
Iteration 170 / LogL: -7329.651 / Time: 0h:0m:27s (0h:0m:1s left)
Iteration 180 / LogL: -7329.878 / Time: 0h:0m:27s (0h:0m:1s left)
Iteration 190 / LogL: -7329.897 / Time: 0h:0m:28s (0h:0m:0s left)
Iteration 200 / LogL: -7329.651 / Time: 0h:0m:28s (0h:0m:0s left)
Log-likelihood cutoff on original alignment: -7341.074
NOTE: Bootstrap correlation coefficient of split occurrence frequencies: 0.996
TREE SEARCH COMPLETED AFTER 200 ITERATIONS / Time: 0h:0m:28s

--------------------------------------------------------------------
|                    FINALIZING TREE SEARCH                        |
--------------------------------------------------------------------
Performs final model parameters optimization
Estimate model parameters (epsilon = 0.010)
1. Initial log-likelihood: -7329.651
Optimal log-likelihood: -7329.643
Rate parameters:  A-C: 2.300  A-G: 4.527  A-T: 0.751  C-G: 0.638  C-T: 4.527  G-T: 1.000
Base frequencies:   A: 0.374  C: 0.176  G: 0.200  T: 0.251
Gamma shape alpha: 0.486
Parameters optimization took 1 rounds (0.013 sec)
BEST SCORE FOUND : -7329.643
Creating bootstrap support values...
Split supports printed to NEXUS file ./results/gene5.phy.splits.nex
Total tree length: 3.236

Total number of iterations: 200
CPU time used for tree search: 9.445 sec (0h:0m:9s)
Wall-clock time used for tree search: 11.207 sec (0h:0m:11s)
Total CPU time used: 21.511 sec (0h:0m:21s)
Total wall-clock time used: 28.836 sec (0h:0m:28s)

Computing bootstrap consensus tree...
Reading input file ./results/gene5.phy.splits.nex...
10 taxa and 159 splits.
Consensus tree written to ./results/gene5.phy.contree
Reading input trees file ./results/gene5.phy.contree
Log-likelihood of consensus tree: -7329.643

Analysis results written to: 
  IQ-TREE report:                ./results/gene5.phy.iqtree
  Maximum-likelihood tree:       ./results/gene5.phy.treefile
  Likelihood distances:          ./results/gene5.phy.mldist

Ultrafast bootstrap approximation results written to:
  Split support values:          ./results/gene5.phy.splits.nex
  Consensus tree:                ./results/gene5.phy.contree
  Screen log file:               ./results/gene5.phy.log

Date and Time: Tue Aug 22 18:12:37 2017
