IQ-TREE multicore version 1.5.4 for Linux 64-bit built Apr  2 2017
Copyright (c) 2011-2017 by Bui Quang Minh, Nguyen Lam Tung,
Olga Chernomor, Heiko Schmidt, and Arndt von Haeseler.

Host:    hpc-crick (AVX, 251 GB RAM)
Command: iqtree -s ./results/gene14.phy -nt 1 -bb 1000
Seed:    363892 (Using SPRNG - Scalable Parallel Random Number Generator)
Time:    Tue Aug 22 18:12:37 2017
Kernel:  AVX - 1 threads (40 CPU cores detected)

Reading alignment file ./results/gene14.phy ... Phylip format detected
Alignment most likely contains DNA/RNA sequences
Alignment has 10 sequences with 1000 columns and 542 patterns (387 informative sites, 336 constant sites)
   Gap/Ambiguity  Composition  p-value
   1  A    0.00%    passed     96.20%
   2  B    0.00%    passed     73.65%
   3  C    0.00%    passed     42.25%
   4  D    0.00%    passed     69.15%
   5  E    0.00%    passed     87.14%
   6  F    0.00%    passed     92.41%
   7  G    0.00%    passed     91.27%
   8  H    0.00%    passed     37.62%
   9  I    0.00%    passed     75.10%
  10  J    0.00%    passed     75.99%
****  TOTAL    0.00%  0 sequences failed composition chi2 test (p-value<5%; df=3)

Create initial parsimony tree by phylogenetic likelihood library (PLL)... 0.001 seconds

NOTE: ModelFinder requires 3 MB RAM!
ModelFinder will test 286 DNA models (sample size: 1000) ...
 No. Model         -LnL         df  AIC          AICc         BIC
  1  JC            8256.988     17  16547.975    16548.598    16631.407
  2  JC+I          8008.929     18  16053.858    16054.555    16142.197
  3  JC+G4         7943.021     18  15922.041    15922.738    16010.381
  4  JC+I+G4       7942.125     19  15922.250    15923.025    16015.497
  5  JC+R2         7950.083     19  15938.166    15938.942    16031.413
  6  JC+R3         7941.809     21  15925.619    15926.563    16028.682
  7  JC+R4         7941.759     23  15929.519    15930.650    16042.397
  8  JC+R5         Skipped 
  9  JC+R6         Skipped 
 10  JC+R7         Skipped 
 11  JC+R8         Skipped 
 12  JC+R9         Skipped 
 13  JC+R10        Skipped 
 14  F81           8138.256     20  16316.512    16317.370    16414.668
 15  F81+I         7878.625     21  15799.249    15800.194    15902.312
 16  F81+G4        7802.402     21  15646.803    15647.748    15749.866
 17  F81+I+G4      7801.468     22  15646.937    15647.973    15754.907
 18  F81+R2        7809.981     22  15663.961    15664.997    15771.932
 19  F81+R3        7801.413     24  15650.826    15652.057    15768.612
 20  F81+R4        7801.376     26  15654.753    15656.196    15782.354
 21  F81+R5        Skipped 
 22  F81+R6        Skipped 
 23  F81+R7        Skipped 
 24  F81+R8        Skipped 
 25  F81+R9        Skipped 
 26  F81+R10       Skipped 
 27  K2P           8121.600     18  16279.200    16279.897    16367.539
 28  K2P+I         7861.909     19  15761.819    15762.594    15855.066
 29  K2P+G4        7774.972     19  15587.944    15588.719    15681.191
 30  K2P+I+G4      7774.888     20  15589.777    15590.635    15687.932
 31  K2P+R2        7787.595     20  15615.189    15616.047    15713.344
 32  K2P+R3        7774.364     22  15592.728    15593.763    15700.698
 33  K2P+R4        7774.292     24  15596.584    15597.815    15714.370
 34  K2P+R5        Skipped 
 35  K2P+R6        Skipped 
 36  K2P+R7        Skipped 
 37  K2P+R8        Skipped 
 38  K2P+R9        Skipped 
 39  K2P+R10       Skipped 
 40  HKY           8001.230     21  16044.461    16045.405    16147.524
 41  HKY+I         7738.345     22  15520.689    15521.725    15628.660
 42  HKY+G4        7632.626     22  15309.253    15310.289    15417.223
 43  HKY+I+G4      7632.956     23  15311.911    15313.042    15424.790
 44  HKY+R2        7647.115     23  15340.230    15341.361    15453.108
 45  HKY+R3        7632.149     25  15314.297    15315.632    15436.991
 46  HKY+R4        7632.078     27  15318.155    15319.711    15450.665
 47  HKY+R5        Skipped 
 48  HKY+R6        Skipped 
 49  HKY+R7        Skipped 
 50  HKY+R8        Skipped 
 51  HKY+R9        Skipped 
 52  HKY+R10       Skipped 
 53  TNe           8117.229     19  16272.459    16273.234    16365.706
 54  TNe+I         7860.621     20  15761.242    15762.100    15859.397
 55  TNe+G4        7771.000     20  15582.000    15582.858    15680.155
 56  TNe+I+G4      7770.986     21  15583.972    15584.917    15687.035
 57  TNe+R2        7784.692     21  15611.384    15612.329    15714.447
 58  TNe+R3        7770.061     23  15586.121    15587.252    15699.000
 59  TNe+R4        7770.023     25  15590.046    15591.380    15712.740
 60  TNe+R5        Skipped 
 61  TNe+R6        Skipped 
 62  TNe+R7        Skipped 
 63  TNe+R8        Skipped 
 64  TNe+R9        Skipped 
 65  TNe+R10       Skipped 
 66  TN            8001.192     22  16046.383    16047.419    16154.354
 67  TN+I          7736.335     23  15518.670    15519.801    15631.548
 68  TN+G4         7632.117     23  15310.234    15311.365    15423.113
 69  TN+I+G4       7632.245     24  15312.491    15313.722    15430.277
 70  TN+R2         7646.322     24  15340.644    15341.875    15458.430
 71  TN+R3         7631.714     26  15315.427    15316.870    15443.029
 72  TN+R4         7631.670     28  15319.339    15321.012    15456.757
 73  TN+R5         Skipped 
 74  TN+R6         Skipped 
 75  TN+R7         Skipped 
 76  TN+R8         Skipped 
 77  TN+R9         Skipped 
 78  TN+R10        Skipped 
 79  K3P           8116.326     19  16270.653    16271.428    16363.900
 80  K3P+I         7855.590     20  15751.180    15752.038    15849.335
 81  K3P+G4        7763.987     20  15567.974    15568.832    15666.129
 82  K3P+I+G4      7763.907     21  15569.813    15570.758    15672.876
 83  K3P+R2        7777.411     21  15596.821    15597.766    15699.884
 84  K3P+R3        7763.249     23  15572.498    15573.629    15685.376
 85  K3P+R4        7763.237     25  15576.474    15577.809    15699.168
 86  K3P+R5        Skipped 
 87  K3P+R6        Skipped 
 88  K3P+R7        Skipped 
 89  K3P+R8        Skipped 
 90  K3P+R9        Skipped 
 91  K3P+R10       Skipped 
 92  K3Pu          7988.645     22  16021.290    16022.326    16129.261
 93  K3Pu+I        7727.144     23  15500.289    15501.420    15613.167
 94  K3Pu+G4       7613.133     23  15272.266    15273.397    15385.144
 95  K3Pu+I+G4     7613.555     24  15275.110    15276.341    15392.896
 96  K3Pu+R2       7627.915     24  15303.831    15305.061    15421.617
 97  K3Pu+R3       7612.420     26  15276.840    15278.283    15404.442
 98  K3Pu+R4       7612.399     28  15280.798    15282.471    15418.216
 99  K3Pu+R5       Skipped 
100  K3Pu+R6       Skipped 
101  K3Pu+R7       Skipped 
102  K3Pu+R8       Skipped 
103  K3Pu+R9       Skipped 
104  K3Pu+R10      Skipped 
105  TPM2          7994.517     22  16033.034    16034.070    16141.005
106  TPM2+I        7728.544     23  15503.088    15504.219    15615.966
107  TPM2+G4       7627.733     23  15301.467    15302.598    15414.345
108  TPM2+I+G4     7627.847     24  15303.694    15304.925    15421.480
109  TPM2+R2       7641.725     24  15331.450    15332.681    15449.236
110  TPM2+R3       7627.023     26  15306.046    15307.489    15433.648
111  TPM2+R4       7627.020     28  15310.040    15311.713    15447.457
112  TPM2+R5       Skipped 
113  TPM2+R6       Skipped 
114  TPM2+R7       Skipped 
115  TPM2+R8       Skipped 
116  TPM2+R9       Skipped 
117  TPM2+R10      Skipped 
118  TPM2u         7994.521     22  16033.042    16034.078    16141.012
119  TPM2u+I       7728.532     23  15503.063    15504.194    15615.942
120  TPM2u+G4      7627.709     23  15301.419    15302.550    15414.297
121  TPM2u+I+G4    7627.814     24  15303.627    15304.858    15421.413
122  TPM2u+R2      7641.681     24  15331.362    15332.593    15449.148
123  TPM2u+R3      7627.024     26  15306.049    15307.492    15433.650
124  TPM2u+R4      7627.011     28  15310.021    15311.694    15447.438
125  TPM2u+R5      Skipped 
126  TPM2u+R6      Skipped 
127  TPM2u+R7      Skipped 
128  TPM2u+R8      Skipped 
129  TPM2u+R9      Skipped 
130  TPM2u+R10     Skipped 
131  TPM3          7978.680     22  16001.359    16002.395    16109.330
132  TPM3+I        7724.601     23  15495.202    15496.333    15608.081
133  TPM3+G4       7611.208     23  15268.416    15269.548    15381.295
134  TPM3+I+G4     7611.375     24  15270.750    15271.980    15388.536
135  TPM3+R2       7626.603     24  15301.205    15302.436    15418.992
136  TPM3+R3       7610.717     26  15273.434    15274.877    15401.035
137  TPM3+R4       7610.640     28  15277.281    15278.953    15414.698
138  TPM3+R5       Skipped 
139  TPM3+R6       Skipped 
140  TPM3+R7       Skipped 
141  TPM3+R8       Skipped 
142  TPM3+R9       Skipped 
143  TPM3+R10      Skipped 
144  TPM3u         7978.650     22  16001.300    16002.336    16109.271
145  TPM3u+I       7724.602     23  15495.203    15496.334    15608.082
146  TPM3u+G4      7611.222     23  15268.445    15269.576    15381.323
147  TPM3u+I+G4    7611.327     24  15270.655    15271.885    15388.441
148  TPM3u+R2      7626.567     24  15301.135    15302.366    15418.921
149  TPM3u+R3      7610.687     26  15273.374    15274.817    15400.976
150  TPM3u+R4      7610.642     28  15277.283    15278.956    15414.700
151  TPM3u+R5      Skipped 
152  TPM3u+R6      Skipped 
153  TPM3u+R7      Skipped 
154  TPM3u+R8      Skipped 
155  TPM3u+R9      Skipped 
156  TPM3u+R10     Skipped 
157  TIMe          8112.069     20  16264.139    16264.997    16362.294
158  TIMe+I        7854.471     21  15750.942    15751.887    15854.005
159  TIMe+G4       7760.281     21  15562.563    15563.508    15665.626
160  TIMe+I+G4     7760.296     22  15564.593    15565.629    15672.564
161  TIMe+R2       7774.751     22  15593.501    15594.537    15701.472
162  TIMe+R3       7759.199     24  15566.397    15567.628    15684.184
163  TIMe+R4       7759.243     26  15570.487    15571.930    15698.088
164  TIMe+R5       Skipped 
165  TIMe+R6       Skipped 
166  TIMe+R7       Skipped 
167  TIMe+R8       Skipped 
168  TIMe+R9       Skipped 
169  TIMe+R10      Skipped 
170  TIM           7988.649     23  16023.298    16024.429    16136.176
171  TIM+I         7724.801     24  15497.602    15498.833    15615.388
172  TIM+G4        7612.856     24  15273.711    15274.942    15391.497
173  TIM+I+G4      7612.986     25  15275.972    15277.307    15398.666
174  TIM+R2        7627.272     25  15304.544    15305.879    15427.238
175  TIM+R3        7612.150     27  15278.300    15279.855    15410.809
176  TIM+R4        7612.186     29  15282.373    15284.167    15424.698
177  TIM+R5        Skipped 
178  TIM+R6        Skipped 
179  TIM+R7        Skipped 
180  TIM+R8        Skipped 
181  TIM+R9        Skipped 
182  TIM+R10       Skipped 
183  TIM2e         8087.928     20  16215.856    16216.714    16314.011
184  TIM2e+I       7827.696     21  15697.391    15698.336    15800.454
185  TIM2e+G4      7725.328     21  15492.656    15493.600    15595.719
186  TIM2e+I+G4    7725.396     22  15494.793    15495.829    15602.763
187  TIM2e+R2      7741.898     22  15527.796    15528.832    15635.767
188  TIM2e+R3      7724.379     24  15496.758    15497.989    15614.544
189  TIM2e+R4      7724.339     26  15500.678    15502.120    15628.279
190  TIM2e+R5      Skipped 
191  TIM2e+R6      Skipped 
192  TIM2e+R7      Skipped 
193  TIM2e+R8      Skipped 
194  TIM2e+R9      Skipped 
195  TIM2e+R10     Skipped 
196  TIM2          7994.534     23  16035.067    16036.199    16147.946
197  TIM2+I        7726.748     24  15501.496    15502.727    15619.282
198  TIM2+G4       7626.956     24  15301.913    15303.144    15419.699
199  TIM2+I+G4     7626.658     25  15303.316    15304.650    15426.010
200  TIM2+R2       7640.402     25  15330.805    15332.140    15453.499
201  TIM2+R3       7626.355     27  15306.711    15308.266    15439.220
202  TIM2+R4       7626.328     29  15310.656    15312.450    15452.981
203  TIM2+R5       Skipped 
204  TIM2+R6       Skipped 
205  TIM2+R7       Skipped 
206  TIM2+R8       Skipped 
207  TIM2+R9       Skipped 
208  TIM2+R10      Skipped 
209  TIM3e         8109.845     20  16259.690    16260.548    16357.846
210  TIM3e+I       7855.931     21  15753.861    15754.806    15856.924
211  TIM3e+G4      7763.596     21  15569.192    15570.137    15672.255
212  TIM3e+I+G4    7763.575     22  15571.151    15572.186    15679.121
213  TIM3e+R2      7777.786     22  15599.573    15600.609    15707.543
214  TIM3e+R3      7762.435     24  15572.870    15574.100    15690.656
215  TIM3e+R4      7762.493     26  15576.986    15578.429    15704.588
216  TIM3e+R5      Skipped 
217  TIM3e+R6      Skipped 
218  TIM3e+R7      Skipped 
219  TIM3e+R8      Skipped 
220  TIM3e+R9      Skipped 
221  TIM3e+R10     Skipped 
222  TIM3          7978.187     23  16002.373    16003.504    16115.252
223  TIM3+I        7722.137     24  15492.275    15493.506    15610.061
224  TIM3+G4       7610.212     24  15268.423    15269.654    15386.209
225  TIM3+I+G4     7609.943     25  15269.885    15271.220    15392.579
226  TIM3+R2       7624.924     25  15299.847    15301.182    15422.541
227  TIM3+R3       7609.786     27  15273.572    15275.127    15406.081
228  TIM3+R4       7609.493     29  15276.985    15278.779    15419.310
229  TIM3+R5       Skipped 
230  TIM3+R6       Skipped 
231  TIM3+R7       Skipped 
232  TIM3+R8       Skipped 
233  TIM3+R9       Skipped 
234  TIM3+R10      Skipped 
235  TVMe          8082.216     21  16206.431    16207.376    16309.494
236  TVMe+I        7819.901     22  15683.801    15684.837    15791.772
237  TVMe+G4       7715.479     22  15474.958    15475.994    15582.929
238  TVMe+I+G4     7715.495     23  15476.990    15478.122    15589.869
239  TVMe+R2       7731.079     23  15508.159    15509.290    15621.037
240  TVMe+R3       7714.640     25  15479.280    15480.615    15601.974
241  TVMe+R4       7714.612     27  15483.223    15484.779    15615.733
242  TVMe+R5       Skipped 
243  TVMe+R6       Skipped 
244  TVMe+R7       Skipped 
245  TVMe+R8       Skipped 
246  TVMe+R9       Skipped 
247  TVMe+R10      Skipped 
248  TVM           7967.102     24  15982.203    15983.434    16099.989
249  TVM+I         7708.727     25  15467.454    15468.789    15590.148
250  TVM+G4        7595.154     25  15240.308    15241.643    15363.002
251  TVM+I+G4      7595.428     26  15242.856    15244.299    15370.458
252  TVM+R2        7610.474     26  15272.948    15274.391    15400.549
253  TVM+R3        7594.750     28  15245.500    15247.172    15382.917
254  TVM+R4        7594.644     30  15249.288    15251.208    15396.521
255  TVM+R5        Skipped 
256  TVM+R6        Skipped 
257  TVM+R7        Skipped 
258  TVM+R8        Skipped 
259  TVM+R9        Skipped 
260  TVM+R10       Skipped 
261  SYM           8077.903     22  16199.807    16200.842    16307.777
262  SYM+I         7818.762     23  15683.523    15684.654    15796.402
263  SYM+G4        7710.358     23  15466.716    15467.847    15579.595
264  SYM+I+G4      7710.525     24  15469.050    15470.281    15586.836
265  SYM+R2        7727.450     24  15502.899    15504.130    15620.686
266  SYM+R3        7709.151     26  15470.302    15471.745    15597.903
267  SYM+R4        7709.130     28  15474.260    15475.933    15611.678
268  SYM+R5        Skipped 
269  SYM+R6        Skipped 
270  SYM+R7        Skipped 
271  SYM+R8        Skipped 
272  SYM+R9        Skipped 
273  SYM+R10       Skipped 
274  GTR           7966.479     25  15982.957    15984.292    16105.651
275  GTR+I         7706.406     26  15464.812    15466.255    15592.414
276  GTR+G4        7592.974     26  15237.949    15239.392    15365.550
277  GTR+I+G4      7593.046     27  15240.092    15241.647    15372.601
278  GTR+R2        7608.213     27  15270.425    15271.981    15402.935
279  GTR+R3        7593.050     29  15244.100    15245.893    15386.424
280  GTR+R4        7592.806     31  15247.612    15249.662    15399.753
281  GTR+R5        Skipped 
282  GTR+R6        Skipped 
283  GTR+R7        Skipped 
284  GTR+R8        Skipped 
285  GTR+R9        Skipped 
286  GTR+R10       Skipped 
Akaike Information Criterion:           GTR+G4
Corrected Akaike Information Criterion: GTR+G4
Bayesian Information Criterion:         TVM+G4
Best-fit model: TVM+G4 chosen according to BIC

All model information printed to ./results/gene14.phy.model
CPU time for ModelFinder: 10.901 seconds (0h:0m:10s)
Wall-clock time for ModelFinder: 12.413 seconds (0h:0m:12s)
Generating 1000 samples for ultrafast bootstrap (seed: 363892)...

NOTE: 2 MB RAM (0 GB) is required!
Estimate model parameters (epsilon = 0.100)
1. Initial log-likelihood: -7858.914
2. Current log-likelihood: -7693.497
3. Current log-likelihood: -7641.246
4. Current log-likelihood: -7635.959
5. Current log-likelihood: -7635.488
Optimal log-likelihood: -7635.447
Rate parameters:  A-C: 60.952  A-G: 99.995  A-T: 21.096  C-G: 26.138  C-T: 99.995  G-T: 1.000
Base frequencies:   A: 0.397  C: 0.162  G: 0.208  T: 0.233
Gamma shape alpha: 0.528
Parameters optimization took 5 rounds (0.090 sec)
Computing ML distances based on estimated model parameters... 0.002 sec
Computing BIONJ tree...
0.000 seconds
Log-likelihood of BIONJ tree: -7632.771
--------------------------------------------------------------------
|             INITIALIZING CANDIDATE TREE SET                      |
--------------------------------------------------------------------
Generating 98 parsimony trees... 0.099 second
Computing log-likelihood of 96 initial trees ... 0.399 seconds
Current best score: -7632.771

Do NNI search on 20 best initial trees
Estimate model parameters (epsilon = 0.100)
BETTER TREE FOUND at iteration 1: -7630.519
Estimate model parameters (epsilon = 0.100)
BETTER TREE FOUND at iteration 2: -7629.163
Estimate model parameters (epsilon = 0.100)
BETTER TREE FOUND at iteration 4: -7628.163
UPDATE BEST LOG-LIKELIHOOD: -7628.162
Iteration 10 / LogL: -7628.163 / Time: 0h:0m:13s
Iteration 20 / LogL: -7630.426 / Time: 0h:0m:14s
Finish initializing candidate tree set (11)
Current best tree score: -7628.162 / CPU time: 1.908
Number of iterations: 20
--------------------------------------------------------------------
|               OPTIMIZING CANDIDATE TREE SET                      |
--------------------------------------------------------------------
UPDATE BEST LOG-LIKELIHOOD: -7628.162
Iteration 30 / LogL: -7628.163 / Time: 0h:0m:14s (0h:0m:6s left)
Iteration 40 / LogL: -7628.163 / Time: 0h:0m:15s (0h:0m:4s left)
Iteration 50 / LogL: -7628.163 / Time: 0h:0m:15s (0h:0m:3s left)
Log-likelihood cutoff on original alignment: -7637.209
Iteration 60 / LogL: -7630.494 / Time: 0h:0m:16s (0h:0m:2s left)
Iteration 70 / LogL: -7628.163 / Time: 0h:0m:17s (0h:0m:2s left)
UPDATE BEST LOG-LIKELIHOOD: -7628.162
Iteration 80 / LogL: -7628.162 / Time: 0h:0m:17s (0h:0m:1s left)
Iteration 90 / LogL: -7628.477 / Time: 0h:0m:17s (0h:0m:0s left)
Iteration 100 / LogL: -7628.163 / Time: 0h:0m:18s (0h:0m:0s left)
Log-likelihood cutoff on original alignment: -7637.209
NOTE: Bootstrap correlation coefficient of split occurrence frequencies: 0.996
TREE SEARCH COMPLETED AFTER 105 ITERATIONS / Time: 0h:0m:18s

--------------------------------------------------------------------
|                    FINALIZING TREE SEARCH                        |
--------------------------------------------------------------------
Performs final model parameters optimization
Estimate model parameters (epsilon = 0.010)
1. Initial log-likelihood: -7628.162
2. Current log-likelihood: -7628.149
3. Current log-likelihood: -7628.137
4. Current log-likelihood: -7628.127
5. Current log-likelihood: -7628.117
Optimal log-likelihood: -7628.107
Rate parameters:  A-C: 61.255  A-G: 99.502  A-T: 20.526  C-G: 25.750  C-T: 99.502  G-T: 1.000
Base frequencies:   A: 0.397  C: 0.162  G: 0.208  T: 0.233
Gamma shape alpha: 0.538
Parameters optimization took 5 rounds (0.064 sec)
BEST SCORE FOUND : -7628.107
Creating bootstrap support values...
Split supports printed to NEXUS file ./results/gene14.phy.splits.nex
Total tree length: 3.590

Total number of iterations: 105
CPU time used for tree search: 6.017 sec (0h:0m:6s)
Wall-clock time used for tree search: 6.187 sec (0h:0m:6s)
Total CPU time used: 17.095 sec (0h:0m:17s)
Total wall-clock time used: 18.822 sec (0h:0m:18s)

Computing bootstrap consensus tree...
Reading input file ./results/gene14.phy.splits.nex...
10 taxa and 176 splits.
Consensus tree written to ./results/gene14.phy.contree
Reading input trees file ./results/gene14.phy.contree
Log-likelihood of consensus tree: -7628.107

Analysis results written to: 
  IQ-TREE report:                ./results/gene14.phy.iqtree
  Maximum-likelihood tree:       ./results/gene14.phy.treefile
  Likelihood distances:          ./results/gene14.phy.mldist

Ultrafast bootstrap approximation results written to:
  Split support values:          ./results/gene14.phy.splits.nex
  Consensus tree:                ./results/gene14.phy.contree
  Screen log file:               ./results/gene14.phy.log

Date and Time: Tue Aug 22 18:12:56 2017
