IQ-TREE multicore version 1.5.4 for Linux 64-bit built Apr  2 2017
Copyright (c) 2011-2017 by Bui Quang Minh, Nguyen Lam Tung,
Olga Chernomor, Heiko Schmidt, and Arndt von Haeseler.

Host:    hpc-crick (AVX, 251 GB RAM)
Command: iqtree -s ./results/gene7.phy -nt 1 -bb 1000
Seed:    191494 (Using SPRNG - Scalable Parallel Random Number Generator)
Time:    Tue Aug 22 17:10:51 2017
Kernel:  AVX - 1 threads (40 CPU cores detected)

Reading alignment file ./results/gene7.phy ... Phylip format detected
Alignment most likely contains DNA/RNA sequences
Alignment has 10 sequences with 1000 columns and 481 patterns (334 informative sites, 384 constant sites)
   Gap/Ambiguity  Composition  p-value
   1  A    0.00%    passed     97.70%
   2  B    0.00%    passed     65.34%
   3  C    0.00%    passed     86.39%
   4  D    0.00%    passed     80.25%
   5  E    0.00%    passed     88.82%
   6  F    0.00%    passed     74.88%
   7  G    0.00%    passed     99.02%
   8  H    0.00%    passed     99.78%
   9  I    0.00%    passed     62.63%
  10  J    0.00%    passed     68.49%
****  TOTAL    0.00%  0 sequences failed composition chi2 test (p-value<5%; df=3)

Create initial parsimony tree by phylogenetic likelihood library (PLL)... 0.001 seconds

NOTE: ModelFinder requires 3 MB RAM!
ModelFinder will test 286 DNA models (sample size: 1000) ...
 No. Model         -LnL         df  AIC          AICc         BIC
  1  JC            7463.420     17  14960.840    14961.464    15044.272
  2  JC+I          7248.560     18  14533.121    14533.818    14621.460
  3  JC+G4         7200.545     18  14437.090    14437.787    14525.429
  4  JC+I+G4       7200.732     19  14439.463    14440.239    14532.711
  5  JC+R2         7202.256     19  14442.512    14443.288    14535.760
  6  JC+R3         7200.074     21  14442.148    14443.093    14545.211
  7  JC+R4         Skipped 
  8  JC+R5         Skipped 
  9  JC+R6         Skipped 
 10  JC+R7         Skipped 
 11  JC+R8         Skipped 
 12  JC+R9         Skipped 
 13  JC+R10        Skipped 
 14  F81           7378.289     20  14796.578    14797.436    14894.734
 15  F81+I         7159.078     21  14360.157    14361.102    14463.220
 16  F81+G4        7103.532     21  14249.063    14250.008    14352.126
 17  F81+I+G4      7104.056     22  14252.112    14253.148    14360.083
 18  F81+R2        7105.064     22  14254.129    14255.164    14362.099
 19  F81+R3        7102.837     24  14253.674    14254.905    14371.460
 20  F81+R4        Skipped 
 21  F81+R5        Skipped 
 22  F81+R6        Skipped 
 23  F81+R7        Skipped 
 24  F81+R8        Skipped 
 25  F81+R9        Skipped 
 26  F81+R10       Skipped 
 27  K2P           7299.780     18  14635.560    14636.257    14723.899
 28  K2P+I         7071.741     19  14181.482    14182.257    14274.729
 29  K2P+G4        7005.653     19  14049.306    14050.082    14142.554
 30  K2P+I+G4      7006.171     20  14052.343    14053.201    14150.498
 31  K2P+R2        7009.689     20  14059.378    14060.236    14157.533
 32  K2P+R3        7005.660     22  14055.320    14056.356    14163.291
 33  K2P+R4        Skipped 
 34  K2P+R5        Skipped 
 35  K2P+R6        Skipped 
 36  K2P+R7        Skipped 
 37  K2P+R8        Skipped 
 38  K2P+R9        Skipped 
 39  K2P+R10       Skipped 
 40  HKY           7212.340     21  14466.679    14467.624    14569.742
 41  HKY+I         6986.860     22  14017.719    14018.755    14125.690
 42  HKY+G4        6905.829     22  13855.659    13856.695    13963.629
 43  HKY+I+G4      6906.477     23  13858.955    13860.086    13971.833
 44  HKY+R2        6909.227     23  13864.454    13865.585    13977.332
 45  HKY+R3        6905.454     25  13860.908    13862.243    13983.602
 46  HKY+R4        Skipped 
 47  HKY+R5        Skipped 
 48  HKY+R6        Skipped 
 49  HKY+R7        Skipped 
 50  HKY+R8        Skipped 
 51  HKY+R9        Skipped 
 52  HKY+R10       Skipped 
 53  TNe           7299.694     19  14637.387    14638.163    14730.634
 54  TNe+I         7071.632     20  14183.264    14184.122    14281.419
 55  TNe+G4        7005.650     20  14051.299    14052.157    14149.454
 56  TNe+I+G4      7005.909     21  14053.818    14054.763    14156.881
 57  TNe+R2        7009.642     21  14061.284    14062.228    14164.346
 58  TNe+R3        7005.655     23  14057.310    14058.441    14170.188
 59  TNe+R4        Skipped 
 60  TNe+R5        Skipped 
 61  TNe+R6        Skipped 
 62  TNe+R7        Skipped 
 63  TNe+R8        Skipped 
 64  TNe+R9        Skipped 
 65  TNe+R10       Skipped 
 66  TN            7208.818     22  14461.636    14462.672    14569.607
 67  TN+I          6979.643     23  14005.286    14006.417    14118.165
 68  TN+G4         6900.584     23  13847.168    13848.300    13960.047
 69  TN+I+G4       6901.102     24  13850.204    13851.434    13967.990
 70  TN+R2         6903.448     24  13854.896    13856.127    13972.682
 71  TN+R3         6899.999     26  13851.997    13853.440    13979.599
 72  TN+R4         Skipped 
 73  TN+R5         Skipped 
 74  TN+R6         Skipped 
 75  TN+R7         Skipped 
 76  TN+R8         Skipped 
 77  TN+R9         Skipped 
 78  TN+R10        Skipped 
 79  K3P           7294.595     19  14627.191    14627.966    14720.438
 80  K3P+I         7065.801     20  14171.602    14172.460    14269.757
 81  K3P+G4        6998.987     20  14037.974    14038.832    14136.129
 82  K3P+I+G4      6999.263     21  14040.526    14041.471    14143.589
 83  K3P+R2        7002.635     21  14047.269    14048.214    14150.332
 84  K3P+R3        6998.884     23  14043.768    14044.899    14156.646
 85  K3P+R4        Skipped 
 86  K3P+R5        Skipped 
 87  K3P+R6        Skipped 
 88  K3P+R7        Skipped 
 89  K3P+R8        Skipped 
 90  K3P+R9        Skipped 
 91  K3P+R10       Skipped 
 92  K3Pu          7198.383     22  14440.766    14441.802    14548.736
 93  K3Pu+I        6973.645     23  13993.290    13994.421    14106.168
 94  K3Pu+G4       6891.759     23  13829.518    13830.649    13942.396
 95  K3Pu+I+G4     6892.241     24  13832.483    13833.714    13950.269
 96  K3Pu+R2       6894.370     24  13836.739    13837.970    13954.526
 97  K3Pu+R3       6891.064     26  13834.128    13835.571    13961.730
 98  K3Pu+R4       Skipped 
 99  K3Pu+R5       Skipped 
100  K3Pu+R6       Skipped 
101  K3Pu+R7       Skipped 
102  K3Pu+R8       Skipped 
103  K3Pu+R9       Skipped 
104  K3Pu+R10      Skipped 
105  TPM2          7206.824     22  14457.649    14458.684    14565.619
106  TPM2+I        6978.311     23  14002.622    14003.753    14115.500
107  TPM2+G4       6903.268     23  13852.536    13853.667    13965.414
108  TPM2+I+G4     6903.754     24  13855.509    13856.739    13973.295
109  TPM2+R2       6906.502     24  13861.004    13862.235    13978.790
110  TPM2+R3       6902.803     26  13857.607    13859.050    13985.208
111  TPM2+R4       Skipped 
112  TPM2+R5       Skipped 
113  TPM2+R6       Skipped 
114  TPM2+R7       Skipped 
115  TPM2+R8       Skipped 
116  TPM2+R9       Skipped 
117  TPM2+R10      Skipped 
118  TPM2u         7206.907     22  14457.814    14458.850    14565.785
119  TPM2u+I       6978.309     23  14002.619    14003.750    14115.497
120  TPM2u+G4      6903.271     23  13852.542    13853.673    13965.420
121  TPM2u+I+G4    6903.711     24  13855.422    13856.653    13973.208
122  TPM2u+R2      6906.455     24  13860.911    13862.141    13978.697
123  TPM2u+R3      6902.790     26  13857.579    13859.022    13985.181
124  TPM2u+R4      Skipped 
125  TPM2u+R5      Skipped 
126  TPM2u+R6      Skipped 
127  TPM2u+R7      Skipped 
128  TPM2u+R8      Skipped 
129  TPM2u+R9      Skipped 
130  TPM2u+R10     Skipped 
131  TPM3          7174.159     22  14392.319    14393.355    14500.289
132  TPM3+I        6956.538     23  13959.075    13960.207    14071.954
133  TPM3+G4       6877.137     23  13800.274    13801.406    13913.153
134  TPM3+I+G4     6877.467     24  13802.933    13804.164    13920.719
135  TPM3+R2       6880.042     24  13808.084    13809.315    13925.870
136  TPM3+R3       6876.232     26  13804.464    13805.907    13932.066
137  TPM3+R4       Skipped 
138  TPM3+R5       Skipped 
139  TPM3+R6       Skipped 
140  TPM3+R7       Skipped 
141  TPM3+R8       Skipped 
142  TPM3+R9       Skipped 
143  TPM3+R10      Skipped 
144  TPM3u         7174.182     22  14392.365    14393.400    14500.335
145  TPM3u+I       6956.538     23  13959.076    13960.207    14071.954
146  TPM3u+G4      6877.269     23  13800.537    13801.668    13913.415
147  TPM3u+I+G4    6877.452     24  13802.905    13804.136    13920.691
148  TPM3u+R2      6880.025     24  13808.051    13809.282    13925.837
149  TPM3u+R3      6876.209     26  13804.418    13805.861    13932.019
150  TPM3u+R4      Skipped 
151  TPM3u+R5      Skipped 
152  TPM3u+R6      Skipped 
153  TPM3u+R7      Skipped 
154  TPM3u+R8      Skipped 
155  TPM3u+R9      Skipped 
156  TPM3u+R10     Skipped 
157  TIMe          7294.525     20  14629.051    14629.909    14727.206
158  TIMe+I        7065.668     21  14173.337    14174.282    14276.400
159  TIMe+G4       6998.998     21  14039.996    14040.941    14143.059
160  TIMe+I+G4     6999.210     22  14042.419    14043.455    14150.390
161  TIMe+R2       7002.558     22  14049.116    14050.152    14157.086
162  TIMe+R3       6998.870     24  14045.739    14046.970    14163.525
163  TIMe+R4       Skipped 
164  TIMe+R5       Skipped 
165  TIMe+R6       Skipped 
166  TIMe+R7       Skipped 
167  TIMe+R8       Skipped 
168  TIMe+R9       Skipped 
169  TIMe+R10      Skipped 
170  TIM           7194.437     23  14434.873    14436.004    14547.752
171  TIM+I         6966.048     24  13980.096    13981.326    14097.882
172  TIM+G4        6887.025     24  13822.049    13823.280    13939.835
173  TIM+I+G4      6887.455     25  13824.910    13826.244    13947.604
174  TIM+R2        6888.690     25  13827.381    13828.716    13950.075
175  TIM+R3        6885.903     27  13825.807    13827.362    13958.316
176  TIM+R4        Skipped 
177  TIM+R5        Skipped 
178  TIM+R6        Skipped 
179  TIM+R7        Skipped 
180  TIM+R8        Skipped 
181  TIM+R9        Skipped 
182  TIM+R10       Skipped 
183  TIM2e         7281.873     20  14603.746    14604.604    14701.902
184  TIM2e+I       7049.358     21  14140.717    14141.662    14243.780
185  TIM2e+G4      6979.507     21  14001.014    14001.959    14104.077
186  TIM2e+I+G4    6979.542     22  14003.083    14004.119    14111.054
187  TIM2e+R2      6985.912     22  14015.824    14016.860    14123.794
188  TIM2e+R3      6979.638     24  14007.277    14008.508    14125.063
189  TIM2e+R4      Skipped 
190  TIM2e+R5      Skipped 
191  TIM2e+R6      Skipped 
192  TIM2e+R7      Skipped 
193  TIM2e+R8      Skipped 
194  TIM2e+R9      Skipped 
195  TIM2e+R10     Skipped 
196  TIM2          7203.079     23  14452.158    14453.290    14565.037
197  TIM2+I        6971.274     24  13990.549    13991.779    14108.335
198  TIM2+G4       6896.998     24  13841.996    13843.227    13959.782
199  TIM2+I+G4     6897.276     25  13844.553    13845.887    13967.246
200  TIM2+R2       6899.803     25  13849.605    13850.940    13972.299
201  TIM2+R3       6896.375     27  13846.750    13848.306    13979.260
202  TIM2+R4       Skipped 
203  TIM2+R5       Skipped 
204  TIM2+R6       Skipped 
205  TIM2+R7       Skipped 
206  TIM2+R8       Skipped 
207  TIM2+R9       Skipped 
208  TIM2+R10      Skipped 
209  TIM3e         7285.078     20  14610.156    14611.014    14708.311
210  TIM3e+I       7060.010     21  14162.020    14162.965    14265.083
211  TIM3e+G4      6994.212     21  14030.423    14031.368    14133.486
212  TIM3e+I+G4    6994.397     22  14032.794    14033.830    14140.765
213  TIM3e+R2      6998.424     22  14040.848    14041.883    14148.818
214  TIM3e+R3      6994.107     24  14036.213    14037.444    14153.999
215  TIM3e+R4      Skipped 
216  TIM3e+R5      Skipped 
217  TIM3e+R6      Skipped 
218  TIM3e+R7      Skipped 
219  TIM3e+R8      Skipped 
220  TIM3e+R9      Skipped 
221  TIM3e+R10     Skipped 
222  TIM3          7167.330     23  14380.661    14381.792    14493.539
223  TIM3+I        6948.180     24  13944.361    13945.592    14062.147
224  TIM3+G4       6870.191     24  13788.382    13789.612    13906.168
225  TIM3+I+G4     6870.360     25  13790.721    13792.056    13913.415
226  TIM3+R2       6873.118     25  13796.237    13797.571    13918.930
227  TIM3+R3       6869.388     27  13792.775    13794.331    13925.284
228  TIM3+R4       Skipped 
229  TIM3+R5       Skipped 
230  TIM3+R6       Skipped 
231  TIM3+R7       Skipped 
232  TIM3+R8       Skipped 
233  TIM3+R9       Skipped 
234  TIM3+R10      Skipped 
235  TVMe          7266.848     21  14575.697    14576.642    14678.760
236  TVMe+I        7035.940     22  14115.881    14116.916    14223.851
237  TVMe+G4       6965.257     22  13974.514    13975.550    14082.485
238  TVMe+I+G4     6965.336     23  13976.673    13977.804    14089.551
239  TVMe+R2       6971.660     23  13989.320    13990.452    14102.199
240  TVMe+R3       6965.307     25  13980.614    13981.948    14103.308
241  TVMe+R4       Skipped 
242  TVMe+R5       Skipped 
243  TVMe+R6       Skipped 
244  TVMe+R7       Skipped 
245  TVMe+R8       Skipped 
246  TVMe+R9       Skipped 
247  TVMe+R10      Skipped 
248  TVM           7165.786     24  14379.571    14380.802    14497.357
249  TVM+I         6944.356     25  13938.712    13940.047    14061.406
250  TVM+G4        6869.602     25  13789.204    13790.538    13911.898
251  TVM+I+G4      6869.795     26  13791.590    13793.033    13919.192
252  TVM+R2        6872.503     26  13797.006    13798.449    13924.608
253  TVM+R3        6868.749     28  13793.499    13795.171    13930.916
254  TVM+R4        Skipped 
255  TVM+R5        Skipped 
256  TVM+R6        Skipped 
257  TVM+R7        Skipped 
258  TVM+R8        Skipped 
259  TVM+R9        Skipped 
260  TVM+R10       Skipped 
261  SYM           7266.824     22  14577.647    14578.683    14685.618
262  SYM+I         7035.880     23  14117.759    14118.890    14230.638
263  SYM+G4        6965.078     23  13976.157    13977.288    14089.035
264  SYM+I+G4      6965.136     24  13978.273    13979.503    14096.059
265  SYM+R2        6971.666     24  13991.332    13992.563    14109.118
266  SYM+R3        6965.102     26  13982.205    13983.648    14109.806
267  SYM+R4        Skipped 
268  SYM+R5        Skipped 
269  SYM+R6        Skipped 
270  SYM+R7        Skipped 
271  SYM+R8        Skipped 
272  SYM+R9        Skipped 
273  SYM+R10       Skipped 
274  GTR           7158.690     25  14367.380    14368.714    14490.073
275  GTR+I         6936.103     26  13924.206    13925.649    14051.808
276  GTR+G4        6861.418     26  13774.837    13776.280    13902.438
277  GTR+I+G4      6861.502     27  13777.004    13778.560    13909.514
278  GTR+R2        6864.428     27  13782.857    13784.413    13915.366
279  GTR+R3        6860.639     29  13779.277    13781.071    13921.602
280  GTR+R4        Skipped 
281  GTR+R5        Skipped 
282  GTR+R6        Skipped 
283  GTR+R7        Skipped 
284  GTR+R8        Skipped 
285  GTR+R9        Skipped 
286  GTR+R10       Skipped 
Akaike Information Criterion:           GTR+G4
Corrected Akaike Information Criterion: GTR+G4
Bayesian Information Criterion:         GTR+G4
Best-fit model: GTR+G4 chosen according to BIC

All model information printed to ./results/gene7.phy.model
CPU time for ModelFinder: 6.351 seconds (0h:0m:6s)
Wall-clock time for ModelFinder: 8.842 seconds (0h:0m:8s)
Generating 1000 samples for ultrafast bootstrap (seed: 191494)...

NOTE: 2 MB RAM (0 GB) is required!
Estimate model parameters (epsilon = 0.100)
1. Initial log-likelihood: -7165.134
2. Current log-likelihood: -7074.679
3. Current log-likelihood: -7066.534
4. Current log-likelihood: -7061.736
5. Current log-likelihood: -7056.932
6. Current log-likelihood: -7052.103
7. Current log-likelihood: -7047.246
8. Current log-likelihood: -7042.363
9. Current log-likelihood: -7037.458
10. Current log-likelihood: -7032.535
11. Current log-likelihood: -7027.597
12. Current log-likelihood: -6922.430
13. Current log-likelihood: -6886.887
14. Current log-likelihood: -6885.815
15. Current log-likelihood: -6885.665
Optimal log-likelihood: -6885.586
Rate parameters:  A-C: 41.709  A-G: 49.528  A-T: 7.826  C-G: 30.645  C-T: 100.000  G-T: 1.000
Base frequencies:   A: 0.392  C: 0.148  G: 0.211  T: 0.249
Gamma shape alpha: 0.554
Parameters optimization took 15 rounds (0.397 sec)

WARNING: Estimated model parameters are at boundary that can cause numerical instability!

Computing ML distances based on estimated model parameters... 0.001 sec
Computing BIONJ tree...
0.000 seconds
Log-likelihood of BIONJ tree: -6885.248
--------------------------------------------------------------------
|             INITIALIZING CANDIDATE TREE SET                      |
--------------------------------------------------------------------
Generating 98 parsimony trees... 0.070 second
Computing log-likelihood of 92 initial trees ... 0.619 seconds
Current best score: -6885.051

Do NNI search on 20 best initial trees
Estimate model parameters (epsilon = 0.100)

WARNING: Estimated model parameters are at boundary that can cause numerical instability!

BETTER TREE FOUND at iteration 1: -6882.486
Iteration 10 / LogL: -6883.835 / Time: 0h:0m:10s
UPDATE BEST LOG-LIKELIHOOD: -6882.486
Iteration 20 / LogL: -6882.487 / Time: 0h:0m:11s
Finish initializing candidate tree set (8)
Current best tree score: -6882.486 / CPU time: 2.218
Number of iterations: 20
--------------------------------------------------------------------
|               OPTIMIZING CANDIDATE TREE SET                      |
--------------------------------------------------------------------
Iteration 30 / LogL: -6882.489 / Time: 0h:0m:12s (0h:0m:8s left)
UPDATE BEST LOG-LIKELIHOOD: -6882.486
Iteration 40 / LogL: -6882.488 / Time: 0h:0m:12s (0h:0m:5s left)
UPDATE BEST LOG-LIKELIHOOD: -6882.486
Iteration 50 / LogL: -6882.524 / Time: 0h:0m:13s (0h:0m:4s left)
Log-likelihood cutoff on original alignment: -6892.025
Iteration 60 / LogL: -6882.486 / Time: 0h:0m:13s (0h:0m:3s left)
Iteration 70 / LogL: -6882.572 / Time: 0h:0m:14s (0h:0m:2s left)
UPDATE BEST LOG-LIKELIHOOD: -6882.486
Iteration 80 / LogL: -6882.524 / Time: 0h:0m:15s (0h:0m:1s left)
Iteration 90 / LogL: -6882.487 / Time: 0h:0m:15s (0h:0m:0s left)
Iteration 100 / LogL: -6882.487 / Time: 0h:0m:16s (0h:0m:0s left)
Log-likelihood cutoff on original alignment: -6891.686
NOTE: Bootstrap correlation coefficient of split occurrence frequencies: 0.996
UPDATE BEST LOG-LIKELIHOOD: -6882.486
TREE SEARCH COMPLETED AFTER 102 ITERATIONS / Time: 0h:0m:16s

--------------------------------------------------------------------
|                    FINALIZING TREE SEARCH                        |
--------------------------------------------------------------------
Performs final model parameters optimization
Estimate model parameters (epsilon = 0.010)
1. Initial log-likelihood: -6882.486
2. Current log-likelihood: -6882.459
3. Current log-likelihood: -6882.433
4. Current log-likelihood: -6882.409
5. Current log-likelihood: -6882.385
6. Current log-likelihood: -6882.363
7. Current log-likelihood: -6882.341
8. Current log-likelihood: -6882.320
9. Current log-likelihood: -6882.301
10. Current log-likelihood: -6882.282
11. Current log-likelihood: -6882.263
12. Current log-likelihood: -6882.246
13. Current log-likelihood: -6882.229
14. Current log-likelihood: -6882.213
15. Current log-likelihood: -6882.198
16. Current log-likelihood: -6882.183
17. Current log-likelihood: -6882.169
18. Current log-likelihood: -6882.156
19. Current log-likelihood: -6882.143
20. Current log-likelihood: -6882.131
21. Current log-likelihood: -6882.119
22. Current log-likelihood: -6882.107
23. Current log-likelihood: -6882.097
24. Current log-likelihood: -6882.086
25. Current log-likelihood: -6882.076
Optimal log-likelihood: -6882.066
Rate parameters:  A-C: 40.392  A-G: 46.995  A-T: 7.233  C-G: 28.925  C-T: 99.963  G-T: 1.000
Base frequencies:   A: 0.392  C: 0.148  G: 0.211  T: 0.249
Gamma shape alpha: 0.555
Parameters optimization took 25 rounds (0.219 sec)
BEST SCORE FOUND : -6882.066
Creating bootstrap support values...
Split supports printed to NEXUS file ./results/gene7.phy.splits.nex
Total tree length: 2.737

Total number of iterations: 102
CPU time used for tree search: 4.446 sec (0h:0m:4s)
Wall-clock time used for tree search: 7.117 sec (0h:0m:7s)
Total CPU time used: 11.223 sec (0h:0m:11s)
Total wall-clock time used: 16.653 sec (0h:0m:16s)

Computing bootstrap consensus tree...
Reading input file ./results/gene7.phy.splits.nex...
10 taxa and 121 splits.
Consensus tree written to ./results/gene7.phy.contree
Reading input trees file ./results/gene7.phy.contree
Log-likelihood of consensus tree: -6882.041

Analysis results written to: 
  IQ-TREE report:                ./results/gene7.phy.iqtree
  Maximum-likelihood tree:       ./results/gene7.phy.treefile
  Likelihood distances:          ./results/gene7.phy.mldist

Ultrafast bootstrap approximation results written to:
  Split support values:          ./results/gene7.phy.splits.nex
  Consensus tree:                ./results/gene7.phy.contree
  Screen log file:               ./results/gene7.phy.log

Date and Time: Tue Aug 22 17:11:08 2017
