IQ-TREE multicore version 1.5.4 for Linux 64-bit built Apr  2 2017
Copyright (c) 2011-2017 by Bui Quang Minh, Nguyen Lam Tung,
Olga Chernomor, Heiko Schmidt, and Arndt von Haeseler.

Host:    hpc-crick (AVX, 251 GB RAM)
Command: iqtree -s ./results/gene8.phy -nt 1 -bb 1000
Seed:    679449 (Using SPRNG - Scalable Parallel Random Number Generator)
Time:    Tue Aug 22 17:09:55 2017
Kernel:  AVX - 1 threads (40 CPU cores detected)

Reading alignment file ./results/gene8.phy ... Phylip format detected
Alignment most likely contains DNA/RNA sequences
Alignment has 10 sequences with 1000 columns and 453 patterns (295 informative sites, 423 constant sites)
   Gap/Ambiguity  Composition  p-value
   1  A    0.00%    passed     64.65%
   2  B    0.00%    passed     76.52%
   3  C    0.00%    passed     90.25%
   4  D    0.00%    passed     23.74%
   5  E    0.00%    passed     91.44%
   6  F    0.00%    passed     97.23%
   7  G    0.00%    passed     25.32%
   8  H    0.00%    passed     74.47%
   9  I    0.00%    passed     80.91%
  10  J    0.00%    passed     52.37%
****  TOTAL    0.00%  0 sequences failed composition chi2 test (p-value<5%; df=3)

Create initial parsimony tree by phylogenetic likelihood library (PLL)... 0.000 seconds

NOTE: ModelFinder requires 3 MB RAM!
ModelFinder will test 286 DNA models (sample size: 1000) ...
 No. Model         -LnL         df  AIC          AICc         BIC
  1  JC            7172.224     17  14378.448    14379.072    14461.880
  2  JC+I          6921.211     18  13878.421    13879.119    13966.761
  3  JC+G4         6863.763     18  13763.527    13764.224    13851.866
  4  JC+I+G4       6864.556     19  13767.113    13767.888    13860.360
  5  JC+R2         6865.882     19  13769.764    13770.540    13863.012
  6  JC+R3         6863.407     21  13768.814    13769.759    13871.877
  7  JC+R4         Skipped 
  8  JC+R5         Skipped 
  9  JC+R6         Skipped 
 10  JC+R7         Skipped 
 11  JC+R8         Skipped 
 12  JC+R9         Skipped 
 13  JC+R10        Skipped 
 14  F81           7070.522     20  14181.044    14181.902    14279.199
 15  F81+I         6817.493     21  13676.986    13677.931    13780.049
 16  F81+G4        6753.991     21  13549.983    13550.927    13653.045
 17  F81+I+G4      6754.791     22  13553.582    13554.618    13661.553
 18  F81+R2        6756.697     22  13557.394    13558.430    13665.364
 19  F81+R3        6753.456     24  13554.912    13556.143    13672.698
 20  F81+R4        Skipped 
 21  F81+R5        Skipped 
 22  F81+R6        Skipped 
 23  F81+R7        Skipped 
 24  F81+R8        Skipped 
 25  F81+R9        Skipped 
 26  F81+R10       Skipped 
 27  K2P           7057.109     18  14150.217    14150.915    14238.557
 28  K2P+I         6797.206     19  13632.411    13633.187    13725.659
 29  K2P+G4        6729.840     19  13497.680    13498.455    13590.927
 30  K2P+I+G4      6730.286     20  13500.571    13501.429    13598.726
 31  K2P+R2        6733.948     20  13507.895    13508.753    13606.050
 32  K2P+R3        6729.774     22  13503.547    13504.583    13611.518
 33  K2P+R4        Skipped 
 34  K2P+R5        Skipped 
 35  K2P+R6        Skipped 
 36  K2P+R7        Skipped 
 37  K2P+R8        Skipped 
 38  K2P+R9        Skipped 
 39  K2P+R10       Skipped 
 40  HKY           6954.520     21  13951.040    13951.984    14054.103
 41  HKY+I         6689.197     22  13422.395    13423.431    13530.365
 42  HKY+G4        6611.345     22  13266.691    13267.726    13374.661
 43  HKY+I+G4      6611.708     23  13269.416    13270.548    13382.295
 44  HKY+R2        6616.949     23  13279.898    13281.029    13392.776
 45  HKY+R3        6611.253     25  13272.506    13273.841    13395.200
 46  HKY+R4        Skipped 
 47  HKY+R5        Skipped 
 48  HKY+R6        Skipped 
 49  HKY+R7        Skipped 
 50  HKY+R8        Skipped 
 51  HKY+R9        Skipped 
 52  HKY+R10       Skipped 
 53  TNe           7057.034     19  14152.068    14152.844    14245.316
 54  TNe+I         6796.528     20  13633.057    13633.915    13731.212
 55  TNe+G4        6727.886     20  13495.772    13496.630    13593.927
 56  TNe+I+G4      6728.179     21  13498.358    13499.303    13601.421
 57  TNe+R2        6732.534     21  13507.068    13508.013    13610.131
 58  TNe+R3        6727.867     23  13501.734    13502.865    13614.612
 59  TNe+R4        Skipped 
 60  TNe+R5        Skipped 
 61  TNe+R6        Skipped 
 62  TNe+R7        Skipped 
 63  TNe+R8        Skipped 
 64  TNe+R9        Skipped 
 65  TNe+R10       Skipped 
 66  TN            6949.999     22  13943.998    13945.033    14051.968
 67  TN+I          6686.779     23  13419.557    13420.688    13532.435
 68  TN+G4         6609.825     23  13265.650    13266.781    13378.529
 69  TN+I+G4       6610.299     24  13268.599    13269.829    13386.385
 70  TN+R2         6614.933     24  13277.865    13279.096    13395.651
 71  TN+R3         6609.579     26  13271.157    13272.600    13398.759
 72  TN+R4         Skipped 
 73  TN+R5         Skipped 
 74  TN+R6         Skipped 
 75  TN+R7         Skipped 
 76  TN+R8         Skipped 
 77  TN+R9         Skipped 
 78  TN+R10        Skipped 
 79  K3P           7051.240     19  14140.481    14141.256    14233.728
 80  K3P+I         6790.382     20  13620.764    13621.622    13718.919
 81  K3P+G4        6720.363     20  13480.726    13481.584    13578.881
 82  K3P+I+G4      6720.772     21  13483.545    13484.489    13586.608
 83  K3P+R2        6724.786     21  13491.572    13492.517    13594.635
 84  K3P+R3        6720.264     23  13486.528    13487.659    13599.406
 85  K3P+R4        Skipped 
 86  K3P+R5        Skipped 
 87  K3P+R6        Skipped 
 88  K3P+R7        Skipped 
 89  K3P+R8        Skipped 
 90  K3P+R9        Skipped 
 91  K3P+R10       Skipped 
 92  K3Pu          6942.332     22  13928.665    13929.701    14036.635
 93  K3Pu+I        6675.115     23  13396.231    13397.362    13509.109
 94  K3Pu+G4       6593.174     23  13232.347    13233.479    13345.226
 95  K3Pu+I+G4     6593.551     24  13235.102    13236.333    13352.888
 96  K3Pu+R2       6598.649     24  13245.298    13246.528    13363.084
 97  K3Pu+R3       6593.137     26  13238.274    13239.717    13365.876
 98  K3Pu+R4       Skipped 
 99  K3Pu+R5       Skipped 
100  K3Pu+R6       Skipped 
101  K3Pu+R7       Skipped 
102  K3Pu+R8       Skipped 
103  K3Pu+R9       Skipped 
104  K3Pu+R10      Skipped 
105  TPM2          6950.900     22  13945.801    13946.837    14053.771
106  TPM2+I        6685.665     23  13417.331    13418.462    13530.209
107  TPM2+G4       6609.936     23  13265.872    13267.003    13378.750
108  TPM2+I+G4     6610.312     24  13268.624    13269.855    13386.411
109  TPM2+R2       6615.189     24  13278.378    13279.609    13396.164
110  TPM2+R3       6609.838     26  13271.676    13273.119    13399.278
111  TPM2+R4       Skipped 
112  TPM2+R5       Skipped 
113  TPM2+R6       Skipped 
114  TPM2+R7       Skipped 
115  TPM2+R8       Skipped 
116  TPM2+R9       Skipped 
117  TPM2+R10      Skipped 
118  TPM2u         6950.934     22  13945.869    13946.905    14053.840
119  TPM2u+I       6685.654     23  13417.307    13418.438    13530.185
120  TPM2u+G4      6609.953     23  13265.906    13267.038    13378.785
121  TPM2u+I+G4    6610.296     24  13268.591    13269.822    13386.377
122  TPM2u+R2      6615.187     24  13278.374    13279.605    13396.160
123  TPM2u+R3      6609.818     26  13271.636    13273.079    13399.237
124  TPM2u+R4      Skipped 
125  TPM2u+R5      Skipped 
126  TPM2u+R6      Skipped 
127  TPM2u+R7      Skipped 
128  TPM2u+R8      Skipped 
129  TPM2u+R9      Skipped 
130  TPM2u+R10     Skipped 
131  TPM3          6942.804     22  13929.608    13930.644    14037.578
132  TPM3+I        6675.810     23  13397.619    13398.751    13510.498
133  TPM3+G4       6594.766     23  13235.533    13236.664    13348.411
134  TPM3+I+G4     6595.066     24  13238.133    13239.364    13355.919
135  TPM3+R2       6599.082     24  13246.164    13247.395    13363.950
136  TPM3+R3       6594.219     26  13240.438    13241.881    13368.039
137  TPM3+R4       Skipped 
138  TPM3+R5       Skipped 
139  TPM3+R6       Skipped 
140  TPM3+R7       Skipped 
141  TPM3+R8       Skipped 
142  TPM3+R9       Skipped 
143  TPM3+R10      Skipped 
144  TPM3u         6942.805     22  13929.611    13930.647    14037.582
145  TPM3u+I       6675.807     23  13397.614    13398.745    13510.492
146  TPM3u+G4      6594.714     23  13235.428    13236.559    13348.306
147  TPM3u+I+G4    6595.057     24  13238.114    13239.344    13355.900
148  TPM3u+R2      6599.079     24  13246.159    13247.389    13363.945
149  TPM3u+R3      6594.236     26  13240.472    13241.915    13368.074
150  TPM3u+R4      Skipped 
151  TPM3u+R5      Skipped 
152  TPM3u+R6      Skipped 
153  TPM3u+R7      Skipped 
154  TPM3u+R8      Skipped 
155  TPM3u+R9      Skipped 
156  TPM3u+R10     Skipped 
157  TIMe          7051.182     20  14142.364    14143.222    14240.519
158  TIMe+I        6789.757     21  13621.514    13622.459    13724.577
159  TIMe+G4       6718.339     21  13478.678    13479.623    13581.741
160  TIMe+I+G4     6718.580     22  13481.159    13482.195    13589.130
161  TIMe+R2       6723.332     22  13490.664    13491.700    13598.634
162  TIMe+R3       6718.313     24  13484.626    13485.856    13602.412
163  TIMe+R4       Skipped 
164  TIMe+R5       Skipped 
165  TIMe+R6       Skipped 
166  TIMe+R7       Skipped 
167  TIMe+R8       Skipped 
168  TIMe+R9       Skipped 
169  TIMe+R10      Skipped 
170  TIM           6937.409     23  13920.817    13921.948    14033.696
171  TIM+I         6672.491     24  13392.981    13394.212    13510.767
172  TIM+G4        6592.084     24  13232.167    13233.398    13349.953
173  TIM+I+G4      6592.474     25  13234.949    13236.284    13357.643
174  TIM+R2        6596.924     25  13243.849    13245.183    13366.543
175  TIM+R3        6591.935     27  13237.870    13239.425    13370.379
176  TIM+R4        Skipped 
177  TIM+R5        Skipped 
178  TIM+R6        Skipped 
179  TIM+R7        Skipped 
180  TIM+R8        Skipped 
181  TIM+R9        Skipped 
182  TIM+R10       Skipped 
183  TIM2e         7040.899     20  14121.798    14122.656    14219.953
184  TIM2e+I       6778.735     21  13599.470    13600.415    13702.533
185  TIM2e+G4      6703.839     21  13449.677    13450.622    13552.740
186  TIM2e+I+G4    6703.913     22  13451.827    13452.863    13559.797
187  TIM2e+R2      6710.879     22  13465.757    13466.793    13573.728
188  TIM2e+R3      6703.639     24  13455.279    13456.509    13573.065
189  TIM2e+R4      6703.517     26  13459.033    13460.476    13586.635
190  TIM2e+R5      Skipped 
191  TIM2e+R6      Skipped 
192  TIM2e+R7      Skipped 
193  TIM2e+R8      Skipped 
194  TIM2e+R9      Skipped 
195  TIM2e+R10     Skipped 
196  TIM2          6946.094     23  13938.189    13939.320    14051.067
197  TIM2+I        6683.261     24  13414.523    13415.753    13532.309
198  TIM2+G4       6608.102     24  13264.205    13265.435    13381.991
199  TIM2+I+G4     6608.532     25  13267.064    13268.399    13389.758
200  TIM2+R2       6613.067     25  13276.135    13277.469    13398.829
201  TIM2+R3       6607.988     27  13269.976    13271.532    13402.486
202  TIM2+R4       Skipped 
203  TIM2+R5       Skipped 
204  TIM2+R6       Skipped 
205  TIM2+R7       Skipped 
206  TIM2+R8       Skipped 
207  TIM2+R9       Skipped 
208  TIM2+R10      Skipped 
209  TIM3e         7052.931     20  14145.861    14146.719    14244.016
210  TIM3e+I       6791.787     21  13625.574    13626.519    13728.637
211  TIM3e+G4      6722.076     21  13486.152    13487.097    13589.215
212  TIM3e+I+G4    6722.307     22  13488.615    13489.651    13596.586
213  TIM3e+R2      6726.634     22  13497.268    13498.304    13605.239
214  TIM3e+R3      6722.037     24  13492.074    13493.304    13609.860
215  TIM3e+R4      Skipped 
216  TIM3e+R5      Skipped 
217  TIM3e+R6      Skipped 
218  TIM3e+R7      Skipped 
219  TIM3e+R8      Skipped 
220  TIM3e+R9      Skipped 
221  TIM3e+R10     Skipped 
222  TIM3          6936.967     23  13919.934    13921.065    14032.812
223  TIM3+I        6672.741     24  13393.482    13394.713    13511.268
224  TIM3+G4       6592.608     24  13233.216    13234.446    13351.002
225  TIM3+I+G4     6593.014     25  13236.028    13237.362    13358.722
226  TIM3+R2       6596.471     25  13242.942    13244.277    13365.636
227  TIM3+R3       6591.922     27  13237.844    13239.400    13370.354
228  TIM3+R4       Skipped 
229  TIM3+R5       Skipped 
230  TIM3+R6       Skipped 
231  TIM3+R7       Skipped 
232  TIM3+R8       Skipped 
233  TIM3+R9       Skipped 
234  TIM3+R10      Skipped 
235  TVMe          7033.023     21  14108.045    14108.990    14211.108
236  TVMe+I        6770.128     22  13584.257    13585.293    13692.228
237  TVMe+G4       6693.960     22  13431.920    13432.956    13539.890
238  TVMe+I+G4     6694.142     23  13434.284    13435.416    13547.163
239  TVMe+R2       6700.474     23  13446.947    13448.078    13559.826
240  TVMe+R3       6693.735     25  13437.471    13438.805    13560.165
241  TVMe+R4       Skipped 
242  TVMe+R5       Skipped 
243  TVMe+R6       Skipped 
244  TVMe+R7       Skipped 
245  TVMe+R8       Skipped 
246  TVMe+R9       Skipped 
247  TVMe+R10      Skipped 
248  TVM           6933.072     24  13914.145    13915.375    14031.931
249  TVM+I         6665.308     25  13380.616    13381.951    13503.310
250  TVM+G4        6583.553     25  13217.105    13218.440    13339.799
251  TVM+I+G4      6583.947     26  13219.893    13221.336    13347.495
252  TVM+R2        6587.966     26  13227.931    13229.374    13355.533
253  TVM+R3        6583.217     28  13222.434    13224.107    13359.851
254  TVM+R4        Skipped 
255  TVM+R5        Skipped 
256  TVM+R6        Skipped 
257  TVM+R7        Skipped 
258  TVM+R8        Skipped 
259  TVM+R9        Skipped 
260  TVM+R10       Skipped 
261  SYM           7032.951     22  14109.902    14110.938    14217.873
262  SYM+I         6769.522     23  13585.044    13586.175    13697.922
263  SYM+G4        6690.272     23  13426.544    13427.675    13539.422
264  SYM+I+G4      6690.357     24  13428.715    13429.945    13546.501
265  SYM+R2        6698.121     24  13444.241    13445.472    13562.027
266  SYM+R3        6689.986     26  13431.972    13433.415    13559.574
267  SYM+R4        6689.844     28  13435.687    13437.360    13573.104
268  SYM+R5        Skipped 
269  SYM+R6        Skipped 
270  SYM+R7        Skipped 
271  SYM+R8        Skipped 
272  SYM+R9        Skipped 
273  SYM+R10       Skipped 
274  GTR           6927.010     25  13904.020    13905.354    14026.714
275  GTR+I         6662.352     26  13376.703    13378.146    13504.305
276  GTR+G4        6581.210     26  13214.420    13215.863    13342.021
277  GTR+I+G4      6581.663     27  13217.326    13218.882    13349.836
278  GTR+R2        6585.186     27  13224.371    13225.927    13356.881
279  GTR+R3        6580.655     29  13219.310    13221.103    13361.635
280  GTR+R4        Skipped 
281  GTR+R5        Skipped 
282  GTR+R6        Skipped 
283  GTR+R7        Skipped 
284  GTR+R8        Skipped 
285  GTR+R9        Skipped 
286  GTR+R10       Skipped 
Akaike Information Criterion:           GTR+G4
Corrected Akaike Information Criterion: GTR+G4
Bayesian Information Criterion:         TVM+G4
Best-fit model: TVM+G4 chosen according to BIC

All model information printed to ./results/gene8.phy.model
CPU time for ModelFinder: 5.491 seconds (0h:0m:5s)
Wall-clock time for ModelFinder: 6.794 seconds (0h:0m:6s)
Generating 1000 samples for ultrafast bootstrap (seed: 679449)...

NOTE: 2 MB RAM (0 GB) is required!
Estimate model parameters (epsilon = 0.100)
1. Initial log-likelihood: -6812.962
2. Current log-likelihood: -6593.336
3. Current log-likelihood: -6584.777
4. Current log-likelihood: -6584.264
Optimal log-likelihood: -6584.224
Rate parameters:  A-C: 2.243  A-G: 3.894  A-T: 0.620  C-G: 0.835  C-T: 3.894  G-T: 1.000
Base frequencies:   A: 0.400  C: 0.165  G: 0.203  T: 0.233
Gamma shape alpha: 0.469
Parameters optimization took 4 rounds (0.085 sec)
Computing ML distances based on estimated model parameters... 0.001 sec
Computing BIONJ tree...
0.000 seconds
Log-likelihood of BIONJ tree: -6583.944
--------------------------------------------------------------------
|             INITIALIZING CANDIDATE TREE SET                      |
--------------------------------------------------------------------
Generating 98 parsimony trees... 0.066 second
Computing log-likelihood of 93 initial trees ... 0.317 seconds
Current best score: -6583.944

Do NNI search on 20 best initial trees
Estimate model parameters (epsilon = 0.100)
BETTER TREE FOUND at iteration 1: -6577.480
WARNING: NNI search needs unusual large number of steps (7) to converge!
UPDATE BEST LOG-LIKELIHOOD: -6577.480
WARNING: NNI search needs unusual large number of steps (7) to converge!
Iteration 10 / LogL: -6582.499 / Time: 0h:0m:8s
Iteration 20 / LogL: -6578.313 / Time: 0h:0m:8s
Finish initializing candidate tree set (10)
Current best tree score: -6577.480 / CPU time: 1.759
Number of iterations: 20
--------------------------------------------------------------------
|               OPTIMIZING CANDIDATE TREE SET                      |
--------------------------------------------------------------------
UPDATE BEST LOG-LIKELIHOOD: -6577.480
Iteration 30 / LogL: -6578.162 / Time: 0h:0m:9s (0h:0m:5s left)
UPDATE BEST LOG-LIKELIHOOD: -6577.480
Iteration 40 / LogL: -6577.480 / Time: 0h:0m:9s (0h:0m:4s left)
Iteration 50 / LogL: -6577.480 / Time: 0h:0m:9s (0h:0m:3s left)
Log-likelihood cutoff on original alignment: -6586.533
Iteration 60 / LogL: -6577.480 / Time: 0h:0m:10s (0h:0m:2s left)
UPDATE BEST LOG-LIKELIHOOD: -6577.480
Iteration 70 / LogL: -6577.480 / Time: 0h:0m:10s (0h:0m:1s left)
Iteration 80 / LogL: -6577.480 / Time: 0h:0m:11s (0h:0m:1s left)
Iteration 90 / LogL: -6577.534 / Time: 0h:0m:11s (0h:0m:0s left)
Iteration 100 / LogL: -6578.162 / Time: 0h:0m:11s (0h:0m:0s left)
Log-likelihood cutoff on original alignment: -6586.533
NOTE: Bootstrap correlation coefficient of split occurrence frequencies: 0.986
NOTE: UFBoot does not converge, continue at least 100 more iterations
Iteration 110 / LogL: -6577.480 / Time: 0h:0m:12s (0h:0m:4s left)
UPDATE BEST LOG-LIKELIHOOD: -6577.480
Iteration 120 / LogL: -6577.481 / Time: 0h:0m:12s (0h:0m:3s left)
Iteration 130 / LogL: -6577.482 / Time: 0h:0m:13s (0h:0m:3s left)
Iteration 140 / LogL: -6578.162 / Time: 0h:0m:13s (0h:0m:2s left)
UPDATE BEST LOG-LIKELIHOOD: -6577.480
Iteration 150 / LogL: -6580.154 / Time: 0h:0m:13s (0h:0m:2s left)
Log-likelihood cutoff on original alignment: -6586.533
UPDATE BEST LOG-LIKELIHOOD: -6577.480
Iteration 160 / LogL: -6577.480 / Time: 0h:0m:14s (0h:0m:1s left)
UPDATE BEST LOG-LIKELIHOOD: -6577.480
WARNING: NNI search needs unusual large number of steps (7) to converge!
Iteration 170 / LogL: -6578.180 / Time: 0h:0m:14s (0h:0m:1s left)
Iteration 180 / LogL: -6577.480 / Time: 0h:0m:15s (0h:0m:0s left)
Iteration 190 / LogL: -6578.162 / Time: 0h:0m:15s (0h:0m:0s left)
Iteration 200 / LogL: -6578.162 / Time: 0h:0m:16s (0h:0m:0s left)
Log-likelihood cutoff on original alignment: -6586.533
NOTE: Bootstrap correlation coefficient of split occurrence frequencies: 0.993
TREE SEARCH COMPLETED AFTER 200 ITERATIONS / Time: 0h:0m:16s

--------------------------------------------------------------------
|                    FINALIZING TREE SEARCH                        |
--------------------------------------------------------------------
Performs final model parameters optimization
Estimate model parameters (epsilon = 0.010)
1. Initial log-likelihood: -6577.480
Optimal log-likelihood: -6577.478
Rate parameters:  A-C: 2.242  A-G: 3.896  A-T: 0.602  C-G: 0.825  C-T: 3.896  G-T: 1.000
Base frequencies:   A: 0.400  C: 0.165  G: 0.203  T: 0.233
Gamma shape alpha: 0.470
Parameters optimization took 1 rounds (0.008 sec)
BEST SCORE FOUND : -6577.478
Creating bootstrap support values...
Split supports printed to NEXUS file ./results/gene8.phy.splits.nex
Total tree length: 2.406

Total number of iterations: 200
CPU time used for tree search: 8.799 sec (0h:0m:8s)
Wall-clock time used for tree search: 9.350 sec (0h:0m:9s)
Total CPU time used: 14.440 sec (0h:0m:14s)
Total wall-clock time used: 16.295 sec (0h:0m:16s)

Computing bootstrap consensus tree...
Reading input file ./results/gene8.phy.splits.nex...
10 taxa and 160 splits.
Consensus tree written to ./results/gene8.phy.contree
Reading input trees file ./results/gene8.phy.contree
Log-likelihood of consensus tree: -6580.485

Analysis results written to: 
  IQ-TREE report:                ./results/gene8.phy.iqtree
  Maximum-likelihood tree:       ./results/gene8.phy.treefile
  Likelihood distances:          ./results/gene8.phy.mldist

Ultrafast bootstrap approximation results written to:
  Split support values:          ./results/gene8.phy.splits.nex
  Consensus tree:                ./results/gene8.phy.contree
  Screen log file:               ./results/gene8.phy.log

Date and Time: Tue Aug 22 17:10:12 2017
