IQ-TREE multicore version 1.5.4 for Linux 64-bit built Apr  2 2017
Copyright (c) 2011-2017 by Bui Quang Minh, Nguyen Lam Tung,
Olga Chernomor, Heiko Schmidt, and Arndt von Haeseler.

Host:    hpc-crick (AVX, 251 GB RAM)
Command: iqtree -s ./results/gene17.phy -nt 1 -bb 1000
Seed:    955419 (Using SPRNG - Scalable Parallel Random Number Generator)
Time:    Tue Aug 22 17:10:28 2017
Kernel:  AVX - 1 threads (40 CPU cores detected)

Reading alignment file ./results/gene17.phy ... Phylip format detected
Alignment most likely contains DNA/RNA sequences
Alignment has 10 sequences with 1000 columns and 489 patterns (353 informative sites, 411 constant sites)
   Gap/Ambiguity  Composition  p-value
   1  A    0.00%    passed     45.65%
   2  B    0.00%    passed     94.44%
   3  C    0.00%    passed     75.47%
   4  D    0.00%    passed     36.93%
   5  E    0.00%    passed     94.69%
   6  F    0.00%    passed     98.06%
   7  G    0.00%    passed     96.08%
   8  H    0.00%    passed     84.01%
   9  I    0.00%    passed     88.10%
  10  J    0.00%    passed     61.60%
****  TOTAL    0.00%  0 sequences failed composition chi2 test (p-value<5%; df=3)

Create initial parsimony tree by phylogenetic likelihood library (PLL)... 0.000 seconds

NOTE: ModelFinder requires 3 MB RAM!
ModelFinder will test 286 DNA models (sample size: 1000) ...
 No. Model         -LnL         df  AIC          AICc         BIC
  1  JC            7658.039     17  15350.079    15350.702    15433.510
  2  JC+I          7336.914     18  14709.828    14710.525    14798.168
  3  JC+G4         7297.308     18  14630.617    14631.314    14718.957
  4  JC+I+G4       7293.714     19  14625.428    14626.203    14718.675
  5  JC+R2         7294.398     19  14626.796    14627.571    14720.043
  6  JC+R3         7291.231     21  14624.462    14625.407    14727.525
  7  JC+R4         Skipped 
  8  JC+R5         Skipped 
  9  JC+R6         Skipped 
 10  JC+R7         Skipped 
 11  JC+R8         Skipped 
 12  JC+R9         Skipped 
 13  JC+R10        Skipped 
 14  F81           7535.131     20  15110.262    15111.120    15208.417
 15  F81+I         7212.091     21  14466.182    14467.127    14569.245
 16  F81+G4        7167.236     21  14376.471    14377.416    14479.534
 17  F81+I+G4      7163.618     22  14371.235    14372.271    14479.206
 18  F81+R2        7168.541     22  14381.082    14382.118    14489.052
 19  F81+R3        7161.904     24  14371.808    14373.039    14489.594
 20  F81+R4        Skipped 
 21  F81+R5        Skipped 
 22  F81+R6        Skipped 
 23  F81+R7        Skipped 
 24  F81+R8        Skipped 
 25  F81+R9        Skipped 
 26  F81+R10       Skipped 
 27  K2P           7522.085     18  15080.170    15080.867    15168.510
 28  K2P+I         7187.704     19  14413.408    14414.183    14506.655
 29  K2P+G4        7133.304     19  14304.609    14305.384    14397.856
 30  K2P+I+G4      7131.350     20  14302.700    14303.558    14400.855
 31  K2P+R2        7134.060     20  14308.120    14308.978    14406.275
 32  K2P+R3        7128.901     22  14301.801    14302.837    14409.772
 33  K2P+R4        Skipped 
 34  K2P+R5        Skipped 
 35  K2P+R6        Skipped 
 36  K2P+R7        Skipped 
 37  K2P+R8        Skipped 
 38  K2P+R9        Skipped 
 39  K2P+R10       Skipped 
 40  HKY           7401.208     21  14844.416    14845.361    14947.479
 41  HKY+I         7066.323     22  14176.646    14177.682    14284.616
 42  HKY+G4        6990.776     22  14025.552    14026.588    14133.522
 43  HKY+I+G4      6989.635     23  14025.269    14026.401    14138.148
 44  HKY+R2        7000.319     23  14046.638    14047.770    14159.517
 45  HKY+R3        6988.148     25  14026.296    14027.630    14148.990
 46  HKY+R4        6988.122     27  14030.244    14031.799    14162.753
 47  HKY+R5        Skipped 
 48  HKY+R6        Skipped 
 49  HKY+R7        Skipped 
 50  HKY+R8        Skipped 
 51  HKY+R9        Skipped 
 52  HKY+R10       Skipped 
 53  TNe           7522.035     19  15082.070    15082.846    15175.318
 54  TNe+I         7187.667     20  14415.333    14416.191    14513.488
 55  TNe+G4        7131.675     20  14303.350    14304.208    14401.505
 56  TNe+I+G4      7129.940     21  14301.881    14302.826    14404.944
 57  TNe+R2        7133.001     21  14308.003    14308.948    14411.066
 58  TNe+R3        7127.273     23  14300.547    14301.678    14413.425
 59  TNe+R4        Skipped 
 60  TNe+R5        Skipped 
 61  TNe+R6        Skipped 
 62  TNe+R7        Skipped 
 63  TNe+R8        Skipped 
 64  TNe+R9        Skipped 
 65  TNe+R10       Skipped 
 66  TN            7395.206     22  14834.412    14835.448    14942.383
 67  TN+I          7059.615     23  14165.229    14166.360    14278.107
 68  TN+G4         6989.175     23  14024.349    14025.480    14137.228
 69  TN+I+G4       6987.393     24  14022.786    14024.017    14140.572
 70  TN+R2         6998.748     24  14045.496    14046.727    14163.282
 71  TN+R3         6985.880     26  14023.759    14025.202    14151.361
 72  TN+R4         6985.908     28  14027.817    14029.489    14165.234
 73  TN+R5         Skipped 
 74  TN+R6         Skipped 
 75  TN+R7         Skipped 
 76  TN+R8         Skipped 
 77  TN+R9         Skipped 
 78  TN+R10        Skipped 
 79  K3P           7521.670     19  15081.340    15082.116    15174.587
 80  K3P+I         7187.009     20  14414.018    14414.876    14512.173
 81  K3P+G4        7131.580     20  14303.159    14304.017    14401.315
 82  K3P+I+G4      7129.841     21  14301.682    14302.627    14404.745
 83  K3P+R2        7132.790     21  14307.581    14308.526    14410.644
 84  K3P+R3        7126.945     23  14299.889    14301.021    14412.768
 85  K3P+R4        Skipped 
 86  K3P+R5        Skipped 
 87  K3P+R6        Skipped 
 88  K3P+R7        Skipped 
 89  K3P+R8        Skipped 
 90  K3P+R9        Skipped 
 91  K3P+R10       Skipped 
 92  K3Pu          7398.358     22  14840.716    14841.752    14948.687
 93  K3Pu+I        7063.433     23  14172.865    14173.996    14285.744
 94  K3Pu+G4       6982.933     23  14011.865    14012.996    14124.743
 95  K3Pu+I+G4     6982.373     24  14012.746    14013.977    14130.532
 96  K3Pu+R2       6994.985     24  14037.970    14039.201    14155.756
 97  K3Pu+R3       6980.358     26  14012.716    14014.159    14140.317
 98  K3Pu+R4       6980.306     28  14016.612    14018.285    14154.029
 99  K3Pu+R5       Skipped 
100  K3Pu+R6       Skipped 
101  K3Pu+R7       Skipped 
102  K3Pu+R8       Skipped 
103  K3Pu+R9       Skipped 
104  K3Pu+R10      Skipped 
105  TPM2          7391.124     22  14826.247    14827.283    14934.218
106  TPM2+I        7053.341     23  14152.682    14153.813    14265.560
107  TPM2+G4       6985.815     23  14017.629    14018.760    14130.507
108  TPM2+I+G4     6984.633     24  14017.266    14018.497    14135.052
109  TPM2+R2       6993.279     24  14034.558    14035.788    14152.344
110  TPM2+R3       6982.535     26  14017.071    14018.514    14144.672
111  TPM2+R4       6982.601     28  14021.202    14022.874    14158.619
112  TPM2+R5       Skipped 
113  TPM2+R6       Skipped 
114  TPM2+R7       Skipped 
115  TPM2+R8       Skipped 
116  TPM2+R9       Skipped 
117  TPM2+R10      Skipped 
118  TPM2u         7391.123     22  14826.245    14827.281    14934.216
119  TPM2u+I       7053.289     23  14152.577    14153.708    14265.456
120  TPM2u+G4      6985.726     23  14017.453    14018.584    14130.331
121  TPM2u+I+G4    6984.633     24  14017.266    14018.497    14135.053
122  TPM2u+R2      6993.266     24  14034.531    14035.762    14152.317
123  TPM2u+R3      6982.528     26  14017.055    14018.498    14144.657
124  TPM2u+R4      6982.597     28  14021.194    14022.867    14158.611
125  TPM2u+R5      Skipped 
126  TPM2u+R6      Skipped 
127  TPM2u+R7      Skipped 
128  TPM2u+R8      Skipped 
129  TPM2u+R9      Skipped 
130  TPM2u+R10     Skipped 
131  TPM3          7400.182     22  14844.364    14845.400    14952.334
132  TPM3+I        7065.639     23  14177.278    14178.409    14290.156
133  TPM3+G4       6985.301     23  14016.602    14017.733    14129.480
134  TPM3+I+G4     6984.865     24  14017.730    14018.961    14135.516
135  TPM3+R2       6998.215     24  14044.430    14045.661    14162.216
136  TPM3+R3       6982.722     26  14017.445    14018.887    14145.046
137  TPM3+R4       6982.709     28  14021.418    14023.090    14158.835
138  TPM3+R5       Skipped 
139  TPM3+R6       Skipped 
140  TPM3+R7       Skipped 
141  TPM3+R8       Skipped 
142  TPM3+R9       Skipped 
143  TPM3+R10      Skipped 
144  TPM3u         7400.216     22  14844.433    14845.469    14952.403
145  TPM3u+I       7065.639     23  14177.278    14178.410    14290.157
146  TPM3u+G4      6985.256     23  14016.512    14017.643    14129.390
147  TPM3u+I+G4    6984.835     24  14017.671    14018.902    14135.457
148  TPM3u+R2      6998.168     24  14044.337    14045.567    14162.123
149  TPM3u+R3      6982.692     26  14017.384    14018.827    14144.985
150  TPM3u+R4      6982.759     28  14021.518    14023.190    14158.935
151  TPM3u+R5      Skipped 
152  TPM3u+R6      Skipped 
153  TPM3u+R7      Skipped 
154  TPM3u+R8      Skipped 
155  TPM3u+R9      Skipped 
156  TPM3u+R10     Skipped 
157  TIMe          7521.632     20  15083.265    15084.123    15181.420
158  TIMe+I        7186.976     21  14415.951    14416.896    14519.014
159  TIMe+G4       7130.049     21  14302.098    14303.042    14405.160
160  TIMe+I+G4     7128.583     22  14301.166    14302.202    14409.137
161  TIMe+R2       7131.783     22  14307.565    14308.601    14415.536
162  TIMe+R3       7125.606     24  14299.213    14300.443    14416.999
163  TIMe+R4       Skipped 
164  TIMe+R5       Skipped 
165  TIMe+R6       Skipped 
166  TIMe+R7       Skipped 
167  TIMe+R8       Skipped 
168  TIMe+R9       Skipped 
169  TIMe+R10      Skipped 
170  TIM           7392.195     23  14830.389    14831.521    14943.268
171  TIM+I         7056.566     24  14161.131    14162.362    14278.917
172  TIM+G4        6981.205     24  14010.409    14011.640    14128.195
173  TIM+I+G4      6980.290     25  14010.579    14011.914    14133.273
174  TIM+R2        6993.217     25  14036.435    14037.769    14159.129
175  TIM+R3        6977.982     27  14009.965    14011.521    14142.474
176  TIM+R4        6978.023     29  14014.047    14015.840    14156.371
177  TIM+R5        Skipped 
178  TIM+R6        Skipped 
179  TIM+R7        Skipped 
180  TIM+R8        Skipped 
181  TIM+R9        Skipped 
182  TIM+R10       Skipped 
183  TIM2e         7492.684     20  15025.368    15026.226    15123.523
184  TIM2e+I       7154.937     21  14351.874    14352.818    14454.936
185  TIM2e+G4      7090.610     21  14223.220    14224.165    14326.283
186  TIM2e+I+G4    7088.473     22  14220.945    14221.981    14328.916
187  TIM2e+R2      7094.327     22  14232.653    14233.689    14340.624
188  TIM2e+R3      7088.114     24  14224.228    14225.459    14342.014
189  TIM2e+R4      Skipped 
190  TIM2e+R5      Skipped 
191  TIM2e+R6      Skipped 
192  TIM2e+R7      Skipped 
193  TIM2e+R8      Skipped 
194  TIM2e+R9      Skipped 
195  TIM2e+R10     Skipped 
196  TIM2          7384.793     23  14815.585    14816.716    14928.464
197  TIM2+I        7046.899     24  14141.797    14143.028    14259.583
198  TIM2+G4       6982.819     24  14013.639    14014.870    14131.425
199  TIM2+I+G4     6981.349     25  14012.698    14014.032    14135.392
200  TIM2+R2       6990.450     25  14030.900    14032.235    14153.594
201  TIM2+R3       6979.312     27  14012.624    14014.180    14145.134
202  TIM2+R4       6979.420     29  14016.841    14018.635    14159.166
203  TIM2+R5       Skipped 
204  TIM2+R6       Skipped 
205  TIM2+R7       Skipped 
206  TIM2+R8       Skipped 
207  TIM2+R9       Skipped 
208  TIM2+R10      Skipped 
209  TIM3e         7521.795     20  15083.590    15084.448    15181.746
210  TIM3e+I       7187.299     21  14416.599    14417.543    14519.662
211  TIM3e+G4      7131.682     21  14305.365    14306.309    14408.427
212  TIM3e+I+G4    7130.041     22  14304.081    14305.117    14412.052
213  TIM3e+R2      7132.804     22  14309.609    14310.645    14417.579
214  TIM3e+R3      7127.152     24  14302.303    14303.534    14420.089
215  TIM3e+R4      Skipped 
216  TIM3e+R5      Skipped 
217  TIM3e+R6      Skipped 
218  TIM3e+R7      Skipped 
219  TIM3e+R8      Skipped 
220  TIM3e+R9      Skipped 
221  TIM3e+R10     Skipped 
222  TIM3          7393.797     23  14833.593    14834.724    14946.472
223  TIM3+I        7058.656     24  14165.311    14166.542    14283.097
224  TIM3+G4       6982.716     24  14013.432    14014.663    14131.218
225  TIM3+I+G4     6982.109     25  14014.219    14015.553    14136.913
226  TIM3+R2       6995.739     25  14041.478    14042.813    14164.172
227  TIM3+R3       6979.186     27  14012.372    14013.927    14144.881
228  TIM3+R4       6979.118     29  14016.237    14018.030    14158.562
229  TIM3+R5       Skipped 
230  TIM3+R6       Skipped 
231  TIM3+R7       Skipped 
232  TIM3+R8       Skipped 
233  TIM3+R9       Skipped 
234  TIM3+R10      Skipped 
235  TVMe          7489.272     21  15020.544    15021.489    15123.607
236  TVMe+I        7150.480     22  14344.959    14345.995    14452.930
237  TVMe+G4       7088.777     22  14221.554    14222.589    14329.524
238  TVMe+I+G4     7086.582     23  14219.164    14220.295    14332.042
239  TVMe+R2       7090.734     23  14227.468    14228.599    14340.346
240  TVMe+R3       7085.395     25  14220.790    14222.125    14343.484
241  TVMe+R4       Skipped 
242  TVMe+R5       Skipped 
243  TVMe+R6       Skipped 
244  TVMe+R7       Skipped 
245  TVMe+R8       Skipped 
246  TVMe+R9       Skipped 
247  TVMe+R10      Skipped 
248  TVM           7386.216     24  14820.431    14821.662    14938.217
249  TVM+I         7047.940     25  14145.881    14147.215    14268.575
250  TVM+G4        6974.724     25  13999.449    14000.783    14122.143
251  TVM+I+G4      6974.829     26  14001.658    14003.101    14129.260
252  TVM+R2        6985.579     26  14023.158    14024.601    14150.760
253  TVM+R3        6971.410     28  13998.820    14000.493    14136.237
254  TVM+R4        6971.323     30  14002.646    14004.566    14149.879
255  TVM+R5        Skipped 
256  TVM+R6        Skipped 
257  TVM+R7        Skipped 
258  TVM+R8        Skipped 
259  TVM+R9        Skipped 
260  TVM+R10       Skipped 
261  SYM           7489.172     22  15022.345    15023.381    15130.315
262  SYM+I         7150.450     23  14346.900    14348.031    14459.779
263  SYM+G4        7086.112     23  14218.224    14219.355    14331.103
264  SYM+I+G4      7084.102     24  14216.204    14217.435    14333.990
265  SYM+R2        7089.486     24  14226.972    14228.203    14344.758
266  SYM+R3        7083.399     26  14218.798    14220.241    14346.400
267  SYM+R4        Skipped 
268  SYM+R5        Skipped 
269  SYM+R6        Skipped 
270  SYM+R7        Skipped 
271  SYM+R8        Skipped 
272  SYM+R9        Skipped 
273  SYM+R10       Skipped 
274  GTR           7379.483     25  14808.966    14810.300    14931.659
275  GTR+I         7041.322     26  14134.644    14136.087    14262.245
276  GTR+G4        6970.561     26  13993.123    13994.566    14120.724
277  GTR+I+G4      6970.408     27  13994.816    13996.372    14127.326
278  GTR+R2        6981.851     27  14017.701    14019.257    14150.211
279  GTR+R3        6966.413     29  13990.827    13992.620    14133.152
280  GTR+R4        6966.405     31  13994.810    13996.860    14146.951
281  GTR+R5        Skipped 
282  GTR+R6        Skipped 
283  GTR+R7        Skipped 
284  GTR+R8        Skipped 
285  GTR+R9        Skipped 
286  GTR+R10       Skipped 
Akaike Information Criterion:           GTR+R3
Corrected Akaike Information Criterion: GTR+R3
Bayesian Information Criterion:         GTR+G4
Best-fit model: GTR+G4 chosen according to BIC

All model information printed to ./results/gene17.phy.model
CPU time for ModelFinder: 9.846 seconds (0h:0m:9s)
Wall-clock time for ModelFinder: 10.414 seconds (0h:0m:10s)
Generating 1000 samples for ultrafast bootstrap (seed: 955419)...

NOTE: 2 MB RAM (0 GB) is required!
Estimate model parameters (epsilon = 0.100)
1. Initial log-likelihood: -7230.743
2. Current log-likelihood: -6981.717
3. Current log-likelihood: -6972.139
4. Current log-likelihood: -6971.100
5. Current log-likelihood: -6970.782
Optimal log-likelihood: -6970.678
Rate parameters:  A-C: 2.343  A-G: 3.910  A-T: 0.989  C-G: 0.599  C-T: 6.124  G-T: 1.000
Base frequencies:   A: 0.405  C: 0.160  G: 0.210  T: 0.224
Gamma shape alpha: 0.445
Parameters optimization took 5 rounds (0.194 sec)
Computing ML distances based on estimated model parameters... 0.002 sec
Computing BIONJ tree...
0.000 seconds
Log-likelihood of BIONJ tree: -6968.468
--------------------------------------------------------------------
|             INITIALIZING CANDIDATE TREE SET                      |
--------------------------------------------------------------------
Generating 98 parsimony trees... 0.069 second
Computing log-likelihood of 93 initial trees ... 0.357 seconds
Current best score: -6968.330

Do NNI search on 20 best initial trees
Estimate model parameters (epsilon = 0.100)
BETTER TREE FOUND at iteration 1: -6966.865
Estimate model parameters (epsilon = 0.100)
BETTER TREE FOUND at iteration 2: -6964.835
Iteration 10 / LogL: -6967.312 / Time: 0h:0m:11s
Iteration 20 / LogL: -6964.842 / Time: 0h:0m:11s
Finish initializing candidate tree set (7)
Current best tree score: -6964.835 / CPU time: 1.334
Number of iterations: 20
--------------------------------------------------------------------
|               OPTIMIZING CANDIDATE TREE SET                      |
--------------------------------------------------------------------
UPDATE BEST LOG-LIKELIHOOD: -6964.834
Iteration 30 / LogL: -6964.907 / Time: 0h:0m:12s (0h:0m:4s left)
Iteration 40 / LogL: -6965.949 / Time: 0h:0m:12s (0h:0m:3s left)
Iteration 50 / LogL: -6964.844 / Time: 0h:0m:13s (0h:0m:2s left)
Log-likelihood cutoff on original alignment: -6971.322
Iteration 60 / LogL: -6964.838 / Time: 0h:0m:14s (0h:0m:2s left)
Iteration 70 / LogL: -6964.895 / Time: 0h:0m:14s (0h:0m:2s left)
Iteration 80 / LogL: -6965.395 / Time: 0h:0m:15s (0h:0m:1s left)
Iteration 90 / LogL: -6964.836 / Time: 0h:0m:16s (0h:0m:0s left)
UPDATE BEST LOG-LIKELIHOOD: -6964.834
Iteration 100 / LogL: -6965.529 / Time: 0h:0m:16s (0h:0m:0s left)
Log-likelihood cutoff on original alignment: -6971.808
NOTE: Bootstrap correlation coefficient of split occurrence frequencies: 0.979
NOTE: UFBoot does not converge, continue at least 100 more iterations
Iteration 110 / LogL: -6964.895 / Time: 0h:0m:17s (0h:0m:5s left)
Iteration 120 / LogL: -6964.895 / Time: 0h:0m:17s (0h:0m:4s left)
Iteration 130 / LogL: -6966.395 / Time: 0h:0m:18s (0h:0m:4s left)
Iteration 140 / LogL: -6964.895 / Time: 0h:0m:18s (0h:0m:3s left)
Iteration 150 / LogL: -6964.844 / Time: 0h:0m:18s (0h:0m:2s left)
Log-likelihood cutoff on original alignment: -6972.574
Iteration 160 / LogL: -6965.610 / Time: 0h:0m:19s (0h:0m:2s left)
Iteration 170 / LogL: -6964.895 / Time: 0h:0m:19s (0h:0m:1s left)
Iteration 180 / LogL: -6964.895 / Time: 0h:0m:20s (0h:0m:1s left)
Iteration 190 / LogL: -6964.895 / Time: 0h:0m:21s (0h:0m:0s left)
Iteration 200 / LogL: -6964.836 / Time: 0h:0m:21s (0h:0m:0s left)
Log-likelihood cutoff on original alignment: -6973.137
NOTE: Bootstrap correlation coefficient of split occurrence frequencies: 0.992
TREE SEARCH COMPLETED AFTER 200 ITERATIONS / Time: 0h:0m:21s

--------------------------------------------------------------------
|                    FINALIZING TREE SEARCH                        |
--------------------------------------------------------------------
Performs final model parameters optimization
Estimate model parameters (epsilon = 0.010)
1. Initial log-likelihood: -6964.834
Optimal log-likelihood: -6964.830
Rate parameters:  A-C: 2.358  A-G: 3.923  A-T: 0.993  C-G: 0.579  C-T: 6.120  G-T: 1.000
Base frequencies:   A: 0.405  C: 0.160  G: 0.210  T: 0.224
Gamma shape alpha: 0.446
Parameters optimization took 1 rounds (0.017 sec)
BEST SCORE FOUND : -6964.830
Creating bootstrap support values...
Split supports printed to NEXUS file ./results/gene17.phy.splits.nex
Total tree length: 2.778

Total number of iterations: 200
CPU time used for tree search: 8.936 sec (0h:0m:8s)
Wall-clock time used for tree search: 11.176 sec (0h:0m:11s)
Total CPU time used: 18.941 sec (0h:0m:18s)
Total wall-clock time used: 21.901 sec (0h:0m:21s)

Computing bootstrap consensus tree...
Reading input file ./results/gene17.phy.splits.nex...
10 taxa and 167 splits.
Consensus tree written to ./results/gene17.phy.contree
Reading input trees file ./results/gene17.phy.contree
Log-likelihood of consensus tree: -6965.536

Analysis results written to: 
  IQ-TREE report:                ./results/gene17.phy.iqtree
  Maximum-likelihood tree:       ./results/gene17.phy.treefile
  Likelihood distances:          ./results/gene17.phy.mldist

Ultrafast bootstrap approximation results written to:
  Split support values:          ./results/gene17.phy.splits.nex
  Consensus tree:                ./results/gene17.phy.contree
  Screen log file:               ./results/gene17.phy.log

Date and Time: Tue Aug 22 17:10:51 2017
