IQ-TREE multicore version 1.5.4 for Linux 64-bit built Apr  2 2017
Copyright (c) 2011-2017 by Bui Quang Minh, Nguyen Lam Tung,
Olga Chernomor, Heiko Schmidt, and Arndt von Haeseler.

Host:    hpc-crick (AVX, 251 GB RAM)
Command: iqtree -s ./results/gene14.phy -nt 1 -bb 1000
Seed:    479463 (Using SPRNG - Scalable Parallel Random Number Generator)
Time:    Tue Aug 22 18:12:24 2017
Kernel:  AVX - 1 threads (40 CPU cores detected)

Reading alignment file ./results/gene14.phy ... Phylip format detected
Alignment most likely contains DNA/RNA sequences
Alignment has 10 sequences with 1000 columns and 485 patterns (342 informative sites, 381 constant sites)
   Gap/Ambiguity  Composition  p-value
   1  A    0.00%    passed     98.07%
   2  B    0.00%    passed     76.15%
   3  C    0.00%    passed     94.83%
   4  D    0.00%    passed     89.04%
   5  E    0.00%    passed     97.21%
   6  F    0.00%    passed     63.77%
   7  G    0.00%    passed     77.64%
   8  H    0.00%    passed     64.99%
   9  I    0.00%    passed     90.45%
  10  J    0.00%    passed     57.56%
****  TOTAL    0.00%  0 sequences failed composition chi2 test (p-value<5%; df=3)

Create initial parsimony tree by phylogenetic likelihood library (PLL)... 0.000 seconds

NOTE: ModelFinder requires 3 MB RAM!
ModelFinder will test 286 DNA models (sample size: 1000) ...
 No. Model         -LnL         df  AIC          AICc         BIC
  1  JC            7585.300     17  15204.601    15205.224    15288.033
  2  JC+I          7363.297     18  14762.594    14763.291    14850.934
  3  JC+G4         7309.437     18  14654.873    14655.570    14743.213
  4  JC+I+G4       7309.799     19  14657.598    14658.374    14750.846
  5  JC+R2         7309.981     19  14657.961    14658.737    14751.209
  6  JC+R3         7308.545     21  14659.089    14660.034    14762.152
  7  JC+R4         Skipped 
  8  JC+R5         Skipped 
  9  JC+R6         Skipped 
 10  JC+R7         Skipped 
 11  JC+R8         Skipped 
 12  JC+R9         Skipped 
 13  JC+R10        Skipped 
 14  F81           7480.682     20  15001.364    15002.222    15099.519
 15  F81+I         7244.618     21  14531.237    14532.182    14634.300
 16  F81+G4        7179.752     21  14401.504    14402.449    14504.567
 17  F81+I+G4      7179.949     22  14403.898    14404.934    14511.868
 18  F81+R2        7184.394     22  14412.789    14413.825    14520.760
 19  F81+R3        7179.637     24  14407.275    14408.506    14525.061
 20  F81+R4        Skipped 
 21  F81+R5        Skipped 
 22  F81+R6        Skipped 
 23  F81+R7        Skipped 
 24  F81+R8        Skipped 
 25  F81+R9        Skipped 
 26  F81+R10       Skipped 
 27  K2P           7446.397     18  14928.794    14929.492    15017.134
 28  K2P+I         7216.101     19  14470.202    14470.977    14563.449
 29  K2P+G4        7150.014     19  14338.029    14338.804    14431.276
 30  K2P+I+G4      7150.136     20  14340.271    14341.129    14438.426
 31  K2P+R2        7154.090     20  14348.181    14349.039    14446.336
 32  K2P+R3        7146.356     22  14336.712    14337.748    14444.683
 33  K2P+R4        7146.332     24  14340.664    14341.895    14458.450
 34  K2P+R5        Skipped 
 35  K2P+R6        Skipped 
 36  K2P+R7        Skipped 
 37  K2P+R8        Skipped 
 38  K2P+R9        Skipped 
 39  K2P+R10       Skipped 
 40  HKY           7334.742     21  14711.483    14712.428    14814.546
 41  HKY+I         7091.909     22  14227.818    14228.854    14335.789
 42  HKY+G4        7000.386     22  14044.772    14045.807    14152.742
 43  HKY+I+G4      7000.707     23  14047.414    14048.545    14160.293
 44  HKY+R2        7010.392     23  14066.784    14067.915    14179.662
 45  HKY+R3        6998.259     25  14046.519    14047.853    14169.213
 46  HKY+R4        6998.134     27  14050.269    14051.824    14182.778
 47  HKY+R5        Skipped 
 48  HKY+R6        Skipped 
 49  HKY+R7        Skipped 
 50  HKY+R8        Skipped 
 51  HKY+R9        Skipped 
 52  HKY+R10       Skipped 
 53  TNe           7444.808     19  14927.616    14928.391    15020.863
 54  TNe+I         7215.951     20  14471.903    14472.761    14570.058
 55  TNe+G4        7148.117     20  14336.233    14337.091    14434.388
 56  TNe+I+G4      7148.131     21  14338.262    14339.206    14441.324
 57  TNe+R2        7152.352     21  14346.703    14347.648    14449.766
 58  TNe+R3        7143.820     23  14333.639    14334.770    14446.517
 59  TNe+R4        7143.796     25  14337.592    14338.927    14460.286
 60  TNe+R5        Skipped 
 61  TNe+R6        Skipped 
 62  TNe+R7        Skipped 
 63  TNe+R8        Skipped 
 64  TNe+R9        Skipped 
 65  TNe+R10       Skipped 
 66  TN            7334.672     22  14713.343    14714.379    14821.314
 67  TN+I          7089.482     23  14224.964    14226.095    14337.842
 68  TN+G4         7000.504     23  14047.007    14048.138    14159.886
 69  TN+I+G4       7000.425     24  14048.850    14050.081    14166.636
 70  TN+R2         7010.342     24  14068.684    14069.915    14186.470
 71  TN+R3         6998.038     26  14048.075    14049.518    14175.677
 72  TN+R4         6998.021     28  14052.041    14053.714    14189.458
 73  TN+R5         Skipped 
 74  TN+R6         Skipped 
 75  TN+R7         Skipped 
 76  TN+R8         Skipped 
 77  TN+R9         Skipped 
 78  TN+R10        Skipped 
 79  K3P           7440.276     19  14918.553    14919.328    15011.800
 80  K3P+I         7209.230     20  14458.460    14459.318    14556.615
 81  K3P+G4        7140.601     20  14321.202    14322.060    14419.357
 82  K3P+I+G4      7140.578     21  14323.156    14324.101    14426.219
 83  K3P+R2        7145.790     21  14333.580    14334.525    14436.643
 84  K3P+R3        7138.412     23  14322.825    14323.956    14435.703
 85  K3P+R4        7138.401     25  14326.802    14328.137    14449.496
 86  K3P+R5        Skipped 
 87  K3P+R6        Skipped 
 88  K3P+R7        Skipped 
 89  K3P+R8        Skipped 
 90  K3P+R9        Skipped 
 91  K3P+R10       Skipped 
 92  K3Pu          7324.388     22  14692.777    14693.813    14800.748
 93  K3Pu+I        7074.935     23  14195.870    14197.001    14308.748
 94  K3Pu+G4       6978.409     23  14002.819    14003.950    14115.697
 95  K3Pu+I+G4     6978.723     24  14005.446    14006.676    14123.232
 96  K3Pu+R2       6989.403     24  14026.806    14028.037    14144.592
 97  K3Pu+R3       6977.959     26  14007.918    14009.361    14135.520
 98  K3Pu+R4       6977.977     28  14011.954    14013.627    14149.371
 99  K3Pu+R5       Skipped 
100  K3Pu+R6       Skipped 
101  K3Pu+R7       Skipped 
102  K3Pu+R8       Skipped 
103  K3Pu+R9       Skipped 
104  K3Pu+R10      Skipped 
105  TPM2          7327.572     22  14699.144    14700.179    14807.114
106  TPM2+I        7086.891     23  14219.783    14220.914    14332.661
107  TPM2+G4       7000.344     23  14046.689    14047.820    14159.567
108  TPM2+I+G4     7000.517     24  14049.033    14050.264    14166.819
109  TPM2+R2       7010.123     24  14068.246    14069.477    14186.032
110  TPM2+R3       6998.099     26  14048.198    14049.641    14175.800
111  TPM2+R4       6998.048     28  14052.095    14053.768    14189.513
112  TPM2+R5       Skipped 
113  TPM2+R6       Skipped 
114  TPM2+R7       Skipped 
115  TPM2+R8       Skipped 
116  TPM2+R9       Skipped 
117  TPM2+R10      Skipped 
118  TPM2u         7327.569     22  14699.138    14700.174    14807.109
119  TPM2u+I       7086.891     23  14219.782    14220.913    14332.661
120  TPM2u+G4      7000.375     23  14046.751    14047.882    14159.629
121  TPM2u+I+G4    7000.503     24  14049.007    14050.238    14166.793
122  TPM2u+R2      7010.055     24  14068.111    14069.341    14185.897
123  TPM2u+R3      6998.063     26  14048.126    14049.569    14175.728
124  TPM2u+R4      6998.018     28  14052.037    14053.709    14189.454
125  TPM2u+R5      Skipped 
126  TPM2u+R6      Skipped 
127  TPM2u+R7      Skipped 
128  TPM2u+R8      Skipped 
129  TPM2u+R9      Skipped 
130  TPM2u+R10     Skipped 
131  TPM3          7331.065     22  14706.131    14707.167    14814.101
132  TPM3+I        7077.163     23  14200.326    14201.457    14313.204
133  TPM3+G4       6983.824     23  14013.648    14014.779    14126.526
134  TPM3+I+G4     6983.758     24  14015.515    14016.746    14133.301
135  TPM3+R2       6993.395     24  14034.790    14036.021    14152.576
136  TPM3+R3       6983.243     26  14018.486    14019.929    14146.087
137  TPM3+R4       6983.305     28  14022.610    14024.282    14160.027
138  TPM3+R5       Skipped 
139  TPM3+R6       Skipped 
140  TPM3+R7       Skipped 
141  TPM3+R8       Skipped 
142  TPM3+R9       Skipped 
143  TPM3+R10      Skipped 
144  TPM3u         7331.111     22  14706.222    14707.258    14814.193
145  TPM3u+I       7077.164     23  14200.328    14201.459    14313.206
146  TPM3u+G4      6983.785     23  14013.570    14014.701    14126.448
147  TPM3u+I+G4    6983.738     24  14015.477    14016.708    14133.263
148  TPM3u+R2      6993.414     24  14034.827    14036.058    14152.613
149  TPM3u+R3      6983.189     26  14018.379    14019.822    14145.981
150  TPM3u+R4      6983.183     28  14022.366    14024.038    14159.783
151  TPM3u+R5      Skipped 
152  TPM3u+R6      Skipped 
153  TPM3u+R7      Skipped 
154  TPM3u+R8      Skipped 
155  TPM3u+R9      Skipped 
156  TPM3u+R10     Skipped 
157  TIMe          7438.707     20  14917.415    14918.273    15015.570
158  TIMe+I        7209.098     21  14460.197    14461.142    14563.260
159  TIMe+G4       7138.649     21  14319.298    14320.243    14422.361
160  TIMe+I+G4     7138.656     22  14321.312    14322.348    14429.282
161  TIMe+R2       7144.035     22  14332.071    14333.107    14440.041
162  TIMe+R3       7135.751     24  14319.502    14320.733    14437.288
163  TIMe+R4       7135.727     26  14323.454    14324.897    14451.055
164  TIMe+R5       Skipped 
165  TIMe+R6       Skipped 
166  TIMe+R7       Skipped 
167  TIMe+R8       Skipped 
168  TIMe+R9       Skipped 
169  TIMe+R10      Skipped 
170  TIM           7324.183     23  14694.366    14695.497    14807.245
171  TIM+I         7071.535     24  14191.070    14192.300    14308.856
172  TIM+G4        6978.462     24  14004.925    14006.156    14122.711
173  TIM+I+G4      6978.624     25  14007.247    14008.582    14129.941
174  TIM+R2        6989.376     25  14028.752    14030.087    14151.446
175  TIM+R3        6978.033     27  14010.067    14011.622    14142.576
176  TIM+R4        6977.954     29  14013.908    14015.702    14156.233
177  TIM+R5        Skipped 
178  TIM+R6        Skipped 
179  TIM+R7        Skipped 
180  TIM+R8        Skipped 
181  TIM+R9        Skipped 
182  TIM+R10       Skipped 
183  TIM2e         7418.769     20  14877.538    14878.396    14975.693
184  TIM2e+I       7191.149     21  14424.298    14425.243    14527.361
185  TIM2e+G4      7119.932     21  14281.865    14282.809    14384.928
186  TIM2e+I+G4    7119.747     22  14283.494    14284.530    14391.464
187  TIM2e+R2      7125.174     22  14294.348    14295.384    14402.318
188  TIM2e+R3      7114.882     24  14277.764    14278.995    14395.550
189  TIM2e+R4      7114.947     26  14281.894    14283.337    14409.496
190  TIM2e+R5      Skipped 
191  TIM2e+R6      Skipped 
192  TIM2e+R7      Skipped 
193  TIM2e+R8      Skipped 
194  TIM2e+R9      Skipped 
195  TIM2e+R10     Skipped 
196  TIM2          7327.413     23  14700.826    14701.957    14813.704
197  TIM2+I        7084.178     24  14216.357    14217.587    14334.143
198  TIM2+G4       7000.122     24  14048.244    14049.475    14166.030
199  TIM2+I+G4     7000.211     25  14050.422    14051.757    14173.116
200  TIM2+R2       7009.916     25  14069.833    14071.168    14192.527
201  TIM2+R3       6997.847     27  14049.694    14051.249    14182.203
202  TIM2+R4       6997.818     29  14053.637    14055.431    14195.962
203  TIM2+R5       Skipped 
204  TIM2+R6       Skipped 
205  TIM2+R7       Skipped 
206  TIM2+R8       Skipped 
207  TIM2+R9       Skipped 
208  TIM2+R10      Skipped 
209  TIM3e         7442.785     20  14925.570    14926.428    15023.725
210  TIM3e+I       7210.451     21  14462.903    14463.848    14565.966
211  TIM3e+G4      7141.456     21  14324.912    14325.856    14427.975
212  TIM3e+I+G4    7141.414     22  14326.828    14327.863    14434.798
213  TIM3e+R2      7146.216     22  14336.432    14337.468    14444.403
214  TIM3e+R3      7138.673     24  14325.347    14326.578    14443.133
215  TIM3e+R4      7138.663     26  14329.327    14330.770    14456.928
216  TIM3e+R5      Skipped 
217  TIM3e+R6      Skipped 
218  TIM3e+R7      Skipped 
219  TIM3e+R8      Skipped 
220  TIM3e+R9      Skipped 
221  TIM3e+R10     Skipped 
222  TIM3          7330.791     23  14707.582    14708.713    14820.461
223  TIM3+I        7072.013     24  14192.027    14193.258    14309.813
224  TIM3+G4       6983.300     24  14014.599    14015.830    14132.385
225  TIM3+I+G4     6983.043     25  14016.086    14017.421    14138.780
226  TIM3+R2       6993.057     25  14036.114    14037.448    14158.808
227  TIM3+R3       6982.999     27  14019.999    14021.554    14152.508
228  TIM3+R4       6982.983     29  14023.965    14025.759    14166.290
229  TIM3+R5       Skipped 
230  TIM3+R6       Skipped 
231  TIM3+R7       Skipped 
232  TIM3+R8       Skipped 
233  TIM3+R9       Skipped 
234  TIM3+R10      Skipped 
235  TVMe          7411.405     21  14864.810    14865.755    14967.873
236  TVMe+I        7180.326     22  14404.652    14405.688    14512.622
237  TVMe+G4       7108.644     22  14261.287    14262.323    14369.258
238  TVMe+I+G4     7108.365     23  14262.730    14263.861    14375.608
239  TVMe+R2       7114.439     23  14274.878    14276.010    14387.757
240  TVMe+R3       7105.284     25  14260.568    14261.903    14383.262
241  TVMe+R4       7105.283     27  14264.566    14266.121    14397.075
242  TVMe+R5       Skipped 
243  TVMe+R6       Skipped 
244  TVMe+R7       Skipped 
245  TVMe+R8       Skipped 
246  TVMe+R9       Skipped 
247  TVMe+R10      Skipped 
248  TVM           7315.497     24  14678.995    14680.225    14796.781
249  TVM+I         7062.807     25  14175.614    14176.949    14298.308
250  TVM+G4        6971.924     25  13993.848    13995.182    14116.542
251  TVM+I+G4      6972.133     26  13996.266    13997.709    14123.868
252  TVM+R2        6982.273     26  14016.545    14017.988    14144.147
253  TVM+R3        6971.741     28  13999.482    14001.155    14136.899
254  TVM+R4        6971.696     30  14003.392    14005.311    14150.624
255  TVM+R5        Skipped 
256  TVM+R6        Skipped 
257  TVM+R7        Skipped 
258  TVM+R8        Skipped 
259  TVM+R9        Skipped 
260  TVM+R10       Skipped 
261  SYM           7409.775     22  14863.549    14864.585    14971.520
262  SYM+I         7180.254     23  14406.508    14407.639    14519.386
263  SYM+G4        7105.341     23  14256.682    14257.813    14369.561
264  SYM+I+G4      7105.193     24  14258.386    14259.617    14376.173
265  SYM+R2        7112.232     24  14272.465    14273.696    14390.251
266  SYM+R3        7101.489     26  14254.979    14256.422    14382.580
267  SYM+R4        7101.479     28  14258.958    14260.630    14396.375
268  SYM+R5        Skipped 
269  SYM+R6        Skipped 
270  SYM+R7        Skipped 
271  SYM+R8        Skipped 
272  SYM+R9        Skipped 
273  SYM+R10       Skipped 
274  GTR           7314.953     25  14679.905    14681.240    14802.599
275  GTR+I         7057.230     26  14166.460    14167.903    14294.062
276  GTR+G4        6971.364     26  13994.727    13996.170    14122.329
277  GTR+I+G4      6971.406     27  13996.813    13998.368    14129.322
278  GTR+R2        6981.699     27  14017.399    14018.954    14149.908
279  GTR+R3        6971.305     29  14000.611    14002.404    14142.936
280  GTR+R4        6971.505     31  14005.011    14007.060    14157.151
281  GTR+R5        Skipped 
282  GTR+R6        Skipped 
283  GTR+R7        Skipped 
284  GTR+R8        Skipped 
285  GTR+R9        Skipped 
286  GTR+R10       Skipped 
Akaike Information Criterion:           TVM+G4
Corrected Akaike Information Criterion: TVM+G4
Bayesian Information Criterion:         K3Pu+G4
Best-fit model: K3Pu+G4 chosen according to BIC

All model information printed to ./results/gene14.phy.model
CPU time for ModelFinder: 21.752 seconds (0h:0m:21s)
Wall-clock time for ModelFinder: 25.942 seconds (0h:0m:25s)
Generating 1000 samples for ultrafast bootstrap (seed: 479463)...

NOTE: 2 MB RAM (0 GB) is required!
Estimate model parameters (epsilon = 0.100)
1. Initial log-likelihood: -7235.387
2. Current log-likelihood: -7038.637
3. Current log-likelihood: -6983.010
4. Current log-likelihood: -6981.778
5. Current log-likelihood: -6981.571
Optimal log-likelihood: -6981.508
Rate parameters:  A-C: 1.000  A-G: 2.430  A-T: 0.299  C-G: 0.299  C-T: 2.430  G-T: 1.000
Base frequencies:   A: 0.420  C: 0.171  G: 0.186  T: 0.223
Gamma shape alpha: 0.518
Parameters optimization took 5 rounds (0.035 sec)
Computing ML distances based on estimated model parameters... 0.001 sec
Computing BIONJ tree...
0.000 seconds
Log-likelihood of BIONJ tree: -6978.293
--------------------------------------------------------------------
|             INITIALIZING CANDIDATE TREE SET                      |
--------------------------------------------------------------------
Generating 98 parsimony trees... 0.042 second
Computing log-likelihood of 93 initial trees ... 0.248 seconds
Current best score: -6978.293

Do NNI search on 20 best initial trees
Estimate model parameters (epsilon = 0.100)
BETTER TREE FOUND at iteration 1: -6976.871
Estimate model parameters (epsilon = 0.100)
BETTER TREE FOUND at iteration 2: -6976.024
UPDATE BEST LOG-LIKELIHOOD: -6976.024
Iteration 10 / LogL: -6976.024 / Time: 0h:0m:26s
UPDATE BEST LOG-LIKELIHOOD: -6976.024
Iteration 20 / LogL: -6976.024 / Time: 0h:0m:27s
Finish initializing candidate tree set (6)
Current best tree score: -6976.024 / CPU time: 1.457
Number of iterations: 20
--------------------------------------------------------------------
|               OPTIMIZING CANDIDATE TREE SET                      |
--------------------------------------------------------------------
UPDATE BEST LOG-LIKELIHOOD: -6976.024
Iteration 30 / LogL: -6976.736 / Time: 0h:0m:27s (0h:0m:4s left)
Iteration 40 / LogL: -6976.036 / Time: 0h:0m:28s (0h:0m:3s left)
Iteration 50 / LogL: -6976.882 / Time: 0h:0m:28s (0h:0m:2s left)
Log-likelihood cutoff on original alignment: -6985.722
Iteration 60 / LogL: -6976.740 / Time: 0h:0m:28s (0h:0m:2s left)
Iteration 70 / LogL: -6976.723 / Time: 0h:0m:29s (0h:0m:1s left)
Iteration 80 / LogL: -6976.203 / Time: 0h:0m:29s (0h:0m:1s left)
Iteration 90 / LogL: -6977.990 / Time: 0h:0m:29s (0h:0m:0s left)
UPDATE BEST LOG-LIKELIHOOD: -6976.024
Iteration 100 / LogL: -6976.726 / Time: 0h:0m:30s (0h:0m:0s left)
Log-likelihood cutoff on original alignment: -6986.032
NOTE: Bootstrap correlation coefficient of split occurrence frequencies: 0.993
TREE SEARCH COMPLETED AFTER 103 ITERATIONS / Time: 0h:0m:30s

--------------------------------------------------------------------
|                    FINALIZING TREE SEARCH                        |
--------------------------------------------------------------------
Performs final model parameters optimization
Estimate model parameters (epsilon = 0.010)
1. Initial log-likelihood: -6976.024
Optimal log-likelihood: -6976.023
Rate parameters:  A-C: 1.000  A-G: 2.431  A-T: 0.303  C-G: 0.303  C-T: 2.431  G-T: 1.000
Base frequencies:   A: 0.420  C: 0.171  G: 0.186  T: 0.223
Gamma shape alpha: 0.518
Parameters optimization took 1 rounds (0.007 sec)
BEST SCORE FOUND : -6976.023
Creating bootstrap support values...
Split supports printed to NEXUS file ./results/gene14.phy.splits.nex
Total tree length: 2.764

Total number of iterations: 103
CPU time used for tree search: 4.361 sec (0h:0m:4s)
Wall-clock time used for tree search: 4.376 sec (0h:0m:4s)
Total CPU time used: 26.193 sec (0h:0m:26s)
Total wall-clock time used: 30.407 sec (0h:0m:30s)

Computing bootstrap consensus tree...
Reading input file ./results/gene14.phy.splits.nex...
10 taxa and 165 splits.
Consensus tree written to ./results/gene14.phy.contree
Reading input trees file ./results/gene14.phy.contree
Log-likelihood of consensus tree: -6976.023

Analysis results written to: 
  IQ-TREE report:                ./results/gene14.phy.iqtree
  Maximum-likelihood tree:       ./results/gene14.phy.treefile
  Likelihood distances:          ./results/gene14.phy.mldist

Ultrafast bootstrap approximation results written to:
  Split support values:          ./results/gene14.phy.splits.nex
  Consensus tree:                ./results/gene14.phy.contree
  Screen log file:               ./results/gene14.phy.log

Date and Time: Tue Aug 22 18:12:55 2017
