IQ-TREE multicore version 1.5.4 for Linux 64-bit built Apr  2 2017
Copyright (c) 2011-2017 by Bui Quang Minh, Nguyen Lam Tung,
Olga Chernomor, Heiko Schmidt, and Arndt von Haeseler.

Host:    hpc-crick (AVX, 251 GB RAM)
Command: iqtree -s ./results/gene2.phy -nt 1 -bb 1000
Seed:    207439 (Using SPRNG - Scalable Parallel Random Number Generator)
Time:    Tue Aug 22 17:51:49 2017
Kernel:  AVX - 1 threads (40 CPU cores detected)

Reading alignment file ./results/gene2.phy ... Phylip format detected
Alignment most likely contains DNA/RNA sequences
Alignment has 10 sequences with 1000 columns and 495 patterns (382 informative sites, 382 constant sites)
   Gap/Ambiguity  Composition  p-value
   1  A    0.00%    passed     94.13%
   2  B    0.00%    passed     99.40%
   3  C    0.00%    passed     97.51%
   4  D    0.00%    passed     97.09%
   5  E    0.00%    passed     83.25%
   6  F    0.00%    passed     91.22%
   7  G    0.00%    passed     96.40%
   8  H    0.00%    passed     80.57%
   9  I    0.00%    passed     54.92%
  10  J    0.00%    passed     62.47%
****  TOTAL    0.00%  0 sequences failed composition chi2 test (p-value<5%; df=3)

Create initial parsimony tree by phylogenetic likelihood library (PLL)... 0.006 seconds

NOTE: ModelFinder requires 3 MB RAM!
ModelFinder will test 286 DNA models (sample size: 1000) ...
 No. Model         -LnL         df  AIC          AICc         BIC
  1  JC            7872.820     17  15779.641    15780.264    15863.073
  2  JC+I          7592.515     18  15221.030    15221.727    15309.369
  3  JC+G4         7517.875     18  15071.749    15072.446    15160.089
  4  JC+I+G4       7518.385     19  15074.771    15075.546    15168.018
  5  JC+R2         7522.606     19  15083.213    15083.988    15176.460
  6  JC+R3         7517.447     21  15076.895    15077.839    15179.957
  7  JC+R4         Skipped 
  8  JC+R5         Skipped 
  9  JC+R6         Skipped 
 10  JC+R7         Skipped 
 11  JC+R8         Skipped 
 12  JC+R9         Skipped 
 13  JC+R10        Skipped 
 14  F81           7772.876     20  15585.752    15586.610    15683.907
 15  F81+I         7484.063     21  15010.126    15011.070    15113.189
 16  F81+G4        7408.854     21  14859.708    14860.653    14962.771
 17  F81+I+G4      7408.866     22  14861.731    14862.767    14969.702
 18  F81+R2        7414.886     22  14873.772    14874.807    14981.742
 19  F81+R3        7408.433     24  14864.865    14866.096    14982.652
 20  F81+R4        Skipped 
 21  F81+R5        Skipped 
 22  F81+R6        Skipped 
 23  F81+R7        Skipped 
 24  F81+R8        Skipped 
 25  F81+R9        Skipped 
 26  F81+R10       Skipped 
 27  K2P           7730.759     18  15497.517    15498.214    15585.857
 28  K2P+I         7440.161     19  14918.323    14919.098    15011.570
 29  K2P+G4        7348.727     19  14735.453    14736.229    14828.701
 30  K2P+I+G4      7349.284     20  14738.569    14739.427    14836.724
 31  K2P+R2        7356.749     20  14753.498    14754.356    14851.653
 32  K2P+R3        7348.520     22  14741.041    14742.077    14849.011
 33  K2P+R4        7348.331     24  14744.661    14745.892    14862.447
 34  K2P+R5        Skipped 
 35  K2P+R6        Skipped 
 36  K2P+R7        Skipped 
 37  K2P+R8        Skipped 
 38  K2P+R9        Skipped 
 39  K2P+R10       Skipped 
 40  HKY           7613.620     21  15269.239    15270.184    15372.302
 41  HKY+I         7323.166     22  14690.332    14691.368    14798.303
 42  HKY+G4        7220.657     22  14485.313    14486.349    14593.284
 43  HKY+I+G4      7221.234     23  14488.467    14489.598    14601.345
 44  HKY+R2        7229.303     23  14504.605    14505.737    14617.484
 45  HKY+R3        7220.558     25  14491.117    14492.452    14613.811
 46  HKY+R4        7220.443     27  14494.886    14496.441    14627.395
 47  HKY+R5        Skipped 
 48  HKY+R6        Skipped 
 49  HKY+R7        Skipped 
 50  HKY+R8        Skipped 
 51  HKY+R9        Skipped 
 52  HKY+R10       Skipped 
 53  TNe           7728.158     19  15494.317    15495.092    15587.564
 54  TNe+I         7439.833     20  14919.665    14920.523    15017.821
 55  TNe+G4        7344.836     20  14729.672    14730.530    14827.827
 56  TNe+I+G4      7345.425     21  14732.850    14733.795    14835.913
 57  TNe+R2        7352.301     21  14746.602    14747.547    14849.665
 58  TNe+R3        7344.471     23  14734.942    14736.073    14847.821
 59  TNe+R4        7344.271     25  14738.542    14739.877    14861.236
 60  TNe+R5        Skipped 
 61  TNe+R6        Skipped 
 62  TNe+R7        Skipped 
 63  TNe+R8        Skipped 
 64  TNe+R9        Skipped 
 65  TNe+R10       Skipped 
 66  TN            7613.556     22  15271.112    15272.148    15379.083
 67  TN+I          7321.037     23  14688.075    14689.206    14800.953
 68  TN+G4         7220.624     23  14487.247    14488.378    14600.125
 69  TN+I+G4       7221.107     24  14490.214    14491.445    14608.000
 70  TN+R2         7229.221     24  14506.442    14507.672    14624.228
 71  TN+R3         7220.470     26  14492.941    14494.384    14620.542
 72  TN+R4         7220.421     28  14496.842    14498.515    14634.259
 73  TN+R5         Skipped 
 74  TN+R6         Skipped 
 75  TN+R7         Skipped 
 76  TN+R8         Skipped 
 77  TN+R9         Skipped 
 78  TN+R10        Skipped 
 79  K3P           7726.047     19  15490.093    15490.869    15583.340
 80  K3P+I         7435.154     20  14910.308    14911.166    15008.464
 81  K3P+G4        7343.828     20  14727.656    14728.514    14825.811
 82  K3P+I+G4      7344.206     21  14730.411    14731.356    14833.474
 83  K3P+R2        7351.651     21  14745.303    14746.248    14848.366
 84  K3P+R3        7343.460     23  14732.920    14734.052    14845.799
 85  K3P+R4        7343.283     25  14736.566    14737.901    14859.260
 86  K3P+R5        Skipped 
 87  K3P+R6        Skipped 
 88  K3P+R7        Skipped 
 89  K3P+R8        Skipped 
 90  K3P+R9        Skipped 
 91  K3P+R10       Skipped 
 92  K3Pu          7597.959     22  15239.918    15240.954    15347.889
 93  K3Pu+I        7310.630     23  14667.259    14668.390    14780.137
 94  K3Pu+G4       7207.087     23  14460.174    14461.305    14573.052
 95  K3Pu+I+G4     7207.395     24  14462.791    14464.022    14580.577
 96  K3Pu+R2       7216.060     24  14480.119    14481.350    14597.905
 97  K3Pu+R3       7207.061     26  14466.123    14467.566    14593.724
 98  K3Pu+R4       7206.941     28  14469.881    14471.554    14607.298
 99  K3Pu+R5       Skipped 
100  K3Pu+R6       Skipped 
101  K3Pu+R7       Skipped 
102  K3Pu+R8       Skipped 
103  K3Pu+R9       Skipped 
104  K3Pu+R10      Skipped 
105  TPM2          7610.824     22  15265.648    15266.683    15373.618
106  TPM2+I        7318.810     23  14683.620    14684.751    14796.499
107  TPM2+G4       7219.409     23  14484.818    14485.949    14597.696
108  TPM2+I+G4     7219.872     24  14487.744    14488.975    14605.531
109  TPM2+R2       7227.560     24  14503.120    14504.351    14620.906
110  TPM2+R3       7219.105     26  14490.211    14491.654    14617.813
111  TPM2+R4       7218.997     28  14493.995    14495.667    14631.412
112  TPM2+R5       Skipped 
113  TPM2+R6       Skipped 
114  TPM2+R7       Skipped 
115  TPM2+R8       Skipped 
116  TPM2+R9       Skipped 
117  TPM2+R10      Skipped 
118  TPM2u         7610.905     22  15265.809    15266.845    15373.780
119  TPM2u+I       7318.798     23  14683.597    14684.728    14796.475
120  TPM2u+G4      7219.421     23  14484.843    14485.974    14597.721
121  TPM2u+I+G4    7219.878     24  14487.756    14488.986    14605.542
122  TPM2u+R2      7227.518     24  14503.036    14504.267    14620.822
123  TPM2u+R3      7219.093     26  14490.185    14491.628    14617.787
124  TPM2u+R4      7218.980     28  14493.960    14495.632    14631.377
125  TPM2u+R5      Skipped 
126  TPM2u+R6      Skipped 
127  TPM2u+R7      Skipped 
128  TPM2u+R8      Skipped 
129  TPM2u+R9      Skipped 
130  TPM2u+R10     Skipped 
131  TPM3          7589.287     22  15222.574    15223.610    15330.544
132  TPM3+I        7310.213     23  14666.426    14667.557    14779.304
133  TPM3+G4       7199.468     23  14444.936    14446.067    14557.814
134  TPM3+I+G4     7199.198     24  14446.397    14447.628    14564.183
135  TPM3+R2       7210.346     24  14468.691    14469.922    14586.478
136  TPM3+R3       7199.077     26  14450.154    14451.597    14577.756
137  TPM3+R4       7198.541     28  14453.082    14454.755    14590.499
138  TPM3+R5       Skipped 
139  TPM3+R6       Skipped 
140  TPM3+R7       Skipped 
141  TPM3+R8       Skipped 
142  TPM3+R9       Skipped 
143  TPM3+R10      Skipped 
144  TPM3u         7589.334     22  15222.668    15223.703    15330.638
145  TPM3u+I       7310.219     23  14666.438    14667.570    14779.317
146  TPM3u+G4      7199.384     23  14444.769    14445.900    14557.647
147  TPM3u+I+G4    7199.177     24  14446.353    14447.584    14564.139
148  TPM3u+R2      7210.309     24  14468.618    14469.848    14586.404
149  TPM3u+R3      7199.060     26  14450.119    14451.562    14577.721
150  TPM3u+R4      7197.724     28  14451.448    14453.120    14588.865
151  TPM3u+R5      Skipped 
152  TPM3u+R6      Skipped 
153  TPM3u+R7      Skipped 
154  TPM3u+R8      Skipped 
155  TPM3u+R9      Skipped 
156  TPM3u+R10     Skipped 
157  TIMe          7723.476     20  15486.952    15487.810    15585.107
158  TIMe+I        7434.850     21  14911.700    14912.644    15014.762
159  TIMe+G4       7339.976     21  14721.952    14722.897    14825.015
160  TIMe+I+G4     7340.382     22  14724.764    14725.800    14832.735
161  TIMe+R2       7347.242     22  14738.484    14739.520    14846.455
162  TIMe+R3       7339.422     24  14726.844    14728.075    14844.631
163  TIMe+R4       7338.941     26  14729.883    14731.325    14857.484
164  TIMe+R5       Skipped 
165  TIMe+R6       Skipped 
166  TIMe+R7       Skipped 
167  TIMe+R8       Skipped 
168  TIMe+R9       Skipped 
169  TIMe+R10      Skipped 
170  TIM           7597.922     23  15241.843    15242.974    15354.721
171  TIM+I         7308.458     24  14664.916    14666.147    14782.702
172  TIM+G4        7207.020     24  14462.040    14463.270    14579.826
173  TIM+I+G4      7207.280     25  14464.561    14465.895    14587.255
174  TIM+R2        7215.990     25  14481.981    14483.316    14604.675
175  TIM+R3        7206.966     27  14467.933    14469.488    14600.442
176  TIM+R4        7206.010     29  14470.021    14471.814    14612.345
177  TIM+R5        Skipped 
178  TIM+R6        Skipped 
179  TIM+R7        Skipped 
180  TIM+R8        Skipped 
181  TIM+R9        Skipped 
182  TIM+R10       Skipped 
183  TIM2e         7706.259     20  15452.517    15453.375    15550.672
184  TIM2e+I       7416.771     21  14875.541    14876.486    14978.604
185  TIM2e+G4      7314.637     21  14671.274    14672.219    14774.337
186  TIM2e+I+G4    7315.061     22  14674.122    14675.158    14782.092
187  TIM2e+R2      7322.934     22  14689.868    14690.903    14797.838
188  TIM2e+R3      7314.103     24  14676.206    14677.436    14793.992
189  TIM2e+R4      7313.471     26  14678.942    14680.385    14806.543
190  TIM2e+R5      Skipped 
191  TIM2e+R6      Skipped 
192  TIM2e+R7      Skipped 
193  TIM2e+R8      Skipped 
194  TIM2e+R9      Skipped 
195  TIM2e+R10     Skipped 
196  TIM2          7610.648     23  15267.295    15268.426    15380.174
197  TIM2+I        7316.684     24  14681.369    14682.599    14799.155
198  TIM2+G4       7219.386     24  14486.772    14488.003    14604.558
199  TIM2+I+G4     7219.719     25  14489.439    14490.773    14612.132
200  TIM2+R2       7227.451     25  14504.902    14506.237    14627.596
201  TIM2+R3       7219.033     27  14492.067    14493.622    14624.576
202  TIM2+R4       7218.596     29  14495.193    14496.986    14637.517
203  TIM2+R5       Skipped 
204  TIM2+R6       Skipped 
205  TIM2+R7       Skipped 
206  TIM2+R8       Skipped 
207  TIM2+R9       Skipped 
208  TIM2+R10      Skipped 
209  TIM3e         7722.048     20  15484.096    15484.954    15582.251
210  TIM3e+I       7437.035     21  14916.071    14917.015    15019.133
211  TIM3e+G4      7340.100     21  14722.199    14723.144    14825.262
212  TIM3e+I+G4    7340.505     22  14725.010    14726.045    14832.980
213  TIM3e+R2      7347.556     22  14739.112    14740.148    14847.082
214  TIM3e+R3      7339.408     24  14726.816    14728.047    14844.603
215  TIM3e+R4      7338.794     26  14729.588    14731.031    14857.189
216  TIM3e+R5      Skipped 
217  TIM3e+R6      Skipped 
218  TIM3e+R7      Skipped 
219  TIM3e+R8      Skipped 
220  TIM3e+R9      Skipped 
221  TIM3e+R10     Skipped 
222  TIM3          7588.760     23  15223.520    15224.651    15336.398
223  TIM3+I        7308.014     24  14664.027    14665.258    14781.813
224  TIM3+G4       7198.679     24  14445.357    14446.588    14563.144
225  TIM3+I+G4     7198.943     25  14447.886    14449.221    14570.580
226  TIM3+R2       7209.955     25  14469.910    14471.245    14592.604
227  TIM3+R3       7198.973     27  14451.946    14453.502    14584.456
228  TIM3+R4       7197.694     29  14453.388    14455.182    14595.713
229  TIM3+R5       Skipped 
230  TIM3+R6       Skipped 
231  TIM3+R7       Skipped 
232  TIM3+R8       Skipped 
233  TIM3+R9       Skipped 
234  TIM3+R10      Skipped 
235  TVMe          7699.446     21  15440.893    15441.837    15543.955
236  TVMe+I        7409.229     22  14862.458    14863.494    14970.429
237  TVMe+G4       7312.150     22  14668.299    14669.335    14776.270
238  TVMe+I+G4     7312.403     23  14670.805    14671.936    14783.683
239  TVMe+R2       7320.463     23  14686.926    14688.057    14799.805
240  TVMe+R3       7311.751     25  14673.501    14674.836    14796.195
241  TVMe+R4       7311.283     27  14676.567    14678.122    14809.076
242  TVMe+R5       Skipped 
243  TVMe+R6       Skipped 
244  TVMe+R7       Skipped 
245  TVMe+R8       Skipped 
246  TVMe+R9       Skipped 
247  TVMe+R10      Skipped 
248  TVM           7580.008     24  15208.017    15209.247    15325.803
249  TVM+I         7298.787     25  14647.573    14648.908    14770.267
250  TVM+G4        7192.468     25  14434.936    14436.271    14557.630
251  TVM+I+G4      7192.572     26  14437.144    14438.587    14564.746
252  TVM+R2        7203.212     26  14458.424    14459.867    14586.026
253  TVM+R3        7192.730     28  14441.461    14443.133    14578.878
254  TVM+R4        7191.026     30  14442.052    14443.972    14589.285
255  TVM+R5        Skipped 
256  TVM+R6        Skipped 
257  TVM+R7        Skipped 
258  TVM+R8        Skipped 
259  TVM+R9        Skipped 
260  TVM+R10       Skipped 
261  SYM           7697.023     22  15438.045    15439.081    15546.016
262  SYM+I         7408.858     23  14863.716    14864.847    14976.594
263  SYM+G4        7306.920     23  14659.840    14660.971    14772.718
264  SYM+I+G4      7307.300     24  14662.600    14663.831    14780.386
265  SYM+R2        7314.916     24  14677.831    14679.062    14795.617
266  SYM+R3        7306.299     26  14664.597    14666.040    14792.199
267  SYM+R4        7305.444     28  14666.888    14668.560    14804.305
268  SYM+R5        Skipped 
269  SYM+R6        Skipped 
270  SYM+R7        Skipped 
271  SYM+R8        Skipped 
272  SYM+R9        Skipped 
273  SYM+R10       Skipped 
274  GTR           7579.401     25  15208.801    15210.136    15331.495
275  GTR+I         7296.833     26  14645.667    14647.110    14773.268
276  GTR+G4        7191.997     26  14435.993    14437.436    14563.595
277  GTR+I+G4      7192.144     27  14438.288    14439.843    14570.797
278  GTR+R2        7203.228     27  14460.457    14462.012    14592.966
279  GTR+R3        7192.545     29  14443.091    14444.885    14585.416
280  GTR+R4        7190.930     31  14443.860    14445.909    14596.000
281  GTR+R5        Skipped 
282  GTR+R6        Skipped 
283  GTR+R7        Skipped 
284  GTR+R8        Skipped 
285  GTR+R9        Skipped 
286  GTR+R10       Skipped 
Akaike Information Criterion:           TVM+G4
Corrected Akaike Information Criterion: TVM+G4
Bayesian Information Criterion:         TVM+G4
Best-fit model: TVM+G4 chosen according to BIC

All model information printed to ./results/gene2.phy.model
CPU time for ModelFinder: 11.348 seconds (0h:0m:11s)
Wall-clock time for ModelFinder: 16.780 seconds (0h:0m:16s)
Generating 1000 samples for ultrafast bootstrap (seed: 207439)...

NOTE: 2 MB RAM (0 GB) is required!
Estimate model parameters (epsilon = 0.100)
1. Initial log-likelihood: -7479.236
2. Current log-likelihood: -7203.312
3. Current log-likelihood: -7193.984
4. Current log-likelihood: -7192.731
5. Current log-likelihood: -7192.607
Optimal log-likelihood: -7192.521
Rate parameters:  A-C: 2.754  A-G: 5.270  A-T: 0.634  C-G: 1.350  C-T: 5.270  G-T: 1.000
Base frequencies:   A: 0.391  C: 0.162  G: 0.189  T: 0.258
Gamma shape alpha: 0.492
Parameters optimization took 5 rounds (0.187 sec)
Computing ML distances based on estimated model parameters... 0.002 sec
Computing BIONJ tree...
0.000 seconds
Log-likelihood of BIONJ tree: -7187.060
--------------------------------------------------------------------
|             INITIALIZING CANDIDATE TREE SET                      |
--------------------------------------------------------------------
Generating 98 parsimony trees... 0.109 second
Computing log-likelihood of 95 initial trees ... 0.502 seconds
Current best score: -7187.060

Do NNI search on 20 best initial trees
Estimate model parameters (epsilon = 0.100)
BETTER TREE FOUND at iteration 1: -7187.043
Iteration 10 / LogL: -7187.067 / Time: 0h:0m:17s
Iteration 20 / LogL: -7187.085 / Time: 0h:0m:18s
Finish initializing candidate tree set (1)
Current best tree score: -7187.043 / CPU time: 1.416
Number of iterations: 20
--------------------------------------------------------------------
|               OPTIMIZING CANDIDATE TREE SET                      |
--------------------------------------------------------------------
UPDATE BEST LOG-LIKELIHOOD: -7187.043
Iteration 30 / LogL: -7187.371 / Time: 0h:0m:18s (0h:0m:5s left)
UPDATE BEST LOG-LIKELIHOOD: -7187.043
Iteration 40 / LogL: -7187.067 / Time: 0h:0m:19s (0h:0m:3s left)
Iteration 50 / LogL: -7187.446 / Time: 0h:0m:19s (0h:0m:3s left)
Log-likelihood cutoff on original alignment: -7207.256
Iteration 60 / LogL: -7187.198 / Time: 0h:0m:20s (0h:0m:2s left)
UPDATE BEST LOG-LIKELIHOOD: -7187.043
Iteration 70 / LogL: -7187.043 / Time: 0h:0m:20s (0h:0m:1s left)
Iteration 80 / LogL: -7187.070 / Time: 0h:0m:20s (0h:0m:1s left)
Iteration 90 / LogL: -7187.068 / Time: 0h:0m:21s (0h:0m:0s left)
UPDATE BEST LOG-LIKELIHOOD: -7187.043
Iteration 100 / LogL: -7187.127 / Time: 0h:0m:21s (0h:0m:0s left)
Log-likelihood cutoff on original alignment: -7207.256
NOTE: Bootstrap correlation coefficient of split occurrence frequencies: 0.999
TREE SEARCH COMPLETED AFTER 102 ITERATIONS / Time: 0h:0m:21s

--------------------------------------------------------------------
|                    FINALIZING TREE SEARCH                        |
--------------------------------------------------------------------
Performs final model parameters optimization
Estimate model parameters (epsilon = 0.010)
1. Initial log-likelihood: -7187.043
Optimal log-likelihood: -7187.036
Rate parameters:  A-C: 2.740  A-G: 5.282  A-T: 0.631  C-G: 1.323  C-T: 5.282  G-T: 1.000
Base frequencies:   A: 0.391  C: 0.162  G: 0.189  T: 0.258
Gamma shape alpha: 0.494
Parameters optimization took 1 rounds (0.016 sec)
BEST SCORE FOUND : -7187.036
Creating bootstrap support values...
Split supports printed to NEXUS file ./results/gene2.phy.splits.nex
Total tree length: 3.041

Total number of iterations: 102
CPU time used for tree search: 3.467 sec (0h:0m:3s)
Wall-clock time used for tree search: 4.483 sec (0h:0m:4s)
Total CPU time used: 14.998 sec (0h:0m:14s)
Total wall-clock time used: 21.545 sec (0h:0m:21s)

Computing bootstrap consensus tree...
Reading input file ./results/gene2.phy.splits.nex...
10 taxa and 69 splits.
Consensus tree written to ./results/gene2.phy.contree
Reading input trees file ./results/gene2.phy.contree
Log-likelihood of consensus tree: -7187.036

Analysis results written to: 
  IQ-TREE report:                ./results/gene2.phy.iqtree
  Maximum-likelihood tree:       ./results/gene2.phy.treefile
  Likelihood distances:          ./results/gene2.phy.mldist

Ultrafast bootstrap approximation results written to:
  Split support values:          ./results/gene2.phy.splits.nex
  Consensus tree:                ./results/gene2.phy.contree
  Screen log file:               ./results/gene2.phy.log

Date and Time: Tue Aug 22 17:52:11 2017
