IQ-TREE multicore version 1.5.4 for Linux 64-bit built Apr  2 2017
Copyright (c) 2011-2017 by Bui Quang Minh, Nguyen Lam Tung,
Olga Chernomor, Heiko Schmidt, and Arndt von Haeseler.

Host:    hpc-crick (AVX, 251 GB RAM)
Command: iqtree -s ./results/gene8.phy -nt 1 -bb 1000
Seed:    387456 (Using SPRNG - Scalable Parallel Random Number Generator)
Time:    Tue Aug 22 17:54:42 2017
Kernel:  AVX - 1 threads (40 CPU cores detected)

Reading alignment file ./results/gene8.phy ... Phylip format detected
Alignment most likely contains DNA/RNA sequences
Alignment has 10 sequences with 1000 columns and 491 patterns (330 informative sites, 390 constant sites)
   Gap/Ambiguity  Composition  p-value
   1  A    0.00%    passed     96.67%
   2  B    0.00%    passed     52.78%
   3  C    0.00%    passed     89.01%
   4  D    0.00%    passed     90.45%
   5  E    0.00%    passed     61.35%
   6  F    0.00%    passed     84.92%
   7  G    0.00%    passed     70.14%
   8  H    0.00%    passed     95.83%
   9  I    0.00%    passed     75.23%
  10  J    0.00%    passed     71.63%
****  TOTAL    0.00%  0 sequences failed composition chi2 test (p-value<5%; df=3)

Create initial parsimony tree by phylogenetic likelihood library (PLL)... 0.001 seconds

NOTE: ModelFinder requires 3 MB RAM!
ModelFinder will test 286 DNA models (sample size: 1000) ...
 No. Model         -LnL         df  AIC          AICc         BIC
  1  JC            7525.988     17  15085.977    15086.600    15169.409
  2  JC+I          7284.594     18  14605.187    14605.885    14693.527
  3  JC+G4         7216.480     18  14468.960    14469.658    14557.300
  4  JC+I+G4       7216.823     19  14471.647    14472.422    14564.894
  5  JC+R2         7220.615     19  14479.229    14480.005    14572.477
  6  JC+R3         7216.317     21  14474.635    14475.579    14577.697
  7  JC+R4         Skipped 
  8  JC+R5         Skipped 
  9  JC+R6         Skipped 
 10  JC+R7         Skipped 
 11  JC+R8         Skipped 
 12  JC+R9         Skipped 
 13  JC+R10        Skipped 
 14  F81           7419.197     20  14878.395    14879.253    14976.550
 15  F81+I         7178.499     21  14398.998    14399.942    14502.061
 16  F81+G4        7094.132     21  14230.265    14231.209    14333.327
 17  F81+I+G4      7094.789     22  14233.578    14234.613    14341.548
 18  F81+R2        7095.183     22  14234.366    14235.402    14342.337
 19  F81+R3        7093.099     24  14234.198    14235.429    14351.984
 20  F81+R4        Skipped 
 21  F81+R5        Skipped 
 22  F81+R6        Skipped 
 23  F81+R7        Skipped 
 24  F81+R8        Skipped 
 25  F81+R9        Skipped 
 26  F81+R10       Skipped 
 27  K2P           7388.694     18  14813.387    14814.084    14901.727
 28  K2P+I         7136.968     19  14311.936    14312.712    14405.184
 29  K2P+G4        7055.924     19  14149.847    14150.623    14243.095
 30  K2P+I+G4      7055.869     20  14151.739    14152.597    14249.894
 31  K2P+R2        7062.376     20  14164.751    14165.609    14262.906
 32  K2P+R3        7052.653     22  14149.306    14150.342    14257.277
 33  K2P+R4        7052.650     24  14153.299    14154.530    14271.085
 34  K2P+R5        Skipped 
 35  K2P+R6        Skipped 
 36  K2P+R7        Skipped 
 37  K2P+R8        Skipped 
 38  K2P+R9        Skipped 
 39  K2P+R10       Skipped 
 40  HKY           7279.309     21  14600.619    14601.564    14703.682
 41  HKY+I         7024.491     22  14092.982    14094.018    14200.953
 42  HKY+G4        6924.448     22  13892.896    13893.932    14000.867
 43  HKY+I+G4      6924.798     23  13895.596    13896.727    14008.474
 44  HKY+R2        6928.830     23  13903.661    13904.792    14016.539
 45  HKY+R3        6921.419     25  13892.839    13894.174    14015.533
 46  HKY+R4        6921.222     27  13896.445    13898.000    14028.954
 47  HKY+R5        Skipped 
 48  HKY+R6        Skipped 
 49  HKY+R7        Skipped 
 50  HKY+R8        Skipped 
 51  HKY+R9        Skipped 
 52  HKY+R10       Skipped 
 53  TNe           7388.688     19  14815.376    14816.152    14908.624
 54  TNe+I         7136.488     20  14312.976    14313.834    14411.131
 55  TNe+G4        7055.830     20  14151.660    14152.518    14249.815
 56  TNe+I+G4      7055.724     21  14153.449    14154.394    14256.512
 57  TNe+R2        7062.241     21  14166.482    14167.426    14269.544
 58  TNe+R3        7052.477     23  14150.955    14152.086    14263.833
 59  TNe+R4        7052.457     25  14154.915    14156.249    14277.608
 60  TNe+R5        Skipped 
 61  TNe+R6        Skipped 
 62  TNe+R7        Skipped 
 63  TNe+R8        Skipped 
 64  TNe+R9        Skipped 
 65  TNe+R10       Skipped 
 66  TN            7274.657     22  14593.314    14594.349    14701.284
 67  TN+I          7022.700     23  14091.400    14092.532    14204.279
 68  TN+G4         6919.906     23  13885.812    13886.943    13998.691
 69  TN+I+G4       6920.395     24  13888.790    13890.020    14006.576
 70  TN+R2         6921.272     24  13890.544    13891.775    14008.330
 71  TN+R3         6916.416     26  13884.831    13886.274    14012.433
 72  TN+R4         Skipped 
 73  TN+R5         Skipped 
 74  TN+R6         Skipped 
 75  TN+R7         Skipped 
 76  TN+R8         Skipped 
 77  TN+R9         Skipped 
 78  TN+R10        Skipped 
 79  K3P           7374.252     19  14786.504    14787.280    14879.751
 80  K3P+I         7120.016     20  14280.032    14280.890    14378.187
 81  K3P+G4        7037.297     20  14114.595    14115.453    14212.750
 82  K3P+I+G4      7037.331     21  14116.662    14117.607    14219.725
 83  K3P+R2        7042.965     21  14127.931    14128.876    14230.994
 84  K3P+R3        7035.270     23  14116.539    14117.671    14229.418
 85  K3P+R4        7035.205     25  14120.409    14121.744    14243.103
 86  K3P+R5        Skipped 
 87  K3P+R6        Skipped 
 88  K3P+R7        Skipped 
 89  K3P+R8        Skipped 
 90  K3P+R9        Skipped 
 91  K3P+R10       Skipped 
 92  K3Pu          7253.741     22  14551.482    14552.517    14659.452
 93  K3Pu+I        6998.244     23  14042.488    14043.620    14155.367
 94  K3Pu+G4       6895.195     23  13836.389    13837.520    13949.268
 95  K3Pu+I+G4     6895.673     24  13839.345    13840.576    13957.132
 96  K3Pu+R2       6897.262     24  13842.525    13843.755    13960.311
 97  K3Pu+R3       6893.344     26  13838.689    13840.132    13966.291
 98  K3Pu+R4       Skipped 
 99  K3Pu+R5       Skipped 
100  K3Pu+R6       Skipped 
101  K3Pu+R7       Skipped 
102  K3Pu+R8       Skipped 
103  K3Pu+R9       Skipped 
104  K3Pu+R10      Skipped 
105  TPM2          7275.984     22  14595.968    14597.003    14703.938
106  TPM2+I        7020.876     23  14087.752    14088.883    14200.631
107  TPM2+G4       6924.068     23  13894.135    13895.267    14007.014
108  TPM2+I+G4     6924.334     24  13896.669    13897.899    14014.455
109  TPM2+R2       6928.539     24  13905.078    13906.309    14022.864
110  TPM2+R3       6921.218     26  13894.436    13895.879    14022.038
111  TPM2+R4       6921.007     28  13898.014    13899.687    14035.432
112  TPM2+R5       Skipped 
113  TPM2+R6       Skipped 
114  TPM2+R7       Skipped 
115  TPM2+R8       Skipped 
116  TPM2+R9       Skipped 
117  TPM2+R10      Skipped 
118  TPM2u         7275.982     22  14595.964    14597.000    14703.934
119  TPM2u+I       7020.864     23  14087.727    14088.858    14200.605
120  TPM2u+G4      6924.066     23  13894.132    13895.263    14007.011
121  TPM2u+I+G4    6924.327     24  13896.654    13897.884    14014.440
122  TPM2u+R2      6928.543     24  13905.086    13906.317    14022.873
123  TPM2u+R3      6921.172     26  13894.344    13895.787    14021.946
124  TPM2u+R4      6920.986     28  13897.972    13899.644    14035.389
125  TPM2u+R5      Skipped 
126  TPM2u+R6      Skipped 
127  TPM2u+R7      Skipped 
128  TPM2u+R8      Skipped 
129  TPM2u+R9      Skipped 
130  TPM2u+R10     Skipped 
131  TPM3          7257.232     22  14558.463    14559.499    14666.434
132  TPM3+I        7005.566     23  14057.132    14058.264    14170.011
133  TPM3+G4       6906.158     23  13858.316    13859.447    13971.194
134  TPM3+I+G4     6906.633     24  13861.267    13862.497    13979.053
135  TPM3+R2       6906.870     24  13861.740    13862.971    13979.526
136  TPM3+R3       6904.855     26  13861.711    13863.153    13989.312
137  TPM3+R4       Skipped 
138  TPM3+R5       Skipped 
139  TPM3+R6       Skipped 
140  TPM3+R7       Skipped 
141  TPM3+R8       Skipped 
142  TPM3+R9       Skipped 
143  TPM3+R10      Skipped 
144  TPM3u         7257.232     22  14558.464    14559.500    14666.435
145  TPM3u+I       7005.565     23  14057.130    14058.262    14170.009
146  TPM3u+G4      6906.186     23  13858.371    13859.502    13971.250
147  TPM3u+I+G4    6906.612     24  13861.224    13862.455    13979.010
148  TPM3u+R2      6906.843     24  13861.686    13862.917    13979.472
149  TPM3u+R3      6904.705     26  13861.410    13862.853    13989.011
150  TPM3u+R4      Skipped 
151  TPM3u+R5      Skipped 
152  TPM3u+R6      Skipped 
153  TPM3u+R7      Skipped 
154  TPM3u+R8      Skipped 
155  TPM3u+R9      Skipped 
156  TPM3u+R10     Skipped 
157  TIMe          7374.253     20  14788.506    14789.364    14886.662
158  TIMe+I        7119.624     21  14281.247    14282.192    14384.310
159  TIMe+G4       7037.217     21  14116.434    14117.379    14219.497
160  TIMe+I+G4     7037.196     22  14118.392    14119.428    14226.363
161  TIMe+R2       7042.799     22  14129.598    14130.634    14237.569
162  TIMe+R3       7035.217     24  14118.434    14119.664    14236.220
163  TIMe+R4       7035.098     26  14122.195    14123.638    14249.797
164  TIMe+R5       Skipped 
165  TIMe+R6       Skipped 
166  TIMe+R7       Skipped 
167  TIMe+R8       Skipped 
168  TIMe+R9       Skipped 
169  TIMe+R10      Skipped 
170  TIM           7248.362     23  14542.724    14543.855    14655.602
171  TIM+I         6996.201     24  14040.401    14041.632    14158.187
172  TIM+G4        6891.900     24  13831.800    13833.031    13949.586
173  TIM+I+G4      6892.484     25  13834.968    13836.302    13957.662
174  TIM+R2        6890.843     25  13831.685    13833.020    13954.379
175  TIM+R3        6888.382     27  13830.764    13832.320    13963.274
176  TIM+R4        Skipped 
177  TIM+R5        Skipped 
178  TIM+R6        Skipped 
179  TIM+R7        Skipped 
180  TIM+R8        Skipped 
181  TIM+R9        Skipped 
182  TIM+R10       Skipped 
183  TIM2e         7371.185     20  14782.370    14783.228    14880.525
184  TIM2e+I       7115.570     21  14273.140    14274.085    14376.203
185  TIM2e+G4      7031.523     21  14105.046    14105.991    14208.109
186  TIM2e+I+G4    7031.132     22  14106.264    14107.300    14214.234
187  TIM2e+R2      7043.075     22  14130.151    14131.187    14238.122
188  TIM2e+R3      7027.932     24  14103.864    14105.094    14221.650
189  TIM2e+R4      7027.908     26  14107.816    14109.259    14235.417
190  TIM2e+R5      Skipped 
191  TIM2e+R6      Skipped 
192  TIM2e+R7      Skipped 
193  TIM2e+R8      Skipped 
194  TIM2e+R9      Skipped 
195  TIM2e+R10     Skipped 
196  TIM2          7270.996     23  14587.992    14589.123    14700.870
197  TIM2+I        7019.014     24  14086.029    14087.259    14203.815
198  TIM2+G4       6918.931     24  13885.862    13887.093    14003.648
199  TIM2+I+G4     6919.376     25  13888.751    13890.086    14011.445
200  TIM2+R2       6920.686     25  13891.372    13892.707    14014.066
201  TIM2+R3       6915.952     27  13885.903    13887.459    14018.413
202  TIM2+R4       Skipped 
203  TIM2+R5       Skipped 
204  TIM2+R6       Skipped 
205  TIM2+R7       Skipped 
206  TIM2+R8       Skipped 
207  TIM2+R9       Skipped 
208  TIM2+R10      Skipped 
209  TIM3e         7381.053     20  14802.105    14802.963    14900.260
210  TIM3e+I       7129.273     21  14300.546    14301.490    14403.608
211  TIM3e+G4      7048.939     21  14139.878    14140.823    14242.941
212  TIM3e+I+G4    7048.879     22  14141.758    14142.794    14249.729
213  TIM3e+R2      7054.615     22  14153.229    14154.265    14261.200
214  TIM3e+R3      7047.305     24  14142.609    14143.840    14260.395
215  TIM3e+R4      7047.281     26  14146.561    14148.004    14274.163
216  TIM3e+R5      Skipped 
217  TIM3e+R6      Skipped 
218  TIM3e+R7      Skipped 
219  TIM3e+R8      Skipped 
220  TIM3e+R9      Skipped 
221  TIM3e+R10     Skipped 
222  TIM3          7250.248     23  14546.495    14547.626    14659.374
223  TIM3+I        7003.476     24  14054.953    14056.184    14172.739
224  TIM3+G4       6901.975     24  13851.950    13853.181    13969.736
225  TIM3+I+G4     6902.520     25  13855.041    13856.375    13977.735
226  TIM3+R2       6899.974     25  13849.949    13851.284    13972.643
227  TIM3+R3       6898.821     27  13851.641    13853.197    13984.151
228  TIM3+R4       Skipped 
229  TIM3+R5       Skipped 
230  TIM3+R6       Skipped 
231  TIM3+R7       Skipped 
232  TIM3+R8       Skipped 
233  TIM3+R9       Skipped 
234  TIM3+R10      Skipped 
235  TVMe          7352.557     21  14747.114    14748.059    14850.177
236  TVMe+I        7095.008     22  14234.017    14235.053    14341.987
237  TVMe+G4       7007.611     22  14059.222    14060.257    14167.192
238  TVMe+I+G4     7007.386     23  14060.771    14061.902    14173.650
239  TVMe+R2       7018.612     23  14083.224    14084.355    14196.103
240  TVMe+R3       7005.803     25  14061.606    14062.941    14184.300
241  TVMe+R4       7005.772     27  14065.544    14067.099    14198.053
242  TVMe+R5       Skipped 
243  TVMe+R6       Skipped 
244  TVMe+R7       Skipped 
245  TVMe+R8       Skipped 
246  TVMe+R9       Skipped 
247  TVMe+R10      Skipped 
248  TVM           7239.604     24  14527.207    14528.438    14644.993
249  TVM+I         6986.232     25  14022.465    14023.800    14145.159
250  TVM+G4        6887.703     25  13825.407    13826.742    13948.101
251  TVM+I+G4      6887.768     26  13827.536    13828.979    13955.138
252  TVM+R2        6888.175     26  13828.351    13829.794    13955.952
253  TVM+R3        6885.563     28  13827.126    13828.799    13964.543
254  TVM+R4        Skipped 
255  TVM+R5        Skipped 
256  TVM+R6        Skipped 
257  TVM+R7        Skipped 
258  TVM+R8        Skipped 
259  TVM+R9        Skipped 
260  TVM+R10       Skipped 
261  SYM           7352.537     22  14749.074    14750.110    14857.044
262  SYM+I         7094.671     23  14235.341    14236.472    14348.219
263  SYM+G4        7006.910     23  14059.820    14060.951    14172.698
264  SYM+I+G4      7006.638     24  14061.276    14062.507    14179.063
265  SYM+R2        7018.648     24  14085.295    14086.526    14203.082
266  SYM+R3        7004.813     26  14061.626    14063.069    14189.227
267  SYM+R4        7004.774     28  14065.548    14067.221    14202.966
268  SYM+R5        Skipped 
269  SYM+R6        Skipped 
270  SYM+R7        Skipped 
271  SYM+R8        Skipped 
272  SYM+R9        Skipped 
273  SYM+R10       Skipped 
274  GTR           7232.330     25  14514.661    14515.995    14637.354
275  GTR+I         6983.950     26  14019.899    14021.342    14147.501
276  GTR+G4        6882.685     26  13817.369    13818.812    13944.971
277  GTR+I+G4      6883.145     27  13820.290    13821.845    13952.799
278  GTR+R2        6881.093     27  13816.187    13817.742    13948.696
279  GTR+R3        6879.339     29  13816.677    13818.471    13959.002
280  GTR+R4        Skipped 
281  GTR+R5        Skipped 
282  GTR+R6        Skipped 
283  GTR+R7        Skipped 
284  GTR+R8        Skipped 
285  GTR+R9        Skipped 
286  GTR+R10       Skipped 
Akaike Information Criterion:           GTR+R2
Corrected Akaike Information Criterion: GTR+R2
Bayesian Information Criterion:         GTR+G4
Best-fit model: GTR+G4 chosen according to BIC

All model information printed to ./results/gene8.phy.model
CPU time for ModelFinder: 10.590 seconds (0h:0m:10s)
Wall-clock time for ModelFinder: 15.551 seconds (0h:0m:15s)
Generating 1000 samples for ultrafast bootstrap (seed: 387456)...

NOTE: 2 MB RAM (0 GB) is required!
Estimate model parameters (epsilon = 0.100)
1. Initial log-likelihood: -7146.964
2. Current log-likelihood: -6890.951
3. Current log-likelihood: -6883.655
4. Current log-likelihood: -6882.875
Optimal log-likelihood: -6882.801
Rate parameters:  A-C: 2.034  A-G: 2.795  A-T: 0.381  C-G: 0.539  C-T: 4.480  G-T: 1.000
Base frequencies:   A: 0.413  C: 0.158  G: 0.201  T: 0.227
Gamma shape alpha: 0.527
Parameters optimization took 4 rounds (0.137 sec)
Computing ML distances based on estimated model parameters... 0.001 sec
Computing BIONJ tree...
0.000 seconds
Log-likelihood of BIONJ tree: -6877.828
--------------------------------------------------------------------
|             INITIALIZING CANDIDATE TREE SET                      |
--------------------------------------------------------------------
Generating 98 parsimony trees... 0.106 second
Computing log-likelihood of 95 initial trees ... 0.547 seconds
Current best score: -6877.828

Do NNI search on 20 best initial trees
Estimate model parameters (epsilon = 0.100)
BETTER TREE FOUND at iteration 1: -6877.051
Estimate model parameters (epsilon = 0.100)
BETTER TREE FOUND at iteration 4: -6876.563
Estimate model parameters (epsilon = 0.100)
BETTER TREE FOUND at iteration 10: -6876.404
Iteration 10 / LogL: -6876.404 / Time: 0h:0m:17s
UPDATE BEST LOG-LIKELIHOOD: -6876.404
Iteration 20 / LogL: -6877.078 / Time: 0h:0m:17s
Finish initializing candidate tree set (11)
Current best tree score: -6876.404 / CPU time: 2.103
Number of iterations: 20
--------------------------------------------------------------------
|               OPTIMIZING CANDIDATE TREE SET                      |
--------------------------------------------------------------------
UPDATE BEST LOG-LIKELIHOOD: -6876.403
UPDATE BEST LOG-LIKELIHOOD: -6876.403
Iteration 30 / LogL: -6876.405 / Time: 0h:0m:18s (0h:0m:7s left)
Iteration 40 / LogL: -6877.047 / Time: 0h:0m:18s (0h:0m:5s left)
Iteration 50 / LogL: -6876.406 / Time: 0h:0m:19s (0h:0m:4s left)
Log-likelihood cutoff on original alignment: -6884.916
Iteration 60 / LogL: -6876.407 / Time: 0h:0m:19s (0h:0m:3s left)
Iteration 70 / LogL: -6876.517 / Time: 0h:0m:20s (0h:0m:2s left)
Iteration 80 / LogL: -6876.403 / Time: 0h:0m:20s (0h:0m:1s left)
UPDATE BEST LOG-LIKELIHOOD: -6876.403
Iteration 90 / LogL: -6876.517 / Time: 0h:0m:21s (0h:0m:1s left)
Iteration 100 / LogL: -6876.517 / Time: 0h:0m:21s (0h:0m:0s left)
Log-likelihood cutoff on original alignment: -6885.732
NOTE: Bootstrap correlation coefficient of split occurrence frequencies: 0.998
Iteration 110 / LogL: -6876.408 / Time: 0h:0m:22s (0h:0m:5s left)
TREE SEARCH COMPLETED AFTER 111 ITERATIONS / Time: 0h:0m:22s

--------------------------------------------------------------------
|                    FINALIZING TREE SEARCH                        |
--------------------------------------------------------------------
Performs final model parameters optimization
Estimate model parameters (epsilon = 0.010)
1. Initial log-likelihood: -6876.403
2. Current log-likelihood: -6876.373
3. Current log-likelihood: -6876.356
4. Current log-likelihood: -6876.344
Optimal log-likelihood: -6876.342
Rate parameters:  A-C: 2.050  A-G: 2.795  A-T: 0.386  C-G: 0.533  C-T: 4.632  G-T: 1.000
Base frequencies:   A: 0.413  C: 0.158  G: 0.201  T: 0.227
Gamma shape alpha: 0.526
Parameters optimization took 4 rounds (0.056 sec)
BEST SCORE FOUND : -6876.342
Creating bootstrap support values...
Split supports printed to NEXUS file ./results/gene8.phy.splits.nex
Total tree length: 2.639

Total number of iterations: 111
CPU time used for tree search: 4.594 sec (0h:0m:4s)
Wall-clock time used for tree search: 6.404 sec (0h:0m:6s)
Total CPU time used: 15.349 sec (0h:0m:15s)
Total wall-clock time used: 22.242 sec (0h:0m:22s)

Computing bootstrap consensus tree...
Reading input file ./results/gene8.phy.splits.nex...
10 taxa and 150 splits.
Consensus tree written to ./results/gene8.phy.contree
Reading input trees file ./results/gene8.phy.contree
Log-likelihood of consensus tree: -6876.547

Analysis results written to: 
  IQ-TREE report:                ./results/gene8.phy.iqtree
  Maximum-likelihood tree:       ./results/gene8.phy.treefile
  Likelihood distances:          ./results/gene8.phy.mldist

Ultrafast bootstrap approximation results written to:
  Split support values:          ./results/gene8.phy.splits.nex
  Consensus tree:                ./results/gene8.phy.contree
  Screen log file:               ./results/gene8.phy.log

Date and Time: Tue Aug 22 17:55:04 2017
