IQ-TREE multicore version 1.5.4 for Linux 64-bit built Apr  2 2017
Copyright (c) 2011-2017 by Bui Quang Minh, Nguyen Lam Tung,
Olga Chernomor, Heiko Schmidt, and Arndt von Haeseler.

Host:    hpc-crick (AVX, 251 GB RAM)
Command: iqtree -s ./results/gene3.phy -nt 1 -bb 1000
Seed:    563448 (Using SPRNG - Scalable Parallel Random Number Generator)
Time:    Tue Aug 22 18:00:20 2017
Kernel:  AVX - 1 threads (40 CPU cores detected)

Reading alignment file ./results/gene3.phy ... Phylip format detected
Alignment most likely contains DNA/RNA sequences
Alignment has 10 sequences with 1000 columns and 503 patterns (388 informative sites, 388 constant sites)
   Gap/Ambiguity  Composition  p-value
   1  A    0.00%    passed     69.12%
   2  B    0.00%    passed     71.17%
   3  C    0.00%    passed     99.19%
   4  D    0.00%    passed     79.14%
   5  E    0.00%    passed     87.58%
   6  F    0.00%    passed     77.35%
   7  G    0.00%    passed     70.58%
   8  H    0.00%    passed     98.04%
   9  I    0.00%    passed     68.92%
  10  J    0.00%    passed     88.04%
****  TOTAL    0.00%  0 sequences failed composition chi2 test (p-value<5%; df=3)

Create initial parsimony tree by phylogenetic likelihood library (PLL)... 0.008 seconds

NOTE: ModelFinder requires 3 MB RAM!
ModelFinder will test 286 DNA models (sample size: 1000) ...
 No. Model         -LnL         df  AIC          AICc         BIC
  1  JC            7915.885     17  15865.770    15866.393    15949.202
  2  JC+I          7614.541     18  15265.081    15265.778    15353.421
  3  JC+G4         7549.676     18  15135.352    15136.049    15223.691
  4  JC+I+G4       7548.467     19  15134.934    15135.710    15228.182
  5  JC+R2         7557.435     19  15152.871    15153.646    15246.118
  6  JC+R3         7548.106     21  15138.212    15139.157    15241.275
  7  JC+R4         7548.088     23  15142.176    15143.307    15255.054
  8  JC+R5         Skipped 
  9  JC+R6         Skipped 
 10  JC+R7         Skipped 
 11  JC+R8         Skipped 
 12  JC+R9         Skipped 
 13  JC+R10        Skipped 
 14  F81           7796.584     20  15633.168    15634.026    15731.323
 15  F81+I         7491.323     21  15024.646    15025.591    15127.709
 16  F81+G4        7413.503     21  14869.005    14869.950    14972.068
 17  F81+I+G4      7412.613     22  14869.226    14870.262    14977.197
 18  F81+R2        7424.673     22  14893.345    14894.381    15001.316
 19  F81+R3        7412.208     24  14872.415    14873.646    14990.201
 20  F81+R4        7412.219     26  14876.439    14877.882    15004.041
 21  F81+R5        Skipped 
 22  F81+R6        Skipped 
 23  F81+R7        Skipped 
 24  F81+R8        Skipped 
 25  F81+R9        Skipped 
 26  F81+R10       Skipped 
 27  K2P           7771.072     18  15578.143    15578.840    15666.483
 28  K2P+I         7455.434     19  14948.868    14949.643    15042.115
 29  K2P+G4        7371.035     19  14780.069    14780.845    14873.317
 30  K2P+I+G4      7370.569     20  14781.138    14781.996    14879.293
 31  K2P+R2        7385.216     20  14810.432    14811.290    14908.587
 32  K2P+R3        7369.954     22  14783.908    14784.944    14891.879
 33  K2P+R4        7369.935     24  14787.870    14789.101    14905.656
 34  K2P+R5        Skipped 
 35  K2P+R6        Skipped 
 36  K2P+R7        Skipped 
 37  K2P+R8        Skipped 
 38  K2P+R9        Skipped 
 39  K2P+R10       Skipped 
 40  HKY           7651.264     21  15344.528    15345.473    15447.591
 41  HKY+I         7337.606     22  14719.212    14720.248    14827.182
 42  HKY+G4        7244.344     22  14532.688    14533.724    14640.658
 43  HKY+I+G4      7244.006     23  14534.012    14535.143    14646.891
 44  HKY+R2        7258.915     23  14563.831    14564.962    14676.709
 45  HKY+R3        7243.808     25  14537.616    14538.950    14660.309
 46  HKY+R4        7243.781     27  14541.563    14543.118    14674.072
 47  HKY+R5        Skipped 
 48  HKY+R6        Skipped 
 49  HKY+R7        Skipped 
 50  HKY+R8        Skipped 
 51  HKY+R9        Skipped 
 52  HKY+R10       Skipped 
 53  TNe           7766.844     19  15571.689    15572.464    15664.936
 54  TNe+I         7450.887     20  14941.775    14942.633    15039.930
 55  TNe+G4        7365.599     20  14771.198    14772.056    14869.353
 56  TNe+I+G4      7365.060     21  14772.121    14773.066    14875.184
 57  TNe+R2        7379.967     21  14801.934    14802.878    14904.996
 58  TNe+R3        7364.592     23  14775.184    14776.315    14888.062
 59  TNe+R4        7364.592     25  14779.185    14780.519    14901.878
 60  TNe+R5        Skipped 
 61  TNe+R6        Skipped 
 62  TNe+R7        Skipped 
 63  TNe+R8        Skipped 
 64  TNe+R9        Skipped 
 65  TNe+R10       Skipped 
 66  TN            7651.114     22  15346.229    15347.265    15454.200
 67  TN+I          7337.424     23  14720.849    14721.980    14833.727
 68  TN+G4         7243.545     23  14533.089    14534.220    14645.968
 69  TN+I+G4       7243.129     24  14534.259    14535.489    14652.045
 70  TN+R2         7258.435     24  14564.870    14566.101    14682.656
 71  TN+R3         7242.758     26  14537.516    14538.959    14665.118
 72  TN+R4         7242.875     28  14541.751    14543.423    14679.168
 73  TN+R5         Skipped 
 74  TN+R6         Skipped 
 75  TN+R7         Skipped 
 76  TN+R8         Skipped 
 77  TN+R9         Skipped 
 78  TN+R10        Skipped 
 79  K3P           7769.637     19  15577.273    15578.049    15670.521
 80  K3P+I         7453.852     20  14947.705    14948.563    15045.860
 81  K3P+G4        7368.264     20  14776.527    14777.385    14874.682
 82  K3P+I+G4      7367.604     21  14777.209    14778.153    14880.272
 83  K3P+R2        7383.103     21  14808.206    14809.151    14911.269
 84  K3P+R3        7367.026     23  14780.053    14781.184    14892.931
 85  K3P+R4        7367.098     25  14784.196    14785.531    14906.890
 86  K3P+R5        Skipped 
 87  K3P+R6        Skipped 
 88  K3P+R7        Skipped 
 89  K3P+R8        Skipped 
 90  K3P+R9        Skipped 
 91  K3P+R10       Skipped 
 92  K3Pu          7644.884     22  15333.767    15334.803    15441.738
 93  K3Pu+I        7332.728     23  14711.457    14712.588    14824.335
 94  K3Pu+G4       7235.665     23  14517.330    14518.461    14630.208
 95  K3Pu+I+G4     7235.128     24  14518.256    14519.487    14636.042
 96  K3Pu+R2       7252.494     24  14552.989    14554.220    14670.775
 97  K3Pu+R3       7235.013     26  14522.026    14523.469    14649.627
 98  K3Pu+R4       7234.896     28  14525.792    14527.465    14663.210
 99  K3Pu+R5       Skipped 
100  K3Pu+R6       Skipped 
101  K3Pu+R7       Skipped 
102  K3Pu+R8       Skipped 
103  K3Pu+R9       Skipped 
104  K3Pu+R10      Skipped 
105  TPM2          7650.839     22  15345.679    15346.714    15453.649
106  TPM2+I        7336.136     23  14718.272    14719.403    14831.150
107  TPM2+G4       7243.422     23  14532.845    14533.976    14645.723
108  TPM2+I+G4     7243.208     24  14534.416    14535.647    14652.203
109  TPM2+R2       7258.170     24  14564.339    14565.570    14682.125
110  TPM2+R3       7242.714     26  14537.428    14538.871    14665.029
111  TPM2+R4       7242.724     28  14541.449    14543.121    14678.866
112  TPM2+R5       Skipped 
113  TPM2+R6       Skipped 
114  TPM2+R7       Skipped 
115  TPM2+R8       Skipped 
116  TPM2+R9       Skipped 
117  TPM2+R10      Skipped 
118  TPM2u         7650.817     22  15345.635    15346.671    15453.605
119  TPM2u+I       7336.135     23  14718.271    14719.402    14831.149
120  TPM2u+G4      7243.427     23  14532.855    14533.986    14645.733
121  TPM2u+I+G4    7242.971     24  14533.941    14535.172    14651.727
122  TPM2u+R2      7258.176     24  14564.352    14565.583    14682.138
123  TPM2u+R3      7242.717     26  14537.433    14538.876    14665.035
124  TPM2u+R4      7242.716     28  14541.431    14543.104    14678.848
125  TPM2u+R5      Skipped 
126  TPM2u+R6      Skipped 
127  TPM2u+R7      Skipped 
128  TPM2u+R8      Skipped 
129  TPM2u+R9      Skipped 
130  TPM2u+R10     Skipped 
131  TPM3          7635.656     22  15315.311    15316.347    15423.282
132  TPM3+I        7330.484     23  14706.968    14708.099    14819.847
133  TPM3+G4       7232.440     23  14510.880    14512.011    14623.759
134  TPM3+I+G4     7232.335     24  14512.669    14513.900    14630.456
135  TPM3+R2       7250.298     24  14548.596    14549.827    14666.382
136  TPM3+R3       7231.475     26  14514.950    14516.393    14642.551
137  TPM3+R4       7231.558     28  14519.116    14520.789    14656.534
138  TPM3+R5       Skipped 
139  TPM3+R6       Skipped 
140  TPM3+R7       Skipped 
141  TPM3+R8       Skipped 
142  TPM3+R9       Skipped 
143  TPM3+R10      Skipped 
144  TPM3u         7635.636     22  15315.271    15316.307    15423.242
145  TPM3u+I       7330.480     23  14706.961    14708.092    14819.839
146  TPM3u+G4      7232.441     23  14510.881    14512.012    14623.759
147  TPM3u+I+G4    7232.313     24  14512.626    14513.857    14630.412
148  TPM3u+R2      7250.328     24  14548.657    14549.888    14666.443
149  TPM3u+R3      7231.479     26  14514.959    14516.402    14642.560
150  TPM3u+R4      7231.584     28  14519.169    14520.841    14656.586
151  TPM3u+R5      Skipped 
152  TPM3u+R6      Skipped 
153  TPM3u+R7      Skipped 
154  TPM3u+R8      Skipped 
155  TPM3u+R9      Skipped 
156  TPM3u+R10     Skipped 
157  TIMe          7765.415     20  15570.829    15571.687    15668.984
158  TIMe+I        7449.321     21  14940.643    14941.588    15043.706
159  TIMe+G4       7362.960     21  14767.920    14768.865    14870.983
160  TIMe+I+G4     7362.224     22  14768.448    14769.484    14876.419
161  TIMe+R2       7377.917     22  14799.835    14800.871    14907.806
162  TIMe+R3       7361.881     24  14771.763    14772.994    14889.549
163  TIMe+R4       7361.901     26  14775.801    14777.244    14903.403
164  TIMe+R5       Skipped 
165  TIMe+R6       Skipped 
166  TIMe+R7       Skipped 
167  TIMe+R8       Skipped 
168  TIMe+R9       Skipped 
169  TIMe+R10      Skipped 
170  TIM           7644.684     23  15335.367    15336.498    15448.246
171  TIM+I         7332.535     24  14713.070    14714.301    14830.856
172  TIM+G4        7234.572     24  14517.143    14518.374    14634.929
173  TIM+I+G4      7234.153     25  14518.306    14519.640    14641.000
174  TIM+R2        7251.937     25  14553.875    14555.209    14676.569
175  TIM+R3        7233.907     27  14521.815    14523.370    14654.324
176  TIM+R4        7233.832     29  14525.665    14527.458    14667.990
177  TIM+R5        Skipped 
178  TIM+R6        Skipped 
179  TIM+R7        Skipped 
180  TIM+R8        Skipped 
181  TIM+R9        Skipped 
182  TIM+R10       Skipped 
183  TIM2e         7753.249     20  15546.497    15547.355    15644.652
184  TIM2e+I       7435.074     21  14912.148    14913.092    15015.210
185  TIM2e+G4      7341.869     21  14725.739    14726.684    14828.802
186  TIM2e+I+G4    7341.382     22  14726.764    14727.800    14834.735
187  TIM2e+R2      7358.342     22  14760.684    14761.720    14868.654
188  TIM2e+R3      7341.040     24  14730.080    14731.311    14847.866
189  TIM2e+R4      7341.030     26  14734.059    14735.502    14861.661
190  TIM2e+R5      Skipped 
191  TIM2e+R6      Skipped 
192  TIM2e+R7      Skipped 
193  TIM2e+R8      Skipped 
194  TIM2e+R9      Skipped 
195  TIM2e+R10     Skipped 
196  TIM2          7650.647     23  15347.294    15348.425    15460.173
197  TIM2+I        7335.957     24  14719.915    14721.146    14837.701
198  TIM2+G4       7242.302     24  14532.603    14533.834    14650.389
199  TIM2+I+G4     7241.849     25  14533.698    14535.033    14656.392
200  TIM2+R2       7257.655     25  14565.310    14566.645    14688.004
201  TIM2+R3       7241.517     27  14537.035    14538.591    14669.544
202  TIM2+R4       7241.535     29  14541.070    14542.864    14683.395
203  TIM2+R5       Skipped 
204  TIM2+R6       Skipped 
205  TIM2+R7       Skipped 
206  TIM2+R8       Skipped 
207  TIM2+R9       Skipped 
208  TIM2+R10      Skipped 
209  TIM3e         7763.436     20  15566.871    15567.729    15665.026
210  TIM3e+I       7449.611     21  14941.221    14942.166    15044.284
211  TIM3e+G4      7364.081     21  14770.161    14771.106    14873.224
212  TIM3e+I+G4    7363.399     22  14770.797    14771.833    14878.768
213  TIM3e+R2      7378.765     22  14801.529    14802.565    14909.500
214  TIM3e+R3      7363.014     24  14774.027    14775.258    14891.813
215  TIM3e+R4      7363.002     26  14778.005    14779.448    14905.606
216  TIM3e+R5      Skipped 
217  TIM3e+R6      Skipped 
218  TIM3e+R7      Skipped 
219  TIM3e+R8      Skipped 
220  TIM3e+R9      Skipped 
221  TIM3e+R10     Skipped 
222  TIM3          7635.047     23  15316.094    15317.225    15428.972
223  TIM3+I        7330.220     24  14708.440    14709.671    14826.226
224  TIM3+G4       7230.713     24  14509.427    14510.657    14627.213
225  TIM3+I+G4     7230.796     25  14511.591    14512.926    14634.285
226  TIM3+R2       7249.537     25  14549.074    14550.409    14671.768
227  TIM3+R3       7229.755     27  14513.511    14515.066    14646.020
228  TIM3+R4       7229.887     29  14517.775    14519.569    14660.100
229  TIM3+R5       Skipped 
230  TIM3+R6       Skipped 
231  TIM3+R7       Skipped 
232  TIM3+R8       Skipped 
233  TIM3+R9       Skipped 
234  TIM3+R10      Skipped 
235  TVMe          7753.404     21  15548.808    15549.753    15651.871
236  TVMe+I        7436.713     22  14917.426    14918.462    15025.397
237  TVMe+G4       7344.203     22  14732.406    14733.442    14840.377
238  TVMe+I+G4     7343.579     23  14733.157    14734.289    14846.036
239  TVMe+R2       7361.631     23  14769.261    14770.393    14882.140
240  TVMe+R3       7343.051     25  14736.102    14737.437    14858.796
241  TVMe+R4       7343.001     27  14740.001    14741.557    14872.511
242  TVMe+R5       Skipped 
243  TVMe+R6       Skipped 
244  TVMe+R7       Skipped 
245  TVMe+R8       Skipped 
246  TVMe+R9       Skipped 
247  TVMe+R10      Skipped 
248  TVM           7633.490     24  15314.980    15316.211    15432.766
249  TVM+I         7326.735     25  14703.470    14704.805    14826.164
250  TVM+G4        7226.506     25  14503.013    14504.347    14625.706
251  TVM+I+G4      7226.358     26  14504.717    14506.160    14632.318
252  TVM+R2        7246.128     26  14544.256    14545.699    14671.858
253  TVM+R3        7225.459     28  14506.918    14508.591    14644.336
254  TVM+R4        7225.522     30  14511.043    14512.963    14658.276
255  TVM+R5        Skipped 
256  TVM+R6        Skipped 
257  TVM+R7        Skipped 
258  TVM+R8        Skipped 
259  TVM+R9        Skipped 
260  TVM+R10       Skipped 
261  SYM           7749.341     22  15542.682    15543.718    15650.653
262  SYM+I         7432.265     23  14910.530    14911.661    15023.408
263  SYM+G4        7337.527     23  14721.053    14722.184    14833.931
264  SYM+I+G4      7336.903     24  14721.805    14723.036    14839.591
265  SYM+R2        7355.242     24  14758.483    14759.714    14876.269
266  SYM+R3        7336.670     26  14725.340    14726.783    14852.942
267  SYM+R4        7336.565     28  14729.130    14730.802    14866.547
268  SYM+R5        Skipped 
269  SYM+R6        Skipped 
270  SYM+R7        Skipped 
271  SYM+R8        Skipped 
272  SYM+R9        Skipped 
273  SYM+R10       Skipped 
274  GTR           7632.898     25  15315.796    15317.130    15438.490
275  GTR+I         7326.466     26  14704.933    14706.376    14832.534
276  GTR+G4        7224.408     26  14500.817    14502.260    14628.418
277  GTR+I+G4      7224.438     27  14502.876    14504.432    14635.386
278  GTR+R2        7245.466     27  14544.931    14546.487    14677.441
279  GTR+R3        7222.978     29  14503.956    14505.750    14646.281
280  GTR+R4        7223.006     31  14508.013    14510.062    14660.153
281  GTR+R5        Skipped 
282  GTR+R6        Skipped 
283  GTR+R7        Skipped 
284  GTR+R8        Skipped 
285  GTR+R9        Skipped 
286  GTR+R10       Skipped 
Akaike Information Criterion:           GTR+G4
Corrected Akaike Information Criterion: GTR+G4
Bayesian Information Criterion:         TPM3+G4
Best-fit model: TPM3+G4 chosen according to BIC

All model information printed to ./results/gene3.phy.model
CPU time for ModelFinder: 8.910 seconds (0h:0m:8s)
Wall-clock time for ModelFinder: 11.741 seconds (0h:0m:11s)
Generating 1000 samples for ultrafast bootstrap (seed: 563448)...

NOTE: 2 MB RAM (0 GB) is required!
Estimate model parameters (epsilon = 0.100)
1. Initial log-likelihood: -7481.662
2. Current log-likelihood: -7243.657
3. Current log-likelihood: -7234.458
4. Current log-likelihood: -7233.571
Optimal log-likelihood: -7233.454
Rate parameters:  A-C: 2.289  A-G: 5.544  A-T: 1.000  C-G: 2.289  C-T: 5.544  G-T: 1.000
Base frequencies:   A: 0.405  C: 0.157  G: 0.205  T: 0.233
Gamma shape alpha: 0.475
Parameters optimization took 4 rounds (0.086 sec)
Computing ML distances based on estimated model parameters... 0.002 sec
Computing BIONJ tree...
0.000 seconds
Log-likelihood of BIONJ tree: -7229.226
--------------------------------------------------------------------
|             INITIALIZING CANDIDATE TREE SET                      |
--------------------------------------------------------------------
Generating 98 parsimony trees... 0.090 second
Computing log-likelihood of 88 initial trees ... 0.466 seconds
Current best score: -7229.226

Do NNI search on 20 best initial trees
Estimate model parameters (epsilon = 0.100)
BETTER TREE FOUND at iteration 1: -7228.766
Iteration 10 / LogL: -7229.010 / Time: 0h:0m:13s
Iteration 20 / LogL: -7229.010 / Time: 0h:0m:14s
Finish initializing candidate tree set (4)
Current best tree score: -7228.766 / CPU time: 2.613
Number of iterations: 20
--------------------------------------------------------------------
|               OPTIMIZING CANDIDATE TREE SET                      |
--------------------------------------------------------------------
UPDATE BEST LOG-LIKELIHOOD: -7228.766
Iteration 30 / LogL: -7229.029 / Time: 0h:0m:15s (0h:0m:9s left)
Iteration 40 / LogL: -7229.014 / Time: 0h:0m:16s (0h:0m:7s left)
Iteration 50 / LogL: -7229.011 / Time: 0h:0m:16s (0h:0m:5s left)
Log-likelihood cutoff on original alignment: -7252.413
Iteration 60 / LogL: -7229.010 / Time: 0h:0m:17s (0h:0m:4s left)
Iteration 70 / LogL: -7229.013 / Time: 0h:0m:18s (0h:0m:2s left)
Iteration 80 / LogL: -7240.100 / Time: 0h:0m:19s (0h:0m:1s left)
Iteration 90 / LogL: -7229.235 / Time: 0h:0m:19s (0h:0m:0s left)
Iteration 100 / LogL: -7228.767 / Time: 0h:0m:20s (0h:0m:0s left)
Log-likelihood cutoff on original alignment: -7252.413
NOTE: Bootstrap correlation coefficient of split occurrence frequencies: 0.996
TREE SEARCH COMPLETED AFTER 102 ITERATIONS / Time: 0h:0m:21s

--------------------------------------------------------------------
|                    FINALIZING TREE SEARCH                        |
--------------------------------------------------------------------
Performs final model parameters optimization
Estimate model parameters (epsilon = 0.010)
1. Initial log-likelihood: -7228.766
Optimal log-likelihood: -7228.766
Rate parameters:  A-C: 2.279  A-G: 5.537  A-T: 1.000  C-G: 2.279  C-T: 5.537  G-T: 1.000
Base frequencies:   A: 0.405  C: 0.157  G: 0.205  T: 0.233
Gamma shape alpha: 0.469
Parameters optimization took 1 rounds (0.020 sec)
BEST SCORE FOUND : -7228.766
Creating bootstrap support values...
Split supports printed to NEXUS file ./results/gene3.phy.splits.nex
Total tree length: 3.130

Total number of iterations: 102
CPU time used for tree search: 5.465 sec (0h:0m:5s)
Wall-clock time used for tree search: 9.184 sec (0h:0m:9s)
Total CPU time used: 14.485 sec (0h:0m:14s)
Total wall-clock time used: 21.125 sec (0h:0m:21s)

Computing bootstrap consensus tree...
Reading input file ./results/gene3.phy.splits.nex...
10 taxa and 86 splits.
Consensus tree written to ./results/gene3.phy.contree
Reading input trees file ./results/gene3.phy.contree
Log-likelihood of consensus tree: -7229.382

Analysis results written to: 
  IQ-TREE report:                ./results/gene3.phy.iqtree
  Maximum-likelihood tree:       ./results/gene3.phy.treefile
  Likelihood distances:          ./results/gene3.phy.mldist

Ultrafast bootstrap approximation results written to:
  Split support values:          ./results/gene3.phy.splits.nex
  Consensus tree:                ./results/gene3.phy.contree
  Screen log file:               ./results/gene3.phy.log

Date and Time: Tue Aug 22 18:00:41 2017
