IQ-TREE multicore version 1.5.4 for Linux 64-bit built Apr  2 2017
Copyright (c) 2011-2017 by Bui Quang Minh, Nguyen Lam Tung,
Olga Chernomor, Heiko Schmidt, and Arndt von Haeseler.

Host:    hpc-crick (AVX, 251 GB RAM)
Command: iqtree -s ./results/gene14.phy -nt 1 -bb 1000
Seed:    383415 (Using SPRNG - Scalable Parallel Random Number Generator)
Time:    Tue Aug 22 17:58:28 2017
Kernel:  AVX - 1 threads (40 CPU cores detected)

Reading alignment file ./results/gene14.phy ... Phylip format detected
Alignment most likely contains DNA/RNA sequences
Alignment has 10 sequences with 1000 columns and 494 patterns (358 informative sites, 385 constant sites)
   Gap/Ambiguity  Composition  p-value
   1  A    0.00%    passed     87.87%
   2  B    0.00%    passed     99.80%
   3  C    0.00%    passed     81.17%
   4  D    0.00%    passed     78.28%
   5  E    0.00%    passed     72.80%
   6  F    0.00%    passed     89.52%
   7  G    0.00%    passed     64.54%
   8  H    0.00%    passed     84.06%
   9  I    0.00%    passed     78.95%
  10  J    0.00%    passed     95.61%
****  TOTAL    0.00%  0 sequences failed composition chi2 test (p-value<5%; df=3)

Create initial parsimony tree by phylogenetic likelihood library (PLL)... 0.000 seconds

NOTE: ModelFinder requires 3 MB RAM!
ModelFinder will test 286 DNA models (sample size: 1000) ...
 No. Model         -LnL         df  AIC          AICc         BIC
  1  JC            7673.482     17  15380.964    15381.588    15464.396
  2  JC+I          7412.450     18  14860.900    14861.597    14949.239
  3  JC+G4         7357.882     18  14751.764    14752.462    14840.104
  4  JC+I+G4       7357.517     19  14753.035    14753.810    14846.282
  5  JC+R2         7359.444     19  14756.887    14757.663    14850.134
  6  JC+R3         7356.507     21  14755.013    14755.958    14858.076
  7  JC+R4         Skipped 
  8  JC+R5         Skipped 
  9  JC+R6         Skipped 
 10  JC+R7         Skipped 
 11  JC+R8         Skipped 
 12  JC+R9         Skipped 
 13  JC+R10        Skipped 
 14  F81           7565.858     20  15171.715    15172.573    15269.870
 15  F81+I         7304.451     21  14650.902    14651.846    14753.964
 16  F81+G4        7242.697     21  14527.395    14528.339    14630.457
 17  F81+I+G4      7242.449     22  14528.897    14529.933    14636.868
 18  F81+R2        7246.387     22  14536.774    14537.810    14644.745
 19  F81+R3        7241.836     24  14531.671    14532.902    14649.457
 20  F81+R4        Skipped 
 21  F81+R5        Skipped 
 22  F81+R6        Skipped 
 23  F81+R7        Skipped 
 24  F81+R8        Skipped 
 25  F81+R9        Skipped 
 26  F81+R10       Skipped 
 27  K2P           7526.857     18  15089.713    15090.411    15178.053
 28  K2P+I         7253.806     19  14545.612    14546.388    14638.860
 29  K2P+G4        7179.145     19  14396.290    14397.065    14489.537
 30  K2P+I+G4      7179.630     20  14399.260    14400.118    14497.416
 31  K2P+R2        7184.069     20  14408.138    14408.996    14506.293
 32  K2P+R3        7178.656     22  14401.312    14402.348    14509.283
 33  K2P+R4        Skipped 
 34  K2P+R5        Skipped 
 35  K2P+R6        Skipped 
 36  K2P+R7        Skipped 
 37  K2P+R8        Skipped 
 38  K2P+R9        Skipped 
 39  K2P+R10       Skipped 
 40  HKY           7413.404     21  14868.808    14869.753    14971.871
 41  HKY+I         7138.385     22  14320.771    14321.807    14428.741
 42  HKY+G4        7055.591     22  14155.181    14156.217    14263.152
 43  HKY+I+G4      7055.665     23  14157.330    14158.461    14270.209
 44  HKY+R2        7060.774     23  14167.548    14168.679    14280.426
 45  HKY+R3        7054.747     25  14159.495    14160.830    14282.189
 46  HKY+R4        Skipped 
 47  HKY+R5        Skipped 
 48  HKY+R6        Skipped 
 49  HKY+R7        Skipped 
 50  HKY+R8        Skipped 
 51  HKY+R9        Skipped 
 52  HKY+R10       Skipped 
 53  TNe           7526.388     19  15090.775    15091.551    15184.022
 54  TNe+I         7252.141     20  14544.282    14545.140    14642.437
 55  TNe+G4        7176.423     20  14392.847    14393.705    14491.002
 56  TNe+I+G4      7176.819     21  14395.638    14396.582    14498.701
 57  TNe+R2        7182.237     21  14406.475    14407.420    14509.538
 58  TNe+R3        7176.025     23  14398.051    14399.182    14510.929
 59  TNe+R4        Skipped 
 60  TNe+R5        Skipped 
 61  TNe+R6        Skipped 
 62  TNe+R7        Skipped 
 63  TNe+R8        Skipped 
 64  TNe+R9        Skipped 
 65  TNe+R10       Skipped 
 66  TN            7411.466     22  14866.933    14867.969    14974.904
 67  TN+I          7137.854     23  14321.708    14322.839    14434.586
 68  TN+G4         7055.328     23  14156.655    14157.786    14269.534
 69  TN+I+G4       7055.349     24  14158.698    14159.929    14276.485
 70  TN+R2         7060.211     24  14168.422    14169.653    14286.208
 71  TN+R3         7054.395     26  14160.791    14162.234    14288.393
 72  TN+R4         Skipped 
 73  TN+R5         Skipped 
 74  TN+R6         Skipped 
 75  TN+R7         Skipped 
 76  TN+R8         Skipped 
 77  TN+R9         Skipped 
 78  TN+R10        Skipped 
 79  K3P           7518.146     19  15074.293    15075.068    15167.540
 80  K3P+I         7245.250     20  14530.501    14531.359    14628.656
 81  K3P+G4        7172.673     20  14385.345    14386.203    14483.501
 82  K3P+I+G4      7173.101     21  14388.202    14389.147    14491.265
 83  K3P+R2        7176.235     21  14394.470    14395.415    14497.533
 84  K3P+R3        7171.785     23  14389.571    14390.702    14502.449
 85  K3P+R4        Skipped 
 86  K3P+R5        Skipped 
 87  K3P+R6        Skipped 
 88  K3P+R7        Skipped 
 89  K3P+R8        Skipped 
 90  K3P+R9        Skipped 
 91  K3P+R10       Skipped 
 92  K3Pu          7395.176     22  14834.353    14835.389    14942.323
 93  K3Pu+I        7122.105     23  14290.209    14291.340    14403.088
 94  K3Pu+G4       7043.021     23  14132.042    14133.173    14244.921
 95  K3Pu+I+G4     7043.117     24  14134.234    14135.465    14252.020
 96  K3Pu+R2       7044.606     24  14137.212    14138.443    14254.998
 97  K3Pu+R3       7040.341     26  14132.682    14134.125    14260.283
 98  K3Pu+R4       Skipped 
 99  K3Pu+R5       Skipped 
100  K3Pu+R6       Skipped 
101  K3Pu+R7       Skipped 
102  K3Pu+R8       Skipped 
103  K3Pu+R9       Skipped 
104  K3Pu+R10      Skipped 
105  TPM2          7408.867     22  14861.734    14862.770    14969.704
106  TPM2+I        7133.267     23  14312.533    14313.664    14425.412
107  TPM2+G4       7053.318     23  14152.636    14153.767    14265.514
108  TPM2+I+G4     7053.580     24  14155.160    14156.390    14272.946
109  TPM2+R2       7057.889     24  14163.777    14165.008    14281.563
110  TPM2+R3       7052.330     26  14156.660    14158.103    14284.261
111  TPM2+R4       Skipped 
112  TPM2+R5       Skipped 
113  TPM2+R6       Skipped 
114  TPM2+R7       Skipped 
115  TPM2+R8       Skipped 
116  TPM2+R9       Skipped 
117  TPM2+R10      Skipped 
118  TPM2u         7408.903     22  14861.805    14862.841    14969.776
119  TPM2u+I       7133.255     23  14312.510    14313.641    14425.389
120  TPM2u+G4      7053.307     23  14152.614    14153.746    14265.493
121  TPM2u+I+G4    7053.554     24  14155.108    14156.339    14272.894
122  TPM2u+R2      7057.893     24  14163.787    14165.017    14281.573
123  TPM2u+R3      7052.272     26  14156.544    14157.987    14284.145
124  TPM2u+R4      Skipped 
125  TPM2u+R5      Skipped 
126  TPM2u+R6      Skipped 
127  TPM2u+R7      Skipped 
128  TPM2u+R8      Skipped 
129  TPM2u+R9      Skipped 
130  TPM2u+R10     Skipped 
131  TPM3          7387.469     22  14818.938    14819.973    14926.908
132  TPM3+I        7119.337     23  14284.675    14285.806    14397.553
133  TPM3+G4       7039.720     23  14125.440    14126.571    14238.319
134  TPM3+I+G4     7039.984     24  14127.967    14129.198    14245.754
135  TPM3+R2       7038.491     24  14124.981    14126.212    14242.767
136  TPM3+R3       7035.333     26  14122.667    14124.109    14250.268
137  TPM3+R4       Skipped 
138  TPM3+R5       Skipped 
139  TPM3+R6       Skipped 
140  TPM3+R7       Skipped 
141  TPM3+R8       Skipped 
142  TPM3+R9       Skipped 
143  TPM3+R10      Skipped 
144  TPM3u         7387.507     22  14819.013    14820.049    14926.984
145  TPM3u+I       7119.337     23  14284.675    14285.806    14397.553
146  TPM3u+G4      7039.749     23  14125.499    14126.630    14238.377
147  TPM3u+I+G4    7039.978     24  14127.956    14129.187    14245.743
148  TPM3u+R2      7038.493     24  14124.986    14126.217    14242.772
149  TPM3u+R3      7035.289     26  14122.579    14124.022    14250.180
150  TPM3u+R4      Skipped 
151  TPM3u+R5      Skipped 
152  TPM3u+R6      Skipped 
153  TPM3u+R7      Skipped 
154  TPM3u+R8      Skipped 
155  TPM3u+R9      Skipped 
156  TPM3u+R10     Skipped 
157  TIMe          7517.673     20  15075.345    15076.203    15173.500
158  TIMe+I        7243.552     21  14529.104    14530.049    14632.167
159  TIMe+G4       7169.718     21  14381.437    14382.381    14484.500
160  TIMe+I+G4     7170.062     22  14384.124    14385.160    14492.095
161  TIMe+R2       7174.190     22  14392.381    14393.417    14500.352
162  TIMe+R3       7168.800     24  14385.601    14386.831    14503.387
163  TIMe+R4       Skipped 
164  TIMe+R5       Skipped 
165  TIMe+R6       Skipped 
166  TIMe+R7       Skipped 
167  TIMe+R8       Skipped 
168  TIMe+R9       Skipped 
169  TIMe+R10      Skipped 
170  TIM           7393.174     23  14832.347    14833.478    14945.226
171  TIM+I         7121.661     24  14291.321    14292.552    14409.107
172  TIM+G4        7042.958     24  14133.917    14135.147    14251.703
173  TIM+I+G4      7042.993     25  14135.987    14137.322    14258.681
174  TIM+R2        7044.603     25  14139.206    14140.541    14261.900
175  TIM+R3        7040.138     27  14134.276    14135.832    14266.786
176  TIM+R4        Skipped 
177  TIM+R5        Skipped 
178  TIM+R6        Skipped 
179  TIM+R7        Skipped 
180  TIM+R8        Skipped 
181  TIM+R9        Skipped 
182  TIM+R10       Skipped 
183  TIM2e         7503.067     20  15046.135    15046.993    15144.290
184  TIM2e+I       7226.115     21  14494.230    14495.175    14597.293
185  TIM2e+G4      7143.492     21  14328.985    14329.930    14432.048
186  TIM2e+I+G4    7143.907     22  14331.815    14332.850    14439.785
187  TIM2e+R2      7151.953     22  14347.906    14348.942    14455.876
188  TIM2e+R3      7143.054     24  14334.108    14335.339    14451.895
189  TIM2e+R4      7143.128     26  14338.257    14339.700    14465.858
190  TIM2e+R5      Skipped 
191  TIM2e+R6      Skipped 
192  TIM2e+R7      Skipped 
193  TIM2e+R8      Skipped 
194  TIM2e+R9      Skipped 
195  TIM2e+R10     Skipped 
196  TIM2          7406.762     23  14859.525    14860.656    14972.403
197  TIM2+I        7132.765     24  14313.530    14314.761    14431.316
198  TIM2+G4       7052.790     24  14153.580    14154.811    14271.366
199  TIM2+I+G4     7053.026     25  14156.053    14157.387    14278.746
200  TIM2+R2       7057.244     25  14164.488    14165.823    14287.182
201  TIM2+R3       7051.779     27  14157.559    14159.114    14290.068
202  TIM2+R4       Skipped 
203  TIM2+R5       Skipped 
204  TIM2+R6       Skipped 
205  TIM2+R7       Skipped 
206  TIM2+R8       Skipped 
207  TIM2+R9       Skipped 
208  TIM2+R10      Skipped 
209  TIM3e         7515.733     20  15071.465    15072.324    15169.621
210  TIM3e+I       7243.537     21  14529.074    14530.018    14632.136
211  TIM3e+G4      7169.659     21  14381.318    14382.262    14484.380
212  TIM3e+I+G4    7170.187     22  14384.375    14385.410    14492.345
213  TIM3e+R2      7172.892     22  14389.783    14390.819    14497.754
214  TIM3e+R3      7168.156     24  14384.311    14385.542    14502.098
215  TIM3e+R4      Skipped 
216  TIM3e+R5      Skipped 
217  TIM3e+R6      Skipped 
218  TIM3e+R7      Skipped 
219  TIM3e+R8      Skipped 
220  TIM3e+R9      Skipped 
221  TIM3e+R10     Skipped 
222  TIM3          7384.639     23  14815.278    14816.409    14928.156
223  TIM3+I        7118.885     24  14285.770    14287.000    14403.556
224  TIM3+G4       7039.521     24  14127.042    14128.273    14244.828
225  TIM3+I+G4     7039.738     25  14129.476    14130.811    14252.170
226  TIM3+R2       7037.857     25  14125.715    14127.049    14248.408
227  TIM3+R3       7034.971     27  14123.942    14125.497    14256.451
228  TIM3+R4       Skipped 
229  TIM3+R5       Skipped 
230  TIM3+R6       Skipped 
231  TIM3+R7       Skipped 
232  TIM3+R8       Skipped 
233  TIM3+R9       Skipped 
234  TIM3+R10      Skipped 
235  TVMe          7489.407     21  15020.814    15021.759    15123.877
236  TVMe+I        7215.412     22  14474.823    14475.859    14582.794
237  TVMe+G4       7137.824     22  14319.648    14320.683    14427.618
238  TVMe+I+G4     7138.148     23  14322.296    14323.427    14435.174
239  TVMe+R2       7142.314     23  14330.628    14331.759    14443.506
240  TVMe+R3       7136.922     25  14323.844    14325.178    14446.537
241  TVMe+R4       Skipped 
242  TVMe+R5       Skipped 
243  TVMe+R6       Skipped 
244  TVMe+R7       Skipped 
245  TVMe+R8       Skipped 
246  TVMe+R9       Skipped 
247  TVMe+R10      Skipped 
248  TVM           7376.587     24  14801.173    14802.404    14918.960
249  TVM+I         7108.041     25  14266.081    14267.416    14388.775
250  TVM+G4        7031.759     25  14113.518    14114.853    14236.212
251  TVM+I+G4      7032.092     26  14116.184    14117.627    14243.785
252  TVM+R2        7030.221     26  14112.443    14113.886    14240.044
253  TVM+R3        7027.212     28  14110.424    14112.097    14247.841
254  TVM+R4        Skipped 
255  TVM+R5        Skipped 
256  TVM+R6        Skipped 
257  TVM+R7        Skipped 
258  TVM+R8        Skipped 
259  TVM+R9        Skipped 
260  TVM+R10       Skipped 
261  SYM           7488.972     22  15021.944    15022.980    15129.915
262  SYM+I         7213.743     23  14473.486    14474.617    14586.364
263  SYM+G4        7132.999     23  14311.998    14313.130    14424.877
264  SYM+I+G4      7133.455     24  14314.909    14316.140    14432.695
265  SYM+R2        7139.171     24  14326.341    14327.572    14444.127
266  SYM+R3        7132.053     26  14316.106    14317.549    14443.708
267  SYM+R4        7132.137     28  14320.273    14321.946    14457.690
268  SYM+R5        Skipped 
269  SYM+R6        Skipped 
270  SYM+R7        Skipped 
271  SYM+R8        Skipped 
272  SYM+R9        Skipped 
273  SYM+R10       Skipped 
274  GTR           7373.529     25  14797.058    14798.393    14919.752
275  GTR+I         7107.712     26  14267.424    14268.867    14395.026
276  GTR+G4        7031.437     26  14114.875    14116.318    14242.477
277  GTR+I+G4      7031.650     27  14117.300    14118.856    14249.810
278  GTR+R2        7029.749     27  14113.498    14115.053    14246.007
279  GTR+R3        7026.972     29  14111.943    14113.737    14254.268
280  GTR+R4        Skipped 
281  GTR+R5        Skipped 
282  GTR+R6        Skipped 
283  GTR+R7        Skipped 
284  GTR+R8        Skipped 
285  GTR+R9        Skipped 
286  GTR+R10       Skipped 
Akaike Information Criterion:           TVM+R3
Corrected Akaike Information Criterion: TVM+R3
Bayesian Information Criterion:         TVM+G4
Best-fit model: TVM+G4 chosen according to BIC

All model information printed to ./results/gene14.phy.model
CPU time for ModelFinder: 5.747 seconds (0h:0m:5s)
Wall-clock time for ModelFinder: 6.153 seconds (0h:0m:6s)
Generating 1000 samples for ultrafast bootstrap (seed: 383415)...

NOTE: 2 MB RAM (0 GB) is required!
Estimate model parameters (epsilon = 0.100)
1. Initial log-likelihood: -7288.769
2. Current log-likelihood: -7059.392
3. Current log-likelihood: -7041.521
4. Current log-likelihood: -7033.500
5. Current log-likelihood: -7033.397
Optimal log-likelihood: -7033.375
Rate parameters:  A-C: 2.611  A-G: 4.981  A-T: 0.770  C-G: 1.068  C-T: 4.981  G-T: 1.000
Base frequencies:   A: 0.397  C: 0.166  G: 0.201  T: 0.235
Gamma shape alpha: 0.528
Parameters optimization took 5 rounds (0.093 sec)
Computing ML distances based on estimated model parameters... 0.001 sec
Computing BIONJ tree...
0.000 seconds
Log-likelihood of BIONJ tree: -7034.158
--------------------------------------------------------------------
|             INITIALIZING CANDIDATE TREE SET                      |
--------------------------------------------------------------------
Generating 98 parsimony trees... 0.067 second
Computing log-likelihood of 95 initial trees ... 0.427 seconds
Current best score: -7032.731

Do NNI search on 20 best initial trees
Estimate model parameters (epsilon = 0.100)
BETTER TREE FOUND at iteration 1: -7031.188
Iteration 10 / LogL: -7032.803 / Time: 0h:0m:7s
Estimate model parameters (epsilon = 0.100)
BETTER TREE FOUND at iteration 12: -7030.723
UPDATE BEST LOG-LIKELIHOOD: -7030.723
Iteration 20 / LogL: -7031.993 / Time: 0h:0m:7s
Finish initializing candidate tree set (7)
Current best tree score: -7030.723 / CPU time: 1.366
Number of iterations: 20
--------------------------------------------------------------------
|               OPTIMIZING CANDIDATE TREE SET                      |
--------------------------------------------------------------------
UPDATE BEST LOG-LIKELIHOOD: -7030.722
UPDATE BEST LOG-LIKELIHOOD: -7030.722
UPDATE BEST LOG-LIKELIHOOD: -7030.722
Iteration 30 / LogL: -7031.785 / Time: 0h:0m:8s (0h:0m:6s left)
Iteration 40 / LogL: -7031.788 / Time: 0h:0m:8s (0h:0m:4s left)
Iteration 50 / LogL: -7031.189 / Time: 0h:0m:9s (0h:0m:3s left)
Log-likelihood cutoff on original alignment: -7039.893
UPDATE BEST LOG-LIKELIHOOD: -7030.722
Iteration 60 / LogL: -7030.726 / Time: 0h:0m:9s (0h:0m:3s left)
Iteration 70 / LogL: -7030.727 / Time: 0h:0m:10s (0h:0m:2s left)
Iteration 80 / LogL: -7031.189 / Time: 0h:0m:10s (0h:0m:1s left)
UPDATE BEST LOG-LIKELIHOOD: -7030.722
UPDATE BEST LOG-LIKELIHOOD: -7030.722
Iteration 90 / LogL: -7030.722 / Time: 0h:0m:10s (0h:0m:1s left)
Iteration 100 / LogL: -7033.412 / Time: 0h:0m:11s (0h:0m:0s left)
Log-likelihood cutoff on original alignment: -7040.869
NOTE: Bootstrap correlation coefficient of split occurrence frequencies: 0.980
NOTE: UFBoot does not converge, continue at least 100 more iterations
UPDATE BEST LOG-LIKELIHOOD: -7030.722
Iteration 110 / LogL: -7030.730 / Time: 0h:0m:11s (0h:0m:4s left)
Iteration 120 / LogL: -7030.722 / Time: 0h:0m:12s (0h:0m:3s left)
Iteration 130 / LogL: -7030.722 / Time: 0h:0m:12s (0h:0m:3s left)
Iteration 140 / LogL: -7030.727 / Time: 0h:0m:12s (0h:0m:2s left)
Iteration 150 / LogL: -7030.725 / Time: 0h:0m:13s (0h:0m:2s left)
Log-likelihood cutoff on original alignment: -7040.869
Iteration 160 / LogL: -7030.726 / Time: 0h:0m:13s (0h:0m:1s left)
Iteration 170 / LogL: -7030.747 / Time: 0h:0m:13s (0h:0m:1s left)
Iteration 180 / LogL: -7030.723 / Time: 0h:0m:14s (0h:0m:0s left)
Iteration 190 / LogL: -7030.747 / Time: 0h:0m:14s (0h:0m:0s left)
Iteration 200 / LogL: -7030.758 / Time: 0h:0m:15s (0h:0m:0s left)
Log-likelihood cutoff on original alignment: -7041.287
NOTE: Bootstrap correlation coefficient of split occurrence frequencies: 0.995
TREE SEARCH COMPLETED AFTER 200 ITERATIONS / Time: 0h:0m:15s

--------------------------------------------------------------------
|                    FINALIZING TREE SEARCH                        |
--------------------------------------------------------------------
Performs final model parameters optimization
Estimate model parameters (epsilon = 0.010)
1. Initial log-likelihood: -7030.722
Optimal log-likelihood: -7030.717
Rate parameters:  A-C: 2.626  A-G: 4.926  A-T: 0.787  C-G: 1.106  C-T: 4.926  G-T: 1.000
Base frequencies:   A: 0.397  C: 0.166  G: 0.201  T: 0.235
Gamma shape alpha: 0.527
Parameters optimization took 1 rounds (0.008 sec)
BEST SCORE FOUND : -7030.717
Creating bootstrap support values...
Split supports printed to NEXUS file ./results/gene14.phy.splits.nex
Total tree length: 2.683

Total number of iterations: 200
CPU time used for tree search: 8.465 sec (0h:0m:8s)
Wall-clock time used for tree search: 8.913 sec (0h:0m:8s)
Total CPU time used: 14.371 sec (0h:0m:14s)
Total wall-clock time used: 15.225 sec (0h:0m:15s)

Computing bootstrap consensus tree...
Reading input file ./results/gene14.phy.splits.nex...
10 taxa and 149 splits.
Consensus tree written to ./results/gene14.phy.contree
Reading input trees file ./results/gene14.phy.contree
Log-likelihood of consensus tree: -7030.717

Analysis results written to: 
  IQ-TREE report:                ./results/gene14.phy.iqtree
  Maximum-likelihood tree:       ./results/gene14.phy.treefile
  Likelihood distances:          ./results/gene14.phy.mldist

Ultrafast bootstrap approximation results written to:
  Split support values:          ./results/gene14.phy.splits.nex
  Consensus tree:                ./results/gene14.phy.contree
  Screen log file:               ./results/gene14.phy.log

Date and Time: Tue Aug 22 17:58:43 2017
