IQ-TREE multicore version 1.5.4 for Linux 64-bit built Apr  2 2017
Copyright (c) 2011-2017 by Bui Quang Minh, Nguyen Lam Tung,
Olga Chernomor, Heiko Schmidt, and Arndt von Haeseler.

Host:    hpc-crick (AVX, 251 GB RAM)
Command: iqtree -s ./results/gene12.phy -nt 1 -bb 1000
Seed:    891450 (Using SPRNG - Scalable Parallel Random Number Generator)
Time:    Tue Aug 22 17:58:43 2017
Kernel:  AVX - 1 threads (40 CPU cores detected)

Reading alignment file ./results/gene12.phy ... Phylip format detected
Alignment most likely contains DNA/RNA sequences
Alignment has 10 sequences with 1000 columns and 501 patterns (358 informative sites, 368 constant sites)
   Gap/Ambiguity  Composition  p-value
   1  A    0.00%    passed     83.34%
   2  B    0.00%    passed     46.49%
   3  C    0.00%    passed     93.81%
   4  D    0.00%    passed     93.08%
   5  E    0.00%    passed     60.68%
   6  F    0.00%    passed     83.23%
   7  G    0.00%    passed     90.69%
   8  H    0.00%    passed     91.14%
   9  I    0.00%    passed     47.00%
  10  J    0.00%    passed     81.89%
****  TOTAL    0.00%  0 sequences failed composition chi2 test (p-value<5%; df=3)

Create initial parsimony tree by phylogenetic likelihood library (PLL)... 0.001 seconds

NOTE: ModelFinder requires 3 MB RAM!
ModelFinder will test 286 DNA models (sample size: 1000) ...
 No. Model         -LnL         df  AIC          AICc         BIC
  1  JC            7756.427     17  15546.853    15547.476    15630.285
  2  JC+I          7521.176     18  15078.352    15079.050    15166.692
  3  JC+G4         7458.375     18  14952.750    14953.447    15041.090
  4  JC+I+G4       7458.771     19  14955.542    14956.318    15048.789
  5  JC+R2         7460.094     19  14958.188    14958.964    15051.436
  6  JC+R3         7457.497     21  14956.994    14957.939    15060.057
  7  JC+R4         Skipped 
  8  JC+R5         Skipped 
  9  JC+R6         Skipped 
 10  JC+R7         Skipped 
 11  JC+R8         Skipped 
 12  JC+R9         Skipped 
 13  JC+R10        Skipped 
 14  F81           7615.765     20  15271.531    15272.389    15369.686
 15  F81+I         7373.019     21  14788.038    14788.983    14891.101
 16  F81+G4        7303.797     21  14649.595    14650.540    14752.658
 17  F81+I+G4      7304.084     22  14652.168    14653.204    14760.139
 18  F81+R2        7305.351     22  14654.702    14655.738    14762.673
 19  F81+R3        7302.518     24  14653.036    14654.267    14770.822
 20  F81+R4        Skipped 
 21  F81+R5        Skipped 
 22  F81+R6        Skipped 
 23  F81+R7        Skipped 
 24  F81+R8        Skipped 
 25  F81+R9        Skipped 
 26  F81+R10       Skipped 
 27  K2P           7605.452     18  15246.904    15247.601    15335.244
 28  K2P+I         7358.728     19  14755.456    14756.232    14848.704
 29  K2P+G4        7284.003     19  14606.006    14606.782    14699.254
 30  K2P+I+G4      7284.427     20  14608.855    14609.713    14707.010
 31  K2P+R2        7287.465     20  14614.930    14615.788    14713.085
 32  K2P+R3        7283.710     22  14611.421    14612.457    14719.391
 33  K2P+R4        Skipped 
 34  K2P+R5        Skipped 
 35  K2P+R6        Skipped 
 36  K2P+R7        Skipped 
 37  K2P+R8        Skipped 
 38  K2P+R9        Skipped 
 39  K2P+R10       Skipped 
 40  HKY           7472.428     21  14986.856    14987.801    15089.919
 41  HKY+I         7222.203     22  14488.406    14489.442    14596.377
 42  HKY+G4        7140.407     22  14324.814    14325.850    14432.785
 43  HKY+I+G4      7140.641     23  14327.282    14328.413    14440.160
 44  HKY+R2        7147.157     23  14340.313    14341.444    14453.192
 45  HKY+R3        7140.137     25  14330.274    14331.609    14452.968
 46  HKY+R4        7140.133     27  14334.266    14335.822    14466.775
 47  HKY+R5        Skipped 
 48  HKY+R6        Skipped 
 49  HKY+R7        Skipped 
 50  HKY+R8        Skipped 
 51  HKY+R9        Skipped 
 52  HKY+R10       Skipped 
 53  TNe           7602.197     19  15242.394    15243.169    15335.641
 54  TNe+I         7356.469     20  14752.937    14753.795    14851.092
 55  TNe+G4        7279.379     20  14598.759    14599.617    14696.914
 56  TNe+I+G4      7279.747     21  14601.493    14602.438    14704.556
 57  TNe+R2        7284.668     21  14611.336    14612.281    14714.399
 58  TNe+R3        7279.385     23  14604.770    14605.901    14717.649
 59  TNe+R4        Skipped 
 60  TNe+R5        Skipped 
 61  TNe+R6        Skipped 
 62  TNe+R7        Skipped 
 63  TNe+R8        Skipped 
 64  TNe+R9        Skipped 
 65  TNe+R10       Skipped 
 66  TN            7471.469     22  14986.939    14987.975    15094.909
 67  TN+I          7220.678     23  14487.356    14488.487    14600.234
 68  TN+G4         7139.562     23  14325.125    14326.256    14438.003
 69  TN+I+G4       7139.561     24  14327.122    14328.352    14444.908
 70  TN+R2         7144.753     24  14337.506    14338.737    14455.292
 71  TN+R3         7139.108     26  14330.217    14331.660    14457.819
 72  TN+R4         Skipped 
 73  TN+R5         Skipped 
 74  TN+R6         Skipped 
 75  TN+R7         Skipped 
 76  TN+R8         Skipped 
 77  TN+R9         Skipped 
 78  TN+R10        Skipped 
 79  K3P           7600.195     19  15238.389    15239.165    15331.637
 80  K3P+I         7353.399     20  14746.799    14747.657    14844.954
 81  K3P+G4        7276.712     20  14593.424    14594.282    14691.579
 82  K3P+I+G4      7277.114     21  14596.227    14597.172    14699.290
 83  K3P+R2        7280.851     21  14603.701    14604.646    14706.764
 84  K3P+R3        7276.490     23  14598.981    14600.112    14711.859
 85  K3P+R4        Skipped 
 86  K3P+R5        Skipped 
 87  K3P+R6        Skipped 
 88  K3P+R7        Skipped 
 89  K3P+R8        Skipped 
 90  K3P+R9        Skipped 
 91  K3P+R10       Skipped 
 92  K3Pu          7457.312     22  14958.624    14959.660    15066.595
 93  K3Pu+I        7210.234     23  14466.468    14467.599    14579.347
 94  K3Pu+G4       7124.850     23  14295.699    14296.830    14408.577
 95  K3Pu+I+G4     7125.111     24  14298.222    14299.453    14416.008
 96  K3Pu+R2       7133.627     24  14315.254    14316.485    14433.040
 97  K3Pu+R3       7124.568     26  14301.136    14302.579    14428.737
 98  K3Pu+R4       7124.549     28  14305.098    14306.770    14442.515
 99  K3Pu+R5       Skipped 
100  K3Pu+R6       Skipped 
101  K3Pu+R7       Skipped 
102  K3Pu+R8       Skipped 
103  K3Pu+R9       Skipped 
104  K3Pu+R10      Skipped 
105  TPM2          7470.771     22  14985.542    14986.578    15093.513
106  TPM2+I        7220.611     23  14487.221    14488.353    14600.100
107  TPM2+G4       7139.736     23  14325.471    14326.602    14438.350
108  TPM2+I+G4     7139.821     24  14327.642    14328.873    14445.428
109  TPM2+R2       7145.729     24  14339.458    14340.689    14457.244
110  TPM2+R3       7139.406     26  14330.812    14332.255    14458.414
111  TPM2+R4       Skipped 
112  TPM2+R5       Skipped 
113  TPM2+R6       Skipped 
114  TPM2+R7       Skipped 
115  TPM2+R8       Skipped 
116  TPM2+R9       Skipped 
117  TPM2+R10      Skipped 
118  TPM2u         7470.773     22  14985.546    14986.582    15093.516
119  TPM2u+I       7220.609     23  14487.219    14488.350    14600.097
120  TPM2u+G4      7139.739     23  14325.479    14326.610    14438.357
121  TPM2u+I+G4    7139.803     24  14327.607    14328.837    14445.393
122  TPM2u+R2      7145.742     24  14339.483    14340.714    14457.269
123  TPM2u+R3      7139.405     26  14330.810    14332.253    14458.412
124  TPM2u+R4      Skipped 
125  TPM2u+R5      Skipped 
126  TPM2u+R6      Skipped 
127  TPM2u+R7      Skipped 
128  TPM2u+R8      Skipped 
129  TPM2u+R9      Skipped 
130  TPM2u+R10     Skipped 
131  TPM3          7444.889     22  14933.778    14934.814    15041.749
132  TPM3+I        7205.978     23  14457.957    14459.088    14570.835
133  TPM3+G4       7121.653     23  14289.306    14290.437    14402.185
134  TPM3+I+G4     7121.764     24  14291.529    14292.760    14409.315
135  TPM3+R2       7130.173     24  14308.346    14309.577    14426.132
136  TPM3+R3       7121.206     26  14294.411    14295.854    14422.013
137  TPM3+R4       7121.211     28  14298.422    14300.094    14435.839
138  TPM3+R5       Skipped 
139  TPM3+R6       Skipped 
140  TPM3+R7       Skipped 
141  TPM3+R8       Skipped 
142  TPM3+R9       Skipped 
143  TPM3+R10      Skipped 
144  TPM3u         7444.864     22  14933.728    14934.764    15041.699
145  TPM3u+I       7206.007     23  14458.014    14459.145    14570.892
146  TPM3u+G4      7121.665     23  14289.330    14290.461    14402.209
147  TPM3u+I+G4    7121.729     24  14291.458    14292.689    14409.245
148  TPM3u+R2      7130.155     24  14308.310    14309.541    14426.096
149  TPM3u+R3      7121.200     26  14294.400    14295.843    14422.002
150  TPM3u+R4      7121.204     28  14298.408    14300.081    14435.825
151  TPM3u+R5      Skipped 
152  TPM3u+R6      Skipped 
153  TPM3u+R7      Skipped 
154  TPM3u+R8      Skipped 
155  TPM3u+R9      Skipped 
156  TPM3u+R10     Skipped 
157  TIMe          7596.967     20  15233.933    15234.791    15332.088
158  TIMe+I        7351.188     21  14744.377    14745.322    14847.440
159  TIMe+G4       7272.246     21  14586.493    14587.437    14689.555
160  TIMe+I+G4     7272.537     22  14589.074    14590.110    14697.045
161  TIMe+R2       7278.171     22  14600.341    14601.377    14708.312
162  TIMe+R3       7272.288     24  14592.576    14593.807    14710.362
163  TIMe+R4       Skipped 
164  TIMe+R5       Skipped 
165  TIMe+R6       Skipped 
166  TIMe+R7       Skipped 
167  TIMe+R8       Skipped 
168  TIMe+R9       Skipped 
169  TIMe+R10      Skipped 
170  TIM           7456.048     23  14958.097    14959.228    15070.975
171  TIM+I         7208.603     24  14465.205    14466.436    14582.991
172  TIM+G4        7124.015     24  14296.029    14297.260    14413.815
173  TIM+I+G4      7124.212     25  14298.425    14299.760    14421.119
174  TIM+R2        7131.245     25  14312.490    14313.825    14435.184
175  TIM+R3        7123.638     27  14301.276    14302.832    14433.785
176  TIM+R4        7123.653     29  14305.305    14307.099    14447.630
177  TIM+R5        Skipped 
178  TIM+R6        Skipped 
179  TIM+R7        Skipped 
180  TIM+R8        Skipped 
181  TIM+R9        Skipped 
182  TIM+R10       Skipped 
183  TIM2e         7589.258     20  15218.517    15219.375    15316.672
184  TIM2e+I       7343.205     21  14728.409    14729.354    14831.472
185  TIM2e+G4      7253.815     21  14549.630    14550.575    14652.693
186  TIM2e+I+G4    7254.260     22  14552.519    14553.555    14660.490
187  TIM2e+R2      7261.662     22  14567.323    14568.359    14675.294
188  TIM2e+R3      7253.810     24  14555.621    14556.852    14673.407
189  TIM2e+R4      7253.714     26  14559.428    14560.871    14687.030
190  TIM2e+R5      Skipped 
191  TIM2e+R6      Skipped 
192  TIM2e+R7      Skipped 
193  TIM2e+R8      Skipped 
194  TIM2e+R9      Skipped 
195  TIM2e+R10     Skipped 
196  TIM2          7469.663     23  14985.327    14986.458    15098.205
197  TIM2+I        7219.026     24  14486.052    14487.283    14603.838
198  TIM2+G4       7138.553     24  14325.105    14326.336    14442.891
199  TIM2+I+G4     7138.542     25  14327.084    14328.419    14449.778
200  TIM2+R2       7143.203     25  14336.407    14337.742    14459.101
201  TIM2+R3       7138.079     27  14330.158    14331.713    14462.667
202  TIM2+R4       Skipped 
203  TIM2+R5       Skipped 
204  TIM2+R6       Skipped 
205  TIM2+R7       Skipped 
206  TIM2+R8       Skipped 
207  TIM2+R9       Skipped 
208  TIM2+R10      Skipped 
209  TIM3e         7595.208     20  15230.415    15231.273    15328.570
210  TIM3e+I       7352.195     21  14746.391    14747.336    14849.454
211  TIM3e+G4      7274.797     21  14591.594    14592.539    14694.657
212  TIM3e+I+G4    7274.994     22  14593.988    14595.024    14701.959
213  TIM3e+R2      7280.405     22  14604.810    14605.845    14712.780
214  TIM3e+R3      7274.798     24  14597.597    14598.827    14715.383
215  TIM3e+R4      Skipped 
216  TIM3e+R5      Skipped 
217  TIM3e+R6      Skipped 
218  TIM3e+R7      Skipped 
219  TIM3e+R8      Skipped 
220  TIM3e+R9      Skipped 
221  TIM3e+R10     Skipped 
222  TIM3          7442.652     23  14931.304    14932.436    15044.183
223  TIM3+I        7204.396     24  14456.792    14458.022    14574.578
224  TIM3+G4       7119.834     24  14287.669    14288.900    14405.455
225  TIM3+I+G4     7119.694     25  14289.387    14290.722    14412.081
226  TIM3+R2       7127.412     25  14304.823    14306.158    14427.517
227  TIM3+R3       7119.248     27  14292.496    14294.051    14425.005
228  TIM3+R4       7119.307     29  14296.615    14298.409    14438.940
229  TIM3+R5       Skipped 
230  TIM3+R6       Skipped 
231  TIM3+R7       Skipped 
232  TIM3+R8       Skipped 
233  TIM3+R9       Skipped 
234  TIM3+R10      Skipped 
235  TVMe          7583.224     21  15208.447    15209.392    15311.510
236  TVMe+I        7338.227     22  14720.453    14721.489    14828.424
237  TVMe+G4       7250.358     22  14544.716    14545.752    14652.687
238  TVMe+I+G4     7250.813     23  14547.626    14548.757    14660.505
239  TVMe+R2       7256.719     23  14559.439    14560.570    14672.317
240  TVMe+R3       7250.354     25  14550.708    14552.043    14673.402
241  TVMe+R4       Skipped 
242  TVMe+R5       Skipped 
243  TVMe+R6       Skipped 
244  TVMe+R7       Skipped 
245  TVMe+R8       Skipped 
246  TVMe+R9       Skipped 
247  TVMe+R10      Skipped 
248  TVM           7438.440     24  14924.880    14926.111    15042.666
249  TVM+I         7199.966     25  14449.932    14451.267    14572.626
250  TVM+G4        7114.388     25  14278.776    14280.110    14401.469
251  TVM+I+G4      7114.438     26  14280.876    14282.319    14408.477
252  TVM+R2        7122.943     26  14297.885    14299.328    14425.487
253  TVM+R3        7114.080     28  14284.160    14285.832    14421.577
254  TVM+R4        7114.052     30  14288.105    14290.024    14435.338
255  TVM+R5        Skipped 
256  TVM+R6        Skipped 
257  TVM+R7        Skipped 
258  TVM+R8        Skipped 
259  TVM+R9        Skipped 
260  TVM+R10       Skipped 
261  SYM           7580.188     22  15204.375    15205.411    15312.346
262  SYM+I         7336.069     23  14718.137    14719.268    14831.015
263  SYM+G4        7243.608     23  14533.217    14534.348    14646.095
264  SYM+I+G4      7244.057     24  14536.113    14537.344    14653.899
265  SYM+R2        7252.498     24  14552.997    14554.228    14670.783
266  SYM+R3        7243.402     26  14538.805    14540.248    14666.406
267  SYM+R4        7243.373     28  14542.746    14544.418    14680.163
268  SYM+R5        Skipped 
269  SYM+R6        Skipped 
270  SYM+R7        Skipped 
271  SYM+R8        Skipped 
272  SYM+R9        Skipped 
273  SYM+R10       Skipped 
274  GTR           7436.176     25  14922.352    14923.687    15045.046
275  GTR+I         7198.349     26  14448.698    14450.141    14576.299
276  GTR+G4        7112.426     26  14276.852    14278.295    14404.453
277  GTR+I+G4      7112.481     27  14278.962    14280.517    14411.471
278  GTR+R2        7119.926     27  14293.853    14295.408    14426.362
279  GTR+R3        7112.059     29  14282.118    14283.912    14424.443
280  GTR+R4        7112.085     31  14286.171    14288.220    14438.311
281  GTR+R5        Skipped 
282  GTR+R6        Skipped 
283  GTR+R7        Skipped 
284  GTR+R8        Skipped 
285  GTR+R9        Skipped 
286  GTR+R10       Skipped 
Akaike Information Criterion:           GTR+G4
Corrected Akaike Information Criterion: GTR+G4
Bayesian Information Criterion:         TVM+G4
Best-fit model: TVM+G4 chosen according to BIC

All model information printed to ./results/gene12.phy.model
CPU time for ModelFinder: 7.994 seconds (0h:0m:7s)
Wall-clock time for ModelFinder: 8.645 seconds (0h:0m:8s)
Generating 1000 samples for ultrafast bootstrap (seed: 891450)...

NOTE: 2 MB RAM (0 GB) is required!
Estimate model parameters (epsilon = 0.100)
1. Initial log-likelihood: -7348.673
2. Current log-likelihood: -7124.533
3. Current log-likelihood: -7117.844
4. Current log-likelihood: -7117.456
5. Current log-likelihood: -7117.340
Optimal log-likelihood: -7117.304
Rate parameters:  A-C: 2.189  A-G: 3.971  A-T: 0.611  C-G: 0.980  C-T: 3.971  G-T: 1.000
Base frequencies:   A: 0.415  C: 0.147  G: 0.209  T: 0.229
Gamma shape alpha: 0.562
Parameters optimization took 5 rounds (0.100 sec)
Computing ML distances based on estimated model parameters... 0.002 sec
Computing BIONJ tree...
0.000 seconds
Log-likelihood of BIONJ tree: -7116.205
--------------------------------------------------------------------
|             INITIALIZING CANDIDATE TREE SET                      |
--------------------------------------------------------------------
Generating 98 parsimony trees... 0.073 second
Computing log-likelihood of 95 initial trees ... 0.417 seconds
Current best score: -7113.690

Do NNI search on 20 best initial trees
Estimate model parameters (epsilon = 0.100)
BETTER TREE FOUND at iteration 1: -7112.181
WARNING: NNI search needs unusual large number of steps (7) to converge!
Estimate model parameters (epsilon = 0.100)
BETTER TREE FOUND at iteration 3: -7111.203
Estimate model parameters (epsilon = 0.100)
BETTER TREE FOUND at iteration 4: -7111.141
Iteration 10 / LogL: -7111.833 / Time: 0h:0m:9s
Iteration 20 / LogL: -7111.148 / Time: 0h:0m:10s
Finish initializing candidate tree set (12)
Current best tree score: -7111.141 / CPU time: 1.634
Number of iterations: 20
--------------------------------------------------------------------
|               OPTIMIZING CANDIDATE TREE SET                      |
--------------------------------------------------------------------
Iteration 30 / LogL: -7111.830 / Time: 0h:0m:10s (0h:0m:5s left)
Iteration 40 / LogL: -7111.634 / Time: 0h:0m:11s (0h:0m:4s left)
Iteration 50 / LogL: -7111.727 / Time: 0h:0m:11s (0h:0m:3s left)
Log-likelihood cutoff on original alignment: -7122.824
Iteration 60 / LogL: -7111.146 / Time: 0h:0m:11s (0h:0m:2s left)
Iteration 70 / LogL: -7111.405 / Time: 0h:0m:12s (0h:0m:1s left)
Iteration 80 / LogL: -7111.243 / Time: 0h:0m:12s (0h:0m:1s left)
Iteration 90 / LogL: -7111.210 / Time: 0h:0m:12s (0h:0m:0s left)
Iteration 100 / LogL: -7111.743 / Time: 0h:0m:13s (0h:0m:0s left)
Log-likelihood cutoff on original alignment: -7122.824
NOTE: Bootstrap correlation coefficient of split occurrence frequencies: 0.990
TREE SEARCH COMPLETED AFTER 105 ITERATIONS / Time: 0h:0m:13s

--------------------------------------------------------------------
|                    FINALIZING TREE SEARCH                        |
--------------------------------------------------------------------
Performs final model parameters optimization
Estimate model parameters (epsilon = 0.010)
1. Initial log-likelihood: -7111.141
Optimal log-likelihood: -7111.139
Rate parameters:  A-C: 2.237  A-G: 3.978  A-T: 0.622  C-G: 0.964  C-T: 3.978  G-T: 1.000
Base frequencies:   A: 0.415  C: 0.147  G: 0.209  T: 0.229
Gamma shape alpha: 0.567
Parameters optimization took 1 rounds (0.009 sec)
BEST SCORE FOUND : -7111.139
Creating bootstrap support values...
Split supports printed to NEXUS file ./results/gene12.phy.splits.nex
Total tree length: 2.812

Total number of iterations: 105
CPU time used for tree search: 4.734 sec (0h:0m:4s)
Wall-clock time used for tree search: 4.741 sec (0h:0m:4s)
Total CPU time used: 12.881 sec (0h:0m:12s)
Total wall-clock time used: 13.555 sec (0h:0m:13s)

Computing bootstrap consensus tree...
Reading input file ./results/gene12.phy.splits.nex...
10 taxa and 129 splits.
Consensus tree written to ./results/gene12.phy.contree
Reading input trees file ./results/gene12.phy.contree
Log-likelihood of consensus tree: -7111.200

Analysis results written to: 
  IQ-TREE report:                ./results/gene12.phy.iqtree
  Maximum-likelihood tree:       ./results/gene12.phy.treefile
  Likelihood distances:          ./results/gene12.phy.mldist

Ultrafast bootstrap approximation results written to:
  Split support values:          ./results/gene12.phy.splits.nex
  Consensus tree:                ./results/gene12.phy.contree
  Screen log file:               ./results/gene12.phy.log

Date and Time: Tue Aug 22 17:58:57 2017
