IQ-TREE multicore version 1.5.4 for Linux 64-bit built Apr  2 2017
Copyright (c) 2011-2017 by Bui Quang Minh, Nguyen Lam Tung,
Olga Chernomor, Heiko Schmidt, and Arndt von Haeseler.

Host:    hpc-crick (AVX, 251 GB RAM)
Command: iqtree -s ./results/gene17.phy -nt 1 -bb 1000
Seed:    171406 (Using SPRNG - Scalable Parallel Random Number Generator)
Time:    Tue Aug 22 18:16:00 2017
Kernel:  AVX - 1 threads (40 CPU cores detected)

Reading alignment file ./results/gene17.phy ... Phylip format detected
Alignment most likely contains DNA/RNA sequences
Alignment has 10 sequences with 1000 columns and 504 patterns (355 informative sites, 368 constant sites)
   Gap/Ambiguity  Composition  p-value
   1  A    0.00%    passed     94.45%
   2  B    0.00%    passed     73.38%
   3  C    0.00%    passed     93.89%
   4  D    0.00%    passed     82.44%
   5  E    0.00%    passed     97.30%
   6  F    0.00%    passed     82.62%
   7  G    0.00%    passed     35.96%
   8  H    0.00%    passed     81.49%
   9  I    0.00%    passed     99.45%
  10  J    0.00%    passed     92.27%
****  TOTAL    0.00%  0 sequences failed composition chi2 test (p-value<5%; df=3)

Create initial parsimony tree by phylogenetic likelihood library (PLL)... 0.000 seconds

NOTE: ModelFinder requires 3 MB RAM!
ModelFinder will test 286 DNA models (sample size: 1000) ...
 No. Model         -LnL         df  AIC          AICc         BIC
  1  JC            7689.713     17  15413.425    15414.049    15496.857
  2  JC+I          7466.013     18  14968.027    14968.724    15056.366
  3  JC+G4         7417.822     18  14871.644    14872.341    14959.983
  4  JC+I+G4       7416.941     19  14871.881    14872.657    14965.129
  5  JC+R2         7419.290     19  14876.580    14877.356    14969.827
  6  JC+R3         7416.378     21  14874.757    14875.701    14977.820
  7  JC+R4         Skipped 
  8  JC+R5         Skipped 
  9  JC+R6         Skipped 
 10  JC+R7         Skipped 
 11  JC+R8         Skipped 
 12  JC+R9         Skipped 
 13  JC+R10        Skipped 
 14  F81           7606.289     20  15252.578    15253.436    15350.733
 15  F81+I         7376.431     21  14794.861    14795.806    14897.924
 16  F81+G4        7328.763     21  14699.525    14700.470    14802.588
 17  F81+I+G4      7327.513     22  14699.026    14700.062    14806.997
 18  F81+R2        7330.427     22  14704.853    14705.889    14812.824
 19  F81+R3        7326.921     24  14701.841    14703.072    14819.627
 20  F81+R4        Skipped 
 21  F81+R5        Skipped 
 22  F81+R6        Skipped 
 23  F81+R7        Skipped 
 24  F81+R8        Skipped 
 25  F81+R9        Skipped 
 26  F81+R10       Skipped 
 27  K2P           7543.488     18  15122.977    15123.674    15211.317
 28  K2P+I         7304.509     19  14647.017    14647.793    14740.265
 29  K2P+G4        7238.632     19  14515.264    14516.040    14608.512
 30  K2P+I+G4      7238.357     20  14516.713    14517.571    14614.868
 31  K2P+R2        7243.833     20  14527.666    14528.524    14625.821
 32  K2P+R3        7237.745     22  14519.490    14520.526    14627.461
 33  K2P+R4        Skipped 
 34  K2P+R5        Skipped 
 35  K2P+R6        Skipped 
 36  K2P+R7        Skipped 
 37  K2P+R8        Skipped 
 38  K2P+R9        Skipped 
 39  K2P+R10       Skipped 
 40  HKY           7441.604     21  14925.208    14926.152    15028.271
 41  HKY+I         7194.853     22  14433.706    14434.742    14541.676
 42  HKY+G4        7126.144     22  14296.288    14297.324    14404.259
 43  HKY+I+G4      7125.499     23  14296.998    14298.129    14409.876
 44  HKY+R2        7132.973     23  14311.947    14313.078    14424.825
 45  HKY+R3        7125.128     25  14300.256    14301.591    14422.950
 46  HKY+R4        7125.138     27  14304.276    14305.832    14436.786
 47  HKY+R5        Skipped 
 48  HKY+R6        Skipped 
 49  HKY+R7        Skipped 
 50  HKY+R8        Skipped 
 51  HKY+R9        Skipped 
 52  HKY+R10       Skipped 
 53  TNe           7543.374     19  15124.749    15125.524    15217.996
 54  TNe+I         7304.508     20  14649.016    14649.874    14747.171
 55  TNe+G4        7237.575     20  14515.149    14516.007    14613.304
 56  TNe+I+G4      7237.378     21  14516.755    14517.700    14619.818
 57  TNe+R2        7243.092     21  14528.184    14529.128    14631.246
 58  TNe+R3        7236.756     23  14519.513    14520.644    14632.391
 59  TNe+R4        Skipped 
 60  TNe+R5        Skipped 
 61  TNe+R6        Skipped 
 62  TNe+R7        Skipped 
 63  TNe+R8        Skipped 
 64  TNe+R9        Skipped 
 65  TNe+R10       Skipped 
 66  TN            7440.471     22  14924.943    14925.978    15032.913
 67  TN+I          7192.611     23  14431.222    14432.353    14544.100
 68  TN+G4         7125.989     23  14297.979    14299.110    14410.857
 69  TN+I+G4       7125.101     24  14298.201    14299.432    14415.987
 70  TN+R2         7132.316     24  14312.631    14313.862    14430.418
 71  TN+R3         7124.751     26  14301.503    14302.946    14429.105
 72  TN+R4         7124.736     28  14305.473    14307.145    14442.890
 73  TN+R5         Skipped 
 74  TN+R6         Skipped 
 75  TN+R7         Skipped 
 76  TN+R8         Skipped 
 77  TN+R9         Skipped 
 78  TN+R10        Skipped 
 79  K3P           7536.217     19  15110.434    15111.210    15203.681
 80  K3P+I         7295.977     20  14631.954    14632.812    14730.110
 81  K3P+G4        7228.013     20  14496.026    14496.884    14594.181
 82  K3P+I+G4      7227.765     21  14497.529    14498.474    14600.592
 83  K3P+R2        7233.937     21  14509.873    14510.818    14612.936
 84  K3P+R3        7227.305     23  14500.610    14501.741    14613.489
 85  K3P+R4        Skipped 
 86  K3P+R5        Skipped 
 87  K3P+R6        Skipped 
 88  K3P+R7        Skipped 
 89  K3P+R8        Skipped 
 90  K3P+R9        Skipped 
 91  K3P+R10       Skipped 
 92  K3Pu          7423.046     22  14890.092    14891.128    14998.063
 93  K3Pu+I        7172.863     23  14391.726    14392.858    14504.605
 94  K3Pu+G4       7100.303     23  14246.606    14247.737    14359.484
 95  K3Pu+I+G4     7099.598     24  14247.196    14248.427    14364.982
 96  K3Pu+R2       7109.325     24  14266.650    14267.881    14384.437
 97  K3Pu+R3       7099.032     26  14250.064    14251.507    14377.665
 98  K3Pu+R4       7099.014     28  14254.027    14255.700    14391.444
 99  K3Pu+R5       Skipped 
100  K3Pu+R6       Skipped 
101  K3Pu+R7       Skipped 
102  K3Pu+R8       Skipped 
103  K3Pu+R9       Skipped 
104  K3Pu+R10      Skipped 
105  TPM2          7441.268     22  14926.537    14927.573    15034.507
106  TPM2+I        7194.583     23  14435.166    14436.298    14548.045
107  TPM2+G4       7126.225     23  14298.449    14299.580    14411.327
108  TPM2+I+G4     7125.456     24  14298.913    14300.144    14416.699
109  TPM2+R2       7132.916     24  14313.832    14315.063    14431.618
110  TPM2+R3       7125.189     26  14302.379    14303.822    14429.981
111  TPM2+R4       7125.185     28  14306.370    14308.043    14443.788
112  TPM2+R5       Skipped 
113  TPM2+R6       Skipped 
114  TPM2+R7       Skipped 
115  TPM2+R8       Skipped 
116  TPM2+R9       Skipped 
117  TPM2+R10      Skipped 
118  TPM2u         7441.304     22  14926.608    14927.644    15034.578
119  TPM2u+I       7194.583     23  14435.166    14436.297    14548.044
120  TPM2u+G4      7126.236     23  14298.473    14299.604    14411.351
121  TPM2u+I+G4    7125.453     24  14298.905    14300.136    14416.691
122  TPM2u+R2      7133.026     24  14314.053    14315.283    14431.839
123  TPM2u+R3      7125.181     26  14302.362    14303.805    14429.964
124  TPM2u+R4      7125.158     28  14306.316    14307.989    14443.734
125  TPM2u+R5      Skipped 
126  TPM2u+R6      Skipped 
127  TPM2u+R7      Skipped 
128  TPM2u+R8      Skipped 
129  TPM2u+R9      Skipped 
130  TPM2u+R10     Skipped 
131  TPM3          7429.619     22  14903.238    14904.274    15011.209
132  TPM3+I        7180.184     23  14406.369    14407.500    14519.247
133  TPM3+G4       7110.253     23  14266.507    14267.638    14379.385
134  TPM3+I+G4     7109.816     24  14267.633    14268.864    14385.419
135  TPM3+R2       7119.203     24  14286.405    14287.636    14404.192
136  TPM3+R3       7108.590     26  14269.181    14270.624    14396.783
137  TPM3+R4       7108.570     28  14273.139    14274.812    14410.556
138  TPM3+R5       Skipped 
139  TPM3+R6       Skipped 
140  TPM3+R7       Skipped 
141  TPM3+R8       Skipped 
142  TPM3+R9       Skipped 
143  TPM3+R10      Skipped 
144  TPM3u         7429.614     22  14903.227    14904.263    15011.198
145  TPM3u+I       7180.218     23  14406.436    14407.567    14519.314
146  TPM3u+G4      7110.239     23  14266.478    14267.609    14379.357
147  TPM3u+I+G4    7109.806     24  14267.613    14268.843    14385.399
148  TPM3u+R2      7119.223     24  14286.447    14287.677    14404.233
149  TPM3u+R3      7108.541     26  14269.082    14270.525    14396.683
150  TPM3u+R4      7108.534     28  14273.067    14274.740    14410.485
151  TPM3u+R5      Skipped 
152  TPM3u+R6      Skipped 
153  TPM3u+R7      Skipped 
154  TPM3u+R8      Skipped 
155  TPM3u+R9      Skipped 
156  TPM3u+R10     Skipped 
157  TIMe          7536.111     20  15112.222    15113.080    15210.377
158  TIMe+I        7295.995     21  14633.989    14634.934    14737.052
159  TIMe+G4       7227.008     21  14496.015    14496.960    14599.078
160  TIMe+I+G4     7226.828     22  14497.655    14498.691    14605.626
161  TIMe+R2       7233.215     22  14510.430    14511.465    14618.400
162  TIMe+R3       7226.519     24  14501.037    14502.268    14618.823
163  TIMe+R4       Skipped 
164  TIMe+R5       Skipped 
165  TIMe+R6       Skipped 
166  TIMe+R7       Skipped 
167  TIMe+R8       Skipped 
168  TIMe+R9       Skipped 
169  TIMe+R10      Skipped 
170  TIM           7421.708     23  14889.416    14890.547    15002.294
171  TIM+I         7170.424     24  14388.847    14390.078    14506.633
172  TIM+G4        7100.085     24  14248.170    14249.401    14365.957
173  TIM+I+G4      7099.299     25  14248.598    14249.932    14371.291
174  TIM+R2        7108.576     25  14267.152    14268.487    14389.846
175  TIM+R3        7098.726     27  14251.452    14253.007    14383.961
176  TIM+R4        7098.648     29  14255.296    14257.089    14397.620
177  TIM+R5        Skipped 
178  TIM+R6        Skipped 
179  TIM+R7        Skipped 
180  TIM+R8        Skipped 
181  TIM+R9        Skipped 
182  TIM+R10       Skipped 
183  TIM2e         7533.163     20  15106.326    15107.184    15204.481
184  TIM2e+I       7294.147     21  14630.294    14631.239    14733.357
185  TIM2e+G4      7217.999     21  14477.998    14478.943    14581.061
186  TIM2e+I+G4    7218.068     22  14480.136    14481.172    14588.106
187  TIM2e+R2      7225.744     22  14495.488    14496.524    14603.459
188  TIM2e+R3      7217.288     24  14482.576    14483.806    14600.362
189  TIM2e+R4      7217.258     26  14486.515    14487.958    14614.117
190  TIM2e+R5      Skipped 
191  TIM2e+R6      Skipped 
192  TIM2e+R7      Skipped 
193  TIM2e+R8      Skipped 
194  TIM2e+R9      Skipped 
195  TIM2e+R10     Skipped 
196  TIM2          7440.030     23  14926.060    14927.191    15038.939
197  TIM2+I        7192.342     24  14432.684    14433.915    14550.470
198  TIM2+G4       7126.040     24  14300.081    14301.311    14417.867
199  TIM2+I+G4     7125.081     25  14300.161    14301.496    14422.855
200  TIM2+R2       7132.265     25  14314.530    14315.865    14437.224
201  TIM2+R3       7124.747     27  14303.495    14305.051    14436.004
202  TIM2+R4       7124.781     29  14307.561    14309.355    14449.886
203  TIM2+R5       Skipped 
204  TIM2+R6       Skipped 
205  TIM2+R7       Skipped 
206  TIM2+R8       Skipped 
207  TIM2+R9       Skipped 
208  TIM2+R10      Skipped 
209  TIM3e         7541.236     20  15122.472    15123.331    15220.628
210  TIM3e+I       7301.682     21  14645.364    14646.308    14748.427
211  TIM3e+G4      7234.971     21  14511.941    14512.886    14615.004
212  TIM3e+I+G4    7234.705     22  14513.410    14514.445    14621.380
213  TIM3e+R2      7240.759     22  14525.518    14526.554    14633.489
214  TIM3e+R3      7234.395     24  14516.791    14518.022    14634.577
215  TIM3e+R4      Skipped 
216  TIM3e+R5      Skipped 
217  TIM3e+R6      Skipped 
218  TIM3e+R7      Skipped 
219  TIM3e+R8      Skipped 
220  TIM3e+R9      Skipped 
221  TIM3e+R10     Skipped 
222  TIM3          7427.786     23  14901.572    14902.703    15014.450
223  TIM3+I        7177.344     24  14402.688    14403.918    14520.474
224  TIM3+G4       7109.516     24  14267.032    14268.262    14384.818
225  TIM3+I+G4     7108.952     25  14267.904    14269.238    14390.597
226  TIM3+R2       7117.692     25  14285.383    14286.718    14408.077
227  TIM3+R3       7107.633     27  14269.266    14270.821    14401.775
228  TIM3+R4       7107.561     29  14273.122    14274.916    14415.447
229  TIM3+R5       Skipped 
230  TIM3+R6       Skipped 
231  TIM3+R7       Skipped 
232  TIM3+R8       Skipped 
233  TIM3+R9       Skipped 
234  TIM3+R10      Skipped 
235  TVMe          7523.667     21  15089.333    15090.278    15192.396
236  TVMe+I        7283.087     22  14610.173    14611.209    14718.144
237  TVMe+G4       7204.000     22  14452.001    14453.037    14559.972
238  TVMe+I+G4     7204.048     23  14454.095    14455.226    14566.973
239  TVMe+R2       7213.159     23  14472.319    14473.450    14585.197
240  TVMe+R3       7203.483     25  14456.966    14458.300    14579.659
241  TVMe+R4       7203.438     27  14460.876    14462.431    14593.385
242  TVMe+R5       Skipped 
243  TVMe+R6       Skipped 
244  TVMe+R7       Skipped 
245  TVMe+R8       Skipped 
246  TVMe+R9       Skipped 
247  TVMe+R10      Skipped 
248  TVM           7417.742     24  14883.485    14884.715    15001.271
249  TVM+I         7166.896     25  14383.791    14385.126    14506.485
250  TVM+G4        7094.632     25  14239.264    14240.598    14361.957
251  TVM+I+G4      7094.221     26  14240.441    14241.884    14368.043
252  TVM+R2        7104.337     26  14260.675    14262.118    14388.277
253  TVM+R3        7093.068     28  14242.137    14243.809    14379.554
254  TVM+R4        7093.037     30  14246.074    14247.994    14393.307
255  TVM+R5        Skipped 
256  TVM+R6        Skipped 
257  TVM+R7        Skipped 
258  TVM+R8        Skipped 
259  TVM+R9        Skipped 
260  TVM+R10       Skipped 
261  SYM           7523.578     22  15091.156    15092.192    15199.127
262  SYM+I         7283.111     23  14612.222    14613.353    14725.100
263  SYM+G4        7201.990     23  14449.979    14451.110    14562.858
264  SYM+I+G4      7202.144     24  14452.289    14453.519    14570.075
265  SYM+R2        7211.556     24  14471.112    14472.343    14588.898
266  SYM+R3        7201.622     26  14455.243    14456.686    14582.845
267  SYM+R4        7201.591     28  14459.182    14460.855    14596.599
268  SYM+R5        Skipped 
269  SYM+R6        Skipped 
270  SYM+R7        Skipped 
271  SYM+R8        Skipped 
272  SYM+R9        Skipped 
273  SYM+R10       Skipped 
274  GTR           7415.701     25  14881.401    14882.736    15004.095
275  GTR+I         7164.252     26  14380.505    14381.948    14508.106
276  GTR+G4        7093.816     26  14239.633    14241.076    14367.234
277  GTR+I+G4      7093.350     27  14240.701    14242.256    14373.210
278  GTR+R2        7102.903     27  14259.807    14261.362    14392.316
279  GTR+R3        7091.794     29  14241.589    14243.382    14383.913
280  GTR+R4        7091.739     31  14245.479    14247.528    14397.619
281  GTR+R5        Skipped 
282  GTR+R6        Skipped 
283  GTR+R7        Skipped 
284  GTR+R8        Skipped 
285  GTR+R9        Skipped 
286  GTR+R10       Skipped 
Akaike Information Criterion:           TVM+G4
Corrected Akaike Information Criterion: TVM+G4
Bayesian Information Criterion:         K3Pu+G4
Best-fit model: K3Pu+G4 chosen according to BIC

All model information printed to ./results/gene17.phy.model
CPU time for ModelFinder: 16.451 seconds (0h:0m:16s)
Wall-clock time for ModelFinder: 20.930 seconds (0h:0m:20s)
Generating 1000 samples for ultrafast bootstrap (seed: 171406)...

NOTE: 2 MB RAM (0 GB) is required!
Estimate model parameters (epsilon = 0.100)
1. Initial log-likelihood: -7374.150
2. Current log-likelihood: -7164.741
3. Current log-likelihood: -7104.582
4. Current log-likelihood: -7103.508
5. Current log-likelihood: -7103.384
Optimal log-likelihood: -7103.338
Rate parameters:  A-C: 1.000  A-G: 2.468  A-T: 0.292  C-G: 0.292  C-T: 2.468  G-T: 1.000
Base frequencies:   A: 0.385  C: 0.167  G: 0.188  T: 0.260
Gamma shape alpha: 0.579
Parameters optimization took 5 rounds (0.094 sec)
Computing ML distances based on estimated model parameters... 0.002 sec
Computing BIONJ tree...
0.000 seconds
Log-likelihood of BIONJ tree: -7097.497
--------------------------------------------------------------------
|             INITIALIZING CANDIDATE TREE SET                      |
--------------------------------------------------------------------
Generating 98 parsimony trees... 0.117 second
Computing log-likelihood of 94 initial trees ... 0.575 seconds
Current best score: -7097.497

Do NNI search on 20 best initial trees
Estimate model parameters (epsilon = 0.100)
BETTER TREE FOUND at iteration 1: -7094.919
Estimate model parameters (epsilon = 0.100)
BETTER TREE FOUND at iteration 2: -7094.222
UPDATE BEST LOG-LIKELIHOOD: -7094.222
UPDATE BEST LOG-LIKELIHOOD: -7094.222
Iteration 10 / LogL: -7094.223 / Time: 0h:0m:22s
UPDATE BEST LOG-LIKELIHOOD: -7094.222
UPDATE BEST LOG-LIKELIHOOD: -7094.222
Iteration 20 / LogL: -7094.222 / Time: 0h:0m:23s
Finish initializing candidate tree set (6)
Current best tree score: -7094.222 / CPU time: 2.291
Number of iterations: 20
--------------------------------------------------------------------
|               OPTIMIZING CANDIDATE TREE SET                      |
--------------------------------------------------------------------
Iteration 30 / LogL: -7094.227 / Time: 0h:0m:23s (0h:0m:7s left)
UPDATE BEST LOG-LIKELIHOOD: -7094.222
Iteration 40 / LogL: -7095.108 / Time: 0h:0m:24s (0h:0m:5s left)
UPDATE BEST LOG-LIKELIHOOD: -7094.222
Iteration 50 / LogL: -7094.227 / Time: 0h:0m:25s (0h:0m:4s left)
Log-likelihood cutoff on original alignment: -7104.973
Iteration 60 / LogL: -7094.222 / Time: 0h:0m:25s (0h:0m:3s left)
Iteration 70 / LogL: -7096.008 / Time: 0h:0m:26s (0h:0m:2s left)
Iteration 80 / LogL: -7095.100 / Time: 0h:0m:27s (0h:0m:1s left)
Iteration 90 / LogL: -7094.228 / Time: 0h:0m:28s (0h:0m:1s left)
Iteration 100 / LogL: -7094.246 / Time: 0h:0m:29s (0h:0m:0s left)
Log-likelihood cutoff on original alignment: -7105.055
NOTE: Bootstrap correlation coefficient of split occurrence frequencies: 0.997
TREE SEARCH COMPLETED AFTER 103 ITERATIONS / Time: 0h:0m:29s

--------------------------------------------------------------------
|                    FINALIZING TREE SEARCH                        |
--------------------------------------------------------------------
Performs final model parameters optimization
Estimate model parameters (epsilon = 0.010)
1. Initial log-likelihood: -7094.222
Optimal log-likelihood: -7094.214
Rate parameters:  A-C: 1.000  A-G: 2.505  A-T: 0.299  C-G: 0.299  C-T: 2.505  G-T: 1.000
Base frequencies:   A: 0.385  C: 0.167  G: 0.188  T: 0.260
Gamma shape alpha: 0.590
Parameters optimization took 1 rounds (0.023 sec)
BEST SCORE FOUND : -7094.214
Creating bootstrap support values...
Split supports printed to NEXUS file ./results/gene17.phy.splits.nex
Total tree length: 2.670

Total number of iterations: 103
CPU time used for tree search: 5.531 sec (0h:0m:5s)
Wall-clock time used for tree search: 8.687 sec (0h:0m:8s)
Total CPU time used: 22.113 sec (0h:0m:22s)
Total wall-clock time used: 29.878 sec (0h:0m:29s)

Computing bootstrap consensus tree...
Reading input file ./results/gene17.phy.splits.nex...
10 taxa and 143 splits.
Consensus tree written to ./results/gene17.phy.contree
Reading input trees file ./results/gene17.phy.contree
Log-likelihood of consensus tree: -7094.214

Analysis results written to: 
  IQ-TREE report:                ./results/gene17.phy.iqtree
  Maximum-likelihood tree:       ./results/gene17.phy.treefile
  Likelihood distances:          ./results/gene17.phy.mldist

Ultrafast bootstrap approximation results written to:
  Split support values:          ./results/gene17.phy.splits.nex
  Consensus tree:                ./results/gene17.phy.contree
  Screen log file:               ./results/gene17.phy.log

Date and Time: Tue Aug 22 18:16:30 2017
