IQ-TREE multicore version 1.5.4 for Linux 64-bit built Apr  2 2017
Copyright (c) 2011-2017 by Bui Quang Minh, Nguyen Lam Tung,
Olga Chernomor, Heiko Schmidt, and Arndt von Haeseler.

Host:    hpc-crick (AVX, 251 GB RAM)
Command: iqtree -s ./results/gene18.phy -nt 1 -bb 1000
Seed:    3447 (Using SPRNG - Scalable Parallel Random Number Generator)
Time:    Tue Aug 22 17:57:38 2017
Kernel:  AVX - 1 threads (40 CPU cores detected)

Reading alignment file ./results/gene18.phy ... Phylip format detected
Alignment most likely contains DNA/RNA sequences
Alignment has 10 sequences with 1000 columns and 509 patterns (353 informative sites, 371 constant sites)
   Gap/Ambiguity  Composition  p-value
   1  A    0.00%    passed     94.52%
   2  B    0.00%    passed     94.97%
   3  C    0.00%    passed     86.88%
   4  D    0.00%    passed     88.96%
   5  E    0.00%    passed     90.10%
   6  F    0.00%    passed     89.16%
   7  G    0.00%    passed     95.08%
   8  H    0.00%    passed     99.99%
   9  I    0.00%    passed     96.35%
  10  J    0.00%    passed     89.90%
****  TOTAL    0.00%  0 sequences failed composition chi2 test (p-value<5%; df=3)

Create initial parsimony tree by phylogenetic likelihood library (PLL)... 0.000 seconds

NOTE: ModelFinder requires 3 MB RAM!
ModelFinder will test 286 DNA models (sample size: 1000) ...
 No. Model         -LnL         df  AIC          AICc         BIC
  1  JC            7913.756     17  15861.513    15862.136    15944.945
  2  JC+I          7651.591     18  15339.183    15339.880    15427.522
  3  JC+G4         7568.697     18  15173.393    15174.091    15261.733
  4  JC+I+G4       7569.332     19  15176.663    15177.439    15269.911
  5  JC+R2         7570.877     19  15179.754    15180.529    15273.001
  6  JC+R3         7568.127     21  15178.255    15179.200    15281.318
  7  JC+R4         Skipped 
  8  JC+R5         Skipped 
  9  JC+R6         Skipped 
 10  JC+R7         Skipped 
 11  JC+R8         Skipped 
 12  JC+R9         Skipped 
 13  JC+R10        Skipped 
 14  F81           7786.585     20  15613.170    15614.028    15711.325
 15  F81+I         7523.744     21  15089.489    15090.434    15192.552
 16  F81+G4        7427.421     21  14896.842    14897.787    14999.905
 17  F81+I+G4      7428.010     22  14900.019    14901.055    15007.990
 18  F81+R2        7432.055     22  14908.109    14909.145    15016.080
 19  F81+R3        7427.048     24  14902.095    14903.326    15019.881
 20  F81+R4        Skipped 
 21  F81+R5        Skipped 
 22  F81+R6        Skipped 
 23  F81+R7        Skipped 
 24  F81+R8        Skipped 
 25  F81+R9        Skipped 
 26  F81+R10       Skipped 
 27  K2P           7784.786     18  15605.572    15606.269    15693.912
 28  K2P+I         7512.459     19  15062.919    15063.694    15156.166
 29  K2P+G4        7415.790     19  14869.580    14870.356    14962.828
 30  K2P+I+G4      7416.167     20  14872.334    14873.192    14970.489
 31  K2P+R2        7421.758     20  14883.517    14884.375    14981.672
 32  K2P+R3        7415.464     22  14874.927    14875.963    14982.898
 33  K2P+R4        Skipped 
 34  K2P+R5        Skipped 
 35  K2P+R6        Skipped 
 36  K2P+R7        Skipped 
 37  K2P+R8        Skipped 
 38  K2P+R9        Skipped 
 39  K2P+R10       Skipped 
 40  HKY           7653.411     21  15348.822    15349.767    15451.885
 41  HKY+I         7387.731     22  14819.463    14820.499    14927.433
 42  HKY+G4        7259.495     22  14562.989    14564.025    14670.960
 43  HKY+I+G4      7260.011     23  14566.022    14567.153    14678.901
 44  HKY+R2        7268.332     23  14582.663    14583.794    14695.541
 45  HKY+R3        7257.754     25  14565.508    14566.843    14688.202
 46  HKY+R4        7257.599     27  14569.198    14570.753    14701.707
 47  HKY+R5        Skipped 
 48  HKY+R6        Skipped 
 49  HKY+R7        Skipped 
 50  HKY+R8        Skipped 
 51  HKY+R9        Skipped 
 52  HKY+R10       Skipped 
 53  TNe           7784.557     19  15607.114    15607.889    15700.361
 54  TNe+I         7512.409     20  15064.818    15065.676    15162.973
 55  TNe+G4        7414.404     20  14868.808    14869.666    14966.963
 56  TNe+I+G4      7414.578     21  14871.156    14872.101    14974.219
 57  TNe+R2        7420.727     21  14883.454    14884.399    14986.517
 58  TNe+R3        7413.652     23  14873.303    14874.434    14986.182
 59  TNe+R4        7413.539     25  14877.079    14878.414    14999.773
 60  TNe+R5        Skipped 
 61  TNe+R6        Skipped 
 62  TNe+R7        Skipped 
 63  TNe+R8        Skipped 
 64  TNe+R9        Skipped 
 65  TNe+R10       Skipped 
 66  TN            7650.717     22  15345.433    15346.469    15453.404
 67  TN+I          7382.350     23  14810.701    14811.832    14923.579
 68  TN+G4         7258.418     23  14562.836    14563.967    14675.714
 69  TN+I+G4       7258.829     24  14565.657    14566.888    14683.443
 70  TN+R2         7267.505     24  14583.009    14584.240    14700.795
 71  TN+R3         7256.974     26  14565.947    14567.390    14693.549
 72  TN+R4         7256.880     28  14569.761    14571.433    14707.178
 73  TN+R5         Skipped 
 74  TN+R6         Skipped 
 75  TN+R7         Skipped 
 76  TN+R8         Skipped 
 77  TN+R9         Skipped 
 78  TN+R10        Skipped 
 79  K3P           7781.558     19  15601.117    15601.892    15694.364
 80  K3P+I         7508.517     20  15057.035    15057.893    15155.190
 81  K3P+G4        7409.264     20  14858.528    14859.386    14956.683
 82  K3P+I+G4      7409.425     21  14860.850    14861.795    14963.913
 83  K3P+R2        7415.878     21  14873.756    14874.701    14976.819
 84  K3P+R3        7408.571     23  14863.143    14864.274    14976.021
 85  K3P+R4        7408.569     25  14867.137    14868.472    14989.831
 86  K3P+R5        Skipped 
 87  K3P+R6        Skipped 
 88  K3P+R7        Skipped 
 89  K3P+R8        Skipped 
 90  K3P+R9        Skipped 
 91  K3P+R10       Skipped 
 92  K3Pu          7644.344     22  15332.688    15333.724    15440.659
 93  K3Pu+I        7379.458     23  14804.915    14806.046    14917.793
 94  K3Pu+G4       7243.845     23  14533.690    14534.821    14646.568
 95  K3Pu+I+G4     7244.248     24  14536.497    14537.728    14654.283
 96  K3Pu+R2       7253.349     24  14554.697    14555.928    14672.483
 97  K3Pu+R3       7241.980     26  14535.961    14537.403    14663.562
 98  K3Pu+R4       7241.979     28  14539.958    14541.630    14677.375
 99  K3Pu+R5       Skipped 
100  K3Pu+R6       Skipped 
101  K3Pu+R7       Skipped 
102  K3Pu+R8       Skipped 
103  K3Pu+R9       Skipped 
104  K3Pu+R10      Skipped 
105  TPM2          7647.115     22  15338.229    15339.265    15446.200
106  TPM2+I        7375.220     23  14796.441    14797.572    14909.319
107  TPM2+G4       7257.759     23  14561.518    14562.649    14674.396
108  TPM2+I+G4     7258.045     24  14564.091    14565.321    14681.877
109  TPM2+R2       7266.022     24  14580.043    14581.274    14697.829
110  TPM2+R3       7256.244     26  14564.488    14565.931    14692.090
111  TPM2+R4       7256.288     28  14568.576    14570.249    14705.993
112  TPM2+R5       Skipped 
113  TPM2+R6       Skipped 
114  TPM2+R7       Skipped 
115  TPM2+R8       Skipped 
116  TPM2+R9       Skipped 
117  TPM2+R10      Skipped 
118  TPM2u         7647.126     22  15338.252    15339.288    15446.223
119  TPM2u+I       7375.220     23  14796.440    14797.572    14909.319
120  TPM2u+G4      7257.858     23  14561.715    14562.847    14674.594
121  TPM2u+I+G4    7258.028     24  14564.057    14565.288    14681.843
122  TPM2u+R2      7266.071     24  14580.142    14581.373    14697.928
123  TPM2u+R3      7256.262     26  14564.525    14565.968    14692.126
124  TPM2u+R4      7256.206     28  14568.412    14570.085    14705.829
125  TPM2u+R5      Skipped 
126  TPM2u+R6      Skipped 
127  TPM2u+R7      Skipped 
128  TPM2u+R8      Skipped 
129  TPM2u+R9      Skipped 
130  TPM2u+R10     Skipped 
131  TPM3          7643.657     22  15331.314    15332.349    15439.284
132  TPM3+I        7381.728     23  14809.456    14810.587    14922.335
133  TPM3+G4       7245.703     23  14537.406    14538.537    14650.285
134  TPM3+I+G4     7245.884     24  14539.769    14540.999    14657.555
135  TPM3+R2       7253.418     24  14554.835    14556.066    14672.622
136  TPM3+R3       7243.212     26  14538.424    14539.867    14666.025
137  TPM3+R4       7243.200     28  14542.399    14544.072    14679.816
138  TPM3+R5       Skipped 
139  TPM3+R6       Skipped 
140  TPM3+R7       Skipped 
141  TPM3+R8       Skipped 
142  TPM3+R9       Skipped 
143  TPM3+R10      Skipped 
144  TPM3u         7643.657     22  15331.313    15332.349    15439.284
145  TPM3u+I       7381.730     23  14809.459    14810.591    14922.338
146  TPM3u+G4      7245.708     23  14537.415    14538.546    14650.294
147  TPM3u+I+G4    7245.854     24  14539.708    14540.938    14657.494
148  TPM3u+R2      7253.444     24  14554.889    14556.119    14672.675
149  TPM3u+R3      7243.118     26  14538.237    14539.680    14665.838
150  TPM3u+R4      7243.072     28  14542.144    14543.816    14679.561
151  TPM3u+R5      Skipped 
152  TPM3u+R6      Skipped 
153  TPM3u+R7      Skipped 
154  TPM3u+R8      Skipped 
155  TPM3u+R9      Skipped 
156  TPM3u+R10     Skipped 
157  TIMe          7781.338     20  15602.676    15603.534    15700.831
158  TIMe+I        7508.488     21  15058.975    15059.920    15162.038
159  TIMe+G4       7407.956     21  14857.913    14858.858    14960.976
160  TIMe+I+G4     7408.012     22  14860.024    14861.060    14967.995
161  TIMe+R2       7414.943     22  14873.885    14874.921    14981.856
162  TIMe+R3       7406.936     24  14861.873    14863.104    14979.659
163  TIMe+R4       7406.899     26  14865.799    14867.242    14993.400
164  TIMe+R5       Skipped 
165  TIMe+R6       Skipped 
166  TIMe+R7       Skipped 
167  TIMe+R8       Skipped 
168  TIMe+R9       Skipped 
169  TIMe+R10      Skipped 
170  TIM           7641.570     23  15329.141    15330.272    15442.019
171  TIM+I         7373.926     24  14795.852    14797.083    14913.638
172  TIM+G4        7242.809     24  14533.617    14534.848    14651.403
173  TIM+I+G4      7243.022     25  14536.044    14537.379    14658.738
174  TIM+R2        7252.137     25  14554.274    14555.609    14676.968
175  TIM+R3        7241.308     27  14536.615    14538.171    14669.125
176  TIM+R4        7241.281     29  14540.562    14542.356    14682.887
177  TIM+R5        Skipped 
178  TIM+R6        Skipped 
179  TIM+R7        Skipped 
180  TIM+R8        Skipped 
181  TIM+R9        Skipped 
182  TIM+R10       Skipped 
183  TIM2e         7756.678     20  15553.357    15554.215    15651.512
184  TIM2e+I       7474.943     21  14991.887    14992.832    15094.950
185  TIM2e+G4      7374.789     21  14791.577    14792.522    14894.640
186  TIM2e+I+G4    7374.717     22  14793.434    14794.470    14901.405
187  TIM2e+R2      7383.923     22  14811.846    14812.881    14919.816
188  TIM2e+R3      7373.539     24  14795.078    14796.309    14912.864
189  TIM2e+R4      7373.470     26  14798.940    14800.383    14926.542
190  TIM2e+R5      Skipped 
191  TIM2e+R6      Skipped 
192  TIM2e+R7      Skipped 
193  TIM2e+R8      Skipped 
194  TIM2e+R9      Skipped 
195  TIM2e+R10     Skipped 
196  TIM2          7644.067     23  15334.135    15335.266    15447.013
197  TIM2+I        7370.136     24  14788.271    14789.502    14906.057
198  TIM2+G4       7256.149     24  14560.298    14561.528    14678.084
199  TIM2+I+G4     7256.093     25  14562.185    14563.520    14684.879
200  TIM2+R2       7264.668     25  14579.335    14580.670    14702.029
201  TIM2+R3       7254.891     27  14563.781    14565.337    14696.291
202  TIM2+R4       7254.874     29  14567.747    14569.541    14710.072
203  TIM2+R5       Skipped 
204  TIM2+R6       Skipped 
205  TIM2+R7       Skipped 
206  TIM2+R8       Skipped 
207  TIM2+R9       Skipped 
208  TIM2+R10      Skipped 
209  TIM3e         7782.120     20  15604.240    15605.098    15702.395
210  TIM3e+I       7510.912     21  15063.824    15064.769    15166.887
211  TIM3e+G4      7410.915     21  14863.829    14864.774    14966.892
212  TIM3e+I+G4    7410.990     22  14865.980    14867.016    14973.951
213  TIM3e+R2      7417.646     22  14879.293    14880.329    14987.264
214  TIM3e+R3      7410.263     24  14868.527    14869.757    14986.313
215  TIM3e+R4      7410.252     26  14872.503    14873.946    15000.105
216  TIM3e+R5      Skipped 
217  TIM3e+R6      Skipped 
218  TIM3e+R7      Skipped 
219  TIM3e+R8      Skipped 
220  TIM3e+R9      Skipped 
221  TIM3e+R10     Skipped 
222  TIM3          7639.940     23  15325.880    15327.011    15438.759
223  TIM3+I        7375.825     24  14799.650    14800.881    14917.436
224  TIM3+G4       7244.375     24  14536.750    14537.980    14654.536
225  TIM3+I+G4     7244.232     25  14538.463    14539.798    14661.157
226  TIM3+R2       7251.167     25  14552.334    14553.669    14675.028
227  TIM3+R3       7241.765     27  14537.530    14539.086    14670.040
228  TIM3+R4       7241.711     29  14541.422    14543.216    14683.747
229  TIM3+R5       Skipped 
230  TIM3+R6       Skipped 
231  TIM3+R7       Skipped 
232  TIM3+R8       Skipped 
233  TIM3+R9       Skipped 
234  TIM3+R10      Skipped 
235  TVMe          7751.830     21  15545.661    15546.605    15648.724
236  TVMe+I        7469.365     22  14982.731    14983.767    15090.701
237  TVMe+G4       7367.337     22  14778.675    14779.711    14886.645
238  TVMe+I+G4     7367.312     23  14780.624    14781.755    14893.502
239  TVMe+R2       7376.774     23  14799.549    14800.680    14912.427
240  TVMe+R3       7366.316     25  14782.632    14783.967    14905.326
241  TVMe+R4       7366.291     27  14786.582    14788.138    14919.092
242  TVMe+R5       Skipped 
243  TVMe+R6       Skipped 
244  TVMe+R7       Skipped 
245  TVMe+R8       Skipped 
246  TVMe+R9       Skipped 
247  TVMe+R10      Skipped 
248  TVM           7633.537     24  15315.075    15316.305    15432.861
249  TVM+I         7364.337     25  14778.673    14780.008    14901.367
250  TVM+G4        7235.646     25  14521.291    14522.626    14643.985
251  TVM+I+G4      7235.885     26  14523.770    14525.213    14651.371
252  TVM+R2        7244.238     26  14540.476    14541.919    14668.078
253  TVM+R3        7233.689     28  14523.378    14525.051    14660.795
254  TVM+R4        7233.691     30  14527.383    14529.302    14674.615
255  TVM+R5        Skipped 
256  TVM+R6        Skipped 
257  TVM+R7        Skipped 
258  TVM+R8        Skipped 
259  TVM+R9        Skipped 
260  TVM+R10       Skipped 
261  SYM           7751.568     22  15547.135    15548.171    15655.106
262  SYM+I         7469.318     23  14984.637    14985.768    15097.515
263  SYM+G4        7364.972     23  14775.943    14777.074    14888.822
264  SYM+I+G4      7364.935     24  14777.871    14779.102    14895.657
265  SYM+R2        7375.582     24  14799.164    14800.395    14916.950
266  SYM+R3        7363.666     26  14779.332    14780.775    14906.934
267  SYM+R4        7363.624     28  14783.248    14784.921    14920.666
268  SYM+R5        Skipped 
269  SYM+R6        Skipped 
270  SYM+R7        Skipped 
271  SYM+R8        Skipped 
272  SYM+R9        Skipped 
273  SYM+R10       Skipped 
274  GTR           7629.617     25  15309.233    15310.568    15431.927
275  GTR+I         7358.824     26  14769.649    14771.091    14897.250
276  GTR+G4        7232.992     26  14517.985    14519.428    14645.587
277  GTR+I+G4      7233.219     27  14520.438    14521.993    14652.947
278  GTR+R2        7241.006     27  14536.012    14537.567    14668.521
279  GTR+R3        7231.418     29  14520.837    14522.630    14663.161
280  GTR+R4        7231.415     31  14524.830    14526.880    14676.971
281  GTR+R5        Skipped 
282  GTR+R6        Skipped 
283  GTR+R7        Skipped 
284  GTR+R8        Skipped 
285  GTR+R9        Skipped 
286  GTR+R10       Skipped 
Akaike Information Criterion:           GTR+G4
Corrected Akaike Information Criterion: GTR+G4
Bayesian Information Criterion:         TVM+G4
Best-fit model: TVM+G4 chosen according to BIC

All model information printed to ./results/gene18.phy.model
CPU time for ModelFinder: 14.781 seconds (0h:0m:14s)
Wall-clock time for ModelFinder: 20.455 seconds (0h:0m:20s)
Generating 1000 samples for ultrafast bootstrap (seed: 3447)...

NOTE: 2 MB RAM (0 GB) is required!
Estimate model parameters (epsilon = 0.100)
1. Initial log-likelihood: -7485.169
2. Current log-likelihood: -7248.755
3. Current log-likelihood: -7238.515
4. Current log-likelihood: -7237.564
Optimal log-likelihood: -7237.445
Rate parameters:  A-C: 2.245  A-G: 4.197  A-T: 0.683  C-G: 0.766  C-T: 4.197  G-T: 1.000
Base frequencies:   A: 0.418  C: 0.164  G: 0.195  T: 0.223
Gamma shape alpha: 0.491
Parameters optimization took 4 rounds (0.104 sec)
Computing ML distances based on estimated model parameters... 0.000 sec
Computing BIONJ tree...
0.000 seconds
Log-likelihood of BIONJ tree: -7237.307
--------------------------------------------------------------------
|             INITIALIZING CANDIDATE TREE SET                      |
--------------------------------------------------------------------
Generating 98 parsimony trees... 0.077 second
Computing log-likelihood of 95 initial trees ... 0.389 seconds
Current best score: -7237.307

Do NNI search on 20 best initial trees
Estimate model parameters (epsilon = 0.100)
BETTER TREE FOUND at iteration 1: -7235.161
Estimate model parameters (epsilon = 0.100)
BETTER TREE FOUND at iteration 3: -7234.673
Iteration 10 / LogL: -7234.673 / Time: 0h:0m:21s
Estimate model parameters (epsilon = 0.100)
BETTER TREE FOUND at iteration 14: -7234.598
Iteration 20 / LogL: -7234.673 / Time: 0h:0m:22s
Finish initializing candidate tree set (11)
Current best tree score: -7234.598 / CPU time: 1.575
Number of iterations: 20
--------------------------------------------------------------------
|               OPTIMIZING CANDIDATE TREE SET                      |
--------------------------------------------------------------------
Iteration 30 / LogL: -7234.672 / Time: 0h:0m:22s (0h:0m:5s left)
BETTER TREE FOUND at iteration 34: -7234.597
UPDATE BEST LOG-LIKELIHOOD: -7234.597
Iteration 40 / LogL: -7234.673 / Time: 0h:0m:22s (0h:0m:5s left)
Iteration 50 / LogL: -7234.597 / Time: 0h:0m:23s (0h:0m:4s left)
Log-likelihood cutoff on original alignment: -7243.163
UPDATE BEST LOG-LIKELIHOOD: -7234.597
Iteration 60 / LogL: -7235.160 / Time: 0h:0m:23s (0h:0m:3s left)
UPDATE BEST LOG-LIKELIHOOD: -7234.597
Iteration 70 / LogL: -7234.633 / Time: 0h:0m:23s (0h:0m:3s left)
UPDATE BEST LOG-LIKELIHOOD: -7234.597
Iteration 80 / LogL: -7234.598 / Time: 0h:0m:24s (0h:0m:2s left)
Iteration 90 / LogL: -7234.633 / Time: 0h:0m:25s (0h:0m:2s left)
Iteration 100 / LogL: -7234.597 / Time: 0h:0m:26s (0h:0m:2s left)
Log-likelihood cutoff on original alignment: -7243.096
NOTE: Bootstrap correlation coefficient of split occurrence frequencies: 0.983
NOTE: UFBoot does not converge, continue at least 100 more iterations
Iteration 110 / LogL: -7234.599 / Time: 0h:0m:27s (0h:0m:5s left)
Iteration 120 / LogL: -7234.597 / Time: 0h:0m:27s (0h:0m:4s left)
Iteration 130 / LogL: -7234.607 / Time: 0h:0m:28s (0h:0m:4s left)
Iteration 140 / LogL: -7234.597 / Time: 0h:0m:29s (0h:0m:3s left)
Iteration 150 / LogL: -7234.598 / Time: 0h:0m:29s (0h:0m:3s left)
Log-likelihood cutoff on original alignment: -7243.212
UPDATE BEST LOG-LIKELIHOOD: -7234.597
Iteration 160 / LogL: -7234.597 / Time: 0h:0m:30s (0h:0m:2s left)
Iteration 170 / LogL: -7234.598 / Time: 0h:0m:31s (0h:0m:1s left)
UPDATE BEST LOG-LIKELIHOOD: -7234.597
Iteration 180 / LogL: -7236.392 / Time: 0h:0m:31s (0h:0m:1s left)
Iteration 190 / LogL: -7234.598 / Time: 0h:0m:32s (0h:0m:0s left)
Iteration 200 / LogL: -7234.597 / Time: 0h:0m:32s (0h:0m:0s left)
Log-likelihood cutoff on original alignment: -7243.212
NOTE: Bootstrap correlation coefficient of split occurrence frequencies: 0.989
NOTE: UFBoot does not converge, continue at least 100 more iterations
Iteration 210 / LogL: -7234.598 / Time: 0h:0m:33s (0h:0m:5s left)
Iteration 220 / LogL: -7234.633 / Time: 0h:0m:33s (0h:0m:4s left)
Iteration 230 / LogL: -7234.633 / Time: 0h:0m:34s (0h:0m:4s left)
Iteration 240 / LogL: -7234.633 / Time: 0h:0m:34s (0h:0m:3s left)
Iteration 250 / LogL: -7234.600 / Time: 0h:0m:35s (0h:0m:2s left)
Log-likelihood cutoff on original alignment: -7243.243
Iteration 260 / LogL: -7235.160 / Time: 0h:0m:35s (0h:0m:2s left)
Iteration 270 / LogL: -7234.597 / Time: 0h:0m:36s (0h:0m:1s left)
Iteration 280 / LogL: -7234.599 / Time: 0h:0m:36s (0h:0m:1s left)
UPDATE BEST LOG-LIKELIHOOD: -7234.597
Iteration 290 / LogL: -7234.597 / Time: 0h:0m:37s (0h:0m:0s left)
Iteration 300 / LogL: -7235.160 / Time: 0h:0m:38s (0h:0m:0s left)
Log-likelihood cutoff on original alignment: -7243.212
NOTE: Bootstrap correlation coefficient of split occurrence frequencies: 0.988
NOTE: UFBoot does not converge, continue at least 100 more iterations
Iteration 310 / LogL: -7234.597 / Time: 0h:0m:38s (0h:0m:5s left)
Iteration 320 / LogL: -7234.643 / Time: 0h:0m:39s (0h:0m:4s left)
Iteration 330 / LogL: -7236.531 / Time: 0h:0m:39s (0h:0m:4s left)
Iteration 340 / LogL: -7234.598 / Time: 0h:0m:40s (0h:0m:3s left)
Iteration 350 / LogL: -7234.598 / Time: 0h:0m:41s (0h:0m:2s left)
Log-likelihood cutoff on original alignment: -7243.212
UPDATE BEST LOG-LIKELIHOOD: -7234.597
Iteration 360 / LogL: -7234.597 / Time: 0h:0m:41s (0h:0m:2s left)
Iteration 370 / LogL: -7234.597 / Time: 0h:0m:42s (0h:0m:1s left)
Iteration 380 / LogL: -7234.597 / Time: 0h:0m:42s (0h:0m:1s left)
UPDATE BEST LOG-LIKELIHOOD: -7234.597
Iteration 390 / LogL: -7235.624 / Time: 0h:0m:43s (0h:0m:0s left)
Iteration 400 / LogL: -7234.597 / Time: 0h:0m:44s (0h:0m:0s left)
Log-likelihood cutoff on original alignment: -7243.212
NOTE: Bootstrap correlation coefficient of split occurrence frequencies: 0.994
TREE SEARCH COMPLETED AFTER 400 ITERATIONS / Time: 0h:0m:44s

--------------------------------------------------------------------
|                    FINALIZING TREE SEARCH                        |
--------------------------------------------------------------------
Performs final model parameters optimization
Estimate model parameters (epsilon = 0.010)
1. Initial log-likelihood: -7234.597
Optimal log-likelihood: -7234.596
Rate parameters:  A-C: 2.236  A-G: 4.209  A-T: 0.675  C-G: 0.731  C-T: 4.209  G-T: 1.000
Base frequencies:   A: 0.418  C: 0.164  G: 0.195  T: 0.223
Gamma shape alpha: 0.488
Parameters optimization took 1 rounds (0.008 sec)
BEST SCORE FOUND : -7234.596
Creating bootstrap support values...
Split supports printed to NEXUS file ./results/gene18.phy.splits.nex
Total tree length: 3.129

Total number of iterations: 400
CPU time used for tree search: 16.680 sec (0h:0m:16s)
Wall-clock time used for tree search: 23.468 sec (0h:0m:23s)
Total CPU time used: 31.637 sec (0h:0m:31s)
Total wall-clock time used: 44.105 sec (0h:0m:44s)

Computing bootstrap consensus tree...
Reading input file ./results/gene18.phy.splits.nex...
10 taxa and 167 splits.
Consensus tree written to ./results/gene18.phy.contree
Reading input trees file ./results/gene18.phy.contree
Log-likelihood of consensus tree: -7234.597

Analysis results written to: 
  IQ-TREE report:                ./results/gene18.phy.iqtree
  Maximum-likelihood tree:       ./results/gene18.phy.treefile
  Likelihood distances:          ./results/gene18.phy.mldist

Ultrafast bootstrap approximation results written to:
  Split support values:          ./results/gene18.phy.splits.nex
  Consensus tree:                ./results/gene18.phy.contree
  Screen log file:               ./results/gene18.phy.log

Date and Time: Tue Aug 22 17:58:23 2017
