IQ-TREE multicore version 1.5.4 for Linux 64-bit built Apr  2 2017
Copyright (c) 2011-2017 by Bui Quang Minh, Nguyen Lam Tung,
Olga Chernomor, Heiko Schmidt, and Arndt von Haeseler.

Host:    hpc-crick (AVX, 251 GB RAM)
Command: iqtree -s ./results/gene17.phy -nt 1 -bb 1000
Seed:    927434 (Using SPRNG - Scalable Parallel Random Number Generator)
Time:    Tue Aug 22 18:08:20 2017
Kernel:  AVX - 1 threads (40 CPU cores detected)

Reading alignment file ./results/gene17.phy ... Phylip format detected
Alignment most likely contains DNA/RNA sequences
Alignment has 10 sequences with 1000 columns and 525 patterns (396 informative sites, 356 constant sites)
   Gap/Ambiguity  Composition  p-value
   1  A    0.00%    passed     88.38%
   2  B    0.00%    passed     76.93%
   3  C    0.00%    passed     85.19%
   4  D    0.00%    passed     99.53%
   5  E    0.00%    passed     63.55%
   6  F    0.00%    passed     54.10%
   7  G    0.00%    passed     86.22%
   8  H    0.00%    passed     76.31%
   9  I    0.00%    passed     76.96%
  10  J    0.00%    passed     53.13%
****  TOTAL    0.00%  0 sequences failed composition chi2 test (p-value<5%; df=3)

Create initial parsimony tree by phylogenetic likelihood library (PLL)... 0.001 seconds

NOTE: ModelFinder requires 3 MB RAM!
ModelFinder will test 286 DNA models (sample size: 1000) ...
 No. Model         -LnL         df  AIC          AICc         BIC
  1  JC            8193.482     17  16420.963    16421.587    16504.395
  2  JC+I          7909.953     18  15855.906    15856.603    15944.246
  3  JC+G4         7830.320     18  15696.641    15697.338    15784.980
  4  JC+I+G4       7830.134     19  15698.269    15699.044    15791.516
  5  JC+R2         7836.459     19  15710.919    15711.694    15804.166
  6  JC+R3         7829.529     21  15701.058    15702.003    15804.121
  7  JC+R4         7829.529     23  15705.058    15706.190    15817.937
  8  JC+R5         Skipped 
  9  JC+R6         Skipped 
 10  JC+R7         Skipped 
 11  JC+R8         Skipped 
 12  JC+R9         Skipped 
 13  JC+R10        Skipped 
 14  F81           8088.282     20  16216.564    16217.422    16314.720
 15  F81+I         7790.518     21  15623.035    15623.980    15726.098
 16  F81+G4        7701.385     21  15444.770    15445.714    15547.832
 17  F81+I+G4      7701.211     22  15446.423    15447.459    15554.393
 18  F81+R2        7712.194     22  15468.387    15469.423    15576.358
 19  F81+R3        7700.856     24  15449.711    15450.942    15567.498
 20  F81+R4        7700.847     26  15453.693    15455.136    15581.295
 21  F81+R5        Skipped 
 22  F81+R6        Skipped 
 23  F81+R7        Skipped 
 24  F81+R8        Skipped 
 25  F81+R9        Skipped 
 26  F81+R10       Skipped 
 27  K2P           8056.754     18  16149.507    16150.204    16237.847
 28  K2P+I         7762.192     19  15562.384    15563.159    15655.631
 29  K2P+G4        7663.818     19  15365.636    15366.411    15458.883
 30  K2P+I+G4      7663.906     20  15367.811    15368.669    15465.967
 31  K2P+R2        7677.569     20  15395.137    15395.995    15493.292
 32  K2P+R3        7663.190     22  15370.380    15371.416    15478.351
 33  K2P+R4        7663.214     24  15374.428    15375.659    15492.214
 34  K2P+R5        Skipped 
 35  K2P+R6        Skipped 
 36  K2P+R7        Skipped 
 37  K2P+R8        Skipped 
 38  K2P+R9        Skipped 
 39  K2P+R10       Skipped 
 40  HKY           7950.445     21  15942.890    15943.835    16045.953
 41  HKY+I         7640.073     22  15324.147    15325.183    15432.117
 42  HKY+G4        7519.005     22  15082.011    15083.047    15189.981
 43  HKY+I+G4      7519.319     23  15084.639    15085.770    15197.517
 44  HKY+R2        7540.164     23  15126.329    15127.460    15239.207
 45  HKY+R3        7518.477     25  15086.955    15088.290    15209.649
 46  HKY+R4        7518.537     27  15091.074    15092.630    15223.583
 47  HKY+R5        Skipped 
 48  HKY+R6        Skipped 
 49  HKY+R7        Skipped 
 50  HKY+R8        Skipped 
 51  HKY+R9        Skipped 
 52  HKY+R10       Skipped 
 53  TNe           8056.123     19  16150.246    16151.021    16243.493
 54  TNe+I         7762.050     20  15564.100    15564.958    15662.255
 55  TNe+G4        7660.575     20  15361.149    15362.007    15459.304
 56  TNe+I+G4      7660.729     21  15363.458    15364.402    15466.520
 57  TNe+R2        7675.134     21  15392.267    15393.212    15495.330
 58  TNe+R3        7659.943     23  15365.886    15367.018    15478.765
 59  TNe+R4        7659.949     25  15369.898    15371.233    15492.592
 60  TNe+R5        Skipped 
 61  TNe+R6        Skipped 
 62  TNe+R7        Skipped 
 63  TNe+R8        Skipped 
 64  TNe+R9        Skipped 
 65  TNe+R10       Skipped 
 66  TN            7948.144     22  15940.287    15941.323    16048.258
 67  TN+I          7636.647     23  15319.294    15320.425    15432.173
 68  TN+G4         7518.629     23  15083.258    15084.389    15196.136
 69  TN+I+G4       7518.828     24  15085.656    15086.886    15203.442
 70  TN+R2         7539.877     24  15127.754    15128.984    15245.540
 71  TN+R3         7518.471     26  15088.943    15090.385    15216.544
 72  TN+R4         7518.182     28  15092.364    15094.037    15229.781
 73  TN+R5         Skipped 
 74  TN+R6         Skipped 
 75  TN+R7         Skipped 
 76  TN+R8         Skipped 
 77  TN+R9         Skipped 
 78  TN+R10        Skipped 
 79  K3P           8053.933     19  16145.865    16146.641    16239.113
 80  K3P+I         7759.199     20  15558.398    15559.256    15656.553
 81  K3P+G4        7658.549     20  15357.098    15357.956    15455.253
 82  K3P+I+G4      7658.620     21  15359.240    15360.185    15462.303
 83  K3P+R2        7672.729     21  15387.457    15388.402    15490.520
 84  K3P+R3        7658.024     23  15362.047    15363.178    15474.925
 85  K3P+R4        7658.023     25  15366.045    15367.380    15488.739
 86  K3P+R5        Skipped 
 87  K3P+R6        Skipped 
 88  K3P+R7        Skipped 
 89  K3P+R8        Skipped 
 90  K3P+R9        Skipped 
 91  K3P+R10       Skipped 
 92  K3Pu          7942.213     22  15928.427    15929.462    16036.397
 93  K3Pu+I        7630.316     23  15306.632    15307.763    15419.510
 94  K3Pu+G4       7504.826     23  15055.653    15056.784    15168.531
 95  K3Pu+I+G4     7505.167     24  15058.334    15059.565    15176.120
 96  K3Pu+R2       7526.933     24  15101.866    15103.097    15219.652
 97  K3Pu+R3       7504.209     26  15060.418    15061.861    15188.020
 98  K3Pu+R4       7504.208     28  15064.416    15066.088    15201.833
 99  K3Pu+R5       Skipped 
100  K3Pu+R6       Skipped 
101  K3Pu+R7       Skipped 
102  K3Pu+R8       Skipped 
103  K3Pu+R9       Skipped 
104  K3Pu+R10      Skipped 
105  TPM2          7938.289     22  15920.579    15921.615    16028.550
106  TPM2+I        7630.488     23  15306.975    15308.106    15419.854
107  TPM2+G4       7514.816     23  15075.632    15076.763    15188.510
108  TPM2+I+G4     7515.104     24  15078.208    15079.439    15195.994
109  TPM2+R2       7533.627     24  15115.254    15116.485    15233.040
110  TPM2+R3       7514.355     26  15080.709    15082.152    15208.311
111  TPM2+R4       7514.325     28  15084.649    15086.322    15222.066
112  TPM2+R5       Skipped 
113  TPM2+R6       Skipped 
114  TPM2+R7       Skipped 
115  TPM2+R8       Skipped 
116  TPM2+R9       Skipped 
117  TPM2+R10      Skipped 
118  TPM2u         7938.289     22  15920.579    15921.615    16028.550
119  TPM2u+I       7630.486     23  15306.972    15308.103    15419.851
120  TPM2u+G4      7514.842     23  15075.685    15076.816    15188.563
121  TPM2u+I+G4    7515.082     24  15078.165    15079.395    15195.951
122  TPM2u+R2      7533.623     24  15115.245    15116.476    15233.031
123  TPM2u+R3      7514.360     26  15080.720    15082.163    15208.322
124  TPM2u+R4      7514.315     28  15084.630    15086.303    15222.047
125  TPM2u+R5      Skipped 
126  TPM2u+R6      Skipped 
127  TPM2u+R7      Skipped 
128  TPM2u+R8      Skipped 
129  TPM2u+R9      Skipped 
130  TPM2u+R10     Skipped 
131  TPM3          7937.952     22  15919.905    15920.940    16027.875
132  TPM3+I        7625.476     23  15296.953    15298.084    15409.831
133  TPM3+G4       7502.367     23  15050.733    15051.864    15163.612
134  TPM3+I+G4     7502.802     24  15053.603    15054.834    15171.389
135  TPM3+R2       7522.152     24  15092.305    15093.535    15210.091
136  TPM3+R3       7500.925     26  15053.851    15055.294    15181.453
137  TPM3+R4       7500.916     28  15057.831    15059.504    15195.248
138  TPM3+R5       Skipped 
139  TPM3+R6       Skipped 
140  TPM3+R7       Skipped 
141  TPM3+R8       Skipped 
142  TPM3+R9       Skipped 
143  TPM3+R10      Skipped 
144  TPM3u         7937.985     22  15919.970    15921.006    16027.941
145  TPM3u+I       7625.484     23  15296.967    15298.099    15409.846
146  TPM3u+G4      7502.333     23  15050.665    15051.796    15163.544
147  TPM3u+I+G4    7502.758     24  15053.517    15054.747    15171.303
148  TPM3u+R2      7522.171     24  15092.343    15093.574    15210.129
149  TPM3u+R3      7500.887     26  15053.774    15055.217    15181.376
150  TPM3u+R4      7500.887     28  15057.773    15059.446    15195.190
151  TPM3u+R5      Skipped 
152  TPM3u+R6      Skipped 
153  TPM3u+R7      Skipped 
154  TPM3u+R8      Skipped 
155  TPM3u+R9      Skipped 
156  TPM3u+R10     Skipped 
157  TIMe          8053.325     20  16146.651    16147.509    16244.806
158  TIMe+I        7759.062     21  15560.124    15561.069    15663.187
159  TIMe+G4       7655.266     21  15352.533    15353.478    15455.596
160  TIMe+I+G4     7655.400     22  15354.799    15355.835    15462.770
161  TIMe+R2       7670.186     22  15384.372    15385.408    15492.343
162  TIMe+R3       7654.761     24  15357.522    15358.753    15475.308
163  TIMe+R4       7654.742     26  15361.485    15362.928    15489.086
164  TIMe+R5       Skipped 
165  TIMe+R6       Skipped 
166  TIMe+R7       Skipped 
167  TIMe+R8       Skipped 
168  TIMe+R9       Skipped 
169  TIMe+R10      Skipped 
170  TIM           7940.141     23  15926.281    15927.412    16039.160
171  TIM+I         7626.692     24  15301.384    15302.615    15419.170
172  TIM+G4        7504.751     24  15057.503    15058.733    15175.289
173  TIM+I+G4      7504.923     25  15059.846    15061.181    15182.540
174  TIM+R2        7526.726     25  15103.452    15104.787    15226.146
175  TIM+R3        7504.233     27  15062.465    15064.021    15194.975
176  TIM+R4        7504.182     29  15066.364    15068.158    15208.689
177  TIM+R5        Skipped 
178  TIM+R6        Skipped 
179  TIM+R7        Skipped 
180  TIM+R8        Skipped 
181  TIM+R9        Skipped 
182  TIM+R10       Skipped 
183  TIM2e         8019.650     20  16079.300    16080.158    16177.455
184  TIM2e+I       7728.675     21  15499.351    15500.295    15602.414
185  TIM2e+G4      7617.441     21  15276.882    15277.827    15379.945
186  TIM2e+I+G4    7617.646     22  15279.291    15280.327    15387.262
187  TIM2e+R2      7631.825     22  15307.651    15308.687    15415.621
188  TIM2e+R3      7616.974     24  15281.947    15283.178    15399.733
189  TIM2e+R4      7616.950     26  15285.900    15287.343    15413.502
190  TIM2e+R5      Skipped 
191  TIM2e+R6      Skipped 
192  TIM2e+R7      Skipped 
193  TIM2e+R8      Skipped 
194  TIM2e+R9      Skipped 
195  TIM2e+R10     Skipped 
196  TIM2          7935.734     23  15917.467    15918.598    16030.346
197  TIM2+I        7627.072     24  15302.144    15303.375    15419.930
198  TIM2+G4       7514.207     24  15076.413    15077.644    15194.199
199  TIM2+I+G4     7514.253     25  15078.506    15079.841    15201.200
200  TIM2+R2       7533.059     25  15116.118    15117.453    15238.812
201  TIM2+R3       7513.780     27  15081.559    15083.115    15214.068
202  TIM2+R4       7513.719     29  15085.437    15087.231    15227.762
203  TIM2+R5       Skipped 
204  TIM2+R6       Skipped 
205  TIM2+R7       Skipped 
206  TIM2+R8       Skipped 
207  TIM2+R9       Skipped 
208  TIM2+R10      Skipped 
209  TIM3e         8052.346     20  16144.693    16145.551    16242.848
210  TIM3e+I       7757.715     21  15557.430    15558.375    15660.493
211  TIM3e+G4      7655.310     21  15352.621    15353.566    15455.684
212  TIM3e+I+G4    7655.490     22  15354.981    15356.017    15462.951
213  TIM3e+R2      7670.163     22  15384.325    15385.361    15492.296
214  TIM3e+R3      7654.731     24  15357.462    15358.692    15475.248
215  TIM3e+R4      7654.714     26  15361.428    15362.871    15489.030
216  TIM3e+R5      Skipped 
217  TIM3e+R6      Skipped 
218  TIM3e+R7      Skipped 
219  TIM3e+R8      Skipped 
220  TIM3e+R9      Skipped 
221  TIM3e+R10     Skipped 
222  TIM3          7934.304     23  15914.609    15915.740    16027.487
223  TIM3+I        7620.814     24  15289.627    15290.858    15407.413
224  TIM3+G4       7502.040     24  15052.079    15053.310    15169.865
225  TIM3+I+G4     7501.942     25  15053.885    15055.219    15176.579
226  TIM3+R2       7521.310     25  15092.620    15093.955    15215.314
227  TIM3+R3       7500.537     27  15055.073    15056.629    15187.583
228  TIM3+R4       7500.526     29  15059.051    15060.845    15201.376
229  TIM3+R5       Skipped 
230  TIM3+R6       Skipped 
231  TIM3+R7       Skipped 
232  TIM3+R8       Skipped 
233  TIM3+R9       Skipped 
234  TIM3+R10      Skipped 
235  TVMe          8014.388     21  16070.776    16071.721    16173.839
236  TVMe+I        7722.554     22  15489.108    15490.144    15597.079
237  TVMe+G4       7612.408     22  15268.816    15269.851    15376.786
238  TVMe+I+G4     7612.598     23  15271.196    15272.327    15384.074
239  TVMe+R2       7626.330     23  15298.661    15299.792    15411.539
240  TVMe+R3       7612.231     25  15274.462    15275.796    15397.155
241  TVMe+R4       7612.186     27  15278.372    15279.927    15410.881
242  TVMe+R5       Skipped 
243  TVMe+R6       Skipped 
244  TVMe+R7       Skipped 
245  TVMe+R8       Skipped 
246  TVMe+R9       Skipped 
247  TVMe+R10      Skipped 
248  TVM           7922.062     24  15892.123    15893.354    16009.909
249  TVM+I         7611.732     25  15273.464    15274.798    15396.158
250  TVM+G4        7490.524     25  15031.048    15032.383    15153.742
251  TVM+I+G4      7490.903     26  15033.806    15035.249    15161.408
252  TVM+R2        7508.928     26  15069.857    15071.299    15197.458
253  TVM+R3        7489.037     28  15034.073    15035.746    15171.490
254  TVM+R4        7488.973     30  15037.946    15039.866    15185.179
255  TVM+R5        Skipped 
256  TVM+R6        Skipped 
257  TVM+R7        Skipped 
258  TVM+R8        Skipped 
259  TVM+R9        Skipped 
260  TVM+R10       Skipped 
261  SYM           8013.767     22  16071.533    16072.569    16179.504
262  SYM+I         7722.483     23  15490.967    15492.098    15603.845
263  SYM+G4        7608.050     23  15262.100    15263.231    15374.978
264  SYM+I+G4      7608.307     24  15264.613    15265.844    15382.399
265  SYM+R2        7622.509     24  15293.018    15294.249    15410.804
266  SYM+R3        7607.721     26  15267.442    15268.885    15395.044
267  SYM+R4        7607.666     28  15271.332    15273.004    15408.749
268  SYM+R5        Skipped 
269  SYM+R6        Skipped 
270  SYM+R7        Skipped 
271  SYM+R8        Skipped 
272  SYM+R9        Skipped 
273  SYM+R10       Skipped 
274  GTR           7918.207     25  15886.414    15887.748    16009.108
275  GTR+I         7607.364     26  15266.727    15268.170    15394.329
276  GTR+G4        7489.660     26  15031.321    15032.764    15158.922
277  GTR+I+G4      7489.829     27  15033.658    15035.213    15166.167
278  GTR+R2        7507.722     27  15069.444    15070.999    15201.953
279  GTR+R3        7488.097     29  15034.194    15035.988    15176.519
280  GTR+R4        7488.032     31  15038.065    15040.114    15190.205
281  GTR+R5        Skipped 
282  GTR+R6        Skipped 
283  GTR+R7        Skipped 
284  GTR+R8        Skipped 
285  GTR+R9        Skipped 
286  GTR+R10       Skipped 
Akaike Information Criterion:           TVM+G4
Corrected Akaike Information Criterion: TVM+G4
Bayesian Information Criterion:         TVM+G4
Best-fit model: TVM+G4 chosen according to BIC

All model information printed to ./results/gene17.phy.model
CPU time for ModelFinder: 13.786 seconds (0h:0m:13s)
Wall-clock time for ModelFinder: 17.807 seconds (0h:0m:17s)
Generating 1000 samples for ultrafast bootstrap (seed: 927434)...

NOTE: 2 MB RAM (0 GB) is required!
Estimate model parameters (epsilon = 0.100)
1. Initial log-likelihood: -7771.447
2. Current log-likelihood: -7593.384
3. Current log-likelihood: -7523.279
4. Current log-likelihood: -7517.704
5. Current log-likelihood: -7517.040
Optimal log-likelihood: -7517.009
Rate parameters:  A-C: 56.194  A-G: 99.981  A-T: 20.333  C-G: 24.214  C-T: 99.981  G-T: 1.000
Base frequencies:   A: 0.393  C: 0.165  G: 0.207  T: 0.235
Gamma shape alpha: 0.450
Parameters optimization took 5 rounds (0.084 sec)
Computing ML distances based on estimated model parameters... 0.002 sec
Computing BIONJ tree...
0.000 seconds
Log-likelihood of BIONJ tree: -7517.656
--------------------------------------------------------------------
|             INITIALIZING CANDIDATE TREE SET                      |
--------------------------------------------------------------------
Generating 98 parsimony trees... 0.073 second
Computing log-likelihood of 97 initial trees ... 0.541 seconds
Current best score: -7517.009

Do NNI search on 20 best initial trees
Estimate model parameters (epsilon = 0.100)

WARNING: Estimated model parameters are at boundary that can cause numerical instability!

BETTER TREE FOUND at iteration 1: -7513.799
Estimate model parameters (epsilon = 0.100)

WARNING: Estimated model parameters are at boundary that can cause numerical instability!

BETTER TREE FOUND at iteration 2: -7513.115
Iteration 10 / LogL: -7513.319 / Time: 0h:0m:19s
Iteration 20 / LogL: -7513.293 / Time: 0h:0m:20s
Finish initializing candidate tree set (8)
Current best tree score: -7513.115 / CPU time: 2.761
Number of iterations: 20
--------------------------------------------------------------------
|               OPTIMIZING CANDIDATE TREE SET                      |
--------------------------------------------------------------------
UPDATE BEST LOG-LIKELIHOOD: -7513.115
UPDATE BEST LOG-LIKELIHOOD: -7513.115
Iteration 30 / LogL: -7513.115 / Time: 0h:0m:21s (0h:0m:8s left)
Iteration 40 / LogL: -7513.115 / Time: 0h:0m:21s (0h:0m:6s left)
Iteration 50 / LogL: -7513.207 / Time: 0h:0m:22s (0h:0m:5s left)
Log-likelihood cutoff on original alignment: -7522.915
Iteration 60 / LogL: -7513.115 / Time: 0h:0m:23s (0h:0m:3s left)
Iteration 70 / LogL: -7513.320 / Time: 0h:0m:23s (0h:0m:2s left)
UPDATE BEST LOG-LIKELIHOOD: -7513.115
Iteration 80 / LogL: -7513.116 / Time: 0h:0m:24s (0h:0m:1s left)
Iteration 90 / LogL: -7513.115 / Time: 0h:0m:24s (0h:0m:0s left)
Iteration 100 / LogL: -7513.116 / Time: 0h:0m:25s (0h:0m:0s left)
Log-likelihood cutoff on original alignment: -7523.642
NOTE: Bootstrap correlation coefficient of split occurrence frequencies: 0.992
TREE SEARCH COMPLETED AFTER 103 ITERATIONS / Time: 0h:0m:25s

--------------------------------------------------------------------
|                    FINALIZING TREE SEARCH                        |
--------------------------------------------------------------------
Performs final model parameters optimization
Estimate model parameters (epsilon = 0.010)
1. Initial log-likelihood: -7513.115
Optimal log-likelihood: -7513.109
Rate parameters:  A-C: 56.025  A-G: 100.000  A-T: 20.123  C-G: 24.099  C-T: 100.000  G-T: 1.000
Base frequencies:   A: 0.393  C: 0.165  G: 0.207  T: 0.235
Gamma shape alpha: 0.454
Parameters optimization took 1 rounds (0.007 sec)

WARNING: Estimated model parameters are at boundary that can cause numerical instability!

BEST SCORE FOUND : -7513.109
Creating bootstrap support values...
Split supports printed to NEXUS file ./results/gene17.phy.splits.nex
Total tree length: 3.778

Total number of iterations: 103
CPU time used for tree search: 5.618 sec (0h:0m:5s)
Wall-clock time used for tree search: 7.529 sec (0h:0m:7s)
Total CPU time used: 19.548 sec (0h:0m:19s)
Total wall-clock time used: 25.493 sec (0h:0m:25s)

Computing bootstrap consensus tree...
Reading input file ./results/gene17.phy.splits.nex...
10 taxa and 153 splits.
Consensus tree written to ./results/gene17.phy.contree
Reading input trees file ./results/gene17.phy.contree
Log-likelihood of consensus tree: -7513.315

Analysis results written to: 
  IQ-TREE report:                ./results/gene17.phy.iqtree
  Maximum-likelihood tree:       ./results/gene17.phy.treefile
  Likelihood distances:          ./results/gene17.phy.mldist

Ultrafast bootstrap approximation results written to:
  Split support values:          ./results/gene17.phy.splits.nex
  Consensus tree:                ./results/gene17.phy.contree
  Screen log file:               ./results/gene17.phy.log

Date and Time: Tue Aug 22 18:08:46 2017
