IQ-TREE multicore version 1.5.4 for Linux 64-bit built Apr  2 2017
Copyright (c) 2011-2017 by Bui Quang Minh, Nguyen Lam Tung,
Olga Chernomor, Heiko Schmidt, and Arndt von Haeseler.

Host:    hpc-crick (AVX, 251 GB RAM)
Command: iqtree -s ./results/gene5.phy -nt 1 -bb 1000
Seed:    127429 (Using SPRNG - Scalable Parallel Random Number Generator)
Time:    Tue Aug 22 17:45:58 2017
Kernel:  AVX - 1 threads (40 CPU cores detected)

Reading alignment file ./results/gene5.phy ... Phylip format detected
Alignment most likely contains DNA/RNA sequences
Alignment has 10 sequences with 1000 columns and 469 patterns (346 informative sites, 397 constant sites)
   Gap/Ambiguity  Composition  p-value
   1  A    0.00%    passed     43.43%
   2  B    0.00%    passed     40.33%
   3  C    0.00%    passed     96.91%
   4  D    0.00%    passed     94.02%
   5  E    0.00%    passed     57.02%
   6  F    0.00%    passed     87.92%
   7  G    0.00%    passed     82.00%
   8  H    0.00%    passed     83.39%
   9  I    0.00%    passed     84.13%
  10  J    0.00%    passed     83.11%
****  TOTAL    0.00%  0 sequences failed composition chi2 test (p-value<5%; df=3)

Create initial parsimony tree by phylogenetic likelihood library (PLL)... 0.001 seconds

NOTE: ModelFinder requires 3 MB RAM!
ModelFinder will test 286 DNA models (sample size: 1000) ...
 No. Model         -LnL         df  AIC          AICc         BIC
  1  JC            7512.335     17  15058.670    15059.293    15142.102
  2  JC+I          7268.320     18  14572.639    14573.337    14660.979
  3  JC+G4         7192.782     18  14421.564    14422.261    14509.903
  4  JC+I+G4       7193.452     19  14424.904    14425.679    14518.151
  5  JC+R2         7193.010     19  14424.019    14424.795    14517.266
  6  JC+R3         7191.764     21  14425.527    14426.472    14528.590
  7  JC+R4         Skipped 
  8  JC+R5         Skipped 
  9  JC+R6         Skipped 
 10  JC+R7         Skipped 
 11  JC+R8         Skipped 
 12  JC+R9         Skipped 
 13  JC+R10        Skipped 
 14  F81           7419.975     20  14879.950    14880.808    14978.105
 15  F81+I         7175.962     21  14393.923    14394.868    14496.986
 16  F81+G4        7095.220     21  14232.439    14233.384    14335.502
 17  F81+I+G4      7095.837     22  14235.673    14236.709    14343.644
 18  F81+R2        7097.158     22  14238.316    14239.352    14346.287
 19  F81+R3        7094.556     24  14237.112    14238.343    14354.899
 20  F81+R4        Skipped 
 21  F81+R5        Skipped 
 22  F81+R6        Skipped 
 23  F81+R7        Skipped 
 24  F81+R8        Skipped 
 25  F81+R9        Skipped 
 26  F81+R10       Skipped 
 27  K2P           7334.632     18  14705.263    14705.960    14793.603
 28  K2P+I         7078.278     19  14194.557    14195.332    14287.804
 29  K2P+G4        6984.140     19  14006.279    14007.055    14099.527
 30  K2P+I+G4      6984.712     20  14009.424    14010.282    14107.579
 31  K2P+R2        6987.095     20  14014.191    14015.049    14112.346
 32  K2P+R3        6982.812     22  14009.623    14010.659    14117.594
 33  K2P+R4        Skipped 
 34  K2P+R5        Skipped 
 35  K2P+R6        Skipped 
 36  K2P+R7        Skipped 
 37  K2P+R8        Skipped 
 38  K2P+R9        Skipped 
 39  K2P+R10       Skipped 
 40  HKY           7223.270     21  14488.540    14489.484    14591.603
 41  HKY+I         6973.501     22  13991.002    13992.038    14098.973
 42  HKY+G4        6870.925     22  13785.851    13786.887    13893.822
 43  HKY+I+G4      6871.474     23  13788.948    13790.079    13901.826
 44  HKY+R2        6875.754     23  13797.508    13798.639    13910.386
 45  HKY+R3        6869.142     25  13788.283    13789.618    13910.977
 46  HKY+R4        Skipped 
 47  HKY+R5        Skipped 
 48  HKY+R6        Skipped 
 49  HKY+R7        Skipped 
 50  HKY+R8        Skipped 
 51  HKY+R9        Skipped 
 52  HKY+R10       Skipped 
 53  TNe           7333.608     19  14705.216    14705.991    14798.463
 54  TNe+I         7077.495     20  14194.990    14195.848    14293.145
 55  TNe+G4        6981.955     20  14003.911    14004.769    14102.066
 56  TNe+I+G4      6982.329     21  14006.657    14007.602    14109.720
 57  TNe+R2        6985.653     21  14013.306    14014.251    14116.369
 58  TNe+R3        6980.474     23  14006.949    14008.080    14119.827
 59  TNe+R4        Skipped 
 60  TNe+R5        Skipped 
 61  TNe+R6        Skipped 
 62  TNe+R7        Skipped 
 63  TNe+R8        Skipped 
 64  TNe+R9        Skipped 
 65  TNe+R10       Skipped 
 66  TN            7222.953     22  14489.905    14490.941    14597.876
 67  TN+I          6972.481     23  13990.962    13992.093    14103.840
 68  TN+G4         6871.037     23  13788.075    13789.206    13900.953
 69  TN+I+G4       6871.383     24  13790.765    13791.996    13908.551
 70  TN+R2         6875.645     24  13799.289    13800.520    13917.075
 71  TN+R3         6869.096     26  13790.192    13791.635    13917.794
 72  TN+R4         Skipped 
 73  TN+R5         Skipped 
 74  TN+R6         Skipped 
 75  TN+R7         Skipped 
 76  TN+R8         Skipped 
 77  TN+R9         Skipped 
 78  TN+R10        Skipped 
 79  K3P           7334.603     19  14707.207    14707.982    14800.454
 80  K3P+I         7078.079     20  14196.158    14197.017    14294.314
 81  K3P+G4        6983.608     20  14007.215    14008.073    14105.370
 82  K3P+I+G4      6983.977     21  14009.955    14010.900    14113.018
 83  K3P+R2        6986.615     21  14015.231    14016.176    14118.294
 84  K3P+R3        6982.304     23  14010.609    14011.740    14123.487
 85  K3P+R4        Skipped 
 86  K3P+R5        Skipped 
 87  K3P+R6        Skipped 
 88  K3P+R7        Skipped 
 89  K3P+R8        Skipped 
 90  K3P+R9        Skipped 
 91  K3P+R10       Skipped 
 92  K3Pu          7220.903     22  14485.805    14486.841    14593.776
 93  K3Pu+I        6971.270     23  13988.540    13989.671    14101.419
 94  K3Pu+G4       6868.273     23  13782.545    13783.676    13895.424
 95  K3Pu+I+G4     6868.738     24  13785.475    13786.706    13903.262
 96  K3Pu+R2       6873.305     24  13794.610    13795.840    13912.396
 97  K3Pu+R3       6866.410     26  13784.821    13786.264    13912.422
 98  K3Pu+R4       Skipped 
 99  K3Pu+R5       Skipped 
100  K3Pu+R6       Skipped 
101  K3Pu+R7       Skipped 
102  K3Pu+R8       Skipped 
103  K3Pu+R9       Skipped 
104  K3Pu+R10      Skipped 
105  TPM2          7222.457     22  14488.915    14489.951    14596.886
106  TPM2+I        6970.778     23  13987.556    13988.687    14100.434
107  TPM2+G4       6870.116     23  13786.232    13787.363    13899.110
108  TPM2+I+G4     6870.549     24  13789.098    13790.329    13906.885
109  TPM2+R2       6874.543     24  13797.085    13798.316    13914.871
110  TPM2+R3       6868.156     26  13788.312    13789.755    13915.914
111  TPM2+R4       Skipped 
112  TPM2+R5       Skipped 
113  TPM2+R6       Skipped 
114  TPM2+R7       Skipped 
115  TPM2+R8       Skipped 
116  TPM2+R9       Skipped 
117  TPM2+R10      Skipped 
118  TPM2u         7222.458     22  14488.916    14489.952    14596.887
119  TPM2u+I       6970.775     23  13987.550    13988.682    14100.429
120  TPM2u+G4      6870.116     23  13786.232    13787.363    13899.110
121  TPM2u+I+G4    6870.493     24  13788.987    13790.218    13906.773
122  TPM2u+R2      6874.512     24  13797.025    13798.255    13914.811
123  TPM2u+R3      6868.138     26  13788.275    13789.718    13915.877
124  TPM2u+R4      Skipped 
125  TPM2u+R5      Skipped 
126  TPM2u+R6      Skipped 
127  TPM2u+R7      Skipped 
128  TPM2u+R8      Skipped 
129  TPM2u+R9      Skipped 
130  TPM2u+R10     Skipped 
131  TPM3          7206.108     22  14456.216    14457.252    14564.186
132  TPM3+I        6958.540     23  13963.080    13964.211    14075.959
133  TPM3+G4       6861.638     23  13769.277    13770.408    13882.155
134  TPM3+I+G4     6861.891     24  13771.781    13773.012    13889.567
135  TPM3+R2       6867.248     24  13782.496    13783.727    13900.282
136  TPM3+R3       6860.193     26  13772.386    13773.829    13899.987
137  TPM3+R4       6859.912     28  13775.823    13777.496    13913.240
138  TPM3+R5       Skipped 
139  TPM3+R6       Skipped 
140  TPM3+R7       Skipped 
141  TPM3+R8       Skipped 
142  TPM3+R9       Skipped 
143  TPM3+R10      Skipped 
144  TPM3u         7206.112     22  14456.225    14457.261    14564.196
145  TPM3u+I       6958.542     23  13963.085    13964.216    14075.963
146  TPM3u+G4      6861.541     23  13769.081    13770.212    13881.959
147  TPM3u+I+G4    6861.864     24  13771.728    13772.959    13889.514
148  TPM3u+R2      6867.191     24  13782.382    13783.613    13900.168
149  TPM3u+R3      6860.264     26  13772.528    13773.971    13900.130
150  TPM3u+R4      6859.968     28  13775.937    13777.609    13913.354
151  TPM3u+R5      Skipped 
152  TPM3u+R6      Skipped 
153  TPM3u+R7      Skipped 
154  TPM3u+R8      Skipped 
155  TPM3u+R9      Skipped 
156  TPM3u+R10     Skipped 
157  TIMe          7333.525     20  14707.049    14707.907    14805.204
158  TIMe+I        7077.321     21  14196.643    14197.587    14299.705
159  TIMe+G4       6981.433     21  14004.866    14005.811    14107.929
160  TIMe+I+G4     6981.675     22  14007.351    14008.386    14115.321
161  TIMe+R2       6985.179     22  14014.358    14015.394    14122.329
162  TIMe+R3       6980.108     24  14008.216    14009.447    14126.002
163  TIMe+R4       Skipped 
164  TIMe+R5       Skipped 
165  TIMe+R6       Skipped 
166  TIMe+R7       Skipped 
167  TIMe+R8       Skipped 
168  TIMe+R9       Skipped 
169  TIMe+R10      Skipped 
170  TIM           7220.584     23  14487.168    14488.299    14600.046
171  TIM+I         6970.168     24  13988.336    13989.566    14106.122
172  TIM+G4        6868.263     24  13784.526    13785.757    13902.312
173  TIM+I+G4      6868.598     25  13787.196    13788.531    13909.890
174  TIM+R2        6873.288     25  13796.577    13797.912    13919.271
175  TIM+R3        6866.251     27  13786.503    13788.058    13919.012
176  TIM+R4        6866.068     29  13790.135    13791.929    13932.460
177  TIM+R5        Skipped 
178  TIM+R6        Skipped 
179  TIM+R7        Skipped 
180  TIM+R8        Skipped 
181  TIM+R9        Skipped 
182  TIM+R10       Skipped 
183  TIM2e         7319.123     20  14678.245    14679.103    14776.400
184  TIM2e+I       7057.258     21  14156.517    14157.462    14259.580
185  TIM2e+G4      6955.165     21  13952.329    13953.274    14055.392
186  TIM2e+I+G4    6955.322     22  13954.644    13955.680    14062.615
187  TIM2e+R2      6960.794     22  13965.588    13966.624    14073.559
188  TIM2e+R3      6951.890     24  13951.781    13953.011    14069.567
189  TIM2e+R4      6951.873     26  13955.746    13957.189    14083.348
190  TIM2e+R5      Skipped 
191  TIM2e+R6      Skipped 
192  TIM2e+R7      Skipped 
193  TIM2e+R8      Skipped 
194  TIM2e+R9      Skipped 
195  TIM2e+R10     Skipped 
196  TIM2          7222.211     23  14490.422    14491.553    14603.300
197  TIM2+I        6969.671     24  13987.342    13988.573    14105.128
198  TIM2+G4       6870.170     24  13788.340    13789.571    13906.127
199  TIM2+I+G4     6870.475     25  13790.949    13792.284    13913.643
200  TIM2+R2       6874.313     25  13798.626    13799.960    13921.319
201  TIM2+R3       6868.406     27  13790.812    13792.368    13923.322
202  TIM2+R4       Skipped 
203  TIM2+R5       Skipped 
204  TIM2+R6       Skipped 
205  TIM2+R7       Skipped 
206  TIM2+R8       Skipped 
207  TIM2+R9       Skipped 
208  TIM2+R10      Skipped 
209  TIM3e         7327.974     20  14695.948    14696.806    14794.103
210  TIM3e+I       7072.579     21  14187.157    14188.102    14290.220
211  TIM3e+G4      6979.018     21  14000.036    14000.981    14103.099
212  TIM3e+I+G4    6979.229     22  14002.459    14003.494    14110.429
213  TIM3e+R2      6982.738     22  14009.475    14010.511    14117.446
214  TIM3e+R3      6977.535     24  14003.070    14004.301    14120.856
215  TIM3e+R4      Skipped 
216  TIM3e+R5      Skipped 
217  TIM3e+R6      Skipped 
218  TIM3e+R7      Skipped 
219  TIM3e+R8      Skipped 
220  TIM3e+R9      Skipped 
221  TIM3e+R10     Skipped 
222  TIM3          7205.583     23  14457.166    14458.298    14570.045
223  TIM3+I        6957.491     24  13962.983    13964.214    14080.769
224  TIM3+G4       6861.651     24  13771.302    13772.532    13889.088
225  TIM3+I+G4     6861.713     25  13773.425    13774.760    13896.119
226  TIM3+R2       6867.283     25  13784.566    13785.901    13907.260
227  TIM3+R3       6860.175     27  13774.350    13775.905    13906.859
228  TIM3+R4       6859.854     29  13777.709    13779.502    13920.033
229  TIM3+R5       Skipped 
230  TIM3+R6       Skipped 
231  TIM3+R7       Skipped 
232  TIM3+R8       Skipped 
233  TIM3+R9       Skipped 
234  TIM3+R10      Skipped 
235  TVMe          7314.595     21  14671.191    14672.135    14774.253
236  TVMe+I        7053.295     22  14150.589    14151.625    14258.560
237  TVMe+G4       6955.564     22  13955.127    13956.163    14063.098
238  TVMe+I+G4     6955.714     23  13957.429    13958.560    14070.307
239  TVMe+R2       6959.490     23  13964.980    13966.111    14077.858
240  TVMe+R3       6953.115     25  13956.231    13957.565    14078.924
241  TVMe+R4       Skipped 
242  TVMe+R5       Skipped 
243  TVMe+R6       Skipped 
244  TVMe+R7       Skipped 
245  TVMe+R8       Skipped 
246  TVMe+R9       Skipped 
247  TVMe+R10      Skipped 
248  TVM           7205.344     24  14458.687    14459.918    14576.473
249  TVM+I         6955.798     25  13961.597    13962.931    14084.290
250  TVM+G4        6860.445     25  13770.891    13772.225    13893.584
251  TVM+I+G4      6860.643     26  13773.286    13774.729    13900.888
252  TVM+R2        6865.900     26  13783.800    13785.243    13911.402
253  TVM+R3        6859.110     28  13774.219    13775.892    13911.637
254  TVM+R4        Skipped 
255  TVM+R5        Skipped 
256  TVM+R6        Skipped 
257  TVM+R7        Skipped 
258  TVM+R8        Skipped 
259  TVM+R9        Skipped 
260  TVM+R10       Skipped 
261  SYM           7313.738     22  14671.477    14672.512    14779.447
262  SYM+I         7052.464     23  14150.929    14152.060    14263.807
263  SYM+G4        6952.471     23  13950.941    13952.072    14063.819
264  SYM+I+G4      6952.506     24  13953.012    13954.242    14070.798
265  SYM+R2        6957.741     24  13963.482    13964.712    14081.268
266  SYM+R3        6949.477     26  13950.953    13952.396    14078.555
267  SYM+R4        6949.469     28  13954.938    13956.610    14092.355
268  SYM+R5        Skipped 
269  SYM+R6        Skipped 
270  SYM+R7        Skipped 
271  SYM+R8        Skipped 
272  SYM+R9        Skipped 
273  SYM+R10       Skipped 
274  GTR           7204.753     25  14459.507    14460.842    14582.201
275  GTR+I         6955.572     26  13963.144    13964.587    14090.745
276  GTR+G4        6860.575     26  13773.151    13774.594    13900.752
277  GTR+I+G4      6860.798     27  13775.596    13777.152    13908.105
278  GTR+R2        6865.539     27  13785.078    13786.634    13917.588
279  GTR+R3        6859.126     29  13776.252    13778.046    13918.577
280  GTR+R4        Skipped 
281  GTR+R5        Skipped 
282  GTR+R6        Skipped 
283  GTR+R7        Skipped 
284  GTR+R8        Skipped 
285  GTR+R9        Skipped 
286  GTR+R10       Skipped 
Akaike Information Criterion:           TPM3u+G4
Corrected Akaike Information Criterion: TPM3u+G4
Bayesian Information Criterion:         TPM3u+G4
Best-fit model: TPM3u+G4 chosen according to BIC

All model information printed to ./results/gene5.phy.model
CPU time for ModelFinder: 12.421 seconds (0h:0m:12s)
Wall-clock time for ModelFinder: 12.972 seconds (0h:0m:12s)
Generating 1000 samples for ultrafast bootstrap (seed: 127429)...

NOTE: 2 MB RAM (0 GB) is required!
Estimate model parameters (epsilon = 0.100)
1. Initial log-likelihood: -7144.142
2. Current log-likelihood: -6910.851
3. Current log-likelihood: -6862.200
4. Current log-likelihood: -6861.894
Optimal log-likelihood: -6861.853
Rate parameters:  A-C: 2.114  A-G: 6.277  A-T: 1.000  C-G: 2.114  C-T: 6.277  G-T: 1.000
Base frequencies:   A: 0.387  C: 0.179  G: 0.190  T: 0.245
Gamma shape alpha: 0.508
Parameters optimization took 4 rounds (0.048 sec)
Computing ML distances based on estimated model parameters... 0.000 sec
Computing BIONJ tree...
0.000 seconds
Log-likelihood of BIONJ tree: -6871.225
--------------------------------------------------------------------
|             INITIALIZING CANDIDATE TREE SET                      |
--------------------------------------------------------------------
Generating 98 parsimony trees... 0.066 second
Computing log-likelihood of 88 initial trees ... 0.310 seconds
Current best score: -6858.624

Do NNI search on 20 best initial trees
Estimate model parameters (epsilon = 0.100)
BETTER TREE FOUND at iteration 1: -6858.143
UPDATE BEST LOG-LIKELIHOOD: -6858.143
Iteration 10 / LogL: -6858.143 / Time: 0h:0m:13s
Iteration 20 / LogL: -6858.143 / Time: 0h:0m:14s
Finish initializing candidate tree set (1)
Current best tree score: -6858.143 / CPU time: 1.050
Number of iterations: 20
--------------------------------------------------------------------
|               OPTIMIZING CANDIDATE TREE SET                      |
--------------------------------------------------------------------
UPDATE BEST LOG-LIKELIHOOD: -6858.143
Iteration 30 / LogL: -6858.143 / Time: 0h:0m:14s (0h:0m:3s left)
UPDATE BEST LOG-LIKELIHOOD: -6858.143
UPDATE BEST LOG-LIKELIHOOD: -6858.143
Iteration 40 / LogL: -6858.143 / Time: 0h:0m:14s (0h:0m:2s left)
Iteration 50 / LogL: -6858.143 / Time: 0h:0m:15s (0h:0m:2s left)
Log-likelihood cutoff on original alignment: -6874.355
Iteration 60 / LogL: -6858.143 / Time: 0h:0m:15s (0h:0m:1s left)
Iteration 70 / LogL: -6858.143 / Time: 0h:0m:15s (0h:0m:1s left)
Iteration 80 / LogL: -6858.143 / Time: 0h:0m:16s (0h:0m:0s left)
Iteration 90 / LogL: -6858.143 / Time: 0h:0m:16s (0h:0m:0s left)
Iteration 100 / LogL: -6867.613 / Time: 0h:0m:17s (0h:0m:0s left)
Log-likelihood cutoff on original alignment: -6873.450
NOTE: Bootstrap correlation coefficient of split occurrence frequencies: 0.990
TREE SEARCH COMPLETED AFTER 102 ITERATIONS / Time: 0h:0m:17s

--------------------------------------------------------------------
|                    FINALIZING TREE SEARCH                        |
--------------------------------------------------------------------
Performs final model parameters optimization
Estimate model parameters (epsilon = 0.010)
1. Initial log-likelihood: -6858.143
Optimal log-likelihood: -6858.142
Rate parameters:  A-C: 2.091  A-G: 6.275  A-T: 1.000  C-G: 2.091  C-T: 6.275  G-T: 1.000
Base frequencies:   A: 0.387  C: 0.179  G: 0.190  T: 0.245
Gamma shape alpha: 0.514
Parameters optimization took 1 rounds (0.006 sec)
BEST SCORE FOUND : -6858.142
Creating bootstrap support values...
Split supports printed to NEXUS file ./results/gene5.phy.splits.nex
Total tree length: 2.572

Total number of iterations: 102
CPU time used for tree search: 4.089 sec (0h:0m:4s)
Wall-clock time used for tree search: 4.095 sec (0h:0m:4s)
Total CPU time used: 16.608 sec (0h:0m:16s)
Total wall-clock time used: 17.174 sec (0h:0m:17s)

Computing bootstrap consensus tree...
Reading input file ./results/gene5.phy.splits.nex...
10 taxa and 91 splits.
Consensus tree written to ./results/gene5.phy.contree
Reading input trees file ./results/gene5.phy.contree
Log-likelihood of consensus tree: -6858.142

Analysis results written to: 
  IQ-TREE report:                ./results/gene5.phy.iqtree
  Maximum-likelihood tree:       ./results/gene5.phy.treefile
  Likelihood distances:          ./results/gene5.phy.mldist

Ultrafast bootstrap approximation results written to:
  Split support values:          ./results/gene5.phy.splits.nex
  Consensus tree:                ./results/gene5.phy.contree
  Screen log file:               ./results/gene5.phy.log

Date and Time: Tue Aug 22 17:46:15 2017
