IQ-TREE multicore version 1.5.4 for Linux 64-bit built Apr  2 2017
Copyright (c) 2011-2017 by Bui Quang Minh, Nguyen Lam Tung,
Olga Chernomor, Heiko Schmidt, and Arndt von Haeseler.

Host:    hpc-crick (AVX, 251 GB RAM)
Command: iqtree -s ./results/gene15.phy -nt 1 -bb 1000
Seed:    707470 (Using SPRNG - Scalable Parallel Random Number Generator)
Time:    Tue Aug 22 17:48:18 2017
Kernel:  AVX - 1 threads (40 CPU cores detected)

Reading alignment file ./results/gene15.phy ... Phylip format detected
Alignment most likely contains DNA/RNA sequences
Alignment has 10 sequences with 1000 columns and 453 patterns (293 informative sites, 428 constant sites)
   Gap/Ambiguity  Composition  p-value
   1  A    0.00%    passed     75.06%
   2  B    0.00%    passed     87.48%
   3  C    0.00%    passed     98.96%
   4  D    0.00%    passed     94.22%
   5  E    0.00%    passed     90.67%
   6  F    0.00%    passed     86.62%
   7  G    0.00%    passed     96.11%
   8  H    0.00%    passed     91.42%
   9  I    0.00%    passed     89.88%
  10  J    0.00%    passed     70.67%
****  TOTAL    0.00%  0 sequences failed composition chi2 test (p-value<5%; df=3)

Create initial parsimony tree by phylogenetic likelihood library (PLL)... 0.001 seconds

NOTE: ModelFinder requires 3 MB RAM!
ModelFinder will test 286 DNA models (sample size: 1000) ...
 No. Model         -LnL         df  AIC          AICc         BIC
  1  JC            7033.065     17  14100.129    14100.753    14183.561
  2  JC+I          6810.413     18  13656.826    13657.523    13745.165
  3  JC+G4         6762.244     18  13560.489    13561.186    13648.829
  4  JC+I+G4       6762.143     19  13562.286    13563.061    13655.533
  5  JC+R2         6767.862     19  13573.724    13574.500    13666.972
  6  JC+R3         6761.489     21  13564.978    13565.923    13668.041
  7  JC+R4         Skipped 
  8  JC+R5         Skipped 
  9  JC+R6         Skipped 
 10  JC+R7         Skipped 
 11  JC+R8         Skipped 
 12  JC+R9         Skipped 
 13  JC+R10        Skipped 
 14  F81           6943.271     20  13926.541    13927.399    14024.697
 15  F81+I         6720.231     21  13482.462    13483.407    13585.525
 16  F81+G4        6664.887     21  13371.773    13372.718    13474.836
 17  F81+I+G4      6664.879     22  13373.758    13374.794    13481.729
 18  F81+R2        6671.633     22  13387.265    13388.301    13495.236
 19  F81+R3        6663.994     24  13375.988    13377.219    13493.774
 20  F81+R4        6664.053     26  13380.106    13381.549    13507.707
 21  F81+R5        Skipped 
 22  F81+R6        Skipped 
 23  F81+R7        Skipped 
 24  F81+R8        Skipped 
 25  F81+R9        Skipped 
 26  F81+R10       Skipped 
 27  K2P           6899.174     18  13834.348    13835.045    13922.688
 28  K2P+I         6665.350     19  13368.700    13369.475    13461.947
 29  K2P+G4        6601.597     19  13241.193    13241.969    13334.441
 30  K2P+I+G4      6601.879     20  13243.758    13244.616    13341.913
 31  K2P+R2        6608.842     20  13257.683    13258.541    13355.839
 32  K2P+R3        6600.590     22  13245.180    13246.216    13353.151
 33  K2P+R4        6600.487     24  13248.974    13250.205    13366.760
 34  K2P+R5        Skipped 
 35  K2P+R6        Skipped 
 36  K2P+R7        Skipped 
 37  K2P+R8        Skipped 
 38  K2P+R9        Skipped 
 39  K2P+R10       Skipped 
 40  HKY           6804.508     21  13651.016    13651.960    13754.078
 41  HKY+I         6571.968     22  13187.936    13188.972    13295.907
 42  HKY+G4        6494.336     22  13032.672    13033.707    13140.642
 43  HKY+I+G4      6494.890     23  13035.780    13036.911    13148.659
 44  HKY+R2        6499.658     23  13045.316    13046.447    13158.195
 45  HKY+R3        6493.866     25  13037.733    13039.068    13160.427
 46  HKY+R4        Skipped 
 47  HKY+R5        Skipped 
 48  HKY+R6        Skipped 
 49  HKY+R7        Skipped 
 50  HKY+R8        Skipped 
 51  HKY+R9        Skipped 
 52  HKY+R10       Skipped 
 53  TNe           6898.348     19  13834.696    13835.471    13927.943
 54  TNe+I         6663.717     20  13367.433    13368.291    13465.588
 55  TNe+G4        6596.858     20  13233.715    13234.573    13331.871
 56  TNe+I+G4      6596.979     21  13235.957    13236.902    13339.020
 57  TNe+R2        6603.711     21  13249.421    13250.366    13352.484
 58  TNe+R3        6596.057     23  13238.113    13239.244    13350.992
 59  TNe+R4        6595.998     25  13241.996    13243.331    13364.690
 60  TNe+R5        Skipped 
 61  TNe+R6        Skipped 
 62  TNe+R7        Skipped 
 63  TNe+R8        Skipped 
 64  TNe+R9        Skipped 
 65  TNe+R10       Skipped 
 66  TN            6802.981     22  13649.961    13650.997    13757.932
 67  TN+I          6571.010     23  13188.019    13189.150    13300.897
 68  TN+G4         6494.240     23  13034.480    13035.611    13147.358
 69  TN+I+G4       6494.730     24  13037.461    13038.691    13155.247
 70  TN+R2         6499.660     24  13047.321    13048.552    13165.107
 71  TN+R3         6493.792     26  13039.583    13041.026    13167.185
 72  TN+R4         Skipped 
 73  TN+R5         Skipped 
 74  TN+R6         Skipped 
 75  TN+R7         Skipped 
 76  TN+R8         Skipped 
 77  TN+R9         Skipped 
 78  TN+R10        Skipped 
 79  K3P           6897.437     19  13832.875    13833.650    13926.122
 80  K3P+I         6663.108     20  13366.216    13367.074    13464.371
 81  K3P+G4        6598.688     20  13237.377    13238.235    13335.532
 82  K3P+I+G4      6598.641     21  13239.281    13240.226    13342.344
 83  K3P+R2        6606.158     21  13254.315    13255.260    13357.378
 84  K3P+R3        6597.489     23  13240.978    13242.109    13353.856
 85  K3P+R4        6597.445     25  13244.890    13246.225    13367.584
 86  K3P+R5        Skipped 
 87  K3P+R6        Skipped 
 88  K3P+R7        Skipped 
 89  K3P+R8        Skipped 
 90  K3P+R9        Skipped 
 91  K3P+R10       Skipped 
 92  K3Pu          6798.649     22  13641.297    13642.333    13749.268
 93  K3Pu+I        6566.978     23  13179.956    13181.087    13292.834
 94  K3Pu+G4       6486.481     23  13018.962    13020.094    13131.841
 95  K3Pu+I+G4     6487.056     24  13022.111    13023.342    13139.897
 96  K3Pu+R2       6491.646     24  13031.292    13032.523    13149.079
 97  K3Pu+R3       6485.900     26  13023.801    13025.244    13151.402
 98  K3Pu+R4       Skipped 
 99  K3Pu+R5       Skipped 
100  K3Pu+R6       Skipped 
101  K3Pu+R7       Skipped 
102  K3Pu+R8       Skipped 
103  K3Pu+R9       Skipped 
104  K3Pu+R10      Skipped 
105  TPM2          6803.039     22  13650.077    13651.113    13758.048
106  TPM2+I        6569.265     23  13184.529    13185.660    13297.407
107  TPM2+G4       6493.576     23  13033.151    13034.283    13146.030
108  TPM2+I+G4     6493.932     24  13035.865    13037.095    13153.651
109  TPM2+R2       6499.270     24  13046.540    13047.771    13164.326
110  TPM2+R3       6493.008     26  13038.016    13039.459    13165.618
111  TPM2+R4       Skipped 
112  TPM2+R5       Skipped 
113  TPM2+R6       Skipped 
114  TPM2+R7       Skipped 
115  TPM2+R8       Skipped 
116  TPM2+R9       Skipped 
117  TPM2+R10      Skipped 
118  TPM2u         6803.055     22  13650.110    13651.146    13758.081
119  TPM2u+I       6569.261     23  13184.523    13185.654    13297.401
120  TPM2u+G4      6493.577     23  13033.154    13034.285    13146.032
121  TPM2u+I+G4    6493.916     24  13035.832    13037.062    13153.618
122  TPM2u+R2      6499.270     24  13046.540    13047.771    13164.327
123  TPM2u+R3      6492.999     26  13037.997    13039.440    13165.599
124  TPM2u+R4      Skipped 
125  TPM2u+R5      Skipped 
126  TPM2u+R6      Skipped 
127  TPM2u+R7      Skipped 
128  TPM2u+R8      Skipped 
129  TPM2u+R9      Skipped 
130  TPM2u+R10     Skipped 
131  TPM3          6792.481     22  13628.962    13629.998    13736.933
132  TPM3+I        6565.853     23  13177.705    13178.836    13290.583
133  TPM3+G4       6484.596     23  13015.192    13016.323    13128.070
134  TPM3+I+G4     6485.213     24  13018.427    13019.657    13136.213
135  TPM3+R2       6488.778     24  13025.556    13026.786    13143.342
136  TPM3+R3       6483.719     26  13019.438    13020.881    13147.040
137  TPM3+R4       Skipped 
138  TPM3+R5       Skipped 
139  TPM3+R6       Skipped 
140  TPM3+R7       Skipped 
141  TPM3+R8       Skipped 
142  TPM3+R9       Skipped 
143  TPM3+R10      Skipped 
144  TPM3u         6792.484     22  13628.968    13630.004    13736.939
145  TPM3u+I       6565.854     23  13177.707    13178.838    13290.585
146  TPM3u+G4      6484.598     23  13015.197    13016.328    13128.075
147  TPM3u+I+G4    6485.184     24  13018.368    13019.599    13136.154
148  TPM3u+R2      6488.776     24  13025.553    13026.783    13143.339
149  TPM3u+R3      6483.706     26  13019.413    13020.856    13147.014
150  TPM3u+R4      Skipped 
151  TPM3u+R5      Skipped 
152  TPM3u+R6      Skipped 
153  TPM3u+R7      Skipped 
154  TPM3u+R8      Skipped 
155  TPM3u+R9      Skipped 
156  TPM3u+R10     Skipped 
157  TIMe          6896.624     20  13833.248    13834.106    13931.403
158  TIMe+I        6661.480     21  13364.960    13365.905    13468.023
159  TIMe+G4       6593.795     21  13229.590    13230.535    13332.653
160  TIMe+I+G4     6593.805     22  13231.610    13232.646    13339.581
161  TIMe+R2       6600.903     22  13245.806    13246.842    13353.777
162  TIMe+R3       6592.858     24  13233.716    13234.947    13351.503
163  TIMe+R4       6592.850     26  13237.700    13239.143    13365.302
164  TIMe+R5       Skipped 
165  TIMe+R6       Skipped 
166  TIMe+R7       Skipped 
167  TIMe+R8       Skipped 
168  TIMe+R9       Skipped 
169  TIMe+R10      Skipped 
170  TIM           6796.973     23  13639.947    13641.078    13752.825
171  TIM+I         6566.032     24  13180.063    13181.294    13297.849
172  TIM+G4        6486.438     24  13020.875    13022.106    13138.661
173  TIM+I+G4      6486.807     25  13023.613    13024.948    13146.307
174  TIM+R2        6491.612     25  13033.225    13034.559    13155.919
175  TIM+R3        6485.865     27  13025.731    13027.286    13158.240
176  TIM+R4        Skipped 
177  TIM+R5        Skipped 
178  TIM+R6        Skipped 
179  TIM+R7        Skipped 
180  TIM+R8        Skipped 
181  TIM+R9        Skipped 
182  TIM+R10       Skipped 
183  TIM2e         6884.497     20  13808.993    13809.851    13907.148
184  TIM2e+I       6644.801     21  13331.603    13332.548    13434.666
185  TIM2e+G4      6573.556     21  13189.113    13190.058    13292.176
186  TIM2e+I+G4    6573.396     22  13190.792    13191.827    13298.762
187  TIM2e+R2      6583.176     22  13210.352    13211.388    13318.323
188  TIM2e+R3      6571.709     24  13191.418    13192.649    13309.204
189  TIM2e+R4      6571.768     26  13195.536    13196.979    13323.138
190  TIM2e+R5      Skipped 
191  TIM2e+R6      Skipped 
192  TIM2e+R7      Skipped 
193  TIM2e+R8      Skipped 
194  TIM2e+R9      Skipped 
195  TIM2e+R10     Skipped 
196  TIM2          6801.389     23  13648.777    13649.908    13761.656
197  TIM2+I        6568.327     24  13184.653    13185.884    13302.439
198  TIM2+G4       6493.448     24  13034.896    13036.127    13152.682
199  TIM2+I+G4     6493.655     25  13037.309    13038.644    13160.003
200  TIM2+R2       6499.305     25  13048.610    13049.944    13171.303
201  TIM2+R3       6492.852     27  13039.703    13041.259    13172.213
202  TIM2+R4       Skipped 
203  TIM2+R5       Skipped 
204  TIM2+R6       Skipped 
205  TIM2+R7       Skipped 
206  TIM2+R8       Skipped 
207  TIM2+R9       Skipped 
208  TIM2+R10      Skipped 
209  TIM3e         6895.425     20  13830.851    13831.709    13929.006
210  TIM3e+I       6662.435     21  13366.869    13367.814    13469.932
211  TIM3e+G4      6595.044     21  13232.089    13233.033    13335.151
212  TIM3e+I+G4    6595.112     22  13234.224    13235.259    13342.194
213  TIM3e+R2      6601.599     22  13247.199    13248.235    13355.169
214  TIM3e+R3      6594.170     24  13236.339    13237.570    13354.125
215  TIM3e+R4      6594.237     26  13240.475    13241.917    13368.076
216  TIM3e+R5      Skipped 
217  TIM3e+R6      Skipped 
218  TIM3e+R7      Skipped 
219  TIM3e+R8      Skipped 
220  TIM3e+R9      Skipped 
221  TIM3e+R10     Skipped 
222  TIM3          6790.326     23  13626.652    13627.783    13739.530
223  TIM3+I        6564.906     24  13177.811    13179.042    13295.597
224  TIM3+G4       6484.430     24  13016.860    13018.091    13134.646
225  TIM3+I+G4     6484.880     25  13019.760    13021.095    13142.454
226  TIM3+R2       6488.679     25  13027.357    13028.692    13150.051
227  TIM3+R3       6483.477     27  13020.954    13022.509    13153.463
228  TIM3+R4       Skipped 
229  TIM3+R5       Skipped 
230  TIM3+R6       Skipped 
231  TIM3+R7       Skipped 
232  TIM3+R8       Skipped 
233  TIM3+R9       Skipped 
234  TIM3+R10      Skipped 
235  TVMe          6881.407     21  13804.815    13805.760    13907.878
236  TVMe+I        6643.013     22  13330.026    13331.062    13437.996
237  TVMe+G4       6574.871     22  13193.742    13194.777    13301.712
238  TVMe+I+G4     6574.607     23  13195.214    13196.345    13308.092
239  TVMe+R2       6584.722     23  13215.444    13216.575    13328.322
240  TVMe+R3       6572.386     25  13194.771    13196.106    13317.465
241  TVMe+R4       6572.456     27  13198.913    13200.468    13331.422
242  TVMe+R5       Skipped 
243  TVMe+R6       Skipped 
244  TVMe+R7       Skipped 
245  TVMe+R8       Skipped 
246  TVMe+R9       Skipped 
247  TVMe+R10      Skipped 
248  TVM           6789.241     24  13626.481    13627.712    13744.267
249  TVM+I         6560.800     25  13171.601    13172.936    13294.295
250  TVM+G4        6480.122     25  13010.244    13011.579    13132.938
251  TVM+I+G4      6480.587     26  13013.174    13014.617    13140.775
252  TVM+R2        6485.108     26  13022.216    13023.659    13149.818
253  TVM+R3        6479.224     28  13014.449    13016.121    13151.866
254  TVM+R4        Skipped 
255  TVM+R5        Skipped 
256  TVM+R6        Skipped 
257  TVM+R7        Skipped 
258  TVM+R8        Skipped 
259  TVM+R9        Skipped 
260  TVM+R10       Skipped 
261  SYM           6880.612     22  13805.224    13806.260    13913.195
262  SYM+I         6641.308     23  13328.616    13329.747    13441.494
263  SYM+G4        6568.200     23  13182.400    13183.531    13295.278
264  SYM+I+G4      6568.010     24  13184.020    13185.251    13301.806
265  SYM+R2        6578.292     24  13204.585    13205.816    13322.371
266  SYM+R3        6566.044     26  13184.088    13185.531    13311.690
267  SYM+R4        6566.131     28  13188.263    13189.935    13325.680
268  SYM+R5        Skipped 
269  SYM+R6        Skipped 
270  SYM+R7        Skipped 
271  SYM+R8        Skipped 
272  SYM+R9        Skipped 
273  SYM+R10       Skipped 
274  GTR           6786.923     25  13623.847    13625.181    13746.541
275  GTR+I         6559.845     26  13171.689    13173.132    13299.291
276  GTR+G4        6479.959     26  13011.917    13013.360    13139.519
277  GTR+I+G4      6480.381     27  13014.762    13016.317    13147.271
278  GTR+R2        6485.125     27  13024.250    13025.806    13156.759
279  GTR+R3        6478.986     29  13015.971    13017.765    13158.296
280  GTR+R4        Skipped 
281  GTR+R5        Skipped 
282  GTR+R6        Skipped 
283  GTR+R7        Skipped 
284  GTR+R8        Skipped 
285  GTR+R9        Skipped 
286  GTR+R10       Skipped 
Akaike Information Criterion:           TVM+G4
Corrected Akaike Information Criterion: TVM+G4
Bayesian Information Criterion:         TPM3+G4
Best-fit model: TPM3+G4 chosen according to BIC

All model information printed to ./results/gene15.phy.model
CPU time for ModelFinder: 8.499 seconds (0h:0m:8s)
Wall-clock time for ModelFinder: 13.614 seconds (0h:0m:13s)
Generating 1000 samples for ultrafast bootstrap (seed: 707470)...

NOTE: 2 MB RAM (0 GB) is required!
Estimate model parameters (epsilon = 0.100)
1. Initial log-likelihood: -6713.117
2. Current log-likelihood: -6494.774
3. Current log-likelihood: -6486.020
4. Current log-likelihood: -6485.639
Optimal log-likelihood: -6485.593
Rate parameters:  A-C: 1.957  A-G: 4.992  A-T: 1.000  C-G: 1.957  C-T: 4.992  G-T: 1.000
Base frequencies:   A: 0.389  C: 0.164  G: 0.205  T: 0.243
Gamma shape alpha: 0.500
Parameters optimization took 4 rounds (0.073 sec)
Computing ML distances based on estimated model parameters... 0.001 sec
Computing BIONJ tree...
0.000 seconds
Log-likelihood of BIONJ tree: -6485.528
--------------------------------------------------------------------
|             INITIALIZING CANDIDATE TREE SET                      |
--------------------------------------------------------------------
Generating 98 parsimony trees... 0.101 second
Computing log-likelihood of 96 initial trees ... 0.465 seconds
Current best score: -6482.728

Do NNI search on 20 best initial trees
Estimate model parameters (epsilon = 0.100)
BETTER TREE FOUND at iteration 1: -6480.558
Estimate model parameters (epsilon = 0.100)
BETTER TREE FOUND at iteration 4: -6480.254
Iteration 10 / LogL: -6480.568 / Time: 0h:0m:14s
Iteration 20 / LogL: -6481.021 / Time: 0h:0m:15s
Finish initializing candidate tree set (4)
Current best tree score: -6480.254 / CPU time: 1.672
Number of iterations: 20
--------------------------------------------------------------------
|               OPTIMIZING CANDIDATE TREE SET                      |
--------------------------------------------------------------------
UPDATE BEST LOG-LIKELIHOOD: -6480.254
Iteration 30 / LogL: -6480.352 / Time: 0h:0m:16s (0h:0m:6s left)
UPDATE BEST LOG-LIKELIHOOD: -6480.254
Iteration 40 / LogL: -6480.585 / Time: 0h:0m:16s (0h:0m:4s left)
Iteration 50 / LogL: -6480.576 / Time: 0h:0m:17s (0h:0m:3s left)
Log-likelihood cutoff on original alignment: -6488.772
Iteration 60 / LogL: -6480.314 / Time: 0h:0m:17s (0h:0m:3s left)
Iteration 70 / LogL: -6480.621 / Time: 0h:0m:18s (0h:0m:2s left)
Iteration 80 / LogL: -6480.573 / Time: 0h:0m:18s (0h:0m:1s left)
Iteration 90 / LogL: -6480.623 / Time: 0h:0m:19s (0h:0m:0s left)
Iteration 100 / LogL: -6480.297 / Time: 0h:0m:19s (0h:0m:0s left)
Log-likelihood cutoff on original alignment: -6489.213
NOTE: Bootstrap correlation coefficient of split occurrence frequencies: 0.990
UPDATE BEST LOG-LIKELIHOOD: -6480.254
TREE SEARCH COMPLETED AFTER 105 ITERATIONS / Time: 0h:0m:19s

--------------------------------------------------------------------
|                    FINALIZING TREE SEARCH                        |
--------------------------------------------------------------------
Performs final model parameters optimization
Estimate model parameters (epsilon = 0.010)
1. Initial log-likelihood: -6480.254
Optimal log-likelihood: -6480.249
Rate parameters:  A-C: 2.020  A-G: 5.030  A-T: 1.000  C-G: 2.020  C-T: 5.030  G-T: 1.000
Base frequencies:   A: 0.389  C: 0.164  G: 0.205  T: 0.243
Gamma shape alpha: 0.515
Parameters optimization took 1 rounds (0.006 sec)
BEST SCORE FOUND : -6480.249
Creating bootstrap support values...
Split supports printed to NEXUS file ./results/gene15.phy.splits.nex
Total tree length: 2.148

Total number of iterations: 105
CPU time used for tree search: 4.124 sec (0h:0m:4s)
Wall-clock time used for tree search: 5.896 sec (0h:0m:5s)
Total CPU time used: 12.733 sec (0h:0m:12s)
Total wall-clock time used: 19.664 sec (0h:0m:19s)

Computing bootstrap consensus tree...
Reading input file ./results/gene15.phy.splits.nex...
10 taxa and 145 splits.
Consensus tree written to ./results/gene15.phy.contree
Reading input trees file ./results/gene15.phy.contree
Log-likelihood of consensus tree: -6480.671

Analysis results written to: 
  IQ-TREE report:                ./results/gene15.phy.iqtree
  Maximum-likelihood tree:       ./results/gene15.phy.treefile
  Likelihood distances:          ./results/gene15.phy.mldist

Ultrafast bootstrap approximation results written to:
  Split support values:          ./results/gene15.phy.splits.nex
  Consensus tree:                ./results/gene15.phy.contree
  Screen log file:               ./results/gene15.phy.log

Date and Time: Tue Aug 22 17:48:38 2017
