IQ-TREE multicore version 1.5.4 for Linux 64-bit built Apr  2 2017
Copyright (c) 2011-2017 by Bui Quang Minh, Nguyen Lam Tung,
Olga Chernomor, Heiko Schmidt, and Arndt von Haeseler.

Host:    hpc-crick (AVX, 251 GB RAM)
Command: iqtree -s ./results/gene11.phy -nt 1 -bb 1000
Seed:    399528 (Using SPRNG - Scalable Parallel Random Number Generator)
Time:    Tue Aug 22 17:45:23 2017
Kernel:  AVX - 1 threads (40 CPU cores detected)

Reading alignment file ./results/gene11.phy ... Phylip format detected
Alignment most likely contains DNA/RNA sequences
Alignment has 10 sequences with 1000 columns and 449 patterns (309 informative sites, 425 constant sites)
   Gap/Ambiguity  Composition  p-value
   1  A    0.00%    passed     87.96%
   2  B    0.00%    passed     95.43%
   3  C    0.00%    passed     85.82%
   4  D    0.00%    passed     72.86%
   5  E    0.00%    passed     93.29%
   6  F    0.00%    passed     77.64%
   7  G    0.00%    passed     48.35%
   8  H    0.00%    passed     96.53%
   9  I    0.00%    passed     57.73%
  10  J    0.00%    passed     98.90%
****  TOTAL    0.00%  0 sequences failed composition chi2 test (p-value<5%; df=3)

Create initial parsimony tree by phylogenetic likelihood library (PLL)... 0.000 seconds

NOTE: ModelFinder requires 3 MB RAM!
ModelFinder will test 286 DNA models (sample size: 1000) ...
 No. Model         -LnL         df  AIC          AICc         BIC
  1  JC            7177.785     17  14389.570    14390.193    14473.001
  2  JC+I          6926.774     18  13889.547    13890.245    13977.887
  3  JC+G4         6856.374     18  13748.748    13749.445    13837.087
  4  JC+I+G4       6857.123     19  13752.246    13753.022    13845.494
  5  JC+R2         6855.206     19  13748.412    13749.187    13841.659
  6  JC+R3         6854.944     21  13751.888    13752.833    13854.951
  7  JC+R4         Skipped 
  8  JC+R5         Skipped 
  9  JC+R6         Skipped 
 10  JC+R7         Skipped 
 11  JC+R8         Skipped 
 12  JC+R9         Skipped 
 13  JC+R10        Skipped 
 14  F81           7088.089     20  14216.177    14217.035    14314.333
 15  F81+I         6835.534     21  13713.067    13714.012    13816.130
 16  F81+G4        6755.441     21  13552.881    13553.826    13655.944
 17  F81+I+G4      6756.141     22  13556.283    13557.319    13664.253
 18  F81+R2        6754.300     22  13552.600    13553.636    13660.571
 19  F81+R3        6753.883     24  13555.766    13556.997    13673.552
 20  F81+R4        Skipped 
 21  F81+R5        Skipped 
 22  F81+R6        Skipped 
 23  F81+R7        Skipped 
 24  F81+R8        Skipped 
 25  F81+R9        Skipped 
 26  F81+R10       Skipped 
 27  K2P           7032.572     18  14101.143    14101.841    14189.483
 28  K2P+I         6770.604     19  13579.208    13579.984    13672.456
 29  K2P+G4        6685.484     19  13408.968    13409.744    13502.215
 30  K2P+I+G4      6685.942     20  13411.884    13412.742    13510.039
 31  K2P+R2        6686.429     20  13412.858    13413.716    13511.013
 32  K2P+R3        6681.421     22  13406.841    13407.877    13514.812
 33  K2P+R4        Skipped 
 34  K2P+R5        Skipped 
 35  K2P+R6        Skipped 
 36  K2P+R7        Skipped 
 37  K2P+R8        Skipped 
 38  K2P+R9        Skipped 
 39  K2P+R10       Skipped 
 40  HKY           6929.201     21  13900.402    13901.347    14003.465
 41  HKY+I         6673.930     22  13391.860    13392.896    13499.831
 42  HKY+G4        6572.262     22  13188.524    13189.559    13296.494
 43  HKY+I+G4      6572.689     23  13191.379    13192.510    13304.257
 44  HKY+R2        6575.857     23  13197.714    13198.845    13310.592
 45  HKY+R3        6567.645     25  13185.290    13186.625    13307.984
 46  HKY+R4        6567.641     27  13189.282    13190.838    13321.792
 47  HKY+R5        Skipped 
 48  HKY+R6        Skipped 
 49  HKY+R7        Skipped 
 50  HKY+R8        Skipped 
 51  HKY+R9        Skipped 
 52  HKY+R10       Skipped 
 53  TNe           7029.321     19  14096.642    14097.418    14189.889
 54  TNe+I         6769.110     20  13578.219    13579.078    13676.375
 55  TNe+G4        6683.321     20  13406.643    13407.501    13504.798
 56  TNe+I+G4      6683.665     21  13409.329    13410.274    13512.392
 57  TNe+R2        6685.097     21  13412.195    13413.139    13515.257
 58  TNe+R3        6678.898     23  13403.796    13404.928    13516.675
 59  TNe+R4        Skipped 
 60  TNe+R5        Skipped 
 61  TNe+R6        Skipped 
 62  TNe+R7        Skipped 
 63  TNe+R8        Skipped 
 64  TNe+R9        Skipped 
 65  TNe+R10       Skipped 
 66  TN            6928.858     22  13901.716    13902.752    14009.687
 67  TN+I          6673.771     23  13393.543    13394.674    13506.421
 68  TN+G4         6572.424     23  13190.848    13191.979    13303.726
 69  TN+I+G4       6572.659     24  13193.319    13194.550    13311.105
 70  TN+R2         6575.753     24  13199.507    13200.737    13317.293
 71  TN+R3         6567.668     26  13187.336    13188.779    13314.938
 72  TN+R4         6567.581     28  13191.162    13192.834    13328.579
 73  TN+R5         Skipped 
 74  TN+R6         Skipped 
 75  TN+R7         Skipped 
 76  TN+R8         Skipped 
 77  TN+R9         Skipped 
 78  TN+R10        Skipped 
 79  K3P           7024.671     19  14087.341    14088.117    14180.589
 80  K3P+I         6761.657     20  13563.314    13564.172    13661.469
 81  K3P+G4        6676.262     20  13392.523    13393.382    13490.679
 82  K3P+I+G4      6676.697     21  13395.394    13396.339    13498.457
 83  K3P+R2        6677.069     21  13396.139    13397.084    13499.202
 84  K3P+R3        6672.859     23  13391.717    13392.848    13504.596
 85  K3P+R4        Skipped 
 86  K3P+R5        Skipped 
 87  K3P+R6        Skipped 
 88  K3P+R7        Skipped 
 89  K3P+R8        Skipped 
 90  K3P+R9        Skipped 
 91  K3P+R10       Skipped 
 92  K3Pu          6915.281     22  13874.562    13875.598    13982.532
 93  K3Pu+I        6662.659     23  13371.317    13372.448    13484.195
 94  K3Pu+G4       6559.643     23  13165.286    13166.418    13278.165
 95  K3Pu+I+G4     6560.038     24  13168.077    13169.308    13285.863
 96  K3Pu+R2       6563.354     24  13174.708    13175.939    13292.494
 97  K3Pu+R3       6556.118     26  13164.235    13165.678    13291.837
 98  K3Pu+R4       6556.074     28  13168.148    13169.821    13305.565
 99  K3Pu+R5       Skipped 
100  K3Pu+R6       Skipped 
101  K3Pu+R7       Skipped 
102  K3Pu+R8       Skipped 
103  K3Pu+R9       Skipped 
104  K3Pu+R10      Skipped 
105  TPM2          6922.735     22  13889.470    13890.506    13997.441
106  TPM2+I        6662.893     23  13371.785    13372.916    13484.663
107  TPM2+G4       6568.183     23  13182.365    13183.497    13295.244
108  TPM2+I+G4     6568.439     24  13184.878    13186.109    13302.664
109  TPM2+R2       6570.151     24  13188.302    13189.533    13306.088
110  TPM2+R3       6563.679     26  13179.358    13180.801    13306.960
111  TPM2+R4       Skipped 
112  TPM2+R5       Skipped 
113  TPM2+R6       Skipped 
114  TPM2+R7       Skipped 
115  TPM2+R8       Skipped 
116  TPM2+R9       Skipped 
117  TPM2+R10      Skipped 
118  TPM2u         6922.735     22  13889.470    13890.506    13997.441
119  TPM2u+I       6662.889     23  13371.779    13372.910    13484.657
120  TPM2u+G4      6568.193     23  13182.385    13183.516    13295.263
121  TPM2u+I+G4    6568.537     24  13185.074    13186.305    13302.860
122  TPM2u+R2      6570.152     24  13188.304    13189.535    13306.090
123  TPM2u+R3      6563.719     26  13179.439    13180.882    13307.040
124  TPM2u+R4      Skipped 
125  TPM2u+R5      Skipped 
126  TPM2u+R6      Skipped 
127  TPM2u+R7      Skipped 
128  TPM2u+R8      Skipped 
129  TPM2u+R9      Skipped 
130  TPM2u+R10     Skipped 
131  TPM3          6907.925     22  13859.850    13860.886    13967.821
132  TPM3+I        6662.221     23  13370.442    13371.573    13483.321
133  TPM3+G4       6558.382     23  13162.765    13163.896    13275.643
134  TPM3+I+G4     6558.828     24  13165.655    13166.886    13283.441
135  TPM3+R2       6561.413     24  13170.827    13172.058    13288.613
136  TPM3+R3       6555.214     26  13162.427    13163.870    13290.029
137  TPM3+R4       Skipped 
138  TPM3+R5       Skipped 
139  TPM3+R6       Skipped 
140  TPM3+R7       Skipped 
141  TPM3+R8       Skipped 
142  TPM3+R9       Skipped 
143  TPM3+R10      Skipped 
144  TPM3u         6907.924     22  13859.848    13860.884    13967.819
145  TPM3u+I       6662.234     23  13370.468    13371.599    13483.346
146  TPM3u+G4      6558.321     23  13162.642    13163.774    13275.521
147  TPM3u+I+G4    6558.781     24  13165.561    13166.792    13283.348
148  TPM3u+R2      6561.397     24  13170.794    13172.025    13288.580
149  TPM3u+R3      6555.181     26  13162.362    13163.805    13289.963
150  TPM3u+R4      Skipped 
151  TPM3u+R5      Skipped 
152  TPM3u+R6      Skipped 
153  TPM3u+R7      Skipped 
154  TPM3u+R8      Skipped 
155  TPM3u+R9      Skipped 
156  TPM3u+R10     Skipped 
157  TIMe          7021.462     20  14082.923    14083.781    14181.078
158  TIMe+I        6760.227     21  13562.455    13563.399    13665.518
159  TIMe+G4       6674.051     21  13390.102    13391.047    13493.165
160  TIMe+I+G4     6674.324     22  13392.648    13393.684    13500.619
161  TIMe+R2       6675.653     22  13395.305    13396.341    13503.276
162  TIMe+R3       6670.650     24  13389.299    13390.530    13507.086
163  TIMe+R4       Skipped 
164  TIMe+R5       Skipped 
165  TIMe+R6       Skipped 
166  TIMe+R7       Skipped 
167  TIMe+R8       Skipped 
168  TIMe+R9       Skipped 
169  TIMe+R10      Skipped 
170  TIM           6914.985     23  13875.970    13877.101    13988.848
171  TIM+I         6662.522     24  13373.043    13374.274    13490.829
172  TIM+G4        6559.532     24  13167.065    13168.296    13284.851
173  TIM+I+G4      6559.851     25  13169.702    13171.037    13292.396
174  TIM+R2        6563.310     25  13176.620    13177.955    13299.314
175  TIM+R3        6556.080     27  13166.159    13167.715    13298.669
176  TIM+R4        6555.995     29  13169.989    13171.783    13312.314
177  TIM+R5        Skipped 
178  TIM+R6        Skipped 
179  TIM+R7        Skipped 
180  TIM+R8        Skipped 
181  TIM+R9        Skipped 
182  TIM+R10       Skipped 
183  TIM2e         7001.255     20  14042.511    14043.369    14140.666
184  TIM2e+I       6733.302     21  13508.604    13509.549    13611.667
185  TIM2e+G4      6643.271     21  13328.541    13329.486    13431.604
186  TIM2e+I+G4    6643.356     22  13330.712    13331.748    13438.682
187  TIM2e+R2      6647.956     22  13339.913    13340.949    13447.883
188  TIM2e+R3      6640.784     24  13329.568    13330.799    13447.355
189  TIM2e+R4      6640.770     26  13333.540    13334.983    13461.141
190  TIM2e+R5      Skipped 
191  TIM2e+R6      Skipped 
192  TIM2e+R7      Skipped 
193  TIM2e+R8      Skipped 
194  TIM2e+R9      Skipped 
195  TIM2e+R10     Skipped 
196  TIM2          6922.476     23  13890.952    13892.083    14003.831
197  TIM2+I        6662.800     24  13373.600    13374.831    13491.386
198  TIM2+G4       6568.005     24  13184.010    13185.240    13301.796
199  TIM2+I+G4     6568.291     25  13186.582    13187.916    13309.275
200  TIM2+R2       6569.833     25  13189.666    13191.001    13312.360
201  TIM2+R3       6563.853     27  13181.706    13183.262    13314.215
202  TIM2+R4       Skipped 
203  TIM2+R5       Skipped 
204  TIM2+R6       Skipped 
205  TIM2+R7       Skipped 
206  TIM2+R8       Skipped 
207  TIM2+R9       Skipped 
208  TIM2+R10      Skipped 
209  TIM3e         7020.194     20  14080.388    14081.246    14178.543
210  TIM3e+I       6763.675     21  13569.349    13570.294    13672.412
211  TIM3e+G4      6676.989     21  13395.978    13396.922    13499.041
212  TIM3e+I+G4    6677.267     22  13398.535    13399.571    13506.505
213  TIM3e+R2      6678.333     22  13400.666    13401.702    13508.636
214  TIM3e+R3      6673.685     24  13395.369    13396.600    13513.156
215  TIM3e+R4      Skipped 
216  TIM3e+R5      Skipped 
217  TIM3e+R6      Skipped 
218  TIM3e+R7      Skipped 
219  TIM3e+R8      Skipped 
220  TIM3e+R9      Skipped 
221  TIM3e+R10     Skipped 
222  TIM3          6907.798     23  13861.595    13862.727    13974.474
223  TIM3+I        6662.238     24  13372.475    13373.706    13490.261
224  TIM3+G4       6558.431     24  13164.863    13166.094    13282.649
225  TIM3+I+G4     6558.736     25  13167.471    13168.806    13290.165
226  TIM3+R2       6561.231     25  13172.462    13173.796    13295.156
227  TIM3+R3       6555.241     27  13164.482    13166.038    13296.991
228  TIM3+R4       Skipped 
229  TIM3+R5       Skipped 
230  TIM3+R6       Skipped 
231  TIM3+R7       Skipped 
232  TIM3+R8       Skipped 
233  TIM3+R9       Skipped 
234  TIM3+R10      Skipped 
235  TVMe          6992.110     21  14026.221    14027.166    14129.284
236  TVMe+I        6724.530     22  13493.059    13494.095    13601.030
237  TVMe+G4       6634.774     22  13313.549    13314.585    13421.520
238  TVMe+I+G4     6634.905     23  13315.810    13316.941    13428.689
239  TVMe+R2       6637.885     23  13321.769    13322.900    13434.647
240  TVMe+R3       6632.629     25  13315.257    13316.592    13437.951
241  TVMe+R4       Skipped 
242  TVMe+R5       Skipped 
243  TVMe+R6       Skipped 
244  TVMe+R7       Skipped 
245  TVMe+R8       Skipped 
246  TVMe+R9       Skipped 
247  TVMe+R10      Skipped 
248  TVM           6896.927     24  13841.854    13843.085    13959.640
249  TVM+I         6646.286     25  13342.573    13343.907    13465.266
250  TVM+G4        6547.791     25  13145.583    13146.917    13268.277
251  TVM+I+G4      6548.190     26  13148.379    13149.822    13275.981
252  TVM+R2        6550.111     26  13152.222    13153.665    13279.824
253  TVM+R3        6544.880     28  13145.760    13147.432    13283.177
254  TVM+R4        Skipped 
255  TVM+R5        Skipped 
256  TVM+R6        Skipped 
257  TVM+R7        Skipped 
258  TVM+R8        Skipped 
259  TVM+R9        Skipped 
260  TVM+R10       Skipped 
261  SYM           6989.007     22  14022.014    14023.050    14129.985
262  SYM+I         6722.785     23  13491.569    13492.700    13604.447
263  SYM+G4        6631.863     23  13309.725    13310.856    13422.604
264  SYM+I+G4      6631.997     24  13311.995    13313.226    13429.781
265  SYM+R2        6635.872     24  13319.743    13320.974    13437.529
266  SYM+R3        6629.897     26  13311.794    13313.237    13439.395
267  SYM+R4        Skipped 
268  SYM+R5        Skipped 
269  SYM+R6        Skipped 
270  SYM+R7        Skipped 
271  SYM+R8        Skipped 
272  SYM+R9        Skipped 
273  SYM+R10       Skipped 
274  GTR           6896.872     25  13843.745    13845.079    13966.438
275  GTR+I         6646.138     26  13344.276    13345.719    13471.877
276  GTR+G4        6547.715     26  13147.431    13148.874    13275.032
277  GTR+I+G4      6548.093     27  13150.185    13151.741    13282.694
278  GTR+R2        6549.760     27  13153.521    13155.076    13286.030
279  GTR+R3        6544.773     29  13147.545    13149.339    13289.870
280  GTR+R4        Skipped 
281  GTR+R5        Skipped 
282  GTR+R6        Skipped 
283  GTR+R7        Skipped 
284  GTR+R8        Skipped 
285  GTR+R9        Skipped 
286  GTR+R10       Skipped 
Akaike Information Criterion:           TVM+G4
Corrected Akaike Information Criterion: TVM+G4
Bayesian Information Criterion:         TVM+G4
Best-fit model: TVM+G4 chosen according to BIC

All model information printed to ./results/gene11.phy.model
CPU time for ModelFinder: 7.469 seconds (0h:0m:7s)
Wall-clock time for ModelFinder: 8.031 seconds (0h:0m:8s)
Generating 1000 samples for ultrafast bootstrap (seed: 399528)...

NOTE: 2 MB RAM (0 GB) is required!
Estimate model parameters (epsilon = 0.100)
1. Initial log-likelihood: -6815.514
2. Current log-likelihood: -6557.208
3. Current log-likelihood: -6548.515
4. Current log-likelihood: -6547.998
Optimal log-likelihood: -6547.914
Rate parameters:  A-C: 2.700  A-G: 5.217  A-T: 0.816  C-G: 0.869  C-T: 5.217  G-T: 1.000
Base frequencies:   A: 0.379  C: 0.184  G: 0.192  T: 0.244
Gamma shape alpha: 0.468
Parameters optimization took 4 rounds (0.085 sec)
Computing ML distances based on estimated model parameters... 0.001 sec
Computing BIONJ tree...
0.000 seconds
Log-likelihood of BIONJ tree: -6549.430
--------------------------------------------------------------------
|             INITIALIZING CANDIDATE TREE SET                      |
--------------------------------------------------------------------
Generating 98 parsimony trees... 0.065 second
Computing log-likelihood of 95 initial trees ... 0.339 seconds
Current best score: -6544.126

Do NNI search on 20 best initial trees
Estimate model parameters (epsilon = 0.100)
BETTER TREE FOUND at iteration 1: -6542.887
BETTER TREE FOUND at iteration 2: -6542.886
Estimate model parameters (epsilon = 0.100)
BETTER TREE FOUND at iteration 8: -6542.570
Iteration 10 / LogL: -6544.165 / Time: 0h:0m:8s
Iteration 20 / LogL: -6542.893 / Time: 0h:0m:9s
Finish initializing candidate tree set (7)
Current best tree score: -6542.570 / CPU time: 1.296
Number of iterations: 20
--------------------------------------------------------------------
|               OPTIMIZING CANDIDATE TREE SET                      |
--------------------------------------------------------------------
WARNING: NNI search needs unusual large number of steps (7) to converge!
Iteration 30 / LogL: -6542.893 / Time: 0h:0m:9s (0h:0m:4s left)
Iteration 40 / LogL: -6542.893 / Time: 0h:0m:10s (0h:0m:3s left)
UPDATE BEST LOG-LIKELIHOOD: -6542.570
UPDATE BEST LOG-LIKELIHOOD: -6542.570
Iteration 50 / LogL: -6542.570 / Time: 0h:0m:10s (0h:0m:2s left)
Log-likelihood cutoff on original alignment: -6549.936
Iteration 60 / LogL: -6542.893 / Time: 0h:0m:10s (0h:0m:2s left)
Iteration 70 / LogL: -6542.893 / Time: 0h:0m:11s (0h:0m:1s left)
Iteration 80 / LogL: -6542.957 / Time: 0h:0m:11s (0h:0m:1s left)
Iteration 90 / LogL: -6546.112 / Time: 0h:0m:11s (0h:0m:0s left)
Iteration 100 / LogL: -6542.819 / Time: 0h:0m:12s (0h:0m:0s left)
Log-likelihood cutoff on original alignment: -6550.543
NOTE: Bootstrap correlation coefficient of split occurrence frequencies: 0.971
NOTE: UFBoot does not converge, continue at least 100 more iterations
Iteration 110 / LogL: -6542.571 / Time: 0h:0m:12s (0h:0m:3s left)
Iteration 120 / LogL: -6542.893 / Time: 0h:0m:13s (0h:0m:3s left)
Iteration 130 / LogL: -6542.818 / Time: 0h:0m:13s (0h:0m:2s left)
Iteration 140 / LogL: -6542.818 / Time: 0h:0m:14s (0h:0m:2s left)
Iteration 150 / LogL: -6542.818 / Time: 0h:0m:14s (0h:0m:2s left)
Log-likelihood cutoff on original alignment: -6551.090
Iteration 160 / LogL: -6542.818 / Time: 0h:0m:14s (0h:0m:1s left)
Iteration 170 / LogL: -6542.893 / Time: 0h:0m:15s (0h:0m:1s left)
Iteration 180 / LogL: -6542.818 / Time: 0h:0m:15s (0h:0m:0s left)
Iteration 190 / LogL: -6542.893 / Time: 0h:0m:15s (0h:0m:0s left)
Iteration 200 / LogL: -6542.819 / Time: 0h:0m:16s (0h:0m:0s left)
Log-likelihood cutoff on original alignment: -6551.119
NOTE: Bootstrap correlation coefficient of split occurrence frequencies: 0.977
NOTE: UFBoot does not converge, continue at least 100 more iterations
Iteration 210 / LogL: -6542.572 / Time: 0h:0m:16s (0h:0m:3s left)
Iteration 220 / LogL: -6542.818 / Time: 0h:0m:17s (0h:0m:3s left)
Iteration 230 / LogL: -6542.893 / Time: 0h:0m:17s (0h:0m:2s left)
Iteration 240 / LogL: -6542.614 / Time: 0h:0m:17s (0h:0m:2s left)
Iteration 250 / LogL: -6542.818 / Time: 0h:0m:18s (0h:0m:2s left)
Log-likelihood cutoff on original alignment: -6551.119
Iteration 260 / LogL: -6542.821 / Time: 0h:0m:18s (0h:0m:1s left)
Iteration 270 / LogL: -6542.893 / Time: 0h:0m:18s (0h:0m:1s left)
Iteration 280 / LogL: -6542.818 / Time: 0h:0m:19s (0h:0m:0s left)
WARNING: NNI search needs unusual large number of steps (7) to converge!
Iteration 290 / LogL: -6542.820 / Time: 0h:0m:19s (0h:0m:0s left)
Iteration 300 / LogL: -6542.609 / Time: 0h:0m:20s (0h:0m:0s left)
Log-likelihood cutoff on original alignment: -6551.119
NOTE: Bootstrap correlation coefficient of split occurrence frequencies: 0.992
TREE SEARCH COMPLETED AFTER 300 ITERATIONS / Time: 0h:0m:20s

--------------------------------------------------------------------
|                    FINALIZING TREE SEARCH                        |
--------------------------------------------------------------------
Performs final model parameters optimization
Estimate model parameters (epsilon = 0.010)
1. Initial log-likelihood: -6542.570
Optimal log-likelihood: -6542.569
Rate parameters:  A-C: 2.688  A-G: 5.203  A-T: 0.802  C-G: 0.862  C-T: 5.203  G-T: 1.000
Base frequencies:   A: 0.379  C: 0.184  G: 0.192  T: 0.244
Gamma shape alpha: 0.469
Parameters optimization took 1 rounds (0.006 sec)
BEST SCORE FOUND : -6542.569
Creating bootstrap support values...
Split supports printed to NEXUS file ./results/gene11.phy.splits.nex
Total tree length: 2.409

Total number of iterations: 300
CPU time used for tree search: 11.662 sec (0h:0m:11s)
Wall-clock time used for tree search: 11.921 sec (0h:0m:11s)
Total CPU time used: 19.279 sec (0h:0m:19s)
Total wall-clock time used: 20.099 sec (0h:0m:20s)

Computing bootstrap consensus tree...
Reading input file ./results/gene11.phy.splits.nex...
10 taxa and 172 splits.
Consensus tree written to ./results/gene11.phy.contree
Reading input trees file ./results/gene11.phy.contree
Log-likelihood of consensus tree: -6542.569

Analysis results written to: 
  IQ-TREE report:                ./results/gene11.phy.iqtree
  Maximum-likelihood tree:       ./results/gene11.phy.treefile
  Likelihood distances:          ./results/gene11.phy.mldist

Ultrafast bootstrap approximation results written to:
  Split support values:          ./results/gene11.phy.splits.nex
  Consensus tree:                ./results/gene11.phy.contree
  Screen log file:               ./results/gene11.phy.log

Date and Time: Tue Aug 22 17:45:43 2017
