IQ-TREE multicore version 1.5.4 for Linux 64-bit built Apr  2 2017
Copyright (c) 2011-2017 by Bui Quang Minh, Nguyen Lam Tung,
Olga Chernomor, Heiko Schmidt, and Arndt von Haeseler.

Host:    hpc-crick (AVX, 251 GB RAM)
Command: iqtree -s ./results/gene9.phy -nt 1 -bb 1000
Seed:    175454 (Using SPRNG - Scalable Parallel Random Number Generator)
Time:    Tue Aug 22 17:38:51 2017
Kernel:  AVX - 1 threads (40 CPU cores detected)

Reading alignment file ./results/gene9.phy ... Phylip format detected
Alignment most likely contains DNA/RNA sequences
Alignment has 10 sequences with 1000 columns and 464 patterns (329 informative sites, 400 constant sites)
   Gap/Ambiguity  Composition  p-value
   1  A    0.00%    passed     97.85%
   2  B    0.00%    passed     79.55%
   3  C    0.00%    passed     96.79%
   4  D    0.00%    passed     68.96%
   5  E    0.00%    passed     89.50%
   6  F    0.00%    passed     90.92%
   7  G    0.00%    passed     92.80%
   8  H    0.00%    passed     88.81%
   9  I    0.00%    passed     54.79%
  10  J    0.00%    passed     82.27%
****  TOTAL    0.00%  0 sequences failed composition chi2 test (p-value<5%; df=3)

Create initial parsimony tree by phylogenetic likelihood library (PLL)... 0.001 seconds

NOTE: ModelFinder requires 3 MB RAM!
ModelFinder will test 286 DNA models (sample size: 1000) ...
 No. Model         -LnL         df  AIC          AICc         BIC
  1  JC            7363.667     17  14761.335    14761.958    14844.767
  2  JC+I          7113.131     18  14262.261    14262.959    14350.601
  3  JC+G4         7049.206     18  14134.412    14135.110    14222.752
  4  JC+I+G4       7049.385     19  14136.770    14137.545    14230.017
  5  JC+R2         7055.589     19  14149.178    14149.954    14242.426
  6  JC+R3         7049.052     21  14140.104    14141.049    14243.167
  7  JC+R4         Skipped 
  8  JC+R5         Skipped 
  9  JC+R6         Skipped 
 10  JC+R7         Skipped 
 11  JC+R8         Skipped 
 12  JC+R9         Skipped 
 13  JC+R10        Skipped 
 14  F81           7245.154     20  14530.308    14531.166    14628.463
 15  F81+I         6992.152     21  14026.304    14027.249    14129.367
 16  F81+G4        6919.407     21  13880.814    13881.759    13983.877
 17  F81+I+G4      6919.892     22  13883.785    13884.821    13991.756
 18  F81+R2        6925.794     22  13895.587    13896.623    14003.558
 19  F81+R3        6919.354     24  13886.707    13887.938    14004.493
 20  F81+R4        Skipped 
 21  F81+R5        Skipped 
 22  F81+R6        Skipped 
 23  F81+R7        Skipped 
 24  F81+R8        Skipped 
 25  F81+R9        Skipped 
 26  F81+R10       Skipped 
 27  K2P           7231.766     18  14499.533    14500.230    14587.872
 28  K2P+I         6966.873     19  13971.746    13972.521    14064.993
 29  K2P+G4        6878.130     19  13794.261    13795.036    13887.508
 30  K2P+I+G4      6878.416     20  13796.831    13797.689    13894.986
 31  K2P+R2        6889.156     20  13818.312    13819.170    13916.467
 32  K2P+R3        6877.341     22  13798.682    13799.717    13906.652
 33  K2P+R4        6877.222     24  13802.445    13803.676    13920.231
 34  K2P+R5        Skipped 
 35  K2P+R6        Skipped 
 36  K2P+R7        Skipped 
 37  K2P+R8        Skipped 
 38  K2P+R9        Skipped 
 39  K2P+R10       Skipped 
 40  HKY           7119.394     21  14280.789    14281.734    14383.852
 41  HKY+I         6841.764     22  13727.527    13728.563    13835.498
 42  HKY+G4        6742.946     22  13529.893    13530.928    13637.863
 43  HKY+I+G4      6742.769     23  13531.539    13532.670    13644.417
 44  HKY+R2        6758.875     23  13563.751    13564.882    13676.629
 45  HKY+R3        6741.753     25  13533.506    13534.841    13656.200
 46  HKY+R4        6741.518     27  13537.036    13538.592    13669.546
 47  HKY+R5        Skipped 
 48  HKY+R6        Skipped 
 49  HKY+R7        Skipped 
 50  HKY+R8        Skipped 
 51  HKY+R9        Skipped 
 52  HKY+R10       Skipped 
 53  TNe           7231.754     19  14501.509    14502.284    14594.756
 54  TNe+I         6966.238     20  13972.476    13973.334    14070.631
 55  TNe+G4        6877.742     20  13795.485    13796.343    13893.640
 56  TNe+I+G4      6877.828     21  13797.656    13798.601    13900.719
 57  TNe+R2        6889.122     21  13820.245    13821.190    13923.308
 58  TNe+R3        6876.775     23  13799.550    13800.681    13912.429
 59  TNe+R4        6876.517     25  13803.034    13804.369    13925.728
 60  TNe+R5        Skipped 
 61  TNe+R6        Skipped 
 62  TNe+R7        Skipped 
 63  TNe+R8        Skipped 
 64  TNe+R9        Skipped 
 65  TNe+R10       Skipped 
 66  TN            7110.514     22  14265.029    14266.065    14372.999
 67  TN+I          6838.113     23  13722.227    13723.358    13835.105
 68  TN+G4         6736.339     23  13518.678    13519.809    13631.556
 69  TN+I+G4       6736.637     24  13521.274    13522.505    13639.060
 70  TN+R2         6747.330     24  13542.660    13543.891    13660.446
 71  TN+R3         6735.923     26  13523.847    13525.290    13651.449
 72  TN+R4         6735.812     28  13527.625    13529.297    13665.042
 73  TN+R5         Skipped 
 74  TN+R6         Skipped 
 75  TN+R7         Skipped 
 76  TN+R8         Skipped 
 77  TN+R9         Skipped 
 78  TN+R10        Skipped 
 79  K3P           7228.775     19  14495.549    14496.325    14588.796
 80  K3P+I         6963.037     20  13966.074    13966.932    14064.229
 81  K3P+G4        6873.934     20  13787.868    13788.726    13886.023
 82  K3P+I+G4      6874.029     21  13790.058    13791.003    13893.121
 83  K3P+R2        6884.778     21  13811.557    13812.501    13914.619
 84  K3P+R3        6873.234     23  13792.468    13793.599    13905.346
 85  K3P+R4        6873.091     25  13796.181    13797.516    13918.875
 86  K3P+R5        Skipped 
 87  K3P+R6        Skipped 
 88  K3P+R7        Skipped 
 89  K3P+R8        Skipped 
 90  K3P+R9        Skipped 
 91  K3P+R10       Skipped 
 92  K3Pu          7110.700     22  14265.400    14266.435    14373.370
 93  K3Pu+I        6829.930     23  13705.859    13706.990    13818.737
 94  K3Pu+G4       6730.903     23  13507.807    13508.938    13620.685
 95  K3Pu+I+G4     6730.465     24  13508.930    13510.160    13626.716
 96  K3Pu+R2       6747.932     24  13543.863    13545.094    13661.649
 97  K3Pu+R3       6729.680     26  13511.360    13512.803    13638.962
 98  K3Pu+R4       6729.646     28  13515.293    13516.965    13652.710
 99  K3Pu+R5       Skipped 
100  K3Pu+R6       Skipped 
101  K3Pu+R7       Skipped 
102  K3Pu+R8       Skipped 
103  K3Pu+R9       Skipped 
104  K3Pu+R10      Skipped 
105  TPM2          7117.014     22  14278.029    14279.065    14386.000
106  TPM2+I        6839.847     23  13725.694    13726.825    13838.572
107  TPM2+G4       6742.765     23  13531.530    13532.661    13644.409
108  TPM2+I+G4     6742.521     24  13533.043    13534.274    13650.829
109  TPM2+R2       6757.675     24  13563.350    13564.580    13681.136
110  TPM2+R3       6741.605     26  13535.210    13536.653    13662.812
111  TPM2+R4       6741.382     28  13538.764    13540.436    13676.181
112  TPM2+R5       Skipped 
113  TPM2+R6       Skipped 
114  TPM2+R7       Skipped 
115  TPM2+R8       Skipped 
116  TPM2+R9       Skipped 
117  TPM2+R10      Skipped 
118  TPM2u         7117.025     22  14278.050    14279.085    14386.020
119  TPM2u+I       6839.830     23  13725.660    13726.791    13838.538
120  TPM2u+G4      6742.762     23  13531.523    13532.654    13644.402
121  TPM2u+I+G4    6742.520     24  13533.040    13534.271    13650.826
122  TPM2u+R2      6757.684     24  13563.369    13564.600    13681.155
123  TPM2u+R3      6741.588     26  13535.176    13536.619    13662.777
124  TPM2u+R4      6741.363     28  13538.726    13540.399    13676.144
125  TPM2u+R5      Skipped 
126  TPM2u+R6      Skipped 
127  TPM2u+R7      Skipped 
128  TPM2u+R8      Skipped 
129  TPM2u+R9      Skipped 
130  TPM2u+R10     Skipped 
131  TPM3          7113.319     22  14270.638    14271.674    14378.609
132  TPM3+I        6832.722     23  13711.444    13712.575    13824.323
133  TPM3+G4       6734.940     23  13515.879    13517.010    13628.758
134  TPM3+I+G4     6734.389     24  13516.778    13518.009    13634.564
135  TPM3+R2       6752.604     24  13553.208    13554.439    13670.995
136  TPM3+R3       6733.660     26  13519.320    13520.763    13646.922
137  TPM3+R4       6733.602     28  13523.203    13524.876    13660.620
138  TPM3+R5       Skipped 
139  TPM3+R6       Skipped 
140  TPM3+R7       Skipped 
141  TPM3+R8       Skipped 
142  TPM3+R9       Skipped 
143  TPM3+R10      Skipped 
144  TPM3u         7113.331     22  14270.662    14271.698    14378.633
145  TPM3u+I       6832.722     23  13711.444    13712.575    13824.322
146  TPM3u+G4      6734.941     23  13515.883    13517.014    13628.761
147  TPM3u+I+G4    6734.389     24  13516.778    13518.009    13634.564
148  TPM3u+R2      6752.606     24  13553.211    13554.442    13670.998
149  TPM3u+R3      6733.670     26  13519.341    13520.784    13646.942
150  TPM3u+R4      6733.602     28  13523.205    13524.877    13660.622
151  TPM3u+R5      Skipped 
152  TPM3u+R6      Skipped 
153  TPM3u+R7      Skipped 
154  TPM3u+R8      Skipped 
155  TPM3u+R9      Skipped 
156  TPM3u+R10     Skipped 
157  TIMe          7228.758     20  14497.515    14498.373    14595.670
158  TIMe+I        6962.373     21  13966.746    13967.690    14069.808
159  TIMe+G4       6873.511     21  13789.022    13789.967    13892.085
160  TIMe+I+G4     6873.478     22  13790.957    13791.993    13898.928
161  TIMe+R2       6884.712     22  13813.423    13814.459    13921.394
162  TIMe+R3       6872.660     24  13793.319    13794.550    13911.105
163  TIMe+R4       6871.122     26  13794.245    13795.688    13921.847
164  TIMe+R5       Skipped 
165  TIMe+R6       Skipped 
166  TIMe+R7       Skipped 
167  TIMe+R8       Skipped 
168  TIMe+R9       Skipped 
169  TIMe+R10      Skipped 
170  TIM           7101.625     23  14249.250    14250.381    14362.128
171  TIM+I         6826.218     24  13700.437    13701.667    13818.223
172  TIM+G4        6724.622     24  13497.244    13498.475    13615.030
173  TIM+I+G4      6724.953     25  13499.906    13501.241    13622.600
174  TIM+R2        6737.533     25  13525.066    13526.401    13647.760
175  TIM+R3        6724.531     27  13503.063    13504.618    13635.572
176  TIM+R4        6724.424     29  13506.849    13508.642    13649.173
177  TIM+R5        Skipped 
178  TIM+R6        Skipped 
179  TIM+R7        Skipped 
180  TIM+R8        Skipped 
181  TIM+R9        Skipped 
182  TIM+R10       Skipped 
183  TIM2e         7219.703     20  14479.407    14480.265    14577.562
184  TIM2e+I       6953.421     21  13948.841    13949.786    14051.904
185  TIM2e+G4      6858.437     21  13758.875    13759.819    13861.937
186  TIM2e+I+G4    6858.381     22  13760.762    13761.798    13868.732
187  TIM2e+R2      6871.597     22  13787.194    13788.230    13895.164
188  TIM2e+R3      6856.561     24  13761.121    13762.352    13878.908
189  TIM2e+R4      6855.046     26  13762.092    13763.535    13889.693
190  TIM2e+R5      Skipped 
191  TIM2e+R6      Skipped 
192  TIM2e+R7      Skipped 
193  TIM2e+R8      Skipped 
194  TIM2e+R9      Skipped 
195  TIM2e+R10     Skipped 
196  TIM2          7107.872     23  14261.744    14262.875    14374.622
197  TIM2+I        6836.153     24  13720.307    13721.538    13838.093
198  TIM2+G4       6735.590     24  13519.181    13520.412    13636.967
199  TIM2+I+G4     6735.874     25  13521.748    13523.082    13644.442
200  TIM2+R2       6745.770     25  13541.539    13542.874    13664.233
201  TIM2+R3       6735.136     27  13524.272    13525.827    13656.781
202  TIM2+R4       6735.000     29  13528.000    13529.794    13670.325
203  TIM2+R5       Skipped 
204  TIM2+R6       Skipped 
205  TIM2+R7       Skipped 
206  TIM2+R8       Skipped 
207  TIM2+R9       Skipped 
208  TIM2+R10      Skipped 
209  TIM3e         7231.418     20  14502.837    14503.695    14600.992
210  TIM3e+I       6965.431     21  13972.863    13973.807    14075.925
211  TIM3e+G4      6877.330     21  13796.660    13797.604    13899.723
212  TIM3e+I+G4    6877.214     22  13798.429    13799.465    13906.399
213  TIM3e+R2      6888.942     22  13821.884    13822.920    13929.855
214  TIM3e+R3      6876.296     24  13800.592    13801.823    13918.378
215  TIM3e+R4      6874.771     26  13801.542    13802.985    13929.144
216  TIM3e+R5      Skipped 
217  TIM3e+R6      Skipped 
218  TIM3e+R7      Skipped 
219  TIM3e+R8      Skipped 
220  TIM3e+R9      Skipped 
221  TIM3e+R10     Skipped 
222  TIM3          7103.355     23  14252.710    14253.841    14365.589
223  TIM3+I        6828.181     24  13704.362    13705.593    13822.149
224  TIM3+G4       6727.266     24  13502.532    13503.763    13620.319
225  TIM3+I+G4     6727.467     25  13504.934    13506.268    13627.628
226  TIM3+R2       6740.743     25  13531.486    13532.820    13654.180
227  TIM3+R3       6727.187     27  13508.374    13509.930    13640.884
228  TIM3+R4       6726.683     29  13511.367    13513.160    13653.692
229  TIM3+R5       Skipped 
230  TIM3+R6       Skipped 
231  TIM3+R7       Skipped 
232  TIM3+R8       Skipped 
233  TIM3+R9       Skipped 
234  TIM3+R10      Skipped 
235  TVMe          7214.993     21  14471.986    14472.931    14575.049
236  TVMe+I        6948.463     22  13940.925    13941.961    14048.896
237  TVMe+G4       6852.648     22  13749.296    13750.332    13857.267
238  TVMe+I+G4     6852.732     23  13751.464    13752.595    13864.342
239  TVMe+R2       6864.848     23  13775.696    13776.827    13888.574
240  TVMe+R3       6851.279     25  13752.558    13753.893    13875.252
241  TVMe+R4       6850.026     27  13754.053    13755.609    13886.562
242  TVMe+R5       Skipped 
243  TVMe+R6       Skipped 
244  TVMe+R7       Skipped 
245  TVMe+R8       Skipped 
246  TVMe+R9       Skipped 
247  TVMe+R10      Skipped 
248  TVM           7105.294     24  14258.588    14259.818    14376.374
249  TVM+I         6823.983     25  13697.967    13699.301    13820.660
250  TVM+G4        6727.583     25  13505.166    13506.500    13627.860
251  TVM+I+G4      6727.078     26  13506.156    13507.599    13633.757
252  TVM+R2        6744.073     26  13540.146    13541.589    13667.747
253  TVM+R3        6726.512     28  13509.023    13510.696    13646.440
254  TVM+R4        6726.444     30  13512.888    13514.808    13660.121
255  TVM+R5        Skipped 
256  TVM+R6        Skipped 
257  TVM+R7        Skipped 
258  TVM+R8        Skipped 
259  TVM+R9        Skipped 
260  TVM+R10       Skipped 
261  SYM           7215.020     22  14474.040    14475.076    14582.011
262  SYM+I         6947.879     23  13941.759    13942.890    14054.637
263  SYM+G4        6851.825     23  13749.650    13750.781    13862.529
264  SYM+I+G4      6851.734     24  13751.469    13752.700    13869.255
265  SYM+R2        6864.487     24  13776.974    13778.205    13894.760
266  SYM+R3        6850.211     26  13752.423    13753.866    13880.024
267  SYM+R4        6850.122     28  13756.243    13757.916    13893.661
268  SYM+R5        Skipped 
269  SYM+R6        Skipped 
270  SYM+R7        Skipped 
271  SYM+R8        Skipped 
272  SYM+R9        Skipped 
273  SYM+R10       Skipped 
274  GTR           7095.017     25  14240.034    14241.368    14362.727
275  GTR+I         6819.682     26  13691.364    13692.807    13818.966
276  GTR+G4        6719.346     26  13490.693    13492.136    13618.294
277  GTR+I+G4      6719.667     27  13493.334    13494.890    13625.844
278  GTR+R2        6732.508     27  13519.016    13520.572    13651.526
279  GTR+R3        6719.021     29  13496.041    13497.835    13638.366
280  GTR+R4        6718.983     31  13499.965    13502.015    13652.106
281  GTR+R5        Skipped 
282  GTR+R6        Skipped 
283  GTR+R7        Skipped 
284  GTR+R8        Skipped 
285  GTR+R9        Skipped 
286  GTR+R10       Skipped 
Akaike Information Criterion:           GTR+G4
Corrected Akaike Information Criterion: GTR+G4
Bayesian Information Criterion:         TIM+G4
Best-fit model: TIM+G4 chosen according to BIC

All model information printed to ./results/gene9.phy.model
CPU time for ModelFinder: 11.588 seconds (0h:0m:11s)
Wall-clock time for ModelFinder: 16.245 seconds (0h:0m:16s)
Generating 1000 samples for ultrafast bootstrap (seed: 175454)...

NOTE: 2 MB RAM (0 GB) is required!
Estimate model parameters (epsilon = 0.100)
1. Initial log-likelihood: -6983.998
2. Current log-likelihood: -6738.765
3. Current log-likelihood: -6726.929
4. Current log-likelihood: -6726.175
Optimal log-likelihood: -6726.083
Rate parameters:  A-C: 1.000  A-G: 2.078  A-T: 0.422  C-G: 0.422  C-T: 3.480  G-T: 1.000
Base frequencies:   A: 0.417  C: 0.152  G: 0.208  T: 0.223
Gamma shape alpha: 0.470
Parameters optimization took 4 rounds (0.107 sec)
Computing ML distances based on estimated model parameters... 0.002 sec
Computing BIONJ tree...
0.000 seconds
Log-likelihood of BIONJ tree: -6716.982
--------------------------------------------------------------------
|             INITIALIZING CANDIDATE TREE SET                      |
--------------------------------------------------------------------
Generating 98 parsimony trees... 0.127 second
Computing log-likelihood of 97 initial trees ... 0.625 seconds
Current best score: -6716.982

Do NNI search on 20 best initial trees
Estimate model parameters (epsilon = 0.100)
BETTER TREE FOUND at iteration 1: -6715.175
Iteration 10 / LogL: -6715.275 / Time: 0h:0m:18s
Iteration 20 / LogL: -6721.469 / Time: 0h:0m:18s
Finish initializing candidate tree set (15)
Current best tree score: -6715.175 / CPU time: 2.347
Number of iterations: 20
--------------------------------------------------------------------
|               OPTIMIZING CANDIDATE TREE SET                      |
--------------------------------------------------------------------
Iteration 30 / LogL: -6715.176 / Time: 0h:0m:18s (0h:0m:6s left)
UPDATE BEST LOG-LIKELIHOOD: -6715.175
Iteration 40 / LogL: -6715.275 / Time: 0h:0m:19s (0h:0m:4s left)
Iteration 50 / LogL: -6715.275 / Time: 0h:0m:19s (0h:0m:3s left)
Log-likelihood cutoff on original alignment: -6728.365
Iteration 60 / LogL: -6716.365 / Time: 0h:0m:20s (0h:0m:2s left)
Iteration 70 / LogL: -6715.175 / Time: 0h:0m:20s (0h:0m:1s left)
Iteration 80 / LogL: -6715.212 / Time: 0h:0m:20s (0h:0m:1s left)
Iteration 90 / LogL: -6715.275 / Time: 0h:0m:21s (0h:0m:0s left)
Iteration 100 / LogL: -6715.974 / Time: 0h:0m:21s (0h:0m:0s left)
Log-likelihood cutoff on original alignment: -6728.365
NOTE: Bootstrap correlation coefficient of split occurrence frequencies: 0.995
TREE SEARCH COMPLETED AFTER 102 ITERATIONS / Time: 0h:0m:21s

--------------------------------------------------------------------
|                    FINALIZING TREE SEARCH                        |
--------------------------------------------------------------------
Performs final model parameters optimization
Estimate model parameters (epsilon = 0.010)
1. Initial log-likelihood: -6715.175
Optimal log-likelihood: -6715.170
Rate parameters:  A-C: 1.000  A-G: 2.081  A-T: 0.403  C-G: 0.403  C-T: 3.497  G-T: 1.000
Base frequencies:   A: 0.417  C: 0.152  G: 0.208  T: 0.223
Gamma shape alpha: 0.484
Parameters optimization took 1 rounds (0.008 sec)
BEST SCORE FOUND : -6715.170
Creating bootstrap support values...
Split supports printed to NEXUS file ./results/gene9.phy.splits.nex
Total tree length: 2.720

Total number of iterations: 102
CPU time used for tree search: 3.936 sec (0h:0m:3s)
Wall-clock time used for tree search: 5.279 sec (0h:0m:5s)
Total CPU time used: 15.654 sec (0h:0m:15s)
Total wall-clock time used: 21.737 sec (0h:0m:21s)

Computing bootstrap consensus tree...
Reading input file ./results/gene9.phy.splits.nex...
10 taxa and 135 splits.
Consensus tree written to ./results/gene9.phy.contree
Reading input trees file ./results/gene9.phy.contree
Log-likelihood of consensus tree: -6715.170

Analysis results written to: 
  IQ-TREE report:                ./results/gene9.phy.iqtree
  Maximum-likelihood tree:       ./results/gene9.phy.treefile
  Likelihood distances:          ./results/gene9.phy.mldist

Ultrafast bootstrap approximation results written to:
  Split support values:          ./results/gene9.phy.splits.nex
  Consensus tree:                ./results/gene9.phy.contree
  Screen log file:               ./results/gene9.phy.log

Date and Time: Tue Aug 22 17:39:13 2017
