IQ-TREE multicore version 1.5.4 for Linux 64-bit built Apr  2 2017
Copyright (c) 2011-2017 by Bui Quang Minh, Nguyen Lam Tung,
Olga Chernomor, Heiko Schmidt, and Arndt von Haeseler.

Host:    hpc-crick (AVX, 251 GB RAM)
Command: iqtree -s ./results/gene1.phy -nt 1 -bb 1000
Seed:    487744 (Using SPRNG - Scalable Parallel Random Number Generator)
Time:    Tue Aug 22 17:40:48 2017
Kernel:  AVX - 1 threads (40 CPU cores detected)

Reading alignment file ./results/gene1.phy ... Phylip format detected
Alignment most likely contains DNA/RNA sequences
Alignment has 10 sequences with 1000 columns and 455 patterns (318 informative sites, 392 constant sites)
   Gap/Ambiguity  Composition  p-value
   1  A    0.00%    passed     96.11%
   2  B    0.00%    passed     93.09%
   3  C    0.00%    passed     89.80%
   4  D    0.00%    passed     39.86%
   5  E    0.00%    passed     78.92%
   6  F    0.00%    passed     84.31%
   7  G    0.00%    passed     88.58%
   8  H    0.00%    passed     99.85%
   9  I    0.00%    passed     73.54%
  10  J    0.00%    passed     62.29%
****  TOTAL    0.00%  0 sequences failed composition chi2 test (p-value<5%; df=3)

Create initial parsimony tree by phylogenetic likelihood library (PLL)... 0.001 seconds

NOTE: ModelFinder requires 3 MB RAM!
ModelFinder will test 286 DNA models (sample size: 1000) ...
 No. Model         -LnL         df  AIC          AICc         BIC
  1  JC            7306.030     17  14646.061    14646.684    14729.493
  2  JC+I          7096.536     18  14229.073    14229.770    14317.412
  3  JC+G4         7032.079     18  14100.158    14100.855    14188.498
  4  JC+I+G4       7032.546     19  14103.092    14103.868    14196.339
  5  JC+R2         7036.916     19  14111.832    14112.607    14205.079
  6  JC+R3         7031.371     21  14104.741    14105.686    14207.804
  7  JC+R4         Skipped 
  8  JC+R5         Skipped 
  9  JC+R6         Skipped 
 10  JC+R7         Skipped 
 11  JC+R8         Skipped 
 12  JC+R9         Skipped 
 13  JC+R10        Skipped 
 14  F81           7193.616     20  14427.233    14428.091    14525.388
 15  F81+I         6976.877     21  13995.754    13996.699    14098.817
 16  F81+G4        6906.376     21  13854.751    13855.696    13957.814
 17  F81+I+G4      6906.293     22  13856.585    13857.621    13964.556
 18  F81+R2        6916.506     22  13877.011    13878.047    13984.982
 19  F81+R3        6901.643     24  13851.287    13852.517    13969.073
 20  F81+R4        6901.744     26  13855.488    13856.930    13983.089
 21  F81+R5        Skipped 
 22  F81+R6        Skipped 
 23  F81+R7        Skipped 
 24  F81+R8        Skipped 
 25  F81+R9        Skipped 
 26  F81+R10       Skipped 
 27  K2P           7179.512     18  14395.023    14395.721    14483.363
 28  K2P+I         6962.570     19  13963.139    13963.915    14056.386
 29  K2P+G4        6885.978     19  13809.956    13810.731    13903.203
 30  K2P+I+G4      6886.318     20  13812.636    13813.494    13910.791
 31  K2P+R2        6893.310     20  13826.620    13827.478    13924.775
 32  K2P+R3        6882.635     22  13809.270    13810.306    13917.241
 33  K2P+R4        6882.490     24  13812.980    13814.210    13930.766
 34  K2P+R5        Skipped 
 35  K2P+R6        Skipped 
 36  K2P+R7        Skipped 
 37  K2P+R8        Skipped 
 38  K2P+R9        Skipped 
 39  K2P+R10       Skipped 
 40  HKY           7061.201     21  14164.401    14165.346    14267.464
 41  HKY+I         6843.548     22  13731.097    13732.133    13839.068
 42  HKY+G4        6757.274     22  13558.548    13559.584    13666.519
 43  HKY+I+G4      6757.382     23  13560.763    13561.894    13673.642
 44  HKY+R2        6769.651     23  13585.302    13586.433    13698.180
 45  HKY+R3        6749.033     25  13548.065    13549.400    13670.759
 46  HKY+R4        6748.942     27  13551.884    13553.440    13684.393
 47  HKY+R5        Skipped 
 48  HKY+R6        Skipped 
 49  HKY+R7        Skipped 
 50  HKY+R8        Skipped 
 51  HKY+R9        Skipped 
 52  HKY+R10       Skipped 
 53  TNe           7174.336     19  14386.673    14387.448    14479.920
 54  TNe+I         6959.687     20  13959.374    13960.232    14057.529
 55  TNe+G4        6877.822     20  13795.644    13796.502    13893.799
 56  TNe+I+G4      6878.277     21  13798.554    13799.499    13901.617
 57  TNe+R2        6884.078     21  13810.156    13811.100    13913.219
 58  TNe+R3        6874.605     23  13795.210    13796.341    13908.088
 59  TNe+R4        6874.217     25  13798.433    13799.768    13921.127
 60  TNe+R5        Skipped 
 61  TNe+R6        Skipped 
 62  TNe+R7        Skipped 
 63  TNe+R8        Skipped 
 64  TNe+R9        Skipped 
 65  TNe+R10       Skipped 
 66  TN            7061.147     22  14166.294    14167.330    14274.264
 67  TN+I          6842.520     23  13731.040    13732.171    13843.919
 68  TN+G4         6757.392     23  13560.784    13561.915    13673.663
 69  TN+I+G4       6757.266     24  13562.532    13563.763    13680.318
 70  TN+R2         6769.102     24  13586.204    13587.434    13703.990
 71  TN+R3         6749.034     26  13550.068    13551.511    13677.669
 72  TN+R4         6748.807     28  13553.615    13555.287    13691.032
 73  TN+R5         Skipped 
 74  TN+R6         Skipped 
 75  TN+R7         Skipped 
 76  TN+R8         Skipped 
 77  TN+R9         Skipped 
 78  TN+R10        Skipped 
 79  K3P           7177.828     19  14393.655    14394.431    14486.903
 80  K3P+I         6960.480     20  13960.960    13961.818    14059.115
 81  K3P+G4        6883.090     20  13806.181    13807.039    13904.336
 82  K3P+I+G4      6883.275     21  13808.551    13809.496    13911.614
 83  K3P+R2        6890.414     21  13822.827    13823.772    13925.890
 84  K3P+R3        6879.742     23  13805.483    13806.615    13918.362
 85  K3P+R4        6879.477     25  13808.954    13810.289    13931.648
 86  K3P+R5        Skipped 
 87  K3P+R6        Skipped 
 88  K3P+R7        Skipped 
 89  K3P+R8        Skipped 
 90  K3P+R9        Skipped 
 91  K3P+R10       Skipped 
 92  K3Pu          7051.465     22  14146.930    14147.966    14254.900
 93  K3Pu+I        6834.395     23  13714.790    13715.921    13827.668
 94  K3Pu+G4       6745.984     23  13537.967    13539.098    13650.845
 95  K3Pu+I+G4     6745.952     24  13539.905    13541.135    13657.691
 96  K3Pu+R2       6759.514     24  13567.027    13568.258    13684.813
 97  K3Pu+R3       6738.603     26  13529.206    13530.649    13656.808
 98  K3Pu+R4       6738.275     28  13532.551    13534.223    13669.968
 99  K3Pu+R5       Skipped 
100  K3Pu+R6       Skipped 
101  K3Pu+R7       Skipped 
102  K3Pu+R8       Skipped 
103  K3Pu+R9       Skipped 
104  K3Pu+R10      Skipped 
105  TPM2          7054.649     22  14153.299    14154.334    14261.269
106  TPM2+I        6834.665     23  13715.330    13716.461    13828.208
107  TPM2+G4       6751.963     23  13549.927    13551.058    13662.805
108  TPM2+I+G4     6751.852     24  13551.704    13552.935    13669.490
109  TPM2+R2       6762.900     24  13573.799    13575.030    13691.585
110  TPM2+R3       6744.215     26  13540.431    13541.874    13668.032
111  TPM2+R4       6744.001     28  13544.002    13545.675    13681.419
112  TPM2+R5       Skipped 
113  TPM2+R6       Skipped 
114  TPM2+R7       Skipped 
115  TPM2+R8       Skipped 
116  TPM2+R9       Skipped 
117  TPM2+R10      Skipped 
118  TPM2u         7054.760     22  14153.520    14154.556    14261.491
119  TPM2u+I       6834.667     23  13715.335    13716.466    13828.213
120  TPM2u+G4      6751.970     23  13549.940    13551.071    13662.818
121  TPM2u+I+G4    6751.861     24  13551.722    13552.953    13669.508
122  TPM2u+R2      6762.901     24  13573.802    13575.033    13691.588
123  TPM2u+R3      6744.221     26  13540.442    13541.885    13668.044
124  TPM2u+R4      6744.010     28  13544.020    13545.693    13681.437
125  TPM2u+R5      Skipped 
126  TPM2u+R6      Skipped 
127  TPM2u+R7      Skipped 
128  TPM2u+R8      Skipped 
129  TPM2u+R9      Skipped 
130  TPM2u+R10     Skipped 
131  TPM3          7043.513     22  14131.025    14132.061    14238.996
132  TPM3+I        6829.750     23  13705.499    13706.631    13818.378
133  TPM3+G4       6737.652     23  13521.305    13522.436    13634.183
134  TPM3+I+G4     6737.338     24  13522.676    13523.907    13640.462
135  TPM3+R2       6755.006     24  13558.012    13559.243    13675.798
136  TPM3+R3       6728.441     26  13508.882    13510.325    13636.484
137  TPM3+R4       6728.386     28  13512.771    13514.444    13650.188
138  TPM3+R5       Skipped 
139  TPM3+R6       Skipped 
140  TPM3+R7       Skipped 
141  TPM3+R8       Skipped 
142  TPM3+R9       Skipped 
143  TPM3+R10      Skipped 
144  TPM3u         7043.506     22  14131.011    14132.047    14238.982
145  TPM3u+I       6829.750     23  13705.500    13706.631    13818.378
146  TPM3u+G4      6737.692     23  13521.383    13522.515    13634.262
147  TPM3u+I+G4    6737.334     24  13522.668    13523.899    13640.454
148  TPM3u+R2      6755.012     24  13558.025    13559.256    13675.811
149  TPM3u+R3      6728.414     26  13508.827    13510.270    13636.429
150  TPM3u+R4      6728.370     28  13512.739    13514.412    13650.157
151  TPM3u+R5      Skipped 
152  TPM3u+R6      Skipped 
153  TPM3u+R7      Skipped 
154  TPM3u+R8      Skipped 
155  TPM3u+R9      Skipped 
156  TPM3u+R10     Skipped 
157  TIMe          7172.727     20  14385.453    14386.311    14483.609
158  TIMe+I        6957.672     21  13957.343    13958.288    14060.406
159  TIMe+G4       6875.022     21  13792.044    13792.989    13895.107
160  TIMe+I+G4     6875.362     22  13794.725    13795.761    13902.695
161  TIMe+R2       6881.310     22  13806.620    13807.656    13914.591
162  TIMe+R3       6871.883     24  13791.766    13792.996    13909.552
163  TIMe+R4       6870.813     26  13793.625    13795.068    13921.227
164  TIMe+R5       Skipped 
165  TIMe+R6       Skipped 
166  TIMe+R7       Skipped 
167  TIMe+R8       Skipped 
168  TIMe+R9       Skipped 
169  TIMe+R10      Skipped 
170  TIM           7051.248     23  14148.496    14149.627    14261.375
171  TIM+I         6833.278     24  13714.557    13715.787    13832.343
172  TIM+G4        6746.057     24  13540.115    13541.345    13657.901
173  TIM+I+G4      6745.893     25  13541.786    13543.121    13664.480
174  TIM+R2        6759.007     25  13568.014    13569.349    13690.708
175  TIM+R3        6738.477     27  13530.955    13532.510    13663.464
176  TIM+R4        6737.386     29  13532.773    13534.566    13675.097
177  TIM+R5        Skipped 
178  TIM+R6        Skipped 
179  TIM+R7        Skipped 
180  TIM+R8        Skipped 
181  TIM+R9        Skipped 
182  TIM+R10       Skipped 
183  TIM2e         7150.443     20  14340.887    14341.745    14439.042
184  TIM2e+I       6930.902     21  13903.804    13904.749    14006.867
185  TIM2e+G4      6838.789     21  13719.578    13720.523    13822.641
186  TIM2e+I+G4    6839.264     22  13722.527    13723.563    13830.498
187  TIM2e+R2      6843.115     22  13730.229    13731.265    13838.200
188  TIM2e+R3      6834.413     24  13716.827    13718.058    13834.613
189  TIM2e+R4      6834.075     26  13720.150    13721.593    13847.752
190  TIM2e+R5      Skipped 
191  TIM2e+R6      Skipped 
192  TIM2e+R7      Skipped 
193  TIM2e+R8      Skipped 
194  TIM2e+R9      Skipped 
195  TIM2e+R10     Skipped 
196  TIM2          7054.781     23  14155.561    14156.692    14268.439
197  TIM2+I        6833.706     24  13715.412    13716.642    13833.198
198  TIM2+G4       6751.970     24  13551.940    13553.171    13669.726
199  TIM2+I+G4     6751.761     25  13553.522    13554.857    13676.216
200  TIM2+R2       6762.820     25  13575.640    13576.975    13698.334
201  TIM2+R3       6743.931     27  13541.863    13543.418    13674.372
202  TIM2+R4       6743.664     29  13545.329    13547.123    13687.654
203  TIM2+R5       Skipped 
204  TIM2+R6       Skipped 
205  TIM2+R7       Skipped 
206  TIM2+R8       Skipped 
207  TIM2+R9       Skipped 
208  TIM2+R10      Skipped 
209  TIM3e         7171.892     20  14383.783    14384.641    14481.938
210  TIM3e+I       6958.206     21  13958.413    13959.358    14061.476
211  TIM3e+G4      6876.292     21  13794.584    13795.529    13897.647
212  TIM3e+I+G4    6876.566     22  13797.132    13798.167    13905.102
213  TIM3e+R2      6882.747     22  13809.495    13810.530    13917.465
214  TIM3e+R3      6872.740     24  13793.479    13794.710    13911.265
215  TIM3e+R4      6871.430     26  13794.860    13796.303    13922.462
216  TIM3e+R5      Skipped 
217  TIM3e+R6      Skipped 
218  TIM3e+R7      Skipped 
219  TIM3e+R8      Skipped 
220  TIM3e+R9      Skipped 
221  TIM3e+R10     Skipped 
222  TIM3          7043.066     23  14132.133    14133.264    14245.011
223  TIM3+I        6828.374     24  13704.748    13705.979    13822.534
224  TIM3+G4       6737.277     24  13522.554    13523.785    13640.340
225  TIM3+I+G4     6736.853     25  13523.706    13525.041    13646.400
226  TIM3+R2       6754.955     25  13559.909    13561.244    13682.603
227  TIM3+R3       6727.799     27  13509.598    13511.153    13642.107
228  TIM3+R4       6727.300     29  13512.600    13514.394    13654.925
229  TIM3+R5       Skipped 
230  TIM3+R6       Skipped 
231  TIM3+R7       Skipped 
232  TIM3+R8       Skipped 
233  TIM3+R9       Skipped 
234  TIM3+R10      Skipped 
235  TVMe          7151.963     21  14345.926    14346.870    14448.988
236  TVMe+I        6930.654     22  13905.309    13906.345    14013.279
237  TVMe+G4       6842.913     22  13729.826    13730.862    13837.796
238  TVMe+I+G4     6843.205     23  13732.409    13733.541    13845.288
239  TVMe+R2       6847.775     23  13741.549    13742.681    13854.428
240  TVMe+R3       6838.347     25  13726.693    13728.028    13849.387
241  TVMe+R4       6838.326     27  13730.651    13732.207    13863.161
242  TVMe+R5       Skipped 
243  TVMe+R6       Skipped 
244  TVMe+R7       Skipped 
245  TVMe+R8       Skipped 
246  TVMe+R9       Skipped 
247  TVMe+R10      Skipped 
248  TVM           7033.275     24  14114.551    14115.782    14232.337
249  TVM+I         6816.605     25  13683.210    13684.545    13805.904
250  TVM+G4        6727.344     25  13504.688    13506.023    13627.382
251  TVM+I+G4      6726.958     26  13505.916    13507.359    13633.518
252  TVM+R2        6743.187     26  13538.374    13539.817    13665.975
253  TVM+R3        6719.297     28  13494.593    13496.266    13632.011
254  TVM+R4        6719.113     30  13498.225    13500.145    13645.458
255  TVM+R5        Skipped 
256  TVM+R6        Skipped 
257  TVM+R7        Skipped 
258  TVM+R8        Skipped 
259  TVM+R9        Skipped 
260  TVM+R10       Skipped 
261  SYM           7146.782     22  14337.564    14338.599    14445.534
262  SYM+I         6927.353     23  13900.705    13901.836    14013.583
263  SYM+G4        6833.234     23  13712.468    13713.599    13825.346
264  SYM+I+G4      6833.658     24  13715.315    13716.546    13833.101
265  SYM+R2        6837.503     24  13723.005    13724.236    13840.791
266  SYM+R3        6828.160     26  13708.321    13709.764    13835.923
267  SYM+R4        6828.020     28  13712.040    13713.712    13849.457
268  SYM+R5        Skipped 
269  SYM+R6        Skipped 
270  SYM+R7        Skipped 
271  SYM+R8        Skipped 
272  SYM+R9        Skipped 
273  SYM+R10       Skipped 
274  GTR           7032.762     25  14115.524    14116.859    14238.218
275  GTR+I         6815.332     26  13682.665    13684.108    13810.267
276  GTR+G4        6726.211     26  13504.422    13505.865    13632.024
277  GTR+I+G4      6725.925     27  13505.850    13507.406    13638.360
278  GTR+R2        6743.336     27  13540.671    13542.227    13673.181
279  GTR+R3        6718.286     29  13494.572    13496.366    13636.897
280  GTR+R4        6718.110     31  13498.221    13500.270    13650.361
281  GTR+R5        Skipped 
282  GTR+R6        Skipped 
283  GTR+R7        Skipped 
284  GTR+R8        Skipped 
285  GTR+R9        Skipped 
286  GTR+R10       Skipped 
Akaike Information Criterion:           GTR+R3
Corrected Akaike Information Criterion: TVM+R3
Bayesian Information Criterion:         TVM+G4
Best-fit model: TVM+G4 chosen according to BIC

All model information printed to ./results/gene1.phy.model
CPU time for ModelFinder: 16.021 seconds (0h:0m:16s)
Wall-clock time for ModelFinder: 22.886 seconds (0h:0m:22s)
Generating 1000 samples for ultrafast bootstrap (seed: 487744)...

NOTE: 2 MB RAM (0 GB) is required!
Estimate model parameters (epsilon = 0.100)
1. Initial log-likelihood: -6959.409
2. Current log-likelihood: -6813.099
3. Current log-likelihood: -6763.598
4. Current log-likelihood: -6759.618
5. Current log-likelihood: -6759.282
Optimal log-likelihood: -6759.234
Rate parameters:  A-C: 61.174  A-G: 99.862  A-T: 21.619  C-G: 32.767  C-T: 99.862  G-T: 1.000
Base frequencies:   A: 0.395  C: 0.147  G: 0.204  T: 0.254
Gamma shape alpha: 0.501
Parameters optimization took 5 rounds (0.135 sec)
Computing ML distances based on estimated model parameters... 0.002 sec
Computing BIONJ tree...
0.023 seconds
Log-likelihood of BIONJ tree: -6749.686
--------------------------------------------------------------------
|             INITIALIZING CANDIDATE TREE SET                      |
--------------------------------------------------------------------
Generating 98 parsimony trees... 0.107 second
Computing log-likelihood of 88 initial trees ... 0.429 seconds
Current best score: -6749.686

Do NNI search on 20 best initial trees
Estimate model parameters (epsilon = 0.100)
BETTER TREE FOUND at iteration 1: -6747.409
Iteration 10 / LogL: -6747.913 / Time: 0h:0m:24s
Iteration 20 / LogL: -6748.148 / Time: 0h:0m:24s
Finish initializing candidate tree set (6)
Current best tree score: -6747.409 / CPU time: 1.562
Number of iterations: 20
--------------------------------------------------------------------
|               OPTIMIZING CANDIDATE TREE SET                      |
--------------------------------------------------------------------
Iteration 30 / LogL: -6747.650 / Time: 0h:0m:25s (0h:0m:5s left)
UPDATE BEST LOG-LIKELIHOOD: -6747.408
Iteration 40 / LogL: -6747.651 / Time: 0h:0m:25s (0h:0m:4s left)
Iteration 50 / LogL: -6747.651 / Time: 0h:0m:25s (0h:0m:3s left)
Log-likelihood cutoff on original alignment: -6767.863
Iteration 60 / LogL: -6747.698 / Time: 0h:0m:26s (0h:0m:2s left)
Iteration 70 / LogL: -6747.650 / Time: 0h:0m:26s (0h:0m:1s left)
Iteration 80 / LogL: -6747.443 / Time: 0h:0m:27s (0h:0m:1s left)
Iteration 90 / LogL: -6747.685 / Time: 0h:0m:27s (0h:0m:0s left)
Iteration 100 / LogL: -6747.684 / Time: 0h:0m:28s (0h:0m:0s left)
Log-likelihood cutoff on original alignment: -6768.319
NOTE: Bootstrap correlation coefficient of split occurrence frequencies: 0.996
TREE SEARCH COMPLETED AFTER 102 ITERATIONS / Time: 0h:0m:28s

--------------------------------------------------------------------
|                    FINALIZING TREE SEARCH                        |
--------------------------------------------------------------------
Performs final model parameters optimization
Estimate model parameters (epsilon = 0.010)
1. Initial log-likelihood: -6747.408
Optimal log-likelihood: -6747.402
Rate parameters:  A-C: 61.028  A-G: 99.845  A-T: 21.437  C-G: 32.607  C-T: 99.845  G-T: 1.000
Base frequencies:   A: 0.395  C: 0.147  G: 0.204  T: 0.254
Gamma shape alpha: 0.513
Parameters optimization took 1 rounds (0.007 sec)
BEST SCORE FOUND : -6747.402
Creating bootstrap support values...
Split supports printed to NEXUS file ./results/gene1.phy.splits.nex
Total tree length: 2.802

Total number of iterations: 102
CPU time used for tree search: 4.851 sec (0h:0m:4s)
Wall-clock time used for tree search: 5.257 sec (0h:0m:5s)
Total CPU time used: 21.025 sec (0h:0m:21s)
Total wall-clock time used: 28.388 sec (0h:0m:28s)

Computing bootstrap consensus tree...
Reading input file ./results/gene1.phy.splits.nex...
10 taxa and 106 splits.
Consensus tree written to ./results/gene1.phy.contree
Reading input trees file ./results/gene1.phy.contree
Log-likelihood of consensus tree: -6747.647

Analysis results written to: 
  IQ-TREE report:                ./results/gene1.phy.iqtree
  Maximum-likelihood tree:       ./results/gene1.phy.treefile
  Likelihood distances:          ./results/gene1.phy.mldist

Ultrafast bootstrap approximation results written to:
  Split support values:          ./results/gene1.phy.splits.nex
  Consensus tree:                ./results/gene1.phy.contree
  Screen log file:               ./results/gene1.phy.log

Date and Time: Tue Aug 22 17:41:17 2017
