IQ-TREE multicore version 1.5.4 for Linux 64-bit built Apr  2 2017
Copyright (c) 2011-2017 by Bui Quang Minh, Nguyen Lam Tung,
Olga Chernomor, Heiko Schmidt, and Arndt von Haeseler.

Host:    hpc-crick (AVX, 251 GB RAM)
Command: iqtree -s ./results/gene12.phy -nt 1 -bb 1000
Seed:    587396 (Using SPRNG - Scalable Parallel Random Number Generator)
Time:    Tue Aug 22 17:38:21 2017
Kernel:  AVX - 1 threads (40 CPU cores detected)

Reading alignment file ./results/gene12.phy ... Phylip format detected
Alignment most likely contains DNA/RNA sequences
Alignment has 10 sequences with 1000 columns and 465 patterns (328 informative sites, 394 constant sites)
   Gap/Ambiguity  Composition  p-value
   1  A    0.00%    passed     91.93%
   2  B    0.00%    passed     86.41%
   3  C    0.00%    passed     29.13%
   4  D    0.00%    passed     55.08%
   5  E    0.00%    passed     96.23%
   6  F    0.00%    passed     97.26%
   7  G    0.00%    passed     75.56%
   8  H    0.00%    passed     98.66%
   9  I    0.00%    passed     80.03%
  10  J    0.00%    passed     77.96%
****  TOTAL    0.00%  0 sequences failed composition chi2 test (p-value<5%; df=3)

Create initial parsimony tree by phylogenetic likelihood library (PLL)... 0.001 seconds

NOTE: ModelFinder requires 3 MB RAM!
ModelFinder will test 286 DNA models (sample size: 1000) ...
 No. Model         -LnL         df  AIC          AICc         BIC
  1  JC            7390.512     17  14815.025    14815.648    14898.457
  2  JC+I          7159.114     18  14354.228    14354.925    14442.568
  3  JC+G4         7092.255     18  14220.510    14221.207    14308.850
  4  JC+I+G4       7092.825     19  14223.650    14224.425    14316.897
  5  JC+R2         7095.180     19  14228.359    14229.135    14321.607
  6  JC+R3         7092.228     21  14226.455    14227.400    14329.518
  7  JC+R4         Skipped 
  8  JC+R5         Skipped 
  9  JC+R6         Skipped 
 10  JC+R7         Skipped 
 11  JC+R8         Skipped 
 12  JC+R9         Skipped 
 13  JC+R10        Skipped 
 14  F81           7252.729     20  14545.458    14546.316    14643.613
 15  F81+I         7016.399     21  14074.798    14075.743    14177.861
 16  F81+G4        6946.458     21  13934.915    13935.860    14037.978
 17  F81+I+G4      6946.410     22  13936.821    13937.857    14044.792
 18  F81+R2        6954.187     22  13952.373    13953.409    14060.344
 19  F81+R3        6945.692     24  13939.384    13940.614    14057.170
 20  F81+R4        6945.623     26  13943.245    13944.688    14070.847
 21  F81+R5        Skipped 
 22  F81+R6        Skipped 
 23  F81+R7        Skipped 
 24  F81+R8        Skipped 
 25  F81+R9        Skipped 
 26  F81+R10       Skipped 
 27  K2P           7251.432     18  14538.864    14539.561    14627.204
 28  K2P+I         7009.177     19  14056.353    14057.129    14149.600
 29  K2P+G4        6928.391     19  13894.783    13895.558    13988.030
 30  K2P+I+G4      6928.862     20  13897.723    13898.581    13995.878
 31  K2P+R2        6933.518     20  13907.037    13907.895    14005.192
 32  K2P+R3        6925.125     22  13894.250    13895.286    14002.221
 33  K2P+R4        6924.663     24  13897.326    13898.557    14015.112
 34  K2P+R5        Skipped 
 35  K2P+R6        Skipped 
 36  K2P+R7        Skipped 
 37  K2P+R8        Skipped 
 38  K2P+R9        Skipped 
 39  K2P+R10       Skipped 
 40  HKY           7105.317     21  14252.635    14253.580    14355.698
 41  HKY+I         6863.122     22  13770.245    13771.281    13878.215
 42  HKY+G4        6773.188     22  13590.377    13591.413    13698.347
 43  HKY+I+G4      6773.091     23  13592.181    13593.312    13705.060
 44  HKY+R2        6786.427     23  13618.855    13619.986    13731.733
 45  HKY+R3        6770.676     25  13591.353    13592.688    13714.047
 46  HKY+R4        6768.780     27  13591.561    13593.117    13724.070
 47  HKY+R5        Skipped 
 48  HKY+R6        Skipped 
 49  HKY+R7        Skipped 
 50  HKY+R8        Skipped 
 51  HKY+R9        Skipped 
 52  HKY+R10       Skipped 
 53  TNe           7251.352     19  14540.704    14541.480    14633.951
 54  TNe+I         7009.172     20  14058.345    14059.203    14156.500
 55  TNe+G4        6927.411     20  13894.823    13895.681    13992.978
 56  TNe+I+G4      6927.843     21  13897.685    13898.630    14000.748
 57  TNe+R2        6932.634     21  13907.268    13908.212    14010.331
 58  TNe+R3        6923.282     23  13892.563    13893.695    14005.442
 59  TNe+R4        6923.028     25  13896.056    13897.390    14018.750
 60  TNe+R5        Skipped 
 61  TNe+R6        Skipped 
 62  TNe+R7        Skipped 
 63  TNe+R8        Skipped 
 64  TNe+R9        Skipped 
 65  TNe+R10       Skipped 
 66  TN            7101.419     22  14246.839    14247.875    14354.810
 67  TN+I          6856.904     23  13759.808    13760.939    13872.686
 68  TN+G4         6771.252     23  13588.503    13589.634    13701.381
 69  TN+I+G4       6770.813     24  13589.626    13590.857    13707.412
 70  TN+R2         6783.987     24  13615.975    13617.206    13733.761
 71  TN+R3         6768.622     26  13589.245    13590.688    13716.847
 72  TN+R4         6766.096     28  13588.192    13589.865    13725.609
 73  TN+R5         Skipped 
 74  TN+R6         Skipped 
 75  TN+R7         Skipped 
 76  TN+R8         Skipped 
 77  TN+R9         Skipped 
 78  TN+R10        Skipped 
 79  K3P           7249.805     19  14537.610    14538.385    14630.857
 80  K3P+I         7006.878     20  14053.756    14054.614    14151.911
 81  K3P+G4        6924.955     20  13889.909    13890.767    13988.064
 82  K3P+I+G4      6925.434     21  13892.868    13893.813    13995.931
 83  K3P+R2        6929.713     21  13901.427    13902.372    14004.490
 84  K3P+R3        6922.759     23  13891.517    13892.648    14004.396
 85  K3P+R4        6922.102     25  13894.203    13895.538    14016.897
 86  K3P+R5        Skipped 
 87  K3P+R6        Skipped 
 88  K3P+R7        Skipped 
 89  K3P+R8        Skipped 
 90  K3P+R9        Skipped 
 91  K3P+R10       Skipped 
 92  K3Pu          7094.701     22  14233.401    14234.437    14341.372
 93  K3Pu+I        6853.121     23  13752.242    13753.373    13865.121
 94  K3Pu+G4       6760.699     23  13567.398    13568.529    13680.277
 95  K3Pu+I+G4     6760.609     24  13569.218    13570.449    13687.005
 96  K3Pu+R2       6773.129     24  13594.257    13595.488    13712.043
 97  K3Pu+R3       6759.667     26  13571.334    13572.777    13698.936
 98  K3Pu+R4       6758.609     28  13573.218    13574.890    13710.635
 99  K3Pu+R5       Skipped 
100  K3Pu+R6       Skipped 
101  K3Pu+R7       Skipped 
102  K3Pu+R8       Skipped 
103  K3Pu+R9       Skipped 
104  K3Pu+R10      Skipped 
105  TPM2          7103.159     22  14250.317    14251.353    14358.288
106  TPM2+I        6860.393     23  13766.785    13767.916    13879.663
107  TPM2+G4       6773.096     23  13592.191    13593.323    13705.070
108  TPM2+I+G4     6772.965     24  13593.930    13595.161    13711.717
109  TPM2+R2       6785.112     24  13618.224    13619.455    13736.010
110  TPM2+R3       6770.659     26  13593.318    13594.761    13720.919
111  TPM2+R4       6768.683     28  13593.367    13595.039    13730.784
112  TPM2+R5       Skipped 
113  TPM2+R6       Skipped 
114  TPM2+R7       Skipped 
115  TPM2+R8       Skipped 
116  TPM2+R9       Skipped 
117  TPM2+R10      Skipped 
118  TPM2u         7103.109     22  14250.219    14251.255    14358.189
119  TPM2u+I       6860.394     23  13766.789    13767.920    13879.667
120  TPM2u+G4      6773.104     23  13592.208    13593.339    13705.086
121  TPM2u+I+G4    6772.963     24  13593.926    13595.157    13711.712
122  TPM2u+R2      6785.099     24  13618.197    13619.428    13735.983
123  TPM2u+R3      6770.624     26  13593.248    13594.691    13720.850
124  TPM2u+R4      6768.597     28  13593.194    13594.866    13730.611
125  TPM2u+R5      Skipped 
126  TPM2u+R6      Skipped 
127  TPM2u+R7      Skipped 
128  TPM2u+R8      Skipped 
129  TPM2u+R9      Skipped 
130  TPM2u+R10     Skipped 
131  TPM3          7074.408     22  14192.815    14193.851    14300.786
132  TPM3+I        6840.242     23  13726.483    13727.614    13839.361
133  TPM3+G4       6749.999     23  13545.997    13547.128    13658.876
134  TPM3+I+G4     6749.901     24  13547.801    13549.032    13665.587
135  TPM3+R2       6761.922     24  13571.845    13573.076    13689.631
136  TPM3+R3       6749.268     26  13550.536    13551.979    13678.138
137  TPM3+R4       6749.116     28  13554.233    13555.905    13691.650
138  TPM3+R5       Skipped 
139  TPM3+R6       Skipped 
140  TPM3+R7       Skipped 
141  TPM3+R8       Skipped 
142  TPM3+R9       Skipped 
143  TPM3+R10      Skipped 
144  TPM3u         7074.448     22  14192.897    14193.932    14300.867
145  TPM3u+I       6840.242     23  13726.485    13727.616    13839.363
146  TPM3u+G4      6750.035     23  13546.070    13547.201    13658.948
147  TPM3u+I+G4    6749.891     24  13547.782    13549.012    13665.568
148  TPM3u+R2      6761.902     24  13571.805    13573.036    13689.591
149  TPM3u+R3      6749.228     26  13550.455    13551.898    13678.057
150  TPM3u+R4      6749.037     28  13554.074    13555.747    13691.491
151  TPM3u+R5      Skipped 
152  TPM3u+R6      Skipped 
153  TPM3u+R7      Skipped 
154  TPM3u+R8      Skipped 
155  TPM3u+R9      Skipped 
156  TPM3u+R10     Skipped 
157  TIMe          7249.797     20  14539.595    14540.453    14637.750
158  TIMe+I        7006.873     21  14055.746    14056.691    14158.809
159  TIMe+G4       6924.025     21  13890.049    13890.994    13993.112
160  TIMe+I+G4     6924.394     22  13892.789    13893.824    14000.759
161  TIMe+R2       6928.838     22  13901.676    13902.712    14009.647
162  TIMe+R3       6920.858     24  13889.716    13890.946    14007.502
163  TIMe+R4       6920.526     26  13893.052    13894.495    14020.653
164  TIMe+R5       Skipped 
165  TIMe+R6       Skipped 
166  TIMe+R7       Skipped 
167  TIMe+R8       Skipped 
168  TIMe+R9       Skipped 
169  TIMe+R10      Skipped 
170  TIM           7090.267     23  14226.534    14227.665    14339.412
171  TIM+I         6846.374     24  13740.748    13741.979    13858.534
172  TIM+G4        6758.984     24  13565.968    13567.199    13683.754
173  TIM+I+G4      6758.766     25  13567.533    13568.867    13690.227
174  TIM+R2        6771.041     25  13592.082    13593.417    13714.776
175  TIM+R3        6757.969     27  13569.938    13571.494    13702.448
176  TIM+R4        6757.006     29  13572.012    13573.805    13714.337
177  TIM+R5        Skipped 
178  TIM+R6        Skipped 
179  TIM+R7        Skipped 
180  TIM+R8        Skipped 
181  TIM+R9        Skipped 
182  TIM+R10       Skipped 
183  TIM2e         7234.656     20  14509.312    14510.170    14607.467
184  TIM2e+I       6990.368     21  14022.736    14023.681    14125.799
185  TIM2e+G4      6901.404     21  13844.808    13845.752    13947.870
186  TIM2e+I+G4    6901.936     22  13847.872    13848.908    13955.843
187  TIM2e+R2      6904.926     22  13853.851    13854.887    13961.822
188  TIM2e+R3      6898.622     24  13845.245    13846.475    13963.031
189  TIM2e+R4      Skipped 
190  TIM2e+R5      Skipped 
191  TIM2e+R6      Skipped 
192  TIM2e+R7      Skipped 
193  TIM2e+R8      Skipped 
194  TIM2e+R9      Skipped 
195  TIM2e+R10     Skipped 
196  TIM2          7098.988     23  14243.976    14245.108    14356.855
197  TIM2+I        6854.028     24  13756.057    13757.288    13873.843
198  TIM2+G4       6770.801     24  13589.602    13590.833    13707.388
199  TIM2+I+G4     6770.455     25  13590.911    13592.245    13713.605
200  TIM2+R2       6782.170     25  13614.340    13615.675    13737.034
201  TIM2+R3       6768.429     27  13590.859    13592.414    13723.368
202  TIM2+R4       6765.944     29  13589.888    13591.681    13732.213
203  TIM2+R5       Skipped 
204  TIM2+R6       Skipped 
205  TIM2+R7       Skipped 
206  TIM2+R8       Skipped 
207  TIM2+R9       Skipped 
208  TIM2+R10      Skipped 
209  TIM3e         7242.755     20  14525.510    14526.368    14623.665
210  TIM3e+I       7002.746     21  14047.492    14048.436    14150.554
211  TIM3e+G4      6920.888     21  13883.777    13884.722    13986.840
212  TIM3e+I+G4    6921.194     22  13886.388    13887.424    13994.359
213  TIM3e+R2      6925.531     22  13895.062    13896.098    14003.033
214  TIM3e+R3      6917.997     24  13883.995    13885.225    14001.781
215  TIM3e+R4      6917.882     26  13887.764    13889.207    14015.366
216  TIM3e+R5      Skipped 
217  TIM3e+R6      Skipped 
218  TIM3e+R7      Skipped 
219  TIM3e+R8      Skipped 
220  TIM3e+R9      Skipped 
221  TIM3e+R10     Skipped 
222  TIM3          7067.088     23  14180.176    14181.308    14293.055
223  TIM3+I        6832.603     24  13713.205    13714.436    13830.992
224  TIM3+G4       6746.846     24  13541.692    13542.923    13659.478
225  TIM3+I+G4     6746.646     25  13543.293    13544.628    13665.987
226  TIM3+R2       6758.687     25  13567.373    13568.708    13690.067
227  TIM3+R3       6746.295     27  13546.589    13548.145    13679.099
228  TIM3+R4       6746.174     29  13550.347    13552.141    13692.672
229  TIM3+R5       Skipped 
230  TIM3+R6       Skipped 
231  TIM3+R7       Skipped 
232  TIM3+R8       Skipped 
233  TIM3+R9       Skipped 
234  TIM3+R10      Skipped 
235  TVMe          7226.992     21  14495.985    14496.930    14599.048
236  TVMe+I        6983.800     22  14011.600    14012.636    14119.571
237  TVMe+G4       6894.549     22  13833.097    13834.133    13941.068
238  TVMe+I+G4     6895.062     23  13836.124    13837.255    13949.002
239  TVMe+R2       6897.056     23  13840.112    13841.243    13952.990
240  TVMe+R3       6893.051     25  13836.102    13837.437    13958.796
241  TVMe+R4       Skipped 
242  TVMe+R5       Skipped 
243  TVMe+R6       Skipped 
244  TVMe+R7       Skipped 
245  TVMe+R8       Skipped 
246  TVMe+R9       Skipped 
247  TVMe+R10      Skipped 
248  TVM           7071.329     24  14190.659    14191.890    14308.445
249  TVM+I         6835.887     25  13721.774    13723.108    13844.468
250  TVM+G4        6746.826     25  13543.652    13544.987    13666.346
251  TVM+I+G4      6746.689     26  13545.378    13546.821    13672.980
252  TVM+R2        6757.292     26  13566.585    13568.027    13694.186
253  TVM+R3        6746.319     28  13548.637    13550.310    13686.054
254  TVM+R4        6746.143     30  13552.287    13554.206    13699.519
255  TVM+R5        Skipped 
256  TVM+R6        Skipped 
257  TVM+R7        Skipped 
258  TVM+R8        Skipped 
259  TVM+R9        Skipped 
260  TVM+R10       Skipped 
261  SYM           7226.941     22  14497.882    14498.918    14605.853
262  SYM+I         6983.820     23  14013.640    14014.771    14126.519
263  SYM+G4        6892.831     23  13831.663    13832.794    13944.541
264  SYM+I+G4      6893.364     24  13834.728    13835.959    13952.515
265  SYM+R2        6895.605     24  13839.210    13840.441    13956.997
266  SYM+R3        6890.558     26  13833.115    13834.558    13960.717
267  SYM+R4        Skipped 
268  SYM+R5        Skipped 
269  SYM+R6        Skipped 
270  SYM+R7        Skipped 
271  SYM+R8        Skipped 
272  SYM+R9        Skipped 
273  SYM+R10       Skipped 
274  GTR           7063.847     25  14177.694    14179.028    14300.387
275  GTR+I         6828.307     26  13708.614    13710.057    13836.216
276  GTR+G4        6743.476     26  13538.951    13540.394    13666.553
277  GTR+I+G4      6743.157     27  13540.315    13541.870    13672.824
278  GTR+R2        6753.578     27  13561.156    13562.712    13693.666
279  GTR+R3        6742.852     29  13543.705    13545.498    13686.030
280  GTR+R4        6742.691     31  13547.382    13549.432    13699.523
281  GTR+R5        Skipped 
282  GTR+R6        Skipped 
283  GTR+R7        Skipped 
284  GTR+R8        Skipped 
285  GTR+R9        Skipped 
286  GTR+R10       Skipped 
Akaike Information Criterion:           GTR+G4
Corrected Akaike Information Criterion: GTR+G4
Bayesian Information Criterion:         TPM3+G4
Best-fit model: TPM3+G4 chosen according to BIC

All model information printed to ./results/gene12.phy.model
CPU time for ModelFinder: 16.393 seconds (0h:0m:16s)
Wall-clock time for ModelFinder: 19.837 seconds (0h:0m:19s)
Generating 1000 samples for ultrafast bootstrap (seed: 587396)...

NOTE: 2 MB RAM (0 GB) is required!
Estimate model parameters (epsilon = 0.100)
1. Initial log-likelihood: -7012.200
2. Current log-likelihood: -6878.079
3. Current log-likelihood: -6761.839
4. Current log-likelihood: -6756.901
5. Current log-likelihood: -6755.001
6. Current log-likelihood: -6754.692
Optimal log-likelihood: -6754.598
Rate parameters:  A-C: 3.309  A-G: 7.176  A-T: 1.000  C-G: 3.309  C-T: 7.176  G-T: 1.000
Base frequencies:   A: 0.431  C: 0.140  G: 0.189  T: 0.240
Gamma shape alpha: 0.518
Parameters optimization took 6 rounds (0.077 sec)
Computing ML distances based on estimated model parameters... 0.002 sec
Computing BIONJ tree...
0.000 seconds
Log-likelihood of BIONJ tree: -6750.563
--------------------------------------------------------------------
|             INITIALIZING CANDIDATE TREE SET                      |
--------------------------------------------------------------------
Generating 98 parsimony trees... 0.072 second
Computing log-likelihood of 94 initial trees ... 0.392 seconds
Current best score: -6750.563

Do NNI search on 20 best initial trees
Estimate model parameters (epsilon = 0.100)
BETTER TREE FOUND at iteration 1: -6749.585
Estimate model parameters (epsilon = 0.100)
BETTER TREE FOUND at iteration 2: -6749.086
Iteration 10 / LogL: -6749.086 / Time: 0h:0m:20s
UPDATE BEST LOG-LIKELIHOOD: -6749.086
Iteration 20 / LogL: -6749.579 / Time: 0h:0m:21s
Finish initializing candidate tree set (2)
Current best tree score: -6749.086 / CPU time: 1.351
Number of iterations: 20
--------------------------------------------------------------------
|               OPTIMIZING CANDIDATE TREE SET                      |
--------------------------------------------------------------------
UPDATE BEST LOG-LIKELIHOOD: -6749.086
UPDATE BEST LOG-LIKELIHOOD: -6749.085
Iteration 30 / LogL: -6749.087 / Time: 0h:0m:21s (0h:0m:4s left)
UPDATE BEST LOG-LIKELIHOOD: -6749.085
UPDATE BEST LOG-LIKELIHOOD: -6749.085
Iteration 40 / LogL: -6749.086 / Time: 0h:0m:22s (0h:0m:3s left)
Iteration 50 / LogL: -6751.229 / Time: 0h:0m:22s (0h:0m:3s left)
Log-likelihood cutoff on original alignment: -6757.832
Iteration 60 / LogL: -6749.085 / Time: 0h:0m:23s (0h:0m:2s left)
Iteration 70 / LogL: -6749.750 / Time: 0h:0m:23s (0h:0m:1s left)
Iteration 80 / LogL: -6749.086 / Time: 0h:0m:24s (0h:0m:1s left)
Iteration 90 / LogL: -6751.313 / Time: 0h:0m:25s (0h:0m:0s left)
UPDATE BEST LOG-LIKELIHOOD: -6749.085
Iteration 100 / LogL: -6749.589 / Time: 0h:0m:25s (0h:0m:0s left)
Log-likelihood cutoff on original alignment: -6758.753
NOTE: Bootstrap correlation coefficient of split occurrence frequencies: 0.929
NOTE: UFBoot does not converge, continue at least 100 more iterations
Iteration 110 / LogL: -6749.085 / Time: 0h:0m:26s (0h:0m:5s left)
Iteration 120 / LogL: -6750.646 / Time: 0h:0m:26s (0h:0m:4s left)
Iteration 130 / LogL: -6749.578 / Time: 0h:0m:26s (0h:0m:3s left)
Iteration 140 / LogL: -6749.581 / Time: 0h:0m:26s (0h:0m:3s left)
UPDATE BEST LOG-LIKELIHOOD: -6749.085
Iteration 150 / LogL: -6749.746 / Time: 0h:0m:27s (0h:0m:2s left)
Log-likelihood cutoff on original alignment: -6758.753
Iteration 160 / LogL: -6749.746 / Time: 0h:0m:27s (0h:0m:1s left)
Iteration 170 / LogL: -6749.085 / Time: 0h:0m:28s (0h:0m:1s left)
Iteration 180 / LogL: -6749.580 / Time: 0h:0m:28s (0h:0m:0s left)
Iteration 190 / LogL: -6749.086 / Time: 0h:0m:28s (0h:0m:0s left)
Iteration 200 / LogL: -6749.588 / Time: 0h:0m:29s (0h:0m:0s left)
Log-likelihood cutoff on original alignment: -6758.753
NOTE: Bootstrap correlation coefficient of split occurrence frequencies: 0.997
TREE SEARCH COMPLETED AFTER 200 ITERATIONS / Time: 0h:0m:29s

--------------------------------------------------------------------
|                    FINALIZING TREE SEARCH                        |
--------------------------------------------------------------------
Performs final model parameters optimization
Estimate model parameters (epsilon = 0.010)
1. Initial log-likelihood: -6749.085
Optimal log-likelihood: -6749.082
Rate parameters:  A-C: 3.053  A-G: 6.700  A-T: 1.000  C-G: 3.053  C-T: 6.700  G-T: 1.000
Base frequencies:   A: 0.431  C: 0.140  G: 0.189  T: 0.240
Gamma shape alpha: 0.527
Parameters optimization took 1 rounds (0.006 sec)
BEST SCORE FOUND : -6749.082
Creating bootstrap support values...
Split supports printed to NEXUS file ./results/gene12.phy.splits.nex
Total tree length: 2.721

Total number of iterations: 200
CPU time used for tree search: 8.410 sec (0h:0m:8s)
Wall-clock time used for tree search: 9.360 sec (0h:0m:9s)
Total CPU time used: 24.944 sec (0h:0m:24s)
Total wall-clock time used: 29.338 sec (0h:0m:29s)

Computing bootstrap consensus tree...
Reading input file ./results/gene12.phy.splits.nex...
10 taxa and 133 splits.
Consensus tree written to ./results/gene12.phy.contree
Reading input trees file ./results/gene12.phy.contree
Log-likelihood of consensus tree: -6752.026

Analysis results written to: 
  IQ-TREE report:                ./results/gene12.phy.iqtree
  Maximum-likelihood tree:       ./results/gene12.phy.treefile
  Likelihood distances:          ./results/gene12.phy.mldist

Ultrafast bootstrap approximation results written to:
  Split support values:          ./results/gene12.phy.splits.nex
  Consensus tree:                ./results/gene12.phy.contree
  Screen log file:               ./results/gene12.phy.log

Date and Time: Tue Aug 22 17:38:51 2017
