IQ-TREE multicore version 1.5.4 for Linux 64-bit built Apr  2 2017
Copyright (c) 2011-2017 by Bui Quang Minh, Nguyen Lam Tung,
Olga Chernomor, Heiko Schmidt, and Arndt von Haeseler.

Host:    hpc-crick (AVX, 251 GB RAM)
Command: iqtree -s ./results/gene9.phy -nt 1 -bb 1000
Seed:    379410 (Using SPRNG - Scalable Parallel Random Number Generator)
Time:    Tue Aug 22 18:34:10 2017
Kernel:  AVX - 1 threads (40 CPU cores detected)

Reading alignment file ./results/gene9.phy ... Phylip format detected
Alignment most likely contains DNA/RNA sequences
Alignment has 10 sequences with 1000 columns and 512 patterns (371 informative sites, 355 constant sites)
   Gap/Ambiguity  Composition  p-value
   1  A    0.00%    passed     97.05%
   2  B    0.00%    passed     92.70%
   3  C    0.00%    passed     65.98%
   4  D    0.00%    passed     75.01%
   5  E    0.00%    passed     88.97%
   6  F    0.00%    passed     96.70%
   7  G    0.00%    passed     78.74%
   8  H    0.00%    passed     92.79%
   9  I    0.00%    passed     91.53%
  10  J    0.00%    passed     48.87%
****  TOTAL    0.00%  0 sequences failed composition chi2 test (p-value<5%; df=3)

Create initial parsimony tree by phylogenetic likelihood library (PLL)... 0.006 seconds

NOTE: ModelFinder requires 3 MB RAM!
ModelFinder will test 286 DNA models (sample size: 1000) ...
 No. Model         -LnL         df  AIC          AICc         BIC
  1  JC            7828.688     17  15691.376    15691.999    15774.807
  2  JC+I          7608.539     18  15253.078    15253.775    15341.418
  3  JC+G4         7551.551     18  15139.103    15139.800    15227.443
  4  JC+I+G4       7551.131     19  15140.262    15141.037    15233.509
  5  JC+R2         7558.724     19  15155.447    15156.223    15248.695
  6  JC+R3         7550.486     21  15142.972    15143.917    15246.035
  7  JC+R4         7550.472     23  15146.944    15148.075    15259.823
  8  JC+R5         Skipped 
  9  JC+R6         Skipped 
 10  JC+R7         Skipped 
 11  JC+R8         Skipped 
 12  JC+R9         Skipped 
 13  JC+R10        Skipped 
 14  F81           7733.795     20  15507.590    15508.448    15605.745
 15  F81+I         7505.748     21  15053.495    15054.440    15156.558
 16  F81+G4        7439.540     21  14921.080    14922.024    15024.142
 17  F81+I+G4      7439.332     22  14922.664    14923.700    15030.635
 18  F81+R2        7449.867     22  14943.733    14944.769    15051.704
 19  F81+R3        7438.164     24  14924.328    14925.559    15042.115
 20  F81+R4        7438.119     26  14928.238    14929.681    15055.839
 21  F81+R5        Skipped 
 22  F81+R6        Skipped 
 23  F81+R7        Skipped 
 24  F81+R8        Skipped 
 25  F81+R9        Skipped 
 26  F81+R10       Skipped 
 27  K2P           7657.217     18  15350.435    15351.132    15438.774
 28  K2P+I         7427.635     19  14893.270    14894.045    14986.517
 29  K2P+G4        7352.980     19  14743.959    14744.735    14837.206
 30  K2P+I+G4      7352.869     20  14745.739    14746.597    14843.894
 31  K2P+R2        7365.415     20  14770.831    14771.689    14868.986
 32  K2P+R3        7350.449     22  14744.897    14745.933    14852.868
 33  K2P+R4        7350.466     24  14748.933    14750.163    14866.719
 34  K2P+R5        Skipped 
 35  K2P+R6        Skipped 
 36  K2P+R7        Skipped 
 37  K2P+R8        Skipped 
 38  K2P+R9        Skipped 
 39  K2P+R10       Skipped 
 40  HKY           7568.289     21  15178.577    15179.522    15281.640
 41  HKY+I         7327.562     22  14699.124    14700.160    14807.095
 42  HKY+G4        7237.179     22  14518.357    14519.393    14626.328
 43  HKY+I+G4      7237.154     23  14520.307    14521.438    14633.185
 44  HKY+R2        7252.925     23  14551.849    14552.980    14664.727
 45  HKY+R3        7234.243     25  14518.486    14519.821    14641.180
 46  HKY+R4        7234.339     27  14522.677    14524.233    14655.187
 47  HKY+R5        Skipped 
 48  HKY+R6        Skipped 
 49  HKY+R7        Skipped 
 50  HKY+R8        Skipped 
 51  HKY+R9        Skipped 
 52  HKY+R10       Skipped 
 53  TNe           7655.724     19  15349.448    15350.224    15442.696
 54  TNe+I         7425.336     20  14890.672    14891.530    14988.827
 55  TNe+G4        7348.058     20  14736.116    14736.974    14834.272
 56  TNe+I+G4      7347.862     21  14737.724    14738.668    14840.787
 57  TNe+R2        7360.214     21  14762.428    14763.373    14865.491
 58  TNe+R3        7345.683     23  14737.367    14738.498    14850.245
 59  TNe+R4        7345.612     25  14741.224    14742.559    14863.918
 60  TNe+R5        Skipped 
 61  TNe+R6        Skipped 
 62  TNe+R7        Skipped 
 63  TNe+R8        Skipped 
 64  TNe+R9        Skipped 
 65  TNe+R10       Skipped 
 66  TN            7566.684     22  15177.368    15178.404    15285.339
 67  TN+I          7326.801     23  14699.602    14700.734    14812.481
 68  TN+G4         7237.386     23  14520.771    14521.902    14633.650
 69  TN+I+G4       7237.051     24  14522.101    14523.332    14639.887
 70  TN+R2         7252.916     24  14553.832    14555.063    14671.618
 71  TN+R3         7234.262     26  14520.523    14521.966    14648.125
 72  TN+R4         7234.287     28  14524.574    14526.246    14661.991
 73  TN+R5         Skipped 
 74  TN+R6         Skipped 
 75  TN+R7         Skipped 
 76  TN+R8         Skipped 
 77  TN+R9         Skipped 
 78  TN+R10        Skipped 
 79  K3P           7654.329     19  15346.658    15347.434    15439.906
 80  K3P+I         7424.473     20  14888.946    14889.804    14987.101
 81  K3P+G4        7349.406     20  14738.812    14739.670    14836.967
 82  K3P+I+G4      7349.196     21  14740.392    14741.337    14843.455
 83  K3P+R2        7361.637     21  14765.273    14766.218    14868.336
 84  K3P+R3        7347.159     23  14740.317    14741.448    14853.195
 85  K3P+R4        7347.218     25  14744.437    14745.772    14867.131
 86  K3P+R5        Skipped 
 87  K3P+R6        Skipped 
 88  K3P+R7        Skipped 
 89  K3P+R8        Skipped 
 90  K3P+R9        Skipped 
 91  K3P+R10       Skipped 
 92  K3Pu          7561.474     22  15166.948    15167.984    15274.919
 93  K3Pu+I        7319.613     23  14685.227    14686.358    14798.105
 94  K3Pu+G4       7227.715     23  14501.430    14502.561    14614.308
 95  K3Pu+I+G4     7227.609     24  14503.218    14504.448    14621.004
 96  K3Pu+R2       7242.649     24  14533.299    14534.530    14651.085
 97  K3Pu+R3       7225.909     26  14503.818    14505.261    14631.420
 98  K3Pu+R4       7225.895     28  14507.789    14509.462    14645.206
 99  K3Pu+R5       Skipped 
100  K3Pu+R6       Skipped 
101  K3Pu+R7       Skipped 
102  K3Pu+R8       Skipped 
103  K3Pu+R9       Skipped 
104  K3Pu+R10      Skipped 
105  TPM2          7555.889     22  15155.777    15156.813    15263.748
106  TPM2+I        7317.128     23  14680.256    14681.387    14793.134
107  TPM2+G4       7232.653     23  14511.305    14512.436    14624.184
108  TPM2+I+G4     7232.287     24  14512.573    14513.804    14630.359
109  TPM2+R2       7248.002     24  14544.003    14545.234    14661.789
110  TPM2+R3       7228.776     26  14509.552    14510.995    14637.153
111  TPM2+R4       7228.775     28  14513.551    14515.223    14650.968
112  TPM2+R5       Skipped 
113  TPM2+R6       Skipped 
114  TPM2+R7       Skipped 
115  TPM2+R8       Skipped 
116  TPM2+R9       Skipped 
117  TPM2+R10      Skipped 
118  TPM2u         7555.874     22  15155.749    15156.785    15263.719
119  TPM2u+I       7317.128     23  14680.257    14681.388    14793.135
120  TPM2u+G4      7232.660     23  14511.321    14512.452    14624.199
121  TPM2u+I+G4    7232.277     24  14512.554    14513.785    14630.340
122  TPM2u+R2      7247.997     24  14543.993    14545.224    14661.780
123  TPM2u+R3      7228.724     26  14509.448    14510.891    14637.049
124  TPM2u+R4      7228.795     28  14513.590    14515.263    14651.007
125  TPM2u+R5      Skipped 
126  TPM2u+R6      Skipped 
127  TPM2u+R7      Skipped 
128  TPM2u+R8      Skipped 
129  TPM2u+R9      Skipped 
130  TPM2u+R10     Skipped 
131  TPM3          7561.419     22  15166.838    15167.874    15274.809
132  TPM3+I        7320.110     23  14686.219    14687.350    14799.098
133  TPM3+G4       7222.700     23  14491.399    14492.530    14604.277
134  TPM3+I+G4     7222.509     24  14493.018    14494.249    14610.804
135  TPM3+R2       7237.896     24  14523.793    14525.023    14641.579
136  TPM3+R3       7221.183     26  14494.367    14495.810    14621.968
137  TPM3+R4       7221.194     28  14498.389    14500.061    14635.806
138  TPM3+R5       Skipped 
139  TPM3+R6       Skipped 
140  TPM3+R7       Skipped 
141  TPM3+R8       Skipped 
142  TPM3+R9       Skipped 
143  TPM3+R10      Skipped 
144  TPM3u         7561.441     22  15166.882    15167.918    15274.853
145  TPM3u+I       7320.111     23  14686.223    14687.354    14799.101
146  TPM3u+G4      7222.261     23  14490.522    14491.654    14603.401
147  TPM3u+I+G4    7222.478     24  14492.956    14494.187    14610.742
148  TPM3u+R2      7237.944     24  14523.888    14525.119    14641.674
149  TPM3u+R3      7221.129     26  14494.258    14495.701    14621.860
150  TPM3u+R4      7221.179     28  14498.358    14500.030    14635.775
151  TPM3u+R5      Skipped 
152  TPM3u+R6      Skipped 
153  TPM3u+R7      Skipped 
154  TPM3u+R8      Skipped 
155  TPM3u+R9      Skipped 
156  TPM3u+R10     Skipped 
157  TIMe          7652.850     20  15345.700    15346.558    15443.855
158  TIMe+I        7422.222     21  14886.444    14887.389    14989.507
159  TIMe+G4       7344.570     21  14731.141    14732.086    14834.204
160  TIMe+I+G4     7344.260     22  14732.521    14733.556    14840.491
161  TIMe+R2       7356.484     22  14756.968    14758.004    14864.938
162  TIMe+R3       7342.476     24  14732.953    14734.183    14850.739
163  TIMe+R4       7342.441     26  14736.882    14738.325    14864.484
164  TIMe+R5       Skipped 
165  TIMe+R6       Skipped 
166  TIMe+R7       Skipped 
167  TIMe+R8       Skipped 
168  TIMe+R9       Skipped 
169  TIMe+R10      Skipped 
170  TIM           7559.626     23  15165.251    15166.382    15278.130
171  TIM+I         7318.724     24  14685.448    14686.679    14803.234
172  TIM+G4        7227.675     24  14503.350    14504.581    14621.136
173  TIM+I+G4      7227.489     25  14504.979    14506.313    14627.673
174  TIM+R2        7242.732     25  14535.464    14536.799    14658.158
175  TIM+R3        7225.843     27  14505.685    14507.241    14638.195
176  TIM+R4        7225.859     29  14509.718    14511.512    14652.043
177  TIM+R5        Skipped 
178  TIM+R6        Skipped 
179  TIM+R7        Skipped 
180  TIM+R8        Skipped 
181  TIM+R9        Skipped 
182  TIM+R10       Skipped 
183  TIM2e         7624.775     20  15289.550    15290.408    15387.705
184  TIM2e+I       7394.322     21  14830.644    14831.588    14933.707
185  TIM2e+G4      7312.443     21  14666.887    14667.832    14769.950
186  TIM2e+I+G4    7311.910     22  14667.820    14668.856    14775.791
187  TIM2e+R2      7325.986     22  14695.971    14697.007    14803.942
188  TIM2e+R3      7308.590     24  14665.180    14666.411    14782.966
189  TIM2e+R4      7308.339     26  14668.679    14670.122    14796.280
190  TIM2e+R5      Skipped 
191  TIM2e+R6      Skipped 
192  TIM2e+R7      Skipped 
193  TIM2e+R8      Skipped 
194  TIM2e+R9      Skipped 
195  TIM2e+R10     Skipped 
196  TIM2          7554.166     23  15154.332    15155.463    15267.210
197  TIM2+I        7316.318     24  14680.636    14681.867    14798.422
198  TIM2+G4       7232.547     24  14513.093    14514.324    14630.880
199  TIM2+I+G4     7232.108     25  14514.216    14515.551    14636.910
200  TIM2+R2       7247.874     25  14545.749    14547.084    14668.443
201  TIM2+R3       7228.457     27  14510.914    14512.469    14643.423
202  TIM2+R4       7228.479     29  14514.958    14516.752    14657.283
203  TIM2+R5       Skipped 
204  TIM2+R6       Skipped 
205  TIM2+R7       Skipped 
206  TIM2+R8       Skipped 
207  TIM2+R9       Skipped 
208  TIM2+R10      Skipped 
209  TIM3e         7653.831     20  15347.662    15348.520    15445.817
210  TIM3e+I       7423.390     21  14888.780    14889.725    14991.843
211  TIM3e+G4      7344.342     21  14730.685    14731.629    14833.747
212  TIM3e+I+G4    7344.121     22  14732.242    14733.278    14840.213
213  TIM3e+R2      7356.639     22  14757.277    14758.313    14865.248
214  TIM3e+R3      7342.111     24  14732.222    14733.453    14850.008
215  TIM3e+R4      7342.131     26  14736.262    14737.705    14863.864
216  TIM3e+R5      Skipped 
217  TIM3e+R6      Skipped 
218  TIM3e+R7      Skipped 
219  TIM3e+R8      Skipped 
220  TIM3e+R9      Skipped 
221  TIM3e+R10     Skipped 
222  TIM3          7559.099     23  15164.198    15165.329    15277.076
223  TIM3+I        7318.888     24  14685.777    14687.008    14803.563
224  TIM3+G4       7222.064     24  14492.127    14493.358    14609.913
225  TIM3+I+G4     7222.096     25  14494.193    14495.528    14616.887
226  TIM3+R2       7237.352     25  14524.705    14526.040    14647.399
227  TIM3+R3       7220.971     27  14495.943    14497.498    14628.452
228  TIM3+R4       7220.942     29  14499.883    14501.677    14642.208
229  TIM3+R5       Skipped 
230  TIM3+R6       Skipped 
231  TIM3+R7       Skipped 
232  TIM3+R8       Skipped 
233  TIM3+R9       Skipped 
234  TIM3+R10      Skipped 
235  TVMe          7621.204     21  15284.408    15285.352    15387.470
236  TVMe+I        7391.276     22  14826.551    14827.587    14934.522
237  TVMe+G4       7312.068     22  14668.136    14669.172    14776.107
238  TVMe+I+G4     7311.644     23  14669.287    14670.419    14782.166
239  TVMe+R2       7325.726     23  14697.451    14698.582    14810.329
240  TVMe+R3       7308.886     25  14667.773    14669.107    14790.467
241  TVMe+R4       7308.881     27  14671.761    14673.317    14804.271
242  TVMe+R5       Skipped 
243  TVMe+R6       Skipped 
244  TVMe+R7       Skipped 
245  TVMe+R8       Skipped 
246  TVMe+R9       Skipped 
247  TVMe+R10      Skipped 
248  TVM           7544.377     24  15136.753    15137.984    15254.539
249  TVM+I         7304.493     25  14658.986    14660.321    14781.680
250  TVM+G4        7213.405     25  14476.810    14478.145    14599.504
251  TVM+I+G4      7213.394     26  14478.788    14480.231    14606.389
252  TVM+R2        7228.710     26  14509.419    14510.862    14637.021
253  TVM+R3        7211.879     28  14479.758    14481.430    14617.175
254  TVM+R4        7211.785     30  14483.569    14485.489    14630.802
255  TVM+R5        Skipped 
256  TVM+R6        Skipped 
257  TVM+R7        Skipped 
258  TVM+R8        Skipped 
259  TVM+R9        Skipped 
260  TVM+R10       Skipped 
261  SYM           7619.677     22  15283.353    15284.389    15391.324
262  SYM+I         7388.859     23  14823.719    14824.850    14936.597
263  SYM+G4        7305.382     23  14656.765    14657.896    14769.643
264  SYM+I+G4      7304.983     24  14657.965    14659.196    14775.751
265  SYM+R2        7319.152     24  14686.304    14687.535    14804.090
266  SYM+R3        7302.250     26  14656.499    14657.942    14784.101
267  SYM+R4        7302.174     28  14660.348    14662.021    14797.765
268  SYM+R5        Skipped 
269  SYM+R6        Skipped 
270  SYM+R7        Skipped 
271  SYM+R8        Skipped 
272  SYM+R9        Skipped 
273  SYM+R10       Skipped 
274  GTR           7541.793     25  15133.586    15134.921    15256.280
275  GTR+I         7303.326     26  14658.653    14660.096    14786.254
276  GTR+G4        7212.580     26  14477.160    14478.603    14604.762
277  GTR+I+G4      7212.622     27  14479.244    14480.799    14611.753
278  GTR+R2        7227.898     27  14509.797    14511.352    14642.306
279  GTR+R3        7211.236     29  14480.472    14482.266    14622.797
280  GTR+R4        7211.221     31  14484.442    14486.492    14636.583
281  GTR+R5        Skipped 
282  GTR+R6        Skipped 
283  GTR+R7        Skipped 
284  GTR+R8        Skipped 
285  GTR+R9        Skipped 
286  GTR+R10       Skipped 
Akaike Information Criterion:           TVM+G4
Corrected Akaike Information Criterion: TVM+G4
Bayesian Information Criterion:         TVM+G4
Best-fit model: TVM+G4 chosen according to BIC

All model information printed to ./results/gene9.phy.model
CPU time for ModelFinder: 13.701 seconds (0h:0m:13s)
Wall-clock time for ModelFinder: 14.976 seconds (0h:0m:14s)
Generating 1000 samples for ultrafast bootstrap (seed: 379410)...

NOTE: 2 MB RAM (0 GB) is required!
Estimate model parameters (epsilon = 0.100)
1. Initial log-likelihood: -7482.514
2. Current log-likelihood: -7316.488
3. Current log-likelihood: -7246.536
4. Current log-likelihood: -7241.876
5. Current log-likelihood: -7241.477
Optimal log-likelihood: -7241.431
Rate parameters:  A-C: 51.313  A-G: 99.994  A-T: 21.375  C-G: 25.005  C-T: 99.994  G-T: 1.000
Base frequencies:   A: 0.383  C: 0.167  G: 0.218  T: 0.232
Gamma shape alpha: 0.524
Parameters optimization took 5 rounds (0.089 sec)
Computing ML distances based on estimated model parameters... 0.002 sec
Computing BIONJ tree...
0.000 seconds
Log-likelihood of BIONJ tree: -7239.999
--------------------------------------------------------------------
|             INITIALIZING CANDIDATE TREE SET                      |
--------------------------------------------------------------------
Generating 98 parsimony trees... 0.077 second
Computing log-likelihood of 94 initial trees ... 0.421 seconds
Current best score: -7239.999

Do NNI search on 20 best initial trees
Estimate model parameters (epsilon = 0.100)

WARNING: Estimated model parameters are at boundary that can cause numerical instability!

BETTER TREE FOUND at iteration 1: -7237.983
Estimate model parameters (epsilon = 0.100)

WARNING: Estimated model parameters are at boundary that can cause numerical instability!

BETTER TREE FOUND at iteration 4: -7235.883
Iteration 10 / LogL: -7239.518 / Time: 0h:0m:16s
Iteration 20 / LogL: -7239.972 / Time: 0h:0m:16s
Finish initializing candidate tree set (13)
Current best tree score: -7235.883 / CPU time: 1.639
Number of iterations: 20
--------------------------------------------------------------------
|               OPTIMIZING CANDIDATE TREE SET                      |
--------------------------------------------------------------------
UPDATE BEST LOG-LIKELIHOOD: -7235.883
Iteration 30 / LogL: -7237.989 / Time: 0h:0m:17s (0h:0m:5s left)
UPDATE BEST LOG-LIKELIHOOD: -7235.883
Iteration 40 / LogL: -7237.533 / Time: 0h:0m:17s (0h:0m:4s left)
Iteration 50 / LogL: -7237.005 / Time: 0h:0m:18s (0h:0m:3s left)
Log-likelihood cutoff on original alignment: -7246.790
UPDATE BEST LOG-LIKELIHOOD: -7235.883
Iteration 60 / LogL: -7237.534 / Time: 0h:0m:18s (0h:0m:2s left)
Iteration 70 / LogL: -7237.592 / Time: 0h:0m:19s (0h:0m:2s left)
Iteration 80 / LogL: -7237.533 / Time: 0h:0m:19s (0h:0m:1s left)
Iteration 90 / LogL: -7237.533 / Time: 0h:0m:20s (0h:0m:0s left)
Iteration 100 / LogL: -7237.533 / Time: 0h:0m:20s (0h:0m:0s left)
Log-likelihood cutoff on original alignment: -7246.790
NOTE: Bootstrap correlation coefficient of split occurrence frequencies: 0.989
NOTE: UFBoot does not converge, continue at least 100 more iterations
Iteration 110 / LogL: -7235.884 / Time: 0h:0m:21s (0h:0m:5s left)
Iteration 120 / LogL: -7238.322 / Time: 0h:0m:21s (0h:0m:4s left)
Iteration 130 / LogL: -7237.005 / Time: 0h:0m:22s (0h:0m:3s left)
Iteration 140 / LogL: -7235.884 / Time: 0h:0m:22s (0h:0m:3s left)
Iteration 150 / LogL: -7235.883 / Time: 0h:0m:22s (0h:0m:2s left)
Log-likelihood cutoff on original alignment: -7246.790
Iteration 160 / LogL: -7237.010 / Time: 0h:0m:23s (0h:0m:2s left)
Iteration 170 / LogL: -7235.884 / Time: 0h:0m:24s (0h:0m:1s left)
Iteration 180 / LogL: -7237.006 / Time: 0h:0m:24s (0h:0m:1s left)
Iteration 190 / LogL: -7237.533 / Time: 0h:0m:25s (0h:0m:0s left)
Iteration 200 / LogL: -7235.883 / Time: 0h:0m:25s (0h:0m:0s left)
Log-likelihood cutoff on original alignment: -7246.790
NOTE: Bootstrap correlation coefficient of split occurrence frequencies: 0.989
NOTE: UFBoot does not converge, continue at least 100 more iterations
Iteration 210 / LogL: -7235.914 / Time: 0h:0m:26s (0h:0m:4s left)
Iteration 220 / LogL: -7235.883 / Time: 0h:0m:26s (0h:0m:4s left)
Iteration 230 / LogL: -7235.883 / Time: 0h:0m:26s (0h:0m:3s left)
Iteration 240 / LogL: -7235.899 / Time: 0h:0m:27s (0h:0m:3s left)
Iteration 250 / LogL: -7237.063 / Time: 0h:0m:27s (0h:0m:2s left)
Log-likelihood cutoff on original alignment: -7246.790
Iteration 260 / LogL: -7236.168 / Time: 0h:0m:28s (0h:0m:2s left)
Iteration 270 / LogL: -7235.883 / Time: 0h:0m:28s (0h:0m:1s left)
Iteration 280 / LogL: -7235.933 / Time: 0h:0m:29s (0h:0m:1s left)
Iteration 290 / LogL: -7237.005 / Time: 0h:0m:29s (0h:0m:0s left)
Iteration 300 / LogL: -7237.005 / Time: 0h:0m:30s (0h:0m:0s left)
Log-likelihood cutoff on original alignment: -7246.790
NOTE: Bootstrap correlation coefficient of split occurrence frequencies: 0.996
TREE SEARCH COMPLETED AFTER 300 ITERATIONS / Time: 0h:0m:30s

--------------------------------------------------------------------
|                    FINALIZING TREE SEARCH                        |
--------------------------------------------------------------------
Performs final model parameters optimization
Estimate model parameters (epsilon = 0.010)
1. Initial log-likelihood: -7235.883
2. Current log-likelihood: -7235.870
3. Current log-likelihood: -7235.858
4. Current log-likelihood: -7235.848
Optimal log-likelihood: -7235.838
Rate parameters:  A-C: 50.692  A-G: 100.000  A-T: 21.106  C-G: 24.848  C-T: 100.000  G-T: 1.000
Base frequencies:   A: 0.383  C: 0.167  G: 0.218  T: 0.232
Gamma shape alpha: 0.523
Parameters optimization took 4 rounds (0.062 sec)

WARNING: Estimated model parameters are at boundary that can cause numerical instability!

BEST SCORE FOUND : -7235.838
Creating bootstrap support values...
Split supports printed to NEXUS file ./results/gene9.phy.splits.nex
Total tree length: 3.248

Total number of iterations: 300
CPU time used for tree search: 15.196 sec (0h:0m:15s)
Wall-clock time used for tree search: 15.500 sec (0h:0m:15s)
Total CPU time used: 29.075 sec (0h:0m:29s)
Total wall-clock time used: 30.736 sec (0h:0m:30s)

Computing bootstrap consensus tree...
Reading input file ./results/gene9.phy.splits.nex...
10 taxa and 166 splits.
Consensus tree written to ./results/gene9.phy.contree
Reading input trees file ./results/gene9.phy.contree
Log-likelihood of consensus tree: -7235.838

Analysis results written to: 
  IQ-TREE report:                ./results/gene9.phy.iqtree
  Maximum-likelihood tree:       ./results/gene9.phy.treefile
  Likelihood distances:          ./results/gene9.phy.mldist

Ultrafast bootstrap approximation results written to:
  Split support values:          ./results/gene9.phy.splits.nex
  Consensus tree:                ./results/gene9.phy.contree
  Screen log file:               ./results/gene9.phy.log

Date and Time: Tue Aug 22 18:34:41 2017
