IQ-TREE multicore version 1.5.4 for Linux 64-bit built Apr  2 2017
Copyright (c) 2011-2017 by Bui Quang Minh, Nguyen Lam Tung,
Olga Chernomor, Heiko Schmidt, and Arndt von Haeseler.

Host:    hpc-crick (AVX, 251 GB RAM)
Command: iqtree -s ./results/gene2.phy -nt 1 -bb 1000
Seed:    723450 (Using SPRNG - Scalable Parallel Random Number Generator)
Time:    Tue Aug 22 18:31:05 2017
Kernel:  AVX - 1 threads (40 CPU cores detected)

Reading alignment file ./results/gene2.phy ... Phylip format detected
Alignment most likely contains DNA/RNA sequences
Alignment has 10 sequences with 1000 columns and 522 patterns (374 informative sites, 357 constant sites)
   Gap/Ambiguity  Composition  p-value
   1  A    0.00%    passed     87.77%
   2  B    0.00%    passed     87.09%
   3  C    0.00%    passed     78.26%
   4  D    0.00%    passed     53.37%
   5  E    0.00%    passed     60.20%
   6  F    0.00%    passed     81.22%
   7  G    0.00%    passed     93.79%
   8  H    0.00%    passed     57.09%
   9  I    0.00%    passed     95.22%
  10  J    0.00%    passed     63.72%
****  TOTAL    0.00%  0 sequences failed composition chi2 test (p-value<5%; df=3)

Create initial parsimony tree by phylogenetic likelihood library (PLL)... 0.000 seconds

NOTE: ModelFinder requires 3 MB RAM!
ModelFinder will test 286 DNA models (sample size: 1000) ...
 No. Model         -LnL         df  AIC          AICc         BIC
  1  JC            8061.061     17  16156.123    16156.746    16239.555
  2  JC+I          7794.018     18  15624.037    15624.734    15712.376
  3  JC+G4         7729.778     18  15495.556    15496.253    15583.895
  4  JC+I+G4       7729.836     19  15497.672    15498.447    15590.919
  5  JC+R2         7730.266     19  15498.533    15499.308    15591.780
  6  JC+R3         7727.147     21  15496.294    15497.238    15599.357
  7  JC+R4         Skipped 
  8  JC+R5         Skipped 
  9  JC+R6         Skipped 
 10  JC+R7         Skipped 
 11  JC+R8         Skipped 
 12  JC+R9         Skipped 
 13  JC+R10        Skipped 
 14  F81           7952.293     20  15944.586    15945.444    16042.741
 15  F81+I         7681.912     21  15405.824    15406.769    15508.887
 16  F81+G4        7605.380     21  15252.760    15253.705    15355.823
 17  F81+I+G4      7605.591     22  15255.181    15256.217    15363.152
 18  F81+R2        7608.512     22  15261.024    15262.060    15368.994
 19  F81+R3        7603.696     24  15255.392    15256.622    15373.178
 20  F81+R4        Skipped 
 21  F81+R5        Skipped 
 22  F81+R6        Skipped 
 23  F81+R7        Skipped 
 24  F81+R8        Skipped 
 25  F81+R9        Skipped 
 26  F81+R10       Skipped 
 27  K2P           7910.362     18  15856.723    15857.421    15945.063
 28  K2P+I         7632.022     19  15302.045    15302.820    15395.292
 29  K2P+G4        7551.917     19  15141.835    15142.610    15235.082
 30  K2P+I+G4      7551.935     20  15143.870    15144.728    15242.025
 31  K2P+R2        7557.800     20  15155.600    15156.458    15253.755
 32  K2P+R3        7551.360     22  15146.720    15147.756    15254.691
 33  K2P+R4        Skipped 
 34  K2P+R5        Skipped 
 35  K2P+R6        Skipped 
 36  K2P+R7        Skipped 
 37  K2P+R8        Skipped 
 38  K2P+R9        Skipped 
 39  K2P+R10       Skipped 
 40  HKY           7799.289     21  15640.578    15641.523    15743.641
 41  HKY+I         7512.813     22  15069.625    15070.661    15177.596
 42  HKY+G4        7412.909     22  14869.819    14870.855    14977.789
 43  HKY+I+G4      7413.121     23  14872.242    14873.373    14985.121
 44  HKY+R2        7426.320     23  14898.641    14899.772    15011.519
 45  HKY+R3        7412.562     25  14875.123    14876.458    14997.817
 46  HKY+R4        7412.476     27  14878.952    14880.508    15011.461
 47  HKY+R5        Skipped 
 48  HKY+R6        Skipped 
 49  HKY+R7        Skipped 
 50  HKY+R8        Skipped 
 51  HKY+R9        Skipped 
 52  HKY+R10       Skipped 
 53  TNe           7910.363     19  15858.726    15859.501    15951.973
 54  TNe+I         7631.850     20  15303.700    15304.559    15401.856
 55  TNe+G4        7551.148     20  15142.297    15143.155    15240.452
 56  TNe+I+G4      7550.974     21  15143.948    15144.892    15247.011
 57  TNe+R2        7557.714     21  15157.427    15158.372    15260.490
 58  TNe+R3        7550.709     23  15147.419    15148.550    15260.297
 59  TNe+R4        7550.709     25  15151.418    15152.753    15274.112
 60  TNe+R5        Skipped 
 61  TNe+R6        Skipped 
 62  TNe+R7        Skipped 
 63  TNe+R8        Skipped 
 64  TNe+R9        Skipped 
 65  TNe+R10       Skipped 
 66  TN            7793.084     22  15630.169    15631.205    15738.140
 67  TN+I          7509.934     23  15065.868    15066.999    15178.746
 68  TN+G4         7410.900     23  14867.800    14868.932    14980.679
 69  TN+I+G4       7410.943     24  14869.886    14871.117    14987.673
 70  TN+R2         7421.640     24  14891.280    14892.510    15009.066
 71  TN+R3         7410.255     26  14872.510    14873.953    15000.112
 72  TN+R4         7410.215     28  14876.430    14878.102    15013.847
 73  TN+R5         Skipped 
 74  TN+R6         Skipped 
 75  TN+R7         Skipped 
 76  TN+R8         Skipped 
 77  TN+R9         Skipped 
 78  TN+R10        Skipped 
 79  K3P           7908.243     19  15854.487    15855.262    15947.734
 80  K3P+I         7629.574     20  15299.148    15300.006    15397.303
 81  K3P+G4        7548.715     20  15137.430    15138.288    15235.585
 82  K3P+I+G4      7548.576     21  15139.151    15140.096    15242.214
 83  K3P+R2        7554.523     21  15151.046    15151.991    15254.109
 84  K3P+R3        7548.118     23  15142.235    15143.367    15255.114
 85  K3P+R4        Skipped 
 86  K3P+R5        Skipped 
 87  K3P+R6        Skipped 
 88  K3P+R7        Skipped 
 89  K3P+R8        Skipped 
 90  K3P+R9        Skipped 
 91  K3P+R10       Skipped 
 92  K3Pu          7789.848     22  15623.696    15624.732    15731.666
 93  K3Pu+I        7505.047     23  15056.093    15057.225    15168.972
 94  K3Pu+G4       7402.548     23  14851.095    14852.226    14963.974
 95  K3Pu+I+G4     7402.633     24  14853.266    14854.497    14971.052
 96  K3Pu+R2       7416.275     24  14880.549    14881.780    14998.335
 97  K3Pu+R3       7402.153     26  14856.306    14857.749    14983.908
 98  K3Pu+R4       7402.074     28  14860.149    14861.821    14997.566
 99  K3Pu+R5       Skipped 
100  K3Pu+R6       Skipped 
101  K3Pu+R7       Skipped 
102  K3Pu+R8       Skipped 
103  K3Pu+R9       Skipped 
104  K3Pu+R10      Skipped 
105  TPM2          7791.504     22  15627.008    15628.044    15734.978
106  TPM2+I        7506.232     23  15058.464    15059.596    15171.343
107  TPM2+G4       7410.943     23  14867.887    14869.018    14980.765
108  TPM2+I+G4     7411.094     24  14870.189    14871.420    14987.975
109  TPM2+R2       7422.346     24  14892.692    14893.922    15010.478
110  TPM2+R3       7410.588     26  14873.177    14874.620    15000.778
111  TPM2+R4       7410.568     28  14877.136    14878.809    15014.553
112  TPM2+R5       Skipped 
113  TPM2+R6       Skipped 
114  TPM2+R7       Skipped 
115  TPM2+R8       Skipped 
116  TPM2+R9       Skipped 
117  TPM2+R10      Skipped 
118  TPM2u         7791.498     22  15626.997    15628.033    15734.967
119  TPM2u+I       7506.230     23  15058.461    15059.592    15171.339
120  TPM2u+G4      7410.944     23  14867.889    14869.020    14980.767
121  TPM2u+I+G4    7411.070     24  14870.140    14871.371    14987.926
122  TPM2u+R2      7422.342     24  14892.684    14893.914    15010.470
123  TPM2u+R3      7410.583     26  14873.166    14874.609    15000.767
124  TPM2u+R4      7410.567     28  14877.135    14878.807    15014.552
125  TPM2u+R5      Skipped 
126  TPM2u+R6      Skipped 
127  TPM2u+R7      Skipped 
128  TPM2u+R8      Skipped 
129  TPM2u+R9      Skipped 
130  TPM2u+R10     Skipped 
131  TPM3          7779.072     22  15602.144    15603.180    15710.115
132  TPM3+I        7503.442     23  15052.884    15054.015    15165.763
133  TPM3+G4       7394.447     23  14834.895    14836.026    14947.773
134  TPM3+I+G4     7394.719     24  14837.439    14838.670    14955.225
135  TPM3+R2       7406.973     24  14861.946    14863.177    14979.733
136  TPM3+R3       7393.628     26  14839.256    14840.699    14966.858
137  TPM3+R4       7393.634     28  14843.267    14844.940    14980.684
138  TPM3+R5       Skipped 
139  TPM3+R6       Skipped 
140  TPM3+R7       Skipped 
141  TPM3+R8       Skipped 
142  TPM3+R9       Skipped 
143  TPM3+R10      Skipped 
144  TPM3u         7779.089     22  15602.178    15603.214    15710.149
145  TPM3u+I       7503.435     23  15052.869    15054.000    15165.748
146  TPM3u+G4      7394.445     23  14834.890    14836.021    14947.769
147  TPM3u+I+G4    7394.691     24  14837.383    14838.613    14955.169
148  TPM3u+R2      7406.976     24  14861.953    14863.184    14979.739
149  TPM3u+R3      7393.634     26  14839.268    14840.711    14966.870
150  TPM3u+R4      7393.627     28  14843.255    14844.927    14980.672
151  TPM3u+R5      Skipped 
152  TPM3u+R6      Skipped 
153  TPM3u+R7      Skipped 
154  TPM3u+R8      Skipped 
155  TPM3u+R9      Skipped 
156  TPM3u+R10     Skipped 
157  TIMe          7908.262     20  15856.523    15857.381    15954.678
158  TIMe+I        7629.401     21  15300.802    15301.747    15403.865
159  TIMe+G4       7547.963     21  15137.926    15138.871    15240.989
160  TIMe+I+G4     7547.710     22  15139.419    15140.455    15247.390
161  TIMe+R2       7554.454     22  15152.909    15153.945    15260.880
162  TIMe+R3       7547.538     24  15143.075    15144.306    15260.861
163  TIMe+R4       7547.526     26  15147.053    15148.496    15274.655
164  TIMe+R5       Skipped 
165  TIMe+R6       Skipped 
166  TIMe+R7       Skipped 
167  TIMe+R8       Skipped 
168  TIMe+R9       Skipped 
169  TIMe+R10      Skipped 
170  TIM           7783.289     23  15612.578    15613.709    15725.457
171  TIM+I         7502.110     24  15052.220    15053.450    15170.006
172  TIM+G4        7400.670     24  14849.339    14850.570    14967.126
173  TIM+I+G4      7400.543     25  14851.085    14852.420    14973.779
174  TIM+R2        7411.590     25  14873.179    14874.514    14995.873
175  TIM+R3        7400.223     27  14854.446    14856.001    14986.955
176  TIM+R4        7400.151     29  14858.303    14860.097    15000.628
177  TIM+R5        Skipped 
178  TIM+R6        Skipped 
179  TIM+R7        Skipped 
180  TIM+R8        Skipped 
181  TIM+R9        Skipped 
182  TIM+R10       Skipped 
183  TIM2e         7885.366     20  15810.731    15811.589    15908.887
184  TIM2e+I       7606.763     21  15255.527    15256.471    15358.589
185  TIM2e+G4      7516.681     21  15075.362    15076.307    15178.425
186  TIM2e+I+G4    7516.456     22  15076.912    15077.948    15184.882
187  TIM2e+R2      7525.850     22  15095.701    15096.737    15203.672
188  TIM2e+R3      7516.895     24  15081.790    15083.020    15199.576
189  TIM2e+R4      7516.873     26  15085.746    15087.189    15213.347
190  TIM2e+R5      Skipped 
191  TIM2e+R6      Skipped 
192  TIM2e+R7      Skipped 
193  TIM2e+R8      Skipped 
194  TIM2e+R9      Skipped 
195  TIM2e+R10     Skipped 
196  TIM2          7784.667     23  15615.334    15616.466    15728.213
197  TIM2+I        7503.170     24  15054.339    15055.570    15172.125
198  TIM2+G4       7408.113     24  14864.226    14865.457    14982.012
199  TIM2+I+G4     7407.964     25  14865.928    14867.263    14988.622
200  TIM2+R2       7416.706     25  14883.412    14884.746    15006.106
201  TIM2+R3       7407.700     27  14869.400    14870.955    15001.909
202  TIM2+R4       7407.642     29  14873.285    14875.078    15015.610
203  TIM2+R5       Skipped 
204  TIM2+R6       Skipped 
205  TIM2+R7       Skipped 
206  TIM2+R8       Skipped 
207  TIM2+R9       Skipped 
208  TIM2+R10      Skipped 
209  TIM3e         7905.664     20  15851.328    15852.187    15949.484
210  TIM3e+I       7629.883     21  15301.766    15302.711    15404.829
211  TIM3e+G4      7546.706     21  15135.412    15136.357    15238.475
212  TIM3e+I+G4    7546.610     22  15137.220    15138.256    15245.191
213  TIM3e+R2      7553.768     22  15151.537    15152.573    15259.508
214  TIM3e+R3      7546.424     24  15140.848    15142.079    15258.634
215  TIM3e+R4      7546.403     26  15144.806    15146.249    15272.407
216  TIM3e+R5      Skipped 
217  TIM3e+R6      Skipped 
218  TIM3e+R7      Skipped 
219  TIM3e+R8      Skipped 
220  TIM3e+R9      Skipped 
221  TIM3e+R10     Skipped 
222  TIM3          7769.855     23  15585.710    15586.841    15698.588
223  TIM3+I        7500.136     24  15048.272    15049.503    15166.058
224  TIM3+G4       7390.238     24  14828.476    14829.707    14946.262
225  TIM3+I+G4     7390.644     25  14831.289    14832.623    14953.982
226  TIM3+R2       7399.825     25  14849.650    14850.985    14972.344
227  TIM3+R3       7389.258     27  14832.516    14834.072    14965.025
228  TIM3+R4       7389.178     29  14836.357    14838.150    14978.681
229  TIM3+R5       Skipped 
230  TIM3+R6       Skipped 
231  TIM3+R7       Skipped 
232  TIM3+R8       Skipped 
233  TIM3+R9       Skipped 
234  TIM3+R10      Skipped 
235  TVMe          7879.977     21  15801.954    15802.899    15905.017
236  TVMe+I        7602.752     22  15249.503    15250.539    15357.474
237  TVMe+G4       7512.531     22  15069.062    15070.097    15177.032
238  TVMe+I+G4     7512.395     23  15070.790    15071.922    15183.669
239  TVMe+R2       7520.320     23  15086.639    15087.770    15199.518
240  TVMe+R3       7512.584     25  15075.167    15076.502    15197.861
241  TVMe+R4       7512.544     27  15079.089    15080.644    15211.598
242  TVMe+R5       Skipped 
243  TVMe+R6       Skipped 
244  TVMe+R7       Skipped 
245  TVMe+R8       Skipped 
246  TVMe+R9       Skipped 
247  TVMe+R10      Skipped 
248  TVM           7768.447     24  15584.894    15586.125    15702.680
249  TVM+I         7493.269     25  15036.538    15037.873    15159.232
250  TVM+G4        7389.167     25  14828.335    14829.670    14951.029
251  TVM+I+G4      7389.358     26  14830.716    14832.159    14958.317
252  TVM+R2        7400.505     26  14853.011    14854.453    14980.612
253  TVM+R3        7388.838     28  14833.676    14835.348    14971.093
254  TVM+R4        7388.764     30  14837.528    14839.447    14984.760
255  TVM+R5        Skipped 
256  TVM+R6        Skipped 
257  TVM+R7        Skipped 
258  TVM+R8        Skipped 
259  TVM+R9        Skipped 
260  TVM+R10       Skipped 
261  SYM           7879.991     22  15803.982    15805.018    15911.953
262  SYM+I         7602.605     23  15251.210    15252.342    15364.089
263  SYM+G4        7510.692     23  15067.384    15068.515    15180.263
264  SYM+I+G4      7510.471     24  15068.942    15070.172    15186.728
265  SYM+R2        7520.166     24  15088.333    15089.564    15206.119
266  SYM+R3        7510.959     26  15073.918    15075.361    15201.520
267  SYM+R4        7510.897     28  15077.795    15079.467    15215.212
268  SYM+R5        Skipped 
269  SYM+R6        Skipped 
270  SYM+R7        Skipped 
271  SYM+R8        Skipped 
272  SYM+R9        Skipped 
273  SYM+R10       Skipped 
274  GTR           7758.717     25  15567.433    15568.768    15690.127
275  GTR+I         7489.800     26  15031.599    15033.042    15159.201
276  GTR+G4        7384.352     26  14820.705    14822.148    14948.306
277  GTR+I+G4      7384.686     27  14823.371    14824.927    14955.881
278  GTR+R2        7392.545     27  14839.090    14840.645    14971.599
279  GTR+R3        7383.525     29  14825.050    14826.844    14967.375
280  GTR+R4        7383.486     31  14828.971    14831.021    14981.112
281  GTR+R5        Skipped 
282  GTR+R6        Skipped 
283  GTR+R7        Skipped 
284  GTR+R8        Skipped 
285  GTR+R9        Skipped 
286  GTR+R10       Skipped 
Akaike Information Criterion:           GTR+G4
Corrected Akaike Information Criterion: GTR+G4
Bayesian Information Criterion:         TIM3+G4
Best-fit model: TIM3+G4 chosen according to BIC

All model information printed to ./results/gene2.phy.model
CPU time for ModelFinder: 8.724 seconds (0h:0m:8s)
Wall-clock time for ModelFinder: 10.094 seconds (0h:0m:10s)
Generating 1000 samples for ultrafast bootstrap (seed: 723450)...

NOTE: 2 MB RAM (0 GB) is required!
Estimate model parameters (epsilon = 0.100)
1. Initial log-likelihood: -7665.344
2. Current log-likelihood: -7401.406
3. Current log-likelihood: -7391.650
4. Current log-likelihood: -7390.616
Optimal log-likelihood: -7390.533
Rate parameters:  A-C: 2.977  A-G: 5.284  A-T: 1.000  C-G: 2.977  C-T: 8.745  G-T: 1.000
Base frequencies:   A: 0.410  C: 0.152  G: 0.204  T: 0.235
Gamma shape alpha: 0.536
Parameters optimization took 4 rounds (0.072 sec)
Computing ML distances based on estimated model parameters... 0.002 sec
Computing BIONJ tree...
0.000 seconds
Log-likelihood of BIONJ tree: -7390.769
--------------------------------------------------------------------
|             INITIALIZING CANDIDATE TREE SET                      |
--------------------------------------------------------------------
Generating 98 parsimony trees... 0.139 second
Computing log-likelihood of 93 initial trees ... 0.805 seconds
Current best score: -7390.533

Do NNI search on 20 best initial trees
Estimate model parameters (epsilon = 0.100)
BETTER TREE FOUND at iteration 1: -7388.384
Estimate model parameters (epsilon = 0.100)
BETTER TREE FOUND at iteration 2: -7383.642
Estimate model parameters (epsilon = 0.100)
BETTER TREE FOUND at iteration 3: -7383.147
UPDATE BEST LOG-LIKELIHOOD: -7383.147
WARNING: NNI search needs unusual large number of steps (7) to converge!
UPDATE BEST LOG-LIKELIHOOD: -7383.146
Iteration 10 / LogL: -7383.146 / Time: 0h:0m:11s
Iteration 20 / LogL: -7384.440 / Time: 0h:0m:12s
Finish initializing candidate tree set (10)
Current best tree score: -7383.146 / CPU time: 2.338
Number of iterations: 20
--------------------------------------------------------------------
|               OPTIMIZING CANDIDATE TREE SET                      |
--------------------------------------------------------------------
UPDATE BEST LOG-LIKELIHOOD: -7383.146
Iteration 30 / LogL: -7384.440 / Time: 0h:0m:12s (0h:0m:7s left)
Iteration 40 / LogL: -7383.148 / Time: 0h:0m:13s (0h:0m:5s left)
UPDATE BEST LOG-LIKELIHOOD: -7383.146
Iteration 50 / LogL: -7383.147 / Time: 0h:0m:13s (0h:0m:3s left)
Log-likelihood cutoff on original alignment: -7393.499
Iteration 60 / LogL: -7383.148 / Time: 0h:0m:14s (0h:0m:2s left)
Iteration 70 / LogL: -7383.148 / Time: 0h:0m:14s (0h:0m:2s left)
Iteration 80 / LogL: -7383.146 / Time: 0h:0m:14s (0h:0m:1s left)
UPDATE BEST LOG-LIKELIHOOD: -7383.146
Iteration 90 / LogL: -7383.146 / Time: 0h:0m:15s (0h:0m:0s left)
Iteration 100 / LogL: -7383.146 / Time: 0h:0m:15s (0h:0m:0s left)
Log-likelihood cutoff on original alignment: -7393.499
NOTE: Bootstrap correlation coefficient of split occurrence frequencies: 0.990
TREE SEARCH COMPLETED AFTER 104 ITERATIONS / Time: 0h:0m:15s

--------------------------------------------------------------------
|                    FINALIZING TREE SEARCH                        |
--------------------------------------------------------------------
Performs final model parameters optimization
Estimate model parameters (epsilon = 0.010)
1. Initial log-likelihood: -7383.146
2. Current log-likelihood: -7383.136
Optimal log-likelihood: -7383.131
Rate parameters:  A-C: 2.948  A-G: 5.473  A-T: 1.000  C-G: 2.948  C-T: 8.680  G-T: 1.000
Base frequencies:   A: 0.410  C: 0.152  G: 0.204  T: 0.235
Gamma shape alpha: 0.534
Parameters optimization took 2 rounds (0.017 sec)
BEST SCORE FOUND : -7383.131
Creating bootstrap support values...
Split supports printed to NEXUS file ./results/gene2.phy.splits.nex
Total tree length: 3.210

Total number of iterations: 104
CPU time used for tree search: 5.064 sec (0h:0m:5s)
Wall-clock time used for tree search: 5.628 sec (0h:0m:5s)
Total CPU time used: 13.920 sec (0h:0m:13s)
Total wall-clock time used: 15.891 sec (0h:0m:15s)

Computing bootstrap consensus tree...
Reading input file ./results/gene2.phy.splits.nex...
10 taxa and 157 splits.
Consensus tree written to ./results/gene2.phy.contree
Reading input trees file ./results/gene2.phy.contree
Log-likelihood of consensus tree: -7383.553

Analysis results written to: 
  IQ-TREE report:                ./results/gene2.phy.iqtree
  Maximum-likelihood tree:       ./results/gene2.phy.treefile
  Likelihood distances:          ./results/gene2.phy.mldist

Ultrafast bootstrap approximation results written to:
  Split support values:          ./results/gene2.phy.splits.nex
  Consensus tree:                ./results/gene2.phy.contree
  Screen log file:               ./results/gene2.phy.log

Date and Time: Tue Aug 22 18:31:21 2017
