IQ-TREE multicore version 1.5.4 for Linux 64-bit built Apr  2 2017
Copyright (c) 2011-2017 by Bui Quang Minh, Nguyen Lam Tung,
Olga Chernomor, Heiko Schmidt, and Arndt von Haeseler.

Host:    hpc-crick (AVX, 251 GB RAM)
Command: iqtree -s ./results/gene15.phy -nt 1 -bb 1000
Seed:    527439 (Using SPRNG - Scalable Parallel Random Number Generator)
Time:    Tue Aug 22 18:28:04 2017
Kernel:  AVX - 1 threads (40 CPU cores detected)

Reading alignment file ./results/gene15.phy ... Phylip format detected
Alignment most likely contains DNA/RNA sequences
Alignment has 10 sequences with 1000 columns and 500 patterns (369 informative sites, 372 constant sites)
   Gap/Ambiguity  Composition  p-value
   1  A    0.00%    passed     56.23%
   2  B    0.00%    passed     94.07%
   3  C    0.00%    passed     66.27%
   4  D    0.00%    passed     72.18%
   5  E    0.00%    passed     95.54%
   6  F    0.00%    passed     77.53%
   7  G    0.00%    passed     96.87%
   8  H    0.00%    passed     99.62%
   9  I    0.00%    passed     57.23%
  10  J    0.00%    passed     95.41%
****  TOTAL    0.00%  0 sequences failed composition chi2 test (p-value<5%; df=3)

Create initial parsimony tree by phylogenetic likelihood library (PLL)... 0.001 seconds

NOTE: ModelFinder requires 3 MB RAM!
ModelFinder will test 286 DNA models (sample size: 1000) ...
 No. Model         -LnL         df  AIC          AICc         BIC
  1  JC            7730.752     17  15495.503    15496.127    15578.935
  2  JC+I          7465.313     18  14966.627    14967.324    15054.966
  3  JC+G4         7410.262     18  14856.523    14857.221    14944.863
  4  JC+I+G4       7409.855     19  14857.711    14858.486    14950.958
  5  JC+R2         7405.982     19  14849.964    14850.739    14943.211
  6  JC+R3         7405.380     21  14852.759    14853.704    14955.822
  7  JC+R4         Skipped 
  8  JC+R5         Skipped 
  9  JC+R6         Skipped 
 10  JC+R7         Skipped 
 11  JC+R8         Skipped 
 12  JC+R9         Skipped 
 13  JC+R10        Skipped 
 14  F81           7619.859     20  15279.717    15280.575    15377.872
 15  F81+I         7356.476     21  14754.953    14755.898    14858.016
 16  F81+G4        7281.071     21  14604.143    14605.088    14707.206
 17  F81+I+G4      7281.656     22  14607.313    14608.349    14715.283
 18  F81+R2        7279.127     22  14602.253    14603.289    14710.224
 19  F81+R3        7277.579     24  14603.157    14604.388    14720.943
 20  F81+R4        Skipped 
 21  F81+R5        Skipped 
 22  F81+R6        Skipped 
 23  F81+R7        Skipped 
 24  F81+R8        Skipped 
 25  F81+R9        Skipped 
 26  F81+R10       Skipped 
 27  K2P           7582.318     18  15200.636    15201.333    15288.976
 28  K2P+I         7304.872     19  14647.744    14648.520    14740.991
 29  K2P+G4        7232.491     19  14502.981    14503.757    14596.229
 30  K2P+I+G4      7232.013     20  14504.026    14504.884    14602.181
 31  K2P+R2        7234.335     20  14508.671    14509.529    14606.826
 32  K2P+R3        7228.658     22  14501.315    14502.351    14609.286
 33  K2P+R4        Skipped 
 34  K2P+R5        Skipped 
 35  K2P+R6        Skipped 
 36  K2P+R7        Skipped 
 37  K2P+R8        Skipped 
 38  K2P+R9        Skipped 
 39  K2P+R10       Skipped 
 40  HKY           7476.523     21  14995.046    14995.990    15098.108
 41  HKY+I         7200.455     22  14444.909    14445.945    14552.880
 42  HKY+G4        7102.054     22  14248.108    14249.144    14356.079
 43  HKY+I+G4      7102.444     23  14250.889    14252.020    14363.767
 44  HKY+R2        7106.997     23  14259.994    14261.126    14372.873
 45  HKY+R3        7099.761     25  14249.521    14250.856    14372.215
 46  HKY+R4        7099.242     27  14252.484    14254.039    14384.993
 47  HKY+R5        Skipped 
 48  HKY+R6        Skipped 
 49  HKY+R7        Skipped 
 50  HKY+R8        Skipped 
 51  HKY+R9        Skipped 
 52  HKY+R10       Skipped 
 53  TNe           7580.851     19  15199.703    15200.478    15292.950
 54  TNe+I         7301.284     20  14642.567    14643.425    14740.722
 55  TNe+G4        7228.627     20  14497.253    14498.111    14595.408
 56  TNe+I+G4      7227.830     21  14497.660    14498.605    14600.723
 57  TNe+R2        7232.381     21  14506.763    14507.708    14609.826
 58  TNe+R3        7224.619     23  14495.239    14496.370    14608.117
 59  TNe+R4        7224.263     25  14498.525    14499.860    14621.219
 60  TNe+R5        Skipped 
 61  TNe+R6        Skipped 
 62  TNe+R7        Skipped 
 63  TNe+R8        Skipped 
 64  TNe+R9        Skipped 
 65  TNe+R10       Skipped 
 66  TN            7473.549     22  14991.099    14992.135    15099.069
 67  TN+I          7199.770     23  14445.540    14446.671    14558.418
 68  TN+G4         7101.694     23  14249.387    14250.519    14362.266
 69  TN+I+G4       7101.749     24  14251.497    14252.728    14369.284
 70  TN+R2         7105.709     24  14259.417    14260.648    14377.204
 71  TN+R3         7098.847     26  14249.694    14251.137    14377.296
 72  TN+R4         Skipped 
 73  TN+R5         Skipped 
 74  TN+R6         Skipped 
 75  TN+R7         Skipped 
 76  TN+R8         Skipped 
 77  TN+R9         Skipped 
 78  TN+R10        Skipped 
 79  K3P           7578.959     19  15195.919    15196.694    15289.166
 80  K3P+I         7300.634     20  14641.268    14642.126    14739.423
 81  K3P+G4        7227.173     20  14494.345    14495.203    14592.500
 82  K3P+I+G4      7226.726     21  14495.452    14496.397    14598.515
 83  K3P+R2        7228.210     21  14498.420    14499.365    14601.483
 84  K3P+R3        7222.155     23  14490.310    14491.441    14603.189
 85  K3P+R4        Skipped 
 86  K3P+R5        Skipped 
 87  K3P+R6        Skipped 
 88  K3P+R7        Skipped 
 89  K3P+R8        Skipped 
 90  K3P+R9        Skipped 
 91  K3P+R10       Skipped 
 92  K3Pu          7465.913     22  14975.826    14976.862    15083.797
 93  K3Pu+I        7190.439     23  14426.878    14428.009    14539.757
 94  K3Pu+G4       7089.907     23  14225.815    14226.946    14338.693
 95  K3Pu+I+G4     7090.081     24  14228.162    14229.393    14345.948
 96  K3Pu+R2       7093.780     24  14235.559    14236.790    14353.345
 97  K3Pu+R3       7087.298     26  14226.595    14228.038    14354.197
 98  K3Pu+R4       Skipped 
 99  K3Pu+R5       Skipped 
100  K3Pu+R6       Skipped 
101  K3Pu+R7       Skipped 
102  K3Pu+R8       Skipped 
103  K3Pu+R9       Skipped 
104  K3Pu+R10      Skipped 
105  TPM2          7467.454     22  14978.908    14979.944    15086.879
106  TPM2+I        7189.147     23  14424.294    14425.425    14537.172
107  TPM2+G4       7100.467     23  14246.934    14248.065    14359.812
108  TPM2+I+G4     7100.955     24  14249.910    14251.141    14367.696
109  TPM2+R2       7105.296     24  14258.592    14259.823    14376.378
110  TPM2+R3       7097.769     26  14247.538    14248.981    14375.140
111  TPM2+R4       7097.331     28  14250.661    14252.334    14388.078
112  TPM2+R5       Skipped 
113  TPM2+R6       Skipped 
114  TPM2+R7       Skipped 
115  TPM2+R8       Skipped 
116  TPM2+R9       Skipped 
117  TPM2+R10      Skipped 
118  TPM2u         7467.464     22  14978.927    14979.963    15086.898
119  TPM2u+I       7189.144     23  14424.288    14425.419    14537.166
120  TPM2u+G4      7100.466     23  14246.932    14248.063    14359.810
121  TPM2u+I+G4    7100.492     24  14248.984    14250.215    14366.770
122  TPM2u+R2      7105.250     24  14258.500    14259.731    14376.286
123  TPM2u+R3      7097.721     26  14247.443    14248.886    14375.044
124  TPM2u+R4      7097.296     28  14250.591    14252.264    14388.008
125  TPM2u+R5      Skipped 
126  TPM2u+R6      Skipped 
127  TPM2u+R7      Skipped 
128  TPM2u+R8      Skipped 
129  TPM2u+R9      Skipped 
130  TPM2u+R10     Skipped 
131  TPM3          7447.381     22  14938.762    14939.798    15046.733
132  TPM3+I        7179.599     23  14405.198    14406.329    14518.076
133  TPM3+G4       7082.527     23  14211.054    14212.185    14323.932
134  TPM3+I+G4     7082.364     24  14212.729    14213.959    14330.515
135  TPM3+R2       7089.734     24  14227.468    14228.699    14345.255
136  TPM3+R3       7081.598     26  14215.196    14216.639    14342.798
137  TPM3+R4       7081.311     28  14218.622    14220.295    14356.039
138  TPM3+R5       Skipped 
139  TPM3+R6       Skipped 
140  TPM3+R7       Skipped 
141  TPM3+R8       Skipped 
142  TPM3+R9       Skipped 
143  TPM3+R10      Skipped 
144  TPM3u         7447.390     22  14938.781    14939.817    15046.751
145  TPM3u+I       7179.601     23  14405.202    14406.333    14518.081
146  TPM3u+G4      7082.545     23  14211.090    14212.221    14323.968
147  TPM3u+I+G4    7082.357     24  14212.713    14213.944    14330.499
148  TPM3u+R2      7089.700     24  14227.400    14228.631    14345.186
149  TPM3u+R3      7081.488     26  14214.975    14216.418    14342.577
150  TPM3u+R4      7081.262     28  14218.525    14220.197    14355.942
151  TPM3u+R5      Skipped 
152  TPM3u+R6      Skipped 
153  TPM3u+R7      Skipped 
154  TPM3u+R8      Skipped 
155  TPM3u+R9      Skipped 
156  TPM3u+R10     Skipped 
157  TIMe          7577.525     20  15195.050    15195.908    15293.205
158  TIMe+I        7297.136     21  14636.273    14637.218    14739.336
159  TIMe+G4       7223.471     21  14488.941    14489.886    14592.004
160  TIMe+I+G4     7222.747     22  14489.494    14490.530    14597.465
161  TIMe+R2       7226.416     22  14496.831    14497.867    14604.802
162  TIMe+R3       7218.765     24  14485.531    14486.762    14603.317
163  TIMe+R4       7218.477     26  14488.953    14490.396    14616.555
164  TIMe+R5       Skipped 
165  TIMe+R6       Skipped 
166  TIMe+R7       Skipped 
167  TIMe+R8       Skipped 
168  TIMe+R9       Skipped 
169  TIMe+R10      Skipped 
170  TIM           7462.641     23  14971.281    14972.412    15084.160
171  TIM+I         7189.697     24  14427.395    14428.626    14545.181
172  TIM+G4        7089.407     24  14226.814    14228.045    14344.600
173  TIM+I+G4      7089.605     25  14229.210    14230.545    14351.904
174  TIM+R2        7092.585     25  14235.170    14236.505    14357.864
175  TIM+R3        7086.662     27  14227.323    14228.879    14359.833
176  TIM+R4        Skipped 
177  TIM+R5        Skipped 
178  TIM+R6        Skipped 
179  TIM+R7        Skipped 
180  TIM+R8        Skipped 
181  TIM+R9        Skipped 
182  TIM+R10       Skipped 
183  TIM2e         7555.924     20  15151.847    15152.705    15250.003
184  TIM2e+I       7273.328     21  14588.656    14589.601    14691.719
185  TIM2e+G4      7204.162     21  14450.324    14451.269    14553.387
186  TIM2e+I+G4    7202.506     22  14449.012    14450.048    14556.983
187  TIM2e+R2      7212.499     22  14468.999    14470.034    14576.969
188  TIM2e+R3      7199.747     24  14447.495    14448.726    14565.281
189  TIM2e+R4      7199.509     26  14451.018    14452.461    14578.619
190  TIM2e+R5      Skipped 
191  TIM2e+R6      Skipped 
192  TIM2e+R7      Skipped 
193  TIM2e+R8      Skipped 
194  TIM2e+R9      Skipped 
195  TIM2e+R10     Skipped 
196  TIM2          7464.194     23  14974.389    14975.520    15087.267
197  TIM2+I        7188.505     24  14425.010    14426.240    14542.796
198  TIM2+G4       7099.366     24  14246.732    14247.963    14364.518
199  TIM2+I+G4     7099.542     25  14249.084    14250.419    14371.778
200  TIM2+R2       7103.574     25  14257.147    14258.482    14379.841
201  TIM2+R3       7096.496     27  14246.993    14248.548    14379.502
202  TIM2+R4       7096.387     29  14250.773    14252.567    14393.098
203  TIM2+R5       Skipped 
204  TIM2+R6       Skipped 
205  TIM2+R7       Skipped 
206  TIM2+R8       Skipped 
207  TIM2+R9       Skipped 
208  TIM2+R10      Skipped 
209  TIM3e         7572.680     20  15185.361    15186.219    15283.516
210  TIM3e+I       7294.662     21  14631.325    14632.270    14734.388
211  TIM3e+G4      7223.331     21  14488.663    14489.608    14591.726
212  TIM3e+I+G4    7222.419     22  14488.839    14489.874    14596.809
213  TIM3e+R2      7227.808     22  14499.617    14500.653    14607.587
214  TIM3e+R3      7220.163     24  14488.326    14489.557    14606.112
215  TIM3e+R4      7219.834     26  14491.667    14493.110    14619.269
216  TIM3e+R5      Skipped 
217  TIM3e+R6      Skipped 
218  TIM3e+R7      Skipped 
219  TIM3e+R8      Skipped 
220  TIM3e+R9      Skipped 
221  TIM3e+R10     Skipped 
222  TIM3          7442.140     23  14930.281    14931.412    15043.159
223  TIM3+I        7178.637     24  14405.273    14406.504    14523.059
224  TIM3+G4       7081.494     24  14210.988    14212.219    14328.774
225  TIM3+I+G4     7081.393     25  14212.787    14214.122    14335.481
226  TIM3+R2       7087.943     25  14225.885    14227.220    14348.579
227  TIM3+R3       7080.644     27  14215.289    14216.844    14347.798
228  TIM3+R4       7080.375     29  14218.750    14220.543    14361.075
229  TIM3+R5       Skipped 
230  TIM3+R6       Skipped 
231  TIM3+R7       Skipped 
232  TIM3+R8       Skipped 
233  TIM3+R9       Skipped 
234  TIM3+R10      Skipped 
235  TVMe          7548.393     21  15138.787    15139.732    15241.850
236  TVMe+I        7268.146     22  14580.292    14581.328    14688.263
237  TVMe+G4       7200.072     22  14444.144    14445.180    14552.115
238  TVMe+I+G4     7198.737     23  14443.475    14444.606    14556.353
239  TVMe+R2       7205.784     23  14457.568    14458.700    14570.447
240  TVMe+R3       7195.625     25  14441.249    14442.584    14563.943
241  TVMe+R4       7195.554     27  14445.108    14446.664    14577.618
242  TVMe+R5       Skipped 
243  TVMe+R6       Skipped 
244  TVMe+R7       Skipped 
245  TVMe+R8       Skipped 
246  TVMe+R9       Skipped 
247  TVMe+R10      Skipped 
248  TVM           7435.927     24  14919.854    14921.085    15037.640
249  TVM+I         7164.939     25  14379.877    14381.212    14502.571
250  TVM+G4        7075.561     25  14201.123    14202.457    14323.817
251  TVM+I+G4      7075.406     26  14202.813    14204.256    14330.414
252  TVM+R2        7081.607     26  14215.214    14216.657    14342.816
253  TVM+R3        7074.306     28  14204.613    14206.285    14342.030
254  TVM+R4        7073.761     30  14207.521    14209.441    14354.754
255  TVM+R5        Skipped 
256  TVM+R6        Skipped 
257  TVM+R7        Skipped 
258  TVM+R8        Skipped 
259  TVM+R9        Skipped 
260  TVM+R10       Skipped 
261  SYM           7547.050     22  15138.100    15139.136    15246.070
262  SYM+I         7264.971     23  14575.942    14577.073    14688.820
263  SYM+G4        7194.697     23  14435.393    14436.524    14548.271
264  SYM+I+G4      7193.082     24  14434.164    14435.395    14551.950
265  SYM+R2        7203.769     24  14455.538    14456.769    14573.325
266  SYM+R3        7190.869     26  14433.738    14435.181    14561.339
267  SYM+R4        7190.682     28  14437.365    14439.037    14574.782
268  SYM+R5        Skipped 
269  SYM+R6        Skipped 
270  SYM+R7        Skipped 
271  SYM+R8        Skipped 
272  SYM+R9        Skipped 
273  SYM+R10       Skipped 
274  GTR           7430.460     25  14910.919    14912.254    15033.613
275  GTR+I         7164.024     26  14380.047    14381.490    14507.649
276  GTR+G4        7074.151     26  14200.302    14201.745    14327.904
277  GTR+I+G4      7074.189     27  14202.378    14203.933    14334.887
278  GTR+R2        7079.408     27  14212.815    14214.371    14345.325
279  GTR+R3        7072.947     29  14203.894    14205.688    14346.219
280  GTR+R4        Skipped 
281  GTR+R5        Skipped 
282  GTR+R6        Skipped 
283  GTR+R7        Skipped 
284  GTR+R8        Skipped 
285  GTR+R9        Skipped 
286  GTR+R10       Skipped 
Akaike Information Criterion:           GTR+G4
Corrected Akaike Information Criterion: GTR+G4
Bayesian Information Criterion:         TVM+G4
Best-fit model: TVM+G4 chosen according to BIC

All model information printed to ./results/gene15.phy.model
CPU time for ModelFinder: 10.067 seconds (0h:0m:10s)
Wall-clock time for ModelFinder: 11.582 seconds (0h:0m:11s)
Generating 1000 samples for ultrafast bootstrap (seed: 527439)...

NOTE: 2 MB RAM (0 GB) is required!
Estimate model parameters (epsilon = 0.100)
1. Initial log-likelihood: -7347.601
2. Current log-likelihood: -7088.759
3. Current log-likelihood: -7079.307
4. Current log-likelihood: -7078.359
5. Current log-likelihood: -7078.242
Optimal log-likelihood: -7078.159
Rate parameters:  A-C: 2.894  A-G: 5.168  A-T: 0.713  C-G: 1.148  C-T: 5.168  G-T: 1.000
Base frequencies:   A: 0.396  C: 0.150  G: 0.215  T: 0.239
Gamma shape alpha: 0.502
Parameters optimization took 5 rounds (0.079 sec)
Computing ML distances based on estimated model parameters... 0.001 sec
Computing BIONJ tree...
0.000 seconds
Log-likelihood of BIONJ tree: -7075.471
--------------------------------------------------------------------
|             INITIALIZING CANDIDATE TREE SET                      |
--------------------------------------------------------------------
Generating 98 parsimony trees... 0.042 second
Computing log-likelihood of 94 initial trees ... 0.238 seconds
Current best score: -7075.471

Do NNI search on 20 best initial trees
Estimate model parameters (epsilon = 0.100)
BETTER TREE FOUND at iteration 1: -7071.031
Iteration 10 / LogL: -7071.419 / Time: 0h:0m:12s
Estimate model parameters (epsilon = 0.100)
BETTER TREE FOUND at iteration 15: -7070.986
Iteration 20 / LogL: -7073.400 / Time: 0h:0m:12s
Finish initializing candidate tree set (9)
Current best tree score: -7070.986 / CPU time: 1.159
Number of iterations: 20
--------------------------------------------------------------------
|               OPTIMIZING CANDIDATE TREE SET                      |
--------------------------------------------------------------------
Iteration 30 / LogL: -7070.987 / Time: 0h:0m:13s (0h:0m:4s left)
Estimate model parameters (epsilon = 0.100)
BETTER TREE FOUND at iteration 35: -7070.900
UPDATE BEST LOG-LIKELIHOOD: -7070.900
Iteration 40 / LogL: -7070.904 / Time: 0h:0m:13s (0h:0m:4s left)
Iteration 50 / LogL: -7071.025 / Time: 0h:0m:14s (0h:0m:4s left)
Log-likelihood cutoff on original alignment: -7080.045
UPDATE BEST LOG-LIKELIHOOD: -7070.900
Iteration 60 / LogL: -7070.989 / Time: 0h:0m:14s (0h:0m:3s left)
Iteration 70 / LogL: -7070.904 / Time: 0h:0m:14s (0h:0m:3s left)
UPDATE BEST LOG-LIKELIHOOD: -7070.900
Iteration 80 / LogL: -7071.025 / Time: 0h:0m:15s (0h:0m:2s left)
Iteration 90 / LogL: -7070.901 / Time: 0h:0m:15s (0h:0m:2s left)
Iteration 100 / LogL: -7070.900 / Time: 0h:0m:16s (0h:0m:1s left)
Log-likelihood cutoff on original alignment: -7080.045
NOTE: Bootstrap correlation coefficient of split occurrence frequencies: 0.986
NOTE: UFBoot does not converge, continue at least 100 more iterations
UPDATE BEST LOG-LIKELIHOOD: -7070.900
Iteration 110 / LogL: -7070.973 / Time: 0h:0m:16s (0h:0m:4s left)
Iteration 120 / LogL: -7070.973 / Time: 0h:0m:17s (0h:0m:3s left)
UPDATE BEST LOG-LIKELIHOOD: -7070.900
Iteration 130 / LogL: -7071.025 / Time: 0h:0m:17s (0h:0m:3s left)
Iteration 140 / LogL: -7070.900 / Time: 0h:0m:17s (0h:0m:2s left)
Iteration 150 / LogL: -7070.989 / Time: 0h:0m:18s (0h:0m:2s left)
Log-likelihood cutoff on original alignment: -7080.032
Iteration 160 / LogL: -7071.005 / Time: 0h:0m:18s (0h:0m:1s left)
Iteration 170 / LogL: -7070.973 / Time: 0h:0m:19s (0h:0m:1s left)
Iteration 180 / LogL: -7070.989 / Time: 0h:0m:19s (0h:0m:0s left)
Iteration 190 / LogL: -7070.973 / Time: 0h:0m:20s (0h:0m:0s left)
Iteration 200 / LogL: -7070.973 / Time: 0h:0m:20s (0h:0m:0s left)
Log-likelihood cutoff on original alignment: -7080.032
NOTE: Bootstrap correlation coefficient of split occurrence frequencies: 0.984
NOTE: UFBoot does not converge, continue at least 100 more iterations
Iteration 210 / LogL: -7070.902 / Time: 0h:0m:21s (0h:0m:4s left)
Iteration 220 / LogL: -7070.993 / Time: 0h:0m:22s (0h:0m:3s left)
UPDATE BEST LOG-LIKELIHOOD: -7070.900
Iteration 230 / LogL: -7070.989 / Time: 0h:0m:22s (0h:0m:3s left)
Iteration 240 / LogL: -7070.900 / Time: 0h:0m:22s (0h:0m:2s left)
Iteration 250 / LogL: -7071.005 / Time: 0h:0m:23s (0h:0m:2s left)
Log-likelihood cutoff on original alignment: -7080.484
Iteration 260 / LogL: -7070.973 / Time: 0h:0m:23s (0h:0m:1s left)
Iteration 270 / LogL: -7070.973 / Time: 0h:0m:24s (0h:0m:1s left)
Iteration 280 / LogL: -7070.990 / Time: 0h:0m:24s (0h:0m:0s left)
Iteration 290 / LogL: -7070.973 / Time: 0h:0m:25s (0h:0m:0s left)
Iteration 300 / LogL: -7070.973 / Time: 0h:0m:25s (0h:0m:0s left)
Log-likelihood cutoff on original alignment: -7080.484
NOTE: Bootstrap correlation coefficient of split occurrence frequencies: 0.994
TREE SEARCH COMPLETED AFTER 300 ITERATIONS / Time: 0h:0m:26s

--------------------------------------------------------------------
|                    FINALIZING TREE SEARCH                        |
--------------------------------------------------------------------
Performs final model parameters optimization
Estimate model parameters (epsilon = 0.010)
1. Initial log-likelihood: -7070.900
Optimal log-likelihood: -7070.899
Rate parameters:  A-C: 2.879  A-G: 5.182  A-T: 0.713  C-G: 1.189  C-T: 5.182  G-T: 1.000
Base frequencies:   A: 0.396  C: 0.150  G: 0.215  T: 0.239
Gamma shape alpha: 0.498
Parameters optimization took 1 rounds (0.008 sec)
BEST SCORE FOUND : -7070.899
Creating bootstrap support values...
Split supports printed to NEXUS file ./results/gene15.phy.splits.nex
Total tree length: 3.216

Total number of iterations: 300
CPU time used for tree search: 13.491 sec (0h:0m:13s)
Wall-clock time used for tree search: 14.347 sec (0h:0m:14s)
Total CPU time used: 23.692 sec (0h:0m:23s)
Total wall-clock time used: 26.114 sec (0h:0m:26s)

Computing bootstrap consensus tree...
Reading input file ./results/gene15.phy.splits.nex...
10 taxa and 186 splits.
Consensus tree written to ./results/gene15.phy.contree
Reading input trees file ./results/gene15.phy.contree
Log-likelihood of consensus tree: -7070.899

Analysis results written to: 
  IQ-TREE report:                ./results/gene15.phy.iqtree
  Maximum-likelihood tree:       ./results/gene15.phy.treefile
  Likelihood distances:          ./results/gene15.phy.mldist

Ultrafast bootstrap approximation results written to:
  Split support values:          ./results/gene15.phy.splits.nex
  Consensus tree:                ./results/gene15.phy.contree
  Screen log file:               ./results/gene15.phy.log

Date and Time: Tue Aug 22 18:28:30 2017
