IQ-TREE multicore version 1.5.4 for Linux 64-bit built Apr  2 2017
Copyright (c) 2011-2017 by Bui Quang Minh, Nguyen Lam Tung,
Olga Chernomor, Heiko Schmidt, and Arndt von Haeseler.

Host:    hpc-crick (AVX, 251 GB RAM)
Command: iqtree -s ./results/gene4.phy -nt 1 -bb 1000
Seed:    238368 (Using SPRNG - Scalable Parallel Random Number Generator)
Time:    Tue Aug 22 18:27:48 2017
Kernel:  AVX - 1 threads (40 CPU cores detected)

Reading alignment file ./results/gene4.phy ... Phylip format detected
Alignment most likely contains DNA/RNA sequences
Alignment has 10 sequences with 1000 columns and 501 patterns (351 informative sites, 357 constant sites)
   Gap/Ambiguity  Composition  p-value
   1  A    0.00%    passed     81.05%
   2  B    0.00%    passed     75.24%
   3  C    0.00%    passed     79.81%
   4  D    0.00%    passed     99.51%
   5  E    0.00%    passed     69.53%
   6  F    0.00%    passed     95.08%
   7  G    0.00%    passed     49.94%
   8  H    0.00%    passed     35.61%
   9  I    0.00%    passed     76.27%
  10  J    0.00%    passed     71.52%
****  TOTAL    0.00%  0 sequences failed composition chi2 test (p-value<5%; df=3)

Create initial parsimony tree by phylogenetic likelihood library (PLL)... 0.001 seconds

NOTE: ModelFinder requires 3 MB RAM!
ModelFinder will test 286 DNA models (sample size: 1000) ...
 No. Model         -LnL         df  AIC          AICc         BIC
  1  JC            7799.620     17  15633.240    15633.863    15716.671
  2  JC+I          7567.204     18  15170.408    15171.105    15258.748
  3  JC+G4         7490.962     18  15017.924    15018.622    15106.264
  4  JC+I+G4       7491.495     19  15020.991    15021.766    15114.238
  5  JC+R2         7495.068     19  15028.137    15028.912    15121.384
  6  JC+R3         7490.851     21  15023.702    15024.647    15126.765
  7  JC+R4         Skipped 
  8  JC+R5         Skipped 
  9  JC+R6         Skipped 
 10  JC+R7         Skipped 
 11  JC+R8         Skipped 
 12  JC+R9         Skipped 
 13  JC+R10        Skipped 
 14  F81           7710.990     20  15461.980    15462.838    15560.135
 15  F81+I         7469.349     21  14980.699    14981.644    15083.762
 16  F81+G4        7390.047     21  14822.094    14823.039    14925.157
 17  F81+I+G4      7390.482     22  14824.963    14825.999    14932.934
 18  F81+R2        7394.208     22  14832.416    14833.452    14940.387
 19  F81+R3        7389.747     24  14827.493    14828.724    14945.279
 20  F81+R4        Skipped 
 21  F81+R5        Skipped 
 22  F81+R6        Skipped 
 23  F81+R7        Skipped 
 24  F81+R8        Skipped 
 25  F81+R9        Skipped 
 26  F81+R10       Skipped 
 27  K2P           7685.100     18  15406.200    15406.897    15494.539
 28  K2P+I         7442.526     19  14923.052    14923.828    15016.299
 29  K2P+G4        7348.913     19  14735.827    14736.602    14829.074
 30  K2P+I+G4      7349.461     20  14738.923    14739.781    14837.078
 31  K2P+R2        7355.702     20  14751.403    14752.261    14849.558
 32  K2P+R3        7348.437     22  14740.873    14741.909    14848.844
 33  K2P+R4        7348.441     24  14744.882    14746.113    14862.668
 34  K2P+R5        Skipped 
 35  K2P+R6        Skipped 
 36  K2P+R7        Skipped 
 37  K2P+R8        Skipped 
 38  K2P+R9        Skipped 
 39  K2P+R10       Skipped 
 40  HKY           7591.029     21  15224.059    15225.004    15327.122
 41  HKY+I         7336.070     22  14716.141    14717.176    14824.111
 42  HKY+G4        7231.947     22  14507.894    14508.929    14615.864
 43  HKY+I+G4      7232.474     23  14510.949    14512.080    14623.827
 44  HKY+R2        7237.807     23  14521.615    14522.746    14634.493
 45  HKY+R3        7231.277     25  14512.554    14513.888    14635.248
 46  HKY+R4        Skipped 
 47  HKY+R5        Skipped 
 48  HKY+R6        Skipped 
 49  HKY+R7        Skipped 
 50  HKY+R8        Skipped 
 51  HKY+R9        Skipped 
 52  HKY+R10       Skipped 
 53  TNe           7685.099     19  15408.198    15408.973    15501.445
 54  TNe+I         7442.462     20  14924.924    14925.782    15023.079
 55  TNe+G4        7347.366     20  14734.733    14735.591    14832.888
 56  TNe+I+G4      7347.898     21  14737.796    14738.741    14840.859
 57  TNe+R2        7354.469     21  14750.938    14751.883    14854.001
 58  TNe+R3        7346.672     23  14739.344    14740.475    14852.223
 59  TNe+R4        7346.674     25  14743.348    14744.682    14866.042
 60  TNe+R5        Skipped 
 61  TNe+R6        Skipped 
 62  TNe+R7        Skipped 
 63  TNe+R8        Skipped 
 64  TNe+R9        Skipped 
 65  TNe+R10       Skipped 
 66  TN            7585.897     22  15215.795    15216.831    15323.765
 67  TN+I          7331.507     23  14709.014    14710.146    14821.893
 68  TN+G4         7231.317     23  14508.633    14509.764    14621.512
 69  TN+I+G4       7231.595     24  14511.189    14512.420    14628.976
 70  TN+R2         7236.727     24  14521.454    14522.685    14639.240
 71  TN+R3         7230.532     26  14513.064    14514.507    14640.666
 72  TN+R4         Skipped 
 73  TN+R5         Skipped 
 74  TN+R6         Skipped 
 75  TN+R7         Skipped 
 76  TN+R8         Skipped 
 77  TN+R9         Skipped 
 78  TN+R10        Skipped 
 79  K3P           7679.682     19  15397.365    15398.140    15490.612
 80  K3P+I         7437.239     20  14914.477    14915.335    15012.632
 81  K3P+G4        7343.584     20  14727.167    14728.025    14825.322
 82  K3P+I+G4      7343.996     21  14729.992    14730.937    14833.055
 83  K3P+R2        7350.541     21  14743.083    14744.027    14846.145
 84  K3P+R3        7343.115     23  14732.230    14733.361    14845.108
 85  K3P+R4        7343.118     25  14736.235    14737.570    14858.929
 86  K3P+R5        Skipped 
 87  K3P+R6        Skipped 
 88  K3P+R7        Skipped 
 89  K3P+R8        Skipped 
 90  K3P+R9        Skipped 
 91  K3P+R10       Skipped 
 92  K3Pu          7577.644     22  15199.287    15200.323    15307.258
 93  K3Pu+I        7326.258     23  14698.515    14699.646    14811.394
 94  K3Pu+G4       7221.078     23  14488.157    14489.288    14601.035
 95  K3Pu+I+G4     7221.442     24  14490.884    14492.115    14608.670
 96  K3Pu+R2       7226.714     24  14501.427    14502.658    14619.214
 97  K3Pu+R3       7220.215     26  14492.430    14493.873    14620.032
 98  K3Pu+R4       Skipped 
 99  K3Pu+R5       Skipped 
100  K3Pu+R6       Skipped 
101  K3Pu+R7       Skipped 
102  K3Pu+R8       Skipped 
103  K3Pu+R9       Skipped 
104  K3Pu+R10      Skipped 
105  TPM2          7586.708     22  15217.417    15218.453    15325.387
106  TPM2+I        7333.935     23  14713.870    14715.001    14826.749
107  TPM2+G4       7230.903     23  14507.806    14508.937    14620.684
108  TPM2+I+G4     7231.215     24  14510.431    14511.661    14628.217
109  TPM2+R2       7236.756     24  14521.512    14522.743    14639.298
110  TPM2+R3       7230.209     26  14512.418    14513.861    14640.019
111  TPM2+R4       Skipped 
112  TPM2+R5       Skipped 
113  TPM2+R6       Skipped 
114  TPM2+R7       Skipped 
115  TPM2+R8       Skipped 
116  TPM2+R9       Skipped 
117  TPM2+R10      Skipped 
118  TPM2u         7586.722     22  15217.443    15218.479    15325.414
119  TPM2u+I       7333.969     23  14713.937    14715.068    14826.815
120  TPM2u+G4      7230.913     23  14507.826    14508.957    14620.704
121  TPM2u+I+G4    7231.193     24  14510.386    14511.617    14628.172
122  TPM2u+R2      7236.757     24  14521.513    14522.744    14639.299
123  TPM2u+R3      7230.202     26  14512.404    14513.847    14640.005
124  TPM2u+R4      Skipped 
125  TPM2u+R5      Skipped 
126  TPM2u+R6      Skipped 
127  TPM2u+R7      Skipped 
128  TPM2u+R8      Skipped 
129  TPM2u+R9      Skipped 
130  TPM2u+R10     Skipped 
131  TPM3          7554.953     22  15153.905    15154.941    15261.876
132  TPM3+I        7317.962     23  14681.924    14683.055    14794.802
133  TPM3+G4       7207.493     23  14460.987    14462.118    14573.865
134  TPM3+I+G4     7207.747     24  14463.494    14464.725    14581.280
135  TPM3+R2       7213.816     24  14475.632    14476.863    14593.418
136  TPM3+R3       7206.497     26  14464.995    14466.438    14592.597
137  TPM3+R4       7206.539     28  14469.077    14470.750    14606.494
138  TPM3+R5       Skipped 
139  TPM3+R6       Skipped 
140  TPM3+R7       Skipped 
141  TPM3+R8       Skipped 
142  TPM3+R9       Skipped 
143  TPM3+R10      Skipped 
144  TPM3u         7554.985     22  15153.969    15155.005    15261.940
145  TPM3u+I       7317.968     23  14681.935    14683.067    14794.814
146  TPM3u+G4      7207.513     23  14461.026    14462.157    14573.904
147  TPM3u+I+G4    7207.725     24  14463.450    14464.680    14581.236
148  TPM3u+R2      7213.790     24  14475.580    14476.811    14593.367
149  TPM3u+R3      7206.510     26  14465.020    14466.463    14592.622
150  TPM3u+R4      7206.541     28  14469.083    14470.755    14606.500
151  TPM3u+R5      Skipped 
152  TPM3u+R6      Skipped 
153  TPM3u+R7      Skipped 
154  TPM3u+R8      Skipped 
155  TPM3u+R9      Skipped 
156  TPM3u+R10     Skipped 
157  TIMe          7679.690     20  15399.379    15400.237    15497.534
158  TIMe+I        7437.289     21  14916.578    14917.523    15019.641
159  TIMe+G4       7342.057     21  14726.113    14727.058    14829.176
160  TIMe+I+G4     7342.387     22  14728.774    14729.810    14836.744
161  TIMe+R2       7349.285     22  14742.570    14743.605    14850.540
162  TIMe+R3       7341.367     24  14730.735    14731.966    14848.521
163  TIMe+R4       7341.361     26  14734.722    14736.165    14862.323
164  TIMe+R5       Skipped 
165  TIMe+R6       Skipped 
166  TIMe+R7       Skipped 
167  TIMe+R8       Skipped 
168  TIMe+R9       Skipped 
169  TIMe+R10      Skipped 
170  TIM           7572.376     23  15190.752    15191.883    15303.630
171  TIM+I         7321.982     24  14691.963    14693.194    14809.750
172  TIM+G4        7220.545     24  14489.090    14490.321    14606.876
173  TIM+I+G4      7220.749     25  14491.498    14492.833    14614.192
174  TIM+R2        7225.825     25  14501.650    14502.985    14624.344
175  TIM+R3        7219.656     27  14493.313    14494.868    14625.822
176  TIM+R4        Skipped 
177  TIM+R5        Skipped 
178  TIM+R6        Skipped 
179  TIM+R7        Skipped 
180  TIM+R8        Skipped 
181  TIM+R9        Skipped 
182  TIM+R10       Skipped 
183  TIM2e         7666.014     20  15372.027    15372.885    15470.182
184  TIM2e+I       7426.359     21  14894.719    14895.663    14997.781
185  TIM2e+G4      7320.913     21  14683.826    14684.771    14786.889
186  TIM2e+I+G4    7321.309     22  14686.619    14687.654    14794.589
187  TIM2e+R2      7330.418     22  14704.837    14705.872    14812.807
188  TIM2e+R3      7319.000     24  14686.000    14687.231    14803.786
189  TIM2e+R4      7319.003     26  14690.006    14691.449    14817.607
190  TIM2e+R5      Skipped 
191  TIM2e+R6      Skipped 
192  TIM2e+R7      Skipped 
193  TIM2e+R8      Skipped 
194  TIM2e+R9      Skipped 
195  TIM2e+R10     Skipped 
196  TIM2          7581.161     23  15208.322    15209.453    15321.200
197  TIM2+I        7329.166     24  14706.331    14707.562    14824.118
198  TIM2+G4       7229.899     24  14507.799    14509.030    14625.585
199  TIM2+I+G4     7230.094     25  14510.188    14511.522    14632.881
200  TIM2+R2       7235.693     25  14521.385    14522.720    14644.079
201  TIM2+R3       7229.431     27  14512.861    14514.417    14645.370
202  TIM2+R4       Skipped 
203  TIM2+R5       Skipped 
204  TIM2+R6       Skipped 
205  TIM2+R7       Skipped 
206  TIM2+R8       Skipped 
207  TIM2+R9       Skipped 
208  TIM2+R10      Skipped 
209  TIM3e         7669.799     20  15379.598    15380.456    15477.753
210  TIM3e+I       7433.675     21  14909.351    14910.295    15012.413
211  TIM3e+G4      7336.846     21  14715.691    14716.636    14818.754
212  TIM3e+I+G4    7337.207     22  14718.414    14719.450    14826.385
213  TIM3e+R2      7343.291     22  14730.581    14731.617    14838.552
214  TIM3e+R3      7336.035     24  14720.070    14721.301    14837.856
215  TIM3e+R4      7336.010     26  14724.019    14725.462    14851.621
216  TIM3e+R5      Skipped 
217  TIM3e+R6      Skipped 
218  TIM3e+R7      Skipped 
219  TIM3e+R8      Skipped 
220  TIM3e+R9      Skipped 
221  TIM3e+R10     Skipped 
222  TIM3          7547.440     23  15140.881    15142.012    15253.759
223  TIM3+I        7313.987     24  14675.974    14677.205    14793.760
224  TIM3+G4       7206.132     24  14460.263    14461.494    14578.050
225  TIM3+I+G4     7205.914     25  14461.829    14463.164    14584.523
226  TIM3+R2       7212.113     25  14474.226    14475.560    14596.919
227  TIM3+R3       7204.918     27  14463.835    14465.391    14596.345
228  TIM3+R4       7204.934     29  14467.868    14469.662    14610.193
229  TIM3+R5       Skipped 
230  TIM3+R6       Skipped 
231  TIM3+R7       Skipped 
232  TIM3+R8       Skipped 
233  TIM3+R9       Skipped 
234  TIM3+R10      Skipped 
235  TVMe          7650.725     21  15343.449    15344.394    15446.512
236  TVMe+I        7416.515     22  14877.029    14878.065    14985.000
237  TVMe+G4       7311.963     22  14667.926    14668.962    14775.897
238  TVMe+I+G4     7312.195     23  14670.389    14671.521    14783.268
239  TVMe+R2       7320.916     23  14687.833    14688.964    14800.711
240  TVMe+R3       7310.289     25  14670.578    14671.913    14793.272
241  TVMe+R4       7310.311     27  14674.623    14676.179    14807.132
242  TVMe+R5       Skipped 
243  TVMe+R6       Skipped 
244  TVMe+R7       Skipped 
245  TVMe+R8       Skipped 
246  TVMe+R9       Skipped 
247  TVMe+R10      Skipped 
248  TVM           7548.668     24  15145.335    15146.566    15263.121
249  TVM+I         7313.695     25  14677.389    14678.724    14800.083
250  TVM+G4        7203.619     25  14457.238    14458.573    14579.932
251  TVM+I+G4      7203.642     26  14459.284    14460.727    14586.886
252  TVM+R2        7210.348     26  14472.696    14474.139    14600.298
253  TVM+R3        7202.637     28  14461.274    14462.947    14598.692
254  TVM+R4        7202.609     30  14465.218    14467.138    14612.451
255  TVM+R5        Skipped 
256  TVM+R6        Skipped 
257  TVM+R7        Skipped 
258  TVM+R8        Skipped 
259  TVM+R9        Skipped 
260  TVM+R10       Skipped 
261  SYM           7650.692     22  15345.384    15346.420    15453.355
262  SYM+I         7416.425     23  14878.850    14879.981    14991.728
263  SYM+G4        7308.993     23  14663.986    14665.117    14776.864
264  SYM+I+G4      7309.281     24  14666.562    14667.793    14784.348
265  SYM+R2        7318.356     24  14684.712    14685.943    14802.498
266  SYM+R3        7306.729     26  14665.459    14666.902    14793.061
267  SYM+R4        7306.716     28  14669.431    14671.104    14806.848
268  SYM+R5        Skipped 
269  SYM+R6        Skipped 
270  SYM+R7        Skipped 
271  SYM+R8        Skipped 
272  SYM+R9        Skipped 
273  SYM+R10       Skipped 
274  GTR           7540.795     25  15131.589    15132.924    15254.283
275  GTR+I         7309.385     26  14670.771    14672.214    14798.372
276  GTR+G4        7201.683     26  14455.367    14456.810    14582.968
277  GTR+I+G4      7201.892     27  14457.784    14459.340    14590.294
278  GTR+R2        7208.556     27  14471.111    14472.667    14603.620
279  GTR+R3        7200.826     29  14459.652    14461.446    14601.977
280  GTR+R4        7200.791     31  14463.583    14465.632    14615.723
281  GTR+R5        Skipped 
282  GTR+R6        Skipped 
283  GTR+R7        Skipped 
284  GTR+R8        Skipped 
285  GTR+R9        Skipped 
286  GTR+R10       Skipped 
Akaike Information Criterion:           GTR+G4
Corrected Akaike Information Criterion: GTR+G4
Bayesian Information Criterion:         TPM3+G4
Best-fit model: TPM3+G4 chosen according to BIC

All model information printed to ./results/gene4.phy.model
CPU time for ModelFinder: 9.113 seconds (0h:0m:9s)
Wall-clock time for ModelFinder: 9.639 seconds (0h:0m:9s)
Generating 1000 samples for ultrafast bootstrap (seed: 238368)...

NOTE: 2 MB RAM (0 GB) is required!
Estimate model parameters (epsilon = 0.100)
1. Initial log-likelihood: -7441.181
2. Current log-likelihood: -7359.272
3. Current log-likelihood: -7266.783
4. Current log-likelihood: -7225.309
5. Current log-likelihood: -7212.986
6. Current log-likelihood: -7210.433
7. Current log-likelihood: -7209.640
Optimal log-likelihood: -7209.607
Rate parameters:  A-C: 2.877  A-G: 5.893  A-T: 1.000  C-G: 2.877  C-T: 5.893  G-T: 1.000
Base frequencies:   A: 0.386  C: 0.164  G: 0.203  T: 0.247
Gamma shape alpha: 0.550
Parameters optimization took 7 rounds (0.213 sec)
Computing ML distances based on estimated model parameters... 0.002 sec
Computing BIONJ tree...
0.000 seconds
Log-likelihood of BIONJ tree: -7206.826
--------------------------------------------------------------------
|             INITIALIZING CANDIDATE TREE SET                      |
--------------------------------------------------------------------
Generating 98 parsimony trees... 0.105 second
Computing log-likelihood of 95 initial trees ... 0.669 seconds
Current best score: -7206.826

Do NNI search on 20 best initial trees
Estimate model parameters (epsilon = 0.100)
BETTER TREE FOUND at iteration 1: -7206.203
Estimate model parameters (epsilon = 0.100)
BETTER TREE FOUND at iteration 4: -7203.727
Estimate model parameters (epsilon = 0.100)
BETTER TREE FOUND at iteration 5: -7203.087
Iteration 10 / LogL: -7203.747 / Time: 0h:0m:11s
Iteration 20 / LogL: -7208.369 / Time: 0h:0m:11s
Finish initializing candidate tree set (6)
Current best tree score: -7203.087 / CPU time: 1.903
Number of iterations: 20
--------------------------------------------------------------------
|               OPTIMIZING CANDIDATE TREE SET                      |
--------------------------------------------------------------------
Iteration 30 / LogL: -7203.753 / Time: 0h:0m:12s (0h:0m:6s left)
Iteration 40 / LogL: -7206.291 / Time: 0h:0m:12s (0h:0m:5s left)
Iteration 50 / LogL: -7203.754 / Time: 0h:0m:13s (0h:0m:4s left)
Log-likelihood cutoff on original alignment: -7215.461
UPDATE BEST LOG-LIKELIHOOD: -7203.087
Iteration 60 / LogL: -7203.359 / Time: 0h:0m:13s (0h:0m:3s left)
Iteration 70 / LogL: -7203.088 / Time: 0h:0m:14s (0h:0m:2s left)
Iteration 80 / LogL: -7203.172 / Time: 0h:0m:14s (0h:0m:1s left)
Iteration 90 / LogL: -7203.747 / Time: 0h:0m:14s (0h:0m:0s left)
Iteration 100 / LogL: -7203.994 / Time: 0h:0m:15s (0h:0m:0s left)
Log-likelihood cutoff on original alignment: -7215.461
NOTE: Bootstrap correlation coefficient of split occurrence frequencies: 0.993
TREE SEARCH COMPLETED AFTER 106 ITERATIONS / Time: 0h:0m:15s

--------------------------------------------------------------------
|                    FINALIZING TREE SEARCH                        |
--------------------------------------------------------------------
Performs final model parameters optimization
Estimate model parameters (epsilon = 0.010)
1. Initial log-likelihood: -7203.087
Optimal log-likelihood: -7203.084
Rate parameters:  A-C: 2.922  A-G: 5.933  A-T: 1.000  C-G: 2.922  C-T: 5.933  G-T: 1.000
Base frequencies:   A: 0.386  C: 0.164  G: 0.203  T: 0.247
Gamma shape alpha: 0.560
Parameters optimization took 1 rounds (0.019 sec)
BEST SCORE FOUND : -7203.084
Creating bootstrap support values...
Split supports printed to NEXUS file ./results/gene4.phy.splits.nex
Total tree length: 3.017

Total number of iterations: 106
CPU time used for tree search: 5.059 sec (0h:0m:5s)
Wall-clock time used for tree search: 6.056 sec (0h:0m:6s)
Total CPU time used: 14.359 sec (0h:0m:14s)
Total wall-clock time used: 15.997 sec (0h:0m:15s)

Computing bootstrap consensus tree...
Reading input file ./results/gene4.phy.splits.nex...
10 taxa and 130 splits.
Consensus tree written to ./results/gene4.phy.contree
Reading input trees file ./results/gene4.phy.contree
Log-likelihood of consensus tree: -7203.129

Analysis results written to: 
  IQ-TREE report:                ./results/gene4.phy.iqtree
  Maximum-likelihood tree:       ./results/gene4.phy.treefile
  Likelihood distances:          ./results/gene4.phy.mldist

Ultrafast bootstrap approximation results written to:
  Split support values:          ./results/gene4.phy.splits.nex
  Consensus tree:                ./results/gene4.phy.contree
  Screen log file:               ./results/gene4.phy.log

Date and Time: Tue Aug 22 18:28:04 2017
