IQ-TREE multicore version 1.5.4 for Linux 64-bit built Apr  2 2017
Copyright (c) 2011-2017 by Bui Quang Minh, Nguyen Lam Tung,
Olga Chernomor, Heiko Schmidt, and Arndt von Haeseler.

Host:    hpc-crick (AVX, 251 GB RAM)
Command: iqtree -s ./results/gene20.phy -nt 1 -bb 1000
Seed:    487470 (Using SPRNG - Scalable Parallel Random Number Generator)
Time:    Tue Aug 22 18:18:55 2017
Kernel:  AVX - 1 threads (40 CPU cores detected)

Reading alignment file ./results/gene20.phy ... Phylip format detected
Alignment most likely contains DNA/RNA sequences
Alignment has 10 sequences with 1000 columns and 490 patterns (330 informative sites, 377 constant sites)
   Gap/Ambiguity  Composition  p-value
   1  A    0.00%    passed     87.41%
   2  B    0.00%    passed     75.81%
   3  C    0.00%    passed     89.65%
   4  D    0.00%    passed     78.95%
   5  E    0.00%    passed     99.96%
   6  F    0.00%    passed     96.08%
   7  G    0.00%    passed     78.17%
   8  H    0.00%    passed     85.80%
   9  I    0.00%    passed     97.47%
  10  J    0.00%    passed     63.42%
****  TOTAL    0.00%  0 sequences failed composition chi2 test (p-value<5%; df=3)

Create initial parsimony tree by phylogenetic likelihood library (PLL)... 0.001 seconds

NOTE: ModelFinder requires 3 MB RAM!
ModelFinder will test 286 DNA models (sample size: 1000) ...
 No. Model         -LnL         df  AIC          AICc         BIC
  1  JC            7453.106     17  14940.211    14940.834    15023.643
  2  JC+I          7236.946     18  14509.892    14510.589    14598.232
  3  JC+G4         7195.892     18  14427.784    14428.481    14516.123
  4  JC+I+G4       7194.908     19  14427.816    14428.592    14521.064
  5  JC+R2         7199.211     19  14436.421    14437.197    14529.669
  6  JC+R3         7194.726     21  14431.452    14432.397    14534.515
  7  JC+R4         Skipped 
  8  JC+R5         Skipped 
  9  JC+R6         Skipped 
 10  JC+R7         Skipped 
 11  JC+R8         Skipped 
 12  JC+R9         Skipped 
 13  JC+R10        Skipped 
 14  F81           7348.705     20  14737.410    14738.268    14835.565
 15  F81+I         7122.478     21  14286.957    14287.902    14390.020
 16  F81+G4        7078.230     21  14198.459    14199.404    14301.522
 17  F81+I+G4      7076.967     22  14197.935    14198.971    14305.905
 18  F81+R2        7084.963     22  14213.926    14214.961    14321.896
 19  F81+R3        7076.549     24  14201.098    14202.329    14318.884
 20  F81+R4        7076.512     26  14205.023    14206.466    14332.625
 21  F81+R5        Skipped 
 22  F81+R6        Skipped 
 23  F81+R7        Skipped 
 24  F81+R8        Skipped 
 25  F81+R9        Skipped 
 26  F81+R10       Skipped 
 27  K2P           7347.727     18  14731.453    14732.151    14819.793
 28  K2P+I         7120.513     19  14279.027    14279.802    14372.274
 29  K2P+G4        7065.330     19  14168.661    14169.436    14261.908
 30  K2P+I+G4      7065.031     20  14170.061    14170.919    14268.216
 31  K2P+R2        7073.377     20  14186.754    14187.612    14284.909
 32  K2P+R3        7064.361     22  14172.722    14173.758    14280.693
 33  K2P+R4        7064.281     24  14176.563    14177.793    14294.349
 34  K2P+R5        Skipped 
 35  K2P+R6        Skipped 
 36  K2P+R7        Skipped 
 37  K2P+R8        Skipped 
 38  K2P+R9        Skipped 
 39  K2P+R10       Skipped 
 40  HKY           7226.976     21  14495.953    14496.898    14599.016
 41  HKY+I         6990.579     22  14025.159    14026.194    14133.129
 42  HKY+G4        6917.576     22  13879.153    13880.189    13987.123
 43  HKY+I+G4      6917.508     23  13881.015    13882.146    13993.894
 44  HKY+R2        6930.247     23  13906.494    13907.625    14019.373
 45  HKY+R3        6916.896     25  13883.792    13885.127    14006.486
 46  HKY+R4        6916.877     27  13887.753    13889.309    14020.263
 47  HKY+R5        Skipped 
 48  HKY+R6        Skipped 
 49  HKY+R7        Skipped 
 50  HKY+R8        Skipped 
 51  HKY+R9        Skipped 
 52  HKY+R10       Skipped 
 53  TNe           7345.743     19  14729.486    14730.261    14822.733
 54  TNe+I         7120.180     20  14280.360    14281.218    14378.515
 55  TNe+G4        7060.016     20  14160.031    14160.889    14258.187
 56  TNe+I+G4      7059.990     21  14161.979    14162.924    14265.042
 57  TNe+R2        7068.248     21  14178.497    14179.442    14281.560
 58  TNe+R3        7059.575     23  14165.150    14166.281    14278.028
 59  TNe+R4        7059.541     25  14169.081    14170.416    14291.775
 60  TNe+R5        Skipped 
 61  TNe+R6        Skipped 
 62  TNe+R7        Skipped 
 63  TNe+R8        Skipped 
 64  TNe+R9        Skipped 
 65  TNe+R10       Skipped 
 66  TN            7226.910     22  14497.821    14498.856    14605.791
 67  TN+I          6989.105     23  14024.210    14025.341    14137.089
 68  TN+G4         6916.479     23  13878.958    13880.090    13991.837
 69  TN+I+G4       6916.441     24  13880.881    13882.112    13998.667
 70  TN+R2         6929.072     24  13906.145    13907.376    14023.931
 71  TN+R3         6915.730     26  13883.460    13884.903    14011.062
 72  TN+R4         6915.531     28  13887.062    13888.734    14024.479
 73  TN+R5         Skipped 
 74  TN+R6         Skipped 
 75  TN+R7         Skipped 
 76  TN+R8         Skipped 
 77  TN+R9         Skipped 
 78  TN+R10        Skipped 
 79  K3P           7346.966     19  14731.931    14732.707    14825.178
 80  K3P+I         7119.770     20  14279.540    14280.398    14377.695
 81  K3P+G4        7063.815     20  14167.629    14168.487    14265.784
 82  K3P+I+G4      7063.373     21  14168.746    14169.691    14271.809
 83  K3P+R2        7072.099     21  14186.198    14187.143    14289.261
 84  K3P+R3        7062.931     23  14171.862    14172.993    14284.741
 85  K3P+R4        7062.899     25  14175.799    14177.134    14298.493
 86  K3P+R5        Skipped 
 87  K3P+R6        Skipped 
 88  K3P+R7        Skipped 
 89  K3P+R8        Skipped 
 90  K3P+R9        Skipped 
 91  K3P+R10       Skipped 
 92  K3Pu          7221.465     22  14486.929    14487.965    14594.900
 93  K3Pu+I        6984.872     23  14015.743    14016.875    14128.622
 94  K3Pu+G4       6908.484     23  13862.967    13864.099    13975.846
 95  K3Pu+I+G4     6908.224     24  13864.447    13865.678    13982.234
 96  K3Pu+R2       6923.019     24  13894.038    13895.269    14011.824
 97  K3Pu+R3       6907.395     26  13866.791    13868.234    13994.393
 98  K3Pu+R4       6907.509     28  13871.019    13872.691    14008.436
 99  K3Pu+R5       Skipped 
100  K3Pu+R6       Skipped 
101  K3Pu+R7       Skipped 
102  K3Pu+R8       Skipped 
103  K3Pu+R9       Skipped 
104  K3Pu+R10      Skipped 
105  TPM2          7217.626     22  14479.253    14480.289    14587.224
106  TPM2+I        6981.910     23  14009.820    14010.951    14122.698
107  TPM2+G4       6915.599     23  13877.199    13878.330    13990.077
108  TPM2+I+G4     6915.262     24  13878.524    13879.755    13996.310
109  TPM2+R2       6926.412     24  13900.823    13902.054    14018.609
110  TPM2+R3       6914.766     26  13881.532    13882.975    14009.134
111  TPM2+R4       6914.836     28  13885.673    13887.345    14023.090
112  TPM2+R5       Skipped 
113  TPM2+R6       Skipped 
114  TPM2+R7       Skipped 
115  TPM2+R8       Skipped 
116  TPM2+R9       Skipped 
117  TPM2+R10      Skipped 
118  TPM2u         7217.657     22  14479.313    14480.349    14587.284
119  TPM2u+I       6981.845     23  14009.691    14010.822    14122.569
120  TPM2u+G4      6915.476     23  13876.951    13878.082    13989.830
121  TPM2u+I+G4    6915.256     24  13878.513    13879.744    13996.299
122  TPM2u+R2      6926.411     24  13900.822    13902.053    14018.608
123  TPM2u+R3      6914.748     26  13881.496    13882.939    14009.097
124  TPM2u+R4      6914.835     28  13885.669    13887.342    14023.086
125  TPM2u+R5      Skipped 
126  TPM2u+R6      Skipped 
127  TPM2u+R7      Skipped 
128  TPM2u+R8      Skipped 
129  TPM2u+R9      Skipped 
130  TPM2u+R10     Skipped 
131  TPM3          7213.586     22  14471.171    14472.207    14579.142
132  TPM3+I        6978.324     23  14002.648    14003.779    14115.526
133  TPM3+G4       6905.490     23  13856.980    13858.111    13969.858
134  TPM3+I+G4     6904.871     24  13857.741    13858.972    13975.528
135  TPM3+R2       6920.041     24  13888.083    13889.314    14005.869
136  TPM3+R3       6904.126     26  13860.252    13861.695    13987.853
137  TPM3+R4       6904.235     28  13864.470    13866.143    14001.887
138  TPM3+R5       Skipped 
139  TPM3+R6       Skipped 
140  TPM3+R7       Skipped 
141  TPM3+R8       Skipped 
142  TPM3+R9       Skipped 
143  TPM3+R10      Skipped 
144  TPM3u         7213.609     22  14471.218    14472.254    14579.188
145  TPM3u+I       6978.328     23  14002.656    14003.787    14115.534
146  TPM3u+G4      6905.484     23  13856.968    13858.099    13969.846
147  TPM3u+I+G4    6904.847     24  13857.693    13858.924    13975.480
148  TPM3u+R2      6920.043     24  13888.086    13889.317    14005.873
149  TPM3u+R3      6904.123     26  13860.245    13861.688    13987.847
150  TPM3u+R4      6904.227     28  13864.455    13866.127    14001.872
151  TPM3u+R5      Skipped 
152  TPM3u+R6      Skipped 
153  TPM3u+R7      Skipped 
154  TPM3u+R8      Skipped 
155  TPM3u+R9      Skipped 
156  TPM3u+R10     Skipped 
157  TIMe          7344.978     20  14729.956    14730.814    14828.111
158  TIMe+I        7119.461     21  14280.921    14281.866    14383.984
159  TIMe+G4       7058.437     21  14158.874    14159.819    14261.937
160  TIMe+I+G4     7058.288     22  14160.576    14161.612    14268.547
161  TIMe+R2       7066.910     22  14177.821    14178.856    14285.791
162  TIMe+R3       7057.965     24  14163.931    14165.162    14281.717
163  TIMe+R4       7057.918     26  14167.837    14169.280    14295.439
164  TIMe+R5       Skipped 
165  TIMe+R6       Skipped 
166  TIMe+R7       Skipped 
167  TIMe+R8       Skipped 
168  TIMe+R9       Skipped 
169  TIMe+R10      Skipped 
170  TIM           7221.381     23  14488.762    14489.893    14601.640
171  TIM+I         6983.466     24  14014.932    14016.163    14132.718
172  TIM+G4        6906.971     24  13861.942    13863.173    13979.728
173  TIM+I+G4      6906.813     25  13863.626    13864.960    13986.320
174  TIM+R2        6921.277     25  13892.553    13893.888    14015.247
175  TIM+R3        6905.964     27  13865.928    13867.484    13998.438
176  TIM+R4        6905.937     29  13869.874    13871.668    14012.199
177  TIM+R5        Skipped 
178  TIM+R6        Skipped 
179  TIM+R7        Skipped 
180  TIM+R8        Skipped 
181  TIM+R9        Skipped 
182  TIM+R10       Skipped 
183  TIM2e         7315.571     20  14671.141    14671.999    14769.296
184  TIM2e+I       7090.658     21  14223.316    14224.261    14326.379
185  TIM2e+G4      7023.816     21  14089.632    14090.577    14192.695
186  TIM2e+I+G4    7023.765     22  14091.529    14092.565    14199.500
187  TIM2e+R2      7032.940     22  14109.881    14110.917    14217.851
188  TIM2e+R3      7023.350     24  14094.699    14095.930    14212.485
189  TIM2e+R4      7023.336     26  14098.672    14100.115    14226.274
190  TIM2e+R5      Skipped 
191  TIM2e+R6      Skipped 
192  TIM2e+R7      Skipped 
193  TIM2e+R8      Skipped 
194  TIM2e+R9      Skipped 
195  TIM2e+R10     Skipped 
196  TIM2          7217.446     23  14480.892    14482.023    14593.770
197  TIM2+I        6980.130     24  14008.260    14009.490    14126.046
198  TIM2+G4       6914.835     24  13877.670    13878.900    13995.456
199  TIM2+I+G4     6914.701     25  13879.402    13880.737    14002.096
200  TIM2+R2       6925.649     25  13901.299    13902.633    14023.992
201  TIM2+R3       6914.232     27  13882.465    13884.020    14014.974
202  TIM2+R4       6914.276     29  13886.551    13888.345    14028.876
203  TIM2+R5       Skipped 
204  TIM2+R6       Skipped 
205  TIM2+R7       Skipped 
206  TIM2+R8       Skipped 
207  TIM2+R9       Skipped 
208  TIM2+R10      Skipped 
209  TIM3e         7342.620     20  14725.241    14726.099    14823.396
210  TIM3e+I       7117.533     21  14277.066    14278.011    14380.129
211  TIM3e+G4      7057.919     21  14157.837    14158.782    14260.900
212  TIM3e+I+G4    7057.691     22  14159.382    14160.417    14267.352
213  TIM3e+R2      7066.135     22  14176.271    14177.307    14284.241
214  TIM3e+R3      7057.398     24  14162.795    14164.026    14280.581
215  TIM3e+R4      7057.377     26  14166.755    14168.198    14294.356
216  TIM3e+R5      Skipped 
217  TIM3e+R6      Skipped 
218  TIM3e+R7      Skipped 
219  TIM3e+R8      Skipped 
220  TIM3e+R9      Skipped 
221  TIM3e+R10     Skipped 
222  TIM3          7213.343     23  14472.686    14473.817    14585.564
223  TIM3+I        6976.697     24  14001.393    14002.624    14119.180
224  TIM3+G4       6904.798     24  13857.595    13858.826    13975.381
225  TIM3+I+G4     6904.360     25  13858.721    13860.056    13981.415
226  TIM3+R2       6919.273     25  13888.546    13889.881    14011.240
227  TIM3+R3       6903.645     27  13861.290    13862.846    13993.799
228  TIM3+R4       6903.602     29  13865.203    13866.997    14007.528
229  TIM3+R5       Skipped 
230  TIM3+R6       Skipped 
231  TIM3+R7       Skipped 
232  TIM3+R8       Skipped 
233  TIM3+R9       Skipped 
234  TIM3+R10      Skipped 
235  TVMe          7314.502     21  14671.003    14671.948    14774.066
236  TVMe+I        7088.314     22  14220.627    14221.663    14328.598
237  TVMe+G4       7027.056     22  14098.112    14099.147    14206.082
238  TVMe+I+G4     7026.633     23  14099.265    14100.397    14212.144
239  TVMe+R2       7036.186     23  14118.372    14119.503    14231.250
240  TVMe+R3       7026.294     25  14102.588    14103.923    14225.282
241  TVMe+R4       7026.315     27  14106.630    14108.185    14239.139
242  TVMe+R5       Skipped 
243  TVMe+R6       Skipped 
244  TVMe+R7       Skipped 
245  TVMe+R8       Skipped 
246  TVMe+R9       Skipped 
247  TVMe+R10      Skipped 
248  TVM           7203.095     24  14454.190    14455.421    14571.976
249  TVM+I         6968.155     25  13986.311    13987.645    14109.005
250  TVM+G4        6899.720     25  13849.441    13850.776    13972.135
251  TVM+I+G4      6899.287     26  13850.575    13852.018    13978.176
252  TVM+R2        6913.650     26  13879.299    13880.742    14006.901
253  TVM+R3        6898.619     28  13853.238    13854.911    13990.655
254  TVM+R4        6898.579     30  13857.157    13859.077    14004.390
255  TVM+R5        Skipped 
256  TVM+R6        Skipped 
257  TVM+R7        Skipped 
258  TVM+R8        Skipped 
259  TVM+R9        Skipped 
260  TVM+R10       Skipped 
261  SYM           7312.581     22  14669.163    14670.198    14777.133
262  SYM+I         7088.050     23  14222.099    14223.230    14334.978
263  SYM+G4        7020.049     23  14086.098    14087.229    14198.976
264  SYM+I+G4      7020.005     24  14088.011    14089.241    14205.797
265  SYM+R2        7029.517     24  14107.033    14108.264    14224.819
266  SYM+R3        7019.715     26  14091.431    14092.874    14219.033
267  SYM+R4        7019.623     28  14095.247    14096.919    14232.664
268  SYM+R5        Skipped 
269  SYM+R6        Skipped 
270  SYM+R7        Skipped 
271  SYM+R8        Skipped 
272  SYM+R9        Skipped 
273  SYM+R10       Skipped 
274  GTR           7202.689     25  14455.379    14456.714    14578.073
275  GTR+I         6966.346     26  13984.692    13986.135    14112.293
276  GTR+G4        6899.578     26  13851.157    13852.600    13978.758
277  GTR+I+G4      6899.146     27  13852.292    13853.848    13984.802
278  GTR+R2        6912.911     27  13879.821    13881.377    14012.331
279  GTR+R3        6898.571     29  13855.141    13856.935    13997.466
280  GTR+R4        6898.657     31  13859.313    13861.363    14011.454
281  GTR+R5        Skipped 
282  GTR+R6        Skipped 
283  GTR+R7        Skipped 
284  GTR+R8        Skipped 
285  GTR+R9        Skipped 
286  GTR+R10       Skipped 
Akaike Information Criterion:           TVM+G4
Corrected Akaike Information Criterion: TVM+G4
Bayesian Information Criterion:         TPM3u+G4
Best-fit model: TPM3u+G4 chosen according to BIC

All model information printed to ./results/gene20.phy.model
CPU time for ModelFinder: 10.677 seconds (0h:0m:10s)
Wall-clock time for ModelFinder: 12.535 seconds (0h:0m:12s)
Generating 1000 samples for ultrafast bootstrap (seed: 487470)...

NOTE: 2 MB RAM (0 GB) is required!
Estimate model parameters (epsilon = 0.100)
1. Initial log-likelihood: -7129.681
2. Current log-likelihood: -6915.832
3. Current log-likelihood: -6907.211
4. Current log-likelihood: -6906.221
5. Current log-likelihood: -6906.118
Optimal log-likelihood: -6906.073
Rate parameters:  A-C: 2.144  A-G: 5.174  A-T: 1.000  C-G: 2.144  C-T: 5.174  G-T: 1.000
Base frequencies:   A: 0.400  C: 0.169  G: 0.180  T: 0.252
Gamma shape alpha: 0.544
Parameters optimization took 5 rounds (0.049 sec)
Computing ML distances based on estimated model parameters... 0.001 sec
Computing BIONJ tree...
0.000 seconds
Log-likelihood of BIONJ tree: -6906.941
--------------------------------------------------------------------
|             INITIALIZING CANDIDATE TREE SET                      |
--------------------------------------------------------------------
Generating 98 parsimony trees... 0.065 second
Computing log-likelihood of 96 initial trees ... 0.392 seconds
Current best score: -6906.073

Do NNI search on 20 best initial trees
Estimate model parameters (epsilon = 0.100)
BETTER TREE FOUND at iteration 1: -6903.497
Estimate model parameters (epsilon = 0.100)
BETTER TREE FOUND at iteration 2: -6902.656
Estimate model parameters (epsilon = 0.100)
BETTER TREE FOUND at iteration 4: -6902.071
Iteration 10 / LogL: -6903.505 / Time: 0h:0m:13s
Iteration 20 / LogL: -6903.505 / Time: 0h:0m:14s
Finish initializing candidate tree set (14)
Current best tree score: -6902.071 / CPU time: 1.612
Number of iterations: 20
--------------------------------------------------------------------
|               OPTIMIZING CANDIDATE TREE SET                      |
--------------------------------------------------------------------
UPDATE BEST LOG-LIKELIHOOD: -6902.071
UPDATE BEST LOG-LIKELIHOOD: -6902.071
UPDATE BEST LOG-LIKELIHOOD: -6902.071
Iteration 30 / LogL: -6902.071 / Time: 0h:0m:14s (0h:0m:5s left)
Iteration 40 / LogL: -6902.071 / Time: 0h:0m:14s (0h:0m:3s left)
UPDATE BEST LOG-LIKELIHOOD: -6902.071
Iteration 50 / LogL: -6904.252 / Time: 0h:0m:15s (0h:0m:3s left)
Log-likelihood cutoff on original alignment: -6909.641
UPDATE BEST LOG-LIKELIHOOD: -6902.071
Iteration 60 / LogL: -6902.071 / Time: 0h:0m:15s (0h:0m:2s left)
Iteration 70 / LogL: -6902.071 / Time: 0h:0m:16s (0h:0m:1s left)
UPDATE BEST LOG-LIKELIHOOD: -6902.071
Iteration 80 / LogL: -6902.401 / Time: 0h:0m:16s (0h:0m:1s left)
Iteration 90 / LogL: -6902.071 / Time: 0h:0m:17s (0h:0m:0s left)
Iteration 100 / LogL: -6902.071 / Time: 0h:0m:17s (0h:0m:0s left)
Log-likelihood cutoff on original alignment: -6909.641
NOTE: Bootstrap correlation coefficient of split occurrence frequencies: 0.981
NOTE: UFBoot does not converge, continue at least 100 more iterations
UPDATE BEST LOG-LIKELIHOOD: -6902.071
UPDATE BEST LOG-LIKELIHOOD: -6902.071
Iteration 110 / LogL: -6902.071 / Time: 0h:0m:18s (0h:0m:4s left)
Iteration 120 / LogL: -6902.071 / Time: 0h:0m:18s (0h:0m:4s left)
UPDATE BEST LOG-LIKELIHOOD: -6902.071
Iteration 130 / LogL: -6902.071 / Time: 0h:0m:19s (0h:0m:3s left)
UPDATE BEST LOG-LIKELIHOOD: -6902.071
Iteration 140 / LogL: -6902.071 / Time: 0h:0m:19s (0h:0m:2s left)
Iteration 150 / LogL: -6902.071 / Time: 0h:0m:19s (0h:0m:2s left)
Log-likelihood cutoff on original alignment: -6909.641
UPDATE BEST LOG-LIKELIHOOD: -6902.071
UPDATE BEST LOG-LIKELIHOOD: -6902.071
Iteration 160 / LogL: -6902.071 / Time: 0h:0m:20s (0h:0m:1s left)
Iteration 170 / LogL: -6902.071 / Time: 0h:0m:20s (0h:0m:1s left)
Iteration 180 / LogL: -6904.144 / Time: 0h:0m:20s (0h:0m:0s left)
Iteration 190 / LogL: -6902.071 / Time: 0h:0m:21s (0h:0m:0s left)
Iteration 200 / LogL: -6902.071 / Time: 0h:0m:22s (0h:0m:0s left)
Log-likelihood cutoff on original alignment: -6909.641
NOTE: Bootstrap correlation coefficient of split occurrence frequencies: 0.987
NOTE: UFBoot does not converge, continue at least 100 more iterations
Iteration 210 / LogL: -6902.071 / Time: 0h:0m:22s (0h:0m:4s left)
Iteration 220 / LogL: -6902.071 / Time: 0h:0m:22s (0h:0m:3s left)
Iteration 230 / LogL: -6904.144 / Time: 0h:0m:23s (0h:0m:3s left)
Iteration 240 / LogL: -6902.071 / Time: 0h:0m:24s (0h:0m:2s left)
Iteration 250 / LogL: -6902.071 / Time: 0h:0m:24s (0h:0m:2s left)
Log-likelihood cutoff on original alignment: -6909.641
Iteration 260 / LogL: -6902.071 / Time: 0h:0m:25s (0h:0m:1s left)
Iteration 270 / LogL: -6902.071 / Time: 0h:0m:26s (0h:0m:1s left)
Iteration 280 / LogL: -6902.071 / Time: 0h:0m:26s (0h:0m:1s left)
Iteration 290 / LogL: -6902.071 / Time: 0h:0m:27s (0h:0m:0s left)
Iteration 300 / LogL: -6902.071 / Time: 0h:0m:27s (0h:0m:0s left)
Log-likelihood cutoff on original alignment: -6909.374
NOTE: Bootstrap correlation coefficient of split occurrence frequencies: 0.977
NOTE: UFBoot does not converge, continue at least 100 more iterations
UPDATE BEST LOG-LIKELIHOOD: -6902.071
Iteration 310 / LogL: -6902.071 / Time: 0h:0m:28s (0h:0m:4s left)
Iteration 320 / LogL: -6902.071 / Time: 0h:0m:28s (0h:0m:4s left)
Iteration 330 / LogL: -6902.071 / Time: 0h:0m:29s (0h:0m:3s left)
UPDATE BEST LOG-LIKELIHOOD: -6902.071
Iteration 340 / LogL: -6902.071 / Time: 0h:0m:29s (0h:0m:3s left)
Iteration 350 / LogL: -6902.071 / Time: 0h:0m:30s (0h:0m:2s left)
Log-likelihood cutoff on original alignment: -6909.374
Iteration 360 / LogL: -6902.071 / Time: 0h:0m:30s (0h:0m:2s left)
Iteration 370 / LogL: -6902.071 / Time: 0h:0m:31s (0h:0m:1s left)
Iteration 380 / LogL: -6902.071 / Time: 0h:0m:31s (0h:0m:1s left)
Iteration 390 / LogL: -6902.071 / Time: 0h:0m:32s (0h:0m:0s left)
UPDATE BEST LOG-LIKELIHOOD: -6902.071
Iteration 400 / LogL: -6902.071 / Time: 0h:0m:32s (0h:0m:0s left)
Log-likelihood cutoff on original alignment: -6909.648
NOTE: Bootstrap correlation coefficient of split occurrence frequencies: 0.975
NOTE: UFBoot does not converge, continue at least 100 more iterations
Iteration 410 / LogL: -6904.156 / Time: 0h:0m:33s (0h:0m:4s left)
UPDATE BEST LOG-LIKELIHOOD: -6902.071
Iteration 420 / LogL: -6902.748 / Time: 0h:0m:33s (0h:0m:4s left)
Iteration 430 / LogL: -6902.657 / Time: 0h:0m:34s (0h:0m:3s left)
Iteration 440 / LogL: -6902.071 / Time: 0h:0m:35s (0h:0m:3s left)
Iteration 450 / LogL: -6902.071 / Time: 0h:0m:35s (0h:0m:2s left)
Log-likelihood cutoff on original alignment: -6909.648
Iteration 460 / LogL: -6902.071 / Time: 0h:0m:36s (0h:0m:2s left)
Iteration 470 / LogL: -6902.071 / Time: 0h:0m:36s (0h:0m:1s left)
Iteration 480 / LogL: -6902.071 / Time: 0h:0m:37s (0h:0m:1s left)
Iteration 490 / LogL: -6902.071 / Time: 0h:0m:37s (0h:0m:0s left)
Iteration 500 / LogL: -6902.071 / Time: 0h:0m:38s (0h:0m:0s left)
Log-likelihood cutoff on original alignment: -6909.648
NOTE: Bootstrap correlation coefficient of split occurrence frequencies: 0.977
NOTE: UFBoot does not converge, continue at least 100 more iterations
Iteration 510 / LogL: -6904.252 / Time: 0h:0m:38s (0h:0m:4s left)
Iteration 520 / LogL: -6902.071 / Time: 0h:0m:39s (0h:0m:4s left)
UPDATE BEST LOG-LIKELIHOOD: -6902.071
UPDATE BEST LOG-LIKELIHOOD: -6902.071
Iteration 530 / LogL: -6902.071 / Time: 0h:0m:39s (0h:0m:3s left)
Iteration 540 / LogL: -6902.071 / Time: 0h:0m:40s (0h:0m:3s left)
Iteration 550 / LogL: -6902.071 / Time: 0h:0m:40s (0h:0m:2s left)
Log-likelihood cutoff on original alignment: -6909.648
Iteration 560 / LogL: -6902.071 / Time: 0h:0m:41s (0h:0m:2s left)
Iteration 570 / LogL: -6902.071 / Time: 0h:0m:41s (0h:0m:1s left)
UPDATE BEST LOG-LIKELIHOOD: -6902.071
UPDATE BEST LOG-LIKELIHOOD: -6902.071
Iteration 580 / LogL: -6902.071 / Time: 0h:0m:42s (0h:0m:1s left)
Iteration 590 / LogL: -6902.748 / Time: 0h:0m:42s (0h:0m:0s left)
Iteration 600 / LogL: -6902.071 / Time: 0h:0m:43s (0h:0m:0s left)
Log-likelihood cutoff on original alignment: -6909.648
NOTE: Bootstrap correlation coefficient of split occurrence frequencies: 0.993
TREE SEARCH COMPLETED AFTER 600 ITERATIONS / Time: 0h:0m:43s

--------------------------------------------------------------------
|                    FINALIZING TREE SEARCH                        |
--------------------------------------------------------------------
Performs final model parameters optimization
Estimate model parameters (epsilon = 0.010)
1. Initial log-likelihood: -6902.071
Optimal log-likelihood: -6902.069
Rate parameters:  A-C: 2.154  A-G: 5.188  A-T: 1.000  C-G: 2.154  C-T: 5.188  G-T: 1.000
Base frequencies:   A: 0.400  C: 0.169  G: 0.180  T: 0.252
Gamma shape alpha: 0.541
Parameters optimization took 1 rounds (0.007 sec)
BEST SCORE FOUND : -6902.069
Creating bootstrap support values...
Split supports printed to NEXUS file ./results/gene20.phy.splits.nex
Total tree length: 2.821

Total number of iterations: 600
CPU time used for tree search: 23.804 sec (0h:0m:23s)
Wall-clock time used for tree search: 30.534 sec (0h:0m:30s)
Total CPU time used: 34.594 sec (0h:0m:34s)
Total wall-clock time used: 43.193 sec (0h:0m:43s)

Computing bootstrap consensus tree...
Reading input file ./results/gene20.phy.splits.nex...
10 taxa and 174 splits.
Consensus tree written to ./results/gene20.phy.contree
Reading input trees file ./results/gene20.phy.contree
Log-likelihood of consensus tree: -6902.070

Analysis results written to: 
  IQ-TREE report:                ./results/gene20.phy.iqtree
  Maximum-likelihood tree:       ./results/gene20.phy.treefile
  Likelihood distances:          ./results/gene20.phy.mldist

Ultrafast bootstrap approximation results written to:
  Split support values:          ./results/gene20.phy.splits.nex
  Consensus tree:                ./results/gene20.phy.contree
  Screen log file:               ./results/gene20.phy.log

Date and Time: Tue Aug 22 18:19:38 2017
