IQ-TREE multicore version 1.5.4 for Linux 64-bit built Apr  2 2017
Copyright (c) 2011-2017 by Bui Quang Minh, Nguyen Lam Tung,
Olga Chernomor, Heiko Schmidt, and Arndt von Haeseler.

Host:    hpc-crick (AVX, 251 GB RAM)
Command: iqtree -s ./results/gene5.phy -nt 1 -bb 1000
Seed:    515030 (Using SPRNG - Scalable Parallel Random Number Generator)
Time:    Tue Aug 22 18:22:07 2017
Kernel:  AVX - 1 threads (40 CPU cores detected)

Reading alignment file ./results/gene5.phy ... Phylip format detected
Alignment most likely contains DNA/RNA sequences
Alignment has 10 sequences with 1000 columns and 434 patterns (297 informative sites, 431 constant sites)
   Gap/Ambiguity  Composition  p-value
   1  A    0.00%    passed     97.63%
   2  B    0.00%    passed     23.54%
   3  C    0.00%    passed     95.41%
   4  D    0.00%    passed     40.24%
   5  E    0.00%    passed     83.16%
   6  F    0.00%    passed     99.32%
   7  G    0.00%    passed     89.76%
   8  H    0.00%    passed     99.33%
   9  I    0.00%    passed     87.37%
  10  J    0.00%    passed     94.39%
****  TOTAL    0.00%  0 sequences failed composition chi2 test (p-value<5%; df=3)

Create initial parsimony tree by phylogenetic likelihood library (PLL)... 0.001 seconds

NOTE: ModelFinder requires 3 MB RAM!
ModelFinder will test 286 DNA models (sample size: 1000) ...
 No. Model         -LnL         df  AIC          AICc         BIC
  1  JC            6925.184     17  13884.368    13884.991    13967.799
  2  JC+I          6700.200     18  13436.400    13437.098    13524.740
  3  JC+G4         6648.672     18  13333.345    13334.042    13421.685
  4  JC+I+G4       6649.323     19  13336.647    13337.422    13429.894
  5  JC+R2         6650.762     19  13339.524    13340.300    13432.772
  6  JC+R3         6648.629     21  13339.257    13340.202    13442.320
  7  JC+R4         Skipped 
  8  JC+R5         Skipped 
  9  JC+R6         Skipped 
 10  JC+R7         Skipped 
 11  JC+R8         Skipped 
 12  JC+R9         Skipped 
 13  JC+R10        Skipped 
 14  F81           6814.215     20  13668.430    13669.288    13766.585
 15  F81+I         6589.256     21  13220.512    13221.457    13323.575
 16  F81+G4        6532.350     21  13106.701    13107.645    13209.763
 17  F81+I+G4      6532.869     22  13109.739    13110.775    13217.709
 18  F81+R2        6535.269     22  13114.538    13115.574    13222.509
 19  F81+R3        6532.369     24  13112.738    13113.969    13230.524
 20  F81+R4        Skipped 
 21  F81+R5        Skipped 
 22  F81+R6        Skipped 
 23  F81+R7        Skipped 
 24  F81+R8        Skipped 
 25  F81+R9        Skipped 
 26  F81+R10       Skipped 
 27  K2P           6786.298     18  13608.597    13609.294    13696.936
 28  K2P+I         6549.769     19  13137.538    13138.313    13230.785
 29  K2P+G4        6485.347     19  13008.693    13009.469    13101.941
 30  K2P+I+G4      6485.819     20  13011.638    13012.496    13109.793
 31  K2P+R2        6489.761     20  13019.522    13020.380    13117.677
 32  K2P+R3        6484.997     22  13013.994    13015.030    13121.964
 33  K2P+R4        Skipped 
 34  K2P+R5        Skipped 
 35  K2P+R6        Skipped 
 36  K2P+R7        Skipped 
 37  K2P+R8        Skipped 
 38  K2P+R9        Skipped 
 39  K2P+R10       Skipped 
 40  HKY           6673.235     21  13388.470    13389.414    13491.532
 41  HKY+I         6441.335     22  12926.669    12927.705    13034.640
 42  HKY+G4        6371.620     22  12787.239    12788.275    12895.210
 43  HKY+I+G4      6371.835     23  12789.670    12790.801    12902.549
 44  HKY+R2        6377.659     23  12801.317    12802.448    12914.195
 45  HKY+R3        6371.047     25  12792.094    12793.429    12914.788
 46  HKY+R4        Skipped 
 47  HKY+R5        Skipped 
 48  HKY+R6        Skipped 
 49  HKY+R7        Skipped 
 50  HKY+R8        Skipped 
 51  HKY+R9        Skipped 
 52  HKY+R10       Skipped 
 53  TNe           6783.520     19  13605.041    13605.816    13698.288
 54  TNe+I         6546.716     20  13133.432    13134.290    13231.587
 55  TNe+G4        6482.045     20  13004.089    13004.947    13102.245
 56  TNe+I+G4      6482.322     21  13006.643    13007.588    13109.706
 57  TNe+R2        6487.200     21  13016.400    13017.345    13119.463
 58  TNe+R3        6481.399     23  13008.798    13009.929    13121.676
 59  TNe+R4        Skipped 
 60  TNe+R5        Skipped 
 61  TNe+R6        Skipped 
 62  TNe+R7        Skipped 
 63  TNe+R8        Skipped 
 64  TNe+R9        Skipped 
 65  TNe+R10       Skipped 
 66  TN            6673.149     22  13390.299    13391.335    13498.269
 67  TN+I          6441.122     23  12928.244    12929.375    13041.123
 68  TN+G4         6371.224     23  12788.448    12789.580    12901.327
 69  TN+I+G4       6371.438     24  12790.877    12792.108    12908.663
 70  TN+R2         6376.879     24  12801.758    12802.989    12919.544
 71  TN+R3         6370.670     26  12793.339    12794.782    12920.941
 72  TN+R4         Skipped 
 73  TN+R5         Skipped 
 74  TN+R6         Skipped 
 75  TN+R7         Skipped 
 76  TN+R8         Skipped 
 77  TN+R9         Skipped 
 78  TN+R10        Skipped 
 79  K3P           6779.456     19  13596.912    13597.688    13690.160
 80  K3P+I         6540.964     20  13121.928    13122.786    13220.083
 81  K3P+G4        6474.636     20  12989.273    12990.131    13087.428
 82  K3P+I+G4      6475.104     21  12992.209    12993.154    13095.272
 83  K3P+R2        6478.677     21  12999.354    13000.299    13102.417
 84  K3P+R3        6474.273     23  12994.546    12995.677    13107.425
 85  K3P+R4        Skipped 
 86  K3P+R5        Skipped 
 87  K3P+R6        Skipped 
 88  K3P+R7        Skipped 
 89  K3P+R8        Skipped 
 90  K3P+R9        Skipped 
 91  K3P+R10       Skipped 
 92  K3Pu          6660.205     22  13364.411    13365.447    13472.382
 93  K3Pu+I        6428.579     23  12903.157    12904.288    13016.036
 94  K3Pu+G4       6355.276     23  12756.552    12757.683    12869.430
 95  K3Pu+I+G4     6355.678     24  12759.355    12760.586    12877.142
 96  K3Pu+R2       6360.552     24  12769.104    12770.335    12886.891
 97  K3Pu+R3       6354.859     26  12761.717    12763.160    12889.319
 98  K3Pu+R4       Skipped 
 99  K3Pu+R5       Skipped 
100  K3Pu+R6       Skipped 
101  K3Pu+R7       Skipped 
102  K3Pu+R8       Skipped 
103  K3Pu+R9       Skipped 
104  K3Pu+R10      Skipped 
105  TPM2          6671.444     22  13386.887    13387.923    13494.858
106  TPM2+I        6437.214     23  12920.428    12921.559    13033.307
107  TPM2+G4       6368.537     23  12783.073    12784.205    12895.952
108  TPM2+I+G4     6368.777     24  12785.554    12786.785    12903.340
109  TPM2+R2       6374.155     24  12796.311    12797.542    12914.097
110  TPM2+R3       6367.949     26  12787.898    12789.341    12915.500
111  TPM2+R4       Skipped 
112  TPM2+R5       Skipped 
113  TPM2+R6       Skipped 
114  TPM2+R7       Skipped 
115  TPM2+R8       Skipped 
116  TPM2+R9       Skipped 
117  TPM2+R10      Skipped 
118  TPM2u         6671.489     22  13386.978    13388.014    13494.948
119  TPM2u+I       6437.214     23  12920.428    12921.559    13033.306
120  TPM2u+G4      6368.529     23  12783.057    12784.188    12895.936
121  TPM2u+I+G4    6368.760     24  12785.521    12786.751    12903.307
122  TPM2u+R2      6374.140     24  12796.279    12797.510    12914.065
123  TPM2u+R3      6367.938     26  12787.876    12789.319    12915.478
124  TPM2u+R4      Skipped 
125  TPM2u+R5      Skipped 
126  TPM2u+R6      Skipped 
127  TPM2u+R7      Skipped 
128  TPM2u+R8      Skipped 
129  TPM2u+R9      Skipped 
130  TPM2u+R10     Skipped 
131  TPM3          6649.259     22  13342.517    13343.553    13450.488
132  TPM3+I        6424.479     23  12894.958    12896.089    13007.836
133  TPM3+G4       6350.011     23  12746.021    12747.152    12858.900
134  TPM3+I+G4     6350.350     24  12748.699    12749.930    12866.485
135  TPM3+R2       6355.501     24  12759.002    12760.233    12876.789
136  TPM3+R3       6349.511     26  12751.022    12752.465    12878.623
137  TPM3+R4       Skipped 
138  TPM3+R5       Skipped 
139  TPM3+R6       Skipped 
140  TPM3+R7       Skipped 
141  TPM3+R8       Skipped 
142  TPM3+R9       Skipped 
143  TPM3+R10      Skipped 
144  TPM3u         6649.369     22  13342.739    13343.775    13450.709
145  TPM3u+I       6424.480     23  12894.960    12896.091    13007.838
146  TPM3u+G4      6350.027     23  12746.053    12747.185    12858.932
147  TPM3u+I+G4    6350.328     24  12748.656    12749.887    12866.442
148  TPM3u+R2      6355.495     24  12758.989    12760.220    12876.775
149  TPM3u+R3      6349.492     26  12750.985    12752.428    12878.586
150  TPM3u+R4      Skipped 
151  TPM3u+R5      Skipped 
152  TPM3u+R6      Skipped 
153  TPM3u+R7      Skipped 
154  TPM3u+R8      Skipped 
155  TPM3u+R9      Skipped 
156  TPM3u+R10     Skipped 
157  TIMe          6776.661     20  13593.323    13594.181    13691.478
158  TIMe+I        6537.885     21  13117.770    13118.715    13220.833
159  TIMe+G4       6471.115     21  12984.230    12985.175    13087.293
160  TIMe+I+G4     6471.345     22  12986.689    12987.725    13094.660
161  TIMe+R2       6475.936     22  12995.872    12996.907    13103.842
162  TIMe+R3       6470.524     24  12989.047    12990.278    13106.834
163  TIMe+R4       Skipped 
164  TIMe+R5       Skipped 
165  TIMe+R6       Skipped 
166  TIMe+R7       Skipped 
167  TIMe+R8       Skipped 
168  TIMe+R9       Skipped 
169  TIMe+R10      Skipped 
170  TIM           6660.101     23  13366.202    13367.333    13479.081
171  TIM+I         6428.392     24  12904.783    12906.014    13022.569
172  TIM+G4        6355.053     24  12758.107    12759.337    12875.893
173  TIM+I+G4      6355.425     25  12760.849    12762.184    12883.543
174  TIM+R2        6359.986     25  12769.972    12771.306    12892.666
175  TIM+R3        6354.635     27  12763.269    12764.825    12895.779
176  TIM+R4        Skipped 
177  TIM+R5        Skipped 
178  TIM+R6        Skipped 
179  TIM+R7        Skipped 
180  TIM+R8        Skipped 
181  TIM+R9        Skipped 
182  TIM+R10       Skipped 
183  TIM2e         6769.923     20  13579.847    13580.705    13678.002
184  TIM2e+I       6526.244     21  13094.489    13095.433    13197.551
185  TIM2e+G4      6450.857     21  12943.714    12944.658    13046.776
186  TIM2e+I+G4    6450.914     22  12945.828    12946.864    13053.799
187  TIM2e+R2      6459.486     22  12962.973    12964.009    13070.944
188  TIM2e+R3      6449.422     24  12946.845    12948.075    13064.631
189  TIM2e+R4      6449.335     26  12950.671    12952.114    13078.272
190  TIM2e+R5      Skipped 
191  TIM2e+R6      Skipped 
192  TIM2e+R7      Skipped 
193  TIM2e+R8      Skipped 
194  TIM2e+R9      Skipped 
195  TIM2e+R10     Skipped 
196  TIM2          6671.355     23  13388.709    13389.840    13501.588
197  TIM2+I        6437.079     24  12922.157    12923.388    13039.944
198  TIM2+G4       6367.909     24  12783.819    12785.049    12901.605
199  TIM2+I+G4     6368.085     25  12786.171    12787.506    12908.865
200  TIM2+R2       6373.201     25  12796.402    12797.737    12919.096
201  TIM2+R3       6367.383     27  12788.765    12790.321    12921.274
202  TIM2+R4       Skipped 
203  TIM2+R5       Skipped 
204  TIM2+R6       Skipped 
205  TIM2+R7       Skipped 
206  TIM2+R8       Skipped 
207  TIM2+R9       Skipped 
208  TIM2+R10      Skipped 
209  TIM3e         6771.481     20  13582.961    13583.819    13681.116
210  TIM3e+I       6537.195     21  13116.390    13117.335    13219.453
211  TIM3e+G4      6471.402     21  12984.803    12985.748    13087.866
212  TIM3e+I+G4    6471.610     22  12987.220    12988.256    13095.191
213  TIM3e+R2      6476.274     22  12996.548    12997.584    13104.518
214  TIM3e+R3      6470.861     24  12989.721    12990.952    13107.507
215  TIM3e+R4      Skipped 
216  TIM3e+R5      Skipped 
217  TIM3e+R6      Skipped 
218  TIM3e+R7      Skipped 
219  TIM3e+R8      Skipped 
220  TIM3e+R9      Skipped 
221  TIM3e+R10     Skipped 
222  TIM3          6648.828     23  13343.655    13344.786    13456.533
223  TIM3+I        6424.223     24  12896.447    12897.677    13014.233
224  TIM3+G4       6349.239     24  12746.477    12747.708    12864.263
225  TIM3+I+G4     6349.517     25  12749.033    12750.368    12871.727
226  TIM3+R2       6354.076     25  12758.152    12759.487    12880.846
227  TIM3+R3       6348.689     27  12751.378    12752.934    12883.888
228  TIM3+R4       Skipped 
229  TIM3+R5       Skipped 
230  TIM3+R6       Skipped 
231  TIM3+R7       Skipped 
232  TIM3+R8       Skipped 
233  TIM3+R9       Skipped 
234  TIM3+R10      Skipped 
235  TVMe          6758.086     21  13558.173    13559.118    13661.236
236  TVMe+I        6515.719     22  13075.439    13076.475    13183.410
237  TVMe+G4       6439.135     22  12922.270    12923.306    13030.241
238  TVMe+I+G4     6439.406     23  12924.811    12925.943    13037.690
239  TVMe+R2       6446.048     23  12938.096    12939.228    13050.975
240  TVMe+R3       6438.159     25  12926.318    12927.652    13049.011
241  TVMe+R4       6438.127     27  12930.253    12931.809    13062.762
242  TVMe+R5       Skipped 
243  TVMe+R6       Skipped 
244  TVMe+R7       Skipped 
245  TVMe+R8       Skipped 
246  TVMe+R9       Skipped 
247  TVMe+R10      Skipped 
248  TVM           6643.542     24  13335.084    13336.314    13452.870
249  TVM+I         6415.600     25  12881.199    12882.534    13003.893
250  TVM+G4        6339.844     25  12729.687    12731.022    12852.381
251  TVM+I+G4      6340.242     26  12732.484    12733.927    12860.086
252  TVM+R2        6344.501     26  12741.001    12742.444    12868.603
253  TVM+R3        6339.281     28  12734.562    12736.235    12871.979
254  TVM+R4        Skipped 
255  TVM+R5        Skipped 
256  TVM+R6        Skipped 
257  TVM+R7        Skipped 
258  TVM+R8        Skipped 
259  TVM+R9        Skipped 
260  TVM+R10       Skipped 
261  SYM           6755.489     22  13554.979    13556.015    13662.949
262  SYM+I         6512.493     23  13070.987    13072.118    13183.865
263  SYM+G4        6433.849     23  12913.698    12914.829    13026.576
264  SYM+I+G4      6434.020     24  12916.039    12917.270    13033.825
265  SYM+R2        6442.255     24  12932.509    12933.740    13050.295
266  SYM+R3        6432.629     26  12917.258    12918.701    13044.859
267  SYM+R4        6432.586     28  12921.173    12922.845    13058.590
268  SYM+R5        Skipped 
269  SYM+R6        Skipped 
270  SYM+R7        Skipped 
271  SYM+R8        Skipped 
272  SYM+R9        Skipped 
273  SYM+R10       Skipped 
274  GTR           6643.131     25  13336.263    13337.597    13458.957
275  GTR+I         6415.582     26  12883.164    12884.607    13010.765
276  GTR+G4        6338.981     26  12729.963    12731.406    12857.564
277  GTR+I+G4      6339.394     27  12732.789    12734.344    12865.298
278  GTR+R2        6343.163     27  12740.327    12741.882    12872.836
279  GTR+R3        6338.372     29  12734.744    12736.537    12877.069
280  GTR+R4        Skipped 
281  GTR+R5        Skipped 
282  GTR+R6        Skipped 
283  GTR+R7        Skipped 
284  GTR+R8        Skipped 
285  GTR+R9        Skipped 
286  GTR+R10       Skipped 
Akaike Information Criterion:           TVM+G4
Corrected Akaike Information Criterion: TVM+G4
Bayesian Information Criterion:         TVM+G4
Best-fit model: TVM+G4 chosen according to BIC

All model information printed to ./results/gene5.phy.model
CPU time for ModelFinder: 6.114 seconds (0h:0m:6s)
Wall-clock time for ModelFinder: 7.016 seconds (0h:0m:7s)
Generating 1000 samples for ultrafast bootstrap (seed: 515030)...

NOTE: 2 MB RAM (0 GB) is required!
Estimate model parameters (epsilon = 0.100)
1. Initial log-likelihood: -6590.352
2. Current log-likelihood: -6350.795
3. Current log-likelihood: -6342.570
4. Current log-likelihood: -6341.980
5. Current log-likelihood: -6341.724
Optimal log-likelihood: -6341.676
Rate parameters:  A-C: 2.664  A-G: 4.472  A-T: 0.613  C-G: 0.868  C-T: 4.472  G-T: 1.000
Base frequencies:   A: 0.395  C: 0.165  G: 0.205  T: 0.235
Gamma shape alpha: 0.481
Parameters optimization took 5 rounds (0.126 sec)
Computing ML distances based on estimated model parameters... 0.002 sec
Computing BIONJ tree...
0.000 seconds
Log-likelihood of BIONJ tree: -6334.344
--------------------------------------------------------------------
|             INITIALIZING CANDIDATE TREE SET                      |
--------------------------------------------------------------------
Generating 98 parsimony trees... 0.070 second
Computing log-likelihood of 96 initial trees ... 0.414 seconds
Current best score: -6334.344

Do NNI search on 20 best initial trees
Estimate model parameters (epsilon = 0.100)
BETTER TREE FOUND at iteration 1: -6328.453
BETTER TREE FOUND at iteration 3: -6328.452
UPDATE BEST LOG-LIKELIHOOD: -6328.452
WARNING: NNI search needs unusual large number of steps (7) to converge!
Iteration 10 / LogL: -6334.268 / Time: 0h:0m:8s
Iteration 20 / LogL: -6328.452 / Time: 0h:0m:9s
Finish initializing candidate tree set (5)
Current best tree score: -6328.452 / CPU time: 2.047
Number of iterations: 20
--------------------------------------------------------------------
|               OPTIMIZING CANDIDATE TREE SET                      |
--------------------------------------------------------------------
Iteration 30 / LogL: -6328.452 / Time: 0h:0m:9s (0h:0m:7s left)
Iteration 40 / LogL: -6328.452 / Time: 0h:0m:10s (0h:0m:5s left)
WARNING: NNI search needs unusual large number of steps (7) to converge!
Iteration 50 / LogL: -6328.452 / Time: 0h:0m:10s (0h:0m:4s left)
Log-likelihood cutoff on original alignment: -6341.138
UPDATE BEST LOG-LIKELIHOOD: -6328.452
Iteration 60 / LogL: -6328.452 / Time: 0h:0m:11s (0h:0m:3s left)
UPDATE BEST LOG-LIKELIHOOD: -6328.452
WARNING: NNI search needs unusual large number of steps (7) to converge!
Iteration 70 / LogL: -6328.452 / Time: 0h:0m:11s (0h:0m:2s left)
Iteration 80 / LogL: -6328.452 / Time: 0h:0m:12s (0h:0m:1s left)
Iteration 90 / LogL: -6332.507 / Time: 0h:0m:12s (0h:0m:0s left)
Iteration 100 / LogL: -6328.452 / Time: 0h:0m:13s (0h:0m:0s left)
Log-likelihood cutoff on original alignment: -6341.138
NOTE: Bootstrap correlation coefficient of split occurrence frequencies: 0.996
TREE SEARCH COMPLETED AFTER 104 ITERATIONS / Time: 0h:0m:13s

--------------------------------------------------------------------
|                    FINALIZING TREE SEARCH                        |
--------------------------------------------------------------------
Performs final model parameters optimization
Estimate model parameters (epsilon = 0.010)
1. Initial log-likelihood: -6328.452
2. Current log-likelihood: -6328.440
3. Current log-likelihood: -6328.428
Optimal log-likelihood: -6328.421
Rate parameters:  A-C: 2.638  A-G: 4.544  A-T: 0.637  C-G: 0.963  C-T: 4.544  G-T: 1.000
Base frequencies:   A: 0.395  C: 0.165  G: 0.205  T: 0.235
Gamma shape alpha: 0.489
Parameters optimization took 3 rounds (0.018 sec)
BEST SCORE FOUND : -6328.421
Creating bootstrap support values...
Split supports printed to NEXUS file ./results/gene5.phy.splits.nex
Total tree length: 2.271

Total number of iterations: 104
CPU time used for tree search: 5.162 sec (0h:0m:5s)
Wall-clock time used for tree search: 6.428 sec (0h:0m:6s)
Total CPU time used: 11.439 sec (0h:0m:11s)
Total wall-clock time used: 13.645 sec (0h:0m:13s)

Computing bootstrap consensus tree...
Reading input file ./results/gene5.phy.splits.nex...
10 taxa and 134 splits.
Consensus tree written to ./results/gene5.phy.contree
Reading input trees file ./results/gene5.phy.contree
Log-likelihood of consensus tree: -6328.421

Analysis results written to: 
  IQ-TREE report:                ./results/gene5.phy.iqtree
  Maximum-likelihood tree:       ./results/gene5.phy.treefile
  Likelihood distances:          ./results/gene5.phy.mldist

Ultrafast bootstrap approximation results written to:
  Split support values:          ./results/gene5.phy.splits.nex
  Consensus tree:                ./results/gene5.phy.contree
  Screen log file:               ./results/gene5.phy.log

Date and Time: Tue Aug 22 18:22:21 2017
