IQ-TREE multicore version 1.5.4 for Linux 64-bit built Apr  2 2017
Copyright (c) 2011-2017 by Bui Quang Minh, Nguyen Lam Tung,
Olga Chernomor, Heiko Schmidt, and Arndt von Haeseler.

Host:    hpc-crick (AVX, 251 GB RAM)
Command: iqtree -s ./results/gene1.phy -nt 1 -bb 1000
Seed:    363382 (Using SPRNG - Scalable Parallel Random Number Generator)
Time:    Tue Aug 22 18:25:55 2017
Kernel:  AVX - 1 threads (40 CPU cores detected)

Reading alignment file ./results/gene1.phy ... Phylip format detected
Alignment most likely contains DNA/RNA sequences
Alignment has 10 sequences with 1000 columns and 481 patterns (335 informative sites, 388 constant sites)
   Gap/Ambiguity  Composition  p-value
   1  A    0.00%    passed     91.93%
   2  B    0.00%    passed     71.03%
   3  C    0.00%    passed     97.76%
   4  D    0.00%    passed     88.65%
   5  E    0.00%    passed     42.84%
   6  F    0.00%    passed     63.85%
   7  G    0.00%    passed     98.65%
   8  H    0.00%    passed     64.75%
   9  I    0.00%    passed     97.69%
  10  J    0.00%    passed     84.65%
****  TOTAL    0.00%  0 sequences failed composition chi2 test (p-value<5%; df=3)

Create initial parsimony tree by phylogenetic likelihood library (PLL)... 0.000 seconds

NOTE: ModelFinder requires 3 MB RAM!
ModelFinder will test 286 DNA models (sample size: 1000) ...
 No. Model         -LnL         df  AIC          AICc         BIC
  1  JC            7509.971     17  15053.943    15054.566    15137.375
  2  JC+I          7273.277     18  14582.554    14583.251    14670.893
  3  JC+G4         7209.908     18  14455.816    14456.513    14544.155
  4  JC+I+G4       7210.327     19  14458.653    14459.429    14551.901
  5  JC+R2         7213.584     19  14465.168    14465.944    14558.416
  6  JC+R3         7209.905     21  14461.810    14462.754    14564.873
  7  JC+R4         Skipped 
  8  JC+R5         Skipped 
  9  JC+R6         Skipped 
 10  JC+R7         Skipped 
 11  JC+R8         Skipped 
 12  JC+R9         Skipped 
 13  JC+R10        Skipped 
 14  F81           7418.077     20  14876.154    14877.012    14974.309
 15  F81+I         7183.292     21  14408.584    14409.529    14511.647
 16  F81+G4        7113.907     21  14269.813    14270.758    14372.876
 17  F81+I+G4      7114.433     22  14272.867    14273.903    14380.837
 18  F81+R2        7117.611     22  14279.222    14280.258    14387.193
 19  F81+R3        7113.854     24  14275.708    14276.939    14393.494
 20  F81+R4        Skipped 
 21  F81+R5        Skipped 
 22  F81+R6        Skipped 
 23  F81+R7        Skipped 
 24  F81+R8        Skipped 
 25  F81+R9        Skipped 
 26  F81+R10       Skipped 
 27  K2P           7379.268     18  14794.537    14795.234    14882.877
 28  K2P+I         7133.593     19  14305.186    14305.962    14398.433
 29  K2P+G4        7059.620     19  14157.240    14158.016    14250.487
 30  K2P+I+G4      7060.044     20  14160.089    14160.947    14258.244
 31  K2P+R2        7064.184     20  14168.368    14169.226    14266.523
 32  K2P+R3        7059.580     22  14163.161    14164.197    14271.132
 33  K2P+R4        Skipped 
 34  K2P+R5        Skipped 
 35  K2P+R6        Skipped 
 36  K2P+R7        Skipped 
 37  K2P+R8        Skipped 
 38  K2P+R9        Skipped 
 39  K2P+R10       Skipped 
 40  HKY           7266.044     21  14574.088    14575.033    14677.151
 41  HKY+I         7018.880     22  14081.761    14082.797    14189.732
 42  HKY+G4        6936.675     22  13917.350    13918.386    14025.321
 43  HKY+I+G4      6936.991     23  13919.981    13921.113    14032.860
 44  HKY+R2        6942.543     23  13931.085    13932.216    14043.964
 45  HKY+R3        6936.636     25  13923.273    13924.607    14045.967
 46  HKY+R4        Skipped 
 47  HKY+R5        Skipped 
 48  HKY+R6        Skipped 
 49  HKY+R7        Skipped 
 50  HKY+R8        Skipped 
 51  HKY+R9        Skipped 
 52  HKY+R10       Skipped 
 53  TNe           7379.247     19  14796.494    14797.269    14889.741
 54  TNe+I         7132.299     20  14304.597    14305.455    14402.752
 55  TNe+G4        7057.914     20  14155.829    14156.687    14253.984
 56  TNe+I+G4      7058.146     21  14158.292    14159.236    14261.354
 57  TNe+R2        7063.513     21  14169.027    14169.972    14272.090
 58  TNe+R3        7057.717     23  14161.434    14162.565    14274.312
 59  TNe+R4        Skipped 
 60  TNe+R5        Skipped 
 61  TNe+R6        Skipped 
 62  TNe+R7        Skipped 
 63  TNe+R8        Skipped 
 64  TNe+R9        Skipped 
 65  TNe+R10       Skipped 
 66  TN            7263.330     22  14570.660    14571.695    14678.630
 67  TN+I          7018.837     23  14083.675    14084.806    14196.553
 68  TN+G4         6936.699     23  13919.399    13920.530    14032.277
 69  TN+I+G4       6936.926     24  13921.852    13923.083    14039.638
 70  TN+R2         6941.936     24  13931.872    13933.103    14049.658
 71  TN+R3         6936.475     26  13924.950    13926.393    14052.551
 72  TN+R4         Skipped 
 73  TN+R5         Skipped 
 74  TN+R6         Skipped 
 75  TN+R7         Skipped 
 76  TN+R8         Skipped 
 77  TN+R9         Skipped 
 78  TN+R10        Skipped 
 79  K3P           7374.938     19  14787.875    14788.651    14881.123
 80  K3P+I         7128.243     20  14296.485    14297.344    14394.641
 81  K3P+G4        7053.288     20  14146.576    14147.434    14244.731
 82  K3P+I+G4      7053.649     21  14149.297    14150.242    14252.360
 83  K3P+R2        7058.263     21  14158.526    14159.471    14261.589
 84  K3P+R3        7053.142     23  14152.284    14153.415    14265.162
 85  K3P+R4        Skipped 
 86  K3P+R5        Skipped 
 87  K3P+R6        Skipped 
 88  K3P+R7        Skipped 
 89  K3P+R8        Skipped 
 90  K3P+R9        Skipped 
 91  K3P+R10       Skipped 
 92  K3Pu          7249.957     22  14543.914    14544.950    14651.885
 93  K3Pu+I        7004.484     23  14054.967    14056.098    14167.845
 94  K3Pu+G4       6919.200     23  13884.400    13885.532    13997.279
 95  K3Pu+I+G4     6919.436     24  13886.872    13888.103    14004.658
 96  K3Pu+R2       6927.359     24  13902.718    13903.949    14020.504
 97  K3Pu+R3       6919.138     26  13890.276    13891.719    14017.877
 98  K3Pu+R4       6919.169     28  13894.338    13896.011    14031.756
 99  K3Pu+R5       Skipped 
100  K3Pu+R6       Skipped 
101  K3Pu+R7       Skipped 
102  K3Pu+R8       Skipped 
103  K3Pu+R9       Skipped 
104  K3Pu+R10      Skipped 
105  TPM2          7264.590     22  14573.181    14574.217    14681.151
106  TPM2+I        7017.665     23  14081.329    14082.460    14194.208
107  TPM2+G4       6936.485     23  13918.971    13920.102    14031.849
108  TPM2+I+G4     6936.747     24  13921.494    13922.725    14039.280
109  TPM2+R2       6942.150     24  13932.301    13933.531    14050.087
110  TPM2+R3       6936.789     26  13925.577    13927.020    14053.179
111  TPM2+R4       Skipped 
112  TPM2+R5       Skipped 
113  TPM2+R6       Skipped 
114  TPM2+R7       Skipped 
115  TPM2+R8       Skipped 
116  TPM2+R9       Skipped 
117  TPM2+R10      Skipped 
118  TPM2u         7264.639     22  14573.279    14574.315    14681.249
119  TPM2u+I       7017.653     23  14081.306    14082.437    14194.184
120  TPM2u+G4      6936.501     23  13919.003    13920.134    14031.881
121  TPM2u+I+G4    6936.745     24  13921.490    13922.720    14039.276
122  TPM2u+R2      6942.059     24  13932.117    13933.348    14049.903
123  TPM2u+R3      6936.318     26  13924.635    13926.078    14052.237
124  TPM2u+R4      Skipped 
125  TPM2u+R5      Skipped 
126  TPM2u+R6      Skipped 
127  TPM2u+R7      Skipped 
128  TPM2u+R8      Skipped 
129  TPM2u+R9      Skipped 
130  TPM2u+R10     Skipped 
131  TPM3          7236.637     22  14517.273    14518.309    14625.244
132  TPM3+I        7002.894     23  14051.788    14052.919    14164.666
133  TPM3+G4       6913.783     23  13873.566    13874.697    13986.444
134  TPM3+I+G4     6914.362     24  13876.725    13877.955    13994.511
135  TPM3+R2       6920.035     24  13888.070    13889.300    14005.856
136  TPM3+R3       6913.673     26  13879.345    13880.788    14006.947
137  TPM3+R4       Skipped 
138  TPM3+R5       Skipped 
139  TPM3+R6       Skipped 
140  TPM3+R7       Skipped 
141  TPM3+R8       Skipped 
142  TPM3+R9       Skipped 
143  TPM3+R10      Skipped 
144  TPM3u         7236.641     22  14517.283    14518.318    14625.253
145  TPM3u+I       7002.901     23  14051.802    14052.933    14164.680
146  TPM3u+G4      6913.789     23  13873.579    13874.710    13986.457
147  TPM3u+I+G4    6914.344     24  13876.688    13877.918    13994.474
148  TPM3u+R2      6920.033     24  13888.066    13889.297    14005.853
149  TPM3u+R3      6913.664     26  13879.328    13880.771    14006.930
150  TPM3u+R4      Skipped 
151  TPM3u+R5      Skipped 
152  TPM3u+R6      Skipped 
153  TPM3u+R7      Skipped 
154  TPM3u+R8      Skipped 
155  TPM3u+R9      Skipped 
156  TPM3u+R10     Skipped 
157  TIMe          7374.934     20  14789.867    14790.725    14888.022
158  TIMe+I        7126.945     21  14295.889    14296.834    14398.952
159  TIMe+G4       7051.548     21  14145.097    14146.041    14248.159
160  TIMe+I+G4     7051.639     22  14147.277    14148.313    14255.248
161  TIMe+R2       7057.542     22  14159.085    14160.120    14267.055
162  TIMe+R3       7051.324     24  14150.648    14151.878    14268.434
163  TIMe+R4       Skipped 
164  TIMe+R5       Skipped 
165  TIMe+R6       Skipped 
166  TIMe+R7       Skipped 
167  TIMe+R8       Skipped 
168  TIMe+R9       Skipped 
169  TIMe+R10      Skipped 
170  TIM           7247.069     23  14540.137    14541.268    14653.015
171  TIM+I         7004.463     24  14056.926    14058.157    14174.712
172  TIM+G4        6919.353     24  13886.707    13887.938    14004.493
173  TIM+I+G4      6919.323     25  13888.646    13889.981    14011.340
174  TIM+R2        6927.040     25  13904.079    13905.414    14026.773
175  TIM+R3        6919.065     27  13892.130    13893.685    14024.639
176  TIM+R4        6919.065     29  13896.129    13897.923    14038.454
177  TIM+R5        Skipped 
178  TIM+R6        Skipped 
179  TIM+R7        Skipped 
180  TIM+R8        Skipped 
181  TIM+R9        Skipped 
182  TIM+R10       Skipped 
183  TIM2e         7364.535     20  14769.071    14769.929    14867.226
184  TIM2e+I       7115.826     21  14273.653    14274.598    14376.716
185  TIM2e+G4      7035.188     21  14112.377    14113.322    14215.440
186  TIM2e+I+G4    7035.233     22  14114.465    14115.501    14222.436
187  TIM2e+R2      7043.516     22  14131.032    14132.068    14239.003
188  TIM2e+R3      7034.450     24  14116.901    14118.132    14234.687
189  TIM2e+R4      7034.431     26  14120.862    14122.305    14248.464
190  TIM2e+R5      Skipped 
191  TIM2e+R6      Skipped 
192  TIM2e+R7      Skipped 
193  TIM2e+R8      Skipped 
194  TIM2e+R9      Skipped 
195  TIM2e+R10     Skipped 
196  TIM2          7261.697     23  14569.394    14570.526    14682.273
197  TIM2+I        7017.589     24  14083.178    14084.409    14200.964
198  TIM2+G4       6936.370     24  13920.740    13921.971    14038.526
199  TIM2+I+G4     6936.487     25  13922.974    13924.309    14045.668
200  TIM2+R2       6941.372     25  13932.744    13934.079    14055.438
201  TIM2+R3       6936.137     27  13926.274    13927.830    14058.784
202  TIM2+R4       Skipped 
203  TIM2+R5       Skipped 
204  TIM2+R6       Skipped 
205  TIM2+R7       Skipped 
206  TIM2+R8       Skipped 
207  TIM2+R9       Skipped 
208  TIM2+R10      Skipped 
209  TIM3e         7371.800     20  14783.600    14784.458    14881.755
210  TIM3e+I       7128.269     21  14298.538    14299.483    14401.601
211  TIM3e+G4      7052.804     21  14147.609    14148.554    14250.672
212  TIM3e+I+G4    7052.962     22  14149.924    14150.960    14257.895
213  TIM3e+R2      7058.626     22  14161.252    14162.288    14269.223
214  TIM3e+R3      7052.622     24  14153.245    14154.475    14271.031
215  TIM3e+R4      Skipped 
216  TIM3e+R5      Skipped 
217  TIM3e+R6      Skipped 
218  TIM3e+R7      Skipped 
219  TIM3e+R8      Skipped 
220  TIM3e+R9      Skipped 
221  TIM3e+R10     Skipped 
222  TIM3          7232.294     23  14510.588    14511.719    14623.466
223  TIM3+I        7002.857     24  14053.713    14054.944    14171.499
224  TIM3+G4       6913.130     24  13874.261    13875.491    13992.047
225  TIM3+I+G4     6913.735     25  13877.470    13878.805    14000.164
226  TIM3+R2       6918.455     25  13886.910    13888.245    14009.604
227  TIM3+R3       6912.808     27  13879.617    13881.172    14012.126
228  TIM3+R4       Skipped 
229  TIM3+R5       Skipped 
230  TIM3+R6       Skipped 
231  TIM3+R7       Skipped 
232  TIM3+R8       Skipped 
233  TIM3+R9       Skipped 
234  TIM3+R10      Skipped 
235  TVMe          7355.236     21  14752.472    14753.417    14855.535
236  TVMe+I        7108.956     22  14261.912    14262.948    14369.883
237  TVMe+G4       7028.089     22  14100.178    14101.214    14208.149
238  TVMe+I+G4     7028.273     23  14102.546    14103.678    14215.425
239  TVMe+R2       7035.409     23  14116.818    14117.950    14229.697
240  TVMe+R3       7027.586     25  14105.171    14106.506    14227.865
241  TVMe+R4       7027.578     27  14109.156    14110.712    14241.665
242  TVMe+R5       Skipped 
243  TVMe+R6       Skipped 
244  TVMe+R7       Skipped 
245  TVMe+R8       Skipped 
246  TVMe+R9       Skipped 
247  TVMe+R10      Skipped 
248  TVM           7230.609     24  14509.218    14510.448    14627.004
249  TVM+I         6995.729     25  14041.458    14042.793    14164.152
250  TVM+G4        6906.708     25  13863.416    13864.750    13986.109
251  TVM+I+G4      6907.092     26  13866.183    13867.626    13993.785
252  TVM+R2        6914.124     26  13880.249    13881.692    14007.850
253  TVM+R3        6906.422     28  13868.844    13870.517    14006.261
254  TVM+R4        6906.408     30  13872.815    13874.735    14020.048
255  TVM+R5        Skipped 
256  TVM+R6        Skipped 
257  TVM+R7        Skipped 
258  TVM+R8        Skipped 
259  TVM+R9        Skipped 
260  TVM+R10       Skipped 
261  SYM           7355.273     22  14754.546    14755.582    14862.517
262  SYM+I         7107.581     23  14261.163    14262.294    14374.041
263  SYM+G4        7025.125     23  14096.250    14097.381    14209.128
264  SYM+I+G4      7025.195     24  14098.390    14099.620    14216.176
265  SYM+R2        7034.140     24  14116.281    14117.512    14234.067
266  SYM+R3        7024.335     26  14100.670    14102.113    14228.272
267  SYM+R4        7024.319     28  14104.639    14106.311    14242.056
268  SYM+R5        Skipped 
269  SYM+R6        Skipped 
270  SYM+R7        Skipped 
271  SYM+R8        Skipped 
272  SYM+R9        Skipped 
273  SYM+R10       Skipped 
274  GTR           7226.137     25  14502.273    14503.608    14624.967
275  GTR+I         6995.691     26  14043.382    14044.825    14170.983
276  GTR+G4        6906.000     26  13864.000    13865.442    13991.601
277  GTR+I+G4      6906.416     27  13866.832    13868.388    13999.341
278  GTR+R2        6912.557     27  13879.114    13880.670    14011.623
279  GTR+R3        6905.629     29  13869.258    13871.052    14011.583
280  GTR+R4        6905.626     31  13873.253    13875.302    14025.393
281  GTR+R5        Skipped 
282  GTR+R6        Skipped 
283  GTR+R7        Skipped 
284  GTR+R8        Skipped 
285  GTR+R9        Skipped 
286  GTR+R10       Skipped 
Akaike Information Criterion:           TVM+G4
Corrected Akaike Information Criterion: TVM+G4
Bayesian Information Criterion:         TVM+G4
Best-fit model: TVM+G4 chosen according to BIC

All model information printed to ./results/gene1.phy.model
CPU time for ModelFinder: 6.284 seconds (0h:0m:6s)
Wall-clock time for ModelFinder: 8.790 seconds (0h:0m:8s)
Generating 1000 samples for ultrafast bootstrap (seed: 363382)...

NOTE: 2 MB RAM (0 GB) is required!
Estimate model parameters (epsilon = 0.100)
1. Initial log-likelihood: -7167.732
2. Current log-likelihood: -6914.813
3. Current log-likelihood: -6907.533
4. Current log-likelihood: -6906.877
5. Current log-likelihood: -6906.757
Optimal log-likelihood: -6906.654
Rate parameters:  A-C: 2.545  A-G: 4.700  A-T: 0.589  C-G: 1.307  C-T: 4.700  G-T: 1.000
Base frequencies:   A: 0.389  C: 0.160  G: 0.183  T: 0.269
Gamma shape alpha: 0.537
Parameters optimization took 5 rounds (0.095 sec)
Computing ML distances based on estimated model parameters... 0.001 sec
Computing BIONJ tree...
0.000 seconds
Log-likelihood of BIONJ tree: -6891.354
--------------------------------------------------------------------
|             INITIALIZING CANDIDATE TREE SET                      |
--------------------------------------------------------------------
Generating 98 parsimony trees... 0.061 second
Computing log-likelihood of 95 initial trees ... 0.333 seconds
Current best score: -6891.354

Do NNI search on 20 best initial trees
Estimate model parameters (epsilon = 0.100)
BETTER TREE FOUND at iteration 1: -6890.914
Iteration 10 / LogL: -6891.038 / Time: 0h:0m:9s
Iteration 20 / LogL: -6890.956 / Time: 0h:0m:10s
Finish initializing candidate tree set (2)
Current best tree score: -6890.914 / CPU time: 1.127
Number of iterations: 20
--------------------------------------------------------------------
|               OPTIMIZING CANDIDATE TREE SET                      |
--------------------------------------------------------------------
UPDATE BEST LOG-LIKELIHOOD: -6890.914
Iteration 30 / LogL: -6890.967 / Time: 0h:0m:10s (0h:0m:3s left)
Iteration 40 / LogL: -6890.934 / Time: 0h:0m:10s (0h:0m:2s left)
Iteration 50 / LogL: -6905.947 / Time: 0h:0m:10s (0h:0m:2s left)
Log-likelihood cutoff on original alignment: -6913.608
Iteration 60 / LogL: -6891.007 / Time: 0h:0m:11s (0h:0m:1s left)
Iteration 70 / LogL: -6906.023 / Time: 0h:0m:11s (0h:0m:1s left)
Iteration 80 / LogL: -6905.955 / Time: 0h:0m:11s (0h:0m:0s left)
Iteration 90 / LogL: -6890.915 / Time: 0h:0m:12s (0h:0m:0s left)
Iteration 100 / LogL: -6905.947 / Time: 0h:0m:12s (0h:0m:0s left)
Log-likelihood cutoff on original alignment: -6913.608
NOTE: Bootstrap correlation coefficient of split occurrence frequencies: 0.999
TREE SEARCH COMPLETED AFTER 102 ITERATIONS / Time: 0h:0m:12s

--------------------------------------------------------------------
|                    FINALIZING TREE SEARCH                        |
--------------------------------------------------------------------
Performs final model parameters optimization
Estimate model parameters (epsilon = 0.010)
1. Initial log-likelihood: -6890.914
Optimal log-likelihood: -6890.907
Rate parameters:  A-C: 2.561  A-G: 4.711  A-T: 0.577  C-G: 1.257  C-T: 4.711  G-T: 1.000
Base frequencies:   A: 0.389  C: 0.160  G: 0.183  T: 0.269
Gamma shape alpha: 0.535
Parameters optimization took 1 rounds (0.005 sec)
BEST SCORE FOUND : -6890.907
Creating bootstrap support values...
Split supports printed to NEXUS file ./results/gene1.phy.splits.nex
Total tree length: 2.687

Total number of iterations: 102
CPU time used for tree search: 3.670 sec (0h:0m:3s)
Wall-clock time used for tree search: 3.695 sec (0h:0m:3s)
Total CPU time used: 10.079 sec (0h:0m:10s)
Total wall-clock time used: 12.635 sec (0h:0m:12s)

Computing bootstrap consensus tree...
Reading input file ./results/gene1.phy.splits.nex...
10 taxa and 82 splits.
Consensus tree written to ./results/gene1.phy.contree
Reading input trees file ./results/gene1.phy.contree
Log-likelihood of consensus tree: -6890.907

Analysis results written to: 
  IQ-TREE report:                ./results/gene1.phy.iqtree
  Maximum-likelihood tree:       ./results/gene1.phy.treefile
  Likelihood distances:          ./results/gene1.phy.mldist

Ultrafast bootstrap approximation results written to:
  Split support values:          ./results/gene1.phy.splits.nex
  Consensus tree:                ./results/gene1.phy.contree
  Screen log file:               ./results/gene1.phy.log

Date and Time: Tue Aug 22 18:26:08 2017
