IQ-TREE multicore version 1.5.4 for Linux 64-bit built Apr  2 2017
Copyright (c) 2011-2017 by Bui Quang Minh, Nguyen Lam Tung,
Olga Chernomor, Heiko Schmidt, and Arndt von Haeseler.

Host:    hpc-crick (AVX, 251 GB RAM)
Command: iqtree -s ./results/gene7.phy -nt 1 -bb 1000
Seed:    803400 (Using SPRNG - Scalable Parallel Random Number Generator)
Time:    Tue Aug 22 17:28:39 2017
Kernel:  AVX - 1 threads (40 CPU cores detected)

Reading alignment file ./results/gene7.phy ... Phylip format detected
Alignment most likely contains DNA/RNA sequences
Alignment has 10 sequences with 1000 columns and 540 patterns (378 informative sites, 348 constant sites)
   Gap/Ambiguity  Composition  p-value
   1  A    0.00%    passed     78.36%
   2  B    0.00%    passed     89.42%
   3  C    0.00%    passed     46.45%
   4  D    0.00%    passed     95.41%
   5  E    0.00%    passed     82.29%
   6  F    0.00%    passed     96.56%
   7  G    0.00%    passed     17.87%
   8  H    0.00%    passed     65.87%
   9  I    0.00%    passed     79.47%
  10  J    0.00%    passed     71.93%
****  TOTAL    0.00%  0 sequences failed composition chi2 test (p-value<5%; df=3)

Create initial parsimony tree by phylogenetic likelihood library (PLL)... 0.001 seconds

NOTE: ModelFinder requires 3 MB RAM!
ModelFinder will test 286 DNA models (sample size: 1000) ...
 No. Model         -LnL         df  AIC          AICc         BIC
  1  JC            8097.042     17  16228.083    16228.706    16311.515
  2  JC+I          7843.823     18  15723.646    15724.343    15811.985
  3  JC+G4         7791.332     18  15618.663    15619.361    15707.003
  4  JC+I+G4       7788.625     19  15615.249    15616.025    15708.496
  5  JC+R2         7796.810     19  15631.619    15632.395    15724.866
  6  JC+R3         7788.397     21  15618.793    15619.738    15721.856
  7  JC+R4         7788.413     23  15622.826    15623.957    15735.705
  8  JC+R5         Skipped 
  9  JC+R6         Skipped 
 10  JC+R7         Skipped 
 11  JC+R8         Skipped 
 12  JC+R9         Skipped 
 13  JC+R10        Skipped 
 14  F81           7980.513     20  16001.025    16001.883    16099.180
 15  F81+I         7725.255     21  15492.510    15493.455    15595.573
 16  F81+G4        7659.608     21  15361.216    15362.161    15464.279
 17  F81+I+G4      7657.828     22  15359.656    15360.692    15467.627
 18  F81+R2        7669.745     22  15383.490    15384.525    15491.460
 19  F81+R3        7656.879     24  15361.758    15362.989    15479.544
 20  F81+R4        7656.976     26  15365.952    15367.395    15493.554
 21  F81+R5        Skipped 
 22  F81+R6        Skipped 
 23  F81+R7        Skipped 
 24  F81+R8        Skipped 
 25  F81+R9        Skipped 
 26  F81+R10       Skipped 
 27  K2P           7981.730     18  15999.459    16000.156    16087.799
 28  K2P+I         7718.028     19  15474.055    15474.831    15567.302
 29  K2P+G4        7646.565     19  15331.131    15331.906    15424.378
 30  K2P+I+G4      7645.383     20  15330.767    15331.625    15428.922
 31  K2P+R2        7658.996     20  15357.992    15358.850    15456.147
 32  K2P+R3        7644.506     22  15333.012    15334.048    15440.983
 33  K2P+R4        7644.577     24  15337.155    15338.385    15454.941
 34  K2P+R5        Skipped 
 35  K2P+R6        Skipped 
 36  K2P+R7        Skipped 
 37  K2P+R8        Skipped 
 38  K2P+R9        Skipped 
 39  K2P+R10       Skipped 
 40  HKY           7856.373     21  15754.746    15755.691    15857.809
 41  HKY+I         7588.135     22  15220.270    15221.306    15328.240
 42  HKY+G4        7500.746     22  15045.493    15046.528    15153.463
 43  HKY+I+G4      7499.960     23  15045.920    15047.051    15158.798
 44  HKY+R2        7518.285     23  15082.570    15083.701    15195.448
 45  HKY+R3        7499.055     25  15048.110    15049.444    15170.804
 46  HKY+R4        7499.056     27  15052.112    15053.667    15184.621
 47  HKY+R5        Skipped 
 48  HKY+R6        Skipped 
 49  HKY+R7        Skipped 
 50  HKY+R8        Skipped 
 51  HKY+R9        Skipped 
 52  HKY+R10       Skipped 
 53  TNe           7980.485     19  15998.970    15999.745    16092.217
 54  TNe+I         7714.760     20  15469.521    15470.379    15567.676
 55  TNe+G4        7640.863     20  15321.726    15322.584    15419.881
 56  TNe+I+G4      7639.603     21  15321.207    15322.152    15424.270
 57  TNe+R2        7653.924     21  15349.848    15350.793    15452.911
 58  TNe+R3        7638.945     23  15323.890    15325.021    15436.768
 59  TNe+R4        7638.948     25  15327.897    15329.232    15450.591
 60  TNe+R5        Skipped 
 61  TNe+R6        Skipped 
 62  TNe+R7        Skipped 
 63  TNe+R8        Skipped 
 64  TNe+R9        Skipped 
 65  TNe+R10       Skipped 
 66  TN            7855.615     22  15755.231    15756.267    15863.202
 67  TN+I          7588.121     23  15222.243    15223.374    15335.121
 68  TN+G4         7500.743     23  15047.487    15048.618    15160.365
 69  TN+I+G4       7499.907     24  15047.814    15049.045    15165.600
 70  TN+R2         7518.295     24  15084.591    15085.822    15202.377
 71  TN+R3         7499.013     26  15050.026    15051.469    15177.627
 72  TN+R4         7499.052     28  15054.105    15055.777    15191.522
 73  TN+R5         Skipped 
 74  TN+R6         Skipped 
 75  TN+R7         Skipped 
 76  TN+R8         Skipped 
 77  TN+R9         Skipped 
 78  TN+R10        Skipped 
 79  K3P           7976.897     19  15991.793    15992.569    16085.040
 80  K3P+I         7712.242     20  15464.484    15465.342    15562.639
 81  K3P+G4        7639.033     20  15318.066    15318.924    15416.222
 82  K3P+I+G4      7637.873     21  15317.745    15318.690    15420.808
 83  K3P+R2        7651.683     21  15345.365    15346.310    15448.428
 84  K3P+R3        7637.099     23  15320.197    15321.329    15433.076
 85  K3P+R4        7637.188     25  15324.376    15325.710    15447.069
 86  K3P+R5        Skipped 
 87  K3P+R6        Skipped 
 88  K3P+R7        Skipped 
 89  K3P+R8        Skipped 
 90  K3P+R9        Skipped 
 91  K3P+R10       Skipped 
 92  K3Pu          7843.663     22  15731.325    15732.361    15839.296
 93  K3Pu+I        7575.168     23  15196.337    15197.468    15309.215
 94  K3Pu+G4       7486.255     23  15018.510    15019.641    15131.388
 95  K3Pu+I+G4     7485.439     24  15018.879    15020.110    15136.665
 96  K3Pu+R2       7504.298     24  15056.596    15057.827    15174.382
 97  K3Pu+R3       7484.628     26  15021.257    15022.700    15148.859
 98  K3Pu+R4       7484.679     28  15025.358    15027.030    15162.775
 99  K3Pu+R5       Skipped 
100  K3Pu+R6       Skipped 
101  K3Pu+R7       Skipped 
102  K3Pu+R8       Skipped 
103  K3Pu+R9       Skipped 
104  K3Pu+R10      Skipped 
105  TPM2          7855.607     22  15755.213    15756.249    15863.184
106  TPM2+I        7587.188     23  15220.376    15221.507    15333.254
107  TPM2+G4       7500.734     23  15047.468    15048.599    15160.347
108  TPM2+I+G4     7499.862     24  15047.723    15048.954    15165.509
109  TPM2+R2       7518.221     24  15084.442    15085.672    15202.228
110  TPM2+R3       7499.040     26  15050.081    15051.524    15177.682
111  TPM2+R4       7499.048     28  15054.095    15055.768    15191.513
112  TPM2+R5       Skipped 
113  TPM2+R6       Skipped 
114  TPM2+R7       Skipped 
115  TPM2+R8       Skipped 
116  TPM2+R9       Skipped 
117  TPM2+R10      Skipped 
118  TPM2u         7855.590     22  15755.181    15756.217    15863.151
119  TPM2u+I       7587.186     23  15220.372    15221.503    15333.251
120  TPM2u+G4      7500.733     23  15047.466    15048.597    15160.345
121  TPM2u+I+G4    7499.851     24  15047.702    15048.933    15165.489
122  TPM2u+R2      7518.231     24  15084.462    15085.693    15202.248
123  TPM2u+R3      7499.050     26  15050.100    15051.543    15177.702
124  TPM2u+R4      7499.039     28  15054.077    15055.750    15191.494
125  TPM2u+R5      Skipped 
126  TPM2u+R6      Skipped 
127  TPM2u+R7      Skipped 
128  TPM2u+R8      Skipped 
129  TPM2u+R9      Skipped 
130  TPM2u+R10     Skipped 
131  TPM3          7842.021     22  15728.043    15729.078    15836.013
132  TPM3+I        7577.927     23  15201.854    15202.985    15314.732
133  TPM3+G4       7486.353     23  15018.706    15019.838    15131.585
134  TPM3+I+G4     7485.853     24  15019.706    15020.937    15137.492
135  TPM3+R2       7506.954     24  15061.908    15063.139    15179.695
136  TPM3+R3       7484.180     26  15020.359    15021.802    15147.961
137  TPM3+R4       7484.132     28  15024.265    15025.937    15161.682
138  TPM3+R5       Skipped 
139  TPM3+R6       Skipped 
140  TPM3+R7       Skipped 
141  TPM3+R8       Skipped 
142  TPM3+R9       Skipped 
143  TPM3+R10      Skipped 
144  TPM3u         7842.021     22  15728.043    15729.079    15836.013
145  TPM3u+I       7577.929     23  15201.858    15202.990    15314.737
146  TPM3u+G4      7486.345     23  15018.691    15019.822    15131.569
147  TPM3u+I+G4    7485.824     24  15019.648    15020.879    15137.435
148  TPM3u+R2      7506.963     24  15061.925    15063.156    15179.711
149  TPM3u+R3      7484.094     26  15020.187    15021.630    15147.789
150  TPM3u+R4      7484.131     28  15024.262    15025.934    15161.679
151  TPM3u+R5      Skipped 
152  TPM3u+R6      Skipped 
153  TPM3u+R7      Skipped 
154  TPM3u+R8      Skipped 
155  TPM3u+R9      Skipped 
156  TPM3u+R10     Skipped 
157  TIMe          7975.641     20  15991.283    15992.141    16089.438
158  TIMe+I        7708.957     21  15459.914    15460.859    15562.977
159  TIMe+G4       7633.220     21  15308.441    15309.385    15411.503
160  TIMe+I+G4     7632.046     22  15308.093    15309.128    15416.063
161  TIMe+R2       7646.423     22  15336.847    15337.882    15444.817
162  TIMe+R3       7631.554     24  15311.107    15312.338    15428.893
163  TIMe+R4       7631.518     26  15315.035    15316.478    15442.637
164  TIMe+R5       Skipped 
165  TIMe+R6       Skipped 
166  TIMe+R7       Skipped 
167  TIMe+R8       Skipped 
168  TIMe+R9       Skipped 
169  TIMe+R10      Skipped 
170  TIM           7842.878     23  15731.756    15732.887    15844.634
171  TIM+I         7575.155     24  15198.310    15199.541    15316.096
172  TIM+G4        7486.239     24  15020.478    15021.709    15138.265
173  TIM+I+G4      7485.374     25  15020.747    15022.082    15143.441
174  TIM+R2        7504.531     25  15059.063    15060.397    15181.756
175  TIM+R3        7484.639     27  15023.278    15024.833    15155.787
176  TIM+R4        7484.679     29  15027.358    15029.151    15169.683
177  TIM+R5        Skipped 
178  TIM+R6        Skipped 
179  TIM+R7        Skipped 
180  TIM+R8        Skipped 
181  TIM+R9        Skipped 
182  TIM+R10       Skipped 
183  TIM2e         7963.783     20  15967.566    15968.424    16065.721
184  TIM2e+I       7696.118     21  15434.236    15435.181    15537.299
185  TIM2e+G4      7614.667     21  15271.334    15272.278    15374.396
186  TIM2e+I+G4    7613.691     22  15271.382    15272.418    15379.353
187  TIM2e+R2      7630.513     22  15305.026    15306.062    15412.997
188  TIM2e+R3      7612.957     24  15273.914    15275.144    15391.700
189  TIM2e+R4      7612.911     26  15277.821    15279.264    15405.423
190  TIM2e+R5      Skipped 
191  TIM2e+R6      Skipped 
192  TIM2e+R7      Skipped 
193  TIM2e+R8      Skipped 
194  TIM2e+R9      Skipped 
195  TIM2e+R10     Skipped 
196  TIM2          7854.868     23  15755.736    15756.867    15868.615
197  TIM2+I        7587.172     24  15222.344    15223.575    15340.130
198  TIM2+G4       7500.729     24  15049.458    15050.689    15167.244
199  TIM2+I+G4     7499.817     25  15049.635    15050.970    15172.329
200  TIM2+R2       7518.203     25  15086.406    15087.741    15209.100
201  TIM2+R3       7499.031     27  15052.063    15053.618    15184.572
202  TIM2+R4       7499.041     29  15056.083    15057.877    15198.408
203  TIM2+R5       Skipped 
204  TIM2+R6       Skipped 
205  TIM2+R7       Skipped 
206  TIM2+R8       Skipped 
207  TIM2+R9       Skipped 
208  TIM2+R10      Skipped 
209  TIM3e         7975.532     20  15991.064    15991.922    16089.219
210  TIM3e+I       7711.084     21  15464.168    15465.113    15567.231
211  TIM3e+G4      7636.297     21  15314.594    15315.539    15417.657
212  TIM3e+I+G4    7635.053     22  15314.106    15315.142    15422.077
213  TIM3e+R2      7650.519     22  15345.038    15346.074    15453.009
214  TIM3e+R3      7634.204     24  15316.409    15317.639    15434.195
215  TIM3e+R4      7634.191     26  15320.382    15321.825    15447.984
216  TIM3e+R5      Skipped 
217  TIM3e+R6      Skipped 
218  TIM3e+R7      Skipped 
219  TIM3e+R8      Skipped 
220  TIM3e+R9      Skipped 
221  TIM3e+R10     Skipped 
222  TIM3          7840.737     23  15727.475    15728.606    15840.353
223  TIM3+I        7577.894     24  15203.788    15205.019    15321.574
224  TIM3+G4       7486.403     24  15020.807    15022.037    15138.593
225  TIM3+I+G4     7485.745     25  15021.491    15022.826    15144.185
226  TIM3+R2       7506.650     25  15063.299    15064.634    15185.993
227  TIM3+R3       7484.678     27  15023.357    15024.912    15155.866
228  TIM3+R4       7484.050     29  15026.100    15027.894    15168.425
229  TIM3+R5       Skipped 
230  TIM3+R6       Skipped 
231  TIM3+R7       Skipped 
232  TIM3+R8       Skipped 
233  TIM3+R9       Skipped 
234  TIM3+R10      Skipped 
235  TVMe          7957.157     21  15956.314    15957.259    16059.377
236  TVMe+I        7691.189     22  15426.378    15427.414    15534.349
237  TVMe+G4       7611.459     22  15266.918    15267.953    15374.888
238  TVMe+I+G4     7610.453     23  15266.906    15268.037    15379.784
239  TVMe+R2       7627.126     23  15300.253    15301.384    15413.131
240  TVMe+R3       7609.260     25  15268.520    15269.854    15391.213
241  TVMe+R4       7609.232     27  15272.465    15274.020    15404.974
242  TVMe+R5       Skipped 
243  TVMe+R6       Skipped 
244  TVMe+R7       Skipped 
245  TVMe+R8       Skipped 
246  TVMe+R9       Skipped 
247  TVMe+R10      Skipped 
248  TVM           7835.784     24  15719.568    15720.799    15837.354
249  TVM+I         7570.050     25  15190.099    15191.434    15312.793
250  TVM+G4        7478.988     25  15007.976    15009.311    15130.670
251  TVM+I+G4      7478.590     26  15009.181    15010.624    15136.782
252  TVM+R2        7498.897     26  15049.795    15051.238    15177.397
253  TVM+R3        7477.135     28  15010.269    15011.942    15147.686
254  TVM+R4        7477.164     30  15014.328    15016.247    15161.560
255  TVM+R5        Skipped 
256  TVM+R6        Skipped 
257  TVM+R7        Skipped 
258  TVM+R8        Skipped 
259  TVM+R9        Skipped 
260  TVM+R10       Skipped 
261  SYM           7956.047     22  15956.093    15957.129    16064.064
262  SYM+I         7688.128     23  15422.257    15423.388    15535.135
263  SYM+G4        7603.856     23  15253.712    15254.843    15366.591
264  SYM+I+G4      7602.951     24  15253.902    15255.133    15371.688
265  SYM+R2        7620.465     24  15288.930    15290.160    15406.716
266  SYM+R3        7602.111     26  15256.222    15257.665    15383.824
267  SYM+R4        7602.097     28  15260.193    15261.866    15397.610
268  SYM+R5        Skipped 
269  SYM+R6        Skipped 
270  SYM+R7        Skipped 
271  SYM+R8        Skipped 
272  SYM+R9        Skipped 
273  SYM+R10       Skipped 
274  GTR           7834.477     25  15718.954    15720.288    15841.647
275  GTR+I         7570.064     26  15192.129    15193.572    15319.730
276  GTR+G4        7479.056     26  15010.113    15011.556    15137.714
277  GTR+I+G4      7478.505     27  15011.011    15012.566    15143.520
278  GTR+R2        7498.901     27  15051.802    15053.357    15184.311
279  GTR+R3        7477.014     29  15012.029    15013.823    15154.354
280  GTR+R4        7477.005     31  15016.010    15018.059    15168.150
281  GTR+R5        Skipped 
282  GTR+R6        Skipped 
283  GTR+R7        Skipped 
284  GTR+R8        Skipped 
285  GTR+R9        Skipped 
286  GTR+R10       Skipped 
Akaike Information Criterion:           TVM+G4
Corrected Akaike Information Criterion: TVM+G4
Bayesian Information Criterion:         TVM+G4
Best-fit model: TVM+G4 chosen according to BIC

All model information printed to ./results/gene7.phy.model
CPU time for ModelFinder: 13.251 seconds (0h:0m:13s)
Wall-clock time for ModelFinder: 16.899 seconds (0h:0m:16s)
Generating 1000 samples for ultrafast bootstrap (seed: 803400)...

NOTE: 2 MB RAM (0 GB) is required!
Estimate model parameters (epsilon = 0.100)
1. Initial log-likelihood: -7707.158
2. Current log-likelihood: -7490.053
3. Current log-likelihood: -7481.376
4. Current log-likelihood: -7479.976
5. Current log-likelihood: -7479.703
Optimal log-likelihood: -7479.643
Rate parameters:  A-C: 2.110  A-G: 3.972  A-T: 0.606  C-G: 1.086  C-T: 3.972  G-T: 1.000
Base frequencies:   A: 0.402  C: 0.171  G: 0.194  T: 0.233
Gamma shape alpha: 0.552
Parameters optimization took 5 rounds (0.196 sec)
Computing ML distances based on estimated model parameters... 0.002 sec
Computing BIONJ tree...
0.000 seconds
Log-likelihood of BIONJ tree: -7480.938
--------------------------------------------------------------------
|             INITIALIZING CANDIDATE TREE SET                      |
--------------------------------------------------------------------
Generating 98 parsimony trees... 0.120 second
Computing log-likelihood of 94 initial trees ... 0.591 seconds
Current best score: -7479.643

Do NNI search on 20 best initial trees
Estimate model parameters (epsilon = 0.100)
BETTER TREE FOUND at iteration 1: -7475.018
Iteration 10 / LogL: -7475.020 / Time: 0h:0m:18s
Iteration 20 / LogL: -7475.020 / Time: 0h:0m:19s
Finish initializing candidate tree set (4)
Current best tree score: -7475.018 / CPU time: 2.076
Number of iterations: 20
--------------------------------------------------------------------
|               OPTIMIZING CANDIDATE TREE SET                      |
--------------------------------------------------------------------
Iteration 30 / LogL: -7475.027 / Time: 0h:0m:20s (0h:0m:7s left)
Iteration 40 / LogL: -7475.037 / Time: 0h:0m:20s (0h:0m:5s left)
Iteration 50 / LogL: -7475.018 / Time: 0h:0m:21s (0h:0m:4s left)
Log-likelihood cutoff on original alignment: -7486.159
UPDATE BEST LOG-LIKELIHOOD: -7475.018
Iteration 60 / LogL: -7479.070 / Time: 0h:0m:22s (0h:0m:3s left)
Iteration 70 / LogL: -7479.074 / Time: 0h:0m:22s (0h:0m:2s left)
Iteration 80 / LogL: -7475.021 / Time: 0h:0m:23s (0h:0m:1s left)
Iteration 90 / LogL: -7475.019 / Time: 0h:0m:24s (0h:0m:0s left)
Iteration 100 / LogL: -7475.025 / Time: 0h:0m:25s (0h:0m:0s left)
Log-likelihood cutoff on original alignment: -7487.545
NOTE: Bootstrap correlation coefficient of split occurrence frequencies: 0.997
TREE SEARCH COMPLETED AFTER 102 ITERATIONS / Time: 0h:0m:25s

--------------------------------------------------------------------
|                    FINALIZING TREE SEARCH                        |
--------------------------------------------------------------------
Performs final model parameters optimization
Estimate model parameters (epsilon = 0.010)
1. Initial log-likelihood: -7475.018
2. Current log-likelihood: -7475.001
3. Current log-likelihood: -7474.985
4. Current log-likelihood: -7474.974
5. Current log-likelihood: -7474.960
6. Current log-likelihood: -7474.949
Optimal log-likelihood: -7474.941
Rate parameters:  A-C: 2.024  A-G: 3.882  A-T: 0.579  C-G: 1.100  C-T: 3.882  G-T: 1.000
Base frequencies:   A: 0.402  C: 0.171  G: 0.194  T: 0.233
Gamma shape alpha: 0.555
Parameters optimization took 6 rounds (0.052 sec)
BEST SCORE FOUND : -7474.941
Creating bootstrap support values...
Split supports printed to NEXUS file ./results/gene7.phy.splits.nex
Total tree length: 3.242

Total number of iterations: 102
CPU time used for tree search: 6.316 sec (0h:0m:6s)
Wall-clock time used for tree search: 8.705 sec (0h:0m:8s)
Total CPU time used: 19.790 sec (0h:0m:19s)
Total wall-clock time used: 25.929 sec (0h:0m:25s)

Computing bootstrap consensus tree...
Reading input file ./results/gene7.phy.splits.nex...
10 taxa and 140 splits.
Consensus tree written to ./results/gene7.phy.contree
Reading input trees file ./results/gene7.phy.contree
Log-likelihood of consensus tree: -7474.941

Analysis results written to: 
  IQ-TREE report:                ./results/gene7.phy.iqtree
  Maximum-likelihood tree:       ./results/gene7.phy.treefile
  Likelihood distances:          ./results/gene7.phy.mldist

Ultrafast bootstrap approximation results written to:
  Split support values:          ./results/gene7.phy.splits.nex
  Consensus tree:                ./results/gene7.phy.contree
  Screen log file:               ./results/gene7.phy.log

Date and Time: Tue Aug 22 17:29:06 2017
