IQ-TREE multicore version 1.5.4 for Linux 64-bit built Apr  2 2017
Copyright (c) 2011-2017 by Bui Quang Minh, Nguyen Lam Tung,
Olga Chernomor, Heiko Schmidt, and Arndt von Haeseler.

Host:    hpc-crick (AVX, 251 GB RAM)
Command: iqtree -s ./results/gene6.phy -nt 1 -bb 1000
Seed:    703334 (Using SPRNG - Scalable Parallel Random Number Generator)
Time:    Tue Aug 22 17:29:28 2017
Kernel:  AVX - 1 threads (40 CPU cores detected)

Reading alignment file ./results/gene6.phy ... Phylip format detected
Alignment most likely contains DNA/RNA sequences
Alignment has 10 sequences with 1000 columns and 537 patterns (375 informative sites, 356 constant sites)
   Gap/Ambiguity  Composition  p-value
   1  A    0.00%    passed     99.17%
   2  B    0.00%    passed     89.57%
   3  C    0.00%    passed     83.31%
   4  D    0.00%    passed     88.67%
   5  E    0.00%    passed     92.50%
   6  F    0.00%    passed     89.28%
   7  G    0.00%    passed     89.74%
   8  H    0.00%    passed     80.21%
   9  I    0.00%    passed     94.31%
  10  J    0.00%    passed     92.37%
****  TOTAL    0.00%  0 sequences failed composition chi2 test (p-value<5%; df=3)

Create initial parsimony tree by phylogenetic likelihood library (PLL)... 0.000 seconds

NOTE: ModelFinder requires 3 MB RAM!
ModelFinder will test 286 DNA models (sample size: 1000) ...
 No. Model         -LnL         df  AIC          AICc         BIC
  1  JC            8097.759     17  16229.518    16230.141    16312.949
  2  JC+I          7828.849     18  15693.698    15694.395    15782.038
  3  JC+G4         7753.715     18  15543.429    15544.127    15631.769
  4  JC+I+G4       7753.393     19  15544.786    15545.562    15638.034
  5  JC+R2         7766.258     19  15570.516    15571.291    15663.763
  6  JC+R3         7752.264     21  15546.528    15547.473    15649.591
  7  JC+R4         7752.153     23  15550.305    15551.436    15663.183
  8  JC+R5         Skipped 
  9  JC+R6         Skipped 
 10  JC+R7         Skipped 
 11  JC+R8         Skipped 
 12  JC+R9         Skipped 
 13  JC+R10        Skipped 
 14  F81           7974.822     20  15989.644    15990.502    16087.799
 15  F81+I         7706.038     21  15454.076    15455.020    15557.139
 16  F81+G4        7616.534     21  15275.067    15276.012    15378.130
 17  F81+I+G4      7616.792     22  15277.584    15278.620    15385.554
 18  F81+R2        7630.181     22  15304.361    15305.397    15412.332
 19  F81+R3        7615.647     24  15279.294    15280.525    15397.080
 20  F81+R4        7615.586     26  15283.173    15284.615    15410.774
 21  F81+R5        Skipped 
 22  F81+R6        Skipped 
 23  F81+R7        Skipped 
 24  F81+R8        Skipped 
 25  F81+R9        Skipped 
 26  F81+R10       Skipped 
 27  K2P           7974.324     18  15984.647    15985.344    16072.987
 28  K2P+I         7693.279     19  15424.557    15425.333    15517.805
 29  K2P+G4        7601.083     19  15240.166    15240.941    15333.413
 30  K2P+I+G4      7601.046     20  15242.092    15242.950    15340.247
 31  K2P+R2        7616.812     20  15273.623    15274.481    15371.778
 32  K2P+R3        7599.769     22  15243.539    15244.575    15351.510
 33  K2P+R4        7599.676     24  15247.353    15248.584    15365.139
 34  K2P+R5        Skipped 
 35  K2P+R6        Skipped 
 36  K2P+R7        Skipped 
 37  K2P+R8        Skipped 
 38  K2P+R9        Skipped 
 39  K2P+R10       Skipped 
 40  HKY           7831.668     21  15705.337    15706.281    15808.399
 41  HKY+I         7552.652     22  15149.303    15150.339    15257.274
 42  HKY+G4        7439.616     22  14923.233    14924.269    15031.203
 43  HKY+I+G4      7440.061     23  14926.123    14927.254    15039.001
 44  HKY+R2        7453.964     23  14953.929    14955.060    15066.807
 45  HKY+R3        7439.010     25  14928.021    14929.355    15050.715
 46  HKY+R4        7438.981     27  14931.962    14933.518    15064.472
 47  HKY+R5        Skipped 
 48  HKY+R6        Skipped 
 49  HKY+R7        Skipped 
 50  HKY+R8        Skipped 
 51  HKY+R9        Skipped 
 52  HKY+R10       Skipped 
 53  TNe           7973.935     19  15985.870    15986.646    16079.117
 54  TNe+I         7692.202     20  15424.405    15425.263    15522.560
 55  TNe+G4        7596.480     20  15232.961    15233.819    15331.116
 56  TNe+I+G4      7596.374     21  15234.747    15235.692    15337.810
 57  TNe+R2        7613.664     21  15269.328    15270.272    15372.390
 58  TNe+R3        7595.050     23  15236.099    15237.231    15348.978
 59  TNe+R4        7594.987     25  15239.973    15241.308    15362.667
 60  TNe+R5        Skipped 
 61  TNe+R6        Skipped 
 62  TNe+R7        Skipped 
 63  TNe+R8        Skipped 
 64  TNe+R9        Skipped 
 65  TNe+R10       Skipped 
 66  TN            7829.920     22  15703.839    15704.875    15811.810
 67  TN+I          7551.649     23  15149.297    15150.428    15262.176
 68  TN+G4         7439.618     23  14925.237    14926.368    15038.115
 69  TN+I+G4       7439.999     24  14927.997    14929.228    15045.784
 70  TN+R2         7453.891     24  14955.781    14957.012    15073.567
 71  TN+R3         7439.058     26  14930.116    14931.559    15057.718
 72  TN+R4         7439.045     28  14934.091    14935.763    15071.508
 73  TN+R5         Skipped 
 74  TN+R6         Skipped 
 75  TN+R7         Skipped 
 76  TN+R8         Skipped 
 77  TN+R9         Skipped 
 78  TN+R10        Skipped 
 79  K3P           7969.815     19  15977.630    15978.406    16070.878
 80  K3P+I         7687.210     20  15414.420    15415.278    15512.575
 81  K3P+G4        7594.362     20  15228.724    15229.582    15326.879
 82  K3P+I+G4      7594.220     21  15230.440    15231.385    15333.503
 83  K3P+R2        7609.956     21  15261.913    15262.858    15364.976
 84  K3P+R3        7592.941     23  15231.881    15233.012    15344.760
 85  K3P+R4        7592.898     25  15235.797    15237.132    15358.491
 86  K3P+R5        Skipped 
 87  K3P+R6        Skipped 
 88  K3P+R7        Skipped 
 89  K3P+R8        Skipped 
 90  K3P+R9        Skipped 
 91  K3P+R10       Skipped 
 92  K3Pu          7816.420     22  15676.840    15677.876    15784.811
 93  K3Pu+I        7538.830     23  15123.660    15124.791    15236.538
 94  K3Pu+G4       7425.130     23  14896.260    14897.391    15009.138
 95  K3Pu+I+G4     7425.342     24  14898.685    14899.916    15016.471
 96  K3Pu+R2       7438.862     24  14925.725    14926.955    15043.511
 97  K3Pu+R3       7424.060     26  14900.121    14901.564    15027.723
 98  K3Pu+R4       7424.134     28  14904.268    14905.940    15041.685
 99  K3Pu+R5       Skipped 
100  K3Pu+R6       Skipped 
101  K3Pu+R7       Skipped 
102  K3Pu+R8       Skipped 
103  K3Pu+R9       Skipped 
104  K3Pu+R10      Skipped 
105  TPM2          7829.957     22  15703.913    15704.949    15811.884
106  TPM2+I        7548.489     23  15142.977    15144.109    15255.856
107  TPM2+G4       7439.435     23  14924.870    14926.001    15037.748
108  TPM2+I+G4     7439.777     24  14927.555    14928.785    15045.341
109  TPM2+R2       7453.780     24  14955.561    14956.792    15073.347
110  TPM2+R3       7438.703     26  14929.406    14930.849    15057.007
111  TPM2+R4       7438.783     28  14933.565    14935.238    15070.982
112  TPM2+R5       Skipped 
113  TPM2+R6       Skipped 
114  TPM2+R7       Skipped 
115  TPM2+R8       Skipped 
116  TPM2+R9       Skipped 
117  TPM2+R10      Skipped 
118  TPM2u         7829.959     22  15703.917    15704.953    15811.888
119  TPM2u+I       7548.489     23  15142.977    15144.108    15255.856
120  TPM2u+G4      7439.433     23  14924.866    14925.997    15037.744
121  TPM2u+I+G4    7439.751     24  14927.502    14928.733    15045.288
122  TPM2u+R2      7454.126     24  14956.253    14957.484    15074.039
123  TPM2u+R3      7438.684     26  14929.368    14930.811    15056.970
124  TPM2u+R4      7438.763     28  14933.527    14935.199    15070.944
125  TPM2u+R5      Skipped 
126  TPM2u+R6      Skipped 
127  TPM2u+R7      Skipped 
128  TPM2u+R8      Skipped 
129  TPM2u+R9      Skipped 
130  TPM2u+R10     Skipped 
131  TPM3          7806.141     22  15656.282    15657.318    15764.252
132  TPM3+I        7537.077     23  15120.154    15121.285    15233.032
133  TPM3+G4       7421.746     23  14889.492    14890.623    15002.370
134  TPM3+I+G4     7422.122     24  14892.243    14893.474    15010.029
135  TPM3+R2       7434.417     24  14916.834    14918.065    15034.620
136  TPM3+R3       7420.508     26  14893.017    14894.460    15020.618
137  TPM3+R4       7420.564     28  14897.128    14898.801    15034.545
138  TPM3+R5       Skipped 
139  TPM3+R6       Skipped 
140  TPM3+R7       Skipped 
141  TPM3+R8       Skipped 
142  TPM3+R9       Skipped 
143  TPM3+R10      Skipped 
144  TPM3u         7806.139     22  15656.277    15657.313    15764.248
145  TPM3u+I       7537.080     23  15120.160    15121.291    15233.038
146  TPM3u+G4      7421.887     23  14889.774    14890.905    15002.652
147  TPM3u+I+G4    7422.133     24  14892.267    14893.497    15010.053
148  TPM3u+R2      7434.398     24  14916.796    14918.027    15034.582
149  TPM3u+R3      7420.467     26  14892.935    14894.378    15020.536
150  TPM3u+R4      7420.560     28  14897.119    14898.792    15034.536
151  TPM3u+R5      Skipped 
152  TPM3u+R6      Skipped 
153  TPM3u+R7      Skipped 
154  TPM3u+R8      Skipped 
155  TPM3u+R9      Skipped 
156  TPM3u+R10     Skipped 
157  TIMe          7969.455     20  15978.910    15979.768    16077.065
158  TIMe+I        7686.182     21  15414.364    15415.309    15517.427
159  TIMe+G4       7589.675     21  15221.350    15222.295    15324.413
160  TIMe+I+G4     7589.520     22  15223.039    15224.075    15331.010
161  TIMe+R2       7606.755     22  15257.511    15258.547    15365.481
162  TIMe+R3       7588.162     24  15224.323    15225.554    15342.109
163  TIMe+R4       7588.236     26  15228.472    15229.915    15356.074
164  TIMe+R5       Skipped 
165  TIMe+R6       Skipped 
166  TIMe+R7       Skipped 
167  TIMe+R8       Skipped 
168  TIMe+R9       Skipped 
169  TIMe+R10      Skipped 
170  TIM           7814.520     23  15675.039    15676.170    15787.918
171  TIM+I         7537.849     24  15123.699    15124.930    15241.485
172  TIM+G4        7425.043     24  14898.085    14899.316    15015.871
173  TIM+I+G4      7425.241     25  14900.482    14901.817    15023.176
174  TIM+R2        7439.024     25  14928.049    14929.384    15050.743
175  TIM+R3        7424.089     27  14902.178    14903.733    15034.687
176  TIM+R4        7424.132     29  14906.264    14908.058    15048.589
177  TIM+R5        Skipped 
178  TIM+R6        Skipped 
179  TIM+R7        Skipped 
180  TIM+R8        Skipped 
181  TIM+R9        Skipped 
182  TIM+R10       Skipped 
183  TIM2e         7954.648     20  15949.296    15950.154    16047.451
184  TIM2e+I       7666.829     21  15375.658    15376.603    15478.721
185  TIM2e+G4      7567.034     21  15176.069    15177.014    15279.132
186  TIM2e+I+G4    7566.896     22  15177.792    15178.828    15285.763
187  TIM2e+R2      7586.206     22  15216.413    15217.449    15324.383
188  TIM2e+R3      7565.456     24  15178.912    15180.143    15296.698
189  TIM2e+R4      7565.446     26  15182.892    15184.335    15310.493
190  TIM2e+R5      Skipped 
191  TIM2e+R6      Skipped 
192  TIM2e+R7      Skipped 
193  TIM2e+R8      Skipped 
194  TIM2e+R9      Skipped 
195  TIM2e+R10     Skipped 
196  TIM2          7828.055     23  15702.109    15703.240    15814.988
197  TIM2+I        7547.521     24  15143.042    15144.273    15260.828
198  TIM2+G4       7439.424     24  14926.847    14928.078    15044.634
199  TIM2+I+G4     7439.706     25  14929.411    14930.746    15052.105
200  TIM2+R2       7453.803     25  14957.606    14958.941    15080.300
201  TIM2+R3       7438.738     27  14931.477    14933.032    15063.986
202  TIM2+R4       7438.681     29  14935.362    14937.156    15077.687
203  TIM2+R5       Skipped 
204  TIM2+R6       Skipped 
205  TIM2+R7       Skipped 
206  TIM2+R8       Skipped 
207  TIM2+R9       Skipped 
208  TIM2+R10      Skipped 
209  TIM3e         7966.838     20  15973.676    15974.534    16071.831
210  TIM3e+I       7687.296     21  15416.592    15417.537    15519.655
211  TIM3e+G4      7590.755     21  15223.510    15224.455    15326.573
212  TIM3e+I+G4    7590.660     22  15225.320    15226.356    15333.290
213  TIM3e+R2      7607.676     22  15259.352    15260.388    15367.323
214  TIM3e+R3      7589.216     24  15226.432    15227.663    15344.219
215  TIM3e+R4      7589.300     26  15230.599    15232.042    15358.201
216  TIM3e+R5      Skipped 
217  TIM3e+R6      Skipped 
218  TIM3e+R7      Skipped 
219  TIM3e+R8      Skipped 
220  TIM3e+R9      Skipped 
221  TIM3e+R10     Skipped 
222  TIM3          7802.985     23  15651.970    15653.101    15764.848
223  TIM3+I        7535.937     24  15119.875    15121.106    15237.661
224  TIM3+G4       7422.017     24  14892.034    14893.265    15009.820
225  TIM3+I+G4     7422.311     25  14894.622    14895.957    15017.316
226  TIM3+R2       7434.138     25  14918.276    14919.611    15040.970
227  TIM3+R3       7420.584     27  14895.168    14896.723    15027.677
228  TIM3+R4       7420.673     29  14899.347    14901.140    15041.671
229  TIM3+R5       Skipped 
230  TIM3+R6       Skipped 
231  TIM3+R7       Skipped 
232  TIM3+R8       Skipped 
233  TIM3+R9       Skipped 
234  TIM3+R10      Skipped 
235  TVMe          7946.536     21  15935.071    15936.016    16038.134
236  TVMe+I        7659.584     22  15363.168    15364.203    15471.138
237  TVMe+G4       7563.310     22  15170.621    15171.657    15278.591
238  TVMe+I+G4     7563.185     23  15172.371    15173.502    15285.249
239  TVMe+R2       7580.385     23  15206.771    15207.902    15319.649
240  TVMe+R3       7561.598     25  15173.196    15174.530    15295.890
241  TVMe+R4       7561.679     27  15177.358    15178.913    15309.867
242  TVMe+R5       Skipped 
243  TVMe+R6       Skipped 
244  TVMe+R7       Skipped 
245  TVMe+R8       Skipped 
246  TVMe+R9       Skipped 
247  TVMe+R10      Skipped 
248  TVM           7800.463     24  15648.926    15650.157    15766.712
249  TVM+I         7527.557     25  15105.115    15106.449    15227.808
250  TVM+G4        7416.126     25  14882.251    14883.586    15004.945
251  TVM+I+G4      7416.301     26  14884.601    14886.044    15012.203
252  TVM+R2        7429.241     26  14910.482    14911.925    15038.083
253  TVM+R3        7414.928     28  14885.857    14887.529    15023.274
254  TVM+R4        7414.897     30  14889.793    14891.713    15037.026
255  TVM+R5        Skipped 
256  TVM+R6        Skipped 
257  TVM+R7        Skipped 
258  TVM+R8        Skipped 
259  TVM+R9        Skipped 
260  TVM+R10       Skipped 
261  SYM           7946.318     22  15936.635    15937.671    16044.606
262  SYM+I         7658.565     23  15363.130    15364.261    15476.008
263  SYM+G4        7556.970     23  15159.940    15161.071    15272.818
264  SYM+I+G4      7556.847     24  15161.694    15162.924    15279.480
265  SYM+R2        7576.437     24  15200.875    15202.106    15318.661
266  SYM+R3        7555.334     26  15162.668    15164.111    15290.270
267  SYM+R4        7555.319     28  15166.637    15168.310    15304.054
268  SYM+R5        Skipped 
269  SYM+R6        Skipped 
270  SYM+R7        Skipped 
271  SYM+R8        Skipped 
272  SYM+R9        Skipped 
273  SYM+R10       Skipped 
274  GTR           7797.248     25  15644.496    15645.830    15767.190
275  GTR+I         7526.610     26  15105.221    15106.664    15232.823
276  GTR+G4        7416.174     26  14884.349    14885.792    15011.951
277  GTR+I+G4      7416.362     27  14886.725    14888.280    15019.234
278  GTR+R2        7428.885     27  14911.770    14913.325    15044.279
279  GTR+R3        7414.755     29  14887.510    14889.303    15029.835
280  GTR+R4        7414.737     31  14891.474    14893.524    15043.615
281  GTR+R5        Skipped 
282  GTR+R6        Skipped 
283  GTR+R7        Skipped 
284  GTR+R8        Skipped 
285  GTR+R9        Skipped 
286  GTR+R10       Skipped 
Akaike Information Criterion:           TVM+G4
Corrected Akaike Information Criterion: TVM+G4
Bayesian Information Criterion:         TPM3+G4
Best-fit model: TPM3+G4 chosen according to BIC

All model information printed to ./results/gene6.phy.model
CPU time for ModelFinder: 13.140 seconds (0h:0m:13s)
Wall-clock time for ModelFinder: 14.855 seconds (0h:0m:14s)
Generating 1000 samples for ultrafast bootstrap (seed: 703334)...

NOTE: 2 MB RAM (0 GB) is required!
Estimate model parameters (epsilon = 0.100)
1. Initial log-likelihood: -7679.857
2. Current log-likelihood: -7432.093
3. Current log-likelihood: -7422.829
4. Current log-likelihood: -7421.920
Optimal log-likelihood: -7421.866
Rate parameters:  A-C: 2.540  A-G: 5.911  A-T: 1.000  C-G: 2.540  C-T: 5.911  G-T: 1.000
Base frequencies:   A: 0.411  C: 0.164  G: 0.181  T: 0.244
Gamma shape alpha: 0.532
Parameters optimization took 4 rounds (0.112 sec)
Computing ML distances based on estimated model parameters... 0.001 sec
Computing BIONJ tree...
0.000 seconds
Log-likelihood of BIONJ tree: -7420.559
--------------------------------------------------------------------
|             INITIALIZING CANDIDATE TREE SET                      |
--------------------------------------------------------------------
Generating 98 parsimony trees... 0.181 second
Computing log-likelihood of 90 initial trees ... 0.636 seconds
Current best score: -7415.075

Do NNI search on 20 best initial trees
Estimate model parameters (epsilon = 0.100)
BETTER TREE FOUND at iteration 1: -7413.687
Estimate model parameters (epsilon = 0.100)
BETTER TREE FOUND at iteration 2: -7413.275
Iteration 10 / LogL: -7415.303 / Time: 0h:0m:16s
Iteration 20 / LogL: -7415.370 / Time: 0h:0m:17s
Finish initializing candidate tree set (6)
Current best tree score: -7413.275 / CPU time: 2.862
Number of iterations: 20
--------------------------------------------------------------------
|               OPTIMIZING CANDIDATE TREE SET                      |
--------------------------------------------------------------------
UPDATE BEST LOG-LIKELIHOOD: -7413.274
Iteration 30 / LogL: -7413.743 / Time: 0h:0m:18s (0h:0m:9s left)
Iteration 40 / LogL: -7413.274 / Time: 0h:0m:19s (0h:0m:6s left)
Iteration 50 / LogL: -7413.706 / Time: 0h:0m:19s (0h:0m:4s left)
Log-likelihood cutoff on original alignment: -7423.385
UPDATE BEST LOG-LIKELIHOOD: -7413.274
Iteration 60 / LogL: -7413.274 / Time: 0h:0m:20s (0h:0m:3s left)
Iteration 70 / LogL: -7413.729 / Time: 0h:0m:20s (0h:0m:2s left)
Iteration 80 / LogL: -7413.274 / Time: 0h:0m:21s (0h:0m:1s left)
Iteration 90 / LogL: -7413.274 / Time: 0h:0m:22s (0h:0m:1s left)
Iteration 100 / LogL: -7413.274 / Time: 0h:0m:23s (0h:0m:0s left)
Log-likelihood cutoff on original alignment: -7423.385
NOTE: Bootstrap correlation coefficient of split occurrence frequencies: 0.992
TREE SEARCH COMPLETED AFTER 103 ITERATIONS / Time: 0h:0m:23s

--------------------------------------------------------------------
|                    FINALIZING TREE SEARCH                        |
--------------------------------------------------------------------
Performs final model parameters optimization
Estimate model parameters (epsilon = 0.010)
1. Initial log-likelihood: -7413.274
Optimal log-likelihood: -7413.270
Rate parameters:  A-C: 2.595  A-G: 5.938  A-T: 1.000  C-G: 2.595  C-T: 5.938  G-T: 1.000
Base frequencies:   A: 0.411  C: 0.164  G: 0.181  T: 0.244
Gamma shape alpha: 0.524
Parameters optimization took 1 rounds (0.007 sec)
BEST SCORE FOUND : -7413.270
Creating bootstrap support values...
Split supports printed to NEXUS file ./results/gene6.phy.splits.nex
Total tree length: 3.323

Total number of iterations: 103
CPU time used for tree search: 5.074 sec (0h:0m:5s)
Wall-clock time used for tree search: 8.239 sec (0h:0m:8s)
Total CPU time used: 18.324 sec (0h:0m:18s)
Total wall-clock time used: 23.300 sec (0h:0m:23s)

Computing bootstrap consensus tree...
Reading input file ./results/gene6.phy.splits.nex...
10 taxa and 121 splits.
Consensus tree written to ./results/gene6.phy.contree
Reading input trees file ./results/gene6.phy.contree
Log-likelihood of consensus tree: -7413.271

Analysis results written to: 
  IQ-TREE report:                ./results/gene6.phy.iqtree
  Maximum-likelihood tree:       ./results/gene6.phy.treefile
  Likelihood distances:          ./results/gene6.phy.mldist

Ultrafast bootstrap approximation results written to:
  Split support values:          ./results/gene6.phy.splits.nex
  Consensus tree:                ./results/gene6.phy.contree
  Screen log file:               ./results/gene6.phy.log

Date and Time: Tue Aug 22 17:29:52 2017
