IQ-TREE multicore version 1.5.4 for Linux 64-bit built Apr  2 2017
Copyright (c) 2011-2017 by Bui Quang Minh, Nguyen Lam Tung,
Olga Chernomor, Heiko Schmidt, and Arndt von Haeseler.

Host:    hpc-crick (AVX, 251 GB RAM)
Command: iqtree -s ./results/gene14.phy -nt 1 -bb 1000
Seed:    315567 (Using SPRNG - Scalable Parallel Random Number Generator)
Time:    Tue Aug 22 17:45:18 2017
Kernel:  AVX - 1 threads (40 CPU cores detected)

Reading alignment file ./results/gene14.phy ... Phylip format detected
Alignment most likely contains DNA/RNA sequences
Alignment has 10 sequences with 1000 columns and 459 patterns (319 informative sites, 371 constant sites)
   Gap/Ambiguity  Composition  p-value
   1  A    0.00%    passed     37.44%
   2  B    0.00%    passed     84.72%
   3  C    0.00%    passed     98.00%
   4  D    0.00%    passed     93.09%
   5  E    0.00%    passed     78.93%
   6  F    0.00%    passed     82.88%
   7  G    0.00%    passed     70.46%
   8  H    0.00%    passed     76.62%
   9  I    0.00%    passed     85.09%
  10  J    0.00%    passed     99.41%
****  TOTAL    0.00%  0 sequences failed composition chi2 test (p-value<5%; df=3)

Create initial parsimony tree by phylogenetic likelihood library (PLL)... 0.000 seconds

NOTE: ModelFinder requires 3 MB RAM!
ModelFinder will test 286 DNA models (sample size: 1000) ...
 No. Model         -LnL         df  AIC          AICc         BIC
  1  JC            7285.937     17  14605.874    14606.498    14689.306
  2  JC+I          7102.850     18  14241.699    14242.396    14330.039
  3  JC+G4         7026.735     18  14089.470    14090.167    14177.809
  4  JC+I+G4       7027.246     19  14092.493    14093.268    14185.740
  5  JC+R2         7025.108     19  14088.216    14088.991    14181.463
  6  JC+R3         7024.429     21  14090.859    14091.804    14193.922
  7  JC+R4         Skipped 
  8  JC+R5         Skipped 
  9  JC+R6         Skipped 
 10  JC+R7         Skipped 
 11  JC+R8         Skipped 
 12  JC+R9         Skipped 
 13  JC+R10        Skipped 
 14  F81           7170.633     20  14381.266    14382.124    14479.421
 15  F81+I         6981.347     21  14004.695    14005.639    14107.757
 16  F81+G4        6899.621     21  13841.242    13842.187    13944.305
 17  F81+I+G4      6900.047     22  13844.094    13845.130    13952.065
 18  F81+R2        6900.682     22  13845.364    13846.400    13953.335
 19  F81+R3        6897.778     24  13843.555    13844.786    13961.341
 20  F81+R4        Skipped 
 21  F81+R5        Skipped 
 22  F81+R6        Skipped 
 23  F81+R7        Skipped 
 24  F81+R8        Skipped 
 25  F81+R9        Skipped 
 26  F81+R10       Skipped 
 27  K2P           7122.469     18  14280.937    14281.635    14369.277
 28  K2P+I         6928.592     19  13895.183    13895.959    13988.431
 29  K2P+G4        6836.712     19  13711.423    13712.199    13804.671
 30  K2P+I+G4      6837.184     20  13714.368    13715.226    13812.523
 31  K2P+R2        6835.567     20  13711.134    13711.992    13809.289
 32  K2P+R3        6833.714     22  13711.428    13712.464    13819.398
 33  K2P+R4        Skipped 
 34  K2P+R5        Skipped 
 35  K2P+R6        Skipped 
 36  K2P+R7        Skipped 
 37  K2P+R8        Skipped 
 38  K2P+R9        Skipped 
 39  K2P+R10       Skipped 
 40  HKY           7000.900     21  14043.799    14044.744    14146.862
 41  HKY+I         6806.745     22  13657.490    13658.526    13765.461
 42  HKY+G4        6705.038     22  13454.077    13455.113    13562.048
 43  HKY+I+G4      6705.390     23  13456.780    13457.911    13569.658
 44  HKY+R2        6704.463     23  13454.927    13456.058    13567.805
 45  HKY+R3        6701.941     25  13453.882    13455.217    13576.576
 46  HKY+R4        Skipped 
 47  HKY+R5        Skipped 
 48  HKY+R6        Skipped 
 49  HKY+R7        Skipped 
 50  HKY+R8        Skipped 
 51  HKY+R9        Skipped 
 52  HKY+R10       Skipped 
 53  TNe           7120.736     19  14279.472    14280.247    14372.719
 54  TNe+I         6928.032     20  13896.064    13896.922    13994.219
 55  TNe+G4        6833.419     20  13706.839    13707.697    13804.994
 56  TNe+I+G4      6833.819     21  13709.639    13710.583    13812.701
 57  TNe+R2        6831.146     21  13704.293    13705.238    13807.356
 58  TNe+R3        6829.696     23  13705.393    13706.524    13818.271
 59  TNe+R4        Skipped 
 60  TNe+R5        Skipped 
 61  TNe+R6        Skipped 
 62  TNe+R7        Skipped 
 63  TNe+R8        Skipped 
 64  TNe+R9        Skipped 
 65  TNe+R10       Skipped 
 66  TN            6999.990     22  14043.980    14045.016    14151.950
 67  TN+I          6803.322     23  13652.644    13653.775    13765.522
 68  TN+G4         6704.348     23  13454.696    13455.827    13567.574
 69  TN+I+G4       6704.611     24  13457.222    13458.453    13575.008
 70  TN+R2         6704.434     24  13456.869    13458.100    13574.655
 71  TN+R3         6701.490     26  13454.979    13456.422    13582.581
 72  TN+R4         Skipped 
 73  TN+R5         Skipped 
 74  TN+R6         Skipped 
 75  TN+R7         Skipped 
 76  TN+R8         Skipped 
 77  TN+R9         Skipped 
 78  TN+R10        Skipped 
 79  K3P           7122.344     19  14282.687    14283.463    14375.935
 80  K3P+I         6928.421     20  13896.841    13897.699    13994.997
 81  K3P+G4        6836.339     20  13712.677    13713.535    13810.832
 82  K3P+I+G4      6836.648     21  13715.295    13716.240    13818.358
 83  K3P+R2        6835.195     21  13712.390    13713.334    13815.452
 84  K3P+R3        6833.291     23  13712.582    13713.713    13825.461
 85  K3P+R4        Skipped 
 86  K3P+R5        Skipped 
 87  K3P+R6        Skipped 
 88  K3P+R7        Skipped 
 89  K3P+R8        Skipped 
 90  K3P+R9        Skipped 
 91  K3P+R10       Skipped 
 92  K3Pu          6997.718     22  14039.436    14040.472    14147.407
 93  K3Pu+I        6803.456     23  13652.913    13654.044    13765.791
 94  K3Pu+G4       6701.275     23  13448.551    13449.682    13561.429
 95  K3Pu+I+G4     6701.493     24  13450.986    13452.216    13568.772
 96  K3Pu+R2       6701.787     24  13451.573    13452.804    13569.359
 97  K3Pu+R3       6698.429     26  13448.858    13450.301    13576.460
 98  K3Pu+R4       Skipped 
 99  K3Pu+R5       Skipped 
100  K3Pu+R6       Skipped 
101  K3Pu+R7       Skipped 
102  K3Pu+R8       Skipped 
103  K3Pu+R9       Skipped 
104  K3Pu+R10      Skipped 
105  TPM2          7000.183     22  14044.367    14045.403    14152.337
106  TPM2+I        6805.441     23  13656.883    13658.014    13769.761
107  TPM2+G4       6704.941     23  13455.882    13457.013    13568.760
108  TPM2+I+G4     6705.221     24  13458.442    13459.673    13576.228
109  TPM2+R2       6704.402     24  13456.805    13458.035    13574.591
110  TPM2+R3       6701.812     26  13455.624    13457.067    13583.226
111  TPM2+R4       Skipped 
112  TPM2+R5       Skipped 
113  TPM2+R6       Skipped 
114  TPM2+R7       Skipped 
115  TPM2+R8       Skipped 
116  TPM2+R9       Skipped 
117  TPM2+R10      Skipped 
118  TPM2u         7000.232     22  14044.464    14045.500    14152.435
119  TPM2u+I       6805.422     23  13656.844    13657.975    13769.722
120  TPM2u+G4      6704.962     23  13455.925    13457.056    13568.803
121  TPM2u+I+G4    6705.192     24  13458.385    13459.615    13576.171
122  TPM2u+R2      6704.391     24  13456.782    13458.013    13574.569
123  TPM2u+R3      6701.813     26  13455.626    13457.069    13583.227
124  TPM2u+R4      Skipped 
125  TPM2u+R5      Skipped 
126  TPM2u+R6      Skipped 
127  TPM2u+R7      Skipped 
128  TPM2u+R8      Skipped 
129  TPM2u+R9      Skipped 
130  TPM2u+R10     Skipped 
131  TPM3          6987.067     22  14018.134    14019.170    14126.105
132  TPM3+I        6790.655     23  13627.310    13628.441    13740.188
133  TPM3+G4       6691.176     23  13428.353    13429.484    13541.231
134  TPM3+I+G4     6691.318     24  13430.637    13431.868    13548.423
135  TPM3+R2       6695.178     24  13438.355    13439.586    13556.142
136  TPM3+R3       6688.857     26  13429.713    13431.156    13557.315
137  TPM3+R4       Skipped 
138  TPM3+R5       Skipped 
139  TPM3+R6       Skipped 
140  TPM3+R7       Skipped 
141  TPM3+R8       Skipped 
142  TPM3+R9       Skipped 
143  TPM3+R10      Skipped 
144  TPM3u         6987.131     22  14018.263    14019.299    14126.234
145  TPM3u+I       6790.692     23  13627.384    13628.515    13740.262
146  TPM3u+G4      6691.176     23  13428.353    13429.484    13541.231
147  TPM3u+I+G4    6691.356     24  13430.712    13431.942    13548.498
148  TPM3u+R2      6695.177     24  13438.354    13439.585    13556.140
149  TPM3u+R3      6688.816     26  13429.632    13431.075    13557.234
150  TPM3u+R4      Skipped 
151  TPM3u+R5      Skipped 
152  TPM3u+R6      Skipped 
153  TPM3u+R7      Skipped 
154  TPM3u+R8      Skipped 
155  TPM3u+R9      Skipped 
156  TPM3u+R10     Skipped 
157  TIMe          7120.653     20  14281.305    14282.163    14379.460
158  TIMe+I        6927.901     21  13897.803    13898.748    14000.866
159  TIMe+G4       6833.050     21  13708.101    13709.046    13811.164
160  TIMe+I+G4     6833.308     22  13710.616    13711.652    13818.587
161  TIMe+R2       6830.783     22  13705.566    13706.601    13813.536
162  TIMe+R3       6829.323     24  13706.647    13707.878    13824.433
163  TIMe+R4       Skipped 
164  TIMe+R5       Skipped 
165  TIMe+R6       Skipped 
166  TIMe+R7       Skipped 
167  TIMe+R8       Skipped 
168  TIMe+R9       Skipped 
169  TIMe+R10      Skipped 
170  TIM           6996.696     23  14039.391    14040.523    14152.270
171  TIM+I         6799.907     24  13647.814    13649.044    13765.600
172  TIM+G4        6700.532     24  13449.065    13450.296    13566.851
173  TIM+I+G4      6700.757     25  13451.514    13452.849    13574.208
174  TIM+R2        6701.785     25  13453.571    13454.905    13576.264
175  TIM+R3        6697.978     27  13449.957    13451.512    13582.466
176  TIM+R4        Skipped 
177  TIM+R5        Skipped 
178  TIM+R6        Skipped 
179  TIM+R7        Skipped 
180  TIM+R8        Skipped 
181  TIM+R9        Skipped 
182  TIM+R10       Skipped 
183  TIM2e         7110.804     20  14261.609    14262.467    14359.764
184  TIM2e+I       6916.326     21  13874.652    13875.597    13977.715
185  TIM2e+G4      6817.251     21  13676.502    13677.447    13779.565
186  TIM2e+I+G4    6817.454     22  13678.909    13679.945    13786.880
187  TIM2e+R2      6816.979     22  13677.958    13678.994    13785.929
188  TIM2e+R3      6811.574     24  13671.148    13672.379    13788.934
189  TIM2e+R4      Skipped 
190  TIM2e+R5      Skipped 
191  TIM2e+R6      Skipped 
192  TIM2e+R7      Skipped 
193  TIM2e+R8      Skipped 
194  TIM2e+R9      Skipped 
195  TIM2e+R10     Skipped 
196  TIM2          6999.182     23  14044.363    14045.495    14157.242
197  TIM2+I        6802.039     24  13652.078    13653.308    13769.864
198  TIM2+G4       6704.484     24  13456.968    13458.199    13574.754
199  TIM2+I+G4     6704.385     25  13458.770    13460.105    13581.464
200  TIM2+R2       6704.339     25  13458.678    13460.013    13581.372
201  TIM2+R3       6701.526     27  13457.052    13458.607    13589.561
202  TIM2+R4       Skipped 
203  TIM2+R5       Skipped 
204  TIM2+R6       Skipped 
205  TIM2+R7       Skipped 
206  TIM2+R8       Skipped 
207  TIM2+R9       Skipped 
208  TIM2+R10      Skipped 
209  TIM3e         7118.780     20  14277.561    14278.419    14375.716
210  TIM3e+I       6925.569     21  13893.138    13894.082    13996.200
211  TIM3e+G4      6831.528     21  13705.055    13706.000    13808.118
212  TIM3e+I+G4    6831.728     22  13707.456    13708.492    13815.427
213  TIM3e+R2      6829.768     22  13703.536    13704.572    13811.507
214  TIM3e+R3      6827.538     24  13703.077    13704.307    13820.863
215  TIM3e+R4      Skipped 
216  TIM3e+R5      Skipped 
217  TIM3e+R6      Skipped 
218  TIM3e+R7      Skipped 
219  TIM3e+R8      Skipped 
220  TIM3e+R9      Skipped 
221  TIM3e+R10     Skipped 
222  TIM3          6985.392     23  14016.784    14017.915    14129.662
223  TIM3+I        6786.412     24  13620.824    13622.055    13738.610
224  TIM3+G4       6689.788     24  13427.576    13428.807    13545.362
225  TIM3+I+G4     6689.957     25  13429.915    13431.249    13552.609
226  TIM3+R2       6695.194     25  13440.388    13441.723    13563.082
227  TIM3+R3       6687.878     27  13429.757    13431.312    13562.266
228  TIM3+R4       6686.963     29  13431.927    13433.721    13574.252
229  TIM3+R5       Skipped 
230  TIM3+R6       Skipped 
231  TIM3+R7       Skipped 
232  TIM3+R8       Skipped 
233  TIM3+R9       Skipped 
234  TIM3+R10      Skipped 
235  TVMe          7110.669     21  14263.338    14264.283    14366.401
236  TVMe+I        6914.701     22  13873.402    13874.437    13981.372
237  TVMe+G4       6819.667     22  13683.334    13684.370    13791.305
238  TVMe+I+G4     6819.810     23  13685.621    13686.752    13798.499
239  TVMe+R2       6820.457     23  13686.915    13688.046    13799.793
240  TVMe+R3       6815.308     25  13680.617    13681.951    13803.311
241  TVMe+R4       Skipped 
242  TVMe+R5       Skipped 
243  TVMe+R6       Skipped 
244  TVMe+R7       Skipped 
245  TVMe+R8       Skipped 
246  TVMe+R9       Skipped 
247  TVMe+R10      Skipped 
248  TVM           6986.099     24  14020.198    14021.429    14137.984
249  TVM+I         6789.148     25  13628.297    13629.631    13750.991
250  TVM+G4        6690.532     25  13431.065    13432.399    13553.759
251  TVM+I+G4      6690.641     26  13433.282    13434.725    13560.884
252  TVM+R2        6694.683     26  13441.366    13442.809    13568.968
253  TVM+R3        6688.269     28  13432.538    13434.211    13569.955
254  TVM+R4        Skipped 
255  TVM+R5        Skipped 
256  TVM+R6        Skipped 
257  TVM+R7        Skipped 
258  TVM+R8        Skipped 
259  TVM+R9        Skipped 
260  TVM+R10       Skipped 
261  SYM           7109.224     22  14262.448    14263.484    14370.418
262  SYM+I         6914.166     23  13874.333    13875.464    13987.211
263  SYM+G4        6815.692     23  13677.384    13678.516    13790.263
264  SYM+I+G4      6815.373     24  13678.747    13679.977    13796.533
265  SYM+R2        6815.393     24  13678.787    13680.017    13796.573
266  SYM+R3        6809.767     26  13671.534    13672.977    13799.136
267  SYM+R4        Skipped 
268  SYM+R5        Skipped 
269  SYM+R6        Skipped 
270  SYM+R7        Skipped 
271  SYM+R8        Skipped 
272  SYM+R9        Skipped 
273  SYM+R10       Skipped 
274  GTR           6984.343     25  14018.687    14020.021    14141.380
275  GTR+I         6784.911     26  13621.822    13623.265    13749.424
276  GTR+G4        6689.168     26  13430.337    13431.780    13557.938
277  GTR+I+G4      6689.240     27  13432.479    13434.035    13564.989
278  GTR+R2        6694.566     27  13443.132    13444.688    13575.642
279  GTR+R3        6687.013     29  13432.025    13433.819    13574.350
280  GTR+R4        6686.020     31  13434.039    13436.089    13586.180
281  GTR+R5        Skipped 
282  GTR+R6        Skipped 
283  GTR+R7        Skipped 
284  GTR+R8        Skipped 
285  GTR+R9        Skipped 
286  GTR+R10       Skipped 
Akaike Information Criterion:           TIM3+G4
Corrected Akaike Information Criterion: TIM3+G4
Bayesian Information Criterion:         TPM3+G4
Best-fit model: TPM3+G4 chosen according to BIC

All model information printed to ./results/gene14.phy.model
CPU time for ModelFinder: 8.896 seconds (0h:0m:8s)
Wall-clock time for ModelFinder: 12.716 seconds (0h:0m:12s)
Generating 1000 samples for ultrafast bootstrap (seed: 315567)...

NOTE: 2 MB RAM (0 GB) is required!
Estimate model parameters (epsilon = 0.100)
1. Initial log-likelihood: -6942.367
2. Current log-likelihood: -6702.483
3. Current log-likelihood: -6693.664
4. Current log-likelihood: -6692.586
Optimal log-likelihood: -6692.525
Rate parameters:  A-C: 2.271  A-G: 6.061  A-T: 1.000  C-G: 2.271  C-T: 6.061  G-T: 1.000
Base frequencies:   A: 0.407  C: 0.154  G: 0.199  T: 0.240
Gamma shape alpha: 0.555
Parameters optimization took 4 rounds (0.051 sec)
Computing ML distances based on estimated model parameters... 0.000 sec
Computing BIONJ tree...
0.000 seconds
Log-likelihood of BIONJ tree: -6690.639
--------------------------------------------------------------------
|             INITIALIZING CANDIDATE TREE SET                      |
--------------------------------------------------------------------
Generating 98 parsimony trees... 0.067 second
Computing log-likelihood of 94 initial trees ... 0.381 seconds
Current best score: -6690.639

Do NNI search on 20 best initial trees
Estimate model parameters (epsilon = 0.100)
BETTER TREE FOUND at iteration 1: -6686.134
Estimate model parameters (epsilon = 0.100)
BETTER TREE FOUND at iteration 2: -6686.010
Iteration 10 / LogL: -6686.141 / Time: 0h:0m:13s
Iteration 20 / LogL: -6690.176 / Time: 0h:0m:14s
Finish initializing candidate tree set (11)
Current best tree score: -6686.010 / CPU time: 1.543
Number of iterations: 20
--------------------------------------------------------------------
|               OPTIMIZING CANDIDATE TREE SET                      |
--------------------------------------------------------------------
Iteration 30 / LogL: -6686.350 / Time: 0h:0m:14s (0h:0m:5s left)
UPDATE BEST LOG-LIKELIHOOD: -6686.010
Iteration 40 / LogL: -6686.010 / Time: 0h:0m:15s (0h:0m:3s left)
Estimate model parameters (epsilon = 0.100)
BETTER TREE FOUND at iteration 41: -6685.837
Iteration 50 / LogL: -6686.315 / Time: 0h:0m:15s (0h:0m:5s left)
Log-likelihood cutoff on original alignment: -6695.300
Iteration 60 / LogL: -6686.315 / Time: 0h:0m:15s (0h:0m:4s left)
Iteration 70 / LogL: -6686.023 / Time: 0h:0m:16s (0h:0m:3s left)
Iteration 80 / LogL: -6685.837 / Time: 0h:0m:16s (0h:0m:3s left)
UPDATE BEST LOG-LIKELIHOOD: -6685.837
Iteration 90 / LogL: -6685.837 / Time: 0h:0m:17s (0h:0m:2s left)
Iteration 100 / LogL: -6685.844 / Time: 0h:0m:17s (0h:0m:2s left)
Log-likelihood cutoff on original alignment: -6695.072
NOTE: Bootstrap correlation coefficient of split occurrence frequencies: 0.977
NOTE: UFBoot does not converge, continue at least 100 more iterations
UPDATE BEST LOG-LIKELIHOOD: -6685.837
Iteration 110 / LogL: -6686.016 / Time: 0h:0m:18s (0h:0m:4s left)
Iteration 120 / LogL: -6685.844 / Time: 0h:0m:18s (0h:0m:3s left)
Iteration 130 / LogL: -6686.117 / Time: 0h:0m:18s (0h:0m:3s left)
UPDATE BEST LOG-LIKELIHOOD: -6685.837
Iteration 140 / LogL: -6685.846 / Time: 0h:0m:19s (0h:0m:2s left)
Iteration 150 / LogL: -6686.333 / Time: 0h:0m:19s (0h:0m:2s left)
Log-likelihood cutoff on original alignment: -6695.072
Iteration 160 / LogL: -6685.838 / Time: 0h:0m:20s (0h:0m:1s left)
Iteration 170 / LogL: -6685.837 / Time: 0h:0m:20s (0h:0m:1s left)
Iteration 180 / LogL: -6686.090 / Time: 0h:0m:21s (0h:0m:0s left)
Iteration 190 / LogL: -6686.119 / Time: 0h:0m:21s (0h:0m:0s left)
Iteration 200 / LogL: -6686.015 / Time: 0h:0m:21s (0h:0m:0s left)
Log-likelihood cutoff on original alignment: -6695.072
NOTE: Bootstrap correlation coefficient of split occurrence frequencies: 0.998
TREE SEARCH COMPLETED AFTER 200 ITERATIONS / Time: 0h:0m:21s

--------------------------------------------------------------------
|                    FINALIZING TREE SEARCH                        |
--------------------------------------------------------------------
Performs final model parameters optimization
Estimate model parameters (epsilon = 0.010)
1. Initial log-likelihood: -6685.837
Optimal log-likelihood: -6685.836
Rate parameters:  A-C: 2.309  A-G: 6.035  A-T: 1.000  C-G: 2.309  C-T: 6.035  G-T: 1.000
Base frequencies:   A: 0.407  C: 0.154  G: 0.199  T: 0.240
Gamma shape alpha: 0.568
Parameters optimization took 1 rounds (0.006 sec)
BEST SCORE FOUND : -6685.836
Creating bootstrap support values...
Split supports printed to NEXUS file ./results/gene14.phy.splits.nex
Total tree length: 2.677

Total number of iterations: 200
CPU time used for tree search: 9.123 sec (0h:0m:9s)
Wall-clock time used for tree search: 9.183 sec (0h:0m:9s)
Total CPU time used: 18.137 sec (0h:0m:18s)
Total wall-clock time used: 22.018 sec (0h:0m:22s)

Computing bootstrap consensus tree...
Reading input file ./results/gene14.phy.splits.nex...
10 taxa and 183 splits.
Consensus tree written to ./results/gene14.phy.contree
Reading input trees file ./results/gene14.phy.contree
Log-likelihood of consensus tree: -6685.836

Analysis results written to: 
  IQ-TREE report:                ./results/gene14.phy.iqtree
  Maximum-likelihood tree:       ./results/gene14.phy.treefile
  Likelihood distances:          ./results/gene14.phy.mldist

Ultrafast bootstrap approximation results written to:
  Split support values:          ./results/gene14.phy.splits.nex
  Consensus tree:                ./results/gene14.phy.contree
  Screen log file:               ./results/gene14.phy.log

Date and Time: Tue Aug 22 17:45:40 2017
