IQ-TREE multicore version 1.5.4 for Linux 64-bit built Apr  2 2017
Copyright (c) 2011-2017 by Bui Quang Minh, Nguyen Lam Tung,
Olga Chernomor, Heiko Schmidt, and Arndt von Haeseler.

Host:    hpc-crick (AVX, 251 GB RAM)
Command: iqtree -s ./results/gene4.phy -nt 1 -bb 1000
Seed:    943471 (Using SPRNG - Scalable Parallel Random Number Generator)
Time:    Tue Aug 22 17:47:38 2017
Kernel:  AVX - 1 threads (40 CPU cores detected)

Reading alignment file ./results/gene4.phy ... Phylip format detected
Alignment most likely contains DNA/RNA sequences
Alignment has 10 sequences with 1000 columns and 477 patterns (349 informative sites, 389 constant sites)
   Gap/Ambiguity  Composition  p-value
   1  A    0.00%    passed     88.52%
   2  B    0.00%    passed     86.33%
   3  C    0.00%    passed     94.06%
   4  D    0.00%    passed     99.28%
   5  E    0.00%    passed     54.86%
   6  F    0.00%    passed     52.30%
   7  G    0.00%    passed     84.66%
   8  H    0.00%    passed     82.12%
   9  I    0.00%    passed     93.00%
  10  J    0.00%    passed     85.81%
****  TOTAL    0.00%  0 sequences failed composition chi2 test (p-value<5%; df=3)

Create initial parsimony tree by phylogenetic likelihood library (PLL)... 0.001 seconds

NOTE: ModelFinder requires 3 MB RAM!
ModelFinder will test 286 DNA models (sample size: 1000) ...
 No. Model         -LnL         df  AIC          AICc         BIC
  1  JC            7541.443     17  15116.887    15117.510    15200.318
  2  JC+I          7279.883     18  14595.766    14596.463    14684.105
  3  JC+G4         7210.005     18  14456.010    14456.707    14544.349
  4  JC+I+G4       7210.426     19  14458.852    14459.627    14552.099
  5  JC+R2         7215.300     19  14468.599    14469.375    14561.847
  6  JC+R3         7209.881     21  14461.762    14462.707    14564.825
  7  JC+R4         Skipped 
  8  JC+R5         Skipped 
  9  JC+R6         Skipped 
 10  JC+R7         Skipped 
 11  JC+R8         Skipped 
 12  JC+R9         Skipped 
 13  JC+R10        Skipped 
 14  F81           7408.910     20  14857.819    14858.677    14955.974
 15  F81+I         7148.559     21  14339.118    14340.063    14442.181
 16  F81+G4        7072.076     21  14186.153    14187.098    14289.216
 17  F81+I+G4      7072.649     22  14189.298    14190.334    14297.269
 18  F81+R2        7078.109     22  14200.217    14201.253    14308.188
 19  F81+R3        7071.790     24  14191.580    14192.811    14309.366
 20  F81+R4        Skipped 
 21  F81+R5        Skipped 
 22  F81+R6        Skipped 
 23  F81+R7        Skipped 
 24  F81+R8        Skipped 
 25  F81+R9        Skipped 
 26  F81+R10       Skipped 
 27  K2P           7379.026     18  14794.051    14794.749    14882.391
 28  K2P+I         7103.972     19  14245.944    14246.720    14339.191
 29  K2P+G4        7016.370     19  14070.741    14071.516    14163.988
 30  K2P+I+G4      7016.966     20  14073.932    14074.790    14172.087
 31  K2P+R2        7023.665     20  14087.329    14088.187    14185.484
 32  K2P+R3        7016.163     22  14076.326    14077.362    14184.296
 33  K2P+R4        7016.134     24  14080.269    14081.500    14198.055
 34  K2P+R5        Skipped 
 35  K2P+R6        Skipped 
 36  K2P+R7        Skipped 
 37  K2P+R8        Skipped 
 38  K2P+R9        Skipped 
 39  K2P+R10       Skipped 
 40  HKY           7246.705     21  14535.409    14536.354    14638.472
 41  HKY+I         6983.638     22  14011.275    14012.311    14119.246
 42  HKY+G4        6884.892     22  13813.784    13814.820    13921.754
 43  HKY+I+G4      6885.528     23  13817.057    13818.188    13929.935
 44  HKY+R2        6891.247     23  13828.493    13829.624    13941.372
 45  HKY+R3        6883.773     25  13817.546    13818.880    13940.239
 46  HKY+R4        6883.654     27  13821.309    13822.864    13953.818
 47  HKY+R5        Skipped 
 48  HKY+R6        Skipped 
 49  HKY+R7        Skipped 
 50  HKY+R8        Skipped 
 51  HKY+R9        Skipped 
 52  HKY+R10       Skipped 
 53  TNe           7376.250     19  14790.500    14791.275    14883.747
 54  TNe+I         7101.244     20  14242.487    14243.345    14340.642
 55  TNe+G4        7009.470     20  14058.940    14059.798    14157.095
 56  TNe+I+G4      7009.762     21  14061.523    14062.468    14164.586
 57  TNe+R2        7018.875     21  14079.751    14080.695    14182.813
 58  TNe+R3        7008.972     23  14063.944    14065.075    14176.822
 59  TNe+R4        7009.066     25  14068.131    14069.466    14190.825
 60  TNe+R5        Skipped 
 61  TNe+R6        Skipped 
 62  TNe+R7        Skipped 
 63  TNe+R8        Skipped 
 64  TNe+R9        Skipped 
 65  TNe+R10       Skipped 
 66  TN            7245.566     22  14535.133    14536.169    14643.104
 67  TN+I          6981.608     23  14009.217    14010.348    14122.095
 68  TN+G4         6884.790     23  13815.581    13816.712    13928.459
 69  TN+I+G4       6885.256     24  13818.512    13819.743    13936.298
 70  TN+R2         6890.893     24  13829.785    13831.016    13947.571
 71  TN+R3         6883.489     26  13818.978    13820.421    13946.580
 72  TN+R4         6883.389     28  13822.778    13824.451    13960.195
 73  TN+R5         Skipped 
 74  TN+R6         Skipped 
 75  TN+R7         Skipped 
 76  TN+R8         Skipped 
 77  TN+R9         Skipped 
 78  TN+R10        Skipped 
 79  K3P           7371.107     19  14780.214    14780.990    14873.462
 80  K3P+I         7095.001     20  14230.001    14230.859    14328.156
 81  K3P+G4        7006.885     20  14053.769    14054.627    14151.924
 82  K3P+I+G4      7007.204     21  14056.408    14057.353    14159.471
 83  K3P+R2        7013.035     21  14068.071    14069.016    14171.134
 84  K3P+R3        7006.585     23  14059.170    14060.301    14172.049
 85  K3P+R4        Skipped 
 86  K3P+R5        Skipped 
 87  K3P+R6        Skipped 
 88  K3P+R7        Skipped 
 89  K3P+R8        Skipped 
 90  K3P+R9        Skipped 
 91  K3P+R10       Skipped 
 92  K3Pu          7229.635     22  14503.271    14504.306    14611.241
 93  K3Pu+I        6969.027     23  13984.054    13985.185    14096.932
 94  K3Pu+G4       6867.481     23  13780.962    13782.093    13893.841
 95  K3Pu+I+G4     6868.074     24  13784.149    13785.380    13901.935
 96  K3Pu+R2       6872.941     24  13793.882    13795.113    13911.668
 97  K3Pu+R3       6865.972     26  13783.945    13785.388    13911.547
 98  K3Pu+R4       6865.901     28  13787.803    13789.475    13925.220
 99  K3Pu+R5       Skipped 
100  K3Pu+R6       Skipped 
101  K3Pu+R7       Skipped 
102  K3Pu+R8       Skipped 
103  K3Pu+R9       Skipped 
104  K3Pu+R10      Skipped 
105  TPM2          7245.451     22  14534.902    14535.938    14642.873
106  TPM2+I        6978.381     23  14002.761    14003.892    14115.640
107  TPM2+G4       6882.673     23  13811.347    13812.478    13924.225
108  TPM2+I+G4     6883.166     24  13814.333    13815.564    13932.119
109  TPM2+R2       6889.170     24  13826.339    13827.570    13944.125
110  TPM2+R3       6881.499     26  13814.997    13816.440    13942.599
111  TPM2+R4       6881.416     28  13818.832    13820.504    13956.249
112  TPM2+R5       Skipped 
113  TPM2+R6       Skipped 
114  TPM2+R7       Skipped 
115  TPM2+R8       Skipped 
116  TPM2+R9       Skipped 
117  TPM2+R10      Skipped 
118  TPM2u         7245.495     22  14534.991    14536.027    14642.962
119  TPM2u+I       6978.371     23  14002.742    14003.873    14115.620
120  TPM2u+G4      6882.792     23  13811.584    13812.716    13924.463
121  TPM2u+I+G4    6883.149     24  13814.297    13815.528    13932.083
122  TPM2u+R2      6889.169     24  13826.339    13827.569    13944.125
123  TPM2u+R3      6881.477     26  13814.954    13816.397    13942.556
124  TPM2u+R4      6881.398     28  13818.796    13820.469    13956.213
125  TPM2u+R5      Skipped 
126  TPM2u+R6      Skipped 
127  TPM2u+R7      Skipped 
128  TPM2u+R8      Skipped 
129  TPM2u+R9      Skipped 
130  TPM2u+R10     Skipped 
131  TPM3          7221.817     22  14487.634    14488.670    14595.605
132  TPM3+I        6966.738     23  13979.476    13980.607    14092.354
133  TPM3+G4       6866.912     23  13779.824    13780.955    13892.702
134  TPM3+I+G4     6867.389     24  13782.779    13784.009    13900.565
135  TPM3+R2       6871.391     24  13790.783    13792.014    13908.569
136  TPM3+R3       6864.395     26  13780.790    13782.233    13908.392
137  TPM3+R4       6864.323     28  13784.645    13786.318    13922.063
138  TPM3+R5       Skipped 
139  TPM3+R6       Skipped 
140  TPM3+R7       Skipped 
141  TPM3+R8       Skipped 
142  TPM3+R9       Skipped 
143  TPM3+R10      Skipped 
144  TPM3u         7221.834     22  14487.668    14488.704    14595.639
145  TPM3u+I       6966.737     23  13979.474    13980.605    14092.352
146  TPM3u+G4      6866.834     23  13779.668    13780.799    13892.546
147  TPM3u+I+G4    6867.274     24  13782.547    13783.778    13900.333
148  TPM3u+R2      6871.381     24  13790.761    13791.992    13908.547
149  TPM3u+R3      6864.376     26  13780.753    13782.196    13908.354
150  TPM3u+R4      6864.309     28  13784.619    13786.291    13922.036
151  TPM3u+R5      Skipped 
152  TPM3u+R6      Skipped 
153  TPM3u+R7      Skipped 
154  TPM3u+R8      Skipped 
155  TPM3u+R9      Skipped 
156  TPM3u+R10     Skipped 
157  TIMe          7368.365     20  14776.731    14777.589    14874.886
158  TIMe+I        7092.289     21  14226.579    14227.524    14329.642
159  TIMe+G4       6999.792     21  14041.585    14042.529    14144.647
160  TIMe+I+G4     6999.964     22  14043.927    14044.963    14151.898
161  TIMe+R2       7008.245     22  14060.489    14061.525    14168.460
162  TIMe+R3       6999.477     24  14046.955    14048.186    14164.741
163  TIMe+R4       6999.489     26  14050.977    14052.420    14178.579
164  TIMe+R5       Skipped 
165  TIMe+R6       Skipped 
166  TIMe+R7       Skipped 
167  TIMe+R8       Skipped 
168  TIMe+R9       Skipped 
169  TIMe+R10      Skipped 
170  TIM           7228.230     23  14502.460    14503.591    14615.339
171  TIM+I         6967.026     24  13982.052    13983.282    14099.838
172  TIM+G4        6867.411     24  13782.821    13784.052    13900.607
173  TIM+I+G4      6867.816     25  13785.633    13786.968    13908.327
174  TIM+R2        6872.726     25  13795.453    13796.787    13918.147
175  TIM+R3        6865.831     27  13785.662    13787.217    13918.171
176  TIM+R4        Skipped 
177  TIM+R5        Skipped 
178  TIM+R6        Skipped 
179  TIM+R7        Skipped 
180  TIM+R8        Skipped 
181  TIM+R9        Skipped 
182  TIM+R10       Skipped 
183  TIM2e         7363.786     20  14767.573    14768.431    14865.728
184  TIM2e+I       7081.630     21  14205.259    14206.204    14308.322
185  TIM2e+G4      6982.527     21  14007.054    14007.999    14110.117
186  TIM2e+I+G4    6982.549     22  14009.098    14010.134    14117.069
187  TIM2e+R2      6996.073     22  14036.147    14037.182    14144.117
188  TIM2e+R3      6981.670     24  14011.340    14012.570    14129.126
189  TIM2e+R4      6981.705     26  14015.410    14016.853    14143.012
190  TIM2e+R5      Skipped 
191  TIM2e+R6      Skipped 
192  TIM2e+R7      Skipped 
193  TIM2e+R8      Skipped 
194  TIM2e+R9      Skipped 
195  TIM2e+R10     Skipped 
196  TIM2          7244.308     23  14534.617    14535.748    14647.495
197  TIM2+I        6976.648     24  14001.296    14002.526    14119.082
198  TIM2+G4       6882.399     24  13812.798    13814.028    13930.584
199  TIM2+I+G4     6882.625     25  13815.250    13816.585    13937.944
200  TIM2+R2       6888.699     25  13827.398    13828.732    13950.092
201  TIM2+R3       6881.278     27  13816.556    13818.111    13949.065
202  TIM2+R4       6881.246     29  13820.492    13822.286    13962.817
203  TIM2+R5       Skipped 
204  TIM2+R6       Skipped 
205  TIM2+R7       Skipped 
206  TIM2+R8       Skipped 
207  TIM2+R9       Skipped 
208  TIM2+R10      Skipped 
209  TIM3e         7367.224     20  14774.449    14775.307    14872.604
210  TIM3e+I       7094.204     21  14230.409    14231.353    14333.472
211  TIM3e+G4      7001.958     21  14045.916    14046.861    14148.979
212  TIM3e+I+G4    7002.159     22  14048.318    14049.354    14156.289
213  TIM3e+R2      7010.379     22  14064.759    14065.795    14172.729
214  TIM3e+R3      7001.295     24  14050.590    14051.821    14168.377
215  TIM3e+R4      7001.384     26  14054.769    14056.212    14182.371
216  TIM3e+R5      Skipped 
217  TIM3e+R6      Skipped 
218  TIM3e+R7      Skipped 
219  TIM3e+R8      Skipped 
220  TIM3e+R9      Skipped 
221  TIM3e+R10     Skipped 
222  TIM3          7219.905     23  14485.811    14486.942    14598.689
223  TIM3+I        6964.777     24  13977.555    13978.785    14095.341
224  TIM3+G4       6866.526     24  13781.052    13782.283    13898.839
225  TIM3+I+G4     6866.947     25  13783.894    13785.228    13906.587
226  TIM3+R2       6870.874     25  13791.747    13793.082    13914.441
227  TIM3+R3       6864.078     27  13782.157    13783.712    13914.666
228  TIM3+R4       Skipped 
229  TIM3+R5       Skipped 
230  TIM3+R6       Skipped 
231  TIM3+R7       Skipped 
232  TIM3+R8       Skipped 
233  TIM3+R9       Skipped 
234  TIM3+R10      Skipped 
235  TVMe          7353.339     21  14748.678    14749.623    14851.741
236  TVMe+I        7071.970     22  14187.941    14188.976    14295.911
237  TVMe+G4       6977.546     22  13999.093    14000.128    14107.063
238  TVMe+I+G4     6977.512     23  14001.024    14002.155    14113.902
239  TVMe+R2       6986.271     23  14018.542    14019.673    14131.420
240  TVMe+R3       6977.439     25  14004.878    14006.212    14127.572
241  TVMe+R4       6977.379     27  14008.758    14010.313    14141.267
242  TVMe+R5       Skipped 
243  TVMe+R6       Skipped 
244  TVMe+R7       Skipped 
245  TVMe+R8       Skipped 
246  TVMe+R9       Skipped 
247  TVMe+R10      Skipped 
248  TVM           7214.335     24  14476.670    14477.901    14594.456
249  TVM+I         6955.086     25  13960.172    13961.507    14082.866
250  TVM+G4        6855.762     25  13761.525    13762.859    13884.218
251  TVM+I+G4      6856.111     26  13764.222    13765.665    13891.824
252  TVM+R2        6860.939     26  13773.879    13775.321    13901.480
253  TVM+R3        6854.100     28  13764.200    13765.872    13901.617
254  TVM+R4        Skipped 
255  TVM+R5        Skipped 
256  TVM+R6        Skipped 
257  TVM+R7        Skipped 
258  TVM+R8        Skipped 
259  TVM+R9        Skipped 
260  TVM+R10       Skipped 
261  SYM           7350.827     22  14745.654    14746.690    14853.625
262  SYM+I         7069.355     23  14184.710    14185.842    14297.589
263  SYM+G4        6968.841     23  13983.681    13984.812    14096.560
264  SYM+I+G4      6968.664     24  13985.327    13986.558    14103.113
265  SYM+R2        6980.874     24  14009.748    14010.979    14127.534
266  SYM+R3        6967.945     26  13987.890    13989.333    14115.492
267  SYM+R4        6967.888     28  13991.776    13993.449    14129.193
268  SYM+R5        Skipped 
269  SYM+R6        Skipped 
270  SYM+R7        Skipped 
271  SYM+R8        Skipped 
272  SYM+R9        Skipped 
273  SYM+R10       Skipped 
274  GTR           7212.376     25  14474.752    14476.087    14597.446
275  GTR+I         6953.379     26  13958.757    13960.200    14086.359
276  GTR+G4        6855.375     26  13762.749    13764.192    13890.351
277  GTR+I+G4      6855.681     27  13765.361    13766.917    13897.870
278  GTR+R2        6860.286     27  13774.572    13776.128    13907.082
279  GTR+R3        6853.662     29  13765.325    13767.119    13907.650
280  GTR+R4        Skipped 
281  GTR+R5        Skipped 
282  GTR+R6        Skipped 
283  GTR+R7        Skipped 
284  GTR+R8        Skipped 
285  GTR+R9        Skipped 
286  GTR+R10       Skipped 
Akaike Information Criterion:           TVM+G4
Corrected Akaike Information Criterion: TVM+G4
Bayesian Information Criterion:         TVM+G4
Best-fit model: TVM+G4 chosen according to BIC

All model information printed to ./results/gene4.phy.model
CPU time for ModelFinder: 10.642 seconds (0h:0m:10s)
Wall-clock time for ModelFinder: 13.016 seconds (0h:0m:13s)
Generating 1000 samples for ultrafast bootstrap (seed: 943471)...

NOTE: 2 MB RAM (0 GB) is required!
Estimate model parameters (epsilon = 0.100)
1. Initial log-likelihood: -7135.358
2. Current log-likelihood: -6884.813
3. Current log-likelihood: -6857.466
4. Current log-likelihood: -6856.652
5. Current log-likelihood: -6856.549
Optimal log-likelihood: -6856.512
Rate parameters:  A-C: 2.876  A-G: 5.346  A-T: 0.681  C-G: 0.973  C-T: 5.346  G-T: 1.000
Base frequencies:   A: 0.399  C: 0.160  G: 0.207  T: 0.235
Gamma shape alpha: 0.489
Parameters optimization took 5 rounds (0.057 sec)
Computing ML distances based on estimated model parameters... 0.001 sec
Computing BIONJ tree...
0.000 seconds
Log-likelihood of BIONJ tree: -6851.265
--------------------------------------------------------------------
|             INITIALIZING CANDIDATE TREE SET                      |
--------------------------------------------------------------------
Generating 98 parsimony trees... 0.041 second
Computing log-likelihood of 95 initial trees ... 0.317 seconds
Current best score: -6851.265

Do NNI search on 20 best initial trees
Estimate model parameters (epsilon = 0.100)
BETTER TREE FOUND at iteration 1: -6850.090
Iteration 10 / LogL: -6850.101 / Time: 0h:0m:13s
Iteration 20 / LogL: -6850.096 / Time: 0h:0m:14s
Finish initializing candidate tree set (4)
Current best tree score: -6850.090 / CPU time: 1.041
Number of iterations: 20
--------------------------------------------------------------------
|               OPTIMIZING CANDIDATE TREE SET                      |
--------------------------------------------------------------------
Iteration 30 / LogL: -6850.672 / Time: 0h:0m:14s (0h:0m:3s left)
Iteration 40 / LogL: -6853.707 / Time: 0h:0m:14s (0h:0m:2s left)
UPDATE BEST LOG-LIKELIHOOD: -6850.089
Iteration 50 / LogL: -6853.708 / Time: 0h:0m:15s (0h:0m:2s left)
Log-likelihood cutoff on original alignment: -6872.294
Iteration 60 / LogL: -6857.009 / Time: 0h:0m:15s (0h:0m:1s left)
Iteration 70 / LogL: -6850.104 / Time: 0h:0m:15s (0h:0m:1s left)
UPDATE BEST LOG-LIKELIHOOD: -6850.089
UPDATE BEST LOG-LIKELIHOOD: -6850.089
Iteration 80 / LogL: -6850.089 / Time: 0h:0m:16s (0h:0m:0s left)
UPDATE BEST LOG-LIKELIHOOD: -6850.089
Iteration 90 / LogL: -6850.163 / Time: 0h:0m:16s (0h:0m:0s left)
Iteration 100 / LogL: -6850.114 / Time: 0h:0m:16s (0h:0m:0s left)
Log-likelihood cutoff on original alignment: -6869.811
NOTE: Bootstrap correlation coefficient of split occurrence frequencies: 0.995
TREE SEARCH COMPLETED AFTER 102 ITERATIONS / Time: 0h:0m:16s

--------------------------------------------------------------------
|                    FINALIZING TREE SEARCH                        |
--------------------------------------------------------------------
Performs final model parameters optimization
Estimate model parameters (epsilon = 0.010)
1. Initial log-likelihood: -6850.089
2. Current log-likelihood: -6850.056
3. Current log-likelihood: -6850.038
Optimal log-likelihood: -6850.027
Rate parameters:  A-C: 2.794  A-G: 5.287  A-T: 0.657  C-G: 0.929  C-T: 5.287  G-T: 1.000
Base frequencies:   A: 0.399  C: 0.160  G: 0.207  T: 0.235
Gamma shape alpha: 0.488
Parameters optimization took 3 rounds (0.018 sec)
BEST SCORE FOUND : -6850.027
Creating bootstrap support values...
Split supports printed to NEXUS file ./results/gene4.phy.splits.nex
Total tree length: 2.891

Total number of iterations: 102
CPU time used for tree search: 3.835 sec (0h:0m:3s)
Wall-clock time used for tree search: 3.847 sec (0h:0m:3s)
Total CPU time used: 14.600 sec (0h:0m:14s)
Total wall-clock time used: 16.986 sec (0h:0m:16s)

Computing bootstrap consensus tree...
Reading input file ./results/gene4.phy.splits.nex...
10 taxa and 98 splits.
Consensus tree written to ./results/gene4.phy.contree
Reading input trees file ./results/gene4.phy.contree
Log-likelihood of consensus tree: -6850.027

Analysis results written to: 
  IQ-TREE report:                ./results/gene4.phy.iqtree
  Maximum-likelihood tree:       ./results/gene4.phy.treefile
  Likelihood distances:          ./results/gene4.phy.mldist

Ultrafast bootstrap approximation results written to:
  Split support values:          ./results/gene4.phy.splits.nex
  Consensus tree:                ./results/gene4.phy.contree
  Screen log file:               ./results/gene4.phy.log

Date and Time: Tue Aug 22 17:47:56 2017
