IQ-TREE multicore version 1.5.4 for Linux 64-bit built Apr  2 2017
Copyright (c) 2011-2017 by Bui Quang Minh, Nguyen Lam Tung,
Olga Chernomor, Heiko Schmidt, and Arndt von Haeseler.

Host:    hpc-crick (AVX, 251 GB RAM)
Command: iqtree -s ./results/gene4.phy -nt 1 -bb 1000
Seed:    843208 (Using SPRNG - Scalable Parallel Random Number Generator)
Time:    Tue Aug 22 18:32:54 2017
Kernel:  AVX - 1 threads (40 CPU cores detected)

Reading alignment file ./results/gene4.phy ... Phylip format detected
Alignment most likely contains DNA/RNA sequences
Alignment has 10 sequences with 1000 columns and 485 patterns (329 informative sites, 390 constant sites)
   Gap/Ambiguity  Composition  p-value
   1  A    0.00%    passed     76.33%
   2  B    0.00%    passed     88.51%
   3  C    0.00%    passed     83.98%
   4  D    0.00%    passed     83.11%
   5  E    0.00%    passed     46.10%
   6  F    0.00%    passed     95.86%
   7  G    0.00%    passed     82.40%
   8  H    0.00%    passed     87.87%
   9  I    0.00%    passed     74.73%
  10  J    0.00%    passed     67.81%
****  TOTAL    0.00%  0 sequences failed composition chi2 test (p-value<5%; df=3)

Create initial parsimony tree by phylogenetic likelihood library (PLL)... 0.001 seconds

NOTE: ModelFinder requires 3 MB RAM!
ModelFinder will test 286 DNA models (sample size: 1000) ...
 No. Model         -LnL         df  AIC          AICc         BIC
  1  JC            7468.441     17  14970.882    14971.505    15054.314
  2  JC+I          7235.479     18  14506.958    14507.655    14595.298
  3  JC+G4         7180.058     18  14396.117    14396.814    14484.457
  4  JC+I+G4       7179.620     19  14397.241    14398.016    14490.488
  5  JC+R2         7188.038     19  14414.077    14414.852    14507.324
  6  JC+R3         7178.891     21  14399.782    14400.726    14502.845
  7  JC+R4         7178.819     23  14403.637    14404.768    14516.516
  8  JC+R5         Skipped 
  9  JC+R6         Skipped 
 10  JC+R7         Skipped 
 11  JC+R8         Skipped 
 12  JC+R9         Skipped 
 13  JC+R10        Skipped 
 14  F81           7361.144     20  14762.288    14763.146    14860.443
 15  F81+I         7125.971     21  14293.943    14294.888    14397.006
 16  F81+G4        7066.763     21  14175.527    14176.471    14278.590
 17  F81+I+G4      7066.508     22  14177.015    14178.051    14284.986
 18  F81+R2        7075.327     22  14194.653    14195.689    14302.624
 19  F81+R3        7065.780     24  14179.560    14180.791    14297.346
 20  F81+R4        7065.751     26  14183.502    14184.944    14311.103
 21  F81+R5        Skipped 
 22  F81+R6        Skipped 
 23  F81+R7        Skipped 
 24  F81+R8        Skipped 
 25  F81+R9        Skipped 
 26  F81+R10       Skipped 
 27  K2P           7343.352     18  14722.704    14723.402    14811.044
 28  K2P+I         7101.471     19  14240.943    14241.718    14334.190
 29  K2P+G4        7027.976     19  14093.952    14094.728    14187.200
 30  K2P+I+G4      7027.892     20  14095.784    14096.642    14193.939
 31  K2P+R2        7039.915     20  14119.830    14120.688    14217.985
 32  K2P+R3        7025.903     22  14095.807    14096.842    14203.777
 33  K2P+R4        7025.883     24  14099.766    14100.997    14217.552
 34  K2P+R5        Skipped 
 35  K2P+R6        Skipped 
 36  K2P+R7        Skipped 
 37  K2P+R8        Skipped 
 38  K2P+R9        Skipped 
 39  K2P+R10       Skipped 
 40  HKY           7234.909     21  14511.818    14512.763    14614.881
 41  HKY+I         6990.540     22  14025.081    14026.116    14133.051
 42  HKY+G4        6902.035     22  13848.071    13849.106    13956.041
 43  HKY+I+G4      6902.423     23  13850.846    13851.977    13963.724
 44  HKY+R2        6914.069     23  13874.137    13875.269    13987.016
 45  HKY+R3        6901.357     25  13852.714    13854.049    13975.408
 46  HKY+R4        6901.387     27  13856.773    13858.329    13989.283
 47  HKY+R5        Skipped 
 48  HKY+R6        Skipped 
 49  HKY+R7        Skipped 
 50  HKY+R8        Skipped 
 51  HKY+R9        Skipped 
 52  HKY+R10       Skipped 
 53  TNe           7342.857     19  14723.715    14724.490    14816.962
 54  TNe+I         7100.879     20  14241.757    14242.616    14339.913
 55  TNe+G4        7024.156     20  14088.313    14089.171    14186.468
 56  TNe+I+G4      7023.997     21  14089.994    14090.939    14193.057
 57  TNe+R2        7036.475     21  14114.949    14115.894    14218.012
 58  TNe+R3        7022.143     23  14090.286    14091.418    14203.165
 59  TNe+R4        7022.103     25  14094.206    14095.541    14216.900
 60  TNe+R5        Skipped 
 61  TNe+R6        Skipped 
 62  TNe+R7        Skipped 
 63  TNe+R8        Skipped 
 64  TNe+R9        Skipped 
 65  TNe+R10       Skipped 
 66  TN            7230.889     22  14505.778    14506.813    14613.748
 67  TN+I          6987.327     23  14020.654    14021.785    14133.533
 68  TN+G4         6902.013     23  13850.027    13851.158    13962.905
 69  TN+I+G4       6902.053     24  13852.106    13853.337    13969.893
 70  TN+R2         6913.816     24  13875.632    13876.863    13993.418
 71  TN+R3         6901.024     26  13854.049    13855.492    13981.650
 72  TN+R4         6901.071     28  13858.143    13859.815    13995.560
 73  TN+R5         Skipped 
 74  TN+R6         Skipped 
 75  TN+R7         Skipped 
 76  TN+R8         Skipped 
 77  TN+R9         Skipped 
 78  TN+R10        Skipped 
 79  K3P           7339.114     19  14716.229    14717.004    14809.476
 80  K3P+I         7096.573     20  14233.146    14234.004    14331.301
 81  K3P+G4        7021.944     20  14083.888    14084.746    14182.043
 82  K3P+I+G4      7021.688     21  14085.377    14086.321    14188.440
 83  K3P+R2        7033.994     21  14109.988    14110.933    14213.051
 84  K3P+R3        7019.919     23  14085.837    14086.969    14198.716
 85  K3P+R4        7019.969     25  14089.939    14091.274    14212.633
 86  K3P+R5        Skipped 
 87  K3P+R6        Skipped 
 88  K3P+R7        Skipped 
 89  K3P+R8        Skipped 
 90  K3P+R9        Skipped 
 91  K3P+R10       Skipped 
 92  K3Pu          7221.258     22  14486.515    14487.551    14594.486
 93  K3Pu+I        6977.707     23  14001.413    14002.545    14114.292
 94  K3Pu+G4       6885.190     23  13816.380    13817.512    13929.259
 95  K3Pu+I+G4     6885.627     24  13819.254    13820.485    13937.041
 96  K3Pu+R2       6896.321     24  13840.641    13841.872    13958.428
 97  K3Pu+R3       6884.692     26  13821.384    13822.827    13948.985
 98  K3Pu+R4       6884.738     28  13825.476    13827.149    13962.893
 99  K3Pu+R5       Skipped 
100  K3Pu+R6       Skipped 
101  K3Pu+R7       Skipped 
102  K3Pu+R8       Skipped 
103  K3Pu+R9       Skipped 
104  K3Pu+R10      Skipped 
105  TPM2          7232.831     22  14509.662    14510.698    14617.633
106  TPM2+I        6988.480     23  14022.961    14024.092    14135.839
107  TPM2+G4       6901.991     23  13849.982    13851.113    13962.860
108  TPM2+I+G4     6902.167     24  13852.333    13853.564    13970.119
109  TPM2+R2       6914.020     24  13876.041    13877.272    13993.827
110  TPM2+R3       6901.228     26  13854.456    13855.899    13982.058
111  TPM2+R4       6901.255     28  13858.510    13860.182    13995.927
112  TPM2+R5       Skipped 
113  TPM2+R6       Skipped 
114  TPM2+R7       Skipped 
115  TPM2+R8       Skipped 
116  TPM2+R9       Skipped 
117  TPM2+R10      Skipped 
118  TPM2u         7232.847     22  14509.693    14510.729    14617.664
119  TPM2u+I       6988.474     23  14022.948    14024.079    14135.826
120  TPM2u+G4      6901.990     23  13849.979    13851.110    13962.857
121  TPM2u+I+G4    6902.152     24  13852.304    13853.535    13970.090
122  TPM2u+R2      6914.017     24  13876.035    13877.266    13993.821
123  TPM2u+R3      6901.221     26  13854.443    13855.886    13982.045
124  TPM2u+R4      6901.253     28  13858.507    13860.179    13995.924
125  TPM2u+R5      Skipped 
126  TPM2u+R6      Skipped 
127  TPM2u+R7      Skipped 
128  TPM2u+R8      Skipped 
129  TPM2u+R9      Skipped 
130  TPM2u+R10     Skipped 
131  TPM3          7215.399     22  14474.797    14475.833    14582.768
132  TPM3+I        6978.546     23  14003.091    14004.223    14115.970
133  TPM3+G4       6884.530     23  13815.061    13816.192    13927.939
134  TPM3+I+G4     6884.875     24  13817.751    13818.981    13935.537
135  TPM3+R2       6897.141     24  13842.283    13843.513    13960.069
136  TPM3+R3       6883.435     26  13818.871    13820.314    13946.472
137  TPM3+R4       6883.485     28  13822.970    13824.642    13960.387
138  TPM3+R5       Skipped 
139  TPM3+R6       Skipped 
140  TPM3+R7       Skipped 
141  TPM3+R8       Skipped 
142  TPM3+R9       Skipped 
143  TPM3+R10      Skipped 
144  TPM3u         7215.407     22  14474.814    14475.850    14582.785
145  TPM3u+I       6978.553     23  14003.105    14004.236    14115.983
146  TPM3u+G4      6884.537     23  13815.073    13816.204    13927.951
147  TPM3u+I+G4    6884.836     24  13817.672    13818.902    13935.458
148  TPM3u+R2      6897.151     24  13842.303    13843.533    13960.089
149  TPM3u+R3      6883.410     26  13818.820    13820.263    13946.421
150  TPM3u+R4      6883.472     28  13822.943    13824.616    13960.360
151  TPM3u+R5      Skipped 
152  TPM3u+R6      Skipped 
153  TPM3u+R7      Skipped 
154  TPM3u+R8      Skipped 
155  TPM3u+R9      Skipped 
156  TPM3u+R10     Skipped 
157  TIMe          7338.627     20  14717.254    14718.112    14815.409
158  TIMe+I        7095.995     21  14233.991    14234.935    14337.053
159  TIMe+G4       7018.053     21  14078.106    14079.050    14181.169
160  TIMe+I+G4     7017.851     22  14079.702    14080.738    14187.673
161  TIMe+R2       7030.500     22  14104.999    14106.035    14212.970
162  TIMe+R3       7016.055     24  14080.109    14081.340    14197.895
163  TIMe+R4       7016.034     26  14084.069    14085.512    14211.670
164  TIMe+R5       Skipped 
165  TIMe+R6       Skipped 
166  TIMe+R7       Skipped 
167  TIMe+R8       Skipped 
168  TIMe+R9       Skipped 
169  TIMe+R10      Skipped 
170  TIM           7216.964     23  14479.928    14481.059    14592.807
171  TIM+I         6974.546     24  13997.093    13998.323    14114.879
172  TIM+G4        6885.057     24  13818.113    13819.344    13935.899
173  TIM+I+G4      6885.331     25  13820.661    13821.996    13943.355
174  TIM+R2        6896.071     25  13842.142    13843.477    13964.836
175  TIM+R3        6884.523     27  13823.046    13824.601    13955.555
176  TIM+R4        6884.579     29  13827.158    13828.951    13969.482
177  TIM+R5        Skipped 
178  TIM+R6        Skipped 
179  TIM+R7        Skipped 
180  TIM+R8        Skipped 
181  TIM+R9        Skipped 
182  TIM+R10       Skipped 
183  TIM2e         7329.676     20  14699.353    14700.211    14797.508
184  TIM2e+I       7086.188     21  14214.375    14215.320    14317.438
185  TIM2e+G4      7005.581     21  14053.162    14054.106    14156.224
186  TIM2e+I+G4    7005.221     22  14054.442    14055.477    14162.412
187  TIM2e+R2      7019.976     22  14083.952    14084.988    14191.922
188  TIM2e+R3      7002.289     24  14052.579    14053.809    14170.365
189  TIM2e+R4      7001.681     26  14055.362    14056.805    14182.963
190  TIM2e+R5      Skipped 
191  TIM2e+R6      Skipped 
192  TIM2e+R7      Skipped 
193  TIM2e+R8      Skipped 
194  TIM2e+R9      Skipped 
195  TIM2e+R10     Skipped 
196  TIM2          7228.746     23  14503.493    14504.624    14616.371
197  TIM2+I        6985.165     24  14018.331    14019.561    14136.117
198  TIM2+G4       6901.854     24  13851.709    13852.939    13969.495
199  TIM2+I+G4     6901.750     25  13853.500    13854.834    13976.194
200  TIM2+R2       6913.734     25  13877.468    13878.802    14000.161
201  TIM2+R3       6900.882     27  13855.764    13857.320    13988.274
202  TIM2+R4       6900.923     29  13859.845    13861.639    14002.170
203  TIM2+R5       Skipped 
204  TIM2+R6       Skipped 
205  TIM2+R7       Skipped 
206  TIM2+R8       Skipped 
207  TIM2+R9       Skipped 
208  TIM2+R10      Skipped 
209  TIM3e         7338.103     20  14716.206    14717.064    14814.361
210  TIM3e+I       7097.962     21  14237.925    14238.870    14340.988
211  TIM3e+G4      7020.250     21  14082.500    14083.445    14185.563
212  TIM3e+I+G4    7020.060     22  14084.120    14085.156    14192.091
213  TIM3e+R2      7032.700     22  14109.400    14110.436    14217.370
214  TIM3e+R3      7018.200     24  14084.400    14085.631    14202.186
215  TIM3e+R4      7018.176     26  14088.352    14089.795    14215.954
216  TIM3e+R5      Skipped 
217  TIM3e+R6      Skipped 
218  TIM3e+R7      Skipped 
219  TIM3e+R8      Skipped 
220  TIM3e+R9      Skipped 
221  TIM3e+R10     Skipped 
222  TIM3          7209.278     23  14464.555    14465.687    14577.434
223  TIM3+I        6974.930     24  13997.860    13999.090    14115.646
224  TIM3+G4       6883.841     24  13815.681    13816.912    13933.467
225  TIM3+I+G4     6884.200     25  13818.400    13819.735    13941.094
226  TIM3+R2       6896.109     25  13842.217    13843.552    13964.911
227  TIM3+R3       6883.055     27  13820.111    13821.666    13952.620
228  TIM3+R4       6883.054     29  13824.108    13825.902    13966.433
229  TIM3+R5       Skipped 
230  TIM3+R6       Skipped 
231  TIM3+R7       Skipped 
232  TIM3+R8       Skipped 
233  TIM3+R9       Skipped 
234  TIM3+R10      Skipped 
235  TVMe          7322.745     21  14687.491    14688.436    14790.554
236  TVMe+I        7079.893     22  14203.787    14204.823    14311.757
237  TVMe+G4       7001.611     22  14047.222    14048.257    14155.192
238  TVMe+I+G4     7001.221     23  14048.442    14049.573    14161.320
239  TVMe+R2       7015.690     23  14077.380    14078.511    14190.259
240  TVMe+R3       6998.256     25  14046.513    14047.848    14169.207
241  TVMe+R4       6998.216     27  14050.432    14051.987    14182.941
242  TVMe+R5       Skipped 
243  TVMe+R6       Skipped 
244  TVMe+R7       Skipped 
245  TVMe+R8       Skipped 
246  TVMe+R9       Skipped 
247  TVMe+R10      Skipped 
248  TVM           7207.677     24  14463.354    14464.585    14581.140
249  TVM+I         6969.749     25  13989.498    13990.833    14112.192
250  TVM+G4        6877.035     25  13804.070    13805.405    13926.764
251  TVM+I+G4      6877.429     26  13806.859    13808.302    13934.460
252  TVM+R2        6888.894     26  13829.787    13831.230    13957.389
253  TVM+R3        6876.144     28  13808.287    13809.960    13945.705
254  TVM+R4        6876.054     30  13812.107    13814.027    13959.340
255  TVM+R5        Skipped 
256  TVM+R6        Skipped 
257  TVM+R7        Skipped 
258  TVM+R8        Skipped 
259  TVM+R9        Skipped 
260  TVM+R10       Skipped 
261  SYM           7322.388     22  14688.776    14689.812    14796.747
262  SYM+I         7079.307     23  14204.613    14205.744    14317.492
263  SYM+G4        6995.880     23  14037.760    14038.891    14150.639
264  SYM+I+G4      6995.581     24  14039.162    14040.393    14156.948
265  SYM+R2        7011.018     24  14070.037    14071.267    14187.823
266  SYM+R3        6992.447     26  14036.894    14038.337    14164.496
267  SYM+R4        6992.098     28  14040.196    14041.869    14177.613
268  SYM+R5        Skipped 
269  SYM+R6        Skipped 
270  SYM+R7        Skipped 
271  SYM+R8        Skipped 
272  SYM+R9        Skipped 
273  SYM+R10       Skipped 
274  GTR           7201.364     25  14452.729    14454.064    14575.423
275  GTR+I         6966.187     26  13984.375    13985.818    14111.977
276  GTR+G4        6876.340     26  13804.680    13806.123    13932.282
277  GTR+I+G4      6876.730     27  13807.459    13809.015    13939.968
278  GTR+R2        6888.109     27  13830.219    13831.774    13962.728
279  GTR+R3        6875.336     29  13808.672    13810.466    13950.997
280  GTR+R4        6875.344     31  13812.687    13814.737    13964.828
281  GTR+R5        Skipped 
282  GTR+R6        Skipped 
283  GTR+R7        Skipped 
284  GTR+R8        Skipped 
285  GTR+R9        Skipped 
286  GTR+R10       Skipped 
Akaike Information Criterion:           TVM+G4
Corrected Akaike Information Criterion: TVM+G4
Bayesian Information Criterion:         TVM+G4
Best-fit model: TVM+G4 chosen according to BIC

All model information printed to ./results/gene4.phy.model
CPU time for ModelFinder: 14.242 seconds (0h:0m:14s)
Wall-clock time for ModelFinder: 19.548 seconds (0h:0m:19s)
Generating 1000 samples for ultrafast bootstrap (seed: 843208)...

NOTE: 2 MB RAM (0 GB) is required!
Estimate model parameters (epsilon = 0.100)
1. Initial log-likelihood: -7127.670
2. Current log-likelihood: -6910.694
3. Current log-likelihood: -6894.936
4. Current log-likelihood: -6880.275
5. Current log-likelihood: -6879.774
Optimal log-likelihood: -6879.701
Rate parameters:  A-C: 2.371  A-G: 4.458  A-T: 0.612  C-G: 1.222  C-T: 4.458  G-T: 1.000
Base frequencies:   A: 0.408  C: 0.148  G: 0.202  T: 0.243
Gamma shape alpha: 0.504
Parameters optimization took 5 rounds (0.093 sec)
Computing ML distances based on estimated model parameters... 0.001 sec
Computing BIONJ tree...
0.000 seconds
Log-likelihood of BIONJ tree: -6879.698
--------------------------------------------------------------------
|             INITIALIZING CANDIDATE TREE SET                      |
--------------------------------------------------------------------
Generating 98 parsimony trees... 0.071 second
Computing log-likelihood of 93 initial trees ... 0.341 seconds
Current best score: -6879.698

Do NNI search on 20 best initial trees
Estimate model parameters (epsilon = 0.100)
BETTER TREE FOUND at iteration 1: -6876.279
Estimate model parameters (epsilon = 0.100)
BETTER TREE FOUND at iteration 3: -6876.229
Iteration 10 / LogL: -6876.259 / Time: 0h:0m:20s
UPDATE BEST LOG-LIKELIHOOD: -6876.228
Iteration 20 / LogL: -6876.229 / Time: 0h:0m:20s
Finish initializing candidate tree set (4)
Current best tree score: -6876.228 / CPU time: 1.154
Number of iterations: 20
--------------------------------------------------------------------
|               OPTIMIZING CANDIDATE TREE SET                      |
--------------------------------------------------------------------
UPDATE BEST LOG-LIKELIHOOD: -6876.228
UPDATE BEST LOG-LIKELIHOOD: -6876.228
Iteration 30 / LogL: -6876.228 / Time: 0h:0m:21s (0h:0m:4s left)
Iteration 40 / LogL: -6876.228 / Time: 0h:0m:21s (0h:0m:3s left)
Iteration 50 / LogL: -6876.228 / Time: 0h:0m:21s (0h:0m:2s left)
Log-likelihood cutoff on original alignment: -6886.091
Iteration 60 / LogL: -6876.228 / Time: 0h:0m:22s (0h:0m:1s left)
UPDATE BEST LOG-LIKELIHOOD: -6876.228
Iteration 70 / LogL: -6876.229 / Time: 0h:0m:22s (0h:0m:1s left)
UPDATE BEST LOG-LIKELIHOOD: -6876.228
Iteration 80 / LogL: -6876.229 / Time: 0h:0m:22s (0h:0m:1s left)
UPDATE BEST LOG-LIKELIHOOD: -6876.228
Iteration 90 / LogL: -6876.260 / Time: 0h:0m:23s (0h:0m:0s left)
Iteration 100 / LogL: -6876.788 / Time: 0h:0m:23s (0h:0m:0s left)
Log-likelihood cutoff on original alignment: -6886.091
NOTE: Bootstrap correlation coefficient of split occurrence frequencies: 0.990
NOTE: UFBoot does not converge, continue at least 100 more iterations
Iteration 110 / LogL: -6876.255 / Time: 0h:0m:24s (0h:0m:3s left)
Iteration 120 / LogL: -6876.273 / Time: 0h:0m:24s (0h:0m:3s left)
Iteration 130 / LogL: -6876.228 / Time: 0h:0m:24s (0h:0m:2s left)
Iteration 140 / LogL: -6876.229 / Time: 0h:0m:25s (0h:0m:2s left)
UPDATE BEST LOG-LIKELIHOOD: -6876.228
Iteration 150 / LogL: -6876.228 / Time: 0h:0m:25s (0h:0m:2s left)
Log-likelihood cutoff on original alignment: -6885.563
UPDATE BEST LOG-LIKELIHOOD: -6876.228
Iteration 160 / LogL: -6876.264 / Time: 0h:0m:25s (0h:0m:1s left)
Iteration 170 / LogL: -6876.256 / Time: 0h:0m:26s (0h:0m:1s left)
UPDATE BEST LOG-LIKELIHOOD: -6876.228
Iteration 180 / LogL: -6876.259 / Time: 0h:0m:26s (0h:0m:0s left)
Iteration 190 / LogL: -6876.228 / Time: 0h:0m:26s (0h:0m:0s left)
Iteration 200 / LogL: -6876.261 / Time: 0h:0m:27s (0h:0m:0s left)
Log-likelihood cutoff on original alignment: -6885.563
NOTE: Bootstrap correlation coefficient of split occurrence frequencies: 0.991
TREE SEARCH COMPLETED AFTER 200 ITERATIONS / Time: 0h:0m:27s

--------------------------------------------------------------------
|                    FINALIZING TREE SEARCH                        |
--------------------------------------------------------------------
Performs final model parameters optimization
Estimate model parameters (epsilon = 0.010)
1. Initial log-likelihood: -6876.228
2. Current log-likelihood: -6876.212
Optimal log-likelihood: -6876.205
Rate parameters:  A-C: 2.350  A-G: 4.388  A-T: 0.594  C-G: 1.165  C-T: 4.388  G-T: 1.000
Base frequencies:   A: 0.408  C: 0.148  G: 0.202  T: 0.243
Gamma shape alpha: 0.501
Parameters optimization took 2 rounds (0.013 sec)
BEST SCORE FOUND : -6876.205
Creating bootstrap support values...
Split supports printed to NEXUS file ./results/gene4.phy.splits.nex
Total tree length: 2.822

Total number of iterations: 200
CPU time used for tree search: 7.453 sec (0h:0m:7s)
Wall-clock time used for tree search: 7.603 sec (0h:0m:7s)
Total CPU time used: 21.852 sec (0h:0m:21s)
Total wall-clock time used: 27.313 sec (0h:0m:27s)

Computing bootstrap consensus tree...
Reading input file ./results/gene4.phy.splits.nex...
10 taxa and 122 splits.
Consensus tree written to ./results/gene4.phy.contree
Reading input trees file ./results/gene4.phy.contree
Log-likelihood of consensus tree: -6876.205

Analysis results written to: 
  IQ-TREE report:                ./results/gene4.phy.iqtree
  Maximum-likelihood tree:       ./results/gene4.phy.treefile
  Likelihood distances:          ./results/gene4.phy.mldist

Ultrafast bootstrap approximation results written to:
  Split support values:          ./results/gene4.phy.splits.nex
  Consensus tree:                ./results/gene4.phy.contree
  Screen log file:               ./results/gene4.phy.log

Date and Time: Tue Aug 22 18:33:22 2017
