IQ-TREE multicore version 1.5.4 for Linux 64-bit built Apr  2 2017
Copyright (c) 2011-2017 by Bui Quang Minh, Nguyen Lam Tung,
Olga Chernomor, Heiko Schmidt, and Arndt von Haeseler.

Host:    hpc-crick (AVX, 251 GB RAM)
Command: iqtree -s ./results/gene17.phy -nt 1 -bb 1000
Seed:    95437 (Using SPRNG - Scalable Parallel Random Number Generator)
Time:    Tue Aug 22 18:29:09 2017
Kernel:  AVX - 1 threads (40 CPU cores detected)

Reading alignment file ./results/gene17.phy ... Phylip format detected
Alignment most likely contains DNA/RNA sequences
Alignment has 10 sequences with 1000 columns and 446 patterns (298 informative sites, 420 constant sites)
   Gap/Ambiguity  Composition  p-value
   1  A    0.00%    passed     89.97%
   2  B    0.00%    passed     73.10%
   3  C    0.00%    passed     42.44%
   4  D    0.00%    passed     43.61%
   5  E    0.00%    passed     90.23%
   6  F    0.00%    passed     63.72%
   7  G    0.00%    passed     98.52%
   8  H    0.00%    passed     74.65%
   9  I    0.00%    passed     87.68%
  10  J    0.00%    passed     51.95%
****  TOTAL    0.00%  0 sequences failed composition chi2 test (p-value<5%; df=3)

Create initial parsimony tree by phylogenetic likelihood library (PLL)... 0.001 seconds

NOTE: ModelFinder requires 3 MB RAM!
ModelFinder will test 286 DNA models (sample size: 1000) ...
 No. Model         -LnL         df  AIC          AICc         BIC
  1  JC            6973.979     17  13981.957    13982.581    14065.389
  2  JC+I          6770.088     18  13576.176    13576.873    13664.515
  3  JC+G4         6725.040     18  13486.079    13486.777    13574.419
  4  JC+I+G4       6724.791     19  13487.582    13488.357    13580.829
  5  JC+R2         6731.543     19  13501.087    13501.862    13594.334
  6  JC+R3         6723.217     21  13488.435    13489.380    13591.498
  7  JC+R4         6723.089     23  13492.177    13493.308    13605.055
  8  JC+R5         Skipped 
  9  JC+R6         Skipped 
 10  JC+R7         Skipped 
 11  JC+R8         Skipped 
 12  JC+R9         Skipped 
 13  JC+R10        Skipped 
 14  F81           6874.846     20  13789.693    13790.551    13887.848
 15  F81+I         6676.249     21  13394.497    13395.442    13497.560
 16  F81+G4        6624.360     21  13290.721    13291.666    13393.784
 17  F81+I+G4      6624.481     22  13292.961    13293.997    13400.932
 18  F81+R2        6630.761     22  13305.523    13306.559    13413.493
 19  F81+R3        6623.095     24  13294.190    13295.421    13411.976
 20  F81+R4        6622.998     26  13297.997    13299.440    13425.598
 21  F81+R5        Skipped 
 22  F81+R6        Skipped 
 23  F81+R7        Skipped 
 24  F81+R8        Skipped 
 25  F81+R9        Skipped 
 26  F81+R10       Skipped 
 27  K2P           6829.211     18  13694.422    13695.120    13782.762
 28  K2P+I         6612.837     19  13263.675    13264.450    13356.922
 29  K2P+G4        6552.760     19  13143.520    13144.296    13236.768
 30  K2P+I+G4      6552.635     20  13145.270    13146.128    13243.425
 31  K2P+R2        6561.462     20  13162.925    13163.783    13261.080
 32  K2P+R3        6550.097     22  13144.194    13145.230    13252.165
 33  K2P+R4        6550.002     24  13148.004    13149.234    13265.790
 34  K2P+R5        Skipped 
 35  K2P+R6        Skipped 
 36  K2P+R7        Skipped 
 37  K2P+R8        Skipped 
 38  K2P+R9        Skipped 
 39  K2P+R10       Skipped 
 40  HKY           6714.965     21  13471.930    13472.875    13574.993
 41  HKY+I         6513.319     22  13070.637    13071.673    13178.608
 42  HKY+G4        6445.058     22  12934.116    12935.152    13042.087
 43  HKY+I+G4      6445.180     23  12936.360    12937.491    13049.239
 44  HKY+R2        6452.853     23  12951.706    12952.837    13064.584
 45  HKY+R3        6443.609     25  12937.219    12938.554    13059.913
 46  HKY+R4        6442.912     27  12939.824    12941.379    13072.333
 47  HKY+R5        Skipped 
 48  HKY+R6        Skipped 
 49  HKY+R7        Skipped 
 50  HKY+R8        Skipped 
 51  HKY+R9        Skipped 
 52  HKY+R10       Skipped 
 53  TNe           6827.143     19  13692.286    13693.062    13785.534
 54  TNe+I         6610.527     20  13261.054    13261.912    13359.209
 55  TNe+G4        6550.247     20  13140.494    13141.352    13238.649
 56  TNe+I+G4      6549.807     21  13141.614    13142.559    13244.677
 57  TNe+R2        6559.670     21  13161.340    13162.285    13264.403
 58  TNe+R3        6546.865     23  13139.730    13140.861    13252.608
 59  TNe+R4        6543.235     25  13136.470    13137.805    13259.164
 60  TNe+R5        Skipped 
 61  TNe+R6        Skipped 
 62  TNe+R7        Skipped 
 63  TNe+R8        Skipped 
 64  TNe+R9        Skipped 
 65  TNe+R10       Skipped 
 66  TN            6714.705     22  13473.410    13474.445    13581.380
 67  TN+I          6512.639     23  13071.278    13072.409    13184.156
 68  TN+G4         6444.338     23  12934.676    12935.807    13047.554
 69  TN+I+G4       6444.523     24  12937.045    12938.276    13054.831
 70  TN+R2         6451.797     24  12951.595    12952.825    13069.381
 71  TN+R3         6443.133     26  12938.265    12939.708    13065.867
 72  TN+R4         6441.997     28  12939.993    12941.666    13077.410
 73  TN+R5         Skipped 
 74  TN+R6         Skipped 
 75  TN+R7         Skipped 
 76  TN+R8         Skipped 
 77  TN+R9         Skipped 
 78  TN+R10        Skipped 
 79  K3P           6825.445     19  13688.890    13689.666    13782.138
 80  K3P+I         6608.467     20  13256.933    13257.791    13355.088
 81  K3P+G4        6548.362     20  13136.724    13137.582    13234.879
 82  K3P+I+G4      6548.080     21  13138.160    13139.105    13241.223
 83  K3P+R2        6557.129     21  13156.258    13157.203    13259.321
 84  K3P+R3        6545.734     23  13137.469    13138.600    13250.347
 85  K3P+R4        6542.618     25  13135.237    13136.571    13257.930
 86  K3P+R5        Skipped 
 87  K3P+R6        Skipped 
 88  K3P+R7        Skipped 
 89  K3P+R8        Skipped 
 90  K3P+R9        Skipped 
 91  K3P+R10       Skipped 
 92  K3Pu          6700.797     22  13445.595    13446.630    13553.565
 93  K3Pu+I        6501.057     23  13048.115    13049.246    13160.993
 94  K3Pu+G4       6433.046     23  12912.092    12913.223    13024.970
 95  K3Pu+I+G4     6433.119     24  12914.238    12915.468    13032.024
 96  K3Pu+R2       6440.475     24  12928.951    12930.182    13046.737
 97  K3Pu+R3       6432.224     26  12916.449    12917.892    13044.051
 98  K3Pu+R4       6430.587     28  12917.175    12918.847    13054.592
 99  K3Pu+R5       Skipped 
100  K3Pu+R6       Skipped 
101  K3Pu+R7       Skipped 
102  K3Pu+R8       Skipped 
103  K3Pu+R9       Skipped 
104  K3Pu+R10      Skipped 
105  TPM2          6711.835     22  13467.670    13468.706    13575.640
106  TPM2+I        6504.668     23  13055.337    13056.468    13168.215
107  TPM2+G4       6440.396     23  12926.791    12927.922    13039.670
108  TPM2+I+G4     6440.431     24  12928.862    12930.093    13046.648
109  TPM2+R2       6448.003     24  12944.006    12945.237    13061.792
110  TPM2+R3       6438.998     26  12929.997    12931.440    13057.598
111  TPM2+R4       6438.008     28  12932.016    12933.688    13069.433
112  TPM2+R5       Skipped 
113  TPM2+R6       Skipped 
114  TPM2+R7       Skipped 
115  TPM2+R8       Skipped 
116  TPM2+R9       Skipped 
117  TPM2+R10      Skipped 
118  TPM2u         6711.840     22  13467.681    13468.717    13575.651
119  TPM2u+I       6504.730     23  13055.459    13056.590    13168.338
120  TPM2u+G4      6440.436     23  12926.872    12928.003    13039.751
121  TPM2u+I+G4    6440.415     24  12928.830    12930.061    13046.616
122  TPM2u+R2      6447.927     24  12943.854    12945.085    13061.640
123  TPM2u+R3      6438.991     26  12929.981    12931.424    13057.583
124  TPM2u+R4      6437.994     28  12931.988    12933.661    13069.405
125  TPM2u+R5      Skipped 
126  TPM2u+R6      Skipped 
127  TPM2u+R7      Skipped 
128  TPM2u+R8      Skipped 
129  TPM2u+R9      Skipped 
130  TPM2u+R10     Skipped 
131  TPM3          6676.791     22  13397.582    13398.618    13505.552
132  TPM3+I        6485.255     23  13016.511    13017.642    13129.389
133  TPM3+G4       6414.619     23  12875.237    12876.368    12988.115
134  TPM3+I+G4     6414.937     24  12877.874    12879.105    12995.660
135  TPM3+R2       6420.795     24  12889.589    12890.820    13007.376
136  TPM3+R3       6414.487     26  12880.975    12882.418    13008.577
137  TPM3+R4       Skipped 
138  TPM3+R5       Skipped 
139  TPM3+R6       Skipped 
140  TPM3+R7       Skipped 
141  TPM3+R8       Skipped 
142  TPM3+R9       Skipped 
143  TPM3+R10      Skipped 
144  TPM3u         6676.665     22  13397.329    13398.365    13505.300
145  TPM3u+I       6485.238     23  13016.475    13017.606    13129.354
146  TPM3u+G4      6414.569     23  12875.138    12876.269    12988.017
147  TPM3u+I+G4    6414.909     24  12877.818    12879.049    12995.604
148  TPM3u+R2      6420.791     24  12889.582    12890.813    13007.368
149  TPM3u+R3      6414.450     26  12880.900    12882.343    13008.501
150  TPM3u+R4      Skipped 
151  TPM3u+R5      Skipped 
152  TPM3u+R6      Skipped 
153  TPM3u+R7      Skipped 
154  TPM3u+R8      Skipped 
155  TPM3u+R9      Skipped 
156  TPM3u+R10     Skipped 
157  TIMe          6823.423     20  13686.847    13687.705    13785.002
158  TIMe+I        6606.275     21  13254.550    13255.495    13357.613
159  TIMe+G4       6545.822     21  13133.644    13134.589    13236.707
160  TIMe+I+G4     6545.319     22  13134.639    13135.675    13242.610
161  TIMe+R2       6555.310     22  13154.621    13155.657    13262.592
162  TIMe+R3       6542.479     24  13132.958    13134.189    13250.744
163  TIMe+R4       6538.766     26  13129.533    13130.976    13257.134
164  TIMe+R5       Skipped 
165  TIMe+R6       Skipped 
166  TIMe+R7       Skipped 
167  TIMe+R8       Skipped 
168  TIMe+R9       Skipped 
169  TIMe+R10      Skipped 
170  TIM           6700.191     23  13446.382    13447.514    13559.261
171  TIM+I         6500.163     24  13048.327    13049.557    13166.113
172  TIM+G4        6432.493     24  12912.987    12914.218    13030.773
173  TIM+I+G4      6432.606     25  12915.212    12916.547    13037.906
174  TIM+R2        6439.696     25  12929.391    12930.726    13052.085
175  TIM+R3        6431.738     27  12917.476    12919.032    13049.986
176  TIM+R4        6430.356     29  12918.712    12920.506    13061.037
177  TIM+R5        Skipped 
178  TIM+R6        Skipped 
179  TIM+R7        Skipped 
180  TIM+R8        Skipped 
181  TIM+R9        Skipped 
182  TIM+R10       Skipped 
183  TIM2e         6807.381     20  13654.763    13655.621    13752.918
184  TIM2e+I       6579.525     21  13201.050    13201.994    13304.113
185  TIM2e+G4      6512.487     21  13066.974    13067.918    13170.036
186  TIM2e+I+G4    6511.917     22  13067.833    13068.869    13175.804
187  TIM2e+R2      6524.509     22  13093.018    13094.054    13200.989
188  TIM2e+R3      6508.925     24  13065.851    13067.081    13183.637
189  TIM2e+R4      6508.446     26  13068.892    13070.335    13196.494
190  TIM2e+R5      Skipped 
191  TIM2e+R6      Skipped 
192  TIM2e+R7      Skipped 
193  TIM2e+R8      Skipped 
194  TIM2e+R9      Skipped 
195  TIM2e+R10     Skipped 
196  TIM2          6711.542     23  13469.084    13470.215    13581.963
197  TIM2+I        6504.103     24  13056.207    13057.438    13173.993
198  TIM2+G4       6439.398     24  12926.797    12928.028    13044.583
199  TIM2+I+G4     6439.459     25  12928.917    12930.252    13051.611
200  TIM2+R2       6446.630     25  12943.259    12944.594    13065.953
201  TIM2+R3       6438.529     27  12931.058    12932.613    13063.567
202  TIM2+R4       6437.396     29  12932.793    12934.586    13075.117
203  TIM2+R5       Skipped 
204  TIM2+R6       Skipped 
205  TIM2+R7       Skipped 
206  TIM2+R8       Skipped 
207  TIM2+R9       Skipped 
208  TIM2+R10      Skipped 
209  TIM3e         6813.007     20  13666.015    13666.873    13764.170
210  TIM3e+I       6600.240     21  13242.481    13243.425    13345.543
211  TIM3e+G4      6540.190     21  13122.380    13123.325    13225.443
212  TIM3e+I+G4    6539.825     22  13123.650    13124.686    13231.621
213  TIM3e+R2      6548.919     22  13141.837    13142.873    13249.808
214  TIM3e+R3      6537.677     24  13123.355    13124.585    13241.141
215  TIM3e+R4      6534.688     26  13121.376    13122.819    13248.977
216  TIM3e+R5      Skipped 
217  TIM3e+R6      Skipped 
218  TIM3e+R7      Skipped 
219  TIM3e+R8      Skipped 
220  TIM3e+R9      Skipped 
221  TIM3e+R10     Skipped 
222  TIM3          6675.511     23  13397.023    13398.154    13509.901
223  TIM3+I        6484.522     24  13017.043    13018.274    13134.829
224  TIM3+G4       6413.285     24  12874.570    12875.801    12992.356
225  TIM3+I+G4     6413.629     25  12877.258    12878.592    12999.952
226  TIM3+R2       6419.468     25  12888.936    12890.271    13011.630
227  TIM3+R3       6413.163     27  12880.326    12881.882    13012.835
228  TIM3+R4       Skipped 
229  TIM3+R5       Skipped 
230  TIM3+R6       Skipped 
231  TIM3+R7       Skipped 
232  TIM3+R8       Skipped 
233  TIM3+R9       Skipped 
234  TIM3+R10      Skipped 
235  TVMe          6795.186     21  13632.373    13633.317    13735.435
236  TVMe+I        6570.756     22  13185.513    13186.548    13293.483
237  TVMe+G4       6504.735     22  13053.470    13054.506    13161.440
238  TVMe+I+G4     6504.346     23  13054.693    13055.824    13167.571
239  TVMe+R2       6515.296     23  13076.592    13077.723    13189.470
240  TVMe+R3       6501.754     25  13053.508    13054.843    13176.202
241  TVMe+R4       6501.351     27  13056.702    13058.258    13189.212
242  TVMe+R5       Skipped 
243  TVMe+R6       Skipped 
244  TVMe+R7       Skipped 
245  TVMe+R8       Skipped 
246  TVMe+R9       Skipped 
247  TVMe+R10      Skipped 
248  TVM           6670.485     24  13388.970    13390.201    13506.756
249  TVM+I         6473.897     25  12997.793    12999.128    13120.487
250  TVM+G4        6406.332     25  12862.663    12863.998    12985.357
251  TVM+I+G4      6406.485     26  12864.970    12866.413    12992.572
252  TVM+R2        6412.709     26  12877.418    12878.861    13005.019
253  TVM+R3        6406.173     28  12868.346    12870.018    13005.763
254  TVM+R4        Skipped 
255  TVM+R5        Skipped 
256  TVM+R6        Skipped 
257  TVM+R7        Skipped 
258  TVM+R8        Skipped 
259  TVM+R9        Skipped 
260  TVM+R10       Skipped 
261  SYM           6793.411     22  13630.822    13631.857    13738.792
262  SYM+I         6568.072     23  13182.145    13183.276    13295.023
263  SYM+G4        6500.248     23  13046.496    13047.627    13159.375
264  SYM+I+G4      6499.718     24  13047.436    13048.666    13165.222
265  SYM+R2        6511.832     24  13071.665    13072.895    13189.451
266  SYM+R3        6497.180     26  13046.360    13047.803    13173.962
267  SYM+R4        6496.637     28  13049.274    13050.947    13186.692
268  SYM+R5        Skipped 
269  SYM+R6        Skipped 
270  SYM+R7        Skipped 
271  SYM+R8        Skipped 
272  SYM+R9        Skipped 
273  SYM+R10       Skipped 
274  GTR           6669.173     25  13388.346    13389.681    13511.040
275  GTR+I         6472.736     26  12997.472    12998.915    13125.074
276  GTR+G4        6404.626     26  12861.251    12862.694    12988.853
277  GTR+I+G4      6404.844     27  12863.688    12865.243    12996.197
278  GTR+R2        6411.008     27  12876.016    12877.572    13008.526
279  GTR+R3        6404.445     29  12866.890    12868.683    13009.215
280  GTR+R4        Skipped 
281  GTR+R5        Skipped 
282  GTR+R6        Skipped 
283  GTR+R7        Skipped 
284  GTR+R8        Skipped 
285  GTR+R9        Skipped 
286  GTR+R10       Skipped 
Akaike Information Criterion:           GTR+G4
Corrected Akaike Information Criterion: GTR+G4
Bayesian Information Criterion:         TVM+G4
Best-fit model: TVM+G4 chosen according to BIC

All model information printed to ./results/gene17.phy.model
CPU time for ModelFinder: 9.738 seconds (0h:0m:9s)
Wall-clock time for ModelFinder: 10.878 seconds (0h:0m:10s)
Generating 1000 samples for ultrafast bootstrap (seed: 95437)...

NOTE: 2 MB RAM (0 GB) is required!
Estimate model parameters (epsilon = 0.100)
1. Initial log-likelihood: -6679.260
2. Current log-likelihood: -6415.980
3. Current log-likelihood: -6407.703
4. Current log-likelihood: -6406.998
Optimal log-likelihood: -6406.939
Rate parameters:  A-C: 3.878  A-G: 6.327  A-T: 0.870  C-G: 1.693  C-T: 6.327  G-T: 1.000
Base frequencies:   A: 0.377  C: 0.155  G: 0.198  T: 0.269
Gamma shape alpha: 0.564
Parameters optimization took 4 rounds (0.097 sec)
Computing ML distances based on estimated model parameters... 0.001 sec
Computing BIONJ tree...
0.000 seconds
Log-likelihood of BIONJ tree: -6407.093
--------------------------------------------------------------------
|             INITIALIZING CANDIDATE TREE SET                      |
--------------------------------------------------------------------
Generating 98 parsimony trees... 0.066 second
Computing log-likelihood of 93 initial trees ... 0.465 seconds
Current best score: -6406.939

Do NNI search on 20 best initial trees
Estimate model parameters (epsilon = 0.100)
BETTER TREE FOUND at iteration 1: -6403.690
Estimate model parameters (epsilon = 0.100)
BETTER TREE FOUND at iteration 3: -6403.502
Iteration 10 / LogL: -6403.692 / Time: 0h:0m:12s
Iteration 20 / LogL: -6403.583 / Time: 0h:0m:12s
Finish initializing candidate tree set (12)
Current best tree score: -6403.502 / CPU time: 1.906
Number of iterations: 20
--------------------------------------------------------------------
|               OPTIMIZING CANDIDATE TREE SET                      |
--------------------------------------------------------------------
Iteration 30 / LogL: -6403.503 / Time: 0h:0m:13s (0h:0m:6s left)
UPDATE BEST LOG-LIKELIHOOD: -6403.501
Iteration 40 / LogL: -6403.583 / Time: 0h:0m:13s (0h:0m:4s left)
Iteration 50 / LogL: -6403.693 / Time: 0h:0m:14s (0h:0m:3s left)
Log-likelihood cutoff on original alignment: -6409.133
Iteration 60 / LogL: -6403.583 / Time: 0h:0m:14s (0h:0m:2s left)
Iteration 70 / LogL: -6403.693 / Time: 0h:0m:14s (0h:0m:1s left)
Iteration 80 / LogL: -6403.583 / Time: 0h:0m:15s (0h:0m:1s left)
UPDATE BEST LOG-LIKELIHOOD: -6403.501
UPDATE BEST LOG-LIKELIHOOD: -6403.501
Iteration 90 / LogL: -6403.501 / Time: 0h:0m:15s (0h:0m:0s left)
Iteration 100 / LogL: -6403.583 / Time: 0h:0m:16s (0h:0m:0s left)
Log-likelihood cutoff on original alignment: -6409.133
NOTE: Bootstrap correlation coefficient of split occurrence frequencies: 0.993
TREE SEARCH COMPLETED AFTER 104 ITERATIONS / Time: 0h:0m:16s

--------------------------------------------------------------------
|                    FINALIZING TREE SEARCH                        |
--------------------------------------------------------------------
Performs final model parameters optimization
Estimate model parameters (epsilon = 0.010)
1. Initial log-likelihood: -6403.501
2. Current log-likelihood: -6403.490
Optimal log-likelihood: -6403.485
Rate parameters:  A-C: 3.906  A-G: 6.358  A-T: 0.878  C-G: 1.641  C-T: 6.358  G-T: 1.000
Base frequencies:   A: 0.377  C: 0.155  G: 0.198  T: 0.269
Gamma shape alpha: 0.565
Parameters optimization took 2 rounds (0.012 sec)
BEST SCORE FOUND : -6403.485
Creating bootstrap support values...
Split supports printed to NEXUS file ./results/gene17.phy.splits.nex
Total tree length: 2.161

Total number of iterations: 104
CPU time used for tree search: 4.250 sec (0h:0m:4s)
Wall-clock time used for tree search: 5.236 sec (0h:0m:5s)
Total CPU time used: 14.136 sec (0h:0m:14s)
Total wall-clock time used: 16.276 sec (0h:0m:16s)

Computing bootstrap consensus tree...
Reading input file ./results/gene17.phy.splits.nex...
10 taxa and 187 splits.
Consensus tree written to ./results/gene17.phy.contree
Reading input trees file ./results/gene17.phy.contree
Log-likelihood of consensus tree: -6403.692

Analysis results written to: 
  IQ-TREE report:                ./results/gene17.phy.iqtree
  Maximum-likelihood tree:       ./results/gene17.phy.treefile
  Likelihood distances:          ./results/gene17.phy.mldist

Ultrafast bootstrap approximation results written to:
  Split support values:          ./results/gene17.phy.splits.nex
  Consensus tree:                ./results/gene17.phy.contree
  Screen log file:               ./results/gene17.phy.log

Date and Time: Tue Aug 22 18:29:25 2017
