IQ-TREE multicore version 1.5.4 for Linux 64-bit built Apr  2 2017
Copyright (c) 2011-2017 by Bui Quang Minh, Nguyen Lam Tung,
Olga Chernomor, Heiko Schmidt, and Arndt von Haeseler.

Host:    hpc-crick (AVX, 251 GB RAM)
Command: iqtree -s ./results/gene6.phy -nt 1 -bb 1000
Seed:    418708 (Using SPRNG - Scalable Parallel Random Number Generator)
Time:    Tue Aug 22 17:36:24 2017
Kernel:  AVX - 1 threads (40 CPU cores detected)

Reading alignment file ./results/gene6.phy ... Phylip format detected
Alignment most likely contains DNA/RNA sequences
Alignment has 10 sequences with 1000 columns and 483 patterns (327 informative sites, 393 constant sites)
   Gap/Ambiguity  Composition  p-value
   1  A    0.00%    passed     73.04%
   2  B    0.00%    passed     94.31%
   3  C    0.00%    passed     97.50%
   4  D    0.00%    passed     71.61%
   5  E    0.00%    passed     64.45%
   6  F    0.00%    passed     63.92%
   7  G    0.00%    passed     46.52%
   8  H    0.00%    passed     65.69%
   9  I    0.00%    passed     94.34%
  10  J    0.00%    passed     97.77%
****  TOTAL    0.00%  0 sequences failed composition chi2 test (p-value<5%; df=3)

Create initial parsimony tree by phylogenetic likelihood library (PLL)... 0.001 seconds

NOTE: ModelFinder requires 3 MB RAM!
ModelFinder will test 286 DNA models (sample size: 1000) ...
 No. Model         -LnL         df  AIC          AICc         BIC
  1  JC            7591.806     17  15217.613    15218.236    15301.045
  2  JC+I          7335.232     18  14706.464    14707.162    14794.804
  3  JC+G4         7273.953     18  14583.907    14584.604    14672.246
  4  JC+I+G4       7274.201     19  14586.402    14587.178    14679.650
  5  JC+R2         7276.164     19  14590.327    14591.103    14683.574
  6  JC+R3         7273.376     21  14588.752    14589.697    14691.815
  7  JC+R4         Skipped 
  8  JC+R5         Skipped 
  9  JC+R6         Skipped 
 10  JC+R7         Skipped 
 11  JC+R8         Skipped 
 12  JC+R9         Skipped 
 13  JC+R10        Skipped 
 14  F81           7449.285     20  14938.569    14939.427    15036.725
 15  F81+I         7191.264     21  14424.528    14425.473    14527.591
 16  F81+G4        7122.455     21  14286.910    14287.855    14389.973
 17  F81+I+G4      7122.790     22  14289.580    14290.616    14397.551
 18  F81+R2        7123.773     22  14291.545    14292.581    14399.516
 19  F81+R3        7121.359     24  14290.719    14291.950    14408.505
 20  F81+R4        Skipped 
 21  F81+R5        Skipped 
 22  F81+R6        Skipped 
 23  F81+R7        Skipped 
 24  F81+R8        Skipped 
 25  F81+R9        Skipped 
 26  F81+R10       Skipped 
 27  K2P           7448.718     18  14933.435    14934.133    15021.775
 28  K2P+I         7178.708     19  14395.417    14396.192    14488.664
 29  K2P+G4        7103.374     19  14244.747    14245.523    14337.994
 30  K2P+I+G4      7103.853     20  14247.707    14248.565    14345.862
 31  K2P+R2        7108.351     20  14256.702    14257.560    14354.857
 32  K2P+R3        7103.287     22  14250.573    14251.609    14358.544
 33  K2P+R4        Skipped 
 34  K2P+R5        Skipped 
 35  K2P+R6        Skipped 
 36  K2P+R7        Skipped 
 37  K2P+R8        Skipped 
 38  K2P+R9        Skipped 
 39  K2P+R10       Skipped 
 40  HKY           7302.846     21  14647.692    14648.637    14750.755
 41  HKY+I         7034.567     22  14113.134    14114.169    14221.104
 42  HKY+G4        6948.843     22  13941.687    13942.723    14049.657
 43  HKY+I+G4      6949.319     23  13944.638    13945.769    14057.517
 44  HKY+R2        6951.769     23  13949.538    13950.670    14062.417
 45  HKY+R3        6947.169     25  13944.338    13945.673    14067.032
 46  HKY+R4        Skipped 
 47  HKY+R5        Skipped 
 48  HKY+R6        Skipped 
 49  HKY+R7        Skipped 
 50  HKY+R8        Skipped 
 51  HKY+R9        Skipped 
 52  HKY+R10       Skipped 
 53  TNe           7448.463     19  14934.926    14935.701    15028.173
 54  TNe+I         7177.973     20  14395.946    14396.804    14494.101
 55  TNe+G4        7100.770     20  14241.541    14242.399    14339.696
 56  TNe+I+G4      7101.115     21  14244.230    14245.175    14347.293
 57  TNe+R2        7106.558     21  14255.116    14256.061    14358.179
 58  TNe+R3        7100.774     23  14247.547    14248.678    14360.425
 59  TNe+R4        Skipped 
 60  TNe+R5        Skipped 
 61  TNe+R6        Skipped 
 62  TNe+R7        Skipped 
 63  TNe+R8        Skipped 
 64  TNe+R9        Skipped 
 65  TNe+R10       Skipped 
 66  TN            7297.763     22  14639.526    14640.562    14747.496
 67  TN+I          7031.113     23  14108.226    14109.357    14221.104
 68  TN+G4         6946.702     23  13939.404    13940.535    14052.282
 69  TN+I+G4       6947.166     24  13942.332    13943.562    14060.118
 70  TN+R2         6948.808     24  13945.616    13946.847    14063.402
 71  TN+R3         6944.839     26  13941.677    13943.120    14069.279
 72  TN+R4         Skipped 
 73  TN+R5         Skipped 
 74  TN+R6         Skipped 
 75  TN+R7         Skipped 
 76  TN+R8         Skipped 
 77  TN+R9         Skipped 
 78  TN+R10        Skipped 
 79  K3P           7444.936     19  14927.872    14928.648    15021.119
 80  K3P+I         7173.566     20  14387.132    14387.990    14485.287
 81  K3P+G4        7096.215     20  14232.431    14233.289    14330.586
 82  K3P+I+G4      7096.663     21  14235.325    14236.270    14338.388
 83  K3P+R2        7100.697     21  14243.395    14244.339    14346.457
 84  K3P+R3        7096.027     23  14238.053    14239.184    14350.931
 85  K3P+R4        Skipped 
 86  K3P+R5        Skipped 
 87  K3P+R6        Skipped 
 88  K3P+R7        Skipped 
 89  K3P+R8        Skipped 
 90  K3P+R9        Skipped 
 91  K3P+R10       Skipped 
 92  K3Pu          7286.042     22  14616.083    14617.119    14724.054
 93  K3Pu+I        7019.776     23  14085.552    14086.683    14198.431
 94  K3Pu+G4       6929.768     23  13905.537    13906.668    14018.415
 95  K3Pu+I+G4     6930.428     24  13908.856    13910.087    14026.642
 96  K3Pu+R2       6929.727     24  13907.454    13908.685    14025.240
 97  K3Pu+R3       6926.588     26  13905.176    13906.619    14032.778
 98  K3Pu+R4       Skipped 
 99  K3Pu+R5       Skipped 
100  K3Pu+R6       Skipped 
101  K3Pu+R7       Skipped 
102  K3Pu+R8       Skipped 
103  K3Pu+R9       Skipped 
104  K3Pu+R10      Skipped 
105  TPM2          7302.841     22  14649.682    14650.718    14757.653
106  TPM2+I        7034.244     23  14114.488    14115.619    14227.366
107  TPM2+G4       6948.844     23  13943.687    13944.818    14056.565
108  TPM2+I+G4     6949.189     24  13946.377    13947.608    14064.163
109  TPM2+R2       6951.771     24  13951.542    13952.773    14069.328
110  TPM2+R3       6947.164     26  13946.329    13947.772    14073.930
111  TPM2+R4       Skipped 
112  TPM2+R5       Skipped 
113  TPM2+R6       Skipped 
114  TPM2+R7       Skipped 
115  TPM2+R8       Skipped 
116  TPM2+R9       Skipped 
117  TPM2+R10      Skipped 
118  TPM2u         7302.836     22  14649.671    14650.707    14757.642
119  TPM2u+I       7034.244     23  14114.488    14115.619    14227.366
120  TPM2u+G4      6948.843     23  13943.686    13944.818    14056.565
121  TPM2u+I+G4    6949.166     24  13946.331    13947.562    14064.117
122  TPM2u+R2      6951.773     24  13951.545    13952.776    14069.331
123  TPM2u+R3      6947.099     26  13946.198    13947.641    14073.799
124  TPM2u+R4      Skipped 
125  TPM2u+R5      Skipped 
126  TPM2u+R6      Skipped 
127  TPM2u+R7      Skipped 
128  TPM2u+R8      Skipped 
129  TPM2u+R9      Skipped 
130  TPM2u+R10     Skipped 
131  TPM3          7268.294     22  14580.587    14581.623    14688.558
132  TPM3+I        7015.589     23  14077.177    14078.308    14190.055
133  TPM3+G4       6928.341     23  13902.681    13903.813    14015.560
134  TPM3+I+G4     6928.876     24  13905.751    13906.982    14023.537
135  TPM3+R2       6928.840     24  13905.681    13906.911    14023.467
136  TPM3+R3       6925.437     26  13902.874    13904.317    14030.476
137  TPM3+R4       Skipped 
138  TPM3+R5       Skipped 
139  TPM3+R6       Skipped 
140  TPM3+R7       Skipped 
141  TPM3+R8       Skipped 
142  TPM3+R9       Skipped 
143  TPM3+R10      Skipped 
144  TPM3u         7268.311     22  14580.623    14581.659    14688.593
145  TPM3u+I       7015.584     23  14077.168    14078.299    14190.046
146  TPM3u+G4      6928.285     23  13902.570    13903.701    14015.448
147  TPM3u+I+G4    6928.838     24  13905.677    13906.908    14023.463
148  TPM3u+R2      6928.828     24  13905.656    13906.887    14023.442
149  TPM3u+R3      6925.418     26  13902.837    13904.280    14030.439
150  TPM3u+R4      Skipped 
151  TPM3u+R5      Skipped 
152  TPM3u+R6      Skipped 
153  TPM3u+R7      Skipped 
154  TPM3u+R8      Skipped 
155  TPM3u+R9      Skipped 
156  TPM3u+R10     Skipped 
157  TIMe          7444.702     20  14929.404    14930.262    15027.559
158  TIMe+I        7172.838     21  14387.675    14388.620    14490.738
159  TIMe+G4       7093.548     21  14229.096    14230.041    14332.159
160  TIMe+I+G4     7093.845     22  14231.689    14232.725    14339.660
161  TIMe+R2       7098.890     22  14241.781    14242.816    14349.751
162  TIMe+R3       7093.513     24  14235.026    14236.257    14352.812
163  TIMe+R4       Skipped 
164  TIMe+R5       Skipped 
165  TIMe+R6       Skipped 
166  TIMe+R7       Skipped 
167  TIMe+R8       Skipped 
168  TIMe+R9       Skipped 
169  TIMe+R10      Skipped 
170  TIM           7280.446     23  14606.892    14608.023    14719.770
171  TIM+I         7016.398     24  14080.797    14082.027    14198.583
172  TIM+G4        6927.953     24  13903.905    13905.136    14021.692
173  TIM+I+G4      6928.517     25  13907.035    13908.370    14029.729
174  TIM+R2        6926.834     25  13903.669    13905.003    14026.362
175  TIM+R3        6924.480     27  13902.960    13904.516    14035.470
176  TIM+R4        Skipped 
177  TIM+R5        Skipped 
178  TIM+R6        Skipped 
179  TIM+R7        Skipped 
180  TIM+R8        Skipped 
181  TIM+R9        Skipped 
182  TIM+R10       Skipped 
183  TIM2e         7440.963     20  14921.925    14922.783    15020.080
184  TIM2e+I       7167.911     21  14377.822    14378.766    14480.884
185  TIM2e+G4      7082.171     21  14206.342    14207.287    14309.405
186  TIM2e+I+G4    7082.232     22  14208.463    14209.499    14316.434
187  TIM2e+R2      7092.306     22  14228.613    14229.648    14336.583
188  TIM2e+R3      7082.074     24  14212.148    14213.379    14329.935
189  TIM2e+R4      7081.815     26  14215.631    14217.074    14343.233
190  TIM2e+R5      Skipped 
191  TIM2e+R6      Skipped 
192  TIM2e+R7      Skipped 
193  TIM2e+R8      Skipped 
194  TIM2e+R9      Skipped 
195  TIM2e+R10     Skipped 
196  TIM2          7297.718     23  14641.437    14642.568    14754.315
197  TIM2+I        7030.813     24  14109.626    14110.857    14227.412
198  TIM2+G4       6946.580     24  13941.160    13942.390    14058.946
199  TIM2+I+G4     6946.971     25  13943.941    13945.276    14066.635
200  TIM2+R2       6948.729     25  13947.457    13948.792    14070.151
201  TIM2+R3       6944.898     27  13943.796    13945.352    14076.306
202  TIM2+R4       Skipped 
203  TIM2+R5       Skipped 
204  TIM2+R6       Skipped 
205  TIM2+R7       Skipped 
206  TIM2+R8       Skipped 
207  TIM2+R9       Skipped 
208  TIM2+R10      Skipped 
209  TIM3e         7439.752     20  14919.504    14920.362    15017.659
210  TIM3e+I       7172.685     21  14387.371    14388.316    14490.434
211  TIM3e+G4      7095.502     21  14233.004    14233.949    14336.067
212  TIM3e+I+G4    7095.744     22  14235.487    14236.523    14343.458
213  TIM3e+R2      7100.527     22  14245.055    14246.091    14353.025
214  TIM3e+R3      7095.488     24  14238.976    14240.207    14356.762
215  TIM3e+R4      Skipped 
216  TIM3e+R5      Skipped 
217  TIM3e+R6      Skipped 
218  TIM3e+R7      Skipped 
219  TIM3e+R8      Skipped 
220  TIM3e+R9      Skipped 
221  TIM3e+R10     Skipped 
222  TIM3          7260.444     23  14566.888    14568.020    14679.767
223  TIM3+I        7012.371     24  14072.741    14073.972    14190.527
224  TIM3+G4       6925.796     24  13899.592    13900.823    14017.378
225  TIM3+I+G4     6926.343     25  13902.685    13904.020    14025.379
226  TIM3+R2       6925.701     25  13901.403    13902.737    14024.097
227  TIM3+R3       6922.609     27  13899.218    13900.773    14031.727
228  TIM3+R4       Skipped 
229  TIM3+R5       Skipped 
230  TIM3+R6       Skipped 
231  TIM3+R7       Skipped 
232  TIM3+R8       Skipped 
233  TIM3+R9       Skipped 
234  TIM3+R10      Skipped 
235  TVMe          7431.763     21  14905.526    14906.470    15008.588
236  TVMe+I        7160.547     22  14365.094    14366.129    14473.064
237  TVMe+G4       7075.436     22  14194.871    14195.907    14302.842
238  TVMe+I+G4     7075.629     23  14197.258    14198.389    14310.136
239  TVMe+R2       7083.811     23  14213.623    14214.754    14326.501
240  TVMe+R3       7075.482     25  14200.965    14202.299    14323.659
241  TVMe+R4       7075.323     27  14204.646    14206.201    14337.155
242  TVMe+R5       Skipped 
243  TVMe+R6       Skipped 
244  TVMe+R7       Skipped 
245  TVMe+R8       Skipped 
246  TVMe+R9       Skipped 
247  TVMe+R10      Skipped 
248  TVM           7264.384     24  14576.767    14577.998    14694.553
249  TVM+I         7010.026     25  14070.052    14071.387    14192.746
250  TVM+G4        6920.173     25  13890.346    13891.680    14013.040
251  TVM+I+G4      6920.777     26  13893.554    13894.997    14021.156
252  TVM+R2        6920.051     26  13892.102    13893.545    14019.704
253  TVM+R3        6917.049     28  13890.098    13891.770    14027.515
254  TVM+R4        Skipped 
255  TVM+R5        Skipped 
256  TVM+R6        Skipped 
257  TVM+R7        Skipped 
258  TVM+R8        Skipped 
259  TVM+R9        Skipped 
260  TVM+R10       Skipped 
261  SYM           7431.630     22  14907.259    14908.295    15015.230
262  SYM+I         7159.814     23  14365.627    14366.758    14478.506
263  SYM+G4        7070.923     23  14187.846    14188.977    14300.724
264  SYM+I+G4      7070.888     24  14189.776    14191.007    14307.563
265  SYM+R2        7080.751     24  14209.501    14210.732    14327.287
266  SYM+R3        7070.700     26  14193.399    14194.842    14321.001
267  SYM+R4        7070.475     28  14196.950    14198.622    14334.367
268  SYM+R5        Skipped 
269  SYM+R6        Skipped 
270  SYM+R7        Skipped 
271  SYM+R8        Skipped 
272  SYM+R9        Skipped 
273  SYM+R10       Skipped 
274  GTR           7256.558     25  14563.116    14564.451    14685.810
275  GTR+I         7006.796     26  14065.592    14067.035    14193.194
276  GTR+G4        6917.456     26  13886.912    13888.355    14014.513
277  GTR+I+G4      6918.015     27  13890.031    13891.586    14022.540
278  GTR+R2        6916.756     27  13887.513    13889.068    14020.022
279  GTR+R3        6913.892     29  13885.783    13887.577    14028.108
280  GTR+R4        Skipped 
281  GTR+R5        Skipped 
282  GTR+R6        Skipped 
283  GTR+R7        Skipped 
284  GTR+R8        Skipped 
285  GTR+R9        Skipped 
286  GTR+R10       Skipped 
Akaike Information Criterion:           GTR+R3
Corrected Akaike Information Criterion: GTR+R3
Bayesian Information Criterion:         TVM+G4
Best-fit model: TVM+G4 chosen according to BIC

All model information printed to ./results/gene6.phy.model
CPU time for ModelFinder: 8.081 seconds (0h:0m:8s)
Wall-clock time for ModelFinder: 9.967 seconds (0h:0m:9s)
Generating 1000 samples for ultrafast bootstrap (seed: 418708)...

NOTE: 2 MB RAM (0 GB) is required!
Estimate model parameters (epsilon = 0.100)
1. Initial log-likelihood: -7186.791
2. Current log-likelihood: -6951.478
3. Current log-likelihood: -6924.121
4. Current log-likelihood: -6923.669
Optimal log-likelihood: -6923.649
Rate parameters:  A-C: 1.954  A-G: 3.692  A-T: 0.418  C-G: 0.939  C-T: 3.692  G-T: 1.000
Base frequencies:   A: 0.429  C: 0.138  G: 0.196  T: 0.237
Gamma shape alpha: 0.521
Parameters optimization took 4 rounds (0.085 sec)
Computing ML distances based on estimated model parameters... 0.002 sec
Computing BIONJ tree...
0.000 seconds
Log-likelihood of BIONJ tree: -6920.041
--------------------------------------------------------------------
|             INITIALIZING CANDIDATE TREE SET                      |
--------------------------------------------------------------------
Generating 98 parsimony trees... 0.072 second
Computing log-likelihood of 93 initial trees ... 0.385 seconds
Current best score: -6920.041

Do NNI search on 20 best initial trees
Estimate model parameters (epsilon = 0.100)
BETTER TREE FOUND at iteration 1: -6918.689
Estimate model parameters (epsilon = 0.100)
BETTER TREE FOUND at iteration 4: -6918.269
Iteration 10 / LogL: -6918.702 / Time: 0h:0m:10s
Iteration 20 / LogL: -6918.523 / Time: 0h:0m:11s
Finish initializing candidate tree set (5)
Current best tree score: -6918.269 / CPU time: 1.343
Number of iterations: 20
--------------------------------------------------------------------
|               OPTIMIZING CANDIDATE TREE SET                      |
--------------------------------------------------------------------
UPDATE BEST LOG-LIKELIHOOD: -6918.267
UPDATE BEST LOG-LIKELIHOOD: -6918.267
Iteration 30 / LogL: -6919.667 / Time: 0h:0m:11s (0h:0m:4s left)
Iteration 40 / LogL: -6919.308 / Time: 0h:0m:12s (0h:0m:3s left)
Iteration 50 / LogL: -6918.267 / Time: 0h:0m:12s (0h:0m:2s left)
Log-likelihood cutoff on original alignment: -6927.888
Iteration 60 / LogL: -6918.273 / Time: 0h:0m:13s (0h:0m:2s left)
Iteration 70 / LogL: -6918.267 / Time: 0h:0m:13s (0h:0m:1s left)
UPDATE BEST LOG-LIKELIHOOD: -6918.267
Iteration 80 / LogL: -6918.267 / Time: 0h:0m:14s (0h:0m:1s left)
UPDATE BEST LOG-LIKELIHOOD: -6918.267
UPDATE BEST LOG-LIKELIHOOD: -6918.267
UPDATE BEST LOG-LIKELIHOOD: -6918.267
Iteration 90 / LogL: -6918.267 / Time: 0h:0m:14s (0h:0m:0s left)
Iteration 100 / LogL: -6919.305 / Time: 0h:0m:15s (0h:0m:0s left)
Log-likelihood cutoff on original alignment: -6927.888
NOTE: Bootstrap correlation coefficient of split occurrence frequencies: 0.992
TREE SEARCH COMPLETED AFTER 105 ITERATIONS / Time: 0h:0m:15s

--------------------------------------------------------------------
|                    FINALIZING TREE SEARCH                        |
--------------------------------------------------------------------
Performs final model parameters optimization
Estimate model parameters (epsilon = 0.010)
1. Initial log-likelihood: -6918.267
Optimal log-likelihood: -6918.259
Rate parameters:  A-C: 1.977  A-G: 3.702  A-T: 0.438  C-G: 0.943  C-T: 3.702  G-T: 1.000
Base frequencies:   A: 0.429  C: 0.138  G: 0.196  T: 0.237
Gamma shape alpha: 0.525
Parameters optimization took 1 rounds (0.008 sec)
BEST SCORE FOUND : -6918.259
Creating bootstrap support values...
Split supports printed to NEXUS file ./results/gene6.phy.splits.nex
Total tree length: 2.669

Total number of iterations: 105
CPU time used for tree search: 4.928 sec (0h:0m:4s)
Wall-clock time used for tree search: 5.673 sec (0h:0m:5s)
Total CPU time used: 13.158 sec (0h:0m:13s)
Total wall-clock time used: 15.816 sec (0h:0m:15s)

Computing bootstrap consensus tree...
Reading input file ./results/gene6.phy.splits.nex...
10 taxa and 127 splits.
Consensus tree written to ./results/gene6.phy.contree
Reading input trees file ./results/gene6.phy.contree
Log-likelihood of consensus tree: -6918.258

Analysis results written to: 
  IQ-TREE report:                ./results/gene6.phy.iqtree
  Maximum-likelihood tree:       ./results/gene6.phy.treefile
  Likelihood distances:          ./results/gene6.phy.mldist

Ultrafast bootstrap approximation results written to:
  Split support values:          ./results/gene6.phy.splits.nex
  Consensus tree:                ./results/gene6.phy.contree
  Screen log file:               ./results/gene6.phy.log

Date and Time: Tue Aug 22 17:36:40 2017
