IQ-TREE multicore version 1.5.5 for Mac OS X 64-bit built Jun  2 2017
Copyright (c) 2011-2017 by Bui Quang Minh, Nguyen Lam Tung,
Olga Chernomor, Heiko Schmidt, and Arndt von Haeseler.

Host:    gary-grants-macbook-5.local (AVX, 16 GB RAM)
Command: iqtree-omp -s ./results/gene16.phy -nt AUTO
Seed:    46731 (Using SPRNG - Scalable Parallel Random Number Generator)
Time:    Thu Aug  3 18:04:17 2017
Kernel:  AVX - auto-detect threads (4 CPU cores detected)

Reading alignment file ./results/gene16.phy ... Phylip format detected
Alignment most likely contains DNA/RNA sequences
Alignment has 10 sequences with 2000 columns and 929 patterns (703 informative sites, 770 constant sites)
   Gap/Ambiguity  Composition  p-value
   1  A    0.00%    passed     74.00%
   2  B    0.00%    passed     84.20%
   3  C    0.00%    passed     85.28%
   4  D    0.00%    passed     88.06%
   5  E    0.00%    passed     31.20%
   6  F    0.00%    passed     71.97%
   7  G    0.00%    passed     77.46%
   8  H    0.00%    passed     97.12%
   9  I    0.00%    passed     83.33%
  10  J    0.00%    passed     92.02%
****  TOTAL    0.00%  0 sequences failed composition chi2 test (p-value<5%; df=3)

Create initial parsimony tree by phylogenetic likelihood library (PLL)... 0.001 seconds

NOTE: ModelFinder requires 3 MB RAM!
ModelFinder will test 286 DNA models (sample size: 2000) ...
 No. Model         -LnL         df  AIC          AICc         BIC
Measuring multi-threading efficiency up to 4 CPU cores
Increase to 10 rounds for branch lengths
707 trees examined
Threads: 1 / Time: 4.006 sec / Speedup: 1.000 / Efficiency: 100% / LogL: -15522
Threads: 2 / Time: 2.666 sec / Speedup: 1.503 / Efficiency: 75% / LogL: -15522
Threads: 3 / Time: 2.853 sec / Speedup: 1.404 / Efficiency: 47% / LogL: -15522
BEST NUMBER OF THREADS: 2

  1  JC            15440.346    17  30914.692    30915.000    31009.907
  2  JC+I          14892.995    18  29821.989    29822.334    29922.805
  3  JC+G4         14773.184    18  29582.368    29582.713    29683.184
  4  JC+I+G4       14771.832    19  29581.663    29582.047    29688.080
  5  JC+R2         14781.542    19  29601.084    29601.467    29707.501
  6  JC+R3         14770.905    21  29583.809    29584.276    29701.428
  7  JC+R4         14770.874    23  29587.748    29588.306    29716.568
  8  JC+R5         Skipped 
  9  JC+R6         Skipped 
 10  JC+R7         Skipped 
 11  JC+R8         Skipped 
 12  JC+R9         Skipped 
 13  JC+R10        Skipped 
 14  F81           15255.117    20  30550.234    30550.658    30662.252
 15  F81+I         14703.152    21  29448.303    29448.770    29565.922
 16  F81+G4        14554.302    21  29150.605    29151.072    29268.224
 17  F81+I+G4      14553.503    22  29151.006    29151.518    29274.226
 18  F81+R2        14570.870    22  29185.741    29186.252    29308.960
 19  F81+R3        14553.195    24  29154.390    29154.998    29288.812
 20  F81+R4        14553.213    26  29158.427    29159.138    29304.050
 21  F81+R5        Skipped 
 22  F81+R6        Skipped 
 23  F81+R7        Skipped 
 24  F81+R8        Skipped 
 25  F81+R9        Skipped 
 26  F81+R10       Skipped 
 27  K2P           15160.024    18  30356.047    30356.392    30456.863
 28  K2P+I         14589.221    19  29216.441    29216.825    29322.858
 29  K2P+G4        14432.259    19  28902.518    28902.902    29008.935
 30  K2P+I+G4      14431.168    20  28902.335    28902.760    29014.353
 31  K2P+R2        14454.377    20  28948.754    28949.178    29060.772
 32  K2P+R3        14430.352    22  28904.704    28905.216    29027.924
 33  K2P+R4        14430.345    24  28908.690    28909.297    29043.111
 34  K2P+R5        Skipped 
 35  K2P+R6        Skipped 
 36  K2P+R7        Skipped 
 37  K2P+R8        Skipped 
 38  K2P+R9        Skipped 
 39  K2P+R10       Skipped 
 40  HKY           14946.977    21  29935.955    29936.422    30053.574
 41  HKY+I         14378.718    22  28801.435    28801.947    28924.655
 42  HKY+G4        14165.756    22  28375.513    28376.025    28498.733
 43  HKY+I+G4      14166.246    23  28378.492    28379.051    28507.313
 44  HKY+R2        14198.026    23  28442.052    28442.611    28570.873
 45  HKY+R3        14165.057    25  28380.115    28380.773    28520.137
 46  HKY+R4        14164.987    27  28383.975    28384.741    28535.199
 47  HKY+R5        Skipped 
 48  HKY+R6        Skipped 
 49  HKY+R7        Skipped 
 50  HKY+R8        Skipped 
 51  HKY+R9        Skipped 
 52  HKY+R10       Skipped 
 53  TNe           15157.538    19  30353.076    30353.460    30459.493
 54  TNe+I         14586.852    20  29213.705    29214.129    29325.723
 55  TNe+G4        14423.144    20  28886.288    28886.713    28998.306
 56  TNe+I+G4      14421.911    21  28885.822    28886.290    29003.441
 57  TNe+R2        14449.477    21  28940.954    28941.421    29058.573
 58  TNe+R3        14420.256    23  28886.512    28887.071    29015.333
 59  TNe+R4        14420.254    25  28890.507    28891.166    29030.530
 60  TNe+R5        Skipped 
 61  TNe+R6        Skipped 
 62  TNe+R7        Skipped 
 63  TNe+R8        Skipped 
 64  TNe+R9        Skipped 
 65  TNe+R10       Skipped 
 66  TN            14946.341    22  29936.682    29937.194    30059.902
 67  TN+I          14377.426    23  28800.851    28801.410    28929.672
 68  TN+G4         14165.564    23  28377.129    28377.687    28505.949
 69  TN+I+G4       14166.060    24  28380.120    28380.727    28514.541
 70  TN+R2         14198.053    24  28444.107    28444.714    28578.528
 71  TN+R3         14164.820    26  28381.640    28382.351    28527.263
 72  TN+R4         14164.757    28  28385.514    28386.338    28542.340
 73  TN+R5         Skipped 
 74  TN+R6         Skipped 
 75  TN+R7         Skipped 
 76  TN+R8         Skipped 
 77  TN+R9         Skipped 
 78  TN+R10        Skipped 
 79  K3P           15156.700    19  30351.399    30351.783    30457.816
 80  K3P+I         14585.608    20  29211.215    29211.640    29323.233
 81  K3P+G4        14426.672    20  28893.344    28893.769    29005.362
 82  K3P+I+G4      14425.538    21  28893.076    28893.543    29010.695
 83  K3P+R2        14449.158    21  28940.317    28940.784    29057.936
 84  K3P+R3        14424.725    23  28895.449    28896.008    29024.270
 85  K3P+R4        14424.719    25  28899.438    28900.097    29039.461
 86  K3P+R5        Skipped 
 87  K3P+R6        Skipped 
 88  K3P+R7        Skipped 
 89  K3P+R8        Skipped 
 90  K3P+R9        Skipped 
 91  K3P+R10       Skipped 
 92  K3Pu          14932.000    22  29908.000    29908.512    30031.220
 93  K3Pu+I        14368.499    23  28782.998    28783.556    28911.819
 94  K3Pu+G4       14147.794    23  28341.588    28342.147    28470.409
 95  K3Pu+I+G4     14148.126    24  28344.251    28344.859    28478.673
 96  K3Pu+R2       14178.785    24  28405.569    28406.177    28539.991
 97  K3Pu+R3       14146.800    26  28345.599    28346.311    28491.223
 98  K3Pu+R4       14146.888    28  28349.776    28350.600    28506.602
 99  K3Pu+R5       Skipped 
100  K3Pu+R6       Skipped 
101  K3Pu+R7       Skipped 
102  K3Pu+R8       Skipped 
103  K3Pu+R9       Skipped 
104  K3Pu+R10      Skipped 
105  TPM2          14933.422    22  29910.843    29911.355    30034.063
106  TPM2+I        14360.806    23  28767.612    28768.170    28896.432
107  TPM2+G4       14164.288    23  28374.576    28375.135    28503.397
108  TPM2+I+G4     14164.354    24  28376.708    28377.315    28511.129
109  TPM2+R2       14195.166    24  28438.331    28438.939    28572.753
110  TPM2+R3       14163.332    26  28378.665    28379.377    28524.288
111  TPM2+R4       14163.326    28  28382.652    28383.476    28539.477
112  TPM2+R5       Skipped 
113  TPM2+R6       Skipped 
114  TPM2+R7       Skipped 
115  TPM2+R8       Skipped 
116  TPM2+R9       Skipped 
117  TPM2+R10      Skipped 
118  TPM2u         14933.378    22  29910.757    29911.269    30033.977
119  TPM2u+I       14360.814    23  28767.627    28768.186    28896.448
120  TPM2u+G4      14164.290    23  28374.579    28375.138    28503.400
121  TPM2u+I+G4    14164.339    24  28376.679    28377.286    28511.100
122  TPM2u+R2      14195.162    24  28438.324    28438.931    28572.746
123  TPM2u+R3      14163.335    26  28378.670    28379.382    28524.293
124  TPM2u+R4      14163.321    28  28382.641    28383.465    28539.466
125  TPM2u+R5      Skipped 
126  TPM2u+R6      Skipped 
127  TPM2u+R7      Skipped 
128  TPM2u+R8      Skipped 
129  TPM2u+R9      Skipped 
130  TPM2u+R10     Skipped 
131  TPM3          14920.999    22  29885.998    29886.510    30009.218
132  TPM3+I        14369.681    23  28785.362    28785.921    28914.183
133  TPM3+G4       14137.313    23  28320.626    28321.185    28449.447
134  TPM3+I+G4     14137.403    24  28322.807    28323.414    28457.228
135  TPM3+R2       14167.937    24  28383.874    28384.482    28518.296
136  TPM3+R3       14135.642    26  28323.285    28323.996    28468.908
137  TPM3+R4       14135.578    28  28327.157    28327.981    28483.982
138  TPM3+R5       Skipped 
139  TPM3+R6       Skipped 
140  TPM3+R7       Skipped 
141  TPM3+R8       Skipped 
142  TPM3+R9       Skipped 
143  TPM3+R10      Skipped 
144  TPM3u         14921.008    22  29886.016    29886.528    30009.236
145  TPM3u+I       14369.684    23  28785.368    28785.926    28914.188
146  TPM3u+G4      14137.327    23  28320.654    28321.213    28449.475
147  TPM3u+I+G4    14137.355    24  28322.711    28323.318    28457.132
148  TPM3u+R2      14167.951    24  28383.901    28384.509    28518.323
149  TPM3u+R3      14135.593    26  28323.185    28323.897    28468.809
150  TPM3u+R4      14135.551    28  28327.102    28327.926    28483.927
151  TPM3u+R5      Skipped 
152  TPM3u+R6      Skipped 
153  TPM3u+R7      Skipped 
154  TPM3u+R8      Skipped 
155  TPM3u+R9      Skipped 
156  TPM3u+R10     Skipped 
157  TIMe          15154.244    20  30348.489    30348.913    30460.507
158  TIMe+I        14583.281    21  29208.561    29209.029    29326.180
159  TIMe+G4       14417.541    21  28877.081    28877.548    28994.700
160  TIMe+I+G4     14416.611    22  28877.222    28877.734    29000.442
161  TIMe+R2       14444.241    22  28932.483    28932.995    29055.703
162  TIMe+R3       14414.581    24  28877.162    28877.770    29011.584
163  TIMe+R4       14414.626    26  28881.253    28881.964    29026.876
164  TIMe+R5       Skipped 
165  TIMe+R6       Skipped 
166  TIMe+R7       Skipped 
167  TIMe+R8       Skipped 
168  TIMe+R9       Skipped 
169  TIMe+R10      Skipped 
170  TIM           14930.931    23  29907.863    29908.421    30036.683
171  TIM+I         14367.177    24  28782.355    28782.962    28916.776
172  TIM+G4        14147.415    24  28342.829    28343.437    28477.251
173  TIM+I+G4      14147.646    25  28345.291    28345.950    28485.314
174  TIM+R2        14178.765    25  28407.529    28408.188    28547.552
175  TIM+R3        14146.656    27  28347.311    28348.078    28498.535
176  TIM+R4        14146.674    29  28351.349    28352.232    28513.775
177  TIM+R5        Skipped 
178  TIM+R6        Skipped 
179  TIM+R7        Skipped 
180  TIM+R8        Skipped 
181  TIM+R9        Skipped 
182  TIM+R10       Skipped 
183  TIM2e         15101.325    20  30242.650    30243.074    30354.668
184  TIM2e+I       14523.748    21  29089.495    29089.962    29207.114
185  TIM2e+G4      14362.757    21  28767.514    28767.981    28885.133
186  TIM2e+I+G4    14361.621    22  28767.242    28767.754    28890.462
187  TIM2e+R2      14390.131    22  28824.262    28824.773    28947.481
188  TIM2e+R3      14359.897    24  28767.794    28768.401    28902.215
189  TIM2e+R4      14359.880    26  28771.760    28772.471    28917.383
190  TIM2e+R5      Skipped 
191  TIM2e+R6      Skipped 
192  TIM2e+R7      Skipped 
193  TIM2e+R8      Skipped 
194  TIM2e+R9      Skipped 
195  TIM2e+R10     Skipped 
196  TIM2          14932.141    23  29910.283    29910.842    30039.104
197  TIM2+I        14359.497    24  28766.993    28767.601    28901.415
198  TIM2+G4       14164.306    24  28376.612    28377.219    28511.033
199  TIM2+I+G4     14164.209    25  28378.417    28379.076    28518.440
200  TIM2+R2       14194.892    25  28439.783    28440.442    28579.806
201  TIM2+R3       14163.329    27  28380.659    28381.426    28531.883
202  TIM2+R4       14163.329    29  28384.659    28385.542    28547.085
203  TIM2+R5       Skipped 
204  TIM2+R6       Skipped 
205  TIM2+R7       Skipped 
206  TIM2+R8       Skipped 
207  TIM2+R9       Skipped 
208  TIM2+R10      Skipped 
209  TIM3e         15151.481    20  30342.963    30343.387    30454.981
210  TIM3e+I       14585.161    21  29212.322    29212.789    29329.941
211  TIM3e+G4      14416.748    21  28875.497    28875.964    28993.116
212  TIM3e+I+G4    14415.925    22  28875.850    28876.362    28999.070
213  TIM3e+R2      14443.307    22  28930.614    28931.126    29053.834
214  TIM3e+R3      14413.920    24  28875.839    28876.447    29010.261
215  TIM3e+R4      14413.940    26  28879.881    28880.592    29025.504
216  TIM3e+R5      Skipped 
217  TIM3e+R6      Skipped 
218  TIM3e+R7      Skipped 
219  TIM3e+R8      Skipped 
220  TIM3e+R9      Skipped 
221  TIM3e+R10     Skipped 
222  TIM3          14919.044    23  29884.088    29884.647    30012.909
223  TIM3+I        14368.313    24  28784.627    28785.234    28919.049
224  TIM3+G4       14137.663    24  28323.325    28323.933    28457.747
225  TIM3+I+G4     14138.185    25  28326.370    28327.028    28466.392
226  TIM3+R2       14167.448    25  28384.895    28385.554    28524.918
227  TIM3+R3       14136.073    27  28326.146    28326.912    28477.370
228  TIM3+R4       14135.572    29  28329.144    28330.027    28491.570
229  TIM3+R5       Skipped 
230  TIM3+R6       Skipped 
231  TIM3+R7       Skipped 
232  TIM3+R8       Skipped 
233  TIM3+R9       Skipped 
234  TIM3+R10      Skipped 
235  TVMe          15095.770    21  30233.539    30234.006    30351.158
236  TVMe+I        14520.071    22  29084.143    29084.655    29207.363
237  TVMe+G4       14361.990    22  28767.979    28768.491    28891.199
238  TVMe+I+G4     14361.067    23  28768.135    28768.693    28896.956
239  TVMe+R2       14385.506    23  28817.012    28817.571    28945.833
240  TVMe+R3       14360.098    25  28770.196    28770.854    28910.218
241  TVMe+R4       14360.085    27  28774.170    28774.937    28925.394
242  TVMe+R5       Skipped 
243  TVMe+R6       Skipped 
244  TVMe+R7       Skipped 
245  TVMe+R8       Skipped 
246  TVMe+R9       Skipped 
247  TVMe+R10      Skipped 
248  TVM           14902.267    24  29852.534    29853.142    29986.956
249  TVM+I         14345.582    25  28741.165    28741.823    28881.187
250  TVM+G4        14127.551    25  28305.102    28305.761    28445.125
251  TVM+I+G4      14128.044    26  28308.088    28308.800    28453.712
252  TVM+R2        14157.741    26  28367.482    28368.193    28513.105
253  TVM+R3        14126.081    28  28308.163    28308.987    28464.988
254  TVM+R4        14126.210    30  28312.421    28313.365    28480.448
255  TVM+R5        Skipped 
256  TVM+R6        Skipped 
257  TVM+R7        Skipped 
258  TVM+R8        Skipped 
259  TVM+R9        Skipped 
260  TVM+R10       Skipped 
261  SYM           15093.428    22  30230.856    30231.368    30354.076
262  SYM+I         14517.814    23  29081.628    29082.186    29210.448
263  SYM+G4        14351.702    23  28749.404    28749.963    28878.225
264  SYM+I+G4      14350.683    24  28749.365    28749.973    28883.787
265  SYM+R2        14380.201    24  28808.402    28809.010    28942.824
266  SYM+R3        14349.073    26  28750.145    28750.857    28895.769
267  SYM+R4        14348.987    28  28753.973    28754.797    28910.798
268  SYM+R5        Skipped 
269  SYM+R6        Skipped 
270  SYM+R7        Skipped 
271  SYM+R8        Skipped 
272  SYM+R9        Skipped 
273  SYM+R10       Skipped 
274  GTR           14899.929    25  29849.858    29850.516    29989.880
275  GTR+I         14344.164    26  28740.329    28741.040    28885.952
276  GTR+G4        14127.439    26  28306.877    28307.589    28452.501
277  GTR+I+G4      14127.831    27  28309.661    28310.428    28460.885
278  GTR+R2        14156.819    27  28367.637    28368.404    28518.862
279  GTR+R3        14126.113    29  28310.226    28311.109    28472.652
280  GTR+R4        14125.917    31  28313.834    28314.842    28487.462
281  GTR+R5        Skipped 
282  GTR+R6        Skipped 
283  GTR+R7        Skipped 
284  GTR+R8        Skipped 
285  GTR+R9        Skipped 
286  GTR+R10       Skipped 
Akaike Information Criterion:           TVM+G4
Corrected Akaike Information Criterion: TVM+G4
Bayesian Information Criterion:         TVM+G4
Best-fit model: TVM+G4 chosen according to BIC

All model information printed to ./results/gene16.phy.model
CPU time for ModelFinder: 52.040 seconds (0h:0m:52s)
Wall-clock time for ModelFinder: 28.593 seconds (0h:0m:28s)

NOTE: 1 MB RAM (0 GB) is required!
Estimate model parameters (epsilon = 0.100)
1. Initial log-likelihood: -14698.394
2. Current log-likelihood: -14153.629
3. Current log-likelihood: -14130.957
4. Current log-likelihood: -14128.647
5. Current log-likelihood: -14128.445
Optimal log-likelihood: -14128.405
Rate parameters:  A-C: 2.514  A-G: 5.175  A-T: 0.768  C-G: 1.215  C-T: 5.175  G-T: 1.000
Base frequencies:   A: 0.386  C: 0.167  G: 0.194  T: 0.252
Gamma shape alpha: 0.478
Parameters optimization took 5 rounds (0.106 sec)
Computing ML distances based on estimated model parameters... 0.002 sec
Computing BIONJ tree...
0.006 seconds
Log-likelihood of BIONJ tree: -14125.583
--------------------------------------------------------------------
|             INITIALIZING CANDIDATE TREE SET                      |
--------------------------------------------------------------------
Generating 98 parsimony trees... 0.130 second
Computing log-likelihood of 93 initial trees ... 0.443 seconds
Current best score: -14125.583

Do NNI search on 20 best initial trees
Estimate model parameters (epsilon = 0.100)
BETTER TREE FOUND at iteration 1: -14123.765
Estimate model parameters (epsilon = 0.100)
BETTER TREE FOUND at iteration 3: -14122.732
Estimate model parameters (epsilon = 0.100)
BETTER TREE FOUND at iteration 4: -14122.646
Estimate model parameters (epsilon = 0.100)
BETTER TREE FOUND at iteration 5: -14122.331
Iteration 10 / LogL: -14122.651 / Time: 0h:0m:29s
BETTER TREE FOUND at iteration 15: -14122.328
Iteration 20 / LogL: -14122.651 / Time: 0h:0m:30s
Finish initializing candidate tree set (7)
Current best tree score: -14122.328 / CPU time: 1.508
Number of iterations: 20
--------------------------------------------------------------------
|               OPTIMIZING CANDIDATE TREE SET                      |
--------------------------------------------------------------------
UPDATE BEST LOG-LIKELIHOOD: -14122.325
Iteration 30 / LogL: -14122.651 / Time: 0h:0m:30s (0h:0m:5s left)
Iteration 40 / LogL: -14122.330 / Time: 0h:0m:30s (0h:0m:4s left)
Iteration 50 / LogL: -14122.331 / Time: 0h:0m:31s (0h:0m:3s left)
Iteration 60 / LogL: -14122.330 / Time: 0h:0m:31s (0h:0m:2s left)
Iteration 70 / LogL: -14122.331 / Time: 0h:0m:31s (0h:0m:2s left)
UPDATE BEST LOG-LIKELIHOOD: -14122.325
Iteration 80 / LogL: -14122.327 / Time: 0h:0m:32s (0h:0m:1s left)
Iteration 90 / LogL: -14122.326 / Time: 0h:0m:32s (0h:0m:1s left)
Iteration 100 / LogL: -14122.351 / Time: 0h:0m:32s (0h:0m:0s left)
Iteration 110 / LogL: -14122.651 / Time: 0h:0m:32s (0h:0m:0s left)
TREE SEARCH COMPLETED AFTER 116 ITERATIONS / Time: 0h:0m:33s

--------------------------------------------------------------------
|                    FINALIZING TREE SEARCH                        |
--------------------------------------------------------------------
Performs final model parameters optimization
Estimate model parameters (epsilon = 0.010)
1. Initial log-likelihood: -14122.325
Optimal log-likelihood: -14122.323
Rate parameters:  A-C: 2.497  A-G: 5.198  A-T: 0.765  C-G: 1.192  C-T: 5.198  G-T: 1.000
Base frequencies:   A: 0.386  C: 0.167  G: 0.194  T: 0.252
Gamma shape alpha: 0.480
Parameters optimization took 1 rounds (0.008 sec)
BEST SCORE FOUND : -14122.323
Total tree length: 3.073

Total number of iterations: 116
CPU time used for tree search: 8.318 sec (0h:0m:8s)
Wall-clock time used for tree search: 4.427 sec (0h:0m:4s)
Total CPU time used: 60.602 sec (0h:1m:0s)
Total wall-clock time used: 33.151 sec (0h:0m:33s)

Analysis results written to: 
  IQ-TREE report:                ./results/gene16.phy.iqtree
  Maximum-likelihood tree:       ./results/gene16.phy.treefile
  Likelihood distances:          ./results/gene16.phy.mldist
  Screen log file:               ./results/gene16.phy.log

Date and Time: Thu Aug  3 18:04:50 2017
