IQ-TREE multicore version 1.5.5 for Mac OS X 64-bit built Jun  2 2017
Copyright (c) 2011-2017 by Bui Quang Minh, Nguyen Lam Tung,
Olga Chernomor, Heiko Schmidt, and Arndt von Haeseler.

Host:    gary-grants-macbook-5.local (AVX, 16 GB RAM)
Command: iqtree-omp -s ./results/gene10.phy -nt AUTO
Seed:    932144 (Using SPRNG - Scalable Parallel Random Number Generator)
Time:    Thu Aug  3 18:01:09 2017
Kernel:  AVX - auto-detect threads (4 CPU cores detected)

Reading alignment file ./results/gene10.phy ... Phylip format detected
Alignment most likely contains DNA/RNA sequences
Alignment has 10 sequences with 2000 columns and 938 patterns (731 informative sites, 715 constant sites)
   Gap/Ambiguity  Composition  p-value
   1  A    0.00%    passed     82.68%
   2  B    0.00%    passed     88.49%
   3  C    0.00%    passed     44.63%
   4  D    0.00%    passed     86.57%
   5  E    0.00%    passed     27.04%
   6  F    0.00%    passed     74.20%
   7  G    0.00%    passed     87.15%
   8  H    0.00%    passed     92.94%
   9  I    0.00%    passed     50.33%
  10  J    0.00%    passed     78.99%
****  TOTAL    0.00%  0 sequences failed composition chi2 test (p-value<5%; df=3)

Create initial parsimony tree by phylogenetic likelihood library (PLL)... 0.001 seconds

NOTE: ModelFinder requires 3 MB RAM!
ModelFinder will test 286 DNA models (sample size: 2000) ...
 No. Model         -LnL         df  AIC          AICc         BIC
Measuring multi-threading efficiency up to 4 CPU cores
Increase to 10 rounds for branch lengths
776 trees examined
Threads: 1 / Time: 4.001 sec / Speedup: 1.000 / Efficiency: 100% / LogL: -15935
Threads: 2 / Time: 2.738 sec / Speedup: 1.461 / Efficiency: 73% / LogL: -15935
Threads: 3 / Time: 2.918 sec / Speedup: 1.371 / Efficiency: 46% / LogL: -15935
BEST NUMBER OF THREADS: 2

  1  JC            15880.846    17  31795.691    31796.000    31890.906
  2  JC+I          15372.133    18  30780.266    30780.612    30881.083
  3  JC+G4         15237.880    18  30511.760    30512.105    30612.576
  4  JC+I+G4       15237.415    19  30512.829    30513.213    30619.247
  5  JC+R2         15247.314    19  30532.629    30533.012    30639.046
  6  JC+R3         15236.553    21  30515.107    30515.574    30632.726
  7  JC+R4         15236.408    23  30518.816    30519.375    30647.637
  8  JC+R5         Skipped 
  9  JC+R6         Skipped 
 10  JC+R7         Skipped 
 11  JC+R8         Skipped 
 12  JC+R9         Skipped 
 13  JC+R10        Skipped 
 14  F81           15643.888    20  31327.776    31328.201    31439.794
 15  F81+I         15132.478    21  30306.956    30307.423    30424.575
 16  F81+G4        14990.556    21  30023.112    30023.579    30140.731
 17  F81+I+G4      14989.610    22  30023.221    30023.733    30146.441
 18  F81+R2        15006.266    22  30056.533    30057.044    30179.752
 19  F81+R3        14989.170    24  30026.340    30026.948    30160.762
 20  F81+R4        14989.088    26  30030.177    30030.888    30175.800
 21  F81+R5        Skipped 
 22  F81+R6        Skipped 
 23  F81+R7        Skipped 
 24  F81+R8        Skipped 
 25  F81+R9        Skipped 
 26  F81+R10       Skipped 
 27  K2P           15552.929    18  31141.858    31142.203    31242.674
 28  K2P+I         15016.318    19  30070.636    30071.020    30177.053
 29  K2P+G4        14839.099    19  29716.199    29716.583    29822.616
 30  K2P+I+G4      14838.681    20  29717.361    29717.786    29829.379
 31  K2P+R2        14863.112    20  29766.223    29766.648    29878.241
 32  K2P+R3        14837.492    22  29718.984    29719.496    29842.203
 33  K2P+R4        14836.930    24  29721.860    29722.468    29856.282
 34  K2P+R5        Skipped 
 35  K2P+R6        Skipped 
 36  K2P+R7        Skipped 
 37  K2P+R8        Skipped 
 38  K2P+R9        Skipped 
 39  K2P+R10       Skipped 
 40  HKY           15306.967    21  30655.933    30656.401    30773.552
 41  HKY+I         14773.412    22  29590.824    29591.336    29714.044
 42  HKY+G4        14579.910    22  29203.820    29204.332    29327.040
 43  HKY+I+G4      14579.114    23  29204.227    29204.786    29333.048
 44  HKY+R2        14610.396    23  29266.791    29267.350    29395.612
 45  HKY+R3        14578.346    25  29206.693    29207.351    29346.715
 46  HKY+R4        14577.705    27  29209.410    29210.177    29360.635
 47  HKY+R5        Skipped 
 48  HKY+R6        Skipped 
 49  HKY+R7        Skipped 
 50  HKY+R8        Skipped 
 51  HKY+R9        Skipped 
 52  HKY+R10       Skipped 
 53  TNe           15552.870    19  31143.739    31144.123    31250.157
 54  TNe+I         15016.179    20  30072.358    30072.783    30184.376
 55  TNe+G4        14836.647    20  29713.294    29713.718    29825.312
 56  TNe+I+G4      14836.290    21  29714.579    29715.046    29832.198
 57  TNe+R2        14860.891    21  29763.783    29764.250    29881.402
 58  TNe+R3        14834.957    23  29715.914    29716.473    29844.735
 59  TNe+R4        14834.290    25  29718.580    29719.238    29858.602
 60  TNe+R5        Skipped 
 61  TNe+R6        Skipped 
 62  TNe+R7        Skipped 
 63  TNe+R8        Skipped 
 64  TNe+R9        Skipped 
 65  TNe+R10       Skipped 
 66  TN            15295.967    22  30635.933    30636.445    30759.153
 67  TN+I          14762.238    23  29570.476    29571.035    29699.297
 68  TN+G4         14573.033    23  29192.066    29192.624    29320.886
 69  TN+I+G4       14571.550    24  29191.101    29191.708    29325.522
 70  TN+R2         14604.059    24  29256.119    29256.726    29390.541
 71  TN+R3         14570.295    26  29192.589    29193.301    29338.213
 72  TN+R4         14570.251    28  29196.501    29197.325    29353.326
 73  TN+R5         Skipped 
 74  TN+R6         Skipped 
 75  TN+R7         Skipped 
 76  TN+R8         Skipped 
 77  TN+R9         Skipped 
 78  TN+R10        Skipped 
 79  K3P           15551.231    19  31140.461    31140.845    31246.878
 80  K3P+I         15014.085    20  30068.169    30068.594    30180.187
 81  K3P+G4        14835.666    20  29711.332    29711.757    29823.350
 82  K3P+I+G4      14835.197    21  29712.393    29712.860    29830.012
 83  K3P+R2        14859.861    21  29761.722    29762.189    29879.341
 84  K3P+R3        14834.125    23  29714.250    29714.809    29843.071
 85  K3P+R4        14833.989    25  29717.977    29718.636    29858.000
 86  K3P+R5        Skipped 
 87  K3P+R6        Skipped 
 88  K3P+R7        Skipped 
 89  K3P+R8        Skipped 
 90  K3P+R9        Skipped 
 91  K3P+R10       Skipped 
 92  K3Pu          15294.294    22  30632.587    30633.099    30755.807
 93  K3Pu+I        14761.182    23  29568.364    29568.922    29697.184
 94  K3Pu+G4       14563.697    23  29173.394    29173.953    29302.215
 95  K3Pu+I+G4     14562.739    24  29173.479    29174.086    29307.900
 96  K3Pu+R2       14595.060    24  29238.120    29238.727    29372.541
 97  K3Pu+R3       14562.202    26  29176.405    29177.116    29322.028
 98  K3Pu+R4       14561.897    28  29179.795    29180.619    29336.620
 99  K3Pu+R5       Skipped 
100  K3Pu+R6       Skipped 
101  K3Pu+R7       Skipped 
102  K3Pu+R8       Skipped 
103  K3Pu+R9       Skipped 
104  K3Pu+R10      Skipped 
105  TPM2          15305.876    22  30655.752    30656.264    30778.972
106  TPM2+I        14770.986    23  29587.971    29588.530    29716.792
107  TPM2+G4       14579.836    23  29205.672    29206.231    29334.493
108  TPM2+I+G4     14579.027    24  29206.055    29206.662    29340.476
109  TPM2+R2       14610.121    24  29268.243    29268.850    29402.665
110  TPM2+R3       14578.303    26  29208.607    29209.318    29354.230
111  TPM2+R4       14577.957    28  29211.915    29212.739    29368.740
112  TPM2+R5       Skipped 
113  TPM2+R6       Skipped 
114  TPM2+R7       Skipped 
115  TPM2+R8       Skipped 
116  TPM2+R9       Skipped 
117  TPM2+R10      Skipped 
118  TPM2u         15305.890    22  30655.779    30656.291    30778.999
119  TPM2u+I       14770.983    23  29587.965    29588.524    29716.786
120  TPM2u+G4      14579.798    23  29205.596    29206.155    29334.417
121  TPM2u+I+G4    14579.017    24  29206.035    29206.642    29340.456
122  TPM2u+R2      14610.133    24  29268.267    29268.874    29402.688
123  TPM2u+R3      14578.296    26  29208.591    29209.303    29354.215
124  TPM2u+R4      14577.929    28  29211.859    29212.683    29368.684
125  TPM2u+R5      Skipped 
126  TPM2u+R6      Skipped 
127  TPM2u+R7      Skipped 
128  TPM2u+R8      Skipped 
129  TPM2u+R9      Skipped 
130  TPM2u+R10     Skipped 
131  TPM3          15278.464    22  30600.929    30601.441    30724.149
132  TPM3+I        14752.047    23  29550.093    29550.652    29678.914
133  TPM3+G4       14552.406    23  29150.811    29151.370    29279.632
134  TPM3+I+G4     14551.007    24  29150.014    29150.621    29284.436
135  TPM3+R2       14583.160    24  29214.319    29214.927    29348.741
136  TPM3+R3       14549.635    26  29151.271    29151.982    29296.894
137  TPM3+R4       14549.455    28  29154.911    29155.734    29311.736
138  TPM3+R5       Skipped 
139  TPM3+R6       Skipped 
140  TPM3+R7       Skipped 
141  TPM3+R8       Skipped 
142  TPM3+R9       Skipped 
143  TPM3+R10      Skipped 
144  TPM3u         15278.500    22  30601.000    30601.512    30724.220
145  TPM3u+I       14752.039    23  29550.079    29550.637    29678.899
146  TPM3u+G4      14552.449    23  29150.897    29151.456    29279.718
147  TPM3u+I+G4    14551.002    24  29150.004    29150.611    29284.425
148  TPM3u+R2      14583.129    24  29214.258    29214.866    29348.680
149  TPM3u+R3      14549.659    26  29151.319    29152.031    29296.942
150  TPM3u+R4      14549.428    28  29154.856    29155.680    29311.681
151  TPM3u+R5      Skipped 
152  TPM3u+R6      Skipped 
153  TPM3u+R7      Skipped 
154  TPM3u+R8      Skipped 
155  TPM3u+R9      Skipped 
156  TPM3u+R10     Skipped 
157  TIMe          15551.175    20  31142.349    31142.773    31254.367
158  TIMe+I        15013.953    21  30069.906    30070.373    30187.525
159  TIMe+G4       14833.233    21  29708.466    29708.933    29826.085
160  TIMe+I+G4     14832.791    22  29709.582    29710.094    29832.802
161  TIMe+R2       14857.710    22  29759.419    29759.931    29882.639
162  TIMe+R3       14831.564    24  29711.128    29711.736    29845.550
163  TIMe+R4       14831.167    26  29714.334    29715.046    29859.957
164  TIMe+R5       Skipped 
165  TIMe+R6       Skipped 
166  TIMe+R7       Skipped 
167  TIMe+R8       Skipped 
168  TIMe+R9       Skipped 
169  TIMe+R10      Skipped 
170  TIM           15282.606    23  30611.212    30611.770    30740.032
171  TIM+I         14749.595    24  29547.190    29547.797    29681.611
172  TIM+G4        14556.969    24  29161.937    29162.545    29296.359
173  TIM+I+G4      14555.838    25  29161.676    29162.335    29301.699
174  TIM+R2        14588.969    25  29227.938    29228.596    29367.960
175  TIM+R3        14554.752    27  29163.503    29164.270    29314.728
176  TIM+R4        14554.681    29  29167.363    29168.246    29329.789
177  TIM+R5        Skipped 
178  TIM+R6        Skipped 
179  TIM+R7        Skipped 
180  TIM+R8        Skipped 
181  TIM+R9        Skipped 
182  TIM+R10       Skipped 
183  TIM2e         15529.094    20  31098.188    31098.613    31210.207
184  TIM2e+I       14987.334    21  30016.668    30017.135    30134.287
185  TIM2e+G4      14795.123    21  29632.246    29632.713    29749.865
186  TIM2e+I+G4    14794.666    22  29633.333    29633.845    29756.553
187  TIM2e+R2      14820.361    22  29684.722    29685.234    29807.942
188  TIM2e+R3      14791.633    24  29631.265    29631.873    29765.687
189  TIM2e+R4      14791.165    26  29634.330    29635.042    29779.954
190  TIM2e+R5      Skipped 
191  TIM2e+R6      Skipped 
192  TIM2e+R7      Skipped 
193  TIM2e+R8      Skipped 
194  TIM2e+R9      Skipped 
195  TIM2e+R10     Skipped 
196  TIM2          15294.626    23  30635.252    30635.810    30764.072
197  TIM2+I        14759.935    24  29567.871    29568.479    29702.293
198  TIM2+G4       14572.346    24  29192.692    29193.300    29327.114
199  TIM2+I+G4     14571.318    25  29192.635    29193.294    29332.658
200  TIM2+R2       14603.571    25  29257.141    29257.800    29397.164
201  TIM2+R3       14569.953    27  29193.906    29194.672    29345.130
202  TIM2+R4       14569.810    29  29197.621    29198.504    29360.047
203  TIM2+R5       Skipped 
204  TIM2+R6       Skipped 
205  TIM2+R7       Skipped 
206  TIM2+R8       Skipped 
207  TIM2+R9       Skipped 
208  TIM2+R10      Skipped 
209  TIM3e         15548.081    20  31136.161    31136.585    31248.179
210  TIM3e+I       15012.667    21  30067.334    30067.801    30184.953
211  TIM3e+G4      14832.273    21  29706.546    29707.013    29824.165
212  TIM3e+I+G4    14831.680    22  29707.360    29707.872    29830.580
213  TIM3e+R2      14856.060    22  29756.121    29756.632    29879.340
214  TIM3e+R3      14829.991    24  29707.981    29708.589    29842.403
215  TIM3e+R4      14829.443    26  29710.886    29711.597    29856.509
216  TIM3e+R5      Skipped 
217  TIM3e+R6      Skipped 
218  TIM3e+R7      Skipped 
219  TIM3e+R8      Skipped 
220  TIM3e+R9      Skipped 
221  TIM3e+R10     Skipped 
222  TIM3          15263.391    23  30572.782    30573.341    30701.603
223  TIM3+I        14739.289    24  29526.578    29527.186    29661.000
224  TIM3+G4       14542.658    24  29133.315    29133.923    29267.737
225  TIM3+I+G4     14540.316    25  29130.631    29131.290    29270.654
226  TIM3+R2       14575.559    25  29201.117    29201.776    29341.140
227  TIM3+R3       14538.419    27  29130.838    29131.605    29282.062
228  TIM3+R4       14538.430    29  29134.861    29135.744    29297.287
229  TIM3+R5       Skipped 
230  TIM3+R6       Skipped 
231  TIM3+R7       Skipped 
232  TIM3+R8       Skipped 
233  TIM3+R9       Skipped 
234  TIM3+R10      Skipped 
235  TVMe          15523.746    21  31089.493    31089.960    31207.112
236  TVMe+I        14982.409    22  30008.818    30009.330    30132.038
237  TVMe+G4       14790.801    22  29625.601    29626.113    29748.821
238  TVMe+I+G4     14790.153    23  29626.306    29626.865    29755.127
239  TVMe+R2       14816.081    23  29678.162    29678.720    29806.983
240  TVMe+R3       14786.775    25  29623.550    29624.209    29763.573
241  TVMe+R4       14786.633    27  29627.266    29628.032    29778.490
242  TVMe+R5       Skipped 
243  TVMe+R6       Skipped 
244  TVMe+R7       Skipped 
245  TVMe+R8       Skipped 
246  TVMe+R9       Skipped 
247  TVMe+R10      Skipped 
248  TVM           15273.508    24  30595.017    30595.624    30729.438
249  TVM+I         14745.073    25  29540.145    29540.804    29680.168
250  TVM+G4        14545.985    25  29141.969    29142.628    29281.992
251  TVM+I+G4      14544.902    26  29141.805    29142.517    29287.428
252  TVM+R2        14577.624    26  29207.249    29207.960    29352.872
253  TVM+R3        14543.430    28  29142.860    29143.684    29299.685
254  TVM+R4        14543.230    30  29146.459    29147.404    29314.486
255  TVM+R5        Skipped 
256  TVM+R6        Skipped 
257  TVM+R7        Skipped 
258  TVM+R8        Skipped 
259  TVM+R9        Skipped 
260  TVM+R10       Skipped 
261  SYM           15523.755    22  31091.509    31092.021    31214.729
262  SYM+I         14982.364    23  30010.729    30011.287    30139.550
263  SYM+G4        14787.050    23  29620.099    29620.658    29748.920
264  SYM+I+G4      14786.579    24  29621.158    29621.765    29755.579
265  SYM+R2        14812.828    24  29673.655    29674.263    29808.077
266  SYM+R3        14783.351    26  29618.703    29619.414    29764.326
267  SYM+R4        14783.001    28  29622.002    29622.826    29778.827
268  SYM+R5        Skipped 
269  SYM+R6        Skipped 
270  SYM+R7        Skipped 
271  SYM+R8        Skipped 
272  SYM+R9        Skipped 
273  SYM+R10       Skipped 
274  GTR           15258.232    25  30566.464    30567.122    30706.486
275  GTR+I         14732.310    26  29516.620    29517.332    29662.244
276  GTR+G4        14535.283    26  29122.567    29123.278    29268.190
277  GTR+I+G4      14533.940    27  29121.879    29122.646    29273.104
278  GTR+R2        14570.055    27  29194.110    29194.877    29345.334
279  GTR+R3        14532.027    29  29122.054    29122.938    29284.481
280  GTR+R4        14532.158    31  29126.316    29127.324    29299.944
281  GTR+R5        Skipped 
282  GTR+R6        Skipped 
283  GTR+R7        Skipped 
284  GTR+R8        Skipped 
285  GTR+R9        Skipped 
286  GTR+R10       Skipped 
Akaike Information Criterion:           GTR+I+G4
Corrected Akaike Information Criterion: GTR+I+G4
Bayesian Information Criterion:         TIM3+G4
Best-fit model: TIM3+G4 chosen according to BIC

All model information printed to ./results/gene10.phy.model
CPU time for ModelFinder: 51.299 seconds (0h:0m:51s)
Wall-clock time for ModelFinder: 28.297 seconds (0h:0m:28s)

NOTE: 1 MB RAM (0 GB) is required!
Estimate model parameters (epsilon = 0.100)
1. Initial log-likelihood: -15106.408
2. Current log-likelihood: -14634.754
3. Current log-likelihood: -14544.295
4. Current log-likelihood: -14542.258
Optimal log-likelihood: -14542.141
Rate parameters:  A-C: 2.886  A-G: 5.417  A-T: 1.000  C-G: 2.886  C-T: 9.234  G-T: 1.000
Base frequencies:   A: 0.404  C: 0.151  G: 0.204  T: 0.241
Gamma shape alpha: 0.542
Parameters optimization took 4 rounds (0.074 sec)
Computing ML distances based on estimated model parameters... 0.002 sec
Computing BIONJ tree...
0.004 seconds
Log-likelihood of BIONJ tree: -14538.319
--------------------------------------------------------------------
|             INITIALIZING CANDIDATE TREE SET                      |
--------------------------------------------------------------------
Generating 98 parsimony trees... 0.126 second
Computing log-likelihood of 98 initial trees ... 0.380 seconds
Current best score: -14538.319

Do NNI search on 20 best initial trees
Estimate model parameters (epsilon = 0.100)
BETTER TREE FOUND at iteration 1: -14537.216
Estimate model parameters (epsilon = 0.100)
BETTER TREE FOUND at iteration 2: -14536.765
Estimate model parameters (epsilon = 0.100)
BETTER TREE FOUND at iteration 5: -14534.875
Iteration 10 / LogL: -14534.876 / Time: 0h:0m:29s
WARNING: NNI search needs unusual large number of steps (7) to converge!
Iteration 20 / LogL: -14537.566 / Time: 0h:0m:29s
Finish initializing candidate tree set (6)
Current best tree score: -14534.875 / CPU time: 1.456
Number of iterations: 20
--------------------------------------------------------------------
|               OPTIMIZING CANDIDATE TREE SET                      |
--------------------------------------------------------------------
Iteration 30 / LogL: -14535.992 / Time: 0h:0m:30s (0h:0m:4s left)
Iteration 40 / LogL: -14535.991 / Time: 0h:0m:30s (0h:0m:3s left)
UPDATE BEST LOG-LIKELIHOOD: -14534.875
Iteration 50 / LogL: -14537.730 / Time: 0h:0m:30s (0h:0m:2s left)
Iteration 60 / LogL: -14534.879 / Time: 0h:0m:31s (0h:0m:2s left)
Iteration 70 / LogL: -14535.877 / Time: 0h:0m:31s (0h:0m:1s left)
Iteration 80 / LogL: -14534.895 / Time: 0h:0m:31s (0h:0m:1s left)
Iteration 90 / LogL: -14535.992 / Time: 0h:0m:32s (0h:0m:0s left)
Iteration 100 / LogL: -14535.982 / Time: 0h:0m:32s (0h:0m:0s left)
TREE SEARCH COMPLETED AFTER 106 ITERATIONS / Time: 0h:0m:32s

--------------------------------------------------------------------
|                    FINALIZING TREE SEARCH                        |
--------------------------------------------------------------------
Performs final model parameters optimization
Estimate model parameters (epsilon = 0.010)
1. Initial log-likelihood: -14534.875
Optimal log-likelihood: -14534.873
Rate parameters:  A-C: 2.788  A-G: 5.261  A-T: 1.000  C-G: 2.788  C-T: 8.894  G-T: 1.000
Base frequencies:   A: 0.404  C: 0.151  G: 0.204  T: 0.241
Gamma shape alpha: 0.555
Parameters optimization took 1 rounds (0.006 sec)
BEST SCORE FOUND : -14534.873
Total tree length: 3.146

Total number of iterations: 106
CPU time used for tree search: 7.644 sec (0h:0m:7s)
Wall-clock time used for tree search: 4.036 sec (0h:0m:4s)
Total CPU time used: 59.123 sec (0h:0m:59s)
Total wall-clock time used: 32.429 sec (0h:0m:32s)

Analysis results written to: 
  IQ-TREE report:                ./results/gene10.phy.iqtree
  Maximum-likelihood tree:       ./results/gene10.phy.treefile
  Likelihood distances:          ./results/gene10.phy.mldist
  Screen log file:               ./results/gene10.phy.log

Date and Time: Thu Aug  3 18:01:42 2017
