IQ-TREE multicore version 1.5.5 for Mac OS X 64-bit built Jun  2 2017
Copyright (c) 2011-2017 by Bui Quang Minh, Nguyen Lam Tung,
Olga Chernomor, Heiko Schmidt, and Arndt von Haeseler.

Host:    gary-grants-macbook-5.local (AVX, 16 GB RAM)
Command: iqtree-omp -s ./results/gene7.phy -nt AUTO
Seed:    759917 (Using SPRNG - Scalable Parallel Random Number Generator)
Time:    Thu Aug  3 18:09:39 2017
Kernel:  AVX - auto-detect threads (4 CPU cores detected)

Reading alignment file ./results/gene7.phy ... Phylip format detected
Alignment most likely contains DNA/RNA sequences
Alignment has 10 sequences with 2000 columns and 934 patterns (716 informative sites, 734 constant sites)
   Gap/Ambiguity  Composition  p-value
   1  A    0.00%    passed     88.21%
   2  B    0.00%    passed     54.55%
   3  C    0.00%    passed     97.49%
   4  D    0.00%    passed     68.43%
   5  E    0.00%    passed     92.08%
   6  F    0.00%    passed     93.68%
   7  G    0.00%    passed     61.52%
   8  H    0.00%    passed     99.96%
   9  I    0.00%    passed     98.55%
  10  J    0.00%    passed     98.77%
****  TOTAL    0.00%  0 sequences failed composition chi2 test (p-value<5%; df=3)

Create initial parsimony tree by phylogenetic likelihood library (PLL)... 0.001 seconds

NOTE: ModelFinder requires 3 MB RAM!
ModelFinder will test 286 DNA models (sample size: 2000) ...
 No. Model         -LnL         df  AIC          AICc         BIC
Measuring multi-threading efficiency up to 4 CPU cores
Increase to 10 rounds for branch lengths
666 trees examined
Threads: 1 / Time: 4.000 sec / Speedup: 1.000 / Efficiency: 100% / LogL: -15665
Threads: 2 / Time: 2.716 sec / Speedup: 1.473 / Efficiency: 74% / LogL: -15665
Threads: 3 / Time: 2.806 sec / Speedup: 1.425 / Efficiency: 48% / LogL: -15665
BEST NUMBER OF THREADS: 2

  1  JC            15624.465    17  31282.929    31283.238    31378.144
  2  JC+I          15115.230    18  30266.460    30266.805    30367.276
  3  JC+G4         14999.060    18  30034.120    30034.466    30134.937
  4  JC+I+G4       14996.451    19  30030.902    30031.286    30137.319
  5  JC+R2         15006.965    19  30051.929    30052.313    30158.347
  6  JC+R3         14996.233    21  30034.466    30034.933    30152.085
  7  JC+R4         14996.139    23  30038.278    30038.837    30167.099
  8  JC+R5         Skipped 
  9  JC+R6         Skipped 
 10  JC+R7         Skipped 
 11  JC+R8         Skipped 
 12  JC+R9         Skipped 
 13  JC+R10        Skipped 
 14  F81           15430.444    20  30900.888    30901.312    31012.906
 15  F81+I         14924.235    21  29890.470    29890.937    30008.089
 16  F81+G4        14796.835    21  29635.670    29636.137    29753.289
 17  F81+I+G4      14794.267    22  29632.534    29633.046    29755.754
 18  F81+R2        14809.158    22  29662.317    29662.828    29785.536
 19  F81+R3        14793.605    24  29635.211    29635.818    29769.632
 20  F81+R4        14793.578    26  29639.156    29639.868    29784.779
 21  F81+R5        Skipped 
 22  F81+R6        Skipped 
 23  F81+R7        Skipped 
 24  F81+R8        Skipped 
 25  F81+R9        Skipped 
 26  F81+R10       Skipped 
 27  K2P           15328.791    18  30693.582    30693.927    30794.398
 28  K2P+I         14801.866    19  29641.731    29642.115    29748.148
 29  K2P+G4        14659.271    19  29356.542    29356.926    29462.959
 30  K2P+I+G4      14657.652    20  29355.304    29355.728    29467.322
 31  K2P+R2        14676.182    20  29392.364    29392.788    29504.382
 32  K2P+R3        14657.112    22  29358.223    29358.735    29481.443
 33  K2P+R4        14656.832    24  29361.665    29362.273    29496.087
 34  K2P+R5        Skipped 
 35  K2P+R6        Skipped 
 36  K2P+R7        Skipped 
 37  K2P+R8        Skipped 
 38  K2P+R9        Skipped 
 39  K2P+R10       Skipped 
 40  HKY           15104.980    21  30251.959    30252.426    30369.578
 41  HKY+I         14587.999    22  29219.999    29220.511    29343.219
 42  HKY+G4        14420.483    22  28884.966    28885.478    29008.186
 43  HKY+I+G4      14419.660    23  28885.321    28885.879    29014.142
 44  HKY+R2        14447.102    23  28940.204    28940.763    29069.025
 45  HKY+R3        14419.228    25  28888.455    28889.114    29028.478
 46  HKY+R4        14419.165    27  28892.331    28893.097    29043.555
 47  HKY+R5        Skipped 
 48  HKY+R6        Skipped 
 49  HKY+R7        Skipped 
 50  HKY+R8        Skipped 
 51  HKY+R9        Skipped 
 52  HKY+R10       Skipped 
 53  TNe           15324.016    19  30686.032    30686.416    30792.449
 54  TNe+I         14796.738    20  29633.477    29633.901    29745.495
 55  TNe+G4        14649.208    20  29338.416    29338.840    29450.434
 56  TNe+I+G4      14647.464    21  29336.928    29337.395    29454.547
 57  TNe+R2        14668.971    21  29379.942    29380.409    29497.560
 58  TNe+R3        14646.785    23  29339.571    29340.129    29468.391
 59  TNe+R4        14646.379    25  29342.759    29343.417    29482.781
 60  TNe+R5        Skipped 
 61  TNe+R6        Skipped 
 62  TNe+R7        Skipped 
 63  TNe+R8        Skipped 
 64  TNe+R9        Skipped 
 65  TNe+R10       Skipped 
 66  TN            15104.758    22  30253.516    30254.028    30376.736
 67  TN+I          14587.440    23  29220.881    29221.439    29349.701
 68  TN+G4         14420.650    23  28887.299    28887.858    29016.120
 69  TN+I+G4       14419.478    24  28886.957    28887.564    29021.378
 70  TN+R2         14447.131    24  28942.261    28942.869    29076.683
 71  TN+R3         14419.014    26  28890.027    28890.739    29035.651
 72  TN+R4         14418.987    28  28893.973    28894.797    29050.798
 73  TN+R5         Skipped 
 74  TN+R6         Skipped 
 75  TN+R7         Skipped 
 76  TN+R8         Skipped 
 77  TN+R9         Skipped 
 78  TN+R10        Skipped 
 79  K3P           15323.130    19  30684.260    30684.644    30790.677
 80  K3P+I         14795.743    20  29631.486    29631.910    29743.504
 81  K3P+G4        14648.536    20  29337.071    29337.496    29449.089
 82  K3P+I+G4      14646.922    21  29335.844    29336.311    29453.463
 83  K3P+R2        14667.575    21  29377.150    29377.617    29494.769
 84  K3P+R3        14646.617    23  29339.234    29339.792    29468.054
 85  K3P+R4        14646.288    25  29342.577    29343.235    29482.599
 86  K3P+R5        Skipped 
 87  K3P+R6        Skipped 
 88  K3P+R7        Skipped 
 89  K3P+R8        Skipped 
 90  K3P+R9        Skipped 
 91  K3P+R10       Skipped 
 92  K3Pu          15084.340    22  30212.680    30213.192    30335.900
 93  K3Pu+I        14568.587    23  29183.173    29183.732    29311.994
 94  K3Pu+G4       14392.179    23  28830.358    28830.916    28959.178
 95  K3Pu+I+G4     14391.450    24  28830.900    28831.508    28965.322
 96  K3Pu+R2       14423.849    24  28895.698    28896.305    29030.119
 97  K3Pu+R3       14390.179    26  28832.358    28833.070    28977.981
 98  K3Pu+R4       14390.199    28  28836.398    28837.222    28993.223
 99  K3Pu+R5       Skipped 
100  K3Pu+R6       Skipped 
101  K3Pu+R7       Skipped 
102  K3Pu+R8       Skipped 
103  K3Pu+R9       Skipped 
104  K3Pu+R10      Skipped 
105  TPM2          15099.531    22  30243.063    30243.574    30366.282
106  TPM2+I        14575.739    23  29197.479    29198.037    29326.299
107  TPM2+G4       14416.367    23  28878.734    28879.293    29007.555
108  TPM2+I+G4     14415.311    24  28878.622    28879.230    29013.044
109  TPM2+R2       14439.974    24  28927.947    28928.555    29062.369
110  TPM2+R3       14415.025    26  28882.051    28882.763    29027.674
111  TPM2+R4       14415.017    28  28886.035    28886.858    29042.860
112  TPM2+R5       Skipped 
113  TPM2+R6       Skipped 
114  TPM2+R7       Skipped 
115  TPM2+R8       Skipped 
116  TPM2+R9       Skipped 
117  TPM2+R10      Skipped 
118  TPM2u         15099.522    22  30243.045    30243.557    30366.265
119  TPM2u+I       14575.734    23  29197.468    29198.027    29326.289
120  TPM2u+G4      14416.358    23  28878.715    28879.274    29007.536
121  TPM2u+I+G4    14415.303    24  28878.606    28879.213    29013.027
122  TPM2u+R2      14439.972    24  28927.944    28928.552    29062.366
123  TPM2u+R3      14415.055    26  28882.111    28882.822    29027.734
124  TPM2u+R4      14415.037    28  28886.075    28886.899    29042.900
125  TPM2u+R5      Skipped 
126  TPM2u+R6      Skipped 
127  TPM2u+R7      Skipped 
128  TPM2u+R8      Skipped 
129  TPM2u+R9      Skipped 
130  TPM2u+R10     Skipped 
131  TPM3          15055.151    22  30154.303    30154.815    30277.523
132  TPM3+I        14543.233    23  29132.467    29133.025    29261.288
133  TPM3+G4       14364.379    23  28774.758    28775.316    28903.578
134  TPM3+I+G4     14363.538    24  28775.076    28775.683    28909.497
135  TPM3+R2       14400.569    24  28849.137    28849.745    28983.559
136  TPM3+R3       14360.900    26  28773.800    28774.511    28919.423
137  TPM3+R4       14360.860    28  28777.720    28778.544    28934.545
138  TPM3+R5       Skipped 
139  TPM3+R6       Skipped 
140  TPM3+R7       Skipped 
141  TPM3+R8       Skipped 
142  TPM3+R9       Skipped 
143  TPM3+R10      Skipped 
144  TPM3u         15055.157    22  30154.313    30154.825    30277.533
145  TPM3u+I       14543.238    23  29132.476    29133.034    29261.296
146  TPM3u+G4      14364.359    23  28774.717    28775.276    28903.538
147  TPM3u+I+G4    14363.513    24  28775.025    28775.633    28909.447
148  TPM3u+R2      14400.557    24  28849.114    28849.722    28983.536
149  TPM3u+R3      14360.823    26  28773.646    28774.357    28919.269
150  TPM3u+R4      14360.792    28  28777.584    28778.408    28934.409
151  TPM3u+R5      Skipped 
152  TPM3u+R6      Skipped 
153  TPM3u+R7      Skipped 
154  TPM3u+R8      Skipped 
155  TPM3u+R9      Skipped 
156  TPM3u+R10     Skipped 
157  TIMe          15318.440    20  30676.880    30677.304    30788.898
158  TIMe+I        14790.807    21  29623.614    29624.081    29741.233
159  TIMe+G4       14638.492    21  29318.984    29319.452    29436.603
160  TIMe+I+G4     14636.885    22  29317.770    29318.282    29440.990
161  TIMe+R2       14660.431    22  29364.862    29365.374    29488.082
162  TIMe+R3       14636.102    24  29320.204    29320.812    29454.626
163  TIMe+R4       14635.797    26  29323.595    29324.307    29469.218
164  TIMe+R5       Skipped 
165  TIMe+R6       Skipped 
166  TIMe+R7       Skipped 
167  TIMe+R8       Skipped 
168  TIMe+R9       Skipped 
169  TIMe+R10      Skipped 
170  TIM           15083.988    23  30213.976    30214.535    30342.797
171  TIM+I         14567.867    24  29183.733    29184.341    29318.155
172  TIM+G4        14391.801    24  28831.603    28832.211    28966.025
173  TIM+I+G4      14391.007    25  28832.014    28832.673    28972.037
174  TIM+R2        14423.882    25  28897.763    28898.422    29037.786
175  TIM+R3        14389.751    27  28833.502    28834.269    28984.727
176  TIM+R4        14389.763    29  28837.526    28838.409    28999.952
177  TIM+R5        Skipped 
178  TIM+R6        Skipped 
179  TIM+R7        Skipped 
180  TIM+R8        Skipped 
181  TIM+R9        Skipped 
182  TIM+R10       Skipped 
183  TIM2e         15285.259    20  30610.517    30610.942    30722.535
184  TIM2e+I       14744.736    21  29531.473    29531.940    29649.091
185  TIM2e+G4      14581.382    21  29204.764    29205.231    29322.383
186  TIM2e+I+G4    14580.035    22  29204.070    29204.582    29327.290
187  TIM2e+R2      14604.264    22  29252.529    29253.040    29375.748
188  TIM2e+R3      14580.004    24  29208.007    29208.615    29342.429
189  TIM2e+R4      14579.799    26  29211.597    29212.309    29357.221
190  TIM2e+R5      Skipped 
191  TIM2e+R6      Skipped 
192  TIM2e+R7      Skipped 
193  TIM2e+R8      Skipped 
194  TIM2e+R9      Skipped 
195  TIM2e+R10     Skipped 
196  TIM2          15099.150    23  30244.301    30244.860    30373.122
197  TIM2+I        14575.231    24  29198.463    29199.071    29332.885
198  TIM2+G4       14416.320    24  28880.640    28881.247    29015.061
199  TIM2+I+G4     14415.682    25  28881.363    28882.022    29021.386
200  TIM2+R2       14439.869    25  28929.739    28930.397    29069.761
201  TIM2+R3       14414.963    27  28883.925    28884.692    29035.150
202  TIM2+R4       14414.953    29  28887.906    28888.789    29050.332
203  TIM2+R5       Skipped 
204  TIM2+R6       Skipped 
205  TIM2+R7       Skipped 
206  TIM2+R8       Skipped 
207  TIM2+R9       Skipped 
208  TIM2+R10      Skipped 
209  TIM3e         15306.281    20  30652.561    30652.986    30764.579
210  TIM3e+I       14780.533    21  29603.066    29603.533    29720.685
211  TIM3e+G4      14631.092    21  29304.184    29304.651    29421.803
212  TIM3e+I+G4    14629.377    22  29302.754    29303.265    29425.973
213  TIM3e+R2      14653.767    22  29351.534    29352.046    29474.754
214  TIM3e+R3      14628.649    24  29305.297    29305.905    29439.719
215  TIM3e+R4      14628.529    26  29309.059    29309.770    29454.682
216  TIM3e+R5      Skipped 
217  TIM3e+R6      Skipped 
218  TIM3e+R7      Skipped 
219  TIM3e+R8      Skipped 
220  TIM3e+R9      Skipped 
221  TIM3e+R10     Skipped 
222  TIM3          15053.771    23  30153.542    30154.101    30282.363
223  TIM3+I        14542.014    24  29132.028    29132.635    29266.449
224  TIM3+G4       14364.162    24  28776.324    28776.931    28910.745
225  TIM3+I+G4     14363.240    25  28776.479    28777.138    28916.502
226  TIM3+R2       14400.470    25  28850.940    28851.599    28990.963
227  TIM3+R3       14361.520    27  28777.041    28777.807    28928.265
228  TIM3+R4       14360.943    29  28779.886    28780.769    28942.312
229  TIM3+R5       Skipped 
230  TIM3+R6       Skipped 
231  TIM3+R7       Skipped 
232  TIM3+R8       Skipped 
233  TIM3+R9       Skipped 
234  TIM3+R10      Skipped 
235  TVMe          15271.620    21  30585.240    30585.707    30702.859
236  TVMe+I        14732.554    22  29509.109    29509.620    29632.328
237  TVMe+G4       14571.076    22  29186.152    29186.664    29309.372
238  TVMe+I+G4     14569.942    23  29185.884    29186.442    29314.704
239  TVMe+R2       14594.252    23  29234.503    29235.062    29363.324
240  TVMe+R3       14569.975    25  29189.949    29190.608    29329.972
241  TVMe+R4       14569.753    27  29193.507    29194.273    29344.731
242  TVMe+R5       Skipped 
243  TVMe+R6       Skipped 
244  TVMe+R7       Skipped 
245  TVMe+R8       Skipped 
246  TVMe+R9       Skipped 
247  TVMe+R10      Skipped 
248  TVM           15044.861    24  30137.721    30138.329    30272.143
249  TVM+I         14526.157    25  29102.314    29102.973    29242.337
250  TVM+G4        14350.359    25  28750.719    28751.377    28890.741
251  TVM+I+G4      14349.637    26  28751.273    28751.985    28896.897
252  TVM+R2        14385.870    26  28823.739    28824.451    28969.363
253  TVM+R3        14347.236    28  28750.472    28751.296    28907.297
254  TVM+R4        14347.221    30  28754.441    28755.386    28922.468
255  TVM+R5        Skipped 
256  TVM+R6        Skipped 
257  TVM+R7        Skipped 
258  TVM+R8        Skipped 
259  TVM+R9        Skipped 
260  TVM+R10       Skipped 
261  SYM           15267.329    22  30578.658    30579.170    30701.878
262  SYM+I         14727.745    23  29501.490    29502.049    29630.311
263  SYM+G4        14557.895    23  29161.790    29162.349    29290.611
264  SYM+I+G4      14556.725    24  29161.449    29162.057    29295.871
265  SYM+R2        14584.997    24  29217.994    29218.601    29352.415
266  SYM+R3        14556.299    26  29164.598    29165.310    29310.222
267  SYM+R4        14556.143    28  29168.287    29169.111    29325.112
268  SYM+R5        Skipped 
269  SYM+R6        Skipped 
270  SYM+R7        Skipped 
271  SYM+R8        Skipped 
272  SYM+R9        Skipped 
273  SYM+R10       Skipped 
274  GTR           15043.291    25  30136.582    30137.241    30276.605
275  GTR+I         14525.121    26  29102.241    29102.953    29247.865
276  GTR+G4        14349.716    26  28751.432    28752.144    28897.056
277  GTR+I+G4      14348.931    27  28751.862    28752.629    28903.087
278  GTR+R2        14384.646    27  28823.292    28824.059    28974.516
279  GTR+R3        14346.889    29  28751.778    28752.662    28914.205
280  GTR+R4        14346.746    31  28755.492    28756.501    28929.120
281  GTR+R5        Skipped 
282  GTR+R6        Skipped 
283  GTR+R7        Skipped 
284  GTR+R8        Skipped 
285  GTR+R9        Skipped 
286  GTR+R10       Skipped 
Akaike Information Criterion:           TVM+R3
Corrected Akaike Information Criterion: TVM+R3
Bayesian Information Criterion:         TVM+G4
Best-fit model: TVM+G4 chosen according to BIC

All model information printed to ./results/gene7.phy.model
CPU time for ModelFinder: 57.253 seconds (0h:0m:57s)
Wall-clock time for ModelFinder: 29.612 seconds (0h:0m:29s)

NOTE: 1 MB RAM (0 GB) is required!
Estimate model parameters (epsilon = 0.100)
1. Initial log-likelihood: -14911.344
2. Current log-likelihood: -14367.831
3. Current log-likelihood: -14352.002
4. Current log-likelihood: -14350.439
5. Current log-likelihood: -14350.308
Optimal log-likelihood: -14350.229
Rate parameters:  A-C: 3.182  A-G: 5.644  A-T: 0.717  C-G: 1.492  C-T: 5.644  G-T: 1.000
Base frequencies:   A: 0.382  C: 0.168  G: 0.192  T: 0.259
Gamma shape alpha: 0.544
Parameters optimization took 5 rounds (0.111 sec)
Computing ML distances based on estimated model parameters... 0.002 sec
Computing BIONJ tree...
0.005 seconds
Log-likelihood of BIONJ tree: -14351.069
--------------------------------------------------------------------
|             INITIALIZING CANDIDATE TREE SET                      |
--------------------------------------------------------------------
Generating 98 parsimony trees... 0.123 second
Computing log-likelihood of 98 initial trees ... 0.480 seconds
Current best score: -14350.229

Do NNI search on 20 best initial trees
Estimate model parameters (epsilon = 0.100)
BETTER TREE FOUND at iteration 1: -14350.030
Estimate model parameters (epsilon = 0.100)
BETTER TREE FOUND at iteration 4: -14347.562
Iteration 10 / LogL: -14350.037 / Time: 0h:0m:30s
BETTER TREE FOUND at iteration 20: -14347.562
Iteration 20 / LogL: -14347.562 / Time: 0h:0m:31s
Finish initializing candidate tree set (11)
Current best tree score: -14347.562 / CPU time: 1.545
Number of iterations: 20
--------------------------------------------------------------------
|               OPTIMIZING CANDIDATE TREE SET                      |
--------------------------------------------------------------------
UPDATE BEST LOG-LIKELIHOOD: -14347.562
Iteration 30 / LogL: -14347.562 / Time: 0h:0m:31s (0h:0m:6s left)
Iteration 40 / LogL: -14347.568 / Time: 0h:0m:31s (0h:0m:4s left)
UPDATE BEST LOG-LIKELIHOOD: -14347.562
UPDATE BEST LOG-LIKELIHOOD: -14347.562
Iteration 50 / LogL: -14348.268 / Time: 0h:0m:32s (0h:0m:3s left)
Iteration 60 / LogL: -14347.562 / Time: 0h:0m:32s (0h:0m:2s left)
UPDATE BEST LOG-LIKELIHOOD: -14347.562
Iteration 70 / LogL: -14347.696 / Time: 0h:0m:32s (0h:0m:2s left)
Iteration 80 / LogL: -14347.562 / Time: 0h:0m:33s (0h:0m:1s left)
Iteration 90 / LogL: -14347.568 / Time: 0h:0m:33s (0h:0m:1s left)
UPDATE BEST LOG-LIKELIHOOD: -14347.562
Iteration 100 / LogL: -14347.562 / Time: 0h:0m:33s (0h:0m:0s left)
UPDATE BEST LOG-LIKELIHOOD: -14347.562
UPDATE BEST LOG-LIKELIHOOD: -14347.562
Iteration 110 / LogL: -14347.562 / Time: 0h:0m:33s (0h:0m:0s left)
Iteration 120 / LogL: -14347.569 / Time: 0h:0m:34s (0h:0m:0s left)
TREE SEARCH COMPLETED AFTER 121 ITERATIONS / Time: 0h:0m:34s

--------------------------------------------------------------------
|                    FINALIZING TREE SEARCH                        |
--------------------------------------------------------------------
Performs final model parameters optimization
Estimate model parameters (epsilon = 0.010)
1. Initial log-likelihood: -14347.562
Optimal log-likelihood: -14347.561
Rate parameters:  A-C: 3.175  A-G: 5.651  A-T: 0.715  C-G: 1.475  C-T: 5.651  G-T: 1.000
Base frequencies:   A: 0.382  C: 0.168  G: 0.192  T: 0.259
Gamma shape alpha: 0.545
Parameters optimization took 1 rounds (0.009 sec)
BEST SCORE FOUND : -14347.561
Total tree length: 3.007

Total number of iterations: 121
CPU time used for tree search: 8.335 sec (0h:0m:8s)
Wall-clock time used for tree search: 4.331 sec (0h:0m:4s)
Total CPU time used: 65.842 sec (0h:1m:5s)
Total wall-clock time used: 34.079 sec (0h:0m:34s)

Analysis results written to: 
  IQ-TREE report:                ./results/gene7.phy.iqtree
  Maximum-likelihood tree:       ./results/gene7.phy.treefile
  Likelihood distances:          ./results/gene7.phy.mldist
  Screen log file:               ./results/gene7.phy.log

Date and Time: Thu Aug  3 18:10:13 2017
