IQ-TREE multicore version 1.5.5 for Mac OS X 64-bit built Jun  2 2017
Copyright (c) 2011-2017 by Bui Quang Minh, Nguyen Lam Tung,
Olga Chernomor, Heiko Schmidt, and Arndt von Haeseler.

Host:    gary-grants-macbook-5.local (AVX, 16 GB RAM)
Command: iqtree-omp -s ./results/gene0.phy -nt AUTO
Seed:    428657 (Using SPRNG - Scalable Parallel Random Number Generator)
Time:    Thu Aug  3 18:00:04 2017
Kernel:  AVX - auto-detect threads (4 CPU cores detected)

Reading alignment file ./results/gene0.phy ... Phylip format detected
Alignment most likely contains DNA/RNA sequences
Alignment has 10 sequences with 2000 columns and 968 patterns (773 informative sites, 730 constant sites)
   Gap/Ambiguity  Composition  p-value
   1  A    0.00%    passed     64.20%
   2  B    0.00%    passed     55.88%
   3  C    0.00%    passed     89.14%
   4  D    0.00%    passed     49.43%
   5  E    0.00%    passed     36.94%
   6  F    0.00%    passed     37.89%
   7  G    0.00%    passed     91.81%
   8  H    0.00%    passed     79.55%
   9  I    0.00%    passed     92.48%
  10  J    0.00%    passed     55.59%
****  TOTAL    0.00%  0 sequences failed composition chi2 test (p-value<5%; df=3)

Create initial parsimony tree by phylogenetic likelihood library (PLL)... 0.001 seconds

NOTE: ModelFinder requires 3 MB RAM!
ModelFinder will test 286 DNA models (sample size: 2000) ...
 No. Model         -LnL         df  AIC          AICc         BIC
Measuring multi-threading efficiency up to 4 CPU cores
Increase to 10 rounds for branch lengths
748 trees examined
Threads: 1 / Time: 4.004 sec / Speedup: 1.000 / Efficiency: 100% / LogL: -16349
Threads: 2 / Time: 2.516 sec / Speedup: 1.591 / Efficiency: 80% / LogL: -16349
Threads: 3 / Time: 2.604 sec / Speedup: 1.538 / Efficiency: 51% / LogL: -16349
Threads: 4 / Time: 2.602 sec / Speedup: 1.539 / Efficiency: 38% / LogL: -16349
BEST NUMBER OF THREADS: 2

  1  JC            16205.882    17  32445.763    32446.072    32540.978
  2  JC+I          15641.348    18  31318.696    31319.041    31419.512
  3  JC+G4         15518.120    18  31072.240    31072.586    31173.057
  4  JC+I+G4       15515.875    19  31069.749    31070.133    31176.166
  5  JC+R2         15524.116    19  31086.232    31086.616    31192.649
  6  JC+R3         15513.727    21  31069.454    31069.922    31187.073
  7  JC+R4         15513.458    23  31072.915    31073.474    31201.736
  8  JC+R5         Skipped 
  9  JC+R6         Skipped 
 10  JC+R7         Skipped 
 11  JC+R8         Skipped 
 12  JC+R9         Skipped 
 13  JC+R10        Skipped 
 14  F81           15951.915    20  31943.830    31944.255    32055.848
 15  F81+I         15374.182    21  30790.364    30790.831    30907.983
 16  F81+G4        15215.206    21  30472.412    30472.879    30590.031
 17  F81+I+G4      15213.948    22  30471.895    30472.407    30595.115
 18  F81+R2        15232.769    22  30509.538    30510.050    30632.758
 19  F81+R3        15213.726    24  30475.452    30476.060    30609.874
 20  F81+R4        15213.686    26  30479.373    30480.085    30624.996
 21  F81+R5        Skipped 
 22  F81+R6        Skipped 
 23  F81+R7        Skipped 
 24  F81+R8        Skipped 
 25  F81+R9        Skipped 
 26  F81+R10       Skipped 
 27  K2P           15833.342    18  31702.683    31703.029    31803.499
 28  K2P+I         15242.957    19  30523.914    30524.298    30630.331
 29  K2P+G4        15077.430    19  30192.861    30193.245    30299.278
 30  K2P+I+G4      15076.895    20  30193.790    30194.214    30305.808
 31  K2P+R2        15097.662    20  30235.325    30235.749    30347.343
 32  K2P+R3        15076.668    22  30197.337    30197.848    30320.556
 33  K2P+R4        15076.537    24  30201.075    30201.682    30335.496
 34  K2P+R5        Skipped 
 35  K2P+R6        Skipped 
 36  K2P+R7        Skipped 
 37  K2P+R8        Skipped 
 38  K2P+R9        Skipped 
 39  K2P+R10       Skipped 
 40  HKY           15572.409    21  31186.819    31187.286    31304.437
 41  HKY+I         14975.280    22  29994.559    29995.071    30117.779
 42  HKY+G4        14762.109    22  29568.218    29568.730    29691.438
 43  HKY+I+G4      14762.135    23  29570.271    29570.830    29699.092
 44  HKY+R2        14798.523    23  29643.046    29643.605    29771.867
 45  HKY+R3        14762.016    25  29574.032    29574.690    29714.054
 46  HKY+R4        14760.379    27  29574.758    29575.525    29725.982
 47  HKY+R5        Skipped 
 48  HKY+R6        Skipped 
 49  HKY+R7        Skipped 
 50  HKY+R8        Skipped 
 51  HKY+R9        Skipped 
 52  HKY+R10       Skipped 
 53  TNe           15827.036    19  31692.072    31692.456    31798.489
 54  TNe+I         15237.178    20  30514.356    30514.780    30626.374
 55  TNe+G4        15069.018    20  30178.036    30178.461    30290.054
 56  TNe+I+G4      15068.081    21  30178.162    30178.629    30295.781
 57  TNe+R2        15092.408    21  30226.815    30227.282    30344.434
 58  TNe+R3        15068.235    23  30182.470    30183.029    30311.291
 59  TNe+R4        15067.446    25  30184.892    30185.551    30324.915
 60  TNe+R5        Skipped 
 61  TNe+R6        Skipped 
 62  TNe+R7        Skipped 
 63  TNe+R8        Skipped 
 64  TNe+R9        Skipped 
 65  TNe+R10       Skipped 
 66  TN            15571.436    22  31186.873    31187.384    31310.092
 67  TN+I          14974.004    23  29994.007    29994.566    30122.828
 68  TN+G4         14761.225    23  29568.450    29569.009    29697.271
 69  TN+I+G4       14761.217    24  29570.433    29571.041    29704.855
 70  TN+R2         14796.854    24  29641.707    29642.315    29776.129
 71  TN+R3         14761.563    26  29575.126    29575.838    29720.750
 72  TN+R4         14759.552    28  29575.103    29575.927    29731.929
 73  TN+R5         Skipped 
 74  TN+R6         Skipped 
 75  TN+R7         Skipped 
 76  TN+R8         Skipped 
 77  TN+R9         Skipped 
 78  TN+R10        Skipped 
 79  K3P           15827.958    19  31693.916    31694.300    31800.333
 80  K3P+I         15237.093    20  30514.186    30514.610    30626.204
 81  K3P+G4        15068.882    20  30177.764    30178.189    30289.782
 82  K3P+I+G4      15068.174    21  30178.347    30178.814    30295.966
 83  K3P+R2        15089.388    21  30220.776    30221.244    30338.395
 84  K3P+R3        15068.180    23  30182.360    30182.919    30311.181
 85  K3P+R4        15067.534    25  30185.067    30185.726    30325.090
 86  K3P+R5        Skipped 
 87  K3P+R6        Skipped 
 88  K3P+R7        Skipped 
 89  K3P+R8        Skipped 
 90  K3P+R9        Skipped 
 91  K3P+R10       Skipped 
 92  K3Pu          15547.978    22  31139.957    31140.469    31263.177
 93  K3Pu+I        14953.942    23  29953.885    29954.443    30082.705
 94  K3Pu+G4       14732.397    23  29510.795    29511.353    29639.615
 95  K3Pu+I+G4     14732.079    24  29512.157    29512.765    29646.579
 96  K3Pu+R2       14769.645    24  29587.290    29587.897    29721.711
 97  K3Pu+R3       14732.641    26  29517.281    29517.993    29662.905
 98  K3Pu+R4       14731.227    28  29518.454    29519.278    29675.279
 99  K3Pu+R5       Skipped 
100  K3Pu+R6       Skipped 
101  K3Pu+R7       Skipped 
102  K3Pu+R8       Skipped 
103  K3Pu+R9       Skipped 
104  K3Pu+R10      Skipped 
105  TPM2          15561.124    22  31166.248    31166.760    31289.468
106  TPM2+I        14960.278    23  29966.557    29967.115    30095.377
107  TPM2+G4       14757.642    23  29561.283    29561.842    29690.104
108  TPM2+I+G4     14757.592    24  29563.184    29563.791    29697.605
109  TPM2+R2       14790.870    24  29629.741    29630.348    29764.162
110  TPM2+R3       14757.588    26  29567.177    29567.888    29712.800
111  TPM2+R4       14755.727    28  29567.454    29568.277    29724.279
112  TPM2+R5       Skipped 
113  TPM2+R6       Skipped 
114  TPM2+R7       Skipped 
115  TPM2+R8       Skipped 
116  TPM2+R9       Skipped 
117  TPM2+R10      Skipped 
118  TPM2u         15561.139    22  31166.278    31166.790    31289.498
119  TPM2u+I       14960.276    23  29966.551    29967.110    30095.372
120  TPM2u+G4      14757.730    23  29561.460    29562.019    29690.281
121  TPM2u+I+G4    14757.634    24  29563.267    29563.875    29697.689
122  TPM2u+R2      14790.951    24  29629.902    29630.509    29764.323
123  TPM2u+R3      14757.531    26  29567.063    29567.774    29712.686
124  TPM2u+R4      14755.691    28  29567.382    29568.206    29724.207
125  TPM2u+R5      Skipped 
126  TPM2u+R6      Skipped 
127  TPM2u+R7      Skipped 
128  TPM2u+R8      Skipped 
129  TPM2u+R9      Skipped 
130  TPM2u+R10     Skipped 
131  TPM3          15535.290    22  31114.580    31115.092    31237.800
132  TPM3+I        14949.831    23  29945.663    29946.222    30074.484
133  TPM3+G4       14721.215    23  29488.431    29488.990    29617.252
134  TPM3+I+G4     14720.551    24  29489.101    29489.709    29623.523
135  TPM3+R2       14760.714    24  29569.427    29570.035    29703.849
136  TPM3+R3       14720.160    26  29492.320    29493.032    29637.944
137  TPM3+R4       14720.000    28  29496.000    29496.824    29652.825
138  TPM3+R5       Skipped 
139  TPM3+R6       Skipped 
140  TPM3+R7       Skipped 
141  TPM3+R8       Skipped 
142  TPM3+R9       Skipped 
143  TPM3+R10      Skipped 
144  TPM3u         15535.311    22  31114.621    31115.133    31237.841
145  TPM3u+I       14949.834    23  29945.667    29946.226    30074.488
146  TPM3u+G4      14720.358    23  29486.716    29487.275    29615.537
147  TPM3u+I+G4    14720.524    24  29489.047    29489.655    29623.469
148  TPM3u+R2      14760.723    24  29569.446    29570.054    29703.868
149  TPM3u+R3      14720.138    26  29492.277    29492.988    29637.900
150  TPM3u+R4      14719.950    28  29495.899    29496.723    29652.725
151  TPM3u+R5      Skipped 
152  TPM3u+R6      Skipped 
153  TPM3u+R7      Skipped 
154  TPM3u+R8      Skipped 
155  TPM3u+R9      Skipped 
156  TPM3u+R10     Skipped 
157  TIMe          15821.664    20  31683.328    31683.752    31795.346
158  TIMe+I        15231.353    21  30504.705    30505.172    30622.324
159  TIMe+G4       15060.615    21  30163.230    30163.697    30280.849
160  TIMe+I+G4     15059.718    22  30163.436    30163.947    30286.655
161  TIMe+R2       15084.236    22  30212.472    30212.984    30335.692
162  TIMe+R3       15059.969    24  30167.939    30168.546    30302.361
163  TIMe+R4       15059.802    26  30171.603    30172.315    30317.227
164  TIMe+R5       Skipped 
165  TIMe+R6       Skipped 
166  TIMe+R7       Skipped 
167  TIMe+R8       Skipped 
168  TIMe+R9       Skipped 
169  TIMe+R10      Skipped 
170  TIM           15546.611    23  31139.221    31139.780    31268.042
171  TIM+I         14952.470    24  29952.939    29953.547    30087.361
172  TIM+G4        14731.963    24  29511.925    29512.533    29646.347
173  TIM+I+G4      14731.519    25  29513.039    29513.698    29653.062
174  TIM+R2        14768.177    25  29586.354    29587.013    29726.377
175  TIM+R3        14732.069    27  29518.138    29518.904    29669.362
176  TIM+R4        14731.493    29  29520.986    29521.869    29683.412
177  TIM+R5        Skipped 
178  TIM+R6        Skipped 
179  TIM+R7        Skipped 
180  TIM+R8        Skipped 
181  TIM+R9        Skipped 
182  TIM+R10       Skipped 
183  TIM2e         15774.947    20  31589.895    31590.319    31701.913
184  TIM2e+I       15179.978    21  30401.956    30402.423    30519.575
185  TIM2e+G4      14999.707    21  30041.414    30041.881    30159.033
186  TIM2e+I+G4    14998.637    22  30041.274    30041.786    30164.494
187  TIM2e+R2      15025.770    22  30095.539    30096.051    30218.759
188  TIM2e+R3      14998.942    24  30045.883    30046.491    30180.305
189  TIM2e+R4      14998.588    26  30049.176    30049.888    30194.800
190  TIM2e+R5      Skipped 
191  TIM2e+R6      Skipped 
192  TIM2e+R7      Skipped 
193  TIM2e+R8      Skipped 
194  TIM2e+R9      Skipped 
195  TIM2e+R10     Skipped 
196  TIM2          15559.819    23  31165.639    31166.197    31294.459
197  TIM2+I        14959.346    24  29966.692    29967.299    30101.113
198  TIM2+G4       14756.443    24  29560.886    29561.493    29695.307
199  TIM2+I+G4     14756.158    25  29562.317    29562.975    29702.339
200  TIM2+R2       14788.600    25  29627.201    29627.859    29767.223
201  TIM2+R3       14756.462    27  29566.924    29567.691    29718.149
202  TIM2+R4       14755.976    29  29569.952    29570.835    29732.378
203  TIM2+R5       Skipped 
204  TIM2+R6       Skipped 
205  TIM2+R7       Skipped 
206  TIM2+R8       Skipped 
207  TIM2+R9       Skipped 
208  TIM2+R10      Skipped 
209  TIM3e         15820.317    20  31680.634    31681.059    31792.652
210  TIM3e+I       15232.863    21  30507.726    30508.193    30625.345
211  TIM3e+G4      15061.809    21  30165.617    30166.084    30283.236
212  TIM3e+I+G4    15060.848    22  30165.697    30166.209    30288.917
213  TIM3e+R2      15086.294    22  30216.587    30217.099    30339.807
214  TIM3e+R3      15061.034    24  30170.069    30170.677    30304.491
215  TIM3e+R4      15060.767    26  30173.534    30174.246    30319.158
216  TIM3e+R5      Skipped 
217  TIM3e+R6      Skipped 
218  TIM3e+R7      Skipped 
219  TIM3e+R8      Skipped 
220  TIM3e+R9      Skipped 
221  TIM3e+R10     Skipped 
222  TIM3          15532.072    23  31110.144    31110.703    31238.965
223  TIM3+I        14947.701    24  29943.403    29944.010    30077.824
224  TIM3+G4       14718.538    24  29485.077    29485.684    29619.498
225  TIM3+I+G4     14717.985    25  29485.970    29486.629    29625.993
226  TIM3+R2       14756.632    25  29563.264    29563.922    29703.286
227  TIM3+R3       14717.245    27  29488.489    29489.256    29639.714
228  TIM3+R4       14717.071    29  29492.143    29493.026    29654.569
229  TIM3+R5       Skipped 
230  TIM3+R6       Skipped 
231  TIM3+R7       Skipped 
232  TIM3+R8       Skipped 
233  TIM3+R9       Skipped 
234  TIM3+R10      Skipped 
235  TVMe          15770.298    21  31582.597    31583.064    31700.216
236  TVMe+I        15175.230    22  30394.461    30394.973    30517.681
237  TVMe+G4       14995.172    22  30034.345    30034.857    30157.565
238  TVMe+I+G4     14994.268    23  30034.537    30035.095    30163.357
239  TVMe+R2       15018.596    23  30083.192    30083.751    30212.013
240  TVMe+R3       14994.539    25  30039.079    30039.738    30179.102
241  TVMe+R4       14994.427    27  30042.854    30043.621    30194.078
242  TVMe+R5       Skipped 
243  TVMe+R6       Skipped 
244  TVMe+R7       Skipped 
245  TVMe+R8       Skipped 
246  TVMe+R9       Skipped 
247  TVMe+R10      Skipped 
248  TVM           15514.721    24  31077.442    31078.049    31211.863
249  TVM+I         14924.510    25  29899.019    29899.678    30039.042
250  TVM+G4        14703.058    25  29456.117    29456.775    29596.139
251  TVM+I+G4      14703.147    26  29458.294    29459.006    29603.917
252  TVM+R2        14740.089    26  29532.179    29532.890    29677.802
253  TVM+R3        14702.869    28  29461.737    29462.561    29618.563
254  TVM+R4        14702.881    30  29465.762    29466.707    29633.790
255  TVM+R5        Skipped 
256  TVM+R6        Skipped 
257  TVM+R7        Skipped 
258  TVM+R8        Skipped 
259  TVM+R9        Skipped 
260  TVM+R10       Skipped 
261  SYM           15763.793    22  31571.587    31572.099    31694.807
262  SYM+I         15169.489    23  30384.978    30385.537    30513.799
263  SYM+G4        14983.625    23  30013.250    30013.809    30142.071
264  SYM+I+G4      14982.529    24  30013.058    30013.666    30147.480
265  SYM+R2        15012.139    24  30072.277    30072.885    30206.699
266  SYM+R3        14982.576    26  30017.153    30017.864    30162.776
267  SYM+R4        14982.493    28  30020.986    30021.810    30177.811
268  SYM+R5        Skipped 
269  SYM+R6        Skipped 
270  SYM+R7        Skipped 
271  SYM+R8        Skipped 
272  SYM+R9        Skipped 
273  SYM+R10       Skipped 
274  GTR           15511.522    25  31073.045    31073.703    31213.067
275  GTR+I         14922.755    26  29897.511    29898.222    30043.134
276  GTR+G4        14699.592    26  29451.184    29451.895    29596.807
277  GTR+I+G4      14699.803    27  29453.605    29454.372    29604.830
278  GTR+R2        14735.701    27  29525.401    29526.168    29676.626
279  GTR+R3        14699.173    29  29456.345    29457.228    29618.771
280  GTR+R4        14699.146    31  29460.292    29461.300    29633.920
281  GTR+R5        Skipped 
282  GTR+R6        Skipped 
283  GTR+R7        Skipped 
284  GTR+R8        Skipped 
285  GTR+R9        Skipped 
286  GTR+R10       Skipped 
Akaike Information Criterion:           GTR+G4
Corrected Akaike Information Criterion: GTR+G4
Bayesian Information Criterion:         TVM+G4
Best-fit model: TVM+G4 chosen according to BIC

All model information printed to ./results/gene0.phy.model
CPU time for ModelFinder: 55.319 seconds (0h:0m:55s)
Wall-clock time for ModelFinder: 26.455 seconds (0h:0m:26s)

NOTE: 1 MB RAM (0 GB) is required!
Estimate model parameters (epsilon = 0.100)
1. Initial log-likelihood: -15372.076
2. Current log-likelihood: -14970.669
3. Current log-likelihood: -14715.379
4. Current log-likelihood: -14707.761
5. Current log-likelihood: -14706.956
Optimal log-likelihood: -14706.837
Rate parameters:  A-C: 3.189  A-G: 6.298  A-T: 0.707  C-G: 1.012  C-T: 6.298  G-T: 1.000
Base frequencies:   A: 0.409  C: 0.148  G: 0.203  T: 0.240
Gamma shape alpha: 0.480
Parameters optimization took 5 rounds (0.127 sec)
Computing ML distances based on estimated model parameters... 0.003 sec
Computing BIONJ tree...
0.006 seconds
Log-likelihood of BIONJ tree: -14687.496
--------------------------------------------------------------------
|             INITIALIZING CANDIDATE TREE SET                      |
--------------------------------------------------------------------
Generating 98 parsimony trees... 0.094 second
Computing log-likelihood of 90 initial trees ... 0.329 seconds
Current best score: -14687.496

Do NNI search on 20 best initial trees
Estimate model parameters (epsilon = 0.100)
BETTER TREE FOUND at iteration 1: -14687.439
Iteration 10 / LogL: -14687.457 / Time: 0h:0m:27s
Iteration 20 / LogL: -14687.498 / Time: 0h:0m:27s
Finish initializing candidate tree set (1)
Current best tree score: -14687.439 / CPU time: 0.847
Number of iterations: 20
--------------------------------------------------------------------
|               OPTIMIZING CANDIDATE TREE SET                      |
--------------------------------------------------------------------
UPDATE BEST LOG-LIKELIHOOD: -14687.439
UPDATE BEST LOG-LIKELIHOOD: -14687.439
Iteration 30 / LogL: -14687.439 / Time: 0h:0m:27s (0h:0m:3s left)
UPDATE BEST LOG-LIKELIHOOD: -14687.439
Iteration 40 / LogL: -14687.442 / Time: 0h:0m:27s (0h:0m:2s left)
UPDATE BEST LOG-LIKELIHOOD: -14687.439
Iteration 50 / LogL: -14687.450 / Time: 0h:0m:28s (0h:0m:1s left)
UPDATE BEST LOG-LIKELIHOOD: -14687.439
UPDATE BEST LOG-LIKELIHOOD: -14687.439
Iteration 60 / LogL: -14687.486 / Time: 0h:0m:28s (0h:0m:1s left)
UPDATE BEST LOG-LIKELIHOOD: -14687.439
UPDATE BEST LOG-LIKELIHOOD: -14687.439
Iteration 70 / LogL: -14687.481 / Time: 0h:0m:28s (0h:0m:0s left)
Iteration 80 / LogL: -14687.444 / Time: 0h:0m:28s (0h:0m:0s left)
UPDATE BEST LOG-LIKELIHOOD: -14687.439
Iteration 90 / LogL: -14687.529 / Time: 0h:0m:29s (0h:0m:0s left)
Iteration 100 / LogL: -14687.561 / Time: 0h:0m:29s (0h:0m:0s left)
UPDATE BEST LOG-LIKELIHOOD: -14687.439
TREE SEARCH COMPLETED AFTER 102 ITERATIONS / Time: 0h:0m:29s

--------------------------------------------------------------------
|                    FINALIZING TREE SEARCH                        |
--------------------------------------------------------------------
Performs final model parameters optimization
Estimate model parameters (epsilon = 0.010)
1. Initial log-likelihood: -14687.439
Optimal log-likelihood: -14687.437
Rate parameters:  A-C: 3.142  A-G: 6.321  A-T: 0.713  C-G: 0.988  C-T: 6.321  G-T: 1.000
Base frequencies:   A: 0.409  C: 0.148  G: 0.203  T: 0.240
Gamma shape alpha: 0.481
Parameters optimization took 1 rounds (0.010 sec)
BEST SCORE FOUND : -14687.437
Total tree length: 3.490

Total number of iterations: 102
CPU time used for tree search: 5.292 sec (0h:0m:5s)
Wall-clock time used for tree search: 2.747 sec (0h:0m:2s)
Total CPU time used: 60.889 sec (0h:1m:0s)
Total wall-clock time used: 29.356 sec (0h:0m:29s)

Analysis results written to: 
  IQ-TREE report:                ./results/gene0.phy.iqtree
  Maximum-likelihood tree:       ./results/gene0.phy.treefile
  Likelihood distances:          ./results/gene0.phy.mldist
  Screen log file:               ./results/gene0.phy.log

Date and Time: Thu Aug  3 18:00:33 2017
