IQ-TREE multicore version 1.5.4 for Linux 64-bit built Apr  2 2017
Copyright (c) 2011-2017 by Bui Quang Minh, Nguyen Lam Tung,
Olga Chernomor, Heiko Schmidt, and Arndt von Haeseler.

Host:    hpc-crick (AVX, 251 GB RAM)
Command: iqtree -s ./results/gene8.phy -nt 1 -bb 1000
Seed:    563700 (Using SPRNG - Scalable Parallel Random Number Generator)
Time:    Tue Aug 22 17:18:12 2017
Kernel:  AVX - 1 threads (40 CPU cores detected)

Reading alignment file ./results/gene8.phy ... Phylip format detected
Alignment most likely contains DNA/RNA sequences
Alignment has 10 sequences with 1000 columns and 522 patterns (374 informative sites, 353 constant sites)
   Gap/Ambiguity  Composition  p-value
   1  A    0.00%    passed     75.75%
   2  B    0.00%    passed     93.44%
   3  C    0.00%    passed     32.79%
   4  D    0.00%    passed     76.16%
   5  E    0.00%    passed     98.09%
   6  F    0.00%    passed     99.32%
   7  G    0.00%    passed     99.88%
   8  H    0.00%    passed     83.07%
   9  I    0.00%    passed     86.07%
  10  J    0.00%    passed     35.13%
****  TOTAL    0.00%  0 sequences failed composition chi2 test (p-value<5%; df=3)

Create initial parsimony tree by phylogenetic likelihood library (PLL)... 0.001 seconds

NOTE: ModelFinder requires 3 MB RAM!
ModelFinder will test 286 DNA models (sample size: 1000) ...
 No. Model         -LnL         df  AIC          AICc         BIC
  1  JC            8093.631     17  16221.262    16221.886    16304.694
  2  JC+I          7845.035     18  15726.069    15726.766    15814.409
  3  JC+G4         7775.890     18  15587.781    15588.478    15676.120
  4  JC+I+G4       7775.740     19  15589.480    15590.255    15682.727
  5  JC+R2         7778.901     19  15595.802    15596.577    15689.049
  6  JC+R3         7775.191     21  15592.383    15593.327    15695.446
  7  JC+R4         Skipped 
  8  JC+R5         Skipped 
  9  JC+R6         Skipped 
 10  JC+R7         Skipped 
 11  JC+R8         Skipped 
 12  JC+R9         Skipped 
 13  JC+R10        Skipped 
 14  F81           8004.280     20  16048.560    16049.418    16146.715
 15  F81+I         7759.124     21  15560.247    15561.192    15663.310
 16  F81+G4        7672.872     21  15387.744    15388.689    15490.807
 17  F81+I+G4      7673.134     22  15390.268    15391.304    15498.239
 18  F81+R2        7680.087     22  15404.175    15405.211    15512.145
 19  F81+R3        7672.522     24  15393.043    15394.274    15510.829
 20  F81+R4        7672.486     26  15396.971    15398.414    15524.573
 21  F81+R5        Skipped 
 22  F81+R6        Skipped 
 23  F81+R7        Skipped 
 24  F81+R8        Skipped 
 25  F81+R9        Skipped 
 26  F81+R10       Skipped 
 27  K2P           7957.762     18  15951.525    15952.222    16039.864
 28  K2P+I         7700.890     19  15439.780    15440.555    15533.027
 29  K2P+G4        7612.898     19  15263.796    15264.571    15357.043
 30  K2P+I+G4      7612.686     20  15265.372    15266.230    15363.528
 31  K2P+R2        7623.223     20  15286.446    15287.304    15384.602
 32  K2P+R3        7606.771     22  15257.541    15258.577    15365.512
 33  K2P+R4        7606.727     24  15261.455    15262.685    15379.241
 34  K2P+R5        Skipped 
 35  K2P+R6        Skipped 
 36  K2P+R7        Skipped 
 37  K2P+R8        Skipped 
 38  K2P+R9        Skipped 
 39  K2P+R10       Skipped 
 40  HKY           7855.678     21  15753.356    15754.300    15856.419
 41  HKY+I         7606.804     22  15257.607    15258.643    15365.578
 42  HKY+G4        7495.246     22  15034.492    15035.527    15142.462
 43  HKY+I+G4      7495.597     23  15037.195    15038.326    15150.073
 44  HKY+R2        7510.633     23  15067.267    15068.398    15180.145
 45  HKY+R3        7491.121     25  15032.242    15033.577    15154.936
 46  HKY+R4        7490.979     27  15035.959    15037.514    15168.468
 47  HKY+R5        Skipped 
 48  HKY+R6        Skipped 
 49  HKY+R7        Skipped 
 50  HKY+R8        Skipped 
 51  HKY+R9        Skipped 
 52  HKY+R10       Skipped 
 53  TNe           7956.163     19  15950.326    15951.101    16043.573
 54  TNe+I         7697.784     20  15435.568    15436.426    15533.723
 55  TNe+G4        7610.106     20  15260.212    15261.071    15358.368
 56  TNe+I+G4      7609.675     21  15261.349    15262.294    15364.412
 57  TNe+R2        7621.175     21  15284.351    15285.295    15387.413
 58  TNe+R3        7603.081     23  15252.161    15253.292    15365.040
 59  TNe+R4        7602.951     25  15255.903    15257.238    15378.597
 60  TNe+R5        Skipped 
 61  TNe+R6        Skipped 
 62  TNe+R7        Skipped 
 63  TNe+R8        Skipped 
 64  TNe+R9        Skipped 
 65  TNe+R10       Skipped 
 66  TN            7855.380     22  15754.761    15755.797    15862.732
 67  TN+I          7606.708     23  15259.416    15260.547    15372.294
 68  TN+G4         7495.328     23  15036.656    15037.787    15149.534
 69  TN+I+G4       7495.361     24  15038.722    15039.953    15156.508
 70  TN+R2         7510.214     24  15068.429    15069.660    15186.215
 71  TN+R3         7491.004     26  15034.007    15035.450    15161.609
 72  TN+R4         7490.737     28  15037.475    15039.147    15174.892
 73  TN+R5         Skipped 
 74  TN+R6         Skipped 
 75  TN+R7         Skipped 
 76  TN+R8         Skipped 
 77  TN+R9         Skipped 
 78  TN+R10        Skipped 
 79  K3P           7953.506     19  15945.011    15945.787    16038.259
 80  K3P+I         7696.208     20  15432.417    15433.275    15530.572
 81  K3P+G4        7607.048     20  15254.097    15254.955    15352.252
 82  K3P+I+G4      7606.808     21  15255.617    15256.562    15358.680
 83  K3P+R2        7617.365     21  15276.730    15277.675    15379.793
 84  K3P+R3        7602.073     23  15250.146    15251.277    15363.024
 85  K3P+R4        7601.862     25  15253.723    15255.058    15376.417
 86  K3P+R5        Skipped 
 87  K3P+R6        Skipped 
 88  K3P+R7        Skipped 
 89  K3P+R8        Skipped 
 90  K3P+R9        Skipped 
 91  K3P+R10       Skipped 
 92  K3Pu          7843.743     22  15731.486    15732.522    15839.457
 93  K3Pu+I        7597.000     23  15240.000    15241.131    15352.878
 94  K3Pu+G4       7483.272     23  15012.543    15013.674    15125.421
 95  K3Pu+I+G4     7483.633     24  15015.265    15016.496    15133.051
 96  K3Pu+R2       7498.479     24  15044.957    15046.188    15162.744
 97  K3Pu+R3       7480.699     26  15013.399    15014.842    15141.000
 98  K3Pu+R4       7480.703     28  15017.407    15019.079    15154.824
 99  K3Pu+R5       Skipped 
100  K3Pu+R6       Skipped 
101  K3Pu+R7       Skipped 
102  K3Pu+R8       Skipped 
103  K3Pu+R9       Skipped 
104  K3Pu+R10      Skipped 
105  TPM2          7855.438     22  15754.877    15755.912    15862.847
106  TPM2+I        7603.575     23  15253.150    15254.282    15366.029
107  TPM2+G4       7495.258     23  15036.515    15037.646    15149.394
108  TPM2+I+G4     7495.450     24  15038.899    15040.130    15156.685
109  TPM2+R2       7510.562     24  15069.124    15070.355    15186.910
110  TPM2+R3       7491.177     26  15034.354    15035.797    15161.956
111  TPM2+R4       7491.059     28  15038.118    15039.790    15175.535
112  TPM2+R5       Skipped 
113  TPM2+R6       Skipped 
114  TPM2+R7       Skipped 
115  TPM2+R8       Skipped 
116  TPM2+R9       Skipped 
117  TPM2+R10      Skipped 
118  TPM2u         7855.413     22  15754.827    15755.863    15862.797
119  TPM2u+I       7603.571     23  15253.142    15254.273    15366.021
120  TPM2u+G4      7495.257     23  15036.513    15037.644    15149.391
121  TPM2u+I+G4    7495.436     24  15038.873    15040.104    15156.659
122  TPM2u+R2      7510.576     24  15069.152    15070.383    15186.939
123  TPM2u+R3      7491.140     26  15034.279    15035.722    15161.881
124  TPM2u+R4      7490.935     28  15037.870    15039.543    15175.287
125  TPM2u+R5      Skipped 
126  TPM2u+R6      Skipped 
127  TPM2u+R7      Skipped 
128  TPM2u+R8      Skipped 
129  TPM2u+R9      Skipped 
130  TPM2u+R10     Skipped 
131  TPM3          7826.137     22  15696.273    15697.309    15804.244
132  TPM3+I        7588.026     23  15222.052    15223.184    15334.931
133  TPM3+G4       7467.302     23  14980.603    14981.734    15093.481
134  TPM3+I+G4     7467.498     24  14982.995    14984.226    15100.781
135  TPM3+R2       7482.086     24  15012.172    15013.402    15129.958
136  TPM3+R3       7465.411     26  14982.822    14984.265    15110.423
137  TPM3+R4       7465.396     28  14986.792    14988.465    15124.209
138  TPM3+R5       Skipped 
139  TPM3+R6       Skipped 
140  TPM3+R7       Skipped 
141  TPM3+R8       Skipped 
142  TPM3+R9       Skipped 
143  TPM3+R10      Skipped 
144  TPM3u         7826.221     22  15696.442    15697.478    15804.413
145  TPM3u+I       7588.028     23  15222.056    15223.187    15334.935
146  TPM3u+G4      7467.318     23  14980.637    14981.768    15093.515
147  TPM3u+I+G4    7467.743     24  14983.486    14984.716    15101.272
148  TPM3u+R2      7482.081     24  15012.162    15013.393    15129.948
149  TPM3u+R3      7465.376     26  14982.753    14984.196    15110.354
150  TPM3u+R4      7465.372     28  14986.745    14988.417    15124.162
151  TPM3u+R5      Skipped 
152  TPM3u+R6      Skipped 
153  TPM3u+R7      Skipped 
154  TPM3u+R8      Skipped 
155  TPM3u+R9      Skipped 
156  TPM3u+R10     Skipped 
157  TIMe          7951.926     20  15943.853    15944.711    16042.008
158  TIMe+I        7693.153     21  15428.305    15429.250    15531.368
159  TIMe+G4       7604.318     21  15250.636    15251.581    15353.699
160  TIMe+I+G4     7603.988     22  15251.976    15253.012    15359.947
161  TIMe+R2       7615.307     22  15274.614    15275.650    15382.585
162  TIMe+R3       7598.383     24  15244.766    15245.996    15362.552
163  TIMe+R4       7598.317     26  15248.635    15250.078    15376.236
164  TIMe+R5       Skipped 
165  TIMe+R6       Skipped 
166  TIMe+R7       Skipped 
167  TIMe+R8       Skipped 
168  TIMe+R9       Skipped 
169  TIMe+R10      Skipped 
170  TIM           7843.333     23  15732.665    15733.796    15845.544
171  TIM+I         7596.878     24  15241.755    15242.986    15359.541
172  TIM+G4        7483.111     24  15014.222    15015.453    15132.008
173  TIM+I+G4      7483.332     25  15016.664    15017.999    15139.358
174  TIM+R2        7498.150     25  15046.301    15047.636    15168.995
175  TIM+R3        7480.640     27  15015.279    15016.835    15147.789
176  TIM+R4        7480.651     29  15019.302    15021.096    15161.627
177  TIM+R5        Skipped 
178  TIM+R6        Skipped 
179  TIM+R7        Skipped 
180  TIM+R8        Skipped 
181  TIM+R9        Skipped 
182  TIM+R10       Skipped 
183  TIM2e         7943.133     20  15926.267    15927.125    16024.422
184  TIM2e+I       7675.453     21  15392.905    15393.850    15495.968
185  TIM2e+G4      7588.721     21  15219.442    15220.387    15322.505
186  TIM2e+I+G4    7588.205     22  15220.410    15221.446    15328.381
187  TIM2e+R2      7599.308     22  15242.615    15243.651    15350.586
188  TIM2e+R3      7582.805     24  15213.609    15214.840    15331.396
189  TIM2e+R4      7582.708     26  15217.416    15218.859    15345.018
190  TIM2e+R5      Skipped 
191  TIM2e+R6      Skipped 
192  TIM2e+R7      Skipped 
193  TIM2e+R8      Skipped 
194  TIM2e+R9      Skipped 
195  TIM2e+R10     Skipped 
196  TIM2          7855.130     23  15756.260    15757.391    15869.139
197  TIM2+I        7603.520     24  15255.039    15256.270    15372.825
198  TIM2+G4       7495.029     24  15038.057    15039.288    15155.843
199  TIM2+I+G4     7495.138     25  15040.276    15041.610    15162.970
200  TIM2+R2       7510.053     25  15070.106    15071.440    15192.800
201  TIM2+R3       7490.913     27  15035.826    15037.382    15168.336
202  TIM2+R4       7490.909     29  15039.817    15041.611    15182.142
203  TIM2+R5       Skipped 
204  TIM2+R6       Skipped 
205  TIM2+R7       Skipped 
206  TIM2+R8       Skipped 
207  TIM2+R9       Skipped 
208  TIM2+R10      Skipped 
209  TIM3e         7943.874     20  15927.748    15928.606    16025.903
210  TIM3e+I       7689.134     21  15420.269    15421.213    15523.332
211  TIM3e+G4      7598.733     21  15239.466    15240.410    15342.528
212  TIM3e+I+G4    7598.443     22  15240.887    15241.922    15348.857
213  TIM3e+R2      7610.052     22  15264.104    15265.139    15372.074
214  TIM3e+R3      7593.126     24  15234.252    15235.483    15352.039
215  TIM3e+R4      7593.034     26  15238.069    15239.512    15365.671
216  TIM3e+R5      Skipped 
217  TIM3e+R6      Skipped 
218  TIM3e+R7      Skipped 
219  TIM3e+R8      Skipped 
220  TIM3e+R9      Skipped 
221  TIM3e+R10     Skipped 
222  TIM3          7824.719     23  15695.437    15696.568    15808.316
223  TIM3+I        7587.858     24  15223.717    15224.947    15341.503
224  TIM3+G4       7466.596     24  14981.193    14982.423    15098.979
225  TIM3+I+G4     7467.027     25  14984.054    14985.389    15106.748
226  TIM3+R2       7480.319     25  15010.638    15011.973    15133.332
227  TIM3+R3       7464.973     27  14983.947    14985.502    15116.456
228  TIM3+R4       7464.987     29  14987.975    14989.768    15130.299
229  TIM3+R5       Skipped 
230  TIM3+R6       Skipped 
231  TIM3+R7       Skipped 
232  TIM3+R8       Skipped 
233  TIM3+R9       Skipped 
234  TIM3+R10      Skipped 
235  TVMe          7932.213     21  15906.426    15907.371    16009.489
236  TVMe+I        7669.056     22  15382.111    15383.147    15490.082
237  TVMe+G4       7578.688     22  15201.376    15202.412    15309.346
238  TVMe+I+G4     7578.394     23  15202.787    15203.918    15315.666
239  TVMe+R2       7589.098     23  15224.195    15225.326    15337.074
240  TVMe+R3       7575.034     25  15200.069    15201.403    15322.763
241  TVMe+R4       7574.996     27  15203.992    15205.548    15336.501
242  TVMe+R5       Skipped 
243  TVMe+R6       Skipped 
244  TVMe+R7       Skipped 
245  TVMe+R8       Skipped 
246  TVMe+R9       Skipped 
247  TVMe+R10      Skipped 
248  TVM           7823.160     24  15694.321    15695.551    15812.107
249  TVM+I         7581.946     25  15213.892    15215.226    15336.585
250  TVM+G4        7462.528     25  14975.057    14976.391    15097.750
251  TVM+I+G4      7462.964     26  14977.929    14979.372    15105.530
252  TVM+R2        7477.823     26  15007.646    15009.089    15135.248
253  TVM+R3        7461.046     28  14978.091    14979.764    15115.508
254  TVM+R4        7461.034     30  14982.069    14983.988    15129.301
255  TVM+R5        Skipped 
256  TVM+R6        Skipped 
257  TVM+R7        Skipped 
258  TVM+R8        Skipped 
259  TVM+R9        Skipped 
260  TVM+R10       Skipped 
261  SYM           7930.881     22  15905.761    15906.797    16013.732
262  SYM+I         7665.796     23  15377.592    15378.723    15490.470
263  SYM+G4        7575.434     23  15196.867    15197.998    15309.746
264  SYM+I+G4      7575.000     24  15197.999    15199.230    15315.786
265  SYM+R2        7586.719     24  15221.438    15222.669    15339.224
266  SYM+R3        7570.775     26  15193.550    15194.993    15321.152
267  SYM+R4        7570.741     28  15197.481    15199.154    15334.898
268  SYM+R5        Skipped 
269  SYM+R6        Skipped 
270  SYM+R7        Skipped 
271  SYM+R8        Skipped 
272  SYM+R9        Skipped 
273  SYM+R10       Skipped 
274  GTR           7821.730     25  15693.459    15694.794    15816.153
275  GTR+I         7581.714     26  15215.429    15216.872    15343.030
276  GTR+G4        7461.885     26  14975.770    14977.213    15103.372
277  GTR+I+G4      7462.280     27  14978.559    14980.115    15111.069
278  GTR+R2        7475.775     27  15005.550    15007.106    15138.059
279  GTR+R3        7460.595     29  14979.189    14980.983    15121.514
280  GTR+R4        7460.589     31  14983.178    14985.227    15135.318
281  GTR+R5        Skipped 
282  GTR+R6        Skipped 
283  GTR+R7        Skipped 
284  GTR+R8        Skipped 
285  GTR+R9        Skipped 
286  GTR+R10       Skipped 
Akaike Information Criterion:           TVM+G4
Corrected Akaike Information Criterion: TVM+G4
Bayesian Information Criterion:         TPM3+G4
Best-fit model: TPM3+G4 chosen according to BIC

All model information printed to ./results/gene8.phy.model
CPU time for ModelFinder: 18.275 seconds (0h:0m:18s)
Wall-clock time for ModelFinder: 20.679 seconds (0h:0m:20s)
Generating 1000 samples for ultrafast bootstrap (seed: 563700)...

NOTE: 2 MB RAM (0 GB) is required!
Estimate model parameters (epsilon = 0.100)
1. Initial log-likelihood: -7728.518
2. Current log-likelihood: -7476.135
3. Current log-likelihood: -7468.202
4. Current log-likelihood: -7467.258
Optimal log-likelihood: -7467.185
Rate parameters:  A-C: 3.308  A-G: 6.913  A-T: 1.000  C-G: 3.308  C-T: 6.913  G-T: 1.000
Base frequencies:   A: 0.392  C: 0.170  G: 0.191  T: 0.247
Gamma shape alpha: 0.554
Parameters optimization took 4 rounds (0.047 sec)
Computing ML distances based on estimated model parameters... 0.002 sec
Computing BIONJ tree...
0.000 seconds
Log-likelihood of BIONJ tree: -7467.178
--------------------------------------------------------------------
|             INITIALIZING CANDIDATE TREE SET                      |
--------------------------------------------------------------------
Generating 99 parsimony trees... 0.076 second
Computing log-likelihood of 92 initial trees ... 0.354 seconds
Current best score: -7467.178

Do NNI search on 20 best initial trees
Estimate model parameters (epsilon = 0.100)
BETTER TREE FOUND at iteration 1: -7467.176
Iteration 10 / LogL: -7467.176 / Time: 0h:0m:21s
Iteration 20 / LogL: -7467.177 / Time: 0h:0m:22s
Finish initializing candidate tree set (2)
Current best tree score: -7467.176 / CPU time: 1.375
Number of iterations: 20
--------------------------------------------------------------------
|               OPTIMIZING CANDIDATE TREE SET                      |
--------------------------------------------------------------------
Iteration 30 / LogL: -7467.467 / Time: 0h:0m:22s (0h:0m:4s left)
Iteration 40 / LogL: -7467.181 / Time: 0h:0m:23s (0h:0m:3s left)
Iteration 50 / LogL: -7467.467 / Time: 0h:0m:23s (0h:0m:2s left)
Log-likelihood cutoff on original alignment: -7479.265
Iteration 60 / LogL: -7467.467 / Time: 0h:0m:23s (0h:0m:2s left)
Iteration 70 / LogL: -7467.176 / Time: 0h:0m:24s (0h:0m:1s left)
Iteration 80 / LogL: -7467.467 / Time: 0h:0m:24s (0h:0m:1s left)
Iteration 90 / LogL: -7468.068 / Time: 0h:0m:25s (0h:0m:0s left)
Iteration 100 / LogL: -7467.467 / Time: 0h:0m:25s (0h:0m:0s left)
Log-likelihood cutoff on original alignment: -7479.265
NOTE: Bootstrap correlation coefficient of split occurrence frequencies: 0.995
TREE SEARCH COMPLETED AFTER 102 ITERATIONS / Time: 0h:0m:25s

--------------------------------------------------------------------
|                    FINALIZING TREE SEARCH                        |
--------------------------------------------------------------------
Performs final model parameters optimization
Estimate model parameters (epsilon = 0.010)
1. Initial log-likelihood: -7467.176
Optimal log-likelihood: -7467.175
Rate parameters:  A-C: 3.315  A-G: 6.928  A-T: 1.000  C-G: 3.315  C-T: 6.928  G-T: 1.000
Base frequencies:   A: 0.392  C: 0.170  G: 0.191  T: 0.247
Gamma shape alpha: 0.551
Parameters optimization took 1 rounds (0.007 sec)
BEST SCORE FOUND : -7467.175
Creating bootstrap support values...
Split supports printed to NEXUS file ./results/gene8.phy.splits.nex
Total tree length: 3.184

Total number of iterations: 102
CPU time used for tree search: 5.144 sec (0h:0m:5s)
Wall-clock time used for tree search: 5.176 sec (0h:0m:5s)
Total CPU time used: 23.530 sec (0h:0m:23s)
Total wall-clock time used: 25.966 sec (0h:0m:25s)

Computing bootstrap consensus tree...
Reading input file ./results/gene8.phy.splits.nex...
10 taxa and 101 splits.
Consensus tree written to ./results/gene8.phy.contree
Reading input trees file ./results/gene8.phy.contree
Log-likelihood of consensus tree: -7467.175

Analysis results written to: 
  IQ-TREE report:                ./results/gene8.phy.iqtree
  Maximum-likelihood tree:       ./results/gene8.phy.treefile
  Likelihood distances:          ./results/gene8.phy.mldist

Ultrafast bootstrap approximation results written to:
  Split support values:          ./results/gene8.phy.splits.nex
  Consensus tree:                ./results/gene8.phy.contree
  Screen log file:               ./results/gene8.phy.log

Date and Time: Tue Aug 22 17:18:38 2017
