IQ-TREE multicore version 1.5.4 for Linux 64-bit built Apr  2 2017
Copyright (c) 2011-2017 by Bui Quang Minh, Nguyen Lam Tung,
Olga Chernomor, Heiko Schmidt, and Arndt von Haeseler.

Host:    hpc-crick (AVX, 251 GB RAM)
Command: iqtree -s ./results/gene11.phy -nt 1 -bb 1000
Seed:    559945 (Using SPRNG - Scalable Parallel Random Number Generator)
Time:    Tue Aug 22 17:19:59 2017
Kernel:  AVX - 1 threads (40 CPU cores detected)

Reading alignment file ./results/gene11.phy ... Phylip format detected
Alignment most likely contains DNA/RNA sequences
Alignment has 10 sequences with 1000 columns and 540 patterns (388 informative sites, 350 constant sites)
   Gap/Ambiguity  Composition  p-value
   1  A    0.00%    passed     61.33%
   2  B    0.00%    passed     77.37%
   3  C    0.00%    passed     50.25%
   4  D    0.00%    passed     71.98%
   5  E    0.00%    passed     86.86%
   6  F    0.00%    passed     46.34%
   7  G    0.00%    passed     93.15%
   8  H    0.00%    passed     92.74%
   9  I    0.00%    passed     44.74%
  10  J    0.00%    passed     84.09%
****  TOTAL    0.00%  0 sequences failed composition chi2 test (p-value<5%; df=3)

Create initial parsimony tree by phylogenetic likelihood library (PLL)... 0.001 seconds

NOTE: ModelFinder requires 3 MB RAM!
ModelFinder will test 286 DNA models (sample size: 1000) ...
 No. Model         -LnL         df  AIC          AICc         BIC
  1  JC            8346.531     17  16727.063    16727.686    16810.495
  2  JC+I          8056.912     18  16149.824    16150.521    16238.164
  3  JC+G4         7972.302     18  15980.604    15981.302    16068.944
  4  JC+I+G4       7972.072     19  15982.144    15982.919    16075.391
  5  JC+R2         7977.617     19  15993.234    15994.010    16086.481
  6  JC+R3         7971.374     21  15984.748    15985.693    16087.811
  7  JC+R4         Skipped 
  8  JC+R5         Skipped 
  9  JC+R6         Skipped 
 10  JC+R7         Skipped 
 11  JC+R8         Skipped 
 12  JC+R9         Skipped 
 13  JC+R10        Skipped 
 14  F81           8259.002     20  16558.005    16558.863    16656.160
 15  F81+I         7960.424     21  15962.849    15963.794    16065.912
 16  F81+G4        7861.590     21  15765.180    15766.125    15868.243
 17  F81+I+G4      7861.671     22  15767.342    15768.378    15875.313
 18  F81+R2        7871.701     22  15787.402    15788.438    15895.372
 19  F81+R3        7860.784     24  15769.568    15770.799    15887.355
 20  F81+R4        7860.815     26  15773.630    15775.073    15901.231
 21  F81+R5        Skipped 
 22  F81+R6        Skipped 
 23  F81+R7        Skipped 
 24  F81+R8        Skipped 
 25  F81+R9        Skipped 
 26  F81+R10       Skipped 
 27  K2P           8217.088     18  16470.176    16470.873    16558.516
 28  K2P+I         7915.226     19  15868.451    15869.227    15961.699
 29  K2P+G4        7808.423     19  15654.847    15655.622    15748.094
 30  K2P+I+G4      7808.497     20  15656.994    15657.852    15755.149
 31  K2P+R2        7819.997     20  15679.994    15680.852    15778.150
 32  K2P+R3        7807.698     22  15659.395    15660.431    15767.366
 33  K2P+R4        7807.678     24  15663.355    15664.586    15781.142
 34  K2P+R5        Skipped 
 35  K2P+R6        Skipped 
 36  K2P+R7        Skipped 
 37  K2P+R8        Skipped 
 38  K2P+R9        Skipped 
 39  K2P+R10       Skipped 
 40  HKY           8122.945     21  16287.891    16288.836    16390.954
 41  HKY+I         7800.429     22  15644.858    15645.894    15752.829
 42  HKY+G4        7680.490     22  15404.981    15406.016    15512.951
 43  HKY+I+G4      7680.158     23  15406.317    15407.448    15519.195
 44  HKY+R2        7699.504     23  15445.009    15446.140    15557.887
 45  HKY+R3        7679.332     25  15408.665    15409.999    15531.359
 46  HKY+R4        7679.409     27  15412.818    15414.374    15545.328
 47  HKY+R5        Skipped 
 48  HKY+R6        Skipped 
 49  HKY+R7        Skipped 
 50  HKY+R8        Skipped 
 51  HKY+R9        Skipped 
 52  HKY+R10       Skipped 
 53  TNe           8216.420     19  16470.840    16471.615    16564.087
 54  TNe+I         7913.387     20  15866.773    15867.631    15964.928
 55  TNe+G4        7806.743     20  15653.486    15654.344    15751.641
 56  TNe+I+G4      7806.651     21  15655.303    15656.248    15758.366
 57  TNe+R2        7818.871     21  15679.742    15680.687    15782.805
 58  TNe+R3        7805.942     23  15657.885    15659.016    15770.763
 59  TNe+R4        7805.903     25  15661.805    15663.140    15784.499
 60  TNe+R5        Skipped 
 61  TNe+R6        Skipped 
 62  TNe+R7        Skipped 
 63  TNe+R8        Skipped 
 64  TNe+R9        Skipped 
 65  TNe+R10       Skipped 
 66  TN            8121.705     22  16287.409    16288.445    16395.380
 67  TN+I          7800.404     23  15646.807    15647.938    15759.686
 68  TN+G4         7679.575     23  15405.149    15406.280    15518.028
 69  TN+I+G4       7679.503     24  15407.007    15408.237    15524.793
 70  TN+R2         7698.307     24  15444.613    15445.844    15562.399
 71  TN+R3         7678.778     26  15409.557    15411.000    15537.158
 72  TN+R4         7678.685     28  15413.370    15415.043    15550.787
 73  TN+R5         Skipped 
 74  TN+R6         Skipped 
 75  TN+R7         Skipped 
 76  TN+R8         Skipped 
 77  TN+R9         Skipped 
 78  TN+R10        Skipped 
 79  K3P           8213.409     19  16464.817    16465.593    16558.065
 80  K3P+I         7911.352     20  15862.703    15863.561    15960.858
 81  K3P+G4        7801.618     20  15643.235    15644.093    15741.391
 82  K3P+I+G4      7801.682     21  15645.365    15646.309    15748.427
 83  K3P+R2        7814.112     21  15670.224    15671.169    15773.287
 84  K3P+R3        7800.866     23  15647.733    15648.864    15760.611
 85  K3P+R4        7800.823     25  15651.645    15652.980    15774.339
 86  K3P+R5        Skipped 
 87  K3P+R6        Skipped 
 88  K3P+R7        Skipped 
 89  K3P+R8        Skipped 
 90  K3P+R9        Skipped 
 91  K3P+R10       Skipped 
 92  K3Pu          8113.046     22  16270.093    16271.129    16378.063
 93  K3Pu+I        7788.430     23  15622.860    15623.991    15735.738
 94  K3Pu+G4       7664.901     23  15375.801    15376.932    15488.679
 95  K3Pu+I+G4     7664.325     24  15376.650    15377.880    15494.436
 96  K3Pu+R2       7686.576     24  15421.153    15422.383    15538.939
 97  K3Pu+R3       7663.724     26  15379.448    15380.891    15507.050
 98  K3Pu+R4       7663.703     28  15383.406    15385.078    15520.823
 99  K3Pu+R5       Skipped 
100  K3Pu+R6       Skipped 
101  K3Pu+R7       Skipped 
102  K3Pu+R8       Skipped 
103  K3Pu+R9       Skipped 
104  K3Pu+R10      Skipped 
105  TPM2          8115.872     22  16275.744    16276.780    16383.715
106  TPM2+I        7797.761     23  15641.523    15642.654    15754.401
107  TPM2+G4       7679.038     23  15404.076    15405.207    15516.955
108  TPM2+I+G4     7678.921     24  15405.841    15407.072    15523.627
109  TPM2+R2       7696.390     24  15440.780    15442.011    15558.567
110  TPM2+R3       7678.206     26  15408.412    15409.855    15536.013
111  TPM2+R4       7678.133     28  15412.266    15413.938    15549.683
112  TPM2+R5       Skipped 
113  TPM2+R6       Skipped 
114  TPM2+R7       Skipped 
115  TPM2+R8       Skipped 
116  TPM2+R9       Skipped 
117  TPM2+R10      Skipped 
118  TPM2u         8115.934     22  16275.868    16276.904    16383.838
119  TPM2u+I       7797.764     23  15641.529    15642.660    15754.407
120  TPM2u+G4      7679.036     23  15404.072    15405.203    15516.950
121  TPM2u+I+G4    7678.908     24  15405.816    15407.047    15523.602
122  TPM2u+R2      7696.399     24  15440.798    15442.028    15558.584
123  TPM2u+R3      7678.237     26  15408.475    15409.918    15536.076
124  TPM2u+R4      7678.125     28  15412.251    15413.923    15549.668
125  TPM2u+R5      Skipped 
126  TPM2u+R6      Skipped 
127  TPM2u+R7      Skipped 
128  TPM2u+R8      Skipped 
129  TPM2u+R9      Skipped 
130  TPM2u+R10     Skipped 
131  TPM3          8109.837     22  16263.674    16264.710    16371.645
132  TPM3+I        7785.277     23  15616.553    15617.684    15729.432
133  TPM3+G4       7668.183     23  15382.366    15383.497    15495.245
134  TPM3+I+G4     7667.611     24  15383.221    15384.452    15501.007
135  TPM3+R2       7690.881     24  15429.762    15430.993    15547.549
136  TPM3+R3       7666.931     26  15385.862    15387.305    15513.464
137  TPM3+R4       7666.967     28  15389.935    15391.607    15527.352
138  TPM3+R5       Skipped 
139  TPM3+R6       Skipped 
140  TPM3+R7       Skipped 
141  TPM3+R8       Skipped 
142  TPM3+R9       Skipped 
143  TPM3+R10      Skipped 
144  TPM3u         8109.841     22  16263.682    16264.717    16371.652
145  TPM3u+I       7785.276     23  15616.552    15617.683    15729.430
146  TPM3u+G4      7668.098     23  15382.195    15383.326    15495.073
147  TPM3u+I+G4    7667.604     24  15383.208    15384.439    15500.994
148  TPM3u+R2      7690.894     24  15429.789    15431.020    15547.575
149  TPM3u+R3      7666.890     26  15385.781    15387.224    15513.383
150  TPM3u+R4      7666.892     28  15389.783    15391.456    15527.200
151  TPM3u+R5      Skipped 
152  TPM3u+R6      Skipped 
153  TPM3u+R7      Skipped 
154  TPM3u+R8      Skipped 
155  TPM3u+R9      Skipped 
156  TPM3u+R10     Skipped 
157  TIMe          8212.773     20  16465.546    16466.404    16563.701
158  TIMe+I        7909.577     21  15861.153    15862.098    15964.216
159  TIMe+G4       7799.943     21  15641.885    15642.830    15744.948
160  TIMe+I+G4     7799.841     22  15643.683    15644.719    15751.653
161  TIMe+R2       7813.053     22  15670.106    15671.142    15778.077
162  TIMe+R3       7799.104     24  15646.209    15647.440    15763.995
163  TIMe+R4       7799.068     26  15650.137    15651.580    15777.738
164  TIMe+R5       Skipped 
165  TIMe+R6       Skipped 
166  TIMe+R7       Skipped 
167  TIMe+R8       Skipped 
168  TIMe+R9       Skipped 
169  TIMe+R10      Skipped 
170  TIM           8111.455     23  16268.910    16270.042    16381.789
171  TIM+I         7788.381     24  15624.762    15625.993    15742.548
172  TIM+G4        7664.546     24  15377.093    15378.323    15494.879
173  TIM+I+G4      7663.966     25  15377.932    15379.266    15500.626
174  TIM+R2        7685.462     25  15420.924    15422.258    15543.618
175  TIM+R3        7663.365     27  15380.730    15382.286    15513.240
176  TIM+R4        7663.371     29  15384.743    15386.537    15527.068
177  TIM+R5        Skipped 
178  TIM+R6        Skipped 
179  TIM+R7        Skipped 
180  TIM+R8        Skipped 
181  TIM+R9        Skipped 
182  TIM+R10       Skipped 
183  TIM2e         8187.147     20  16414.293    16415.151    16512.448
184  TIM2e+I       7889.520     21  15821.039    15821.984    15924.102
185  TIM2e+G4      7774.882     21  15591.764    15592.708    15694.827
186  TIM2e+I+G4    7775.035     22  15594.070    15595.106    15702.041
187  TIM2e+R2      7786.997     22  15617.994    15619.030    15725.964
188  TIM2e+R3      7774.557     24  15597.114    15598.344    15714.900
189  TIM2e+R4      7774.497     26  15600.993    15602.436    15728.595
190  TIM2e+R5      Skipped 
191  TIM2e+R6      Skipped 
192  TIM2e+R7      Skipped 
193  TIM2e+R8      Skipped 
194  TIM2e+R9      Skipped 
195  TIM2e+R10     Skipped 
196  TIM2          8114.198     23  16274.397    16275.528    16387.275
197  TIM2+I        7797.723     24  15643.446    15644.677    15761.232
198  TIM2+G4       7677.831     24  15403.662    15404.893    15521.448
199  TIM2+I+G4     7677.915     25  15405.829    15407.164    15528.523
200  TIM2+R2       7695.201     25  15440.403    15441.737    15563.096
201  TIM2+R3       7677.141     27  15408.282    15409.838    15540.791
202  TIM2+R4       7677.089     29  15412.178    15413.972    15554.503
203  TIM2+R5       Skipped 
204  TIM2+R6       Skipped 
205  TIM2+R7       Skipped 
206  TIM2+R8       Skipped 
207  TIM2+R9       Skipped 
208  TIM2+R10      Skipped 
209  TIM3e         8213.423     20  16466.846    16467.704    16565.001
210  TIM3e+I       7909.777     21  15861.554    15862.498    15964.616
211  TIM3e+G4      7804.097     21  15650.194    15651.139    15753.257
212  TIM3e+I+G4    7803.820     22  15651.639    15652.675    15759.610
213  TIM3e+R2      7817.107     22  15678.214    15679.249    15786.184
214  TIM3e+R3      7803.210     24  15654.420    15655.650    15772.206
215  TIM3e+R4      7803.183     26  15658.367    15659.810    15785.968
216  TIM3e+R5      Skipped 
217  TIM3e+R6      Skipped 
218  TIM3e+R7      Skipped 
219  TIM3e+R8      Skipped 
220  TIM3e+R9      Skipped 
221  TIM3e+R10     Skipped 
222  TIM3          8107.535     23  16261.070    16262.201    16373.948
223  TIM3+I        7785.089     24  15618.179    15619.410    15735.965
224  TIM3+G4       7667.389     24  15382.779    15384.009    15500.565
225  TIM3+I+G4     7666.733     25  15383.466    15384.800    15506.159
226  TIM3+R2       7689.306     25  15428.613    15429.947    15551.307
227  TIM3+R3       7665.988     27  15385.976    15387.532    15518.486
228  TIM3+R4       7666.004     29  15390.008    15391.802    15532.333
229  TIM3+R5       Skipped 
230  TIM3+R6       Skipped 
231  TIM3+R7       Skipped 
232  TIM3+R8       Skipped 
233  TIM3+R9       Skipped 
234  TIM3+R10      Skipped 
235  TVMe          8181.698     21  16405.396    16406.341    16508.459
236  TVMe+I        7884.879     22  15813.759    15814.794    15921.729
237  TVMe+G4       7767.000     22  15578.000    15579.036    15685.971
238  TVMe+I+G4     7767.330     23  15580.661    15581.792    15693.539
239  TVMe+R2       7779.910     23  15605.820    15606.951    15718.699
240  TVMe+R3       7766.688     25  15583.376    15584.710    15706.070
241  TVMe+R4       7766.645     27  15587.290    15588.846    15719.800
242  TVMe+R5       Skipped 
243  TVMe+R6       Skipped 
244  TVMe+R7       Skipped 
245  TVMe+R8       Skipped 
246  TVMe+R9       Skipped 
247  TVMe+R10      Skipped 
248  TVM           8097.890     24  16243.779    16245.010    16361.566
249  TVM+I         7777.607     25  15605.214    15606.548    15727.908
250  TVM+G4        7657.143     25  15364.286    15365.621    15486.980
251  TVM+I+G4      7656.898     26  15365.797    15367.240    15493.398
252  TVM+R2        7678.775     26  15409.550    15410.993    15537.152
253  TVM+R3        7656.385     28  15368.771    15370.443    15506.188
254  TVM+R4        7656.378     30  15372.757    15374.676    15519.990
255  TVM+R5        Skipped 
256  TVM+R6        Skipped 
257  TVM+R7        Skipped 
258  TVM+R8        Skipped 
259  TVM+R9        Skipped 
260  TVM+R10       Skipped 
261  SYM           8180.983     22  16405.965    16407.001    16513.936
262  SYM+I         7883.349     23  15812.698    15813.829    15925.577
263  SYM+G4        7764.206     23  15574.412    15575.543    15687.290
264  SYM+I+G4      7764.277     24  15576.553    15577.784    15694.339
265  SYM+R2        7777.729     24  15603.458    15604.689    15721.244
266  SYM+R3        7763.881     26  15579.761    15581.204    15707.363
267  SYM+R4        7763.812     28  15583.625    15585.297    15721.042
268  SYM+R5        Skipped 
269  SYM+R6        Skipped 
270  SYM+R7        Skipped 
271  SYM+R8        Skipped 
272  SYM+R9        Skipped 
273  SYM+R10       Skipped 
274  GTR           8095.311     25  16240.623    16241.957    16363.317
275  GTR+I         7777.392     26  15606.784    15608.227    15734.386
276  GTR+G4        7656.000     26  15364.001    15365.444    15491.603
277  GTR+I+G4      7655.926     27  15365.852    15367.408    15498.362
278  GTR+R2        7677.377     27  15408.755    15410.310    15541.264
279  GTR+R3        7655.126     29  15368.252    15370.046    15510.577
280  GTR+R4        7655.133     31  15372.266    15374.316    15524.406
281  GTR+R5        Skipped 
282  GTR+R6        Skipped 
283  GTR+R7        Skipped 
284  GTR+R8        Skipped 
285  GTR+R9        Skipped 
286  GTR+R10       Skipped 
Akaike Information Criterion:           GTR+G4
Corrected Akaike Information Criterion: GTR+G4
Bayesian Information Criterion:         TVM+G4
Best-fit model: TVM+G4 chosen according to BIC

All model information printed to ./results/gene11.phy.model
CPU time for ModelFinder: 13.423 seconds (0h:0m:13s)
Wall-clock time for ModelFinder: 14.714 seconds (0h:0m:14s)
Generating 1000 samples for ultrafast bootstrap (seed: 559945)...

NOTE: 2 MB RAM (0 GB) is required!
Estimate model parameters (epsilon = 0.100)
1. Initial log-likelihood: -7929.740
2. Current log-likelihood: -7672.042
3. Current log-likelihood: -7659.853
4. Current log-likelihood: -7658.606
5. Current log-likelihood: -7658.482
Optimal log-likelihood: -7658.419
Rate parameters:  A-C: 2.387  A-G: 4.399  A-T: 0.642  C-G: 0.739  C-T: 4.399  G-T: 1.000
Base frequencies:   A: 0.391  C: 0.169  G: 0.203  T: 0.237
Gamma shape alpha: 0.490
Parameters optimization took 5 rounds (0.103 sec)
Computing ML distances based on estimated model parameters... 0.002 sec
Computing BIONJ tree...
0.000 seconds
Log-likelihood of BIONJ tree: -7657.607
--------------------------------------------------------------------
|             INITIALIZING CANDIDATE TREE SET                      |
--------------------------------------------------------------------
Generating 98 parsimony trees... 0.074 second
Computing log-likelihood of 93 initial trees ... 0.372 seconds
Current best score: -7657.607

Do NNI search on 20 best initial trees
Estimate model parameters (epsilon = 0.100)
BETTER TREE FOUND at iteration 1: -7656.094
Estimate model parameters (epsilon = 0.100)
BETTER TREE FOUND at iteration 3: -7655.950
Iteration 10 / LogL: -7656.101 / Time: 0h:0m:15s
Iteration 20 / LogL: -7656.101 / Time: 0h:0m:16s
Finish initializing candidate tree set (9)
Current best tree score: -7655.950 / CPU time: 1.343
Number of iterations: 20
--------------------------------------------------------------------
|               OPTIMIZING CANDIDATE TREE SET                      |
--------------------------------------------------------------------
UPDATE BEST LOG-LIKELIHOOD: -7655.950
Iteration 30 / LogL: -7656.101 / Time: 0h:0m:16s (0h:0m:4s left)
Iteration 40 / LogL: -7656.101 / Time: 0h:0m:16s (0h:0m:3s left)
Iteration 50 / LogL: -7656.102 / Time: 0h:0m:17s (0h:0m:2s left)
Log-likelihood cutoff on original alignment: -7663.553
Iteration 60 / LogL: -7656.101 / Time: 0h:0m:17s (0h:0m:2s left)
Iteration 70 / LogL: -7656.111 / Time: 0h:0m:18s (0h:0m:1s left)
Estimate model parameters (epsilon = 0.100)
BETTER TREE FOUND at iteration 73: -7655.722
Iteration 80 / LogL: -7655.723 / Time: 0h:0m:18s (0h:0m:4s left)
Iteration 90 / LogL: -7655.722 / Time: 0h:0m:19s (0h:0m:4s left)
Iteration 100 / LogL: -7655.724 / Time: 0h:0m:19s (0h:0m:3s left)
Log-likelihood cutoff on original alignment: -7663.698
NOTE: Bootstrap correlation coefficient of split occurrence frequencies: 0.937
NOTE: UFBoot does not converge, continue at least 100 more iterations
Iteration 110 / LogL: -7656.035 / Time: 0h:0m:19s (0h:0m:4s left)
Iteration 120 / LogL: -7655.727 / Time: 0h:0m:20s (0h:0m:3s left)
Iteration 130 / LogL: -7656.040 / Time: 0h:0m:20s (0h:0m:3s left)
Iteration 140 / LogL: -7656.125 / Time: 0h:0m:21s (0h:0m:2s left)
Iteration 150 / LogL: -7656.108 / Time: 0h:0m:21s (0h:0m:2s left)
Log-likelihood cutoff on original alignment: -7663.553
Iteration 160 / LogL: -7655.723 / Time: 0h:0m:21s (0h:0m:1s left)
Iteration 170 / LogL: -7655.723 / Time: 0h:0m:22s (0h:0m:1s left)
UPDATE BEST LOG-LIKELIHOOD: -7655.722
Iteration 180 / LogL: -7655.722 / Time: 0h:0m:22s (0h:0m:0s left)
Iteration 190 / LogL: -7655.722 / Time: 0h:0m:23s (0h:0m:0s left)
Iteration 200 / LogL: -7655.964 / Time: 0h:0m:23s (0h:0m:0s left)
Log-likelihood cutoff on original alignment: -7663.553
NOTE: Bootstrap correlation coefficient of split occurrence frequencies: 0.986
NOTE: UFBoot does not converge, continue at least 100 more iterations
Iteration 210 / LogL: -7656.036 / Time: 0h:0m:24s (0h:0m:4s left)
Iteration 220 / LogL: -7656.035 / Time: 0h:0m:24s (0h:0m:3s left)
Iteration 230 / LogL: -7656.037 / Time: 0h:0m:24s (0h:0m:3s left)
Iteration 240 / LogL: -7655.722 / Time: 0h:0m:25s (0h:0m:2s left)
Iteration 250 / LogL: -7655.967 / Time: 0h:0m:25s (0h:0m:2s left)
Log-likelihood cutoff on original alignment: -7663.553
Iteration 260 / LogL: -7656.475 / Time: 0h:0m:26s (0h:0m:1s left)
Iteration 270 / LogL: -7656.071 / Time: 0h:0m:26s (0h:0m:1s left)
Iteration 280 / LogL: -7656.125 / Time: 0h:0m:26s (0h:0m:0s left)
Iteration 290 / LogL: -7655.725 / Time: 0h:0m:27s (0h:0m:0s left)
Iteration 300 / LogL: -7655.765 / Time: 0h:0m:27s (0h:0m:0s left)
Log-likelihood cutoff on original alignment: -7663.636
NOTE: Bootstrap correlation coefficient of split occurrence frequencies: 0.992
TREE SEARCH COMPLETED AFTER 300 ITERATIONS / Time: 0h:0m:27s

--------------------------------------------------------------------
|                    FINALIZING TREE SEARCH                        |
--------------------------------------------------------------------
Performs final model parameters optimization
Estimate model parameters (epsilon = 0.010)
1. Initial log-likelihood: -7655.722
Optimal log-likelihood: -7655.720
Rate parameters:  A-C: 2.361  A-G: 4.410  A-T: 0.640  C-G: 0.715  C-T: 4.410  G-T: 1.000
Base frequencies:   A: 0.391  C: 0.169  G: 0.203  T: 0.237
Gamma shape alpha: 0.487
Parameters optimization took 1 rounds (0.008 sec)
BEST SCORE FOUND : -7655.720
Creating bootstrap support values...
Split supports printed to NEXUS file ./results/gene11.phy.splits.nex
Total tree length: 3.628

Total number of iterations: 300
CPU time used for tree search: 12.826 sec (0h:0m:12s)
Wall-clock time used for tree search: 12.904 sec (0h:0m:12s)
Total CPU time used: 26.418 sec (0h:0m:26s)
Total wall-clock time used: 27.788 sec (0h:0m:27s)

Computing bootstrap consensus tree...
Reading input file ./results/gene11.phy.splits.nex...
10 taxa and 167 splits.
Consensus tree written to ./results/gene11.phy.contree
Reading input trees file ./results/gene11.phy.contree
Log-likelihood of consensus tree: -7656.623

Analysis results written to: 
  IQ-TREE report:                ./results/gene11.phy.iqtree
  Maximum-likelihood tree:       ./results/gene11.phy.treefile
  Likelihood distances:          ./results/gene11.phy.mldist

Ultrafast bootstrap approximation results written to:
  Split support values:          ./results/gene11.phy.splits.nex
  Consensus tree:                ./results/gene11.phy.contree
  Screen log file:               ./results/gene11.phy.log

Date and Time: Tue Aug 22 17:20:27 2017
