IQ-TREE multicore version 1.5.4 for Linux 64-bit built Apr  2 2017
Copyright (c) 2011-2017 by Bui Quang Minh, Nguyen Lam Tung,
Olga Chernomor, Heiko Schmidt, and Arndt von Haeseler.

Host:    hpc-crick (AVX, 251 GB RAM)
Command: iqtree -s ./results/gene1.phy -nt 1 -bb 1000
Seed:    35411 (Using SPRNG - Scalable Parallel Random Number Generator)
Time:    Tue Aug 22 17:24:36 2017
Kernel:  AVX - 1 threads (40 CPU cores detected)

Reading alignment file ./results/gene1.phy ... Phylip format detected
Alignment most likely contains DNA/RNA sequences
Alignment has 10 sequences with 1000 columns and 521 patterns (393 informative sites, 357 constant sites)
   Gap/Ambiguity  Composition  p-value
   1  A    0.00%    passed     91.08%
   2  B    0.00%    passed     89.29%
   3  C    0.00%    passed     91.01%
   4  D    0.00%    passed     70.38%
   5  E    0.00%    passed     82.03%
   6  F    0.00%    passed     52.15%
   7  G    0.00%    passed     45.54%
   8  H    0.00%    passed     93.77%
   9  I    0.00%    passed     96.29%
  10  J    0.00%    passed     64.03%
****  TOTAL    0.00%  0 sequences failed composition chi2 test (p-value<5%; df=3)

Create initial parsimony tree by phylogenetic likelihood library (PLL)... 0.001 seconds

NOTE: ModelFinder requires 3 MB RAM!
ModelFinder will test 286 DNA models (sample size: 1000) ...
 No. Model         -LnL         df  AIC          AICc         BIC
  1  JC            8221.144     17  16476.288    16476.911    16559.719
  2  JC+I          7950.322     18  15936.644    15937.341    16024.984
  3  JC+G4         7856.381     18  15748.762    15749.459    15837.101
  4  JC+I+G4       7856.950     19  15751.900    15752.675    15845.147
  5  JC+R2         7859.030     19  15756.059    15756.835    15849.307
  6  JC+R3         7855.918     21  15753.836    15754.781    15856.899
  7  JC+R4         Skipped 
  8  JC+R5         Skipped 
  9  JC+R6         Skipped 
 10  JC+R7         Skipped 
 11  JC+R8         Skipped 
 12  JC+R9         Skipped 
 13  JC+R10        Skipped 
 14  F81           8076.378     20  16192.757    16193.615    16290.912
 15  F81+I         7797.577     21  15637.153    15638.098    15740.216
 16  F81+G4        7694.668     21  15431.336    15432.281    15534.399
 17  F81+I+G4      7695.174     22  15434.348    15435.384    15542.319
 18  F81+R2        7698.698     22  15441.396    15442.432    15549.366
 19  F81+R3        7694.050     24  15436.100    15437.331    15553.886
 20  F81+R4        Skipped 
 21  F81+R5        Skipped 
 22  F81+R6        Skipped 
 23  F81+R7        Skipped 
 24  F81+R8        Skipped 
 25  F81+R9        Skipped 
 26  F81+R10       Skipped 
 27  K2P           8082.799     18  16201.597    16202.294    16289.937
 28  K2P+I         7801.379     19  15640.759    15641.534    15734.006
 29  K2P+G4        7687.174     19  15412.349    15413.124    15505.596
 30  K2P+I+G4      7687.708     20  15415.417    15416.275    15513.572
 31  K2P+R2        7692.967     20  15425.934    15426.792    15524.090
 32  K2P+R3        7684.802     22  15413.604    15414.640    15521.575
 33  K2P+R4        7684.567     24  15417.133    15418.364    15534.919
 34  K2P+R5        Skipped 
 35  K2P+R6        Skipped 
 36  K2P+R7        Skipped 
 37  K2P+R8        Skipped 
 38  K2P+R9        Skipped 
 39  K2P+R10       Skipped 
 40  HKY           7935.416     21  15912.832    15913.777    16015.895
 41  HKY+I         7650.671     22  15345.341    15346.377    15453.312
 42  HKY+G4        7517.750     22  15079.500    15080.536    15187.471
 43  HKY+I+G4      7518.272     23  15082.543    15083.674    15195.421
 44  HKY+R2        7522.351     23  15090.703    15091.834    15203.581
 45  HKY+R3        7516.393     25  15082.786    15084.120    15205.479
 46  HKY+R4        Skipped 
 47  HKY+R5        Skipped 
 48  HKY+R6        Skipped 
 49  HKY+R7        Skipped 
 50  HKY+R8        Skipped 
 51  HKY+R9        Skipped 
 52  HKY+R10       Skipped 
 53  TNe           8079.523     19  16197.046    16197.821    16290.293
 54  TNe+I         7799.532     20  15639.063    15639.921    15737.218
 55  TNe+G4        7681.094     20  15402.189    15403.047    15500.344
 56  TNe+I+G4      7681.367     21  15404.734    15405.679    15507.797
 57  TNe+R2        7688.259     21  15418.517    15419.462    15521.580
 58  TNe+R3        7678.919     23  15403.839    15404.970    15516.717
 59  TNe+R4        7678.094     25  15406.188    15407.522    15528.882
 60  TNe+R5        Skipped 
 61  TNe+R6        Skipped 
 62  TNe+R7        Skipped 
 63  TNe+R8        Skipped 
 64  TNe+R9        Skipped 
 65  TNe+R10       Skipped 
 66  TN            7933.524     22  15911.047    15912.083    16019.018
 67  TN+I          7645.883     23  15337.767    15338.898    15450.645
 68  TN+G4         7517.373     23  15080.746    15081.877    15193.625
 69  TN+I+G4       7517.452     24  15082.904    15084.135    15200.690
 70  TN+R2         7521.619     24  15091.238    15092.468    15209.024
 71  TN+R3         7515.687     26  15083.373    15084.816    15210.975
 72  TN+R4         Skipped 
 73  TN+R5         Skipped 
 74  TN+R6         Skipped 
 75  TN+R7         Skipped 
 76  TN+R8         Skipped 
 77  TN+R9         Skipped 
 78  TN+R10        Skipped 
 79  K3P           8082.754     19  16203.508    16204.283    16296.755
 80  K3P+I         7801.298     20  15642.596    15643.454    15740.751
 81  K3P+G4        7686.533     20  15413.067    15413.925    15511.222
 82  K3P+I+G4      7686.739     21  15415.478    15416.423    15518.541
 83  K3P+R2        7692.498     21  15426.996    15427.940    15530.058
 84  K3P+R3        7684.446     23  15414.893    15416.024    15527.771
 85  K3P+R4        7683.982     25  15417.964    15419.298    15540.658
 86  K3P+R5        Skipped 
 87  K3P+R6        Skipped 
 88  K3P+R7        Skipped 
 89  K3P+R8        Skipped 
 90  K3P+R9        Skipped 
 91  K3P+R10       Skipped 
 92  K3Pu          7930.562     22  15905.124    15906.160    16013.095
 93  K3Pu+I        7644.597     23  15335.194    15336.325    15448.073
 94  K3Pu+G4       7509.956     23  15065.913    15067.044    15178.791
 95  K3Pu+I+G4     7510.367     24  15068.733    15069.964    15186.519
 96  K3Pu+R2       7514.693     24  15077.386    15078.617    15195.172
 97  K3Pu+R3       7508.395     26  15068.789    15070.232    15196.391
 98  K3Pu+R4       Skipped 
 99  K3Pu+R5       Skipped 
100  K3Pu+R6       Skipped 
101  K3Pu+R7       Skipped 
102  K3Pu+R8       Skipped 
103  K3Pu+R9       Skipped 
104  K3Pu+R10      Skipped 
105  TPM2          7934.019     22  15912.038    15913.073    16020.008
106  TPM2+I        7647.639     23  15341.277    15342.408    15454.156
107  TPM2+G4       7517.466     23  15080.932    15082.063    15193.810
108  TPM2+I+G4     7517.891     24  15083.782    15085.013    15201.568
109  TPM2+R2       7521.840     24  15091.680    15092.910    15209.466
110  TPM2+R3       7515.860     26  15083.720    15085.163    15211.322
111  TPM2+R4       Skipped 
112  TPM2+R5       Skipped 
113  TPM2+R6       Skipped 
114  TPM2+R7       Skipped 
115  TPM2+R8       Skipped 
116  TPM2+R9       Skipped 
117  TPM2+R10      Skipped 
118  TPM2u         7934.009     22  15912.018    15913.053    16019.988
119  TPM2u+I       7647.639     23  15341.278    15342.409    15454.157
120  TPM2u+G4      7517.465     23  15080.930    15082.061    15193.808
121  TPM2u+I+G4    7517.871     24  15083.742    15084.973    15201.528
122  TPM2u+R2      7521.846     24  15091.691    15092.922    15209.477
123  TPM2u+R3      7515.855     26  15083.709    15085.152    15211.311
124  TPM2u+R4      Skipped 
125  TPM2u+R5      Skipped 
126  TPM2u+R6      Skipped 
127  TPM2u+R7      Skipped 
128  TPM2u+R8      Skipped 
129  TPM2u+R9      Skipped 
130  TPM2u+R10     Skipped 
131  TPM3          7928.862     22  15901.723    15902.759    16009.694
132  TPM3+I        7640.000     23  15326.001    15327.132    15438.879
133  TPM3+G4       7506.216     23  15058.433    15059.564    15171.311
134  TPM3+I+G4     7506.320     24  15060.640    15061.871    15178.427
135  TPM3+R2       7511.654     24  15071.308    15072.538    15189.094
136  TPM3+R3       7504.343     26  15060.686    15062.129    15188.287
137  TPM3+R4       7504.242     28  15064.484    15066.156    15201.901
138  TPM3+R5       Skipped 
139  TPM3+R6       Skipped 
140  TPM3+R7       Skipped 
141  TPM3+R8       Skipped 
142  TPM3+R9       Skipped 
143  TPM3+R10      Skipped 
144  TPM3u         7928.860     22  15901.719    15902.755    16009.690
145  TPM3u+I       7640.003     23  15326.006    15327.137    15438.885
146  TPM3u+G4      7506.208     23  15058.416    15059.547    15171.294
147  TPM3u+I+G4    7506.295     24  15060.591    15061.822    15178.377
148  TPM3u+R2      7512.116     24  15072.233    15073.463    15190.019
149  TPM3u+R3      7504.297     26  15060.594    15062.037    15188.195
150  TPM3u+R4      7504.225     28  15064.450    15066.123    15201.868
151  TPM3u+R5      Skipped 
152  TPM3u+R6      Skipped 
153  TPM3u+R7      Skipped 
154  TPM3u+R8      Skipped 
155  TPM3u+R9      Skipped 
156  TPM3u+R10     Skipped 
157  TIMe          8079.486     20  16198.972    16199.830    16297.127
158  TIMe+I        7799.463     21  15640.926    15641.871    15743.989
159  TIMe+G4       7680.443     21  15402.887    15403.832    15505.950
160  TIMe+I+G4     7680.614     22  15405.229    15406.264    15513.199
161  TIMe+R2       7687.761     22  15419.522    15420.558    15527.493
162  TIMe+R3       7678.590     24  15405.181    15406.412    15522.967
163  TIMe+R4       7677.578     26  15407.156    15408.599    15534.758
164  TIMe+R5       Skipped 
165  TIMe+R6       Skipped 
166  TIMe+R7       Skipped 
167  TIMe+R8       Skipped 
168  TIMe+R9       Skipped 
169  TIMe+R10      Skipped 
170  TIM           7928.492     23  15902.984    15904.115    16015.862
171  TIM+I         7639.376     24  15326.751    15327.982    15444.537
172  TIM+G4        7509.474     24  15066.948    15068.178    15184.734
173  TIM+I+G4      7509.686     25  15069.372    15070.706    15192.066
174  TIM+R2        7514.052     25  15078.104    15079.439    15200.798
175  TIM+R3        7507.931     27  15069.862    15071.418    15202.371
176  TIM+R4        Skipped 
177  TIM+R5        Skipped 
178  TIM+R6        Skipped 
179  TIM+R7        Skipped 
180  TIM+R8        Skipped 
181  TIM+R9        Skipped 
182  TIM+R10       Skipped 
183  TIM2e         8060.796     20  16161.593    16162.451    16259.748
184  TIM2e+I       7777.697     21  15597.394    15598.339    15700.457
185  TIM2e+G4      7655.809     21  15353.618    15354.563    15456.681
186  TIM2e+I+G4    7655.967     22  15355.935    15356.971    15463.905
187  TIM2e+R2      7665.234     22  15374.468    15375.504    15482.439
188  TIM2e+R3      7654.556     24  15357.112    15358.343    15474.899
189  TIM2e+R4      7654.540     26  15361.080    15362.522    15488.681
190  TIM2e+R5      Skipped 
191  TIM2e+R6      Skipped 
192  TIM2e+R7      Skipped 
193  TIM2e+R8      Skipped 
194  TIM2e+R9      Skipped 
195  TIM2e+R10     Skipped 
196  TIM2          7931.992     23  15909.984    15911.116    16022.863
197  TIM2+I        7643.005     24  15334.011    15335.242    15451.797
198  TIM2+G4       7516.737     24  15081.474    15082.705    15199.260
199  TIM2+I+G4     7516.843     25  15083.686    15085.021    15206.380
200  TIM2+R2       7521.060     25  15092.120    15093.455    15214.814
201  TIM2+R3       7515.142     27  15084.283    15085.839    15216.793
202  TIM2+R4       Skipped 
203  TIM2+R5       Skipped 
204  TIM2+R6       Skipped 
205  TIM2+R7       Skipped 
206  TIM2+R8       Skipped 
207  TIM2+R9       Skipped 
208  TIM2+R10      Skipped 
209  TIM3e         8079.470     20  16198.939    16199.797    16297.094
210  TIM3e+I       7799.541     21  15641.081    15642.026    15744.144
211  TIM3e+G4      7680.896     21  15403.793    15404.737    15506.855
212  TIM3e+I+G4    7681.035     22  15406.070    15407.106    15514.040
213  TIM3e+R2      7688.128     22  15420.257    15421.293    15528.228
214  TIM3e+R3      7678.928     24  15405.856    15407.087    15523.642
215  TIM3e+R4      7678.018     26  15408.035    15409.478    15535.637
216  TIM3e+R5      Skipped 
217  TIM3e+R6      Skipped 
218  TIM3e+R7      Skipped 
219  TIM3e+R8      Skipped 
220  TIM3e+R9      Skipped 
221  TIM3e+R10     Skipped 
222  TIM3          7925.904     23  15897.808    15898.939    16010.686
223  TIM3+I        7633.384     24  15314.767    15315.998    15432.553
224  TIM3+G4       7505.022     24  15058.043    15059.274    15175.829
225  TIM3+I+G4     7505.259     25  15060.519    15061.853    15183.212
226  TIM3+R2       7510.481     25  15070.963    15072.297    15193.657
227  TIM3+R3       7503.422     27  15060.843    15062.399    15193.353
228  TIM3+R4       7503.404     29  15064.808    15066.602    15207.133
229  TIM3+R5       Skipped 
230  TIM3+R6       Skipped 
231  TIM3+R7       Skipped 
232  TIM3+R8       Skipped 
233  TIM3+R9       Skipped 
234  TIM3+R10      Skipped 
235  TVMe          8062.943     21  16167.885    16168.830    16270.948
236  TVMe+I        7778.280     22  15600.559    15601.595    15708.530
237  TVMe+G4       7660.786     22  15365.571    15366.607    15473.542
238  TVMe+I+G4     7660.888     23  15367.775    15368.907    15480.654
239  TVMe+R2       7668.137     23  15382.273    15383.405    15495.152
240  TVMe+R3       7659.298     25  15368.596    15369.930    15491.289
241  TVMe+R4       7659.266     27  15372.532    15374.088    15505.042
242  TVMe+R5       Skipped 
243  TVMe+R6       Skipped 
244  TVMe+R7       Skipped 
245  TVMe+R8       Skipped 
246  TVMe+R9       Skipped 
247  TVMe+R10      Skipped 
248  TVM           7925.086     24  15898.172    15899.403    16015.958
249  TVM+I         7634.165     25  15318.329    15319.664    15441.023
250  TVM+G4        7502.656     25  15055.312    15056.647    15178.006
251  TVM+I+G4      7502.868     26  15057.735    15059.178    15185.337
252  TVM+R2        7508.089     26  15068.178    15069.621    15195.780
253  TVM+R3        7500.983     28  15057.967    15059.639    15195.384
254  TVM+R4        7500.820     30  15061.640    15063.559    15208.872
255  TVM+R5        Skipped 
256  TVM+R6        Skipped 
257  TVM+R7        Skipped 
258  TVM+R8        Skipped 
259  TVM+R9        Skipped 
260  TVM+R10       Skipped 
261  SYM           8059.322     22  16162.644    16163.680    16270.614
262  SYM+I         7776.054     23  15598.107    15599.239    15710.986
263  SYM+G4        7653.046     23  15352.092    15353.224    15464.971
264  SYM+I+G4      7653.182     24  15354.364    15355.594    15472.150
265  SYM+R2        7662.965     24  15373.930    15375.161    15491.716
266  SYM+R3        7651.921     26  15355.843    15357.286    15483.445
267  SYM+R4        7651.920     28  15359.840    15361.513    15497.258
268  SYM+R5        Skipped 
269  SYM+R6        Skipped 
270  SYM+R7        Skipped 
271  SYM+R8        Skipped 
272  SYM+R9        Skipped 
273  SYM+R10       Skipped 
274  GTR           7922.013     25  15894.026    15895.361    16016.720
275  GTR+I         7627.802     26  15307.605    15309.048    15435.206
276  GTR+G4        7501.267     26  15054.534    15055.977    15182.136
277  GTR+I+G4      7501.381     27  15056.763    15058.318    15189.272
278  GTR+R2        7506.919     27  15067.837    15069.393    15200.347
279  GTR+R3        7499.677     29  15057.353    15059.147    15199.678
280  GTR+R4        7499.617     31  15061.234    15063.283    15213.374
281  GTR+R5        Skipped 
282  GTR+R6        Skipped 
283  GTR+R7        Skipped 
284  GTR+R8        Skipped 
285  GTR+R9        Skipped 
286  GTR+R10       Skipped 
Akaike Information Criterion:           GTR+G4
Corrected Akaike Information Criterion: GTR+G4
Bayesian Information Criterion:         TPM3u+G4
Best-fit model: TPM3u+G4 chosen according to BIC

All model information printed to ./results/gene1.phy.model
CPU time for ModelFinder: 20.211 seconds (0h:0m:20s)
Wall-clock time for ModelFinder: 25.067 seconds (0h:0m:25s)
Generating 1000 samples for ultrafast bootstrap (seed: 35411)...

NOTE: 2 MB RAM (0 GB) is required!
Estimate model parameters (epsilon = 0.100)
1. Initial log-likelihood: -7756.422
2. Current log-likelihood: -7518.082
3. Current log-likelihood: -7508.400
4. Current log-likelihood: -7507.079
Optimal log-likelihood: -7507.001
Rate parameters:  A-C: 2.081  A-G: 5.364  A-T: 1.000  C-G: 2.081  C-T: 5.364  G-T: 1.000
Base frequencies:   A: 0.418  C: 0.147  G: 0.199  T: 0.235
Gamma shape alpha: 0.501
Parameters optimization took 4 rounds (0.049 sec)
Computing ML distances based on estimated model parameters... 0.000 sec
Computing BIONJ tree...
0.000 seconds
Log-likelihood of BIONJ tree: -7510.516
--------------------------------------------------------------------
|             INITIALIZING CANDIDATE TREE SET                      |
--------------------------------------------------------------------
Generating 98 parsimony trees... 0.085 second
Computing log-likelihood of 90 initial trees ... 0.489 seconds
Current best score: -7501.411

Do NNI search on 20 best initial trees
Estimate model parameters (epsilon = 0.100)
BETTER TREE FOUND at iteration 1: -7500.707
Iteration 10 / LogL: -7500.710 / Time: 0h:0m:26s
Iteration 20 / LogL: -7500.730 / Time: 0h:0m:26s
Finish initializing candidate tree set (1)
Current best tree score: -7500.707 / CPU time: 1.539
Number of iterations: 20
--------------------------------------------------------------------
|               OPTIMIZING CANDIDATE TREE SET                      |
--------------------------------------------------------------------
UPDATE BEST LOG-LIKELIHOOD: -7500.707
Iteration 30 / LogL: -7500.735 / Time: 0h:0m:27s (0h:0m:5s left)
UPDATE BEST LOG-LIKELIHOOD: -7500.707
UPDATE BEST LOG-LIKELIHOOD: -7500.707
Iteration 40 / LogL: -7500.708 / Time: 0h:0m:27s (0h:0m:4s left)
Iteration 50 / LogL: -7500.708 / Time: 0h:0m:28s (0h:0m:3s left)
Log-likelihood cutoff on original alignment: -7521.699
UPDATE BEST LOG-LIKELIHOOD: -7500.707
UPDATE BEST LOG-LIKELIHOOD: -7500.707
Iteration 60 / LogL: -7500.708 / Time: 0h:0m:28s (0h:0m:2s left)
Iteration 70 / LogL: -7500.708 / Time: 0h:0m:29s (0h:0m:1s left)
UPDATE BEST LOG-LIKELIHOOD: -7500.707
Iteration 80 / LogL: -7500.771 / Time: 0h:0m:30s (0h:0m:1s left)
Iteration 90 / LogL: -7500.708 / Time: 0h:0m:30s (0h:0m:0s left)
Iteration 100 / LogL: -7500.724 / Time: 0h:0m:30s (0h:0m:0s left)
Log-likelihood cutoff on original alignment: -7522.399
NOTE: Bootstrap correlation coefficient of split occurrence frequencies: 0.998
TREE SEARCH COMPLETED AFTER 102 ITERATIONS / Time: 0h:0m:31s

--------------------------------------------------------------------
|                    FINALIZING TREE SEARCH                        |
--------------------------------------------------------------------
Performs final model parameters optimization
Estimate model parameters (epsilon = 0.010)
1. Initial log-likelihood: -7500.707
2. Current log-likelihood: -7500.652
3. Current log-likelihood: -7500.604
4. Current log-likelihood: -7500.591
Optimal log-likelihood: -7500.585
Rate parameters:  A-C: 2.213  A-G: 5.665  A-T: 1.000  C-G: 2.213  C-T: 5.665  G-T: 1.000
Base frequencies:   A: 0.418  C: 0.147  G: 0.199  T: 0.235
Gamma shape alpha: 0.493
Parameters optimization took 4 rounds (0.022 sec)
BEST SCORE FOUND : -7500.585
Creating bootstrap support values...
Split supports printed to NEXUS file ./results/gene1.phy.splits.nex
Total tree length: 3.372

Total number of iterations: 102
CPU time used for tree search: 4.023 sec (0h:0m:4s)
Wall-clock time used for tree search: 5.937 sec (0h:0m:5s)
Total CPU time used: 24.356 sec (0h:0m:24s)
Total wall-clock time used: 31.138 sec (0h:0m:31s)

Computing bootstrap consensus tree...
Reading input file ./results/gene1.phy.splits.nex...
10 taxa and 57 splits.
Consensus tree written to ./results/gene1.phy.contree
Reading input trees file ./results/gene1.phy.contree
Log-likelihood of consensus tree: -7500.585

Analysis results written to: 
  IQ-TREE report:                ./results/gene1.phy.iqtree
  Maximum-likelihood tree:       ./results/gene1.phy.treefile
  Likelihood distances:          ./results/gene1.phy.mldist

Ultrafast bootstrap approximation results written to:
  Split support values:          ./results/gene1.phy.splits.nex
  Consensus tree:                ./results/gene1.phy.contree
  Screen log file:               ./results/gene1.phy.log

Date and Time: Tue Aug 22 17:25:07 2017
