IQ-TREE multicore version 1.5.4 for Linux 64-bit built Apr  2 2017
Copyright (c) 2011-2017 by Bui Quang Minh, Nguyen Lam Tung,
Olga Chernomor, Heiko Schmidt, and Arndt von Haeseler.

Host:    hpc-crick (AVX, 251 GB RAM)
Command: iqtree -s ./results/gene16.phy -nt 1 -bb 1000
Seed:    635400 (Using SPRNG - Scalable Parallel Random Number Generator)
Time:    Tue Aug 22 18:25:55 2017
Kernel:  AVX - 1 threads (40 CPU cores detected)

Reading alignment file ./results/gene16.phy ... Phylip format detected
Alignment most likely contains DNA/RNA sequences
Alignment has 10 sequences with 1000 columns and 460 patterns (321 informative sites, 410 constant sites)
   Gap/Ambiguity  Composition  p-value
   1  A    0.00%    passed     98.16%
   2  B    0.00%    passed     66.19%
   3  C    0.00%    passed     95.63%
   4  D    0.00%    passed     41.52%
   5  E    0.00%    passed     96.05%
   6  F    0.00%    passed     97.41%
   7  G    0.00%    passed     69.27%
   8  H    0.00%    passed     44.16%
   9  I    0.00%    passed     94.08%
  10  J    0.00%    passed     89.13%
****  TOTAL    0.00%  0 sequences failed composition chi2 test (p-value<5%; df=3)

Create initial parsimony tree by phylogenetic likelihood library (PLL)... 0.001 seconds

NOTE: ModelFinder requires 3 MB RAM!
ModelFinder will test 286 DNA models (sample size: 1000) ...
 No. Model         -LnL         df  AIC          AICc         BIC
  1  JC            7271.809     17  14577.618    14578.241    14661.049
  2  JC+I          7043.746     18  14123.492    14124.189    14211.832
  3  JC+G4         6988.328     18  14012.657    14013.354    14100.996
  4  JC+I+G4       6988.771     19  14015.542    14016.317    14108.789
  5  JC+R2         6992.000     19  14022.000    14022.775    14115.247
  6  JC+R3         6988.297     21  14018.593    14019.538    14121.656
  7  JC+R4         Skipped 
  8  JC+R5         Skipped 
  9  JC+R6         Skipped 
 10  JC+R7         Skipped 
 11  JC+R8         Skipped 
 12  JC+R9         Skipped 
 13  JC+R10        Skipped 
 14  F81           7171.637     20  14383.275    14384.133    14481.430
 15  F81+I         6938.926     21  13919.851    13920.796    14022.914
 16  F81+G4        6876.412     21  13794.824    13795.769    13897.887
 17  F81+I+G4      6876.809     22  13797.617    13798.653    13905.588
 18  F81+R2        6882.435     22  13808.870    13809.906    13916.841
 19  F81+R3        6876.218     24  13800.436    13801.667    13918.222
 20  F81+R4        Skipped 
 21  F81+R5        Skipped 
 22  F81+R6        Skipped 
 23  F81+R7        Skipped 
 24  F81+R8        Skipped 
 25  F81+R9        Skipped 
 26  F81+R10       Skipped 
 27  K2P           7134.345     18  14304.691    14305.388    14393.030
 28  K2P+I         6895.693     19  13829.385    13830.161    13922.632
 29  K2P+G4        6826.218     19  13690.435    13691.211    13783.683
 30  K2P+I+G4      6826.695     20  13693.390    13694.248    13791.546
 31  K2P+R2        6831.521     20  13703.042    13703.900    13801.198
 32  K2P+R3        6826.045     22  13696.090    13697.126    13804.061
 33  K2P+R4        Skipped 
 34  K2P+R5        Skipped 
 35  K2P+R6        Skipped 
 36  K2P+R7        Skipped 
 37  K2P+R8        Skipped 
 38  K2P+R9        Skipped 
 39  K2P+R10       Skipped 
 40  HKY           7023.142     21  14088.284    14089.229    14191.347
 41  HKY+I         6782.665     22  13609.331    13610.367    13717.301
 42  HKY+G4        6700.149     22  13444.297    13445.333    13552.268
 43  HKY+I+G4      6700.566     23  13447.132    13448.264    13560.011
 44  HKY+R2        6708.434     23  13462.868    13463.999    13575.746
 45  HKY+R3        6699.665     25  13449.330    13450.664    13572.024
 46  HKY+R4        6699.650     27  13453.300    13454.855    13585.809
 47  HKY+R5        Skipped 
 48  HKY+R6        Skipped 
 49  HKY+R7        Skipped 
 50  HKY+R8        Skipped 
 51  HKY+R9        Skipped 
 52  HKY+R10       Skipped 
 53  TNe           7131.375     19  14300.750    14301.525    14393.997
 54  TNe+I         6893.537     20  13827.074    13827.932    13925.229
 55  TNe+G4        6821.600     20  13683.200    13684.058    13781.355
 56  TNe+I+G4      6821.931     21  13685.862    13686.807    13788.925
 57  TNe+R2        6827.173     21  13696.347    13697.291    13799.409
 58  TNe+R3        6821.348     23  13688.695    13689.826    13801.574
 59  TNe+R4        Skipped 
 60  TNe+R5        Skipped 
 61  TNe+R6        Skipped 
 62  TNe+R7        Skipped 
 63  TNe+R8        Skipped 
 64  TNe+R9        Skipped 
 65  TNe+R10       Skipped 
 66  TN            7023.141     22  14090.282    14091.317    14198.252
 67  TN+I          6782.499     23  13610.998    13612.129    13723.876
 68  TN+G4         6700.080     23  13446.161    13447.292    13559.039
 69  TN+I+G4       6700.417     24  13448.834    13450.064    13566.620
 70  TN+R2         6708.331     24  13464.662    13465.893    13582.448
 71  TN+R3         6699.554     26  13451.107    13452.550    13578.709
 72  TN+R4         6699.550     28  13455.099    13456.772    13592.516
 73  TN+R5         Skipped 
 74  TN+R6         Skipped 
 75  TN+R7         Skipped 
 76  TN+R8         Skipped 
 77  TN+R9         Skipped 
 78  TN+R10        Skipped 
 79  K3P           7131.246     19  14300.492    14301.268    14393.740
 80  K3P+I         6892.063     20  13824.127    13824.985    13922.282
 81  K3P+G4        6819.652     20  13679.304    13680.162    13777.459
 82  K3P+I+G4      6819.919     21  13681.838    13682.783    13784.901
 83  K3P+R2        6825.520     21  13693.041    13693.985    13796.103
 84  K3P+R3        6819.355     23  13684.711    13685.842    13797.589
 85  K3P+R4        Skipped 
 86  K3P+R5        Skipped 
 87  K3P+R6        Skipped 
 88  K3P+R7        Skipped 
 89  K3P+R8        Skipped 
 90  K3P+R9        Skipped 
 91  K3P+R10       Skipped 
 92  K3Pu          7013.538     22  14071.076    14072.112    14179.047
 93  K3Pu+I        6773.108     23  13592.216    13593.347    13705.094
 94  K3Pu+G4       6684.260     23  13414.520    13415.651    13527.399
 95  K3Pu+I+G4     6684.719     24  13417.439    13418.669    13535.225
 96  K3Pu+R2       6693.536     24  13435.072    13436.302    13552.858
 97  K3Pu+R3       6683.805     26  13419.611    13421.054    13547.213
 98  K3Pu+R4       6683.766     28  13423.533    13425.205    13560.950
 99  K3Pu+R5       Skipped 
100  K3Pu+R6       Skipped 
101  K3Pu+R7       Skipped 
102  K3Pu+R8       Skipped 
103  K3Pu+R9       Skipped 
104  K3Pu+R10      Skipped 
105  TPM2          7020.811     22  14085.622    14086.658    14193.592
106  TPM2+I        6779.064     23  13604.127    13605.258    13717.005
107  TPM2+G4       6698.828     23  13443.657    13444.788    13556.535
108  TPM2+I+G4     6699.127     24  13446.255    13447.486    13564.041
109  TPM2+R2       6706.615     24  13461.229    13462.460    13579.015
110  TPM2+R3       6698.328     26  13448.657    13450.100    13576.259
111  TPM2+R4       6698.284     28  13452.568    13454.240    13589.985
112  TPM2+R5       Skipped 
113  TPM2+R6       Skipped 
114  TPM2+R7       Skipped 
115  TPM2+R8       Skipped 
116  TPM2+R9       Skipped 
117  TPM2+R10      Skipped 
118  TPM2u         7020.874     22  14085.749    14086.785    14193.720
119  TPM2u+I       6779.047     23  13604.095    13605.226    13716.973
120  TPM2u+G4      6698.838     23  13443.677    13444.808    13556.555
121  TPM2u+I+G4    6699.115     24  13446.230    13447.461    13564.016
122  TPM2u+R2      6706.641     24  13461.281    13462.512    13579.068
123  TPM2u+R3      6698.390     26  13448.779    13450.222    13576.381
124  TPM2u+R4      6698.284     28  13452.567    13454.240    13589.984
125  TPM2u+R5      Skipped 
126  TPM2u+R6      Skipped 
127  TPM2u+R7      Skipped 
128  TPM2u+R8      Skipped 
129  TPM2u+R9      Skipped 
130  TPM2u+R10     Skipped 
131  TPM3          7015.493     22  14074.986    14076.022    14182.957
132  TPM3+I        6776.320     23  13598.640    13599.771    13711.519
133  TPM3+G4       6691.569     23  13429.137    13430.268    13542.015
134  TPM3+I+G4     6691.917     24  13431.834    13433.064    13549.620
135  TPM3+R2       6699.629     24  13447.258    13448.489    13565.044
136  TPM3+R3       6691.209     26  13434.418    13435.861    13562.019
137  TPM3+R4       6691.212     28  13438.425    13440.097    13575.842
138  TPM3+R5       Skipped 
139  TPM3+R6       Skipped 
140  TPM3+R7       Skipped 
141  TPM3+R8       Skipped 
142  TPM3+R9       Skipped 
143  TPM3+R10      Skipped 
144  TPM3u         7015.576     22  14075.151    14076.187    14183.122
145  TPM3u+I       6776.324     23  13598.647    13599.778    13711.526
146  TPM3u+G4      6691.576     23  13429.152    13430.283    13542.030
147  TPM3u+I+G4    6691.901     24  13431.802    13433.033    13549.588
148  TPM3u+R2      6699.622     24  13447.244    13448.475    13565.030
149  TPM3u+R3      6691.207     26  13434.414    13435.857    13562.016
150  TPM3u+R4      6691.214     28  13438.428    13440.100    13575.845
151  TPM3u+R5      Skipped 
152  TPM3u+R6      Skipped 
153  TPM3u+R7      Skipped 
154  TPM3u+R8      Skipped 
155  TPM3u+R9      Skipped 
156  TPM3u+R10     Skipped 
157  TIMe          7128.316     20  14296.632    14297.490    14394.787
158  TIMe+I        6889.972     21  13821.944    13822.888    13925.006
159  TIMe+G4       6815.067     21  13672.134    13673.079    13775.197
160  TIMe+I+G4     6815.282     22  13674.564    13675.600    13782.535
161  TIMe+R2       6821.219     22  13686.438    13687.474    13794.409
162  TIMe+R3       6814.677     24  13677.353    13678.584    13795.139
163  TIMe+R4       Skipped 
164  TIMe+R5       Skipped 
165  TIMe+R6       Skipped 
166  TIMe+R7       Skipped 
167  TIMe+R8       Skipped 
168  TIMe+R9       Skipped 
169  TIMe+R10      Skipped 
170  TIM           7013.544     23  14073.087    14074.218    14185.966
171  TIM+I         6772.884     24  13593.768    13594.998    13711.554
172  TIM+G4        6684.181     24  13416.362    13417.593    13534.149
173  TIM+I+G4      6684.493     25  13418.986    13420.321    13541.680
174  TIM+R2        6693.434     25  13436.867    13438.202    13559.561
175  TIM+R3        6683.657     27  13421.314    13422.870    13553.824
176  TIM+R4        6683.644     29  13425.287    13427.081    13567.612
177  TIM+R5        Skipped 
178  TIM+R6        Skipped 
179  TIM+R7        Skipped 
180  TIM+R8        Skipped 
181  TIM+R9        Skipped 
182  TIM+R10       Skipped 
183  TIM2e         7114.614     20  14269.228    14270.086    14367.383
184  TIM2e+I       6872.448     21  13786.897    13787.842    13889.960
185  TIM2e+G4      6792.382     21  13626.764    13627.709    13729.827
186  TIM2e+I+G4    6792.451     22  13628.902    13629.938    13736.873
187  TIM2e+R2      6800.046     22  13644.091    13645.127    13752.062
188  TIM2e+R3      6791.330     24  13630.660    13631.890    13748.446
189  TIM2e+R4      6791.296     26  13634.591    13636.034    13762.193
190  TIM2e+R5      Skipped 
191  TIM2e+R6      Skipped 
192  TIM2e+R7      Skipped 
193  TIM2e+R8      Skipped 
194  TIM2e+R9      Skipped 
195  TIM2e+R10     Skipped 
196  TIM2          7020.819     23  14087.639    14088.770    14200.517
197  TIM2+I        6778.899     24  13605.799    13607.030    13723.585
198  TIM2+G4       6698.798     24  13445.597    13446.828    13563.383
199  TIM2+I+G4     6699.001     25  13448.001    13449.336    13570.695
200  TIM2+R2       6706.629     25  13463.258    13464.593    13585.952
201  TIM2+R3       6698.392     27  13450.784    13452.339    13583.293
202  TIM2+R4       6698.383     29  13454.767    13456.561    13597.092
203  TIM2+R5       Skipped 
204  TIM2+R6       Skipped 
205  TIM2+R7       Skipped 
206  TIM2+R8       Skipped 
207  TIM2+R9       Skipped 
208  TIM2+R10      Skipped 
209  TIM3e         7130.129     20  14300.258    14301.116    14398.413
210  TIM3e+I       6892.610     21  13827.219    13828.164    13930.282
211  TIM3e+G4      6820.122     21  13682.244    13683.189    13785.307
212  TIM3e+I+G4    6820.326     22  13684.652    13685.688    13792.623
213  TIM3e+R2      6825.643     22  13695.287    13696.323    13803.258
214  TIM3e+R3      6819.815     24  13687.629    13688.860    13805.415
215  TIM3e+R4      Skipped 
216  TIM3e+R5      Skipped 
217  TIM3e+R6      Skipped 
218  TIM3e+R7      Skipped 
219  TIM3e+R8      Skipped 
220  TIM3e+R9      Skipped 
221  TIM3e+R10     Skipped 
222  TIM3          7015.467     23  14076.934    14078.066    14189.813
223  TIM3+I        6776.070     24  13600.140    13601.371    13717.926
224  TIM3+G4       6691.609     24  13431.218    13432.448    13549.004
225  TIM3+I+G4     6691.764     25  13433.529    13434.864    13556.223
226  TIM3+R2       6699.650     25  13449.300    13450.635    13571.994
227  TIM3+R3       6691.314     27  13436.628    13438.184    13569.137
228  TIM3+R4       6691.296     29  13440.593    13442.387    13582.918
229  TIM3+R5       Skipped 
230  TIM3+R6       Skipped 
231  TIM3+R7       Skipped 
232  TIM3+R8       Skipped 
233  TIM3+R9       Skipped 
234  TIM3+R10      Skipped 
235  TVMe          7112.770     21  14267.541    14268.486    14370.604
236  TVMe+I        6869.225     22  13782.450    13783.486    13890.421
237  TVMe+G4       6788.703     22  13621.406    13622.441    13729.376
238  TVMe+I+G4     6788.701     23  13623.401    13624.532    13736.279
239  TVMe+R2       6796.572     23  13639.144    13640.275    13752.022
240  TVMe+R3       6787.619     25  13625.238    13626.572    13747.931
241  TVMe+R4       6787.600     27  13629.200    13630.755    13761.709
242  TVMe+R5       Skipped 
243  TVMe+R6       Skipped 
244  TVMe+R7       Skipped 
245  TVMe+R8       Skipped 
246  TVMe+R9       Skipped 
247  TVMe+R10      Skipped 
248  TVM           7007.519     24  14063.039    14064.270    14180.825
249  TVM+I         6766.261     25  13582.523    13583.857    13705.217
250  TVM+G4        6678.874     25  13407.748    13409.082    13530.442
251  TVM+I+G4      6679.090     26  13410.180    13411.623    13537.782
252  TVM+R2        6687.343     26  13426.685    13428.128    13554.287
253  TVM+R3        6678.408     28  13412.815    13414.488    13550.232
254  TVM+R4        6678.407     30  13416.815    13418.734    13564.047
255  TVM+R5        Skipped 
256  TVM+R6        Skipped 
257  TVM+R7        Skipped 
258  TVM+R8        Skipped 
259  TVM+R9        Skipped 
260  TVM+R10       Skipped 
261  SYM           7109.851     22  14263.703    14264.739    14371.674
262  SYM+I         6867.030     23  13780.059    13781.190    13892.937
263  SYM+G4        6782.379     23  13610.758    13611.890    13723.637
264  SYM+I+G4      6782.392     24  13612.785    13614.016    13730.571
265  SYM+R2        6791.169     24  13630.337    13631.568    13748.123
266  SYM+R3        6780.877     26  13613.754    13615.197    13741.356
267  SYM+R4        6780.844     28  13617.689    13619.361    13755.106
268  SYM+R5        Skipped 
269  SYM+R6        Skipped 
270  SYM+R7        Skipped 
271  SYM+R8        Skipped 
272  SYM+R9        Skipped 
273  SYM+R10       Skipped 
274  GTR           7007.458     25  14064.915    14066.250    14187.609
275  GTR+I         6766.012     26  13584.023    13585.466    13711.625
276  GTR+G4        6678.920     26  13409.841    13411.284    13537.442
277  GTR+I+G4      6679.098     27  13412.196    13413.751    13544.705
278  GTR+R2        6687.408     27  13428.816    13430.371    13561.325
279  GTR+R3        6678.488     29  13414.976    13416.770    13557.301
280  GTR+R4        6678.466     31  13418.933    13420.982    13571.073
281  GTR+R5        Skipped 
282  GTR+R6        Skipped 
283  GTR+R7        Skipped 
284  GTR+R8        Skipped 
285  GTR+R9        Skipped 
286  GTR+R10       Skipped 
Akaike Information Criterion:           TVM+G4
Corrected Akaike Information Criterion: TVM+G4
Bayesian Information Criterion:         K3Pu+G4
Best-fit model: K3Pu+G4 chosen according to BIC

All model information printed to ./results/gene16.phy.model
CPU time for ModelFinder: 8.823 seconds (0h:0m:8s)
Wall-clock time for ModelFinder: 10.856 seconds (0h:0m:10s)
Generating 1000 samples for ultrafast bootstrap (seed: 635400)...

NOTE: 2 MB RAM (0 GB) is required!
Estimate model parameters (epsilon = 0.100)
1. Initial log-likelihood: -6930.306
2. Current log-likelihood: -6786.775
3. Current log-likelihood: -6689.023
4. Current log-likelihood: -6687.082
Optimal log-likelihood: -6686.956
Rate parameters:  A-C: 1.000  A-G: 2.609  A-T: 0.381  C-G: 0.381  C-T: 2.609  G-T: 1.000
Base frequencies:   A: 0.399  C: 0.168  G: 0.189  T: 0.244
Gamma shape alpha: 0.502
Parameters optimization took 4 rounds (0.066 sec)
Computing ML distances based on estimated model parameters... 0.002 sec
Computing BIONJ tree...
0.000 seconds
Log-likelihood of BIONJ tree: -6684.590
--------------------------------------------------------------------
|             INITIALIZING CANDIDATE TREE SET                      |
--------------------------------------------------------------------
Generating 98 parsimony trees... 0.076 second
Computing log-likelihood of 89 initial trees ... 0.371 seconds
Current best score: -6684.590

Do NNI search on 20 best initial trees
Estimate model parameters (epsilon = 0.100)
BETTER TREE FOUND at iteration 1: -6682.576
Iteration 10 / LogL: -6682.580 / Time: 0h:0m:11s
Iteration 20 / LogL: -6682.577 / Time: 0h:0m:12s
Finish initializing candidate tree set (7)
Current best tree score: -6682.576 / CPU time: 1.287
Number of iterations: 20
--------------------------------------------------------------------
|               OPTIMIZING CANDIDATE TREE SET                      |
--------------------------------------------------------------------
Iteration 30 / LogL: -6682.622 / Time: 0h:0m:12s (0h:0m:4s left)
UPDATE BEST LOG-LIKELIHOOD: -6682.576
Iteration 40 / LogL: -6682.578 / Time: 0h:0m:12s (0h:0m:3s left)
Iteration 50 / LogL: -6682.624 / Time: 0h:0m:13s (0h:0m:2s left)
Log-likelihood cutoff on original alignment: -6690.751
UPDATE BEST LOG-LIKELIHOOD: -6682.576
UPDATE BEST LOG-LIKELIHOOD: -6682.576
Iteration 60 / LogL: -6683.743 / Time: 0h:0m:13s (0h:0m:1s left)
Iteration 70 / LogL: -6684.009 / Time: 0h:0m:13s (0h:0m:1s left)
UPDATE BEST LOG-LIKELIHOOD: -6682.576
Iteration 80 / LogL: -6682.584 / Time: 0h:0m:14s (0h:0m:0s left)
Iteration 90 / LogL: -6682.579 / Time: 0h:0m:14s (0h:0m:0s left)
Iteration 100 / LogL: -6682.633 / Time: 0h:0m:14s (0h:0m:0s left)
Log-likelihood cutoff on original alignment: -6690.751
NOTE: Bootstrap correlation coefficient of split occurrence frequencies: 0.995
TREE SEARCH COMPLETED AFTER 102 ITERATIONS / Time: 0h:0m:14s

--------------------------------------------------------------------
|                    FINALIZING TREE SEARCH                        |
--------------------------------------------------------------------
Performs final model parameters optimization
Estimate model parameters (epsilon = 0.010)
1. Initial log-likelihood: -6682.576
Optimal log-likelihood: -6682.575
Rate parameters:  A-C: 1.000  A-G: 2.607  A-T: 0.383  C-G: 0.383  C-T: 2.607  G-T: 1.000
Base frequencies:   A: 0.399  C: 0.168  G: 0.189  T: 0.244
Gamma shape alpha: 0.510
Parameters optimization took 1 rounds (0.007 sec)
BEST SCORE FOUND : -6682.575
Creating bootstrap support values...
Split supports printed to NEXUS file ./results/gene16.phy.splits.nex
Total tree length: 2.418

Total number of iterations: 102
CPU time used for tree search: 4.038 sec (0h:0m:4s)
Wall-clock time used for tree search: 4.048 sec (0h:0m:4s)
Total CPU time used: 12.988 sec (0h:0m:12s)
Total wall-clock time used: 15.036 sec (0h:0m:15s)

Computing bootstrap consensus tree...
Reading input file ./results/gene16.phy.splits.nex...
10 taxa and 125 splits.
Consensus tree written to ./results/gene16.phy.contree
Reading input trees file ./results/gene16.phy.contree
Log-likelihood of consensus tree: -6682.616

Analysis results written to: 
  IQ-TREE report:                ./results/gene16.phy.iqtree
  Maximum-likelihood tree:       ./results/gene16.phy.treefile
  Likelihood distances:          ./results/gene16.phy.mldist

Ultrafast bootstrap approximation results written to:
  Split support values:          ./results/gene16.phy.splits.nex
  Consensus tree:                ./results/gene16.phy.contree
  Screen log file:               ./results/gene16.phy.log

Date and Time: Tue Aug 22 18:26:10 2017
