IQ-TREE multicore version 1.5.4 for Linux 64-bit built Apr  2 2017
Copyright (c) 2011-2017 by Bui Quang Minh, Nguyen Lam Tung,
Olga Chernomor, Heiko Schmidt, and Arndt von Haeseler.

Host:    hpc-crick (AVX, 251 GB RAM)
Command: iqtree -s ./results/gene4.phy -nt 1 -bb 1000
Seed:    623389 (Using SPRNG - Scalable Parallel Random Number Generator)
Time:    Tue Aug 22 18:26:39 2017
Kernel:  AVX - 1 threads (40 CPU cores detected)

Reading alignment file ./results/gene4.phy ... Phylip format detected
Alignment most likely contains DNA/RNA sequences
Alignment has 10 sequences with 1000 columns and 466 patterns (313 informative sites, 416 constant sites)
   Gap/Ambiguity  Composition  p-value
   1  A    0.00%    passed     82.73%
   2  B    0.00%    passed     89.40%
   3  C    0.00%    passed     93.24%
   4  D    0.00%    passed     94.16%
   5  E    0.00%    passed     93.48%
   6  F    0.00%    passed     73.60%
   7  G    0.00%    passed     41.38%
   8  H    0.00%    passed     95.90%
   9  I    0.00%    passed     78.02%
  10  J    0.00%    passed     76.34%
****  TOTAL    0.00%  0 sequences failed composition chi2 test (p-value<5%; df=3)

Create initial parsimony tree by phylogenetic likelihood library (PLL)... 0.001 seconds

NOTE: ModelFinder requires 3 MB RAM!
ModelFinder will test 286 DNA models (sample size: 1000) ...
 No. Model         -LnL         df  AIC          AICc         BIC
  1  JC            7275.581     17  14585.161    14585.785    14668.593
  2  JC+I          7037.110     18  14110.220    14110.918    14198.560
  3  JC+G4         6985.593     18  14007.185    14007.882    14095.525
  4  JC+I+G4       6985.478     19  14008.956    14009.732    14102.204
  5  JC+R2         6989.649     19  14017.298    14018.073    14110.545
  6  JC+R3         6985.263     21  14012.525    14013.470    14115.588
  7  JC+R4         Skipped 
  8  JC+R5         Skipped 
  9  JC+R6         Skipped 
 10  JC+R7         Skipped 
 11  JC+R8         Skipped 
 12  JC+R9         Skipped 
 13  JC+R10        Skipped 
 14  F81           7159.516     20  14359.031    14359.889    14457.186
 15  F81+I         6920.088     21  13882.176    13883.121    13985.239
 16  F81+G4        6864.648     21  13771.297    13772.241    13874.359
 17  F81+I+G4      6864.485     22  13772.971    13774.007    13880.941
 18  F81+R2        6871.915     22  13787.830    13788.866    13895.801
 19  F81+R3        6863.943     24  13775.886    13777.117    13893.673
 20  F81+R4        6863.842     26  13779.685    13781.128    13907.286
 21  F81+R5        Skipped 
 22  F81+R6        Skipped 
 23  F81+R7        Skipped 
 24  F81+R8        Skipped 
 25  F81+R9        Skipped 
 26  F81+R10       Skipped 
 27  K2P           7114.524     18  14265.047    14265.745    14353.387
 28  K2P+I         6865.877     19  13769.754    13770.530    13863.002
 29  K2P+G4        6808.471     19  13654.941    13655.717    13748.188
 30  K2P+I+G4      6808.164     20  13656.329    13657.187    13754.484
 31  K2P+R2        6814.209     20  13668.418    13669.276    13766.573
 32  K2P+R3        6807.883     22  13659.766    13660.802    13767.737
 33  K2P+R4        Skipped 
 34  K2P+R5        Skipped 
 35  K2P+R6        Skipped 
 36  K2P+R7        Skipped 
 37  K2P+R8        Skipped 
 38  K2P+R9        Skipped 
 39  K2P+R10       Skipped 
 40  HKY           6993.688     21  14029.376    14030.321    14132.439
 41  HKY+I         6743.714     22  13531.428    13532.464    13639.398
 42  HKY+G4        6672.976     22  13389.951    13390.987    13497.922
 43  HKY+I+G4      6672.830     23  13391.661    13392.792    13504.539
 44  HKY+R2        6684.390     23  13414.780    13415.911    13527.658
 45  HKY+R3        6671.887     25  13393.775    13395.110    13516.469
 46  HKY+R4        6671.808     27  13397.617    13399.172    13530.126
 47  HKY+R5        Skipped 
 48  HKY+R6        Skipped 
 49  HKY+R7        Skipped 
 50  HKY+R8        Skipped 
 51  HKY+R9        Skipped 
 52  HKY+R10       Skipped 
 53  TNe           7114.447     19  14266.894    14267.669    14360.141
 54  TNe+I         6865.871     20  13771.742    13772.600    13869.897
 55  TNe+G4        6808.178     20  13656.356    13657.214    13754.511
 56  TNe+I+G4      6807.735     21  13657.471    13658.416    13760.534
 57  TNe+R2        6814.022     21  13670.044    13670.989    13773.107
 58  TNe+R3        6807.237     23  13660.475    13661.606    13773.353
 59  TNe+R4        Skipped 
 60  TNe+R5        Skipped 
 61  TNe+R6        Skipped 
 62  TNe+R7        Skipped 
 63  TNe+R8        Skipped 
 64  TNe+R9        Skipped 
 65  TNe+R10       Skipped 
 66  TN            6987.060     22  14018.121    14019.157    14126.091
 67  TN+I          6737.992     23  13521.984    13523.115    13634.862
 68  TN+G4         6670.352     23  13386.704    13387.835    13499.582
 69  TN+I+G4       6670.104     24  13388.207    13389.438    13505.993
 70  TN+R2         6681.673     24  13411.347    13412.577    13529.133
 71  TN+R3         6669.133     26  13390.267    13391.710    13517.868
 72  TN+R4         6669.004     28  13394.009    13395.681    13531.426
 73  TN+R5         Skipped 
 74  TN+R6         Skipped 
 75  TN+R7         Skipped 
 76  TN+R8         Skipped 
 77  TN+R9         Skipped 
 78  TN+R10        Skipped 
 79  K3P           7111.860     19  14261.720    14262.495    14354.967
 80  K3P+I         6863.149     20  13766.298    13767.156    13864.453
 81  K3P+G4        6804.325     20  13648.650    13649.508    13746.805
 82  K3P+I+G4      6803.950     21  13649.900    13650.845    13752.963
 83  K3P+R2        6810.329     21  13662.658    13663.603    13765.721
 84  K3P+R3        6803.769     23  13653.539    13654.670    13766.417
 85  K3P+R4        Skipped 
 86  K3P+R5        Skipped 
 87  K3P+R6        Skipped 
 88  K3P+R7        Skipped 
 89  K3P+R8        Skipped 
 90  K3P+R9        Skipped 
 91  K3P+R10       Skipped 
 92  K3Pu          6985.598     22  14015.195    14016.231    14123.166
 93  K3Pu+I        6737.019     23  13520.037    13521.168    13632.916
 94  K3Pu+G4       6662.639     23  13371.278    13372.409    13484.156
 95  K3Pu+I+G4     6662.602     24  13373.203    13374.434    13490.989
 96  K3Pu+R2       6674.624     24  13397.248    13398.479    13515.034
 97  K3Pu+R3       6661.501     26  13375.003    13376.446    13502.604
 98  K3Pu+R4       6661.473     28  13378.946    13380.618    13516.363
 99  K3Pu+R5       Skipped 
100  K3Pu+R6       Skipped 
101  K3Pu+R7       Skipped 
102  K3Pu+R8       Skipped 
103  K3Pu+R9       Skipped 
104  K3Pu+R10      Skipped 
105  TPM2          6985.068     22  14014.135    14015.171    14122.106
106  TPM2+I        6734.690     23  13515.380    13516.512    13628.259
107  TPM2+G4       6670.098     23  13386.196    13387.327    13499.074
108  TPM2+I+G4     6669.853     24  13387.707    13388.937    13505.493
109  TPM2+R2       6679.565     24  13407.130    13408.360    13524.916
110  TPM2+R3       6669.108     26  13390.216    13391.659    13517.818
111  TPM2+R4       6669.174     28  13394.349    13396.021    13531.766
112  TPM2+R5       Skipped 
113  TPM2+R6       Skipped 
114  TPM2+R7       Skipped 
115  TPM2+R8       Skipped 
116  TPM2+R9       Skipped 
117  TPM2+R10      Skipped 
118  TPM2u         6985.061     22  14014.122    14015.158    14122.092
119  TPM2u+I       6734.688     23  13515.376    13516.507    13628.254
120  TPM2u+G4      6670.105     23  13386.211    13387.342    13499.089
121  TPM2u+I+G4    6669.845     24  13387.690    13388.921    13505.476
122  TPM2u+R2      6679.562     24  13407.123    13408.354    13524.910
123  TPM2u+R3      6669.105     26  13390.210    13391.653    13517.812
124  TPM2u+R4      6669.169     28  13394.337    13396.010    13531.754
125  TPM2u+R5      Skipped 
126  TPM2u+R6      Skipped 
127  TPM2u+R7      Skipped 
128  TPM2u+R8      Skipped 
129  TPM2u+R9      Skipped 
130  TPM2u+R10     Skipped 
131  TPM3          6971.921     22  13987.841    13988.877    14095.812
132  TPM3+I        6729.410     23  13504.819    13505.950    13617.698
133  TPM3+G4       6656.230     23  13358.461    13359.592    13471.339
134  TPM3+I+G4     6656.366     24  13360.732    13361.963    13478.518
135  TPM3+R2       6667.514     24  13383.027    13384.258    13500.813
136  TPM3+R3       6655.418     26  13362.836    13364.279    13490.438
137  TPM3+R4       6655.416     28  13366.832    13368.504    13504.249
138  TPM3+R5       Skipped 
139  TPM3+R6       Skipped 
140  TPM3+R7       Skipped 
141  TPM3+R8       Skipped 
142  TPM3+R9       Skipped 
143  TPM3+R10      Skipped 
144  TPM3u         6971.983     22  13987.966    13989.002    14095.937
145  TPM3u+I       6729.411     23  13504.822    13505.953    13617.700
146  TPM3u+G4      6656.234     23  13358.467    13359.599    13471.346
147  TPM3u+I+G4    6656.347     24  13360.693    13361.924    13478.479
148  TPM3u+R2      6667.506     24  13383.013    13384.244    13500.799
149  TPM3u+R3      6655.397     26  13362.793    13364.236    13490.395
150  TPM3u+R4      6655.393     28  13366.786    13368.458    13504.203
151  TPM3u+R5      Skipped 
152  TPM3u+R6      Skipped 
153  TPM3u+R7      Skipped 
154  TPM3u+R8      Skipped 
155  TPM3u+R9      Skipped 
156  TPM3u+R10     Skipped 
157  TIMe          7111.794     20  14263.588    14264.446    14361.743
158  TIMe+I        6863.143     21  13768.287    13769.232    13871.350
159  TIMe+G4       6804.038     21  13650.077    13651.021    13753.140
160  TIMe+I+G4     6803.597     22  13651.194    13652.230    13759.165
161  TIMe+R2       6810.139     22  13664.278    13665.314    13772.248
162  TIMe+R3       6803.066     24  13654.133    13655.364    13771.919
163  TIMe+R4       6803.006     26  13658.011    13659.454    13785.613
164  TIMe+R5       Skipped 
165  TIMe+R6       Skipped 
166  TIMe+R7       Skipped 
167  TIMe+R8       Skipped 
168  TIMe+R9       Skipped 
169  TIMe+R10      Skipped 
170  TIM           6978.708     23  14003.417    14004.548    14116.295
171  TIM+I         6731.360     24  13510.719    13511.950    13628.505
172  TIM+G4        6660.369     24  13368.738    13369.969    13486.524
173  TIM+I+G4      6660.259     25  13370.518    13371.853    13493.212
174  TIM+R2        6672.130     25  13394.261    13395.596    13516.955
175  TIM+R3        6659.292     27  13372.584    13374.139    13505.093
176  TIM+R4        6659.286     29  13376.573    13378.366    13518.898
177  TIM+R5        Skipped 
178  TIM+R6        Skipped 
179  TIM+R7        Skipped 
180  TIM+R8        Skipped 
181  TIM+R9        Skipped 
182  TIM+R10       Skipped 
183  TIM2e         7086.123     20  14212.246    14213.104    14310.401
184  TIM2e+I       6833.783     21  13709.565    13710.510    13812.628
185  TIM2e+G4      6769.697     21  13581.395    13582.339    13684.457
186  TIM2e+I+G4    6769.222     22  13582.443    13583.479    13690.414
187  TIM2e+R2      6774.952     22  13593.904    13594.940    13701.874
188  TIM2e+R3      6767.444     24  13582.888    13584.118    13700.674
189  TIM2e+R4      6767.422     26  13586.843    13588.286    13714.445
190  TIM2e+R5      Skipped 
191  TIM2e+R6      Skipped 
192  TIM2e+R7      Skipped 
193  TIM2e+R8      Skipped 
194  TIM2e+R9      Skipped 
195  TIM2e+R10     Skipped 
196  TIM2          6978.056     23  14002.112    14003.244    14114.991
197  TIM2+I        6728.869     24  13505.737    13506.968    13623.523
198  TIM2+G4       6666.480     24  13380.960    13382.191    13498.746
199  TIM2+I+G4     6666.140     25  13382.281    13383.615    13504.974
200  TIM2+R2       6675.683     25  13401.365    13402.700    13524.059
201  TIM2+R3       6665.606     27  13385.212    13386.768    13517.721
202  TIM2+R4       6665.577     29  13389.154    13390.948    13531.479
203  TIM2+R5       Skipped 
204  TIM2+R6       Skipped 
205  TIM2+R7       Skipped 
206  TIM2+R8       Skipped 
207  TIM2+R9       Skipped 
208  TIM2+R10      Skipped 
209  TIM3e         7105.856     20  14251.711    14252.569    14349.866
210  TIM3e+I       6860.142     21  13762.284    13763.229    13865.347
211  TIM3e+G4      6802.484     21  13646.968    13647.913    13750.031
212  TIM3e+I+G4    6802.070     22  13648.141    13649.176    13756.111
213  TIM3e+R2      6808.175     22  13660.350    13661.386    13768.321
214  TIM3e+R3      6801.747     24  13651.493    13652.724    13769.280
215  TIM3e+R4      Skipped 
216  TIM3e+R5      Skipped 
217  TIM3e+R6      Skipped 
218  TIM3e+R7      Skipped 
219  TIM3e+R8      Skipped 
220  TIM3e+R9      Skipped 
221  TIM3e+R10     Skipped 
222  TIM3          6963.208     23  13972.416    13973.548    14085.295
223  TIM3+I        6723.505     24  13495.010    13496.240    13612.796
224  TIM3+G4       6652.829     24  13353.658    13354.888    13471.444
225  TIM3+I+G4     6652.900     25  13355.799    13357.134    13478.493
226  TIM3+R2       6663.576     25  13377.152    13378.486    13499.845
227  TIM3+R3       6652.079     27  13358.158    13359.714    13490.668
228  TIM3+R4       6652.032     29  13362.064    13363.858    13504.389
229  TIM3+R5       Skipped 
230  TIM3+R6       Skipped 
231  TIM3+R7       Skipped 
232  TIM3+R8       Skipped 
233  TIM3+R9       Skipped 
234  TIM3+R10      Skipped 
235  TVMe          7077.755     21  14197.510    14198.455    14300.573
236  TVMe+I        6827.175     22  13698.349    13699.385    13806.320
237  TVMe+G4       6761.710     22  13567.419    13568.455    13675.390
238  TVMe+I+G4     6761.416     23  13568.832    13569.964    13681.711
239  TVMe+R2       6766.979     23  13579.957    13581.088    13692.836
240  TVMe+R3       6760.213     25  13570.426    13571.761    13693.120
241  TVMe+R4       Skipped 
242  TVMe+R5       Skipped 
243  TVMe+R6       Skipped 
244  TVMe+R7       Skipped 
245  TVMe+R8       Skipped 
246  TVMe+R9       Skipped 
247  TVMe+R10      Skipped 
248  TVM           6961.854     24  13971.708    13972.939    14089.494
249  TVM+I         6718.740     25  13487.480    13488.815    13610.174
250  TVM+G4        6649.631     25  13349.263    13350.598    13471.957
251  TVM+I+G4      6649.682     26  13351.364    13352.807    13478.966
252  TVM+R2        6659.011     26  13370.022    13371.465    13497.623
253  TVM+R3        6649.159     28  13354.319    13355.991    13491.736
254  TVM+R4        6648.983     30  13357.966    13359.886    13505.199
255  TVM+R5        Skipped 
256  TVM+R6        Skipped 
257  TVM+R7        Skipped 
258  TVM+R8        Skipped 
259  TVM+R9        Skipped 
260  TVM+R10       Skipped 
261  SYM           7077.606     22  14199.211    14200.247    14307.182
262  SYM+I         6827.272     23  13700.545    13701.676    13813.423
263  SYM+G4        6760.582     23  13567.164    13568.295    13680.042
264  SYM+I+G4      6760.236     24  13568.471    13569.702    13686.258
265  SYM+R2        6766.301     24  13580.601    13581.832    13698.387
266  SYM+R3        6758.696     26  13569.392    13570.835    13696.994
267  SYM+R4        6758.675     28  13573.350    13575.022    13710.767
268  SYM+R5        Skipped 
269  SYM+R6        Skipped 
270  SYM+R7        Skipped 
271  SYM+R8        Skipped 
272  SYM+R9        Skipped 
273  SYM+R10       Skipped 
274  GTR           6952.548     25  13955.096    13956.431    14077.790
275  GTR+I         6712.786     26  13477.571    13479.014    13605.173
276  GTR+G4        6645.154     26  13342.307    13343.750    13469.909
277  GTR+I+G4      6645.259     27  13344.518    13346.073    13477.027
278  GTR+R2        6654.150     27  13362.300    13363.856    13494.809
279  GTR+R3        6644.804     29  13347.608    13349.402    13489.933
280  GTR+R4        6644.770     31  13351.540    13353.590    13503.680
281  GTR+R5        Skipped 
282  GTR+R6        Skipped 
283  GTR+R7        Skipped 
284  GTR+R8        Skipped 
285  GTR+R9        Skipped 
286  GTR+R10       Skipped 
Akaike Information Criterion:           GTR+G4
Corrected Akaike Information Criterion: GTR+G4
Bayesian Information Criterion:         GTR+G4
Best-fit model: GTR+G4 chosen according to BIC

All model information printed to ./results/gene4.phy.model
CPU time for ModelFinder: 16.083 seconds (0h:0m:16s)
Wall-clock time for ModelFinder: 29.512 seconds (0h:0m:29s)
Generating 1000 samples for ultrafast bootstrap (seed: 623389)...

NOTE: 2 MB RAM (0 GB) is required!
Estimate model parameters (epsilon = 0.100)
1. Initial log-likelihood: -6911.833
2. Current log-likelihood: -6651.813
3. Current log-likelihood: -6645.827
4. Current log-likelihood: -6645.427
5. Current log-likelihood: -6645.314
Optimal log-likelihood: -6645.266
Rate parameters:  A-C: 3.098  A-G: 4.715  A-T: 0.873  C-G: 1.274  C-T: 7.351  G-T: 1.000
Base frequencies:   A: 0.414  C: 0.154  G: 0.200  T: 0.232
Gamma shape alpha: 0.540
Parameters optimization took 5 rounds (0.130 sec)
Computing ML distances based on estimated model parameters... 0.001 sec
Computing BIONJ tree...
0.000 seconds
Log-likelihood of BIONJ tree: -6653.378
--------------------------------------------------------------------
|             INITIALIZING CANDIDATE TREE SET                      |
--------------------------------------------------------------------
Generating 98 parsimony trees... 0.067 second
Computing log-likelihood of 97 initial trees ... 0.450 seconds
Current best score: -6645.266

Do NNI search on 20 best initial trees
Estimate model parameters (epsilon = 0.100)
BETTER TREE FOUND at iteration 1: -6644.916
Estimate model parameters (epsilon = 0.100)
BETTER TREE FOUND at iteration 2: -6644.504
UPDATE BEST LOG-LIKELIHOOD: -6644.503
UPDATE BEST LOG-LIKELIHOOD: -6644.503
UPDATE BEST LOG-LIKELIHOOD: -6644.503
Iteration 10 / LogL: -6644.969 / Time: 0h:0m:30s
UPDATE BEST LOG-LIKELIHOOD: -6644.502
Iteration 20 / LogL: -6644.503 / Time: 0h:0m:31s
Finish initializing candidate tree set (7)
Current best tree score: -6644.502 / CPU time: 1.648
Number of iterations: 20
--------------------------------------------------------------------
|               OPTIMIZING CANDIDATE TREE SET                      |
--------------------------------------------------------------------
Iteration 30 / LogL: -6644.969 / Time: 0h:0m:31s (0h:0m:5s left)
UPDATE BEST LOG-LIKELIHOOD: -6644.502
Iteration 40 / LogL: -6644.969 / Time: 0h:0m:32s (0h:0m:4s left)
UPDATE BEST LOG-LIKELIHOOD: -6644.502
Iteration 50 / LogL: -6644.503 / Time: 0h:0m:32s (0h:0m:3s left)
Log-likelihood cutoff on original alignment: -6654.572
Iteration 60 / LogL: -6644.502 / Time: 0h:0m:33s (0h:0m:2s left)
Iteration 70 / LogL: -6644.502 / Time: 0h:0m:33s (0h:0m:1s left)
Iteration 80 / LogL: -6644.502 / Time: 0h:0m:34s (0h:0m:1s left)
Iteration 90 / LogL: -6644.969 / Time: 0h:0m:34s (0h:0m:0s left)
Iteration 100 / LogL: -6644.503 / Time: 0h:0m:35s (0h:0m:0s left)
Log-likelihood cutoff on original alignment: -6655.267
NOTE: Bootstrap correlation coefficient of split occurrence frequencies: 0.997
TREE SEARCH COMPLETED AFTER 103 ITERATIONS / Time: 0h:0m:35s

--------------------------------------------------------------------
|                    FINALIZING TREE SEARCH                        |
--------------------------------------------------------------------
Performs final model parameters optimization
Estimate model parameters (epsilon = 0.010)
1. Initial log-likelihood: -6644.502
2. Current log-likelihood: -6644.485
Optimal log-likelihood: -6644.478
Rate parameters:  A-C: 3.104  A-G: 4.677  A-T: 0.906  C-G: 1.210  C-T: 7.422  G-T: 1.000
Base frequencies:   A: 0.414  C: 0.154  G: 0.200  T: 0.232
Gamma shape alpha: 0.538
Parameters optimization took 2 rounds (0.015 sec)
BEST SCORE FOUND : -6644.478
Creating bootstrap support values...
Split supports printed to NEXUS file ./results/gene4.phy.splits.nex
Total tree length: 2.260

Total number of iterations: 103
CPU time used for tree search: 4.560 sec (0h:0m:4s)
Wall-clock time used for tree search: 5.661 sec (0h:0m:5s)
Total CPU time used: 20.832 sec (0h:0m:20s)
Total wall-clock time used: 35.374 sec (0h:0m:35s)

Computing bootstrap consensus tree...
Reading input file ./results/gene4.phy.splits.nex...
10 taxa and 117 splits.
Consensus tree written to ./results/gene4.phy.contree
Reading input trees file ./results/gene4.phy.contree
Log-likelihood of consensus tree: -6644.478

Analysis results written to: 
  IQ-TREE report:                ./results/gene4.phy.iqtree
  Maximum-likelihood tree:       ./results/gene4.phy.treefile
  Likelihood distances:          ./results/gene4.phy.mldist

Ultrafast bootstrap approximation results written to:
  Split support values:          ./results/gene4.phy.splits.nex
  Consensus tree:                ./results/gene4.phy.contree
  Screen log file:               ./results/gene4.phy.log

Date and Time: Tue Aug 22 18:27:15 2017
