IQ-TREE multicore version 1.5.4 for Linux 64-bit built Apr  2 2017
Copyright (c) 2011-2017 by Bui Quang Minh, Nguyen Lam Tung,
Olga Chernomor, Heiko Schmidt, and Arndt von Haeseler.

Host:    hpc-crick (AVX, 251 GB RAM)
Command: iqtree -s ./results/gene14.phy -nt 1 -bb 1000
Seed:    652914 (Using SPRNG - Scalable Parallel Random Number Generator)
Time:    Tue Aug 22 18:24:58 2017
Kernel:  AVX - 1 threads (40 CPU cores detected)

Reading alignment file ./results/gene14.phy ... Phylip format detected
Alignment most likely contains DNA/RNA sequences
Alignment has 10 sequences with 1000 columns and 460 patterns (311 informative sites, 425 constant sites)
   Gap/Ambiguity  Composition  p-value
   1  A    0.00%    passed     88.06%
   2  B    0.00%    passed     68.65%
   3  C    0.00%    passed     84.14%
   4  D    0.00%    passed     98.79%
   5  E    0.00%    passed     81.15%
   6  F    0.00%    passed     18.83%
   7  G    0.00%    passed     80.46%
   8  H    0.00%    passed     96.11%
   9  I    0.00%    passed     74.47%
  10  J    0.00%    passed     82.57%
****  TOTAL    0.00%  0 sequences failed composition chi2 test (p-value<5%; df=3)

Create initial parsimony tree by phylogenetic likelihood library (PLL)... 0.000 seconds

NOTE: ModelFinder requires 3 MB RAM!
ModelFinder will test 286 DNA models (sample size: 1000) ...
 No. Model         -LnL         df  AIC          AICc         BIC
  1  JC            7163.657     17  14361.315    14361.938    14444.747
  2  JC+I          6924.702     18  13885.404    13886.101    13973.743
  3  JC+G4         6891.754     18  13819.507    13820.204    13907.847
  4  JC+I+G4       6890.703     19  13819.407    13820.182    13912.654
  5  JC+R2         6891.346     19  13820.691    13821.467    13913.939
  6  JC+R3         6889.672     21  13821.344    13822.289    13924.407
  7  JC+R4         Skipped 
  8  JC+R5         Skipped 
  9  JC+R6         Skipped 
 10  JC+R7         Skipped 
 11  JC+R8         Skipped 
 12  JC+R9         Skipped 
 13  JC+R10        Skipped 
 14  F81           7054.238     20  14148.476    14149.334    14246.631
 15  F81+I         6808.321     21  13658.641    13659.586    13761.704
 16  F81+G4        6774.690     21  13591.381    13592.326    13694.444
 17  F81+I+G4      6772.654     22  13589.307    13590.343    13697.278
 18  F81+R2        6775.195     22  13594.390    13595.426    13702.361
 19  F81+R3        6772.362     24  13592.724    13593.955    13710.510
 20  F81+R4        Skipped 
 21  F81+R5        Skipped 
 22  F81+R6        Skipped 
 23  F81+R7        Skipped 
 24  F81+R8        Skipped 
 25  F81+R9        Skipped 
 26  F81+R10       Skipped 
 27  K2P           7014.773     18  14065.547    14066.244    14153.886
 28  K2P+I         6764.781     19  13567.563    13568.338    13660.810
 29  K2P+G4        6716.072     19  13470.144    13470.919    13563.391
 30  K2P+I+G4      6715.590     20  13471.181    13472.039    13569.336
 31  K2P+R2        6721.202     20  13482.405    13483.263    13580.560
 32  K2P+R3        6715.499     22  13474.998    13476.034    13582.969
 33  K2P+R4        Skipped 
 34  K2P+R5        Skipped 
 35  K2P+R6        Skipped 
 36  K2P+R7        Skipped 
 37  K2P+R8        Skipped 
 38  K2P+R9        Skipped 
 39  K2P+R10       Skipped 
 40  HKY           6898.984     21  13839.968    13840.913    13943.031
 41  HKY+I         6640.529     22  13325.059    13326.095    13433.029
 42  HKY+G4        6592.777     22  13229.553    13230.589    13337.524
 43  HKY+I+G4      6590.511     23  13227.021    13228.152    13339.900
 44  HKY+R2        6600.976     23  13247.953    13249.084    13360.831
 45  HKY+R3        6590.494     25  13230.989    13232.323    13353.683
 46  HKY+R4        6590.361     27  13234.723    13236.278    13367.232
 47  HKY+R5        Skipped 
 48  HKY+R6        Skipped 
 49  HKY+R7        Skipped 
 50  HKY+R8        Skipped 
 51  HKY+R9        Skipped 
 52  HKY+R10       Skipped 
 53  TNe           7012.225     19  14062.450    14063.226    14155.697
 54  TNe+I         6762.292     20  13564.585    13565.443    13662.740
 55  TNe+G4        6712.336     20  13464.672    13465.530    13562.827
 56  TNe+I+G4      6711.947     21  13465.895    13466.840    13568.958
 57  TNe+R2        6717.845     21  13477.690    13478.635    13580.753
 58  TNe+R3        6711.805     23  13469.610    13470.742    13582.489
 59  TNe+R4        Skipped 
 60  TNe+R5        Skipped 
 61  TNe+R6        Skipped 
 62  TNe+R7        Skipped 
 63  TNe+R8        Skipped 
 64  TNe+R9        Skipped 
 65  TNe+R10       Skipped 
 66  TN            6899.124     22  13842.248    13843.284    13950.219
 67  TN+I          6640.282     23  13326.563    13327.694    13439.441
 68  TN+G4         6592.762     23  13231.524    13232.656    13344.403
 69  TN+I+G4       6590.513     24  13229.026    13230.257    13346.812
 70  TN+R2         6600.632     24  13249.264    13250.495    13367.051
 71  TN+R3         6590.374     26  13232.747    13234.190    13360.349
 72  TN+R4         6587.996     28  13231.991    13233.664    13369.408
 73  TN+R5         Skipped 
 74  TN+R6         Skipped 
 75  TN+R7         Skipped 
 76  TN+R8         Skipped 
 77  TN+R9         Skipped 
 78  TN+R10        Skipped 
 79  K3P           7012.051     19  14062.103    14062.878    14155.350
 80  K3P+I         6762.176     20  13564.353    13565.211    13662.508
 81  K3P+G4        6713.390     20  13466.781    13467.639    13564.936
 82  K3P+I+G4      6712.818     21  13467.637    13468.581    13570.699
 83  K3P+R2        6718.509     21  13479.018    13479.963    13582.081
 84  K3P+R3        6712.796     23  13471.592    13472.723    13584.470
 85  K3P+R4        Skipped 
 86  K3P+R5        Skipped 
 87  K3P+R6        Skipped 
 88  K3P+R7        Skipped 
 89  K3P+R8        Skipped 
 90  K3P+R9        Skipped 
 91  K3P+R10       Skipped 
 92  K3Pu          6891.679     22  13827.359    13828.395    13935.329
 93  K3Pu+I        6631.282     23  13308.563    13309.694    13421.442
 94  K3Pu+G4       6584.283     23  13214.567    13215.698    13327.445
 95  K3Pu+I+G4     6581.518     24  13211.037    13212.268    13328.823
 96  K3Pu+R2       6592.381     24  13232.762    13233.993    13350.548
 97  K3Pu+R3       6581.290     26  13214.581    13216.024    13342.182
 98  K3Pu+R4       6579.235     28  13214.470    13216.142    13351.887
 99  K3Pu+R5       Skipped 
100  K3Pu+R6       Skipped 
101  K3Pu+R7       Skipped 
102  K3Pu+R8       Skipped 
103  K3Pu+R9       Skipped 
104  K3Pu+R10      Skipped 
105  TPM2          6893.148     22  13830.295    13831.331    13938.266
106  TPM2+I        6636.194     23  13318.388    13319.519    13431.266
107  TPM2+G4       6589.591     23  13225.183    13226.314    13338.061
108  TPM2+I+G4     6587.913     24  13223.827    13225.057    13341.613
109  TPM2+R2       6596.343     24  13240.686    13241.917    13358.472
110  TPM2+R3       6587.974     26  13227.948    13229.391    13355.550
111  TPM2+R4       6586.268     28  13228.536    13230.209    13365.954
112  TPM2+R5       Skipped 
113  TPM2+R6       Skipped 
114  TPM2+R7       Skipped 
115  TPM2+R8       Skipped 
116  TPM2+R9       Skipped 
117  TPM2+R10      Skipped 
118  TPM2u         6893.155     22  13830.309    13831.345    13938.280
119  TPM2u+I       6636.195     23  13318.390    13319.521    13431.268
120  TPM2u+G4      6589.591     23  13225.181    13226.312    13338.059
121  TPM2u+I+G4    6587.912     24  13223.825    13225.055    13341.611
122  TPM2u+R2      6596.377     24  13240.754    13241.985    13358.540
123  TPM2u+R3      6587.900     26  13227.801    13229.244    13355.402
124  TPM2u+R4      6586.194     28  13228.388    13230.061    13365.805
125  TPM2u+R5      Skipped 
126  TPM2u+R6      Skipped 
127  TPM2u+R7      Skipped 
128  TPM2u+R8      Skipped 
129  TPM2u+R9      Skipped 
130  TPM2u+R10     Skipped 
131  TPM3          6886.370     22  13816.740    13817.776    13924.711
132  TPM3+I        6621.782     23  13289.563    13290.695    13402.442
133  TPM3+G4       6578.725     23  13203.449    13204.580    13316.328
134  TPM3+I+G4     6575.489     24  13198.978    13200.208    13316.764
135  TPM3+R2       6584.723     24  13217.446    13218.677    13335.232
136  TPM3+R3       6575.340     26  13202.680    13204.123    13330.282
137  TPM3+R4       6574.618     28  13205.237    13206.909    13342.654
138  TPM3+R5       Skipped 
139  TPM3+R6       Skipped 
140  TPM3+R7       Skipped 
141  TPM3+R8       Skipped 
142  TPM3+R9       Skipped 
143  TPM3+R10      Skipped 
144  TPM3u         6886.382     22  13816.765    13817.800    13924.735
145  TPM3u+I       6621.774     23  13289.548    13290.679    13402.427
146  TPM3u+G4      6578.741     23  13203.482    13204.613    13316.360
147  TPM3u+I+G4    6575.460     24  13198.920    13200.151    13316.707
148  TPM3u+R2      6584.694     24  13217.389    13218.619    13335.175
149  TPM3u+R3      6575.335     26  13202.669    13204.112    13330.271
150  TPM3u+R4      6574.764     28  13205.528    13207.200    13342.945
151  TPM3u+R5      Skipped 
152  TPM3u+R6      Skipped 
153  TPM3u+R7      Skipped 
154  TPM3u+R8      Skipped 
155  TPM3u+R9      Skipped 
156  TPM3u+R10     Skipped 
157  TIMe          7009.522     20  14059.044    14059.902    14157.199
158  TIMe+I        6759.729     21  13561.458    13562.403    13664.521
159  TIMe+G4       6709.577     21  13461.155    13462.099    13564.217
160  TIMe+I+G4     6709.137     22  13462.273    13463.309    13570.244
161  TIMe+R2       6715.081     22  13474.162    13475.198    13582.133
162  TIMe+R3       6709.060     24  13466.120    13467.351    13583.906
163  TIMe+R4       Skipped 
164  TIMe+R5       Skipped 
165  TIMe+R6       Skipped 
166  TIMe+R7       Skipped 
167  TIMe+R8       Skipped 
168  TIMe+R9       Skipped 
169  TIMe+R10      Skipped 
170  TIM           6891.623     23  13829.247    13830.378    13942.125
171  TIM+I         6630.926     24  13309.852    13311.083    13427.639
172  TIM+G4        6584.238     24  13216.476    13217.707    13334.262
173  TIM+I+G4      6581.594     25  13213.187    13214.522    13335.881
174  TIM+R2        6592.128     25  13234.256    13235.591    13356.950
175  TIM+R3        6581.203     27  13216.405    13217.961    13348.914
176  TIM+R4        6579.219     29  13216.439    13218.233    13358.764
177  TIM+R5        Skipped 
178  TIM+R6        Skipped 
179  TIM+R7        Skipped 
180  TIM+R8        Skipped 
181  TIM+R9        Skipped 
182  TIM+R10       Skipped 
183  TIM2e         6987.595     20  14015.189    14016.047    14113.345
184  TIM2e+I       6738.451     21  13518.902    13519.847    13621.965
185  TIM2e+G4      6677.455     21  13396.910    13397.854    13499.972
186  TIM2e+I+G4    6677.608     22  13399.216    13400.252    13507.187
187  TIM2e+R2      6683.905     22  13411.811    13412.847    13519.782
188  TIM2e+R3      6677.447     24  13402.894    13404.124    13520.680
189  TIM2e+R4      Skipped 
190  TIM2e+R5      Skipped 
191  TIM2e+R6      Skipped 
192  TIM2e+R7      Skipped 
193  TIM2e+R8      Skipped 
194  TIM2e+R9      Skipped 
195  TIM2e+R10     Skipped 
196  TIM2          6893.036     23  13832.071    13833.203    13944.950
197  TIM2+I        6635.939     24  13319.878    13321.109    13437.665
198  TIM2+G4       6589.293     24  13226.586    13227.816    13344.372
199  TIM2+I+G4     6587.705     25  13225.410    13226.745    13348.104
200  TIM2+R2       6595.961     25  13241.922    13243.256    13364.616
201  TIM2+R3       6587.651     27  13229.302    13230.858    13361.812
202  TIM2+R4       6585.979     29  13229.958    13231.752    13372.283
203  TIM2+R5       Skipped 
204  TIM2+R6       Skipped 
205  TIM2+R7       Skipped 
206  TIM2+R8       Skipped 
207  TIM2+R9       Skipped 
208  TIM2+R10      Skipped 
209  TIM3e         7007.607     20  14055.214    14056.072    14153.369
210  TIM3e+I       6756.046     21  13554.091    13555.036    13657.154
211  TIM3e+G4      6708.050     21  13458.100    13459.044    13561.162
212  TIM3e+I+G4    6707.437     22  13458.874    13459.910    13566.845
213  TIM3e+R2      6712.853     22  13469.706    13470.742    13577.676
214  TIM3e+R3      6707.407     24  13462.813    13464.044    13580.599
215  TIM3e+R4      Skipped 
216  TIM3e+R5      Skipped 
217  TIM3e+R6      Skipped 
218  TIM3e+R7      Skipped 
219  TIM3e+R8      Skipped 
220  TIM3e+R9      Skipped 
221  TIM3e+R10     Skipped 
222  TIM3          6886.104     23  13818.208    13819.339    13931.087
223  TIM3+I        6621.036     24  13290.073    13291.304    13407.859
224  TIM3+G4       6578.442     24  13204.884    13206.115    13322.671
225  TIM3+I+G4     6575.025     25  13200.051    13201.386    13322.745
226  TIM3+R2       6584.433     25  13218.866    13220.201    13341.560
227  TIM3+R3       6574.865     27  13203.730    13205.286    13336.240
228  TIM3+R4       6574.203     29  13206.405    13208.199    13348.730
229  TIM3+R5       Skipped 
230  TIM3+R6       Skipped 
231  TIM3+R7       Skipped 
232  TIM3+R8       Skipped 
233  TIM3+R9       Skipped 
234  TIM3+R10      Skipped 
235  TVMe          6984.375     21  14010.750    14011.695    14113.813
236  TVMe+I        6733.988     22  13511.975    13513.011    13619.946
237  TVMe+G4       6676.788     22  13397.577    13398.613    13505.547
238  TVMe+I+G4     6676.718     23  13399.435    13400.567    13512.314
239  TVMe+R2       6682.775     23  13411.550    13412.681    13524.429
240  TVMe+R3       6676.626     25  13403.252    13404.586    13525.946
241  TVMe+R4       Skipped 
242  TVMe+R5       Skipped 
243  TVMe+R6       Skipped 
244  TVMe+R7       Skipped 
245  TVMe+R8       Skipped 
246  TVMe+R9       Skipped 
247  TVMe+R10      Skipped 
248  TVM           6878.007     24  13804.014    13805.245    13921.800
249  TVM+I         6614.979     25  13279.958    13281.292    13402.652
250  TVM+G4        6571.930     25  13193.859    13195.194    13316.553
251  TVM+I+G4      6569.356     26  13190.711    13192.154    13318.313
252  TVM+R2        6577.533     26  13207.067    13208.510    13334.669
253  TVM+R3        6569.139     28  13194.279    13195.951    13331.696
254  TVM+R4        6568.991     30  13197.981    13199.901    13345.214
255  TVM+R5        Skipped 
256  TVM+R6        Skipped 
257  TVM+R7        Skipped 
258  TVM+R8        Skipped 
259  TVM+R9        Skipped 
260  TVM+R10       Skipped 
261  SYM           6981.929     22  14007.859    14008.894    14115.829
262  SYM+I         6731.627     23  13509.253    13510.384    13622.131
263  SYM+G4        6670.764     23  13387.528    13388.659    13500.406
264  SYM+I+G4      6670.727     24  13389.454    13390.685    13507.240
265  SYM+R2        6677.047     24  13402.095    13403.326    13519.881
266  SYM+R3        6670.554     26  13393.108    13394.551    13520.709
267  SYM+R4        Skipped 
268  SYM+R5        Skipped 
269  SYM+R6        Skipped 
270  SYM+R7        Skipped 
271  SYM+R8        Skipped 
272  SYM+R9        Skipped 
273  SYM+R10       Skipped 
274  GTR           6877.643     25  13805.285    13806.620    13927.979
275  GTR+I         6614.233     26  13280.466    13281.909    13408.067
276  GTR+G4        6571.388     26  13194.776    13196.219    13322.377
277  GTR+I+G4      6568.603     27  13191.205    13192.761    13323.715
278  GTR+R2        6576.944     27  13207.888    13209.444    13340.398
279  GTR+R3        6568.389     29  13194.777    13196.571    13337.102
280  GTR+R4        6568.367     31  13198.734    13200.784    13350.874
281  GTR+R5        Skipped 
282  GTR+R6        Skipped 
283  GTR+R7        Skipped 
284  GTR+R8        Skipped 
285  GTR+R9        Skipped 
286  GTR+R10       Skipped 
Akaike Information Criterion:           TVM+I+G4
Corrected Akaike Information Criterion: TVM+I+G4
Bayesian Information Criterion:         TPM3+G4
Best-fit model: TPM3+G4 chosen according to BIC

All model information printed to ./results/gene14.phy.model
CPU time for ModelFinder: 10.239 seconds (0h:0m:10s)
Wall-clock time for ModelFinder: 15.744 seconds (0h:0m:15s)
Generating 1000 samples for ultrafast bootstrap (seed: 652914)...

NOTE: 2 MB RAM (0 GB) is required!
Estimate model parameters (epsilon = 0.100)
1. Initial log-likelihood: -6823.838
2. Current log-likelihood: -6589.154
3. Current log-likelihood: -6581.200
4. Current log-likelihood: -6580.438
Optimal log-likelihood: -6580.381
Rate parameters:  A-C: 2.329  A-G: 5.753  A-T: 1.000  C-G: 2.329  C-T: 5.753  G-T: 1.000
Base frequencies:   A: 0.406  C: 0.163  G: 0.196  T: 0.235
Gamma shape alpha: 0.515
Parameters optimization took 4 rounds (0.046 sec)
Computing ML distances based on estimated model parameters... 0.002 sec
Computing BIONJ tree...
0.000 seconds
Log-likelihood of BIONJ tree: -6583.197
--------------------------------------------------------------------
|             INITIALIZING CANDIDATE TREE SET                      |
--------------------------------------------------------------------
Generating 98 parsimony trees... 0.068 second
Computing log-likelihood of 98 initial trees ... 0.406 seconds
Current best score: -6577.007

Do NNI search on 20 best initial trees
Estimate model parameters (epsilon = 0.100)
BETTER TREE FOUND at iteration 1: -6574.782
Iteration 10 / LogL: -6576.821 / Time: 0h:0m:16s
Iteration 20 / LogL: -6577.289 / Time: 0h:0m:17s
Finish initializing candidate tree set (6)
Current best tree score: -6574.782 / CPU time: 1.489
Number of iterations: 20
--------------------------------------------------------------------
|               OPTIMIZING CANDIDATE TREE SET                      |
--------------------------------------------------------------------
UPDATE BEST LOG-LIKELIHOOD: -6574.782
Iteration 30 / LogL: -6577.408 / Time: 0h:0m:17s (0h:0m:4s left)
Iteration 40 / LogL: -6577.411 / Time: 0h:0m:18s (0h:0m:3s left)
Iteration 50 / LogL: -6578.209 / Time: 0h:0m:18s (0h:0m:2s left)
Log-likelihood cutoff on original alignment: -6583.292
UPDATE BEST LOG-LIKELIHOOD: -6574.782
Iteration 60 / LogL: -6576.355 / Time: 0h:0m:18s (0h:0m:2s left)
Iteration 70 / LogL: -6576.719 / Time: 0h:0m:19s (0h:0m:1s left)
Iteration 80 / LogL: -6576.328 / Time: 0h:0m:19s (0h:0m:0s left)
Iteration 90 / LogL: -6576.723 / Time: 0h:0m:19s (0h:0m:0s left)
Iteration 100 / LogL: -6576.056 / Time: 0h:0m:20s (0h:0m:0s left)
Log-likelihood cutoff on original alignment: -6583.342
NOTE: Bootstrap correlation coefficient of split occurrence frequencies: 0.964
NOTE: UFBoot does not converge, continue at least 100 more iterations
Iteration 110 / LogL: -6574.783 / Time: 0h:0m:20s (0h:0m:3s left)
Iteration 120 / LogL: -6576.328 / Time: 0h:0m:21s (0h:0m:3s left)
Iteration 130 / LogL: -6576.361 / Time: 0h:0m:21s (0h:0m:3s left)
Iteration 140 / LogL: -6576.063 / Time: 0h:0m:21s (0h:0m:2s left)
UPDATE BEST LOG-LIKELIHOOD: -6574.782
Iteration 150 / LogL: -6576.327 / Time: 0h:0m:22s (0h:0m:2s left)
Log-likelihood cutoff on original alignment: -6583.342
Iteration 160 / LogL: -6576.360 / Time: 0h:0m:23s (0h:0m:1s left)
UPDATE BEST LOG-LIKELIHOOD: -6574.782
Iteration 170 / LogL: -6576.728 / Time: 0h:0m:23s (0h:0m:1s left)
Iteration 180 / LogL: -6576.327 / Time: 0h:0m:23s (0h:0m:0s left)
Iteration 190 / LogL: -6574.783 / Time: 0h:0m:24s (0h:0m:0s left)
Iteration 200 / LogL: -6576.328 / Time: 0h:0m:24s (0h:0m:0s left)
Log-likelihood cutoff on original alignment: -6583.342
NOTE: Bootstrap correlation coefficient of split occurrence frequencies: 0.991
TREE SEARCH COMPLETED AFTER 200 ITERATIONS / Time: 0h:0m:24s

--------------------------------------------------------------------
|                    FINALIZING TREE SEARCH                        |
--------------------------------------------------------------------
Performs final model parameters optimization
Estimate model parameters (epsilon = 0.010)
1. Initial log-likelihood: -6574.782
Optimal log-likelihood: -6574.780
Rate parameters:  A-C: 2.338  A-G: 5.716  A-T: 1.000  C-G: 2.338  C-T: 5.716  G-T: 1.000
Base frequencies:   A: 0.406  C: 0.163  G: 0.196  T: 0.235
Gamma shape alpha: 0.521
Parameters optimization took 1 rounds (0.006 sec)
BEST SCORE FOUND : -6574.780
Creating bootstrap support values...
Split supports printed to NEXUS file ./results/gene14.phy.splits.nex
Total tree length: 2.222

Total number of iterations: 200
CPU time used for tree search: 7.142 sec (0h:0m:7s)
Wall-clock time used for tree search: 8.848 sec (0h:0m:8s)
Total CPU time used: 17.492 sec (0h:0m:17s)
Total wall-clock time used: 24.737 sec (0h:0m:24s)

Computing bootstrap consensus tree...
Reading input file ./results/gene14.phy.splits.nex...
10 taxa and 153 splits.
Consensus tree written to ./results/gene14.phy.contree
Reading input trees file ./results/gene14.phy.contree
Log-likelihood of consensus tree: -6574.780

Analysis results written to: 
  IQ-TREE report:                ./results/gene14.phy.iqtree
  Maximum-likelihood tree:       ./results/gene14.phy.treefile
  Likelihood distances:          ./results/gene14.phy.mldist

Ultrafast bootstrap approximation results written to:
  Split support values:          ./results/gene14.phy.splits.nex
  Consensus tree:                ./results/gene14.phy.contree
  Screen log file:               ./results/gene14.phy.log

Date and Time: Tue Aug 22 18:25:23 2017
