IQ-TREE multicore version 1.5.4 for Linux 64-bit built Apr  2 2017
Copyright (c) 2011-2017 by Bui Quang Minh, Nguyen Lam Tung,
Olga Chernomor, Heiko Schmidt, and Arndt von Haeseler.

Host:    hpc-crick (AVX, 251 GB RAM)
Command: iqtree -s ./results/gene16.phy -nt 1 -bb 1000
Seed:    403370 (Using SPRNG - Scalable Parallel Random Number Generator)
Time:    Tue Aug 22 18:09:16 2017
Kernel:  AVX - 1 threads (40 CPU cores detected)

Reading alignment file ./results/gene16.phy ... Phylip format detected
Alignment most likely contains DNA/RNA sequences
Alignment has 10 sequences with 1000 columns and 494 patterns (360 informative sites, 368 constant sites)
   Gap/Ambiguity  Composition  p-value
   1  A    0.00%    passed     46.91%
   2  B    0.00%    passed     92.91%
   3  C    0.00%    passed     71.04%
   4  D    0.00%    passed     93.17%
   5  E    0.00%    passed     93.63%
   6  F    0.00%    passed     65.18%
   7  G    0.00%    passed     99.66%
   8  H    0.00%    passed     93.94%
   9  I    0.00%    passed     53.28%
  10  J    0.00%    passed     78.90%
****  TOTAL    0.00%  0 sequences failed composition chi2 test (p-value<5%; df=3)

Create initial parsimony tree by phylogenetic likelihood library (PLL)... 0.000 seconds

NOTE: ModelFinder requires 3 MB RAM!
ModelFinder will test 286 DNA models (sample size: 1000) ...
 No. Model         -LnL         df  AIC          AICc         BIC
  1  JC            7734.445     17  15502.891    15503.514    15586.322
  2  JC+I          7503.137     18  15042.274    15042.972    15130.614
  3  JC+G4         7437.939     18  14911.878    14912.575    15000.217
  4  JC+I+G4       7438.345     19  14914.690    14915.465    15007.937
  5  JC+R2         7440.961     19  14919.922    14920.697    15013.169
  6  JC+R3         7437.746     21  14917.491    14918.436    15020.554
  7  JC+R4         Skipped 
  8  JC+R5         Skipped 
  9  JC+R6         Skipped 
 10  JC+R7         Skipped 
 11  JC+R8         Skipped 
 12  JC+R9         Skipped 
 13  JC+R10        Skipped 
 14  F81           7600.104     20  15240.208    15241.066    15338.363
 15  F81+I         7364.417     21  14770.833    14771.778    14873.896
 16  F81+G4        7291.326     21  14624.652    14625.596    14727.714
 17  F81+I+G4      7291.690     22  14627.380    14628.415    14735.350
 18  F81+R2        7298.981     22  14641.963    14642.999    14749.933
 19  F81+R3        7291.079     24  14630.159    14631.390    14747.945
 20  F81+R4        7291.056     26  14634.112    14635.555    14761.713
 21  F81+R5        Skipped 
 22  F81+R6        Skipped 
 23  F81+R7        Skipped 
 24  F81+R8        Skipped 
 25  F81+R9        Skipped 
 26  F81+R10       Skipped 
 27  K2P           7591.971     18  15219.942    15220.639    15308.281
 28  K2P+I         7349.601     19  14737.203    14737.978    14830.450
 29  K2P+G4        7264.327     19  14566.654    14567.430    14659.902
 30  K2P+I+G4      7264.649     20  14569.299    14570.157    14667.454
 31  K2P+R2        7273.101     20  14586.202    14587.060    14684.357
 32  K2P+R3        7262.855     22  14569.709    14570.745    14677.680
 33  K2P+R4        7262.831     24  14573.662    14574.893    14691.449
 34  K2P+R5        Skipped 
 35  K2P+R6        Skipped 
 36  K2P+R7        Skipped 
 37  K2P+R8        Skipped 
 38  K2P+R9        Skipped 
 39  K2P+R10       Skipped 
 40  HKY           7454.880     21  14951.760    14952.704    15054.823
 41  HKY+I         7214.735     22  14473.470    14474.506    14581.441
 42  HKY+G4        7112.000     22  14268.000    14269.036    14375.971
 43  HKY+I+G4      7112.480     23  14270.960    14272.091    14383.838
 44  HKY+R2        7122.221     23  14290.443    14291.574    14403.321
 45  HKY+R3        7111.537     25  14273.074    14274.409    14395.768
 46  HKY+R4        7111.427     27  14276.853    14278.409    14409.363
 47  HKY+R5        Skipped 
 48  HKY+R6        Skipped 
 49  HKY+R7        Skipped 
 50  HKY+R8        Skipped 
 51  HKY+R9        Skipped 
 52  HKY+R10       Skipped 
 53  TNe           7589.029     19  15216.059    15216.834    15309.306
 54  TNe+I         7347.582     20  14735.163    14736.021    14833.318
 55  TNe+G4        7258.274     20  14556.548    14557.406    14654.703
 56  TNe+I+G4      7258.505     21  14559.010    14559.955    14662.073
 57  TNe+R2        7266.400     21  14574.800    14575.744    14677.863
 58  TNe+R3        7256.162     23  14558.323    14559.454    14671.202
 59  TNe+R4        7256.106     25  14562.213    14563.548    14684.907
 60  TNe+R5        Skipped 
 61  TNe+R6        Skipped 
 62  TNe+R7        Skipped 
 63  TNe+R8        Skipped 
 64  TNe+R9        Skipped 
 65  TNe+R10       Skipped 
 66  TN            7453.548     22  14951.095    14952.131    15059.066
 67  TN+I          7211.523     23  14469.046    14470.177    14581.924
 68  TN+G4         7111.017     23  14268.034    14269.165    14380.913
 69  TN+I+G4       7111.246     24  14270.491    14271.722    14388.277
 70  TN+R2         7121.903     24  14291.806    14293.037    14409.592
 71  TN+R3         7110.300     26  14272.600    14274.043    14400.202
 72  TN+R4         7110.276     28  14276.553    14278.225    14413.970
 73  TN+R5         Skipped 
 74  TN+R6         Skipped 
 75  TN+R7         Skipped 
 76  TN+R8         Skipped 
 77  TN+R9         Skipped 
 78  TN+R10        Skipped 
 79  K3P           7591.724     19  15221.448    15222.223    15314.695
 80  K3P+I         7349.238     20  14738.476    14739.334    14836.631
 81  K3P+G4        7262.545     20  14565.090    14565.949    14663.246
 82  K3P+I+G4      7262.668     21  14567.336    14568.281    14670.399
 83  K3P+R2        7271.418     21  14584.835    14585.780    14687.898
 84  K3P+R3        7261.086     23  14568.171    14569.302    14681.050
 85  K3P+R4        7261.084     25  14572.169    14573.503    14694.863
 86  K3P+R5        Skipped 
 87  K3P+R6        Skipped 
 88  K3P+R7        Skipped 
 89  K3P+R8        Skipped 
 90  K3P+R9        Skipped 
 91  K3P+R10       Skipped 
 92  K3Pu          7450.252     22  14944.505    14945.541    15052.475
 93  K3Pu+I        7210.699     23  14467.398    14468.529    14580.277
 94  K3Pu+G4       7102.164     23  14250.328    14251.459    14363.206
 95  K3Pu+I+G4     7102.664     24  14253.327    14254.558    14371.113
 96  K3Pu+R2       7111.450     24  14270.901    14272.131    14388.687
 97  K3Pu+R3       7101.819     26  14255.637    14257.080    14383.239
 98  K3Pu+R4       7101.628     28  14259.256    14260.928    14396.673
 99  K3Pu+R5       Skipped 
100  K3Pu+R6       Skipped 
101  K3Pu+R7       Skipped 
102  K3Pu+R8       Skipped 
103  K3Pu+R9       Skipped 
104  K3Pu+R10      Skipped 
105  TPM2          7451.145     22  14946.290    14947.326    15054.261
106  TPM2+I        7207.687     23  14461.374    14462.505    14574.253
107  TPM2+G4       7109.723     23  14265.447    14266.578    14378.325
108  TPM2+I+G4     7109.949     24  14267.897    14269.128    14385.683
109  TPM2+R2       7119.413     24  14286.826    14288.057    14404.612
110  TPM2+R3       7108.972     26  14269.944    14271.387    14397.545
111  TPM2+R4       7108.908     28  14273.817    14275.489    14411.234
112  TPM2+R5       Skipped 
113  TPM2+R6       Skipped 
114  TPM2+R7       Skipped 
115  TPM2+R8       Skipped 
116  TPM2+R9       Skipped 
117  TPM2+R10      Skipped 
118  TPM2u         7450.807     22  14945.614    14946.650    15053.584
119  TPM2u+I       7207.682     23  14461.363    14462.494    14574.241
120  TPM2u+G4      7109.635     23  14265.270    14266.401    14378.148
121  TPM2u+I+G4    7109.938     24  14267.876    14269.107    14385.662
122  TPM2u+R2      7119.408     24  14286.816    14288.047    14404.602
123  TPM2u+R3      7108.951     26  14269.903    14271.346    14397.504
124  TPM2u+R4      7108.901     28  14273.801    14275.474    14411.218
125  TPM2u+R5      Skipped 
126  TPM2u+R6      Skipped 
127  TPM2u+R7      Skipped 
128  TPM2u+R8      Skipped 
129  TPM2u+R9      Skipped 
130  TPM2u+R10     Skipped 
131  TPM3          7445.710     22  14935.420    14936.456    15043.391
132  TPM3+I        7208.694     23  14463.388    14464.519    14576.267
133  TPM3+G4       7095.661     23  14237.322    14238.453    14350.200
134  TPM3+I+G4     7095.970     24  14239.940    14241.171    14357.727
135  TPM3+R2       7104.313     24  14256.626    14257.857    14374.412
136  TPM3+R3       7094.566     26  14241.131    14242.574    14368.733
137  TPM3+R4       7094.419     28  14244.839    14246.511    14382.256
138  TPM3+R5       Skipped 
139  TPM3+R6       Skipped 
140  TPM3+R7       Skipped 
141  TPM3+R8       Skipped 
142  TPM3+R9       Skipped 
143  TPM3+R10      Skipped 
144  TPM3u         7445.710     22  14935.421    14936.457    15043.391
145  TPM3u+I       7208.728     23  14463.456    14464.587    14576.334
146  TPM3u+G4      7095.665     23  14237.330    14238.461    14350.209
147  TPM3u+I+G4    7095.936     24  14239.873    14241.103    14357.659
148  TPM3u+R2      7104.293     24  14256.586    14257.816    14374.372
149  TPM3u+R3      7094.510     26  14241.020    14242.463    14368.622
150  TPM3u+R4      7094.385     28  14244.770    14246.443    14382.187
151  TPM3u+R5      Skipped 
152  TPM3u+R6      Skipped 
153  TPM3u+R7      Skipped 
154  TPM3u+R8      Skipped 
155  TPM3u+R9      Skipped 
156  TPM3u+R10     Skipped 
157  TIMe          7588.830     20  15217.660    15218.518    15315.815
158  TIMe+I        7347.269     21  14736.537    14737.482    14839.600
159  TIMe+G4       7256.561     21  14555.123    14556.067    14658.185
160  TIMe+I+G4     7256.651     22  14557.303    14558.339    14665.273
161  TIMe+R2       7264.850     22  14573.701    14574.736    14681.671
162  TIMe+R3       7254.540     24  14557.079    14558.310    14674.866
163  TIMe+R4       7254.432     26  14560.863    14562.306    14688.465
164  TIMe+R5       Skipped 
165  TIMe+R6       Skipped 
166  TIMe+R7       Skipped 
167  TIMe+R8       Skipped 
168  TIMe+R9       Skipped 
169  TIMe+R10      Skipped 
170  TIM           7448.707     23  14943.414    14944.546    15056.293
171  TIM+I         7207.226     24  14462.452    14463.683    14580.238
172  TIM+G4        7101.114     24  14250.229    14251.460    14368.015
173  TIM+I+G4      7101.387     25  14252.774    14254.109    14375.468
174  TIM+R2        7111.025     25  14272.050    14273.385    14394.744
175  TIM+R3        7100.699     27  14255.398    14256.954    14387.908
176  TIM+R4        7100.665     29  14259.331    14261.125    14401.656
177  TIM+R5        Skipped 
178  TIM+R6        Skipped 
179  TIM+R7        Skipped 
180  TIM+R8        Skipped 
181  TIM+R9        Skipped 
182  TIM+R10       Skipped 
183  TIM2e         7568.275     20  15176.550    15177.408    15274.706
184  TIM2e+I       7321.169     21  14684.338    14685.283    14787.401
185  TIM2e+G4      7224.732     21  14491.464    14492.409    14594.527
186  TIM2e+I+G4    7224.756     22  14493.511    14494.547    14601.482
187  TIM2e+R2      7233.871     22  14511.743    14512.779    14619.713
188  TIM2e+R3      7221.785     24  14491.569    14492.800    14609.355
189  TIM2e+R4      7221.772     26  14495.545    14496.988    14623.146
190  TIM2e+R5      Skipped 
191  TIM2e+R6      Skipped 
192  TIM2e+R7      Skipped 
193  TIM2e+R8      Skipped 
194  TIM2e+R9      Skipped 
195  TIM2e+R10     Skipped 
196  TIM2          7449.386     23  14944.772    14945.903    15057.650
197  TIM2+I        7204.886     24  14457.772    14459.003    14575.558
198  TIM2+G4       7108.123     24  14264.246    14265.477    14382.032
199  TIM2+I+G4     7108.271     25  14266.542    14267.877    14389.236
200  TIM2+R2       7118.874     25  14287.748    14289.082    14410.442
201  TIM2+R3       7107.353     27  14268.705    14270.261    14401.214
202  TIM2+R4       7107.282     29  14272.564    14274.358    14414.889
203  TIM2+R5       Skipped 
204  TIM2+R6       Skipped 
205  TIM2+R7       Skipped 
206  TIM2+R8       Skipped 
207  TIM2+R9       Skipped 
208  TIM2+R10      Skipped 
209  TIM3e         7588.331     20  15216.663    15217.521    15314.818
210  TIM3e+I       7347.412     21  14736.825    14737.770    14839.888
211  TIM3e+G4      7256.578     21  14555.155    14556.100    14658.218
212  TIM3e+I+G4    7256.644     22  14557.288    14558.324    14665.259
213  TIM3e+R2      7264.818     22  14573.636    14574.672    14681.606
214  TIM3e+R3      7254.524     24  14557.048    14558.279    14674.835
215  TIM3e+R4      7254.488     26  14560.976    14562.419    14688.577
216  TIM3e+R5      Skipped 
217  TIM3e+R6      Skipped 
218  TIM3e+R7      Skipped 
219  TIM3e+R8      Skipped 
220  TIM3e+R9      Skipped 
221  TIM3e+R10     Skipped 
222  TIM3          7443.431     23  14932.862    14933.993    15045.740
223  TIM3+I        7204.773     24  14457.545    14458.776    14575.331
224  TIM3+G4       7093.613     24  14235.226    14236.457    14353.012
225  TIM3+I+G4     7093.742     25  14237.485    14238.820    14360.179
226  TIM3+R2       7102.597     25  14255.194    14256.528    14377.888
227  TIM3+R3       7092.473     27  14238.946    14240.502    14371.456
228  TIM3+R4       7092.353     29  14242.706    14244.500    14385.031
229  TIM3+R5       Skipped 
230  TIM3+R6       Skipped 
231  TIM3+R7       Skipped 
232  TIM3+R8       Skipped 
233  TIM3+R9       Skipped 
234  TIM3+R10      Skipped 
235  TVMe          7570.075     21  15182.150    15183.095    15285.213
236  TVMe+I        7322.019     22  14688.037    14689.073    14796.008
237  TVMe+G4       7228.501     22  14501.001    14502.037    14608.972
238  TVMe+I+G4     7228.477     23  14502.953    14504.084    14615.831
239  TVMe+R2       7237.982     23  14521.963    14523.094    14634.842
240  TVMe+R3       7225.683     25  14501.365    14502.700    14624.059
241  TVMe+R4       7225.720     27  14505.440    14506.995    14637.949
242  TVMe+R5       Skipped 
243  TVMe+R6       Skipped 
244  TVMe+R7       Skipped 
245  TVMe+R8       Skipped 
246  TVMe+R9       Skipped 
247  TVMe+R10      Skipped 
248  TVM           7439.669     24  14927.338    14928.568    15045.124
249  TVM+I         7199.126     25  14448.253    14449.588    14570.947
250  TVM+G4        7088.865     25  14227.731    14229.065    14350.425
251  TVM+I+G4      7089.279     26  14230.557    14232.000    14358.159
252  TVM+R2        7097.103     26  14246.205    14247.648    14373.807
253  TVM+R3        7087.823     28  14231.646    14233.318    14369.063
254  TVM+R4        7087.755     30  14235.509    14237.429    14382.742
255  TVM+R5        Skipped 
256  TVM+R6        Skipped 
257  TVM+R7        Skipped 
258  TVM+R8        Skipped 
259  TVM+R9        Skipped 
260  TVM+R10       Skipped 
261  SYM           7567.109     22  15178.219    15179.255    15286.189
262  SYM+I         7320.102     23  14686.205    14687.336    14799.083
263  SYM+G4        7220.536     23  14487.071    14488.203    14599.950
264  SYM+I+G4      7220.596     24  14489.192    14490.423    14606.979
265  SYM+R2        7230.376     24  14508.752    14509.982    14626.538
266  SYM+R3        7217.756     26  14487.512    14488.955    14615.114
267  SYM+R4        7217.755     28  14491.510    14493.183    14628.928
268  SYM+R5        Skipped 
269  SYM+R6        Skipped 
270  SYM+R7        Skipped 
271  SYM+R8        Skipped 
272  SYM+R9        Skipped 
273  SYM+R10       Skipped 
274  GTR           7437.240     25  14924.480    14925.814    15047.174
275  GTR+I         7195.493     26  14442.987    14444.429    14570.588
276  GTR+G4        7086.205     26  14224.410    14225.853    14352.011
277  GTR+I+G4      7086.335     27  14226.670    14228.225    14359.179
278  GTR+R2        7095.209     27  14244.418    14245.973    14376.927
279  GTR+R3        7085.062     29  14228.123    14229.917    14370.448
280  GTR+R4        7084.987     31  14231.974    14234.024    14384.115
281  GTR+R5        Skipped 
282  GTR+R6        Skipped 
283  GTR+R7        Skipped 
284  GTR+R8        Skipped 
285  GTR+R9        Skipped 
286  GTR+R10       Skipped 
Akaike Information Criterion:           GTR+G4
Corrected Akaike Information Criterion: GTR+G4
Bayesian Information Criterion:         TPM3+G4
Best-fit model: TPM3+G4 chosen according to BIC

All model information printed to ./results/gene16.phy.model
CPU time for ModelFinder: 21.081 seconds (0h:0m:21s)
Wall-clock time for ModelFinder: 30.975 seconds (0h:0m:30s)
Generating 1000 samples for ultrafast bootstrap (seed: 403370)...

NOTE: 2 MB RAM (0 GB) is required!
Estimate model parameters (epsilon = 0.100)
1. Initial log-likelihood: -7344.410
2. Current log-likelihood: -7107.403
3. Current log-likelihood: -7097.667
4. Current log-likelihood: -7096.757
5. Current log-likelihood: -7096.652
Optimal log-likelihood: -7096.610
Rate parameters:  A-C: 2.351  A-G: 5.695  A-T: 1.000  C-G: 2.351  C-T: 5.695  G-T: 1.000
Base frequencies:   A: 0.410  C: 0.150  G: 0.201  T: 0.238
Gamma shape alpha: 0.527
Parameters optimization took 5 rounds (0.088 sec)
Computing ML distances based on estimated model parameters... 0.002 sec
Computing BIONJ tree...
0.000 seconds
Log-likelihood of BIONJ tree: -7096.118
--------------------------------------------------------------------
|             INITIALIZING CANDIDATE TREE SET                      |
--------------------------------------------------------------------
Generating 98 parsimony trees... 0.114 second
Computing log-likelihood of 97 initial trees ... 0.714 seconds
Current best score: -7096.118

Do NNI search on 20 best initial trees
Estimate model parameters (epsilon = 0.100)
BETTER TREE FOUND at iteration 1: -7095.025
Estimate model parameters (epsilon = 0.100)
BETTER TREE FOUND at iteration 6: -7094.755
Iteration 10 / LogL: -7095.859 / Time: 0h:0m:32s
BETTER TREE FOUND at iteration 11: -7094.755
Iteration 20 / LogL: -7095.881 / Time: 0h:0m:33s
Finish initializing candidate tree set (5)
Current best tree score: -7094.755 / CPU time: 1.929
Number of iterations: 20
--------------------------------------------------------------------
|               OPTIMIZING CANDIDATE TREE SET                      |
--------------------------------------------------------------------
WARNING: NNI search needs unusual large number of steps (7) to converge!
UPDATE BEST LOG-LIKELIHOOD: -7094.755
Iteration 30 / LogL: -7095.898 / Time: 0h:0m:33s (0h:0m:7s left)
Iteration 40 / LogL: -7094.755 / Time: 0h:0m:34s (0h:0m:5s left)
Iteration 50 / LogL: -7098.028 / Time: 0h:0m:34s (0h:0m:4s left)
Log-likelihood cutoff on original alignment: -7104.485
Iteration 60 / LogL: -7095.041 / Time: 0h:0m:35s (0h:0m:3s left)
UPDATE BEST LOG-LIKELIHOOD: -7094.755
Iteration 70 / LogL: -7095.214 / Time: 0h:0m:36s (0h:0m:3s left)
UPDATE BEST LOG-LIKELIHOOD: -7094.755
Iteration 80 / LogL: -7094.755 / Time: 0h:0m:37s (0h:0m:2s left)
Iteration 90 / LogL: -7094.755 / Time: 0h:0m:38s (0h:0m:1s left)
Iteration 100 / LogL: -7094.755 / Time: 0h:0m:38s (0h:0m:0s left)
Log-likelihood cutoff on original alignment: -7104.485
NOTE: Bootstrap correlation coefficient of split occurrence frequencies: 0.995
UPDATE BEST LOG-LIKELIHOOD: -7094.755
Iteration 110 / LogL: -7094.755 / Time: 0h:0m:39s (0h:0m:6s left)
TREE SEARCH COMPLETED AFTER 112 ITERATIONS / Time: 0h:0m:39s

--------------------------------------------------------------------
|                    FINALIZING TREE SEARCH                        |
--------------------------------------------------------------------
Performs final model parameters optimization
Estimate model parameters (epsilon = 0.010)
1. Initial log-likelihood: -7094.755
2. Current log-likelihood: -7094.744
Optimal log-likelihood: -7094.741
Rate parameters:  A-C: 2.402  A-G: 5.791  A-T: 1.000  C-G: 2.402  C-T: 5.791  G-T: 1.000
Base frequencies:   A: 0.410  C: 0.150  G: 0.201  T: 0.238
Gamma shape alpha: 0.529
Parameters optimization took 2 rounds (0.012 sec)
BEST SCORE FOUND : -7094.741
Creating bootstrap support values...
Split supports printed to NEXUS file ./results/gene16.phy.splits.nex
Total tree length: 2.981

Total number of iterations: 112
CPU time used for tree search: 5.147 sec (0h:0m:5s)
Wall-clock time used for tree search: 8.421 sec (0h:0m:8s)
Total CPU time used: 26.356 sec (0h:0m:26s)
Total wall-clock time used: 39.566 sec (0h:0m:39s)

Computing bootstrap consensus tree...
Reading input file ./results/gene16.phy.splits.nex...
10 taxa and 122 splits.
Consensus tree written to ./results/gene16.phy.contree
Reading input trees file ./results/gene16.phy.contree
Log-likelihood of consensus tree: -7094.741

Analysis results written to: 
  IQ-TREE report:                ./results/gene16.phy.iqtree
  Maximum-likelihood tree:       ./results/gene16.phy.treefile
  Likelihood distances:          ./results/gene16.phy.mldist

Ultrafast bootstrap approximation results written to:
  Split support values:          ./results/gene16.phy.splits.nex
  Consensus tree:                ./results/gene16.phy.contree
  Screen log file:               ./results/gene16.phy.log

Date and Time: Tue Aug 22 18:09:56 2017
