IQ-TREE multicore version 1.5.4 for Linux 64-bit built Apr  2 2017
Copyright (c) 2011-2017 by Bui Quang Minh, Nguyen Lam Tung,
Olga Chernomor, Heiko Schmidt, and Arndt von Haeseler.

Host:    hpc-crick (AVX, 251 GB RAM)
Command: iqtree -s ./results/gene2.phy -nt 1 -bb 1000
Seed:    735359 (Using SPRNG - Scalable Parallel Random Number Generator)
Time:    Tue Aug 22 17:42:40 2017
Kernel:  AVX - 1 threads (40 CPU cores detected)

Reading alignment file ./results/gene2.phy ... Phylip format detected
Alignment most likely contains DNA/RNA sequences
Alignment has 10 sequences with 1000 columns and 434 patterns (302 informative sites, 436 constant sites)
   Gap/Ambiguity  Composition  p-value
   1  A    0.00%    passed     92.54%
   2  B    0.00%    passed     91.49%
   3  C    0.00%    passed     98.54%
   4  D    0.00%    passed     73.46%
   5  E    0.00%    passed     73.12%
   6  F    0.00%    passed     91.56%
   7  G    0.00%    passed     86.29%
   8  H    0.00%    passed     71.58%
   9  I    0.00%    passed     96.25%
  10  J    0.00%    passed     99.20%
****  TOTAL    0.00%  0 sequences failed composition chi2 test (p-value<5%; df=3)

Create initial parsimony tree by phylogenetic likelihood library (PLL)... 0.001 seconds

NOTE: ModelFinder requires 3 MB RAM!
ModelFinder will test 286 DNA models (sample size: 1000) ...
 No. Model         -LnL         df  AIC          AICc         BIC
  1  JC            6909.029     17  13852.058    13852.681    13935.490
  2  JC+I          6689.340     18  13414.680    13415.377    13503.019
  3  JC+G4         6643.440     18  13322.879    13323.577    13411.219
  4  JC+I+G4       6644.151     19  13326.303    13327.078    13419.550
  5  JC+R2         6644.286     19  13326.572    13327.348    13419.820
  6  JC+R3         6643.197     21  13328.393    13329.338    13431.456
  7  JC+R4         Skipped 
  8  JC+R5         Skipped 
  9  JC+R6         Skipped 
 10  JC+R7         Skipped 
 11  JC+R8         Skipped 
 12  JC+R9         Skipped 
 13  JC+R10        Skipped 
 14  F81           6835.618     20  13711.235    13712.093    13809.391
 15  F81+I         6611.779     21  13265.558    13266.503    13368.621
 16  F81+G4        6562.548     21  13167.097    13168.042    13270.160
 17  F81+I+G4      6563.288     22  13170.576    13171.612    13278.547
 18  F81+R2        6563.464     22  13170.929    13171.964    13278.899
 19  F81+R3        6562.214     24  13172.427    13173.658    13290.213
 20  F81+R4        Skipped 
 21  F81+R5        Skipped 
 22  F81+R6        Skipped 
 23  F81+R7        Skipped 
 24  F81+R8        Skipped 
 25  F81+R9        Skipped 
 26  F81+R10       Skipped 
 27  K2P           6778.131     18  13592.261    13592.958    13680.601
 28  K2P+I         6550.093     19  13138.186    13138.961    13231.433
 29  K2P+G4        6496.487     19  13030.975    13031.750    13124.222
 30  K2P+I+G4      6497.101     20  13034.202    13035.060    13132.357
 31  K2P+R2        6499.158     20  13038.317    13039.175    13136.472
 32  K2P+R3        6496.461     22  13036.922    13037.958    13144.892
 33  K2P+R4        Skipped 
 34  K2P+R5        Skipped 
 35  K2P+R6        Skipped 
 36  K2P+R7        Skipped 
 37  K2P+R8        Skipped 
 38  K2P+R9        Skipped 
 39  K2P+R10       Skipped 
 40  HKY           6690.627     21  13423.255    13424.200    13526.318
 41  HKY+I         6450.538     22  12945.077    12946.113    13053.047
 42  HKY+G4        6385.795     22  12815.589    12816.625    12923.560
 43  HKY+I+G4      6386.371     23  12818.743    12819.874    12931.621
 44  HKY+R2        6390.115     23  12826.230    12827.361    12939.109
 45  HKY+R3        6385.694     25  12821.388    12822.723    12944.082
 46  HKY+R4        Skipped 
 47  HKY+R5        Skipped 
 48  HKY+R6        Skipped 
 49  HKY+R7        Skipped 
 50  HKY+R8        Skipped 
 51  HKY+R9        Skipped 
 52  HKY+R10       Skipped 
 53  TNe           6777.653     19  13593.307    13594.082    13686.554
 54  TNe+I         6550.046     20  13140.091    13140.949    13238.247
 55  TNe+G4        6496.367     20  13032.735    13033.593    13130.890
 56  TNe+I+G4      6496.815     21  13035.629    13036.574    13138.692
 57  TNe+R2        6499.153     21  13040.306    13041.250    13143.369
 58  TNe+R3        6496.316     23  13038.633    13039.764    13151.511
 59  TNe+R4        Skipped 
 60  TNe+R5        Skipped 
 61  TNe+R6        Skipped 
 62  TNe+R7        Skipped 
 63  TNe+R8        Skipped 
 64  TNe+R9        Skipped 
 65  TNe+R10       Skipped 
 66  TN            6684.986     22  13413.972    13415.008    13521.943
 67  TN+I          6448.051     23  12942.101    12943.232    13054.980
 68  TN+G4         6385.280     23  12816.561    12817.692    12929.439
 69  TN+I+G4       6385.806     24  12819.611    12820.842    12937.397
 70  TN+R2         6388.907     24  12825.813    12827.044    12943.599
 71  TN+R3         6385.112     26  12822.224    12823.667    12949.826
 72  TN+R4         Skipped 
 73  TN+R5         Skipped 
 74  TN+R6         Skipped 
 75  TN+R7         Skipped 
 76  TN+R8         Skipped 
 77  TN+R9         Skipped 
 78  TN+R10        Skipped 
 79  K3P           6773.611     19  13585.222    13585.998    13678.470
 80  K3P+I         6544.685     20  13129.370    13130.228    13227.525
 81  K3P+G4        6490.264     20  13020.528    13021.386    13118.683
 82  K3P+I+G4      6490.696     21  13023.393    13024.338    13126.456
 83  K3P+R2        6493.041     21  13028.082    13029.027    13131.145
 84  K3P+R3        6490.205     23  13026.410    13027.541    13139.288
 85  K3P+R4        Skipped 
 86  K3P+R5        Skipped 
 87  K3P+R6        Skipped 
 88  K3P+R7        Skipped 
 89  K3P+R8        Skipped 
 90  K3P+R9        Skipped 
 91  K3P+R10       Skipped 
 92  K3Pu          6677.562     22  13399.123    13400.159    13507.094
 93  K3Pu+I        6434.705     23  12915.409    12916.541    13028.288
 94  K3Pu+G4       6365.858     23  12777.715    12778.847    12890.594
 95  K3Pu+I+G4     6366.385     24  12780.770    12782.001    12898.556
 96  K3Pu+R2       6370.789     24  12789.578    12790.809    12907.364
 97  K3Pu+R3       6365.741     26  12783.481    12784.924    12911.083
 98  K3Pu+R4       Skipped 
 99  K3Pu+R5       Skipped 
100  K3Pu+R6       Skipped 
101  K3Pu+R7       Skipped 
102  K3Pu+R8       Skipped 
103  K3Pu+R9       Skipped 
104  K3Pu+R10      Skipped 
105  TPM2          6683.882     22  13411.764    13412.800    13519.734
106  TPM2+I        6446.656     23  12939.313    12940.444    13052.191
107  TPM2+G4       6384.597     23  12815.194    12816.325    12928.072
108  TPM2+I+G4     6385.070     24  12818.140    12819.371    12935.927
109  TPM2+R2       6388.622     24  12825.244    12826.475    12943.030
110  TPM2+R3       6384.479     26  12820.957    12822.400    12948.559
111  TPM2+R4       Skipped 
112  TPM2+R5       Skipped 
113  TPM2+R6       Skipped 
114  TPM2+R7       Skipped 
115  TPM2+R8       Skipped 
116  TPM2+R9       Skipped 
117  TPM2+R10      Skipped 
118  TPM2u         6683.887     22  13411.774    13412.810    13519.745
119  TPM2u+I       6446.657     23  12939.313    12940.445    13052.192
120  TPM2u+G4      6384.608     23  12815.215    12816.347    12928.094
121  TPM2u+I+G4    6385.056     24  12818.111    12819.342    12935.898
122  TPM2u+R2      6388.609     24  12825.218    12826.448    12943.004
123  TPM2u+R3      6384.488     26  12820.977    12822.420    12948.578
124  TPM2u+R4      Skipped 
125  TPM2u+R5      Skipped 
126  TPM2u+R6      Skipped 
127  TPM2u+R7      Skipped 
128  TPM2u+R8      Skipped 
129  TPM2u+R9      Skipped 
130  TPM2u+R10     Skipped 
131  TPM3          6669.012     22  13382.025    13383.060    13489.995
132  TPM3+I        6429.390     23  12904.781    12905.912    13017.659
133  TPM3+G4       6361.287     23  12768.574    12769.705    12881.452
134  TPM3+I+G4     6361.626     24  12771.251    12772.482    12889.037
135  TPM3+R2       6365.948     24  12779.896    12781.127    12897.682
136  TPM3+R3       6361.012     26  12774.025    12775.468    12901.627
137  TPM3+R4       Skipped 
138  TPM3+R5       Skipped 
139  TPM3+R6       Skipped 
140  TPM3+R7       Skipped 
141  TPM3+R8       Skipped 
142  TPM3+R9       Skipped 
143  TPM3+R10      Skipped 
144  TPM3u         6669.041     22  13382.082    13383.118    13490.053
145  TPM3u+I       6429.385     23  12904.771    12905.902    13017.649
146  TPM3u+G4      6361.284     23  12768.569    12769.700    12881.447
147  TPM3u+I+G4    6361.609     24  12771.218    12772.449    12889.004
148  TPM3u+R2      6365.953     24  12779.906    12781.137    12897.692
149  TPM3u+R3      6361.007     26  12774.014    12775.457    12901.616
150  TPM3u+R4      Skipped 
151  TPM3u+R5      Skipped 
152  TPM3u+R6      Skipped 
153  TPM3u+R7      Skipped 
154  TPM3u+R8      Skipped 
155  TPM3u+R9      Skipped 
156  TPM3u+R10     Skipped 
157  TIMe          6773.129     20  13586.257    13587.115    13684.413
158  TIMe+I        6544.631     21  13131.263    13132.207    13234.325
159  TIMe+G4       6490.175     21  13022.351    13023.296    13125.414
160  TIMe+I+G4     6490.467     22  13024.933    13025.969    13132.904
161  TIMe+R2       6493.037     22  13030.073    13031.109    13138.044
162  TIMe+R3       6490.093     24  13028.186    13029.417    13145.972
163  TIMe+R4       Skipped 
164  TIMe+R5       Skipped 
165  TIMe+R6       Skipped 
166  TIMe+R7       Skipped 
167  TIMe+R8       Skipped 
168  TIMe+R9       Skipped 
169  TIMe+R10      Skipped 
170  TIM           6671.548     23  13389.096    13390.227    13501.975
171  TIM+I         6432.139     24  12912.278    12913.509    13030.065
172  TIM+G4        6365.655     24  12779.310    12780.541    12897.097
173  TIM+I+G4      6366.067     25  12782.133    12783.468    12904.827
174  TIM+R2        6369.887     25  12789.774    12791.109    12912.468
175  TIM+R3        6365.572     27  12785.145    12786.700    12917.654
176  TIM+R4        Skipped 
177  TIM+R5        Skipped 
178  TIM+R6        Skipped 
179  TIM+R7        Skipped 
180  TIM+R8        Skipped 
181  TIM+R9        Skipped 
182  TIM+R10       Skipped 
183  TIM2e         6753.931     20  13547.862    13548.720    13646.017
184  TIM2e+I       6526.709     21  13095.418    13096.363    13198.481
185  TIM2e+G4      6468.926     21  12979.852    12980.796    13082.915
186  TIM2e+I+G4    6468.997     22  12981.994    12983.030    13089.965
187  TIM2e+R2      6473.680     22  12991.359    12992.395    13099.330
188  TIM2e+R3      6468.641     24  12985.282    12986.512    13103.068
189  TIM2e+R4      Skipped 
190  TIM2e+R5      Skipped 
191  TIM2e+R6      Skipped 
192  TIM2e+R7      Skipped 
193  TIM2e+R8      Skipped 
194  TIM2e+R9      Skipped 
195  TIM2e+R10     Skipped 
196  TIM2          6677.593     23  13401.186    13402.317    13514.064
197  TIM2+I        6443.846     24  12935.692    12936.923    13053.479
198  TIM2+G4       6383.777     24  12815.554    12816.785    12933.340
199  TIM2+I+G4     6384.124     25  12818.249    12819.583    12940.942
200  TIM2+R2       6387.019     25  12824.038    12825.373    12946.732
201  TIM2+R3       6383.624     27  12821.248    12822.804    12953.758
202  TIM2+R4       Skipped 
203  TIM2+R5       Skipped 
204  TIM2+R6       Skipped 
205  TIM2+R7       Skipped 
206  TIM2+R8       Skipped 
207  TIM2+R9       Skipped 
208  TIM2+R10      Skipped 
209  TIM3e         6770.695     20  13581.389    13582.247    13679.544
210  TIM3e+I       6543.189     21  13128.377    13129.322    13231.440
211  TIM3e+G4      6489.542     21  13021.084    13022.029    13124.147
212  TIM3e+I+G4    6489.842     22  13023.684    13024.719    13131.654
213  TIM3e+R2      6492.346     22  13028.692    13029.728    13136.663
214  TIM3e+R3      6489.457     24  13026.913    13028.144    13144.699
215  TIM3e+R4      Skipped 
216  TIM3e+R5      Skipped 
217  TIM3e+R6      Skipped 
218  TIM3e+R7      Skipped 
219  TIM3e+R8      Skipped 
220  TIM3e+R9      Skipped 
221  TIM3e+R10     Skipped 
222  TIM3          6660.621     23  13367.241    13368.372    13480.120
223  TIM3+I        6425.935     24  12899.871    12901.101    13017.657
224  TIM3+G4       6359.998     24  12767.996    12769.227    12885.782
225  TIM3+I+G4     6360.328     25  12770.656    12771.991    12893.350
226  TIM3+R2       6363.847     25  12777.693    12779.028    12900.387
227  TIM3+R3       6359.731     27  12773.463    12775.018    12905.972
228  TIM3+R4       Skipped 
229  TIM3+R5       Skipped 
230  TIM3+R6       Skipped 
231  TIM3+R7       Skipped 
232  TIM3+R8       Skipped 
233  TIM3+R9       Skipped 
234  TIM3+R10      Skipped 
235  TVMe          6744.579     21  13531.159    13532.104    13634.222
236  TVMe+I        6516.140     22  13076.280    13077.316    13184.250
237  TVMe+G4       6457.124     22  12958.248    12959.284    13066.219
238  TVMe+I+G4     6457.201     23  12960.401    12961.532    13073.280
239  TVMe+R2       6461.891     23  12969.782    12970.913    13082.660
240  TVMe+R3       6456.950     25  12963.900    12965.235    13086.594
241  TVMe+R4       Skipped 
242  TVMe+R5       Skipped 
243  TVMe+R6       Skipped 
244  TVMe+R7       Skipped 
245  TVMe+R8       Skipped 
246  TVMe+R9       Skipped 
247  TVMe+R10      Skipped 
248  TVM           6657.211     24  13362.422    13363.653    13480.208
249  TVM+I         6419.063     25  12888.126    12889.460    13010.819
250  TVM+G4        6351.719     25  12753.437    12754.772    12876.131
251  TVM+I+G4      6351.994     26  12755.988    12757.431    12883.590
252  TVM+R2        6356.497     26  12764.995    12766.438    12892.596
253  TVM+R3        6351.560     28  12759.120    12760.792    12896.537
254  TVM+R4        Skipped 
255  TVM+R5        Skipped 
256  TVM+R6        Skipped 
257  TVM+R7        Skipped 
258  TVM+R8        Skipped 
259  TVM+R9        Skipped 
260  TVM+R10       Skipped 
261  SYM           6744.051     22  13532.102    13533.138    13640.073
262  SYM+I         6516.022     23  13078.045    13079.176    13190.923
263  SYM+G4        6456.813     23  12959.626    12960.757    13072.504
264  SYM+I+G4      6456.610     24  12961.220    12962.451    13079.007
265  SYM+R2        6461.705     24  12971.410    12972.641    13089.196
266  SYM+R3        6456.183     26  12964.365    12965.808    13091.967
267  SYM+R4        Skipped 
268  SYM+R5        Skipped 
269  SYM+R6        Skipped 
270  SYM+R7        Skipped 
271  SYM+R8        Skipped 
272  SYM+R9        Skipped 
273  SYM+R10       Skipped 
274  GTR           6648.103     25  13346.207    13347.541    13468.900
275  GTR+I         6415.184     26  12882.369    12883.812    13009.970
276  GTR+G4        6349.974     26  12751.948    12753.391    12879.550
277  GTR+I+G4      6350.252     27  12754.504    12756.059    12887.013
278  GTR+R2        6354.040     27  12762.079    12763.635    12894.589
279  GTR+R3        6349.745     29  12757.491    12759.285    12899.816
280  GTR+R4        Skipped 
281  GTR+R5        Skipped 
282  GTR+R6        Skipped 
283  GTR+R7        Skipped 
284  GTR+R8        Skipped 
285  GTR+R9        Skipped 
286  GTR+R10       Skipped 
Akaike Information Criterion:           GTR+G4
Corrected Akaike Information Criterion: GTR+G4
Bayesian Information Criterion:         TVM+G4
Best-fit model: TVM+G4 chosen according to BIC

All model information printed to ./results/gene2.phy.model
CPU time for ModelFinder: 5.245 seconds (0h:0m:5s)
Wall-clock time for ModelFinder: 6.685 seconds (0h:0m:6s)
Generating 1000 samples for ultrafast bootstrap (seed: 735359)...

NOTE: 2 MB RAM (0 GB) is required!
Estimate model parameters (epsilon = 0.100)
1. Initial log-likelihood: -6627.763
2. Current log-likelihood: -6361.692
3. Current log-likelihood: -6354.014
4. Current log-likelihood: -6353.004
Optimal log-likelihood: -6352.927
Rate parameters:  A-C: 2.924  A-G: 5.030  A-T: 0.645  C-G: 0.986  C-T: 5.030  G-T: 1.000
Base frequencies:   A: 0.388  C: 0.154  G: 0.190  T: 0.268
Gamma shape alpha: 0.480
Parameters optimization took 4 rounds (0.086 sec)
Computing ML distances based on estimated model parameters... 0.001 sec
Computing BIONJ tree...
0.003 seconds
Log-likelihood of BIONJ tree: -6352.406
--------------------------------------------------------------------
|             INITIALIZING CANDIDATE TREE SET                      |
--------------------------------------------------------------------
Generating 98 parsimony trees... 0.094 second
Computing log-likelihood of 90 initial trees ... 0.314 seconds
Current best score: -6351.835

Do NNI search on 20 best initial trees
Estimate model parameters (epsilon = 0.100)
BETTER TREE FOUND at iteration 1: -6348.207
Iteration 10 / LogL: -6348.230 / Time: 0h:0m:7s
Iteration 20 / LogL: -6348.228 / Time: 0h:0m:7s
Finish initializing candidate tree set (1)
Current best tree score: -6348.207 / CPU time: 0.938
Number of iterations: 20
--------------------------------------------------------------------
|               OPTIMIZING CANDIDATE TREE SET                      |
--------------------------------------------------------------------
UPDATE BEST LOG-LIKELIHOOD: -6348.207
UPDATE BEST LOG-LIKELIHOOD: -6348.207
UPDATE BEST LOG-LIKELIHOOD: -6348.207
Iteration 30 / LogL: -6348.224 / Time: 0h:0m:7s (0h:0m:3s left)
Iteration 40 / LogL: -6348.213 / Time: 0h:0m:8s (0h:0m:2s left)
Iteration 50 / LogL: -6348.211 / Time: 0h:0m:8s (0h:0m:2s left)
Log-likelihood cutoff on original alignment: -6364.431
Iteration 60 / LogL: -6348.212 / Time: 0h:0m:9s (0h:0m:1s left)
Iteration 70 / LogL: -6348.244 / Time: 0h:0m:9s (0h:0m:1s left)
Iteration 80 / LogL: -6348.240 / Time: 0h:0m:9s (0h:0m:0s left)
Iteration 90 / LogL: -6348.233 / Time: 0h:0m:10s (0h:0m:0s left)
Iteration 100 / LogL: -6348.215 / Time: 0h:0m:10s (0h:0m:0s left)
Log-likelihood cutoff on original alignment: -6364.431
NOTE: Bootstrap correlation coefficient of split occurrence frequencies: 0.999
TREE SEARCH COMPLETED AFTER 102 ITERATIONS / Time: 0h:0m:10s

--------------------------------------------------------------------
|                    FINALIZING TREE SEARCH                        |
--------------------------------------------------------------------
Performs final model parameters optimization
Estimate model parameters (epsilon = 0.010)
1. Initial log-likelihood: -6348.207
Optimal log-likelihood: -6348.201
Rate parameters:  A-C: 2.905  A-G: 5.080  A-T: 0.588  C-G: 0.956  C-T: 5.080  G-T: 1.000
Base frequencies:   A: 0.388  C: 0.154  G: 0.190  T: 0.268
Gamma shape alpha: 0.477
Parameters optimization took 1 rounds (0.007 sec)
BEST SCORE FOUND : -6348.201
Creating bootstrap support values...
Split supports printed to NEXUS file ./results/gene2.phy.splits.nex
Total tree length: 2.256

Total number of iterations: 102
CPU time used for tree search: 3.180 sec (0h:0m:3s)
Wall-clock time used for tree search: 3.868 sec (0h:0m:3s)
Total CPU time used: 8.571 sec (0h:0m:8s)
Total wall-clock time used: 10.711 sec (0h:0m:10s)

Computing bootstrap consensus tree...
Reading input file ./results/gene2.phy.splits.nex...
10 taxa and 70 splits.
Consensus tree written to ./results/gene2.phy.contree
Reading input trees file ./results/gene2.phy.contree
Log-likelihood of consensus tree: -6348.201

Analysis results written to: 
  IQ-TREE report:                ./results/gene2.phy.iqtree
  Maximum-likelihood tree:       ./results/gene2.phy.treefile
  Likelihood distances:          ./results/gene2.phy.mldist

Ultrafast bootstrap approximation results written to:
  Split support values:          ./results/gene2.phy.splits.nex
  Consensus tree:                ./results/gene2.phy.contree
  Screen log file:               ./results/gene2.phy.log

Date and Time: Tue Aug 22 17:42:51 2017
