IQ-TREE multicore version 1.5.4 for Linux 64-bit built Apr  2 2017
Copyright (c) 2011-2017 by Bui Quang Minh, Nguyen Lam Tung,
Olga Chernomor, Heiko Schmidt, and Arndt von Haeseler.

Host:    hpc-crick (AVX, 251 GB RAM)
Command: iqtree -s ./results/gene5.phy -nt 1 -bb 1000
Seed:    691366 (Using SPRNG - Scalable Parallel Random Number Generator)
Time:    Tue Aug 22 17:37:41 2017
Kernel:  AVX - 1 threads (40 CPU cores detected)

Reading alignment file ./results/gene5.phy ... Phylip format detected
Alignment most likely contains DNA/RNA sequences
Alignment has 10 sequences with 1000 columns and 503 patterns (361 informative sites, 378 constant sites)
   Gap/Ambiguity  Composition  p-value
   1  A    0.00%    passed     85.03%
   2  B    0.00%    passed     89.22%
   3  C    0.00%    passed     97.02%
   4  D    0.00%    passed     87.56%
   5  E    0.00%    passed     95.05%
   6  F    0.00%    passed     90.98%
   7  G    0.00%    passed     76.47%
   8  H    0.00%    passed     94.99%
   9  I    0.00%    passed     47.41%
  10  J    0.00%    passed     61.77%
****  TOTAL    0.00%  0 sequences failed composition chi2 test (p-value<5%; df=3)

Create initial parsimony tree by phylogenetic likelihood library (PLL)... 0.001 seconds

NOTE: ModelFinder requires 3 MB RAM!
ModelFinder will test 286 DNA models (sample size: 1000) ...
 No. Model         -LnL         df  AIC          AICc         BIC
  1  JC            7754.445     17  15542.890    15543.513    15626.322
  2  JC+I          7504.670     18  15045.341    15046.038    15133.680
  3  JC+G4         7458.139     18  14952.278    14952.975    15040.618
  4  JC+I+G4       7456.461     19  14950.922    14951.698    15044.169
  5  JC+R2         7461.227     19  14960.455    14961.230    15053.702
  6  JC+R3         7456.284     21  14954.568    14955.513    15057.631
  7  JC+R4         Skipped 
  8  JC+R5         Skipped 
  9  JC+R6         Skipped 
 10  JC+R7         Skipped 
 11  JC+R8         Skipped 
 12  JC+R9         Skipped 
 13  JC+R10        Skipped 
 14  F81           7640.369     20  15320.738    15321.596    15418.893
 15  F81+I         7383.585     21  14809.170    14810.115    14912.233
 16  F81+G4        7324.178     21  14690.356    14691.301    14793.419
 17  F81+I+G4      7323.336     22  14690.672    14691.708    14798.643
 18  F81+R2        7330.331     22  14704.661    14705.697    14812.632
 19  F81+R3        7322.962     24  14693.923    14695.154    14811.709
 20  F81+R4        7322.877     26  14697.755    14699.198    14825.357
 21  F81+R5        Skipped 
 22  F81+R6        Skipped 
 23  F81+R7        Skipped 
 24  F81+R8        Skipped 
 25  F81+R9        Skipped 
 26  F81+R10       Skipped 
 27  K2P           7631.662     18  15299.324    15300.021    15387.664
 28  K2P+I         7373.329     19  14784.658    14785.433    14877.905
 29  K2P+G4        7314.680     19  14667.359    14668.135    14760.606
 30  K2P+I+G4      7313.516     20  14667.031    14667.889    14765.187
 31  K2P+R2        7321.446     20  14682.892    14683.750    14781.047
 32  K2P+R3        7313.682     22  14671.363    14672.399    14779.334
 33  K2P+R4        7313.629     24  14675.259    14676.489    14793.045
 34  K2P+R5        Skipped 
 35  K2P+R6        Skipped 
 36  K2P+R7        Skipped 
 37  K2P+R8        Skipped 
 38  K2P+R9        Skipped 
 39  K2P+R10       Skipped 
 40  HKY           7507.030     21  15056.059    15057.004    15159.122
 41  HKY+I         7237.470     22  14518.941    14519.977    14626.911
 42  HKY+G4        7157.504     22  14359.008    14360.043    14466.978
 43  HKY+I+G4      7157.133     23  14360.266    14361.397    14473.144
 44  HKY+R2        7168.493     23  14382.985    14384.116    14495.863
 45  HKY+R3        7157.087     25  14364.173    14365.508    14486.867
 46  HKY+R4        7156.903     27  14367.806    14369.361    14500.315
 47  HKY+R5        Skipped 
 48  HKY+R6        Skipped 
 49  HKY+R7        Skipped 
 50  HKY+R8        Skipped 
 51  HKY+R9        Skipped 
 52  HKY+R10       Skipped 
 53  TNe           7630.064     19  15298.128    15298.904    15391.376
 54  TNe+I         7370.710     20  14781.420    14782.278    14879.575
 55  TNe+G4        7309.458     20  14658.917    14659.775    14757.072
 56  TNe+I+G4      7308.162     21  14658.324    14659.269    14761.387
 57  TNe+R2        7317.883     21  14677.766    14678.711    14780.829
 58  TNe+R3        7308.211     23  14662.422    14663.553    14775.300
 59  TNe+R4        7306.619     25  14663.237    14664.572    14785.931
 60  TNe+R5        Skipped 
 61  TNe+R6        Skipped 
 62  TNe+R7        Skipped 
 63  TNe+R8        Skipped 
 64  TNe+R9        Skipped 
 65  TNe+R10       Skipped 
 66  TN            7506.086     22  15056.172    15057.208    15164.142
 67  TN+I          7237.124     23  14520.249    14521.380    14633.127
 68  TN+G4         7157.718     23  14361.436    14362.567    14474.314
 69  TN+I+G4       7157.046     24  14362.091    14363.322    14479.877
 70  TN+R2         7168.685     24  14385.371    14386.601    14503.157
 71  TN+R3         7157.037     26  14366.074    14367.517    14493.676
 72  TN+R4         7154.166     28  14364.331    14366.004    14501.749
 73  TN+R5         Skipped 
 74  TN+R6         Skipped 
 75  TN+R7         Skipped 
 76  TN+R8         Skipped 
 77  TN+R9         Skipped 
 78  TN+R10        Skipped 
 79  K3P           7623.366     19  15284.731    15285.507    15377.979
 80  K3P+I         7364.631     20  14769.262    14770.120    14867.417
 81  K3P+G4        7302.414     20  14644.828    14645.686    14742.983
 82  K3P+I+G4      7301.420     21  14644.839    14645.784    14747.902
 83  K3P+R2        7310.010     21  14662.020    14662.965    14765.083
 84  K3P+R3        7301.654     23  14649.308    14650.439    14762.186
 85  K3P+R4        7298.175     25  14646.351    14647.686    14769.045
 86  K3P+R5        Skipped 
 87  K3P+R6        Skipped 
 88  K3P+R7        Skipped 
 89  K3P+R8        Skipped 
 90  K3P+R9        Skipped 
 91  K3P+R10       Skipped 
 92  K3Pu          7488.204     22  15020.409    15021.445    15128.380
 93  K3Pu+I        7219.583     23  14485.167    14486.298    14598.045
 94  K3Pu+G4       7133.275     23  14312.549    14313.680    14425.427
 95  K3Pu+I+G4     7132.968     24  14313.936    14315.167    14431.722
 96  K3Pu+R2       7145.370     24  14338.740    14339.970    14456.526
 97  K3Pu+R3       7132.925     26  14317.849    14319.292    14445.451
 98  K3Pu+R4       7130.234     28  14316.468    14318.140    14453.885
 99  K3Pu+R5       Skipped 
100  K3Pu+R6       Skipped 
101  K3Pu+R7       Skipped 
102  K3Pu+R8       Skipped 
103  K3Pu+R9       Skipped 
104  K3Pu+R10      Skipped 
105  TPM2          7491.728     22  15027.457    15028.493    15135.427
106  TPM2+I        7223.571     23  14493.142    14494.273    14606.020
107  TPM2+G4       7150.603     23  14347.206    14348.337    14460.084
108  TPM2+I+G4     7150.021     24  14348.042    14349.273    14465.828
109  TPM2+R2       7160.686     24  14369.371    14370.602    14487.158
110  TPM2+R3       7149.955     26  14351.910    14353.352    14479.511
111  TPM2+R4       7148.611     28  14353.222    14354.894    14490.639
112  TPM2+R5       Skipped 
113  TPM2+R6       Skipped 
114  TPM2+R7       Skipped 
115  TPM2+R8       Skipped 
116  TPM2+R9       Skipped 
117  TPM2+R10      Skipped 
118  TPM2u         7491.737     22  15027.474    15028.510    15135.444
119  TPM2u+I       7223.571     23  14493.143    14494.274    14606.021
120  TPM2u+G4      7150.620     23  14347.240    14348.372    14460.119
121  TPM2u+I+G4    7150.019     24  14348.039    14349.270    14465.825
122  TPM2u+R2      7160.683     24  14369.367    14370.597    14487.153
123  TPM2u+R3      7149.941     26  14351.882    14353.324    14479.483
124  TPM2u+R4      7148.605     28  14353.211    14354.883    14490.628
125  TPM2u+R5      Skipped 
126  TPM2u+R6      Skipped 
127  TPM2u+R7      Skipped 
128  TPM2u+R8      Skipped 
129  TPM2u+R9      Skipped 
130  TPM2u+R10     Skipped 
131  TPM3          7491.085     22  15026.169    15027.205    15134.140
132  TPM3+I        7225.492     23  14496.983    14498.114    14609.861
133  TPM3+G4       7140.626     23  14327.252    14328.383    14440.130
134  TPM3+I+G4     7139.949     24  14327.898    14329.129    14445.684
135  TPM3+R2       7153.570     24  14355.141    14356.371    14472.927
136  TPM3+R3       7139.916     26  14331.832    14333.275    14459.433
137  TPM3+R4       7138.578     28  14333.155    14334.828    14470.572
138  TPM3+R5       Skipped 
139  TPM3+R6       Skipped 
140  TPM3+R7       Skipped 
141  TPM3+R8       Skipped 
142  TPM3+R9       Skipped 
143  TPM3+R10      Skipped 
144  TPM3u         7491.120     22  15026.240    15027.276    15134.211
145  TPM3u+I       7225.494     23  14496.989    14498.120    14609.867
146  TPM3u+G4      7140.601     23  14327.202    14328.334    14440.081
147  TPM3u+I+G4    7139.933     24  14327.866    14329.096    14445.652
148  TPM3u+R2      7153.571     24  14355.143    14356.374    14472.929
149  TPM3u+R3      7139.913     26  14331.827    14333.270    14459.429
150  TPM3u+R4      7138.418     28  14332.836    14334.508    14470.253
151  TPM3u+R5      Skipped 
152  TPM3u+R6      Skipped 
153  TPM3u+R7      Skipped 
154  TPM3u+R8      Skipped 
155  TPM3u+R9      Skipped 
156  TPM3u+R10     Skipped 
157  TIMe          7621.824     20  15283.648    15284.506    15381.803
158  TIMe+I        7362.119     21  14766.238    14767.183    14869.301
159  TIMe+G4       7297.413     21  14636.827    14637.772    14739.890
160  TIMe+I+G4     7296.297     22  14636.594    14637.629    14744.564
161  TIMe+R2       7306.645     22  14657.289    14658.325    14765.260
162  TIMe+R3       7296.440     24  14640.880    14642.111    14758.666
163  TIMe+R4       7292.919     26  14637.839    14639.282    14765.440
164  TIMe+R5       Skipped 
165  TIMe+R6       Skipped 
166  TIMe+R7       Skipped 
167  TIMe+R8       Skipped 
168  TIMe+R9       Skipped 
169  TIMe+R10      Skipped 
170  TIM           7487.042     23  15020.084    15021.215    15132.962
171  TIM+I         7219.144     24  14486.288    14487.519    14604.074
172  TIM+G4        7133.284     24  14314.569    14315.800    14432.355
173  TIM+I+G4      7132.790     25  14315.579    14316.914    14438.273
174  TIM+R2        7145.351     25  14340.702    14342.037    14463.396
175  TIM+R3        7132.891     27  14319.782    14321.337    14452.291
176  TIM+R4        7129.989     29  14317.977    14319.771    14460.302
177  TIM+R5        Skipped 
178  TIM+R6        Skipped 
179  TIM+R7        Skipped 
180  TIM+R8        Skipped 
181  TIM+R9        Skipped 
182  TIM+R10       Skipped 
183  TIM2e         7587.057     20  15214.113    15214.971    15312.268
184  TIM2e+I       7326.280     21  14694.559    14695.504    14797.622
185  TIM2e+G4      7256.057     21  14554.114    14555.059    14657.177
186  TIM2e+I+G4    7254.792     22  14553.584    14554.620    14661.555
187  TIM2e+R2      7268.829     22  14581.657    14582.693    14689.628
188  TIM2e+R3      7253.960     24  14555.920    14557.151    14673.706
189  TIM2e+R4      7253.959     26  14559.918    14561.361    14687.520
190  TIM2e+R5      Skipped 
191  TIM2e+R6      Skipped 
192  TIM2e+R7      Skipped 
193  TIM2e+R8      Skipped 
194  TIM2e+R9      Skipped 
195  TIM2e+R10     Skipped 
196  TIM2          7490.598     23  15027.196    15028.327    15140.074
197  TIM2+I        7223.281     24  14494.562    14495.792    14612.348
198  TIM2+G4       7150.595     24  14349.189    14350.420    14466.975
199  TIM2+I+G4     7149.960     25  14349.920    14351.255    14472.614
200  TIM2+R2       7160.538     25  14371.077    14372.412    14493.771
201  TIM2+R3       7150.067     27  14354.134    14355.689    14486.643
202  TIM2+R4       7150.019     29  14358.038    14359.832    14500.363
203  TIM2+R5       Skipped 
204  TIM2+R6       Skipped 
205  TIM2+R7       Skipped 
206  TIM2+R8       Skipped 
207  TIM2+R9       Skipped 
208  TIM2+R10      Skipped 
209  TIM3e         7625.577     20  15291.154    15292.012    15389.309
210  TIM3e+I       7367.515     21  14777.030    14777.975    14880.093
211  TIM3e+G4      7305.460     21  14652.920    14653.865    14755.983
212  TIM3e+I+G4    7304.174     22  14652.347    14653.383    14760.318
213  TIM3e+R2      7314.545     22  14673.091    14674.127    14781.061
214  TIM3e+R3      7303.917     24  14655.834    14657.064    14773.620
215  TIM3e+R4      7303.852     26  14659.704    14661.147    14787.305
216  TIM3e+R5      Skipped 
217  TIM3e+R6      Skipped 
218  TIM3e+R7      Skipped 
219  TIM3e+R8      Skipped 
220  TIM3e+R9      Skipped 
221  TIM3e+R10     Skipped 
222  TIM3          7489.377     23  15024.754    15025.885    15137.633
223  TIM3+I        7225.132     24  14498.265    14499.496    14616.051
224  TIM3+G4       7140.519     24  14329.039    14330.270    14446.825
225  TIM3+I+G4     7139.861     25  14329.722    14331.057    14452.416
226  TIM3+R2       7153.357     25  14356.713    14358.048    14479.407
227  TIM3+R3       7140.267     27  14334.534    14336.089    14467.043
228  TIM3+R4       7139.911     29  14337.821    14339.615    14480.146
229  TIM3+R5       Skipped 
230  TIM3+R6       Skipped 
231  TIM3+R7       Skipped 
232  TIM3+R8       Skipped 
233  TIM3+R9       Skipped 
234  TIM3+R10      Skipped 
235  TVMe          7576.426     21  15194.852    15195.797    15297.915
236  TVMe+I        7317.205     22  14678.411    14679.447    14786.382
237  TVMe+G4       7246.855     22  14537.710    14538.745    14645.680
238  TVMe+I+G4     7245.846     23  14537.691    14538.822    14650.569
239  TVMe+R2       7258.415     23  14562.830    14563.961    14675.709
240  TVMe+R3       7245.318     25  14540.635    14541.970    14663.329
241  TVMe+R4       7245.250     27  14544.501    14546.056    14677.010
242  TVMe+R5       Skipped 
243  TVMe+R6       Skipped 
244  TVMe+R7       Skipped 
245  TVMe+R8       Skipped 
246  TVMe+R9       Skipped 
247  TVMe+R10      Skipped 
248  TVM           7464.671     24  14977.342    14978.573    15095.128
249  TVM+I         7200.009     25  14450.019    14451.353    14572.713
250  TVM+G4        7118.255     25  14286.511    14287.845    14409.205
251  TVM+I+G4      7117.829     26  14287.658    14289.101    14415.260
252  TVM+R2        7130.409     26  14312.819    14314.262    14440.421
253  TVM+R3        7117.914     28  14291.829    14293.501    14429.246
254  TVM+R4        7117.834     30  14295.668    14297.588    14442.901
255  TVM+R5        Skipped 
256  TVM+R6        Skipped 
257  TVM+R7        Skipped 
258  TVM+R8        Skipped 
259  TVM+R9        Skipped 
260  TVM+R10       Skipped 
261  SYM           7574.784     22  15193.567    15194.603    15301.538
262  SYM+I         7314.434     23  14674.867    14675.998    14787.746
263  SYM+G4        7238.425     23  14522.849    14523.980    14635.728
264  SYM+I+G4      7237.473     24  14522.946    14524.176    14640.732
265  SYM+R2        7253.023     24  14554.045    14555.276    14671.831
266  SYM+R3        7236.464     26  14524.928    14526.371    14652.529
267  SYM+R4        7236.441     28  14528.882    14530.555    14666.300
268  SYM+R5        Skipped 
269  SYM+R6        Skipped 
270  SYM+R7        Skipped 
271  SYM+R8        Skipped 
272  SYM+R9        Skipped 
273  SYM+R10       Skipped 
274  GTR           7462.795     25  14975.590    14976.924    15098.284
275  GTR+I         7199.586     26  14451.172    14452.615    14578.774
276  GTR+G4        7117.899     26  14287.797    14289.240    14415.399
277  GTR+I+G4      7117.510     27  14289.019    14290.575    14421.529
278  GTR+R2        7129.626     27  14313.252    14314.807    14445.761
279  GTR+R3        7117.676     29  14293.352    14295.146    14435.677
280  GTR+R4        7117.472     31  14296.945    14298.994    14449.085
281  GTR+R5        Skipped 
282  GTR+R6        Skipped 
283  GTR+R7        Skipped 
284  GTR+R8        Skipped 
285  GTR+R9        Skipped 
286  GTR+R10       Skipped 
Akaike Information Criterion:           TVM+G4
Corrected Akaike Information Criterion: TVM+G4
Bayesian Information Criterion:         TVM+G4
Best-fit model: TVM+G4 chosen according to BIC

All model information printed to ./results/gene5.phy.model
CPU time for ModelFinder: 15.247 seconds (0h:0m:15s)
Wall-clock time for ModelFinder: 18.499 seconds (0h:0m:18s)
Generating 1000 samples for ultrafast bootstrap (seed: 691366)...

NOTE: 2 MB RAM (0 GB) is required!
Estimate model parameters (epsilon = 0.100)
1. Initial log-likelihood: -7366.975
2. Current log-likelihood: -7125.630
3. Current log-likelihood: -7119.273
4. Current log-likelihood: -7118.623
5. Current log-likelihood: -7118.450
Optimal log-likelihood: -7118.405
Rate parameters:  A-C: 2.570  A-G: 4.151  A-T: 0.696  C-G: 0.388  C-T: 4.151  G-T: 1.000
Base frequencies:   A: 0.396  C: 0.168  G: 0.194  T: 0.242
Gamma shape alpha: 0.544
Parameters optimization took 5 rounds (0.077 sec)
Computing ML distances based on estimated model parameters... 0.002 sec
Computing BIONJ tree...
0.000 seconds
Log-likelihood of BIONJ tree: -7118.363
--------------------------------------------------------------------
|             INITIALIZING CANDIDATE TREE SET                      |
--------------------------------------------------------------------
Generating 98 parsimony trees... 0.104 second
Computing log-likelihood of 94 initial trees ... 0.440 seconds
Current best score: -7117.430

Do NNI search on 20 best initial trees
Estimate model parameters (epsilon = 0.100)
BETTER TREE FOUND at iteration 1: -7115.120
Iteration 10 / LogL: -7115.157 / Time: 0h:0m:19s
Iteration 20 / LogL: -7115.138 / Time: 0h:0m:19s
Finish initializing candidate tree set (3)
Current best tree score: -7115.120 / CPU time: 1.340
Number of iterations: 20
--------------------------------------------------------------------
|               OPTIMIZING CANDIDATE TREE SET                      |
--------------------------------------------------------------------
Iteration 30 / LogL: -7116.202 / Time: 0h:0m:20s (0h:0m:4s left)
Iteration 40 / LogL: -7115.124 / Time: 0h:0m:20s (0h:0m:3s left)
Iteration 50 / LogL: -7115.142 / Time: 0h:0m:21s (0h:0m:2s left)
Log-likelihood cutoff on original alignment: -7125.298
UPDATE BEST LOG-LIKELIHOOD: -7115.119
Iteration 60 / LogL: -7116.192 / Time: 0h:0m:21s (0h:0m:2s left)
Iteration 70 / LogL: -7116.079 / Time: 0h:0m:22s (0h:0m:1s left)
Iteration 80 / LogL: -7117.566 / Time: 0h:0m:22s (0h:0m:1s left)
Iteration 90 / LogL: -7115.144 / Time: 0h:0m:23s (0h:0m:0s left)
Iteration 100 / LogL: -7115.140 / Time: 0h:0m:23s (0h:0m:0s left)
Log-likelihood cutoff on original alignment: -7125.499
NOTE: Bootstrap correlation coefficient of split occurrence frequencies: 0.996
TREE SEARCH COMPLETED AFTER 102 ITERATIONS / Time: 0h:0m:23s

--------------------------------------------------------------------
|                    FINALIZING TREE SEARCH                        |
--------------------------------------------------------------------
Performs final model parameters optimization
Estimate model parameters (epsilon = 0.010)
1. Initial log-likelihood: -7115.119
2. Current log-likelihood: -7115.106
Optimal log-likelihood: -7115.096
Rate parameters:  A-C: 2.580  A-G: 4.219  A-T: 0.719  C-G: 0.336  C-T: 4.219  G-T: 1.000
Base frequencies:   A: 0.396  C: 0.168  G: 0.194  T: 0.242
Gamma shape alpha: 0.545
Parameters optimization took 2 rounds (0.016 sec)
BEST SCORE FOUND : -7115.096
Creating bootstrap support values...
Split supports printed to NEXUS file ./results/gene5.phy.splits.nex
Total tree length: 2.747

Total number of iterations: 102
CPU time used for tree search: 4.495 sec (0h:0m:4s)
Wall-clock time used for tree search: 5.326 sec (0h:0m:5s)
Total CPU time used: 19.884 sec (0h:0m:19s)
Total wall-clock time used: 23.978 sec (0h:0m:23s)

Computing bootstrap consensus tree...
Reading input file ./results/gene5.phy.splits.nex...
10 taxa and 141 splits.
Consensus tree written to ./results/gene5.phy.contree
Reading input trees file ./results/gene5.phy.contree
Log-likelihood of consensus tree: -7115.096

Analysis results written to: 
  IQ-TREE report:                ./results/gene5.phy.iqtree
  Maximum-likelihood tree:       ./results/gene5.phy.treefile
  Likelihood distances:          ./results/gene5.phy.mldist

Ultrafast bootstrap approximation results written to:
  Split support values:          ./results/gene5.phy.splits.nex
  Consensus tree:                ./results/gene5.phy.contree
  Screen log file:               ./results/gene5.phy.log

Date and Time: Tue Aug 22 17:38:05 2017
