IQ-TREE multicore version 1.5.4 for Linux 64-bit built Apr  2 2017
Copyright (c) 2011-2017 by Bui Quang Minh, Nguyen Lam Tung,
Olga Chernomor, Heiko Schmidt, and Arndt von Haeseler.

Host:    hpc-crick (AVX, 251 GB RAM)
Command: iqtree -s ./results/gene19.phy -nt 1 -bb 1000
Seed:    715404 (Using SPRNG - Scalable Parallel Random Number Generator)
Time:    Tue Aug 22 18:30:19 2017
Kernel:  AVX - 1 threads (40 CPU cores detected)

Reading alignment file ./results/gene19.phy ... Phylip format detected
Alignment most likely contains DNA/RNA sequences
Alignment has 10 sequences with 1000 columns and 418 patterns (279 informative sites, 423 constant sites)
   Gap/Ambiguity  Composition  p-value
   1  A    0.00%    passed     86.71%
   2  B    0.00%    passed     84.58%
   3  C    0.00%    passed     82.48%
   4  D    0.00%    passed     87.29%
   5  E    0.00%    passed     44.57%
   6  F    0.00%    passed     89.13%
   7  G    0.00%    passed     75.53%
   8  H    0.00%    passed     95.59%
   9  I    0.00%    passed     69.38%
  10  J    0.00%    passed     90.69%
****  TOTAL    0.00%  0 sequences failed composition chi2 test (p-value<5%; df=3)

Create initial parsimony tree by phylogenetic likelihood library (PLL)... 0.001 seconds

NOTE: ModelFinder requires 2 MB RAM!
ModelFinder will test 286 DNA models (sample size: 1000) ...
 No. Model         -LnL         df  AIC          AICc         BIC
  1  JC            6882.514     17  13799.028    13799.651    13882.460
  2  JC+I          6669.559     18  13375.118    13375.816    13463.458
  3  JC+G4         6600.462     18  13236.925    13237.622    13325.264
  4  JC+I+G4       6601.088     19  13240.176    13240.952    13333.423
  5  JC+R2         6599.575     19  13237.149    13237.925    13330.397
  6  JC+R3         6598.436     21  13238.871    13239.816    13341.934
  7  JC+R4         Skipped 
  8  JC+R5         Skipped 
  9  JC+R6         Skipped 
 10  JC+R7         Skipped 
 11  JC+R8         Skipped 
 12  JC+R9         Skipped 
 13  JC+R10        Skipped 
 14  F81           6775.119     20  13590.239    13591.097    13688.394
 15  F81+I         6553.761     21  13149.523    13150.468    13252.586
 16  F81+G4        6485.445     21  13012.890    13013.835    13115.953
 17  F81+I+G4      6486.058     22  13016.115    13017.151    13124.086
 18  F81+R2        6485.296     22  13014.592    13015.628    13122.563
 19  F81+R3        6483.939     24  13015.879    13017.110    13133.665
 20  F81+R4        Skipped 
 21  F81+R5        Skipped 
 22  F81+R6        Skipped 
 23  F81+R7        Skipped 
 24  F81+R8        Skipped 
 25  F81+R9        Skipped 
 26  F81+R10       Skipped 
 27  K2P           6749.853     18  13535.706    13536.404    13624.046
 28  K2P+I         6525.764     19  13089.529    13090.304    13182.776
 29  K2P+G4        6443.432     19  12924.863    12925.639    13018.111
 30  K2P+I+G4      6444.015     20  12928.031    12928.889    13026.186
 31  K2P+R2        6442.719     20  12925.437    12926.295    13023.593
 32  K2P+R3        6440.697     22  12925.394    12926.430    13033.364
 33  K2P+R4        Skipped 
 34  K2P+R5        Skipped 
 35  K2P+R6        Skipped 
 36  K2P+R7        Skipped 
 37  K2P+R8        Skipped 
 38  K2P+R9        Skipped 
 39  K2P+R10       Skipped 
 40  HKY           6630.246     21  13302.493    13303.438    13405.556
 41  HKY+I         6396.874     22  12837.748    12838.784    12945.719
 42  HKY+G4        6315.003     22  12674.006    12675.042    12781.977
 43  HKY+I+G4      6315.391     23  12676.782    12677.913    12789.660
 44  HKY+R2        6316.227     23  12678.454    12679.585    12791.332
 45  HKY+R3        6313.937     25  12677.873    12679.208    12800.567
 46  HKY+R4        Skipped 
 47  HKY+R5        Skipped 
 48  HKY+R6        Skipped 
 49  HKY+R7        Skipped 
 50  HKY+R8        Skipped 
 51  HKY+R9        Skipped 
 52  HKY+R10       Skipped 
 53  TNe           6749.433     19  13536.865    13537.641    13630.113
 54  TNe+I         6525.684     20  13091.368    13092.226    13189.523
 55  TNe+G4        6441.445     20  12922.890    12923.748    13021.045
 56  TNe+I+G4      6441.975     21  12925.951    12926.895    13029.013
 57  TNe+R2        6440.635     21  12923.269    12924.214    13026.332
 58  TNe+R3        6438.470     23  12922.941    12924.072    13035.819
 59  TNe+R4        Skipped 
 60  TNe+R5        Skipped 
 61  TNe+R6        Skipped 
 62  TNe+R7        Skipped 
 63  TNe+R8        Skipped 
 64  TNe+R9        Skipped 
 65  TNe+R10       Skipped 
 66  TN            6628.824     22  13301.648    13302.684    13409.619
 67  TN+I          6394.115     23  12834.230    12835.361    12947.108
 68  TN+G4         6314.113     23  12674.226    12675.357    12787.104
 69  TN+I+G4       6314.527     24  12677.054    12678.284    12794.840
 70  TN+R2         6314.958     24  12677.917    12679.147    12795.703
 71  TN+R3         6312.887     26  12677.773    12679.216    12805.375
 72  TN+R4         Skipped 
 73  TN+R5         Skipped 
 74  TN+R6         Skipped 
 75  TN+R7         Skipped 
 76  TN+R8         Skipped 
 77  TN+R9         Skipped 
 78  TN+R10        Skipped 
 79  K3P           6744.106     19  13526.212    13526.988    13619.460
 80  K3P+I         6519.690     20  13079.380    13080.238    13177.535
 81  K3P+G4        6437.251     20  12914.503    12915.361    13012.658
 82  K3P+I+G4      6437.759     21  12917.517    12918.462    13020.580
 83  K3P+R2        6436.274     21  12914.549    12915.494    13017.612
 84  K3P+R3        6434.499     23  12914.997    12916.128    13027.876
 85  K3P+R4        Skipped 
 86  K3P+R5        Skipped 
 87  K3P+R6        Skipped 
 88  K3P+R7        Skipped 
 89  K3P+R8        Skipped 
 90  K3P+R9        Skipped 
 91  K3P+R10       Skipped 
 92  K3Pu          6615.475     22  13274.950    13275.986    13382.920
 93  K3Pu+I        6382.222     23  12810.444    12811.575    12923.322
 94  K3Pu+G4       6302.845     23  12651.691    12652.822    12764.569
 95  K3Pu+I+G4     6303.234     24  12654.468    12655.699    12772.254
 96  K3Pu+R2       6303.189     24  12654.377    12655.608    12772.163
 97  K3Pu+R3       6301.621     26  12655.243    12656.686    12782.844
 98  K3Pu+R4       Skipped 
 99  K3Pu+R5       Skipped 
100  K3Pu+R6       Skipped 
101  K3Pu+R7       Skipped 
102  K3Pu+R8       Skipped 
103  K3Pu+R9       Skipped 
104  K3Pu+R10      Skipped 
105  TPM2          6628.465     22  13300.931    13301.966    13408.901
106  TPM2+I        6395.481     23  12836.963    12838.094    12949.841
107  TPM2+G4       6314.050     23  12674.100    12675.231    12786.978
108  TPM2+I+G4     6314.399     24  12676.798    12678.028    12794.584
109  TPM2+R2       6314.349     24  12676.698    12677.929    12794.485
110  TPM2+R3       6312.605     26  12677.210    12678.653    12804.812
111  TPM2+R4       Skipped 
112  TPM2+R5       Skipped 
113  TPM2+R6       Skipped 
114  TPM2+R7       Skipped 
115  TPM2+R8       Skipped 
116  TPM2+R9       Skipped 
117  TPM2+R10      Skipped 
118  TPM2u         6628.469     22  13300.938    13301.974    13408.909
119  TPM2u+I       6395.482     23  12836.964    12838.096    12949.843
120  TPM2u+G4      6314.041     23  12674.081    12675.212    12786.960
121  TPM2u+I+G4    6314.374     24  12676.749    12677.980    12794.535
122  TPM2u+R2      6314.334     24  12676.669    12677.900    12794.455
123  TPM2u+R3      6312.563     26  12677.125    12678.568    12804.727
124  TPM2u+R4      Skipped 
125  TPM2u+R5      Skipped 
126  TPM2u+R6      Skipped 
127  TPM2u+R7      Skipped 
128  TPM2u+R8      Skipped 
129  TPM2u+R9      Skipped 
130  TPM2u+R10     Skipped 
131  TPM3          6602.642     22  13249.285    13250.321    13357.255
132  TPM3+I        6373.918     23  12793.836    12794.967    12906.714
133  TPM3+G4       6297.587     23  12641.175    12642.306    12754.053
134  TPM3+I+G4     6297.859     24  12643.717    12644.948    12761.503
135  TPM3+R2       6297.842     24  12643.684    12644.915    12761.470
136  TPM3+R3       6296.374     26  12644.748    12646.191    12772.350
137  TPM3+R4       Skipped 
138  TPM3+R5       Skipped 
139  TPM3+R6       Skipped 
140  TPM3+R7       Skipped 
141  TPM3+R8       Skipped 
142  TPM3+R9       Skipped 
143  TPM3+R10      Skipped 
144  TPM3u         6602.721     22  13249.443    13250.479    13357.414
145  TPM3u+I       6374.050     23  12794.100    12795.231    12906.979
146  TPM3u+G4      6297.600     23  12641.200    12642.331    12754.078
147  TPM3u+I+G4    6297.830     24  12643.659    12644.890    12761.445
148  TPM3u+R2      6297.719     24  12643.438    12644.668    12761.224
149  TPM3u+R3      6296.322     26  12644.643    12646.086    12772.245
150  TPM3u+R4      Skipped 
151  TPM3u+R5      Skipped 
152  TPM3u+R6      Skipped 
153  TPM3u+R7      Skipped 
154  TPM3u+R8      Skipped 
155  TPM3u+R9      Skipped 
156  TPM3u+R10     Skipped 
157  TIMe          6743.701     20  13527.403    13528.261    13625.558
158  TIMe+I        6519.625     21  13081.251    13082.196    13184.314
159  TIMe+G4       6435.379     21  12912.757    12913.702    13015.820
160  TIMe+I+G4     6435.765     22  12915.530    12916.566    13023.501
161  TIMe+R2       6434.239     22  12912.479    12913.515    13020.449
162  TIMe+R3       6432.328     24  12912.657    12913.887    13030.443
163  TIMe+R4       Skipped 
164  TIMe+R5       Skipped 
165  TIMe+R6       Skipped 
166  TIMe+R7       Skipped 
167  TIMe+R8       Skipped 
168  TIMe+R9       Skipped 
169  TIMe+R10      Skipped 
170  TIM           6613.781     23  13273.561    13274.692    13386.440
171  TIM+I         6379.541     24  12807.083    12808.313    12924.869
172  TIM+G4        6302.183     24  12652.366    12653.597    12770.153
173  TIM+I+G4      6302.504     25  12655.007    12656.342    12777.701
174  TIM+R2        6302.177     25  12654.354    12655.688    12777.048
175  TIM+R3        6300.711     27  12655.422    12656.978    12787.932
176  TIM+R4        Skipped 
177  TIM+R5        Skipped 
178  TIM+R6        Skipped 
179  TIM+R7        Skipped 
180  TIM+R8        Skipped 
181  TIM+R9        Skipped 
182  TIM+R10       Skipped 
183  TIM2e         6732.204     20  13504.408    13505.266    13602.564
184  TIM2e+I       6508.738     21  13059.476    13060.421    13162.539
185  TIM2e+G4      6415.308     21  12872.616    12873.560    12975.678
186  TIM2e+I+G4    6415.745     22  12875.491    12876.527    12983.461
187  TIM2e+R2      6413.956     22  12871.912    12872.948    12979.883
188  TIM2e+R3      6411.101     24  12870.203    12871.434    12987.989
189  TIM2e+R4      Skipped 
190  TIM2e+R5      Skipped 
191  TIM2e+R6      Skipped 
192  TIM2e+R7      Skipped 
193  TIM2e+R8      Skipped 
194  TIM2e+R9      Skipped 
195  TIM2e+R10     Skipped 
196  TIM2          6626.910     23  13299.820    13300.951    13412.698
197  TIM2+I        6392.762     24  12833.523    12834.754    12951.309
198  TIM2+G4       6312.981     24  12673.961    12675.192    12791.747
199  TIM2+I+G4     6313.264     25  12676.529    12677.863    12799.223
200  TIM2+R2       6313.146     25  12676.292    12677.627    12798.986
201  TIM2+R3       6311.370     27  12676.740    12678.295    12809.249
202  TIM2+R4       Skipped 
203  TIM2+R5       Skipped 
204  TIM2+R6       Skipped 
205  TIM2+R7       Skipped 
206  TIM2+R8       Skipped 
207  TIM2+R9       Skipped 
208  TIM2+R10      Skipped 
209  TIM3e         6737.722     20  13515.444    13516.302    13613.599
210  TIM3e+I       6515.503     21  13073.006    13073.951    13176.069
211  TIM3e+G4      6433.490     21  12908.980    12909.924    13012.043
212  TIM3e+I+G4    6433.805     22  12911.610    12912.645    13019.580
213  TIM3e+R2      6432.256     22  12908.512    12909.548    13016.483
214  TIM3e+R3      6430.701     24  12909.402    12910.633    13027.188
215  TIM3e+R4      Skipped 
216  TIM3e+R5      Skipped 
217  TIM3e+R6      Skipped 
218  TIM3e+R7      Skipped 
219  TIM3e+R8      Skipped 
220  TIM3e+R9      Skipped 
221  TIM3e+R10     Skipped 
222  TIM3          6600.152     23  13246.305    13247.436    13359.183
223  TIM3+I        6371.186     24  12790.372    12791.603    12908.158
224  TIM3+G4       6296.662     24  12641.324    12642.555    12759.110
225  TIM3+I+G4     6296.861     25  12643.721    12645.056    12766.415
226  TIM3+R2       6296.839     25  12643.678    12645.013    12766.372
227  TIM3+R3       6295.344     27  12644.688    12646.243    12777.197
228  TIM3+R4       Skipped 
229  TIM3+R5       Skipped 
230  TIM3+R6       Skipped 
231  TIM3+R7       Skipped 
232  TIM3+R8       Skipped 
233  TIM3+R9       Skipped 
234  TIM3+R10      Skipped 
235  TVMe          6720.026     21  13482.053    13482.997    13585.116
236  TVMe+I        6497.324     22  13038.648    13039.684    13146.619
237  TVMe+G4       6407.724     22  12859.449    12860.485    12967.420
238  TVMe+I+G4     6408.044     23  12862.089    12863.220    12974.967
239  TVMe+R2       6406.350     23  12858.700    12859.831    12971.578
240  TVMe+R3       6404.002     25  12858.004    12859.339    12980.698
241  TVMe+R4       Skipped 
242  TVMe+R5       Skipped 
243  TVMe+R6       Skipped 
244  TVMe+R7       Skipped 
245  TVMe+R8       Skipped 
246  TVMe+R9       Skipped 
247  TVMe+R10      Skipped 
248  TVM           6597.135     24  13242.269    13243.500    13360.055
249  TVM+I         6368.265     25  12786.531    12787.866    12909.225
250  TVM+G4        6292.133     25  12634.265    12635.600    12756.959
251  TVM+I+G4      6292.283     26  12636.566    12638.009    12764.167
252  TVM+R2        6291.288     26  12634.576    12636.019    12762.178
253  TVM+R3        6290.210     28  12636.420    12638.092    12773.837
254  TVM+R4        Skipped 
255  TVM+R5        Skipped 
256  TVM+R6        Skipped 
257  TVM+R7        Skipped 
258  TVM+R8        Skipped 
259  TVM+R9        Skipped 
260  TVM+R10       Skipped 
261  SYM           6720.126     22  13484.253    13485.289    13592.224
262  SYM+I         6497.224     23  13040.447    13041.579    13153.326
263  SYM+G4        6404.720     23  12855.440    12856.571    12968.318
264  SYM+I+G4      6404.885     24  12857.770    12859.001    12975.556
265  SYM+R2        6402.917     24  12853.833    12855.064    12971.619
266  SYM+R3        6400.602     26  12853.204    12854.647    12980.805
267  SYM+R4        Skipped 
268  SYM+R5        Skipped 
269  SYM+R6        Skipped 
270  SYM+R7        Skipped 
271  SYM+R8        Skipped 
272  SYM+R9        Skipped 
273  SYM+R10       Skipped 
274  GTR           6594.605     25  13239.210    13240.545    13361.904
275  GTR+I         6365.823     26  12783.646    12785.089    12911.248
276  GTR+G4        6290.713     26  12633.425    12634.868    12761.027
277  GTR+I+G4      6290.893     27  12635.787    12637.342    12768.296
278  GTR+R2        6290.402     27  12634.805    12636.360    12767.314
279  GTR+R3        6289.125     29  12636.249    12638.043    12778.574
280  GTR+R4        Skipped 
281  GTR+R5        Skipped 
282  GTR+R6        Skipped 
283  GTR+R7        Skipped 
284  GTR+R8        Skipped 
285  GTR+R9        Skipped 
286  GTR+R10       Skipped 
Akaike Information Criterion:           GTR+G4
Corrected Akaike Information Criterion: GTR+G4
Bayesian Information Criterion:         TPM3+G4
Best-fit model: TPM3+G4 chosen according to BIC

All model information printed to ./results/gene19.phy.model
CPU time for ModelFinder: 4.886 seconds (0h:0m:4s)
Wall-clock time for ModelFinder: 7.793 seconds (0h:0m:7s)
Generating 1000 samples for ultrafast bootstrap (seed: 715404)...

NOTE: 2 MB RAM (0 GB) is required!
Estimate model parameters (epsilon = 0.100)
1. Initial log-likelihood: -6541.959
2. Current log-likelihood: -6307.587
3. Current log-likelihood: -6298.954
4. Current log-likelihood: -6298.433
Optimal log-likelihood: -6298.399
Rate parameters:  A-C: 2.559  A-G: 6.199  A-T: 1.000  C-G: 2.559  C-T: 6.199  G-T: 1.000
Base frequencies:   A: 0.400  C: 0.166  G: 0.190  T: 0.244
Gamma shape alpha: 0.499
Parameters optimization took 4 rounds (0.025 sec)
Computing ML distances based on estimated model parameters... 0.001 sec
Computing BIONJ tree...
0.000 seconds
Log-likelihood of BIONJ tree: -6298.060
--------------------------------------------------------------------
|             INITIALIZING CANDIDATE TREE SET                      |
--------------------------------------------------------------------
Generating 98 parsimony trees... 0.064 second
Computing log-likelihood of 91 initial trees ... 0.329 seconds
Current best score: -6298.060

Do NNI search on 20 best initial trees
Estimate model parameters (epsilon = 0.100)
BETTER TREE FOUND at iteration 1: -6297.866
Iteration 10 / LogL: -6297.912 / Time: 0h:0m:8s
Iteration 20 / LogL: -6297.870 / Time: 0h:0m:8s
Finish initializing candidate tree set (3)
Current best tree score: -6297.866 / CPU time: 1.082
Number of iterations: 20
--------------------------------------------------------------------
|               OPTIMIZING CANDIDATE TREE SET                      |
--------------------------------------------------------------------
Iteration 30 / LogL: -6297.874 / Time: 0h:0m:9s (0h:0m:3s left)
Iteration 40 / LogL: -6297.878 / Time: 0h:0m:9s (0h:0m:2s left)
Iteration 50 / LogL: -6297.906 / Time: 0h:0m:9s (0h:0m:1s left)
Log-likelihood cutoff on original alignment: -6304.775
UPDATE BEST LOG-LIKELIHOOD: -6297.865
UPDATE BEST LOG-LIKELIHOOD: -6297.865
Iteration 60 / LogL: -6297.875 / Time: 0h:0m:9s (0h:0m:1s left)
Iteration 70 / LogL: -6297.866 / Time: 0h:0m:10s (0h:0m:1s left)
Iteration 80 / LogL: -6297.878 / Time: 0h:0m:10s (0h:0m:0s left)
Iteration 90 / LogL: -6298.970 / Time: 0h:0m:11s (0h:0m:0s left)
UPDATE BEST LOG-LIKELIHOOD: -6297.865
Iteration 100 / LogL: -6298.874 / Time: 0h:0m:11s (0h:0m:0s left)
Log-likelihood cutoff on original alignment: -6304.910
NOTE: Bootstrap correlation coefficient of split occurrence frequencies: 0.939
NOTE: UFBoot does not converge, continue at least 100 more iterations
UPDATE BEST LOG-LIKELIHOOD: -6297.865
Iteration 110 / LogL: -6299.150 / Time: 0h:0m:11s (0h:0m:3s left)
Iteration 120 / LogL: -6297.869 / Time: 0h:0m:11s (0h:0m:2s left)
Iteration 130 / LogL: -6297.869 / Time: 0h:0m:12s (0h:0m:2s left)
Iteration 140 / LogL: -6297.867 / Time: 0h:0m:12s (0h:0m:1s left)
Iteration 150 / LogL: -6297.911 / Time: 0h:0m:12s (0h:0m:1s left)
Log-likelihood cutoff on original alignment: -6304.910
Iteration 160 / LogL: -6297.909 / Time: 0h:0m:13s (0h:0m:1s left)
Iteration 170 / LogL: -6297.872 / Time: 0h:0m:13s (0h:0m:0s left)
Iteration 180 / LogL: -6297.872 / Time: 0h:0m:13s (0h:0m:0s left)
Iteration 190 / LogL: -6298.144 / Time: 0h:0m:14s (0h:0m:0s left)
Iteration 200 / LogL: -6297.868 / Time: 0h:0m:15s (0h:0m:0s left)
Log-likelihood cutoff on original alignment: -6304.966
NOTE: Bootstrap correlation coefficient of split occurrence frequencies: 0.984
NOTE: UFBoot does not converge, continue at least 100 more iterations
Iteration 210 / LogL: -6297.873 / Time: 0h:0m:15s (0h:0m:3s left)
Iteration 220 / LogL: -6297.909 / Time: 0h:0m:16s (0h:0m:3s left)
Iteration 230 / LogL: -6297.874 / Time: 0h:0m:16s (0h:0m:2s left)
WARNING: NNI search needs unusual large number of steps (7) to converge!
Iteration 240 / LogL: -6297.873 / Time: 0h:0m:17s (0h:0m:2s left)
Iteration 250 / LogL: -6297.909 / Time: 0h:0m:17s (0h:0m:2s left)
Log-likelihood cutoff on original alignment: -6304.910
Iteration 260 / LogL: -6297.872 / Time: 0h:0m:18s (0h:0m:1s left)
Iteration 270 / LogL: -6297.881 / Time: 0h:0m:19s (0h:0m:1s left)
Iteration 280 / LogL: -6297.910 / Time: 0h:0m:19s (0h:0m:0s left)
Iteration 290 / LogL: -6297.910 / Time: 0h:0m:19s (0h:0m:0s left)
Iteration 300 / LogL: -6297.909 / Time: 0h:0m:20s (0h:0m:0s left)
Log-likelihood cutoff on original alignment: -6304.910
NOTE: Bootstrap correlation coefficient of split occurrence frequencies: 0.988
NOTE: UFBoot does not converge, continue at least 100 more iterations
Iteration 310 / LogL: -6297.875 / Time: 0h:0m:20s (0h:0m:3s left)
Iteration 320 / LogL: -6297.869 / Time: 0h:0m:21s (0h:0m:3s left)
Iteration 330 / LogL: -6297.923 / Time: 0h:0m:21s (0h:0m:3s left)
Iteration 340 / LogL: -6297.867 / Time: 0h:0m:22s (0h:0m:2s left)
Iteration 350 / LogL: -6297.872 / Time: 0h:0m:22s (0h:0m:2s left)
Log-likelihood cutoff on original alignment: -6305.559
Iteration 360 / LogL: -6297.870 / Time: 0h:0m:23s (0h:0m:1s left)
Iteration 370 / LogL: -6297.879 / Time: 0h:0m:23s (0h:0m:1s left)
Iteration 380 / LogL: -6297.870 / Time: 0h:0m:24s (0h:0m:0s left)
Iteration 390 / LogL: -6297.916 / Time: 0h:0m:24s (0h:0m:0s left)
Iteration 400 / LogL: -6297.909 / Time: 0h:0m:25s (0h:0m:0s left)
Log-likelihood cutoff on original alignment: -6305.559
NOTE: Bootstrap correlation coefficient of split occurrence frequencies: 0.991
TREE SEARCH COMPLETED AFTER 400 ITERATIONS / Time: 0h:0m:25s

--------------------------------------------------------------------
|                    FINALIZING TREE SEARCH                        |
--------------------------------------------------------------------
Performs final model parameters optimization
Estimate model parameters (epsilon = 0.010)
1. Initial log-likelihood: -6297.865
Optimal log-likelihood: -6297.863
Rate parameters:  A-C: 2.567  A-G: 6.214  A-T: 1.000  C-G: 2.567  C-T: 6.214  G-T: 1.000
Base frequencies:   A: 0.400  C: 0.166  G: 0.190  T: 0.244
Gamma shape alpha: 0.503
Parameters optimization took 1 rounds (0.005 sec)
BEST SCORE FOUND : -6297.863
Creating bootstrap support values...
Split supports printed to NEXUS file ./results/gene19.phy.splits.nex
Total tree length: 2.285

Total number of iterations: 400
CPU time used for tree search: 13.575 sec (0h:0m:13s)
Wall-clock time used for tree search: 17.579 sec (0h:0m:17s)
Total CPU time used: 18.531 sec (0h:0m:18s)
Total wall-clock time used: 25.465 sec (0h:0m:25s)

Computing bootstrap consensus tree...
Reading input file ./results/gene19.phy.splits.nex...
10 taxa and 150 splits.
Consensus tree written to ./results/gene19.phy.contree
Reading input trees file ./results/gene19.phy.contree
Log-likelihood of consensus tree: -6297.886

Analysis results written to: 
  IQ-TREE report:                ./results/gene19.phy.iqtree
  Maximum-likelihood tree:       ./results/gene19.phy.treefile
  Likelihood distances:          ./results/gene19.phy.mldist

Ultrafast bootstrap approximation results written to:
  Split support values:          ./results/gene19.phy.splits.nex
  Consensus tree:                ./results/gene19.phy.contree
  Screen log file:               ./results/gene19.phy.log

Date and Time: Tue Aug 22 18:30:45 2017
