IQ-TREE multicore version 1.5.4 for Linux 64-bit built Apr  2 2017
Copyright (c) 2011-2017 by Bui Quang Minh, Nguyen Lam Tung,
Olga Chernomor, Heiko Schmidt, and Arndt von Haeseler.

Host:    hpc-crick (AVX, 251 GB RAM)
Command: iqtree -s ./results/gene17.phy -nt 1 -bb 1000
Seed:    803500 (Using SPRNG - Scalable Parallel Random Number Generator)
Time:    Tue Aug 22 17:34:01 2017
Kernel:  AVX - 1 threads (40 CPU cores detected)

Reading alignment file ./results/gene17.phy ... Phylip format detected
Alignment most likely contains DNA/RNA sequences
Alignment has 10 sequences with 1000 columns and 547 patterns (406 informative sites, 340 constant sites)
   Gap/Ambiguity  Composition  p-value
   1  A    0.00%    passed     89.57%
   2  B    0.00%    passed     77.45%
   3  C    0.00%    passed     66.26%
   4  D    0.00%    passed     50.72%
   5  E    0.00%    passed     89.99%
   6  F    0.00%    passed     78.35%
   7  G    0.00%    passed     96.46%
   8  H    0.00%    passed     92.81%
   9  I    0.00%    passed     93.99%
  10  J    0.00%    passed     99.59%
****  TOTAL    0.00%  0 sequences failed composition chi2 test (p-value<5%; df=3)

Create initial parsimony tree by phylogenetic likelihood library (PLL)... 0.001 seconds

NOTE: ModelFinder requires 3 MB RAM!
ModelFinder will test 286 DNA models (sample size: 1000) ...
 No. Model         -LnL         df  AIC          AICc         BIC
  1  JC            8487.448     17  17008.895    17009.519    17092.327
  2  JC+I          8195.494     18  16426.988    16427.686    16515.328
  3  JC+G4         8111.537     18  16259.074    16259.771    16347.413
  4  JC+I+G4       8111.585     19  16261.170    16261.946    16354.418
  5  JC+R2         8111.327     19  16260.654    16261.429    16353.901
  6  JC+R3         8107.997     21  16257.994    16258.939    16361.057
  7  JC+R4         Skipped 
  8  JC+R5         Skipped 
  9  JC+R6         Skipped 
 10  JC+R7         Skipped 
 11  JC+R8         Skipped 
 12  JC+R9         Skipped 
 13  JC+R10        Skipped 
 14  F81           8351.656     20  16743.311    16744.169    16841.466
 15  F81+I         8049.507     21  16141.014    16141.959    16244.077
 16  F81+G4        7955.520     21  15953.040    15953.985    16056.103
 17  F81+I+G4      7955.214     22  15954.429    15955.465    16062.399
 18  F81+R2        7956.098     22  15956.196    15957.232    16064.167
 19  F81+R3        7951.926     24  15951.852    15953.082    16069.638
 20  F81+R4        Skipped 
 21  F81+R5        Skipped 
 22  F81+R6        Skipped 
 23  F81+R7        Skipped 
 24  F81+R8        Skipped 
 25  F81+R9        Skipped 
 26  F81+R10       Skipped 
 27  K2P           8336.551     18  16709.102    16709.800    16797.442
 28  K2P+I         8032.666     19  16103.332    16104.108    16196.580
 29  K2P+G4        7922.701     19  15883.401    15884.177    15976.649
 30  K2P+I+G4      7922.833     20  15885.666    15886.524    15983.821
 31  K2P+R2        7931.492     20  15902.983    15903.841    16001.138
 32  K2P+R3        7921.639     22  15887.278    15888.314    15995.248
 33  K2P+R4        7920.999     24  15889.998    15891.229    16007.784
 34  K2P+R5        Skipped 
 35  K2P+R6        Skipped 
 36  K2P+R7        Skipped 
 37  K2P+R8        Skipped 
 38  K2P+R9        Skipped 
 39  K2P+R10       Skipped 
 40  HKY           8191.311     21  16424.621    16425.566    16527.684
 41  HKY+I         7876.938     22  15797.875    15798.911    15905.846
 42  HKY+G4        7752.708     22  15549.416    15550.452    15657.387
 43  HKY+I+G4      7752.592     23  15551.185    15552.316    15664.063
 44  HKY+R2        7769.276     23  15584.552    15585.683    15697.431
 45  HKY+R3        7751.886     25  15553.772    15555.107    15676.466
 46  HKY+R4        7751.566     27  15557.131    15558.687    15689.640
 47  HKY+R5        Skipped 
 48  HKY+R6        Skipped 
 49  HKY+R7        Skipped 
 50  HKY+R8        Skipped 
 51  HKY+R9        Skipped 
 52  HKY+R10       Skipped 
 53  TNe           8334.515     19  16707.030    16707.805    16800.277
 54  TNe+I         8030.984     20  16101.969    16102.827    16200.124
 55  TNe+G4        7919.487     20  15878.974    15879.832    15977.129
 56  TNe+I+G4      7919.578     21  15881.157    15882.101    15984.219
 57  TNe+R2        7929.826     21  15901.652    15902.597    16004.715
 58  TNe+R3        7918.740     23  15883.480    15884.611    15996.358
 59  TNe+R4        7917.790     25  15885.580    15886.915    16008.274
 60  TNe+R5        Skipped 
 61  TNe+R6        Skipped 
 62  TNe+R7        Skipped 
 63  TNe+R8        Skipped 
 64  TNe+R9        Skipped 
 65  TNe+R10       Skipped 
 66  TN            8190.827     22  16425.654    16426.689    16533.624
 67  TN+I          7876.123     23  15798.246    15799.377    15911.124
 68  TN+G4         7752.134     23  15550.268    15551.399    15663.146
 69  TN+I+G4       7751.828     24  15551.657    15552.888    15669.443
 70  TN+R2         7766.280     24  15580.560    15581.791    15698.347
 71  TN+R3         7750.885     26  15553.770    15555.213    15681.371
 72  TN+R4         7750.541     28  15557.082    15558.755    15694.499
 73  TN+R5         Skipped 
 74  TN+R6         Skipped 
 75  TN+R7         Skipped 
 76  TN+R8         Skipped 
 77  TN+R9         Skipped 
 78  TN+R10        Skipped 
 79  K3P           8335.868     19  16709.736    16710.512    16802.984
 80  K3P+I         8031.773     20  16103.546    16104.404    16201.701
 81  K3P+G4        7919.554     20  15879.107    15879.965    15977.262
 82  K3P+I+G4      7919.658     21  15881.317    15882.262    15984.380
 83  K3P+R2        7928.987     21  15899.974    15900.918    16003.036
 84  K3P+R3        7918.684     23  15883.367    15884.498    15996.246
 85  K3P+R4        7918.081     25  15886.162    15887.497    16008.856
 86  K3P+R5        Skipped 
 87  K3P+R6        Skipped 
 88  K3P+R7        Skipped 
 89  K3P+R8        Skipped 
 90  K3P+R9        Skipped 
 91  K3P+R10       Skipped 
 92  K3Pu          8185.706     22  16415.412    16416.448    16523.383
 93  K3Pu+I        7871.779     23  15789.557    15790.689    15902.436
 94  K3Pu+G4       7742.897     23  15531.794    15532.925    15644.673
 95  K3Pu+I+G4     7742.891     24  15533.781    15535.012    15651.568
 96  K3Pu+R2       7760.866     24  15569.732    15570.963    15687.518
 97  K3Pu+R3       7742.539     26  15537.079    15538.522    15664.680
 98  K3Pu+R4       7742.245     28  15540.490    15542.162    15677.907
 99  K3Pu+R5       Skipped 
100  K3Pu+R6       Skipped 
101  K3Pu+R7       Skipped 
102  K3Pu+R8       Skipped 
103  K3Pu+R9       Skipped 
104  K3Pu+R10      Skipped 
105  TPM2          8190.795     22  16425.591    16426.627    16533.562
106  TPM2+I        7875.787     23  15797.574    15798.705    15910.453
107  TPM2+G4       7751.959     23  15549.918    15551.049    15662.796
108  TPM2+I+G4     7751.693     24  15551.386    15552.617    15669.172
109  TPM2+R2       7766.427     24  15580.854    15582.085    15698.640
110  TPM2+R3       7751.119     26  15554.239    15555.682    15681.840
111  TPM2+R4       7750.576     28  15557.151    15558.824    15694.569
112  TPM2+R5       Skipped 
113  TPM2+R6       Skipped 
114  TPM2+R7       Skipped 
115  TPM2+R8       Skipped 
116  TPM2+R9       Skipped 
117  TPM2+R10      Skipped 
118  TPM2u         8190.795     22  16425.591    16426.626    16533.561
119  TPM2u+I       7875.780     23  15797.560    15798.691    15910.439
120  TPM2u+G4      7751.959     23  15549.917    15551.049    15662.796
121  TPM2u+I+G4    7751.682     24  15551.363    15552.594    15669.150
122  TPM2u+R2      7766.441     24  15580.881    15582.112    15698.667
123  TPM2u+R3      7751.134     26  15554.267    15555.710    15681.869
124  TPM2u+R4      7750.561     28  15557.121    15558.794    15694.539
125  TPM2u+R5      Skipped 
126  TPM2u+R6      Skipped 
127  TPM2u+R7      Skipped 
128  TPM2u+R8      Skipped 
129  TPM2u+R9      Skipped 
130  TPM2u+R10     Skipped 
131  TPM3          8179.524     22  16403.048    16404.084    16511.018
132  TPM3+I        7870.741     23  15787.482    15788.614    15900.361
133  TPM3+G4       7739.337     23  15524.675    15525.806    15637.553
134  TPM3+I+G4     7739.530     24  15527.060    15528.290    15644.846
135  TPM3+R2       7758.844     24  15565.689    15566.920    15683.475
136  TPM3+R3       7738.746     26  15529.493    15530.936    15657.094
137  TPM3+R4       7738.662     28  15533.324    15534.996    15670.741
138  TPM3+R5       Skipped 
139  TPM3+R6       Skipped 
140  TPM3+R7       Skipped 
141  TPM3+R8       Skipped 
142  TPM3+R9       Skipped 
143  TPM3+R10      Skipped 
144  TPM3u         8179.745     22  16403.490    16404.526    16511.460
145  TPM3u+I       7870.760     23  15787.520    15788.651    15900.398
146  TPM3u+G4      7739.330     23  15524.661    15525.792    15637.539
147  TPM3u+I+G4    7739.514     24  15527.028    15528.259    15644.815
148  TPM3u+R2      7758.841     24  15565.682    15566.912    15683.468
149  TPM3u+R3      7738.740     26  15529.481    15530.924    15657.082
150  TPM3u+R4      7738.631     28  15533.262    15534.935    15670.679
151  TPM3u+R5      Skipped 
152  TPM3u+R6      Skipped 
153  TPM3u+R7      Skipped 
154  TPM3u+R8      Skipped 
155  TPM3u+R9      Skipped 
156  TPM3u+R10     Skipped 
157  TIMe          8333.822     20  16707.644    16708.502    16805.799
158  TIMe+I        8030.090     21  16102.180    16103.125    16205.243
159  TIMe+G4       7916.285     21  15874.571    15875.516    15977.634
160  TIMe+I+G4     7916.306     22  15876.611    15877.647    15984.582
161  TIMe+R2       7927.281     22  15898.561    15899.597    16006.532
162  TIMe+R3       7915.664     24  15879.328    15880.558    15997.114
163  TIMe+R4       7914.697     26  15881.394    15882.837    16008.996
164  TIMe+R5       Skipped 
165  TIMe+R6       Skipped 
166  TIMe+R7       Skipped 
167  TIMe+R8       Skipped 
168  TIMe+R9       Skipped 
169  TIMe+R10      Skipped 
170  TIM           8185.229     23  16416.457    16417.588    16529.336
171  TIM+I         7870.925     24  15789.849    15791.080    15907.636
172  TIM+G4        7742.572     24  15533.144    15534.375    15650.930
173  TIM+I+G4      7742.341     25  15534.682    15536.017    15657.376
174  TIM+R2        7757.768     25  15565.537    15566.871    15688.230
175  TIM+R3        7742.029     27  15538.057    15539.613    15670.567
176  TIM+R4        7741.569     29  15541.138    15542.932    15683.463
177  TIM+R5        Skipped 
178  TIM+R6        Skipped 
179  TIM+R7        Skipped 
180  TIM+R8        Skipped 
181  TIM+R9        Skipped 
182  TIM+R10       Skipped 
183  TIM2e         8317.816     20  16675.632    16676.490    16773.787
184  TIM2e+I       8013.280     21  16068.560    16069.504    16171.622
185  TIM2e+G4      7883.560     21  15809.121    15810.065    15912.184
186  TIM2e+I+G4    7884.015     22  15812.031    15813.067    15920.002
187  TIM2e+R2      7897.492     22  15838.984    15840.020    15946.955
188  TIM2e+R3      7883.870     24  15815.740    15816.971    15933.526
189  TIM2e+R4      7882.920     26  15817.840    15819.283    15945.442
190  TIM2e+R5      Skipped 
191  TIM2e+R6      Skipped 
192  TIM2e+R7      Skipped 
193  TIM2e+R8      Skipped 
194  TIM2e+R9      Skipped 
195  TIM2e+R10     Skipped 
196  TIM2          8190.238     23  16426.475    16427.607    16539.354
197  TIM2+I        7875.019     24  15798.039    15799.270    15915.825
198  TIM2+G4       7750.957     24  15549.913    15551.144    15667.699
199  TIM2+I+G4     7750.594     25  15551.188    15552.523    15673.882
200  TIM2+R2       7763.685     25  15577.370    15578.705    15700.064
201  TIM2+R3       7749.862     27  15553.725    15555.281    15686.234
202  TIM2+R4       7749.368     29  15556.736    15558.530    15699.061
203  TIM2+R5       Skipped 
204  TIM2+R6       Skipped 
205  TIM2+R7       Skipped 
206  TIM2+R8       Skipped 
207  TIM2+R9       Skipped 
208  TIM2+R10      Skipped 
209  TIM3e         8331.336     20  16702.671    16703.529    16800.826
210  TIM3e+I       8029.250     21  16100.500    16101.445    16203.563
211  TIM3e+G4      7915.672     21  15873.343    15874.288    15976.406
212  TIM3e+I+G4    7915.611     22  15875.222    15876.257    15983.192
213  TIM3e+R2      7926.785     22  15897.569    15898.605    16005.540
214  TIM3e+R3      7914.884     24  15877.768    15878.999    15995.554
215  TIM3e+R4      7914.084     26  15880.169    15881.611    16007.770
216  TIM3e+R5      Skipped 
217  TIM3e+R6      Skipped 
218  TIM3e+R7      Skipped 
219  TIM3e+R8      Skipped 
220  TIM3e+R9      Skipped 
221  TIM3e+R10     Skipped 
222  TIM3          8178.371     23  16402.741    16403.872    16515.619
223  TIM3+I        7869.925     24  15787.850    15789.080    15905.636
224  TIM3+G4       7738.423     24  15524.845    15526.076    15642.632
225  TIM3+I+G4     7738.381     25  15526.761    15528.096    15649.455
226  TIM3+R2       7754.729     25  15559.458    15560.793    15682.152
227  TIM3+R3       7737.453     27  15528.905    15530.461    15661.415
228  TIM3+R4       7737.409     29  15532.818    15534.612    15675.143
229  TIM3+R5       Skipped 
230  TIM3+R6       Skipped 
231  TIM3+R7       Skipped 
232  TIM3+R8       Skipped 
233  TIM3+R9       Skipped 
234  TIM3+R10      Skipped 
235  TVMe          8316.792     21  16675.585    16676.529    16778.647
236  TVMe+I        8012.877     22  16069.755    16070.791    16177.726
237  TVMe+G4       7883.151     22  15810.301    15811.337    15918.272
238  TVMe+I+G4     7883.467     23  15812.933    15814.064    15925.812
239  TVMe+R2       7896.455     23  15838.911    15840.042    15951.789
240  TVMe+R3       7882.940     25  15815.881    15817.216    15938.575
241  TVMe+R4       7882.571     27  15819.141    15820.697    15951.651
242  TVMe+R5       Skipped 
243  TVMe+R6       Skipped 
244  TVMe+R7       Skipped 
245  TVMe+R8       Skipped 
246  TVMe+R9       Skipped 
247  TVMe+R10      Skipped 
248  TVM           8177.741     24  16403.481    16404.712    16521.267
249  TVM+I         7867.666     25  15785.331    15786.666    15908.025
250  TVM+G4        7734.776     25  15519.553    15520.887    15642.247
251  TVM+I+G4      7734.837     26  15521.674    15523.117    15649.275
252  TVM+R2        7752.797     26  15557.593    15559.036    15685.195
253  TVM+R3        7734.528     28  15525.057    15526.729    15662.474
254  TVM+R4        7734.258     30  15528.515    15530.435    15675.748
255  TVM+R5        Skipped 
256  TVM+R6        Skipped 
257  TVM+R7        Skipped 
258  TVM+R8        Skipped 
259  TVM+R9        Skipped 
260  TVM+R10       Skipped 
261  SYM           8315.254     22  16674.509    16675.544    16782.479
262  SYM+I         8011.147     23  16068.293    16069.425    16181.172
263  SYM+G4        7878.409     23  15802.818    15803.949    15915.696
264  SYM+I+G4      7878.635     24  15805.269    15806.500    15923.055
265  SYM+R2        7893.282     24  15834.564    15835.794    15952.350
266  SYM+R3        7878.395     26  15808.790    15810.233    15936.391
267  SYM+R4        7877.753     28  15811.507    15813.179    15948.924
268  SYM+R5        Skipped 
269  SYM+R6        Skipped 
270  SYM+R7        Skipped 
271  SYM+R8        Skipped 
272  SYM+R9        Skipped 
273  SYM+R10       Skipped 
274  GTR           8176.566     25  16403.133    16404.467    16525.827
275  GTR+I         7867.146     26  15786.291    15787.734    15913.893
276  GTR+G4        7733.357     26  15518.713    15520.156    15646.315
277  GTR+I+G4      7733.254     27  15520.508    15522.063    15653.017
278  GTR+R2        7748.883     27  15551.766    15553.321    15684.275
279  GTR+R3        7732.799     29  15523.598    15525.392    15665.923
280  GTR+R4        7732.742     31  15527.485    15529.534    15679.625
281  GTR+R5        Skipped 
282  GTR+R6        Skipped 
283  GTR+R7        Skipped 
284  GTR+R8        Skipped 
285  GTR+R9        Skipped 
286  GTR+R10       Skipped 
Akaike Information Criterion:           GTR+G4
Corrected Akaike Information Criterion: GTR+G4
Bayesian Information Criterion:         TPM3u+G4
Best-fit model: TPM3u+G4 chosen according to BIC

All model information printed to ./results/gene17.phy.model
CPU time for ModelFinder: 15.771 seconds (0h:0m:15s)
Wall-clock time for ModelFinder: 19.106 seconds (0h:0m:19s)
Generating 1000 samples for ultrafast bootstrap (seed: 803500)...

NOTE: 2 MB RAM (0 GB) is required!
Estimate model parameters (epsilon = 0.100)
1. Initial log-likelihood: -8030.480
2. Current log-likelihood: -7754.114
3. Current log-likelihood: -7742.626
4. Current log-likelihood: -7740.561
5. Current log-likelihood: -7740.393
6. Current log-likelihood: -7740.264
Optimal log-likelihood: -7740.194
Rate parameters:  A-C: 2.318  A-G: 6.262  A-T: 1.000  C-G: 2.318  C-T: 6.262  G-T: 1.000
Base frequencies:   A: 0.415  C: 0.165  G: 0.192  T: 0.228
Gamma shape alpha: 0.495
Parameters optimization took 6 rounds (0.086 sec)
Computing ML distances based on estimated model parameters... 0.002 sec
Computing BIONJ tree...
0.000 seconds
Log-likelihood of BIONJ tree: -7735.305
--------------------------------------------------------------------
|             INITIALIZING CANDIDATE TREE SET                      |
--------------------------------------------------------------------
Generating 98 parsimony trees... 0.076 second
Computing log-likelihood of 96 initial trees ... 0.442 seconds
Current best score: -7735.305

Do NNI search on 20 best initial trees
Estimate model parameters (epsilon = 0.100)
BETTER TREE FOUND at iteration 1: -7731.769
Estimate model parameters (epsilon = 0.100)
BETTER TREE FOUND at iteration 2: -7730.256
UPDATE BEST LOG-LIKELIHOOD: -7730.255
Iteration 10 / LogL: -7730.256 / Time: 0h:0m:20s
UPDATE BEST LOG-LIKELIHOOD: -7730.255
Iteration 20 / LogL: -7736.799 / Time: 0h:0m:21s
Finish initializing candidate tree set (6)
Current best tree score: -7730.255 / CPU time: 2.116
Number of iterations: 20
--------------------------------------------------------------------
|               OPTIMIZING CANDIDATE TREE SET                      |
--------------------------------------------------------------------
UPDATE BEST LOG-LIKELIHOOD: -7730.254
Iteration 30 / LogL: -7732.443 / Time: 0h:0m:21s (0h:0m:6s left)
Iteration 40 / LogL: -7732.443 / Time: 0h:0m:22s (0h:0m:5s left)
Iteration 50 / LogL: -7731.729 / Time: 0h:0m:23s (0h:0m:4s left)
Log-likelihood cutoff on original alignment: -7743.710
UPDATE BEST LOG-LIKELIHOOD: -7730.254
UPDATE BEST LOG-LIKELIHOOD: -7730.254
UPDATE BEST LOG-LIKELIHOOD: -7730.254
Iteration 60 / LogL: -7732.443 / Time: 0h:0m:23s (0h:0m:3s left)
UPDATE BEST LOG-LIKELIHOOD: -7730.254
Iteration 70 / LogL: -7730.254 / Time: 0h:0m:24s (0h:0m:2s left)
Iteration 80 / LogL: -7731.729 / Time: 0h:0m:25s (0h:0m:1s left)
Iteration 90 / LogL: -7732.443 / Time: 0h:0m:25s (0h:0m:0s left)
Iteration 100 / LogL: -7730.255 / Time: 0h:0m:26s (0h:0m:0s left)
Log-likelihood cutoff on original alignment: -7743.710
NOTE: Bootstrap correlation coefficient of split occurrence frequencies: 0.992
TREE SEARCH COMPLETED AFTER 103 ITERATIONS / Time: 0h:0m:26s

--------------------------------------------------------------------
|                    FINALIZING TREE SEARCH                        |
--------------------------------------------------------------------
Performs final model parameters optimization
Estimate model parameters (epsilon = 0.010)
1. Initial log-likelihood: -7730.254
2. Current log-likelihood: -7730.199
3. Current log-likelihood: -7730.173
4. Current log-likelihood: -7730.162
Optimal log-likelihood: -7730.153
Rate parameters:  A-C: 2.495  A-G: 6.627  A-T: 1.000  C-G: 2.495  C-T: 6.627  G-T: 1.000
Base frequencies:   A: 0.415  C: 0.165  G: 0.192  T: 0.228
Gamma shape alpha: 0.490
Parameters optimization took 4 rounds (0.030 sec)
BEST SCORE FOUND : -7730.153
Creating bootstrap support values...
Split supports printed to NEXUS file ./results/gene17.phy.splits.nex
Total tree length: 3.940

Total number of iterations: 103
CPU time used for tree search: 5.822 sec (0h:0m:5s)
Wall-clock time used for tree search: 7.280 sec (0h:0m:7s)
Total CPU time used: 21.755 sec (0h:0m:21s)
Total wall-clock time used: 26.561 sec (0h:0m:26s)

Computing bootstrap consensus tree...
Reading input file ./results/gene17.phy.splits.nex...
10 taxa and 122 splits.
Consensus tree written to ./results/gene17.phy.contree
Reading input trees file ./results/gene17.phy.contree
Log-likelihood of consensus tree: -7730.153

Analysis results written to: 
  IQ-TREE report:                ./results/gene17.phy.iqtree
  Maximum-likelihood tree:       ./results/gene17.phy.treefile
  Likelihood distances:          ./results/gene17.phy.mldist

Ultrafast bootstrap approximation results written to:
  Split support values:          ./results/gene17.phy.splits.nex
  Consensus tree:                ./results/gene17.phy.contree
  Screen log file:               ./results/gene17.phy.log

Date and Time: Tue Aug 22 17:34:28 2017
