IQ-TREE multicore version 1.5.4 for Linux 64-bit built Apr  2 2017
Copyright (c) 2011-2017 by Bui Quang Minh, Nguyen Lam Tung,
Olga Chernomor, Heiko Schmidt, and Arndt von Haeseler.

Host:    hpc-crick (AVX, 251 GB RAM)
Command: iqtree -s ./results/gene7.phy -nt 1 -bb 1000
Seed:    971441 (Using SPRNG - Scalable Parallel Random Number Generator)
Time:    Tue Aug 22 17:51:41 2017
Kernel:  AVX - 1 threads (40 CPU cores detected)

Reading alignment file ./results/gene7.phy ... Phylip format detected
Alignment most likely contains DNA/RNA sequences
Alignment has 10 sequences with 1000 columns and 405 patterns (257 informative sites, 447 constant sites)
   Gap/Ambiguity  Composition  p-value
   1  A    0.00%    passed     79.39%
   2  B    0.00%    passed     56.86%
   3  C    0.00%    passed     97.85%
   4  D    0.00%    passed     97.70%
   5  E    0.00%    passed     70.30%
   6  F    0.00%    passed     95.28%
   7  G    0.00%    passed     95.53%
   8  H    0.00%    passed     93.01%
   9  I    0.00%    passed     89.78%
  10  J    0.00%    passed     66.11%
****  TOTAL    0.00%  0 sequences failed composition chi2 test (p-value<5%; df=3)

Create initial parsimony tree by phylogenetic likelihood library (PLL)... 0.000 seconds

NOTE: ModelFinder requires 2 MB RAM!
ModelFinder will test 286 DNA models (sample size: 1000) ...
 No. Model         -LnL         df  AIC          AICc         BIC
  1  JC            6454.285     17  12942.570    12943.194    13026.002
  2  JC+I          6284.801     18  12605.601    12606.298    12693.941
  3  JC+G4         6253.450     18  12542.901    12543.598    12631.240
  4  JC+I+G4       6253.909     19  12545.818    12546.594    12639.066
  5  JC+R2         6254.334     19  12546.669    12547.444    12639.916
  6  JC+R3         6253.529     21  12549.057    12550.002    12652.120
  7  JC+R4         Skipped 
  8  JC+R5         Skipped 
  9  JC+R6         Skipped 
 10  JC+R7         Skipped 
 11  JC+R8         Skipped 
 12  JC+R9         Skipped 
 13  JC+R10        Skipped 
 14  F81           6336.527     20  12713.054    12713.912    12811.209
 15  F81+I         6168.245     21  12378.490    12379.435    12481.553
 16  F81+G4        6135.650     21  12313.300    12314.244    12416.362
 17  F81+I+G4      6136.099     22  12316.197    12317.233    12424.168
 18  F81+R2        6136.173     22  12316.347    12317.383    12424.318
 19  F81+R3        6135.454     24  12318.908    12320.139    12436.694
 20  F81+R4        Skipped 
 21  F81+R5        Skipped 
 22  F81+R6        Skipped 
 23  F81+R7        Skipped 
 24  F81+R8        Skipped 
 25  F81+R9        Skipped 
 26  F81+R10       Skipped 
 27  K2P           6308.241     18  12652.481    12653.178    12740.821
 28  K2P+I         6126.033     19  12290.065    12290.841    12383.313
 29  K2P+G4        6087.480     19  12212.961    12213.736    12306.208
 30  K2P+I+G4      6087.793     20  12215.585    12216.443    12313.740
 31  K2P+R2        6089.605     20  12219.209    12220.067    12317.364
 32  K2P+R3        6087.389     22  12218.779    12219.815    12326.749
 33  K2P+R4        Skipped 
 34  K2P+R5        Skipped 
 35  K2P+R6        Skipped 
 36  K2P+R7        Skipped 
 37  K2P+R8        Skipped 
 38  K2P+R9        Skipped 
 39  K2P+R10       Skipped 
 40  HKY           6188.534     21  12419.069    12420.013    12522.132
 41  HKY+I         6010.803     22  12065.606    12066.642    12173.576
 42  HKY+G4        5970.926     22  11985.852    11986.888    12093.823
 43  HKY+I+G4      5971.075     23  11988.150    11989.281    12101.029
 44  HKY+R2        5973.557     23  11993.115    11994.246    12105.993
 45  HKY+R3        5970.842     25  11991.685    11993.019    12114.378
 46  HKY+R4        Skipped 
 47  HKY+R5        Skipped 
 48  HKY+R6        Skipped 
 49  HKY+R7        Skipped 
 50  HKY+R8        Skipped 
 51  HKY+R9        Skipped 
 52  HKY+R10       Skipped 
 53  TNe           6307.585     19  12653.169    12653.945    12746.417
 54  TNe+I         6124.532     20  12289.064    12289.922    12387.219
 55  TNe+G4        6084.839     20  12209.678    12210.536    12307.833
 56  TNe+I+G4      6085.122     21  12212.243    12213.188    12315.306
 57  TNe+R2        6087.408     21  12216.816    12217.761    12319.879
 58  TNe+R3        6084.662     23  12215.324    12216.456    12328.203
 59  TNe+R4        Skipped 
 60  TNe+R5        Skipped 
 61  TNe+R6        Skipped 
 62  TNe+R7        Skipped 
 63  TNe+R8        Skipped 
 64  TNe+R9        Skipped 
 65  TNe+R10       Skipped 
 66  TN            6184.406     22  12412.812    12413.848    12520.783
 67  TN+I          6007.592     23  12061.185    12062.316    12174.063
 68  TN+G4         5968.417     23  11982.834    11983.965    12095.713
 69  TN+I+G4       5968.499     24  11984.999    11986.229    12102.785
 70  TN+R2         5970.469     24  11988.937    11990.168    12106.724
 71  TN+R3         5968.261     26  11988.522    11989.965    12116.123
 72  TN+R4         Skipped 
 73  TN+R5         Skipped 
 74  TN+R6         Skipped 
 75  TN+R7         Skipped 
 76  TN+R8         Skipped 
 77  TN+R9         Skipped 
 78  TN+R10        Skipped 
 79  K3P           6304.751     19  12647.503    12648.278    12740.750
 80  K3P+I         6121.798     20  12283.597    12284.455    12381.752
 81  K3P+G4        6082.701     20  12205.402    12206.260    12303.557
 82  K3P+I+G4      6082.950     21  12207.900    12208.845    12310.963
 83  K3P+R2        6084.995     21  12211.991    12212.936    12315.054
 84  K3P+R3        6082.520     23  12211.040    12212.171    12323.918
 85  K3P+R4        Skipped 
 86  K3P+R5        Skipped 
 87  K3P+R6        Skipped 
 88  K3P+R7        Skipped 
 89  K3P+R8        Skipped 
 90  K3P+R9        Skipped 
 91  K3P+R10       Skipped 
 92  K3Pu          6176.740     22  12397.481    12398.517    12505.451
 93  K3Pu+I        5999.574     23  12045.147    12046.279    12158.026
 94  K3Pu+G4       5958.051     23  11962.103    11963.234    12074.981
 95  K3Pu+I+G4     5958.106     24  11964.213    11965.443    12081.999
 96  K3Pu+R2       5961.308     24  11970.616    11971.847    12088.402
 97  K3Pu+R3       5957.912     26  11967.824    11969.267    12095.425
 98  K3Pu+R4       Skipped 
 99  K3Pu+R5       Skipped 
100  K3Pu+R6       Skipped 
101  K3Pu+R7       Skipped 
102  K3Pu+R8       Skipped 
103  K3Pu+R9       Skipped 
104  K3Pu+R10      Skipped 
105  TPM2          6187.224     22  12418.448    12419.484    12526.418
106  TPM2+I        6008.682     23  12063.363    12064.494    12176.242
107  TPM2+G4       5969.526     23  11985.052    11986.183    12097.930
108  TPM2+I+G4     5969.648     24  11987.297    11988.528    12105.083
109  TPM2+R2       5972.049     24  11992.098    11993.329    12109.884
110  TPM2+R3       5969.379     26  11990.758    11992.201    12118.360
111  TPM2+R4       Skipped 
112  TPM2+R5       Skipped 
113  TPM2+R6       Skipped 
114  TPM2+R7       Skipped 
115  TPM2+R8       Skipped 
116  TPM2+R9       Skipped 
117  TPM2+R10      Skipped 
118  TPM2u         6187.336     22  12418.672    12419.708    12526.643
119  TPM2u+I       6008.674     23  12063.347    12064.478    12176.225
120  TPM2u+G4      5969.524     23  11985.048    11986.179    12097.926
121  TPM2u+I+G4    5969.635     24  11987.271    11988.501    12105.057
122  TPM2u+R2      5972.050     24  11992.100    11993.331    12109.886
123  TPM2u+R3      5969.370     26  11990.740    11992.182    12118.341
124  TPM2u+R4      Skipped 
125  TPM2u+R5      Skipped 
126  TPM2u+R6      Skipped 
127  TPM2u+R7      Skipped 
128  TPM2u+R8      Skipped 
129  TPM2u+R9      Skipped 
130  TPM2u+R10     Skipped 
131  TPM3          6174.982     22  12393.964    12395.000    12501.934
132  TPM3+I        6000.500     23  12046.999    12048.131    12159.878
133  TPM3+G4       5956.367     23  11958.734    11959.865    12071.612
134  TPM3+I+G4     5956.439     24  11960.879    11962.109    12078.665
135  TPM3+R2       5960.153     24  11968.305    11969.536    12086.091
136  TPM3+R3       5956.044     26  11964.089    11965.532    12091.690
137  TPM3+R4       Skipped 
138  TPM3+R5       Skipped 
139  TPM3+R6       Skipped 
140  TPM3+R7       Skipped 
141  TPM3+R8       Skipped 
142  TPM3+R9       Skipped 
143  TPM3+R10      Skipped 
144  TPM3u         6174.952     22  12393.905    12394.941    12501.875
145  TPM3u+I       6000.501     23  12047.001    12048.132    12159.880
146  TPM3u+G4      5956.363     23  11958.725    11959.857    12071.604
147  TPM3u+I+G4    5956.431     24  11960.863    11962.093    12078.649
148  TPM3u+R2      5960.145     24  11968.290    11969.521    12086.076
149  TPM3u+R3      5956.022     26  11964.044    11965.487    12091.646
150  TPM3u+R4      Skipped 
151  TPM3u+R5      Skipped 
152  TPM3u+R6      Skipped 
153  TPM3u+R7      Skipped 
154  TPM3u+R8      Skipped 
155  TPM3u+R9      Skipped 
156  TPM3u+R10     Skipped 
157  TIMe          6304.062     20  12648.124    12648.982    12746.279
158  TIMe+I        6120.403     21  12282.806    12283.751    12385.869
159  TIMe+G4       6079.999     21  12201.998    12202.943    12305.061
160  TIMe+I+G4     6080.178     22  12204.355    12205.391    12312.326
161  TIMe+R2       6082.762     22  12209.525    12210.561    12317.495
162  TIMe+R3       6079.707     24  12207.415    12208.645    12325.201
163  TIMe+R4       Skipped 
164  TIMe+R5       Skipped 
165  TIMe+R6       Skipped 
166  TIMe+R7       Skipped 
167  TIMe+R8       Skipped 
168  TIMe+R9       Skipped 
169  TIMe+R10      Skipped 
170  TIM           6172.245     23  12390.491    12391.622    12503.369
171  TIM+I         5996.261     24  12040.523    12041.754    12158.309
172  TIM+G4        5955.639     24  11959.279    11960.509    12077.065
173  TIM+I+G4      5955.667     25  11961.333    11962.668    12084.027
174  TIM+R2        5958.266     25  11966.533    11967.867    12089.227
175  TIM+R3        5955.455     27  11964.911    11966.466    12097.420
176  TIM+R4        Skipped 
177  TIM+R5        Skipped 
178  TIM+R6        Skipped 
179  TIM+R7        Skipped 
180  TIM+R8        Skipped 
181  TIM+R9        Skipped 
182  TIM+R10       Skipped 
183  TIM2e         6296.445     20  12632.890    12633.748    12731.045
184  TIM2e+I       6108.512     21  12259.024    12259.969    12362.087
185  TIM2e+G4      6062.004     21  12166.009    12166.954    12269.072
186  TIM2e+I+G4    6062.228     22  12168.456    12169.492    12276.427
187  TIM2e+R2      6065.732     22  12175.463    12176.499    12283.434
188  TIM2e+R3      6061.238     24  12170.476    12171.707    12288.262
189  TIM2e+R4      Skipped 
190  TIM2e+R5      Skipped 
191  TIM2e+R6      Skipped 
192  TIM2e+R7      Skipped 
193  TIM2e+R8      Skipped 
194  TIM2e+R9      Skipped 
195  TIM2e+R10     Skipped 
196  TIM2          6183.082     23  12412.165    12413.296    12525.043
197  TIM2+I        6005.583     24  12059.166    12060.396    12176.952
198  TIM2+G4       5966.719     24  11981.438    11982.668    12099.224
199  TIM2+I+G4     5966.759     25  11983.518    11984.853    12106.212
200  TIM2+R2       5968.849     25  11987.699    11989.034    12110.393
201  TIM2+R3       5966.459     27  11986.918    11988.474    12119.428
202  TIM2+R4       Skipped 
203  TIM2+R5       Skipped 
204  TIM2+R6       Skipped 
205  TIM2+R7       Skipped 
206  TIM2+R8       Skipped 
207  TIM2+R9       Skipped 
208  TIM2+R10      Skipped 
209  TIM3e         6305.602     20  12651.204    12652.062    12749.359
210  TIM3e+I       6123.236     21  12288.471    12289.416    12391.534
211  TIM3e+G4      6083.027     21  12208.053    12208.998    12311.116
212  TIM3e+I+G4    6083.162     22  12210.323    12211.359    12318.294
213  TIM3e+R2      6085.703     22  12215.406    12216.442    12323.377
214  TIM3e+R3      6082.665     24  12213.330    12214.561    12331.116
215  TIM3e+R4      Skipped 
216  TIM3e+R5      Skipped 
217  TIM3e+R6      Skipped 
218  TIM3e+R7      Skipped 
219  TIM3e+R8      Skipped 
220  TIM3e+R9      Skipped 
221  TIM3e+R10     Skipped 
222  TIM3          6169.336     23  12384.671    12385.802    12497.550
223  TIM3+I        5996.857     24  12041.713    12042.944    12159.500
224  TIM3+G4       5951.877     24  11951.753    11952.984    12069.539
225  TIM3+I+G4     5951.931     25  11953.862    11955.197    12076.556
226  TIM3+R2       5955.896     25  11961.792    11963.126    12084.485
227  TIM3+R3       5951.324     27  11956.649    11958.204    12089.158
228  TIM3+R4       Skipped 
229  TIM3+R5       Skipped 
230  TIM3+R6       Skipped 
231  TIM3+R7       Skipped 
232  TIM3+R8       Skipped 
233  TIM3+R9       Skipped 
234  TIM3+R10      Skipped 
235  TVMe          6291.402     21  12624.804    12625.748    12727.867
236  TVMe+I        6103.896     22  12251.792    12252.828    12359.763
237  TVMe+G4       6058.216     22  12160.432    12161.468    12268.402
238  TVMe+I+G4     6058.214     23  12162.429    12163.560    12275.307
239  TVMe+R2       6061.444     23  12168.888    12170.019    12281.767
240  TVMe+R3       6057.256     25  12164.512    12165.847    12287.206
241  TVMe+R4       Skipped 
242  TVMe+R5       Skipped 
243  TVMe+R6       Skipped 
244  TVMe+R7       Skipped 
245  TVMe+R8       Skipped 
246  TVMe+R9       Skipped 
247  TVMe+R10      Skipped 
248  TVM           6167.118     24  12382.237    12383.467    12500.023
249  TVM+I         5991.371     25  12032.743    12034.077    12155.437
250  TVM+G4        5948.013     25  11946.027    11947.362    12068.721
251  TVM+I+G4      5947.894     26  11947.788    11949.231    12075.390
252  TVM+R2        5951.791     26  11955.582    11957.025    12083.184
253  TVM+R3        5947.506     28  11951.012    11952.685    12088.430
254  TVM+R4        Skipped 
255  TVM+R5        Skipped 
256  TVM+R6        Skipped 
257  TVM+R7        Skipped 
258  TVM+R8        Skipped 
259  TVM+R9        Skipped 
260  TVM+R10       Skipped 
261  SYM           6290.869     22  12625.738    12626.773    12733.708
262  SYM+I         6102.379     23  12250.758    12251.889    12363.636
263  SYM+G4        6054.466     23  12154.933    12156.064    12267.811
264  SYM+I+G4      6054.624     24  12157.248    12158.479    12275.034
265  SYM+R2        6058.419     24  12164.838    12166.069    12282.624
266  SYM+R3        6053.668     26  12159.337    12160.780    12286.938
267  SYM+R4        Skipped 
268  SYM+R5        Skipped 
269  SYM+R6        Skipped 
270  SYM+R7        Skipped 
271  SYM+R8        Skipped 
272  SYM+R9        Skipped 
273  SYM+R10       Skipped 
274  GTR           6161.437     25  12372.874    12374.209    12495.568
275  GTR+I         5987.965     26  12027.931    12029.374    12155.532
276  GTR+G4        5943.226     26  11938.452    11939.895    12066.054
277  GTR+I+G4      5943.263     27  11940.526    11942.082    12073.036
278  GTR+R2        5947.371     27  11948.743    11950.298    12081.252
279  GTR+R3        5942.672     29  11943.345    11945.139    12085.670
280  GTR+R4        Skipped 
281  GTR+R5        Skipped 
282  GTR+R6        Skipped 
283  GTR+R7        Skipped 
284  GTR+R8        Skipped 
285  GTR+R9        Skipped 
286  GTR+R10       Skipped 
Akaike Information Criterion:           GTR+G4
Corrected Akaike Information Criterion: GTR+G4
Bayesian Information Criterion:         GTR+G4
Best-fit model: GTR+G4 chosen according to BIC

All model information printed to ./results/gene7.phy.model
CPU time for ModelFinder: 4.256 seconds (0h:0m:4s)
Wall-clock time for ModelFinder: 6.569 seconds (0h:0m:6s)
Generating 1000 samples for ultrafast bootstrap (seed: 971441)...

NOTE: 2 MB RAM (0 GB) is required!
Estimate model parameters (epsilon = 0.100)
1. Initial log-likelihood: -6174.511
2. Current log-likelihood: -5949.982
3. Current log-likelihood: -5944.055
4. Current log-likelihood: -5943.890
Optimal log-likelihood: -5943.816
Rate parameters:  A-C: 2.783  A-G: 3.907  A-T: 0.726  C-G: 1.001  C-T: 6.176  G-T: 1.000
Base frequencies:   A: 0.394  C: 0.138  G: 0.214  T: 0.254
Gamma shape alpha: 0.571
Parameters optimization took 4 rounds (0.089 sec)
Computing ML distances based on estimated model parameters... 0.001 sec
Computing BIONJ tree...
0.000 seconds
Log-likelihood of BIONJ tree: -5944.613
--------------------------------------------------------------------
|             INITIALIZING CANDIDATE TREE SET                      |
--------------------------------------------------------------------
Generating 98 parsimony trees... 0.060 second
Computing log-likelihood of 88 initial trees ... 0.335 seconds
Current best score: -5943.120

Do NNI search on 20 best initial trees
Estimate model parameters (epsilon = 0.100)
BETTER TREE FOUND at iteration 1: -5941.668
Iteration 10 / LogL: -5941.669 / Time: 0h:0m:7s
UPDATE BEST LOG-LIKELIHOOD: -5941.668
UPDATE BEST LOG-LIKELIHOOD: -5941.667
Iteration 20 / LogL: -5941.670 / Time: 0h:0m:7s
Finish initializing candidate tree set (2)
Current best tree score: -5941.667 / CPU time: 1.158
Number of iterations: 20
--------------------------------------------------------------------
|               OPTIMIZING CANDIDATE TREE SET                      |
--------------------------------------------------------------------
UPDATE BEST LOG-LIKELIHOOD: -5941.667
UPDATE BEST LOG-LIKELIHOOD: -5941.667
Iteration 30 / LogL: -5941.705 / Time: 0h:0m:8s (0h:0m:3s left)
Iteration 40 / LogL: -5941.705 / Time: 0h:0m:8s (0h:0m:3s left)
Iteration 50 / LogL: -5941.677 / Time: 0h:0m:8s (0h:0m:2s left)
Log-likelihood cutoff on original alignment: -5953.805
Iteration 60 / LogL: -5941.677 / Time: 0h:0m:9s (0h:0m:1s left)
Iteration 70 / LogL: -5941.690 / Time: 0h:0m:9s (0h:0m:1s left)
UPDATE BEST LOG-LIKELIHOOD: -5941.667
Iteration 80 / LogL: -5941.687 / Time: 0h:0m:9s (0h:0m:0s left)
Iteration 90 / LogL: -5941.669 / Time: 0h:0m:10s (0h:0m:0s left)
UPDATE BEST LOG-LIKELIHOOD: -5941.667
UPDATE BEST LOG-LIKELIHOOD: -5941.667
Iteration 100 / LogL: -5941.821 / Time: 0h:0m:10s (0h:0m:0s left)
Log-likelihood cutoff on original alignment: -5955.511
NOTE: Bootstrap correlation coefficient of split occurrence frequencies: 0.994
TREE SEARCH COMPLETED AFTER 102 ITERATIONS / Time: 0h:0m:10s

--------------------------------------------------------------------
|                    FINALIZING TREE SEARCH                        |
--------------------------------------------------------------------
Performs final model parameters optimization
Estimate model parameters (epsilon = 0.010)
1. Initial log-likelihood: -5941.667
2. Current log-likelihood: -5941.639
Optimal log-likelihood: -5941.632
Rate parameters:  A-C: 2.775  A-G: 3.900  A-T: 0.696  C-G: 1.064  C-T: 6.190  G-T: 1.000
Base frequencies:   A: 0.394  C: 0.138  G: 0.214  T: 0.254
Gamma shape alpha: 0.573
Parameters optimization took 2 rounds (0.018 sec)
BEST SCORE FOUND : -5941.632
Creating bootstrap support values...
Split supports printed to NEXUS file ./results/gene7.phy.splits.nex
Total tree length: 1.842

Total number of iterations: 102
CPU time used for tree search: 3.600 sec (0h:0m:3s)
Wall-clock time used for tree search: 4.064 sec (0h:0m:4s)
Total CPU time used: 8.006 sec (0h:0m:8s)
Total wall-clock time used: 10.817 sec (0h:0m:10s)

Computing bootstrap consensus tree...
Reading input file ./results/gene7.phy.splits.nex...
10 taxa and 96 splits.
Consensus tree written to ./results/gene7.phy.contree
Reading input trees file ./results/gene7.phy.contree
Log-likelihood of consensus tree: -5941.695

Analysis results written to: 
  IQ-TREE report:                ./results/gene7.phy.iqtree
  Maximum-likelihood tree:       ./results/gene7.phy.treefile
  Likelihood distances:          ./results/gene7.phy.mldist

Ultrafast bootstrap approximation results written to:
  Split support values:          ./results/gene7.phy.splits.nex
  Consensus tree:                ./results/gene7.phy.contree
  Screen log file:               ./results/gene7.phy.log

Date and Time: Tue Aug 22 17:51:53 2017
