IQ-TREE multicore version 1.5.4 for Linux 64-bit built Apr  2 2017
Copyright (c) 2011-2017 by Bui Quang Minh, Nguyen Lam Tung,
Olga Chernomor, Heiko Schmidt, and Arndt von Haeseler.

Host:    hpc-crick (AVX, 251 GB RAM)
Command: iqtree -s ./results/gene10.phy -nt 1 -bb 1000
Seed:    787479 (Using SPRNG - Scalable Parallel Random Number Generator)
Time:    Tue Aug 22 17:42:13 2017
Kernel:  AVX - 1 threads (40 CPU cores detected)

Reading alignment file ./results/gene10.phy ... Phylip format detected
Alignment most likely contains DNA/RNA sequences
Alignment has 10 sequences with 1000 columns and 522 patterns (362 informative sites, 371 constant sites)
   Gap/Ambiguity  Composition  p-value
   1  A    0.00%    passed     99.04%
   2  B    0.00%    passed     84.63%
   3  C    0.00%    passed     89.59%
   4  D    0.00%    passed     89.58%
   5  E    0.00%    passed     86.88%
   6  F    0.00%    passed     99.06%
   7  G    0.00%    passed     79.81%
   8  H    0.00%    passed     72.43%
   9  I    0.00%    passed     95.14%
  10  J    0.00%    passed     85.50%
****  TOTAL    0.00%  0 sequences failed composition chi2 test (p-value<5%; df=3)

Create initial parsimony tree by phylogenetic likelihood library (PLL)... 0.001 seconds

NOTE: ModelFinder requires 3 MB RAM!
ModelFinder will test 286 DNA models (sample size: 1000) ...
 No. Model         -LnL         df  AIC          AICc         BIC
  1  JC            8129.501     17  16293.002    16293.625    16376.434
  2  JC+I          7825.461     18  15686.921    15687.618    15775.261
  3  JC+G4         7746.113     18  15528.227    15528.924    15616.567
  4  JC+I+G4       7745.436     19  15528.872    15529.647    15622.119
  5  JC+R2         7754.550     19  15547.099    15547.875    15640.347
  6  JC+R3         7745.171     21  15532.342    15533.287    15635.405
  7  JC+R4         7745.164     23  15536.328    15537.459    15649.206
  8  JC+R5         Skipped 
  9  JC+R6         Skipped 
 10  JC+R7         Skipped 
 11  JC+R8         Skipped 
 12  JC+R9         Skipped 
 13  JC+R10        Skipped 
 14  F81           8011.135     20  16062.271    16063.129    16160.426
 15  F81+I         7701.495     21  15444.991    15445.936    15548.054
 16  F81+G4        7614.827     21  15271.654    15272.599    15374.717
 17  F81+I+G4      7614.442     22  15272.884    15273.920    15380.854
 18  F81+R2        7624.015     22  15292.030    15293.066    15400.000
 19  F81+R3        7613.955     24  15275.910    15277.141    15393.696
 20  F81+R4        7613.971     26  15279.943    15281.386    15407.544
 21  F81+R5        Skipped 
 22  F81+R6        Skipped 
 23  F81+R7        Skipped 
 24  F81+R8        Skipped 
 25  F81+R9        Skipped 
 26  F81+R10       Skipped 
 27  K2P           8006.409     18  16048.819    16049.516    16137.158
 28  K2P+I         7691.032     19  15420.064    15420.840    15513.312
 29  K2P+G4        7595.160     19  15228.319    15229.095    15321.567
 30  K2P+I+G4      7594.848     20  15229.696    15230.554    15327.852
 31  K2P+R2        7609.064     20  15258.128    15258.986    15356.283
 32  K2P+R3        7594.396     22  15232.793    15233.829    15340.764
 33  K2P+R4        7594.395     24  15236.790    15238.021    15354.576
 34  K2P+R5        Skipped 
 35  K2P+R6        Skipped 
 36  K2P+R7        Skipped 
 37  K2P+R8        Skipped 
 38  K2P+R9        Skipped 
 39  K2P+R10       Skipped 
 40  HKY           7885.095     21  15812.189    15813.134    15915.252
 41  HKY+I         7566.817     22  15177.634    15178.670    15285.605
 42  HKY+G4        7456.069     22  14956.137    14957.173    15064.108
 43  HKY+I+G4      7456.269     23  14958.537    14959.669    15071.416
 44  HKY+R2        7474.212     23  14994.423    14995.554    15107.302
 45  HKY+R3        7455.657     25  14961.315    14962.649    15084.009
 46  HKY+R4        7455.597     27  14965.194    14966.750    15097.703
 47  HKY+R5        Skipped 
 48  HKY+R6        Skipped 
 49  HKY+R7        Skipped 
 50  HKY+R8        Skipped 
 51  HKY+R9        Skipped 
 52  HKY+R10       Skipped 
 53  TNe           8006.212     19  16050.423    16051.199    16143.671
 54  TNe+I         7691.020     20  15422.040    15422.898    15520.195
 55  TNe+G4        7593.604     20  15227.208    15228.066    15325.363
 56  TNe+I+G4      7593.189     21  15228.378    15229.323    15331.441
 57  TNe+R2        7608.838     21  15259.675    15260.620    15362.738
 58  TNe+R3        7592.649     23  15231.298    15232.429    15344.176
 59  TNe+R4        7592.644     25  15235.288    15236.623    15357.982
 60  TNe+R5        Skipped 
 61  TNe+R6        Skipped 
 62  TNe+R7        Skipped 
 63  TNe+R8        Skipped 
 64  TNe+R9        Skipped 
 65  TNe+R10       Skipped 
 66  TN            7880.841     22  15805.681    15806.717    15913.652
 67  TN+I          7560.097     23  15166.194    15167.325    15279.072
 68  TN+G4         7453.291     23  14952.582    14953.713    15065.460
 69  TN+I+G4       7453.099     24  14954.198    14955.429    15071.984
 70  TN+R2         7467.873     24  14983.745    14984.976    15101.532
 71  TN+R3         7452.654     26  14957.309    14958.751    15084.910
 72  TN+R4         7452.571     28  14961.141    14962.814    15098.558
 73  TN+R5         Skipped 
 74  TN+R6         Skipped 
 75  TN+R7         Skipped 
 76  TN+R8         Skipped 
 77  TN+R9         Skipped 
 78  TN+R10        Skipped 
 79  K3P           8000.861     19  16039.722    16040.497    16132.969
 80  K3P+I         7685.454     20  15410.909    15411.767    15509.064
 81  K3P+G4        7586.018     20  15212.037    15212.895    15310.192
 82  K3P+I+G4      7585.573     21  15213.147    15214.092    15316.210
 83  K3P+R2        7601.311     21  15244.621    15245.566    15347.684
 84  K3P+R3        7585.110     23  15216.219    15217.351    15329.098
 85  K3P+R4        7585.091     25  15220.181    15221.516    15342.875
 86  K3P+R5        Skipped 
 87  K3P+R6        Skipped 
 88  K3P+R7        Skipped 
 89  K3P+R8        Skipped 
 90  K3P+R9        Skipped 
 91  K3P+R10       Skipped 
 92  K3Pu          7869.041     22  15782.083    15783.118    15890.053
 93  K3Pu+I        7550.703     23  15147.406    15148.538    15260.285
 94  K3Pu+G4       7432.849     23  14911.698    14912.830    15024.577
 95  K3Pu+I+G4     7433.105     24  14914.211    14915.441    15031.997
 96  K3Pu+R2       7453.458     24  14954.916    14956.147    15072.702
 97  K3Pu+R3       7432.146     26  14916.292    14917.735    15043.894
 98  K3Pu+R4       7432.143     28  14920.286    14921.958    15057.703
 99  K3Pu+R5       Skipped 
100  K3Pu+R6       Skipped 
101  K3Pu+R7       Skipped 
102  K3Pu+R8       Skipped 
103  K3Pu+R9       Skipped 
104  K3Pu+R10      Skipped 
105  TPM2          7885.100     22  15814.199    15815.235    15922.170
106  TPM2+I        7566.469     23  15178.938    15180.069    15291.816
107  TPM2+G4       7456.005     23  14958.010    14959.141    15070.889
108  TPM2+I+G4     7456.081     24  14960.163    14961.394    15077.949
109  TPM2+R2       7474.263     24  14996.526    14997.757    15114.312
110  TPM2+R3       7455.515     26  14963.030    14964.473    15090.632
111  TPM2+R4       7455.489     28  14966.977    14968.650    15104.395
112  TPM2+R5       Skipped 
113  TPM2+R6       Skipped 
114  TPM2+R7       Skipped 
115  TPM2+R8       Skipped 
116  TPM2+R9       Skipped 
117  TPM2+R10      Skipped 
118  TPM2u         7885.095     22  15814.191    15815.227    15922.161
119  TPM2u+I       7566.468     23  15178.936    15180.067    15291.815
120  TPM2u+G4      7456.006     23  14958.013    14959.144    15070.891
121  TPM2u+I+G4    7456.066     24  14960.132    14961.363    15077.918
122  TPM2u+R2      7474.257     24  14996.515    14997.746    15114.301
123  TPM2u+R3      7455.501     26  14963.002    14964.445    15090.604
124  TPM2u+R4      7455.479     28  14966.958    14968.630    15104.375
125  TPM2u+R5      Skipped 
126  TPM2u+R6      Skipped 
127  TPM2u+R7      Skipped 
128  TPM2u+R8      Skipped 
129  TPM2u+R9      Skipped 
130  TPM2u+R10     Skipped 
131  TPM3          7877.540     22  15799.080    15800.115    15907.050
132  TPM3+I        7558.548     23  15163.096    15164.227    15275.974
133  TPM3+G4       7440.153     23  14926.307    14927.438    15039.185
134  TPM3+I+G4     7440.467     24  14928.934    14930.165    15046.720
135  TPM3+R2       7460.802     24  14969.604    14970.835    15087.390
136  TPM3+R3       7439.458     26  14930.916    14932.359    15058.518
137  TPM3+R4       7439.439     28  14934.878    14936.550    15072.295
138  TPM3+R5       Skipped 
139  TPM3+R6       Skipped 
140  TPM3+R7       Skipped 
141  TPM3+R8       Skipped 
142  TPM3+R9       Skipped 
143  TPM3+R10      Skipped 
144  TPM3u         7877.556     22  15799.112    15800.148    15907.082
145  TPM3u+I       7558.542     23  15163.083    15164.215    15275.962
146  TPM3u+G4      7440.415     23  14926.830    14927.961    15039.708
147  TPM3u+I+G4    7440.430     24  14928.861    14930.091    15046.647
148  TPM3u+R2      7460.774     24  14969.547    14970.778    15087.334
149  TPM3u+R3      7439.433     26  14930.865    14932.308    15058.467
150  TPM3u+R4      7439.466     28  14934.932    14936.604    15072.349
151  TPM3u+R5      Skipped 
152  TPM3u+R6      Skipped 
153  TPM3u+R7      Skipped 
154  TPM3u+R8      Skipped 
155  TPM3u+R9      Skipped 
156  TPM3u+R10     Skipped 
157  TIMe          8000.677     20  16041.353    16042.211    16139.508
158  TIMe+I        7685.446     21  15412.892    15413.837    15515.955
159  TIMe+G4       7584.526     21  15211.052    15211.996    15314.114
160  TIMe+I+G4     7584.082     22  15212.164    15213.199    15320.134
161  TIMe+R2       7601.089     22  15246.179    15247.215    15354.149
162  TIMe+R3       7583.437     24  15214.874    15216.105    15332.661
163  TIMe+R4       7583.399     26  15218.797    15220.240    15346.399
164  TIMe+R5       Skipped 
165  TIMe+R6       Skipped 
166  TIMe+R7       Skipped 
167  TIMe+R8       Skipped 
168  TIMe+R9       Skipped 
169  TIMe+R10      Skipped 
170  TIM           7864.254     23  15774.508    15775.640    15887.387
171  TIM+I         7543.095     24  15134.190    15135.421    15251.976
172  TIM+G4        7429.998     24  14907.996    14909.227    15025.783
173  TIM+I+G4      7430.097     25  14910.194    14911.528    15032.888
174  TIM+R2        7447.018     25  14944.035    14945.370    15066.729
175  TIM+R3        7429.116     27  14912.232    14913.787    15044.741
176  TIM+R4        7429.229     29  14916.457    14918.251    15058.782
177  TIM+R5        Skipped 
178  TIM+R6        Skipped 
179  TIM+R7        Skipped 
180  TIM+R8        Skipped 
181  TIM+R9        Skipped 
182  TIM+R10       Skipped 
183  TIM2e         7997.839     20  16035.678    16036.536    16133.833
184  TIM2e+I       7680.263     21  15402.526    15403.471    15505.589
185  TIM2e+G4      7572.485     21  15186.971    15187.915    15290.034
186  TIM2e+I+G4    7572.330     22  15188.660    15189.696    15296.631
187  TIM2e+R2      7590.566     22  15225.131    15226.167    15333.102
188  TIM2e+R3      7571.630     24  15191.260    15192.491    15309.046
189  TIM2e+R4      7571.590     26  15195.180    15196.623    15322.782
190  TIM2e+R5      Skipped 
191  TIM2e+R6      Skipped 
192  TIM2e+R7      Skipped 
193  TIM2e+R8      Skipped 
194  TIM2e+R9      Skipped 
195  TIM2e+R10     Skipped 
196  TIM2          7880.853     23  15807.706    15808.837    15920.584
197  TIM2+I        7559.806     24  15167.611    15168.842    15285.397
198  TIM2+G4       7453.031     24  14954.062    14955.293    15071.848
199  TIM2+I+G4     7452.997     25  14955.993    14957.328    15078.687
200  TIM2+R2       7467.821     25  14985.641    14986.976    15108.335
201  TIM2+R3       7452.577     27  14959.154    14960.710    15091.664
202  TIM2+R4       7452.835     29  14963.669    14965.463    15105.994
203  TIM2+R5       Skipped 
204  TIM2+R6       Skipped 
205  TIM2+R7       Skipped 
206  TIM2+R8       Skipped 
207  TIM2+R9       Skipped 
208  TIM2+R10      Skipped 
209  TIM3e         8005.546     20  16051.093    16051.951    16149.248
210  TIM3e+I       7690.182     21  15422.364    15423.309    15525.427
211  TIM3e+G4      7590.777     21  15223.555    15224.500    15326.618
212  TIM3e+I+G4    7590.375     22  15224.751    15225.787    15332.721
213  TIM3e+R2      7607.070     22  15258.140    15259.176    15366.111
214  TIM3e+R3      7589.684     24  15227.367    15228.598    15345.154
215  TIM3e+R4      7589.635     26  15231.270    15232.713    15358.872
216  TIM3e+R5      Skipped 
217  TIM3e+R6      Skipped 
218  TIM3e+R7      Skipped 
219  TIM3e+R8      Skipped 
220  TIM3e+R9      Skipped 
221  TIM3e+R10     Skipped 
222  TIM3          7871.680     23  15789.359    15790.490    15902.238
223  TIM3+I        7549.845     24  15147.691    15148.921    15265.477
224  TIM3+G4       7435.659     24  14919.318    14920.549    15037.104
225  TIM3+I+G4     7435.705     25  14921.411    14922.745    15044.104
226  TIM3+R2       7451.641     25  14953.282    14954.616    15075.976
227  TIM3+R3       7434.851     27  14923.701    14925.257    15056.211
228  TIM3+R4       7434.859     29  14927.719    14929.512    15070.043
229  TIM3+R5       Skipped 
230  TIM3+R6       Skipped 
231  TIM3+R7       Skipped 
232  TIM3+R8       Skipped 
233  TIM3+R9       Skipped 
234  TIM3+R10      Skipped 
235  TVMe          7990.302     21  16022.605    16023.550    16125.668
236  TVMe+I        7672.421     22  15388.842    15389.878    15496.813
237  TVMe+G4       7562.239     22  15168.477    15169.513    15276.448
238  TVMe+I+G4     7561.994     23  15169.989    15171.120    15282.867
239  TVMe+R2       7580.327     23  15206.655    15207.786    15319.533
240  TVMe+R3       7561.296     25  15172.592    15173.927    15295.286
241  TVMe+R4       7561.281     27  15176.561    15178.117    15309.071
242  TVMe+R5       Skipped 
243  TVMe+R6       Skipped 
244  TVMe+R7       Skipped 
245  TVMe+R8       Skipped 
246  TVMe+R9       Skipped 
247  TVMe+R10      Skipped 
248  TVM           7866.685     24  15781.369    15782.600    15899.155
249  TVM+I         7547.147     25  15144.293    15145.628    15266.987
250  TVM+G4        7426.582     25  14903.164    14904.499    15025.858
251  TVM+I+G4      7426.773     26  14905.546    14906.989    15033.147
252  TVM+R2        7448.026     26  14948.051    14949.494    15075.653
253  TVM+R3        7425.649     28  14907.298    14908.970    15044.715
254  TVM+R4        7425.624     30  14911.248    14913.168    15058.481
255  TVM+R5        Skipped 
256  TVM+R6        Skipped 
257  TVM+R7        Skipped 
258  TVM+R8        Skipped 
259  TVM+R9        Skipped 
260  TVM+R10       Skipped 
261  SYM           7990.102     22  16024.205    16025.241    16132.176
262  SYM+I         7672.429     23  15390.858    15391.989    15503.736
263  SYM+G4        7559.668     23  15165.335    15166.466    15278.213
264  SYM+I+G4      7559.520     24  15167.040    15168.271    15284.826
265  SYM+R2        7579.615     24  15207.229    15208.460    15325.015
266  SYM+R3        7558.511     26  15169.022    15170.465    15296.623
267  SYM+R4        7558.503     28  15173.006    15174.678    15310.423
268  SYM+R5        Skipped 
269  SYM+R6        Skipped 
270  SYM+R7        Skipped 
271  SYM+R8        Skipped 
272  SYM+R9        Skipped 
273  SYM+R10       Skipped 
274  GTR           7860.879     25  15771.757    15773.092    15894.451
275  GTR+I         7538.640     26  15129.279    15130.722    15256.881
276  GTR+G4        7421.911     26  14895.823    14897.266    15023.424
277  GTR+I+G4      7422.089     27  14898.178    14899.734    15030.688
278  GTR+R2        7438.938     27  14931.877    14933.432    15064.386
279  GTR+R3        7420.934     29  14899.868    14901.662    15042.193
280  GTR+R4        7420.954     31  14903.907    14905.957    15056.047
281  GTR+R5        Skipped 
282  GTR+R6        Skipped 
283  GTR+R7        Skipped 
284  GTR+R8        Skipped 
285  GTR+R9        Skipped 
286  GTR+R10       Skipped 
Akaike Information Criterion:           GTR+G4
Corrected Akaike Information Criterion: GTR+G4
Bayesian Information Criterion:         GTR+G4
Best-fit model: GTR+G4 chosen according to BIC

All model information printed to ./results/gene10.phy.model
CPU time for ModelFinder: 12.979 seconds (0h:0m:12s)
Wall-clock time for ModelFinder: 20.216 seconds (0h:0m:20s)
Generating 1000 samples for ultrafast bootstrap (seed: 787479)...

NOTE: 2 MB RAM (0 GB) is required!
Estimate model parameters (epsilon = 0.100)
1. Initial log-likelihood: -7689.042
2. Current log-likelihood: -7432.780
3. Current log-likelihood: -7423.143
4. Current log-likelihood: -7422.131
5. Current log-likelihood: -7422.001
Optimal log-likelihood: -7421.939
Rate parameters:  A-C: 2.039  A-G: 2.856  A-T: 0.357  C-G: 0.810  C-T: 4.575  G-T: 1.000
Base frequencies:   A: 0.412  C: 0.154  G: 0.199  T: 0.235
Gamma shape alpha: 0.481
Parameters optimization took 5 rounds (0.180 sec)
Computing ML distances based on estimated model parameters... 0.002 sec
Computing BIONJ tree...
0.000 seconds
Log-likelihood of BIONJ tree: -7420.449
--------------------------------------------------------------------
|             INITIALIZING CANDIDATE TREE SET                      |
--------------------------------------------------------------------
Generating 98 parsimony trees... 0.133 second
Computing log-likelihood of 93 initial trees ... 0.762 seconds
Current best score: -7420.449

Do NNI search on 20 best initial trees
Estimate model parameters (epsilon = 0.100)
BETTER TREE FOUND at iteration 1: -7420.294
UPDATE BEST LOG-LIKELIHOOD: -7420.293
Estimate model parameters (epsilon = 0.100)
BETTER TREE FOUND at iteration 5: -7419.888
Iteration 10 / LogL: -7419.933 / Time: 0h:0m:21s
UPDATE BEST LOG-LIKELIHOOD: -7419.886
UPDATE BEST LOG-LIKELIHOOD: -7419.886
UPDATE BEST LOG-LIKELIHOOD: -7419.885
Iteration 20 / LogL: -7419.933 / Time: 0h:0m:22s
Finish initializing candidate tree set (9)
Current best tree score: -7419.885 / CPU time: 1.822
Number of iterations: 20
--------------------------------------------------------------------
|               OPTIMIZING CANDIDATE TREE SET                      |
--------------------------------------------------------------------
Iteration 30 / LogL: -7419.886 / Time: 0h:0m:22s (0h:0m:5s left)
Iteration 40 / LogL: -7419.888 / Time: 0h:0m:22s (0h:0m:4s left)
UPDATE BEST LOG-LIKELIHOOD: -7419.884
Iteration 50 / LogL: -7419.934 / Time: 0h:0m:23s (0h:0m:3s left)
Log-likelihood cutoff on original alignment: -7427.178
UPDATE BEST LOG-LIKELIHOOD: -7419.884
Iteration 60 / LogL: -7419.934 / Time: 0h:0m:23s (0h:0m:2s left)
Iteration 70 / LogL: -7419.934 / Time: 0h:0m:24s (0h:0m:2s left)
UPDATE BEST LOG-LIKELIHOOD: -7419.884
Iteration 80 / LogL: -7419.917 / Time: 0h:0m:24s (0h:0m:1s left)
Iteration 90 / LogL: -7419.885 / Time: 0h:0m:24s (0h:0m:0s left)
UPDATE BEST LOG-LIKELIHOOD: -7419.884
Iteration 100 / LogL: -7419.884 / Time: 0h:0m:25s (0h:0m:0s left)
Log-likelihood cutoff on original alignment: -7426.472
NOTE: Bootstrap correlation coefficient of split occurrence frequencies: 0.964
NOTE: UFBoot does not converge, continue at least 100 more iterations
Iteration 110 / LogL: -7420.142 / Time: 0h:0m:25s (0h:0m:4s left)
Iteration 120 / LogL: -7419.918 / Time: 0h:0m:26s (0h:0m:4s left)
Iteration 130 / LogL: -7422.055 / Time: 0h:0m:26s (0h:0m:3s left)
Iteration 140 / LogL: -7419.886 / Time: 0h:0m:27s (0h:0m:2s left)
Iteration 150 / LogL: -7419.885 / Time: 0h:0m:27s (0h:0m:2s left)
Log-likelihood cutoff on original alignment: -7426.472
Iteration 160 / LogL: -7419.885 / Time: 0h:0m:28s (0h:0m:2s left)
UPDATE BEST LOG-LIKELIHOOD: -7419.884
Iteration 170 / LogL: -7419.884 / Time: 0h:0m:29s (0h:0m:1s left)
UPDATE BEST LOG-LIKELIHOOD: -7419.884
Iteration 180 / LogL: -7419.933 / Time: 0h:0m:29s (0h:0m:1s left)
Iteration 190 / LogL: -7419.884 / Time: 0h:0m:30s (0h:0m:0s left)
Iteration 200 / LogL: -7419.887 / Time: 0h:0m:30s (0h:0m:0s left)
Log-likelihood cutoff on original alignment: -7426.472
NOTE: Bootstrap correlation coefficient of split occurrence frequencies: 0.983
NOTE: UFBoot does not converge, continue at least 100 more iterations
Iteration 210 / LogL: -7419.920 / Time: 0h:0m:31s (0h:0m:4s left)
Iteration 220 / LogL: -7419.933 / Time: 0h:0m:32s (0h:0m:4s left)
Iteration 230 / LogL: -7419.919 / Time: 0h:0m:32s (0h:0m:3s left)
Iteration 240 / LogL: -7419.884 / Time: 0h:0m:33s (0h:0m:3s left)
Iteration 250 / LogL: -7419.886 / Time: 0h:0m:33s (0h:0m:2s left)
Log-likelihood cutoff on original alignment: -7426.472
Iteration 260 / LogL: -7419.885 / Time: 0h:0m:34s (0h:0m:2s left)
Iteration 270 / LogL: -7419.886 / Time: 0h:0m:34s (0h:0m:1s left)
Iteration 280 / LogL: -7419.885 / Time: 0h:0m:35s (0h:0m:1s left)
Iteration 290 / LogL: -7419.886 / Time: 0h:0m:35s (0h:0m:0s left)
Iteration 300 / LogL: -7419.933 / Time: 0h:0m:36s (0h:0m:0s left)
Log-likelihood cutoff on original alignment: -7426.472
NOTE: Bootstrap correlation coefficient of split occurrence frequencies: 0.996
TREE SEARCH COMPLETED AFTER 300 ITERATIONS / Time: 0h:0m:36s

--------------------------------------------------------------------
|                    FINALIZING TREE SEARCH                        |
--------------------------------------------------------------------
Performs final model parameters optimization
Estimate model parameters (epsilon = 0.010)
1. Initial log-likelihood: -7419.884
Optimal log-likelihood: -7419.873
Rate parameters:  A-C: 2.022  A-G: 2.866  A-T: 0.369  C-G: 0.786  C-T: 4.581  G-T: 1.000
Base frequencies:   A: 0.412  C: 0.154  G: 0.199  T: 0.235
Gamma shape alpha: 0.479
Parameters optimization took 1 rounds (0.009 sec)
BEST SCORE FOUND : -7419.873
Creating bootstrap support values...
Split supports printed to NEXUS file ./results/gene10.phy.splits.nex
Total tree length: 3.360

Total number of iterations: 300
CPU time used for tree search: 12.401 sec (0h:0m:12s)
Wall-clock time used for tree search: 15.681 sec (0h:0m:15s)
Total CPU time used: 25.537 sec (0h:0m:25s)
Total wall-clock time used: 36.164 sec (0h:0m:36s)

Computing bootstrap consensus tree...
Reading input file ./results/gene10.phy.splits.nex...
10 taxa and 138 splits.
Consensus tree written to ./results/gene10.phy.contree
Reading input trees file ./results/gene10.phy.contree
Log-likelihood of consensus tree: -7419.872

Analysis results written to: 
  IQ-TREE report:                ./results/gene10.phy.iqtree
  Maximum-likelihood tree:       ./results/gene10.phy.treefile
  Likelihood distances:          ./results/gene10.phy.mldist

Ultrafast bootstrap approximation results written to:
  Split support values:          ./results/gene10.phy.splits.nex
  Consensus tree:                ./results/gene10.phy.contree
  Screen log file:               ./results/gene10.phy.log

Date and Time: Tue Aug 22 17:42:50 2017
