IQ-TREE multicore version 1.5.4 for Linux 64-bit built Apr  2 2017
Copyright (c) 2011-2017 by Bui Quang Minh, Nguyen Lam Tung,
Olga Chernomor, Heiko Schmidt, and Arndt von Haeseler.

Host:    hpc-crick (AVX, 251 GB RAM)
Command: iqtree -s ./results/gene4.phy -nt 1 -bb 1000
Seed:    307381 (Using SPRNG - Scalable Parallel Random Number Generator)
Time:    Tue Aug 22 17:51:28 2017
Kernel:  AVX - 1 threads (40 CPU cores detected)

Reading alignment file ./results/gene4.phy ... Phylip format detected
Alignment most likely contains DNA/RNA sequences
Alignment has 10 sequences with 1000 columns and 557 patterns (414 informative sites, 331 constant sites)
   Gap/Ambiguity  Composition  p-value
   1  A    0.00%    passed     99.50%
   2  B    0.00%    passed     94.87%
   3  C    0.00%    passed     94.92%
   4  D    0.00%    passed     93.28%
   5  E    0.00%    passed     68.87%
   6  F    0.00%    passed     72.58%
   7  G    0.00%    passed     69.44%
   8  H    0.00%    passed     50.56%
   9  I    0.00%    passed     92.59%
  10  J    0.00%    passed     80.76%
****  TOTAL    0.00%  0 sequences failed composition chi2 test (p-value<5%; df=3)

Create initial parsimony tree by phylogenetic likelihood library (PLL)... 0.000 seconds

NOTE: ModelFinder requires 3 MB RAM!
ModelFinder will test 286 DNA models (sample size: 1000) ...
 No. Model         -LnL         df  AIC          AICc         BIC
  1  JC            8500.232     17  17034.464    17035.087    17117.896
  2  JC+I          8223.617     18  16483.235    16483.932    16571.575
  3  JC+G4         8144.417     18  16324.834    16325.531    16413.173
  4  JC+I+G4       8143.948     19  16325.896    16326.672    16419.144
  5  JC+R2         8152.234     19  16342.468    16343.244    16435.716
  6  JC+R3         8142.544     21  16327.087    16328.032    16430.150
  7  JC+R4         8142.411     23  16330.821    16331.952    16443.699
  8  JC+R5         Skipped 
  9  JC+R6         Skipped 
 10  JC+R7         Skipped 
 11  JC+R8         Skipped 
 12  JC+R9         Skipped 
 13  JC+R10        Skipped 
 14  F81           8382.532     20  16805.065    16805.923    16903.220
 15  F81+I         8101.524     21  16245.048    16245.993    16348.111
 16  F81+G4        8003.078     21  16048.157    16049.101    16151.220
 17  F81+I+G4      8003.190     22  16050.381    16051.417    16158.351
 18  F81+R2        8018.384     22  16080.768    16081.804    16188.739
 19  F81+R3        8002.023     24  16052.046    16053.277    16169.833
 20  F81+R4        8002.016     26  16056.032    16057.475    16183.633
 21  F81+R5        Skipped 
 22  F81+R6        Skipped 
 23  F81+R7        Skipped 
 24  F81+R8        Skipped 
 25  F81+R9        Skipped 
 26  F81+R10       Skipped 
 27  K2P           8372.785     18  16781.571    16782.268    16869.910
 28  K2P+I         8086.543     19  16211.085    16211.861    16304.332
 29  K2P+G4        7982.939     19  16003.879    16004.654    16097.126
 30  K2P+I+G4      7982.981     20  16005.962    16006.820    16104.117
 31  K2P+R2        7999.767     20  16039.534    16040.392    16137.689
 32  K2P+R3        7981.954     22  16007.907    16008.943    16115.878
 33  K2P+R4        7981.762     24  16011.524    16012.755    16129.310
 34  K2P+R5        Skipped 
 35  K2P+R6        Skipped 
 36  K2P+R7        Skipped 
 37  K2P+R8        Skipped 
 38  K2P+R9        Skipped 
 39  K2P+R10       Skipped 
 40  HKY           8243.002     21  16528.003    16528.948    16631.066
 41  HKY+I         7946.827     22  15937.654    15938.690    16045.625
 42  HKY+G4        7813.299     22  15670.598    15671.633    15778.568
 43  HKY+I+G4      7813.823     23  15673.646    15674.777    15786.525
 44  HKY+R2        7840.943     23  15727.887    15729.018    15840.765
 45  HKY+R3        7811.368     25  15672.735    15674.070    15795.429
 46  HKY+R4        7806.682     27  15667.364    15668.919    15799.873
 47  HKY+R5        Skipped 
 48  HKY+R6        Skipped 
 49  HKY+R7        Skipped 
 50  HKY+R8        Skipped 
 51  HKY+R9        Skipped 
 52  HKY+R10       Skipped 
 53  TNe           8370.548     19  16779.097    16779.872    16872.344
 54  TNe+I         8082.232     20  16204.463    16205.321    16302.618
 55  TNe+G4        7977.034     20  15994.068    15994.926    16092.223
 56  TNe+I+G4      7976.819     21  15995.639    15996.583    16098.702
 57  TNe+R2        7995.508     21  16033.017    16033.962    16136.080
 58  TNe+R3        7975.944     23  15997.888    15999.019    16110.767
 59  TNe+R4        7973.874     25  15997.747    15999.082    16120.441
 60  TNe+R5        Skipped 
 61  TNe+R6        Skipped 
 62  TNe+R7        Skipped 
 63  TNe+R8        Skipped 
 64  TNe+R9        Skipped 
 65  TNe+R10       Skipped 
 66  TN            8242.446     22  16528.892    16529.928    16636.863
 67  TN+I          7946.788     23  15939.575    15940.706    16052.453
 68  TN+G4         7813.496     23  15672.993    15674.124    15785.871
 69  TN+I+G4       7813.620     24  15675.241    15676.471    15793.027
 70  TN+R2         7840.923     24  15729.847    15731.078    15847.633
 71  TN+R3         7811.275     26  15674.551    15675.994    15802.152
 72  TN+R4         7806.572     28  15669.144    15670.817    15806.561
 73  TN+R5         Skipped 
 74  TN+R6         Skipped 
 75  TN+R7         Skipped 
 76  TN+R8         Skipped 
 77  TN+R9         Skipped 
 78  TN+R10        Skipped 
 79  K3P           8372.775     19  16783.550    16784.325    16876.797
 80  K3P+I         8086.512     20  16213.025    16213.883    16311.180
 81  K3P+G4        7982.440     20  16004.881    16005.739    16103.036
 82  K3P+I+G4      7982.289     21  16006.578    16007.523    16109.641
 83  K3P+R2        7999.652     21  16041.303    16042.248    16144.366
 84  K3P+R3        7981.400     23  16008.799    16009.930    16121.678
 85  K3P+R4        7979.132     25  16008.264    16009.598    16130.958
 86  K3P+R5        Skipped 
 87  K3P+R6        Skipped 
 88  K3P+R7        Skipped 
 89  K3P+R8        Skipped 
 90  K3P+R9        Skipped 
 91  K3P+R10       Skipped 
 92  K3Pu          8238.661     22  16521.322    16522.357    16629.292
 93  K3Pu+I        7941.258     23  15928.516    15929.647    16041.394
 94  K3Pu+G4       7799.063     23  15644.126    15645.257    15757.004
 95  K3Pu+I+G4     7799.327     24  15646.655    15647.885    15764.441
 96  K3Pu+R2       7828.155     24  15704.310    15705.541    15822.096
 97  K3Pu+R3       7798.309     26  15648.618    15650.061    15776.219
 98  K3Pu+R4       7795.403     28  15646.805    15648.478    15784.222
 99  K3Pu+R5       Skipped 
100  K3Pu+R6       Skipped 
101  K3Pu+R7       Skipped 
102  K3Pu+R8       Skipped 
103  K3Pu+R9       Skipped 
104  K3Pu+R10      Skipped 
105  TPM2          8238.139     22  16520.278    16521.314    16628.248
106  TPM2+I        7942.135     23  15930.269    15931.400    16043.148
107  TPM2+G4       7812.983     23  15671.966    15673.097    15784.845
108  TPM2+I+G4     7813.168     24  15674.335    15675.566    15792.122
109  TPM2+R2       7839.901     24  15727.803    15729.034    15845.589
110  TPM2+R3       7810.683     26  15673.367    15674.810    15800.968
111  TPM2+R4       7806.507     28  15669.013    15670.686    15806.430
112  TPM2+R5       Skipped 
113  TPM2+R6       Skipped 
114  TPM2+R7       Skipped 
115  TPM2+R8       Skipped 
116  TPM2+R9       Skipped 
117  TPM2+R10      Skipped 
118  TPM2u         8238.138     22  16520.277    16521.313    16628.247
119  TPM2u+I       7942.133     23  15930.266    15931.397    16043.145
120  TPM2u+G4      7812.998     23  15671.995    15673.127    15784.874
121  TPM2u+I+G4    7813.145     24  15674.291    15675.522    15792.077
122  TPM2u+R2      7839.856     24  15727.713    15728.944    15845.499
123  TPM2u+R3      7810.798     26  15673.595    15675.038    15801.197
124  TPM2u+R4      7806.401     28  15668.801    15670.474    15806.218
125  TPM2u+R5      Skipped 
126  TPM2u+R6      Skipped 
127  TPM2u+R7      Skipped 
128  TPM2u+R8      Skipped 
129  TPM2u+R9      Skipped 
130  TPM2u+R10     Skipped 
131  TPM3          8236.786     22  16517.571    16518.607    16625.542
132  TPM3+I        7936.646     23  15919.291    15920.423    16032.170
133  TPM3+G4       7797.809     23  15641.617    15642.748    15754.495
134  TPM3+I+G4     7797.744     24  15643.487    15644.718    15761.273
135  TPM3+R2       7824.032     24  15696.065    15697.296    15813.851
136  TPM3+R3       7798.106     26  15648.211    15649.654    15775.813
137  TPM3+R4       7797.616     28  15651.232    15652.904    15788.649
138  TPM3+R5       Skipped 
139  TPM3+R6       Skipped 
140  TPM3+R7       Skipped 
141  TPM3+R8       Skipped 
142  TPM3+R9       Skipped 
143  TPM3+R10      Skipped 
144  TPM3u         8236.676     22  16517.351    16518.387    16625.322
145  TPM3u+I       7936.691     23  15919.383    15920.514    16032.261
146  TPM3u+G4      7797.814     23  15641.628    15642.759    15754.506
147  TPM3u+I+G4    7797.736     24  15643.472    15644.702    15761.258
148  TPM3u+R2      7824.072     24  15696.145    15697.376    15813.931
149  TPM3u+R3      7797.634     26  15647.267    15648.710    15774.869
150  TPM3u+R4      7796.934     28  15649.868    15651.541    15787.285
151  TPM3u+R5      Skipped 
152  TPM3u+R6      Skipped 
153  TPM3u+R7      Skipped 
154  TPM3u+R8      Skipped 
155  TPM3u+R9      Skipped 
156  TPM3u+R10     Skipped 
157  TIMe          8370.536     20  16781.072    16781.930    16879.227
158  TIMe+I        8082.219     21  16206.438    16207.383    16309.501
159  TIMe+G4       7976.518     21  15995.035    15995.980    16098.098
160  TIMe+I+G4     7976.305     22  15996.610    15997.646    16104.581
161  TIMe+R2       7995.418     22  16034.837    16035.873    16142.808
162  TIMe+R3       7975.184     24  15998.368    15999.599    16116.154
163  TIMe+R4       7973.316     26  15998.633    16000.076    16126.234
164  TIMe+R5       Skipped 
165  TIMe+R6       Skipped 
166  TIMe+R7       Skipped 
167  TIMe+R8       Skipped 
168  TIMe+R9       Skipped 
169  TIMe+R10      Skipped 
170  TIM           8237.931     23  16521.862    16522.993    16634.740
171  TIM+I         7941.176     24  15930.352    15931.583    16048.139
172  TIM+G4        7799.314     24  15646.628    15647.859    15764.415
173  TIM+I+G4      7799.361     25  15648.722    15650.057    15771.416
174  TIM+R2        7828.110     25  15706.220    15707.554    15828.913
175  TIM+R3        7798.278     27  15650.556    15652.111    15783.065
176  TIM+R4        7795.291     29  15648.581    15650.375    15790.906
177  TIM+R5        Skipped 
178  TIM+R6        Skipped 
179  TIM+R7        Skipped 
180  TIM+R8        Skipped 
181  TIM+R9        Skipped 
182  TIM+R10       Skipped 
183  TIM2e         8343.435     20  16726.870    16727.728    16825.025
184  TIM2e+I       8053.566     21  16149.132    16150.077    16252.195
185  TIM2e+G4      7946.466     21  15934.932    15935.877    16037.995
186  TIM2e+I+G4    7945.970     22  15935.940    15936.976    16043.911
187  TIM2e+R2      7963.885     22  15971.771    15972.806    16079.741
188  TIM2e+R3      7944.773     24  15937.545    15938.776    16055.331
189  TIM2e+R4      7942.984     26  15937.968    15939.411    16065.569
190  TIM2e+R5      Skipped 
191  TIM2e+R6      Skipped 
192  TIM2e+R7      Skipped 
193  TIM2e+R8      Skipped 
194  TIM2e+R9      Skipped 
195  TIM2e+R10     Skipped 
196  TIM2          8237.350     23  16520.699    16521.831    16633.578
197  TIM2+I        7942.073     24  15932.145    15933.376    16049.931
198  TIM2+G4       7812.993     24  15673.985    15675.216    15791.771
199  TIM2+I+G4     7813.157     25  15676.315    15677.649    15799.009
200  TIM2+R2       7839.753     25  15729.507    15730.842    15852.201
201  TIM2+R3       7810.840     27  15675.679    15677.235    15808.188
202  TIM2+R4       7806.283     29  15670.565    15672.359    15812.890
203  TIM2+R5       Skipped 
204  TIM2+R6       Skipped 
205  TIM2+R7       Skipped 
206  TIM2+R8       Skipped 
207  TIM2+R9       Skipped 
208  TIM2+R10      Skipped 
209  TIM3e         8370.440     20  16780.880    16781.738    16879.035
210  TIM3e+I       8082.233     21  16206.465    16207.410    16309.528
211  TIM3e+G4      7977.032     21  15996.064    15997.009    16099.127
212  TIM3e+I+G4    7976.791     22  15997.583    15998.619    16105.553
213  TIM3e+R2      7995.484     22  16034.968    16036.004    16142.939
214  TIM3e+R3      7975.854     24  15999.707    16000.938    16117.494
215  TIM3e+R4      7973.828     26  15999.657    16001.099    16127.258
216  TIM3e+R5      Skipped 
217  TIM3e+R6      Skipped 
218  TIM3e+R7      Skipped 
219  TIM3e+R8      Skipped 
220  TIM3e+R9      Skipped 
221  TIM3e+R10     Skipped 
222  TIM3          8235.347     23  16516.694    16517.825    16629.572
223  TIM3+I        7936.245     24  15920.490    15921.721    16038.276
224  TIM3+G4       7797.317     24  15642.634    15643.865    15760.420
225  TIM3+I+G4     7797.389     25  15644.778    15646.113    15767.472
226  TIM3+R2       7823.824     25  15697.648    15698.983    15820.342
227  TIM3+R3       7797.180     27  15648.360    15649.916    15780.869
228  TIM3+R4       7797.073     29  15652.146    15653.940    15794.471
229  TIM3+R5       Skipped 
230  TIM3+R6       Skipped 
231  TIM3+R7       Skipped 
232  TIM3+R8       Skipped 
233  TIM3+R9       Skipped 
234  TIM3+R10      Skipped 
235  TVMe          8344.055     21  16730.111    16731.056    16833.174
236  TVMe+I        8056.192     22  16156.384    16157.420    16264.355
237  TVMe+G4       7948.411     22  15940.822    15941.858    16048.793
238  TVMe+I+G4     7947.980     23  15941.959    15943.090    16054.838
239  TVMe+R2       7965.787     23  15977.574    15978.705    16090.452
240  TVMe+R3       7945.851     25  15941.702    15943.037    16064.396
241  TVMe+R4       7942.429     27  15938.857    15940.413    16071.367
242  TVMe+R5       Skipped 
243  TVMe+R6       Skipped 
244  TVMe+R7       Skipped 
245  TVMe+R8       Skipped 
246  TVMe+R9       Skipped 
247  TVMe+R10      Skipped 
248  TVM           8229.172     24  16506.343    16507.574    16624.130
249  TVM+I         7929.289     25  15908.579    15909.914    16031.273
250  TVM+G4        7789.235     25  15628.470    15629.805    15751.164
251  TVM+I+G4      7789.535     26  15631.070    15632.513    15758.671
252  TVM+R2        7816.454     26  15684.907    15686.350    15812.509
253  TVM+R3        7789.081     28  15634.162    15635.835    15771.580
254  TVM+R4        7788.670     30  15637.340    15639.260    15784.573
255  TVM+R5        Skipped 
256  TVM+R6        Skipped 
257  TVM+R7        Skipped 
258  TVM+R8        Skipped 
259  TVM+R9        Skipped 
260  TVM+R10       Skipped 
261  SYM           8341.643     22  16727.285    16728.321    16835.256
262  SYM+I         8051.959     23  16149.919    16151.050    16262.797
263  SYM+G4        7941.042     23  15928.084    15929.215    16040.962
264  SYM+I+G4      7940.539     24  15929.077    15930.308    16046.863
265  SYM+R2        7960.586     24  15969.172    15970.402    16086.958
266  SYM+R3        7938.219     26  15928.439    15929.882    16056.040
267  SYM+R4        7936.395     28  15928.791    15930.463    16066.208
268  SYM+R5        Skipped 
269  SYM+R6        Skipped 
270  SYM+R7        Skipped 
271  SYM+R8        Skipped 
272  SYM+R9        Skipped 
273  SYM+R10       Skipped 
274  GTR           8227.708     25  16505.416    16506.751    16628.110
275  GTR+I         7928.934     26  15909.869    15911.312    16037.470
276  GTR+G4        7788.951     26  15629.903    15631.346    15757.504
277  GTR+I+G4      7789.074     27  15632.148    15633.704    15764.658
278  GTR+R2        7816.222     27  15686.443    15687.999    15818.953
279  GTR+R3        7788.625     29  15635.251    15637.045    15777.576
280  GTR+R4        7788.331     31  15638.663    15640.712    15790.803
281  GTR+R5        Skipped 
282  GTR+R6        Skipped 
283  GTR+R7        Skipped 
284  GTR+R8        Skipped 
285  GTR+R9        Skipped 
286  GTR+R10       Skipped 
Akaike Information Criterion:           TVM+G4
Corrected Akaike Information Criterion: TVM+G4
Bayesian Information Criterion:         TVM+G4
Best-fit model: TVM+G4 chosen according to BIC

All model information printed to ./results/gene4.phy.model
CPU time for ModelFinder: 18.380 seconds (0h:0m:18s)
Wall-clock time for ModelFinder: 19.627 seconds (0h:0m:19s)
Generating 1000 samples for ultrafast bootstrap (seed: 307381)...

NOTE: 2 MB RAM (0 GB) is required!
Estimate model parameters (epsilon = 0.100)
1. Initial log-likelihood: -8085.043
2. Current log-likelihood: -7807.659
3. Current log-likelihood: -7792.993
4. Current log-likelihood: -7790.622
5. Current log-likelihood: -7790.267
6. Current log-likelihood: -7790.139
Optimal log-likelihood: -7790.084
Rate parameters:  A-C: 2.271  A-G: 4.431  A-T: 0.564  C-G: 0.723  C-T: 4.431  G-T: 1.000
Base frequencies:   A: 0.403  C: 0.150  G: 0.194  T: 0.254
Gamma shape alpha: 0.480
Parameters optimization took 6 rounds (0.179 sec)
Computing ML distances based on estimated model parameters... 0.002 sec
Computing BIONJ tree...
0.000 seconds
Log-likelihood of BIONJ tree: -7789.689
--------------------------------------------------------------------
|             INITIALIZING CANDIDATE TREE SET                      |
--------------------------------------------------------------------
Generating 98 parsimony trees... 0.104 second
Computing log-likelihood of 94 initial trees ... 0.460 seconds
Current best score: -7784.558

Do NNI search on 20 best initial trees
Estimate model parameters (epsilon = 0.100)
BETTER TREE FOUND at iteration 1: -7781.041
Estimate model parameters (epsilon = 0.100)
BETTER TREE FOUND at iteration 2: -7779.983
BETTER TREE FOUND at iteration 7: -7779.983
UPDATE BEST LOG-LIKELIHOOD: -7779.983
Iteration 10 / LogL: -7788.224 / Time: 0h:0m:21s
Iteration 20 / LogL: -7781.045 / Time: 0h:0m:21s
Finish initializing candidate tree set (8)
Current best tree score: -7779.983 / CPU time: 2.107
Number of iterations: 20
--------------------------------------------------------------------
|               OPTIMIZING CANDIDATE TREE SET                      |
--------------------------------------------------------------------
UPDATE BEST LOG-LIKELIHOOD: -7779.983
UPDATE BEST LOG-LIKELIHOOD: -7779.983
Iteration 30 / LogL: -7780.414 / Time: 0h:0m:22s (0h:0m:7s left)
UPDATE BEST LOG-LIKELIHOOD: -7779.983
UPDATE BEST LOG-LIKELIHOOD: -7779.983
Iteration 40 / LogL: -7781.124 / Time: 0h:0m:22s (0h:0m:5s left)
Iteration 50 / LogL: -7779.983 / Time: 0h:0m:23s (0h:0m:4s left)
Log-likelihood cutoff on original alignment: -7795.807
Iteration 60 / LogL: -7781.059 / Time: 0h:0m:24s (0h:0m:3s left)
Iteration 70 / LogL: -7780.413 / Time: 0h:0m:24s (0h:0m:2s left)
Iteration 80 / LogL: -7779.984 / Time: 0h:0m:25s (0h:0m:2s left)
Iteration 90 / LogL: -7780.411 / Time: 0h:0m:26s (0h:0m:1s left)
Iteration 100 / LogL: -7780.431 / Time: 0h:0m:27s (0h:0m:0s left)
Log-likelihood cutoff on original alignment: -7796.719
NOTE: Bootstrap correlation coefficient of split occurrence frequencies: 0.991
TREE SEARCH COMPLETED AFTER 108 ITERATIONS / Time: 0h:0m:28s

--------------------------------------------------------------------
|                    FINALIZING TREE SEARCH                        |
--------------------------------------------------------------------
Performs final model parameters optimization
Estimate model parameters (epsilon = 0.010)
1. Initial log-likelihood: -7779.983
Optimal log-likelihood: -7779.982
Rate parameters:  A-C: 2.265  A-G: 4.443  A-T: 0.586  C-G: 0.731  C-T: 4.443  G-T: 1.000
Base frequencies:   A: 0.403  C: 0.150  G: 0.194  T: 0.254
Gamma shape alpha: 0.483
Parameters optimization took 1 rounds (0.016 sec)
BEST SCORE FOUND : -7779.982
Creating bootstrap support values...
Split supports printed to NEXUS file ./results/gene4.phy.splits.nex
Total tree length: 4.177

Total number of iterations: 108
CPU time used for tree search: 5.866 sec (0h:0m:5s)
Wall-clock time used for tree search: 8.475 sec (0h:0m:8s)
Total CPU time used: 24.451 sec (0h:0m:24s)
Total wall-clock time used: 28.374 sec (0h:0m:28s)

Computing bootstrap consensus tree...
Reading input file ./results/gene4.phy.splits.nex...
10 taxa and 111 splits.
Consensus tree written to ./results/gene4.phy.contree
Reading input trees file ./results/gene4.phy.contree
Log-likelihood of consensus tree: -7779.982

Analysis results written to: 
  IQ-TREE report:                ./results/gene4.phy.iqtree
  Maximum-likelihood tree:       ./results/gene4.phy.treefile
  Likelihood distances:          ./results/gene4.phy.mldist

Ultrafast bootstrap approximation results written to:
  Split support values:          ./results/gene4.phy.splits.nex
  Consensus tree:                ./results/gene4.phy.contree
  Screen log file:               ./results/gene4.phy.log

Date and Time: Tue Aug 22 17:51:56 2017
