IQ-TREE multicore version 1.5.4 for Linux 64-bit built Apr  2 2017
Copyright (c) 2011-2017 by Bui Quang Minh, Nguyen Lam Tung,
Olga Chernomor, Heiko Schmidt, and Arndt von Haeseler.

Host:    hpc-crick (AVX, 251 GB RAM)
Command: iqtree -s ./results/gene15.phy -nt 1 -bb 1000
Seed:    975502 (Using SPRNG - Scalable Parallel Random Number Generator)
Time:    Tue Aug 22 17:51:56 2017
Kernel:  AVX - 1 threads (40 CPU cores detected)

Reading alignment file ./results/gene15.phy ... Phylip format detected
Alignment most likely contains DNA/RNA sequences
Alignment has 10 sequences with 1000 columns and 516 patterns (357 informative sites, 372 constant sites)
   Gap/Ambiguity  Composition  p-value
   1  A    0.00%    passed     99.07%
   2  B    0.00%    passed     52.71%
   3  C    0.00%    passed     89.79%
   4  D    0.00%    passed     79.85%
   5  E    0.00%    passed     84.13%
   6  F    0.00%    passed     65.06%
   7  G    0.00%    passed     62.82%
   8  H    0.00%    passed     99.04%
   9  I    0.00%    passed     83.19%
  10  J    0.00%    passed     91.35%
****  TOTAL    0.00%  0 sequences failed composition chi2 test (p-value<5%; df=3)

Create initial parsimony tree by phylogenetic likelihood library (PLL)... 0.001 seconds

NOTE: ModelFinder requires 3 MB RAM!
ModelFinder will test 286 DNA models (sample size: 1000) ...
 No. Model         -LnL         df  AIC          AICc         BIC
  1  JC            7937.822     17  15909.643    15910.266    15993.075
  2  JC+I          7674.162     18  15384.324    15385.021    15472.664
  3  JC+G4         7613.074     18  15262.147    15262.845    15350.487
  4  JC+I+G4       7612.491     19  15262.983    15263.758    15356.230
  5  JC+R2         7621.044     19  15280.088    15280.864    15373.336
  6  JC+R3         7611.183     21  15264.365    15265.310    15367.428
  7  JC+R4         7611.073     23  15268.146    15269.277    15381.024
  8  JC+R5         Skipped 
  9  JC+R6         Skipped 
 10  JC+R7         Skipped 
 11  JC+R8         Skipped 
 12  JC+R9         Skipped 
 13  JC+R10        Skipped 
 14  F81           7804.829     20  15649.658    15650.516    15747.813
 15  F81+I         7543.758     21  15129.516    15130.460    15232.578
 16  F81+G4        7470.152     21  14982.305    14983.250    15085.368
 17  F81+I+G4      7469.900     22  14983.799    14984.835    15091.770
 18  F81+R2        7481.960     22  15007.920    15008.956    15115.890
 19  F81+R3        7468.493     24  14984.985    14986.216    15102.771
 20  F81+R4        7468.388     26  14988.777    14990.220    15116.378
 21  F81+R5        Skipped 
 22  F81+R6        Skipped 
 23  F81+R7        Skipped 
 24  F81+R8        Skipped 
 25  F81+R9        Skipped 
 26  F81+R10       Skipped 
 27  K2P           7793.645     18  15623.289    15623.986    15711.629
 28  K2P+I         7519.803     19  15077.606    15078.382    15170.854
 29  K2P+G4        7441.286     19  14920.572    14921.348    15013.820
 30  K2P+I+G4      7441.219     20  14922.439    14923.297    15020.594
 31  K2P+R2        7453.799     20  14947.598    14948.456    15045.753
 32  K2P+R3        7439.789     22  14923.578    14924.613    15031.548
 33  K2P+R4        7439.735     24  14927.470    14928.701    15045.256
 34  K2P+R5        Skipped 
 35  K2P+R6        Skipped 
 36  K2P+R7        Skipped 
 37  K2P+R8        Skipped 
 38  K2P+R9        Skipped 
 39  K2P+R10       Skipped 
 40  HKY           7654.548     21  15351.096    15352.040    15454.158
 41  HKY+I         7382.376     22  14808.753    14809.788    14916.723
 42  HKY+G4        7288.225     22  14620.451    14621.487    14728.422
 43  HKY+I+G4      7288.144     23  14622.287    14623.418    14735.165
 44  HKY+R2        7306.058     23  14658.115    14659.246    14770.994
 45  HKY+R3        7287.207     25  14624.414    14625.748    14747.107
 46  HKY+R4        7286.970     27  14627.939    14629.495    14760.449
 47  HKY+R5        Skipped 
 48  HKY+R6        Skipped 
 49  HKY+R7        Skipped 
 50  HKY+R8        Skipped 
 51  HKY+R9        Skipped 
 52  HKY+R10       Skipped 
 53  TNe           7792.459     19  15622.917    15623.693    15716.164
 54  TNe+I         7515.708     20  15071.415    15072.273    15169.570
 55  TNe+G4        7435.565     20  14911.129    14911.987    15009.284
 56  TNe+I+G4      7435.157     21  14912.313    14913.258    15015.376
 57  TNe+R2        7449.294     21  14940.587    14941.532    15043.650
 58  TNe+R3        7434.214     23  14914.428    14915.559    15027.307
 59  TNe+R4        7434.261     25  14918.523    14919.858    15041.217
 60  TNe+R5        Skipped 
 61  TNe+R6        Skipped 
 62  TNe+R7        Skipped 
 63  TNe+R8        Skipped 
 64  TNe+R9        Skipped 
 65  TNe+R10       Skipped 
 66  TN            7652.285     22  15348.570    15349.606    15456.541
 67  TN+I          7382.054     23  14810.108    14811.239    14922.987
 68  TN+G4         7288.148     23  14622.297    14623.428    14735.175
 69  TN+I+G4       7288.048     24  14624.096    14625.327    14741.882
 70  TN+R2         7305.774     24  14659.548    14660.778    14777.334
 71  TN+R3         7287.114     26  14626.227    14627.670    14753.829
 72  TN+R4         7286.856     28  14629.711    14631.384    14767.128
 73  TN+R5         Skipped 
 74  TN+R6         Skipped 
 75  TN+R7         Skipped 
 76  TN+R8         Skipped 
 77  TN+R9         Skipped 
 78  TN+R10        Skipped 
 79  K3P           7790.335     19  15618.669    15619.445    15711.917
 80  K3P+I         7516.228     20  15072.456    15073.314    15170.611
 81  K3P+G4        7436.965     20  14913.930    14914.789    15012.086
 82  K3P+I+G4      7436.728     21  14915.457    14916.402    15018.520
 83  K3P+R2        7449.630     21  14941.260    14942.205    15044.323
 84  K3P+R3        7435.544     23  14917.087    14918.219    15029.966
 85  K3P+R4        7435.625     25  14921.250    14922.585    15043.944
 86  K3P+R5        Skipped 
 87  K3P+R6        Skipped 
 88  K3P+R7        Skipped 
 89  K3P+R8        Skipped 
 90  K3P+R9        Skipped 
 91  K3P+R10       Skipped 
 92  K3Pu          7641.150     22  15326.299    15327.335    15434.270
 93  K3Pu+I        7369.775     23  14785.550    14786.681    14898.428
 94  K3Pu+G4       7274.199     23  14594.398    14595.529    14707.276
 95  K3Pu+I+G4     7273.634     24  14595.269    14596.500    14713.055
 96  K3Pu+R2       7292.302     24  14632.604    14633.835    14750.390
 97  K3Pu+R3       7273.402     26  14598.804    14600.247    14726.406
 98  K3Pu+R4       7272.861     28  14601.721    14603.394    14739.138
 99  K3Pu+R5       Skipped 
100  K3Pu+R6       Skipped 
101  K3Pu+R7       Skipped 
102  K3Pu+R8       Skipped 
103  K3Pu+R9       Skipped 
104  K3Pu+R10      Skipped 
105  TPM2          7650.007     22  15344.014    15345.050    15451.985
106  TPM2+I        7376.031     23  14798.061    14799.192    14910.940
107  TPM2+G4       7287.693     23  14621.385    14622.517    14734.264
108  TPM2+I+G4     7287.408     24  14622.816    14624.047    14740.602
109  TPM2+R2       7304.389     24  14656.777    14658.008    14774.563
110  TPM2+R3       7286.405     26  14624.809    14626.252    14752.411
111  TPM2+R4       7286.297     28  14628.593    14630.266    14766.010
112  TPM2+R5       Skipped 
113  TPM2+R6       Skipped 
114  TPM2+R7       Skipped 
115  TPM2+R8       Skipped 
116  TPM2+R9       Skipped 
117  TPM2+R10      Skipped 
118  TPM2u         7649.942     22  15343.884    15344.920    15451.854
119  TPM2u+I       7376.039     23  14798.078    14799.209    14910.957
120  TPM2u+G4      7287.596     23  14621.192    14622.323    14734.070
121  TPM2u+I+G4    7287.393     24  14622.786    14624.017    14740.572
122  TPM2u+R2      7304.394     24  14656.789    14658.020    14774.575
123  TPM2u+R3      7286.384     26  14624.767    14626.210    14752.369
124  TPM2u+R4      7286.260     28  14628.521    14630.193    14765.938
125  TPM2u+R5      Skipped 
126  TPM2u+R6      Skipped 
127  TPM2u+R7      Skipped 
128  TPM2u+R8      Skipped 
129  TPM2u+R9      Skipped 
130  TPM2u+R10     Skipped 
131  TPM3          7638.460     22  15320.920    15321.956    15428.891
132  TPM3+I        7368.559     23  14783.119    14784.250    14895.997
133  TPM3+G4       7275.006     23  14596.012    14597.143    14708.890
134  TPM3+I+G4     7274.269     24  14596.539    14597.770    14714.325
135  TPM3+R2       7292.714     24  14633.428    14634.658    14751.214
136  TPM3+R3       7274.140     26  14600.280    14601.723    14727.882
137  TPM3+R4       7273.384     28  14602.769    14604.441    14740.186
138  TPM3+R5       Skipped 
139  TPM3+R6       Skipped 
140  TPM3+R7       Skipped 
141  TPM3+R8       Skipped 
142  TPM3+R9       Skipped 
143  TPM3+R10      Skipped 
144  TPM3u         7638.456     22  15320.912    15321.947    15428.882
145  TPM3u+I       7368.561     23  14783.122    14784.253    14896.000
146  TPM3u+G4      7275.147     23  14596.295    14597.426    14709.173
147  TPM3u+I+G4    7274.266     24  14596.532    14597.763    14714.318
148  TPM3u+R2      7292.700     24  14633.399    14634.630    14751.185
149  TPM3u+R3      7274.127     26  14600.253    14601.696    14727.855
150  TPM3u+R4      7273.352     28  14602.705    14604.377    14740.122
151  TPM3u+R5      Skipped 
152  TPM3u+R6      Skipped 
153  TPM3u+R7      Skipped 
154  TPM3u+R8      Skipped 
155  TPM3u+R9      Skipped 
156  TPM3u+R10     Skipped 
157  TIMe          7789.184     20  15618.369    15619.227    15716.524
158  TIMe+I        7512.229     21  15066.459    15067.404    15169.522
159  TIMe+G4       7431.274     21  14904.548    14905.493    15007.611
160  TIMe+I+G4     7430.720     22  14905.440    14906.476    15013.411
161  TIMe+R2       7445.119     22  14934.238    14935.273    15042.208
162  TIMe+R3       7429.955     24  14907.910    14909.141    15025.696
163  TIMe+R4       7429.987     26  14911.975    14913.417    15039.576
164  TIMe+R5       Skipped 
165  TIMe+R6       Skipped 
166  TIMe+R7       Skipped 
167  TIMe+R8       Skipped 
168  TIMe+R9       Skipped 
169  TIMe+R10      Skipped 
170  TIM           7638.544     23  15323.088    15324.219    15435.966
171  TIM+I         7369.358     24  14786.717    14787.948    14904.503
172  TIM+G4        7274.200     24  14596.400    14597.631    14714.186
173  TIM+I+G4      7273.603     25  14597.207    14598.542    14719.901
174  TIM+R2        7292.177     25  14634.353    14635.688    14757.047
175  TIM+R3        7273.419     27  14600.838    14602.393    14733.347
176  TIM+R4        7272.966     29  14603.933    14605.727    14746.258
177  TIM+R5        Skipped 
178  TIM+R6        Skipped 
179  TIM+R7        Skipped 
180  TIM+R8        Skipped 
181  TIM+R9        Skipped 
182  TIM+R10       Skipped 
183  TIM2e         7766.551     20  15573.101    15573.959    15671.256
184  TIM2e+I       7483.916     21  15009.833    15010.778    15112.896
185  TIM2e+G4      7404.158     21  14850.317    14851.261    14953.379
186  TIM2e+I+G4    7403.533     22  14851.066    14852.102    14959.037
187  TIM2e+R2      7415.652     22  14875.304    14876.339    14983.274
188  TIM2e+R3      7403.208     24  14854.415    14855.646    14972.201
189  TIM2e+R4      7403.282     26  14858.564    14860.007    14986.166
190  TIM2e+R5      Skipped 
191  TIM2e+R6      Skipped 
192  TIM2e+R7      Skipped 
193  TIM2e+R8      Skipped 
194  TIM2e+R9      Skipped 
195  TIM2e+R10     Skipped 
196  TIM2          7647.489     23  15340.979    15342.110    15453.857
197  TIM2+I        7375.728     24  14799.456    14800.687    14917.242
198  TIM2+G4       7287.664     24  14623.327    14624.558    14741.113
199  TIM2+I+G4     7287.270     25  14624.539    14625.874    14747.233
200  TIM2+R2       7304.018     25  14658.036    14659.371    14780.730
201  TIM2+R3       7286.361     27  14626.722    14628.278    14759.232
202  TIM2+R4       7286.248     29  14630.496    14632.290    14772.821
203  TIM2+R5       Skipped 
204  TIM2+R6       Skipped 
205  TIM2+R7       Skipped 
206  TIM2+R8       Skipped 
207  TIM2+R9       Skipped 
208  TIM2+R10      Skipped 
209  TIM3e         7790.391     20  15620.782    15621.640    15718.937
210  TIM3e+I       7513.782     21  15069.563    15070.508    15172.626
211  TIM3e+G4      7434.283     21  14910.566    14911.511    15013.629
212  TIM3e+I+G4    7433.788     22  14911.576    14912.612    15019.547
213  TIM3e+R2      7447.868     22  14939.736    14940.772    15047.707
214  TIM3e+R3      7432.970     24  14913.939    14915.170    15031.725
215  TIM3e+R4      7433.040     26  14918.081    14919.524    15045.683
216  TIM3e+R5      Skipped 
217  TIM3e+R6      Skipped 
218  TIM3e+R7      Skipped 
219  TIM3e+R8      Skipped 
220  TIM3e+R9      Skipped 
221  TIM3e+R10     Skipped 
222  TIM3          7635.021     23  15316.043    15317.174    15428.921
223  TIM3+I        7368.048     24  14784.097    14785.328    14901.883
224  TIM3+G4       7274.765     24  14597.529    14598.760    14715.315
225  TIM3+I+G4     7273.849     25  14597.698    14599.033    14720.392
226  TIM3+R2       7292.340     25  14634.680    14636.015    14757.374
227  TIM3+R3       7274.220     27  14602.440    14603.995    14734.949
228  TIM3+R4       7272.919     29  14603.839    14605.632    14746.163
229  TIM3+R5       Skipped 
230  TIM3+R6       Skipped 
231  TIM3+R7       Skipped 
232  TIM3+R8       Skipped 
233  TIM3+R9       Skipped 
234  TIM3+R10      Skipped 
235  TVMe          7762.076     21  15566.153    15567.098    15669.216
236  TVMe+I        7481.789     22  15007.577    15008.613    15115.548
237  TVMe+G4       7402.337     22  14848.675    14849.711    14956.646
238  TVMe+I+G4     7402.044     23  14850.089    14851.220    14962.967
239  TVMe+R2       7413.161     23  14872.321    14873.452    14985.199
240  TVMe+R3       7401.442     25  14852.884    14854.219    14975.578
241  TVMe+R4       7401.433     27  14856.867    14858.422    14989.376
242  TVMe+R5       Skipped 
243  TVMe+R6       Skipped 
244  TVMe+R7       Skipped 
245  TVMe+R8       Skipped 
246  TVMe+R9       Skipped 
247  TVMe+R10      Skipped 
248  TVM           7627.149     24  15302.298    15303.529    15420.084
249  TVM+I         7355.426     25  14760.853    14762.187    14883.547
250  TVM+G4        7266.398     25  14582.797    14584.132    14705.491
251  TVM+I+G4      7265.559     26  14583.117    14584.560    14710.719
252  TVM+R2        7283.059     26  14618.119    14619.562    14745.721
253  TVM+R3        7265.409     28  14586.817    14588.490    14724.234
254  TVM+R4        7264.573     30  14589.146    14591.066    14736.379
255  TVM+R5        Skipped 
256  TVM+R6        Skipped 
257  TVM+R7        Skipped 
258  TVM+R8        Skipped 
259  TVM+R9        Skipped 
260  TVM+R10       Skipped 
261  SYM           7760.975     22  15565.949    15566.985    15673.920
262  SYM+I         7477.907     23  15001.815    15002.946    15114.693
263  SYM+G4        7395.633     23  14837.265    14838.396    14950.144
264  SYM+I+G4      7395.089     24  14838.178    14839.409    14955.964
265  SYM+R2        7407.370     24  14862.740    14863.970    14980.526
266  SYM+R3        7394.828     26  14841.656    14843.099    14969.258
267  SYM+R4        7394.842     28  14845.685    14847.357    14983.102
268  SYM+R5        Skipped 
269  SYM+R6        Skipped 
270  SYM+R7        Skipped 
271  SYM+R8        Skipped 
272  SYM+R9        Skipped 
273  SYM+R10       Skipped 
274  GTR           7623.509     25  15297.019    15298.353    15419.713
275  GTR+I         7354.998     26  14761.996    14763.439    14889.598
276  GTR+G4        7265.831     26  14583.661    14585.104    14711.263
277  GTR+I+G4      7264.903     27  14583.807    14585.362    14716.316
278  GTR+R2        7282.514     27  14619.027    14620.583    14751.537
279  GTR+R3        7264.648     29  14587.296    14589.090    14729.621
280  GTR+R4        7263.937     31  14589.875    14591.924    14742.015
281  GTR+R5        Skipped 
282  GTR+R6        Skipped 
283  GTR+R7        Skipped 
284  GTR+R8        Skipped 
285  GTR+R9        Skipped 
286  GTR+R10       Skipped 
Akaike Information Criterion:           TVM+G4
Corrected Akaike Information Criterion: TVM+G4
Bayesian Information Criterion:         TVM+G4
Best-fit model: TVM+G4 chosen according to BIC

All model information printed to ./results/gene15.phy.model
CPU time for ModelFinder: 14.238 seconds (0h:0m:14s)
Wall-clock time for ModelFinder: 19.534 seconds (0h:0m:19s)
Generating 1000 samples for ultrafast bootstrap (seed: 975502)...

NOTE: 2 MB RAM (0 GB) is required!
Estimate model parameters (epsilon = 0.100)
1. Initial log-likelihood: -7525.212
2. Current log-likelihood: -7311.903
3. Current log-likelihood: -7269.278
4. Current log-likelihood: -7268.611
5. Current log-likelihood: -7268.355
Optimal log-likelihood: -7268.301
Rate parameters:  A-C: 2.482  A-G: 4.568  A-T: 0.687  C-G: 0.919  C-T: 4.568  G-T: 1.000
Base frequencies:   A: 0.410  C: 0.148  G: 0.199  T: 0.243
Gamma shape alpha: 0.528
Parameters optimization took 5 rounds (0.084 sec)
Computing ML distances based on estimated model parameters... 0.001 sec
Computing BIONJ tree...
0.000 seconds
Log-likelihood of BIONJ tree: -7270.909
--------------------------------------------------------------------
|             INITIALIZING CANDIDATE TREE SET                      |
--------------------------------------------------------------------
Generating 98 parsimony trees... 0.071 second
Computing log-likelihood of 90 initial trees ... 0.352 seconds
Current best score: -7268.301

Do NNI search on 20 best initial trees
Estimate model parameters (epsilon = 0.100)
BETTER TREE FOUND at iteration 1: -7266.933
UPDATE BEST LOG-LIKELIHOOD: -7266.933
Iteration 10 / LogL: -7267.606 / Time: 0h:0m:20s
Iteration 20 / LogL: -7267.584 / Time: 0h:0m:20s
Finish initializing candidate tree set (3)
Current best tree score: -7266.933 / CPU time: 1.310
Number of iterations: 20
--------------------------------------------------------------------
|               OPTIMIZING CANDIDATE TREE SET                      |
--------------------------------------------------------------------
UPDATE BEST LOG-LIKELIHOOD: -7266.933
Iteration 30 / LogL: -7266.933 / Time: 0h:0m:21s (0h:0m:4s left)
Iteration 40 / LogL: -7266.933 / Time: 0h:0m:21s (0h:0m:3s left)
Iteration 50 / LogL: -7267.589 / Time: 0h:0m:22s (0h:0m:2s left)
Log-likelihood cutoff on original alignment: -7275.690
Iteration 60 / LogL: -7266.934 / Time: 0h:0m:22s (0h:0m:2s left)
Iteration 70 / LogL: -7267.457 / Time: 0h:0m:22s (0h:0m:1s left)
UPDATE BEST LOG-LIKELIHOOD: -7266.933
UPDATE BEST LOG-LIKELIHOOD: -7266.933
Iteration 80 / LogL: -7266.933 / Time: 0h:0m:23s (0h:0m:0s left)
Iteration 90 / LogL: -7266.934 / Time: 0h:0m:23s (0h:0m:0s left)
UPDATE BEST LOG-LIKELIHOOD: -7266.933
Iteration 100 / LogL: -7267.581 / Time: 0h:0m:24s (0h:0m:0s left)
Log-likelihood cutoff on original alignment: -7276.370
NOTE: Bootstrap correlation coefficient of split occurrence frequencies: 0.997
TREE SEARCH COMPLETED AFTER 102 ITERATIONS / Time: 0h:0m:24s

--------------------------------------------------------------------
|                    FINALIZING TREE SEARCH                        |
--------------------------------------------------------------------
Performs final model parameters optimization
Estimate model parameters (epsilon = 0.010)
1. Initial log-likelihood: -7266.933
2. Current log-likelihood: -7266.920
3. Current log-likelihood: -7266.905
4. Current log-likelihood: -7266.894
5. Current log-likelihood: -7266.881
6. Current log-likelihood: -7266.857
7. Current log-likelihood: -7266.842
8. Current log-likelihood: -7266.829
9. Current log-likelihood: -7266.816
Optimal log-likelihood: -7266.808
Rate parameters:  A-C: 2.346  A-G: 4.374  A-T: 0.651  C-G: 0.902  C-T: 4.374  G-T: 1.000
Base frequencies:   A: 0.410  C: 0.148  G: 0.199  T: 0.243
Gamma shape alpha: 0.532
Parameters optimization took 9 rounds (0.058 sec)
BEST SCORE FOUND : -7266.808
Creating bootstrap support values...
Split supports printed to NEXUS file ./results/gene15.phy.splits.nex
Total tree length: 3.014

Total number of iterations: 102
CPU time used for tree search: 4.538 sec (0h:0m:4s)
Wall-clock time used for tree search: 4.620 sec (0h:0m:4s)
Total CPU time used: 18.971 sec (0h:0m:18s)
Total wall-clock time used: 24.357 sec (0h:0m:24s)

Computing bootstrap consensus tree...
Reading input file ./results/gene15.phy.splits.nex...
10 taxa and 116 splits.
Consensus tree written to ./results/gene15.phy.contree
Reading input trees file ./results/gene15.phy.contree
Log-likelihood of consensus tree: -7266.807

Analysis results written to: 
  IQ-TREE report:                ./results/gene15.phy.iqtree
  Maximum-likelihood tree:       ./results/gene15.phy.treefile
  Likelihood distances:          ./results/gene15.phy.mldist

Ultrafast bootstrap approximation results written to:
  Split support values:          ./results/gene15.phy.splits.nex
  Consensus tree:                ./results/gene15.phy.contree
  Screen log file:               ./results/gene15.phy.log

Date and Time: Tue Aug 22 17:52:21 2017
