IQ-TREE multicore version 1.5.4 for Linux 64-bit built Apr  2 2017
Copyright (c) 2011-2017 by Bui Quang Minh, Nguyen Lam Tung,
Olga Chernomor, Heiko Schmidt, and Arndt von Haeseler.

Host:    hpc-crick (AVX, 251 GB RAM)
Command: iqtree -s ./results/gene7.phy -nt 1 -bb 1000
Seed:    687492 (Using SPRNG - Scalable Parallel Random Number Generator)
Time:    Tue Aug 22 17:57:54 2017
Kernel:  AVX - 1 threads (40 CPU cores detected)

Reading alignment file ./results/gene7.phy ... Phylip format detected
Alignment most likely contains DNA/RNA sequences
Alignment has 10 sequences with 1000 columns and 424 patterns (293 informative sites, 436 constant sites)
   Gap/Ambiguity  Composition  p-value
   1  A    0.00%    passed     93.60%
   2  B    0.00%    passed     91.23%
   3  C    0.00%    passed     79.57%
   4  D    0.00%    passed     94.98%
   5  E    0.00%    passed     90.92%
   6  F    0.00%    passed     99.48%
   7  G    0.00%    passed     75.88%
   8  H    0.00%    passed     81.03%
   9  I    0.00%    passed     92.53%
  10  J    0.00%    passed     84.73%
****  TOTAL    0.00%  0 sequences failed composition chi2 test (p-value<5%; df=3)

Create initial parsimony tree by phylogenetic likelihood library (PLL)... 0.001 seconds

NOTE: ModelFinder requires 3 MB RAM!
ModelFinder will test 286 DNA models (sample size: 1000) ...
 No. Model         -LnL         df  AIC          AICc         BIC
  1  JC            6785.706     17  13605.412    13606.036    13688.844
  2  JC+I          6584.695     18  13205.390    13206.087    13293.729
  3  JC+G4         6539.943     18  13115.886    13116.583    13204.225
  4  JC+I+G4       6540.503     19  13119.007    13119.782    13212.254
  5  JC+R2         6542.319     19  13122.639    13123.414    13215.886
  6  JC+R3         6539.879     21  13121.758    13122.702    13224.821
  7  JC+R4         Skipped 
  8  JC+R5         Skipped 
  9  JC+R6         Skipped 
 10  JC+R7         Skipped 
 11  JC+R8         Skipped 
 12  JC+R9         Skipped 
 13  JC+R10        Skipped 
 14  F81           6664.835     20  13369.670    13370.528    13467.825
 15  F81+I         6456.874     21  12955.749    12956.694    13058.812
 16  F81+G4        6405.568     21  12853.136    12854.081    12956.199
 17  F81+I+G4      6406.314     22  12856.627    12857.663    12964.598
 18  F81+R2        6407.053     22  12858.106    12859.142    12966.076
 19  F81+R3        6405.284     24  12858.569    12859.800    12976.355
 20  F81+R4        Skipped 
 21  F81+R5        Skipped 
 22  F81+R6        Skipped 
 23  F81+R7        Skipped 
 24  F81+R8        Skipped 
 25  F81+R9        Skipped 
 26  F81+R10       Skipped 
 27  K2P           6610.683     18  13257.367    13258.064    13345.706
 28  K2P+I         6396.743     19  12831.485    12832.261    12924.733
 29  K2P+G4        6342.075     19  12722.149    12722.925    12815.397
 30  K2P+I+G4      6342.449     20  12724.898    12725.756    12823.053
 31  K2P+R2        6345.363     20  12730.726    12731.584    12828.881
 32  K2P+R3        6341.771     22  12727.541    12728.577    12835.512
 33  K2P+R4        Skipped 
 34  K2P+R5        Skipped 
 35  K2P+R6        Skipped 
 36  K2P+R7        Skipped 
 37  K2P+R8        Skipped 
 38  K2P+R9        Skipped 
 39  K2P+R10       Skipped 
 40  HKY           6504.061     21  13050.122    13051.067    13153.185
 41  HKY+I         6276.611     22  12597.222    12598.258    12705.193
 42  HKY+G4        6211.536     22  12467.072    12468.108    12575.042
 43  HKY+I+G4      6211.764     23  12469.529    12470.660    12582.407
 44  HKY+R2        6215.580     23  12477.159    12478.290    12590.037
 45  HKY+R3        6211.463     25  12472.926    12474.261    12595.620
 46  HKY+R4        Skipped 
 47  HKY+R5        Skipped 
 48  HKY+R6        Skipped 
 49  HKY+R7        Skipped 
 50  HKY+R8        Skipped 
 51  HKY+R9        Skipped 
 52  HKY+R10       Skipped 
 53  TNe           6610.517     19  13259.033    13259.809    13352.280
 54  TNe+I         6396.739     20  12833.478    12834.336    12931.633
 55  TNe+G4        6342.056     20  12724.111    12724.969    12822.266
 56  TNe+I+G4      6342.388     21  12726.777    12727.721    12829.840
 57  TNe+R2        6345.361     21  12732.722    12733.667    12835.785
 58  TNe+R3        6341.739     23  12729.478    12730.609    12842.356
 59  TNe+R4        Skipped 
 60  TNe+R5        Skipped 
 61  TNe+R6        Skipped 
 62  TNe+R7        Skipped 
 63  TNe+R8        Skipped 
 64  TNe+R9        Skipped 
 65  TNe+R10       Skipped 
 66  TN            6490.258     22  13024.516    13025.552    13132.486
 67  TN+I          6267.205     23  12580.409    12581.540    12693.287
 68  TN+G4         6202.399     23  12450.798    12451.929    12563.676
 69  TN+I+G4       6202.999     24  12453.997    12455.228    12571.783
 70  TN+R2         6205.276     24  12458.551    12459.782    12576.338
 71  TN+R3         6202.037     26  12456.075    12457.518    12583.676
 72  TN+R4         Skipped 
 73  TN+R5         Skipped 
 74  TN+R6         Skipped 
 75  TN+R7         Skipped 
 76  TN+R8         Skipped 
 77  TN+R9         Skipped 
 78  TN+R10        Skipped 
 79  K3P           6601.087     19  13240.175    13240.950    13333.422
 80  K3P+I         6385.495     20  12810.989    12811.847    12909.144
 81  K3P+G4        6330.529     20  12701.058    12701.916    12799.213
 82  K3P+I+G4      6330.835     21  12703.669    12704.614    12806.732
 83  K3P+R2        6333.589     21  12709.177    12710.122    12812.240
 84  K3P+R3        6330.337     23  12706.673    12707.804    12819.552
 85  K3P+R4        Skipped 
 86  K3P+R5        Skipped 
 87  K3P+R6        Skipped 
 88  K3P+R7        Skipped 
 89  K3P+R8        Skipped 
 90  K3P+R9        Skipped 
 91  K3P+R10       Skipped 
 92  K3Pu          6483.963     22  13011.925    13012.961    13119.896
 93  K3Pu+I        6253.961     23  12553.922    12555.054    12666.801
 94  K3Pu+G4       6188.627     23  12423.255    12424.386    12536.133
 95  K3Pu+I+G4     6188.805     24  12425.611    12426.841    12543.397
 96  K3Pu+R2       6191.922     24  12431.844    12433.075    12549.630
 97  K3Pu+R3       6188.122     26  12428.245    12429.688    12555.847
 98  K3Pu+R4       Skipped 
 99  K3Pu+R5       Skipped 
100  K3Pu+R6       Skipped 
101  K3Pu+R7       Skipped 
102  K3Pu+R8       Skipped 
103  K3Pu+R9       Skipped 
104  K3Pu+R10      Skipped 
105  TPM2          6494.328     22  13032.655    13033.691    13140.626
106  TPM2+I        6268.749     23  12583.498    12584.630    12696.377
107  TPM2+G4       6206.849     23  12459.698    12460.829    12572.576
108  TPM2+I+G4     6207.138     24  12462.276    12463.507    12580.062
109  TPM2+R2       6210.405     24  12468.810    12470.041    12586.596
110  TPM2+R3       6206.645     26  12465.289    12466.732    12592.891
111  TPM2+R4       Skipped 
112  TPM2+R5       Skipped 
113  TPM2+R6       Skipped 
114  TPM2+R7       Skipped 
115  TPM2+R8       Skipped 
116  TPM2+R9       Skipped 
117  TPM2+R10      Skipped 
118  TPM2u         6494.274     22  13032.547    13033.583    13140.518
119  TPM2u+I       6268.757     23  12583.513    12584.644    12696.392
120  TPM2u+G4      6206.849     23  12459.699    12460.830    12572.577
121  TPM2u+I+G4    6207.128     24  12462.256    12463.487    12580.042
122  TPM2u+R2      6210.399     24  12468.798    12470.028    12586.584
123  TPM2u+R3      6206.626     26  12465.253    12466.696    12592.855
124  TPM2u+R4      Skipped 
125  TPM2u+R5      Skipped 
126  TPM2u+R6      Skipped 
127  TPM2u+R7      Skipped 
128  TPM2u+R8      Skipped 
129  TPM2u+R9      Skipped 
130  TPM2u+R10     Skipped 
131  TPM3          6470.795     22  12985.590    12986.626    13093.561
132  TPM3+I        6245.604     23  12537.209    12538.340    12650.087
133  TPM3+G4       6184.638     23  12415.276    12416.407    12528.154
134  TPM3+I+G4     6184.951     24  12417.903    12419.133    12535.689
135  TPM3+R2       6186.864     24  12421.729    12422.960    12539.515
136  TPM3+R3       6183.864     26  12419.727    12421.170    12547.329
137  TPM3+R4       Skipped 
138  TPM3+R5       Skipped 
139  TPM3+R6       Skipped 
140  TPM3+R7       Skipped 
141  TPM3+R8       Skipped 
142  TPM3+R9       Skipped 
143  TPM3+R10      Skipped 
144  TPM3u         6470.785     22  12985.571    12986.607    13093.541
145  TPM3u+I       6245.603     23  12537.207    12538.338    12650.085
146  TPM3u+G4      6184.649     23  12415.299    12416.430    12528.177
147  TPM3u+I+G4    6184.939     24  12417.879    12419.109    12535.665
148  TPM3u+R2      6186.850     24  12421.701    12422.931    12539.487
149  TPM3u+R3      6183.821     26  12419.642    12421.085    12547.243
150  TPM3u+R4      Skipped 
151  TPM3u+R5      Skipped 
152  TPM3u+R6      Skipped 
153  TPM3u+R7      Skipped 
154  TPM3u+R8      Skipped 
155  TPM3u+R9      Skipped 
156  TPM3u+R10     Skipped 
157  TIMe          6600.885     20  13241.771    13242.629    13339.926
158  TIMe+I        6385.480     21  12812.961    12813.905    12916.023
159  TIMe+G4       6330.524     21  12703.049    12703.994    12806.112
160  TIMe+I+G4     6330.752     22  12705.505    12706.540    12813.475
161  TIMe+R2       6333.587     22  12711.174    12712.210    12819.145
162  TIMe+R3       6330.397     24  12708.793    12710.024    12826.579
163  TIMe+R4       Skipped 
164  TIMe+R5       Skipped 
165  TIMe+R6       Skipped 
166  TIMe+R7       Skipped 
167  TIMe+R8       Skipped 
168  TIMe+R9       Skipped 
169  TIMe+R10      Skipped 
170  TIM           6469.050     23  12984.099    12985.230    13096.977
171  TIM+I         6244.173     24  12536.346    12537.577    12654.132
172  TIM+G4        6181.157     24  12410.314    12411.545    12528.100
173  TIM+I+G4      6181.570     25  12413.140    12414.475    12535.834
174  TIM+R2        6183.212     25  12416.424    12417.759    12539.118
175  TIM+R3        6180.551     27  12415.102    12416.658    12547.611
176  TIM+R4        Skipped 
177  TIM+R5        Skipped 
178  TIM+R6        Skipped 
179  TIM+R7        Skipped 
180  TIM+R8        Skipped 
181  TIM+R9        Skipped 
182  TIM+R10       Skipped 
183  TIM2e         6589.014     20  13218.028    13218.886    13316.183
184  TIM2e+I       6375.343     21  12792.687    12793.632    12895.750
185  TIM2e+G4      6314.305     21  12670.609    12671.554    12773.672
186  TIM2e+I+G4    6314.306     22  12672.611    12673.647    12780.582
187  TIM2e+R2      6320.074     22  12684.148    12685.184    12792.118
188  TIM2e+R3      6312.873     24  12673.745    12674.976    12791.531
189  TIM2e+R4      6312.713     26  12677.427    12678.870    12805.029
190  TIM2e+R5      Skipped 
191  TIM2e+R6      Skipped 
192  TIM2e+R7      Skipped 
193  TIM2e+R8      Skipped 
194  TIM2e+R9      Skipped 
195  TIM2e+R10     Skipped 
196  TIM2          6479.967     23  13005.934    13007.065    13118.812
197  TIM2+I        6259.118     24  12566.236    12567.466    12684.022
198  TIM2+G4       6196.315     24  12440.631    12441.861    12558.417
199  TIM2+I+G4     6196.875     25  12443.749    12445.084    12566.443
200  TIM2+R2       6199.224     25  12448.447    12449.782    12571.141
201  TIM2+R3       6196.019     27  12446.037    12447.593    12578.547
202  TIM2+R4       Skipped 
203  TIM2+R5       Skipped 
204  TIM2+R6       Skipped 
205  TIM2+R7       Skipped 
206  TIM2+R8       Skipped 
207  TIM2+R9       Skipped 
208  TIM2+R10      Skipped 
209  TIM3e         6598.734     20  13237.468    13238.326    13335.623
210  TIM3e+I       6385.062     21  12812.125    12813.069    12915.187
211  TIM3e+G4      6332.317     21  12706.633    12707.578    12809.696
212  TIM3e+I+G4    6332.513     22  12709.026    12710.062    12816.996
213  TIM3e+R2      6335.381     22  12714.761    12715.797    12822.732
214  TIM3e+R3      6332.188     24  12712.377    12713.607    12830.163
215  TIM3e+R4      Skipped 
216  TIM3e+R5      Skipped 
217  TIM3e+R6      Skipped 
218  TIM3e+R7      Skipped 
219  TIM3e+R8      Skipped 
220  TIM3e+R9      Skipped 
221  TIM3e+R10     Skipped 
222  TIM3          6452.331     23  12950.663    12951.794    13063.541
223  TIM3+I        6234.964     24  12517.928    12519.159    12635.714
224  TIM3+G4       6174.470     24  12396.939    12398.170    12514.725
225  TIM3+I+G4     6175.021     25  12400.041    12401.376    12522.735
226  TIM3+R2       6176.748     25  12403.497    12404.831    12526.190
227  TIM3+R3       6173.276     27  12400.553    12402.108    12533.062
228  TIM3+R4       Skipped 
229  TIM3+R5       Skipped 
230  TIM3+R6       Skipped 
231  TIM3+R7       Skipped 
232  TIM3+R8       Skipped 
233  TIM3+R9       Skipped 
234  TIM3+R10      Skipped 
235  TVMe          6573.579     21  13189.158    13190.103    13292.221
236  TVMe+I        6358.759     22  12761.518    12762.554    12869.489
237  TVMe+G4       6297.813     22  12639.627    12640.663    12747.598
238  TVMe+I+G4     6297.823     23  12641.645    12642.776    12754.524
239  TVMe+R2       6303.554     23  12653.108    12654.239    12765.986
240  TVMe+R3       6296.799     25  12643.597    12644.932    12766.291
241  TVMe+R4       Skipped 
242  TVMe+R5       Skipped 
243  TVMe+R6       Skipped 
244  TVMe+R7       Skipped 
245  TVMe+R8       Skipped 
246  TVMe+R9       Skipped 
247  TVMe+R10      Skipped 
248  TVM           6454.228     24  12956.455    12957.686    13074.242
249  TVM+I         6229.894     25  12509.788    12511.123    12632.482
250  TVM+G4        6170.897     25  12391.793    12393.128    12514.487
251  TVM+I+G4      6171.054     26  12394.107    12395.550    12521.709
252  TVM+R2        6173.211     26  12398.423    12399.866    12526.024
253  TVM+R3        6170.353     28  12396.705    12398.378    12534.123
254  TVM+R4        Skipped 
255  TVM+R5        Skipped 
256  TVM+R6        Skipped 
257  TVM+R7        Skipped 
258  TVM+R8        Skipped 
259  TVM+R9        Skipped 
260  TVM+R10       Skipped 
261  SYM           6573.431     22  13190.861    13191.897    13298.832
262  SYM+I         6358.741     23  12763.482    12764.613    12876.361
263  SYM+G4        6297.509     23  12641.018    12642.149    12753.896
264  SYM+I+G4      6297.472     24  12642.943    12644.174    12760.729
265  SYM+R2        6303.370     24  12654.740    12655.971    12772.527
266  SYM+R3        6296.223     26  12644.446    12645.889    12772.048
267  SYM+R4        6296.196     28  12648.391    12650.064    12785.809
268  SYM+R5        Skipped 
269  SYM+R6        Skipped 
270  SYM+R7        Skipped 
271  SYM+R8        Skipped 
272  SYM+R9        Skipped 
273  SYM+R10       Skipped 
274  GTR           6435.048     25  12920.096    12921.430    13042.790
275  GTR+I         6218.854     26  12489.707    12491.150    12617.309
276  GTR+G4        6159.315     26  12370.630    12372.073    12498.231
277  GTR+I+G4      6159.752     27  12373.504    12375.059    12506.013
278  GTR+R2        6162.348     27  12378.695    12380.251    12511.205
279  GTR+R3        6158.761     29  12375.522    12377.316    12517.847
280  GTR+R4        Skipped 
281  GTR+R5        Skipped 
282  GTR+R6        Skipped 
283  GTR+R7        Skipped 
284  GTR+R8        Skipped 
285  GTR+R9        Skipped 
286  GTR+R10       Skipped 
Akaike Information Criterion:           GTR+G4
Corrected Akaike Information Criterion: GTR+G4
Bayesian Information Criterion:         GTR+G4
Best-fit model: GTR+G4 chosen according to BIC

All model information printed to ./results/gene7.phy.model
CPU time for ModelFinder: 6.872 seconds (0h:0m:6s)
Wall-clock time for ModelFinder: 8.036 seconds (0h:0m:8s)
Generating 1000 samples for ultrafast bootstrap (seed: 687492)...

NOTE: 2 MB RAM (0 GB) is required!
Estimate model parameters (epsilon = 0.100)
1. Initial log-likelihood: -6463.221
2. Current log-likelihood: -6168.456
3. Current log-likelihood: -6160.163
4. Current log-likelihood: -6159.944
5. Current log-likelihood: -6159.760
Optimal log-likelihood: -6159.722
Rate parameters:  A-C: 3.637  A-G: 4.424  A-T: 0.599  C-G: 0.891  C-T: 8.824  G-T: 1.000
Base frequencies:   A: 0.422  C: 0.132  G: 0.219  T: 0.227
Gamma shape alpha: 0.522
Parameters optimization took 5 rounds (0.199 sec)
Computing ML distances based on estimated model parameters... 0.000 sec
Computing BIONJ tree...
0.004 seconds
Log-likelihood of BIONJ tree: -6167.647
--------------------------------------------------------------------
|             INITIALIZING CANDIDATE TREE SET                      |
--------------------------------------------------------------------
Generating 98 parsimony trees... 0.133 second
Computing log-likelihood of 90 initial trees ... 0.714 seconds
Current best score: -6159.722

Do NNI search on 20 best initial trees
Estimate model parameters (epsilon = 0.100)
BETTER TREE FOUND at iteration 1: -6159.373
Estimate model parameters (epsilon = 0.100)
BETTER TREE FOUND at iteration 2: -6158.570
Estimate model parameters (epsilon = 0.100)
BETTER TREE FOUND at iteration 3: -6158.354
UPDATE BEST LOG-LIKELIHOOD: -6158.354
Iteration 10 / LogL: -6158.354 / Time: 0h:0m:9s
Iteration 20 / LogL: -6159.167 / Time: 0h:0m:10s
Finish initializing candidate tree set (4)
Current best tree score: -6158.354 / CPU time: 2.098
Number of iterations: 20
--------------------------------------------------------------------
|               OPTIMIZING CANDIDATE TREE SET                      |
--------------------------------------------------------------------
Iteration 30 / LogL: -6160.674 / Time: 0h:0m:10s (0h:0m:7s left)
Iteration 40 / LogL: -6158.548 / Time: 0h:0m:11s (0h:0m:5s left)
Iteration 50 / LogL: -6158.354 / Time: 0h:0m:12s (0h:0m:4s left)
Log-likelihood cutoff on original alignment: -6170.468
Iteration 60 / LogL: -6158.355 / Time: 0h:0m:13s (0h:0m:3s left)
Iteration 70 / LogL: -6158.354 / Time: 0h:0m:13s (0h:0m:2s left)
Iteration 80 / LogL: -6158.354 / Time: 0h:0m:14s (0h:0m:1s left)
Iteration 90 / LogL: -6163.271 / Time: 0h:0m:15s (0h:0m:1s left)
Iteration 100 / LogL: -6158.549 / Time: 0h:0m:15s (0h:0m:0s left)
Log-likelihood cutoff on original alignment: -6172.802
NOTE: Bootstrap correlation coefficient of split occurrence frequencies: 0.990
TREE SEARCH COMPLETED AFTER 104 ITERATIONS / Time: 0h:0m:16s

--------------------------------------------------------------------
|                    FINALIZING TREE SEARCH                        |
--------------------------------------------------------------------
Performs final model parameters optimization
Estimate model parameters (epsilon = 0.010)
1. Initial log-likelihood: -6158.354
2. Current log-likelihood: -6158.342
Optimal log-likelihood: -6158.333
Rate parameters:  A-C: 3.609  A-G: 4.378  A-T: 0.582  C-G: 0.962  C-T: 8.911  G-T: 1.000
Base frequencies:   A: 0.422  C: 0.132  G: 0.219  T: 0.227
Gamma shape alpha: 0.524
Parameters optimization took 2 rounds (0.015 sec)
BEST SCORE FOUND : -6158.333
Creating bootstrap support values...
Split supports printed to NEXUS file ./results/gene7.phy.splits.nex
Total tree length: 2.084

Total number of iterations: 104
CPU time used for tree search: 4.410 sec (0h:0m:4s)
Wall-clock time used for tree search: 7.919 sec (0h:0m:7s)
Total CPU time used: 11.475 sec (0h:0m:11s)
Total wall-clock time used: 16.261 sec (0h:0m:16s)

Computing bootstrap consensus tree...
Reading input file ./results/gene7.phy.splits.nex...
10 taxa and 107 splits.
Consensus tree written to ./results/gene7.phy.contree
Reading input trees file ./results/gene7.phy.contree
Log-likelihood of consensus tree: -6158.333

Analysis results written to: 
  IQ-TREE report:                ./results/gene7.phy.iqtree
  Maximum-likelihood tree:       ./results/gene7.phy.treefile
  Likelihood distances:          ./results/gene7.phy.mldist

Ultrafast bootstrap approximation results written to:
  Split support values:          ./results/gene7.phy.splits.nex
  Consensus tree:                ./results/gene7.phy.contree
  Screen log file:               ./results/gene7.phy.log

Date and Time: Tue Aug 22 17:58:11 2017
