This is pdfTeX, Version 3.14159265-2.6-1.40.18 (TeX Live 2017) (preloaded format=latex 2017.5.23)  9 SEP 2017 19:04
entering extended mode
 restricted \write18 enabled.
 %&-line parsing enabled.
**tmpxTgVzk
(./tmpxTgVzk.tex
LaTeX2e <2017-04-15>
Babel <3.10> and hyphenation patterns for 84 language(s) loaded.
)
*\scrollmode


*\raiseerror%
! Undefined control sequence.
<*> \raiseerror
               %
The control sequence at the end of the top line
of your error message was never \def'ed. If you have
misspelled it (e.g., `\hobx'), type `I' and the correct
spelling (e.g., `I\hbox'). Otherwise just continue,
and I'll forget about whatever was undefined.


*\def\PyX{P\kern-.3em\lower.5ex\hbox{Y}\kern-.18em X}%

*\gdef\PyXBoxHAlign{0}%

*\newbox\PyXBox%
\PyXBox=\box26

*\newbox\PyXBoxHAligned%
\PyXBoxHAligned=\box27

*\newdimen\PyXDimenHAlignLT%
\PyXDimenHAlignLT=\dimen102

*\newdimen\PyXDimenHAlignRT%
\PyXDimenHAlignRT=\dimen103

*\gdef\PyXFlushHAlign{0}%

*\def\PyXragged{%

*\leftskip=0pt plus \PyXFlushHAlign fil%

*\rightskip=0pt plus 1fil%

*\advance\rightskip0pt plus -\PyXFlushHAlign fil%

*\parfillskip=0pt%

*\pretolerance=9999%

*\tolerance=9999%

*\parindent=0pt%

*\hyphenpenalty=9999%

*\exhyphenpenalty=9999}%

*\newbox\PyXBoxVBox%
\PyXBoxVBox=\box28

*\newdimen\PyXDimenVBox%
\PyXDimenVBox=\dimen104

*\newbox\PyXBoxVAlign%
\PyXBoxVAlign=\box29

*\newdimen\PyXDimenVAlign%
\PyXDimenVAlign=\dimen105

*\newdimen\PyXDimenVShift%
\PyXDimenVShift=\dimen106

*\long\def\ProcessPyXBox#1#2{%

*\setbox\PyXBox=\hbox{{#1}}%

*\PyXDimenHAlignLT=\PyXBoxHAlign\wd\PyXBox%

*\PyXDimenHAlignRT=\wd\PyXBox%

*\advance\PyXDimenHAlignRT by -\PyXDimenHAlignLT%

*\gdef\PyXBoxHAlign{0}%

*\immediate\write16{PyXBox:page=#2,lt=\the\PyXDimenHAlignLT,rt=\the\PyXDimenHAl
ignRT,ht=\the\ht\PyXBox,dp=\the\dp\PyXBox:}%

*\setbox\PyXBoxHAligned=\hbox{\kern-\PyXDimenHAlignLT\box\PyXBox}%

*\ht\PyXBoxHAligned0pt%

*{\count0=80\count1=121\count2=88\count3=#2\shipout\box\PyXBoxHAligned}}%

*\def\PyXInput#1{\immediate\write16{PyXInputMarker:executeid=#1:}}%

*\def\PyXMarker#1{\hskip0pt\special{PyX:marker #1}}%%

*\PyXInput{1}%
PyXInputMarker:executeid=1:

*\documentclass[11pt]{article}%

*\PyXInput{2}%
(/usr/local/texlive/2017/texmf-dist/tex/latex/base/article.cls
Document Class: article 2014/09/29 v1.4h Standard LaTeX document class
(/usr/local/texlive/2017/texmf-dist/tex/latex/base/size11.clo
File: size11.clo 2014/09/29 v1.4h Standard LaTeX file (size option)
)
\c@part=\count79
\c@section=\count80
\c@subsection=\count81
\c@subsubsection=\count82
\c@paragraph=\count83
\c@subparagraph=\count84
\c@figure=\count85
\c@table=\count86
\abovecaptionskip=\skip41
\belowcaptionskip=\skip42
\bibindent=\dimen107
)
PyXInputMarker:executeid=2:

*\usepackage[osf]{mathpazo}

*\usepackage[svgnames]{xcolor}
(/usr/local/texlive/2017/texmf-dist/tex/latex/psnfss/mathpazo.sty
Package: mathpazo 2005/04/12 PSNFSS-v9.2a Palatino w/ Pazo Math (D.Puga, WaS) 
\symupright=\mathgroup4
)
*\usepackage{pifont}
(/usr/local/texlive/2017/texmf-dist/tex/latex/xcolor/xcolor.sty
Package: xcolor 2016/05/11 v2.12 LaTeX color extensions (UK)

(/usr/local/texlive/2017/texmf-dist/tex/latex/graphics-cfg/color.cfg
File: color.cfg 2016/01/02 v1.6 sample color configuration
)
Package xcolor Info: Driver file: dvips.def on input line 225.

(/usr/local/texlive/2017/texmf-dist/tex/latex/graphics-def/dvips.def
File: dvips.def 2016/07/10 v3.1a Driver-dependent file (DPC,SPQR)
)
Package xcolor Info: Model `cmy' substituted by `cmy0' on input line 1348.
Package xcolor Info: Model `RGB' extended on input line 1364.
Package xcolor Info: Model `HTML' substituted by `rgb' on input line 1366.
Package xcolor Info: Model `Hsb' substituted by `hsb' on input line 1367.
Package xcolor Info: Model `tHsb' substituted by `hsb' on input line 1368.
Package xcolor Info: Model `HSB' substituted by `hsb' on input line 1369.
Package xcolor Info: Model `Gray' substituted by `gray' on input line 1370.
Package xcolor Info: Model `wave' substituted by `hsb' on input line 1371.

(/usr/local/texlive/2017/texmf-dist/tex/latex/xcolor/svgnam.def
File: svgnam.def 2016/05/11 v2.12 Predefined colors according to SVG 1.1 (UK)
))
*%

*\PyXInput{3}%
(/usr/local/texlive/2017/texmf-dist/tex/latex/psnfss/pifont.sty
Package: pifont 2005/04/12 PSNFSS-v9.2a Pi font support (SPQR) 
LaTeX Font Info:    Try loading font information for U+pzd on input line 63.

(/usr/local/texlive/2017/texmf-dist/tex/latex/psnfss/upzd.fd
File: upzd.fd 2001/06/04 font definitions for U/pzd.
)
LaTeX Font Info:    Try loading font information for U+psy on input line 64.

(/usr/local/texlive/2017/texmf-dist/tex/latex/psnfss/upsy.fd
File: upsy.fd 2001/06/04 font definitions for U/psy.
))
PyXInputMarker:executeid=3:

*\begin{document}%
No file tmpxTgVzk.aux.
\openout1 = `tmpxTgVzk.aux'.

LaTeX Font Info:    Checking defaults for OML/cmm/m/it on input line 0.
LaTeX Font Info:    ... okay on input line 0.
LaTeX Font Info:    Checking defaults for T1/cmr/m/n on input line 0.
LaTeX Font Info:    ... okay on input line 0.
LaTeX Font Info:    Checking defaults for OT1/cmr/m/n on input line 0.
LaTeX Font Info:    ... okay on input line 0.
LaTeX Font Info:    Checking defaults for OMS/cmsy/m/n on input line 0.
LaTeX Font Info:    ... okay on input line 0.
LaTeX Font Info:    Checking defaults for OMX/cmex/m/n on input line 0.
LaTeX Font Info:    ... okay on input line 0.
LaTeX Font Info:    Checking defaults for U/cmr/m/n on input line 0.
LaTeX Font Info:    ... okay on input line 0.
LaTeX Font Info:    Try loading font information for OT1+pplj on input line 0.
(/usr/local/texlive/2017/texmf-dist/tex/latex/psnfss/ot1pplj.fd
File: ot1pplj.fd 2004/09/06 font definitions for OT1/pplj.
)
\big@size=\dimen108

*\PyXInput{4}%
PyXInputMarker:executeid=4:

*\ProcessPyXBox{Xxy%

*}{1}%
PyXBox:page=1,lt=0.0pt,rt=19.042pt,ht=7.71426pt,dp=3.08789pt:
[80.121.88.1]
*\PyXInput{5}%
PyXInputMarker:executeid=5:

*\ProcessPyXBox{X%

*}{2}%
PyXBox:page=2,lt=0.0pt,rt=7.30363pt,ht=7.71426pt,dp=0.08759pt:
[80.121.88.2]
*\PyXInput{6}%
PyXInputMarker:executeid=6:

*\ProcessPyXBox{x%

*}{3}%
PyXBox:page=3,lt=0.0pt,rt=5.65019pt,ht=5.06436pt,dp=0.08759pt:
[80.121.88.3]
*\PyXInput{7}%
PyXInputMarker:executeid=7:

*\ProcessPyXBox{y%

*}{4}%
PyXBox:page=4,lt=0.0pt,rt=6.08818pt,ht=5.06436pt,dp=3.08789pt:
[80.121.88.4]
*\PyXInput{8}%
PyXInputMarker:executeid=8:

*\ProcessPyXBox{x%

*}{5}%
PyXBox:page=5,lt=0.0pt,rt=5.65019pt,ht=5.06436pt,dp=0.08759pt:
[80.121.88.5]
*\PyXInput{9}%
PyXInputMarker:executeid=9:

*\ProcessPyXBox{Xxy%

*}{6}%
PyXBox:page=6,lt=0.0pt,rt=19.042pt,ht=7.71426pt,dp=3.08789pt:
[80.121.88.6]
*\PyXInput{10}%
PyXInputMarker:executeid=10:

*\ProcessPyXBox{X%

*}{7}%
PyXBox:page=7,lt=0.0pt,rt=7.30363pt,ht=7.71426pt,dp=0.08759pt:
[80.121.88.7]
*\PyXInput{11}%
PyXInputMarker:executeid=11:

*\ProcessPyXBox{x%

*}{8}%
PyXBox:page=8,lt=0.0pt,rt=5.65019pt,ht=5.06436pt,dp=0.08759pt:
[80.121.88.8]
*\PyXInput{12}%
PyXInputMarker:executeid=12:

*\ProcessPyXBox{y%

*}{9}%
PyXBox:page=9,lt=0.0pt,rt=6.08818pt,ht=5.06436pt,dp=3.08789pt:
[80.121.88.9]
*\PyXInput{13}%
PyXInputMarker:executeid=13:

*\ProcessPyXBox{x%

*}{10}%
PyXBox:page=10,lt=0.0pt,rt=5.65019pt,ht=5.06436pt,dp=0.08759pt:
[80.121.88.10]
*\PyXInput{14}%
PyXInputMarker:executeid=14:

*\ProcessPyXBox{\scriptsize Xxy%

*}{11}%
PyXBox:page=11,lt=0.0pt,rt=13.91199pt,ht=5.63599pt,dp=2.256pt:
[80.121.88.11]
*\PyXInput{15}%
PyXInputMarker:executeid=15:

*\ProcessPyXBox{\scriptsize X%

*}{12}%
PyXBox:page=12,lt=0.0pt,rt=5.336pt,ht=5.63599pt,dp=0.064pt:
[80.121.88.12]
*\PyXInput{16}%
PyXInputMarker:executeid=16:

*\ProcessPyXBox{\scriptsize x%

*}{13}%
PyXBox:page=13,lt=0.0pt,rt=4.12799pt,ht=3.7pt,dp=0.064pt:
[80.121.88.13]
*\PyXInput{17}%
PyXInputMarker:executeid=17:

*\ProcessPyXBox{\scriptsize y%

*}{14}%
PyXBox:page=14,lt=0.0pt,rt=4.448pt,ht=3.7pt,dp=2.256pt:
[80.121.88.14]
*\PyXInput{18}%
PyXInputMarker:executeid=18:

*\ProcessPyXBox{x%

*}{15}%
PyXBox:page=15,lt=0.0pt,rt=5.65019pt,ht=5.06436pt,dp=0.08759pt:
[80.121.88.15]
*\PyXInput{19}%
PyXInputMarker:executeid=19:

*\ProcessPyXBox{\scriptsize Xxy%

*}{16}%
PyXBox:page=16,lt=0.0pt,rt=13.91199pt,ht=5.63599pt,dp=2.256pt:
[80.121.88.16]
*\PyXInput{20}%
PyXInputMarker:executeid=20:

*\ProcessPyXBox{\scriptsize X%

*}{17}%
PyXBox:page=17,lt=0.0pt,rt=5.336pt,ht=5.63599pt,dp=0.064pt:
[80.121.88.17]
*\PyXInput{21}%
PyXInputMarker:executeid=21:

*\ProcessPyXBox{\scriptsize x%

*}{18}%
PyXBox:page=18,lt=0.0pt,rt=4.12799pt,ht=3.7pt,dp=0.064pt:
[80.121.88.18]
*\PyXInput{22}%
PyXInputMarker:executeid=22:

*\ProcessPyXBox{\scriptsize y%

*}{19}%
PyXBox:page=19,lt=0.0pt,rt=4.448pt,ht=3.7pt,dp=2.256pt:
[80.121.88.19]
*\PyXInput{23}%
PyXInputMarker:executeid=23:

*\ProcessPyXBox{x%

*}{20}%
PyXBox:page=20,lt=0.0pt,rt=5.65019pt,ht=5.06436pt,dp=0.08759pt:
[80.121.88.20]
*\PyXInput{24}%
PyXInputMarker:executeid=24:

*\ProcessPyXBox{\scriptsize Xxy%

*}{21}%
PyXBox:page=21,lt=0.0pt,rt=13.91199pt,ht=5.63599pt,dp=2.256pt:
[80.121.88.21]
*\PyXInput{25}%
PyXInputMarker:executeid=25:

*\ProcessPyXBox{\scriptsize X%

*}{22}%
PyXBox:page=22,lt=0.0pt,rt=5.336pt,ht=5.63599pt,dp=0.064pt:
[80.121.88.22]
*\PyXInput{26}%
PyXInputMarker:executeid=26:

*\ProcessPyXBox{\scriptsize x%

*}{23}%
PyXBox:page=23,lt=0.0pt,rt=4.12799pt,ht=3.7pt,dp=0.064pt:
[80.121.88.23]
*\PyXInput{27}%
PyXInputMarker:executeid=27:

*\ProcessPyXBox{\scriptsize y%

*}{24}%
PyXBox:page=24,lt=0.0pt,rt=4.448pt,ht=3.7pt,dp=2.256pt:
[80.121.88.24]
*\PyXInput{28}%
PyXInputMarker:executeid=28:

*\ProcessPyXBox{x%

*}{25}%
PyXBox:page=25,lt=0.0pt,rt=5.65019pt,ht=5.06436pt,dp=0.08759pt:
[80.121.88.25]
*\PyXInput{29}%
PyXInputMarker:executeid=29:

*\ProcessPyXBox{\scriptsize Xxy%

*}{26}%
PyXBox:page=26,lt=0.0pt,rt=13.91199pt,ht=5.63599pt,dp=2.256pt:
[80.121.88.26]
*\PyXInput{30}%
PyXInputMarker:executeid=30:

*\ProcessPyXBox{\scriptsize X%

*}{27}%
PyXBox:page=27,lt=0.0pt,rt=5.336pt,ht=5.63599pt,dp=0.064pt:
[80.121.88.27]
*\PyXInput{31}%
PyXInputMarker:executeid=31:

*\ProcessPyXBox{\scriptsize x%

*}{28}%
PyXBox:page=28,lt=0.0pt,rt=4.12799pt,ht=3.7pt,dp=0.064pt:
[80.121.88.28]
*\PyXInput{32}%
PyXInputMarker:executeid=32:

*\ProcessPyXBox{\scriptsize y%

*}{29}%
PyXBox:page=29,lt=0.0pt,rt=4.448pt,ht=3.7pt,dp=2.256pt:
[80.121.88.29]
*\PyXInput{33}%
PyXInputMarker:executeid=33:

*\ProcessPyXBox{x%

*}{30}%
PyXBox:page=30,lt=0.0pt,rt=5.65019pt,ht=5.06436pt,dp=0.08759pt:
[80.121.88.30]
*\PyXInput{34}%
PyXInputMarker:executeid=34:

*\ProcessPyXBox{\scriptsize Xxy%

*}{31}%
PyXBox:page=31,lt=0.0pt,rt=13.91199pt,ht=5.63599pt,dp=2.256pt:
[80.121.88.31]
*\PyXInput{35}%
PyXInputMarker:executeid=35:

*\ProcessPyXBox{\scriptsize X%

*}{32}%
PyXBox:page=32,lt=0.0pt,rt=5.336pt,ht=5.63599pt,dp=0.064pt:
[80.121.88.32]
*\PyXInput{36}%
PyXInputMarker:executeid=36:

*\ProcessPyXBox{\scriptsize x%

*}{33}%
PyXBox:page=33,lt=0.0pt,rt=4.12799pt,ht=3.7pt,dp=0.064pt:
[80.121.88.33]
*\PyXInput{37}%
PyXInputMarker:executeid=37:

*\ProcessPyXBox{\scriptsize y%

*}{34}%
PyXBox:page=34,lt=0.0pt,rt=4.448pt,ht=3.7pt,dp=2.256pt:
[80.121.88.34]
*\PyXInput{38}%
PyXInputMarker:executeid=38:

*\ProcessPyXBox{x%

*}{35}%
PyXBox:page=35,lt=0.0pt,rt=5.65019pt,ht=5.06436pt,dp=0.08759pt:
[80.121.88.35]
*\PyXInput{39}%
PyXInputMarker:executeid=39:

*\ProcessPyXBox{\tiny Xxy%

*}{36}%
PyXBox:page=36,lt=0.0pt,rt=10.43399pt,ht=4.22699pt,dp=1.69199pt:
[80.121.88.36]
*\PyXInput{40}%
PyXInputMarker:executeid=40:

*\ProcessPyXBox{\tiny X%

*}{37}%
PyXBox:page=37,lt=0.0pt,rt=4.002pt,ht=4.22699pt,dp=0.04799pt:
[80.121.88.37]
*\PyXInput{41}%
PyXInputMarker:executeid=41:

*\ProcessPyXBox{\tiny x%

*}{38}%
PyXBox:page=38,lt=0.0pt,rt=3.096pt,ht=2.775pt,dp=0.04799pt:
[80.121.88.38]
*\PyXInput{42}%
PyXInputMarker:executeid=42:

*\ProcessPyXBox{\tiny y%

*}{39}%
PyXBox:page=39,lt=0.0pt,rt=3.336pt,ht=2.775pt,dp=1.69199pt:
[80.121.88.39]
*\PyXInput{43}%
PyXInputMarker:executeid=43:

*\ProcessPyXBox{x%

*}{40}%
PyXBox:page=40,lt=0.0pt,rt=5.65019pt,ht=5.06436pt,dp=0.08759pt:
[80.121.88.40]
*\PyXInput{44}%
PyXInputMarker:executeid=44:

*\ProcessPyXBox{Xxy%

*}{41}%
PyXBox:page=41,lt=0.0pt,rt=19.042pt,ht=7.71426pt,dp=3.08789pt:
[80.121.88.41]
*\PyXInput{45}%
PyXInputMarker:executeid=45:

*\ProcessPyXBox{X%

*}{42}%
PyXBox:page=42,lt=0.0pt,rt=7.30363pt,ht=7.71426pt,dp=0.08759pt:
[80.121.88.42]
*\PyXInput{46}%
PyXInputMarker:executeid=46:

*\ProcessPyXBox{x%

*}{43}%
PyXBox:page=43,lt=0.0pt,rt=5.65019pt,ht=5.06436pt,dp=0.08759pt:
[80.121.88.43]
*\PyXInput{47}%
PyXInputMarker:executeid=47:

*\ProcessPyXBox{y%

*}{44}%
PyXBox:page=44,lt=0.0pt,rt=6.08818pt,ht=5.06436pt,dp=3.08789pt:
[80.121.88.44]
*\PyXInput{48}%
PyXInputMarker:executeid=48:

*\ProcessPyXBox{x%

*}{45}%
PyXBox:page=45,lt=0.0pt,rt=5.65019pt,ht=5.06436pt,dp=0.08759pt:
[80.121.88.45]
*\PyXInput{49}%
PyXInputMarker:executeid=49:

*\ProcessPyXBox{\scriptsize 1.0%

*}{46}%
PyXBox:page=46,lt=0.0pt,rt=10.0pt,ht=3.872pt,dp=0.148pt:
[80.121.88.46]
*\PyXInput{50}%
PyXInputMarker:executeid=50:

*\ProcessPyXBox{\scriptsize X%

*}{47}%
PyXBox:page=47,lt=0.0pt,rt=5.336pt,ht=5.63599pt,dp=0.064pt:
[80.121.88.47]
*\PyXInput{51}%
PyXInputMarker:executeid=51:

*\ProcessPyXBox{\scriptsize x%

*}{48}%
PyXBox:page=48,lt=0.0pt,rt=4.12799pt,ht=3.7pt,dp=0.064pt:
[80.121.88.48]
*\PyXInput{52}%
PyXInputMarker:executeid=52:

*\ProcessPyXBox{\scriptsize y%

*}{49}%
PyXBox:page=49,lt=0.0pt,rt=4.448pt,ht=3.7pt,dp=2.256pt:
[80.121.88.49]
*\PyXInput{53}%
PyXInputMarker:executeid=53:

*\ProcessPyXBox{x%

*}{50}%
PyXBox:page=50,lt=0.0pt,rt=5.65019pt,ht=5.06436pt,dp=0.08759pt:
[80.121.88.50]
*\PyXInput{54}%
PyXInputMarker:executeid=54:

*\ProcessPyXBox{\scriptsize 1.0%

*}{51}%
PyXBox:page=51,lt=0.0pt,rt=10.0pt,ht=3.872pt,dp=0.148pt:
[80.121.88.51]
*\PyXInput{55}%
PyXInputMarker:executeid=55:

*\ProcessPyXBox{\scriptsize X%

*}{52}%
PyXBox:page=52,lt=0.0pt,rt=5.336pt,ht=5.63599pt,dp=0.064pt:
[80.121.88.52]
*\PyXInput{56}%
PyXInputMarker:executeid=56:

*\ProcessPyXBox{\scriptsize x%

*}{53}%
PyXBox:page=53,lt=0.0pt,rt=4.12799pt,ht=3.7pt,dp=0.064pt:
[80.121.88.53]
*\PyXInput{57}%
PyXInputMarker:executeid=57:

*\ProcessPyXBox{\scriptsize y%

*}{54}%
PyXBox:page=54,lt=0.0pt,rt=4.448pt,ht=3.7pt,dp=2.256pt:
[80.121.88.54]
*\PyXInput{58}%
PyXInputMarker:executeid=58:

*\ProcessPyXBox{x%

*}{55}%
PyXBox:page=55,lt=0.0pt,rt=5.65019pt,ht=5.06436pt,dp=0.08759pt:
[80.121.88.55]
*\PyXInput{59}%
PyXInputMarker:executeid=59:

*\ProcessPyXBox{\scriptsize 0.968%

*}{56}%
PyXBox:page=56,lt=0.0pt,rt=18.0pt,ht=5.63599pt,dp=1.896pt:
[80.121.88.56]
*\PyXInput{60}%
PyXInputMarker:executeid=60:

*\ProcessPyXBox{\scriptsize X%

*}{57}%
PyXBox:page=57,lt=0.0pt,rt=5.336pt,ht=5.63599pt,dp=0.064pt:
[80.121.88.57]
*\PyXInput{61}%
PyXInputMarker:executeid=61:

*\ProcessPyXBox{\scriptsize x%

*}{58}%
PyXBox:page=58,lt=0.0pt,rt=4.12799pt,ht=3.7pt,dp=0.064pt:
[80.121.88.58]
*\PyXInput{62}%
PyXInputMarker:executeid=62:

*\ProcessPyXBox{\scriptsize y%

*}{59}%
PyXBox:page=59,lt=0.0pt,rt=4.448pt,ht=3.7pt,dp=2.256pt:
[80.121.88.59]
*\PyXInput{63}%
PyXInputMarker:executeid=63:

*\ProcessPyXBox{x%

*}{60}%
PyXBox:page=60,lt=0.0pt,rt=5.65019pt,ht=5.06436pt,dp=0.08759pt:
[80.121.88.60]
*\PyXInput{64}%
PyXInputMarker:executeid=64:

*\ProcessPyXBox{\scriptsize 1.0%

*}{61}%
PyXBox:page=61,lt=0.0pt,rt=10.0pt,ht=3.872pt,dp=0.148pt:
[80.121.88.61]
*\PyXInput{65}%
PyXInputMarker:executeid=65:

*\ProcessPyXBox{\scriptsize X%

*}{62}%
PyXBox:page=62,lt=0.0pt,rt=5.336pt,ht=5.63599pt,dp=0.064pt:
[80.121.88.62]
*\PyXInput{66}%
PyXInputMarker:executeid=66:

*\ProcessPyXBox{\scriptsize x%

*}{63}%
PyXBox:page=63,lt=0.0pt,rt=4.12799pt,ht=3.7pt,dp=0.064pt:
[80.121.88.63]
*\PyXInput{67}%
PyXInputMarker:executeid=67:

*\ProcessPyXBox{\scriptsize y%

*}{64}%
PyXBox:page=64,lt=0.0pt,rt=4.448pt,ht=3.7pt,dp=2.256pt:
[80.121.88.64]
*\PyXInput{68}%
PyXInputMarker:executeid=68:

*\ProcessPyXBox{x%

*}{65}%
PyXBox:page=65,lt=0.0pt,rt=5.65019pt,ht=5.06436pt,dp=0.08759pt:
[80.121.88.65]
*\PyXInput{69}%
PyXInputMarker:executeid=69:

*\ProcessPyXBox{\scriptsize 1.0%

*}{66}%
PyXBox:page=66,lt=0.0pt,rt=10.0pt,ht=3.872pt,dp=0.148pt:
[80.121.88.66]
*\PyXInput{70}%
PyXInputMarker:executeid=70:

*\ProcessPyXBox{\scriptsize X%

*}{67}%
PyXBox:page=67,lt=0.0pt,rt=5.336pt,ht=5.63599pt,dp=0.064pt:
[80.121.88.67]
*\PyXInput{71}%
PyXInputMarker:executeid=71:

*\ProcessPyXBox{\scriptsize x%

*}{68}%
PyXBox:page=68,lt=0.0pt,rt=4.12799pt,ht=3.7pt,dp=0.064pt:
[80.121.88.68]
*\PyXInput{72}%
PyXInputMarker:executeid=72:

*\ProcessPyXBox{\scriptsize y%

*}{69}%
PyXBox:page=69,lt=0.0pt,rt=4.448pt,ht=3.7pt,dp=2.256pt:
[80.121.88.69]
*\PyXInput{73}%
PyXInputMarker:executeid=73:

*\ProcessPyXBox{x%

*}{70}%
PyXBox:page=70,lt=0.0pt,rt=5.65019pt,ht=5.06436pt,dp=0.08759pt:
[80.121.88.70]
*\PyXInput{74}%
PyXInputMarker:executeid=74:

*\ProcessPyXBox{\scriptsize 0.561%

*}{71}%
PyXBox:page=71,lt=0.0pt,rt=18.0pt,ht=5.63599pt,dp=1.896pt:
[80.121.88.71]
*\PyXInput{75}%
PyXInputMarker:executeid=75:

*\ProcessPyXBox{\scriptsize X%

*}{72}%
PyXBox:page=72,lt=0.0pt,rt=5.336pt,ht=5.63599pt,dp=0.064pt:
[80.121.88.72]
*\PyXInput{76}%
PyXInputMarker:executeid=76:

*\ProcessPyXBox{\scriptsize x%

*}{73}%
PyXBox:page=73,lt=0.0pt,rt=4.12799pt,ht=3.7pt,dp=0.064pt:
[80.121.88.73]
*\PyXInput{77}%
PyXInputMarker:executeid=77:

*\ProcessPyXBox{\scriptsize y%

*}{74}%
PyXBox:page=74,lt=0.0pt,rt=4.448pt,ht=3.7pt,dp=2.256pt:
[80.121.88.74]
*\PyXInput{78}%
PyXInputMarker:executeid=78:

*\ProcessPyXBox{x%

*}{75}%
PyXBox:page=75,lt=0.0pt,rt=5.65019pt,ht=5.06436pt,dp=0.08759pt:
[80.121.88.75]
*\PyXInput{79}%
PyXInputMarker:executeid=79:

*\ProcessPyXBox{\scriptsize 0.57%

*}{76}%
PyXBox:page=76,lt=0.0pt,rt=14.0pt,ht=3.79199pt,dp=1.896pt:
[80.121.88.76]
*\PyXInput{80}%
PyXInputMarker:executeid=80:

*\ProcessPyXBox{\scriptsize X%

*}{77}%
PyXBox:page=77,lt=0.0pt,rt=5.336pt,ht=5.63599pt,dp=0.064pt:
[80.121.88.77]
*\PyXInput{81}%
PyXInputMarker:executeid=81:

*\ProcessPyXBox{\scriptsize x%

*}{78}%
PyXBox:page=78,lt=0.0pt,rt=4.12799pt,ht=3.7pt,dp=0.064pt:
[80.121.88.78]
*\PyXInput{82}%
PyXInputMarker:executeid=82:

*\ProcessPyXBox{\scriptsize y%

*}{79}%
PyXBox:page=79,lt=0.0pt,rt=4.448pt,ht=3.7pt,dp=2.256pt:
[80.121.88.79]
*\PyXInput{83}%
PyXInputMarker:executeid=83:

*\ProcessPyXBox{x%

*}{80}%
PyXBox:page=80,lt=0.0pt,rt=5.65019pt,ht=5.06436pt,dp=0.08759pt:
[80.121.88.80]
*\PyXInput{84}%
PyXInputMarker:executeid=84:

*\ProcessPyXBox{\scriptsize 1.0%

*}{81}%
PyXBox:page=81,lt=0.0pt,rt=10.0pt,ht=3.872pt,dp=0.148pt:
[80.121.88.81]
*\PyXInput{85}%
PyXInputMarker:executeid=85:

*\ProcessPyXBox{\scriptsize X%

*}{82}%
PyXBox:page=82,lt=0.0pt,rt=5.336pt,ht=5.63599pt,dp=0.064pt:
[80.121.88.82]
*\PyXInput{86}%
PyXInputMarker:executeid=86:

*\ProcessPyXBox{\scriptsize x%

*}{83}%
PyXBox:page=83,lt=0.0pt,rt=4.12799pt,ht=3.7pt,dp=0.064pt:
[80.121.88.83]
*\PyXInput{87}%
PyXInputMarker:executeid=87:

*\ProcessPyXBox{\scriptsize y%

*}{84}%
PyXBox:page=84,lt=0.0pt,rt=4.448pt,ht=3.7pt,dp=2.256pt:
[80.121.88.84]
*\PyXInput{88}%
PyXInputMarker:executeid=88:

*\ProcessPyXBox{x%

*}{85}%
PyXBox:page=85,lt=0.0pt,rt=5.65019pt,ht=5.06436pt,dp=0.08759pt:
[80.121.88.85]
*\PyXInput{89}%
PyXInputMarker:executeid=89:

*\ProcessPyXBox{\scriptsize 1.0%

*}{86}%
PyXBox:page=86,lt=0.0pt,rt=10.0pt,ht=3.872pt,dp=0.148pt:
[80.121.88.86]
*\PyXInput{90}%
PyXInputMarker:executeid=90:

*\ProcessPyXBox{\scriptsize X%

*}{87}%
PyXBox:page=87,lt=0.0pt,rt=5.336pt,ht=5.63599pt,dp=0.064pt:
[80.121.88.87]
*\PyXInput{91}%
PyXInputMarker:executeid=91:

*\ProcessPyXBox{\scriptsize x%

*}{88}%
PyXBox:page=88,lt=0.0pt,rt=4.12799pt,ht=3.7pt,dp=0.064pt:
[80.121.88.88]
*\PyXInput{92}%
PyXInputMarker:executeid=92:

*\ProcessPyXBox{\scriptsize y%

*}{89}%
PyXBox:page=89,lt=0.0pt,rt=4.448pt,ht=3.7pt,dp=2.256pt:
[80.121.88.89]
*\PyXInput{93}%
PyXInputMarker:executeid=93:

*\ProcessPyXBox{x%

*}{90}%
PyXBox:page=90,lt=0.0pt,rt=5.65019pt,ht=5.06436pt,dp=0.08759pt:
[80.121.88.90]
*\PyXInput{94}%
PyXInputMarker:executeid=94:

*\ProcessPyXBox{\scriptsize 1.0%

*}{91}%
PyXBox:page=91,lt=0.0pt,rt=10.0pt,ht=3.872pt,dp=0.148pt:
[80.121.88.91]
*\PyXInput{95}%
PyXInputMarker:executeid=95:

*\ProcessPyXBox{\scriptsize X%

*}{92}%
PyXBox:page=92,lt=0.0pt,rt=5.336pt,ht=5.63599pt,dp=0.064pt:
[80.121.88.92]
*\PyXInput{96}%
PyXInputMarker:executeid=96:

*\ProcessPyXBox{\scriptsize x%

*}{93}%
PyXBox:page=93,lt=0.0pt,rt=4.12799pt,ht=3.7pt,dp=0.064pt:
[80.121.88.93]
*\PyXInput{97}%
PyXInputMarker:executeid=97:

*\ProcessPyXBox{\scriptsize y%

*}{94}%
PyXBox:page=94,lt=0.0pt,rt=4.448pt,ht=3.7pt,dp=2.256pt:
[80.121.88.94]
*\PyXInput{98}%
PyXInputMarker:executeid=98:

*\ProcessPyXBox{x%

*}{95}%
PyXBox:page=95,lt=0.0pt,rt=5.65019pt,ht=5.06436pt,dp=0.08759pt:
[80.121.88.95]
*\PyXInput{99}%
PyXInputMarker:executeid=99:

*\ProcessPyXBox{\scriptsize 1.0%

*}{96}%
PyXBox:page=96,lt=0.0pt,rt=10.0pt,ht=3.872pt,dp=0.148pt:
[80.121.88.96]
*\PyXInput{100}%
PyXInputMarker:executeid=100:

*\ProcessPyXBox{\scriptsize X%

*}{97}%
PyXBox:page=97,lt=0.0pt,rt=5.336pt,ht=5.63599pt,dp=0.064pt:
[80.121.88.97]
*\PyXInput{101}%
PyXInputMarker:executeid=101:

*\ProcessPyXBox{\scriptsize x%

*}{98}%
PyXBox:page=98,lt=0.0pt,rt=4.12799pt,ht=3.7pt,dp=0.064pt:
[80.121.88.98]
*\PyXInput{102}%
PyXInputMarker:executeid=102:

*\ProcessPyXBox{\scriptsize y%

*}{99}%
PyXBox:page=99,lt=0.0pt,rt=4.448pt,ht=3.7pt,dp=2.256pt:
[80.121.88.99]
*\PyXInput{103}%
PyXInputMarker:executeid=103:

*\ProcessPyXBox{x%

*}{100}%
PyXBox:page=100,lt=0.0pt,rt=5.65019pt,ht=5.06436pt,dp=0.08759pt:
[80.121.88.100]
*\PyXInput{104}%
PyXInputMarker:executeid=104:

*\ProcessPyXBox{\scriptsize 1.0%

*}{101}%
PyXBox:page=101,lt=0.0pt,rt=10.0pt,ht=3.872pt,dp=0.148pt:
[80.121.88.101]
*\PyXInput{105}%
PyXInputMarker:executeid=105:

*\ProcessPyXBox{\scriptsize X%

*}{102}%
PyXBox:page=102,lt=0.0pt,rt=5.336pt,ht=5.63599pt,dp=0.064pt:
[80.121.88.102]
*\PyXInput{106}%
PyXInputMarker:executeid=106:

*\ProcessPyXBox{\scriptsize x%

*}{103}%
PyXBox:page=103,lt=0.0pt,rt=4.12799pt,ht=3.7pt,dp=0.064pt:
[80.121.88.103]
*\PyXInput{107}%
PyXInputMarker:executeid=107:

*\ProcessPyXBox{\scriptsize y%

*}{104}%
PyXBox:page=104,lt=0.0pt,rt=4.448pt,ht=3.7pt,dp=2.256pt:
[80.121.88.104]
*\PyXInput{108}%
PyXInputMarker:executeid=108:

*\ProcessPyXBox{x%

*}{105}%
PyXBox:page=105,lt=0.0pt,rt=5.65019pt,ht=5.06436pt,dp=0.08759pt:
[80.121.88.105]
*\PyXInput{109}%
PyXInputMarker:executeid=109:

*\ProcessPyXBox{\scriptsize 0.513%

*}{106}%
PyXBox:page=106,lt=0.0pt,rt=18.0pt,ht=3.872pt,dp=1.896pt:
[80.121.88.106]
*\PyXInput{110}%
PyXInputMarker:executeid=110:

*\ProcessPyXBox{\scriptsize X%

*}{107}%
PyXBox:page=107,lt=0.0pt,rt=5.336pt,ht=5.63599pt,dp=0.064pt:
[80.121.88.107]
*\PyXInput{111}%
PyXInputMarker:executeid=111:

*\ProcessPyXBox{\scriptsize x%

*}{108}%
PyXBox:page=108,lt=0.0pt,rt=4.12799pt,ht=3.7pt,dp=0.064pt:
[80.121.88.108]
*\PyXInput{112}%
PyXInputMarker:executeid=112:

*\ProcessPyXBox{\scriptsize y%

*}{109}%
PyXBox:page=109,lt=0.0pt,rt=4.448pt,ht=3.7pt,dp=2.256pt:
[80.121.88.109]
*\PyXInput{113}%
PyXInputMarker:executeid=113:

*\ProcessPyXBox{x%

*}{110}%
PyXBox:page=110,lt=0.0pt,rt=5.65019pt,ht=5.06436pt,dp=0.08759pt:
[80.121.88.110]
*\PyXInput{114}%
PyXInputMarker:executeid=114:

*\ProcessPyXBox{\scriptsize 1.0%

*}{111}%
PyXBox:page=111,lt=0.0pt,rt=10.0pt,ht=3.872pt,dp=0.148pt:
[80.121.88.111]
*\PyXInput{115}%
PyXInputMarker:executeid=115:

*\ProcessPyXBox{\scriptsize X%

*}{112}%
PyXBox:page=112,lt=0.0pt,rt=5.336pt,ht=5.63599pt,dp=0.064pt:
[80.121.88.112]
*\PyXInput{116}%
PyXInputMarker:executeid=116:

*\ProcessPyXBox{\scriptsize x%

*}{113}%
PyXBox:page=113,lt=0.0pt,rt=4.12799pt,ht=3.7pt,dp=0.064pt:
[80.121.88.113]
*\PyXInput{117}%
PyXInputMarker:executeid=117:

*\ProcessPyXBox{\scriptsize y%

*}{114}%
PyXBox:page=114,lt=0.0pt,rt=4.448pt,ht=3.7pt,dp=2.256pt:
[80.121.88.114]
*\PyXInput{118}%
PyXInputMarker:executeid=118:

*\ProcessPyXBox{x%

*}{115}%
PyXBox:page=115,lt=0.0pt,rt=5.65019pt,ht=5.06436pt,dp=0.08759pt:
[80.121.88.115]
*\PyXInput{119}%
PyXInputMarker:executeid=119:

*\ProcessPyXBox{\scriptsize 1.0%

*}{116}%
PyXBox:page=116,lt=0.0pt,rt=10.0pt,ht=3.872pt,dp=0.148pt:
[80.121.88.116]
*\PyXInput{120}%
PyXInputMarker:executeid=120:

*\ProcessPyXBox{\scriptsize X%

*}{117}%
PyXBox:page=117,lt=0.0pt,rt=5.336pt,ht=5.63599pt,dp=0.064pt:
[80.121.88.117]
*\PyXInput{121}%
PyXInputMarker:executeid=121:

*\ProcessPyXBox{\scriptsize x%

*}{118}%
PyXBox:page=118,lt=0.0pt,rt=4.12799pt,ht=3.7pt,dp=0.064pt:
[80.121.88.118]
*\PyXInput{122}%
PyXInputMarker:executeid=122:

*\ProcessPyXBox{\scriptsize y%

*}{119}%
PyXBox:page=119,lt=0.0pt,rt=4.448pt,ht=3.7pt,dp=2.256pt:
[80.121.88.119]
*\PyXInput{123}%
PyXInputMarker:executeid=123:

*\ProcessPyXBox{x%

*}{120}%
PyXBox:page=120,lt=0.0pt,rt=5.65019pt,ht=5.06436pt,dp=0.08759pt:
[80.121.88.120]
*\PyXInput{124}%
PyXInputMarker:executeid=124:

*\ProcessPyXBox{\scriptsize 1.0%

*}{121}%
PyXBox:page=121,lt=0.0pt,rt=10.0pt,ht=3.872pt,dp=0.148pt:
[80.121.88.121]
*\PyXInput{125}%
PyXInputMarker:executeid=125:

*\ProcessPyXBox{\scriptsize X%

*}{122}%
PyXBox:page=122,lt=0.0pt,rt=5.336pt,ht=5.63599pt,dp=0.064pt:
[80.121.88.122]
*\PyXInput{126}%
PyXInputMarker:executeid=126:

*\ProcessPyXBox{\scriptsize x%

*}{123}%
PyXBox:page=123,lt=0.0pt,rt=4.12799pt,ht=3.7pt,dp=0.064pt:
[80.121.88.123]
*\PyXInput{127}%
PyXInputMarker:executeid=127:

*\ProcessPyXBox{\scriptsize y%

*}{124}%
PyXBox:page=124,lt=0.0pt,rt=4.448pt,ht=3.7pt,dp=2.256pt:
[80.121.88.124]
*\PyXInput{128}%
PyXInputMarker:executeid=128:

*\ProcessPyXBox{x%

*}{125}%
PyXBox:page=125,lt=0.0pt,rt=5.65019pt,ht=5.06436pt,dp=0.08759pt:
[80.121.88.125]
*\PyXInput{129}%
PyXInputMarker:executeid=129:

*\ProcessPyXBox{\scriptsize 0.993%

*}{126}%
PyXBox:page=126,lt=0.0pt,rt=18.0pt,ht=3.79199pt,dp=1.896pt:
[80.121.88.126]
*\PyXInput{130}%
PyXInputMarker:executeid=130:

*\ProcessPyXBox{\scriptsize X%

*}{127}%
PyXBox:page=127,lt=0.0pt,rt=5.336pt,ht=5.63599pt,dp=0.064pt:
[80.121.88.127]
*\PyXInput{131}%
PyXInputMarker:executeid=131:

*\ProcessPyXBox{\scriptsize x%

*}{128}%
PyXBox:page=128,lt=0.0pt,rt=4.12799pt,ht=3.7pt,dp=0.064pt:
[80.121.88.128]
*\PyXInput{132}%
PyXInputMarker:executeid=132:

*\ProcessPyXBox{\scriptsize y%

*}{129}%
PyXBox:page=129,lt=0.0pt,rt=4.448pt,ht=3.7pt,dp=2.256pt:
[80.121.88.129]
*\PyXInput{133}%
PyXInputMarker:executeid=133:

*\ProcessPyXBox{x%

*}{130}%
PyXBox:page=130,lt=0.0pt,rt=5.65019pt,ht=5.06436pt,dp=0.08759pt:
[80.121.88.130]
*\PyXInput{134}%
PyXInputMarker:executeid=134:

*\ProcessPyXBox{\scriptsize 0.999%

*}{131}%
PyXBox:page=131,lt=0.0pt,rt=18.0pt,ht=3.79199pt,dp=1.896pt:
[80.121.88.131]
*\PyXInput{135}%
PyXInputMarker:executeid=135:

*\ProcessPyXBox{\scriptsize X%

*}{132}%
PyXBox:page=132,lt=0.0pt,rt=5.336pt,ht=5.63599pt,dp=0.064pt:
[80.121.88.132]
*\PyXInput{136}%
PyXInputMarker:executeid=136:

*\ProcessPyXBox{\scriptsize x%

*}{133}%
PyXBox:page=133,lt=0.0pt,rt=4.12799pt,ht=3.7pt,dp=0.064pt:
[80.121.88.133]
*\PyXInput{137}%
PyXInputMarker:executeid=137:

*\ProcessPyXBox{\scriptsize y%

*}{134}%
PyXBox:page=134,lt=0.0pt,rt=4.448pt,ht=3.7pt,dp=2.256pt:
[80.121.88.134]
*\PyXInput{138}%
PyXInputMarker:executeid=138:

*\ProcessPyXBox{x%

*}{135}%
PyXBox:page=135,lt=0.0pt,rt=5.65019pt,ht=5.06436pt,dp=0.08759pt:
[80.121.88.135]
*\PyXInput{139}%
PyXInputMarker:executeid=139:

*\ProcessPyXBox{\scriptsize 0.817%

*}{136}%
PyXBox:page=136,lt=0.0pt,rt=18.0pt,ht=5.51999pt,dp=1.896pt:
[80.121.88.136]
*\PyXInput{140}%
PyXInputMarker:executeid=140:

*\ProcessPyXBox{\scriptsize X%

*}{137}%
PyXBox:page=137,lt=0.0pt,rt=5.336pt,ht=5.63599pt,dp=0.064pt:
[80.121.88.137]
*\PyXInput{141}%
PyXInputMarker:executeid=141:

*\ProcessPyXBox{\scriptsize x%

*}{138}%
PyXBox:page=138,lt=0.0pt,rt=4.12799pt,ht=3.7pt,dp=0.064pt:
[80.121.88.138]
*\PyXInput{142}%
PyXInputMarker:executeid=142:

*\ProcessPyXBox{\scriptsize y%

*}{139}%
PyXBox:page=139,lt=0.0pt,rt=4.448pt,ht=3.7pt,dp=2.256pt:
[80.121.88.139]
*\PyXInput{143}%
PyXInputMarker:executeid=143:

*\ProcessPyXBox{x%

*}{140}%
PyXBox:page=140,lt=0.0pt,rt=5.65019pt,ht=5.06436pt,dp=0.08759pt:
[80.121.88.140]
*\PyXInput{144}%
PyXInputMarker:executeid=144:

*\ProcessPyXBox{\scriptsize 0.642%

*}{141}%
PyXBox:page=141,lt=0.0pt,rt=18.0pt,ht=5.63599pt,dp=1.896pt:
[80.121.88.141]
*\PyXInput{145}%
PyXInputMarker:executeid=145:

*\ProcessPyXBox{\scriptsize X%

*}{142}%
PyXBox:page=142,lt=0.0pt,rt=5.336pt,ht=5.63599pt,dp=0.064pt:
[80.121.88.142]
*\PyXInput{146}%
PyXInputMarker:executeid=146:

*\ProcessPyXBox{\scriptsize x%

*}{143}%
PyXBox:page=143,lt=0.0pt,rt=4.12799pt,ht=3.7pt,dp=0.064pt:
[80.121.88.143]
*\PyXInput{147}%
PyXInputMarker:executeid=147:

*\ProcessPyXBox{\scriptsize y%

*}{144}%
PyXBox:page=144,lt=0.0pt,rt=4.448pt,ht=3.7pt,dp=2.256pt:
[80.121.88.144]
*\PyXInput{148}%
PyXInputMarker:executeid=148:

*\ProcessPyXBox{x%

*}{145}%
PyXBox:page=145,lt=0.0pt,rt=5.65019pt,ht=5.06436pt,dp=0.08759pt:
[80.121.88.145]
*\PyXInput{149}%
PyXInputMarker:executeid=149:

*\ProcessPyXBox{\scriptsize 1.0%

*}{146}%
PyXBox:page=146,lt=0.0pt,rt=10.0pt,ht=3.872pt,dp=0.148pt:
[80.121.88.146]
*\PyXInput{150}%
PyXInputMarker:executeid=150:

*\ProcessPyXBox{\scriptsize X%

*}{147}%
PyXBox:page=147,lt=0.0pt,rt=5.336pt,ht=5.63599pt,dp=0.064pt:
[80.121.88.147]
*\PyXInput{151}%
PyXInputMarker:executeid=151:

*\ProcessPyXBox{\scriptsize x%

*}{148}%
PyXBox:page=148,lt=0.0pt,rt=4.12799pt,ht=3.7pt,dp=0.064pt:
[80.121.88.148]
*\PyXInput{152}%
PyXInputMarker:executeid=152:

*\ProcessPyXBox{\scriptsize y%

*}{149}%
PyXBox:page=149,lt=0.0pt,rt=4.448pt,ht=3.7pt,dp=2.256pt:
[80.121.88.149]
*\PyXInput{153}%
PyXInputMarker:executeid=153:

*\ProcessPyXBox{x%

*}{150}%
PyXBox:page=150,lt=0.0pt,rt=5.65019pt,ht=5.06436pt,dp=0.08759pt:
[80.121.88.150]
*\PyXInput{154}%
PyXInputMarker:executeid=154:

*\ProcessPyXBox{\scriptsize 0.985%

*}{151}%
PyXBox:page=151,lt=0.0pt,rt=18.0pt,ht=5.51999pt,dp=1.896pt:
[80.121.88.151]
*\PyXInput{155}%
PyXInputMarker:executeid=155:

*\ProcessPyXBox{\scriptsize X%

*}{152}%
PyXBox:page=152,lt=0.0pt,rt=5.336pt,ht=5.63599pt,dp=0.064pt:
[80.121.88.152]
*\PyXInput{156}%
PyXInputMarker:executeid=156:

*\ProcessPyXBox{\scriptsize x%

*}{153}%
PyXBox:page=153,lt=0.0pt,rt=4.12799pt,ht=3.7pt,dp=0.064pt:
[80.121.88.153]
*\PyXInput{157}%
PyXInputMarker:executeid=157:

*\ProcessPyXBox{\scriptsize y%

*}{154}%
PyXBox:page=154,lt=0.0pt,rt=4.448pt,ht=3.7pt,dp=2.256pt:
[80.121.88.154]
*\PyXInput{158}%
PyXInputMarker:executeid=158:

*\ProcessPyXBox{x%

*}{155}%
PyXBox:page=155,lt=0.0pt,rt=5.65019pt,ht=5.06436pt,dp=0.08759pt:
[80.121.88.155]
*\PyXInput{159}%
PyXInputMarker:executeid=159:

*\ProcessPyXBox{\scriptsize 0.728%

*}{156}%
PyXBox:page=156,lt=0.0pt,rt=18.0pt,ht=5.51999pt,dp=1.896pt:
[80.121.88.156]
*\PyXInput{160}%
PyXInputMarker:executeid=160:

*\ProcessPyXBox{\scriptsize X%

*}{157}%
PyXBox:page=157,lt=0.0pt,rt=5.336pt,ht=5.63599pt,dp=0.064pt:
[80.121.88.157]
*\PyXInput{161}%
PyXInputMarker:executeid=161:

*\ProcessPyXBox{\scriptsize x%

*}{158}%
PyXBox:page=158,lt=0.0pt,rt=4.12799pt,ht=3.7pt,dp=0.064pt:
[80.121.88.158]
*\PyXInput{162}%
PyXInputMarker:executeid=162:

*\ProcessPyXBox{\scriptsize y%

*}{159}%
PyXBox:page=159,lt=0.0pt,rt=4.448pt,ht=3.7pt,dp=2.256pt:
[80.121.88.159]
*\PyXInput{163}%
PyXInputMarker:executeid=163:

*\ProcessPyXBox{x%

*}{160}%
PyXBox:page=160,lt=0.0pt,rt=5.65019pt,ht=5.06436pt,dp=0.08759pt:
[80.121.88.160]
*\PyXInput{164}%
PyXInputMarker:executeid=164:

*\ProcessPyXBox{\scriptsize 0.77%

*}{161}%
PyXBox:page=161,lt=0.0pt,rt=14.0pt,ht=3.79199pt,dp=1.896pt:
[80.121.88.161]
*\PyXInput{165}%
PyXInputMarker:executeid=165:

*\ProcessPyXBox{\scriptsize X%

*}{162}%
PyXBox:page=162,lt=0.0pt,rt=5.336pt,ht=5.63599pt,dp=0.064pt:
[80.121.88.162]
*\PyXInput{166}%
PyXInputMarker:executeid=166:

*\ProcessPyXBox{\scriptsize x%

*}{163}%
PyXBox:page=163,lt=0.0pt,rt=4.12799pt,ht=3.7pt,dp=0.064pt:
[80.121.88.163]
*\PyXInput{167}%
PyXInputMarker:executeid=167:

*\ProcessPyXBox{\scriptsize y%

*}{164}%
PyXBox:page=164,lt=0.0pt,rt=4.448pt,ht=3.7pt,dp=2.256pt:
[80.121.88.164]
*\PyXInput{168}%
PyXInputMarker:executeid=168:

*\ProcessPyXBox{x%

*}{165}%
PyXBox:page=165,lt=0.0pt,rt=5.65019pt,ht=5.06436pt,dp=0.08759pt:
[80.121.88.165]
*\PyXInput{169}%
PyXInputMarker:executeid=169:

*\ProcessPyXBox{\scriptsize 0.969%

*}{166}%
PyXBox:page=166,lt=0.0pt,rt=18.0pt,ht=5.63599pt,dp=1.896pt:
[80.121.88.166]
*\PyXInput{170}%
PyXInputMarker:executeid=170:

*\ProcessPyXBox{\scriptsize X%

*}{167}%
PyXBox:page=167,lt=0.0pt,rt=5.336pt,ht=5.63599pt,dp=0.064pt:
[80.121.88.167]
*\PyXInput{171}%
PyXInputMarker:executeid=171:

*\ProcessPyXBox{\scriptsize x%

*}{168}%
PyXBox:page=168,lt=0.0pt,rt=4.12799pt,ht=3.7pt,dp=0.064pt:
[80.121.88.168]
*\PyXInput{172}%
PyXInputMarker:executeid=172:

*\ProcessPyXBox{\scriptsize y%

*}{169}%
PyXBox:page=169,lt=0.0pt,rt=4.448pt,ht=3.7pt,dp=2.256pt:
[80.121.88.169]
*\PyXInput{173}%
PyXInputMarker:executeid=173:

*\ProcessPyXBox{x%

*}{170}%
PyXBox:page=170,lt=0.0pt,rt=5.65019pt,ht=5.06436pt,dp=0.08759pt:
[80.121.88.170]
*\PyXInput{174}%
PyXInputMarker:executeid=174:

*\ProcessPyXBox{\scriptsize 0.953%

*}{171}%
PyXBox:page=171,lt=0.0pt,rt=18.0pt,ht=3.79199pt,dp=1.896pt:
[80.121.88.171]
*\PyXInput{175}%
PyXInputMarker:executeid=175:

*\ProcessPyXBox{\scriptsize X%

*}{172}%
PyXBox:page=172,lt=0.0pt,rt=5.336pt,ht=5.63599pt,dp=0.064pt:
[80.121.88.172]
*\PyXInput{176}%
PyXInputMarker:executeid=176:

*\ProcessPyXBox{\scriptsize x%

*}{173}%
PyXBox:page=173,lt=0.0pt,rt=4.12799pt,ht=3.7pt,dp=0.064pt:
[80.121.88.173]
*\PyXInput{177}%
PyXInputMarker:executeid=177:

*\ProcessPyXBox{\scriptsize y%

*}{174}%
PyXBox:page=174,lt=0.0pt,rt=4.448pt,ht=3.7pt,dp=2.256pt:
[80.121.88.174]
*\PyXInput{178}%
PyXInputMarker:executeid=178:

*\ProcessPyXBox{x%

*}{175}%
PyXBox:page=175,lt=0.0pt,rt=5.65019pt,ht=5.06436pt,dp=0.08759pt:
[80.121.88.175]
*\PyXInput{179}%
PyXInputMarker:executeid=179:

*\ProcessPyXBox{\scriptsize 1.0%

*}{176}%
PyXBox:page=176,lt=0.0pt,rt=10.0pt,ht=3.872pt,dp=0.148pt:
[80.121.88.176]
*\PyXInput{180}%
PyXInputMarker:executeid=180:

*\ProcessPyXBox{\scriptsize X%

*}{177}%
PyXBox:page=177,lt=0.0pt,rt=5.336pt,ht=5.63599pt,dp=0.064pt:
[80.121.88.177]
*\PyXInput{181}%
PyXInputMarker:executeid=181:

*\ProcessPyXBox{\scriptsize x%

*}{178}%
PyXBox:page=178,lt=0.0pt,rt=4.12799pt,ht=3.7pt,dp=0.064pt:
[80.121.88.178]
*\PyXInput{182}%
PyXInputMarker:executeid=182:

*\ProcessPyXBox{\scriptsize y%

*}{179}%
PyXBox:page=179,lt=0.0pt,rt=4.448pt,ht=3.7pt,dp=2.256pt:
[80.121.88.179]
*\PyXInput{183}%
PyXInputMarker:executeid=183:

*\ProcessPyXBox{x%

*}{180}%
PyXBox:page=180,lt=0.0pt,rt=5.65019pt,ht=5.06436pt,dp=0.08759pt:
[80.121.88.180]
*\PyXInput{184}%
PyXInputMarker:executeid=184:

*\ProcessPyXBox{\scriptsize 1.0%

*}{181}%
PyXBox:page=181,lt=0.0pt,rt=10.0pt,ht=3.872pt,dp=0.148pt:
[80.121.88.181]
*\PyXInput{185}%
PyXInputMarker:executeid=185:

*\ProcessPyXBox{\scriptsize X%

*}{182}%
PyXBox:page=182,lt=0.0pt,rt=5.336pt,ht=5.63599pt,dp=0.064pt:
[80.121.88.182]
*\PyXInput{186}%
PyXInputMarker:executeid=186:

*\ProcessPyXBox{\scriptsize x%

*}{183}%
PyXBox:page=183,lt=0.0pt,rt=4.12799pt,ht=3.7pt,dp=0.064pt:
[80.121.88.183]
*\PyXInput{187}%
PyXInputMarker:executeid=187:

*\ProcessPyXBox{\scriptsize y%

*}{184}%
PyXBox:page=184,lt=0.0pt,rt=4.448pt,ht=3.7pt,dp=2.256pt:
[80.121.88.184]
*\PyXInput{188}%
PyXInputMarker:executeid=188:

*\ProcessPyXBox{x%

*}{185}%
PyXBox:page=185,lt=0.0pt,rt=5.65019pt,ht=5.06436pt,dp=0.08759pt:
[80.121.88.185]
*\PyXInput{189}%
PyXInputMarker:executeid=189:

*\ProcessPyXBox{\scriptsize Xxy%

*}{186}%
PyXBox:page=186,lt=0.0pt,rt=13.91199pt,ht=5.63599pt,dp=2.256pt:
[80.121.88.186]
*\PyXInput{190}%
PyXInputMarker:executeid=190:

*\ProcessPyXBox{\scriptsize X%

*}{187}%
PyXBox:page=187,lt=0.0pt,rt=5.336pt,ht=5.63599pt,dp=0.064pt:
[80.121.88.187]
*\PyXInput{191}%
PyXInputMarker:executeid=191:

*\ProcessPyXBox{\scriptsize x%

*}{188}%
PyXBox:page=188,lt=0.0pt,rt=4.12799pt,ht=3.7pt,dp=0.064pt:
[80.121.88.188]
*\PyXInput{192}%
PyXInputMarker:executeid=192:

*\ProcessPyXBox{\scriptsize y%

*}{189}%
PyXBox:page=189,lt=0.0pt,rt=4.448pt,ht=3.7pt,dp=2.256pt:
[80.121.88.189]
*\PyXInput{193}%
PyXInputMarker:executeid=193:

*\ProcessPyXBox{x%

*}{190}%
PyXBox:page=190,lt=0.0pt,rt=5.65019pt,ht=5.06436pt,dp=0.08759pt:
[80.121.88.190]
*\PyXInput{194}%
PyXInputMarker:executeid=194:

*\ProcessPyXBox{Xxy%

*}{191}%
PyXBox:page=191,lt=0.0pt,rt=19.042pt,ht=7.71426pt,dp=3.08789pt:
[80.121.88.191]
*\PyXInput{195}%
PyXInputMarker:executeid=195:

*\ProcessPyXBox{X%

*}{192}%
PyXBox:page=192,lt=0.0pt,rt=7.30363pt,ht=7.71426pt,dp=0.08759pt:
[80.121.88.192]
*\PyXInput{196}%
PyXInputMarker:executeid=196:

*\ProcessPyXBox{x%

*}{193}%
PyXBox:page=193,lt=0.0pt,rt=5.65019pt,ht=5.06436pt,dp=0.08759pt:
[80.121.88.193]
*\PyXInput{197}%
PyXInputMarker:executeid=197:

*\ProcessPyXBox{y%

*}{194}%
PyXBox:page=194,lt=0.0pt,rt=6.08818pt,ht=5.06436pt,dp=3.08789pt:
[80.121.88.194]
*\PyXInput{198}%
PyXInputMarker:executeid=198:

*\ProcessPyXBox{x%

*}{195}%
PyXBox:page=195,lt=0.0pt,rt=5.65019pt,ht=5.06436pt,dp=0.08759pt:
[80.121.88.195]
*\PyXInput{199}%
PyXInputMarker:executeid=199:

*\ProcessPyXBox{\scriptsize Xxy%

*}{196}%
PyXBox:page=196,lt=0.0pt,rt=13.91199pt,ht=5.63599pt,dp=2.256pt:
[80.121.88.196]
*\PyXInput{200}%
PyXInputMarker:executeid=200:

*\ProcessPyXBox{\scriptsize X%

*}{197}%
PyXBox:page=197,lt=0.0pt,rt=5.336pt,ht=5.63599pt,dp=0.064pt:
[80.121.88.197]
*\PyXInput{201}%
PyXInputMarker:executeid=201:

*\ProcessPyXBox{\scriptsize x%

*}{198}%
PyXBox:page=198,lt=0.0pt,rt=4.12799pt,ht=3.7pt,dp=0.064pt:
[80.121.88.198]
*\PyXInput{202}%
PyXInputMarker:executeid=202:

*\ProcessPyXBox{\scriptsize y%

*}{199}%
PyXBox:page=199,lt=0.0pt,rt=4.448pt,ht=3.7pt,dp=2.256pt:
[80.121.88.199]
*\PyXInput{203}%
PyXInputMarker:executeid=203:

*\ProcessPyXBox{x%

*}{200}%
PyXBox:page=200,lt=0.0pt,rt=5.65019pt,ht=5.06436pt,dp=0.08759pt:
[80.121.88.200]
*\PyXInput{204}%
PyXInputMarker:executeid=204:

*\ProcessPyXBox{Xxy%

*}{201}%
PyXBox:page=201,lt=0.0pt,rt=19.042pt,ht=7.71426pt,dp=3.08789pt:
[80.121.88.201]
*\PyXInput{205}%
PyXInputMarker:executeid=205:

*\ProcessPyXBox{X%

*}{202}%
PyXBox:page=202,lt=0.0pt,rt=7.30363pt,ht=7.71426pt,dp=0.08759pt:
[80.121.88.202]
*\PyXInput{206}%
PyXInputMarker:executeid=206:

*\ProcessPyXBox{x%

*}{203}%
PyXBox:page=203,lt=0.0pt,rt=5.65019pt,ht=5.06436pt,dp=0.08759pt:
[80.121.88.203]
*\PyXInput{207}%
PyXInputMarker:executeid=207:

*\ProcessPyXBox{y%

*}{204}%
PyXBox:page=204,lt=0.0pt,rt=6.08818pt,ht=5.06436pt,dp=3.08789pt:
[80.121.88.204]
*\PyXInput{208}%
PyXInputMarker:executeid=208:

*\ProcessPyXBox{x%

*}{205}%
PyXBox:page=205,lt=0.0pt,rt=5.65019pt,ht=5.06436pt,dp=0.08759pt:
[80.121.88.205]
*\PyXInput{209}%
PyXInputMarker:executeid=209:

*\ProcessPyXBox{\scriptsize Xxy%

*}{206}%
PyXBox:page=206,lt=0.0pt,rt=13.91199pt,ht=5.63599pt,dp=2.256pt:
[80.121.88.206]
*\PyXInput{210}%
PyXInputMarker:executeid=210:

*\ProcessPyXBox{\scriptsize X%

*}{207}%
PyXBox:page=207,lt=0.0pt,rt=5.336pt,ht=5.63599pt,dp=0.064pt:
[80.121.88.207]
*\PyXInput{211}%
PyXInputMarker:executeid=211:

*\ProcessPyXBox{\scriptsize x%

*}{208}%
PyXBox:page=208,lt=0.0pt,rt=4.12799pt,ht=3.7pt,dp=0.064pt:
[80.121.88.208]
*\PyXInput{212}%
PyXInputMarker:executeid=212:

*\ProcessPyXBox{\scriptsize y%

*}{209}%
PyXBox:page=209,lt=0.0pt,rt=4.448pt,ht=3.7pt,dp=2.256pt:
[80.121.88.209]
*\PyXInput{213}%
PyXInputMarker:executeid=213:

*\ProcessPyXBox{x%

*}{210}%
PyXBox:page=210,lt=0.0pt,rt=5.65019pt,ht=5.06436pt,dp=0.08759pt:
[80.121.88.210]
*\PyXInput{214}%
PyXInputMarker:executeid=214:

*\ProcessPyXBox{\scriptsize Xxy%

*}{211}%
PyXBox:page=211,lt=0.0pt,rt=13.91199pt,ht=5.63599pt,dp=2.256pt:
[80.121.88.211]
*\PyXInput{215}%
PyXInputMarker:executeid=215:

*\ProcessPyXBox{\scriptsize X%

*}{212}%
PyXBox:page=212,lt=0.0pt,rt=5.336pt,ht=5.63599pt,dp=0.064pt:
[80.121.88.212]
*\PyXInput{216}%
PyXInputMarker:executeid=216:

*\ProcessPyXBox{\scriptsize x%

*}{213}%
PyXBox:page=213,lt=0.0pt,rt=4.12799pt,ht=3.7pt,dp=0.064pt:
[80.121.88.213]
*\PyXInput{217}%
PyXInputMarker:executeid=217:

*\ProcessPyXBox{\scriptsize y%

*}{214}%
PyXBox:page=214,lt=0.0pt,rt=4.448pt,ht=3.7pt,dp=2.256pt:
[80.121.88.214]
*\PyXInput{218}%
PyXInputMarker:executeid=218:

*\ProcessPyXBox{x%

*}{215}%
PyXBox:page=215,lt=0.0pt,rt=5.65019pt,ht=5.06436pt,dp=0.08759pt:
[80.121.88.215]
*\PyXInput{219}%
PyXInputMarker:executeid=219:

*\ProcessPyXBox{\tiny Xxy%

*}{216}%
PyXBox:page=216,lt=0.0pt,rt=10.43399pt,ht=4.22699pt,dp=1.69199pt:
[80.121.88.216]
*\PyXInput{220}%
PyXInputMarker:executeid=220:

*\ProcessPyXBox{\tiny X%

*}{217}%
PyXBox:page=217,lt=0.0pt,rt=4.002pt,ht=4.22699pt,dp=0.04799pt:
[80.121.88.217]
*\PyXInput{221}%
PyXInputMarker:executeid=221:

*\ProcessPyXBox{\tiny x%

*}{218}%
PyXBox:page=218,lt=0.0pt,rt=3.096pt,ht=2.775pt,dp=0.04799pt:
[80.121.88.218]
*\PyXInput{222}%
PyXInputMarker:executeid=222:

*\ProcessPyXBox{\tiny y%

*}{219}%
PyXBox:page=219,lt=0.0pt,rt=3.336pt,ht=2.775pt,dp=1.69199pt:
[80.121.88.219]
*\PyXInput{223}%
PyXInputMarker:executeid=223:

*\ProcessPyXBox{x%

*}{220}%
PyXBox:page=220,lt=0.0pt,rt=5.65019pt,ht=5.06436pt,dp=0.08759pt:
[80.121.88.220]
*\PyXInput{224}%
PyXInputMarker:executeid=224:

*\ProcessPyXBox{Xxy%

*}{221}%
PyXBox:page=221,lt=0.0pt,rt=19.042pt,ht=7.71426pt,dp=3.08789pt:
[80.121.88.221]
*\PyXInput{225}%
PyXInputMarker:executeid=225:

*\ProcessPyXBox{X%

*}{222}%
PyXBox:page=222,lt=0.0pt,rt=7.30363pt,ht=7.71426pt,dp=0.08759pt:
[80.121.88.222]
*\PyXInput{226}%
PyXInputMarker:executeid=226:

*\ProcessPyXBox{x%

*}{223}%
PyXBox:page=223,lt=0.0pt,rt=5.65019pt,ht=5.06436pt,dp=0.08759pt:
[80.121.88.223]
*\PyXInput{227}%
PyXInputMarker:executeid=227:

*\ProcessPyXBox{y%

*}{224}%
PyXBox:page=224,lt=0.0pt,rt=6.08818pt,ht=5.06436pt,dp=3.08789pt:
[80.121.88.224]
*\PyXInput{228}%
PyXInputMarker:executeid=228:

*\ProcessPyXBox{x%

*}{225}%
PyXBox:page=225,lt=0.0pt,rt=5.65019pt,ht=5.06436pt,dp=0.08759pt:
[80.121.88.225]
*\PyXInput{229}%
PyXInputMarker:executeid=229:

*\ProcessPyXBox{\scriptsize Xxy%

*}{226}%
PyXBox:page=226,lt=0.0pt,rt=13.91199pt,ht=5.63599pt,dp=2.256pt:
[80.121.88.226]
*\PyXInput{230}%
PyXInputMarker:executeid=230:

*\ProcessPyXBox{\scriptsize X%

*}{227}%
PyXBox:page=227,lt=0.0pt,rt=5.336pt,ht=5.63599pt,dp=0.064pt:
[80.121.88.227]
*\PyXInput{231}%
PyXInputMarker:executeid=231:

*\ProcessPyXBox{\scriptsize x%

*}{228}%
PyXBox:page=228,lt=0.0pt,rt=4.12799pt,ht=3.7pt,dp=0.064pt:
[80.121.88.228]
*\PyXInput{232}%
PyXInputMarker:executeid=232:

*\ProcessPyXBox{\scriptsize y%

*}{229}%
PyXBox:page=229,lt=0.0pt,rt=4.448pt,ht=3.7pt,dp=2.256pt:
[80.121.88.229]
*\PyXInput{233}%
PyXInputMarker:executeid=233:

*\ProcessPyXBox{x%

*}{230}%
PyXBox:page=230,lt=0.0pt,rt=5.65019pt,ht=5.06436pt,dp=0.08759pt:
[80.121.88.230]
*\PyXInput{234}%
PyXInputMarker:executeid=234:

*\ProcessPyXBox{Lophopus\_crystallinus{\textcolor{Maroon}{\ding{110}}}%

*}{231}%
PyXBox:page=231,lt=0.0pt,rt=118.00793pt,ht=7.97707pt,dp=3.08789pt:
[80.121.88.231]
*\PyXInput{235}%
PyXInputMarker:executeid=235:

*\ProcessPyXBox{X%

*}{232}%
PyXBox:page=232,lt=0.0pt,rt=7.30363pt,ht=7.71426pt,dp=0.08759pt:
[80.121.88.232]
*\PyXInput{236}%
PyXInputMarker:executeid=236:

*\ProcessPyXBox{x%

*}{233}%
PyXBox:page=233,lt=0.0pt,rt=5.65019pt,ht=5.06436pt,dp=0.08759pt:
[80.121.88.233]
*\PyXInput{237}%
PyXInputMarker:executeid=237:

*\ProcessPyXBox{y%

*}{234}%
PyXBox:page=234,lt=0.0pt,rt=6.08818pt,ht=5.06436pt,dp=3.08789pt:
[80.121.88.234]
*\PyXInput{238}%
PyXInputMarker:executeid=238:

*\ProcessPyXBox{x%

*}{235}%
PyXBox:page=235,lt=0.0pt,rt=5.65019pt,ht=5.06436pt,dp=0.08759pt:
[80.121.88.235]
*\PyXInput{239}%
PyXInputMarker:executeid=239:

*\ProcessPyXBox{Pectinatella\_magnifica{\textcolor{Maroon}{\ding{110}}}%

*}{236}%
PyXBox:page=236,lt=0.0pt,rt=116.01506pt,ht=7.97707pt,dp=3.08789pt:
[80.121.88.236]
*\PyXInput{240}%
PyXInputMarker:executeid=240:

*\ProcessPyXBox{X%

*}{237}%
PyXBox:page=237,lt=0.0pt,rt=7.30363pt,ht=7.71426pt,dp=0.08759pt:
[80.121.88.237]
*\PyXInput{241}%
PyXInputMarker:executeid=241:

*\ProcessPyXBox{x%

*}{238}%
PyXBox:page=238,lt=0.0pt,rt=5.65019pt,ht=5.06436pt,dp=0.08759pt:
[80.121.88.238]
*\PyXInput{242}%
PyXInputMarker:executeid=242:

*\ProcessPyXBox{y%

*}{239}%
PyXBox:page=239,lt=0.0pt,rt=6.08818pt,ht=5.06436pt,dp=3.08789pt:
[80.121.88.239]
*\PyXInput{243}%
PyXInputMarker:executeid=243:

*\ProcessPyXBox{x%

*}{240}%
PyXBox:page=240,lt=0.0pt,rt=5.65019pt,ht=5.06436pt,dp=0.08759pt:
[80.121.88.240]
*\PyXInput{244}%
PyXInputMarker:executeid=244:

*\ProcessPyXBox{Fredericella\_sultana{\textcolor{Maroon}{\ding{110}}}%

*}{241}%
PyXBox:page=241,lt=0.0pt,rt=104.60516pt,ht=7.97707pt,dp=0.20256pt:
[80.121.88.241]
*\PyXInput{245}%
PyXInputMarker:executeid=245:

*\ProcessPyXBox{X%

*}{242}%
PyXBox:page=242,lt=0.0pt,rt=7.30363pt,ht=7.71426pt,dp=0.08759pt:
[80.121.88.242]
*\PyXInput{246}%
PyXInputMarker:executeid=246:

*\ProcessPyXBox{x%

*}{243}%
PyXBox:page=243,lt=0.0pt,rt=5.65019pt,ht=5.06436pt,dp=0.08759pt:
[80.121.88.243]
*\PyXInput{247}%
PyXInputMarker:executeid=247:

*\ProcessPyXBox{y%

*}{244}%
PyXBox:page=244,lt=0.0pt,rt=6.08818pt,ht=5.06436pt,dp=3.08789pt:
[80.121.88.244]
*\PyXInput{248}%
PyXInputMarker:executeid=248:

*\ProcessPyXBox{x%

*}{245}%
PyXBox:page=245,lt=0.0pt,rt=5.65019pt,ht=5.06436pt,dp=0.08759pt:
[80.121.88.245]
*\PyXInput{249}%
PyXInputMarker:executeid=249:

*\ProcessPyXBox{Annectocyma\_tubulosa{\textcolor{darkgreen}{\ding{110}}}%

*}{246}%

! Package xcolor Error: Undefined color `darkgreen'.

See the xcolor package documentation for explanation.
Type  H <return>  for immediate help.
 ...                                              
                                                  
<*> }{246}
          %
Try typing  <return>  to proceed.
If that doesn't work, type  X <return>  to quit.

PyXBox:page=246,lt=0.0pt,rt=121.40245pt,ht=7.97707pt,dp=3.08789pt:
[80.121.88.246]
*\PyXInput{250}%
PyXInputMarker:executeid=250:

*\end{document}%
(./tmpxTgVzk.aux) 
Here is how much of TeX's memory you used:
 1085 strings out of 492996
 13616 string characters out of 6132730
 82030 words of memory out of 5000000
 4692 multiletter control sequences out of 15000+600000
 6271 words of font info for 20 fonts, out of 8000000 for 9000
 1141 hyphenation exceptions out of 8191
 25i,1n,35p,151b,78s stack positions out of 5000i,500n,10000p,200000b,80000s

Output written on tmpxTgVzk.dvi (246 pages, 12968 bytes).
