IQ-TREE multicore version 1.5.4 for Linux 64-bit built Apr  2 2017
Copyright (c) 2011-2017 by Bui Quang Minh, Nguyen Lam Tung,
Olga Chernomor, Heiko Schmidt, and Arndt von Haeseler.

Host:    hpc-crick (AVX, 251 GB RAM)
Command: iqtree -s ./results/gene20.phy -nt 1 -bb 1000
Seed:    35471 (Using SPRNG - Scalable Parallel Random Number Generator)
Time:    Tue Aug 22 17:44:08 2017
Kernel:  AVX - 1 threads (40 CPU cores detected)

Reading alignment file ./results/gene20.phy ... Phylip format detected
Alignment most likely contains DNA/RNA sequences
Alignment has 10 sequences with 1000 columns and 481 patterns (335 informative sites, 389 constant sites)
   Gap/Ambiguity  Composition  p-value
   1  A    0.00%    passed     91.05%
   2  B    0.00%    passed     93.91%
   3  C    0.00%    passed     90.05%
   4  D    0.00%    passed     99.31%
   5  E    0.00%    passed     93.10%
   6  F    0.00%    passed     60.84%
   7  G    0.00%    passed     98.52%
   8  H    0.00%    passed     55.81%
   9  I    0.00%    passed     93.65%
  10  J    0.00%    passed     97.48%
****  TOTAL    0.00%  0 sequences failed composition chi2 test (p-value<5%; df=3)

Create initial parsimony tree by phylogenetic likelihood library (PLL)... 0.001 seconds

NOTE: ModelFinder requires 3 MB RAM!
ModelFinder will test 286 DNA models (sample size: 1000) ...
 No. Model         -LnL         df  AIC          AICc         BIC
  1  JC            7435.256     17  14904.513    14905.136    14987.945
  2  JC+I          7200.851     18  14437.703    14438.400    14526.042
  3  JC+G4         7151.337     18  14338.673    14339.370    14427.013
  4  JC+I+G4       7150.269     19  14338.538    14339.313    14431.785
  5  JC+R2         7158.561     19  14355.122    14355.897    14448.369
  6  JC+R3         7149.674     21  14341.347    14342.292    14444.410
  7  JC+R4         7149.671     23  14345.343    14346.474    14458.221
  8  JC+R5         Skipped 
  9  JC+R6         Skipped 
 10  JC+R7         Skipped 
 11  JC+R8         Skipped 
 12  JC+R9         Skipped 
 13  JC+R10        Skipped 
 14  F81           7332.763     20  14705.526    14706.384    14803.681
 15  F81+I         7092.707     21  14227.414    14228.358    14330.477
 16  F81+G4        7040.331     21  14122.663    14123.608    14225.726
 17  F81+I+G4      7039.066     22  14122.132    14123.168    14230.103
 18  F81+R2        7049.497     22  14142.994    14144.030    14250.965
 19  F81+R3        7038.244     24  14124.488    14125.719    14242.274
 20  F81+R4        7038.265     26  14128.530    14129.973    14256.132
 21  F81+R5        Skipped 
 22  F81+R6        Skipped 
 23  F81+R7        Skipped 
 24  F81+R8        Skipped 
 25  F81+R9        Skipped 
 26  F81+R10       Skipped 
 27  K2P           7295.262     18  14626.523    14627.220    14714.863
 28  K2P+I         7047.895     19  14133.790    14134.566    14227.038
 29  K2P+G4        6977.304     19  13992.609    13993.384    14085.856
 30  K2P+I+G4      6976.840     20  13993.680    13994.538    14091.835
 31  K2P+R2        6991.099     20  14022.198    14023.056    14120.353
 32  K2P+R3        6974.870     22  13993.739    13994.775    14101.710
 33  K2P+R4        6974.841     24  13997.683    13998.914    14115.469
 34  K2P+R5        Skipped 
 35  K2P+R6        Skipped 
 36  K2P+R7        Skipped 
 37  K2P+R8        Skipped 
 38  K2P+R9        Skipped 
 39  K2P+R10       Skipped 
 40  HKY           7177.230     21  14396.460    14397.404    14499.523
 41  HKY+I         6919.442     22  13882.884    13883.920    13990.855
 42  HKY+G4        6838.717     22  13721.434    13722.470    13829.404
 43  HKY+I+G4      6837.692     23  13721.384    13722.516    13834.263
 44  HKY+R2        6855.997     23  13757.994    13759.126    13870.873
 45  HKY+R3        6836.729     25  13723.457    13724.792    13846.151
 46  HKY+R4        6836.460     27  13726.919    13728.475    13859.429
 47  HKY+R5        Skipped 
 48  HKY+R6        Skipped 
 49  HKY+R7        Skipped 
 50  HKY+R8        Skipped 
 51  HKY+R9        Skipped 
 52  HKY+R10       Skipped 
 53  TNe           7295.257     19  14628.514    14629.289    14721.761
 54  TNe+I         7047.769     20  14135.538    14136.396    14233.693
 55  TNe+G4        6975.967     20  13991.935    13992.793    14090.090
 56  TNe+I+G4      6975.529     21  13993.058    13994.003    14096.121
 57  TNe+R2        6989.774     21  14021.549    14022.493    14124.611
 58  TNe+R3        6973.676     23  13993.351    13994.482    14106.229
 59  TNe+R4        6973.583     25  13997.166    13998.501    14119.860
 60  TNe+R5        Skipped 
 61  TNe+R6        Skipped 
 62  TNe+R7        Skipped 
 63  TNe+R8        Skipped 
 64  TNe+R9        Skipped 
 65  TNe+R10       Skipped 
 66  TN            7174.782     22  14393.563    14394.599    14501.534
 67  TN+I          6918.048     23  13882.096    13883.227    13994.975
 68  TN+G4         6838.264     23  13722.528    13723.660    13835.407
 69  TN+I+G4       6837.288     24  13722.576    13723.806    13840.362
 70  TN+R2         6855.516     24  13759.032    13760.263    13876.818
 71  TN+R3         6836.312     26  13724.625    13726.068    13852.226
 72  TN+R4         6836.142     28  13728.285    13729.957    13865.702
 73  TN+R5         Skipped 
 74  TN+R6         Skipped 
 75  TN+R7         Skipped 
 76  TN+R8         Skipped 
 77  TN+R9         Skipped 
 78  TN+R10        Skipped 
 79  K3P           7290.460     19  14618.921    14619.696    14712.168
 80  K3P+I         7042.058     20  14124.117    14124.975    14222.272
 81  K3P+G4        6971.370     20  13982.739    13983.597    14080.894
 82  K3P+I+G4      6970.696     21  13983.393    13984.338    14086.456
 83  K3P+R2        6984.999     21  14011.997    14012.942    14115.060
 84  K3P+R3        6969.042     23  13984.085    13985.216    14096.963
 85  K3P+R4        6968.944     25  13987.889    13989.224    14110.583
 86  K3P+R5        Skipped 
 87  K3P+R6        Skipped 
 88  K3P+R7        Skipped 
 89  K3P+R8        Skipped 
 90  K3P+R9        Skipped 
 91  K3P+R10       Skipped 
 92  K3Pu          7163.080     22  14370.160    14371.195    14478.130
 93  K3Pu+I        6904.729     23  13855.459    13856.590    13968.337
 94  K3Pu+G4       6824.176     23  13694.353    13695.484    13807.231
 95  K3Pu+I+G4     6822.872     24  13693.745    13694.976    13811.531
 96  K3Pu+R2       6840.534     24  13729.068    13730.299    13846.854
 97  K3Pu+R3       6822.666     26  13697.332    13698.774    13824.933
 98  K3Pu+R4       6822.258     28  13700.516    13702.188    13837.933
 99  K3Pu+R5       Skipped 
100  K3Pu+R6       Skipped 
101  K3Pu+R7       Skipped 
102  K3Pu+R8       Skipped 
103  K3Pu+R9       Skipped 
104  K3Pu+R10      Skipped 
105  TPM2          7171.584     22  14387.168    14388.204    14495.139
106  TPM2+I        6915.198     23  13876.397    13877.528    13989.275
107  TPM2+G4       6837.268     23  13720.536    13721.667    13833.414
108  TPM2+I+G4     6836.313     24  13720.625    13721.856    13838.411
109  TPM2+R2       6854.168     24  13756.337    13757.568    13874.123
110  TPM2+R3       6835.181     26  13722.363    13723.806    13849.964
111  TPM2+R4       6834.896     28  13725.791    13727.464    13863.209
112  TPM2+R5       Skipped 
113  TPM2+R6       Skipped 
114  TPM2+R7       Skipped 
115  TPM2+R8       Skipped 
116  TPM2+R9       Skipped 
117  TPM2+R10      Skipped 
118  TPM2u         7171.594     22  14387.188    14388.224    14495.159
119  TPM2u+I       6915.193     23  13876.385    13877.516    13989.264
120  TPM2u+G4      6837.266     23  13720.533    13721.664    13833.411
121  TPM2u+I+G4    6836.308     24  13720.617    13721.848    13838.403
122  TPM2u+R2      6854.136     24  13756.273    13757.504    13874.059
123  TPM2u+R3      6835.181     26  13722.363    13723.806    13849.964
124  TPM2u+R4      6834.893     28  13725.785    13727.458    13863.202
125  TPM2u+R5      Skipped 
126  TPM2u+R6      Skipped 
127  TPM2u+R7      Skipped 
128  TPM2u+R8      Skipped 
129  TPM2u+R9      Skipped 
130  TPM2u+R10     Skipped 
131  TPM3          7158.140     22  14360.279    14361.315    14468.250
132  TPM3+I        6904.904     23  13855.807    13856.938    13968.685
133  TPM3+G4       6822.337     23  13690.673    13691.804    13803.552
134  TPM3+I+G4     6821.062     24  13690.124    13691.355    13807.910
135  TPM3+R2       6839.163     24  13726.327    13727.558    13844.113
136  TPM3+R3       6820.436     26  13692.872    13694.315    13820.473
137  TPM3+R4       6820.244     28  13696.489    13698.161    13833.906
138  TPM3+R5       Skipped 
139  TPM3+R6       Skipped 
140  TPM3+R7       Skipped 
141  TPM3+R8       Skipped 
142  TPM3+R9       Skipped 
143  TPM3+R10      Skipped 
144  TPM3u         7158.147     22  14360.294    14361.329    14468.264
145  TPM3u+I       6904.922     23  13855.845    13856.976    13968.723
146  TPM3u+G4      6822.355     23  13690.709    13691.840    13803.587
147  TPM3u+I+G4    6821.066     24  13690.131    13691.362    13807.917
148  TPM3u+R2      6839.196     24  13726.392    13727.623    13844.178
149  TPM3u+R3      6820.432     26  13692.865    13694.308    13820.467
150  TPM3u+R4      6820.231     28  13696.461    13698.134    13833.879
151  TPM3u+R5      Skipped 
152  TPM3u+R6      Skipped 
153  TPM3u+R7      Skipped 
154  TPM3u+R8      Skipped 
155  TPM3u+R9      Skipped 
156  TPM3u+R10     Skipped 
157  TIMe          7290.465     20  14620.929    14621.787    14719.084
158  TIMe+I        7041.944     21  14125.889    14126.833    14228.951
159  TIMe+G4       6970.012     21  13982.023    13982.968    14085.086
160  TIMe+I+G4     6969.390     22  13982.780    13983.816    14090.751
161  TIMe+R2       6983.659     22  14011.317    14012.353    14119.288
162  TIMe+R3       6967.785     24  13983.570    13984.800    14101.356
163  TIMe+R4       6967.608     26  13987.215    13988.658    14114.817
164  TIMe+R5       Skipped 
165  TIMe+R6       Skipped 
166  TIMe+R7       Skipped 
167  TIMe+R8       Skipped 
168  TIMe+R9       Skipped 
169  TIMe+R10      Skipped 
170  TIM           7160.374     23  14366.748    14367.879    14479.627
171  TIM+I         6903.197     24  13854.394    13855.625    13972.180
172  TIM+G4        6823.824     24  13695.647    13696.878    13813.434
173  TIM+I+G4      6822.576     25  13695.151    13696.486    13817.845
174  TIM+R2        6840.287     25  13730.575    13731.909    13853.269
175  TIM+R3        6822.307     27  13698.614    13700.169    13831.123
176  TIM+R4        6821.930     29  13701.861    13703.654    13844.185
177  TIM+R5        Skipped 
178  TIM+R6        Skipped 
179  TIM+R7        Skipped 
180  TIM+R8        Skipped 
181  TIM+R9        Skipped 
182  TIM+R10       Skipped 
183  TIM2e         7269.486     20  14578.972    14579.830    14677.127
184  TIM2e+I       7022.330     21  14086.659    14087.604    14189.722
185  TIM2e+G4      6943.046     21  13928.092    13929.037    14031.155
186  TIM2e+I+G4    6942.695     22  13929.390    13930.426    14037.361
187  TIM2e+R2      6958.092     22  13960.183    13961.219    14068.154
188  TIM2e+R3      6940.197     24  13928.393    13929.624    14046.180
189  TIM2e+R4      6940.024     26  13932.049    13933.492    14059.650
190  TIM2e+R5      Skipped 
191  TIM2e+R6      Skipped 
192  TIM2e+R7      Skipped 
193  TIM2e+R8      Skipped 
194  TIM2e+R9      Skipped 
195  TIM2e+R10     Skipped 
196  TIM2          7168.800     23  14383.600    14384.731    14496.478
197  TIM2+I        6913.779     24  13875.558    13876.789    13993.344
198  TIM2+G4       6836.617     24  13721.235    13722.465    13839.021
199  TIM2+I+G4     6835.654     25  13721.307    13722.642    13844.001
200  TIM2+R2       6853.451     25  13756.902    13758.237    13879.596
201  TIM2+R3       6834.398     27  13722.796    13724.351    13855.305
202  TIM2+R4       6834.284     29  13726.568    13728.362    13868.893
203  TIM2+R5       Skipped 
204  TIM2+R6       Skipped 
205  TIM2+R7       Skipped 
206  TIM2+R8       Skipped 
207  TIM2+R9       Skipped 
208  TIM2+R10      Skipped 
209  TIM3e         7289.676     20  14619.352    14620.210    14717.507
210  TIM3e+I       7043.452     21  14128.904    14129.849    14231.967
211  TIM3e+G4      6972.056     21  13986.112    13987.057    14089.175
212  TIM3e+I+G4    6971.459     22  13986.917    13987.953    14094.888
213  TIM3e+R2      6985.366     22  14014.732    14015.768    14122.703
214  TIM3e+R3      6969.819     24  13987.638    13988.868    14105.424
215  TIM3e+R4      6969.676     26  13991.351    13992.794    14118.953
216  TIM3e+R5      Skipped 
217  TIM3e+R6      Skipped 
218  TIM3e+R7      Skipped 
219  TIM3e+R8      Skipped 
220  TIM3e+R9      Skipped 
221  TIM3e+R10     Skipped 
222  TIM3          7154.237     23  14354.475    14355.606    14467.353
223  TIM3+I        6903.167     24  13854.335    13855.566    13972.121
224  TIM3+G4       6821.344     24  13690.688    13691.919    13808.474
225  TIM3+I+G4     6820.067     25  13690.134    13691.469    13812.828
226  TIM3+R2       6838.336     25  13726.672    13728.007    13849.366
227  TIM3+R3       6819.457     27  13692.913    13694.469    13825.423
228  TIM3+R4       6819.361     29  13696.722    13698.516    13839.047
229  TIM3+R5       Skipped 
230  TIM3+R6       Skipped 
231  TIM3+R7       Skipped 
232  TIM3+R8       Skipped 
233  TIM3+R9       Skipped 
234  TIM3+R10      Skipped 
235  TVMe          7261.294     21  14564.588    14565.533    14667.651
236  TVMe+I        7014.685     22  14073.370    14074.406    14181.341
237  TVMe+G4       6937.443     22  13918.886    13919.922    14026.857
238  TVMe+I+G4     6936.837     23  13919.674    13920.805    14032.552
239  TVMe+R2       6952.150     23  13950.300    13951.431    14063.179
240  TVMe+R3       6934.205     25  13918.409    13919.744    14041.103
241  TVMe+R4       6933.971     27  13921.942    13923.498    14054.452
242  TVMe+R5       Skipped 
243  TVMe+R6       Skipped 
244  TVMe+R7       Skipped 
245  TVMe+R8       Skipped 
246  TVMe+R9       Skipped 
247  TVMe+R10      Skipped 
248  TVM           7147.280     24  14342.560    14343.791    14460.346
249  TVM+I         6894.649     25  13839.297    13840.632    13961.991
250  TVM+G4        6814.259     25  13678.518    13679.853    13801.212
251  TVM+I+G4      6813.047     26  13678.094    13679.537    13805.695
252  TVM+R2        6830.825     26  13713.650    13715.093    13841.252
253  TVM+R3        6812.496     28  13680.992    13682.664    13818.409
254  TVM+R4        6812.310     30  13684.619    13686.539    13831.852
255  TVM+R5        Skipped 
256  TVM+R6        Skipped 
257  TVM+R7        Skipped 
258  TVM+R8        Skipped 
259  TVM+R9        Skipped 
260  TVM+R10       Skipped 
261  SYM           7261.335     22  14566.670    14567.706    14674.641
262  SYM+I         7014.623     23  14075.246    14076.377    14188.125
263  SYM+G4        6935.182     23  13916.364    13917.495    14029.242
264  SYM+I+G4      6934.694     24  13917.387    13918.618    14035.173
265  SYM+R2        6949.995     24  13947.991    13949.222    14065.777
266  SYM+R3        6932.122     26  13916.243    13917.686    14043.845
267  SYM+R4        6931.886     28  13919.771    13921.444    14057.189
268  SYM+R5        Skipped 
269  SYM+R6        Skipped 
270  SYM+R7        Skipped 
271  SYM+R8        Skipped 
272  SYM+R9        Skipped 
273  SYM+R10       Skipped 
274  GTR           7143.081     25  14336.162    14337.497    14458.856
275  GTR+I         6892.697     26  13837.394    13838.837    13964.996
276  GTR+G4        6812.727     26  13677.454    13678.896    13805.055
277  GTR+I+G4      6811.616     27  13677.231    13678.787    13809.741
278  GTR+R2        6829.916     27  13713.833    13715.388    13846.342
279  GTR+R3        6811.192     29  13680.384    13682.178    13822.709
280  GTR+R4        6811.174     31  13684.349    13686.398    13836.489
281  GTR+R5        Skipped 
282  GTR+R6        Skipped 
283  GTR+R7        Skipped 
284  GTR+R8        Skipped 
285  GTR+R9        Skipped 
286  GTR+R10       Skipped 
Akaike Information Criterion:           GTR+I+G4
Corrected Akaike Information Criterion: GTR+I+G4
Bayesian Information Criterion:         TVM+G4
Best-fit model: TVM+G4 chosen according to BIC

All model information printed to ./results/gene20.phy.model
CPU time for ModelFinder: 8.294 seconds (0h:0m:8s)
Wall-clock time for ModelFinder: 9.218 seconds (0h:0m:9s)
Generating 1000 samples for ultrafast bootstrap (seed: 35471)...

NOTE: 2 MB RAM (0 GB) is required!
Estimate model parameters (epsilon = 0.100)
1. Initial log-likelihood: -7098.914
2. Current log-likelihood: -6829.892
3. Current log-likelihood: -6816.900
4. Current log-likelihood: -6815.361
Optimal log-likelihood: -6815.287
Rate parameters:  A-C: 2.569  A-G: 5.151  A-T: 0.697  C-G: 0.946  C-T: 5.151  G-T: 1.000
Base frequencies:   A: 0.401  C: 0.163  G: 0.188  T: 0.247
Gamma shape alpha: 0.514
Parameters optimization took 4 rounds (0.081 sec)
Computing ML distances based on estimated model parameters... 0.001 sec
Computing BIONJ tree...
0.000 seconds
Log-likelihood of BIONJ tree: -6811.469
--------------------------------------------------------------------
|             INITIALIZING CANDIDATE TREE SET                      |
--------------------------------------------------------------------
Generating 98 parsimony trees... 0.064 second
Computing log-likelihood of 95 initial trees ... 0.355 seconds
Current best score: -6811.469

Do NNI search on 20 best initial trees
Estimate model parameters (epsilon = 0.100)
BETTER TREE FOUND at iteration 1: -6810.034
Estimate model parameters (epsilon = 0.100)
BETTER TREE FOUND at iteration 2: -6809.048
Estimate model parameters (epsilon = 0.100)
BETTER TREE FOUND at iteration 3: -6808.561
UPDATE BEST LOG-LIKELIHOOD: -6808.561
Iteration 10 / LogL: -6808.561 / Time: 0h:0m:10s
Estimate model parameters (epsilon = 0.100)
BETTER TREE FOUND at iteration 12: -6808.370
Iteration 20 / LogL: -6811.351 / Time: 0h:0m:10s
Finish initializing candidate tree set (9)
Current best tree score: -6808.370 / CPU time: 1.366
Number of iterations: 20
--------------------------------------------------------------------
|               OPTIMIZING CANDIDATE TREE SET                      |
--------------------------------------------------------------------
UPDATE BEST LOG-LIKELIHOOD: -6808.370
UPDATE BEST LOG-LIKELIHOOD: -6808.369
Estimate model parameters (epsilon = 0.100)
BETTER TREE FOUND at iteration 28: -6807.870
Iteration 30 / LogL: -6807.916 / Time: 0h:0m:11s (0h:0m:6s left)
UPDATE BEST LOG-LIKELIHOOD: -6807.870
UPDATE BEST LOG-LIKELIHOOD: -6807.869
UPDATE BEST LOG-LIKELIHOOD: -6807.869
Iteration 40 / LogL: -6807.869 / Time: 0h:0m:11s (0h:0m:4s left)
UPDATE BEST LOG-LIKELIHOOD: -6807.869
Iteration 50 / LogL: -6807.869 / Time: 0h:0m:11s (0h:0m:4s left)
Log-likelihood cutoff on original alignment: -6816.457
UPDATE BEST LOG-LIKELIHOOD: -6807.869
Iteration 60 / LogL: -6809.141 / Time: 0h:0m:12s (0h:0m:3s left)
UPDATE BEST LOG-LIKELIHOOD: -6807.869
Iteration 70 / LogL: -6807.869 / Time: 0h:0m:12s (0h:0m:2s left)
Iteration 80 / LogL: -6807.869 / Time: 0h:0m:12s (0h:0m:2s left)
UPDATE BEST LOG-LIKELIHOOD: -6807.869
Iteration 90 / LogL: -6807.869 / Time: 0h:0m:13s (0h:0m:1s left)
Iteration 100 / LogL: -6807.916 / Time: 0h:0m:13s (0h:0m:1s left)
Log-likelihood cutoff on original alignment: -6816.457
NOTE: Bootstrap correlation coefficient of split occurrence frequencies: 0.991
Iteration 110 / LogL: -6807.869 / Time: 0h:0m:14s (0h:0m:4s left)
UPDATE BEST LOG-LIKELIHOOD: -6807.869
Iteration 120 / LogL: -6807.869 / Time: 0h:0m:14s (0h:0m:3s left)
TREE SEARCH COMPLETED AFTER 129 ITERATIONS / Time: 0h:0m:15s

--------------------------------------------------------------------
|                    FINALIZING TREE SEARCH                        |
--------------------------------------------------------------------
Performs final model parameters optimization
Estimate model parameters (epsilon = 0.010)
1. Initial log-likelihood: -6807.869
Optimal log-likelihood: -6807.867
Rate parameters:  A-C: 2.424  A-G: 5.131  A-T: 0.666  C-G: 1.033  C-T: 5.131  G-T: 1.000
Base frequencies:   A: 0.401  C: 0.163  G: 0.188  T: 0.247
Gamma shape alpha: 0.525
Parameters optimization took 1 rounds (0.007 sec)
BEST SCORE FOUND : -6807.867
Creating bootstrap support values...
Split supports printed to NEXUS file ./results/gene20.phy.splits.nex
Total tree length: 2.773

Total number of iterations: 129
CPU time used for tree search: 5.632 sec (0h:0m:5s)
Wall-clock time used for tree search: 5.766 sec (0h:0m:5s)
Total CPU time used: 14.070 sec (0h:0m:14s)
Total wall-clock time used: 15.129 sec (0h:0m:15s)

Computing bootstrap consensus tree...
Reading input file ./results/gene20.phy.splits.nex...
10 taxa and 156 splits.
Consensus tree written to ./results/gene20.phy.contree
Reading input trees file ./results/gene20.phy.contree
Log-likelihood of consensus tree: -6807.867

Analysis results written to: 
  IQ-TREE report:                ./results/gene20.phy.iqtree
  Maximum-likelihood tree:       ./results/gene20.phy.treefile
  Likelihood distances:          ./results/gene20.phy.mldist

Ultrafast bootstrap approximation results written to:
  Split support values:          ./results/gene20.phy.splits.nex
  Consensus tree:                ./results/gene20.phy.contree
  Screen log file:               ./results/gene20.phy.log

Date and Time: Tue Aug 22 17:44:23 2017
