IQ-TREE multicore version 1.5.4 for Linux 64-bit built Apr  2 2017
Copyright (c) 2011-2017 by Bui Quang Minh, Nguyen Lam Tung,
Olga Chernomor, Heiko Schmidt, and Arndt von Haeseler.

Host:    hpc-crick (AVX, 251 GB RAM)
Command: iqtree -s ./results/gene3.phy -nt 1 -bb 1000
Seed:    747430 (Using SPRNG - Scalable Parallel Random Number Generator)
Time:    Tue Aug 22 17:41:32 2017
Kernel:  AVX - 1 threads (40 CPU cores detected)

Reading alignment file ./results/gene3.phy ... Phylip format detected
Alignment most likely contains DNA/RNA sequences
Alignment has 10 sequences with 1000 columns and 451 patterns (307 informative sites, 404 constant sites)
   Gap/Ambiguity  Composition  p-value
   1  A    0.00%    passed     89.02%
   2  B    0.00%    passed     86.51%
   3  C    0.00%    passed     89.10%
   4  D    0.00%    passed     86.75%
   5  E    0.00%    passed     92.32%
   6  F    0.00%    passed     98.01%
   7  G    0.00%    passed     99.50%
   8  H    0.00%    passed     85.08%
   9  I    0.00%    passed     95.87%
  10  J    0.00%    passed     93.26%
****  TOTAL    0.00%  0 sequences failed composition chi2 test (p-value<5%; df=3)

Create initial parsimony tree by phylogenetic likelihood library (PLL)... 0.000 seconds

NOTE: ModelFinder requires 3 MB RAM!
ModelFinder will test 286 DNA models (sample size: 1000) ...
 No. Model         -LnL         df  AIC          AICc         BIC
  1  JC            7195.502     17  14425.003    14425.627    14508.435
  2  JC+I          6983.600     18  14003.200    14003.898    14091.540
  3  JC+G4         6922.485     18  13880.971    13881.668    13969.310
  4  JC+I+G4       6922.849     19  13883.699    13884.474    13976.946
  5  JC+R2         6927.262     19  13892.524    13893.300    13985.772
  6  JC+R3         6921.672     21  13885.345    13886.289    13988.408
  7  JC+R4         Skipped 
  8  JC+R5         Skipped 
  9  JC+R6         Skipped 
 10  JC+R7         Skipped 
 11  JC+R8         Skipped 
 12  JC+R9         Skipped 
 13  JC+R10        Skipped 
 14  F81           7080.048     20  14200.096    14200.954    14298.251
 15  F81+I         6866.079     21  13774.159    13775.104    13877.222
 16  F81+G4        6795.920     21  13633.839    13634.784    13736.902
 17  F81+I+G4      6796.387     22  13636.774    13637.810    13744.745
 18  F81+R2        6801.799     22  13647.597    13648.633    13755.568
 19  F81+R3        6795.047     24  13638.094    13639.325    13755.880
 20  F81+R4        Skipped 
 21  F81+R5        Skipped 
 22  F81+R6        Skipped 
 23  F81+R7        Skipped 
 24  F81+R8        Skipped 
 25  F81+R9        Skipped 
 26  F81+R10       Skipped 
 27  K2P           7062.086     18  14160.171    14160.869    14248.511
 28  K2P+I         6837.435     19  13712.870    13713.646    13806.118
 29  K2P+G4        6762.917     19  13563.835    13564.611    13657.082
 30  K2P+I+G4      6763.118     20  13566.237    13567.095    13664.392
 31  K2P+R2        6769.242     20  13578.485    13579.343    13676.640
 32  K2P+R3        6760.083     22  13564.166    13565.202    13672.136
 33  K2P+R4        6759.802     24  13567.605    13568.836    13685.391
 34  K2P+R5        Skipped 
 35  K2P+R6        Skipped 
 36  K2P+R7        Skipped 
 37  K2P+R8        Skipped 
 38  K2P+R9        Skipped 
 39  K2P+R10       Skipped 
 40  HKY           6940.991     21  13923.982    13924.927    14027.045
 41  HKY+I         6712.172     22  13468.344    13469.380    13576.315
 42  HKY+G4        6628.759     22  13301.518    13302.554    13409.489
 43  HKY+I+G4      6628.671     23  13303.341    13304.473    13416.220
 44  HKY+R2        6638.221     23  13322.442    13323.573    13435.321
 45  HKY+R3        6625.428     25  13300.857    13302.191    13423.551
 46  HKY+R4        6625.102     27  13304.204    13305.760    13436.714
 47  HKY+R5        Skipped 
 48  HKY+R6        Skipped 
 49  HKY+R7        Skipped 
 50  HKY+R8        Skipped 
 51  HKY+R9        Skipped 
 52  HKY+R10       Skipped 
 53  TNe           7061.091     19  14160.182    14160.958    14253.430
 54  TNe+I         6835.342     20  13710.684    13711.542    13808.839
 55  TNe+G4        6759.522     20  13559.044    13559.902    13657.199
 56  TNe+I+G4      6759.535     21  13561.070    13562.015    13664.133
 57  TNe+R2        6766.410     21  13574.820    13575.765    13677.883
 58  TNe+R3        6753.882     23  13553.764    13554.895    13666.642
 59  TNe+R4        6753.849     25  13557.697    13559.032    13680.391
 60  TNe+R5        Skipped 
 61  TNe+R6        Skipped 
 62  TNe+R7        Skipped 
 63  TNe+R8        Skipped 
 64  TNe+R9        Skipped 
 65  TNe+R10       Skipped 
 66  TN            6938.823     22  13921.646    13922.681    14029.616
 67  TN+I          6710.965     23  13467.929    13469.060    13580.808
 68  TN+G4         6627.368     23  13300.737    13301.868    13413.615
 69  TN+I+G4       6627.648     24  13303.296    13304.527    13421.082
 70  TN+R2         6636.282     24  13320.563    13321.794    13438.350
 71  TN+R3         6625.216     26  13302.432    13303.875    13430.034
 72  TN+R4         6624.864     28  13305.729    13307.401    13443.146
 73  TN+R5         Skipped 
 74  TN+R6         Skipped 
 75  TN+R7         Skipped 
 76  TN+R8         Skipped 
 77  TN+R9         Skipped 
 78  TN+R10        Skipped 
 79  K3P           7059.880     19  14157.759    14158.535    14251.007
 80  K3P+I         6833.903     20  13707.807    13708.665    13805.962
 81  K3P+G4        6758.018     20  13556.036    13556.894    13654.191
 82  K3P+I+G4      6758.241     21  13558.483    13559.428    13661.546
 83  K3P+R2        6763.885     21  13569.770    13570.715    13672.833
 84  K3P+R3        6755.532     23  13557.065    13558.196    13669.943
 85  K3P+R4        6755.149     25  13560.298    13561.633    13682.992
 86  K3P+R5        Skipped 
 87  K3P+R6        Skipped 
 88  K3P+R7        Skipped 
 89  K3P+R8        Skipped 
 90  K3P+R9        Skipped 
 91  K3P+R10       Skipped 
 92  K3Pu          6932.273     22  13908.545    13909.581    14016.516
 93  K3Pu+I        6701.663     23  13449.327    13450.458    13562.205
 94  K3Pu+G4       6614.998     23  13275.995    13277.126    13388.873
 95  K3Pu+I+G4     6615.012     24  13278.024    13279.254    13395.810
 96  K3Pu+R2       6624.151     24  13296.302    13297.533    13414.088
 97  K3Pu+R3       6612.782     26  13277.564    13279.007    13405.166
 98  K3Pu+R4       6612.348     28  13280.695    13282.368    13418.112
 99  K3Pu+R5       Skipped 
100  K3Pu+R6       Skipped 
101  K3Pu+R7       Skipped 
102  K3Pu+R8       Skipped 
103  K3Pu+R9       Skipped 
104  K3Pu+R10      Skipped 
105  TPM2          6938.634     22  13921.269    13922.305    14029.239
106  TPM2+I        6709.439     23  13464.877    13466.009    13577.756
107  TPM2+G4       6627.529     23  13301.057    13302.188    13413.936
108  TPM2+I+G4     6627.574     24  13303.147    13304.378    13420.933
109  TPM2+R2       6636.116     24  13320.232    13321.462    13438.018
110  TPM2+R3       6624.563     26  13301.126    13302.569    13428.728
111  TPM2+R4       6624.269     28  13304.537    13306.210    13441.954
112  TPM2+R5       Skipped 
113  TPM2+R6       Skipped 
114  TPM2+R7       Skipped 
115  TPM2+R8       Skipped 
116  TPM2+R9       Skipped 
117  TPM2+R10      Skipped 
118  TPM2u         6938.632     22  13921.263    13922.299    14029.234
119  TPM2u+I       6709.453     23  13464.907    13466.038    13577.785
120  TPM2u+G4      6627.716     23  13301.433    13302.564    13414.311
121  TPM2u+I+G4    6627.566     24  13303.133    13304.364    13420.919
122  TPM2u+R2      6636.116     24  13320.232    13321.463    13438.018
123  TPM2u+R3      6624.551     26  13301.101    13302.544    13428.703
124  TPM2u+R4      6624.245     28  13304.489    13306.162    13441.907
125  TPM2u+R5      Skipped 
126  TPM2u+R6      Skipped 
127  TPM2u+R7      Skipped 
128  TPM2u+R8      Skipped 
129  TPM2u+R9      Skipped 
130  TPM2u+R10     Skipped 
131  TPM3          6923.824     22  13891.648    13892.684    13999.619
132  TPM3+I        6696.230     23  13438.460    13439.591    13551.338
133  TPM3+G4       6607.117     23  13260.233    13261.364    13373.112
134  TPM3+I+G4     6607.333     24  13262.666    13263.897    13380.452
135  TPM3+R2       6615.893     24  13279.785    13281.016    13397.571
136  TPM3+R3       6606.648     26  13265.295    13266.738    13392.897
137  TPM3+R4       6606.558     28  13269.117    13270.789    13406.534
138  TPM3+R5       Skipped 
139  TPM3+R6       Skipped 
140  TPM3+R7       Skipped 
141  TPM3+R8       Skipped 
142  TPM3+R9       Skipped 
143  TPM3+R10      Skipped 
144  TPM3u         6923.847     22  13891.693    13892.729    13999.664
145  TPM3u+I       6696.234     23  13438.467    13439.598    13551.346
146  TPM3u+G4      6607.132     23  13260.264    13261.396    13373.143
147  TPM3u+I+G4    6607.318     24  13262.636    13263.867    13380.423
148  TPM3u+R2      6615.884     24  13279.768    13280.999    13397.554
149  TPM3u+R3      6606.512     26  13265.025    13266.468    13392.626
150  TPM3u+R4      6606.482     28  13268.965    13270.637    13406.382
151  TPM3u+R5      Skipped 
152  TPM3u+R6      Skipped 
153  TPM3u+R7      Skipped 
154  TPM3u+R8      Skipped 
155  TPM3u+R9      Skipped 
156  TPM3u+R10     Skipped 
157  TIMe          7058.950     20  14157.900    14158.759    14256.056
158  TIMe+I        6831.857     21  13705.714    13706.659    13808.777
159  TIMe+G4       6754.556     21  13551.112    13552.057    13654.175
160  TIMe+I+G4     6754.580     22  13553.160    13554.196    13661.131
161  TIMe+R2       6760.993     22  13565.987    13567.022    13673.957
162  TIMe+R3       6749.459     24  13546.918    13548.148    13664.704
163  TIMe+R4       6749.434     26  13550.868    13552.311    13678.469
164  TIMe+R5       Skipped 
165  TIMe+R6       Skipped 
166  TIMe+R7       Skipped 
167  TIMe+R8       Skipped 
168  TIMe+R9       Skipped 
169  TIMe+R10      Skipped 
170  TIM           6929.835     23  13905.669    13906.800    14018.547
171  TIM+I         6700.359     24  13448.718    13449.949    13566.504
172  TIM+G4        6614.060     24  13276.119    13277.350    13393.905
173  TIM+I+G4      6614.216     25  13278.432    13279.767    13401.126
174  TIM+R2        6622.648     25  13295.296    13296.631    13417.990
175  TIM+R3        6612.750     27  13279.500    13281.055    13412.009
176  TIM+R4        6612.506     29  13283.012    13284.806    13425.337
177  TIM+R5        Skipped 
178  TIM+R6        Skipped 
179  TIM+R7        Skipped 
180  TIM+R8        Skipped 
181  TIM+R9        Skipped 
182  TIM+R10       Skipped 
183  TIM2e         7044.137     20  14128.275    14129.133    14226.430
184  TIM2e+I       6815.202     21  13672.403    13673.348    13775.466
185  TIM2e+G4      6732.345     21  13506.690    13507.634    13609.753
186  TIM2e+I+G4    6732.275     22  13508.550    13509.586    13616.520
187  TIM2e+R2      6741.038     22  13526.076    13527.112    13634.047
188  TIM2e+R3      6727.496     24  13502.993    13504.223    13620.779
189  TIM2e+R4      6727.487     26  13506.974    13508.417    13634.575
190  TIM2e+R5      Skipped 
191  TIM2e+R6      Skipped 
192  TIM2e+R7      Skipped 
193  TIM2e+R8      Skipped 
194  TIM2e+R9      Skipped 
195  TIM2e+R10     Skipped 
196  TIM2          6936.414     23  13918.828    13919.959    14031.706
197  TIM2+I        6708.306     24  13464.612    13465.843    13582.398
198  TIM2+G4       6625.904     24  13299.809    13301.040    13417.595
199  TIM2+I+G4     6626.064     25  13302.128    13303.463    13424.822
200  TIM2+R2       6633.996     25  13317.992    13319.326    13440.686
201  TIM2+R3       6624.138     27  13302.275    13303.831    13434.785
202  TIM2+R4       6624.086     29  13306.172    13307.966    13448.497
203  TIM2+R5       Skipped 
204  TIM2+R6       Skipped 
205  TIM2+R7       Skipped 
206  TIM2+R8       Skipped 
207  TIM2+R9       Skipped 
208  TIM2+R10      Skipped 
209  TIM3e         7057.333     20  14154.667    14155.525    14252.822
210  TIM3e+I       6831.638     21  13705.275    13706.220    13808.338
211  TIM3e+G4      6755.047     21  13552.095    13553.039    13655.158
212  TIM3e+I+G4    6754.992     22  13553.983    13555.019    13661.954
213  TIM3e+R2      6761.904     22  13567.808    13568.844    13675.778
214  TIM3e+R3      6750.132     24  13548.263    13549.494    13666.050
215  TIM3e+R4      6750.124     26  13552.248    13553.691    13679.849
216  TIM3e+R5      Skipped 
217  TIM3e+R6      Skipped 
218  TIM3e+R7      Skipped 
219  TIM3e+R8      Skipped 
220  TIM3e+R9      Skipped 
221  TIM3e+R10     Skipped 
222  TIM3          6920.206     23  13886.412    13887.543    13999.290
223  TIM3+I        6694.372     24  13436.743    13437.974    13554.530
224  TIM3+G4       6604.955     24  13257.910    13259.141    13375.696
225  TIM3+I+G4     6605.307     25  13260.614    13261.949    13383.308
226  TIM3+R2       6613.156     25  13276.312    13277.646    13399.005
227  TIM3+R3       6605.367     27  13264.733    13266.289    13397.242
228  TIM3+R4       6605.307     29  13268.613    13270.407    13410.938
229  TIM3+R5       Skipped 
230  TIM3+R6       Skipped 
231  TIM3+R7       Skipped 
232  TIM3+R8       Skipped 
233  TIM3+R9       Skipped 
234  TIM3+R10      Skipped 
235  TVMe          7040.168     21  14122.335    14123.280    14225.398
236  TVMe+I        6811.246     22  13666.492    13667.528    13774.463
237  TVMe+G4       6728.669     22  13501.338    13502.374    13609.309
238  TVMe+I+G4     6728.752     23  13503.504    13504.636    13616.383
239  TVMe+R2       6736.133     23  13518.265    13519.396    13631.144
240  TVMe+R3       6725.861     25  13501.721    13503.056    13624.415
241  TVMe+R4       6725.854     27  13505.707    13507.263    13638.217
242  TVMe+R5       Skipped 
243  TVMe+R6       Skipped 
244  TVMe+R7       Skipped 
245  TVMe+R8       Skipped 
246  TVMe+R9       Skipped 
247  TVMe+R10      Skipped 
248  TVM           6918.641     24  13885.281    13886.512    14003.067
249  TVM+I         6689.519     25  13429.039    13430.373    13551.733
250  TVM+G4        6600.430     25  13250.859    13252.194    13373.553
251  TVM+I+G4      6600.668     26  13253.337    13254.780    13380.939
252  TVM+R2        6607.877     26  13267.753    13269.196    13395.355
253  TVM+R3        6599.948     28  13255.896    13257.568    13393.313
254  TVM+R4        6599.914     30  13259.828    13261.747    13407.061
255  TVM+R5        Skipped 
256  TVM+R6        Skipped 
257  TVM+R7        Skipped 
258  TVM+R8        Skipped 
259  TVM+R9        Skipped 
260  TVM+R10       Skipped 
261  SYM           7039.261     22  14122.522    14123.557    14230.492
262  SYM+I         6809.218     23  13664.436    13665.567    13777.314
263  SYM+G4        6723.908     23  13493.815    13494.947    13606.694
264  SYM+I+G4      6723.856     24  13495.711    13496.942    13613.497
265  SYM+R2        6732.047     24  13512.093    13513.324    13629.879
266  SYM+R3        6719.859     26  13491.718    13493.161    13619.319
267  SYM+R4        6719.775     28  13495.550    13497.223    13632.968
268  SYM+R5        Skipped 
269  SYM+R6        Skipped 
270  SYM+R7        Skipped 
271  SYM+R8        Skipped 
272  SYM+R9        Skipped 
273  SYM+R10       Skipped 
274  GTR           6914.893     25  13879.786    13881.121    14002.480
275  GTR+I         6687.907     26  13427.815    13429.258    13555.416
276  GTR+G4        6597.954     26  13247.908    13249.351    13375.510
277  GTR+I+G4      6598.368     27  13250.735    13252.291    13383.245
278  GTR+R2        6605.066     27  13264.131    13265.687    13396.641
279  GTR+R3        6597.958     29  13253.916    13255.710    13396.241
280  GTR+R4        6597.910     31  13257.821    13259.870    13409.961
281  GTR+R5        Skipped 
282  GTR+R6        Skipped 
283  GTR+R7        Skipped 
284  GTR+R8        Skipped 
285  GTR+R9        Skipped 
286  GTR+R10       Skipped 
Akaike Information Criterion:           GTR+G4
Corrected Akaike Information Criterion: GTR+G4
Bayesian Information Criterion:         TPM3+G4
Best-fit model: TPM3+G4 chosen according to BIC

All model information printed to ./results/gene3.phy.model
CPU time for ModelFinder: 13.535 seconds (0h:0m:13s)
Wall-clock time for ModelFinder: 16.887 seconds (0h:0m:16s)
Generating 1000 samples for ultrafast bootstrap (seed: 747430)...

NOTE: 2 MB RAM (0 GB) is required!
Estimate model parameters (epsilon = 0.100)
1. Initial log-likelihood: -6852.018
2. Current log-likelihood: -6621.503
3. Current log-likelihood: -6609.875
4. Current log-likelihood: -6608.863
Optimal log-likelihood: -6608.814
Rate parameters:  A-C: 2.742  A-G: 6.209  A-T: 1.000  C-G: 2.742  C-T: 6.209  G-T: 1.000
Base frequencies:   A: 0.399  C: 0.156  G: 0.203  T: 0.242
Gamma shape alpha: 0.502
Parameters optimization took 4 rounds (0.042 sec)
Computing ML distances based on estimated model parameters... 0.001 sec
Computing BIONJ tree...
0.000 seconds
Log-likelihood of BIONJ tree: -6608.485
--------------------------------------------------------------------
|             INITIALIZING CANDIDATE TREE SET                      |
--------------------------------------------------------------------
Generating 98 parsimony trees... 0.130 second
Computing log-likelihood of 76 initial trees ... 0.515 seconds
Current best score: -6608.485

Do NNI search on 20 best initial trees
Estimate model parameters (epsilon = 0.100)
BETTER TREE FOUND at iteration 1: -6606.808
Iteration 10 / LogL: -6608.116 / Time: 0h:0m:17s
Estimate model parameters (epsilon = 0.100)
BETTER TREE FOUND at iteration 12: -6605.480
Iteration 20 / LogL: -6605.573 / Time: 0h:0m:18s
Finish initializing candidate tree set (7)
Current best tree score: -6605.480 / CPU time: 1.438
Number of iterations: 20
--------------------------------------------------------------------
|               OPTIMIZING CANDIDATE TREE SET                      |
--------------------------------------------------------------------
UPDATE BEST LOG-LIKELIHOOD: -6605.480
Iteration 30 / LogL: -6606.860 / Time: 0h:0m:18s (0h:0m:5s left)
Estimate model parameters (epsilon = 0.100)
BETTER TREE FOUND at iteration 31: -6605.396
BETTER TREE FOUND at iteration 36: -6605.395
BETTER TREE FOUND at iteration 37: -6605.395
BETTER TREE FOUND at iteration 39: -6605.395
UPDATE BEST LOG-LIKELIHOOD: -6605.395
Iteration 40 / LogL: -6605.395 / Time: 0h:0m:19s (0h:0m:5s left)
UPDATE BEST LOG-LIKELIHOOD: -6605.395
Iteration 50 / LogL: -6605.395 / Time: 0h:0m:19s (0h:0m:4s left)
Log-likelihood cutoff on original alignment: -6620.220
Iteration 60 / LogL: -6605.395 / Time: 0h:0m:19s (0h:0m:3s left)
Iteration 70 / LogL: -6605.395 / Time: 0h:0m:20s (0h:0m:3s left)
UPDATE BEST LOG-LIKELIHOOD: -6605.395
UPDATE BEST LOG-LIKELIHOOD: -6605.395
Iteration 80 / LogL: -6605.563 / Time: 0h:0m:20s (0h:0m:2s left)
UPDATE BEST LOG-LIKELIHOOD: -6605.395
Iteration 90 / LogL: -6605.395 / Time: 0h:0m:20s (0h:0m:2s left)
Iteration 100 / LogL: -6605.563 / Time: 0h:0m:21s (0h:0m:1s left)
Log-likelihood cutoff on original alignment: -6620.279
NOTE: Bootstrap correlation coefficient of split occurrence frequencies: 0.991
UPDATE BEST LOG-LIKELIHOOD: -6605.395
Iteration 110 / LogL: -6605.463 / Time: 0h:0m:21s (0h:0m:3s left)
Iteration 120 / LogL: -6605.463 / Time: 0h:0m:21s (0h:0m:3s left)
UPDATE BEST LOG-LIKELIHOOD: -6605.395
Iteration 130 / LogL: -6605.395 / Time: 0h:0m:22s (0h:0m:2s left)
Iteration 140 / LogL: -6605.463 / Time: 0h:0m:22s (0h:0m:2s left)
TREE SEARCH COMPLETED AFTER 140 ITERATIONS / Time: 0h:0m:22s

--------------------------------------------------------------------
|                    FINALIZING TREE SEARCH                        |
--------------------------------------------------------------------
Performs final model parameters optimization
Estimate model parameters (epsilon = 0.010)
1. Initial log-likelihood: -6605.395
2. Current log-likelihood: -6605.378
Optimal log-likelihood: -6605.374
Rate parameters:  A-C: 2.841  A-G: 6.350  A-T: 1.000  C-G: 2.841  C-T: 6.350  G-T: 1.000
Base frequencies:   A: 0.399  C: 0.156  G: 0.203  T: 0.242
Gamma shape alpha: 0.504
Parameters optimization took 2 rounds (0.011 sec)
BEST SCORE FOUND : -6605.374
Creating bootstrap support values...
Split supports printed to NEXUS file ./results/gene3.phy.splits.nex
Total tree length: 2.584

Total number of iterations: 140
CPU time used for tree search: 5.443 sec (0h:0m:5s)
Wall-clock time used for tree search: 5.774 sec (0h:0m:5s)
Total CPU time used: 19.086 sec (0h:0m:19s)
Total wall-clock time used: 22.774 sec (0h:0m:22s)

Computing bootstrap consensus tree...
Reading input file ./results/gene3.phy.splits.nex...
10 taxa and 128 splits.
Consensus tree written to ./results/gene3.phy.contree
Reading input trees file ./results/gene3.phy.contree
Log-likelihood of consensus tree: -6605.439

Analysis results written to: 
  IQ-TREE report:                ./results/gene3.phy.iqtree
  Maximum-likelihood tree:       ./results/gene3.phy.treefile
  Likelihood distances:          ./results/gene3.phy.mldist

Ultrafast bootstrap approximation results written to:
  Split support values:          ./results/gene3.phy.splits.nex
  Consensus tree:                ./results/gene3.phy.contree
  Screen log file:               ./results/gene3.phy.log

Date and Time: Tue Aug 22 17:41:55 2017
