IQ-TREE multicore version 1.5.4 for Linux 64-bit built Apr  2 2017
Copyright (c) 2011-2017 by Bui Quang Minh, Nguyen Lam Tung,
Olga Chernomor, Heiko Schmidt, and Arndt von Haeseler.

Host:    hpc-crick (AVX, 251 GB RAM)
Command: iqtree -s ./results/gene7.phy -nt 1 -bb 1000
Seed:    339392 (Using SPRNG - Scalable Parallel Random Number Generator)
Time:    Tue Aug 22 17:37:47 2017
Kernel:  AVX - 1 threads (40 CPU cores detected)

Reading alignment file ./results/gene7.phy ... Phylip format detected
Alignment most likely contains DNA/RNA sequences
Alignment has 10 sequences with 1000 columns and 452 patterns (306 informative sites, 427 constant sites)
   Gap/Ambiguity  Composition  p-value
   1  A    0.00%    passed     74.70%
   2  B    0.00%    passed     94.74%
   3  C    0.00%    passed     56.73%
   4  D    0.00%    passed     65.04%
   5  E    0.00%    passed     98.26%
   6  F    0.00%    passed     98.08%
   7  G    0.00%    passed     86.73%
   8  H    0.00%    passed     80.98%
   9  I    0.00%    passed     71.26%
  10  J    0.00%    passed     91.98%
****  TOTAL    0.00%  0 sequences failed composition chi2 test (p-value<5%; df=3)

Create initial parsimony tree by phylogenetic likelihood library (PLL)... 0.001 seconds

NOTE: ModelFinder requires 3 MB RAM!
ModelFinder will test 286 DNA models (sample size: 1000) ...
 No. Model         -LnL         df  AIC          AICc         BIC
  1  JC            7090.757     17  14215.515    14216.138    14298.946
  2  JC+I          6852.853     18  13741.706    13742.403    13830.046
  3  JC+G4         6809.045     18  13654.090    13654.787    13742.429
  4  JC+I+G4       6808.126     19  13654.253    13655.028    13747.500
  5  JC+R2         6813.856     19  13665.712    13666.488    13758.960
  6  JC+R3         6807.853     21  13657.706    13658.651    13760.769
  7  JC+R4         Skipped 
  8  JC+R5         Skipped 
  9  JC+R6         Skipped 
 10  JC+R7         Skipped 
 11  JC+R8         Skipped 
 12  JC+R9         Skipped 
 13  JC+R10        Skipped 
 14  F81           6990.059     20  14020.117    14020.975    14118.272
 15  F81+I         6750.906     21  13543.812    13544.757    13646.875
 16  F81+G4        6700.216     21  13442.431    13443.376    13545.494
 17  F81+I+G4      6699.451     22  13442.901    13443.937    13550.872
 18  F81+R2        6707.306     22  13458.612    13459.648    13566.583
 19  F81+R3        6698.788     24  13445.576    13446.806    13563.362
 20  F81+R4        6698.782     26  13449.564    13451.007    13577.166
 21  F81+R5        Skipped 
 22  F81+R6        Skipped 
 23  F81+R7        Skipped 
 24  F81+R8        Skipped 
 25  F81+R9        Skipped 
 26  F81+R10       Skipped 
 27  K2P           6953.085     18  13942.170    13942.867    14030.510
 28  K2P+I         6705.489     19  13448.979    13449.754    13542.226
 29  K2P+G4        6652.842     19  13343.684    13344.460    13436.932
 30  K2P+I+G4      6652.029     20  13344.059    13344.917    13442.214
 31  K2P+R2        6659.678     20  13359.356    13360.214    13457.512
 32  K2P+R3        6651.217     22  13346.433    13347.469    13454.404
 33  K2P+R4        6651.191     24  13350.382    13351.613    13468.168
 34  K2P+R5        Skipped 
 35  K2P+R6        Skipped 
 36  K2P+R7        Skipped 
 37  K2P+R8        Skipped 
 38  K2P+R9        Skipped 
 39  K2P+R10       Skipped 
 40  HKY           6854.454     21  13750.908    13751.853    13853.971
 41  HKY+I         6600.636     22  13245.273    13246.308    13353.243
 42  HKY+G4        6539.579     22  13123.157    13124.193    13231.128
 43  HKY+I+G4      6538.591     23  13123.182    13124.314    13236.061
 44  HKY+R2        6550.710     23  13147.421    13148.552    13260.299
 45  HKY+R3        6537.312     25  13124.625    13125.960    13247.319
 46  HKY+R4        6537.258     27  13128.516    13130.071    13261.025
 47  HKY+R5        Skipped 
 48  HKY+R6        Skipped 
 49  HKY+R7        Skipped 
 50  HKY+R8        Skipped 
 51  HKY+R9        Skipped 
 52  HKY+R10       Skipped 
 53  TNe           6951.688     19  13941.375    13942.151    14034.622
 54  TNe+I         6701.409     20  13442.817    13443.675    13540.972
 55  TNe+G4        6648.450     20  13336.900    13337.758    13435.055
 56  TNe+I+G4      6647.259     21  13336.519    13337.463    13439.582
 57  TNe+R2        6655.655     21  13353.310    13354.254    13456.373
 58  TNe+R3        6645.886     23  13337.772    13338.904    13450.651
 59  TNe+R4        6645.862     25  13341.725    13343.060    13464.419
 60  TNe+R5        Skipped 
 61  TNe+R6        Skipped 
 62  TNe+R7        Skipped 
 63  TNe+R8        Skipped 
 64  TNe+R9        Skipped 
 65  TNe+R10       Skipped 
 66  TN            6852.223     22  13748.445    13749.481    13856.416
 67  TN+I          6600.464     23  13246.929    13248.060    13359.807
 68  TN+G4         6539.265     23  13124.530    13125.661    13237.409
 69  TN+I+G4       6538.342     24  13124.685    13125.915    13242.471
 70  TN+R2         6550.387     24  13148.774    13150.005    13266.560
 71  TN+R3         6537.074     26  13126.148    13127.591    13253.750
 72  TN+R4         6537.070     28  13130.141    13131.813    13267.558
 73  TN+R5         Skipped 
 74  TN+R6         Skipped 
 75  TN+R7         Skipped 
 76  TN+R8         Skipped 
 77  TN+R9         Skipped 
 78  TN+R10        Skipped 
 79  K3P           6944.582     19  13927.164    13927.939    14020.411
 80  K3P+I         6696.468     20  13432.936    13433.794    13531.091
 81  K3P+G4        6643.165     20  13326.329    13327.187    13424.484
 82  K3P+I+G4      6642.272     21  13326.544    13327.489    13429.607
 83  K3P+R2        6650.061     21  13342.121    13343.066    13445.184
 84  K3P+R3        6641.402     23  13328.804    13329.935    13441.682
 85  K3P+R4        6641.397     25  13332.794    13334.129    13455.488
 86  K3P+R5        Skipped 
 87  K3P+R6        Skipped 
 88  K3P+R7        Skipped 
 89  K3P+R8        Skipped 
 90  K3P+R9        Skipped 
 91  K3P+R10       Skipped 
 92  K3Pu          6836.010     22  13716.020    13717.056    13823.991
 93  K3Pu+I        6582.387     23  13210.774    13211.906    13323.653
 94  K3Pu+G4       6520.485     23  13086.969    13088.100    13199.848
 95  K3Pu+I+G4     6519.497     24  13086.995    13088.226    13204.781
 96  K3Pu+R2       6531.317     24  13110.634    13111.864    13228.420
 97  K3Pu+R3       6518.929     26  13089.857    13091.300    13217.459
 98  K3Pu+R4       6518.906     28  13093.813    13095.485    13231.230
 99  K3Pu+R5       Skipped 
100  K3Pu+R6       Skipped 
101  K3Pu+R7       Skipped 
102  K3Pu+R8       Skipped 
103  K3Pu+R9       Skipped 
104  K3Pu+R10      Skipped 
105  TPM2          6849.949     22  13743.898    13744.934    13851.869
106  TPM2+I        6597.066     23  13240.132    13241.263    13353.010
107  TPM2+G4       6538.292     23  13122.584    13123.715    13235.463
108  TPM2+I+G4     6537.265     24  13122.529    13123.760    13240.316
109  TPM2+R2       6548.615     24  13145.230    13146.461    13263.016
110  TPM2+R3       6535.980     26  13123.959    13125.402    13251.561
111  TPM2+R4       6535.993     28  13127.986    13129.659    13265.404
112  TPM2+R5       Skipped 
113  TPM2+R6       Skipped 
114  TPM2+R7       Skipped 
115  TPM2+R8       Skipped 
116  TPM2+R9       Skipped 
117  TPM2+R10      Skipped 
118  TPM2u         6849.949     22  13743.898    13744.933    13851.868
119  TPM2u+I       6597.067     23  13240.134    13241.265    13353.012
120  TPM2u+G4      6538.293     23  13122.586    13123.717    13235.464
121  TPM2u+I+G4    6537.253     24  13122.506    13123.737    13240.292
122  TPM2u+R2      6548.613     24  13145.227    13146.458    13263.013
123  TPM2u+R3      6535.960     26  13123.920    13125.363    13251.522
124  TPM2u+R4      6536.001     28  13128.003    13129.675    13265.420
125  TPM2u+R5      Skipped 
126  TPM2u+R6      Skipped 
127  TPM2u+R7      Skipped 
128  TPM2u+R8      Skipped 
129  TPM2u+R9      Skipped 
130  TPM2u+R10     Skipped 
131  TPM3          6832.988     22  13709.977    13711.012    13817.947
132  TPM3+I        6584.447     23  13214.893    13216.024    13327.771
133  TPM3+G4       6516.408     23  13078.815    13079.947    13191.694
134  TPM3+I+G4     6515.794     24  13079.587    13080.818    13197.373
135  TPM3+R2       6529.977     24  13107.953    13109.184    13225.740
136  TPM3+R3       6514.751     26  13081.502    13082.944    13209.103
137  TPM3+R4       6514.722     28  13085.444    13087.117    13222.862
138  TPM3+R5       Skipped 
139  TPM3+R6       Skipped 
140  TPM3+R7       Skipped 
141  TPM3+R8       Skipped 
142  TPM3+R9       Skipped 
143  TPM3+R10      Skipped 
144  TPM3u         6833.022     22  13710.045    13711.080    13818.015
145  TPM3u+I       6584.449     23  13214.897    13216.028    13327.776
146  TPM3u+G4      6516.382     23  13078.763    13079.895    13191.642
147  TPM3u+I+G4    6515.761     24  13079.521    13080.752    13197.307
148  TPM3u+R2      6529.981     24  13107.962    13109.193    13225.749
149  TPM3u+R3      6514.706     26  13081.412    13082.855    13209.014
150  TPM3u+R4      6514.694     28  13085.388    13087.061    13222.806
151  TPM3u+R5      Skipped 
152  TPM3u+R6      Skipped 
153  TPM3u+R7      Skipped 
154  TPM3u+R8      Skipped 
155  TPM3u+R9      Skipped 
156  TPM3u+R10     Skipped 
157  TIMe          6943.200     20  13926.400    13927.258    14024.555
158  TIMe+I        6692.419     21  13426.837    13427.782    13529.900
159  TIMe+G4       6638.557     21  13319.114    13320.059    13422.177
160  TIMe+I+G4     6637.370     22  13318.740    13319.775    13426.710
161  TIMe+R2       6645.848     22  13335.696    13336.732    13443.667
162  TIMe+R3       6636.150     24  13320.299    13321.530    13438.086
163  TIMe+R4       6636.116     26  13324.232    13325.675    13451.834
164  TIMe+R5       Skipped 
165  TIMe+R6       Skipped 
166  TIMe+R7       Skipped 
167  TIMe+R8       Skipped 
168  TIMe+R9       Skipped 
169  TIMe+R10      Skipped 
170  TIM           6833.494     23  13712.989    13714.120    13825.867
171  TIM+I         6582.181     24  13212.361    13213.592    13330.147
172  TIM+G4        6520.320     24  13088.639    13089.870    13206.425
173  TIM+I+G4      6519.364     25  13088.728    13090.062    13211.421
174  TIM+R2        6531.108     25  13112.217    13113.552    13234.911
175  TIM+R3        6518.790     27  13091.580    13093.136    13224.090
176  TIM+R4        6518.784     29  13095.567    13097.361    13237.892
177  TIM+R5        Skipped 
178  TIM+R6        Skipped 
179  TIM+R7        Skipped 
180  TIM+R8        Skipped 
181  TIM+R9        Skipped 
182  TIM+R10       Skipped 
183  TIM2e         6933.312     20  13906.623    13907.481    14004.778
184  TIM2e+I       6681.629     21  13405.258    13406.203    13508.321
185  TIM2e+G4      6623.395     21  13288.790    13289.735    13391.853
186  TIM2e+I+G4    6622.122     22  13288.245    13289.280    13396.215
187  TIM2e+R2      6631.714     22  13307.428    13308.464    13415.399
188  TIM2e+R3      6620.198     24  13288.396    13289.626    13406.182
189  TIM2e+R4      6620.207     26  13292.414    13293.857    13420.015
190  TIM2e+R5      Skipped 
191  TIM2e+R6      Skipped 
192  TIM2e+R7      Skipped 
193  TIM2e+R8      Skipped 
194  TIM2e+R9      Skipped 
195  TIM2e+R10     Skipped 
196  TIM2          6847.553     23  13741.105    13742.237    13853.984
197  TIM2+I        6596.883     24  13241.766    13242.997    13359.553
198  TIM2+G4       6537.821     24  13123.642    13124.873    13241.428
199  TIM2+I+G4     6536.854     25  13123.709    13125.044    13246.403
200  TIM2+R2       6548.135     25  13146.269    13147.604    13268.963
201  TIM2+R3       6535.624     27  13125.247    13126.803    13257.757
202  TIM2+R4       6535.608     29  13129.216    13131.010    13271.541
203  TIM2+R5       Skipped 
204  TIM2+R6       Skipped 
205  TIM2+R7       Skipped 
206  TIM2+R8       Skipped 
207  TIM2+R9       Skipped 
208  TIM2+R10      Skipped 
209  TIM3e         6944.760     20  13929.520    13930.378    14027.675
210  TIM3e+I       6695.943     21  13433.885    13434.830    13536.948
211  TIM3e+G4      6641.616     21  13325.231    13326.176    13428.294
212  TIM3e+I+G4    6640.374     22  13324.747    13325.783    13432.718
213  TIM3e+R2      6649.635     22  13343.270    13344.306    13451.240
214  TIM3e+R3      6638.792     24  13325.583    13326.814    13443.369
215  TIM3e+R4      6638.802     26  13329.605    13331.048    13457.207
216  TIM3e+R5      Skipped 
217  TIM3e+R6      Skipped 
218  TIM3e+R7      Skipped 
219  TIM3e+R8      Skipped 
220  TIM3e+R9      Skipped 
221  TIM3e+R10     Skipped 
222  TIM3          6829.061     23  13704.122    13705.253    13817.001
223  TIM3+I        6584.055     24  13216.109    13217.340    13333.895
224  TIM3+G4       6514.899     24  13077.798    13079.029    13195.584
225  TIM3+I+G4     6514.510     25  13079.020    13080.355    13201.714
226  TIM3+R2       6528.228     25  13106.457    13107.791    13229.151
227  TIM3+R3       6513.835     27  13081.670    13083.226    13214.180
228  TIM3+R4       6513.700     29  13085.400    13087.194    13227.725
229  TIM3+R5       Skipped 
230  TIM3+R6       Skipped 
231  TIM3+R7       Skipped 
232  TIM3+R8       Skipped 
233  TIM3+R9       Skipped 
234  TIM3+R10      Skipped 
235  TVMe          6922.616     21  13887.231    13888.176    13990.294
236  TVMe+I        6674.345     22  13392.691    13393.727    13500.662
237  TVMe+G4       6615.753     22  13275.506    13276.542    13383.477
238  TVMe+I+G4     6614.782     23  13275.565    13276.696    13388.443
239  TVMe+R2       6623.944     23  13293.888    13295.019    13406.767
240  TVMe+R3       6613.326     25  13276.651    13277.986    13399.345
241  TVMe+R4       6613.318     27  13280.635    13282.191    13413.144
242  TVMe+R5       Skipped 
243  TVMe+R6       Skipped 
244  TVMe+R7       Skipped 
245  TVMe+R8       Skipped 
246  TVMe+R9       Skipped 
247  TVMe+R10      Skipped 
248  TVM           6820.015     24  13688.030    13689.261    13805.816
249  TVM+I         6571.654     25  13193.308    13194.643    13316.002
250  TVM+G4        6506.411     25  13062.823    13064.158    13185.517
251  TVM+I+G4      6505.911     26  13063.822    13065.265    13191.423
252  TVM+R2        6518.661     26  13089.322    13090.765    13216.923
253  TVM+R3        6505.338     28  13066.676    13068.348    13204.093
254  TVM+R4        6505.201     30  13070.402    13072.321    13217.635
255  TVM+R5        Skipped 
256  TVM+R6        Skipped 
257  TVM+R7        Skipped 
258  TVM+R8        Skipped 
259  TVM+R9        Skipped 
260  TVM+R10       Skipped 
261  SYM           6921.300     22  13886.600    13887.636    13994.571
262  SYM+I         6670.367     23  13386.733    13387.864    13499.612
263  SYM+G4        6609.870     23  13265.741    13266.872    13378.619
264  SYM+I+G4      6608.636     24  13265.272    13266.502    13383.058
265  SYM+R2        6618.958     24  13285.917    13287.148    13403.703
266  SYM+R3        6606.603     26  13265.206    13266.649    13392.808
267  SYM+R4        6606.586     28  13269.172    13270.844    13406.589
268  SYM+R5        Skipped 
269  SYM+R6        Skipped 
270  SYM+R7        Skipped 
271  SYM+R8        Skipped 
272  SYM+R9        Skipped 
273  SYM+R10       Skipped 
274  GTR           6816.139     25  13682.277    13683.612    13804.971
275  GTR+I         6571.317     26  13194.633    13196.076    13322.235
276  GTR+G4        6504.851     26  13061.702    13063.145    13189.304
277  GTR+I+G4      6504.628     27  13063.256    13064.812    13195.766
278  GTR+R2        6516.967     27  13087.934    13089.489    13220.443
279  GTR+R3        6503.952     29  13065.903    13067.697    13208.228
280  GTR+R4        6503.939     31  13069.878    13071.927    13222.018
281  GTR+R5        Skipped 
282  GTR+R6        Skipped 
283  GTR+R7        Skipped 
284  GTR+R8        Skipped 
285  GTR+R9        Skipped 
286  GTR+R10       Skipped 
Akaike Information Criterion:           GTR+G4
Corrected Akaike Information Criterion: GTR+G4
Bayesian Information Criterion:         TVM+G4
Best-fit model: TVM+G4 chosen according to BIC

All model information printed to ./results/gene7.phy.model
CPU time for ModelFinder: 13.645 seconds (0h:0m:13s)
Wall-clock time for ModelFinder: 16.044 seconds (0h:0m:16s)
Generating 1000 samples for ultrafast bootstrap (seed: 339392)...

NOTE: 2 MB RAM (0 GB) is required!
Estimate model parameters (epsilon = 0.100)
1. Initial log-likelihood: -6761.696
2. Current log-likelihood: -6546.927
3. Current log-likelihood: -6532.223
4. Current log-likelihood: -6530.453
5. Current log-likelihood: -6526.221
6. Current log-likelihood: -6508.665
7. Current log-likelihood: -6507.799
Optimal log-likelihood: -6507.738
Rate parameters:  A-C: 2.951  A-G: 4.832  A-T: 0.605  C-G: 1.120  C-T: 4.832  G-T: 1.000
Base frequencies:   A: 0.391  C: 0.153  G: 0.212  T: 0.245
Gamma shape alpha: 0.482
Parameters optimization took 7 rounds (0.197 sec)
Computing ML distances based on estimated model parameters... 0.002 sec
Computing BIONJ tree...
0.000 seconds
Log-likelihood of BIONJ tree: -6507.892
--------------------------------------------------------------------
|             INITIALIZING CANDIDATE TREE SET                      |
--------------------------------------------------------------------
Generating 98 parsimony trees... 0.094 second
Computing log-likelihood of 92 initial trees ... 0.512 seconds
Current best score: -6507.189

Do NNI search on 20 best initial trees
Estimate model parameters (epsilon = 0.100)
BETTER TREE FOUND at iteration 1: -6505.012
Estimate model parameters (epsilon = 0.100)
BETTER TREE FOUND at iteration 2: -6504.932
Iteration 10 / LogL: -6505.016 / Time: 0h:0m:17s
Iteration 20 / LogL: -6506.251 / Time: 0h:0m:17s
Finish initializing candidate tree set (4)
Current best tree score: -6504.932 / CPU time: 1.358
Number of iterations: 20
--------------------------------------------------------------------
|               OPTIMIZING CANDIDATE TREE SET                      |
--------------------------------------------------------------------
Iteration 30 / LogL: -6506.103 / Time: 0h:0m:17s (0h:0m:4s left)
UPDATE BEST LOG-LIKELIHOOD: -6504.931
Iteration 40 / LogL: -6505.324 / Time: 0h:0m:18s (0h:0m:3s left)
UPDATE BEST LOG-LIKELIHOOD: -6504.931
Iteration 50 / LogL: -6504.995 / Time: 0h:0m:18s (0h:0m:2s left)
Log-likelihood cutoff on original alignment: -6511.322
UPDATE BEST LOG-LIKELIHOOD: -6504.931
Iteration 60 / LogL: -6504.932 / Time: 0h:0m:19s (0h:0m:2s left)
Iteration 70 / LogL: -6506.330 / Time: 0h:0m:19s (0h:0m:1s left)
Iteration 80 / LogL: -6504.932 / Time: 0h:0m:20s (0h:0m:1s left)
Iteration 90 / LogL: -6505.588 / Time: 0h:0m:20s (0h:0m:0s left)
Iteration 100 / LogL: -6504.932 / Time: 0h:0m:21s (0h:0m:0s left)
Log-likelihood cutoff on original alignment: -6511.281
NOTE: Bootstrap correlation coefficient of split occurrence frequencies: 0.993
UPDATE BEST LOG-LIKELIHOOD: -6504.931
TREE SEARCH COMPLETED AFTER 103 ITERATIONS / Time: 0h:0m:21s

--------------------------------------------------------------------
|                    FINALIZING TREE SEARCH                        |
--------------------------------------------------------------------
Performs final model parameters optimization
Estimate model parameters (epsilon = 0.010)
1. Initial log-likelihood: -6504.931
2. Current log-likelihood: -6504.907
3. Current log-likelihood: -6504.896
Optimal log-likelihood: -6504.889
Rate parameters:  A-C: 2.976  A-G: 4.816  A-T: 0.601  C-G: 1.117  C-T: 4.816  G-T: 1.000
Base frequencies:   A: 0.391  C: 0.153  G: 0.212  T: 0.245
Gamma shape alpha: 0.482
Parameters optimization took 3 rounds (0.040 sec)
BEST SCORE FOUND : -6504.889
Creating bootstrap support values...
Split supports printed to NEXUS file ./results/gene7.phy.splits.nex
Total tree length: 2.403

Total number of iterations: 103
CPU time used for tree search: 3.712 sec (0h:0m:3s)
Wall-clock time used for tree search: 5.275 sec (0h:0m:5s)
Total CPU time used: 17.562 sec (0h:0m:17s)
Total wall-clock time used: 21.658 sec (0h:0m:21s)

Computing bootstrap consensus tree...
Reading input file ./results/gene7.phy.splits.nex...
10 taxa and 112 splits.
Consensus tree written to ./results/gene7.phy.contree
Reading input trees file ./results/gene7.phy.contree
Log-likelihood of consensus tree: -6504.995

Analysis results written to: 
  IQ-TREE report:                ./results/gene7.phy.iqtree
  Maximum-likelihood tree:       ./results/gene7.phy.treefile
  Likelihood distances:          ./results/gene7.phy.mldist

Ultrafast bootstrap approximation results written to:
  Split support values:          ./results/gene7.phy.splits.nex
  Consensus tree:                ./results/gene7.phy.contree
  Screen log file:               ./results/gene7.phy.log

Date and Time: Tue Aug 22 17:38:09 2017
