IQ-TREE multicore version 1.5.4 for Linux 64-bit built Apr  2 2017
Copyright (c) 2011-2017 by Bui Quang Minh, Nguyen Lam Tung,
Olga Chernomor, Heiko Schmidt, and Arndt von Haeseler.

Host:    hpc-crick (AVX, 251 GB RAM)
Command: iqtree -s ./results/gene18.phy -nt 1 -bb 1000
Seed:    579478 (Using SPRNG - Scalable Parallel Random Number Generator)
Time:    Tue Aug 22 17:25:26 2017
Kernel:  AVX - 1 threads (40 CPU cores detected)

Reading alignment file ./results/gene18.phy ... Phylip format detected
Alignment most likely contains DNA/RNA sequences
Alignment has 10 sequences with 1000 columns and 489 patterns (349 informative sites, 354 constant sites)
   Gap/Ambiguity  Composition  p-value
   1  A    0.00%    passed     93.41%
   2  B    0.00%    passed     65.41%
   3  C    0.00%    passed     79.65%
   4  D    0.00%    passed     75.94%
   5  E    0.00%    passed     66.72%
   6  F    0.00%    passed     93.78%
   7  G    0.00%    passed     74.87%
   8  H    0.00%    passed     83.43%
   9  I    0.00%    passed     37.39%
  10  J    0.00%    passed     44.21%
****  TOTAL    0.00%  0 sequences failed composition chi2 test (p-value<5%; df=3)

Create initial parsimony tree by phylogenetic likelihood library (PLL)... 0.001 seconds

NOTE: ModelFinder requires 3 MB RAM!
ModelFinder will test 286 DNA models (sample size: 1000) ...
 No. Model         -LnL         df  AIC          AICc         BIC
  1  JC            7784.703     17  15603.406    15604.029    15686.838
  2  JC+I          7571.722     18  15179.444    15180.141    15267.784
  3  JC+G4         7495.616     18  15027.232    15027.929    15115.571
  4  JC+I+G4       7496.229     19  15030.458    15031.233    15123.705
  5  JC+R2         7492.031     19  15022.061    15022.837    15115.309
  6  JC+R3         7491.992     21  15025.983    15026.928    15129.046
  7  JC+R4         Skipped 
  8  JC+R5         Skipped 
  9  JC+R6         Skipped 
 10  JC+R7         Skipped 
 11  JC+R8         Skipped 
 12  JC+R9         Skipped 
 13  JC+R10        Skipped 
 14  F81           7662.708     20  15365.416    15366.274    15463.571
 15  F81+I         7442.829     21  14927.659    14928.603    15030.721
 16  F81+G4        7357.046     21  14756.092    14757.036    14859.154
 17  F81+I+G4      7357.527     22  14759.053    14760.089    14867.024
 18  F81+R2        7358.352     22  14760.705    14761.741    14868.675
 19  F81+R3        7356.329     24  14760.658    14761.889    14878.444
 20  F81+R4        Skipped 
 21  F81+R5        Skipped 
 22  F81+R6        Skipped 
 23  F81+R7        Skipped 
 24  F81+R8        Skipped 
 25  F81+R9        Skipped 
 26  F81+R10       Skipped 
 27  K2P           7621.045     18  15278.091    15278.788    15366.430
 28  K2P+I         7395.029     19  14828.059    14828.834    14921.306
 29  K2P+G4        7294.799     19  14627.599    14628.374    14720.846
 30  K2P+I+G4      7295.287     20  14630.575    14631.433    14728.730
 31  K2P+R2        7293.099     20  14626.198    14627.056    14724.353
 32  K2P+R3        7292.216     22  14628.432    14629.468    14736.403
 33  K2P+R4        Skipped 
 34  K2P+R5        Skipped 
 35  K2P+R6        Skipped 
 36  K2P+R7        Skipped 
 37  K2P+R8        Skipped 
 38  K2P+R9        Skipped 
 39  K2P+R10       Skipped 
 40  HKY           7494.985     21  15031.971    15032.915    15135.034
 41  HKY+I         7271.476     22  14586.952    14587.988    14694.922
 42  HKY+G4        7154.704     22  14353.408    14354.444    14461.378
 43  HKY+I+G4      7155.119     23  14356.239    14357.370    14469.117
 44  HKY+R2        7156.646     23  14359.292    14360.423    14472.170
 45  HKY+R3        7152.577     25  14355.154    14356.489    14477.848
 46  HKY+R4        Skipped 
 47  HKY+R5        Skipped 
 48  HKY+R6        Skipped 
 49  HKY+R7        Skipped 
 50  HKY+R8        Skipped 
 51  HKY+R9        Skipped 
 52  HKY+R10       Skipped 
 53  TNe           7613.152     19  15264.303    15265.079    15357.551
 54  TNe+I         7390.525     20  14821.050    14821.908    14919.205
 55  TNe+G4        7285.497     20  14610.994    14611.852    14709.149
 56  TNe+I+G4      7285.902     21  14613.805    14614.750    14716.868
 57  TNe+R2        7283.706     21  14609.412    14610.357    14712.475
 58  TNe+R3        7282.585     23  14611.171    14612.302    14724.049
 59  TNe+R4        Skipped 
 60  TNe+R5        Skipped 
 61  TNe+R6        Skipped 
 62  TNe+R7        Skipped 
 63  TNe+R8        Skipped 
 64  TNe+R9        Skipped 
 65  TNe+R10       Skipped 
 66  TN            7494.825     22  15033.649    15034.685    15141.620
 67  TN+I          7271.228     23  14588.456    14589.587    14701.335
 68  TN+G4         7154.661     23  14355.321    14356.453    14468.200
 69  TN+I+G4       7155.047     24  14358.093    14359.324    14475.880
 70  TN+R2         7156.359     24  14360.718    14361.949    14478.505
 71  TN+R3         7152.317     26  14356.633    14358.076    14484.235
 72  TN+R4         Skipped 
 73  TN+R5         Skipped 
 74  TN+R6         Skipped 
 75  TN+R7         Skipped 
 76  TN+R8         Skipped 
 77  TN+R9         Skipped 
 78  TN+R10        Skipped 
 79  K3P           7621.083     19  15280.167    15280.942    15373.414
 80  K3P+I         7394.995     20  14829.991    14830.849    14928.146
 81  K3P+G4        7294.390     20  14628.779    14629.637    14726.934
 82  K3P+I+G4      7294.707     21  14631.413    14632.358    14734.476
 83  K3P+R2        7292.709     21  14627.418    14628.363    14730.481
 84  K3P+R3        7291.728     23  14629.455    14630.587    14742.334
 85  K3P+R4        Skipped 
 86  K3P+R5        Skipped 
 87  K3P+R6        Skipped 
 88  K3P+R7        Skipped 
 89  K3P+R8        Skipped 
 90  K3P+R9        Skipped 
 91  K3P+R10       Skipped 
 92  K3Pu          7491.624     22  15027.247    15028.283    15135.218
 93  K3Pu+I        7268.658     23  14583.315    14584.446    14696.193
 94  K3Pu+G4       7149.454     23  14344.907    14346.038    14457.785
 95  K3Pu+I+G4     7149.777     24  14347.555    14348.785    14465.341
 96  K3Pu+R2       7151.533     24  14351.066    14352.296    14468.852
 97  K3Pu+R3       7147.065     26  14346.130    14347.573    14473.732
 98  K3Pu+R4       Skipped 
 99  K3Pu+R5       Skipped 
100  K3Pu+R6       Skipped 
101  K3Pu+R7       Skipped 
102  K3Pu+R8       Skipped 
103  K3Pu+R9       Skipped 
104  K3Pu+R10      Skipped 
105  TPM2          7494.479     22  15032.959    15033.995    15140.929
106  TPM2+I        7269.300     23  14584.599    14585.731    14697.478
107  TPM2+G4       7153.433     23  14352.867    14353.998    14465.745
108  TPM2+I+G4     7153.759     24  14355.518    14356.749    14473.304
109  TPM2+R2       7154.392     24  14356.784    14358.014    14474.570
110  TPM2+R3       7150.855     26  14353.711    14355.154    14481.312
111  TPM2+R4       Skipped 
112  TPM2+R5       Skipped 
113  TPM2+R6       Skipped 
114  TPM2+R7       Skipped 
115  TPM2+R8       Skipped 
116  TPM2+R9       Skipped 
117  TPM2+R10      Skipped 
118  TPM2u         7494.473     22  15032.946    15033.982    15140.917
119  TPM2u+I       7269.297     23  14584.595    14585.726    14697.473
120  TPM2u+G4      7153.433     23  14352.867    14353.998    14465.745
121  TPM2u+I+G4    7153.733     24  14355.466    14356.696    14473.252
122  TPM2u+R2      7154.391     24  14356.783    14358.014    14474.569
123  TPM2u+R3      7150.870     26  14353.740    14355.183    14481.341
124  TPM2u+R4      Skipped 
125  TPM2u+R5      Skipped 
126  TPM2u+R6      Skipped 
127  TPM2u+R7      Skipped 
128  TPM2u+R8      Skipped 
129  TPM2u+R9      Skipped 
130  TPM2u+R10     Skipped 
131  TPM3          7486.584     22  15017.168    15018.204    15125.139
132  TPM3+I        7264.538     23  14575.075    14576.206    14687.953
133  TPM3+G4       7140.790     23  14327.579    14328.711    14440.458
134  TPM3+I+G4     7140.687     24  14329.375    14330.605    14447.161
135  TPM3+R2       7144.253     24  14336.506    14337.737    14454.293
136  TPM3+R3       7137.705     26  14327.411    14328.854    14455.013
137  TPM3+R4       Skipped 
138  TPM3+R5       Skipped 
139  TPM3+R6       Skipped 
140  TPM3+R7       Skipped 
141  TPM3+R8       Skipped 
142  TPM3+R9       Skipped 
143  TPM3+R10      Skipped 
144  TPM3u         7486.602     22  15017.204    15018.240    15125.175
145  TPM3u+I       7264.539     23  14575.078    14576.210    14687.957
146  TPM3u+G4      7140.780     23  14327.561    14328.692    14440.439
147  TPM3u+I+G4    7140.703     24  14329.405    14330.636    14447.191
148  TPM3u+R2      7144.942     24  14337.885    14339.116    14455.671
149  TPM3u+R3      7137.703     26  14327.406    14328.849    14455.008
150  TPM3u+R4      7137.702     28  14331.404    14333.076    14468.821
151  TPM3u+R5      Skipped 
152  TPM3u+R6      Skipped 
153  TPM3u+R7      Skipped 
154  TPM3u+R8      Skipped 
155  TPM3u+R9      Skipped 
156  TPM3u+R10     Skipped 
157  TIMe          7613.124     20  15266.249    15267.107    15364.404
158  TIMe+I        7390.509     21  14823.019    14823.964    14926.082
159  TIMe+G4       7285.076     21  14612.151    14613.096    14715.214
160  TIMe+I+G4     7285.277     22  14614.554    14615.590    14722.525
161  TIMe+R2       7283.247     22  14610.495    14611.531    14718.465
162  TIMe+R3       7281.212     24  14610.424    14611.655    14728.210
163  TIMe+R4       Skipped 
164  TIMe+R5       Skipped 
165  TIMe+R6       Skipped 
166  TIMe+R7       Skipped 
167  TIMe+R8       Skipped 
168  TIMe+R9       Skipped 
169  TIMe+R10      Skipped 
170  TIM           7491.371     23  15028.742    15029.874    15141.621
171  TIM+I         7268.370     24  14584.740    14585.970    14702.526
172  TIM+G4        7149.402     24  14346.805    14348.035    14464.591
173  TIM+I+G4      7149.597     25  14349.195    14350.529    14471.888
174  TIM+R2        7151.173     25  14352.345    14353.680    14475.039
175  TIM+R3        7146.553     27  14347.106    14348.662    14479.615
176  TIM+R4        Skipped 
177  TIM+R5        Skipped 
178  TIM+R6        Skipped 
179  TIM+R7        Skipped 
180  TIM+R8        Skipped 
181  TIM+R9        Skipped 
182  TIM+R10       Skipped 
183  TIM2e         7601.806     20  15243.612    15244.470    15341.767
184  TIM2e+I       7374.871     21  14791.742    14792.687    14894.805
185  TIM2e+G4      7259.649     21  14561.297    14562.242    14664.360
186  TIM2e+I+G4    7259.832     22  14563.664    14564.700    14671.635
187  TIM2e+R2      7259.292     22  14562.584    14563.620    14670.555
188  TIM2e+R3      7255.032     24  14558.065    14559.296    14675.851
189  TIM2e+R4      Skipped 
190  TIM2e+R5      Skipped 
191  TIM2e+R6      Skipped 
192  TIM2e+R7      Skipped 
193  TIM2e+R8      Skipped 
194  TIM2e+R9      Skipped 
195  TIM2e+R10     Skipped 
196  TIM2          7494.196     23  15034.392    15035.523    15147.270
197  TIM2+I        7269.150     24  14586.300    14587.531    14704.087
198  TIM2+G4       7153.547     24  14355.093    14356.324    14472.879
199  TIM2+I+G4     7153.617     25  14357.234    14358.569    14479.928
200  TIM2+R2       7154.209     25  14358.419    14359.754    14481.113
201  TIM2+R3       7150.346     27  14354.692    14356.247    14487.201
202  TIM2+R4       Skipped 
203  TIM2+R5       Skipped 
204  TIM2+R6       Skipped 
205  TIM2+R7       Skipped 
206  TIM2+R8       Skipped 
207  TIM2+R9       Skipped 
208  TIM2+R10      Skipped 
209  TIM3e         7612.283     20  15264.565    15265.423    15362.720
210  TIM3e+I       7390.064     21  14822.129    14823.073    14925.191
211  TIM3e+G4      7284.046     21  14610.093    14611.037    14713.156
212  TIM3e+I+G4    7284.218     22  14612.436    14613.472    14720.406
213  TIM3e+R2      7282.324     22  14608.649    14609.685    14716.619
214  TIM3e+R3      7279.932     24  14607.863    14609.094    14725.649
215  TIM3e+R4      Skipped 
216  TIM3e+R5      Skipped 
217  TIM3e+R6      Skipped 
218  TIM3e+R7      Skipped 
219  TIM3e+R8      Skipped 
220  TIM3e+R9      Skipped 
221  TIM3e+R10     Skipped 
222  TIM3          7486.642     23  15019.284    15020.415    15132.162
223  TIM3+I        7263.992     24  14575.983    14577.214    14693.769
224  TIM3+G4       7140.793     24  14329.587    14330.817    14447.373
225  TIM3+I+G4     7140.959     25  14331.917    14333.252    14454.611
226  TIM3+R2       7144.182     25  14338.363    14339.698    14461.057
227  TIM3+R3       7137.722     27  14329.445    14331.000    14461.954
228  TIM3+R4       Skipped 
229  TIM3+R5       Skipped 
230  TIM3+R6       Skipped 
231  TIM3+R7       Skipped 
232  TIM3+R8       Skipped 
233  TIM3+R9       Skipped 
234  TIM3+R10      Skipped 
235  TVMe          7608.801     21  15259.603    15260.548    15362.666
236  TVMe+I        7378.978     22  14801.956    14802.991    14909.926
237  TVMe+G4       7268.748     22  14581.495    14582.531    14689.466
238  TVMe+I+G4     7268.886     23  14583.772    14584.903    14696.650
239  TVMe+R2       7267.508     23  14581.016    14582.147    14693.894
240  TVMe+R3       7264.222     25  14578.445    14579.780    14701.139
241  TVMe+R4       Skipped 
242  TVMe+R5       Skipped 
243  TVMe+R6       Skipped 
244  TVMe+R7       Skipped 
245  TVMe+R8       Skipped 
246  TVMe+R9       Skipped 
247  TVMe+R10      Skipped 
248  TVM           7485.381     24  15018.761    15019.992    15136.547
249  TVM+I         7261.551     25  14573.103    14574.437    14695.796
250  TVM+G4        7137.971     25  14325.942    14327.277    14448.636
251  TVM+I+G4      7138.033     26  14328.067    14329.510    14455.668
252  TVM+R2        7140.492     26  14332.984    14334.427    14460.586
253  TVM+R3        7134.819     28  14325.637    14327.310    14463.055
254  TVM+R4        Skipped 
255  TVM+R5        Skipped 
256  TVM+R6        Skipped 
257  TVM+R7        Skipped 
258  TVM+R8        Skipped 
259  TVM+R9        Skipped 
260  TVM+R10       Skipped 
261  SYM           7601.102     22  15246.204    15247.240    15354.175
262  SYM+I         7374.365     23  14794.731    14795.862    14907.609
263  SYM+G4        7257.377     23  14560.755    14561.886    14673.633
264  SYM+I+G4      7257.504     24  14563.008    14564.238    14680.794
265  SYM+R2        7257.125     24  14562.251    14563.481    14680.037
266  SYM+R3        7252.647     26  14557.293    14558.736    14684.895
267  SYM+R4        Skipped 
268  SYM+R5        Skipped 
269  SYM+R6        Skipped 
270  SYM+R7        Skipped 
271  SYM+R8        Skipped 
272  SYM+R9        Skipped 
273  SYM+R10       Skipped 
274  GTR           7485.257     25  15020.514    15021.848    15143.208
275  GTR+I         7261.062     26  14574.124    14575.567    14701.725
276  GTR+G4        7137.721     26  14327.442    14328.884    14455.043
277  GTR+I+G4      7137.794     27  14329.587    14331.143    14462.096
278  GTR+R2        7140.497     27  14334.995    14336.550    14467.504
279  GTR+R3        7134.607     29  14327.214    14329.008    14469.539
280  GTR+R4        Skipped 
281  GTR+R5        Skipped 
282  GTR+R6        Skipped 
283  GTR+R7        Skipped 
284  GTR+R8        Skipped 
285  GTR+R9        Skipped 
286  GTR+R10       Skipped 
Akaike Information Criterion:           TVM+R3
Corrected Akaike Information Criterion: TVM+G4
Bayesian Information Criterion:         TPM3u+G4
Best-fit model: TPM3u+G4 chosen according to BIC

All model information printed to ./results/gene18.phy.model
CPU time for ModelFinder: 8.797 seconds (0h:0m:8s)
Wall-clock time for ModelFinder: 9.580 seconds (0h:0m:9s)
Generating 1000 samples for ultrafast bootstrap (seed: 579478)...

NOTE: 2 MB RAM (0 GB) is required!
Estimate model parameters (epsilon = 0.100)
1. Initial log-likelihood: -7419.590
2. Current log-likelihood: -7154.514
3. Current log-likelihood: -7142.230
4. Current log-likelihood: -7140.914
5. Current log-likelihood: -7140.797
Optimal log-likelihood: -7140.740
Rate parameters:  A-C: 2.403  A-G: 6.157  A-T: 1.000  C-G: 2.403  C-T: 6.157  G-T: 1.000
Base frequencies:   A: 0.406  C: 0.155  G: 0.198  T: 0.241
Gamma shape alpha: 0.531
Parameters optimization took 5 rounds (0.117 sec)
Computing ML distances based on estimated model parameters... 0.001 sec
Computing BIONJ tree...
0.000 seconds
Log-likelihood of BIONJ tree: -7139.738
--------------------------------------------------------------------
|             INITIALIZING CANDIDATE TREE SET                      |
--------------------------------------------------------------------
Generating 98 parsimony trees... 0.138 second
Computing log-likelihood of 96 initial trees ... 0.657 seconds
Current best score: -7139.738

Do NNI search on 20 best initial trees
Estimate model parameters (epsilon = 0.100)
BETTER TREE FOUND at iteration 1: -7136.411
Estimate model parameters (epsilon = 0.100)
BETTER TREE FOUND at iteration 2: -7136.048
UPDATE BEST LOG-LIKELIHOOD: -7136.047
Iteration 10 / LogL: -7136.597 / Time: 0h:0m:11s
WARNING: NNI search needs unusual large number of steps (7) to converge!
Estimate model parameters (epsilon = 0.100)
BETTER TREE FOUND at iteration 17: -7135.934
Iteration 20 / LogL: -7136.756 / Time: 0h:0m:11s
Finish initializing candidate tree set (14)
Current best tree score: -7135.934 / CPU time: 2.232
Number of iterations: 20
--------------------------------------------------------------------
|               OPTIMIZING CANDIDATE TREE SET                      |
--------------------------------------------------------------------
Iteration 30 / LogL: -7136.052 / Time: 0h:0m:12s (0h:0m:8s left)
Iteration 40 / LogL: -7135.940 / Time: 0h:0m:12s (0h:0m:6s left)
Iteration 50 / LogL: -7135.934 / Time: 0h:0m:13s (0h:0m:4s left)
Log-likelihood cutoff on original alignment: -7141.759
Estimate model parameters (epsilon = 0.100)
BETTER TREE FOUND at iteration 53: -7135.684
UPDATE BEST LOG-LIKELIHOOD: -7135.684
BETTER TREE FOUND at iteration 59: -7135.684
UPDATE BEST LOG-LIKELIHOOD: -7135.684
Iteration 60 / LogL: -7135.684 / Time: 0h:0m:13s (0h:0m:6s left)
Iteration 70 / LogL: -7136.185 / Time: 0h:0m:13s (0h:0m:5s left)
Iteration 80 / LogL: -7135.960 / Time: 0h:0m:14s (0h:0m:4s left)
Iteration 90 / LogL: -7135.684 / Time: 0h:0m:14s (0h:0m:4s left)
UPDATE BEST LOG-LIKELIHOOD: -7135.684
Iteration 100 / LogL: -7135.684 / Time: 0h:0m:15s (0h:0m:3s left)
Log-likelihood cutoff on original alignment: -7141.759
NOTE: Bootstrap correlation coefficient of split occurrence frequencies: 0.970
NOTE: UFBoot does not converge, continue at least 100 more iterations
UPDATE BEST LOG-LIKELIHOOD: -7135.684
Iteration 110 / LogL: -7135.684 / Time: 0h:0m:15s (0h:0m:4s left)
Iteration 120 / LogL: -7135.684 / Time: 0h:0m:15s (0h:0m:4s left)
Iteration 130 / LogL: -7135.684 / Time: 0h:0m:16s (0h:0m:3s left)
UPDATE BEST LOG-LIKELIHOOD: -7135.684
Iteration 140 / LogL: -7136.471 / Time: 0h:0m:16s (0h:0m:3s left)
Iteration 150 / LogL: -7135.684 / Time: 0h:0m:16s (0h:0m:2s left)
Log-likelihood cutoff on original alignment: -7143.180
Iteration 160 / LogL: -7135.684 / Time: 0h:0m:17s (0h:0m:1s left)
Iteration 170 / LogL: -7135.684 / Time: 0h:0m:17s (0h:0m:1s left)
Iteration 180 / LogL: -7135.684 / Time: 0h:0m:18s (0h:0m:0s left)
Iteration 190 / LogL: -7135.684 / Time: 0h:0m:18s (0h:0m:0s left)
UPDATE BEST LOG-LIKELIHOOD: -7135.684
UPDATE BEST LOG-LIKELIHOOD: -7135.684
Iteration 200 / LogL: -7135.684 / Time: 0h:0m:19s (0h:0m:0s left)
Log-likelihood cutoff on original alignment: -7143.214
NOTE: Bootstrap correlation coefficient of split occurrence frequencies: 0.991
TREE SEARCH COMPLETED AFTER 200 ITERATIONS / Time: 0h:0m:19s

--------------------------------------------------------------------
|                    FINALIZING TREE SEARCH                        |
--------------------------------------------------------------------
Performs final model parameters optimization
Estimate model parameters (epsilon = 0.010)
1. Initial log-likelihood: -7135.684
Optimal log-likelihood: -7135.683
Rate parameters:  A-C: 2.441  A-G: 6.166  A-T: 1.000  C-G: 2.441  C-T: 6.166  G-T: 1.000
Base frequencies:   A: 0.406  C: 0.155  G: 0.198  T: 0.241
Gamma shape alpha: 0.547
Parameters optimization took 1 rounds (0.006 sec)
BEST SCORE FOUND : -7135.683
Creating bootstrap support values...
Split supports printed to NEXUS file ./results/gene18.phy.splits.nex
Total tree length: 3.077

Total number of iterations: 200
CPU time used for tree search: 8.924 sec (0h:0m:8s)
Wall-clock time used for tree search: 9.585 sec (0h:0m:9s)
Total CPU time used: 17.837 sec (0h:0m:17s)
Total wall-clock time used: 19.364 sec (0h:0m:19s)

Computing bootstrap consensus tree...
Reading input file ./results/gene18.phy.splits.nex...
10 taxa and 179 splits.
Consensus tree written to ./results/gene18.phy.contree
Reading input trees file ./results/gene18.phy.contree
Log-likelihood of consensus tree: -7135.684

Analysis results written to: 
  IQ-TREE report:                ./results/gene18.phy.iqtree
  Maximum-likelihood tree:       ./results/gene18.phy.treefile
  Likelihood distances:          ./results/gene18.phy.mldist

Ultrafast bootstrap approximation results written to:
  Split support values:          ./results/gene18.phy.splits.nex
  Consensus tree:                ./results/gene18.phy.contree
  Screen log file:               ./results/gene18.phy.log

Date and Time: Tue Aug 22 17:25:46 2017
