IQ-TREE multicore version 1.5.4 for Linux 64-bit built Apr  2 2017
Copyright (c) 2011-2017 by Bui Quang Minh, Nguyen Lam Tung,
Olga Chernomor, Heiko Schmidt, and Arndt von Haeseler.

Host:    hpc-crick (AVX, 251 GB RAM)
Command: iqtree -s ./results/gene5.phy -nt 1 -bb 1000
Seed:    979448 (Using SPRNG - Scalable Parallel Random Number Generator)
Time:    Tue Aug 22 17:29:16 2017
Kernel:  AVX - 1 threads (40 CPU cores detected)

Reading alignment file ./results/gene5.phy ... Phylip format detected
Alignment most likely contains DNA/RNA sequences
Alignment has 10 sequences with 1000 columns and 497 patterns (361 informative sites, 378 constant sites)
   Gap/Ambiguity  Composition  p-value
   1  A    0.00%    passed     92.85%
   2  B    0.00%    passed     91.62%
   3  C    0.00%    passed     95.39%
   4  D    0.00%    passed     96.25%
   5  E    0.00%    passed     65.98%
   6  F    0.00%    passed     91.36%
   7  G    0.00%    passed     81.37%
   8  H    0.00%    passed     99.70%
   9  I    0.00%    passed     93.22%
  10  J    0.00%    passed     64.48%
****  TOTAL    0.00%  0 sequences failed composition chi2 test (p-value<5%; df=3)

Create initial parsimony tree by phylogenetic likelihood library (PLL)... 0.000 seconds

NOTE: ModelFinder requires 3 MB RAM!
ModelFinder will test 286 DNA models (sample size: 1000) ...
 No. Model         -LnL         df  AIC          AICc         BIC
  1  JC            7799.061     17  15632.123    15632.746    15715.555
  2  JC+I          7522.439     18  15080.879    15081.576    15169.219
  3  JC+G4         7461.012     18  14958.024    14958.721    15046.364
  4  JC+I+G4       7460.650     19  14959.299    14960.075    15052.546
  5  JC+R2         7461.859     19  14961.718    14962.493    15054.965
  6  JC+R3         7459.148     21  14960.295    14961.240    15063.358
  7  JC+R4         Skipped 
  8  JC+R5         Skipped 
  9  JC+R6         Skipped 
 10  JC+R7         Skipped 
 11  JC+R8         Skipped 
 12  JC+R9         Skipped 
 13  JC+R10        Skipped 
 14  F81           7661.416     20  15362.832    15363.690    15460.987
 15  F81+I         7382.304     21  14806.608    14807.553    14909.671
 16  F81+G4        7308.003     21  14658.006    14658.951    14761.069
 17  F81+I+G4      7307.939     22  14659.878    14660.914    14767.848
 18  F81+R2        7315.127     22  14674.254    14675.290    14782.225
 19  F81+R3        7307.277     24  14662.555    14663.785    14780.341
 20  F81+R4        7307.277     26  14666.554    14667.997    14794.156
 21  F81+R5        Skipped 
 22  F81+R6        Skipped 
 23  F81+R7        Skipped 
 24  F81+R8        Skipped 
 25  F81+R9        Skipped 
 26  F81+R10       Skipped 
 27  K2P           7638.817     18  15313.634    15314.332    15401.974
 28  K2P+I         7344.640     19  14727.280    14728.056    14820.527
 29  K2P+G4        7251.418     19  14540.835    14541.611    14634.083
 30  K2P+I+G4      7251.751     20  14543.502    14544.360    14641.657
 31  K2P+R2        7259.777     20  14559.554    14560.412    14657.709
 32  K2P+R3        7251.072     22  14546.143    14547.179    14654.114
 33  K2P+R4        7251.024     24  14550.048    14551.279    14667.834
 34  K2P+R5        Skipped 
 35  K2P+R6        Skipped 
 36  K2P+R7        Skipped 
 37  K2P+R8        Skipped 
 38  K2P+R9        Skipped 
 39  K2P+R10       Skipped 
 40  HKY           7502.996     21  15047.992    15048.936    15151.054
 41  HKY+I         7209.543     22  14463.085    14464.121    14571.056
 42  HKY+G4        7100.543     22  14245.086    14246.121    14353.056
 43  HKY+I+G4      7100.898     23  14247.795    14248.927    14360.674
 44  HKY+R2        7113.845     23  14273.689    14274.821    14386.568
 45  HKY+R3        7100.684     25  14251.368    14252.702    14374.061
 46  HKY+R4        7100.639     27  14255.277    14256.833    14387.787
 47  HKY+R5        Skipped 
 48  HKY+R6        Skipped 
 49  HKY+R7        Skipped 
 50  HKY+R8        Skipped 
 51  HKY+R9        Skipped 
 52  HKY+R10       Skipped 
 53  TNe           7638.026     19  15314.053    15314.828    15407.300
 54  TNe+I         7342.577     20  14725.154    14726.012    14823.309
 55  TNe+G4        7245.242     20  14530.484    14531.342    14628.639
 56  TNe+I+G4      7245.124     21  14532.248    14533.193    14635.311
 57  TNe+R2        7255.304     21  14552.608    14553.552    14655.671
 58  TNe+R3        7243.439     23  14532.878    14534.009    14645.756
 59  TNe+R4        7243.417     25  14536.835    14538.169    14659.529
 60  TNe+R5        Skipped 
 61  TNe+R6        Skipped 
 62  TNe+R7        Skipped 
 63  TNe+R8        Skipped 
 64  TNe+R9        Skipped 
 65  TNe+R10       Skipped 
 66  TN            7498.464     22  15040.928    15041.964    15148.899
 67  TN+I          7205.984     23  14457.968    14459.099    14570.847
 68  TN+G4         7099.956     23  14245.912    14247.043    14358.790
 69  TN+I+G4       7100.122     24  14248.243    14249.474    14366.030
 70  TN+R2         7112.296     24  14272.592    14273.823    14390.378
 71  TN+R3         7099.835     26  14251.670    14253.113    14379.271
 72  TN+R4         7099.793     28  14255.587    14257.259    14393.004
 73  TN+R5         Skipped 
 74  TN+R6         Skipped 
 75  TN+R7         Skipped 
 76  TN+R8         Skipped 
 77  TN+R9         Skipped 
 78  TN+R10        Skipped 
 79  K3P           7637.303     19  15312.607    15313.382    15405.854
 80  K3P+I         7342.808     20  14725.616    14726.474    14823.771
 81  K3P+G4        7247.358     20  14534.716    14535.574    14632.871
 82  K3P+I+G4      7247.616     21  14537.232    14538.177    14640.295
 83  K3P+R2        7255.795     21  14553.590    14554.535    14656.653
 84  K3P+R3        7247.102     23  14540.204    14541.335    14653.082
 85  K3P+R4        7247.069     25  14544.137    14545.472    14666.831
 86  K3P+R5        Skipped 
 87  K3P+R6        Skipped 
 88  K3P+R7        Skipped 
 89  K3P+R8        Skipped 
 90  K3P+R9        Skipped 
 91  K3P+R10       Skipped 
 92  K3Pu          7497.481     22  15038.961    15039.997    15146.932
 93  K3Pu+I        7203.986     23  14453.971    14455.102    14566.849
 94  K3Pu+G4       7090.813     23  14227.626    14228.757    14340.504
 95  K3Pu+I+G4     7091.296     24  14230.591    14231.822    14348.377
 96  K3Pu+R2       7104.084     24  14256.168    14257.399    14373.954
 97  K3Pu+R3       7090.879     26  14233.758    14235.201    14361.360
 98  K3Pu+R4       7090.778     28  14237.556    14239.228    14374.973
 99  K3Pu+R5       Skipped 
100  K3Pu+R6       Skipped 
101  K3Pu+R7       Skipped 
102  K3Pu+R8       Skipped 
103  K3Pu+R9       Skipped 
104  K3Pu+R10      Skipped 
105  TPM2          7498.577     22  15041.153    15042.189    15149.124
106  TPM2+I        7200.299     23  14446.599    14447.730    14559.477
107  TPM2+G4       7096.037     23  14238.074    14239.205    14350.952
108  TPM2+I+G4     7096.298     24  14240.597    14241.828    14358.383
109  TPM2+R2       7106.586     24  14261.173    14262.404    14378.959
110  TPM2+R3       7095.908     26  14243.815    14245.258    14371.417
111  TPM2+R4       7095.888     28  14247.776    14249.448    14385.193
112  TPM2+R5       Skipped 
113  TPM2+R6       Skipped 
114  TPM2+R7       Skipped 
115  TPM2+R8       Skipped 
116  TPM2+R9       Skipped 
117  TPM2+R10      Skipped 
118  TPM2u         7498.554     22  15041.109    15042.144    15149.079
119  TPM2u+I       7200.297     23  14446.595    14447.726    14559.473
120  TPM2u+G4      7096.037     23  14238.074    14239.206    14350.953
121  TPM2u+I+G4    7096.281     24  14240.561    14241.792    14358.348
122  TPM2u+R2      7106.591     24  14261.183    14262.413    14378.969
123  TPM2u+R3      7095.911     26  14243.822    14245.265    14371.424
124  TPM2u+R4      7095.883     28  14247.765    14249.438    14385.182
125  TPM2u+R5      Skipped 
126  TPM2u+R6      Skipped 
127  TPM2u+R7      Skipped 
128  TPM2u+R8      Skipped 
129  TPM2u+R9      Skipped 
130  TPM2u+R10     Skipped 
131  TPM3          7499.147     22  15042.293    15043.329    15150.264
132  TPM3+I        7206.092     23  14458.185    14459.316    14571.063
133  TPM3+G4       7096.997     23  14239.994    14241.126    14352.873
134  TPM3+I+G4     7097.135     24  14242.270    14243.501    14360.056
135  TPM3+R2       7109.992     24  14267.984    14269.215    14385.770
136  TPM3+R3       7096.857     26  14245.715    14247.158    14373.317
137  TPM3+R4       7096.813     28  14249.626    14251.299    14387.043
138  TPM3+R5       Skipped 
139  TPM3+R6       Skipped 
140  TPM3+R7       Skipped 
141  TPM3+R8       Skipped 
142  TPM3+R9       Skipped 
143  TPM3+R10      Skipped 
144  TPM3u         7499.177     22  15042.354    15043.390    15150.324
145  TPM3u+I       7206.096     23  14458.193    14459.324    14571.071
146  TPM3u+G4      7096.844     23  14239.689    14240.820    14352.567
147  TPM3u+I+G4    7097.126     24  14242.253    14243.483    14360.039
148  TPM3u+R2      7109.976     24  14267.953    14269.183    14385.739
149  TPM3u+R3      7096.846     26  14245.692    14247.135    14373.294
150  TPM3u+R4      7096.805     28  14249.610    14251.282    14387.027
151  TPM3u+R5      Skipped 
152  TPM3u+R6      Skipped 
153  TPM3u+R7      Skipped 
154  TPM3u+R8      Skipped 
155  TPM3u+R9      Skipped 
156  TPM3u+R10     Skipped 
157  TIMe          7636.542     20  15313.085    15313.943    15411.240
158  TIMe+I        7340.788     21  14723.576    14724.521    14826.639
159  TIMe+G4       7241.280     21  14524.561    14525.506    14627.624
160  TIMe+I+G4     7241.201     22  14526.403    14527.438    14634.373
161  TIMe+R2       7251.328     22  14546.656    14547.692    14654.626
162  TIMe+R3       7239.853     24  14527.706    14528.936    14645.492
163  TIMe+R4       7239.798     26  14531.597    14533.040    14659.198
164  TIMe+R5       Skipped 
165  TIMe+R6       Skipped 
166  TIMe+R7       Skipped 
167  TIMe+R8       Skipped 
168  TIMe+R9       Skipped 
169  TIMe+R10      Skipped 
170  TIM           7492.599     23  15031.199    15032.330    15144.077
171  TIM+I         7200.258     24  14448.517    14449.748    14566.303
172  TIM+G4        7090.201     24  14228.401    14229.632    14346.187
173  TIM+I+G4      7090.495     25  14230.990    14232.325    14353.684
174  TIM+R2        7102.606     25  14255.212    14256.546    14377.906
175  TIM+R3        7090.128     27  14234.255    14235.811    14366.765
176  TIM+R4        7089.990     29  14237.981    14239.775    14380.306
177  TIM+R5        Skipped 
178  TIM+R6        Skipped 
179  TIM+R7        Skipped 
180  TIM+R8        Skipped 
181  TIM+R9        Skipped 
182  TIM+R10       Skipped 
183  TIM2e         7616.995     20  15273.990    15274.848    15372.145
184  TIM2e+I       7314.337     21  14670.674    14671.619    14773.737
185  TIM2e+G4      7207.420     21  14456.840    14457.785    14559.903
186  TIM2e+I+G4    7207.152     22  14458.304    14459.340    14566.275
187  TIM2e+R2      7220.280     22  14484.560    14485.596    14592.531
188  TIM2e+R3      7204.911     24  14457.822    14459.052    14575.608
189  TIM2e+R4      7204.925     26  14461.850    14463.293    14589.452
190  TIM2e+R5      Skipped 
191  TIM2e+R6      Skipped 
192  TIM2e+R7      Skipped 
193  TIM2e+R8      Skipped 
194  TIM2e+R9      Skipped 
195  TIM2e+R10     Skipped 
196  TIM2          7493.984     23  15033.967    15035.099    15146.846
197  TIM2+I        7197.472     24  14442.944    14444.174    14560.730
198  TIM2+G4       7094.938     24  14237.876    14239.106    14355.662
199  TIM2+I+G4     7095.149     25  14240.297    14241.632    14362.991
200  TIM2+R2       7104.897     25  14259.794    14261.129    14382.488
201  TIM2+R3       7094.646     27  14243.292    14244.848    14375.802
202  TIM2+R4       7094.596     29  14247.192    14248.986    14389.517
203  TIM2+R5       Skipped 
204  TIM2+R6       Skipped 
205  TIM2+R7       Skipped 
206  TIM2+R8       Skipped 
207  TIM2+R9       Skipped 
208  TIM2+R10      Skipped 
209  TIM3e         7638.026     20  15316.051    15316.909    15414.206
210  TIM3e+I       7342.540     21  14727.080    14728.024    14830.142
211  TIM3e+G4      7245.136     21  14532.271    14533.216    14635.334
212  TIM3e+I+G4    7244.952     22  14533.904    14534.940    14641.875
213  TIM3e+R2      7255.170     22  14554.339    14555.375    14662.310
214  TIM3e+R3      7243.389     24  14534.778    14536.009    14652.564
215  TIM3e+R4      7243.362     26  14538.724    14540.167    14666.326
216  TIM3e+R5      Skipped 
217  TIM3e+R6      Skipped 
218  TIM3e+R7      Skipped 
219  TIM3e+R8      Skipped 
220  TIM3e+R9      Skipped 
221  TIM3e+R10     Skipped 
222  TIM3          7493.990     23  15033.981    15035.112    15146.859
223  TIM3+I        7202.227     24  14452.454    14453.684    14570.240
224  TIM3+G4       7096.118     24  14240.235    14241.466    14358.021
225  TIM3+I+G4     7096.639     25  14243.279    14244.613    14365.972
226  TIM3+R2       7108.033     25  14266.066    14267.401    14388.760
227  TIM3+R3       7095.902     27  14245.803    14247.359    14378.312
228  TIM3+R4       7095.887     29  14249.775    14251.568    14392.099
229  TIM3+R5       Skipped 
230  TIM3+R6       Skipped 
231  TIM3+R7       Skipped 
232  TIM3+R8       Skipped 
233  TIM3+R9       Skipped 
234  TIM3+R10      Skipped 
235  TVMe          7614.315     21  15270.631    15271.575    15373.694
236  TVMe+I        7312.198     22  14668.396    14669.432    14776.367
237  TVMe+G4       7206.709     22  14457.417    14458.453    14565.388
238  TVMe+I+G4     7206.627     23  14459.253    14460.384    14572.131
239  TVMe+R2       7217.921     23  14481.841    14482.973    14594.720
240  TVMe+R3       7205.103     25  14460.207    14461.542    14582.901
241  TVMe+R4       7205.117     27  14464.234    14465.789    14596.743
242  TVMe+R5       Skipped 
243  TVMe+R6       Skipped 
244  TVMe+R7       Skipped 
245  TVMe+R8       Skipped 
246  TVMe+R9       Skipped 
247  TVMe+R10      Skipped 
248  TVM           7490.460     24  15028.921    15030.152    15146.707
249  TVM+I         7191.754     25  14433.507    14434.842    14556.201
250  TVM+G4        7082.562     25  14215.123    14216.458    14337.817
251  TVM+I+G4      7083.005     26  14218.009    14219.452    14345.611
252  TVM+R2        7092.762     26  14237.524    14238.967    14365.126
253  TVM+R3        7082.419     28  14220.839    14222.511    14358.256
254  TVM+R4        7082.491     30  14224.982    14226.901    14372.214
255  TVM+R5        Skipped 
256  TVM+R6        Skipped 
257  TVM+R7        Skipped 
258  TVM+R8        Skipped 
259  TVM+R9        Skipped 
260  TVM+R10       Skipped 
261  SYM           7613.445     22  15270.890    15271.926    15378.860
262  SYM+I         7309.906     23  14665.812    14666.944    14778.691
263  SYM+G4        7198.438     23  14442.876    14444.008    14555.755
264  SYM+I+G4      7198.251     24  14444.503    14445.734    14562.289
265  SYM+R2        7212.390     24  14472.780    14474.011    14590.566
266  SYM+R3        7196.271     26  14444.543    14445.986    14572.145
267  SYM+R4        7196.264     28  14448.527    14450.200    14585.944
268  SYM+R5        Skipped 
269  SYM+R6        Skipped 
270  SYM+R7        Skipped 
271  SYM+R8        Skipped 
272  SYM+R9        Skipped 
273  SYM+R10       Skipped 
274  GTR           7485.266     25  15020.532    15021.866    15143.226
275  GTR+I         7188.697     26  14429.393    14430.836    14556.995
276  GTR+G4        7081.355     26  14214.710    14216.153    14342.311
277  GTR+I+G4      7081.508     27  14217.016    14218.571    14349.525
278  GTR+R2        7090.832     27  14235.664    14237.220    14368.174
279  GTR+R3        7080.721     29  14219.442    14221.236    14361.767
280  GTR+R4        7080.731     31  14223.461    14225.511    14375.602
281  GTR+R5        Skipped 
282  GTR+R6        Skipped 
283  GTR+R7        Skipped 
284  GTR+R8        Skipped 
285  GTR+R9        Skipped 
286  GTR+R10       Skipped 
Akaike Information Criterion:           GTR+G4
Corrected Akaike Information Criterion: GTR+G4
Bayesian Information Criterion:         TVM+G4
Best-fit model: TVM+G4 chosen according to BIC

All model information printed to ./results/gene5.phy.model
CPU time for ModelFinder: 16.774 seconds (0h:0m:16s)
Wall-clock time for ModelFinder: 18.179 seconds (0h:0m:18s)
Generating 1000 samples for ultrafast bootstrap (seed: 979448)...

NOTE: 2 MB RAM (0 GB) is required!
Estimate model parameters (epsilon = 0.100)
1. Initial log-likelihood: -7370.681
2. Current log-likelihood: -7126.682
3. Current log-likelihood: -7107.239
4. Current log-likelihood: -7092.381
5. Current log-likelihood: -7084.291
6. Current log-likelihood: -7084.016
Optimal log-likelihood: -7083.978
Rate parameters:  A-C: 2.067  A-G: 4.592  A-T: 0.810  C-G: 0.314  C-T: 4.592  G-T: 1.000
Base frequencies:   A: 0.406  C: 0.161  G: 0.211  T: 0.222
Gamma shape alpha: 0.469
Parameters optimization took 6 rounds (0.118 sec)
Computing ML distances based on estimated model parameters... 0.002 sec
Computing BIONJ tree...
0.000 seconds
Log-likelihood of BIONJ tree: -7080.736
--------------------------------------------------------------------
|             INITIALIZING CANDIDATE TREE SET                      |
--------------------------------------------------------------------
Generating 98 parsimony trees... 0.079 second
Computing log-likelihood of 92 initial trees ... 0.421 seconds
Current best score: -7080.736

Do NNI search on 20 best initial trees
Estimate model parameters (epsilon = 0.100)
BETTER TREE FOUND at iteration 1: -7078.658
Estimate model parameters (epsilon = 0.100)
BETTER TREE FOUND at iteration 2: -7077.947
BETTER TREE FOUND at iteration 5: -7077.947
Iteration 10 / LogL: -7078.084 / Time: 0h:0m:19s
Estimate model parameters (epsilon = 0.100)
BETTER TREE FOUND at iteration 19: -7077.485
WARNING: NNI search needs unusual large number of steps (7) to converge!
Iteration 20 / LogL: -7077.948 / Time: 0h:0m:20s
Finish initializing candidate tree set (10)
Current best tree score: -7077.485 / CPU time: 2.167
Number of iterations: 20
--------------------------------------------------------------------
|               OPTIMIZING CANDIDATE TREE SET                      |
--------------------------------------------------------------------
BETTER TREE FOUND at iteration 21: -7077.485
UPDATE BEST LOG-LIKELIHOOD: -7077.485
UPDATE BEST LOG-LIKELIHOOD: -7077.485
Iteration 30 / LogL: -7077.485 / Time: 0h:0m:20s (0h:0m:8s left)
UPDATE BEST LOG-LIKELIHOOD: -7077.485
UPDATE BEST LOG-LIKELIHOOD: -7077.485
Iteration 40 / LogL: -7077.485 / Time: 0h:0m:20s (0h:0m:5s left)
UPDATE BEST LOG-LIKELIHOOD: -7077.485
Iteration 50 / LogL: -7077.485 / Time: 0h:0m:21s (0h:0m:4s left)
Log-likelihood cutoff on original alignment: -7086.521
UPDATE BEST LOG-LIKELIHOOD: -7077.485
UPDATE BEST LOG-LIKELIHOOD: -7077.485
Iteration 60 / LogL: -7077.485 / Time: 0h:0m:21s (0h:0m:3s left)
UPDATE BEST LOG-LIKELIHOOD: -7077.485
Iteration 70 / LogL: -7080.145 / Time: 0h:0m:21s (0h:0m:2s left)
UPDATE BEST LOG-LIKELIHOOD: -7077.485
Iteration 80 / LogL: -7077.485 / Time: 0h:0m:21s (0h:0m:1s left)
Iteration 90 / LogL: -7077.485 / Time: 0h:0m:22s (0h:0m:1s left)
Iteration 100 / LogL: -7077.485 / Time: 0h:0m:22s (0h:0m:0s left)
Log-likelihood cutoff on original alignment: -7086.521
NOTE: Bootstrap correlation coefficient of split occurrence frequencies: 0.976
NOTE: UFBoot does not converge, continue at least 100 more iterations
UPDATE BEST LOG-LIKELIHOOD: -7077.485
Iteration 110 / LogL: -7077.485 / Time: 0h:0m:22s (0h:0m:3s left)
UPDATE BEST LOG-LIKELIHOOD: -7077.485
UPDATE BEST LOG-LIKELIHOOD: -7077.485
Iteration 120 / LogL: -7077.485 / Time: 0h:0m:23s (0h:0m:3s left)
UPDATE BEST LOG-LIKELIHOOD: -7077.485
Iteration 130 / LogL: -7077.485 / Time: 0h:0m:23s (0h:0m:2s left)
Iteration 140 / LogL: -7077.485 / Time: 0h:0m:24s (0h:0m:2s left)
UPDATE BEST LOG-LIKELIHOOD: -7077.485
Iteration 150 / LogL: -7078.353 / Time: 0h:0m:24s (0h:0m:2s left)
Log-likelihood cutoff on original alignment: -7086.521
UPDATE BEST LOG-LIKELIHOOD: -7077.485
Iteration 160 / LogL: -7077.485 / Time: 0h:0m:24s (0h:0m:1s left)
UPDATE BEST LOG-LIKELIHOOD: -7077.485
Iteration 170 / LogL: -7080.145 / Time: 0h:0m:25s (0h:0m:1s left)
UPDATE BEST LOG-LIKELIHOOD: -7077.485
UPDATE BEST LOG-LIKELIHOOD: -7077.485
Iteration 180 / LogL: -7077.485 / Time: 0h:0m:25s (0h:0m:0s left)
UPDATE BEST LOG-LIKELIHOOD: -7077.485
Iteration 190 / LogL: -7077.485 / Time: 0h:0m:26s (0h:0m:0s left)
Iteration 200 / LogL: -7077.485 / Time: 0h:0m:26s (0h:0m:0s left)
Log-likelihood cutoff on original alignment: -7086.521
NOTE: Bootstrap correlation coefficient of split occurrence frequencies: 0.993
TREE SEARCH COMPLETED AFTER 200 ITERATIONS / Time: 0h:0m:26s

--------------------------------------------------------------------
|                    FINALIZING TREE SEARCH                        |
--------------------------------------------------------------------
Performs final model parameters optimization
Estimate model parameters (epsilon = 0.010)
1. Initial log-likelihood: -7077.485
Optimal log-likelihood: -7077.485
Rate parameters:  A-C: 2.080  A-G: 4.589  A-T: 0.804  C-G: 0.320  C-T: 4.589  G-T: 1.000
Base frequencies:   A: 0.406  C: 0.161  G: 0.211  T: 0.222
Gamma shape alpha: 0.473
Parameters optimization took 1 rounds (0.007 sec)
BEST SCORE FOUND : -7077.485
Creating bootstrap support values...
Split supports printed to NEXUS file ./results/gene5.phy.splits.nex
Total tree length: 3.168

Total number of iterations: 200
CPU time used for tree search: 8.115 sec (0h:0m:8s)
Wall-clock time used for tree search: 8.185 sec (0h:0m:8s)
Total CPU time used: 25.069 sec (0h:0m:25s)
Total wall-clock time used: 26.549 sec (0h:0m:26s)

Computing bootstrap consensus tree...
Reading input file ./results/gene5.phy.splits.nex...
10 taxa and 130 splits.
Consensus tree written to ./results/gene5.phy.contree
Reading input trees file ./results/gene5.phy.contree
Log-likelihood of consensus tree: -7077.485

Analysis results written to: 
  IQ-TREE report:                ./results/gene5.phy.iqtree
  Maximum-likelihood tree:       ./results/gene5.phy.treefile
  Likelihood distances:          ./results/gene5.phy.mldist

Ultrafast bootstrap approximation results written to:
  Split support values:          ./results/gene5.phy.splits.nex
  Consensus tree:                ./results/gene5.phy.contree
  Screen log file:               ./results/gene5.phy.log

Date and Time: Tue Aug 22 17:29:43 2017
