IQ-TREE multicore version 1.5.4 for Linux 64-bit built Apr  2 2017
Copyright (c) 2011-2017 by Bui Quang Minh, Nguyen Lam Tung,
Olga Chernomor, Heiko Schmidt, and Arndt von Haeseler.

Host:    hpc-crick (AVX, 251 GB RAM)
Command: iqtree -s ./results/gene9.phy -nt 1 -bb 1000
Seed:    243406 (Using SPRNG - Scalable Parallel Random Number Generator)
Time:    Tue Aug 22 17:30:47 2017
Kernel:  AVX - 1 threads (40 CPU cores detected)

Reading alignment file ./results/gene9.phy ... Phylip format detected
Alignment most likely contains DNA/RNA sequences
Alignment has 10 sequences with 1000 columns and 502 patterns (356 informative sites, 363 constant sites)
   Gap/Ambiguity  Composition  p-value
   1  A    0.00%    passed     97.08%
   2  B    0.00%    passed     83.32%
   3  C    0.00%    passed     88.01%
   4  D    0.00%    passed     90.33%
   5  E    0.00%    passed     96.59%
   6  F    0.00%    passed     90.59%
   7  G    0.00%    passed     98.82%
   8  H    0.00%    passed     94.45%
   9  I    0.00%    passed     73.95%
  10  J    0.00%    passed     77.53%
****  TOTAL    0.00%  0 sequences failed composition chi2 test (p-value<5%; df=3)

Create initial parsimony tree by phylogenetic likelihood library (PLL)... 0.002 seconds

NOTE: ModelFinder requires 3 MB RAM!
ModelFinder will test 286 DNA models (sample size: 1000) ...
 No. Model         -LnL         df  AIC          AICc         BIC
  1  JC            7720.323     17  15474.646    15475.269    15558.078
  2  JC+I          7500.843     18  15037.685    15038.382    15126.025
  3  JC+G4         7423.625     18  14883.249    14883.946    14971.589
  4  JC+I+G4       7424.127     19  14886.255    14887.030    14979.502
  5  JC+R2         7429.167     19  14896.333    14897.109    14989.580
  6  JC+R3         7423.313     21  14888.627    14889.572    14991.690
  7  JC+R4         Skipped 
  8  JC+R5         Skipped 
  9  JC+R6         Skipped 
 10  JC+R7         Skipped 
 11  JC+R8         Skipped 
 12  JC+R9         Skipped 
 13  JC+R10        Skipped 
 14  F81           7607.738     20  15255.476    15256.334    15353.631
 15  F81+I         7383.733     21  14809.467    14810.411    14912.529
 16  F81+G4        7298.624     21  14639.247    14640.192    14742.310
 17  F81+I+G4      7299.156     22  14642.312    14643.348    14750.283
 18  F81+R2        7304.516     22  14653.032    14654.068    14761.003
 19  F81+R3        7298.355     24  14644.710    14645.941    14762.496
 20  F81+R4        Skipped 
 21  F81+R5        Skipped 
 22  F81+R6        Skipped 
 23  F81+R7        Skipped 
 24  F81+R8        Skipped 
 25  F81+R9        Skipped 
 26  F81+R10       Skipped 
 27  K2P           7580.223     18  15196.446    15197.143    15284.786
 28  K2P+I         7351.946     19  14741.891    14742.667    14835.138
 29  K2P+G4        7255.102     19  14548.203    14548.979    14641.450
 30  K2P+I+G4      7255.539     20  14551.078    14551.936    14649.233
 31  K2P+R2        7264.294     20  14568.588    14569.446    14666.743
 32  K2P+R3        7252.276     22  14548.553    14549.588    14656.523
 33  K2P+R4        7252.137     24  14552.274    14553.505    14670.060
 34  K2P+R5        Skipped 
 35  K2P+R6        Skipped 
 36  K2P+R7        Skipped 
 37  K2P+R8        Skipped 
 38  K2P+R9        Skipped 
 39  K2P+R10       Skipped 
 40  HKY           7465.919     21  14973.837    14974.782    15076.900
 41  HKY+I         7238.215     22  14520.430    14521.465    14628.400
 42  HKY+G4        7119.558     22  14283.115    14284.151    14391.086
 43  HKY+I+G4      7120.041     23  14286.081    14287.213    14398.960
 44  HKY+R2        7127.164     23  14300.328    14301.460    14413.207
 45  HKY+R3        7116.824     25  14283.647    14284.982    14406.341
 46  HKY+R4        7116.558     27  14287.115    14288.671    14419.625
 47  HKY+R5        Skipped 
 48  HKY+R6        Skipped 
 49  HKY+R7        Skipped 
 50  HKY+R8        Skipped 
 51  HKY+R9        Skipped 
 52  HKY+R10       Skipped 
 53  TNe           7579.855     19  15197.711    15198.486    15290.958
 54  TNe+I         7351.934     20  14743.869    14744.727    14842.024
 55  TNe+G4        7251.848     20  14543.696    14544.554    14641.851
 56  TNe+I+G4      7252.044     21  14546.088    14547.033    14649.151
 57  TNe+R2        7261.706     21  14565.411    14566.356    14668.474
 58  TNe+R3        7247.119     23  14540.238    14541.369    14653.116
 59  TNe+R4        7247.015     25  14544.030    14545.365    14666.724
 60  TNe+R5        Skipped 
 61  TNe+R6        Skipped 
 62  TNe+R7        Skipped 
 63  TNe+R8        Skipped 
 64  TNe+R9        Skipped 
 65  TNe+R10       Skipped 
 66  TN            7460.714     22  14965.428    14966.464    15073.399
 67  TN+I          7230.001     23  14506.003    14507.134    14618.881
 68  TN+G4         7118.546     23  14283.091    14284.223    14395.970
 69  TN+I+G4       7118.731     24  14285.462    14286.692    14403.248
 70  TN+R2         7125.918     24  14299.835    14301.066    14417.621
 71  TN+R3         7116.264     26  14284.527    14285.970    14412.129
 72  TN+R4         7116.054     28  14288.107    14289.780    14425.524
 73  TN+R5         Skipped 
 74  TN+R6         Skipped 
 75  TN+R7         Skipped 
 76  TN+R8         Skipped 
 77  TN+R9         Skipped 
 78  TN+R10        Skipped 
 79  K3P           7576.551     19  15191.102    15191.878    15284.350
 80  K3P+I         7347.055     20  14734.111    14734.969    14832.266
 81  K3P+G4        7248.256     20  14536.512    14537.370    14634.668
 82  K3P+I+G4      7248.409     21  14538.818    14539.763    14641.881
 83  K3P+R2        7257.326     21  14556.652    14557.596    14659.714
 84  K3P+R3        7245.702     23  14537.404    14538.535    14650.283
 85  K3P+R4        7245.528     25  14541.056    14542.390    14663.750
 86  K3P+R5        Skipped 
 87  K3P+R6        Skipped 
 88  K3P+R7        Skipped 
 89  K3P+R8        Skipped 
 90  K3P+R9        Skipped 
 91  K3P+R10       Skipped 
 92  K3Pu          7453.312     22  14950.623    14951.659    15058.594
 93  K3Pu+I        7226.538     23  14499.075    14500.206    14611.953
 94  K3Pu+G4       7102.316     23  14250.632    14251.763    14363.510
 95  K3Pu+I+G4     7102.774     24  14253.549    14254.780    14371.335
 96  K3Pu+R2       7109.071     24  14266.142    14267.373    14383.928
 97  K3Pu+R3       7099.882     26  14251.763    14253.206    14379.365
 98  K3Pu+R4       7099.590     28  14255.181    14256.853    14392.598
 99  K3Pu+R5       Skipped 
100  K3Pu+R6       Skipped 
101  K3Pu+R7       Skipped 
102  K3Pu+R8       Skipped 
103  K3Pu+R9       Skipped 
104  K3Pu+R10      Skipped 
105  TPM2          7457.285     22  14958.569    14959.605    15066.540
106  TPM2+I        7227.939     23  14501.878    14503.009    14614.756
107  TPM2+G4       7117.656     23  14281.313    14282.444    14394.191
108  TPM2+I+G4     7117.896     24  14283.792    14285.023    14401.578
109  TPM2+R2       7124.935     24  14297.871    14299.101    14415.657
110  TPM2+R3       7114.694     26  14281.389    14282.832    14408.990
111  TPM2+R4       7114.480     28  14284.961    14286.633    14422.378
112  TPM2+R5       Skipped 
113  TPM2+R6       Skipped 
114  TPM2+R7       Skipped 
115  TPM2+R8       Skipped 
116  TPM2+R9       Skipped 
117  TPM2+R10      Skipped 
118  TPM2u         7457.293     22  14958.586    14959.622    15066.557
119  TPM2u+I       7227.922     23  14501.843    14502.975    14614.722
120  TPM2u+G4      7117.668     23  14281.336    14282.467    14394.215
121  TPM2u+I+G4    7117.879     24  14283.759    14284.990    14401.545
122  TPM2u+R2      7124.956     24  14297.913    14299.144    14415.699
123  TPM2u+R3      7114.673     26  14281.347    14282.790    14408.948
124  TPM2u+R4      7114.476     28  14284.952    14286.625    14422.369
125  TPM2u+R5      Skipped 
126  TPM2u+R6      Skipped 
127  TPM2u+R7      Skipped 
128  TPM2u+R8      Skipped 
129  TPM2u+R9      Skipped 
130  TPM2u+R10     Skipped 
131  TPM3          7453.442     22  14950.884    14951.920    15058.854
132  TPM3+I        7232.255     23  14510.510    14511.641    14623.388
133  TPM3+G4       7110.172     23  14266.344    14267.475    14379.223
134  TPM3+I+G4     7110.572     24  14269.144    14270.374    14386.930
135  TPM3+R2       7115.787     24  14279.573    14280.804    14397.359
136  TPM3+R3       7107.546     26  14267.091    14268.534    14394.693
137  TPM3+R4       7107.358     28  14270.716    14272.388    14408.133
138  TPM3+R5       Skipped 
139  TPM3+R6       Skipped 
140  TPM3+R7       Skipped 
141  TPM3+R8       Skipped 
142  TPM3+R9       Skipped 
143  TPM3+R10      Skipped 
144  TPM3u         7453.428     22  14950.856    14951.892    15058.827
145  TPM3u+I       7232.261     23  14510.522    14511.653    14623.400
146  TPM3u+G4      7110.176     23  14266.351    14267.483    14379.230
147  TPM3u+I+G4    7110.546     24  14269.091    14270.322    14386.877
148  TPM3u+R2      7115.784     24  14279.569    14280.800    14397.355
149  TPM3u+R3      7107.535     26  14267.071    14268.514    14394.673
150  TPM3u+R4      7107.340     28  14270.679    14272.352    14408.096
151  TPM3u+R5      Skipped 
152  TPM3u+R6      Skipped 
153  TPM3u+R7      Skipped 
154  TPM3u+R8      Skipped 
155  TPM3u+R9      Skipped 
156  TPM3u+R10     Skipped 
157  TIMe          7576.195     20  15192.390    15193.248    15290.545
158  TIMe+I        7347.059     21  14736.119    14737.063    14839.181
159  TIMe+G4       7244.940     21  14531.880    14532.825    14634.943
160  TIMe+I+G4     7245.061     22  14534.123    14535.159    14642.094
161  TIMe+R2       7254.646     22  14553.291    14554.327    14661.262
162  TIMe+R3       7240.574     24  14529.148    14530.379    14646.934
163  TIMe+R4       7240.356     26  14532.712    14534.155    14660.314
164  TIMe+R5       Skipped 
165  TIMe+R6       Skipped 
166  TIMe+R7       Skipped 
167  TIMe+R8       Skipped 
168  TIMe+R9       Skipped 
169  TIMe+R10      Skipped 
170  TIM           7447.737     23  14941.474    14942.605    15054.352
171  TIM+I         7218.267     24  14484.535    14485.765    14602.321
172  TIM+G4        7101.481     24  14250.963    14252.193    14368.749
173  TIM+I+G4      7101.712     25  14253.423    14254.758    14376.117
174  TIM+R2        7108.056     25  14266.111    14267.446    14388.805
175  TIM+R3        7099.456     27  14252.912    14254.467    14385.421
176  TIM+R4        7099.200     29  14256.400    14258.194    14398.725
177  TIM+R5        Skipped 
178  TIM+R6        Skipped 
179  TIM+R7        Skipped 
180  TIM+R8        Skipped 
181  TIM+R9        Skipped 
182  TIM+R10       Skipped 
183  TIM2e         7552.801     20  15145.603    15146.461    15243.758
184  TIM2e+I       7321.343     21  14684.686    14685.631    14787.749
185  TIM2e+G4      7219.233     21  14480.467    14481.411    14583.529
186  TIM2e+I+G4    7219.282     22  14482.563    14483.599    14590.534
187  TIM2e+R2      7231.438     22  14506.876    14507.912    14614.846
188  TIM2e+R3      7214.464     24  14476.927    14478.158    14594.713
189  TIM2e+R4      7214.365     26  14480.730    14482.173    14608.332
190  TIM2e+R5      Skipped 
191  TIM2e+R6      Skipped 
192  TIM2e+R7      Skipped 
193  TIM2e+R8      Skipped 
194  TIM2e+R9      Skipped 
195  TIM2e+R10     Skipped 
196  TIM2          7451.736     23  14949.472    14950.604    15062.351
197  TIM2+I        7219.717     24  14487.434    14488.665    14605.220
198  TIM2+G4       7115.908     24  14279.815    14281.046    14397.601
199  TIM2+I+G4     7116.035     25  14282.069    14283.404    14404.763
200  TIM2+R2       7123.267     25  14296.535    14297.869    14419.229
201  TIM2+R3       7113.999     27  14281.998    14283.554    14414.507
202  TIM2+R4       7113.261     29  14284.521    14286.315    14426.846
203  TIM2+R5       Skipped 
204  TIM2+R6       Skipped 
205  TIM2+R7       Skipped 
206  TIM2+R8       Skipped 
207  TIM2+R9       Skipped 
208  TIM2+R10      Skipped 
209  TIM3e         7579.135     20  15198.270    15199.128    15296.425
210  TIM3e+I       7351.898     21  14745.796    14746.741    14848.859
211  TIM3e+G4      7251.347     21  14544.693    14545.638    14647.756
212  TIM3e+I+G4    7251.452     22  14546.904    14547.940    14654.874
213  TIM3e+R2      7260.839     22  14565.678    14566.714    14673.649
214  TIM3e+R3      7246.701     24  14541.402    14542.632    14659.188
215  TIM3e+R4      7246.347     26  14544.694    14546.137    14672.296
216  TIM3e+R5      Skipped 
217  TIM3e+R6      Skipped 
218  TIM3e+R7      Skipped 
219  TIM3e+R8      Skipped 
220  TIM3e+R9      Skipped 
221  TIM3e+R10     Skipped 
222  TIM3          7446.771     23  14939.543    14940.674    15052.421
223  TIM3+I        7224.002     24  14496.005    14497.236    14613.791
224  TIM3+G4       7108.754     24  14265.508    14266.738    14383.294
225  TIM3+I+G4     7108.841     25  14267.683    14269.017    14390.377
226  TIM3+R2       7114.353     25  14278.706    14280.040    14401.400
227  TIM3+R3       7107.039     27  14268.078    14269.633    14400.587
228  TIM3+R4       7106.422     29  14270.844    14272.638    14413.169
229  TIM3+R5       Skipped 
230  TIM3+R6       Skipped 
231  TIM3+R7       Skipped 
232  TIM3+R8       Skipped 
233  TIM3+R9       Skipped 
234  TIM3+R10      Skipped 
235  TVMe          7546.024     21  15134.047    15134.992    15237.110
236  TVMe+I        7312.477     22  14668.953    14669.989    14776.924
237  TVMe+G4       7212.038     22  14468.077    14469.113    14576.048
238  TVMe+I+G4     7212.050     23  14470.100    14471.231    14582.979
239  TVMe+R2       7223.094     23  14492.189    14493.320    14605.067
240  TVMe+R3       7208.890     25  14467.781    14469.115    14590.474
241  TVMe+R4       7208.495     27  14470.990    14472.545    14603.499
242  TVMe+R5       Skipped 
243  TVMe+R6       Skipped 
244  TVMe+R7       Skipped 
245  TVMe+R8       Skipped 
246  TVMe+R9       Skipped 
247  TVMe+R10      Skipped 
248  TVM           7435.376     24  14918.752    14919.983    15036.539
249  TVM+I         7211.064     25  14472.129    14473.463    14594.823
250  TVM+G4        7094.760     25  14239.521    14240.855    14362.215
251  TVM+I+G4      7095.021     26  14242.042    14243.485    14369.643
252  TVM+R2        7100.629     26  14253.259    14254.702    14380.860
253  TVM+R3        7092.771     28  14241.542    14243.215    14378.959
254  TVM+R4        7091.897     30  14243.794    14245.713    14391.026
255  TVM+R5        Skipped 
256  TVM+R6        Skipped 
257  TVM+R7        Skipped 
258  TVM+R8        Skipped 
259  TVM+R9        Skipped 
260  TVM+R10       Skipped 
261  SYM           7545.610     22  15135.220    15136.255    15243.190
262  SYM+I         7312.522     23  14671.043    14672.175    14783.922
263  SYM+G4        7208.092     23  14462.185    14463.316    14575.063
264  SYM+I+G4      7208.125     24  14464.249    14465.480    14582.035
265  SYM+R2        7220.779     24  14489.558    14490.788    14607.344
266  SYM+R3        7203.274     26  14458.549    14459.992    14586.150
267  SYM+R4        7203.259     28  14462.518    14464.191    14599.935
268  SYM+R5        Skipped 
269  SYM+R6        Skipped 
270  SYM+R7        Skipped 
271  SYM+R8        Skipped 
272  SYM+R9        Skipped 
273  SYM+R10       Skipped 
274  GTR           7428.299     25  14906.598    14907.933    15029.292
275  GTR+I         7202.769     26  14457.538    14458.981    14585.140
276  GTR+G4        7092.514     26  14237.029    14238.472    14364.630
277  GTR+I+G4      7092.706     27  14239.413    14240.968    14371.922
278  GTR+R2        7098.432     27  14250.864    14252.420    14383.374
279  GTR+R3        7091.371     29  14240.742    14242.535    14383.066
280  GTR+R4        7091.233     31  14244.466    14246.516    14396.607
281  GTR+R5        Skipped 
282  GTR+R6        Skipped 
283  GTR+R7        Skipped 
284  GTR+R8        Skipped 
285  GTR+R9        Skipped 
286  GTR+R10       Skipped 
Akaike Information Criterion:           GTR+G4
Corrected Akaike Information Criterion: GTR+G4
Bayesian Information Criterion:         TVM+G4
Best-fit model: TVM+G4 chosen according to BIC

All model information printed to ./results/gene9.phy.model
CPU time for ModelFinder: 13.330 seconds (0h:0m:13s)
Wall-clock time for ModelFinder: 20.137 seconds (0h:0m:20s)
Generating 1000 samples for ultrafast bootstrap (seed: 243406)...

NOTE: 2 MB RAM (0 GB) is required!
Estimate model parameters (epsilon = 0.100)
1. Initial log-likelihood: -7343.002
2. Current log-likelihood: -7214.013
3. Current log-likelihood: -7153.903
4. Current log-likelihood: -7149.790
5. Current log-likelihood: -7149.553
Optimal log-likelihood: -7149.518
Rate parameters:  A-C: 54.042  A-G: 99.487  A-T: 24.440  C-G: 21.505  C-T: 99.487  G-T: 1.000
Base frequencies:   A: 0.387  C: 0.153  G: 0.213  T: 0.248
Gamma shape alpha: 0.513
Parameters optimization took 5 rounds (0.178 sec)
Computing ML distances based on estimated model parameters... 0.002 sec
Computing BIONJ tree...
0.000 seconds
Log-likelihood of BIONJ tree: -7150.720
--------------------------------------------------------------------
|             INITIALIZING CANDIDATE TREE SET                      |
--------------------------------------------------------------------
Generating 98 parsimony trees... 0.130 second
Computing log-likelihood of 96 initial trees ... 0.746 seconds
Current best score: -7147.924

Do NNI search on 20 best initial trees
Estimate model parameters (epsilon = 0.100)
BETTER TREE FOUND at iteration 1: -7144.059
UPDATE BEST LOG-LIKELIHOOD: -7144.058
Iteration 10 / LogL: -7145.270 / Time: 0h:0m:22s
UPDATE BEST LOG-LIKELIHOOD: -7144.058
Iteration 20 / LogL: -7145.278 / Time: 0h:0m:23s
Finish initializing candidate tree set (6)
Current best tree score: -7144.058 / CPU time: 2.796
Number of iterations: 20
--------------------------------------------------------------------
|               OPTIMIZING CANDIDATE TREE SET                      |
--------------------------------------------------------------------
Iteration 30 / LogL: -7144.435 / Time: 0h:0m:23s (0h:0m:9s left)
Iteration 40 / LogL: -7145.270 / Time: 0h:0m:24s (0h:0m:6s left)
UPDATE BEST LOG-LIKELIHOOD: -7144.058
UPDATE BEST LOG-LIKELIHOOD: -7144.058
Iteration 50 / LogL: -7144.421 / Time: 0h:0m:25s (0h:0m:5s left)
Log-likelihood cutoff on original alignment: -7154.991
Iteration 60 / LogL: -7144.423 / Time: 0h:0m:26s (0h:0m:4s left)
Iteration 70 / LogL: -7144.058 / Time: 0h:0m:27s (0h:0m:3s left)
Iteration 80 / LogL: -7144.060 / Time: 0h:0m:27s (0h:0m:2s left)
Iteration 90 / LogL: -7144.421 / Time: 0h:0m:28s (0h:0m:1s left)
Iteration 100 / LogL: -7144.063 / Time: 0h:0m:29s (0h:0m:0s left)
Log-likelihood cutoff on original alignment: -7154.991
NOTE: Bootstrap correlation coefficient of split occurrence frequencies: 0.995
TREE SEARCH COMPLETED AFTER 102 ITERATIONS / Time: 0h:0m:29s

--------------------------------------------------------------------
|                    FINALIZING TREE SEARCH                        |
--------------------------------------------------------------------
Performs final model parameters optimization
Estimate model parameters (epsilon = 0.010)
1. Initial log-likelihood: -7144.058
Optimal log-likelihood: -7144.051
Rate parameters:  A-C: 53.953  A-G: 99.396  A-T: 24.322  C-G: 21.462  C-T: 99.396  G-T: 1.000
Base frequencies:   A: 0.387  C: 0.153  G: 0.213  T: 0.248
Gamma shape alpha: 0.514
Parameters optimization took 1 rounds (0.012 sec)
BEST SCORE FOUND : -7144.051
Creating bootstrap support values...
Split supports printed to NEXUS file ./results/gene9.phy.splits.nex
Total tree length: 3.136

Total number of iterations: 102
CPU time used for tree search: 4.744 sec (0h:0m:4s)
Wall-clock time used for tree search: 8.867 sec (0h:0m:8s)
Total CPU time used: 18.228 sec (0h:0m:18s)
Total wall-clock time used: 29.271 sec (0h:0m:29s)

Computing bootstrap consensus tree...
Reading input file ./results/gene9.phy.splits.nex...
10 taxa and 136 splits.
Consensus tree written to ./results/gene9.phy.contree
Reading input trees file ./results/gene9.phy.contree
Log-likelihood of consensus tree: -7144.051

Analysis results written to: 
  IQ-TREE report:                ./results/gene9.phy.iqtree
  Maximum-likelihood tree:       ./results/gene9.phy.treefile
  Likelihood distances:          ./results/gene9.phy.mldist

Ultrafast bootstrap approximation results written to:
  Split support values:          ./results/gene9.phy.splits.nex
  Consensus tree:                ./results/gene9.phy.contree
  Screen log file:               ./results/gene9.phy.log

Date and Time: Tue Aug 22 17:31:16 2017
