IQ-TREE multicore version 1.5.4 for Linux 64-bit built Apr  2 2017
Copyright (c) 2011-2017 by Bui Quang Minh, Nguyen Lam Tung,
Olga Chernomor, Heiko Schmidt, and Arndt von Haeseler.

Host:    hpc-crick (AVX, 251 GB RAM)
Command: iqtree -s ./results/gene4.phy -nt 1 -bb 1000
Seed:    891414 (Using SPRNG - Scalable Parallel Random Number Generator)
Time:    Tue Aug 22 17:14:39 2017
Kernel:  AVX - 1 threads (40 CPU cores detected)

Reading alignment file ./results/gene4.phy ... Phylip format detected
Alignment most likely contains DNA/RNA sequences
Alignment has 10 sequences with 1000 columns and 402 patterns (273 informative sites, 453 constant sites)
   Gap/Ambiguity  Composition  p-value
   1  A    0.00%    passed     75.47%
   2  B    0.00%    passed     99.36%
   3  C    0.00%    passed     60.80%
   4  D    0.00%    passed     99.85%
   5  E    0.00%    passed     73.15%
   6  F    0.00%    passed     30.21%
   7  G    0.00%    passed     86.04%
   8  H    0.00%    passed     70.28%
   9  I    0.00%    passed     88.91%
  10  J    0.00%    passed     87.13%
****  TOTAL    0.00%  0 sequences failed composition chi2 test (p-value<5%; df=3)

Create initial parsimony tree by phylogenetic likelihood library (PLL)... 0.000 seconds

NOTE: ModelFinder requires 2 MB RAM!
ModelFinder will test 286 DNA models (sample size: 1000) ...
 No. Model         -LnL         df  AIC          AICc         BIC
  1  JC            6614.624     17  13263.249    13263.872    13346.680
  2  JC+I          6406.787     18  12849.574    12850.271    12937.914
  3  JC+G4         6357.586     18  12751.172    12751.869    12839.511
  4  JC+I+G4       6358.278     19  12754.556    12755.332    12847.803
  5  JC+R2         6358.654     19  12755.309    12756.084    12848.556
  6  JC+R3         6357.055     21  12756.111    12757.056    12859.174
  7  JC+R4         Skipped 
  8  JC+R5         Skipped 
  9  JC+R6         Skipped 
 10  JC+R7         Skipped 
 11  JC+R8         Skipped 
 12  JC+R9         Skipped 
 13  JC+R10        Skipped 
 14  F81           6524.107     20  13088.213    13089.071    13186.368
 15  F81+I         6317.759     21  12677.518    12678.462    12780.580
 16  F81+G4        6263.074     21  12568.147    12569.092    12671.210
 17  F81+I+G4      6263.710     22  12571.421    12572.457    12679.391
 18  F81+R2        6264.894     22  12573.788    12574.824    12681.759
 19  F81+R3        6262.056     24  12572.113    12573.344    12689.899
 20  F81+R4        Skipped 
 21  F81+R5        Skipped 
 22  F81+R6        Skipped 
 23  F81+R7        Skipped 
 24  F81+R8        Skipped 
 25  F81+R9        Skipped 
 26  F81+R10       Skipped 
 27  K2P           6472.195     18  12980.390    12981.087    13068.729
 28  K2P+I         6253.919     19  12545.839    12546.614    12639.086
 29  K2P+G4        6190.449     19  12418.897    12419.673    12512.145
 30  K2P+I+G4      6191.034     20  12422.067    12422.925    12520.222
 31  K2P+R2        6192.368     20  12424.737    12425.595    12522.892
 32  K2P+R3        6188.576     22  12421.152    12422.188    12529.122
 33  K2P+R4        Skipped 
 34  K2P+R5        Skipped 
 35  K2P+R6        Skipped 
 36  K2P+R7        Skipped 
 37  K2P+R8        Skipped 
 38  K2P+R9        Skipped 
 39  K2P+R10       Skipped 
 40  HKY           6367.757     21  12777.515    12778.459    12880.578
 41  HKY+I         6155.744     22  12355.487    12356.523    12463.458
 42  HKY+G4        6075.845     22  12195.691    12196.727    12303.661
 43  HKY+I+G4      6076.350     23  12198.700    12199.831    12311.578
 44  HKY+R2        6078.141     23  12202.282    12203.413    12315.160
 45  HKY+R3        6073.621     25  12197.242    12198.577    12319.936
 46  HKY+R4        Skipped 
 47  HKY+R5        Skipped 
 48  HKY+R6        Skipped 
 49  HKY+R7        Skipped 
 50  HKY+R8        Skipped 
 51  HKY+R9        Skipped 
 52  HKY+R10       Skipped 
 53  TNe           6471.807     19  12981.613    12982.389    13074.861
 54  TNe+I         6253.057     20  12546.114    12546.972    12644.269
 55  TNe+G4        6190.402     20  12420.805    12421.663    12518.960
 56  TNe+I+G4      6190.770     21  12423.541    12424.485    12526.603
 57  TNe+R2        6192.227     21  12426.455    12427.400    12529.518
 58  TNe+R3        6188.440     23  12422.881    12424.012    12535.759
 59  TNe+R4        Skipped 
 60  TNe+R5        Skipped 
 61  TNe+R6        Skipped 
 62  TNe+R7        Skipped 
 63  TNe+R8        Skipped 
 64  TNe+R9        Skipped 
 65  TNe+R10       Skipped 
 66  TN            6360.801     22  12765.602    12766.638    12873.572
 67  TN+I          6145.484     23  12336.969    12338.100    12449.847
 68  TN+G4         6072.901     23  12191.803    12192.934    12304.681
 69  TN+I+G4       6073.286     24  12194.572    12195.802    12312.358
 70  TN+R2         6075.822     24  12199.644    12200.875    12317.430
 71  TN+R3         6071.219     26  12194.438    12195.881    12322.040
 72  TN+R4         Skipped 
 73  TN+R5         Skipped 
 74  TN+R6         Skipped 
 75  TN+R7         Skipped 
 76  TN+R8         Skipped 
 77  TN+R9         Skipped 
 78  TN+R10        Skipped 
 79  K3P           6470.878     19  12979.755    12980.531    13073.003
 80  K3P+I         6252.459     20  12544.919    12545.777    12643.074
 81  K3P+G4        6188.390     20  12416.779    12417.637    12514.935
 82  K3P+I+G4      6188.734     21  12419.467    12420.412    12522.530
 83  K3P+R2        6190.281     21  12422.563    12423.507    12525.626
 84  K3P+R3        6186.421     23  12418.842    12419.974    12531.721
 85  K3P+R4        Skipped 
 86  K3P+R5        Skipped 
 87  K3P+R6        Skipped 
 88  K3P+R7        Skipped 
 89  K3P+R8        Skipped 
 90  K3P+R9        Skipped 
 91  K3P+R10       Skipped 
 92  K3Pu          6359.711     22  12763.422    12764.458    12871.393
 93  K3Pu+I        6149.399     23  12344.798    12345.930    12457.677
 94  K3Pu+G4       6067.018     23  12180.035    12181.166    12292.913
 95  K3Pu+I+G4     6067.601     24  12183.201    12184.432    12300.987
 96  K3Pu+R2       6069.680     24  12187.360    12188.591    12305.146
 97  K3Pu+R3       6064.953     26  12181.905    12183.348    12309.507
 98  K3Pu+R4       Skipped 
 99  K3Pu+R5       Skipped 
100  K3Pu+R6       Skipped 
101  K3Pu+R7       Skipped 
102  K3Pu+R8       Skipped 
103  K3Pu+R9       Skipped 
104  K3Pu+R10      Skipped 
105  TPM2          6364.766     22  12773.533    12774.569    12881.504
106  TPM2+I        6149.152     23  12344.304    12345.435    12457.182
107  TPM2+G4       6073.916     23  12193.833    12194.964    12306.711
108  TPM2+I+G4     6074.310     24  12196.620    12197.851    12314.406
109  TPM2+R2       6075.766     24  12199.532    12200.762    12317.318
110  TPM2+R3       6071.686     26  12195.372    12196.815    12322.974
111  TPM2+R4       Skipped 
112  TPM2+R5       Skipped 
113  TPM2+R6       Skipped 
114  TPM2+R7       Skipped 
115  TPM2+R8       Skipped 
116  TPM2+R9       Skipped 
117  TPM2+R10      Skipped 
118  TPM2u         6364.681     22  12773.362    12774.398    12881.333
119  TPM2u+I       6149.192     23  12344.383    12345.515    12457.262
120  TPM2u+G4      6073.916     23  12193.831    12194.962    12306.710
121  TPM2u+I+G4    6074.289     24  12196.577    12197.808    12314.364
122  TPM2u+R2      6075.766     24  12199.532    12200.763    12317.318
123  TPM2u+R3      6071.685     26  12195.370    12196.813    12322.972
124  TPM2u+R4      Skipped 
125  TPM2u+R5      Skipped 
126  TPM2u+R6      Skipped 
127  TPM2u+R7      Skipped 
128  TPM2u+R8      Skipped 
129  TPM2u+R9      Skipped 
130  TPM2u+R10     Skipped 
131  TPM3          6351.550     22  12747.100    12748.136    12855.070
132  TPM3+I        6141.683     23  12329.367    12330.498    12442.245
133  TPM3+G4       6059.629     23  12165.257    12166.388    12278.136
134  TPM3+I+G4     6060.030     24  12168.060    12169.290    12285.846
135  TPM3+R2       6062.770     24  12173.540    12174.770    12291.326
136  TPM3+R3       6058.194     26  12168.389    12169.832    12295.990
137  TPM3+R4       Skipped 
138  TPM3+R5       Skipped 
139  TPM3+R6       Skipped 
140  TPM3+R7       Skipped 
141  TPM3+R8       Skipped 
142  TPM3+R9       Skipped 
143  TPM3+R10      Skipped 
144  TPM3u         6351.433     22  12746.866    12747.902    12854.837
145  TPM3u+I       6141.681     23  12329.363    12330.494    12442.241
146  TPM3u+G4      6059.636     23  12165.273    12166.404    12278.151
147  TPM3u+I+G4    6060.010     24  12168.020    12169.251    12285.806
148  TPM3u+R2      6062.741     24  12173.483    12174.714    12291.269
149  TPM3u+R3      6058.133     26  12168.267    12169.710    12295.869
150  TPM3u+R4      Skipped 
151  TPM3u+R5      Skipped 
152  TPM3u+R6      Skipped 
153  TPM3u+R7      Skipped 
154  TPM3u+R8      Skipped 
155  TPM3u+R9      Skipped 
156  TPM3u+R10     Skipped 
157  TIMe          6470.503     20  12981.005    12981.863    13079.160
158  TIMe+I        6251.583     21  12545.165    12546.110    12648.228
159  TIMe+G4       6188.345     21  12418.690    12419.635    12521.753
160  TIMe+I+G4     6188.615     22  12421.229    12422.265    12529.200
161  TIMe+R2       6190.152     22  12424.303    12425.339    12532.274
162  TIMe+R3       6186.293     24  12420.586    12421.817    12538.372
163  TIMe+R4       Skipped 
164  TIMe+R5       Skipped 
165  TIMe+R6       Skipped 
166  TIMe+R7       Skipped 
167  TIMe+R8       Skipped 
168  TIMe+R9       Skipped 
169  TIMe+R10      Skipped 
170  TIM           6352.462     23  12750.924    12752.055    12863.802
171  TIM+I         6139.103     24  12326.207    12327.438    12443.993
172  TIM+G4        6064.460     24  12176.921    12178.151    12294.707
173  TIM+I+G4      6064.789     25  12179.579    12180.913    12302.272
174  TIM+R2        6067.624     25  12185.248    12186.583    12307.942
175  TIM+R3        6062.863     27  12179.726    12181.281    12312.235
176  TIM+R4        Skipped 
177  TIM+R5        Skipped 
178  TIM+R6        Skipped 
179  TIM+R7        Skipped 
180  TIM+R8        Skipped 
181  TIM+R9        Skipped 
182  TIM+R10       Skipped 
183  TIM2e         6455.428     20  12950.856    12951.714    13049.011
184  TIM2e+I       6229.670     21  12501.340    12502.285    12604.403
185  TIM2e+G4      6162.964     21  12367.928    12368.873    12470.991
186  TIM2e+I+G4    6163.128     22  12370.255    12371.291    12478.226
187  TIM2e+R2      6165.968     22  12375.937    12376.972    12483.907
188  TIM2e+R3      6161.102     24  12370.203    12371.434    12487.989
189  TIM2e+R4      Skipped 
190  TIM2e+R5      Skipped 
191  TIM2e+R6      Skipped 
192  TIM2e+R7      Skipped 
193  TIM2e+R8      Skipped 
194  TIM2e+R9      Skipped 
195  TIM2e+R10     Skipped 
196  TIM2          6357.582     23  12761.165    12762.296    12874.043
197  TIM2+I        6139.356     24  12326.712    12327.943    12444.498
198  TIM2+G4       6070.239     24  12188.478    12189.709    12306.264
199  TIM2+I+G4     6070.460     25  12190.921    12192.256    12313.615
200  TIM2+R2       6072.976     25  12195.952    12197.287    12318.646
201  TIM2+R3       6068.572     27  12191.143    12192.699    12323.652
202  TIM2+R4       Skipped 
203  TIM2+R5       Skipped 
204  TIM2+R6       Skipped 
205  TIM2+R7       Skipped 
206  TIM2+R8       Skipped 
207  TIM2+R9       Skipped 
208  TIM2+R10      Skipped 
209  TIM3e         6469.687     20  12979.373    12980.231    13077.528
210  TIM3e+I       6251.471     21  12544.943    12545.888    12648.006
211  TIM3e+G4      6188.535     21  12419.071    12420.016    12522.134
212  TIM3e+I+G4    6188.787     22  12421.574    12422.610    12529.544
213  TIM3e+R2      6190.213     22  12424.426    12425.462    12532.397
214  TIM3e+R3      6186.546     24  12421.091    12422.322    12538.877
215  TIM3e+R4      Skipped 
216  TIM3e+R5      Skipped 
217  TIM3e+R6      Skipped 
218  TIM3e+R7      Skipped 
219  TIM3e+R8      Skipped 
220  TIM3e+R9      Skipped 
221  TIM3e+R10     Skipped 
222  TIM3          6342.323     23  12730.645    12731.776    12843.523
223  TIM3+I        6130.677     24  12309.354    12310.584    12427.140
224  TIM3+G4       6055.156     24  12158.313    12159.543    12276.099
225  TIM3+I+G4     6055.349     25  12160.698    12162.033    12283.392
226  TIM3+R2       6059.549     25  12169.097    12170.432    12291.791
227  TIM3+R3       6054.492     27  12162.984    12164.540    12295.493
228  TIM3+R4       Skipped 
229  TIM3+R5       Skipped 
230  TIM3+R6       Skipped 
231  TIM3+R7       Skipped 
232  TIM3+R8       Skipped 
233  TIM3+R9       Skipped 
234  TIM3+R10      Skipped 
235  TVMe          6452.743     21  12947.485    12948.430    13050.548
236  TVMe+I        6227.530     22  12499.059    12500.095    12607.030
237  TVMe+G4       6159.306     22  12362.612    12363.648    12470.583
238  TVMe+I+G4     6159.465     23  12364.929    12366.060    12477.807
239  TVMe+R2       6162.426     23  12370.851    12371.982    12483.730
240  TVMe+R3       6157.470     25  12364.940    12366.274    12487.634
241  TVMe+R4       Skipped 
242  TVMe+R5       Skipped 
243  TVMe+R6       Skipped 
244  TVMe+R7       Skipped 
245  TVMe+R8       Skipped 
246  TVMe+R9       Skipped 
247  TVMe+R10      Skipped 
248  TVM           6345.706     24  12739.413    12740.643    12857.199
249  TVM+I         6133.126     25  12316.253    12317.587    12438.947
250  TVM+G4        6054.624     25  12159.248    12160.582    12281.941
251  TVM+I+G4      6054.891     26  12161.783    12163.226    12289.384
252  TVM+R2        6057.461     26  12166.922    12168.365    12294.523
253  TVM+R3        6053.009     28  12162.018    12163.691    12299.435
254  TVM+R4        Skipped 
255  TVM+R5        Skipped 
256  TVM+R6        Skipped 
257  TVM+R7        Skipped 
258  TVM+R8        Skipped 
259  TVM+R9        Skipped 
260  TVM+R10       Skipped 
261  SYM           6452.357     22  12948.715    12949.751    13056.686
262  SYM+I         6226.778     23  12499.556    12500.687    12612.434
263  SYM+G4        6159.135     23  12364.270    12365.401    12477.148
264  SYM+I+G4      6159.288     24  12366.577    12367.808    12484.363
265  SYM+R2        6162.163     24  12372.326    12373.557    12490.112
266  SYM+R3        6157.216     26  12366.433    12367.876    12494.034
267  SYM+R4        Skipped 
268  SYM+R5        Skipped 
269  SYM+R6        Skipped 
270  SYM+R7        Skipped 
271  SYM+R8        Skipped 
272  SYM+R9        Skipped 
273  SYM+R10       Skipped 
274  GTR           6336.491     25  12722.982    12724.317    12845.676
275  GTR+I         6122.602     26  12297.204    12298.647    12424.806
276  GTR+G4        6049.381     26  12150.762    12152.205    12278.364
277  GTR+I+G4      6049.526     27  12153.052    12154.607    12285.561
278  GTR+R2        6054.293     27  12162.587    12164.142    12295.096
279  GTR+R3        6048.501     29  12155.003    12156.796    12297.328
280  GTR+R4        Skipped 
281  GTR+R5        Skipped 
282  GTR+R6        Skipped 
283  GTR+R7        Skipped 
284  GTR+R8        Skipped 
285  GTR+R9        Skipped 
286  GTR+R10       Skipped 
Akaike Information Criterion:           GTR+G4
Corrected Akaike Information Criterion: GTR+G4
Bayesian Information Criterion:         TIM3+G4
Best-fit model: TIM3+G4 chosen according to BIC

All model information printed to ./results/gene4.phy.model
CPU time for ModelFinder: 4.496 seconds (0h:0m:4s)
Wall-clock time for ModelFinder: 5.503 seconds (0h:0m:5s)
Generating 1000 samples for ultrafast bootstrap (seed: 891414)...

NOTE: 2 MB RAM (0 GB) is required!
Estimate model parameters (epsilon = 0.100)
1. Initial log-likelihood: -6321.769
2. Current log-likelihood: -6067.347
3. Current log-likelihood: -6056.827
4. Current log-likelihood: -6056.257
Optimal log-likelihood: -6056.232
Rate parameters:  A-C: 2.699  A-G: 5.270  A-T: 1.000  C-G: 2.699  C-T: 8.496  G-T: 1.000
Base frequencies:   A: 0.389  C: 0.149  G: 0.200  T: 0.262
Gamma shape alpha: 0.475
Parameters optimization took 4 rounds (0.051 sec)
Computing ML distances based on estimated model parameters... 0.001 sec
Computing BIONJ tree...
0.000 seconds
Log-likelihood of BIONJ tree: -6046.702
--------------------------------------------------------------------
|             INITIALIZING CANDIDATE TREE SET                      |
--------------------------------------------------------------------
Generating 98 parsimony trees... 0.065 second
Computing log-likelihood of 94 initial trees ... 0.338 seconds
Current best score: -6046.702

Do NNI search on 20 best initial trees
Estimate model parameters (epsilon = 0.100)
BETTER TREE FOUND at iteration 1: -6046.671
Estimate model parameters (epsilon = 0.100)
BETTER TREE FOUND at iteration 2: -6046.282
Estimate model parameters (epsilon = 0.100)
BETTER TREE FOUND at iteration 4: -6043.621
Iteration 10 / LogL: -6043.622 / Time: 0h:0m:6s
Iteration 20 / LogL: -6046.381 / Time: 0h:0m:6s
Finish initializing candidate tree set (3)
Current best tree score: -6043.621 / CPU time: 1.173
Number of iterations: 20
--------------------------------------------------------------------
|               OPTIMIZING CANDIDATE TREE SET                      |
--------------------------------------------------------------------
Iteration 30 / LogL: -6046.712 / Time: 0h:0m:7s (0h:0m:4s left)
UPDATE BEST LOG-LIKELIHOOD: -6043.621
UPDATE BEST LOG-LIKELIHOOD: -6043.621
Iteration 40 / LogL: -6043.623 / Time: 0h:0m:7s (0h:0m:3s left)
UPDATE BEST LOG-LIKELIHOOD: -6043.621
Iteration 50 / LogL: -6043.622 / Time: 0h:0m:7s (0h:0m:2s left)
Log-likelihood cutoff on original alignment: -6057.620
UPDATE BEST LOG-LIKELIHOOD: -6043.621
Iteration 60 / LogL: -6043.626 / Time: 0h:0m:8s (0h:0m:2s left)
UPDATE BEST LOG-LIKELIHOOD: -6043.621
Iteration 70 / LogL: -6043.621 / Time: 0h:0m:8s (0h:0m:1s left)
Iteration 80 / LogL: -6047.908 / Time: 0h:0m:8s (0h:0m:1s left)
UPDATE BEST LOG-LIKELIHOOD: -6043.621
Iteration 90 / LogL: -6043.631 / Time: 0h:0m:9s (0h:0m:0s left)
UPDATE BEST LOG-LIKELIHOOD: -6043.621
Iteration 100 / LogL: -6043.622 / Time: 0h:0m:9s (0h:0m:0s left)
Log-likelihood cutoff on original alignment: -6058.504
NOTE: Bootstrap correlation coefficient of split occurrence frequencies: 0.997
TREE SEARCH COMPLETED AFTER 105 ITERATIONS / Time: 0h:0m:9s

--------------------------------------------------------------------
|                    FINALIZING TREE SEARCH                        |
--------------------------------------------------------------------
Performs final model parameters optimization
Estimate model parameters (epsilon = 0.010)
1. Initial log-likelihood: -6043.621
Optimal log-likelihood: -6043.619
Rate parameters:  A-C: 2.665  A-G: 5.286  A-T: 1.000  C-G: 2.665  C-T: 8.524  G-T: 1.000
Base frequencies:   A: 0.389  C: 0.149  G: 0.200  T: 0.262
Gamma shape alpha: 0.471
Parameters optimization took 1 rounds (0.007 sec)
BEST SCORE FOUND : -6043.619
Creating bootstrap support values...
Split supports printed to NEXUS file ./results/gene4.phy.splits.nex
Total tree length: 2.105

Total number of iterations: 105
CPU time used for tree search: 4.169 sec (0h:0m:4s)
Wall-clock time used for tree search: 4.353 sec (0h:0m:4s)
Total CPU time used: 8.781 sec (0h:0m:8s)
Total wall-clock time used: 9.989 sec (0h:0m:9s)

Computing bootstrap consensus tree...
Reading input file ./results/gene4.phy.splits.nex...
10 taxa and 122 splits.
Consensus tree written to ./results/gene4.phy.contree
Reading input trees file ./results/gene4.phy.contree
Log-likelihood of consensus tree: -6043.619

Analysis results written to: 
  IQ-TREE report:                ./results/gene4.phy.iqtree
  Maximum-likelihood tree:       ./results/gene4.phy.treefile
  Likelihood distances:          ./results/gene4.phy.mldist

Ultrafast bootstrap approximation results written to:
  Split support values:          ./results/gene4.phy.splits.nex
  Consensus tree:                ./results/gene4.phy.contree
  Screen log file:               ./results/gene4.phy.log

Date and Time: Tue Aug 22 17:14:50 2017
