IQ-TREE multicore version 1.5.4 for Linux 64-bit built Apr  2 2017
Copyright (c) 2011-2017 by Bui Quang Minh, Nguyen Lam Tung,
Olga Chernomor, Heiko Schmidt, and Arndt von Haeseler.

Host:    hpc-crick (AVX, 251 GB RAM)
Command: iqtree -s ./results/gene13.phy -nt 1 -bb 1000
Seed:    95477 (Using SPRNG - Scalable Parallel Random Number Generator)
Time:    Tue Aug 22 17:09:08 2017
Kernel:  AVX - 1 threads (40 CPU cores detected)

Reading alignment file ./results/gene13.phy ... Phylip format detected
Alignment most likely contains DNA/RNA sequences
Alignment has 10 sequences with 1000 columns and 465 patterns (314 informative sites, 407 constant sites)
   Gap/Ambiguity  Composition  p-value
   1  A    0.00%    passed     99.63%
   2  B    0.00%    passed     35.28%
   3  C    0.00%    passed     76.98%
   4  D    0.00%    passed     97.92%
   5  E    0.00%    passed     89.45%
   6  F    0.00%    passed     73.14%
   7  G    0.00%    passed     62.89%
   8  H    0.00%    passed     96.77%
   9  I    0.00%    passed     61.48%
  10  J    0.00%    passed     95.95%
****  TOTAL    0.00%  0 sequences failed composition chi2 test (p-value<5%; df=3)

Create initial parsimony tree by phylogenetic likelihood library (PLL)... 0.000 seconds

NOTE: ModelFinder requires 3 MB RAM!
ModelFinder will test 286 DNA models (sample size: 1000) ...
 No. Model         -LnL         df  AIC          AICc         BIC
  1  JC            7073.309     17  14180.617    14181.240    14264.049
  2  JC+I          6856.606     18  13749.212    13749.910    13837.552
  3  JC+G4         6819.256     18  13674.511    13675.208    13762.851
  4  JC+I+G4       6818.278     19  13674.556    13675.331    13767.803
  5  JC+R2         6822.036     19  13682.072    13682.847    13775.319
  6  JC+R3         6818.301     21  13678.602    13679.547    13781.665
  7  JC+R4         Skipped 
  8  JC+R5         Skipped 
  9  JC+R6         Skipped 
 10  JC+R7         Skipped 
 11  JC+R8         Skipped 
 12  JC+R9         Skipped 
 13  JC+R10        Skipped 
 14  F81           6946.058     20  13932.116    13932.974    14030.271
 15  F81+I         6728.902     21  13499.803    13500.748    13602.866
 16  F81+G4        6685.365     21  13412.729    13413.674    13515.792
 17  F81+I+G4      6684.929     22  13413.858    13414.894    13521.829
 18  F81+R2        6690.322     22  13424.644    13425.680    13532.614
 19  F81+R3        6684.663     24  13417.325    13418.556    13535.112
 20  F81+R4        Skipped 
 21  F81+R5        Skipped 
 22  F81+R6        Skipped 
 23  F81+R7        Skipped 
 24  F81+R8        Skipped 
 25  F81+R9        Skipped 
 26  F81+R10       Skipped 
 27  K2P           6911.052     18  13858.103    13858.801    13946.443
 28  K2P+I         6676.973     19  13391.946    13392.722    13485.194
 29  K2P+G4        6625.540     19  13289.079    13289.855    13382.327
 30  K2P+I+G4      6625.291     20  13290.582    13291.440    13388.737
 31  K2P+R2        6630.288     20  13300.577    13301.435    13398.732
 32  K2P+R3        6625.158     22  13294.316    13295.352    13402.287
 33  K2P+R4        Skipped 
 34  K2P+R5        Skipped 
 35  K2P+R6        Skipped 
 36  K2P+R7        Skipped 
 37  K2P+R8        Skipped 
 38  K2P+R9        Skipped 
 39  K2P+R10       Skipped 
 40  HKY           6783.539     21  13609.079    13610.024    13712.142
 41  HKY+I         6553.352     22  13150.705    13151.741    13258.675
 42  HKY+G4        6489.921     22  13023.841    13024.877    13131.812
 43  HKY+I+G4      6489.893     23  13025.785    13026.917    13138.664
 44  HKY+R2        6495.914     23  13037.828    13038.960    13150.707
 45  HKY+R3        6489.618     25  13029.235    13030.570    13151.929
 46  HKY+R4        Skipped 
 47  HKY+R5        Skipped 
 48  HKY+R6        Skipped 
 49  HKY+R7        Skipped 
 50  HKY+R8        Skipped 
 51  HKY+R9        Skipped 
 52  HKY+R10       Skipped 
 53  TNe           6909.811     19  13857.623    13858.398    13950.870
 54  TNe+I         6676.436     20  13392.872    13393.730    13491.027
 55  TNe+G4        6623.953     20  13287.905    13288.763    13386.060
 56  TNe+I+G4      6623.490     21  13288.980    13289.925    13392.043
 57  TNe+R2        6629.023     21  13300.046    13300.991    13403.109
 58  TNe+R3        6623.656     23  13293.311    13294.442    13406.189
 59  TNe+R4        Skipped 
 60  TNe+R5        Skipped 
 61  TNe+R6        Skipped 
 62  TNe+R7        Skipped 
 63  TNe+R8        Skipped 
 64  TNe+R9        Skipped 
 65  TNe+R10       Skipped 
 66  TN            6780.514     22  13605.028    13606.063    13712.998
 67  TN+I          6549.085     23  13144.170    13145.301    13257.048
 68  TN+G4         6488.247     23  13022.495    13023.626    13135.373
 69  TN+I+G4       6488.282     24  13024.564    13025.795    13142.351
 70  TN+R2         6493.878     24  13035.755    13036.986    13153.541
 71  TN+R3         6487.802     26  13027.603    13029.046    13155.205
 72  TN+R4         Skipped 
 73  TN+R5         Skipped 
 74  TN+R6         Skipped 
 75  TN+R7         Skipped 
 76  TN+R8         Skipped 
 77  TN+R9         Skipped 
 78  TN+R10        Skipped 
 79  K3P           6904.432     19  13846.864    13847.639    13940.111
 80  K3P+I         6669.366     20  13378.732    13379.590    13476.887
 81  K3P+G4        6617.631     20  13275.262    13276.120    13373.417
 82  K3P+I+G4      6617.355     21  13276.711    13277.656    13379.774
 83  K3P+R2        6622.106     21  13286.213    13287.157    13389.276
 84  K3P+R3        6617.199     23  13280.399    13281.530    13393.277
 85  K3P+R4        Skipped 
 86  K3P+R5        Skipped 
 87  K3P+R6        Skipped 
 88  K3P+R7        Skipped 
 89  K3P+R8        Skipped 
 90  K3P+R9        Skipped 
 91  K3P+R10       Skipped 
 92  K3Pu          6767.674     22  13579.349    13580.385    13687.319
 93  K3Pu+I        6540.363     23  13126.726    13127.857    13239.604
 94  K3Pu+G4       6474.588     23  12995.176    12996.308    13108.055
 95  K3Pu+I+G4     6474.784     24  12997.569    12998.799    13115.355
 96  K3Pu+R2       6480.957     24  13009.915    13011.146    13127.701
 97  K3Pu+R3       6474.295     26  13000.591    13002.034    13128.193
 98  K3Pu+R4       Skipped 
 99  K3Pu+R5       Skipped 
100  K3Pu+R6       Skipped 
101  K3Pu+R7       Skipped 
102  K3Pu+R8       Skipped 
103  K3Pu+R9       Skipped 
104  K3Pu+R10      Skipped 
105  TPM2          6771.708     22  13587.416    13588.452    13695.387
106  TPM2+I        6537.739     23  13121.477    13122.608    13234.356
107  TPM2+G4       6479.671     23  13005.341    13006.473    13118.220
108  TPM2+I+G4     6479.630     24  13007.260    13008.491    13125.046
109  TPM2+R2       6484.739     24  13017.477    13018.708    13135.264
110  TPM2+R3       6479.324     26  13010.648    13012.091    13138.250
111  TPM2+R4       Skipped 
112  TPM2+R5       Skipped 
113  TPM2+R6       Skipped 
114  TPM2+R7       Skipped 
115  TPM2+R8       Skipped 
116  TPM2+R9       Skipped 
117  TPM2+R10      Skipped 
118  TPM2u         6771.671     22  13587.342    13588.378    13695.313
119  TPM2u+I       6538.234     23  13122.467    13123.598    13235.345
120  TPM2u+G4      6479.704     23  13005.407    13006.539    13118.286
121  TPM2u+I+G4    6479.612     24  13007.225    13008.456    13125.011
122  TPM2u+R2      6484.742     24  13017.483    13018.714    13135.269
123  TPM2u+R3      6479.318     26  13010.637    13012.080    13138.238
124  TPM2u+R4      Skipped 
125  TPM2u+R5      Skipped 
126  TPM2u+R6      Skipped 
127  TPM2u+R7      Skipped 
128  TPM2u+R8      Skipped 
129  TPM2u+R9      Skipped 
130  TPM2u+R10     Skipped 
131  TPM3          6760.083     22  13564.166    13565.201    13672.136
132  TPM3+I        6538.617     23  13123.233    13124.365    13236.112
133  TPM3+G4       6475.730     23  12997.459    12998.590    13110.338
134  TPM3+I+G4     6475.860     24  12999.719    13000.950    13117.506
135  TPM3+R2       6481.117     24  13010.234    13011.465    13128.020
136  TPM3+R3       6475.079     26  13002.158    13003.601    13129.759
137  TPM3+R4       Skipped 
138  TPM3+R5       Skipped 
139  TPM3+R6       Skipped 
140  TPM3+R7       Skipped 
141  TPM3+R8       Skipped 
142  TPM3+R9       Skipped 
143  TPM3+R10      Skipped 
144  TPM3u         6760.084     22  13564.169    13565.205    13672.139
145  TPM3u+I       6538.621     23  13123.242    13124.373    13236.120
146  TPM3u+G4      6475.746     23  12997.493    12998.624    13110.371
147  TPM3u+I+G4    6475.835     24  12999.670    13000.900    13117.456
148  TPM3u+R2      6481.088     24  13010.176    13011.407    13127.962
149  TPM3u+R3      6475.053     26  13002.105    13003.548    13129.707
150  TPM3u+R4      Skipped 
151  TPM3u+R5      Skipped 
152  TPM3u+R6      Skipped 
153  TPM3u+R7      Skipped 
154  TPM3u+R8      Skipped 
155  TPM3u+R9      Skipped 
156  TPM3u+R10     Skipped 
157  TIMe          6903.272     20  13846.543    13847.401    13944.698
158  TIMe+I        6668.870     21  13379.741    13380.686    13482.804
159  TIMe+G4       6616.063     21  13274.125    13275.070    13377.188
160  TIMe+I+G4     6615.664     22  13275.328    13276.364    13383.299
161  TIMe+R2       6620.906     22  13285.813    13286.849    13393.784
162  TIMe+R3       6615.771     24  13279.541    13280.772    13397.327
163  TIMe+R4       Skipped 
164  TIMe+R5       Skipped 
165  TIMe+R6       Skipped 
166  TIMe+R7       Skipped 
167  TIMe+R8       Skipped 
168  TIMe+R9       Skipped 
169  TIMe+R10      Skipped 
170  TIM           6764.359     23  13574.717    13575.848    13687.596
171  TIM+I         6536.365     24  13120.731    13121.961    13238.517
172  TIM+G4        6473.310     24  12994.620    12995.851    13112.406
173  TIM+I+G4      6473.417     25  12996.835    12998.169    13119.528
174  TIM+R2        6478.964     25  13007.928    13009.263    13130.622
175  TIM+R3        6472.743     27  12999.486    13001.042    13131.996
176  TIM+R4        Skipped 
177  TIM+R5        Skipped 
178  TIM+R6        Skipped 
179  TIM+R7        Skipped 
180  TIM+R8        Skipped 
181  TIM+R9        Skipped 
182  TIM+R10       Skipped 
183  TIM2e         6879.347     20  13798.695    13799.553    13896.850
184  TIM2e+I       6640.909     21  13323.818    13324.763    13426.881
185  TIM2e+G4      6579.189     21  13200.378    13201.323    13303.441
186  TIM2e+I+G4    6578.552     22  13201.103    13202.139    13309.074
187  TIM2e+R2      6588.996     22  13221.991    13223.027    13329.962
188  TIM2e+R3      6577.930     24  13203.859    13205.090    13321.645
189  TIM2e+R4      6577.929     26  13207.859    13209.302    13335.461
190  TIM2e+R5      Skipped 
191  TIM2e+R6      Skipped 
192  TIM2e+R7      Skipped 
193  TIM2e+R8      Skipped 
194  TIM2e+R9      Skipped 
195  TIM2e+R10     Skipped 
196  TIM2          6768.515     23  13583.031    13584.162    13695.909
197  TIM2+I        6533.959     24  13115.917    13117.148    13233.703
198  TIM2+G4       6477.219     24  13002.439    13003.670    13120.225
199  TIM2+I+G4     6477.106     25  13004.212    13005.547    13126.906
200  TIM2+R2       6482.135     25  13014.271    13015.606    13136.965
201  TIM2+R3       6476.459     27  13006.919    13008.474    13139.428
202  TIM2+R4       Skipped 
203  TIM2+R5       Skipped 
204  TIM2+R6       Skipped 
205  TIM2+R7       Skipped 
206  TIM2+R8       Skipped 
207  TIM2+R9       Skipped 
208  TIM2+R10      Skipped 
209  TIM3e         6904.698     20  13849.396    13850.254    13947.551
210  TIM3e+I       6673.172     21  13388.345    13389.289    13491.407
211  TIM3e+G4      6621.607     21  13285.213    13286.158    13388.276
212  TIM3e+I+G4    6621.162     22  13286.325    13287.360    13394.295
213  TIM3e+R2      6626.434     22  13296.867    13297.903    13404.838
214  TIM3e+R3      6621.311     24  13290.622    13291.853    13408.408
215  TIM3e+R4      Skipped 
216  TIM3e+R5      Skipped 
217  TIM3e+R6      Skipped 
218  TIM3e+R7      Skipped 
219  TIM3e+R8      Skipped 
220  TIM3e+R9      Skipped 
221  TIM3e+R10     Skipped 
222  TIM3          6755.859     23  13557.719    13558.850    13670.597
223  TIM3+I        6535.129     24  13118.258    13119.489    13236.044
224  TIM3+G4       6473.740     24  12995.480    12996.711    13113.266
225  TIM3+I+G4     6473.815     25  12997.630    12998.964    13120.323
226  TIM3+R2       6478.387     25  13006.775    13008.109    13129.469
227  TIM3+R3       6472.436     27  12998.872    13000.428    13131.382
228  TIM3+R4       Skipped 
229  TIM3+R5       Skipped 
230  TIM3+R6       Skipped 
231  TIM3+R7       Skipped 
232  TIM3+R8       Skipped 
233  TIM3+R9       Skipped 
234  TIM3+R10      Skipped 
235  TVMe          6870.257     21  13782.515    13783.459    13885.578
236  TVMe+I        6631.770     22  13307.539    13308.575    13415.510
237  TVMe+G4       6570.532     22  13185.064    13186.099    13293.034
238  TVMe+I+G4     6570.113     23  13186.226    13187.357    13299.104
239  TVMe+R2       6579.698     23  13205.396    13206.527    13318.274
240  TVMe+R3       6569.863     25  13189.727    13191.062    13312.421
241  TVMe+R4       6569.839     27  13193.678    13195.234    13326.188
242  TVMe+R5       Skipped 
243  TVMe+R6       Skipped 
244  TVMe+R7       Skipped 
245  TVMe+R8       Skipped 
246  TVMe+R9       Skipped 
247  TVMe+R10      Skipped 
248  TVM           6740.918     24  13529.835    13531.066    13647.621
249  TVM+I         6515.647     25  13081.294    13082.628    13203.987
250  TVM+G4        6455.142     25  12960.284    12961.618    13082.977
251  TVM+I+G4      6455.415     26  12962.831    12964.274    13090.433
252  TVM+R2        6459.949     26  12971.898    12973.341    13099.500
253  TVM+R3        6454.288     28  12964.576    12966.248    13101.993
254  TVM+R4        Skipped 
255  TVM+R5        Skipped 
256  TVM+R6        Skipped 
257  TVM+R7        Skipped 
258  TVM+R8        Skipped 
259  TVM+R9        Skipped 
260  TVM+R10       Skipped 
261  SYM           6869.146     22  13782.292    13783.327    13890.262
262  SYM+I         6631.037     23  13308.075    13309.206    13420.953
263  SYM+G4        6567.495     23  13180.990    13182.121    13293.868
264  SYM+I+G4      6566.967     24  13181.934    13183.164    13299.720
265  SYM+R2        6577.598     24  13203.196    13204.427    13320.982
266  SYM+R3        6566.361     26  13184.722    13186.165    13312.324
267  SYM+R4        6566.274     28  13188.548    13190.220    13325.965
268  SYM+R5        Skipped 
269  SYM+R6        Skipped 
270  SYM+R7        Skipped 
271  SYM+R8        Skipped 
272  SYM+R9        Skipped 
273  SYM+R10       Skipped 
274  GTR           6736.568     25  13523.136    13524.471    13645.830
275  GTR+I         6512.534     26  13077.067    13078.510    13204.669
276  GTR+G4        6451.922     26  12955.845    12957.288    13083.447
277  GTR+I+G4      6452.299     27  12958.599    12960.154    13091.108
278  GTR+R2        6456.136     27  12966.273    12967.828    13098.782
279  GTR+R3        6450.258     29  12958.517    12960.311    13100.842
280  GTR+R4        Skipped 
281  GTR+R5        Skipped 
282  GTR+R6        Skipped 
283  GTR+R7        Skipped 
284  GTR+R8        Skipped 
285  GTR+R9        Skipped 
286  GTR+R10       Skipped 
Akaike Information Criterion:           GTR+G4
Corrected Akaike Information Criterion: GTR+G4
Bayesian Information Criterion:         TVM+G4
Best-fit model: TVM+G4 chosen according to BIC

All model information printed to ./results/gene13.phy.model
CPU time for ModelFinder: 7.711 seconds (0h:0m:7s)
Wall-clock time for ModelFinder: 9.107 seconds (0h:0m:9s)
Generating 1000 samples for ultrafast bootstrap (seed: 95477)...

NOTE: 2 MB RAM (0 GB) is required!
Estimate model parameters (epsilon = 0.100)
1. Initial log-likelihood: -6726.877
2. Current log-likelihood: -6619.535
3. Current log-likelihood: -6609.256
4. Current log-likelihood: -6605.758
5. Current log-likelihood: -6602.290
6. Current log-likelihood: -6598.813
7. Current log-likelihood: -6595.320
8. Current log-likelihood: -6591.812
9. Current log-likelihood: -6588.291
10. Current log-likelihood: -6584.758
11. Current log-likelihood: -6581.215
12. Current log-likelihood: -6487.876
13. Current log-likelihood: -6485.794
Optimal log-likelihood: -6485.683
Rate parameters:  A-C: 51.998  A-G: 99.706  A-T: 22.160  C-G: 12.103  C-T: 99.706  G-T: 1.000
Base frequencies:   A: 0.401  C: 0.149  G: 0.209  T: 0.241
Gamma shape alpha: 0.503
Parameters optimization took 13 rounds (0.256 sec)
Computing ML distances based on estimated model parameters... 0.001 sec
Computing BIONJ tree...
0.000 seconds
Log-likelihood of BIONJ tree: -6481.870
--------------------------------------------------------------------
|             INITIALIZING CANDIDATE TREE SET                      |
--------------------------------------------------------------------
Generating 98 parsimony trees... 0.102 second
Computing log-likelihood of 91 initial trees ... 0.560 seconds
Current best score: -6481.870

Do NNI search on 20 best initial trees
Estimate model parameters (epsilon = 0.100)
BETTER TREE FOUND at iteration 1: -6481.857
Estimate model parameters (epsilon = 0.100)
BETTER TREE FOUND at iteration 2: -6480.715
Estimate model parameters (epsilon = 0.100)
BETTER TREE FOUND at iteration 3: -6479.612
UPDATE BEST LOG-LIKELIHOOD: -6479.612
Iteration 10 / LogL: -6479.612 / Time: 0h:0m:10s
Iteration 20 / LogL: -6480.528 / Time: 0h:0m:11s
Finish initializing candidate tree set (12)
Current best tree score: -6479.612 / CPU time: 1.964
Number of iterations: 20
--------------------------------------------------------------------
|               OPTIMIZING CANDIDATE TREE SET                      |
--------------------------------------------------------------------
UPDATE BEST LOG-LIKELIHOOD: -6479.612
Iteration 30 / LogL: -6481.470 / Time: 0h:0m:12s (0h:0m:7s left)
Iteration 40 / LogL: -6479.840 / Time: 0h:0m:12s (0h:0m:5s left)
Iteration 50 / LogL: -6479.612 / Time: 0h:0m:13s (0h:0m:4s left)
Log-likelihood cutoff on original alignment: -6488.057
Iteration 60 / LogL: -6479.612 / Time: 0h:0m:13s (0h:0m:3s left)
UPDATE BEST LOG-LIKELIHOOD: -6479.612
Iteration 70 / LogL: -6479.638 / Time: 0h:0m:14s (0h:0m:2s left)
Iteration 80 / LogL: -6480.345 / Time: 0h:0m:14s (0h:0m:1s left)
Iteration 90 / LogL: -6480.205 / Time: 0h:0m:15s (0h:0m:0s left)
Iteration 100 / LogL: -6479.612 / Time: 0h:0m:16s (0h:0m:0s left)
Log-likelihood cutoff on original alignment: -6489.320
NOTE: Bootstrap correlation coefficient of split occurrence frequencies: 0.973
NOTE: UFBoot does not converge, continue at least 100 more iterations
UPDATE BEST LOG-LIKELIHOOD: -6479.612
Iteration 110 / LogL: -6481.316 / Time: 0h:0m:16s (0h:0m:6s left)
Iteration 120 / LogL: -6479.616 / Time: 0h:0m:17s (0h:0m:5s left)
Iteration 130 / LogL: -6479.612 / Time: 0h:0m:17s (0h:0m:4s left)
UPDATE BEST LOG-LIKELIHOOD: -6479.612
Iteration 140 / LogL: -6479.612 / Time: 0h:0m:18s (0h:0m:4s left)
Iteration 150 / LogL: -6479.615 / Time: 0h:0m:19s (0h:0m:3s left)
Log-likelihood cutoff on original alignment: -6489.320
Iteration 160 / LogL: -6479.840 / Time: 0h:0m:19s (0h:0m:2s left)
Iteration 170 / LogL: -6479.612 / Time: 0h:0m:20s (0h:0m:2s left)
UPDATE BEST LOG-LIKELIHOOD: -6479.612
Iteration 180 / LogL: -6479.612 / Time: 0h:0m:21s (0h:0m:1s left)
Iteration 190 / LogL: -6479.616 / Time: 0h:0m:22s (0h:0m:0s left)
Iteration 200 / LogL: -6480.204 / Time: 0h:0m:22s (0h:0m:0s left)
Log-likelihood cutoff on original alignment: -6489.320
NOTE: Bootstrap correlation coefficient of split occurrence frequencies: 0.997
TREE SEARCH COMPLETED AFTER 200 ITERATIONS / Time: 0h:0m:22s

--------------------------------------------------------------------
|                    FINALIZING TREE SEARCH                        |
--------------------------------------------------------------------
Performs final model parameters optimization
Estimate model parameters (epsilon = 0.010)
1. Initial log-likelihood: -6479.612
2. Current log-likelihood: -6479.594
3. Current log-likelihood: -6479.581
4. Current log-likelihood: -6479.570
Optimal log-likelihood: -6479.562
Rate parameters:  A-C: 53.274  A-G: 97.665  A-T: 21.606  C-G: 11.976  C-T: 97.665  G-T: 1.000
Base frequencies:   A: 0.401  C: 0.149  G: 0.209  T: 0.241
Gamma shape alpha: 0.506
Parameters optimization took 4 rounds (0.026 sec)
BEST SCORE FOUND : -6479.562
Creating bootstrap support values...
Split supports printed to NEXUS file ./results/gene13.phy.splits.nex
Total tree length: 2.528

Total number of iterations: 200
CPU time used for tree search: 8.251 sec (0h:0m:8s)
Wall-clock time used for tree search: 13.401 sec (0h:0m:13s)
Total CPU time used: 16.190 sec (0h:0m:16s)
Total wall-clock time used: 22.867 sec (0h:0m:22s)

Computing bootstrap consensus tree...
Reading input file ./results/gene13.phy.splits.nex...
10 taxa and 164 splits.
Consensus tree written to ./results/gene13.phy.contree
Reading input trees file ./results/gene13.phy.contree
Log-likelihood of consensus tree: -6479.562

Analysis results written to: 
  IQ-TREE report:                ./results/gene13.phy.iqtree
  Maximum-likelihood tree:       ./results/gene13.phy.treefile
  Likelihood distances:          ./results/gene13.phy.mldist

Ultrafast bootstrap approximation results written to:
  Split support values:          ./results/gene13.phy.splits.nex
  Consensus tree:                ./results/gene13.phy.contree
  Screen log file:               ./results/gene13.phy.log

Date and Time: Tue Aug 22 17:09:31 2017
