IQ-TREE multicore version 1.5.4 for Linux 64-bit built Apr  2 2017
Copyright (c) 2011-2017 by Bui Quang Minh, Nguyen Lam Tung,
Olga Chernomor, Heiko Schmidt, and Arndt von Haeseler.

Host:    hpc-crick (AVX, 251 GB RAM)
Command: iqtree -s ./results/gene19.phy -nt 1 -bb 1000
Seed:    781015 (Using SPRNG - Scalable Parallel Random Number Generator)
Time:    Tue Aug 22 17:07:32 2017
Kernel:  AVX - 1 threads (40 CPU cores detected)

Reading alignment file ./results/gene19.phy ... Phylip format detected
Alignment most likely contains DNA/RNA sequences
Alignment has 10 sequences with 1000 columns and 430 patterns (305 informative sites, 424 constant sites)
   Gap/Ambiguity  Composition  p-value
   1  A    0.00%    passed     69.61%
   2  B    0.00%    passed     92.83%
   3  C    0.00%    passed     90.64%
   4  D    0.00%    passed     79.02%
   5  E    0.00%    passed     81.14%
   6  F    0.00%    passed     84.90%
   7  G    0.00%    passed     92.38%
   8  H    0.00%    passed     69.80%
   9  I    0.00%    passed     86.75%
  10  J    0.00%    passed     95.66%
****  TOTAL    0.00%  0 sequences failed composition chi2 test (p-value<5%; df=3)

Create initial parsimony tree by phylogenetic likelihood library (PLL)... 0.000 seconds

NOTE: ModelFinder requires 3 MB RAM!
ModelFinder will test 286 DNA models (sample size: 1000) ...
 No. Model         -LnL         df  AIC          AICc         BIC
  1  JC            6943.952     17  13921.904    13922.527    14005.336
  2  JC+I          6725.508     18  13487.016    13487.713    13575.356
  3  JC+G4         6679.275     18  13394.549    13395.247    13482.889
  4  JC+I+G4       6679.519     19  13397.039    13397.814    13490.286
  5  JC+R2         6682.012     19  13402.024    13402.799    13495.271
  6  JC+R3         6679.217     21  13400.435    13401.380    13503.498
  7  JC+R4         Skipped 
  8  JC+R5         Skipped 
  9  JC+R6         Skipped 
 10  JC+R7         Skipped 
 11  JC+R8         Skipped 
 12  JC+R9         Skipped 
 13  JC+R10        Skipped 
 14  F81           6845.937     20  13731.875    13732.733    13830.030
 15  F81+I         6627.007     21  13296.014    13296.958    13399.076
 16  F81+G4        6575.838     21  13193.675    13194.620    13296.738
 17  F81+I+G4      6576.119     22  13196.238    13197.273    13304.208
 18  F81+R2        6578.768     22  13201.536    13202.572    13309.507
 19  F81+R3        6575.747     24  13199.493    13200.724    13317.279
 20  F81+R4        Skipped 
 21  F81+R5        Skipped 
 22  F81+R6        Skipped 
 23  F81+R7        Skipped 
 24  F81+R8        Skipped 
 25  F81+R9        Skipped 
 26  F81+R10       Skipped 
 27  K2P           6777.599     18  13591.198    13591.896    13679.538
 28  K2P+I         6543.848     19  13125.697    13126.472    13218.944
 29  K2P+G4        6484.097     19  13006.195    13006.970    13099.442
 30  K2P+I+G4      6484.328     20  13008.655    13009.513    13106.811
 31  K2P+R2        6490.471     20  13020.941    13021.799    13119.096
 32  K2P+R3        6483.356     22  13010.712    13011.748    13118.683
 33  K2P+R4        6483.349     24  13014.698    13015.929    13132.485
 34  K2P+R5        Skipped 
 35  K2P+R6        Skipped 
 36  K2P+R7        Skipped 
 37  K2P+R8        Skipped 
 38  K2P+R9        Skipped 
 39  K2P+R10       Skipped 
 40  HKY           6671.372     21  13384.744    13385.689    13487.807
 41  HKY+I         6440.598     22  12925.196    12926.232    13033.167
 42  HKY+G4        6374.140     22  12792.280    12793.316    12900.251
 43  HKY+I+G4      6374.550     23  12795.101    12796.232    12907.979
 44  HKY+R2        6378.850     23  12803.700    12804.831    12916.579
 45  HKY+R3        6373.914     25  12797.828    12799.163    12920.522
 46  HKY+R4        Skipped 
 47  HKY+R5        Skipped 
 48  HKY+R6        Skipped 
 49  HKY+R7        Skipped 
 50  HKY+R8        Skipped 
 51  HKY+R9        Skipped 
 52  HKY+R10       Skipped 
 53  TNe           6775.840     19  13589.680    13590.456    13682.928
 54  TNe+I         6541.473     20  13122.945    13123.803    13221.100
 55  TNe+G4        6478.842     20  12997.685    12998.543    13095.840
 56  TNe+I+G4      6479.003     21  13000.006    13000.951    13103.069
 57  TNe+R2        6485.765     21  13013.531    13014.476    13116.594
 58  TNe+R3        6478.003     23  13002.007    13003.138    13114.885
 59  TNe+R4        6478.002     25  13006.003    13007.338    13128.697
 60  TNe+R5        Skipped 
 61  TNe+R6        Skipped 
 62  TNe+R7        Skipped 
 63  TNe+R8        Skipped 
 64  TNe+R9        Skipped 
 65  TNe+R10       Skipped 
 66  TN            6670.102     22  13384.204    13385.240    13492.175
 67  TN+I          6439.555     23  12925.111    12926.242    13037.989
 68  TN+G4         6374.043     23  12794.087    12795.218    12906.965
 69  TN+I+G4       6374.401     24  12796.801    12798.032    12914.588
 70  TN+R2         6378.790     24  12805.580    12806.811    12923.366
 71  TN+R3         6373.806     26  12799.612    12801.055    12927.214
 72  TN+R4         Skipped 
 73  TN+R5         Skipped 
 74  TN+R6         Skipped 
 75  TN+R7         Skipped 
 76  TN+R8         Skipped 
 77  TN+R9         Skipped 
 78  TN+R10        Skipped 
 79  K3P           6771.756     19  13581.512    13582.288    13674.760
 80  K3P+I         6536.803     20  13113.606    13114.464    13211.761
 81  K3P+G4        6476.834     20  12993.669    12994.527    13091.824
 82  K3P+I+G4      6477.064     21  12996.129    12997.073    13099.191
 83  K3P+R2        6482.657     21  13007.313    13008.258    13110.376
 84  K3P+R3        6476.434     23  12998.868    12999.999    13111.746
 85  K3P+R4        Skipped 
 86  K3P+R5        Skipped 
 87  K3P+R6        Skipped 
 88  K3P+R7        Skipped 
 89  K3P+R8        Skipped 
 90  K3P+R9        Skipped 
 91  K3P+R10       Skipped 
 92  K3Pu          6656.122     22  13356.245    13357.280    13464.215
 93  K3Pu+I        6425.382     23  12896.764    12897.895    13009.643
 94  K3Pu+G4       6357.945     23  12761.890    12763.021    12874.768
 95  K3Pu+I+G4     6358.379     24  12764.758    12765.989    12882.545
 96  K3Pu+R2       6361.295     24  12770.590    12771.821    12888.376
 97  K3Pu+R3       6357.549     26  12767.098    12768.541    12894.700
 98  K3Pu+R4       Skipped 
 99  K3Pu+R5       Skipped 
100  K3Pu+R6       Skipped 
101  K3Pu+R7       Skipped 
102  K3Pu+R8       Skipped 
103  K3Pu+R9       Skipped 
104  K3Pu+R10      Skipped 
105  TPM2          6670.055     22  13384.110    13385.146    13492.080
106  TPM2+I        6438.422     23  12922.844    12923.976    13035.723
107  TPM2+G4       6373.774     23  12793.548    12794.680    12906.427
108  TPM2+I+G4     6374.227     24  12796.455    12797.686    12914.241
109  TPM2+R2       6378.433     24  12804.867    12806.098    12922.653
110  TPM2+R3       6373.536     26  12799.072    12800.515    12926.674
111  TPM2+R4       Skipped 
112  TPM2+R5       Skipped 
113  TPM2+R6       Skipped 
114  TPM2+R7       Skipped 
115  TPM2+R8       Skipped 
116  TPM2+R9       Skipped 
117  TPM2+R10      Skipped 
118  TPM2u         6670.071     22  13384.141    13385.177    13492.112
119  TPM2u+I       6438.418     23  12922.836    12923.967    13035.714
120  TPM2u+G4      6373.769     23  12793.537    12794.668    12906.416
121  TPM2u+I+G4    6374.201     24  12796.402    12797.633    12914.189
122  TPM2u+R2      6378.431     24  12804.863    12806.094    12922.649
123  TPM2u+R3      6373.521     26  12799.042    12800.485    12926.643
124  TPM2u+R4      Skipped 
125  TPM2u+R5      Skipped 
126  TPM2u+R6      Skipped 
127  TPM2u+R7      Skipped 
128  TPM2u+R8      Skipped 
129  TPM2u+R9      Skipped 
130  TPM2u+R10     Skipped 
131  TPM3          6643.875     22  13331.750    13332.786    13439.721
132  TPM3+I        6416.803     23  12879.605    12880.737    12992.484
133  TPM3+G4       6351.639     23  12749.277    12750.408    12862.155
134  TPM3+I+G4     6351.848     24  12751.697    12752.928    12869.483
135  TPM3+R2       6354.037     24  12756.074    12757.305    12873.860
136  TPM3+R3       6350.439     26  12752.878    12754.321    12880.480
137  TPM3+R4       Skipped 
138  TPM3+R5       Skipped 
139  TPM3+R6       Skipped 
140  TPM3+R7       Skipped 
141  TPM3+R8       Skipped 
142  TPM3+R9       Skipped 
143  TPM3+R10      Skipped 
144  TPM3u         6643.919     22  13331.838    13332.874    13439.809
145  TPM3u+I       6416.806     23  12879.613    12880.744    12992.491
146  TPM3u+G4      6351.661     23  12749.322    12750.453    12862.200
147  TPM3u+I+G4    6351.838     24  12751.676    12752.907    12869.462
148  TPM3u+R2      6354.007     24  12756.015    12757.245    12873.801
149  TPM3u+R3      6350.403     26  12752.805    12754.248    12880.407
150  TPM3u+R4      Skipped 
151  TPM3u+R5      Skipped 
152  TPM3u+R6      Skipped 
153  TPM3u+R7      Skipped 
154  TPM3u+R8      Skipped 
155  TPM3u+R9      Skipped 
156  TPM3u+R10     Skipped 
157  TIMe          6770.020     20  13580.041    13580.899    13678.196
158  TIMe+I        6534.476     21  13110.951    13111.896    13214.014
159  TIMe+G4       6471.437     21  12984.873    12985.818    13087.936
160  TIMe+I+G4     6471.584     22  12987.167    12988.203    13095.138
161  TIMe+R2       6477.812     22  12999.624    13000.660    13107.594
162  TIMe+R3       6470.999     24  12989.998    12991.229    13107.784
163  TIMe+R4       Skipped 
164  TIMe+R5       Skipped 
165  TIMe+R6       Skipped 
166  TIMe+R7       Skipped 
167  TIMe+R8       Skipped 
168  TIMe+R9       Skipped 
169  TIMe+R10      Skipped 
170  TIM           6654.696     23  13355.392    13356.523    13468.270
171  TIM+I         6424.333     24  12896.665    12897.896    13014.451
172  TIM+G4        6357.920     24  12763.840    12765.071    12881.626
173  TIM+I+G4      6358.304     25  12766.608    12767.942    12889.302
174  TIM+R2        6361.292     25  12772.584    12773.919    12895.278
175  TIM+R3        6357.545     27  12769.090    12770.646    12901.600
176  TIM+R4        Skipped 
177  TIM+R5        Skipped 
178  TIM+R6        Skipped 
179  TIM+R7        Skipped 
180  TIM+R8        Skipped 
181  TIM+R9        Skipped 
182  TIM+R10       Skipped 
183  TIM2e         6764.639     20  13569.278    13570.136    13667.433
184  TIM2e+I       6527.650     21  13097.299    13098.244    13200.362
185  TIM2e+G4      6461.775     21  12965.550    12966.495    13068.613
186  TIM2e+I+G4    6461.686     22  12967.371    12968.407    13075.342
187  TIM2e+R2      6470.647     22  12985.293    12986.329    13093.264
188  TIM2e+R3      6460.422     24  12968.843    12970.074    13086.629
189  TIM2e+R4      6460.336     26  12972.672    12974.115    13100.273
190  TIM2e+R5      Skipped 
191  TIM2e+R6      Skipped 
192  TIM2e+R7      Skipped 
193  TIM2e+R8      Skipped 
194  TIM2e+R9      Skipped 
195  TIM2e+R10     Skipped 
196  TIM2          6668.721     23  13383.443    13384.574    13496.321
197  TIM2+I        6437.444     24  12922.888    12924.119    13040.674
198  TIM2+G4       6373.637     24  12795.273    12796.504    12913.059
199  TIM2+I+G4     6373.837     25  12797.675    12799.010    12920.369
200  TIM2+R2       6378.370     25  12806.740    12808.074    12929.434
201  TIM2+R3       6373.412     27  12800.823    12802.379    12933.333
202  TIM2+R4       Skipped 
203  TIM2+R5       Skipped 
204  TIM2+R6       Skipped 
205  TIM2+R7       Skipped 
206  TIM2+R8       Skipped 
207  TIM2+R9       Skipped 
208  TIM2+R10      Skipped 
209  TIM3e         6767.964     20  13575.929    13576.787    13674.084
210  TIM3e+I       6534.355     21  13110.709    13111.654    13213.772
211  TIM3e+G4      6473.004     21  12988.007    12988.952    13091.070
212  TIM3e+I+G4    6473.116     22  12990.232    12991.267    13098.202
213  TIM3e+R2      6478.702     22  13001.403    13002.439    13109.374
214  TIM3e+R3      6472.645     24  12993.291    12994.522    13111.077
215  TIM3e+R4      Skipped 
216  TIM3e+R5      Skipped 
217  TIM3e+R6      Skipped 
218  TIM3e+R7      Skipped 
219  TIM3e+R8      Skipped 
220  TIM3e+R9      Skipped 
221  TIM3e+R10     Skipped 
222  TIM3          6641.606     23  13329.213    13330.344    13442.091
223  TIM3+I        6415.763     24  12879.526    12880.756    12997.312
224  TIM3+G4       6351.448     24  12750.897    12752.128    12868.683
225  TIM3+I+G4     6351.553     25  12753.106    12754.440    12875.800
226  TIM3+R2       6353.979     25  12757.957    12759.292    12880.651
227  TIM3+R3       6350.256     27  12754.511    12756.067    12887.021
228  TIM3+R4       Skipped 
229  TIM3+R5       Skipped 
230  TIM3+R6       Skipped 
231  TIM3+R7       Skipped 
232  TIM3+R8       Skipped 
233  TIM3+R9       Skipped 
234  TIM3+R10      Skipped 
235  TVMe          6754.910     21  13551.820    13552.765    13654.883
236  TVMe+I        6518.047     22  13080.093    13081.129    13188.064
237  TVMe+G4       6456.303     22  12956.605    12957.641    13064.576
238  TVMe+I+G4     6456.213     23  12958.426    12959.557    13071.304
239  TVMe+R2       6463.301     23  12972.601    12973.732    13085.480
240  TVMe+R3       6455.637     25  12961.275    12962.609    13083.969
241  TVMe+R4       6455.543     27  12965.086    12966.641    13097.595
242  TVMe+R5       Skipped 
243  TVMe+R6       Skipped 
244  TVMe+R7       Skipped 
245  TVMe+R8       Skipped 
246  TVMe+R9       Skipped 
247  TVMe+R10      Skipped 
248  TVM           6636.866     24  13321.733    13322.963    13439.519
249  TVM+I         6408.064     25  12866.128    12867.462    12988.822
250  TVM+G4        6343.452     25  12736.904    12738.239    12859.598
251  TVM+I+G4      6343.619     26  12739.238    12740.681    12866.840
252  TVM+R2        6346.072     26  12744.144    12745.587    12871.746
253  TVM+R3        6342.438     28  12740.877    12742.549    12878.294
254  TVM+R4        Skipped 
255  TVM+R5        Skipped 
256  TVM+R6        Skipped 
257  TVM+R7        Skipped 
258  TVM+R8        Skipped 
259  TVM+R9        Skipped 
260  TVM+R10       Skipped 
261  SYM           6753.516     22  13551.032    13552.068    13659.003
262  SYM+I         6515.831     23  13077.662    13078.793    13190.540
263  SYM+G4        6449.401     23  12944.802    12945.934    13057.681
264  SYM+I+G4      6449.426     24  12946.853    12948.084    13064.639
265  SYM+R2        6457.264     24  12962.527    12963.758    13080.313
266  SYM+R3        6448.741     26  12949.482    12950.925    13077.084
267  SYM+R4        6448.644     28  12953.287    12954.960    13090.704
268  SYM+R5        Skipped 
269  SYM+R6        Skipped 
270  SYM+R7        Skipped 
271  SYM+R8        Skipped 
272  SYM+R9        Skipped 
273  SYM+R10       Skipped 
274  GTR           6634.600     25  13319.200    13320.534    13441.894
275  GTR+I         6407.067     26  12866.134    12867.577    12993.736
276  GTR+G4        6343.201     26  12738.403    12739.845    12866.004
277  GTR+I+G4      6343.290     27  12740.579    12742.135    12873.088
278  GTR+R2        6345.978     27  12745.956    12747.512    12878.466
279  GTR+R3        6342.174     29  12742.349    12744.143    12884.674
280  GTR+R4        Skipped 
281  GTR+R5        Skipped 
282  GTR+R6        Skipped 
283  GTR+R7        Skipped 
284  GTR+R8        Skipped 
285  GTR+R9        Skipped 
286  GTR+R10       Skipped 
Akaike Information Criterion:           TVM+G4
Corrected Akaike Information Criterion: TVM+G4
Bayesian Information Criterion:         TVM+G4
Best-fit model: TVM+G4 chosen according to BIC

All model information printed to ./results/gene19.phy.model
CPU time for ModelFinder: 7.528 seconds (0h:0m:7s)
Wall-clock time for ModelFinder: 7.960 seconds (0h:0m:7s)
Generating 1000 samples for ultrafast bootstrap (seed: 781015)...

NOTE: 2 MB RAM (0 GB) is required!
Estimate model parameters (epsilon = 0.100)
1. Initial log-likelihood: -6626.953
2. Current log-likelihood: -6353.132
3. Current log-likelihood: -6345.254
4. Current log-likelihood: -6344.956
Optimal log-likelihood: -6344.922
Rate parameters:  A-C: 2.504  A-G: 4.750  A-T: 0.553  C-G: 0.962  C-T: 4.750  G-T: 1.000
Base frequencies:   A: 0.378  C: 0.152  G: 0.210  T: 0.261
Gamma shape alpha: 0.522
Parameters optimization took 4 rounds (0.076 sec)
Computing ML distances based on estimated model parameters... 0.001 sec
Computing BIONJ tree...
0.000 seconds
Log-likelihood of BIONJ tree: -6349.089
--------------------------------------------------------------------
|             INITIALIZING CANDIDATE TREE SET                      |
--------------------------------------------------------------------
Generating 98 parsimony trees... 0.068 second
Computing log-likelihood of 94 initial trees ... 0.354 seconds
Current best score: -6344.922

Do NNI search on 20 best initial trees
Estimate model parameters (epsilon = 0.100)
BETTER TREE FOUND at iteration 1: -6343.886
Estimate model parameters (epsilon = 0.100)
BETTER TREE FOUND at iteration 3: -6342.232
Iteration 10 / LogL: -6345.233 / Time: 0h:0m:8s
WARNING: NNI search needs unusual large number of steps (7) to converge!
UPDATE BEST LOG-LIKELIHOOD: -6342.232
Iteration 20 / LogL: -6344.582 / Time: 0h:0m:9s
Finish initializing candidate tree set (9)
Current best tree score: -6342.232 / CPU time: 1.695
Number of iterations: 20
--------------------------------------------------------------------
|               OPTIMIZING CANDIDATE TREE SET                      |
--------------------------------------------------------------------
UPDATE BEST LOG-LIKELIHOOD: -6342.232
Iteration 30 / LogL: -6342.634 / Time: 0h:0m:10s (0h:0m:5s left)
Estimate model parameters (epsilon = 0.100)
BETTER TREE FOUND at iteration 38: -6342.138
Iteration 40 / LogL: -6342.250 / Time: 0h:0m:10s (0h:0m:6s left)
Iteration 50 / LogL: -6342.248 / Time: 0h:0m:11s (0h:0m:5s left)
Log-likelihood cutoff on original alignment: -6354.518
BETTER TREE FOUND at iteration 53: -6342.131
UPDATE BEST LOG-LIKELIHOOD: -6342.127
UPDATE BEST LOG-LIKELIHOOD: -6342.127
UPDATE BEST LOG-LIKELIHOOD: -6342.127
Iteration 60 / LogL: -6342.248 / Time: 0h:0m:11s (0h:0m:5s left)
Iteration 70 / LogL: -6342.248 / Time: 0h:0m:11s (0h:0m:4s left)
UPDATE BEST LOG-LIKELIHOOD: -6342.127
UPDATE BEST LOG-LIKELIHOOD: -6342.127
Iteration 80 / LogL: -6342.647 / Time: 0h:0m:12s (0h:0m:3s left)
Iteration 90 / LogL: -6342.127 / Time: 0h:0m:12s (0h:0m:3s left)
Iteration 100 / LogL: -6342.128 / Time: 0h:0m:13s (0h:0m:2s left)
Log-likelihood cutoff on original alignment: -6354.518
NOTE: Bootstrap correlation coefficient of split occurrence frequencies: 0.962
NOTE: UFBoot does not converge, continue at least 100 more iterations
Iteration 110 / LogL: -6342.137 / Time: 0h:0m:13s (0h:0m:4s left)
Iteration 120 / LogL: -6342.137 / Time: 0h:0m:13s (0h:0m:3s left)
Iteration 130 / LogL: -6342.127 / Time: 0h:0m:14s (0h:0m:3s left)
UPDATE BEST LOG-LIKELIHOOD: -6342.127
Iteration 140 / LogL: -6342.267 / Time: 0h:0m:14s (0h:0m:2s left)
UPDATE BEST LOG-LIKELIHOOD: -6342.127
Iteration 150 / LogL: -6342.127 / Time: 0h:0m:15s (0h:0m:2s left)
Log-likelihood cutoff on original alignment: -6354.518
Iteration 160 / LogL: -6342.127 / Time: 0h:0m:15s (0h:0m:1s left)
Iteration 170 / LogL: -6342.248 / Time: 0h:0m:15s (0h:0m:1s left)
Iteration 180 / LogL: -6342.127 / Time: 0h:0m:16s (0h:0m:0s left)
Iteration 190 / LogL: -6342.248 / Time: 0h:0m:16s (0h:0m:0s left)
Iteration 200 / LogL: -6342.248 / Time: 0h:0m:17s (0h:0m:0s left)
Log-likelihood cutoff on original alignment: -6354.518
NOTE: Bootstrap correlation coefficient of split occurrence frequencies: 0.992
TREE SEARCH COMPLETED AFTER 200 ITERATIONS / Time: 0h:0m:17s

--------------------------------------------------------------------
|                    FINALIZING TREE SEARCH                        |
--------------------------------------------------------------------
Performs final model parameters optimization
Estimate model parameters (epsilon = 0.010)
1. Initial log-likelihood: -6342.127
2. Current log-likelihood: -6342.111
3. Current log-likelihood: -6342.100
4. Current log-likelihood: -6342.089
5. Current log-likelihood: -6342.070
Optimal log-likelihood: -6342.065
Rate parameters:  A-C: 2.530  A-G: 4.863  A-T: 0.522  C-G: 1.050  C-T: 4.863  G-T: 1.000
Base frequencies:   A: 0.378  C: 0.152  G: 0.210  T: 0.261
Gamma shape alpha: 0.516
Parameters optimization took 5 rounds (0.032 sec)
BEST SCORE FOUND : -6342.065
Creating bootstrap support values...
Split supports printed to NEXUS file ./results/gene19.phy.splits.nex
Total tree length: 2.270

Total number of iterations: 200
CPU time used for tree search: 8.812 sec (0h:0m:8s)
Wall-clock time used for tree search: 9.127 sec (0h:0m:9s)
Total CPU time used: 16.507 sec (0h:0m:16s)
Total wall-clock time used: 17.254 sec (0h:0m:17s)

Computing bootstrap consensus tree...
Reading input file ./results/gene19.phy.splits.nex...
10 taxa and 151 splits.
Consensus tree written to ./results/gene19.phy.contree
Reading input trees file ./results/gene19.phy.contree
Log-likelihood of consensus tree: -6342.218

Analysis results written to: 
  IQ-TREE report:                ./results/gene19.phy.iqtree
  Maximum-likelihood tree:       ./results/gene19.phy.treefile
  Likelihood distances:          ./results/gene19.phy.mldist

Ultrafast bootstrap approximation results written to:
  Split support values:          ./results/gene19.phy.splits.nex
  Consensus tree:                ./results/gene19.phy.contree
  Screen log file:               ./results/gene19.phy.log

Date and Time: Tue Aug 22 17:07:50 2017
