IQ-TREE multicore version 1.5.4 for Linux 64-bit built Apr  2 2017
Copyright (c) 2011-2017 by Bui Quang Minh, Nguyen Lam Tung,
Olga Chernomor, Heiko Schmidt, and Arndt von Haeseler.

Host:    hpc-crick (AVX, 251 GB RAM)
Command: iqtree -s ./results/gene8.phy -nt 1 -bb 1000
Seed:    479442 (Using SPRNG - Scalable Parallel Random Number Generator)
Time:    Tue Aug 22 17:51:13 2017
Kernel:  AVX - 1 threads (40 CPU cores detected)

Reading alignment file ./results/gene8.phy ... Phylip format detected
Alignment most likely contains DNA/RNA sequences
Alignment has 10 sequences with 1000 columns and 439 patterns (308 informative sites, 422 constant sites)
   Gap/Ambiguity  Composition  p-value
   1  A    0.00%    passed     70.08%
   2  B    0.00%    passed     42.19%
   3  C    0.00%    passed     51.68%
   4  D    0.00%    passed     92.12%
   5  E    0.00%    passed     85.49%
   6  F    0.00%    passed     81.79%
   7  G    0.00%    passed     97.93%
   8  H    0.00%    passed     94.26%
   9  I    0.00%    passed     96.62%
  10  J    0.00%    passed     82.45%
****  TOTAL    0.00%  0 sequences failed composition chi2 test (p-value<5%; df=3)

Create initial parsimony tree by phylogenetic likelihood library (PLL)... 0.000 seconds

NOTE: ModelFinder requires 3 MB RAM!
ModelFinder will test 286 DNA models (sample size: 1000) ...
 No. Model         -LnL         df  AIC          AICc         BIC
  1  JC            6920.123     17  13874.246    13874.869    13957.678
  2  JC+I          6700.725     18  13437.449    13438.147    13525.789
  3  JC+G4         6660.028     18  13356.057    13356.754    13444.397
  4  JC+I+G4       6659.661     19  13357.322    13358.098    13450.570
  5  JC+R2         6665.555     19  13369.111    13369.886    13462.358
  6  JC+R3         6658.854     21  13359.708    13360.653    13462.771
  7  JC+R4         Skipped 
  8  JC+R5         Skipped 
  9  JC+R6         Skipped 
 10  JC+R7         Skipped 
 11  JC+R8         Skipped 
 12  JC+R9         Skipped 
 13  JC+R10        Skipped 
 14  F81           6830.678     20  13701.356    13702.214    13799.511
 15  F81+I         6608.914     21  13259.828    13260.773    13362.891
 16  F81+G4        6563.085     21  13168.171    13169.116    13271.234
 17  F81+I+G4      6562.821     22  13169.643    13170.679    13277.614
 18  F81+R2        6569.080     22  13182.159    13183.195    13290.130
 19  F81+R3        6562.164     24  13172.328    13173.558    13290.114
 20  F81+R4        6562.231     26  13176.463    13177.906    13304.064
 21  F81+R5        Skipped 
 22  F81+R6        Skipped 
 23  F81+R7        Skipped 
 24  F81+R8        Skipped 
 25  F81+R9        Skipped 
 26  F81+R10       Skipped 
 27  K2P           6754.233     18  13544.466    13545.164    13632.806
 28  K2P+I         6524.773     19  13087.547    13088.322    13180.794
 29  K2P+G4        6470.619     19  12979.239    12980.014    13072.486
 30  K2P+I+G4      6470.386     20  12980.771    12981.629    13078.926
 31  K2P+R2        6481.098     20  13002.196    13003.054    13100.351
 32  K2P+R3        6467.708     22  12979.415    12980.451    13087.386
 33  K2P+R4        6467.620     24  12983.241    12984.472    13101.027
 34  K2P+R5        Skipped 
 35  K2P+R6        Skipped 
 36  K2P+R7        Skipped 
 37  K2P+R8        Skipped 
 38  K2P+R9        Skipped 
 39  K2P+R10       Skipped 
 40  HKY           6658.069     21  13358.137    13359.082    13461.200
 41  HKY+I         6430.067     22  12904.134    12905.170    13012.105
 42  HKY+G4        6366.498     22  12776.995    12778.031    12884.966
 43  HKY+I+G4      6366.374     23  12778.748    12779.879    12891.626
 44  HKY+R2        6377.448     23  12800.896    12802.027    12913.775
 45  HKY+R3        6364.725     25  12779.451    12780.785    12902.144
 46  HKY+R4        6364.696     27  12783.393    12784.948    12915.902
 47  HKY+R5        Skipped 
 48  HKY+R6        Skipped 
 49  HKY+R7        Skipped 
 50  HKY+R8        Skipped 
 51  HKY+R9        Skipped 
 52  HKY+R10       Skipped 
 53  TNe           6752.397     19  13542.793    13543.569    13636.041
 54  TNe+I         6522.967     20  13085.934    13086.792    13184.090
 55  TNe+G4        6466.472     20  12972.944    12973.802    13071.099
 56  TNe+I+G4      6466.308     21  12974.616    12975.561    13077.679
 57  TNe+R2        6477.068     21  12996.137    12997.082    13099.200
 58  TNe+R3        6463.715     23  12973.430    12974.561    13086.309
 59  TNe+R4        6463.647     25  12977.295    12978.629    13099.988
 60  TNe+R5        Skipped 
 61  TNe+R6        Skipped 
 62  TNe+R7        Skipped 
 63  TNe+R8        Skipped 
 64  TNe+R9        Skipped 
 65  TNe+R10       Skipped 
 66  TN            6657.696     22  13359.392    13360.428    13467.363
 67  TN+I          6429.601     23  12905.201    12906.332    13018.080
 68  TN+G4         6366.545     23  12779.091    12780.222    12891.969
 69  TN+I+G4       6366.361     24  12780.721    12781.952    12898.507
 70  TN+R2         6377.446     24  12802.892    12804.123    12920.678
 71  TN+R3         6364.685     26  12781.370    12782.813    12908.972
 72  TN+R4         6364.674     28  12785.347    12787.020    12922.764
 73  TN+R5         Skipped 
 74  TN+R6         Skipped 
 75  TN+R7         Skipped 
 76  TN+R8         Skipped 
 77  TN+R9         Skipped 
 78  TN+R10        Skipped 
 79  K3P           6742.721     19  13523.443    13524.218    13616.690
 80  K3P+I         6511.987     20  13063.973    13064.831    13162.128
 81  K3P+G4        6453.797     20  12947.594    12948.452    13045.749
 82  K3P+I+G4      6453.688     21  12949.375    12950.320    13052.438
 83  K3P+R2        6464.589     21  12971.178    12972.122    13074.241
 84  K3P+R3        6450.881     23  12947.762    12948.893    13060.640
 85  K3P+R4        6450.844     25  12951.688    12953.023    13074.382
 86  K3P+R5        Skipped 
 87  K3P+R6        Skipped 
 88  K3P+R7        Skipped 
 89  K3P+R8        Skipped 
 90  K3P+R9        Skipped 
 91  K3P+R10       Skipped 
 92  K3Pu          6638.095     22  13320.190    13321.226    13428.161
 93  K3Pu+I        6411.636     23  12869.271    12870.402    12982.149
 94  K3Pu+G4       6341.205     23  12728.411    12729.542    12841.289
 95  K3Pu+I+G4     6341.393     24  12730.786    12732.016    12848.572
 96  K3Pu+R2       6352.649     24  12753.298    12754.529    12871.084
 97  K3Pu+R3       6339.736     26  12731.473    12732.916    12859.074
 98  K3Pu+R4       6339.725     28  12735.449    12737.122    12872.866
 99  K3Pu+R5       Skipped 
100  K3Pu+R6       Skipped 
101  K3Pu+R7       Skipped 
102  K3Pu+R8       Skipped 
103  K3Pu+R9       Skipped 
104  K3Pu+R10      Skipped 
105  TPM2          6653.212     22  13350.424    13351.460    13458.395
106  TPM2+I        6422.702     23  12891.403    12892.534    13004.281
107  TPM2+G4       6362.369     23  12770.738    12771.870    12883.617
108  TPM2+I+G4     6362.124     24  12772.248    12773.479    12890.034
109  TPM2+R2       6373.274     24  12794.547    12795.778    12912.333
110  TPM2+R3       6359.891     26  12771.783    12773.226    12899.385
111  TPM2+R4       6359.871     28  12775.742    12777.415    12913.160
112  TPM2+R5       Skipped 
113  TPM2+R6       Skipped 
114  TPM2+R7       Skipped 
115  TPM2+R8       Skipped 
116  TPM2+R9       Skipped 
117  TPM2+R10      Skipped 
118  TPM2u         6653.288     22  13350.576    13351.612    13458.547
119  TPM2u+I       6422.689     23  12891.379    12892.510    13004.257
120  TPM2u+G4      6362.376     23  12770.753    12771.884    12883.631
121  TPM2u+I+G4    6362.118     24  12772.236    12773.467    12890.022
122  TPM2u+R2      6373.263     24  12794.527    12795.757    12912.313
123  TPM2u+R3      6359.885     26  12771.770    12773.213    12899.372
124  TPM2u+R4      6359.860     28  12775.719    12777.392    12913.137
125  TPM2u+R5      Skipped 
126  TPM2u+R6      Skipped 
127  TPM2u+R7      Skipped 
128  TPM2u+R8      Skipped 
129  TPM2u+R9      Skipped 
130  TPM2u+R10     Skipped 
131  TPM3          6626.655     22  13297.311    13298.346    13405.281
132  TPM3+I        6408.002     23  12862.004    12863.135    12974.882
133  TPM3+G4       6339.315     23  12724.631    12725.762    12837.509
134  TPM3+I+G4     6339.685     24  12727.371    12728.601    12845.157
135  TPM3+R2       6350.379     24  12748.759    12749.990    12866.545
136  TPM3+R3       6337.553     26  12727.106    12728.549    12854.708
137  TPM3+R4       6337.540     28  12731.080    12732.753    12868.498
138  TPM3+R5       Skipped 
139  TPM3+R6       Skipped 
140  TPM3+R7       Skipped 
141  TPM3+R8       Skipped 
142  TPM3+R9       Skipped 
143  TPM3+R10      Skipped 
144  TPM3u         6626.580     22  13297.160    13298.196    13405.130
145  TPM3u+I       6408.029     23  12862.057    12863.189    12974.936
146  TPM3u+G4      6339.346     23  12724.692    12725.823    12837.570
147  TPM3u+I+G4    6339.657     24  12727.314    12728.544    12845.100
148  TPM3u+R2      6350.370     24  12748.740    12749.971    12866.527
149  TPM3u+R3      6337.537     26  12727.075    12728.518    12854.676
150  TPM3u+R4      6337.525     28  12731.051    12732.723    12868.468
151  TPM3u+R5      Skipped 
152  TPM3u+R6      Skipped 
153  TPM3u+R7      Skipped 
154  TPM3u+R8      Skipped 
155  TPM3u+R9      Skipped 
156  TPM3u+R10     Skipped 
157  TIMe          6740.940     20  13521.879    13522.737    13620.034
158  TIMe+I        6510.235     21  13062.469    13063.414    13165.532
159  TIMe+G4       6449.740     21  12941.480    12942.425    13044.543
160  TIMe+I+G4     6449.607     22  12943.214    12944.250    13051.184
161  TIMe+R2       6460.578     22  12965.157    12966.193    13073.128
162  TIMe+R3       6446.809     24  12941.618    12942.849    13059.404
163  TIMe+R4       6446.798     26  12945.595    12947.038    13073.197
164  TIMe+R5       Skipped 
165  TIMe+R6       Skipped 
166  TIMe+R7       Skipped 
167  TIMe+R8       Skipped 
168  TIMe+R9       Skipped 
169  TIMe+R10      Skipped 
170  TIM           6637.716     23  13321.433    13322.564    13434.311
171  TIM+I         6411.192     24  12870.385    12871.616    12988.171
172  TIM+G4        6341.142     24  12730.283    12731.514    12848.069
173  TIM+I+G4      6341.182     25  12732.364    12733.699    12855.058
174  TIM+R2        6352.612     25  12755.224    12756.558    12877.917
175  TIM+R3        6339.672     27  12733.345    12734.900    12865.854
176  TIM+R4        6339.664     29  12737.327    12739.121    12879.652
177  TIM+R5        Skipped 
178  TIM+R6        Skipped 
179  TIM+R7        Skipped 
180  TIM+R8        Skipped 
181  TIM+R9        Skipped 
182  TIM+R10       Skipped 
183  TIM2e         6733.942     20  13507.884    13508.742    13606.040
184  TIM2e+I       6499.732     21  13041.463    13042.408    13144.526
185  TIM2e+G4      6436.566     21  12915.132    12916.077    13018.195
186  TIM2e+I+G4    6436.235     22  12916.471    12917.506    13024.441
187  TIM2e+R2      6448.798     22  12941.596    12942.632    13049.567
188  TIM2e+R3      6433.254     24  12914.509    12915.740    13032.295
189  TIM2e+R4      6433.209     26  12918.417    12919.860    13046.019
190  TIM2e+R5      Skipped 
191  TIM2e+R6      Skipped 
192  TIM2e+R7      Skipped 
193  TIM2e+R8      Skipped 
194  TIM2e+R9      Skipped 
195  TIM2e+R10     Skipped 
196  TIM2          6652.892     23  13351.785    13352.916    13464.663
197  TIM2+I        6422.329     24  12892.658    12893.889    13010.444
198  TIM2+G4       6362.318     24  12772.635    12773.866    12890.421
199  TIM2+I+G4     6362.003     25  12774.006    12775.341    12896.700
200  TIM2+R2       6373.265     25  12796.529    12797.864    12919.223
201  TIM2+R3       6359.756     27  12773.512    12775.068    12906.022
202  TIM2+R4       6359.751     29  12777.503    12779.297    12919.828
203  TIM2+R5       Skipped 
204  TIM2+R6       Skipped 
205  TIM2+R7       Skipped 
206  TIM2+R8       Skipped 
207  TIM2+R9       Skipped 
208  TIM2+R10      Skipped 
209  TIM3e         6735.797     20  13511.593    13512.451    13609.749
210  TIM3e+I       6510.085     21  13062.169    13063.114    13165.232
211  TIM3e+G4      6451.810     21  12945.619    12946.564    13048.682
212  TIM3e+I+G4    6451.752     22  12947.504    12948.540    13055.475
213  TIM3e+R2      6462.311     22  12968.623    12969.659    13076.593
214  TIM3e+R3      6448.885     24  12945.770    12947.001    13063.556
215  TIM3e+R4      6448.877     26  12949.755    12951.198    13077.356
216  TIM3e+R5      Skipped 
217  TIM3e+R6      Skipped 
218  TIM3e+R7      Skipped 
219  TIM3e+R8      Skipped 
220  TIM3e+R9      Skipped 
221  TIM3e+R10     Skipped 
222  TIM3          6625.693     23  13297.387    13298.518    13410.265
223  TIM3+I        6407.629     24  12863.258    12864.489    12981.044
224  TIM3+G4       6339.317     24  12726.634    12727.865    12844.421
225  TIM3+I+G4     6339.585     25  12729.170    12730.505    12851.864
226  TIM3+R2       6350.367     25  12750.734    12752.069    12873.428
227  TIM3+R3       6337.526     27  12729.052    12730.608    12861.562
228  TIM3+R4       6337.525     29  12733.049    12734.843    12875.374
229  TIM3+R5       Skipped 
230  TIM3+R6       Skipped 
231  TIM3+R7       Skipped 
232  TIM3+R8       Skipped 
233  TIM3+R9       Skipped 
234  TIM3+R10      Skipped 
235  TVMe          6714.756     21  13471.512    13472.457    13574.575
236  TVMe+I        6482.809     22  13009.618    13010.653    13117.588
237  TVMe+G4       6417.189     22  12878.378    12879.414    12986.348
238  TVMe+I+G4     6417.147     23  12880.295    12881.426    12993.173
239  TVMe+R2       6429.233     23  12904.467    12905.598    13017.345
240  TVMe+R3       6413.906     25  12877.813    12879.148    13000.507
241  TVMe+R4       6413.897     27  12881.794    12883.349    13014.303
242  TVMe+R5       Skipped 
243  TVMe+R6       Skipped 
244  TVMe+R7       Skipped 
245  TVMe+R8       Skipped 
246  TVMe+R9       Skipped 
247  TVMe+R10      Skipped 
248  TVM           6614.769     24  13277.539    13278.770    13395.325
249  TVM+I         6393.060     25  12836.121    12837.455    12958.814
250  TVM+G4        6323.304     25  12696.607    12697.942    12819.301
251  TVM+I+G4      6323.716     26  12699.433    12700.876    12827.034
252  TVM+R2        6334.454     26  12720.907    12722.350    12848.509
253  TVM+R3        6321.229     28  12698.458    12700.131    12835.875
254  TVM+R4        6321.224     30  12702.449    12704.368    12849.682
255  TVM+R5        Skipped 
256  TVM+R6        Skipped 
257  TVM+R7        Skipped 
258  TVM+R8        Skipped 
259  TVM+R9        Skipped 
260  TVM+R10       Skipped 
261  SYM           6713.206     22  13470.413    13471.449    13578.384
262  SYM+I         6480.862     23  13007.723    13008.854    13120.602
263  SYM+G4        6411.495     23  12868.989    12870.121    12981.868
264  SYM+I+G4      6411.525     24  12871.049    12872.280    12988.835
265  SYM+R2        6423.771     24  12895.543    12896.773    13013.329
266  SYM+R3        6408.359     26  12868.718    12870.161    12996.320
267  SYM+R4        6408.346     28  12872.692    12874.365    13010.110
268  SYM+R5        Skipped 
269  SYM+R6        Skipped 
270  SYM+R7        Skipped 
271  SYM+R8        Skipped 
272  SYM+R9        Skipped 
273  SYM+R10       Skipped 
274  GTR           6613.840     25  13277.681    13279.016    13400.375
275  GTR+I         6392.736     26  12837.472    12838.915    12965.074
276  GTR+G4        6323.218     26  12698.436    12699.879    12826.038
277  GTR+I+G4      6323.521     27  12701.043    12702.598    12833.552
278  GTR+R2        6334.348     27  12722.696    12724.252    12855.206
279  GTR+R3        6321.207     29  12700.414    12702.207    12842.738
280  GTR+R4        6321.197     31  12704.393    12706.443    12856.534
281  GTR+R5        Skipped 
282  GTR+R6        Skipped 
283  GTR+R7        Skipped 
284  GTR+R8        Skipped 
285  GTR+R9        Skipped 
286  GTR+R10       Skipped 
Akaike Information Criterion:           TVM+G4
Corrected Akaike Information Criterion: TVM+G4
Bayesian Information Criterion:         TVM+G4
Best-fit model: TVM+G4 chosen according to BIC

All model information printed to ./results/gene8.phy.model
CPU time for ModelFinder: 8.135 seconds (0h:0m:8s)
Wall-clock time for ModelFinder: 8.468 seconds (0h:0m:8s)
Generating 1000 samples for ultrafast bootstrap (seed: 479442)...

NOTE: 2 MB RAM (0 GB) is required!
Estimate model parameters (epsilon = 0.100)
1. Initial log-likelihood: -6621.691
2. Current log-likelihood: -6334.154
3. Current log-likelihood: -6325.019
4. Current log-likelihood: -6323.943
Optimal log-likelihood: -6323.842
Rate parameters:  A-C: 2.778  A-G: 4.939  A-T: 0.465  C-G: 0.736  C-T: 4.939  G-T: 1.000
Base frequencies:   A: 0.383  C: 0.168  G: 0.202  T: 0.247
Gamma shape alpha: 0.493
Parameters optimization took 4 rounds (0.084 sec)
Computing ML distances based on estimated model parameters... 0.001 sec
Computing BIONJ tree...
0.000 seconds
Log-likelihood of BIONJ tree: -6318.544
--------------------------------------------------------------------
|             INITIALIZING CANDIDATE TREE SET                      |
--------------------------------------------------------------------
Generating 98 parsimony trees... 0.063 second
Computing log-likelihood of 95 initial trees ... 0.326 seconds
Current best score: -6318.544

Do NNI search on 20 best initial trees
Estimate model parameters (epsilon = 0.100)
BETTER TREE FOUND at iteration 1: -6315.402
Estimate model parameters (epsilon = 0.100)
BETTER TREE FOUND at iteration 2: -6315.167
Iteration 10 / LogL: -6315.711 / Time: 0h:0m:9s
Iteration 20 / LogL: -6315.167 / Time: 0h:0m:9s
Finish initializing candidate tree set (5)
Current best tree score: -6315.167 / CPU time: 1.113
Number of iterations: 20
--------------------------------------------------------------------
|               OPTIMIZING CANDIDATE TREE SET                      |
--------------------------------------------------------------------
Iteration 30 / LogL: -6316.392 / Time: 0h:0m:10s (0h:0m:3s left)
UPDATE BEST LOG-LIKELIHOOD: -6315.167
Iteration 40 / LogL: -6315.169 / Time: 0h:0m:10s (0h:0m:2s left)
UPDATE BEST LOG-LIKELIHOOD: -6315.167
Iteration 50 / LogL: -6316.201 / Time: 0h:0m:10s (0h:0m:2s left)
Log-likelihood cutoff on original alignment: -6326.154
Iteration 60 / LogL: -6315.171 / Time: 0h:0m:11s (0h:0m:1s left)
Iteration 70 / LogL: -6315.170 / Time: 0h:0m:11s (0h:0m:1s left)
Iteration 80 / LogL: -6315.167 / Time: 0h:0m:11s (0h:0m:0s left)
Iteration 90 / LogL: -6315.388 / Time: 0h:0m:12s (0h:0m:0s left)
Iteration 100 / LogL: -6315.387 / Time: 0h:0m:12s (0h:0m:0s left)
Log-likelihood cutoff on original alignment: -6324.497
NOTE: Bootstrap correlation coefficient of split occurrence frequencies: 0.996
TREE SEARCH COMPLETED AFTER 103 ITERATIONS / Time: 0h:0m:13s

--------------------------------------------------------------------
|                    FINALIZING TREE SEARCH                        |
--------------------------------------------------------------------
Performs final model parameters optimization
Estimate model parameters (epsilon = 0.010)
1. Initial log-likelihood: -6315.167
2. Current log-likelihood: -6315.156
Optimal log-likelihood: -6315.148
Rate parameters:  A-C: 2.829  A-G: 4.978  A-T: 0.478  C-G: 0.686  C-T: 4.978  G-T: 1.000
Base frequencies:   A: 0.383  C: 0.168  G: 0.202  T: 0.247
Gamma shape alpha: 0.500
Parameters optimization took 2 rounds (0.023 sec)
BEST SCORE FOUND : -6315.148
Creating bootstrap support values...
Split supports printed to NEXUS file ./results/gene8.phy.splits.nex
Total tree length: 2.376

Total number of iterations: 103
CPU time used for tree search: 3.856 sec (0h:0m:3s)
Wall-clock time used for tree search: 4.571 sec (0h:0m:4s)
Total CPU time used: 12.140 sec (0h:0m:12s)
Total wall-clock time used: 13.222 sec (0h:0m:13s)

Computing bootstrap consensus tree...
Reading input file ./results/gene8.phy.splits.nex...
10 taxa and 124 splits.
Consensus tree written to ./results/gene8.phy.contree
Reading input trees file ./results/gene8.phy.contree
Log-likelihood of consensus tree: -6316.085

Analysis results written to: 
  IQ-TREE report:                ./results/gene8.phy.iqtree
  Maximum-likelihood tree:       ./results/gene8.phy.treefile
  Likelihood distances:          ./results/gene8.phy.mldist

Ultrafast bootstrap approximation results written to:
  Split support values:          ./results/gene8.phy.splits.nex
  Consensus tree:                ./results/gene8.phy.contree
  Screen log file:               ./results/gene8.phy.log

Date and Time: Tue Aug 22 17:51:27 2017
