IQ-TREE multicore version 1.5.4 for Linux 64-bit built Apr  2 2017
Copyright (c) 2011-2017 by Bui Quang Minh, Nguyen Lam Tung,
Olga Chernomor, Heiko Schmidt, and Arndt von Haeseler.

Host:    hpc-crick (AVX, 251 GB RAM)
Command: iqtree -s ./results/gene2.phy -nt 1 -bb 1000
Seed:    51453 (Using SPRNG - Scalable Parallel Random Number Generator)
Time:    Tue Aug 22 17:51:27 2017
Kernel:  AVX - 1 threads (40 CPU cores detected)

Reading alignment file ./results/gene2.phy ... Phylip format detected
Alignment most likely contains DNA/RNA sequences
Alignment has 10 sequences with 1000 columns and 421 patterns (302 informative sites, 450 constant sites)
   Gap/Ambiguity  Composition  p-value
   1  A    0.00%    passed     87.48%
   2  B    0.00%    passed     78.80%
   3  C    0.00%    passed     82.53%
   4  D    0.00%    passed     88.89%
   5  E    0.00%    passed     93.43%
   6  F    0.00%    passed     68.10%
   7  G    0.00%    passed     94.03%
   8  H    0.00%    passed     99.51%
   9  I    0.00%    passed     87.79%
  10  J    0.00%    passed     92.82%
****  TOTAL    0.00%  0 sequences failed composition chi2 test (p-value<5%; df=3)

Create initial parsimony tree by phylogenetic likelihood library (PLL)... 0.000 seconds

NOTE: ModelFinder requires 3 MB RAM!
ModelFinder will test 286 DNA models (sample size: 1000) ...
 No. Model         -LnL         df  AIC          AICc         BIC
  1  JC            6908.139     17  13850.279    13850.902    13933.710
  2  JC+I          6650.268     18  13336.536    13337.233    13424.876
  3  JC+G4         6605.297     18  13246.593    13247.291    13334.933
  4  JC+I+G4       6604.921     19  13247.841    13248.617    13341.089
  5  JC+R2         6607.911     19  13253.821    13254.597    13347.069
  6  JC+R3         6604.793     21  13251.587    13252.532    13354.650
  7  JC+R4         Skipped 
  8  JC+R5         Skipped 
  9  JC+R6         Skipped 
 10  JC+R7         Skipped 
 11  JC+R8         Skipped 
 12  JC+R9         Skipped 
 13  JC+R10        Skipped 
 14  F81           6772.494     20  13584.987    13585.845    13683.142
 15  F81+I         6522.623     21  13087.246    13088.191    13190.309
 16  F81+G4        6467.678     21  12977.356    12978.301    13080.419
 17  F81+I+G4      6467.505     22  12979.009    12980.045    13086.980
 18  F81+R2        6473.430     22  12990.861    12991.897    13098.832
 19  F81+R3        6466.871     24  12981.743    12982.974    13099.529
 20  F81+R4        Skipped 
 21  F81+R5        Skipped 
 22  F81+R6        Skipped 
 23  F81+R7        Skipped 
 24  F81+R8        Skipped 
 25  F81+R9        Skipped 
 26  F81+R10       Skipped 
 27  K2P           6784.266     18  13604.532    13605.230    13692.872
 28  K2P+I         6514.047     19  13066.093    13066.869    13159.341
 29  K2P+G4        6452.858     19  12943.717    12944.492    13036.964
 30  K2P+I+G4      6452.657     20  12945.313    12946.171    13043.468
 31  K2P+R2        6459.422     20  12958.844    12959.702    13056.999
 32  K2P+R3        6451.775     22  12947.550    12948.585    13055.520
 33  K2P+R4        6451.769     24  12951.538    12952.769    13069.325
 34  K2P+R5        Skipped 
 35  K2P+R6        Skipped 
 36  K2P+R7        Skipped 
 37  K2P+R8        Skipped 
 38  K2P+R9        Skipped 
 39  K2P+R10       Skipped 
 40  HKY           6642.055     21  13326.111    13327.055    13429.173
 41  HKY+I         6379.569     22  12803.137    12804.173    12911.108
 42  HKY+G4        6304.814     22  12653.628    12654.663    12761.598
 43  HKY+I+G4      6304.653     23  12655.306    12656.437    12768.184
 44  HKY+R2        6315.569     23  12677.139    12678.270    12790.017
 45  HKY+R3        6303.387     25  12656.773    12658.108    12779.467
 46  HKY+R4        6303.395     27  12660.791    12662.346    12793.300
 47  HKY+R5        Skipped 
 48  HKY+R6        Skipped 
 49  HKY+R7        Skipped 
 50  HKY+R8        Skipped 
 51  HKY+R9        Skipped 
 52  HKY+R10       Skipped 
 53  TNe           6784.266     19  13606.533    13607.308    13699.780
 54  TNe+I         6513.159     20  13066.317    13067.175    13164.473
 55  TNe+G4        6451.794     20  12943.587    12944.445    13041.742
 56  TNe+I+G4      6451.363     21  12944.727    12945.671    13047.789
 57  TNe+R2        6458.489     21  12958.979    12959.923    13062.041
 58  TNe+R3        6450.380     23  12946.760    12947.891    13059.638
 59  TNe+R4        6450.346     25  12950.692    12952.027    13073.386
 60  TNe+R5        Skipped 
 61  TNe+R6        Skipped 
 62  TNe+R7        Skipped 
 63  TNe+R8        Skipped 
 64  TNe+R9        Skipped 
 65  TNe+R10       Skipped 
 66  TN            6635.310     22  13314.620    13315.655    13422.590
 67  TN+I          6375.619     23  12797.238    12798.369    12910.117
 68  TN+G4         6301.673     23  12649.346    12650.477    12762.225
 69  TN+I+G4       6301.460     24  12650.920    12652.151    12768.706
 70  TN+R2         6312.584     24  12673.167    12674.398    12790.953
 71  TN+R3         6300.217     26  12652.433    12653.876    12780.035
 72  TN+R4         6300.295     28  12656.591    12658.263    12794.008
 73  TN+R5         Skipped 
 74  TN+R6         Skipped 
 75  TN+R7         Skipped 
 76  TN+R8         Skipped 
 77  TN+R9         Skipped 
 78  TN+R10        Skipped 
 79  K3P           6778.811     19  13595.621    13596.397    13688.869
 80  K3P+I         6507.247     20  13054.494    13055.352    13152.649
 81  K3P+G4        6446.040     20  12932.079    12932.937    13030.234
 82  K3P+I+G4      6445.622     21  12933.243    12934.188    13036.306
 83  K3P+R2        6452.615     21  12947.230    12948.174    13050.293
 84  K3P+R3        6444.900     23  12935.799    12936.930    13048.678
 85  K3P+R4        6444.891     25  12939.782    12941.117    13062.476
 86  K3P+R5        Skipped 
 87  K3P+R6        Skipped 
 88  K3P+R7        Skipped 
 89  K3P+R8        Skipped 
 90  K3P+R9        Skipped 
 91  K3P+R10       Skipped 
 92  K3Pu          6621.639     22  13287.278    13288.314    13395.248
 93  K3Pu+I        6357.439     23  12760.878    12762.009    12873.756
 94  K3Pu+G4       6285.887     23  12617.773    12618.904    12730.651
 95  K3Pu+I+G4     6285.210     24  12618.419    12619.650    12736.205
 96  K3Pu+R2       6296.285     24  12640.571    12641.801    12758.357
 97  K3Pu+R3       6284.364     26  12620.729    12622.172    12748.330
 98  K3Pu+R4       6284.397     28  12624.794    12626.466    12762.211
 99  K3Pu+R5       Skipped 
100  K3Pu+R6       Skipped 
101  K3Pu+R7       Skipped 
102  K3Pu+R8       Skipped 
103  K3Pu+R9       Skipped 
104  K3Pu+R10      Skipped 
105  TPM2          6641.036     22  13326.072    13327.108    13434.042
106  TPM2+I        6375.428     23  12796.857    12797.988    12909.735
107  TPM2+G4       6304.357     23  12654.714    12655.845    12767.592
108  TPM2+I+G4     6304.151     24  12656.301    12657.532    12774.087
109  TPM2+R2       6313.972     24  12675.944    12677.175    12793.730
110  TPM2+R3       6303.082     26  12658.163    12659.606    12785.765
111  TPM2+R4       6303.076     28  12662.152    12663.824    12799.569
112  TPM2+R5       Skipped 
113  TPM2+R6       Skipped 
114  TPM2+R7       Skipped 
115  TPM2+R8       Skipped 
116  TPM2+R9       Skipped 
117  TPM2+R10      Skipped 
118  TPM2u         6641.034     22  13326.068    13327.104    13434.039
119  TPM2u+I       6375.423     23  12796.845    12797.977    12909.724
120  TPM2u+G4      6304.337     23  12654.673    12655.804    12767.551
121  TPM2u+I+G4    6304.097     24  12656.194    12657.424    12773.980
122  TPM2u+R2      6313.969     24  12675.938    12677.169    12793.724
123  TPM2u+R3      6303.053     26  12658.107    12659.550    12785.708
124  TPM2u+R4      6303.081     28  12662.161    12663.834    12799.579
125  TPM2u+R5      Skipped 
126  TPM2u+R6      Skipped 
127  TPM2u+R7      Skipped 
128  TPM2u+R8      Skipped 
129  TPM2u+R9      Skipped 
130  TPM2u+R10     Skipped 
131  TPM3          6614.247     22  13272.495    13273.530    13380.465
132  TPM3+I        6350.303     23  12746.606    12747.737    12859.484
133  TPM3+G4       6279.680     23  12605.359    12606.490    12718.238
134  TPM3+I+G4     6278.761     24  12605.521    12606.752    12723.307
135  TPM3+R2       6290.538     24  12629.076    12630.307    12746.862
136  TPM3+R3       6277.801     26  12607.603    12609.046    12735.204
137  TPM3+R4       6277.864     28  12611.729    12613.401    12749.146
138  TPM3+R5       Skipped 
139  TPM3+R6       Skipped 
140  TPM3+R7       Skipped 
141  TPM3+R8       Skipped 
142  TPM3+R9       Skipped 
143  TPM3+R10      Skipped 
144  TPM3u         6614.441     22  13272.883    13273.919    13380.854
145  TPM3u+I       6350.299     23  12746.598    12747.729    12859.476
146  TPM3u+G4      6279.721     23  12605.443    12606.574    12718.321
147  TPM3u+I+G4    6278.758     24  12605.517    12606.748    12723.303
148  TPM3u+R2      6290.547     24  12629.094    12630.325    12746.880
149  TPM3u+R3      6277.804     26  12607.608    12609.051    12735.209
150  TPM3u+R4      6277.860     28  12611.721    12613.393    12749.138
151  TPM3u+R5      Skipped 
152  TPM3u+R6      Skipped 
153  TPM3u+R7      Skipped 
154  TPM3u+R8      Skipped 
155  TPM3u+R9      Skipped 
156  TPM3u+R10     Skipped 
157  TIMe          6778.817     20  13597.634    13598.492    13695.789
158  TIMe+I        6506.377     21  13054.753    13055.698    13157.816
159  TIMe+G4       6444.893     21  12931.785    12932.730    13034.848
160  TIMe+I+G4     6444.339     22  12932.677    12933.713    13040.648
161  TIMe+R2       6451.589     22  12947.177    12948.213    13055.148
162  TIMe+R3       6443.457     24  12934.914    12936.144    13052.700
163  TIMe+R4       6443.433     26  12938.865    12940.308    13066.467
164  TIMe+R5       Skipped 
165  TIMe+R6       Skipped 
166  TIMe+R7       Skipped 
167  TIMe+R8       Skipped 
168  TIMe+R9       Skipped 
169  TIMe+R10      Skipped 
170  TIM           6614.241     23  13274.482    13275.613    13387.361
171  TIM+I         6353.298     24  12754.595    12755.826    12872.381
172  TIM+G4        6283.589     24  12615.177    12616.408    12732.963
173  TIM+I+G4      6282.954     25  12615.907    12617.242    12738.601
174  TIM+R2        6294.446     25  12638.893    12640.227    12761.586
175  TIM+R3        6282.092     27  12618.184    12619.739    12750.693
176  TIM+R4        6282.084     29  12622.168    12623.962    12764.493
177  TIM+R5        Skipped 
178  TIM+R6        Skipped 
179  TIM+R7        Skipped 
180  TIM+R8        Skipped 
181  TIM+R9        Skipped 
182  TIM+R10       Skipped 
183  TIM2e         6770.985     20  13581.970    13582.828    13680.125
184  TIM2e+I       6491.250     21  13024.500    13025.445    13127.563
185  TIM2e+G4      6428.038     21  12898.077    12899.022    13001.140
186  TIM2e+I+G4    6427.503     22  12899.007    12900.042    13006.977
187  TIM2e+R2      6435.217     22  12914.435    12915.470    13022.405
188  TIM2e+R3      6426.867     24  12901.733    12902.964    13019.519
189  TIM2e+R4      6426.864     26  12905.729    12907.172    13033.330
190  TIM2e+R5      Skipped 
191  TIM2e+R6      Skipped 
192  TIM2e+R7      Skipped 
193  TIM2e+R8      Skipped 
194  TIM2e+R9      Skipped 
195  TIM2e+R10     Skipped 
196  TIM2          6634.168     23  13314.337    13315.468    13427.215
197  TIM2+I        6371.851     24  12791.701    12792.932    12909.487
198  TIM2+G4       6300.759     24  12649.518    12650.748    12767.304
199  TIM2+I+G4     6300.608     25  12651.215    12652.550    12773.909
200  TIM2+R2       6310.786     25  12671.572    12672.907    12794.266
201  TIM2+R3       6299.573     27  12653.146    12654.701    12785.655
202  TIM2+R4       6299.559     29  12657.118    12658.912    12799.443
203  TIM2+R5       Skipped 
204  TIM2+R6       Skipped 
205  TIM2+R7       Skipped 
206  TIM2+R8       Skipped 
207  TIM2+R9       Skipped 
208  TIM2+R10      Skipped 
209  TIM3e         6777.399     20  13594.798    13595.656    13692.953
210  TIM3e+I       6505.275     21  13052.550    13053.495    13155.613
211  TIM3e+G4      6445.890     21  12933.780    12934.725    13036.843
212  TIM3e+I+G4    6445.286     22  12934.572    12935.608    13042.543
213  TIM3e+R2      6452.161     22  12948.322    12949.358    13056.292
214  TIM3e+R3      6444.283     24  12936.566    12937.797    13054.353
215  TIM3e+R4      6444.260     26  12940.519    12941.962    13068.121
216  TIM3e+R5      Skipped 
217  TIM3e+R6      Skipped 
218  TIM3e+R7      Skipped 
219  TIM3e+R8      Skipped 
220  TIM3e+R9      Skipped 
221  TIM3e+R10     Skipped 
222  TIM3          6603.802     23  13253.603    13254.734    13366.482
223  TIM3+I        6345.234     24  12738.467    12739.698    12856.253
224  TIM3+G4       6274.929     24  12597.858    12599.089    12715.644
225  TIM3+I+G4     6274.071     25  12598.142    12599.477    12720.836
226  TIM3+R2       6288.042     25  12626.084    12627.419    12748.778
227  TIM3+R3       6273.240     27  12600.479    12602.035    12732.988
228  TIM3+R4       6273.294     29  12604.588    12606.382    12746.913
229  TIM3+R5       Skipped 
230  TIM3+R6       Skipped 
231  TIM3+R7       Skipped 
232  TIM3+R8       Skipped 
233  TIM3+R9       Skipped 
234  TIM3+R10      Skipped 
235  TVMe          6761.439     21  13564.879    13565.824    13667.942
236  TVMe+I        6480.498     22  13004.996    13006.032    13112.967
237  TVMe+G4       6419.004     22  12882.008    12883.044    12989.979
238  TVMe+I+G4     6418.373     23  12882.746    12883.877    12995.625
239  TVMe+R2       6425.894     23  12897.788    12898.919    13010.666
240  TVMe+R3       6417.666     25  12885.331    12886.666    13008.025
241  TVMe+R4       6417.654     27  12889.308    12890.864    13021.818
242  TVMe+R5       Skipped 
243  TVMe+R6       Skipped 
244  TVMe+R7       Skipped 
245  TVMe+R8       Skipped 
246  TVMe+R9       Skipped 
247  TVMe+R10      Skipped 
248  TVM           6605.631     24  13259.261    13260.492    13377.047
249  TVM+I         6337.300     25  12724.601    12725.936    12847.295
250  TVM+G4        6271.353     25  12592.705    12594.040    12715.399
251  TVM+I+G4      6270.400     26  12592.799    12594.242    12720.401
252  TVM+R2        6281.086     26  12614.172    12615.615    12741.774
253  TVM+R3        6269.453     28  12594.906    12596.578    12732.323
254  TVM+R4        6269.512     30  12599.024    12600.944    12746.257
255  TVM+R5        Skipped 
256  TVM+R6        Skipped 
257  TVM+R7        Skipped 
258  TVM+R8        Skipped 
259  TVM+R9        Skipped 
260  TVM+R10       Skipped 
261  SYM           6761.504     22  13567.009    13568.044    13674.979
262  SYM+I         6479.619     23  13005.237    13006.368    13118.116
263  SYM+G4        6417.286     23  12880.572    12881.704    12993.451
264  SYM+I+G4      6416.180     24  12880.359    12881.590    12998.146
265  SYM+R2        6423.823     24  12895.645    12896.876    13013.431
266  SYM+R3        6415.278     26  12882.556    12883.999    13010.158
267  SYM+R4        6415.266     28  12886.531    12888.204    13023.948
268  SYM+R5        Skipped 
269  SYM+R6        Skipped 
270  SYM+R7        Skipped 
271  SYM+R8        Skipped 
272  SYM+R9        Skipped 
273  SYM+R10       Skipped 
274  GTR           6595.134     25  13240.269    13241.604    13362.963
275  GTR+I         6332.827     26  12717.654    12719.097    12845.255
276  GTR+G4        6266.739     26  12585.479    12586.921    12713.080
277  GTR+I+G4      6265.656     27  12585.313    12586.868    12717.822
278  GTR+R2        6278.637     27  12611.273    12612.829    12743.782
279  GTR+R3        6264.919     29  12587.838    12589.632    12730.163
280  GTR+R4        6264.853     31  12591.707    12593.757    12743.847
281  GTR+R5        Skipped 
282  GTR+R6        Skipped 
283  GTR+R7        Skipped 
284  GTR+R8        Skipped 
285  GTR+R9        Skipped 
286  GTR+R10       Skipped 
Akaike Information Criterion:           GTR+I+G4
Corrected Akaike Information Criterion: GTR+I+G4
Bayesian Information Criterion:         GTR+G4
Best-fit model: GTR+G4 chosen according to BIC

All model information printed to ./results/gene2.phy.model
CPU time for ModelFinder: 9.886 seconds (0h:0m:9s)
Wall-clock time for ModelFinder: 10.514 seconds (0h:0m:10s)
Generating 1000 samples for ultrafast bootstrap (seed: 51453)...

NOTE: 2 MB RAM (0 GB) is required!
Estimate model parameters (epsilon = 0.100)
1. Initial log-likelihood: -6545.491
2. Current log-likelihood: -6278.188
3. Current log-likelihood: -6268.115
4. Current log-likelihood: -6267.358
Optimal log-likelihood: -6267.272
Rate parameters:  A-C: 2.753  A-G: 3.539  A-T: 0.461  C-G: 1.046  C-T: 5.931  G-T: 1.000
Base frequencies:   A: 0.426  C: 0.136  G: 0.196  T: 0.243
Gamma shape alpha: 0.454
Parameters optimization took 4 rounds (0.112 sec)
Computing ML distances based on estimated model parameters... 0.001 sec
Computing BIONJ tree...
0.000 seconds
Log-likelihood of BIONJ tree: -6262.710
--------------------------------------------------------------------
|             INITIALIZING CANDIDATE TREE SET                      |
--------------------------------------------------------------------
Generating 98 parsimony trees... 0.060 second
Computing log-likelihood of 95 initial trees ... 0.313 seconds
Current best score: -6262.710

Do NNI search on 20 best initial trees
Estimate model parameters (epsilon = 0.100)
BETTER TREE FOUND at iteration 1: -6262.542
Estimate model parameters (epsilon = 0.100)
BETTER TREE FOUND at iteration 2: -6261.983
Iteration 10 / LogL: -6262.556 / Time: 0h:0m:11s
Iteration 20 / LogL: -6261.998 / Time: 0h:0m:11s
Finish initializing candidate tree set (2)
Current best tree score: -6261.983 / CPU time: 0.915
Number of iterations: 20
--------------------------------------------------------------------
|               OPTIMIZING CANDIDATE TREE SET                      |
--------------------------------------------------------------------
Iteration 30 / LogL: -6262.522 / Time: 0h:0m:11s (0h:0m:3s left)
Iteration 40 / LogL: -6262.529 / Time: 0h:0m:12s (0h:0m:2s left)
Iteration 50 / LogL: -6262.231 / Time: 0h:0m:12s (0h:0m:2s left)
Log-likelihood cutoff on original alignment: -6279.449
Iteration 60 / LogL: -6261.999 / Time: 0h:0m:12s (0h:0m:1s left)
Iteration 70 / LogL: -6262.233 / Time: 0h:0m:13s (0h:0m:1s left)
Iteration 80 / LogL: -6261.988 / Time: 0h:0m:13s (0h:0m:0s left)
Iteration 90 / LogL: -6262.547 / Time: 0h:0m:13s (0h:0m:0s left)
Iteration 100 / LogL: -6262.523 / Time: 0h:0m:14s (0h:0m:0s left)
Log-likelihood cutoff on original alignment: -6279.449
NOTE: Bootstrap correlation coefficient of split occurrence frequencies: 0.996
TREE SEARCH COMPLETED AFTER 103 ITERATIONS / Time: 0h:0m:14s

--------------------------------------------------------------------
|                    FINALIZING TREE SEARCH                        |
--------------------------------------------------------------------
Performs final model parameters optimization
Estimate model parameters (epsilon = 0.010)
1. Initial log-likelihood: -6261.983
2. Current log-likelihood: -6261.957
3. Current log-likelihood: -6261.940
4. Current log-likelihood: -6261.929
Optimal log-likelihood: -6261.919
Rate parameters:  A-C: 2.753  A-G: 3.666  A-T: 0.459  C-G: 1.208  C-T: 6.033  G-T: 1.000
Base frequencies:   A: 0.426  C: 0.136  G: 0.196  T: 0.243
Gamma shape alpha: 0.451
Parameters optimization took 4 rounds (0.037 sec)
BEST SCORE FOUND : -6261.919
Creating bootstrap support values...
Split supports printed to NEXUS file ./results/gene2.phy.splits.nex
Total tree length: 2.378

Total number of iterations: 103
CPU time used for tree search: 3.498 sec (0h:0m:3s)
Wall-clock time used for tree search: 3.593 sec (0h:0m:3s)
Total CPU time used: 13.575 sec (0h:0m:13s)
Total wall-clock time used: 14.334 sec (0h:0m:14s)

Computing bootstrap consensus tree...
Reading input file ./results/gene2.phy.splits.nex...
10 taxa and 90 splits.
Consensus tree written to ./results/gene2.phy.contree
Reading input trees file ./results/gene2.phy.contree
Log-likelihood of consensus tree: -6261.919

Analysis results written to: 
  IQ-TREE report:                ./results/gene2.phy.iqtree
  Maximum-likelihood tree:       ./results/gene2.phy.treefile
  Likelihood distances:          ./results/gene2.phy.mldist

Ultrafast bootstrap approximation results written to:
  Split support values:          ./results/gene2.phy.splits.nex
  Consensus tree:                ./results/gene2.phy.contree
  Screen log file:               ./results/gene2.phy.log

Date and Time: Tue Aug 22 17:51:41 2017
