IQ-TREE multicore version 1.5.4 for Linux 64-bit built Apr  2 2017
Copyright (c) 2011-2017 by Bui Quang Minh, Nguyen Lam Tung,
Olga Chernomor, Heiko Schmidt, and Arndt von Haeseler.

Host:    hpc-crick (AVX, 251 GB RAM)
Command: iqtree -s ./results/gene6.phy -nt 1 -bb 1000
Seed:    759407 (Using SPRNG - Scalable Parallel Random Number Generator)
Time:    Tue Aug 22 17:28:41 2017
Kernel:  AVX - 1 threads (40 CPU cores detected)

Reading alignment file ./results/gene6.phy ... Phylip format detected
Alignment most likely contains DNA/RNA sequences
Alignment has 10 sequences with 1000 columns and 527 patterns (368 informative sites, 348 constant sites)
   Gap/Ambiguity  Composition  p-value
   1  A    0.00%    passed     91.45%
   2  B    0.00%    passed     95.67%
   3  C    0.00%    passed     99.44%
   4  D    0.00%    passed     97.95%
   5  E    0.00%    passed     95.58%
   6  F    0.00%    passed     73.73%
   7  G    0.00%    passed     63.24%
   8  H    0.00%    passed     87.17%
   9  I    0.00%    passed     83.60%
  10  J    0.00%    passed     77.13%
****  TOTAL    0.00%  0 sequences failed composition chi2 test (p-value<5%; df=3)

Create initial parsimony tree by phylogenetic likelihood library (PLL)... 0.001 seconds

NOTE: ModelFinder requires 3 MB RAM!
ModelFinder will test 286 DNA models (sample size: 1000) ...
 No. Model         -LnL         df  AIC          AICc         BIC
  1  JC            7952.077     17  15938.155    15938.778    16021.587
  2  JC+I          7727.317     18  15490.634    15491.331    15578.974
  3  JC+G4         7674.351     18  15384.703    15385.400    15473.042
  4  JC+I+G4       7673.008     19  15384.016    15384.792    15477.264
  5  JC+R2         7678.885     19  15395.769    15396.545    15489.017
  6  JC+R3         7673.012     21  15388.025    15388.970    15491.088
  7  JC+R4         Skipped 
  8  JC+R5         Skipped 
  9  JC+R6         Skipped 
 10  JC+R7         Skipped 
 11  JC+R8         Skipped 
 12  JC+R9         Skipped 
 13  JC+R10        Skipped 
 14  F81           7858.092     20  15756.183    15757.041    15854.338
 15  F81+I         7635.447     21  15312.894    15313.838    15415.956
 16  F81+G4        7568.734     21  15179.468    15180.413    15282.531
 17  F81+I+G4      7568.225     22  15180.451    15181.486    15288.421
 18  F81+R2        7574.630     22  15193.259    15194.295    15301.230
 19  F81+R3        7567.666     24  15183.331    15184.562    15301.117
 20  F81+R4        7567.603     26  15187.206    15188.649    15314.808
 21  F81+R5        Skipped 
 22  F81+R6        Skipped 
 23  F81+R7        Skipped 
 24  F81+R8        Skipped 
 25  F81+R9        Skipped 
 26  F81+R10       Skipped 
 27  K2P           7806.815     18  15649.629    15650.327    15737.969
 28  K2P+I         7572.680     19  15183.359    15184.135    15276.606
 29  K2P+G4        7502.117     19  15042.233    15043.009    15135.481
 30  K2P+I+G4      7501.270     20  15042.539    15043.397    15140.694
 31  K2P+R2        7513.106     20  15066.211    15067.069    15164.366
 32  K2P+R3        7498.139     22  15040.277    15041.313    15148.248
 33  K2P+R4        7497.901     24  15043.801    15045.032    15161.587
 34  K2P+R5        Skipped 
 35  K2P+R6        Skipped 
 36  K2P+R7        Skipped 
 37  K2P+R8        Skipped 
 38  K2P+R9        Skipped 
 39  K2P+R10       Skipped 
 40  HKY           7707.288     21  15456.576    15457.520    15559.638
 41  HKY+I         7473.483     22  14990.966    14992.002    15098.937
 42  HKY+G4        7381.591     22  14807.182    14808.218    14915.153
 43  HKY+I+G4      7381.471     23  14808.941    14810.073    14921.820
 44  HKY+R2        7395.987     23  14837.973    14839.104    14950.851
 45  HKY+R3        7379.330     25  14808.660    14809.995    14931.354
 46  HKY+R4        7378.488     27  14810.975    14812.531    14943.485
 47  HKY+R5        Skipped 
 48  HKY+R6        Skipped 
 49  HKY+R7        Skipped 
 50  HKY+R8        Skipped 
 51  HKY+R9        Skipped 
 52  HKY+R10       Skipped 
 53  TNe           7805.919     19  15649.838    15650.613    15743.085
 54  TNe+I         7570.220     20  15180.440    15181.298    15278.595
 55  TNe+G4        7499.864     20  15039.727    15040.585    15137.882
 56  TNe+I+G4      7498.774     21  15039.548    15040.493    15142.611
 57  TNe+R2        7512.095     21  15066.190    15067.135    15169.253
 58  TNe+R3        7495.315     23  15036.631    15037.762    15149.509
 59  TNe+R4        7494.617     25  15039.235    15040.569    15161.928
 60  TNe+R5        Skipped 
 61  TNe+R6        Skipped 
 62  TNe+R7        Skipped 
 63  TNe+R8        Skipped 
 64  TNe+R9        Skipped 
 65  TNe+R10       Skipped 
 66  TN            7705.783     22  15455.566    15456.602    15563.537
 67  TN+I          7473.049     23  14992.098    14993.229    15104.976
 68  TN+G4         7381.006     23  14808.013    14809.144    14920.891
 69  TN+I+G4       7380.774     24  14809.548    14810.779    14927.334
 70  TN+R2         7394.438     24  14836.875    14838.106    14954.662
 71  TN+R3         7378.590     26  14809.181    14810.624    14936.782
 72  TN+R4         7378.011     28  14812.023    14813.695    14949.440
 73  TN+R5         Skipped 
 74  TN+R6         Skipped 
 75  TN+R7         Skipped 
 76  TN+R8         Skipped 
 77  TN+R9         Skipped 
 78  TN+R10        Skipped 
 79  K3P           7805.155     19  15648.310    15649.085    15741.557
 80  K3P+I         7570.795     20  15181.590    15182.448    15279.745
 81  K3P+G4        7499.785     20  15039.569    15040.427    15137.724
 82  K3P+I+G4      7498.894     21  15039.787    15040.732    15142.850
 83  K3P+R2        7510.802     21  15063.605    15064.549    15166.667
 84  K3P+R3        7496.217     23  15038.434    15039.565    15151.312
 85  K3P+R4        7495.911     25  15041.822    15043.156    15164.515
 86  K3P+R5        Skipped 
 87  K3P+R6        Skipped 
 88  K3P+R7        Skipped 
 89  K3P+R8        Skipped 
 90  K3P+R9        Skipped 
 91  K3P+R10       Skipped 
 92  K3Pu          7701.805     22  15447.610    15448.646    15555.581
 93  K3Pu+I        7467.997     23  14981.993    14983.124    15094.872
 94  K3Pu+G4       7374.391     23  14794.782    14795.913    14907.660
 95  K3Pu+I+G4     7374.269     24  14796.538    14797.768    14914.324
 96  K3Pu+R2       7388.949     24  14825.899    14827.130    14943.685
 97  K3Pu+R3       7372.893     26  14797.787    14799.230    14925.389
 98  K3Pu+R4       7371.797     28  14799.594    14801.267    14937.012
 99  K3Pu+R5       Skipped 
100  K3Pu+R6       Skipped 
101  K3Pu+R7       Skipped 
102  K3Pu+R8       Skipped 
103  K3Pu+R9       Skipped 
104  K3Pu+R10      Skipped 
105  TPM2          7702.066     22  15448.132    15449.168    15556.103
106  TPM2+I        7465.488     23  14976.975    14978.107    15089.854
107  TPM2+G4       7380.196     23  14806.392    14807.524    14919.271
108  TPM2+I+G4     7379.776     24  14807.552    14808.782    14925.338
109  TPM2+R2       7393.672     24  14835.344    14836.575    14953.131
110  TPM2+R3       7377.806     26  14807.612    14809.055    14935.213
111  TPM2+R4       7377.031     28  14810.062    14811.735    14947.480
112  TPM2+R5       Skipped 
113  TPM2+R6       Skipped 
114  TPM2+R7       Skipped 
115  TPM2+R8       Skipped 
116  TPM2+R9       Skipped 
117  TPM2+R10      Skipped 
118  TPM2u         7702.017     22  15448.034    15449.070    15556.004
119  TPM2u+I       7465.532     23  14977.064    14978.195    15089.942
120  TPM2u+G4      7380.095     23  14806.190    14807.321    14919.068
121  TPM2u+I+G4    7379.766     24  14807.532    14808.763    14925.319
122  TPM2u+R2      7393.675     24  14835.351    14836.582    14953.137
123  TPM2u+R3      7377.823     26  14807.646    14809.089    14935.247
124  TPM2u+R4      7377.021     28  14810.043    14811.715    14947.460
125  TPM2u+R5      Skipped 
126  TPM2u+R6      Skipped 
127  TPM2u+R7      Skipped 
128  TPM2u+R8      Skipped 
129  TPM2u+R9      Skipped 
130  TPM2u+R10     Skipped 
131  TPM3          7694.647     22  15433.294    15434.330    15541.264
132  TPM3+I        7461.849     23  14969.699    14970.830    15082.577
133  TPM3+G4       7364.698     23  14775.396    14776.527    14888.274
134  TPM3+I+G4     7364.974     24  14777.949    14779.179    14895.735
135  TPM3+R2       7378.439     24  14804.877    14806.108    14922.664
136  TPM3+R3       7364.319     26  14780.637    14782.080    14908.239
137  TPM3+R4       7364.317     28  14784.634    14786.306    14922.051
138  TPM3+R5       Skipped 
139  TPM3+R6       Skipped 
140  TPM3+R7       Skipped 
141  TPM3+R8       Skipped 
142  TPM3+R9       Skipped 
143  TPM3+R10      Skipped 
144  TPM3u         7694.648     22  15433.297    15434.333    15541.267
145  TPM3u+I       7461.851     23  14969.703    14970.834    15082.581
146  TPM3u+G4      7364.691     23  14775.382    14776.514    14888.261
147  TPM3u+I+G4    7364.945     24  14777.891    14779.122    14895.677
148  TPM3u+R2      7378.442     24  14804.884    14806.114    14922.670
149  TPM3u+R3      7364.250     26  14780.500    14781.943    14908.102
150  TPM3u+R4      7364.136     28  14784.272    14785.945    14921.690
151  TPM3u+R5      Skipped 
152  TPM3u+R6      Skipped 
153  TPM3u+R7      Skipped 
154  TPM3u+R8      Skipped 
155  TPM3u+R9      Skipped 
156  TPM3u+R10     Skipped 
157  TIMe          7804.283     20  15648.566    15649.424    15746.722
158  TIMe+I        7568.358     21  15178.715    15179.660    15281.778
159  TIMe+G4       7497.544     21  15037.088    15038.033    15140.151
160  TIMe+I+G4     7496.537     22  15037.074    15038.110    15145.045
161  TIMe+R2       7509.779     22  15063.559    15064.594    15171.529
162  TIMe+R3       7493.442     24  15034.883    15036.114    15152.669
163  TIMe+R4       7492.360     26  15036.720    15038.163    15164.322
164  TIMe+R5       Skipped 
165  TIMe+R6       Skipped 
166  TIMe+R7       Skipped 
167  TIMe+R8       Skipped 
168  TIMe+R9       Skipped 
169  TIMe+R10      Skipped 
170  TIM           7700.188     23  15446.375    15447.507    15559.254
171  TIM+I         7467.514     24  14983.027    14984.258    15100.813
172  TIM+G4        7373.838     24  14795.676    14796.907    14913.462
173  TIM+I+G4      7373.675     25  14797.351    14798.685    14920.044
174  TIM+R2        7387.529     25  14825.058    14826.393    14947.752
175  TIM+R3        7372.287     27  14798.574    14800.130    14931.084
176  TIM+R4        7371.410     29  14800.821    14802.615    14943.146
177  TIM+R5        Skipped 
178  TIM+R6        Skipped 
179  TIM+R7        Skipped 
180  TIM+R8        Skipped 
181  TIM+R9        Skipped 
182  TIM+R10       Skipped 
183  TIM2e         7784.936     20  15609.871    15610.729    15708.026
184  TIM2e+I       7542.485     21  15126.971    15127.916    15230.034
185  TIM2e+G4      7468.883     21  14979.765    14980.710    15082.828
186  TIM2e+I+G4    7467.840     22  14979.679    14980.715    15087.650
187  TIM2e+R2      7482.807     22  15009.615    15010.650    15117.585
188  TIM2e+R3      7465.950     24  14979.900    14981.131    15097.686
189  TIM2e+R4      7465.070     26  14982.140    14983.583    15109.742
190  TIM2e+R5      Skipped 
191  TIM2e+R6      Skipped 
192  TIM2e+R7      Skipped 
193  TIM2e+R8      Skipped 
194  TIM2e+R9      Skipped 
195  TIM2e+R10     Skipped 
196  TIM2          7700.469     23  15446.938    15448.070    15559.817
197  TIM2+I        7465.081     24  14978.163    14979.394    15095.949
198  TIM2+G4       7378.953     24  14805.906    14807.137    14923.692
199  TIM2+I+G4     7378.604     25  14807.208    14808.543    14929.902
200  TIM2+R2       7391.527     25  14833.054    14834.389    14955.748
201  TIM2+R3       7376.825     27  14807.649    14809.205    14940.158
202  TIM2+R4       7376.459     29  14810.918    14812.712    14953.243
203  TIM2+R5       Skipped 
204  TIM2+R6       Skipped 
205  TIM2+R7       Skipped 
206  TIM2+R8       Skipped 
207  TIM2+R9       Skipped 
208  TIM2+R10      Skipped 
209  TIM3e         7802.149     20  15644.298    15645.156    15742.453
210  TIM3e+I       7566.601     21  15175.202    15176.147    15278.265
211  TIM3e+G4      7495.267     21  15032.534    15033.479    15135.597
212  TIM3e+I+G4    7494.415     22  15032.830    15033.866    15140.801
213  TIM3e+R2      7507.667     22  15059.335    15060.371    15167.306
214  TIM3e+R3      7492.392     24  15032.783    15034.014    15150.569
215  TIM3e+R4      7491.495     26  15034.990    15036.433    15162.591
216  TIM3e+R5      Skipped 
217  TIM3e+R6      Skipped 
218  TIM3e+R7      Skipped 
219  TIM3e+R8      Skipped 
220  TIM3e+R9      Skipped 
221  TIM3e+R10     Skipped 
222  TIM3          7692.236     23  15430.473    15431.604    15543.351
223  TIM3+I        7461.120     24  14970.241    14971.472    15088.027
224  TIM3+G4       7363.653     24  14775.306    14776.536    14893.092
225  TIM3+I+G4     7363.731     25  14777.462    14778.797    14900.156
226  TIM3+R2       7375.495     25  14800.990    14802.325    14923.684
227  TIM3+R3       7363.501     27  14781.002    14782.557    14913.511
228  TIM3+R4       7363.315     29  14784.630    14786.424    14926.955
229  TIM3+R5       Skipped 
230  TIM3+R6       Skipped 
231  TIM3+R7       Skipped 
232  TIM3+R8       Skipped 
233  TIM3+R9       Skipped 
234  TIM3+R10      Skipped 
235  TVMe          7781.655     21  15605.310    15606.255    15708.373
236  TVMe+I        7540.810     22  15125.619    15126.655    15233.590
237  TVMe+G4       7466.824     22  14977.649    14978.685    15085.619
238  TVMe+I+G4     7466.025     23  14978.050    14979.181    15090.929
239  TVMe+R2       7479.204     23  15004.408    15005.540    15117.287
240  TVMe+R3       7464.973     25  14979.946    14981.280    15102.640
241  TVMe+R4       7464.702     27  14983.404    14984.959    15115.913
242  TVMe+R5       Skipped 
243  TVMe+R6       Skipped 
244  TVMe+R7       Skipped 
245  TVMe+R8       Skipped 
246  TVMe+R9       Skipped 
247  TVMe+R10      Skipped 
248  TVM           7687.948     24  15423.896    15425.126    15541.682
249  TVM+I         7452.339     25  14954.678    14956.013    15077.372
250  TVM+G4        7360.811     25  14771.621    14772.956    14894.315
251  TVM+I+G4      7360.879     26  14773.758    14775.201    14901.360
252  TVM+R2        7374.432     26  14800.863    14802.306    14928.465
253  TVM+R3        7360.408     28  14776.817    14778.489    14914.234
254  TVM+R4        7360.349     30  14780.698    14782.618    14927.931
255  TVM+R5        Skipped 
256  TVM+R6        Skipped 
257  TVM+R7        Skipped 
258  TVM+R8        Skipped 
259  TVM+R9        Skipped 
260  TVM+R10       Skipped 
261  SYM           7780.824     22  15605.647    15606.683    15713.618
262  SYM+I         7538.333     23  15122.666    15123.797    15235.544
263  SYM+G4        7463.833     23  14973.667    14974.798    15086.545
264  SYM+I+G4      7462.553     24  14973.105    14974.336    15090.892
265  SYM+R2        7477.606     24  15003.211    15004.442    15120.997
266  SYM+R3        7460.905     26  14973.809    14975.252    15101.411
267  SYM+R4        7460.353     28  14976.706    14978.378    15114.123
268  SYM+R5        Skipped 
269  SYM+R6        Skipped 
270  SYM+R7        Skipped 
271  SYM+R8        Skipped 
272  SYM+R9        Skipped 
273  SYM+R10       Skipped 
274  GTR           7685.375     25  15420.749    15422.084    15543.443
275  GTR+I         7451.695     26  14955.390    14956.833    15082.992
276  GTR+G4        7359.165     26  14770.331    14771.773    14897.932
277  GTR+I+G4      7359.215     27  14772.430    14773.985    14904.939
278  GTR+R2        7370.886     27  14795.772    14797.327    14928.281
279  GTR+R3        7358.895     29  14775.790    14777.584    14918.115
280  GTR+R4        7358.889     31  14779.779    14781.828    14931.919
281  GTR+R5        Skipped 
282  GTR+R6        Skipped 
283  GTR+R7        Skipped 
284  GTR+R8        Skipped 
285  GTR+R9        Skipped 
286  GTR+R10       Skipped 
Akaike Information Criterion:           GTR+G4
Corrected Akaike Information Criterion: GTR+G4
Bayesian Information Criterion:         TPM3u+G4
Best-fit model: TPM3u+G4 chosen according to BIC

All model information printed to ./results/gene6.phy.model
CPU time for ModelFinder: 13.947 seconds (0h:0m:13s)
Wall-clock time for ModelFinder: 18.302 seconds (0h:0m:18s)
Generating 1000 samples for ultrafast bootstrap (seed: 759407)...

NOTE: 2 MB RAM (0 GB) is required!
Estimate model parameters (epsilon = 0.100)
1. Initial log-likelihood: -7604.352
2. Current log-likelihood: -7374.537
3. Current log-likelihood: -7366.856
4. Current log-likelihood: -7366.084
Optimal log-likelihood: -7366.044
Rate parameters:  A-C: 2.214  A-G: 5.390  A-T: 1.000  C-G: 2.214  C-T: 5.390  G-T: 1.000
Base frequencies:   A: 0.388  C: 0.174  G: 0.202  T: 0.237
Gamma shape alpha: 0.590
Parameters optimization took 4 rounds (0.116 sec)
Computing ML distances based on estimated model parameters... 0.001 sec
Computing BIONJ tree...
0.000 seconds
Log-likelihood of BIONJ tree: -7362.013
--------------------------------------------------------------------
|             INITIALIZING CANDIDATE TREE SET                      |
--------------------------------------------------------------------
Generating 98 parsimony trees... 0.148 second
Computing log-likelihood of 95 initial trees ... 0.636 seconds
Current best score: -7362.013

Do NNI search on 20 best initial trees
Estimate model parameters (epsilon = 0.100)
BETTER TREE FOUND at iteration 1: -7361.192
Estimate model parameters (epsilon = 0.100)
BETTER TREE FOUND at iteration 3: -7359.690
Estimate model parameters (epsilon = 0.100)
BETTER TREE FOUND at iteration 6: -7358.770
Iteration 10 / LogL: -7364.026 / Time: 0h:0m:19s
Iteration 20 / LogL: -7366.298 / Time: 0h:0m:20s
Finish initializing candidate tree set (11)
Current best tree score: -7358.770 / CPU time: 1.932
Number of iterations: 20
--------------------------------------------------------------------
|               OPTIMIZING CANDIDATE TREE SET                      |
--------------------------------------------------------------------
Iteration 30 / LogL: -7359.200 / Time: 0h:0m:20s (0h:0m:6s left)
UPDATE BEST LOG-LIKELIHOOD: -7358.770
Iteration 40 / LogL: -7359.703 / Time: 0h:0m:21s (0h:0m:4s left)
Iteration 50 / LogL: -7358.795 / Time: 0h:0m:21s (0h:0m:3s left)
Log-likelihood cutoff on original alignment: -7371.060
Iteration 60 / LogL: -7358.836 / Time: 0h:0m:21s (0h:0m:2s left)
Iteration 70 / LogL: -7359.193 / Time: 0h:0m:22s (0h:0m:2s left)
Iteration 80 / LogL: -7359.612 / Time: 0h:0m:22s (0h:0m:1s left)
Iteration 90 / LogL: -7359.260 / Time: 0h:0m:22s (0h:0m:0s left)
Iteration 100 / LogL: -7359.261 / Time: 0h:0m:23s (0h:0m:0s left)
Log-likelihood cutoff on original alignment: -7371.060
NOTE: Bootstrap correlation coefficient of split occurrence frequencies: 0.992
TREE SEARCH COMPLETED AFTER 107 ITERATIONS / Time: 0h:0m:23s

--------------------------------------------------------------------
|                    FINALIZING TREE SEARCH                        |
--------------------------------------------------------------------
Performs final model parameters optimization
Estimate model parameters (epsilon = 0.010)
1. Initial log-likelihood: -7358.770
Optimal log-likelihood: -7358.770
Rate parameters:  A-C: 2.208  A-G: 5.420  A-T: 1.000  C-G: 2.208  C-T: 5.420  G-T: 1.000
Base frequencies:   A: 0.388  C: 0.174  G: 0.202  T: 0.237
Gamma shape alpha: 0.587
Parameters optimization took 1 rounds (0.007 sec)
BEST SCORE FOUND : -7358.770
Creating bootstrap support values...
Split supports printed to NEXUS file ./results/gene6.phy.splits.nex
Total tree length: 2.977

Total number of iterations: 107
CPU time used for tree search: 4.748 sec (0h:0m:4s)
Wall-clock time used for tree search: 5.099 sec (0h:0m:5s)
Total CPU time used: 18.816 sec (0h:0m:18s)
Total wall-clock time used: 23.597 sec (0h:0m:23s)

Computing bootstrap consensus tree...
Reading input file ./results/gene6.phy.splits.nex...
10 taxa and 166 splits.
Consensus tree written to ./results/gene6.phy.contree
Reading input trees file ./results/gene6.phy.contree
Log-likelihood of consensus tree: -7358.770

Analysis results written to: 
  IQ-TREE report:                ./results/gene6.phy.iqtree
  Maximum-likelihood tree:       ./results/gene6.phy.treefile
  Likelihood distances:          ./results/gene6.phy.mldist

Ultrafast bootstrap approximation results written to:
  Split support values:          ./results/gene6.phy.splits.nex
  Consensus tree:                ./results/gene6.phy.contree
  Screen log file:               ./results/gene6.phy.log

Date and Time: Tue Aug 22 17:29:05 2017
