IQ-TREE multicore version 1.5.4 for Linux 64-bit built Apr  2 2017
Copyright (c) 2011-2017 by Bui Quang Minh, Nguyen Lam Tung,
Olga Chernomor, Heiko Schmidt, and Arndt von Haeseler.

Host:    hpc-crick (AVX, 251 GB RAM)
Command: iqtree -s ./results/gene12.phy -nt 1 -bb 1000
Seed:    35468 (Using SPRNG - Scalable Parallel Random Number Generator)
Time:    Tue Aug 22 17:29:50 2017
Kernel:  AVX - 1 threads (40 CPU cores detected)

Reading alignment file ./results/gene12.phy ... Phylip format detected
Alignment most likely contains DNA/RNA sequences
Alignment has 10 sequences with 1000 columns and 484 patterns (332 informative sites, 397 constant sites)
   Gap/Ambiguity  Composition  p-value
   1  A    0.00%    passed     52.22%
   2  B    0.00%    passed     94.36%
   3  C    0.00%    passed     80.74%
   4  D    0.00%    passed     67.70%
   5  E    0.00%    passed     60.45%
   6  F    0.00%    passed     54.30%
   7  G    0.00%    passed     88.31%
   8  H    0.00%    passed     85.42%
   9  I    0.00%    passed     77.67%
  10  J    0.00%    passed     80.07%
****  TOTAL    0.00%  0 sequences failed composition chi2 test (p-value<5%; df=3)

Create initial parsimony tree by phylogenetic likelihood library (PLL)... 0.000 seconds

NOTE: ModelFinder requires 3 MB RAM!
ModelFinder will test 286 DNA models (sample size: 1000) ...
 No. Model         -LnL         df  AIC          AICc         BIC
  1  JC            7515.713     17  15065.426    15066.049    15148.858
  2  JC+I          7245.784     18  14527.568    14528.265    14615.908
  3  JC+G4         7180.351     18  14396.701    14397.399    14485.041
  4  JC+I+G4       7179.572     19  14397.144    14397.919    14490.391
  5  JC+R2         7190.720     19  14419.439    14420.215    14512.687
  6  JC+R3         7178.871     21  14399.741    14400.686    14502.804
  7  JC+R4         7178.790     23  14403.579    14404.710    14516.458
  8  JC+R5         Skipped 
  9  JC+R6         Skipped 
 10  JC+R7         Skipped 
 11  JC+R8         Skipped 
 12  JC+R9         Skipped 
 13  JC+R10        Skipped 
 14  F81           7442.198     20  14924.396    14925.254    15022.551
 15  F81+I         7175.004     21  14392.008    14392.953    14495.071
 16  F81+G4        7102.160     21  14246.321    14247.266    14349.384
 17  F81+I+G4      7101.959     22  14247.918    14248.954    14355.889
 18  F81+R2        7112.798     22  14269.595    14270.631    14377.566
 19  F81+R3        7101.287     24  14250.575    14251.806    14368.361
 20  F81+R4        7101.182     26  14254.365    14255.808    14381.967
 21  F81+R5        Skipped 
 22  F81+R6        Skipped 
 23  F81+R7        Skipped 
 24  F81+R8        Skipped 
 25  F81+R9        Skipped 
 26  F81+R10       Skipped 
 27  K2P           7381.551     18  14799.103    14799.800    14887.443
 28  K2P+I         7100.911     19  14239.823    14240.598    14333.070
 29  K2P+G4        7021.924     19  14081.848    14082.624    14175.096
 30  K2P+I+G4      7021.007     20  14082.014    14082.872    14180.169
 31  K2P+R2        7036.116     20  14112.232    14113.090    14210.387
 32  K2P+R3        7019.466     22  14082.931    14083.967    14190.902
 33  K2P+R4        7018.991     24  14085.982    14087.213    14203.768
 34  K2P+R5        Skipped 
 35  K2P+R6        Skipped 
 36  K2P+R7        Skipped 
 37  K2P+R8        Skipped 
 38  K2P+R9        Skipped 
 39  K2P+R10       Skipped 
 40  HKY           7307.853     21  14657.706    14658.651    14760.769
 41  HKY+I         7032.663     22  14109.326    14110.362    14217.296
 42  HKY+G4        6939.453     22  13922.906    13923.942    14030.876
 43  HKY+I+G4      6939.521     23  13925.041    13926.172    14037.920
 44  HKY+R2        6953.031     23  13952.063    13953.194    14064.941
 45  HKY+R3        6938.538     25  13927.076    13928.410    14049.769
 46  HKY+R4        6938.284     27  13930.567    13932.123    14063.077
 47  HKY+R5        Skipped 
 48  HKY+R6        Skipped 
 49  HKY+R7        Skipped 
 50  HKY+R8        Skipped 
 51  HKY+R9        Skipped 
 52  HKY+R10       Skipped 
 53  TNe           7381.112     19  14800.223    14800.999    14893.470
 54  TNe+I         7099.694     20  14239.389    14240.247    14337.544
 55  TNe+G4        7019.280     20  14078.559    14079.417    14176.714
 56  TNe+I+G4      7018.255     21  14078.510    14079.455    14181.573
 57  TNe+R2        7034.385     21  14110.770    14111.715    14213.833
 58  TNe+R3        7016.444     23  14078.888    14080.020    14191.767
 59  TNe+R4        7015.863     25  14081.726    14083.061    14204.420
 60  TNe+R5        Skipped 
 61  TNe+R6        Skipped 
 62  TNe+R7        Skipped 
 63  TNe+R8        Skipped 
 64  TNe+R9        Skipped 
 65  TNe+R10       Skipped 
 66  TN            7304.615     22  14653.229    14654.265    14761.200
 67  TN+I          7030.722     23  14107.445    14108.576    14220.323
 68  TN+G4         6938.897     23  13923.794    13924.925    14036.672
 69  TN+I+G4       6938.875     24  13925.750    13926.981    14043.536
 70  TN+R2         6952.300     24  13952.600    13953.831    14070.386
 71  TN+R3         6937.874     26  13927.748    13929.191    14055.350
 72  TN+R4         6935.868     28  13927.735    13929.408    14065.152
 73  TN+R5         Skipped 
 74  TN+R6         Skipped 
 75  TN+R7         Skipped 
 76  TN+R8         Skipped 
 77  TN+R9         Skipped 
 78  TN+R10        Skipped 
 79  K3P           7376.898     19  14791.797    14792.572    14885.044
 80  K3P+I         7096.233     20  14232.466    14233.324    14330.621
 81  K3P+G4        7016.773     20  14073.546    14074.404    14171.701
 82  K3P+I+G4      7015.903     21  14073.806    14074.751    14176.869
 83  K3P+R2        7030.794     21  14103.587    14104.532    14206.650
 84  K3P+R3        7014.673     23  14075.346    14076.477    14188.225
 85  K3P+R4        7012.383     25  14074.766    14076.100    14197.460
 86  K3P+R5        Skipped 
 87  K3P+R6        Skipped 
 88  K3P+R7        Skipped 
 89  K3P+R8        Skipped 
 90  K3P+R9        Skipped 
 91  K3P+R10       Skipped 
 92  K3Pu          7298.040     22  14640.080    14641.116    14748.051
 93  K3Pu+I        7024.724     23  14095.447    14096.578    14208.325
 94  K3Pu+G4       6930.259     23  13906.518    13907.649    14019.397
 95  K3Pu+I+G4     6930.406     24  13908.812    13910.043    14026.599
 96  K3Pu+R2       6942.757     24  13933.514    13934.745    14051.300
 97  K3Pu+R3       6929.578     26  13911.155    13912.598    14038.757
 98  K3Pu+R4       6927.066     28  13910.133    13911.805    14047.550
 99  K3Pu+R5       Skipped 
100  K3Pu+R6       Skipped 
101  K3Pu+R7       Skipped 
102  K3Pu+R8       Skipped 
103  K3Pu+R9       Skipped 
104  K3Pu+R10      Skipped 
105  TPM2          7304.087     22  14652.175    14653.210    14760.145
106  TPM2+I        7024.052     23  14094.103    14095.234    14206.981
107  TPM2+G4       6936.661     23  13919.322    13920.453    14032.200
108  TPM2+I+G4     6936.180     24  13920.361    13921.591    14038.147
109  TPM2+R2       6951.174     24  13950.349    13951.579    14068.135
110  TPM2+R3       6934.823     26  13921.646    13923.089    14049.248
111  TPM2+R4       6932.882     28  13921.764    13923.437    14059.181
112  TPM2+R5       Skipped 
113  TPM2+R6       Skipped 
114  TPM2+R7       Skipped 
115  TPM2+R8       Skipped 
116  TPM2+R9       Skipped 
117  TPM2+R10      Skipped 
118  TPM2u         7303.662     22  14651.323    14652.359    14759.294
119  TPM2u+I       7024.044     23  14094.088    14095.220    14206.967
120  TPM2u+G4      6936.648     23  13919.297    13920.428    14032.175
121  TPM2u+I+G4    6936.174     24  13920.348    13921.578    14038.134
122  TPM2u+R2      6951.173     24  13950.347    13951.578    14068.133
123  TPM2u+R3      6934.816     26  13921.631    13923.074    14049.233
124  TPM2u+R4      6932.836     28  13921.672    13923.344    14059.089
125  TPM2u+R5      Skipped 
126  TPM2u+R6      Skipped 
127  TPM2u+R7      Skipped 
128  TPM2u+R8      Skipped 
129  TPM2u+R9      Skipped 
130  TPM2u+R10     Skipped 
131  TPM3          7296.324     22  14636.647    14637.683    14744.618
132  TPM3+I        7027.184     23  14100.368    14101.499    14213.247
133  TPM3+G4       6928.570     23  13903.139    13904.270    14016.018
134  TPM3+I+G4     6928.658     24  13905.316    13906.547    14023.102
135  TPM3+R2       6942.597     24  13933.195    13934.425    14050.981
136  TPM3+R3       6927.253     26  13906.505    13907.948    14034.107
137  TPM3+R4       6923.911     28  13903.822    13905.495    14041.239
138  TPM3+R5       Skipped 
139  TPM3+R6       Skipped 
140  TPM3+R7       Skipped 
141  TPM3+R8       Skipped 
142  TPM3+R9       Skipped 
143  TPM3+R10      Skipped 
144  TPM3u         7296.388     22  14636.775    14637.811    14744.746
145  TPM3u+I       7027.188     23  14100.376    14101.507    14213.254
146  TPM3u+G4      6928.400     23  13902.800    13903.932    14015.679
147  TPM3u+I+G4    6928.634     24  13905.269    13906.499    14023.055
148  TPM3u+R2      6942.615     24  13933.229    13934.460    14051.015
149  TPM3u+R3      6927.216     26  13906.431    13907.874    14034.033
150  TPM3u+R4      6923.896     28  13903.791    13905.464    14041.208
151  TPM3u+R5      Skipped 
152  TPM3u+R6      Skipped 
153  TPM3u+R7      Skipped 
154  TPM3u+R8      Skipped 
155  TPM3u+R9      Skipped 
156  TPM3u+R10     Skipped 
157  TIMe          7376.464     20  14792.929    14793.787    14891.084
158  TIMe+I        7094.995     21  14231.990    14232.935    14335.053
159  TIMe+G4       7014.179     21  14070.358    14071.303    14173.421
160  TIMe+I+G4     7013.269     22  14070.538    14071.574    14178.509
161  TIMe+R2       7029.063     22  14102.127    14103.163    14210.098
162  TIMe+R3       7011.747     24  14071.494    14072.725    14189.280
163  TIMe+R4       7009.325     26  14070.650    14072.093    14198.252
164  TIMe+R5       Skipped 
165  TIMe+R6       Skipped 
166  TIMe+R7       Skipped 
167  TIMe+R8       Skipped 
168  TIMe+R9       Skipped 
169  TIMe+R10      Skipped 
170  TIM           7294.975     23  14635.949    14637.080    14748.828
171  TIM+I         7022.892     24  14093.783    14095.014    14211.569
172  TIM+G4        6929.623     24  13907.247    13908.477    14025.033
173  TIM+I+G4      6929.647     25  13909.294    13910.629    14031.988
174  TIM+R2        6941.925     25  13933.851    13935.185    14056.545
175  TIM+R3        6928.860     27  13911.720    13913.276    14044.230
176  TIM+R4        6926.578     29  13911.156    13912.950    14053.481
177  TIM+R5        Skipped 
178  TIM+R6        Skipped 
179  TIM+R7        Skipped 
180  TIM+R8        Skipped 
181  TIM+R9        Skipped 
182  TIM+R10       Skipped 
183  TIM2e         7363.326     20  14766.652    14767.510    14864.807
184  TIM2e+I       7074.211     21  14190.422    14191.367    14293.485
185  TIM2e+G4      6992.538     21  14027.076    14028.021    14130.139
186  TIM2e+I+G4    6990.939     22  14025.878    14026.914    14133.849
187  TIM2e+R2      7011.675     22  14067.350    14068.385    14175.320
188  TIM2e+R3      6986.338     24  14020.676    14021.907    14138.462
189  TIM2e+R4      6985.674     26  14023.349    14024.791    14150.950
190  TIM2e+R5      Skipped 
191  TIM2e+R6      Skipped 
192  TIM2e+R7      Skipped 
193  TIM2e+R8      Skipped 
194  TIM2e+R9      Skipped 
195  TIM2e+R10     Skipped 
196  TIM2          7300.415     23  14646.830    14647.961    14759.708
197  TIM2+I        7022.467     24  14092.935    14094.165    14210.721
198  TIM2+G4       6935.805     24  13919.610    13920.841    14037.396
199  TIM2+I+G4     6935.288     25  13920.576    13921.911    14043.270
200  TIM2+R2       6950.152     25  13950.304    13951.639    14072.998
201  TIM2+R3       6934.096     27  13922.192    13923.747    14054.701
202  TIM2+R4       6931.877     29  13921.753    13923.547    14064.078
203  TIM2+R5       Skipped 
204  TIM2+R6       Skipped 
205  TIM2+R7       Skipped 
206  TIM2+R8       Skipped 
207  TIM2+R9       Skipped 
208  TIM2+R10      Skipped 
209  TIM3e         7378.431     20  14796.863    14797.721    14895.018
210  TIM3e+I       7098.618     21  14239.235    14240.180    14342.298
211  TIM3e+G4      7017.049     21  14076.097    14077.042    14179.160
212  TIM3e+I+G4    7016.129     22  14076.257    14077.293    14184.228
213  TIM3e+R2      7032.654     22  14109.308    14110.344    14217.279
214  TIM3e+R3      7014.039     24  14076.077    14077.308    14193.863
215  TIM3e+R4      7011.523     26  14075.046    14076.489    14202.648
216  TIM3e+R5      Skipped 
217  TIM3e+R6      Skipped 
218  TIM3e+R7      Skipped 
219  TIM3e+R8      Skipped 
220  TIM3e+R9      Skipped 
221  TIM3e+R10     Skipped 
222  TIM3          7292.385     23  14630.770    14631.901    14743.649
223  TIM3+I        7025.342     24  14098.684    14099.915    14216.471
224  TIM3+G4       6927.603     24  13903.207    13904.437    14020.993
225  TIM3+I+G4     6927.471     25  13904.942    13906.277    14027.636
226  TIM3+R2       6941.013     25  13932.027    13933.361    14054.720
227  TIM3+R3       6926.450     27  13906.900    13908.456    14039.410
228  TIM3+R4       6922.716     29  13903.432    13905.226    14045.757
229  TIM3+R5       Skipped 
230  TIM3+R6       Skipped 
231  TIM3+R7       Skipped 
232  TIM3+R8       Skipped 
233  TIM3+R9       Skipped 
234  TIM3+R10      Skipped 
235  TVMe          7357.675     21  14757.351    14758.295    14860.414
236  TVMe+I        7071.077     22  14186.155    14187.191    14294.125
237  TVMe+G4       6990.284     22  14024.568    14025.604    14132.538
238  TVMe+I+G4     6988.889     23  14023.778    14024.909    14136.656
239  TVMe+R2       7008.131     23  14062.263    14063.394    14175.141
240  TVMe+R3       6984.950     25  14019.899    14021.234    14142.593
241  TVMe+R4       6983.029     27  14020.059    14021.614    14152.568
242  TVMe+R5       Skipped 
243  TVMe+R6       Skipped 
244  TVMe+R7       Skipped 
245  TVMe+R8       Skipped 
246  TVMe+R9       Skipped 
247  TVMe+R10      Skipped 
248  TVM           7286.844     24  14621.688    14622.919    14739.475
249  TVM+I         7013.771     25  14077.542    14078.877    14200.236
250  TVM+G4        6920.664     25  13891.328    13892.663    14014.022
251  TVM+I+G4      6920.500     26  13893.001    13894.444    14020.602
252  TVM+R2        6934.872     26  13921.744    13923.187    14049.345
253  TVM+R3        6919.600     28  13895.201    13896.873    14032.618
254  TVM+R4        6915.803     30  13891.606    13893.525    14038.838
255  TVM+R5        Skipped 
256  TVM+R6        Skipped 
257  TVM+R7        Skipped 
258  TVM+R8        Skipped 
259  TVM+R9        Skipped 
260  TVM+R10       Skipped 
261  SYM           7357.183     22  14758.366    14759.402    14866.337
262  SYM+I         7069.706     23  14185.412    14186.543    14298.290
263  SYM+G4        6987.118     23  14020.236    14021.367    14133.114
264  SYM+I+G4      6985.237     24  14018.473    14019.704    14136.259
265  SYM+R2        7006.289     24  14060.578    14061.809    14178.365
266  SYM+R3        6980.878     26  14013.757    14015.200    14141.358
267  SYM+R4        6979.602     28  14015.204    14016.876    14152.621
268  SYM+R5        Skipped 
269  SYM+R6        Skipped 
270  SYM+R7        Skipped 
271  SYM+R8        Skipped 
272  SYM+R9        Skipped 
273  SYM+R10       Skipped 
274  GTR           7282.928     25  14615.855    14617.190    14738.549
275  GTR+I         7012.220     26  14076.440    14077.883    14204.042
276  GTR+G4        6919.184     26  13890.368    13891.811    14017.970
277  GTR+I+G4      6919.185     27  13892.370    13893.926    14024.880
278  GTR+R2        6932.991     27  13919.981    13921.537    14052.491
279  GTR+R3        6918.388     29  13894.775    13896.569    14037.100
280  GTR+R4        6914.156     31  13890.312    13892.361    14042.452
281  GTR+R5        Skipped 
282  GTR+R6        Skipped 
283  GTR+R7        Skipped 
284  GTR+R8        Skipped 
285  GTR+R9        Skipped 
286  GTR+R10       Skipped 
Akaike Information Criterion:           GTR+R4
Corrected Akaike Information Criterion: GTR+G4
Bayesian Information Criterion:         TVM+G4
Best-fit model: TVM+G4 chosen according to BIC

All model information printed to ./results/gene12.phy.model
CPU time for ModelFinder: 14.259 seconds (0h:0m:14s)
Wall-clock time for ModelFinder: 18.220 seconds (0h:0m:18s)
Generating 1000 samples for ultrafast bootstrap (seed: 35468)...

NOTE: 2 MB RAM (0 GB) is required!
Estimate model parameters (epsilon = 0.100)
1. Initial log-likelihood: -7150.949
2. Current log-likelihood: -6929.169
3. Current log-likelihood: -6922.195
4. Current log-likelihood: -6921.787
Optimal log-likelihood: -6921.735
Rate parameters:  A-C: 2.368  A-G: 4.389  A-T: 0.841  C-G: 0.954  C-T: 4.389  G-T: 1.000
Base frequencies:   A: 0.361  C: 0.173  G: 0.222  T: 0.245
Gamma shape alpha: 0.498
Parameters optimization took 4 rounds (0.122 sec)
Computing ML distances based on estimated model parameters... 0.002 sec
Computing BIONJ tree...
0.000 seconds
Log-likelihood of BIONJ tree: -6926.230
--------------------------------------------------------------------
|             INITIALIZING CANDIDATE TREE SET                      |
--------------------------------------------------------------------
Generating 98 parsimony trees... 0.096 second
Computing log-likelihood of 96 initial trees ... 0.379 seconds
Current best score: -6921.735

Do NNI search on 20 best initial trees
Estimate model parameters (epsilon = 0.100)
BETTER TREE FOUND at iteration 1: -6919.770
Iteration 10 / LogL: -6920.885 / Time: 0h:0m:19s
Iteration 20 / LogL: -6921.622 / Time: 0h:0m:19s
Finish initializing candidate tree set (6)
Current best tree score: -6919.770 / CPU time: 1.368
Number of iterations: 20
--------------------------------------------------------------------
|               OPTIMIZING CANDIDATE TREE SET                      |
--------------------------------------------------------------------
UPDATE BEST LOG-LIKELIHOOD: -6919.770
UPDATE BEST LOG-LIKELIHOOD: -6919.770
Iteration 30 / LogL: -6919.770 / Time: 0h:0m:20s (0h:0m:4s left)
Iteration 40 / LogL: -6920.885 / Time: 0h:0m:20s (0h:0m:3s left)
Iteration 50 / LogL: -6920.885 / Time: 0h:0m:20s (0h:0m:2s left)
Log-likelihood cutoff on original alignment: -6931.484
UPDATE BEST LOG-LIKELIHOOD: -6919.770
Iteration 60 / LogL: -6919.770 / Time: 0h:0m:21s (0h:0m:2s left)
UPDATE BEST LOG-LIKELIHOOD: -6919.770
Iteration 70 / LogL: -6919.770 / Time: 0h:0m:21s (0h:0m:1s left)
UPDATE BEST LOG-LIKELIHOOD: -6919.770
Iteration 80 / LogL: -6920.885 / Time: 0h:0m:22s (0h:0m:1s left)
Iteration 90 / LogL: -6919.770 / Time: 0h:0m:22s (0h:0m:0s left)
Iteration 100 / LogL: -6920.886 / Time: 0h:0m:22s (0h:0m:0s left)
Log-likelihood cutoff on original alignment: -6931.484
NOTE: Bootstrap correlation coefficient of split occurrence frequencies: 0.993
TREE SEARCH COMPLETED AFTER 102 ITERATIONS / Time: 0h:0m:23s

--------------------------------------------------------------------
|                    FINALIZING TREE SEARCH                        |
--------------------------------------------------------------------
Performs final model parameters optimization
Estimate model parameters (epsilon = 0.010)
1. Initial log-likelihood: -6919.770
Optimal log-likelihood: -6919.769
Rate parameters:  A-C: 2.359  A-G: 4.396  A-T: 0.845  C-G: 0.956  C-T: 4.396  G-T: 1.000
Base frequencies:   A: 0.361  C: 0.173  G: 0.222  T: 0.245
Gamma shape alpha: 0.496
Parameters optimization took 1 rounds (0.017 sec)
BEST SCORE FOUND : -6919.769
Creating bootstrap support values...
Split supports printed to NEXUS file ./results/gene12.phy.splits.nex
Total tree length: 2.714

Total number of iterations: 102
CPU time used for tree search: 4.384 sec (0h:0m:4s)
Wall-clock time used for tree search: 4.796 sec (0h:0m:4s)
Total CPU time used: 18.831 sec (0h:0m:18s)
Total wall-clock time used: 23.258 sec (0h:0m:23s)

Computing bootstrap consensus tree...
Reading input file ./results/gene12.phy.splits.nex...
10 taxa and 125 splits.
Consensus tree written to ./results/gene12.phy.contree
Reading input trees file ./results/gene12.phy.contree
Log-likelihood of consensus tree: -6919.769

Analysis results written to: 
  IQ-TREE report:                ./results/gene12.phy.iqtree
  Maximum-likelihood tree:       ./results/gene12.phy.treefile
  Likelihood distances:          ./results/gene12.phy.mldist

Ultrafast bootstrap approximation results written to:
  Split support values:          ./results/gene12.phy.splits.nex
  Consensus tree:                ./results/gene12.phy.contree
  Screen log file:               ./results/gene12.phy.log

Date and Time: Tue Aug 22 17:30:13 2017
