IQ-TREE multicore version 1.5.4 for Linux 64-bit built Apr  2 2017
Copyright (c) 2011-2017 by Bui Quang Minh, Nguyen Lam Tung,
Olga Chernomor, Heiko Schmidt, and Arndt von Haeseler.

Host:    hpc-crick (AVX, 251 GB RAM)
Command: iqtree -s ./results/gene2.phy -nt 1 -bb 1000
Seed:    907488 (Using SPRNG - Scalable Parallel Random Number Generator)
Time:    Tue Aug 22 17:19:03 2017
Kernel:  AVX - 1 threads (40 CPU cores detected)

Reading alignment file ./results/gene2.phy ... Phylip format detected
Alignment most likely contains DNA/RNA sequences
Alignment has 10 sequences with 1000 columns and 428 patterns (293 informative sites, 431 constant sites)
   Gap/Ambiguity  Composition  p-value
   1  A    0.00%    passed     89.97%
   2  B    0.00%    passed     96.87%
   3  C    0.00%    passed     79.61%
   4  D    0.00%    passed     93.64%
   5  E    0.00%    passed     95.51%
   6  F    0.00%    passed     91.92%
   7  G    0.00%    passed     97.86%
   8  H    0.00%    passed     96.56%
   9  I    0.00%    passed     94.62%
  10  J    0.00%    passed     95.38%
****  TOTAL    0.00%  0 sequences failed composition chi2 test (p-value<5%; df=3)

Create initial parsimony tree by phylogenetic likelihood library (PLL)... 0.001 seconds

NOTE: ModelFinder requires 3 MB RAM!
ModelFinder will test 286 DNA models (sample size: 1000) ...
 No. Model         -LnL         df  AIC          AICc         BIC
  1  JC            6859.023     17  13752.046    13752.669    13835.478
  2  JC+I          6647.508     18  13331.017    13331.714    13419.356
  3  JC+G4         6596.847     18  13229.694    13230.391    13318.033
  4  JC+I+G4       6597.245     19  13232.490    13233.265    13325.737
  5  JC+R2         6600.059     19  13238.118    13238.894    13331.366
  6  JC+R3         6596.645     21  13235.291    13236.235    13338.353
  7  JC+R4         Skipped 
  8  JC+R5         Skipped 
  9  JC+R6         Skipped 
 10  JC+R7         Skipped 
 11  JC+R8         Skipped 
 12  JC+R9         Skipped 
 13  JC+R10        Skipped 
 14  F81           6721.217     20  13482.434    13483.292    13580.589
 15  F81+I         6514.600     21  13071.200    13072.145    13174.263
 16  F81+G4        6462.435     21  12966.870    12967.815    13069.933
 17  F81+I+G4      6462.933     22  12969.866    12970.902    13077.837
 18  F81+R2        6465.364     22  12974.728    12975.764    13082.699
 19  F81+R3        6462.388     24  12972.775    12974.006    13090.561
 20  F81+R4        Skipped 
 21  F81+R5        Skipped 
 22  F81+R6        Skipped 
 23  F81+R7        Skipped 
 24  F81+R8        Skipped 
 25  F81+R9        Skipped 
 26  F81+R10       Skipped 
 27  K2P           6719.763     18  13475.527    13476.224    13563.866
 28  K2P+I         6498.408     19  13034.816    13035.592    13128.064
 29  K2P+G4        6437.188     19  12912.377    12913.152    13005.624
 30  K2P+I+G4      6437.627     20  12915.253    12916.111    13013.408
 31  K2P+R2        6441.344     20  12922.688    12923.546    13020.844
 32  K2P+R3        6436.461     22  12916.922    12917.958    13024.893
 33  K2P+R4        Skipped 
 34  K2P+R5        Skipped 
 35  K2P+R6        Skipped 
 36  K2P+R7        Skipped 
 37  K2P+R8        Skipped 
 38  K2P+R9        Skipped 
 39  K2P+R10       Skipped 
 40  HKY           6578.406     21  13198.812    13199.757    13301.875
 41  HKY+I         6366.842     22  12777.684    12778.720    12885.654
 42  HKY+G4        6300.451     22  12644.902    12645.937    12752.872
 43  HKY+I+G4      6300.970     23  12647.941    12649.072    12760.819
 44  HKY+R2        6304.899     23  12655.797    12656.928    12768.675
 45  HKY+R3        6300.137     25  12650.274    12651.608    12772.967
 46  HKY+R4        Skipped 
 47  HKY+R5        Skipped 
 48  HKY+R6        Skipped 
 49  HKY+R7        Skipped 
 50  HKY+R8        Skipped 
 51  HKY+R9        Skipped 
 52  HKY+R10       Skipped 
 53  TNe           6718.450     19  13474.901    13475.676    13568.148
 54  TNe+I         6495.999     20  13031.998    13032.856    13130.153
 55  TNe+G4        6431.804     20  12903.608    12904.466    13001.763
 56  TNe+I+G4      6431.992     21  12905.984    12906.928    13009.047
 57  TNe+R2        6437.007     21  12916.014    12916.959    13019.077
 58  TNe+R3        6430.520     23  12907.039    12908.170    13019.917
 59  TNe+R4        Skipped 
 60  TNe+R5        Skipped 
 61  TNe+R6        Skipped 
 62  TNe+R7        Skipped 
 63  TNe+R8        Skipped 
 64  TNe+R9        Skipped 
 65  TNe+R10       Skipped 
 66  TN            6576.400     22  13196.799    13197.835    13304.770
 67  TN+I          6364.943     23  12775.885    12777.016    12888.763
 68  TN+G4         6299.918     23  12645.836    12646.967    12758.714
 69  TN+I+G4       6300.408     24  12648.816    12650.047    12766.602
 70  TN+R2         6304.076     24  12656.152    12657.382    12773.938
 71  TN+R3         6299.642     26  12651.284    12652.727    12778.886
 72  TN+R4         Skipped 
 73  TN+R5         Skipped 
 74  TN+R6         Skipped 
 75  TN+R7         Skipped 
 76  TN+R8         Skipped 
 77  TN+R9         Skipped 
 78  TN+R10        Skipped 
 79  K3P           6717.558     19  13473.117    13473.892    13566.364
 80  K3P+I         6495.997     20  13031.994    13032.852    13130.150
 81  K3P+G4        6435.207     20  12910.413    12911.271    13008.568
 82  K3P+I+G4      6435.430     21  12912.859    12913.804    13015.922
 83  K3P+R2        6439.358     21  12920.717    12921.661    13023.779
 84  K3P+R3        6434.488     23  12914.975    12916.106    13027.853
 85  K3P+R4        Skipped 
 86  K3P+R5        Skipped 
 87  K3P+R6        Skipped 
 88  K3P+R7        Skipped 
 89  K3P+R8        Skipped 
 90  K3P+R9        Skipped 
 91  K3P+R10       Skipped 
 92  K3Pu          6570.934     22  13185.869    13186.905    13293.839
 93  K3Pu+I        6361.243     23  12768.487    12769.618    12881.365
 94  K3Pu+G4       6295.182     23  12636.364    12637.495    12749.243
 95  K3Pu+I+G4     6295.625     24  12639.249    12640.480    12757.036
 96  K3Pu+R2       6299.551     24  12647.102    12648.333    12764.888
 97  K3Pu+R3       6294.992     26  12641.983    12643.426    12769.585
 98  K3Pu+R4       Skipped 
 99  K3Pu+R5       Skipped 
100  K3Pu+R6       Skipped 
101  K3Pu+R7       Skipped 
102  K3Pu+R8       Skipped 
103  K3Pu+R9       Skipped 
104  K3Pu+R10      Skipped 
105  TPM2          6577.346     22  13198.693    13199.728    13306.663
106  TPM2+I        6363.981     23  12773.962    12775.093    12886.841
107  TPM2+G4       6299.380     23  12644.759    12645.890    12757.638
108  TPM2+I+G4     6299.812     24  12647.624    12648.854    12765.410
109  TPM2+R2       6303.503     24  12655.006    12656.237    12772.792
110  TPM2+R3       6298.993     26  12649.986    12651.429    12777.588
111  TPM2+R4       Skipped 
112  TPM2+R5       Skipped 
113  TPM2+R6       Skipped 
114  TPM2+R7       Skipped 
115  TPM2+R8       Skipped 
116  TPM2+R9       Skipped 
117  TPM2+R10      Skipped 
118  TPM2u         6577.485     22  13198.971    13200.007    13306.941
119  TPM2u+I       6363.983     23  12773.966    12775.097    12886.844
120  TPM2u+G4      6299.374     23  12644.748    12645.879    12757.626
121  TPM2u+I+G4    6299.785     24  12647.570    12648.801    12765.356
122  TPM2u+R2      6303.503     24  12655.006    12656.237    12772.792
123  TPM2u+R3      6298.990     26  12649.979    12651.422    12777.581
124  TPM2u+R4      Skipped 
125  TPM2u+R5      Skipped 
126  TPM2u+R6      Skipped 
127  TPM2u+R7      Skipped 
128  TPM2u+R8      Skipped 
129  TPM2u+R9      Skipped 
130  TPM2u+R10     Skipped 
131  TPM3          6554.037     22  13152.074    13153.109    13260.044
132  TPM3+I        6351.284     23  12748.567    12749.699    12861.446
133  TPM3+G4       6282.214     23  12610.427    12611.558    12723.306
134  TPM3+I+G4     6282.828     24  12613.656    12614.886    12731.442
135  TPM3+R2       6286.128     24  12620.257    12621.487    12738.043
136  TPM3+R3       6281.908     26  12615.816    12617.259    12743.418
137  TPM3+R4       Skipped 
138  TPM3+R5       Skipped 
139  TPM3+R6       Skipped 
140  TPM3+R7       Skipped 
141  TPM3+R8       Skipped 
142  TPM3+R9       Skipped 
143  TPM3+R10      Skipped 
144  TPM3u         6554.055     22  13152.109    13153.145    13260.080
145  TPM3u+I       6351.286     23  12748.573    12749.704    12861.451
146  TPM3u+G4      6282.227     23  12610.454    12611.585    12723.333
147  TPM3u+I+G4    6282.796     24  12613.591    12614.822    12731.378
148  TPM3u+R2      6286.120     24  12620.239    12621.470    12738.025
149  TPM3u+R3      6281.877     26  12615.754    12617.197    12743.356
150  TPM3u+R4      Skipped 
151  TPM3u+R5      Skipped 
152  TPM3u+R6      Skipped 
153  TPM3u+R7      Skipped 
154  TPM3u+R8      Skipped 
155  TPM3u+R9      Skipped 
156  TPM3u+R10     Skipped 
157  TIMe          6716.251     20  13472.502    13473.360    13570.657
158  TIMe+I        6493.611     21  13029.222    13030.167    13132.285
159  TIMe+G4       6429.931     21  12901.862    12902.807    13004.925
160  TIMe+I+G4     6429.959     22  12903.918    12904.953    13011.888
161  TIMe+R2       6435.101     22  12914.201    12915.237    13022.172
162  TIMe+R3       6428.607     24  12905.214    12906.445    13023.000
163  TIMe+R4       Skipped 
164  TIMe+R5       Skipped 
165  TIMe+R6       Skipped 
166  TIMe+R7       Skipped 
167  TIMe+R8       Skipped 
168  TIMe+R9       Skipped 
169  TIMe+R10      Skipped 
170  TIM           6568.769     23  13183.537    13184.668    13296.415
171  TIM+I         6359.364     24  12766.728    12767.959    12884.514
172  TIM+G4        6294.670     24  12637.339    12638.570    12755.125
173  TIM+I+G4      6295.030     25  12640.060    12641.395    12762.754
174  TIM+R2        6298.682     25  12647.365    12648.699    12770.058
175  TIM+R3        6294.591     27  12643.183    12644.738    12775.692
176  TIM+R4        Skipped 
177  TIM+R5        Skipped 
178  TIM+R6        Skipped 
179  TIM+R7        Skipped 
180  TIM+R8        Skipped 
181  TIM+R9        Skipped 
182  TIM+R10       Skipped 
183  TIM2e         6706.094     20  13452.188    13453.046    13550.343
184  TIM2e+I       6477.312     21  12996.624    12997.569    13099.687
185  TIM2e+G4      6406.577     21  12855.153    12856.098    12958.216
186  TIM2e+I+G4    6406.583     22  12857.166    12858.202    12965.137
187  TIM2e+R2      6413.560     22  12871.119    12872.155    12979.090
188  TIM2e+R3      6404.629     24  12857.257    12858.488    12975.043
189  TIM2e+R4      6404.655     26  12861.311    12862.754    12988.912
190  TIM2e+R5      Skipped 
191  TIM2e+R6      Skipped 
192  TIM2e+R7      Skipped 
193  TIM2e+R8      Skipped 
194  TIM2e+R9      Skipped 
195  TIM2e+R10     Skipped 
196  TIM2          6575.300     23  13196.600    13197.732    13309.479
197  TIM2+I        6362.230     24  12772.460    12773.691    12890.246
198  TIM2+G4       6298.640     24  12645.279    12646.510    12763.065
199  TIM2+I+G4     6298.980     25  12647.960    12649.295    12770.654
200  TIM2+R2       6302.555     25  12655.110    12656.444    12777.803
201  TIM2+R3       6298.370     27  12650.741    12652.296    12783.250
202  TIM2+R4       Skipped 
203  TIM2+R5       Skipped 
204  TIM2+R6       Skipped 
205  TIM2+R7       Skipped 
206  TIM2+R8       Skipped 
207  TIM2+R9       Skipped 
208  TIM2+R10      Skipped 
209  TIM3e         6708.452     20  13456.904    13457.762    13555.059
210  TIM3e+I       6489.054     21  13020.108    13021.052    13123.170
211  TIM3e+G4      6424.815     21  12891.631    12892.575    12994.693
212  TIM3e+I+G4    6424.914     22  12893.828    12894.864    13001.799
213  TIM3e+R2      6429.956     22  12903.911    12904.947    13011.882
214  TIM3e+R3      6423.619     24  12895.237    12896.468    13013.023
215  TIM3e+R4      Skipped 
216  TIM3e+R5      Skipped 
217  TIM3e+R6      Skipped 
218  TIM3e+R7      Skipped 
219  TIM3e+R8      Skipped 
220  TIM3e+R9      Skipped 
221  TIM3e+R10     Skipped 
222  TIM3          6551.048     23  13148.097    13149.228    13260.975
223  TIM3+I        6349.640     24  12747.279    12748.510    12865.065
224  TIM3+G4       6281.328     24  12610.655    12611.886    12728.442
225  TIM3+I+G4     6281.852     25  12613.703    12615.038    12736.397
226  TIM3+R2       6284.736     25  12619.471    12620.806    12742.165
227  TIM3+R3       6281.044     27  12616.088    12617.643    12748.597
228  TIM3+R4       Skipped 
229  TIM3+R5       Skipped 
230  TIM3+R6       Skipped 
231  TIM3+R7       Skipped 
232  TIM3+R8       Skipped 
233  TIM3+R9       Skipped 
234  TIM3+R10      Skipped 
235  TVMe          6697.614     21  13437.228    13438.173    13540.291
236  TVMe+I        6472.680     22  12989.361    12990.397    13097.331
237  TVMe+G4       6406.514     22  12857.029    12858.065    12965.000
238  TVMe+I+G4     6406.568     23  12859.136    12860.267    12972.014
239  TVMe+R2       6411.914     23  12869.829    12870.960    12982.707
240  TVMe+R3       6405.162     25  12860.323    12861.658    12983.017
241  TVMe+R4       Skipped 
242  TVMe+R5       Skipped 
243  TVMe+R6       Skipped 
244  TVMe+R7       Skipped 
245  TVMe+R8       Skipped 
246  TVMe+R9       Skipped 
247  TVMe+R10      Skipped 
248  TVM           6552.119     24  13152.238    13153.469    13270.024
249  TVM+I         6347.577     25  12745.155    12746.489    12867.849
250  TVM+G4        6280.392     25  12610.784    12612.119    12733.478
251  TVM+I+G4      6280.834     26  12613.668    12615.111    12741.269
252  TVM+R2        6284.177     26  12620.355    12621.798    12747.957
253  TVM+R3        6280.154     28  12616.308    12617.981    12753.725
254  TVM+R4        Skipped 
255  TVM+R5        Skipped 
256  TVM+R6        Skipped 
257  TVM+R7        Skipped 
258  TVM+R8        Skipped 
259  TVM+R9        Skipped 
260  TVM+R10       Skipped 
261  SYM           6696.511     22  13437.022    13438.058    13544.992
262  SYM+I         6470.088     23  12986.177    12987.308    13099.055
263  SYM+G4        6399.343     23  12844.686    12845.817    12957.565
264  SYM+I+G4      6399.335     24  12846.669    12847.900    12964.456
265  SYM+R2        6406.511     24  12861.021    12862.252    12978.807
266  SYM+R3        6397.396     26  12846.793    12848.236    12974.394
267  SYM+R4        6397.396     28  12850.793    12852.465    12988.210
268  SYM+R5        Skipped 
269  SYM+R6        Skipped 
270  SYM+R7        Skipped 
271  SYM+R8        Skipped 
272  SYM+R9        Skipped 
273  SYM+R10       Skipped 
274  GTR           6549.106     25  13148.212    13149.546    13270.906
275  GTR+I         6346.098     26  12744.196    12745.639    12871.797
276  GTR+G4        6279.268     26  12610.535    12611.978    12738.137
277  GTR+I+G4      6279.702     27  12613.403    12614.959    12745.913
278  GTR+R2        6282.572     27  12619.143    12620.699    12751.653
279  GTR+R3        6279.052     29  12616.104    12617.898    12758.429
280  GTR+R4        Skipped 
281  GTR+R5        Skipped 
282  GTR+R6        Skipped 
283  GTR+R7        Skipped 
284  GTR+R8        Skipped 
285  GTR+R9        Skipped 
286  GTR+R10       Skipped 
Akaike Information Criterion:           TPM3+G4
Corrected Akaike Information Criterion: TPM3+G4
Bayesian Information Criterion:         TPM3+G4
Best-fit model: TPM3+G4 chosen according to BIC

All model information printed to ./results/gene2.phy.model
CPU time for ModelFinder: 6.381 seconds (0h:0m:6s)
Wall-clock time for ModelFinder: 8.140 seconds (0h:0m:8s)
Generating 1000 samples for ultrafast bootstrap (seed: 907488)...

NOTE: 2 MB RAM (0 GB) is required!
Estimate model parameters (epsilon = 0.100)
1. Initial log-likelihood: -6507.371
2. Current log-likelihood: -6289.295
3. Current log-likelihood: -6283.154
4. Current log-likelihood: -6282.677
Optimal log-likelihood: -6282.618
Rate parameters:  A-C: 2.556  A-G: 6.013  A-T: 1.000  C-G: 2.556  C-T: 6.013  G-T: 1.000
Base frequencies:   A: 0.416  C: 0.157  G: 0.195  T: 0.232
Gamma shape alpha: 0.526
Parameters optimization took 4 rounds (0.039 sec)
Computing ML distances based on estimated model parameters... 0.001 sec
Computing BIONJ tree...
0.000 seconds
Log-likelihood of BIONJ tree: -6282.111
--------------------------------------------------------------------
|             INITIALIZING CANDIDATE TREE SET                      |
--------------------------------------------------------------------
Generating 98 parsimony trees... 0.064 second
Computing log-likelihood of 87 initial trees ... 0.283 seconds
Current best score: -6282.111

Do NNI search on 20 best initial trees
Estimate model parameters (epsilon = 0.100)
BETTER TREE FOUND at iteration 1: -6278.557
Iteration 10 / LogL: -6281.600 / Time: 0h:0m:8s
Iteration 20 / LogL: -6281.521 / Time: 0h:0m:8s
Finish initializing candidate tree set (2)
Current best tree score: -6278.557 / CPU time: 0.782
Number of iterations: 20
--------------------------------------------------------------------
|               OPTIMIZING CANDIDATE TREE SET                      |
--------------------------------------------------------------------
Iteration 30 / LogL: -6278.562 / Time: 0h:0m:9s (0h:0m:2s left)
UPDATE BEST LOG-LIKELIHOOD: -6278.557
UPDATE BEST LOG-LIKELIHOOD: -6278.557
Iteration 40 / LogL: -6278.577 / Time: 0h:0m:9s (0h:0m:2s left)
UPDATE BEST LOG-LIKELIHOOD: -6278.557
Iteration 50 / LogL: -6278.570 / Time: 0h:0m:9s (0h:0m:1s left)
Log-likelihood cutoff on original alignment: -6294.693
Iteration 60 / LogL: -6281.513 / Time: 0h:0m:10s (0h:0m:1s left)
Iteration 70 / LogL: -6278.576 / Time: 0h:0m:10s (0h:0m:1s left)
Iteration 80 / LogL: -6281.520 / Time: 0h:0m:10s (0h:0m:0s left)
Iteration 90 / LogL: -6278.592 / Time: 0h:0m:11s (0h:0m:0s left)
Iteration 100 / LogL: -6278.881 / Time: 0h:0m:11s (0h:0m:0s left)
Log-likelihood cutoff on original alignment: -6294.985
NOTE: Bootstrap correlation coefficient of split occurrence frequencies: 0.996
TREE SEARCH COMPLETED AFTER 102 ITERATIONS / Time: 0h:0m:11s

--------------------------------------------------------------------
|                    FINALIZING TREE SEARCH                        |
--------------------------------------------------------------------
Performs final model parameters optimization
Estimate model parameters (epsilon = 0.010)
1. Initial log-likelihood: -6278.557
Optimal log-likelihood: -6278.557
Rate parameters:  A-C: 2.567  A-G: 6.013  A-T: 1.000  C-G: 2.567  C-T: 6.013  G-T: 1.000
Base frequencies:   A: 0.416  C: 0.157  G: 0.195  T: 0.232
Gamma shape alpha: 0.524
Parameters optimization took 1 rounds (0.005 sec)
BEST SCORE FOUND : -6278.557
Creating bootstrap support values...
Split supports printed to NEXUS file ./results/gene2.phy.splits.nex
Total tree length: 2.145

Total number of iterations: 102
CPU time used for tree search: 3.073 sec (0h:0m:3s)
Wall-clock time used for tree search: 3.256 sec (0h:0m:3s)
Total CPU time used: 9.551 sec (0h:0m:9s)
Total wall-clock time used: 11.493 sec (0h:0m:11s)

Computing bootstrap consensus tree...
Reading input file ./results/gene2.phy.splits.nex...
10 taxa and 73 splits.
Consensus tree written to ./results/gene2.phy.contree
Reading input trees file ./results/gene2.phy.contree
Log-likelihood of consensus tree: -6278.557

Analysis results written to: 
  IQ-TREE report:                ./results/gene2.phy.iqtree
  Maximum-likelihood tree:       ./results/gene2.phy.treefile
  Likelihood distances:          ./results/gene2.phy.mldist

Ultrafast bootstrap approximation results written to:
  Split support values:          ./results/gene2.phy.splits.nex
  Consensus tree:                ./results/gene2.phy.contree
  Screen log file:               ./results/gene2.phy.log

Date and Time: Tue Aug 22 17:19:15 2017
