IQ-TREE multicore version 1.5.4 for Linux 64-bit built Apr  2 2017
Copyright (c) 2011-2017 by Bui Quang Minh, Nguyen Lam Tung,
Olga Chernomor, Heiko Schmidt, and Arndt von Haeseler.

Host:    hpc-crick (AVX, 251 GB RAM)
Command: iqtree -s ./results/gene17.phy -nt 1 -bb 1000
Seed:    691446 (Using SPRNG - Scalable Parallel Random Number Generator)
Time:    Tue Aug 22 17:19:15 2017
Kernel:  AVX - 1 threads (40 CPU cores detected)

Reading alignment file ./results/gene17.phy ... Phylip format detected
Alignment most likely contains DNA/RNA sequences
Alignment has 10 sequences with 1000 columns and 426 patterns (283 informative sites, 457 constant sites)
   Gap/Ambiguity  Composition  p-value
   1  A    0.00%    passed     75.74%
   2  B    0.00%    passed     92.27%
   3  C    0.00%    passed     99.02%
   4  D    0.00%    passed     92.62%
   5  E    0.00%    passed     90.60%
   6  F    0.00%    passed     42.29%
   7  G    0.00%    passed     85.24%
   8  H    0.00%    passed     80.91%
   9  I    0.00%    passed     50.58%
  10  J    0.00%    passed     58.86%
****  TOTAL    0.00%  0 sequences failed composition chi2 test (p-value<5%; df=3)

Create initial parsimony tree by phylogenetic likelihood library (PLL)... 0.010 seconds

NOTE: ModelFinder requires 3 MB RAM!
ModelFinder will test 286 DNA models (sample size: 1000) ...
 No. Model         -LnL         df  AIC          AICc         BIC
  1  JC            6592.575     17  13219.150    13219.773    13302.582
  2  JC+I          6363.112     18  12762.224    12762.921    12850.563
  3  JC+G4         6335.983     18  12707.966    12708.663    12796.305
  4  JC+I+G4       6334.609     19  12707.217    12707.993    12800.465
  5  JC+R2         6337.246     19  12712.492    12713.267    12805.739
  6  JC+R3         6334.485     21  12710.970    12711.915    12814.033
  7  JC+R4         Skipped 
  8  JC+R5         Skipped 
  9  JC+R6         Skipped 
 10  JC+R7         Skipped 
 11  JC+R8         Skipped 
 12  JC+R9         Skipped 
 13  JC+R10        Skipped 
 14  F81           6462.506     20  12965.011    12965.869    13063.166
 15  F81+I         6232.234     21  12506.467    12507.412    12609.530
 16  F81+G4        6205.973     21  12453.946    12454.891    12557.009
 17  F81+I+G4      6203.823     22  12451.646    12452.682    12559.617
 18  F81+R2        6207.948     22  12459.896    12460.932    12567.867
 19  F81+R3        6203.570     24  12455.141    12456.372    12572.927
 20  F81+R4        Skipped 
 21  F81+R5        Skipped 
 22  F81+R6        Skipped 
 23  F81+R7        Skipped 
 24  F81+R8        Skipped 
 25  F81+R9        Skipped 
 26  F81+R10       Skipped 
 27  K2P           6469.029     18  12974.058    12974.755    13062.398
 28  K2P+I         6228.018     19  12494.036    12494.812    12587.284
 29  K2P+G4        6194.046     19  12426.092    12426.867    12519.339
 30  K2P+I+G4      6193.131     20  12426.262    12427.120    12524.417
 31  K2P+R2        6196.460     20  12432.921    12433.779    12531.076
 32  K2P+R3        6192.827     22  12429.655    12430.690    12537.625
 33  K2P+R4        Skipped 
 34  K2P+R5        Skipped 
 35  K2P+R6        Skipped 
 36  K2P+R7        Skipped 
 37  K2P+R8        Skipped 
 38  K2P+R9        Skipped 
 39  K2P+R10       Skipped 
 40  HKY           6328.684     21  12699.369    12700.313    12802.431
 41  HKY+I         6091.976     22  12227.953    12228.988    12335.923
 42  HKY+G4        6057.051     22  12158.103    12159.139    12266.074
 43  HKY+I+G4      6055.024     23  12156.047    12157.178    12268.925
 44  HKY+R2        6060.873     23  12167.745    12168.876    12280.624
 45  HKY+R3        6054.776     25  12159.551    12160.886    12282.245
 46  HKY+R4        Skipped 
 47  HKY+R5        Skipped 
 48  HKY+R6        Skipped 
 49  HKY+R7        Skipped 
 50  HKY+R8        Skipped 
 51  HKY+R9        Skipped 
 52  HKY+R10       Skipped 
 53  TNe           6466.771     19  12971.542    12972.317    13064.789
 54  TNe+I         6226.564     20  12493.127    12493.985    12591.282
 55  TNe+G4        6189.750     20  12419.501    12420.359    12517.656
 56  TNe+I+G4      6188.886     21  12419.772    12420.717    12522.835
 57  TNe+R2        6192.931     21  12427.863    12428.807    12530.925
 58  TNe+R3        6188.797     23  12423.594    12424.725    12536.473
 59  TNe+R4        Skipped 
 60  TNe+R5        Skipped 
 61  TNe+R6        Skipped 
 62  TNe+R7        Skipped 
 63  TNe+R8        Skipped 
 64  TNe+R9        Skipped 
 65  TNe+R10       Skipped 
 66  TN            6328.353     22  12700.705    12701.741    12808.676
 67  TN+I          6090.837     23  12227.673    12228.805    12340.552
 68  TN+G4         6056.944     23  12159.889    12161.020    12272.767
 69  TN+I+G4       6054.918     24  12157.836    12159.066    12275.622
 70  TN+R2         6060.438     24  12168.876    12170.107    12286.662
 71  TN+R3         6054.624     26  12161.248    12162.691    12288.849
 72  TN+R4         Skipped 
 73  TN+R5         Skipped 
 74  TN+R6         Skipped 
 75  TN+R7         Skipped 
 76  TN+R8         Skipped 
 77  TN+R9         Skipped 
 78  TN+R10        Skipped 
 79  K3P           6464.731     19  12967.461    12968.237    13060.709
 80  K3P+I         6223.355     20  12486.710    12487.568    12584.865
 81  K3P+G4        6188.246     20  12416.492    12417.350    12514.647
 82  K3P+I+G4      6187.319     21  12416.638    12417.582    12519.700
 83  K3P+R2        6191.082     21  12424.164    12425.109    12527.227
 84  K3P+R3        6187.091     23  12420.183    12421.314    12533.061
 85  K3P+R4        Skipped 
 86  K3P+R5        Skipped 
 87  K3P+R6        Skipped 
 88  K3P+R7        Skipped 
 89  K3P+R8        Skipped 
 90  K3P+R9        Skipped 
 91  K3P+R10       Skipped 
 92  K3Pu          6316.101     22  12676.203    12677.238    12784.173
 93  K3Pu+I        6082.714     23  12211.427    12212.558    12324.306
 94  K3Pu+G4       6046.580     23  12139.159    12140.290    12252.037
 95  K3Pu+I+G4     6044.359     24  12136.717    12137.948    12254.503
 96  K3Pu+R2       6050.723     24  12149.445    12150.676    12267.231
 97  K3Pu+R3       6044.093     26  12140.185    12141.628    12267.787
 98  K3Pu+R4       Skipped 
 99  K3Pu+R5       Skipped 
100  K3Pu+R6       Skipped 
101  K3Pu+R7       Skipped 
102  K3Pu+R8       Skipped 
103  K3Pu+R9       Skipped 
104  K3Pu+R10      Skipped 
105  TPM2          6327.552     22  12699.103    12700.139    12807.074
106  TPM2+I        6089.431     23  12224.862    12225.993    12337.741
107  TPM2+G4       6055.781     23  12157.562    12158.693    12270.440
108  TPM2+I+G4     6053.884     24  12155.768    12156.999    12273.554
109  TPM2+R2       6058.634     24  12165.269    12166.499    12283.055
110  TPM2+R3       6053.638     26  12159.276    12160.719    12286.878
111  TPM2+R4       Skipped 
112  TPM2+R5       Skipped 
113  TPM2+R6       Skipped 
114  TPM2+R7       Skipped 
115  TPM2+R8       Skipped 
116  TPM2+R9       Skipped 
117  TPM2+R10      Skipped 
118  TPM2u         6327.601     22  12699.203    12700.238    12807.173
119  TPM2u+I       6089.436     23  12224.873    12226.004    12337.751
120  TPM2u+G4      6055.774     23  12157.549    12158.680    12270.427
121  TPM2u+I+G4    6053.884     24  12155.768    12156.999    12273.554
122  TPM2u+R2      6058.656     24  12165.313    12166.544    12283.099
123  TPM2u+R3      6053.637     26  12159.275    12160.718    12286.877
124  TPM2u+R4      Skipped 
125  TPM2u+R5      Skipped 
126  TPM2u+R6      Skipped 
127  TPM2u+R7      Skipped 
128  TPM2u+R8      Skipped 
129  TPM2u+R9      Skipped 
130  TPM2u+R10     Skipped 
131  TPM3          6302.490     22  12648.980    12650.016    12756.951
132  TPM3+I        6076.919     23  12199.837    12200.969    12312.716
133  TPM3+G4       6040.194     23  12126.388    12127.519    12239.266
134  TPM3+I+G4     6037.977     24  12123.953    12125.184    12241.739
135  TPM3+R2       6044.204     24  12136.409    12137.640    12254.195
136  TPM3+R3       6037.819     26  12127.637    12129.080    12255.239
137  TPM3+R4       Skipped 
138  TPM3+R5       Skipped 
139  TPM3+R6       Skipped 
140  TPM3+R7       Skipped 
141  TPM3+R8       Skipped 
142  TPM3+R9       Skipped 
143  TPM3+R10      Skipped 
144  TPM3u         6302.461     22  12648.921    12649.957    12756.892
145  TPM3u+I       6076.927     23  12199.854    12200.985    12312.733
146  TPM3u+G4      6040.209     23  12126.419    12127.550    12239.297
147  TPM3u+I+G4    6037.960     24  12123.921    12125.151    12241.707
148  TPM3u+R2      6044.227     24  12136.454    12137.685    12254.240
149  TPM3u+R3      6037.848     26  12127.696    12129.139    12255.298
150  TPM3u+R4      Skipped 
151  TPM3u+R5      Skipped 
152  TPM3u+R6      Skipped 
153  TPM3u+R7      Skipped 
154  TPM3u+R8      Skipped 
155  TPM3u+R9      Skipped 
156  TPM3u+R10     Skipped 
157  TIMe          6462.463     20  12964.926    12965.784    13063.081
158  TIMe+I        6221.871     21  12485.743    12486.687    12588.805
159  TIMe+G4       6184.014     21  12410.028    12410.972    12513.091
160  TIMe+I+G4     6183.143     22  12410.286    12411.322    12518.256
161  TIMe+R2       6187.589     22  12419.178    12420.213    12527.148
162  TIMe+R3       6183.006     24  12414.013    12415.243    12531.799
163  TIMe+R4       Skipped 
164  TIMe+R5       Skipped 
165  TIMe+R6       Skipped 
166  TIMe+R7       Skipped 
167  TIMe+R8       Skipped 
168  TIMe+R9       Skipped 
169  TIMe+R10      Skipped 
170  TIM           6315.738     23  12677.477    12678.608    12790.355
171  TIM+I         6081.756     24  12211.512    12212.742    12329.298
172  TIM+G4        6046.534     24  12141.069    12142.300    12258.855
173  TIM+I+G4      6044.298     25  12138.596    12139.931    12261.290
174  TIM+R2        6050.366     25  12150.731    12152.066    12273.425
175  TIM+R3        6044.009     27  12142.018    12143.574    12274.527
176  TIM+R4        Skipped 
177  TIM+R5        Skipped 
178  TIM+R6        Skipped 
179  TIM+R7        Skipped 
180  TIM+R8        Skipped 
181  TIM+R9        Skipped 
182  TIM+R10       Skipped 
183  TIM2e         6453.665     20  12947.330    12948.188    13045.485
184  TIM2e+I       6208.781     21  12459.563    12460.507    12562.626
185  TIM2e+G4      6162.070     21  12366.140    12367.085    12469.203
186  TIM2e+I+G4    6161.946     22  12367.892    12368.928    12475.862
187  TIM2e+R2      6166.364     22  12376.728    12377.764    12484.699
188  TIM2e+R3      6161.614     24  12371.228    12372.459    12489.014
189  TIM2e+R4      Skipped 
190  TIM2e+R5      Skipped 
191  TIM2e+R6      Skipped 
192  TIM2e+R7      Skipped 
193  TIM2e+R8      Skipped 
194  TIM2e+R9      Skipped 
195  TIM2e+R10     Skipped 
196  TIM2          6327.363     23  12700.725    12701.856    12813.604
197  TIM2+I        6088.324     24  12224.648    12225.879    12342.434
198  TIM2+G4       6055.576     24  12159.152    12160.383    12276.938
199  TIM2+I+G4     6053.847     25  12157.695    12159.029    12280.388
200  TIM2+R2       6058.241     25  12166.483    12167.817    12289.177
201  TIM2+R3       6053.382     27  12160.764    12162.319    12293.273
202  TIM2+R4       Skipped 
203  TIM2+R5       Skipped 
204  TIM2+R6       Skipped 
205  TIM2+R7       Skipped 
206  TIM2+R8       Skipped 
207  TIM2+R9       Skipped 
208  TIM2+R10      Skipped 
209  TIM3e         6456.206     20  12952.412    12953.270    13050.567
210  TIM3e+I       6220.004     21  12482.009    12482.954    12585.072
211  TIM3e+G4      6182.983     21  12407.966    12408.910    12511.029
212  TIM3e+I+G4    6182.129     22  12408.259    12409.295    12516.229
213  TIM3e+R2      6185.875     22  12415.750    12416.785    12523.720
214  TIM3e+R3      6181.980     24  12411.960    12413.190    12529.746
215  TIM3e+R4      Skipped 
216  TIM3e+R5      Skipped 
217  TIM3e+R6      Skipped 
218  TIM3e+R7      Skipped 
219  TIM3e+R8      Skipped 
220  TIM3e+R9      Skipped 
221  TIM3e+R10     Skipped 
222  TIM3          6301.697     23  12649.394    12650.525    12762.272
223  TIM3+I        6076.144     24  12200.289    12201.519    12318.075
224  TIM3+G4       6040.003     24  12128.006    12129.237    12245.793
225  TIM3+I+G4     6037.795     25  12125.590    12126.925    12248.284
226  TIM3+R2       6043.941     25  12137.883    12139.217    12260.577
227  TIM3+R3       6037.575     27  12129.151    12130.706    12261.660
228  TIM3+R4       Skipped 
229  TIM3+R5       Skipped 
230  TIM3+R6       Skipped 
231  TIM3+R7       Skipped 
232  TIM3+R8       Skipped 
233  TIM3+R9       Skipped 
234  TIM3+R10      Skipped 
235  TVMe          6444.671     21  12931.343    12932.288    13034.406
236  TVMe+I        6202.175     22  12448.350    12449.386    12556.321
237  TVMe+G4       6158.470     22  12360.940    12361.975    12468.910
238  TVMe+I+G4     6158.074     23  12362.148    12363.279    12475.027
239  TVMe+R2       6161.902     23  12369.804    12370.935    12482.682
240  TVMe+R3       6157.813     25  12365.627    12366.962    12488.321
241  TVMe+R4       Skipped 
242  TVMe+R5       Skipped 
243  TVMe+R6       Skipped 
244  TVMe+R7       Skipped 
245  TVMe+R8       Skipped 
246  TVMe+R9       Skipped 
247  TVMe+R10      Skipped 
248  TVM           6298.782     24  12645.563    12646.794    12763.350
249  TVM+I         6071.989     25  12193.979    12195.314    12316.673
250  TVM+G4        6035.614     25  12121.228    12122.563    12243.922
251  TVM+I+G4      6033.480     26  12118.960    12120.403    12246.562
252  TVM+R2        6039.016     26  12130.033    12131.476    12257.635
253  TVM+R3        6033.188     28  12122.376    12124.048    12259.793
254  TVM+R4        Skipped 
255  TVM+R5        Skipped 
256  TVM+R6        Skipped 
257  TVM+R7        Skipped 
258  TVM+R8        Skipped 
259  TVM+R9        Skipped 
260  TVM+R10       Skipped 
261  SYM           6442.654     22  12929.307    12930.343    13037.278
262  SYM+I         6200.583     23  12447.167    12448.298    12560.045
263  SYM+G4        6152.583     23  12351.165    12352.296    12464.044
264  SYM+I+G4      6152.328     24  12352.655    12353.886    12470.442
265  SYM+R2        6157.034     24  12362.068    12363.299    12479.854
266  SYM+R3        6152.017     26  12356.033    12357.476    12483.635
267  SYM+R4        Skipped 
268  SYM+R5        Skipped 
269  SYM+R6        Skipped 
270  SYM+R7        Skipped 
271  SYM+R8        Skipped 
272  SYM+R9        Skipped 
273  SYM+R10       Skipped 
274  GTR           6299.348     25  12648.695    12650.030    12771.389
275  GTR+I         6071.422     26  12194.844    12196.287    12322.446
276  GTR+G4        6035.202     26  12122.403    12123.846    12250.005
277  GTR+I+G4      6033.209     27  12120.417    12121.973    12252.927
278  GTR+R2        6038.636     27  12131.271    12132.827    12263.781
279  GTR+R3        6032.935     29  12123.870    12125.664    12266.195
280  GTR+R4        Skipped 
281  GTR+R5        Skipped 
282  GTR+R6        Skipped 
283  GTR+R7        Skipped 
284  GTR+R8        Skipped 
285  GTR+R9        Skipped 
286  GTR+R10       Skipped 
Akaike Information Criterion:           TVM+I+G4
Corrected Akaike Information Criterion: TVM+I+G4
Bayesian Information Criterion:         TPM3+G4
Best-fit model: TPM3+G4 chosen according to BIC

All model information printed to ./results/gene17.phy.model
CPU time for ModelFinder: 4.996 seconds (0h:0m:4s)
Wall-clock time for ModelFinder: 5.614 seconds (0h:0m:5s)
Generating 1000 samples for ultrafast bootstrap (seed: 691446)...

NOTE: 2 MB RAM (0 GB) is required!
Estimate model parameters (epsilon = 0.100)
1. Initial log-likelihood: -6254.690
2. Current log-likelihood: -6047.360
3. Current log-likelihood: -6040.785
4. Current log-likelihood: -6040.447
Optimal log-likelihood: -6040.419
Rate parameters:  A-C: 2.408  A-G: 5.592  A-T: 1.000  C-G: 2.408  C-T: 5.592  G-T: 1.000
Base frequencies:   A: 0.415  C: 0.161  G: 0.187  T: 0.237
Gamma shape alpha: 0.506
Parameters optimization took 4 rounds (0.044 sec)
Computing ML distances based on estimated model parameters... 0.001 sec
Computing BIONJ tree...
0.000 seconds
Log-likelihood of BIONJ tree: -6035.552
--------------------------------------------------------------------
|             INITIALIZING CANDIDATE TREE SET                      |
--------------------------------------------------------------------
Generating 98 parsimony trees... 0.069 second
Computing log-likelihood of 92 initial trees ... 0.332 seconds
Current best score: -6035.552

Do NNI search on 20 best initial trees
Estimate model parameters (epsilon = 0.100)
BETTER TREE FOUND at iteration 1: -6035.522
Iteration 10 / LogL: -6035.919 / Time: 0h:0m:6s
Iteration 20 / LogL: -6037.276 / Time: 0h:0m:7s
Finish initializing candidate tree set (8)
Current best tree score: -6035.522 / CPU time: 1.358
Number of iterations: 20
--------------------------------------------------------------------
|               OPTIMIZING CANDIDATE TREE SET                      |
--------------------------------------------------------------------
Estimate model parameters (epsilon = 0.100)
BETTER TREE FOUND at iteration 23: -6035.410
Iteration 30 / LogL: -6036.290 / Time: 0h:0m:7s (0h:0m:6s left)
UPDATE BEST LOG-LIKELIHOOD: -6035.410
Iteration 40 / LogL: -6035.411 / Time: 0h:0m:7s (0h:0m:4s left)
Iteration 50 / LogL: -6036.935 / Time: 0h:0m:8s (0h:0m:3s left)
Log-likelihood cutoff on original alignment: -6043.730
UPDATE BEST LOG-LIKELIHOOD: -6035.410
Iteration 60 / LogL: -6035.914 / Time: 0h:0m:8s (0h:0m:3s left)
UPDATE BEST LOG-LIKELIHOOD: -6035.410
Iteration 70 / LogL: -6037.295 / Time: 0h:0m:9s (0h:0m:2s left)
Iteration 80 / LogL: -6035.859 / Time: 0h:0m:9s (0h:0m:2s left)
Iteration 90 / LogL: -6035.543 / Time: 0h:0m:9s (0h:0m:1s left)
Iteration 100 / LogL: -6035.861 / Time: 0h:0m:10s (0h:0m:1s left)
Log-likelihood cutoff on original alignment: -6044.126
NOTE: Bootstrap correlation coefficient of split occurrence frequencies: 0.964
NOTE: UFBoot does not converge, continue at least 100 more iterations
Iteration 110 / LogL: -6035.856 / Time: 0h:0m:10s (0h:0m:4s left)
WARNING: NNI search needs unusual large number of steps (7) to converge!
Iteration 120 / LogL: -6035.410 / Time: 0h:0m:10s (0h:0m:3s left)
Iteration 130 / LogL: -6036.878 / Time: 0h:0m:11s (0h:0m:3s left)
Iteration 140 / LogL: -6035.410 / Time: 0h:0m:11s (0h:0m:2s left)
Iteration 150 / LogL: -6035.857 / Time: 0h:0m:12s (0h:0m:2s left)
Log-likelihood cutoff on original alignment: -6044.126
Iteration 160 / LogL: -6035.914 / Time: 0h:0m:12s (0h:0m:1s left)
Iteration 170 / LogL: -6035.539 / Time: 0h:0m:12s (0h:0m:1s left)
Iteration 180 / LogL: -6035.410 / Time: 0h:0m:13s (0h:0m:0s left)
UPDATE BEST LOG-LIKELIHOOD: -6035.410
Iteration 190 / LogL: -6035.411 / Time: 0h:0m:13s (0h:0m:0s left)
Iteration 200 / LogL: -6035.856 / Time: 0h:0m:13s (0h:0m:0s left)
Log-likelihood cutoff on original alignment: -6044.126
NOTE: Bootstrap correlation coefficient of split occurrence frequencies: 0.986
NOTE: UFBoot does not converge, continue at least 100 more iterations
Iteration 210 / LogL: -6035.419 / Time: 0h:0m:14s (0h:0m:3s left)
UPDATE BEST LOG-LIKELIHOOD: -6035.410
Iteration 220 / LogL: -6035.521 / Time: 0h:0m:14s (0h:0m:3s left)
Iteration 230 / LogL: -6036.878 / Time: 0h:0m:15s (0h:0m:2s left)
Iteration 240 / LogL: -6035.418 / Time: 0h:0m:15s (0h:0m:2s left)
UPDATE BEST LOG-LIKELIHOOD: -6035.410
Iteration 250 / LogL: -6035.524 / Time: 0h:0m:15s (0h:0m:2s left)
Log-likelihood cutoff on original alignment: -6044.126
WARNING: NNI search needs unusual large number of steps (7) to converge!
Iteration 260 / LogL: -6035.859 / Time: 0h:0m:16s (0h:0m:1s left)
Iteration 270 / LogL: -6035.437 / Time: 0h:0m:16s (0h:0m:1s left)
Iteration 280 / LogL: -6035.419 / Time: 0h:0m:16s (0h:0m:0s left)
Iteration 290 / LogL: -6035.455 / Time: 0h:0m:16s (0h:0m:0s left)
Iteration 300 / LogL: -6035.411 / Time: 0h:0m:16s (0h:0m:0s left)
Log-likelihood cutoff on original alignment: -6044.126
NOTE: Bootstrap correlation coefficient of split occurrence frequencies: 0.988
NOTE: UFBoot does not converge, continue at least 100 more iterations
Iteration 310 / LogL: -6036.877 / Time: 0h:0m:17s (0h:0m:3s left)
Iteration 320 / LogL: -6035.410 / Time: 0h:0m:17s (0h:0m:2s left)
Iteration 330 / LogL: -6035.410 / Time: 0h:0m:17s (0h:0m:2s left)
Iteration 340 / LogL: -6035.412 / Time: 0h:0m:18s (0h:0m:2s left)
Iteration 350 / LogL: -6035.411 / Time: 0h:0m:18s (0h:0m:1s left)
Log-likelihood cutoff on original alignment: -6044.126
Iteration 360 / LogL: -6035.417 / Time: 0h:0m:18s (0h:0m:1s left)
Iteration 370 / LogL: -6036.133 / Time: 0h:0m:18s (0h:0m:1s left)
Iteration 380 / LogL: -6035.418 / Time: 0h:0m:19s (0h:0m:0s left)
Iteration 390 / LogL: -6035.410 / Time: 0h:0m:19s (0h:0m:0s left)
Iteration 400 / LogL: -6036.925 / Time: 0h:0m:19s (0h:0m:0s left)
Log-likelihood cutoff on original alignment: -6044.814
NOTE: Bootstrap correlation coefficient of split occurrence frequencies: 0.992
TREE SEARCH COMPLETED AFTER 400 ITERATIONS / Time: 0h:0m:19s

--------------------------------------------------------------------
|                    FINALIZING TREE SEARCH                        |
--------------------------------------------------------------------
Performs final model parameters optimization
Estimate model parameters (epsilon = 0.010)
1. Initial log-likelihood: -6035.410
Optimal log-likelihood: -6035.410
Rate parameters:  A-C: 2.363  A-G: 5.576  A-T: 1.000  C-G: 2.363  C-T: 5.576  G-T: 1.000
Base frequencies:   A: 0.415  C: 0.161  G: 0.187  T: 0.237
Gamma shape alpha: 0.515
Parameters optimization took 1 rounds (0.005 sec)
BEST SCORE FOUND : -6035.410
Creating bootstrap support values...
Split supports printed to NEXUS file ./results/gene17.phy.splits.nex
Total tree length: 1.953

Total number of iterations: 400
CPU time used for tree search: 14.196 sec (0h:0m:14s)
Wall-clock time used for tree search: 14.224 sec (0h:0m:14s)
Total CPU time used: 19.294 sec (0h:0m:19s)
Total wall-clock time used: 19.945 sec (0h:0m:19s)

Computing bootstrap consensus tree...
Reading input file ./results/gene17.phy.splits.nex...
10 taxa and 193 splits.
Consensus tree written to ./results/gene17.phy.contree
Reading input trees file ./results/gene17.phy.contree
Log-likelihood of consensus tree: -6035.554

Analysis results written to: 
  IQ-TREE report:                ./results/gene17.phy.iqtree
  Maximum-likelihood tree:       ./results/gene17.phy.treefile
  Likelihood distances:          ./results/gene17.phy.mldist

Ultrafast bootstrap approximation results written to:
  Split support values:          ./results/gene17.phy.splits.nex
  Consensus tree:                ./results/gene17.phy.contree
  Screen log file:               ./results/gene17.phy.log

Date and Time: Tue Aug 22 17:19:35 2017
