IQ-TREE multicore version 1.5.4 for Linux 64-bit built Apr  2 2017
Copyright (c) 2011-2017 by Bui Quang Minh, Nguyen Lam Tung,
Olga Chernomor, Heiko Schmidt, and Arndt von Haeseler.

Host:    hpc-crick (AVX, 251 GB RAM)
Command: iqtree -s ./results/gene10.phy -nt 1 -bb 1000
Seed:    319430 (Using SPRNG - Scalable Parallel Random Number Generator)
Time:    Tue Aug 22 17:17:39 2017
Kernel:  AVX - 1 threads (40 CPU cores detected)

Reading alignment file ./results/gene10.phy ... Phylip format detected
Alignment most likely contains DNA/RNA sequences
Alignment has 10 sequences with 1000 columns and 422 patterns (285 informative sites, 452 constant sites)
   Gap/Ambiguity  Composition  p-value
   1  A    0.00%    passed     71.24%
   2  B    0.00%    passed     94.14%
   3  C    0.00%    passed     82.06%
   4  D    0.00%    passed     93.67%
   5  E    0.00%    passed     98.88%
   6  F    0.00%    passed     80.34%
   7  G    0.00%    passed     84.10%
   8  H    0.00%    passed     91.20%
   9  I    0.00%    passed     99.34%
  10  J    0.00%    passed     22.96%
****  TOTAL    0.00%  0 sequences failed composition chi2 test (p-value<5%; df=3)

Create initial parsimony tree by phylogenetic likelihood library (PLL)... 0.001 seconds

NOTE: ModelFinder requires 3 MB RAM!
ModelFinder will test 286 DNA models (sample size: 1000) ...
 No. Model         -LnL         df  AIC          AICc         BIC
  1  JC            6676.718     17  13387.435    13388.059    13470.867
  2  JC+I          6445.632     18  12927.264    12927.961    13015.604
  3  JC+G4         6406.965     18  12849.929    12850.627    12938.269
  4  JC+I+G4       6408.216     19  12854.432    12855.208    12947.680
  5  JC+R2         6404.936     19  12847.872    12848.647    12941.119
  6  JC+R3         6404.877     21  12851.755    12852.699    12954.818
  7  JC+R4         Skipped 
  8  JC+R5         Skipped 
  9  JC+R6         Skipped 
 10  JC+R7         Skipped 
 11  JC+R8         Skipped 
 12  JC+R9         Skipped 
 13  JC+R10        Skipped 
 14  F81           6588.192     20  13216.383    13217.241    13314.538
 15  F81+I         6348.746     21  12739.491    12740.436    12842.554
 16  F81+G4        6306.426     21  12654.852    12655.797    12757.915
 17  F81+I+G4      6307.603     22  12659.205    12660.241    12767.176
 18  F81+R2        6304.254     22  12652.509    12653.545    12760.479
 19  F81+R3        6304.150     24  12656.300    12657.531    12774.087
 20  F81+R4        Skipped 
 21  F81+R5        Skipped 
 22  F81+R6        Skipped 
 23  F81+R7        Skipped 
 24  F81+R8        Skipped 
 25  F81+R9        Skipped 
 26  F81+R10       Skipped 
 27  K2P           6563.045     18  13162.090    13162.787    13250.430
 28  K2P+I         6322.118     19  12682.236    12683.012    12775.484
 29  K2P+G4        6272.027     19  12582.054    12582.829    12675.301
 30  K2P+I+G4      6272.963     20  12585.925    12586.783    12684.080
 31  K2P+R2        6271.626     20  12583.253    12584.111    12681.408
 32  K2P+R3        6270.906     22  12585.813    12586.849    12693.784
 33  K2P+R4        Skipped 
 34  K2P+R5        Skipped 
 35  K2P+R6        Skipped 
 36  K2P+R7        Skipped 
 37  K2P+R8        Skipped 
 38  K2P+R9        Skipped 
 39  K2P+R10       Skipped 
 40  HKY           6474.866     21  12991.733    12992.677    13094.795
 41  HKY+I         6222.598     22  12489.196    12490.232    12597.166
 42  HKY+G4        6165.512     22  12375.025    12376.061    12482.995
 43  HKY+I+G4      6166.145     23  12378.290    12379.421    12491.168
 44  HKY+R2        6166.584     23  12379.167    12380.298    12492.046
 45  HKY+R3        6164.671     25  12379.341    12380.676    12502.035
 46  HKY+R4        Skipped 
 47  HKY+R5        Skipped 
 48  HKY+R6        Skipped 
 49  HKY+R7        Skipped 
 50  HKY+R8        Skipped 
 51  HKY+R9        Skipped 
 52  HKY+R10       Skipped 
 53  TNe           6562.644     19  13163.288    13164.064    13256.536
 54  TNe+I         6321.448     20  12682.896    12683.754    12781.051
 55  TNe+G4        6270.010     20  12580.020    12580.878    12678.175
 56  TNe+I+G4      6270.855     21  12583.710    12584.655    12686.773
 57  TNe+R2        6270.261     21  12582.523    12583.467    12685.585
 58  TNe+R3        6269.043     23  12584.087    12585.218    12696.965
 59  TNe+R4        Skipped 
 60  TNe+R5        Skipped 
 61  TNe+R6        Skipped 
 62  TNe+R7        Skipped 
 63  TNe+R8        Skipped 
 64  TNe+R9        Skipped 
 65  TNe+R10       Skipped 
 66  TN            6472.276     22  12988.552    12989.588    13096.523
 67  TN+I          6220.872     23  12487.744    12488.875    12600.622
 68  TN+G4         6164.999     23  12375.997    12377.129    12488.876
 69  TN+I+G4       6165.609     24  12379.218    12380.449    12497.004
 70  TN+R2         6165.583     24  12379.166    12380.397    12496.952
 71  TN+R3         6164.052     26  12380.103    12381.546    12507.705
 72  TN+R4         Skipped 
 73  TN+R5         Skipped 
 74  TN+R6         Skipped 
 75  TN+R7         Skipped 
 76  TN+R8         Skipped 
 77  TN+R9         Skipped 
 78  TN+R10        Skipped 
 79  K3P           6555.243     19  13148.487    13149.262    13241.734
 80  K3P+I         6312.867     20  12665.733    12666.591    12763.888
 81  K3P+G4        6262.256     20  12564.513    12565.371    12662.668
 82  K3P+I+G4      6263.153     21  12568.307    12569.251    12671.370
 83  K3P+R2        6261.508     21  12565.015    12565.960    12668.078
 84  K3P+R3        6260.802     23  12567.604    12568.736    12680.483
 85  K3P+R4        Skipped 
 86  K3P+R5        Skipped 
 87  K3P+R6        Skipped 
 88  K3P+R7        Skipped 
 89  K3P+R8        Skipped 
 90  K3P+R9        Skipped 
 91  K3P+R10       Skipped 
 92  K3Pu          6460.873     22  12965.746    12966.782    13073.717
 93  K3Pu+I        6206.423     23  12458.846    12459.977    12571.724
 94  K3Pu+G4       6149.346     23  12344.693    12345.824    12457.571
 95  K3Pu+I+G4     6149.933     24  12347.866    12349.097    12465.652
 96  K3Pu+R2       6150.007     24  12348.013    12349.244    12465.799
 97  K3Pu+R3       6148.056     26  12348.112    12349.555    12475.714
 98  K3Pu+R4       Skipped 
 99  K3Pu+R5       Skipped 
100  K3Pu+R6       Skipped 
101  K3Pu+R7       Skipped 
102  K3Pu+R8       Skipped 
103  K3Pu+R9       Skipped 
104  K3Pu+R10      Skipped 
105  TPM2          6465.812     22  12975.624    12976.659    13083.594
106  TPM2+I        6215.797     23  12477.594    12478.725    12590.472
107  TPM2+G4       6162.348     23  12370.696    12371.827    12483.575
108  TPM2+I+G4     6163.000     24  12373.999    12375.230    12491.785
109  TPM2+R2       6162.621     24  12373.242    12374.473    12491.028
110  TPM2+R3       6161.278     26  12374.556    12375.999    12502.157
111  TPM2+R4       Skipped 
112  TPM2+R5       Skipped 
113  TPM2+R6       Skipped 
114  TPM2+R7       Skipped 
115  TPM2+R8       Skipped 
116  TPM2+R9       Skipped 
117  TPM2+R10      Skipped 
118  TPM2u         6465.848     22  12975.696    12976.732    13083.666
119  TPM2u+I       6215.793     23  12477.587    12478.718    12590.465
120  TPM2u+G4      6162.352     23  12370.704    12371.835    12483.582
121  TPM2u+I+G4    6162.979     24  12373.957    12375.188    12491.743
122  TPM2u+R2      6162.617     24  12373.235    12374.466    12491.021
123  TPM2u+R3      6161.276     26  12374.552    12375.995    12502.154
124  TPM2u+R4      Skipped 
125  TPM2u+R5      Skipped 
126  TPM2u+R6      Skipped 
127  TPM2u+R7      Skipped 
128  TPM2u+R8      Skipped 
129  TPM2u+R9      Skipped 
130  TPM2u+R10     Skipped 
131  TPM3          6458.196     22  12960.392    12961.428    13068.362
132  TPM3+I        6205.769     23  12457.537    12458.668    12570.415
133  TPM3+G4       6150.924     23  12347.847    12348.978    12460.726
134  TPM3+I+G4     6151.274     24  12350.548    12351.779    12468.334
135  TPM3+R2       6152.963     24  12353.926    12355.157    12471.712
136  TPM3+R3       6150.409     26  12352.818    12354.261    12480.419
137  TPM3+R4       Skipped 
138  TPM3+R5       Skipped 
139  TPM3+R6       Skipped 
140  TPM3+R7       Skipped 
141  TPM3+R8       Skipped 
142  TPM3+R9       Skipped 
143  TPM3+R10      Skipped 
144  TPM3u         6458.208     22  12960.417    12961.452    13068.387
145  TPM3u+I       6205.720     23  12457.441    12458.572    12570.319
146  TPM3u+G4      6150.894     23  12347.789    12348.920    12460.667
147  TPM3u+I+G4    6151.240     24  12350.480    12351.710    12468.266
148  TPM3u+R2      6152.965     24  12353.930    12355.161    12471.716
149  TPM3u+R3      6150.278     26  12352.555    12353.998    12480.157
150  TPM3u+R4      Skipped 
151  TPM3u+R5      Skipped 
152  TPM3u+R6      Skipped 
153  TPM3u+R7      Skipped 
154  TPM3u+R8      Skipped 
155  TPM3u+R9      Skipped 
156  TPM3u+R10     Skipped 
157  TIMe          6554.880     20  13149.760    13150.618    13247.916
158  TIMe+I        6312.248     21  12666.496    12667.441    12769.559
159  TIMe+G4       6260.268     21  12562.536    12563.481    12665.599
160  TIMe+I+G4     6260.948     22  12565.897    12566.932    12673.867
161  TIMe+R2       6260.119     22  12564.237    12565.273    12672.208
162  TIMe+R3       6258.970     24  12565.939    12567.170    12683.725
163  TIMe+R4       Skipped 
164  TIMe+R5       Skipped 
165  TIMe+R6       Skipped 
166  TIMe+R7       Skipped 
167  TIMe+R8       Skipped 
168  TIMe+R9       Skipped 
169  TIMe+R10      Skipped 
170  TIM           6458.019     23  12962.038    12963.169    13074.916
171  TIM+I         6204.557     24  12457.114    12458.345    12574.900
172  TIM+G4        6149.031     24  12346.063    12347.293    12463.849
173  TIM+I+G4      6149.522     25  12349.043    12350.378    12471.737
174  TIM+R2        6149.259     25  12348.517    12349.852    12471.211
175  TIM+R3        6147.617     27  12349.234    12350.790    12481.744
176  TIM+R4        Skipped 
177  TIM+R5        Skipped 
178  TIM+R6        Skipped 
179  TIM+R7        Skipped 
180  TIM+R8        Skipped 
181  TIM+R9        Skipped 
182  TIM+R10       Skipped 
183  TIM2e         6540.581     20  13121.163    13122.021    13219.318
184  TIM2e+I       6300.829     21  12643.657    12644.602    12746.720
185  TIM2e+G4      6245.632     21  12533.263    12534.208    12636.326
186  TIM2e+I+G4    6246.166     22  12536.332    12537.368    12644.302
187  TIM2e+R2      6247.200     22  12538.399    12539.435    12646.370
188  TIM2e+R3      6245.001     24  12538.001    12539.232    12655.787
189  TIM2e+R4      Skipped 
190  TIM2e+R5      Skipped 
191  TIM2e+R6      Skipped 
192  TIM2e+R7      Skipped 
193  TIM2e+R8      Skipped 
194  TIM2e+R9      Skipped 
195  TIM2e+R10     Skipped 
196  TIM2          6463.170     23  12972.340    12973.471    13085.218
197  TIM2+I        6214.001     24  12476.001    12477.232    12593.788
198  TIM2+G4       6161.554     24  12371.108    12372.339    12488.894
199  TIM2+I+G4     6162.076     25  12374.151    12375.486    12496.845
200  TIM2+R2       6161.292     25  12372.584    12373.918    12495.278
201  TIM2+R3       6160.360     27  12374.719    12376.275    12507.228
202  TIM2+R4       Skipped 
203  TIM2+R5       Skipped 
204  TIM2+R6       Skipped 
205  TIM2+R7       Skipped 
206  TIM2+R8       Skipped 
207  TIM2+R9       Skipped 
208  TIM2+R10      Skipped 
209  TIM3e         6555.942     20  13151.884    13152.742    13250.039
210  TIM3e+I       6314.469     21  12670.937    12671.882    12774.000
211  TIM3e+G4      6264.337     21  12570.674    12571.619    12673.737
212  TIM3e+I+G4    6264.907     22  12573.813    12574.849    12681.784
213  TIM3e+R2      6264.616     22  12573.233    12574.269    12681.204
214  TIM3e+R3      6263.329     24  12574.658    12575.888    12692.444
215  TIM3e+R4      Skipped 
216  TIM3e+R5      Skipped 
217  TIM3e+R6      Skipped 
218  TIM3e+R7      Skipped 
219  TIM3e+R8      Skipped 
220  TIM3e+R9      Skipped 
221  TIM3e+R10     Skipped 
222  TIM3          6454.368     23  12954.736    12955.867    13067.614
223  TIM3+I        6203.532     24  12455.064    12456.295    12572.850
224  TIM3+G4       6150.150     24  12348.301    12349.532    12466.087
225  TIM3+I+G4     6150.336     25  12350.673    12352.008    12473.367
226  TIM3+R2       6152.215     25  12354.430    12355.765    12477.124
227  TIM3+R3       6149.527     27  12353.054    12354.610    12485.564
228  TIM3+R4       Skipped 
229  TIM3+R5       Skipped 
230  TIM3+R6       Skipped 
231  TIM3+R7       Skipped 
232  TIM3+R8       Skipped 
233  TIM3+R9       Skipped 
234  TIM3+R10      Skipped 
235  TVMe          6529.139     21  13100.278    13101.223    13203.341
236  TVMe+I        6288.270     22  12620.539    12621.575    12728.510
237  TVMe+G4       6234.987     22  12513.974    12515.009    12621.944
238  TVMe+I+G4     6235.548     23  12517.095    12518.226    12629.974
239  TVMe+R2       6235.359     23  12516.717    12517.849    12629.596
240  TVMe+R3       6233.911     25  12517.822    12519.157    12640.516
241  TVMe+R4       Skipped 
242  TVMe+R5       Skipped 
243  TVMe+R6       Skipped 
244  TVMe+R7       Skipped 
245  TVMe+R8       Skipped 
246  TVMe+R9       Skipped 
247  TVMe+R10      Skipped 
248  TVM           6442.294     24  12932.588    12933.819    13050.374
249  TVM+I         6190.990     25  12431.980    12433.315    12554.674
250  TVM+G4        6138.997     25  12327.994    12329.329    12450.688
251  TVM+I+G4      6139.326     26  12330.652    12332.095    12458.254
252  TVM+R2        6139.518     26  12331.036    12332.478    12458.637
253  TVM+R3        6137.875     28  12331.749    12333.422    12469.166
254  TVM+R4        Skipped 
255  TVM+R5        Skipped 
256  TVM+R6        Skipped 
257  TVM+R7        Skipped 
258  TVM+R8        Skipped 
259  TVM+R9        Skipped 
260  TVM+R10       Skipped 
261  SYM           6528.870     22  13101.740    13102.776    13209.711
262  SYM+I         6287.697     23  12621.393    12622.524    12734.271
263  SYM+G4        6231.737     23  12509.474    12510.605    12622.352
264  SYM+I+G4      6232.259     24  12512.518    12513.749    12630.304
265  SYM+R2        6233.180     24  12514.359    12515.590    12632.145
266  SYM+R3        6230.914     26  12513.829    12515.272    12641.431
267  SYM+R4        Skipped 
268  SYM+R5        Skipped 
269  SYM+R6        Skipped 
270  SYM+R7        Skipped 
271  SYM+R8        Skipped 
272  SYM+R9        Skipped 
273  SYM+R10       Skipped 
274  GTR           6438.148     25  12926.297    12927.631    13048.991
275  GTR+I         6188.683     26  12429.365    12430.808    12556.967
276  GTR+G4        6137.891     26  12327.782    12329.225    12455.384
277  GTR+I+G4      6138.247     27  12330.495    12332.050    12463.004
278  GTR+R2        6138.091     27  12330.182    12331.737    12462.691
279  GTR+R3        6136.699     29  12331.397    12333.191    12473.722
280  GTR+R4        Skipped 
281  GTR+R5        Skipped 
282  GTR+R6        Skipped 
283  GTR+R7        Skipped 
284  GTR+R8        Skipped 
285  GTR+R9        Skipped 
286  GTR+R10       Skipped 
Akaike Information Criterion:           GTR+G4
Corrected Akaike Information Criterion: GTR+G4
Bayesian Information Criterion:         TVM+G4
Best-fit model: TVM+G4 chosen according to BIC

All model information printed to ./results/gene10.phy.model
CPU time for ModelFinder: 5.102 seconds (0h:0m:5s)
Wall-clock time for ModelFinder: 7.477 seconds (0h:0m:7s)
Generating 1000 samples for ultrafast bootstrap (seed: 319430)...

NOTE: 2 MB RAM (0 GB) is required!
Estimate model parameters (epsilon = 0.100)
1. Initial log-likelihood: -6366.434
2. Current log-likelihood: -6148.939
3. Current log-likelihood: -6140.534
4. Current log-likelihood: -6140.147
Optimal log-likelihood: -6140.066
Rate parameters:  A-C: 2.427  A-G: 4.124  A-T: 0.694  C-G: 0.714  C-T: 4.124  G-T: 1.000
Base frequencies:   A: 0.394  C: 0.162  G: 0.208  T: 0.237
Gamma shape alpha: 0.452
Parameters optimization took 4 rounds (0.124 sec)
Computing ML distances based on estimated model parameters... 0.001 sec
Computing BIONJ tree...
0.000 seconds
Log-likelihood of BIONJ tree: -6134.186
--------------------------------------------------------------------
|             INITIALIZING CANDIDATE TREE SET                      |
--------------------------------------------------------------------
Generating 98 parsimony trees... 0.081 second
Computing log-likelihood of 94 initial trees ... 0.430 seconds
Current best score: -6134.186

Do NNI search on 20 best initial trees
Estimate model parameters (epsilon = 0.100)
BETTER TREE FOUND at iteration 1: -6133.909
Estimate model parameters (epsilon = 0.100)
BETTER TREE FOUND at iteration 2: -6131.111
Iteration 10 / LogL: -6131.124 / Time: 0h:0m:8s
Iteration 20 / LogL: -6131.115 / Time: 0h:0m:9s
Finish initializing candidate tree set (3)
Current best tree score: -6131.111 / CPU time: 1.520
Number of iterations: 20
--------------------------------------------------------------------
|               OPTIMIZING CANDIDATE TREE SET                      |
--------------------------------------------------------------------
Iteration 30 / LogL: -6131.134 / Time: 0h:0m:9s (0h:0m:5s left)
Iteration 40 / LogL: -6135.907 / Time: 0h:0m:10s (0h:0m:4s left)
Iteration 50 / LogL: -6133.923 / Time: 0h:0m:10s (0h:0m:3s left)
Log-likelihood cutoff on original alignment: -6143.681
Iteration 60 / LogL: -6135.901 / Time: 0h:0m:11s (0h:0m:2s left)
Iteration 70 / LogL: -6137.356 / Time: 0h:0m:11s (0h:0m:2s left)
Iteration 80 / LogL: -6133.905 / Time: 0h:0m:12s (0h:0m:1s left)
Iteration 90 / LogL: -6131.121 / Time: 0h:0m:12s (0h:0m:0s left)
Iteration 100 / LogL: -6134.959 / Time: 0h:0m:12s (0h:0m:0s left)
Log-likelihood cutoff on original alignment: -6143.681
NOTE: Bootstrap correlation coefficient of split occurrence frequencies: 0.983
NOTE: UFBoot does not converge, continue at least 100 more iterations
Iteration 110 / LogL: -6134.955 / Time: 0h:0m:13s (0h:0m:4s left)
Iteration 120 / LogL: -6134.989 / Time: 0h:0m:13s (0h:0m:4s left)
Iteration 130 / LogL: -6134.961 / Time: 0h:0m:14s (0h:0m:3s left)
Iteration 140 / LogL: -6133.910 / Time: 0h:0m:14s (0h:0m:3s left)
UPDATE BEST LOG-LIKELIHOOD: -6131.111
Iteration 150 / LogL: -6135.310 / Time: 0h:0m:14s (0h:0m:2s left)
Log-likelihood cutoff on original alignment: -6143.681
Iteration 160 / LogL: -6134.426 / Time: 0h:0m:15s (0h:0m:1s left)
Iteration 170 / LogL: -6131.115 / Time: 0h:0m:15s (0h:0m:1s left)
Iteration 180 / LogL: -6131.112 / Time: 0h:0m:15s (0h:0m:0s left)
UPDATE BEST LOG-LIKELIHOOD: -6131.111
Iteration 190 / LogL: -6134.412 / Time: 0h:0m:16s (0h:0m:0s left)
Iteration 200 / LogL: -6131.115 / Time: 0h:0m:16s (0h:0m:0s left)
Log-likelihood cutoff on original alignment: -6143.681
NOTE: Bootstrap correlation coefficient of split occurrence frequencies: 0.989
NOTE: UFBoot does not converge, continue at least 100 more iterations
Iteration 210 / LogL: -6135.130 / Time: 0h:0m:16s (0h:0m:3s left)
Iteration 220 / LogL: -6136.891 / Time: 0h:0m:17s (0h:0m:3s left)
Iteration 230 / LogL: -6131.116 / Time: 0h:0m:17s (0h:0m:3s left)
Iteration 240 / LogL: -6134.448 / Time: 0h:0m:17s (0h:0m:2s left)
Iteration 250 / LogL: -6133.921 / Time: 0h:0m:18s (0h:0m:2s left)
Log-likelihood cutoff on original alignment: -6143.681
Iteration 260 / LogL: -6134.415 / Time: 0h:0m:18s (0h:0m:1s left)
Iteration 270 / LogL: -6133.911 / Time: 0h:0m:18s (0h:0m:1s left)
Iteration 280 / LogL: -6131.116 / Time: 0h:0m:19s (0h:0m:0s left)
Iteration 290 / LogL: -6133.902 / Time: 0h:0m:19s (0h:0m:0s left)
Iteration 300 / LogL: -6134.414 / Time: 0h:0m:19s (0h:0m:0s left)
Log-likelihood cutoff on original alignment: -6143.924
NOTE: Bootstrap correlation coefficient of split occurrence frequencies: 0.996
TREE SEARCH COMPLETED AFTER 300 ITERATIONS / Time: 0h:0m:19s

--------------------------------------------------------------------
|                    FINALIZING TREE SEARCH                        |
--------------------------------------------------------------------
Performs final model parameters optimization
Estimate model parameters (epsilon = 0.010)
1. Initial log-likelihood: -6131.111
Optimal log-likelihood: -6131.110
Rate parameters:  A-C: 2.404  A-G: 4.153  A-T: 0.675  C-G: 0.706  C-T: 4.153  G-T: 1.000
Base frequencies:   A: 0.394  C: 0.162  G: 0.208  T: 0.237
Gamma shape alpha: 0.455
Parameters optimization took 1 rounds (0.006 sec)
BEST SCORE FOUND : -6131.110
Creating bootstrap support values...
Split supports printed to NEXUS file ./results/gene10.phy.splits.nex
Total tree length: 2.103

Total number of iterations: 300
CPU time used for tree search: 10.537 sec (0h:0m:10s)
Wall-clock time used for tree search: 12.106 sec (0h:0m:12s)
Total CPU time used: 15.786 sec (0h:0m:15s)
Total wall-clock time used: 19.782 sec (0h:0m:19s)

Computing bootstrap consensus tree...
Reading input file ./results/gene10.phy.splits.nex...
10 taxa and 169 splits.
Consensus tree written to ./results/gene10.phy.contree
Reading input trees file ./results/gene10.phy.contree
Log-likelihood of consensus tree: -6131.110

Analysis results written to: 
  IQ-TREE report:                ./results/gene10.phy.iqtree
  Maximum-likelihood tree:       ./results/gene10.phy.treefile
  Likelihood distances:          ./results/gene10.phy.mldist

Ultrafast bootstrap approximation results written to:
  Split support values:          ./results/gene10.phy.splits.nex
  Consensus tree:                ./results/gene10.phy.contree
  Screen log file:               ./results/gene10.phy.log

Date and Time: Tue Aug 22 17:17:59 2017
