IQ-TREE multicore version 1.5.4 for Linux 64-bit built Apr  2 2017
Copyright (c) 2011-2017 by Bui Quang Minh, Nguyen Lam Tung,
Olga Chernomor, Heiko Schmidt, and Arndt von Haeseler.

Host:    hpc-crick (AVX, 251 GB RAM)
Command: iqtree -s ./results/gene19.phy -nt 1 -bb 1000
Seed:    151411 (Using SPRNG - Scalable Parallel Random Number Generator)
Time:    Tue Aug 22 18:28:56 2017
Kernel:  AVX - 1 threads (40 CPU cores detected)

Reading alignment file ./results/gene19.phy ... Phylip format detected
Alignment most likely contains DNA/RNA sequences
Alignment has 10 sequences with 1000 columns and 455 patterns (319 informative sites, 414 constant sites)
   Gap/Ambiguity  Composition  p-value
   1  A    0.00%    passed     87.77%
   2  B    0.00%    passed     71.14%
   3  C    0.00%    passed     72.14%
   4  D    0.00%    passed     54.21%
   5  E    0.00%    passed     98.92%
   6  F    0.00%    passed     95.95%
   7  G    0.00%    passed     71.81%
   8  H    0.00%    passed     35.22%
   9  I    0.00%    passed     90.40%
  10  J    0.00%    passed     74.89%
****  TOTAL    0.00%  0 sequences failed composition chi2 test (p-value<5%; df=3)

Create initial parsimony tree by phylogenetic likelihood library (PLL)... 0.005 seconds

NOTE: ModelFinder requires 3 MB RAM!
ModelFinder will test 286 DNA models (sample size: 1000) ...
 No. Model         -LnL         df  AIC          AICc         BIC
  1  JC            7160.796     17  14355.592    14356.215    14439.024
  2  JC+I          6924.018     18  13884.036    13884.733    13972.375
  3  JC+G4         6881.297     18  13798.593    13799.290    13886.933
  4  JC+I+G4       6881.221     19  13800.441    13801.217    13893.689
  5  JC+R2         6881.306     19  13800.613    13801.388    13893.860
  6  JC+R3         6880.072     21  13802.145    13803.090    13905.208
  7  JC+R4         Skipped 
  8  JC+R5         Skipped 
  9  JC+R6         Skipped 
 10  JC+R7         Skipped 
 11  JC+R8         Skipped 
 12  JC+R9         Skipped 
 13  JC+R10        Skipped 
 14  F81           7067.465     20  14174.930    14175.788    14273.085
 15  F81+I         6829.490     21  13700.979    13701.924    13804.042
 16  F81+G4        6782.772     21  13607.544    13608.489    13710.607
 17  F81+I+G4      6783.020     22  13610.039    13611.075    13718.010
 18  F81+R2        6781.522     22  13607.044    13608.080    13715.015
 19  F81+R3        6780.718     24  13609.436    13610.667    13727.222
 20  F81+R4        Skipped 
 21  F81+R5        Skipped 
 22  F81+R6        Skipped 
 23  F81+R7        Skipped 
 24  F81+R8        Skipped 
 25  F81+R9        Skipped 
 26  F81+R10       Skipped 
 27  K2P           7033.779     18  14103.558    14104.255    14191.898
 28  K2P+I         6783.243     19  13604.485    13605.261    13697.733
 29  K2P+G4        6724.575     19  13487.151    13487.926    13580.398
 30  K2P+I+G4      6724.707     20  13489.414    13490.272    13587.569
 31  K2P+R2        6728.320     20  13496.640    13497.498    13594.795
 32  K2P+R3        6724.330     22  13492.660    13493.695    13600.630
 33  K2P+R4        Skipped 
 34  K2P+R5        Skipped 
 35  K2P+R6        Skipped 
 36  K2P+R7        Skipped 
 37  K2P+R8        Skipped 
 38  K2P+R9        Skipped 
 39  K2P+R10       Skipped 
 40  HKY           6932.044     21  13906.088    13907.033    14009.151
 41  HKY+I         6689.461     22  13422.923    13423.959    13530.893
 42  HKY+G4        6623.243     22  13290.486    13291.522    13398.457
 43  HKY+I+G4      6623.395     23  13292.790    13293.921    13405.669
 44  HKY+R2        6626.969     23  13299.938    13301.069    13412.816
 45  HKY+R3        6622.181     25  13294.361    13295.696    13417.055
 46  HKY+R4        Skipped 
 47  HKY+R5        Skipped 
 48  HKY+R6        Skipped 
 49  HKY+R7        Skipped 
 50  HKY+R8        Skipped 
 51  HKY+R9        Skipped 
 52  HKY+R10       Skipped 
 53  TNe           7032.189     19  14102.378    14103.154    14195.626
 54  TNe+I         6782.715     20  13605.429    13606.287    13703.584
 55  TNe+G4        6721.977     20  13483.954    13484.812    13582.109
 56  TNe+I+G4      6721.970     21  13485.941    13486.886    13589.004
 57  TNe+R2        6726.952     21  13495.904    13496.849    13598.967
 58  TNe+R3        6721.420     23  13488.841    13489.972    13601.719
 59  TNe+R4        Skipped 
 60  TNe+R5        Skipped 
 61  TNe+R6        Skipped 
 62  TNe+R7        Skipped 
 63  TNe+R8        Skipped 
 64  TNe+R9        Skipped 
 65  TNe+R10       Skipped 
 66  TN            6931.970     22  13907.940    13908.976    14015.910
 67  TN+I          6687.463     23  13420.926    13422.057    13533.804
 68  TN+G4         6622.922     23  13291.844    13292.976    13404.723
 69  TN+I+G4       6623.033     24  13294.066    13295.297    13411.852
 70  TN+R2         6625.885     24  13299.769    13301.000    13417.555
 71  TN+R3         6621.860     26  13295.721    13297.164    13423.322
 72  TN+R4         Skipped 
 73  TN+R5         Skipped 
 74  TN+R6         Skipped 
 75  TN+R7         Skipped 
 76  TN+R8         Skipped 
 77  TN+R9         Skipped 
 78  TN+R10        Skipped 
 79  K3P           7029.846     19  14097.691    14098.467    14190.939
 80  K3P+I         6778.877     20  13597.754    13598.612    13695.909
 81  K3P+G4        6719.023     20  13478.045    13478.903    13576.200
 82  K3P+I+G4      6719.030     21  13480.059    13481.004    13583.122
 83  K3P+R2        6722.707     21  13487.414    13488.359    13590.477
 84  K3P+R3        6718.387     23  13482.773    13483.904    13595.652
 85  K3P+R4        Skipped 
 86  K3P+R5        Skipped 
 87  K3P+R6        Skipped 
 88  K3P+R7        Skipped 
 89  K3P+R8        Skipped 
 90  K3P+R9        Skipped 
 91  K3P+R10       Skipped 
 92  K3Pu          6923.273     22  13890.546    13891.582    13998.517
 93  K3Pu+I        6681.060     23  13408.119    13409.250    13520.997
 94  K3Pu+G4       6612.434     23  13270.867    13271.998    13383.746
 95  K3Pu+I+G4     6612.766     24  13273.533    13274.763    13391.319
 96  K3Pu+R2       6616.400     24  13280.800    13282.031    13398.586
 97  K3Pu+R3       6611.488     26  13274.976    13276.419    13402.578
 98  K3Pu+R4       Skipped 
 99  K3Pu+R5       Skipped 
100  K3Pu+R6       Skipped 
101  K3Pu+R7       Skipped 
102  K3Pu+R8       Skipped 
103  K3Pu+R9       Skipped 
104  K3Pu+R10      Skipped 
105  TPM2          6932.002     22  13908.004    13909.040    14015.975
106  TPM2+I        6687.670     23  13421.340    13422.471    13534.218
107  TPM2+G4       6622.332     23  13290.664    13291.795    13403.543
108  TPM2+I+G4     6622.450     24  13292.899    13294.130    13410.686
109  TPM2+R2       6626.027     24  13300.053    13301.284    13417.839
110  TPM2+R3       6621.384     26  13294.767    13296.210    13422.369
111  TPM2+R4       Skipped 
112  TPM2+R5       Skipped 
113  TPM2+R6       Skipped 
114  TPM2+R7       Skipped 
115  TPM2+R8       Skipped 
116  TPM2+R9       Skipped 
117  TPM2+R10      Skipped 
118  TPM2u         6931.991     22  13907.981    13909.017    14015.952
119  TPM2u+I       6687.668     23  13421.336    13422.467    13534.214
120  TPM2u+G4      6622.330     23  13290.660    13291.791    13403.539
121  TPM2u+I+G4    6622.427     24  13292.855    13294.086    13410.641
122  TPM2u+R2      6626.030     24  13300.061    13301.292    13417.847
123  TPM2u+R3      6621.472     26  13294.943    13296.386    13422.545
124  TPM2u+R4      Skipped 
125  TPM2u+R5      Skipped 
126  TPM2u+R6      Skipped 
127  TPM2u+R7      Skipped 
128  TPM2u+R8      Skipped 
129  TPM2u+R9      Skipped 
130  TPM2u+R10     Skipped 
131  TPM3          6906.073     22  13856.147    13857.183    13964.117
132  TPM3+I        6665.845     23  13377.690    13378.821    13490.568
133  TPM3+G4       6597.681     23  13241.362    13242.493    13354.241
134  TPM3+I+G4     6598.314     24  13244.629    13245.860    13362.415
135  TPM3+R2       6599.157     24  13246.313    13247.544    13364.100
136  TPM3+R3       6596.399     26  13244.797    13246.240    13372.399
137  TPM3+R4       Skipped 
138  TPM3+R5       Skipped 
139  TPM3+R6       Skipped 
140  TPM3+R7       Skipped 
141  TPM3+R8       Skipped 
142  TPM3+R9       Skipped 
143  TPM3+R10      Skipped 
144  TPM3u         6906.094     22  13856.188    13857.223    13964.158
145  TPM3u+I       6665.838     23  13377.676    13378.807    13490.555
146  TPM3u+G4      6597.696     23  13241.393    13242.524    13354.271
147  TPM3u+I+G4    6598.314     24  13244.628    13245.858    13362.414
148  TPM3u+R2      6599.149     24  13246.297    13247.528    13364.083
149  TPM3u+R3      6596.326     26  13244.653    13246.096    13372.255
150  TPM3u+R4      Skipped 
151  TPM3u+R5      Skipped 
152  TPM3u+R6      Skipped 
153  TPM3u+R7      Skipped 
154  TPM3u+R8      Skipped 
155  TPM3u+R9      Skipped 
156  TPM3u+R10     Skipped 
157  TIMe          7028.224     20  14096.448    14097.306    14194.603
158  TIMe+I        6778.334     21  13598.668    13599.613    13701.731
159  TIMe+G4       6716.442     21  13474.885    13475.830    13577.948
160  TIMe+I+G4     6716.326     22  13476.651    13477.687    13584.622
161  TIMe+R2       6721.337     22  13486.673    13487.709    13594.644
162  TIMe+R3       6715.777     24  13479.555    13480.786    13597.341
163  TIMe+R4       Skipped 
164  TIMe+R5       Skipped 
165  TIMe+R6       Skipped 
166  TIMe+R7       Skipped 
167  TIMe+R8       Skipped 
168  TIMe+R9       Skipped 
169  TIMe+R10      Skipped 
170  TIM           6923.104     23  13892.209    13893.340    14005.087
171  TIM+I         6679.107     24  13406.214    13407.445    13524.000
172  TIM+G4        6612.366     24  13272.731    13273.962    13390.518
173  TIM+I+G4      6612.680     25  13275.361    13276.695    13398.055
174  TIM+R2        6615.405     25  13280.809    13282.144    13403.503
175  TIM+R3        6611.284     27  13276.569    13278.125    13409.078
176  TIM+R4        Skipped 
177  TIM+R5        Skipped 
178  TIM+R6        Skipped 
179  TIM+R7        Skipped 
180  TIM+R8        Skipped 
181  TIM+R9        Skipped 
182  TIM+R10       Skipped 
183  TIM2e         7024.799     20  14089.598    14090.456    14187.753
184  TIM2e+I       6769.739     21  13581.479    13582.423    13684.541
185  TIM2e+G4      6698.851     21  13439.701    13440.646    13542.764
186  TIM2e+I+G4    6698.774     22  13441.549    13442.584    13549.519
187  TIM2e+R2      6708.925     22  13461.850    13462.886    13569.821
188  TIM2e+R3      6697.744     24  13443.488    13444.719    13561.274
189  TIM2e+R4      6697.726     26  13447.452    13448.895    13575.054
190  TIM2e+R5      Skipped 
191  TIM2e+R6      Skipped 
192  TIM2e+R7      Skipped 
193  TIM2e+R8      Skipped 
194  TIM2e+R9      Skipped 
195  TIM2e+R10     Skipped 
196  TIM2          6931.862     23  13909.723    13910.855    14022.602
197  TIM2+I        6685.859     24  13419.718    13420.948    13537.504
198  TIM2+G4       6621.864     24  13291.729    13292.959    13409.515
199  TIM2+I+G4     6621.955     25  13293.910    13295.245    13416.604
200  TIM2+R2       6624.984     25  13299.968    13301.303    13422.662
201  TIM2+R3       6621.076     27  13296.152    13297.708    13428.661
202  TIM2+R4       Skipped 
203  TIM2+R5       Skipped 
204  TIM2+R6       Skipped 
205  TIM2+R7       Skipped 
206  TIM2+R8       Skipped 
207  TIM2+R9       Skipped 
208  TIM2+R10      Skipped 
209  TIM3e         7016.879     20  14073.758    14074.616    14171.913
210  TIM3e+I       6768.109     21  13578.219    13579.164    13681.282
211  TIM3e+G4      6706.359     21  13454.718    13455.663    13557.781
212  TIM3e+I+G4    6706.587     22  13457.175    13458.211    13565.145
213  TIM3e+R2      6710.564     22  13465.128    13466.164    13573.099
214  TIM3e+R3      6706.254     24  13460.508    13461.738    13578.294
215  TIM3e+R4      Skipped 
216  TIM3e+R5      Skipped 
217  TIM3e+R6      Skipped 
218  TIM3e+R7      Skipped 
219  TIM3e+R8      Skipped 
220  TIM3e+R9      Skipped 
221  TIM3e+R10     Skipped 
222  TIM3          6905.572     23  13857.143    13858.275    13970.022
223  TIM3+I        6663.517     24  13375.034    13376.265    13492.821
224  TIM3+G4       6597.193     24  13242.385    13243.616    13360.172
225  TIM3+I+G4     6597.709     25  13245.419    13246.754    13368.113
226  TIM3+R2       6597.434     25  13244.868    13246.203    13367.562
227  TIM3+R3       6595.316     27  13244.632    13246.188    13377.142
228  TIM3+R4       Skipped 
229  TIM3+R5       Skipped 
230  TIM3+R6       Skipped 
231  TIM3+R7       Skipped 
232  TIM3+R8       Skipped 
233  TIM3+R9       Skipped 
234  TIM3+R10      Skipped 
235  TVMe          7010.777     21  14063.554    14064.499    14166.617
236  TVMe+I        6755.363     22  13554.725    13555.761    13662.696
237  TVMe+G4       6686.594     22  13417.188    13418.224    13525.159
238  TVMe+I+G4     6686.709     23  13419.418    13420.549    13532.297
239  TVMe+R2       6693.892     23  13433.783    13434.915    13546.662
240  TVMe+R3       6686.422     25  13422.844    13424.178    13545.537
241  TVMe+R4       6686.384     27  13426.769    13428.324    13559.278
242  TVMe+R5       Skipped 
243  TVMe+R6       Skipped 
244  TVMe+R7       Skipped 
245  TVMe+R8       Skipped 
246  TVMe+R9       Skipped 
247  TVMe+R10      Skipped 
248  TVM           6904.735     24  13857.471    13858.701    13975.257
249  TVM+I         6662.744     25  13375.488    13376.823    13498.182
250  TVM+G4        6594.198     25  13238.396    13239.730    13361.090
251  TVM+I+G4      6594.726     26  13241.453    13242.896    13369.054
252  TVM+R2        6596.062     26  13244.124    13245.567    13371.726
253  TVM+R3        6593.152     28  13242.303    13243.976    13379.720
254  TVM+R4        Skipped 
255  TVM+R5        Skipped 
256  TVM+R6        Skipped 
257  TVM+R7        Skipped 
258  TVM+R8        Skipped 
259  TVM+R9        Skipped 
260  TVM+R10       Skipped 
261  SYM           7009.438     22  14062.877    14063.913    14170.848
262  SYM+I         6754.813     23  13555.627    13556.758    13668.505
263  SYM+G4        6681.533     23  13409.065    13410.196    13521.943
264  SYM+I+G4      6681.598     24  13411.196    13412.427    13528.983
265  SYM+R2        6691.323     24  13430.647    13431.878    13548.433
266  SYM+R3        6680.855     26  13413.710    13415.153    13541.312
267  SYM+R4        6680.835     28  13417.670    13419.343    13555.087
268  SYM+R5        Skipped 
269  SYM+R6        Skipped 
270  SYM+R7        Skipped 
271  SYM+R8        Skipped 
272  SYM+R9        Skipped 
273  SYM+R10       Skipped 
274  GTR           6904.271     25  13858.542    13859.877    13981.236
275  GTR+I         6660.633     26  13373.266    13374.709    13500.868
276  GTR+G4        6593.652     26  13239.304    13240.747    13366.906
277  GTR+I+G4      6594.069     27  13242.139    13243.694    13374.648
278  GTR+R2        6594.230     27  13242.459    13244.015    13374.968
279  GTR+R3        6592.343     29  13242.686    13244.479    13385.011
280  GTR+R4        Skipped 
281  GTR+R5        Skipped 
282  GTR+R6        Skipped 
283  GTR+R7        Skipped 
284  GTR+R8        Skipped 
285  GTR+R9        Skipped 
286  GTR+R10       Skipped 
Akaike Information Criterion:           TVM+G4
Corrected Akaike Information Criterion: TVM+G4
Bayesian Information Criterion:         TPM3+G4
Best-fit model: TPM3+G4 chosen according to BIC

All model information printed to ./results/gene19.phy.model
CPU time for ModelFinder: 7.626 seconds (0h:0m:7s)
Wall-clock time for ModelFinder: 10.501 seconds (0h:0m:10s)
Generating 1000 samples for ultrafast bootstrap (seed: 151411)...

NOTE: 2 MB RAM (0 GB) is required!
Estimate model parameters (epsilon = 0.100)
1. Initial log-likelihood: -6834.669
2. Current log-likelihood: -6606.410
3. Current log-likelihood: -6598.482
4. Current log-likelihood: -6597.944
Optimal log-likelihood: -6597.909
Rate parameters:  A-C: 2.986  A-G: 6.357  A-T: 1.000  C-G: 2.986  C-T: 6.357  G-T: 1.000
Base frequencies:   A: 0.386  C: 0.175  G: 0.196  T: 0.243
Gamma shape alpha: 0.517
Parameters optimization took 4 rounds (0.087 sec)
Computing ML distances based on estimated model parameters... 0.001 sec
Computing BIONJ tree...
0.000 seconds
Log-likelihood of BIONJ tree: -6598.870
--------------------------------------------------------------------
|             INITIALIZING CANDIDATE TREE SET                      |
--------------------------------------------------------------------
Generating 98 parsimony trees... 0.085 second
Computing log-likelihood of 90 initial trees ... 0.627 seconds
Current best score: -6597.909

Do NNI search on 20 best initial trees
Estimate model parameters (epsilon = 0.100)
BETTER TREE FOUND at iteration 1: -6597.795
Estimate model parameters (epsilon = 0.100)
BETTER TREE FOUND at iteration 2: -6596.907
Estimate model parameters (epsilon = 0.100)
BETTER TREE FOUND at iteration 3: -6596.847
Iteration 10 / LogL: -6596.848 / Time: 0h:0m:11s
Iteration 20 / LogL: -6596.849 / Time: 0h:0m:12s
Finish initializing candidate tree set (6)
Current best tree score: -6596.847 / CPU time: 1.564
Number of iterations: 20
--------------------------------------------------------------------
|               OPTIMIZING CANDIDATE TREE SET                      |
--------------------------------------------------------------------
Iteration 30 / LogL: -6596.932 / Time: 0h:0m:12s (0h:0m:5s left)
Estimate model parameters (epsilon = 0.100)
BETTER TREE FOUND at iteration 31: -6596.552
Iteration 40 / LogL: -6596.555 / Time: 0h:0m:13s (0h:0m:6s left)
UPDATE BEST LOG-LIKELIHOOD: -6596.552
Iteration 50 / LogL: -6596.853 / Time: 0h:0m:13s (0h:0m:5s left)
Log-likelihood cutoff on original alignment: -6603.196
Iteration 60 / LogL: -6596.554 / Time: 0h:0m:13s (0h:0m:4s left)
Iteration 70 / LogL: -6597.203 / Time: 0h:0m:14s (0h:0m:3s left)
Iteration 80 / LogL: -6596.851 / Time: 0h:0m:14s (0h:0m:2s left)
Iteration 90 / LogL: -6596.862 / Time: 0h:0m:15s (0h:0m:2s left)
WARNING: NNI search needs unusual large number of steps (7) to converge!
Iteration 100 / LogL: -6596.909 / Time: 0h:0m:15s (0h:0m:1s left)
Log-likelihood cutoff on original alignment: -6605.306
NOTE: Bootstrap correlation coefficient of split occurrence frequencies: 0.962
NOTE: UFBoot does not converge, continue at least 100 more iterations
Iteration 110 / LogL: -6596.561 / Time: 0h:0m:16s (0h:0m:4s left)
Iteration 120 / LogL: -6596.650 / Time: 0h:0m:16s (0h:0m:4s left)
Iteration 130 / LogL: -6596.857 / Time: 0h:0m:16s (0h:0m:3s left)
Iteration 140 / LogL: -6596.923 / Time: 0h:0m:17s (0h:0m:2s left)
Estimate model parameters (epsilon = 0.100)
BETTER TREE FOUND at iteration 145: -6595.661
Iteration 150 / LogL: -6597.106 / Time: 0h:0m:17s (0h:0m:4s left)
Log-likelihood cutoff on original alignment: -6606.109
UPDATE BEST LOG-LIKELIHOOD: -6595.661
UPDATE BEST LOG-LIKELIHOOD: -6595.661
Iteration 160 / LogL: -6595.661 / Time: 0h:0m:18s (0h:0m:4s left)
Estimate model parameters (epsilon = 0.100)
BETTER TREE FOUND at iteration 161: -6594.494
WARNING: NNI search needs unusual large number of steps (7) to converge!
UPDATE BEST LOG-LIKELIHOOD: -6594.494
Iteration 170 / LogL: -6596.882 / Time: 0h:0m:18s (0h:0m:4s left)
UPDATE BEST LOG-LIKELIHOOD: -6594.494
Iteration 180 / LogL: -6594.496 / Time: 0h:0m:19s (0h:0m:4s left)
UPDATE BEST LOG-LIKELIHOOD: -6594.494
Iteration 190 / LogL: -6595.663 / Time: 0h:0m:19s (0h:0m:3s left)
Iteration 200 / LogL: -6594.578 / Time: 0h:0m:20s (0h:0m:3s left)
Log-likelihood cutoff on original alignment: -6606.109
NOTE: Bootstrap correlation coefficient of split occurrence frequencies: 0.729
NOTE: UFBoot does not converge, continue at least 100 more iterations
Iteration 210 / LogL: -6594.494 / Time: 0h:0m:21s (0h:0m:4s left)
Iteration 220 / LogL: -6594.579 / Time: 0h:0m:21s (0h:0m:4s left)
Iteration 230 / LogL: -6594.494 / Time: 0h:0m:22s (0h:0m:3s left)
UPDATE BEST LOG-LIKELIHOOD: -6594.494
WARNING: NNI search needs unusual large number of steps (7) to converge!
Iteration 240 / LogL: -6594.494 / Time: 0h:0m:23s (0h:0m:3s left)
Iteration 250 / LogL: -6594.494 / Time: 0h:0m:23s (0h:0m:2s left)
Log-likelihood cutoff on original alignment: -6606.109
Iteration 260 / LogL: -6594.494 / Time: 0h:0m:24s (0h:0m:2s left)
Iteration 270 / LogL: -6595.663 / Time: 0h:0m:25s (0h:0m:1s left)
WARNING: NNI search needs unusual large number of steps (7) to converge!
Iteration 280 / LogL: -6594.494 / Time: 0h:0m:25s (0h:0m:1s left)
Iteration 290 / LogL: -6595.666 / Time: 0h:0m:26s (0h:0m:0s left)
Iteration 300 / LogL: -6594.580 / Time: 0h:0m:26s (0h:0m:0s left)
Log-likelihood cutoff on original alignment: -6606.109
NOTE: Bootstrap correlation coefficient of split occurrence frequencies: 0.836
NOTE: UFBoot does not converge, continue at least 100 more iterations
Iteration 310 / LogL: -6594.494 / Time: 0h:0m:27s (0h:0m:5s left)
Iteration 320 / LogL: -6594.494 / Time: 0h:0m:28s (0h:0m:4s left)
Iteration 330 / LogL: -6594.494 / Time: 0h:0m:28s (0h:0m:3s left)
WARNING: NNI search needs unusual large number of steps (7) to converge!
Iteration 340 / LogL: -6594.494 / Time: 0h:0m:29s (0h:0m:3s left)
Iteration 350 / LogL: -6594.494 / Time: 0h:0m:29s (0h:0m:2s left)
Log-likelihood cutoff on original alignment: -6606.109
Iteration 360 / LogL: -6594.495 / Time: 0h:0m:30s (0h:0m:2s left)
Iteration 370 / LogL: -6594.602 / Time: 0h:0m:31s (0h:0m:1s left)
Iteration 380 / LogL: -6594.495 / Time: 0h:0m:31s (0h:0m:1s left)
UPDATE BEST LOG-LIKELIHOOD: -6594.494
Iteration 390 / LogL: -6594.619 / Time: 0h:0m:32s (0h:0m:0s left)
Iteration 400 / LogL: -6594.588 / Time: 0h:0m:32s (0h:0m:0s left)
Log-likelihood cutoff on original alignment: -6606.109
NOTE: Bootstrap correlation coefficient of split occurrence frequencies: 0.991
TREE SEARCH COMPLETED AFTER 400 ITERATIONS / Time: 0h:0m:32s

--------------------------------------------------------------------
|                    FINALIZING TREE SEARCH                        |
--------------------------------------------------------------------
Performs final model parameters optimization
Estimate model parameters (epsilon = 0.010)
1. Initial log-likelihood: -6594.494
Optimal log-likelihood: -6594.494
Rate parameters:  A-C: 2.928  A-G: 6.229  A-T: 1.000  C-G: 2.928  C-T: 6.229  G-T: 1.000
Base frequencies:   A: 0.386  C: 0.175  G: 0.196  T: 0.243
Gamma shape alpha: 0.514
Parameters optimization took 1 rounds (0.006 sec)
BEST SCORE FOUND : -6594.494
Creating bootstrap support values...
Split supports printed to NEXUS file ./results/gene19.phy.splits.nex
Total tree length: 2.367

Total number of iterations: 400
CPU time used for tree search: 17.801 sec (0h:0m:17s)
Wall-clock time used for tree search: 22.120 sec (0h:0m:22s)
Total CPU time used: 25.525 sec (0h:0m:25s)
Total wall-clock time used: 32.792 sec (0h:0m:32s)

Computing bootstrap consensus tree...
Reading input file ./results/gene19.phy.splits.nex...
10 taxa and 209 splits.
Consensus tree written to ./results/gene19.phy.contree
Reading input trees file ./results/gene19.phy.contree
Log-likelihood of consensus tree: -6594.494

Analysis results written to: 
  IQ-TREE report:                ./results/gene19.phy.iqtree
  Maximum-likelihood tree:       ./results/gene19.phy.treefile
  Likelihood distances:          ./results/gene19.phy.mldist

Ultrafast bootstrap approximation results written to:
  Split support values:          ./results/gene19.phy.splits.nex
  Consensus tree:                ./results/gene19.phy.contree
  Screen log file:               ./results/gene19.phy.log

Date and Time: Tue Aug 22 18:29:29 2017
