IQ-TREE multicore version 1.5.4 for Linux 64-bit built Apr  2 2017
Copyright (c) 2011-2017 by Bui Quang Minh, Nguyen Lam Tung,
Olga Chernomor, Heiko Schmidt, and Arndt von Haeseler.

Host:    hpc-crick (AVX, 251 GB RAM)
Command: iqtree -s ./results/gene7.phy -nt 1 -bb 1000
Seed:    433384 (Using SPRNG - Scalable Parallel Random Number Generator)
Time:    Tue Aug 22 18:32:39 2017
Kernel:  AVX - 1 threads (40 CPU cores detected)

Reading alignment file ./results/gene7.phy ... Phylip format detected
Alignment most likely contains DNA/RNA sequences
Alignment has 10 sequences with 1000 columns and 469 patterns (312 informative sites, 410 constant sites)
   Gap/Ambiguity  Composition  p-value
   1  A    0.00%    passed     65.88%
   2  B    0.00%    passed     97.67%
   3  C    0.00%    passed     84.39%
   4  D    0.00%    passed     72.87%
   5  E    0.00%    passed     54.85%
   6  F    0.00%    passed     88.13%
   7  G    0.00%    passed     91.28%
   8  H    0.00%    passed     90.83%
   9  I    0.00%    passed     74.42%
  10  J    0.00%    passed     86.73%
****  TOTAL    0.00%  0 sequences failed composition chi2 test (p-value<5%; df=3)

Create initial parsimony tree by phylogenetic likelihood library (PLL)... 0.000 seconds

NOTE: ModelFinder requires 3 MB RAM!
ModelFinder will test 286 DNA models (sample size: 1000) ...
 No. Model         -LnL         df  AIC          AICc         BIC
  1  JC            7142.701     17  14319.403    14320.026    14402.834
  2  JC+I          6924.064     18  13884.128    13884.825    13972.468
  3  JC+G4         6890.428     18  13816.856    13817.553    13905.195
  4  JC+I+G4       6888.670     19  13815.340    13816.115    13908.587
  5  JC+R2         6894.550     19  13827.099    13827.875    13920.347
  6  JC+R3         6888.505     21  13819.010    13819.955    13922.073
  7  JC+R4         Skipped 
  8  JC+R5         Skipped 
  9  JC+R6         Skipped 
 10  JC+R7         Skipped 
 11  JC+R8         Skipped 
 12  JC+R9         Skipped 
 13  JC+R10        Skipped 
 14  F81           7039.158     20  14118.316    14119.174    14216.472
 15  F81+I         6824.602     21  13691.203    13692.148    13794.266
 16  F81+G4        6779.272     21  13600.544    13601.489    13703.607
 17  F81+I+G4      6778.894     22  13601.787    13602.823    13709.758
 18  F81+R2        6785.256     22  13614.512    13615.548    13722.483
 19  F81+R3        6778.415     24  13604.830    13606.061    13722.617
 20  F81+R4        Skipped 
 21  F81+R5        Skipped 
 22  F81+R6        Skipped 
 23  F81+R7        Skipped 
 24  F81+R8        Skipped 
 25  F81+R9        Skipped 
 26  F81+R10       Skipped 
 27  K2P           6987.295     18  14010.590    14011.287    14098.929
 28  K2P+I         6754.544     19  13547.088    13547.863    13640.335
 29  K2P+G4        6702.205     19  13442.411    13443.186    13535.658
 30  K2P+I+G4      6701.800     20  13443.600    13444.458    13541.755
 31  K2P+R2        6710.554     20  13461.107    13461.965    13559.263
 32  K2P+R3        6701.138     22  13446.276    13447.312    13554.246
 33  K2P+R4        6701.096     24  13450.193    13451.423    13567.979
 34  K2P+R5        Skipped 
 35  K2P+R6        Skipped 
 36  K2P+R7        Skipped 
 37  K2P+R8        Skipped 
 38  K2P+R9        Skipped 
 39  K2P+R10       Skipped 
 40  HKY           6874.507     21  13791.014    13791.959    13894.077
 41  HKY+I         6656.897     22  13357.794    13358.830    13465.764
 42  HKY+G4        6587.395     22  13218.790    13219.826    13326.761
 43  HKY+I+G4      6587.455     23  13220.911    13222.042    13333.789
 44  HKY+R2        6598.063     23  13242.125    13243.257    13355.004
 45  HKY+R3        6586.468     25  13222.936    13224.271    13345.630
 46  HKY+R4        6586.462     27  13226.924    13228.479    13359.433
 47  HKY+R5        Skipped 
 48  HKY+R6        Skipped 
 49  HKY+R7        Skipped 
 50  HKY+R8        Skipped 
 51  HKY+R9        Skipped 
 52  HKY+R10       Skipped 
 53  TNe           6983.349     19  14004.697    14005.473    14097.944
 54  TNe+I         6749.507     20  13539.015    13539.873    13637.170
 55  TNe+G4        6697.512     20  13435.024    13435.882    13533.179
 56  TNe+I+G4      6696.529     21  13435.058    13436.002    13538.120
 57  TNe+R2        6706.596     21  13455.192    13456.136    13558.254
 58  TNe+R3        6695.862     23  13437.725    13438.856    13550.603
 59  TNe+R4        6695.762     25  13441.525    13442.860    13564.219
 60  TNe+R5        Skipped 
 61  TNe+R6        Skipped 
 62  TNe+R7        Skipped 
 63  TNe+R8        Skipped 
 64  TNe+R9        Skipped 
 65  TNe+R10       Skipped 
 66  TN            6874.507     22  13793.014    13794.049    13900.984
 67  TN+I          6656.634     23  13359.269    13360.400    13472.147
 68  TN+G4         6587.080     23  13220.159    13221.290    13333.038
 69  TN+I+G4       6587.184     24  13222.369    13223.600    13340.155
 70  TN+R2         6597.117     24  13242.234    13243.465    13360.020
 71  TN+R3         6586.291     26  13224.582    13226.025    13352.184
 72  TN+R4         6586.268     28  13228.535    13230.208    13365.952
 73  TN+R5         Skipped 
 74  TN+R6         Skipped 
 75  TN+R7         Skipped 
 76  TN+R8         Skipped 
 77  TN+R9         Skipped 
 78  TN+R10        Skipped 
 79  K3P           6984.737     19  14007.474    14008.250    14100.721
 80  K3P+I         6751.449     20  13542.897    13543.755    13641.052
 81  K3P+G4        6698.686     20  13437.372    13438.230    13535.528
 82  K3P+I+G4      6698.107     21  13438.215    13439.160    13541.278
 83  K3P+R2        6707.150     21  13456.301    13457.245    13559.364
 84  K3P+R3        6697.507     23  13441.014    13442.145    13553.892
 85  K3P+R4        6697.492     25  13444.984    13446.319    13567.678
 86  K3P+R5        Skipped 
 87  K3P+R6        Skipped 
 88  K3P+R7        Skipped 
 89  K3P+R8        Skipped 
 90  K3P+R9        Skipped 
 91  K3P+R10       Skipped 
 92  K3Pu          6866.030     22  13776.059    13777.095    13884.030
 93  K3Pu+I        6650.372     23  13346.744    13347.875    13459.622
 94  K3Pu+G4       6578.002     23  13202.005    13203.136    13314.883
 95  K3Pu+I+G4     6578.181     24  13204.362    13205.593    13322.148
 96  K3Pu+R2       6589.126     24  13226.252    13227.482    13344.038
 97  K3Pu+R3       6577.225     26  13206.449    13207.892    13334.051
 98  K3Pu+R4       6577.235     28  13210.469    13212.142    13347.886
 99  K3Pu+R5       Skipped 
100  K3Pu+R6       Skipped 
101  K3Pu+R7       Skipped 
102  K3Pu+R8       Skipped 
103  K3Pu+R9       Skipped 
104  K3Pu+R10      Skipped 
105  TPM2          6872.747     22  13789.493    13790.529    13897.464
106  TPM2+I        6648.663     23  13343.325    13344.456    13456.204
107  TPM2+G4       6584.536     23  13215.072    13216.203    13327.951
108  TPM2+I+G4     6584.299     24  13216.599    13217.830    13334.385
109  TPM2+R2       6594.398     24  13236.796    13238.027    13354.582
110  TPM2+R3       6583.625     26  13219.251    13220.694    13346.852
111  TPM2+R4       6583.647     28  13223.295    13224.967    13360.712
112  TPM2+R5       Skipped 
113  TPM2+R6       Skipped 
114  TPM2+R7       Skipped 
115  TPM2+R8       Skipped 
116  TPM2+R9       Skipped 
117  TPM2+R10      Skipped 
118  TPM2u         6872.718     22  13789.435    13790.471    13897.406
119  TPM2u+I       6648.661     23  13343.323    13344.454    13456.201
120  TPM2u+G4      6584.530     23  13215.060    13216.192    13327.939
121  TPM2u+I+G4    6584.292     24  13216.584    13217.814    13334.370
122  TPM2u+R2      6594.398     24  13236.797    13238.028    13354.583
123  TPM2u+R3      6583.626     26  13219.253    13220.696    13346.855
124  TPM2u+R4      6583.645     28  13223.290    13224.963    13360.708
125  TPM2u+R5      Skipped 
126  TPM2u+R6      Skipped 
127  TPM2u+R7      Skipped 
128  TPM2u+R8      Skipped 
129  TPM2u+R9      Skipped 
130  TPM2u+R10     Skipped 
131  TPM3          6857.568     22  13759.135    13760.171    13867.106
132  TPM3+I        6645.975     23  13337.951    13339.082    13450.829
133  TPM3+G4       6567.452     23  13180.904    13182.035    13293.782
134  TPM3+I+G4     6567.577     24  13183.153    13184.384    13300.939
135  TPM3+R2       6578.128     24  13204.257    13205.488    13322.043
136  TPM3+R3       6566.778     26  13185.556    13186.999    13313.157
137  TPM3+R4       6566.642     28  13189.285    13190.957    13326.702
138  TPM3+R5       Skipped 
139  TPM3+R6       Skipped 
140  TPM3+R7       Skipped 
141  TPM3+R8       Skipped 
142  TPM3+R9       Skipped 
143  TPM3+R10      Skipped 
144  TPM3u         6857.568     22  13759.137    13760.172    13867.107
145  TPM3u+I       6645.977     23  13337.954    13339.085    13450.833
146  TPM3u+G4      6567.456     23  13180.912    13182.044    13293.791
147  TPM3u+I+G4    6567.551     24  13183.102    13184.333    13300.888
148  TPM3u+R2      6578.123     24  13204.247    13205.477    13322.033
149  TPM3u+R3      6566.730     26  13185.460    13186.903    13313.062
150  TPM3u+R4      6566.611     28  13189.223    13190.895    13326.640
151  TPM3u+R5      Skipped 
152  TPM3u+R6      Skipped 
153  TPM3u+R7      Skipped 
154  TPM3u+R8      Skipped 
155  TPM3u+R9      Skipped 
156  TPM3u+R10     Skipped 
157  TIMe          6980.775     20  14001.550    14002.408    14099.705
158  TIMe+I        6746.418     21  13534.836    13535.781    13637.899
159  TIMe+G4       6694.012     21  13430.024    13430.969    13533.087
160  TIMe+I+G4     6693.098     22  13430.195    13431.231    13538.166
161  TIMe+R2       6703.234     22  13450.469    13451.504    13558.439
162  TIMe+R3       6692.256     24  13432.513    13433.743    13550.299
163  TIMe+R4       6692.150     26  13436.300    13437.743    13563.901
164  TIMe+R5       Skipped 
165  TIMe+R6       Skipped 
166  TIMe+R7       Skipped 
167  TIMe+R8       Skipped 
168  TIMe+R9       Skipped 
169  TIMe+R10      Skipped 
170  TIM           6865.965     23  13777.929    13779.061    13890.808
171  TIM+I         6650.099     24  13348.197    13349.428    13465.983
172  TIM+G4        6577.889     24  13203.779    13205.010    13321.565
173  TIM+I+G4      6577.928     25  13205.855    13207.190    13328.549
174  TIM+R2        6588.263     25  13226.526    13227.861    13349.220
175  TIM+R3        6577.096     27  13208.192    13209.747    13340.701
176  TIM+R4        6577.150     29  13212.301    13214.094    13354.626
177  TIM+R5        Skipped 
178  TIM+R6        Skipped 
179  TIM+R7        Skipped 
180  TIM+R8        Skipped 
181  TIM+R9        Skipped 
182  TIM+R10       Skipped 
183  TIM2e         6968.233     20  13976.466    13977.324    14074.621
184  TIM2e+I       6722.304     21  13486.608    13487.553    13589.671
185  TIM2e+G4      6667.630     21  13377.261    13378.206    13480.324
186  TIM2e+I+G4    6666.359     22  13376.718    13377.754    13484.689
187  TIM2e+R2      6678.307     22  13400.614    13401.650    13508.585
188  TIM2e+R3      6665.380     24  13378.761    13379.992    13496.547
189  TIM2e+R4      6664.802     26  13381.604    13383.047    13509.206
190  TIM2e+R5      Skipped 
191  TIM2e+R6      Skipped 
192  TIM2e+R7      Skipped 
193  TIM2e+R8      Skipped 
194  TIM2e+R9      Skipped 
195  TIM2e+R10     Skipped 
196  TIM2          6872.660     23  13791.320    13792.451    13904.198
197  TIM2+I        6648.527     24  13345.053    13346.284    13462.840
198  TIM2+G4       6583.859     24  13215.718    13216.948    13333.504
199  TIM2+I+G4     6583.764     25  13217.527    13218.862    13340.221
200  TIM2+R2       6593.125     25  13236.251    13237.586    13358.945
201  TIM2+R3       6583.254     27  13220.507    13222.063    13353.017
202  TIM2+R4       6583.367     29  13224.734    13226.528    13367.059
203  TIM2+R5       Skipped 
204  TIM2+R6       Skipped 
205  TIM2+R7       Skipped 
206  TIM2+R8       Skipped 
207  TIM2+R9       Skipped 
208  TIM2+R10      Skipped 
209  TIM3e         6978.859     20  13997.718    13998.576    14095.873
210  TIM3e+I       6746.861     21  13535.723    13536.667    13638.785
211  TIM3e+G4      6693.113     21  13428.226    13429.171    13531.289
212  TIM3e+I+G4    6692.204     22  13428.408    13429.443    13536.378
213  TIM3e+R2      6702.620     22  13449.240    13450.276    13557.211
214  TIM3e+R3      6691.249     24  13430.497    13431.728    13548.283
215  TIM3e+R4      6691.111     26  13434.221    13435.664    13561.823
216  TIM3e+R5      Skipped 
217  TIM3e+R6      Skipped 
218  TIM3e+R7      Skipped 
219  TIM3e+R8      Skipped 
220  TIM3e+R9      Skipped 
221  TIM3e+R10     Skipped 
222  TIM3          6857.291     23  13760.583    13761.714    13873.461
223  TIM3+I        6645.595     24  13339.190    13340.421    13456.976
224  TIM3+G4       6566.495     24  13180.991    13182.222    13298.777
225  TIM3+I+G4     6566.647     25  13183.295    13184.629    13305.988
226  TIM3+R2       6576.039     25  13202.078    13203.412    13324.772
227  TIM3+R3       6566.060     27  13186.120    13187.675    13318.629
228  TIM3+R4       6566.006     29  13190.011    13191.805    13332.336
229  TIM3+R5       Skipped 
230  TIM3+R6       Skipped 
231  TIM3+R7       Skipped 
232  TIM3+R8       Skipped 
233  TIM3+R9       Skipped 
234  TIM3+R10      Skipped 
235  TVMe          6965.979     21  13973.958    13974.902    14077.021
236  TVMe+I        6722.117     22  13488.233    13489.269    13596.204
237  TVMe+G4       6666.468     22  13376.937    13377.973    13484.907
238  TVMe+I+G4     6665.703     23  13377.405    13378.536    13490.284
239  TVMe+R2       6676.693     23  13399.387    13400.518    13512.265
240  TVMe+R3       6665.055     25  13380.110    13381.444    13502.803
241  TVMe+R4       6665.041     27  13384.082    13385.637    13516.591
242  TVMe+R5       Skipped 
243  TVMe+R6       Skipped 
244  TVMe+R7       Skipped 
245  TVMe+R8       Skipped 
246  TVMe+R9       Skipped 
247  TVMe+R10      Skipped 
248  TVM           6852.812     24  13753.624    13754.854    13871.410
249  TVM+I         6634.220     25  13318.440    13319.775    13441.134
250  TVM+G4        6561.248     25  13172.496    13173.831    13295.190
251  TVM+I+G4      6561.139     26  13174.278    13175.721    13301.880
252  TVM+R2        6571.395     26  13194.790    13196.233    13322.392
253  TVM+R3        6560.662     28  13177.324    13178.996    13314.741
254  TVM+R4        6560.523     30  13181.046    13182.966    13328.279
255  TVM+R5        Skipped 
256  TVM+R6        Skipped 
257  TVM+R7        Skipped 
258  TVM+R8        Skipped 
259  TVM+R9        Skipped 
260  TVM+R10       Skipped 
261  SYM           6962.145     22  13968.289    13969.325    14076.260
262  SYM+I         6716.572     23  13479.143    13480.274    13592.021
263  SYM+G4        6660.715     23  13367.430    13368.561    13480.308
264  SYM+I+G4      6659.522     24  13367.045    13368.275    13484.831
265  SYM+R2        6671.673     24  13391.346    13392.577    13509.132
266  SYM+R3        6658.282     26  13368.564    13370.007    13496.165
267  SYM+R4        6657.897     28  13371.794    13373.467    13509.211
268  SYM+R5        Skipped 
269  SYM+R6        Skipped 
270  SYM+R7        Skipped 
271  SYM+R8        Skipped 
272  SYM+R9        Skipped 
273  SYM+R10       Skipped 
274  GTR           6852.523     25  13755.046    13756.381    13877.740
275  GTR+I         6634.039     26  13320.078    13321.521    13447.680
276  GTR+G4        6559.871     26  13171.743    13173.186    13299.344
277  GTR+I+G4      6559.905     27  13173.810    13175.365    13306.319
278  GTR+R2        6568.889     27  13191.779    13193.334    13324.288
279  GTR+R3        6559.612     29  13177.224    13179.018    13319.549
280  GTR+R4        6559.596     31  13181.192    13183.241    13333.332
281  GTR+R5        Skipped 
282  GTR+R6        Skipped 
283  GTR+R7        Skipped 
284  GTR+R8        Skipped 
285  GTR+R9        Skipped 
286  GTR+R10       Skipped 
Akaike Information Criterion:           GTR+G4
Corrected Akaike Information Criterion: GTR+G4
Bayesian Information Criterion:         TPM3+G4
Best-fit model: TPM3+G4 chosen according to BIC

All model information printed to ./results/gene7.phy.model
CPU time for ModelFinder: 11.305 seconds (0h:0m:11s)
Wall-clock time for ModelFinder: 12.280 seconds (0h:0m:12s)
Generating 1000 samples for ultrafast bootstrap (seed: 433384)...

NOTE: 2 MB RAM (0 GB) is required!
Estimate model parameters (epsilon = 0.100)
1. Initial log-likelihood: -6827.743
2. Current log-likelihood: -6578.296
3. Current log-likelihood: -6569.248
4. Current log-likelihood: -6568.428
Optimal log-likelihood: -6568.388
Rate parameters:  A-C: 2.577  A-G: 6.339  A-T: 1.000  C-G: 2.577  C-T: 6.339  G-T: 1.000
Base frequencies:   A: 0.385  C: 0.161  G: 0.203  T: 0.251
Gamma shape alpha: 0.531
Parameters optimization took 4 rounds (0.045 sec)
Computing ML distances based on estimated model parameters... 0.001 sec
Computing BIONJ tree...
0.000 seconds
Log-likelihood of BIONJ tree: -6558.618
--------------------------------------------------------------------
|             INITIALIZING CANDIDATE TREE SET                      |
--------------------------------------------------------------------
Generating 98 parsimony trees... 0.065 second
Computing log-likelihood of 96 initial trees ... 0.358 seconds
Current best score: -6558.618

Do NNI search on 20 best initial trees
Estimate model parameters (epsilon = 0.100)
BETTER TREE FOUND at iteration 1: -6558.576
Estimate model parameters (epsilon = 0.100)
BETTER TREE FOUND at iteration 2: -6557.803
Estimate model parameters (epsilon = 0.100)
BETTER TREE FOUND at iteration 3: -6557.635
Estimate model parameters (epsilon = 0.100)
BETTER TREE FOUND at iteration 6: -6557.171
Estimate model parameters (epsilon = 0.100)
BETTER TREE FOUND at iteration 9: -6557.078
Iteration 10 / LogL: -6557.842 / Time: 0h:0m:13s
Iteration 20 / LogL: -6558.145 / Time: 0h:0m:13s
Finish initializing candidate tree set (9)
Current best tree score: -6557.078 / CPU time: 1.391
Number of iterations: 20
--------------------------------------------------------------------
|               OPTIMIZING CANDIDATE TREE SET                      |
--------------------------------------------------------------------
Iteration 30 / LogL: -6557.110 / Time: 0h:0m:14s (0h:0m:5s left)
UPDATE BEST LOG-LIKELIHOOD: -6557.078
Estimate model parameters (epsilon = 0.100)
BETTER TREE FOUND at iteration 36: -6556.735
Iteration 40 / LogL: -6557.095 / Time: 0h:0m:14s (0h:0m:5s left)
UPDATE BEST LOG-LIKELIHOOD: -6556.735
Iteration 50 / LogL: -6557.206 / Time: 0h:0m:15s (0h:0m:4s left)
Log-likelihood cutoff on original alignment: -6569.982
Iteration 60 / LogL: -6556.741 / Time: 0h:0m:15s (0h:0m:4s left)
UPDATE BEST LOG-LIKELIHOOD: -6556.735
Iteration 70 / LogL: -6556.735 / Time: 0h:0m:15s (0h:0m:3s left)
UPDATE BEST LOG-LIKELIHOOD: -6556.735
Iteration 80 / LogL: -6557.141 / Time: 0h:0m:16s (0h:0m:2s left)
Iteration 90 / LogL: -6557.132 / Time: 0h:0m:16s (0h:0m:2s left)
UPDATE BEST LOG-LIKELIHOOD: -6556.735
Iteration 100 / LogL: -6557.204 / Time: 0h:0m:16s (0h:0m:1s left)
Log-likelihood cutoff on original alignment: -6569.982
NOTE: Bootstrap correlation coefficient of split occurrence frequencies: 0.991
Iteration 110 / LogL: -6557.230 / Time: 0h:0m:17s (0h:0m:4s left)
Iteration 120 / LogL: -6556.740 / Time: 0h:0m:17s (0h:0m:3s left)
Iteration 130 / LogL: -6557.125 / Time: 0h:0m:18s (0h:0m:3s left)
TREE SEARCH COMPLETED AFTER 137 ITERATIONS / Time: 0h:0m:18s

--------------------------------------------------------------------
|                    FINALIZING TREE SEARCH                        |
--------------------------------------------------------------------
Performs final model parameters optimization
Estimate model parameters (epsilon = 0.010)
1. Initial log-likelihood: -6556.735
Optimal log-likelihood: -6556.734
Rate parameters:  A-C: 2.564  A-G: 6.281  A-T: 1.000  C-G: 2.564  C-T: 6.281  G-T: 1.000
Base frequencies:   A: 0.385  C: 0.161  G: 0.203  T: 0.251
Gamma shape alpha: 0.538
Parameters optimization took 1 rounds (0.006 sec)
BEST SCORE FOUND : -6556.734
Creating bootstrap support values...
Split supports printed to NEXUS file ./results/gene7.phy.splits.nex
Total tree length: 2.400

Total number of iterations: 137
CPU time used for tree search: 5.434 sec (0h:0m:5s)
Wall-clock time used for tree search: 6.164 sec (0h:0m:6s)
Total CPU time used: 16.845 sec (0h:0m:16s)
Total wall-clock time used: 18.552 sec (0h:0m:18s)

Computing bootstrap consensus tree...
Reading input file ./results/gene7.phy.splits.nex...
10 taxa and 156 splits.
Consensus tree written to ./results/gene7.phy.contree
Reading input trees file ./results/gene7.phy.contree
Log-likelihood of consensus tree: -6557.090

Analysis results written to: 
  IQ-TREE report:                ./results/gene7.phy.iqtree
  Maximum-likelihood tree:       ./results/gene7.phy.treefile
  Likelihood distances:          ./results/gene7.phy.mldist

Ultrafast bootstrap approximation results written to:
  Split support values:          ./results/gene7.phy.splits.nex
  Consensus tree:                ./results/gene7.phy.contree
  Screen log file:               ./results/gene7.phy.log

Date and Time: Tue Aug 22 18:32:58 2017
