IQ-TREE multicore version 1.5.4 for Linux 64-bit built Apr  2 2017
Copyright (c) 2011-2017 by Bui Quang Minh, Nguyen Lam Tung,
Olga Chernomor, Heiko Schmidt, and Arndt von Haeseler.

Host:    hpc-crick (AVX, 251 GB RAM)
Command: iqtree -s ./results/gene1.phy -nt 1 -bb 1000
Seed:    699352 (Using SPRNG - Scalable Parallel Random Number Generator)
Time:    Tue Aug 22 18:11:16 2017
Kernel:  AVX - 1 threads (40 CPU cores detected)

Reading alignment file ./results/gene1.phy ... Phylip format detected
Alignment most likely contains DNA/RNA sequences
Alignment has 10 sequences with 1000 columns and 497 patterns (352 informative sites, 385 constant sites)
   Gap/Ambiguity  Composition  p-value
   1  A    0.00%    passed     74.36%
   2  B    0.00%    passed     77.96%
   3  C    0.00%    passed     84.52%
   4  D    0.00%    passed     97.51%
   5  E    0.00%    passed     68.08%
   6  F    0.00%    passed     57.56%
   7  G    0.00%    passed     95.23%
   8  H    0.00%    passed     62.69%
   9  I    0.00%    passed     98.32%
  10  J    0.00%    passed     99.32%
****  TOTAL    0.00%  0 sequences failed composition chi2 test (p-value<5%; df=3)

Create initial parsimony tree by phylogenetic likelihood library (PLL)... 0.000 seconds

NOTE: ModelFinder requires 3 MB RAM!
ModelFinder will test 286 DNA models (sample size: 1000) ...
 No. Model         -LnL         df  AIC          AICc         BIC
  1  JC            7628.210     17  15290.421    15291.044    15373.853
  2  JC+I          7378.993     18  14793.987    14794.684    14882.326
  3  JC+G4         7316.369     18  14668.738    14669.435    14757.077
  4  JC+I+G4       7317.014     19  14672.027    14672.803    14765.274
  5  JC+R2         7315.444     19  14668.888    14669.664    14762.136
  6  JC+R3         7314.747     21  14671.495    14672.439    14774.557
  7  JC+R4         Skipped 
  8  JC+R5         Skipped 
  9  JC+R6         Skipped 
 10  JC+R7         Skipped 
 11  JC+R8         Skipped 
 12  JC+R9         Skipped 
 13  JC+R10        Skipped 
 14  F81           7525.390     20  15090.780    15091.638    15188.935
 15  F81+I         7282.552     21  14607.104    14608.049    14710.167
 16  F81+G4        7214.106     21  14470.211    14471.156    14573.274
 17  F81+I+G4      7214.576     22  14473.152    14474.188    14581.123
 18  F81+R2        7215.660     22  14475.319    14476.355    14583.290
 19  F81+R3        7213.660     24  14475.320    14476.551    14593.107
 20  F81+R4        Skipped 
 21  F81+R5        Skipped 
 22  F81+R6        Skipped 
 23  F81+R7        Skipped 
 24  F81+R8        Skipped 
 25  F81+R9        Skipped 
 26  F81+R10       Skipped 
 27  K2P           7509.656     18  15055.311    15056.008    15143.651
 28  K2P+I         7249.050     19  14536.099    14536.875    14629.347
 29  K2P+G4        7175.897     19  14389.795    14390.570    14483.042
 30  K2P+I+G4      7176.547     20  14393.094    14393.952    14491.249
 31  K2P+R2        7176.942     20  14393.885    14394.743    14492.040
 32  K2P+R3        7175.120     22  14394.239    14395.275    14502.210
 33  K2P+R4        Skipped 
 34  K2P+R5        Skipped 
 35  K2P+R6        Skipped 
 36  K2P+R7        Skipped 
 37  K2P+R8        Skipped 
 38  K2P+R9        Skipped 
 39  K2P+R10       Skipped 
 40  HKY           7393.651     21  14829.302    14830.246    14932.365
 41  HKY+I         7145.346     22  14334.691    14335.727    14442.662
 42  HKY+G4        7060.178     22  14164.355    14165.391    14272.326
 43  HKY+I+G4      7060.606     23  14167.211    14168.342    14280.090
 44  HKY+R2        7066.000     23  14178.000    14179.131    14290.879
 45  HKY+R3        7059.199     25  14168.399    14169.733    14291.093
 46  HKY+R4        Skipped 
 47  HKY+R5        Skipped 
 48  HKY+R6        Skipped 
 49  HKY+R7        Skipped 
 50  HKY+R8        Skipped 
 51  HKY+R9        Skipped 
 52  HKY+R10       Skipped 
 53  TNe           7509.628     19  15057.256    15058.032    15150.504
 54  TNe+I         7248.962     20  14537.925    14538.783    14636.080
 55  TNe+G4        7175.554     20  14391.109    14391.967    14489.264
 56  TNe+I+G4      7176.050     21  14394.100    14395.045    14497.163
 57  TNe+R2        7176.644     21  14395.287    14396.232    14498.350
 58  TNe+R3        7174.449     23  14394.897    14396.029    14507.776
 59  TNe+R4        Skipped 
 60  TNe+R5        Skipped 
 61  TNe+R6        Skipped 
 62  TNe+R7        Skipped 
 63  TNe+R8        Skipped 
 64  TNe+R9        Skipped 
 65  TNe+R10       Skipped 
 66  TN            7388.064     22  14820.127    14821.163    14928.098
 67  TN+I          7140.837     23  14327.675    14328.806    14440.553
 68  TN+G4         7057.524     23  14161.048    14162.179    14273.926
 69  TN+I+G4       7058.174     24  14164.348    14165.579    14282.134
 70  TN+R2         7062.555     24  14173.110    14174.341    14290.896
 71  TN+R3         7056.765     26  14165.530    14166.973    14293.132
 72  TN+R4         Skipped 
 73  TN+R5         Skipped 
 74  TN+R6         Skipped 
 75  TN+R7         Skipped 
 76  TN+R8         Skipped 
 77  TN+R9         Skipped 
 78  TN+R10        Skipped 
 79  K3P           7509.159     19  15056.317    15057.093    15149.564
 80  K3P+I         7248.448     20  14536.896    14537.755    14635.052
 81  K3P+G4        7175.168     20  14390.337    14391.195    14488.492
 82  K3P+I+G4      7175.640     21  14393.280    14394.225    14496.343
 83  K3P+R2        7176.346     21  14394.693    14395.637    14497.756
 84  K3P+R3        7174.167     23  14394.334    14395.465    14507.213
 85  K3P+R4        Skipped 
 86  K3P+R5        Skipped 
 87  K3P+R6        Skipped 
 88  K3P+R7        Skipped 
 89  K3P+R8        Skipped 
 90  K3P+R9        Skipped 
 91  K3P+R10       Skipped 
 92  K3Pu          7387.794     22  14819.588    14820.624    14927.559
 93  K3Pu+I        7141.376     23  14328.752    14329.883    14441.630
 94  K3Pu+G4       7055.375     23  14156.751    14157.882    14269.629
 95  K3Pu+I+G4     7055.707     24  14159.413    14160.644    14277.199
 96  K3Pu+R2       7061.826     24  14171.652    14172.883    14289.439
 97  K3Pu+R3       7054.546     26  14161.092    14162.534    14288.693
 98  K3Pu+R4       7054.602     28  14165.205    14166.877    14302.622
 99  K3Pu+R5       Skipped 
100  K3Pu+R6       Skipped 
101  K3Pu+R7       Skipped 
102  K3Pu+R8       Skipped 
103  K3Pu+R9       Skipped 
104  K3Pu+R10      Skipped 
105  TPM2          7392.431     22  14828.862    14829.898    14936.833
106  TPM2+I        7139.659     23  14325.319    14326.450    14438.197
107  TPM2+G4       7058.544     23  14163.088    14164.220    14275.967
108  TPM2+I+G4     7058.857     24  14165.715    14166.946    14283.501
109  TPM2+R2       7063.243     24  14174.485    14175.716    14292.271
110  TPM2+R3       7057.632     26  14167.265    14168.708    14294.866
111  TPM2+R4       Skipped 
112  TPM2+R5       Skipped 
113  TPM2+R6       Skipped 
114  TPM2+R7       Skipped 
115  TPM2+R8       Skipped 
116  TPM2+R9       Skipped 
117  TPM2+R10      Skipped 
118  TPM2u         7392.439     22  14828.877    14829.913    14936.848
119  TPM2u+I       7139.652     23  14325.304    14326.435    14438.182
120  TPM2u+G4      7058.539     23  14163.079    14164.210    14275.957
121  TPM2u+I+G4    7058.838     24  14165.676    14166.907    14283.462
122  TPM2u+R2      7063.243     24  14174.486    14175.717    14292.273
123  TPM2u+R3      7057.632     26  14167.264    14168.707    14294.865
124  TPM2u+R4      Skipped 
125  TPM2u+R5      Skipped 
126  TPM2u+R6      Skipped 
127  TPM2u+R7      Skipped 
128  TPM2u+R8      Skipped 
129  TPM2u+R9      Skipped 
130  TPM2u+R10     Skipped 
131  TPM3          7373.073     22  14790.146    14791.182    14898.117
132  TPM3+I        7133.672     23  14313.343    14314.474    14426.221
133  TPM3+G4       7047.121     23  14140.243    14141.374    14253.121
134  TPM3+I+G4     7047.446     24  14142.891    14144.122    14260.677
135  TPM3+R2       7054.519     24  14157.038    14158.269    14274.824
136  TPM3+R3       7046.791     26  14145.582    14147.025    14273.184
137  TPM3+R4       7046.796     28  14149.593    14151.265    14287.010
138  TPM3+R5       Skipped 
139  TPM3+R6       Skipped 
140  TPM3+R7       Skipped 
141  TPM3+R8       Skipped 
142  TPM3+R9       Skipped 
143  TPM3+R10      Skipped 
144  TPM3u         7373.060     22  14790.121    14791.157    14898.091
145  TPM3u+I       7133.801     23  14313.601    14314.732    14426.479
146  TPM3u+G4      7047.131     23  14140.263    14141.394    14253.141
147  TPM3u+I+G4    7047.426     24  14142.852    14144.083    14260.638
148  TPM3u+R2      7054.507     24  14157.014    14158.245    14274.800
149  TPM3u+R3      7046.757     26  14145.514    14146.957    14273.115
150  TPM3u+R4      7046.778     28  14149.557    14151.229    14286.974
151  TPM3u+R5      Skipped 
152  TPM3u+R6      Skipped 
153  TPM3u+R7      Skipped 
154  TPM3u+R8      Skipped 
155  TPM3u+R9      Skipped 
156  TPM3u+R10     Skipped 
157  TIMe          7509.143     20  15058.285    15059.143    15156.440
158  TIMe+I        7248.337     21  14538.673    14539.618    14641.736
159  TIMe+G4       7174.839     21  14391.677    14392.622    14494.740
160  TIMe+I+G4     7175.187     22  14394.375    14395.411    14502.345
161  TIMe+R2       7176.041     22  14396.081    14397.117    14504.052
162  TIMe+R3       7173.816     24  14395.632    14396.863    14513.418
163  TIMe+R4       Skipped 
164  TIMe+R5       Skipped 
165  TIMe+R6       Skipped 
166  TIMe+R7       Skipped 
167  TIMe+R8       Skipped 
168  TIMe+R9       Skipped 
169  TIMe+R10      Skipped 
170  TIM           7381.958     23  14809.916    14811.047    14922.794
171  TIM+I         7136.797     24  14321.594    14322.825    14439.380
172  TIM+G4        7052.939     24  14153.879    14155.110    14271.665
173  TIM+I+G4      7053.184     25  14156.368    14157.703    14279.062
174  TIM+R2        7058.428     25  14166.855    14168.190    14289.549
175  TIM+R3        7052.431     27  14158.862    14160.418    14291.372
176  TIM+R4        Skipped 
177  TIM+R5        Skipped 
178  TIM+R6        Skipped 
179  TIM+R7        Skipped 
180  TIM+R8        Skipped 
181  TIM+R9        Skipped 
182  TIM+R10       Skipped 
183  TIM2e         7493.725     20  15027.450    15028.308    15125.605
184  TIM2e+I       7223.539     21  14489.077    14490.022    14592.140
185  TIM2e+G4      7147.316     21  14336.632    14337.577    14439.695
186  TIM2e+I+G4    7147.512     22  14339.025    14340.060    14446.995
187  TIM2e+R2      7149.895     22  14343.790    14344.825    14451.760
188  TIM2e+R3      7146.632     24  14341.264    14342.495    14459.050
189  TIM2e+R4      Skipped 
190  TIM2e+R5      Skipped 
191  TIM2e+R6      Skipped 
192  TIM2e+R7      Skipped 
193  TIM2e+R8      Skipped 
194  TIM2e+R9      Skipped 
195  TIM2e+R10     Skipped 
196  TIM2          7386.762     23  14819.523    14820.654    14932.401
197  TIM2+I        7135.631     24  14319.263    14320.493    14437.049
198  TIM2+G4       7055.226     24  14158.452    14159.683    14276.238
199  TIM2+I+G4     7055.509     25  14161.018    14162.353    14283.712
200  TIM2+R2       7059.434     25  14168.869    14170.204    14291.563
201  TIM2+R3       7054.762     27  14163.523    14165.079    14296.033
202  TIM2+R4       Skipped 
203  TIM2+R5       Skipped 
204  TIM2+R6       Skipped 
205  TIM2+R7       Skipped 
206  TIM2+R8       Skipped 
207  TIM2+R9       Skipped 
208  TIM2+R10      Skipped 
209  TIM3e         7505.816     20  15051.633    15052.491    15149.788
210  TIM3e+I       7246.960     21  14535.920    14536.865    14638.983
211  TIM3e+G4      7173.893     21  14389.787    14390.732    14492.850
212  TIM3e+I+G4    7174.194     22  14392.388    14393.424    14500.359
213  TIM3e+R2      7175.337     22  14394.674    14395.710    14502.645
214  TIM3e+R3      7172.969     24  14393.938    14395.169    14511.724
215  TIM3e+R4      Skipped 
216  TIM3e+R5      Skipped 
217  TIM3e+R6      Skipped 
218  TIM3e+R7      Skipped 
219  TIM3e+R8      Skipped 
220  TIM3e+R9      Skipped 
221  TIM3e+R10     Skipped 
222  TIM3          7365.283     23  14776.566    14777.697    14889.444
223  TIM3+I        7128.947     24  14305.894    14307.125    14423.680
224  TIM3+G4       7043.644     24  14135.289    14136.520    14253.075
225  TIM3+I+G4     7043.936     25  14137.871    14139.206    14260.565
226  TIM3+R2       7049.905     25  14149.811    14151.145    14272.505
227  TIM3+R3       7043.711     27  14141.422    14142.978    14273.932
228  TIM3+R4       Skipped 
229  TIM3+R5       Skipped 
230  TIM3+R6       Skipped 
231  TIM3+R7       Skipped 
232  TIM3+R8       Skipped 
233  TIM3+R9       Skipped 
234  TIM3+R10      Skipped 
235  TVMe          7490.518     21  15023.037    15023.981    15126.099
236  TVMe+I        7221.355     22  14486.709    14487.745    14594.680
237  TVMe+G4       7145.542     22  14335.085    14336.120    14443.055
238  TVMe+I+G4     7145.723     23  14337.446    14338.577    14450.325
239  TVMe+R2       7148.467     23  14342.935    14344.066    14455.813
240  TVMe+R3       7145.096     25  14340.192    14341.526    14462.885
241  TVMe+R4       Skipped 
242  TVMe+R5       Skipped 
243  TVMe+R6       Skipped 
244  TVMe+R7       Skipped 
245  TVMe+R8       Skipped 
246  TVMe+R9       Skipped 
247  TVMe+R10      Skipped 
248  TVM           7371.249     24  14790.498    14791.729    14908.284
249  TVM+I         7127.241     25  14304.482    14305.816    14427.176
250  TVM+G4        7044.207     25  14138.415    14139.750    14261.109
251  TVM+I+G4      7044.469     26  14140.938    14142.381    14268.540
252  TVM+R2        7050.496     26  14152.992    14154.434    14280.593
253  TVM+R3        7044.072     28  14144.143    14145.816    14281.560
254  TVM+R4        Skipped 
255  TVM+R5        Skipped 
256  TVM+R6        Skipped 
257  TVM+R7        Skipped 
258  TVM+R8        Skipped 
259  TVM+R9        Skipped 
260  TVM+R10       Skipped 
261  SYM           7490.356     22  15024.713    15025.748    15132.683
262  SYM+I         7221.227     23  14488.453    14489.584    14601.332
263  SYM+G4        7144.873     23  14335.746    14336.877    14448.624
264  SYM+I+G4      7145.015     24  14338.029    14339.260    14455.816
265  SYM+R2        7147.922     24  14343.845    14345.076    14461.631
266  SYM+R3        7144.393     26  14340.786    14342.229    14468.387
267  SYM+R4        Skipped 
268  SYM+R5        Skipped 
269  SYM+R6        Skipped 
270  SYM+R7        Skipped 
271  SYM+R8        Skipped 
272  SYM+R9        Skipped 
273  SYM+R10       Skipped 
274  GTR           7363.419     25  14776.837    14778.172    14899.531
275  GTR+I         7123.072     26  14298.143    14299.586    14425.745
276  GTR+G4        7040.128     26  14132.256    14133.699    14259.857
277  GTR+I+G4      7040.452     27  14134.904    14136.459    14267.413
278  GTR+R2        7045.201     27  14144.402    14145.957    14276.911
279  GTR+R3        7040.177     29  14138.354    14140.148    14280.679
280  GTR+R4        Skipped 
281  GTR+R5        Skipped 
282  GTR+R6        Skipped 
283  GTR+R7        Skipped 
284  GTR+R8        Skipped 
285  GTR+R9        Skipped 
286  GTR+R10       Skipped 
Akaike Information Criterion:           GTR+G4
Corrected Akaike Information Criterion: GTR+G4
Bayesian Information Criterion:         TIM3+G4
Best-fit model: TIM3+G4 chosen according to BIC

All model information printed to ./results/gene1.phy.model
CPU time for ModelFinder: 7.485 seconds (0h:0m:7s)
Wall-clock time for ModelFinder: 9.970 seconds (0h:0m:9s)
Generating 1000 samples for ultrafast bootstrap (seed: 699352)...

NOTE: 2 MB RAM (0 GB) is required!
Estimate model parameters (epsilon = 0.100)
1. Initial log-likelihood: -7258.405
2. Current log-likelihood: -7050.317
3. Current log-likelihood: -7044.382
4. Current log-likelihood: -7043.929
Optimal log-likelihood: -7043.894
Rate parameters:  A-C: 2.438  A-G: 4.374  A-T: 1.000  C-G: 2.438  C-T: 6.578  G-T: 1.000
Base frequencies:   A: 0.391  C: 0.157  G: 0.197  T: 0.255
Gamma shape alpha: 0.559
Parameters optimization took 4 rounds (0.068 sec)
Computing ML distances based on estimated model parameters... 0.002 sec
Computing BIONJ tree...
0.000 seconds
Log-likelihood of BIONJ tree: -7027.451
--------------------------------------------------------------------
|             INITIALIZING CANDIDATE TREE SET                      |
--------------------------------------------------------------------
Generating 98 parsimony trees... 0.090 second
Computing log-likelihood of 88 initial trees ... 0.452 seconds
Current best score: -7027.451

Do NNI search on 20 best initial trees
Estimate model parameters (epsilon = 0.100)
BETTER TREE FOUND at iteration 1: -7027.393
Iteration 10 / LogL: -7027.548 / Time: 0h:0m:10s
Iteration 20 / LogL: -7027.681 / Time: 0h:0m:11s
Finish initializing candidate tree set (1)
Current best tree score: -7027.393 / CPU time: 1.067
Number of iterations: 20
--------------------------------------------------------------------
|               OPTIMIZING CANDIDATE TREE SET                      |
--------------------------------------------------------------------
Iteration 30 / LogL: -7027.418 / Time: 0h:0m:11s (0h:0m:4s left)
Iteration 40 / LogL: -7027.414 / Time: 0h:0m:12s (0h:0m:3s left)
UPDATE BEST LOG-LIKELIHOOD: -7027.393
Iteration 50 / LogL: -7027.607 / Time: 0h:0m:12s (0h:0m:3s left)
Log-likelihood cutoff on original alignment: -7051.053
UPDATE BEST LOG-LIKELIHOOD: -7027.393
Iteration 60 / LogL: -7027.420 / Time: 0h:0m:13s (0h:0m:2s left)
Iteration 70 / LogL: -7027.531 / Time: 0h:0m:13s (0h:0m:1s left)
UPDATE BEST LOG-LIKELIHOOD: -7027.393
UPDATE BEST LOG-LIKELIHOOD: -7027.393
Iteration 80 / LogL: -7027.586 / Time: 0h:0m:14s (0h:0m:1s left)
UPDATE BEST LOG-LIKELIHOOD: -7027.393
Iteration 90 / LogL: -7027.652 / Time: 0h:0m:15s (0h:0m:0s left)
UPDATE BEST LOG-LIKELIHOOD: -7027.393
Iteration 100 / LogL: -7027.430 / Time: 0h:0m:15s (0h:0m:0s left)
Log-likelihood cutoff on original alignment: -7050.098
NOTE: Bootstrap correlation coefficient of split occurrence frequencies: 1.000
UPDATE BEST LOG-LIKELIHOOD: -7027.393
TREE SEARCH COMPLETED AFTER 102 ITERATIONS / Time: 0h:0m:15s

--------------------------------------------------------------------
|                    FINALIZING TREE SEARCH                        |
--------------------------------------------------------------------
Performs final model parameters optimization
Estimate model parameters (epsilon = 0.010)
1. Initial log-likelihood: -7027.393
Optimal log-likelihood: -7027.391
Rate parameters:  A-C: 2.434  A-G: 4.374  A-T: 1.000  C-G: 2.434  C-T: 6.574  G-T: 1.000
Base frequencies:   A: 0.391  C: 0.157  G: 0.197  T: 0.255
Gamma shape alpha: 0.574
Parameters optimization took 1 rounds (0.018 sec)
BEST SCORE FOUND : -7027.391
Creating bootstrap support values...
Split supports printed to NEXUS file ./results/gene1.phy.splits.nex
Total tree length: 2.556

Total number of iterations: 102
CPU time used for tree search: 3.651 sec (0h:0m:3s)
Wall-clock time used for tree search: 5.901 sec (0h:0m:5s)
Total CPU time used: 11.255 sec (0h:0m:11s)
Total wall-clock time used: 16.044 sec (0h:0m:16s)

Computing bootstrap consensus tree...
Reading input file ./results/gene1.phy.splits.nex...
10 taxa and 44 splits.
Consensus tree written to ./results/gene1.phy.contree
Reading input trees file ./results/gene1.phy.contree
Log-likelihood of consensus tree: -7027.391

Analysis results written to: 
  IQ-TREE report:                ./results/gene1.phy.iqtree
  Maximum-likelihood tree:       ./results/gene1.phy.treefile
  Likelihood distances:          ./results/gene1.phy.mldist

Ultrafast bootstrap approximation results written to:
  Split support values:          ./results/gene1.phy.splits.nex
  Consensus tree:                ./results/gene1.phy.contree
  Screen log file:               ./results/gene1.phy.log

Date and Time: Tue Aug 22 18:11:33 2017
