IQ-TREE multicore version 1.5.4 for Linux 64-bit built Apr  2 2017
Copyright (c) 2011-2017 by Bui Quang Minh, Nguyen Lam Tung,
Olga Chernomor, Heiko Schmidt, and Arndt von Haeseler.

Host:    hpc-crick (AVX, 251 GB RAM)
Command: iqtree -s ./results/gene5.phy -nt 1 -bb 1000
Seed:    19499 (Using SPRNG - Scalable Parallel Random Number Generator)
Time:    Tue Aug 22 18:07:58 2017
Kernel:  AVX - 1 threads (40 CPU cores detected)

Reading alignment file ./results/gene5.phy ... Phylip format detected
Alignment most likely contains DNA/RNA sequences
Alignment has 10 sequences with 1000 columns and 462 patterns (318 informative sites, 417 constant sites)
   Gap/Ambiguity  Composition  p-value
   1  A    0.00%    passed     95.75%
   2  B    0.00%    passed     35.25%
   3  C    0.00%    passed     94.01%
   4  D    0.00%    passed     75.47%
   5  E    0.00%    passed     70.58%
   6  F    0.00%    passed     81.22%
   7  G    0.00%    passed     33.19%
   8  H    0.00%    passed     62.77%
   9  I    0.00%    passed     91.82%
  10  J    0.00%    passed     71.70%
****  TOTAL    0.00%  0 sequences failed composition chi2 test (p-value<5%; df=3)

Create initial parsimony tree by phylogenetic likelihood library (PLL)... 0.000 seconds

NOTE: ModelFinder requires 3 MB RAM!
ModelFinder will test 286 DNA models (sample size: 1000) ...
 No. Model         -LnL         df  AIC          AICc         BIC
  1  JC            7172.012     17  14378.025    14378.648    14461.457
  2  JC+I          6920.060     18  13876.120    13876.817    13964.459
  3  JC+G4         6870.324     18  13776.648    13777.345    13864.988
  4  JC+I+G4       6870.268     19  13778.537    13779.312    13871.784
  5  JC+R2         6874.166     19  13786.332    13787.108    13879.580
  6  JC+R3         6869.876     21  13781.752    13782.697    13884.815
  7  JC+R4         Skipped 
  8  JC+R5         Skipped 
  9  JC+R6         Skipped 
 10  JC+R7         Skipped 
 11  JC+R8         Skipped 
 12  JC+R9         Skipped 
 13  JC+R10        Skipped 
 14  F81           7097.426     20  14234.851    14235.709    14333.006
 15  F81+I         6844.113     21  13730.226    13731.171    13833.289
 16  F81+G4        6783.488     21  13608.976    13609.920    13712.039
 17  F81+I+G4      6783.949     22  13611.899    13612.935    13719.869
 18  F81+R2        6789.826     22  13623.653    13624.688    13731.623
 19  F81+R3        6782.905     24  13613.810    13615.040    13731.596
 20  F81+R4        6782.673     26  13617.345    13618.788    13744.947
 21  F81+R5        Skipped 
 22  F81+R6        Skipped 
 23  F81+R7        Skipped 
 24  F81+R8        Skipped 
 25  F81+R9        Skipped 
 26  F81+R10       Skipped 
 27  K2P           7032.634     18  14101.268    14101.965    14189.608
 28  K2P+I         6770.958     19  13579.915    13580.691    13673.163
 29  K2P+G4        6711.652     19  13461.303    13462.079    13554.550
 30  K2P+I+G4      6711.436     20  13462.872    13463.730    13561.027
 31  K2P+R2        6717.883     20  13475.766    13476.624    13573.921
 32  K2P+R3        6711.405     22  13466.810    13467.845    13574.780
 33  K2P+R4        Skipped 
 34  K2P+R5        Skipped 
 35  K2P+R6        Skipped 
 36  K2P+R7        Skipped 
 37  K2P+R8        Skipped 
 38  K2P+R9        Skipped 
 39  K2P+R10       Skipped 
 40  HKY           6952.927     21  13947.855    13948.799    14050.917
 41  HKY+I         6688.930     22  13421.861    13422.897    13529.832
 42  HKY+G4        6617.002     22  13278.004    13279.040    13385.975
 43  HKY+I+G4      6616.762     23  13279.524    13280.655    13392.403
 44  HKY+R2        6625.723     23  13297.446    13298.578    13410.325
 45  HKY+R3        6616.682     25  13283.363    13284.698    13406.057
 46  HKY+R4        6616.515     27  13287.029    13288.585    13419.539
 47  HKY+R5        Skipped 
 48  HKY+R6        Skipped 
 49  HKY+R7        Skipped 
 50  HKY+R8        Skipped 
 51  HKY+R9        Skipped 
 52  HKY+R10       Skipped 
 53  TNe           7032.245     19  14102.490    14103.265    14195.737
 54  TNe+I         6769.504     20  13579.007    13579.865    13677.162
 55  TNe+G4        6710.418     20  13460.836    13461.694    13558.991
 56  TNe+I+G4      6709.849     21  13461.699    13462.644    13564.762
 57  TNe+R2        6716.726     21  13475.452    13476.397    13578.515
 58  TNe+R3        6710.028     23  13466.056    13467.187    13578.934
 59  TNe+R4        Skipped 
 60  TNe+R5        Skipped 
 61  TNe+R6        Skipped 
 62  TNe+R7        Skipped 
 63  TNe+R8        Skipped 
 64  TNe+R9        Skipped 
 65  TNe+R10       Skipped 
 66  TN            6951.454     22  13946.909    13947.945    14054.879
 67  TN+I          6688.597     23  13423.195    13424.326    13536.073
 68  TN+G4         6616.033     23  13278.066    13279.197    13390.945
 69  TN+I+G4       6616.193     24  13280.385    13281.616    13398.171
 70  TN+R2         6624.777     24  13297.554    13298.784    13415.340
 71  TN+R3         6615.846     26  13283.692    13285.135    13411.294
 72  TN+R4         6615.836     28  13287.671    13289.344    13425.088
 73  TN+R5         Skipped 
 74  TN+R6         Skipped 
 75  TN+R7         Skipped 
 76  TN+R8         Skipped 
 77  TN+R9         Skipped 
 78  TN+R10        Skipped 
 79  K3P           7026.255     19  14090.510    14091.285    14183.757
 80  K3P+I         6764.084     20  13568.168    13569.026    13666.323
 81  K3P+G4        6702.563     20  13445.127    13445.985    13543.282
 82  K3P+I+G4      6702.446     21  13446.892    13447.836    13549.954
 83  K3P+R2        6708.872     21  13459.744    13460.689    13562.807
 84  K3P+R3        6702.403     23  13450.805    13451.936    13563.684
 85  K3P+R4        Skipped 
 86  K3P+R5        Skipped 
 87  K3P+R6        Skipped 
 88  K3P+R7        Skipped 
 89  K3P+R8        Skipped 
 90  K3P+R9        Skipped 
 91  K3P+R10       Skipped 
 92  K3Pu          6940.718     22  13925.437    13926.472    14033.407
 93  K3Pu+I        6678.222     23  13402.444    13403.575    13515.322
 94  K3Pu+G4       6602.821     23  13251.642    13252.773    13364.520
 95  K3Pu+I+G4     6602.765     24  13253.530    13254.761    13371.316
 96  K3Pu+R2       6611.156     24  13270.312    13271.543    13388.098
 97  K3Pu+R3       6602.526     26  13257.051    13258.494    13384.653
 98  K3Pu+R4       6602.392     28  13260.784    13262.457    13398.201
 99  K3Pu+R5       Skipped 
100  K3Pu+R6       Skipped 
101  K3Pu+R7       Skipped 
102  K3Pu+R8       Skipped 
103  K3Pu+R9       Skipped 
104  K3Pu+R10      Skipped 
105  TPM2          6948.511     22  13941.022    13942.057    14048.992
106  TPM2+I        6684.792     23  13415.583    13416.714    13528.462
107  TPM2+G4       6615.786     23  13277.572    13278.703    13390.450
108  TPM2+I+G4     6615.594     24  13279.189    13280.420    13396.975
109  TPM2+R2       6624.271     24  13296.542    13297.773    13414.328
110  TPM2+R3       6615.383     26  13282.766    13284.209    13410.368
111  TPM2+R4       6615.293     28  13286.586    13288.259    13424.003
112  TPM2+R5       Skipped 
113  TPM2+R6       Skipped 
114  TPM2+R7       Skipped 
115  TPM2+R8       Skipped 
116  TPM2+R9       Skipped 
117  TPM2+R10      Skipped 
118  TPM2u         6948.516     22  13941.033    13942.068    14049.003
119  TPM2u+I       6684.784     23  13415.569    13416.700    13528.447
120  TPM2u+G4      6615.793     23  13277.585    13278.717    13390.464
121  TPM2u+I+G4    6615.584     24  13279.169    13280.399    13396.955
122  TPM2u+R2      6624.271     24  13296.541    13297.772    13414.328
123  TPM2u+R3      6615.376     26  13282.753    13284.196    13410.354
124  TPM2u+R4      6615.284     28  13286.568    13288.241    13423.985
125  TPM2u+R5      Skipped 
126  TPM2u+R6      Skipped 
127  TPM2u+R7      Skipped 
128  TPM2u+R8      Skipped 
129  TPM2u+R9      Skipped 
130  TPM2u+R10     Skipped 
131  TPM3          6933.218     22  13910.436    13911.471    14018.406
132  TPM3+I        6676.402     23  13398.804    13399.935    13511.682
133  TPM3+G4       6598.394     23  13242.788    13243.919    13355.666
134  TPM3+I+G4     6598.211     24  13244.422    13245.652    13362.208
135  TPM3+R2       6605.804     24  13259.608    13260.839    13377.394
136  TPM3+R3       6597.834     26  13247.667    13249.110    13375.269
137  TPM3+R4       6597.381     28  13250.763    13252.435    13388.180
138  TPM3+R5       Skipped 
139  TPM3+R6       Skipped 
140  TPM3+R7       Skipped 
141  TPM3+R8       Skipped 
142  TPM3+R9       Skipped 
143  TPM3+R10      Skipped 
144  TPM3u         6933.231     22  13910.461    13911.497    14018.432
145  TPM3u+I       6676.403     23  13398.807    13399.938    13511.685
146  TPM3u+G4      6598.349     23  13242.699    13243.830    13355.577
147  TPM3u+I+G4    6598.196     24  13244.393    13245.623    13362.179
148  TPM3u+R2      6605.804     24  13259.607    13260.838    13377.393
149  TPM3u+R3      6597.818     26  13247.635    13249.078    13375.237
150  TPM3u+R4      6597.361     28  13250.722    13252.394    13388.139
151  TPM3u+R5      Skipped 
152  TPM3u+R6      Skipped 
153  TPM3u+R7      Skipped 
154  TPM3u+R8      Skipped 
155  TPM3u+R9      Skipped 
156  TPM3u+R10     Skipped 
157  TIMe          7025.914     20  14091.829    14092.687    14189.984
158  TIMe+I        6762.728     21  13567.456    13568.400    13670.518
159  TIMe+G4       6701.398     21  13444.796    13445.741    13547.859
160  TIMe+I+G4     6700.941     22  13445.883    13446.918    13553.853
161  TIMe+R2       6707.788     22  13459.576    13460.611    13567.546
162  TIMe+R3       6700.803     24  13449.605    13450.836    13567.391
163  TIMe+R4       6700.530     26  13453.060    13454.503    13580.662
164  TIMe+R5       Skipped 
165  TIMe+R6       Skipped 
166  TIMe+R7       Skipped 
167  TIMe+R8       Skipped 
168  TIMe+R9       Skipped 
169  TIMe+R10      Skipped 
170  TIM           6939.190     23  13924.381    13925.512    14037.259
171  TIM+I         6677.841     24  13403.683    13404.914    13521.469
172  TIM+G4        6602.088     24  13252.176    13253.407    13369.962
173  TIM+I+G4      6602.264     25  13254.528    13255.863    13377.222
174  TIM+R2        6610.196     25  13270.392    13271.727    13393.086
175  TIM+R3        6602.061     27  13258.122    13259.678    13390.632
176  TIM+R4        6602.065     29  13262.129    13263.923    13404.454
177  TIM+R5        Skipped 
178  TIM+R6        Skipped 
179  TIM+R7        Skipped 
180  TIM+R8        Skipped 
181  TIM+R9        Skipped 
182  TIM+R10       Skipped 
183  TIM2e         7014.817     20  14069.634    14070.492    14167.789
184  TIM2e+I       6751.511     21  13545.022    13545.966    13648.085
185  TIM2e+G4      6689.907     21  13421.814    13422.759    13524.877
186  TIM2e+I+G4    6688.720     22  13421.440    13422.476    13529.411
187  TIM2e+R2      6699.466     22  13442.933    13443.969    13550.903
188  TIM2e+R3      6686.247     24  13420.494    13421.725    13538.280
189  TIM2e+R4      6686.249     26  13424.497    13425.940    13552.099
190  TIM2e+R5      Skipped 
191  TIM2e+R6      Skipped 
192  TIM2e+R7      Skipped 
193  TIM2e+R8      Skipped 
194  TIM2e+R9      Skipped 
195  TIM2e+R10     Skipped 
196  TIM2          6946.941     23  13939.883    13941.014    14052.761
197  TIM2+I        6684.452     24  13416.903    13418.134    13534.689
198  TIM2+G4       6614.645     24  13277.291    13278.522    13395.077
199  TIM2+I+G4     6614.724     25  13279.448    13280.782    13402.142
200  TIM2+R2       6623.315     25  13296.629    13297.964    13419.323
201  TIM2+R3       6614.942     27  13283.884    13285.440    13416.394
202  TIM2+R4       6614.963     29  13287.926    13289.720    13430.251
203  TIM2+R5       Skipped 
204  TIM2+R6       Skipped 
205  TIM2+R7       Skipped 
206  TIM2+R8       Skipped 
207  TIM2+R9       Skipped 
208  TIM2+R10      Skipped 
209  TIM3e         7023.432     20  14086.864    14087.722    14185.019
210  TIM3e+I       6763.145     21  13568.291    13569.235    13671.353
211  TIM3e+G4      6702.158     21  13446.316    13447.261    13549.379
212  TIM3e+I+G4    6701.605     22  13447.211    13448.247    13555.181
213  TIM3e+R2      6708.182     22  13460.365    13461.401    13568.336
214  TIM3e+R3      6700.620     24  13449.239    13450.470    13567.025
215  TIM3e+R4      6700.572     26  13453.144    13454.587    13580.746
216  TIM3e+R5      Skipped 
217  TIM3e+R6      Skipped 
218  TIM3e+R7      Skipped 
219  TIM3e+R8      Skipped 
220  TIM3e+R9      Skipped 
221  TIM3e+R10     Skipped 
222  TIM3          6930.874     23  13907.747    13908.878    14020.626
223  TIM3+I        6676.046     24  13400.091    13401.322    13517.877
224  TIM3+G4       6597.059     24  13242.118    13243.349    13359.904
225  TIM3+I+G4     6597.179     25  13244.359    13245.693    13367.052
226  TIM3+R2       6604.076     25  13258.151    13259.486    13380.845
227  TIM3+R3       6597.066     27  13248.133    13249.688    13380.642
228  TIM3+R4       6596.568     29  13251.136    13252.930    13393.461
229  TIM3+R5       Skipped 
230  TIM3+R6       Skipped 
231  TIM3+R7       Skipped 
232  TIM3+R8       Skipped 
233  TIM3+R9       Skipped 
234  TIM3+R10      Skipped 
235  TVMe          7003.570     21  14049.139    14050.084    14152.202
236  TVMe+I        6742.890     22  13529.780    13530.815    13637.750
237  TVMe+G4       6677.887     22  13399.774    13400.810    13507.745
238  TVMe+I+G4     6677.213     23  13400.426    13401.557    13513.304
239  TVMe+R2       6686.959     23  13419.917    13421.048    13532.796
240  TVMe+R3       6676.413     25  13402.825    13404.160    13525.519
241  TVMe+R4       6676.215     27  13406.430    13407.986    13538.940
242  TVMe+R5       Skipped 
243  TVMe+R6       Skipped 
244  TVMe+R7       Skipped 
245  TVMe+R8       Skipped 
246  TVMe+R9       Skipped 
247  TVMe+R10      Skipped 
248  TVM           6924.020     24  13896.039    13897.270    14013.826
249  TVM+I         6667.486     25  13384.972    13386.307    13507.666
250  TVM+G4        6590.452     25  13230.905    13232.239    13353.598
251  TVM+I+G4      6590.548     26  13233.096    13234.539    13360.698
252  TVM+R2        6597.125     26  13246.250    13247.693    13373.852
253  TVM+R3        6590.388     28  13236.776    13238.449    13374.194
254  TVM+R4        Skipped 
255  TVM+R5        Skipped 
256  TVM+R6        Skipped 
257  TVM+R7        Skipped 
258  TVM+R8        Skipped 
259  TVM+R9        Skipped 
260  TVM+R10       Skipped 
261  SYM           7003.381     22  14050.762    14051.798    14158.733
262  SYM+I         6741.607     23  13529.215    13530.346    13642.093
263  SYM+G4        6675.986     23  13397.973    13399.104    13510.851
264  SYM+I+G4      6674.974     24  13397.948    13399.179    13515.734
265  SYM+R2        6685.643     24  13419.286    13420.517    13537.072
266  SYM+R3        6672.986     26  13397.971    13399.414    13525.573
267  SYM+R4        6672.908     28  13401.817    13403.489    13539.234
268  SYM+R5        Skipped 
269  SYM+R6        Skipped 
270  SYM+R7        Skipped 
271  SYM+R8        Skipped 
272  SYM+R9        Skipped 
273  SYM+R10       Skipped 
274  GTR           6921.503     25  13893.005    13894.340    14015.699
275  GTR+I         6667.059     26  13386.119    13387.562    13513.720
276  GTR+G4        6588.785     26  13229.569    13231.012    13357.171
277  GTR+I+G4      6589.206     27  13232.411    13233.967    13364.921
278  GTR+R2        6595.195     27  13244.390    13245.945    13376.899
279  GTR+R3        6589.103     29  13236.206    13238.000    13378.531
280  GTR+R4        Skipped 
281  GTR+R5        Skipped 
282  GTR+R6        Skipped 
283  GTR+R7        Skipped 
284  GTR+R8        Skipped 
285  GTR+R9        Skipped 
286  GTR+R10       Skipped 
Akaike Information Criterion:           GTR+G4
Corrected Akaike Information Criterion: GTR+G4
Bayesian Information Criterion:         TVM+G4
Best-fit model: TVM+G4 chosen according to BIC

All model information printed to ./results/gene5.phy.model
CPU time for ModelFinder: 12.403 seconds (0h:0m:12s)
Wall-clock time for ModelFinder: 20.034 seconds (0h:0m:20s)
Generating 1000 samples for ultrafast bootstrap (seed: 19499)...

NOTE: 2 MB RAM (0 GB) is required!
Estimate model parameters (epsilon = 0.100)
1. Initial log-likelihood: -6838.797
2. Current log-likelihood: -6613.598
3. Current log-likelihood: -6591.731
4. Current log-likelihood: -6591.628
5. Current log-likelihood: -6591.344
6. Current log-likelihood: -6591.221
Optimal log-likelihood: -6591.144
Rate parameters:  A-C: 2.666  A-G: 4.800  A-T: 0.703  C-G: 1.147  C-T: 4.800  G-T: 1.000
Base frequencies:   A: 0.369  C: 0.176  G: 0.209  T: 0.246
Gamma shape alpha: 0.486
Parameters optimization took 6 rounds (0.200 sec)
Computing ML distances based on estimated model parameters... 0.002 sec
Computing BIONJ tree...
0.000 seconds
Log-likelihood of BIONJ tree: -6590.726
--------------------------------------------------------------------
|             INITIALIZING CANDIDATE TREE SET                      |
--------------------------------------------------------------------
Generating 98 parsimony trees... 0.098 second
Computing log-likelihood of 95 initial trees ... 0.562 seconds
Current best score: -6588.258

Do NNI search on 20 best initial trees
Estimate model parameters (epsilon = 0.100)
BETTER TREE FOUND at iteration 1: -6586.986
UPDATE BEST LOG-LIKELIHOOD: -6586.986
UPDATE BEST LOG-LIKELIHOOD: -6586.986
UPDATE BEST LOG-LIKELIHOOD: -6586.986
Iteration 10 / LogL: -6586.986 / Time: 0h:0m:21s
Iteration 20 / LogL: -6586.986 / Time: 0h:0m:22s
Finish initializing candidate tree set (3)
Current best tree score: -6586.986 / CPU time: 1.950
Number of iterations: 20
--------------------------------------------------------------------
|               OPTIMIZING CANDIDATE TREE SET                      |
--------------------------------------------------------------------
UPDATE BEST LOG-LIKELIHOOD: -6586.986
UPDATE BEST LOG-LIKELIHOOD: -6586.986
UPDATE BEST LOG-LIKELIHOOD: -6586.986
Iteration 30 / LogL: -6586.986 / Time: 0h:0m:22s (0h:0m:6s left)
Iteration 40 / LogL: -6586.986 / Time: 0h:0m:23s (0h:0m:4s left)
Iteration 50 / LogL: -6587.711 / Time: 0h:0m:23s (0h:0m:3s left)
Log-likelihood cutoff on original alignment: -6594.371
Iteration 60 / LogL: -6586.986 / Time: 0h:0m:24s (0h:0m:2s left)
Iteration 70 / LogL: -6586.986 / Time: 0h:0m:24s (0h:0m:1s left)
UPDATE BEST LOG-LIKELIHOOD: -6586.986
Iteration 80 / LogL: -6586.986 / Time: 0h:0m:24s (0h:0m:1s left)
Iteration 90 / LogL: -6586.989 / Time: 0h:0m:25s (0h:0m:0s left)
UPDATE BEST LOG-LIKELIHOOD: -6586.986
Iteration 100 / LogL: -6586.986 / Time: 0h:0m:25s (0h:0m:0s left)
Log-likelihood cutoff on original alignment: -6595.003
NOTE: Bootstrap correlation coefficient of split occurrence frequencies: 0.993
TREE SEARCH COMPLETED AFTER 102 ITERATIONS / Time: 0h:0m:25s

--------------------------------------------------------------------
|                    FINALIZING TREE SEARCH                        |
--------------------------------------------------------------------
Performs final model parameters optimization
Estimate model parameters (epsilon = 0.010)
1. Initial log-likelihood: -6586.986
Optimal log-likelihood: -6586.979
Rate parameters:  A-C: 2.686  A-G: 4.796  A-T: 0.663  C-G: 1.138  C-T: 4.796  G-T: 1.000
Base frequencies:   A: 0.369  C: 0.176  G: 0.209  T: 0.246
Gamma shape alpha: 0.494
Parameters optimization took 1 rounds (0.007 sec)
BEST SCORE FOUND : -6586.979
Creating bootstrap support values...
Split supports printed to NEXUS file ./results/gene5.phy.splits.nex
Total tree length: 2.425

Total number of iterations: 102
CPU time used for tree search: 4.359 sec (0h:0m:4s)
Wall-clock time used for tree search: 5.301 sec (0h:0m:5s)
Total CPU time used: 16.946 sec (0h:0m:16s)
Total wall-clock time used: 25.632 sec (0h:0m:25s)

Computing bootstrap consensus tree...
Reading input file ./results/gene5.phy.splits.nex...
10 taxa and 105 splits.
Consensus tree written to ./results/gene5.phy.contree
Reading input trees file ./results/gene5.phy.contree
Log-likelihood of consensus tree: -6586.979

Analysis results written to: 
  IQ-TREE report:                ./results/gene5.phy.iqtree
  Maximum-likelihood tree:       ./results/gene5.phy.treefile
  Likelihood distances:          ./results/gene5.phy.mldist

Ultrafast bootstrap approximation results written to:
  Split support values:          ./results/gene5.phy.splits.nex
  Consensus tree:                ./results/gene5.phy.contree
  Screen log file:               ./results/gene5.phy.log

Date and Time: Tue Aug 22 18:08:23 2017
