IQ-TREE multicore version 1.5.4 for Linux 64-bit built Apr  2 2017
Copyright (c) 2011-2017 by Bui Quang Minh, Nguyen Lam Tung,
Olga Chernomor, Heiko Schmidt, and Arndt von Haeseler.

Host:    hpc-crick (AVX, 251 GB RAM)
Command: iqtree -s ./results/gene19.phy -nt 1 -bb 1000
Seed:    343512 (Using SPRNG - Scalable Parallel Random Number Generator)
Time:    Tue Aug 22 17:07:32 2017
Kernel:  AVX - 1 threads (40 CPU cores detected)

Reading alignment file ./results/gene19.phy ... Phylip format detected
Alignment most likely contains DNA/RNA sequences
Alignment has 10 sequences with 1000 columns and 478 patterns (340 informative sites, 390 constant sites)
   Gap/Ambiguity  Composition  p-value
   1  A    0.00%    passed     96.58%
   2  B    0.00%    passed     88.30%
   3  C    0.00%    passed     84.39%
   4  D    0.00%    passed     98.92%
   5  E    0.00%    passed     79.87%
   6  F    0.00%    passed     63.16%
   7  G    0.00%    passed     76.43%
   8  H    0.00%    passed     75.43%
   9  I    0.00%    passed     60.08%
  10  J    0.00%    passed     94.01%
****  TOTAL    0.00%  0 sequences failed composition chi2 test (p-value<5%; df=3)

Create initial parsimony tree by phylogenetic likelihood library (PLL)... 0.001 seconds

NOTE: ModelFinder requires 3 MB RAM!
ModelFinder will test 286 DNA models (sample size: 1000) ...
 No. Model         -LnL         df  AIC          AICc         BIC
  1  JC            7475.344     17  14984.687    14985.311    15068.119
  2  JC+I          7247.439     18  14530.878    14531.575    14619.218
  3  JC+G4         7183.345     18  14402.691    14403.388    14491.030
  4  JC+I+G4       7184.026     19  14406.051    14406.827    14499.298
  5  JC+R2         7184.691     19  14407.381    14408.157    14500.629
  6  JC+R3         7182.837     21  14407.675    14408.619    14510.737
  7  JC+R4         Skipped 
  8  JC+R5         Skipped 
  9  JC+R6         Skipped 
 10  JC+R7         Skipped 
 11  JC+R8         Skipped 
 12  JC+R9         Skipped 
 13  JC+R10        Skipped 
 14  F81           7369.639     20  14779.278    14780.136    14877.433
 15  F81+I         7140.896     21  14323.792    14324.736    14426.855
 16  F81+G4        7062.737     21  14167.473    14168.418    14270.536
 17  F81+I+G4      7063.370     22  14170.740    14171.776    14278.710
 18  F81+R2        7063.660     22  14171.321    14172.357    14279.291
 19  F81+R3        7061.833     24  14171.666    14172.897    14289.452
 20  F81+R4        Skipped 
 21  F81+R5        Skipped 
 22  F81+R6        Skipped 
 23  F81+R7        Skipped 
 24  F81+R8        Skipped 
 25  F81+R9        Skipped 
 26  F81+R10       Skipped 
 27  K2P           7346.919     18  14729.838    14730.535    14818.177
 28  K2P+I         7107.569     19  14253.138    14253.914    14346.386
 29  K2P+G4        7028.078     19  14094.155    14094.931    14187.402
 30  K2P+I+G4      7028.459     20  14096.919    14097.777    14195.074
 31  K2P+R2        7032.409     20  14104.819    14105.677    14202.974
 32  K2P+R3        7027.663     22  14099.327    14100.363    14207.297
 33  K2P+R4        Skipped 
 34  K2P+R5        Skipped 
 35  K2P+R6        Skipped 
 36  K2P+R7        Skipped 
 37  K2P+R8        Skipped 
 38  K2P+R9        Skipped 
 39  K2P+R10       Skipped 
 40  HKY           7223.010     21  14488.021    14488.966    14591.084
 41  HKY+I         6983.644     22  14011.289    14012.325    14119.260
 42  HKY+G4        6876.627     22  13797.255    13798.290    13905.225
 43  HKY+I+G4      6877.154     23  13800.308    13801.439    13913.186
 44  HKY+R2        6881.657     23  13809.314    13810.446    13922.193
 45  HKY+R3        6873.897     25  13797.793    13799.128    13920.487
 46  HKY+R4        6873.859     27  13801.719    13803.275    13934.228
 47  HKY+R5        Skipped 
 48  HKY+R6        Skipped 
 49  HKY+R7        Skipped 
 50  HKY+R8        Skipped 
 51  HKY+R9        Skipped 
 52  HKY+R10       Skipped 
 53  TNe           7346.913     19  14731.826    14732.601    14825.073
 54  TNe+I         7107.563     20  14255.125    14255.983    14353.280
 55  TNe+G4        7027.926     20  14095.852    14096.710    14194.007
 56  TNe+I+G4      7028.247     21  14098.495    14099.440    14201.558
 57  TNe+R2        7032.414     21  14106.828    14107.773    14209.891
 58  TNe+R3        7027.564     23  14101.127    14102.258    14214.005
 59  TNe+R4        Skipped 
 60  TNe+R5        Skipped 
 61  TNe+R6        Skipped 
 62  TNe+R7        Skipped 
 63  TNe+R8        Skipped 
 64  TNe+R9        Skipped 
 65  TNe+R10       Skipped 
 66  TN            7220.397     22  14484.794    14485.830    14592.765
 67  TN+I          6981.229     23  14008.458    14009.589    14121.336
 68  TN+G4         6875.860     23  13797.720    13798.852    13910.599
 69  TN+I+G4       6876.115     24  13800.229    13801.460    13918.015
 70  TN+R2         6880.253     24  13808.506    13809.737    13926.292
 71  TN+R3         6873.064     26  13798.129    13799.572    13925.730
 72  TN+R4         6872.819     28  13801.638    13803.311    13939.055
 73  TN+R5         Skipped 
 74  TN+R6         Skipped 
 75  TN+R7         Skipped 
 76  TN+R8         Skipped 
 77  TN+R9         Skipped 
 78  TN+R10        Skipped 
 79  K3P           7344.186     19  14726.371    14727.147    14819.619
 80  K3P+I         7104.644     20  14249.289    14250.147    14347.444
 81  K3P+G4        7024.871     20  14089.742    14090.600    14187.897
 82  K3P+I+G4      7025.190     21  14092.379    14093.324    14195.442
 83  K3P+R2        7028.941     21  14099.882    14100.827    14202.945
 84  K3P+R3        7024.534     23  14095.069    14096.200    14207.947
 85  K3P+R4        Skipped 
 86  K3P+R5        Skipped 
 87  K3P+R6        Skipped 
 88  K3P+R7        Skipped 
 89  K3P+R8        Skipped 
 90  K3P+R9        Skipped 
 91  K3P+R10       Skipped 
 92  K3Pu          7211.698     22  14467.396    14468.432    14575.367
 93  K3Pu+I        6973.948     23  13993.896    13995.027    14106.775
 94  K3Pu+G4       6865.372     23  13776.745    13777.876    13889.623
 95  K3Pu+I+G4     6865.712     24  13779.424    13780.655    13897.210
 96  K3Pu+R2       6870.368     24  13788.736    13789.967    13906.522
 97  K3Pu+R3       6862.763     26  13777.526    13778.969    13905.128
 98  K3Pu+R4       6862.583     28  13781.166    13782.838    13918.583
 99  K3Pu+R5       Skipped 
100  K3Pu+R6       Skipped 
101  K3Pu+R7       Skipped 
102  K3Pu+R8       Skipped 
103  K3Pu+R9       Skipped 
104  K3Pu+R10      Skipped 
105  TPM2          7215.188     22  14474.376    14475.412    14582.346
106  TPM2+I        6972.790     23  13991.580    13992.711    14104.459
107  TPM2+G4       6874.237     23  13794.473    13795.605    13907.352
108  TPM2+I+G4     6874.682     24  13797.363    13798.594    13915.149
109  TPM2+R2       6878.669     24  13805.338    13806.569    13923.124
110  TPM2+R3       6872.304     26  13796.608    13798.051    13924.210
111  TPM2+R4       Skipped 
112  TPM2+R5       Skipped 
113  TPM2+R6       Skipped 
114  TPM2+R7       Skipped 
115  TPM2+R8       Skipped 
116  TPM2+R9       Skipped 
117  TPM2+R10      Skipped 
118  TPM2u         7215.186     22  14474.373    14475.409    14582.344
119  TPM2u+I       6972.786     23  13991.572    13992.704    14104.451
120  TPM2u+G4      6874.234     23  13794.467    13795.598    13907.346
121  TPM2u+I+G4    6874.659     24  13797.317    13798.548    13915.103
122  TPM2u+R2      6878.668     24  13805.337    13806.567    13923.123
123  TPM2u+R3      6872.310     26  13796.619    13798.062    13924.221
124  TPM2u+R4      Skipped 
125  TPM2u+R5      Skipped 
126  TPM2u+R6      Skipped 
127  TPM2u+R7      Skipped 
128  TPM2u+R8      Skipped 
129  TPM2u+R9      Skipped 
130  TPM2u+R10     Skipped 
131  TPM3          7196.797     22  14437.595    14438.630    14545.565
132  TPM3+I        6963.225     23  13972.449    13973.580    14085.327
133  TPM3+G4       6858.791     23  13763.582    13764.713    13876.460
134  TPM3+I+G4     6859.210     24  13766.421    13767.651    13884.207
135  TPM3+R2       6863.220     24  13774.440    13775.670    13892.226
136  TPM3+R3       6857.003     26  13766.006    13767.448    13893.607
137  TPM3+R4       Skipped 
138  TPM3+R5       Skipped 
139  TPM3+R6       Skipped 
140  TPM3+R7       Skipped 
141  TPM3+R8       Skipped 
142  TPM3+R9       Skipped 
143  TPM3+R10      Skipped 
144  TPM3u         7196.787     22  14437.573    14438.609    14545.544
145  TPM3u+I       6963.228     23  13972.455    13973.587    14085.334
146  TPM3u+G4      6858.788     23  13763.576    13764.707    13876.455
147  TPM3u+I+G4    6859.081     24  13766.163    13767.393    13883.949
148  TPM3u+R2      6863.189     24  13774.378    13775.609    13892.164
149  TPM3u+R3      6856.998     26  13765.997    13767.440    13893.598
150  TPM3u+R4      Skipped 
151  TPM3u+R5      Skipped 
152  TPM3u+R6      Skipped 
153  TPM3u+R7      Skipped 
154  TPM3u+R8      Skipped 
155  TPM3u+R9      Skipped 
156  TPM3u+R10     Skipped 
157  TIMe          7344.170     20  14728.340    14729.198    14826.495
158  TIMe+I        7104.636     21  14251.272    14252.216    14354.334
159  TIMe+G4       7024.738     21  14091.476    14092.421    14194.539
160  TIMe+I+G4     7024.964     22  14093.928    14094.964    14201.899
161  TIMe+R2       7028.930     22  14101.860    14102.896    14209.831
162  TIMe+R3       7024.310     24  14096.621    14097.852    14214.407
163  TIMe+R4       Skipped 
164  TIMe+R5       Skipped 
165  TIMe+R6       Skipped 
166  TIMe+R7       Skipped 
167  TIMe+R8       Skipped 
168  TIMe+R9       Skipped 
169  TIMe+R10      Skipped 
170  TIM           7208.786     23  14463.572    14464.703    14576.451
171  TIM+I         6971.552     24  13991.105    13992.335    14108.891
172  TIM+G4        6864.783     24  13777.566    13778.797    13895.352
173  TIM+I+G4      6865.128     25  13780.256    13781.590    13902.950
174  TIM+R2        6869.511     25  13789.023    13790.358    13911.717
175  TIM+R3        6862.017     27  13778.033    13779.589    13910.543
176  TIM+R4        6861.911     29  13781.822    13783.615    13924.147
177  TIM+R5        Skipped 
178  TIM+R6        Skipped 
179  TIM+R7        Skipped 
180  TIM+R8        Skipped 
181  TIM+R9        Skipped 
182  TIM+R10       Skipped 
183  TIM2e         7317.309     20  14674.617    14675.475    14772.772
184  TIM2e+I       7070.521     21  14183.042    14183.987    14286.105
185  TIM2e+G4      6987.404     21  14016.808    14017.752    14119.871
186  TIM2e+I+G4    6987.454     22  14018.907    14019.943    14126.878
187  TIM2e+R2      6996.305     22  14036.609    14037.645    14144.580
188  TIM2e+R3      6986.661     24  14021.322    14022.553    14139.108
189  TIM2e+R4      6986.561     26  14025.122    14026.565    14152.723
190  TIM2e+R5      Skipped 
191  TIM2e+R6      Skipped 
192  TIM2e+R7      Skipped 
193  TIM2e+R8      Skipped 
194  TIM2e+R9      Skipped 
195  TIM2e+R10     Skipped 
196  TIM2          7212.291     23  14470.581    14471.713    14583.460
197  TIM2+I        6970.485     24  13988.970    13990.201    14106.756
198  TIM2+G4       6872.548     24  13793.095    13794.326    13910.881
199  TIM2+I+G4     6872.898     25  13795.797    13797.131    13918.491
200  TIM2+R2       6876.865     25  13803.729    13805.064    13926.423
201  TIM2+R3       6870.979     27  13795.958    13797.514    13928.468
202  TIM2+R4       Skipped 
203  TIM2+R5       Skipped 
204  TIM2+R6       Skipped 
205  TIM2+R7       Skipped 
206  TIM2+R8       Skipped 
207  TIM2+R9       Skipped 
208  TIM2+R10      Skipped 
209  TIM3e         7340.410     20  14720.820    14721.678    14818.975
210  TIM3e+I       7102.526     21  14247.051    14247.996    14350.114
211  TIM3e+G4      7024.201     21  14090.402    14091.347    14193.465
212  TIM3e+I+G4    7024.390     22  14092.780    14093.816    14200.751
213  TIM3e+R2      7028.154     22  14100.308    14101.343    14208.278
214  TIM3e+R3      7023.842     24  14095.684    14096.914    14213.470
215  TIM3e+R4      Skipped 
216  TIM3e+R5      Skipped 
217  TIM3e+R6      Skipped 
218  TIM3e+R7      Skipped 
219  TIM3e+R8      Skipped 
220  TIM3e+R9      Skipped 
221  TIM3e+R10     Skipped 
222  TIM3          7192.410     23  14430.819    14431.950    14543.698
223  TIM3+I        6960.871     24  13969.741    13970.972    14087.527
224  TIM3+G4       6857.544     24  13763.088    13764.319    13880.875
225  TIM3+I+G4     6857.564     25  13765.128    13766.462    13887.822
226  TIM3+R2       6862.104     25  13774.208    13775.542    13896.902
227  TIM3+R3       6855.748     27  13765.497    13767.052    13898.006
228  TIM3+R4       Skipped 
229  TIM3+R5       Skipped 
230  TIM3+R6       Skipped 
231  TIM3+R7       Skipped 
232  TIM3+R8       Skipped 
233  TIM3+R9       Skipped 
234  TIM3+R10      Skipped 
235  TVMe          7310.312     21  14662.623    14663.568    14765.686
236  TVMe+I        7064.371     22  14172.742    14173.778    14280.712
237  TVMe+G4       6982.189     22  14008.378    14009.414    14116.348
238  TVMe+I+G4     6982.169     23  14010.339    14011.470    14123.217
239  TVMe+R2       6989.986     23  14025.973    14027.104    14138.851
240  TVMe+R3       6981.633     25  14013.266    14014.601    14135.960
241  TVMe+R4       6981.529     27  14017.058    14018.614    14149.568
242  TVMe+R5       Skipped 
243  TVMe+R6       Skipped 
244  TVMe+R7       Skipped 
245  TVMe+R8       Skipped 
246  TVMe+R9       Skipped 
247  TVMe+R10      Skipped 
248  TVM           7186.529     24  14421.059    14422.290    14538.845
249  TVM+I         6950.098     25  13950.195    13951.530    14072.889
250  TVM+G4        6852.516     25  13755.032    13756.367    13877.726
251  TVM+I+G4      6852.783     26  13757.567    13759.010    13885.168
252  TVM+R2        6856.837     26  13765.674    13767.117    13893.276
253  TVM+R3        6851.363     28  13758.725    13760.398    13896.142
254  TVM+R4        Skipped 
255  TVM+R5        Skipped 
256  TVM+R6        Skipped 
257  TVM+R7        Skipped 
258  TVM+R8        Skipped 
259  TVM+R9        Skipped 
260  TVM+R10       Skipped 
261  SYM           7310.272     22  14664.543    14665.579    14772.514
262  SYM+I         7064.573     23  14175.146    14176.277    14288.025
263  SYM+G4        6981.073     23  14008.146    14009.277    14121.024
264  SYM+I+G4      6981.129     24  14010.259    14011.490    14128.045
265  SYM+R2        6989.765     24  14027.531    14028.762    14145.317
266  SYM+R3        6980.494     26  14012.988    14014.431    14140.590
267  SYM+R4        6980.378     28  14016.755    14018.428    14154.172
268  SYM+R5        Skipped 
269  SYM+R6        Skipped 
270  SYM+R7        Skipped 
271  SYM+R8        Skipped 
272  SYM+R9        Skipped 
273  SYM+R10       Skipped 
274  GTR           7181.997     25  14413.995    14415.329    14536.688
275  GTR+I         6947.626     26  13947.251    13948.694    14074.853
276  GTR+G4        6850.424     26  13752.849    13754.291    13880.450
277  GTR+I+G4      6850.694     27  13755.389    13756.944    13887.898
278  GTR+R2        6855.281     27  13764.562    13766.117    13897.071
279  GTR+R3        6849.314     29  13756.628    13758.421    13898.952
280  GTR+R4        Skipped 
281  GTR+R5        Skipped 
282  GTR+R6        Skipped 
283  GTR+R7        Skipped 
284  GTR+R8        Skipped 
285  GTR+R9        Skipped 
286  GTR+R10       Skipped 
Akaike Information Criterion:           GTR+G4
Corrected Akaike Information Criterion: GTR+G4
Bayesian Information Criterion:         TPM3u+G4
Best-fit model: TPM3u+G4 chosen according to BIC

All model information printed to ./results/gene19.phy.model
CPU time for ModelFinder: 8.917 seconds (0h:0m:8s)
Wall-clock time for ModelFinder: 9.023 seconds (0h:0m:9s)
Generating 1000 samples for ultrafast bootstrap (seed: 343512)...

NOTE: 2 MB RAM (0 GB) is required!
Estimate model parameters (epsilon = 0.100)
1. Initial log-likelihood: -7119.693
2. Current log-likelihood: -6873.751
3. Current log-likelihood: -6862.700
4. Current log-likelihood: -6861.656
Optimal log-likelihood: -6861.606
Rate parameters:  A-C: 2.647  A-G: 6.283  A-T: 1.000  C-G: 2.647  C-T: 6.283  G-T: 1.000
Base frequencies:   A: 0.404  C: 0.156  G: 0.186  T: 0.253
Gamma shape alpha: 0.515
Parameters optimization took 4 rounds (0.046 sec)
Computing ML distances based on estimated model parameters... 0.000 sec
Computing BIONJ tree...
0.000 seconds
Log-likelihood of BIONJ tree: -6859.416
--------------------------------------------------------------------
|             INITIALIZING CANDIDATE TREE SET                      |
--------------------------------------------------------------------
Generating 98 parsimony trees... 0.070 second
Computing log-likelihood of 93 initial trees ... 0.357 seconds
Current best score: -6859.416

Do NNI search on 20 best initial trees
Estimate model parameters (epsilon = 0.100)
BETTER TREE FOUND at iteration 1: -6856.679
Iteration 10 / LogL: -6856.686 / Time: 0h:0m:10s
Iteration 20 / LogL: -6860.196 / Time: 0h:0m:10s
Finish initializing candidate tree set (11)
Current best tree score: -6856.679 / CPU time: 1.547
Number of iterations: 20
--------------------------------------------------------------------
|               OPTIMIZING CANDIDATE TREE SET                      |
--------------------------------------------------------------------
Iteration 30 / LogL: -6857.185 / Time: 0h:0m:11s (0h:0m:4s left)
UPDATE BEST LOG-LIKELIHOOD: -6856.679
Iteration 40 / LogL: -6857.404 / Time: 0h:0m:11s (0h:0m:3s left)
Iteration 50 / LogL: -6857.785 / Time: 0h:0m:11s (0h:0m:3s left)
Log-likelihood cutoff on original alignment: -6864.510
Iteration 60 / LogL: -6856.682 / Time: 0h:0m:12s (0h:0m:2s left)
Iteration 70 / LogL: -6856.685 / Time: 0h:0m:12s (0h:0m:1s left)
Iteration 80 / LogL: -6856.685 / Time: 0h:0m:13s (0h:0m:1s left)
Iteration 90 / LogL: -6858.018 / Time: 0h:0m:13s (0h:0m:0s left)
Iteration 100 / LogL: -6856.685 / Time: 0h:0m:14s (0h:0m:0s left)
Log-likelihood cutoff on original alignment: -6866.683
NOTE: Bootstrap correlation coefficient of split occurrence frequencies: 0.995
TREE SEARCH COMPLETED AFTER 102 ITERATIONS / Time: 0h:0m:14s

--------------------------------------------------------------------
|                    FINALIZING TREE SEARCH                        |
--------------------------------------------------------------------
Performs final model parameters optimization
Estimate model parameters (epsilon = 0.010)
1. Initial log-likelihood: -6856.679
Optimal log-likelihood: -6856.679
Rate parameters:  A-C: 2.664  A-G: 6.283  A-T: 1.000  C-G: 2.664  C-T: 6.283  G-T: 1.000
Base frequencies:   A: 0.404  C: 0.156  G: 0.186  T: 0.253
Gamma shape alpha: 0.514
Parameters optimization took 1 rounds (0.006 sec)
BEST SCORE FOUND : -6856.679
Creating bootstrap support values...
Split supports printed to NEXUS file ./results/gene19.phy.splits.nex
Total tree length: 2.717

Total number of iterations: 102
CPU time used for tree search: 5.144 sec (0h:0m:5s)
Wall-clock time used for tree search: 5.148 sec (0h:0m:5s)
Total CPU time used: 14.164 sec (0h:0m:14s)
Total wall-clock time used: 14.278 sec (0h:0m:14s)

Computing bootstrap consensus tree...
Reading input file ./results/gene19.phy.splits.nex...
10 taxa and 170 splits.
Consensus tree written to ./results/gene19.phy.contree
Reading input trees file ./results/gene19.phy.contree
Log-likelihood of consensus tree: -6856.679

Analysis results written to: 
  IQ-TREE report:                ./results/gene19.phy.iqtree
  Maximum-likelihood tree:       ./results/gene19.phy.treefile
  Likelihood distances:          ./results/gene19.phy.mldist

Ultrafast bootstrap approximation results written to:
  Split support values:          ./results/gene19.phy.splits.nex
  Consensus tree:                ./results/gene19.phy.contree
  Screen log file:               ./results/gene19.phy.log

Date and Time: Tue Aug 22 17:07:46 2017
