IQ-TREE multicore version 1.5.4 for Linux 64-bit built Apr  2 2017
Copyright (c) 2011-2017 by Bui Quang Minh, Nguyen Lam Tung,
Olga Chernomor, Heiko Schmidt, and Arndt von Haeseler.

Host:    hpc-crick (AVX, 251 GB RAM)
Command: iqtree -s ./results/gene12.phy -nt 1 -bb 1000
Seed:    895445 (Using SPRNG - Scalable Parallel Random Number Generator)
Time:    Tue Aug 22 18:10:22 2017
Kernel:  AVX - 1 threads (40 CPU cores detected)

Reading alignment file ./results/gene12.phy ... Phylip format detected
Alignment most likely contains DNA/RNA sequences
Alignment has 10 sequences with 1000 columns and 486 patterns (346 informative sites, 394 constant sites)
   Gap/Ambiguity  Composition  p-value
   1  A    0.00%    passed     92.13%
   2  B    0.00%    passed     68.72%
   3  C    0.00%    passed     94.78%
   4  D    0.00%    passed     61.67%
   5  E    0.00%    passed     92.69%
   6  F    0.00%    passed     63.90%
   7  G    0.00%    passed     78.25%
   8  H    0.00%    passed     94.87%
   9  I    0.00%    passed     98.29%
  10  J    0.00%    passed     65.37%
****  TOTAL    0.00%  0 sequences failed composition chi2 test (p-value<5%; df=3)

Create initial parsimony tree by phylogenetic likelihood library (PLL)... 0.000 seconds

NOTE: ModelFinder requires 3 MB RAM!
ModelFinder will test 286 DNA models (sample size: 1000) ...
 No. Model         -LnL         df  AIC          AICc         BIC
  1  JC            7498.830     17  15031.660    15032.283    15115.091
  2  JC+I          7249.380     18  14534.760    14535.457    14623.099
  3  JC+G4         7212.750     18  14461.500    14462.198    14549.840
  4  JC+I+G4       7210.267     19  14458.533    14459.309    14551.781
  5  JC+R2         7216.429     19  14470.858    14471.634    14564.106
  6  JC+R3         7208.792     21  14459.584    14460.529    14562.647
  7  JC+R4         7208.729     23  14463.458    14464.589    14576.337
  8  JC+R5         Skipped 
  9  JC+R6         Skipped 
 10  JC+R7         Skipped 
 11  JC+R8         Skipped 
 12  JC+R9         Skipped 
 13  JC+R10        Skipped 
 14  F81           7409.964     20  14859.928    14860.786    14958.083
 15  F81+I         7157.030     21  14356.061    14357.006    14459.124
 16  F81+G4        7111.413     21  14264.825    14265.770    14367.888
 17  F81+I+G4      7109.719     22  14263.438    14264.474    14371.409
 18  F81+R2        7119.715     22  14283.430    14284.466    14391.401
 19  F81+R3        7107.692     24  14263.384    14264.615    14381.170
 20  F81+R4        7107.655     26  14267.309    14268.752    14394.911
 21  F81+R5        Skipped 
 22  F81+R6        Skipped 
 23  F81+R7        Skipped 
 24  F81+R8        Skipped 
 25  F81+R9        Skipped 
 26  F81+R10       Skipped 
 27  K2P           7360.592     18  14757.184    14757.881    14845.523
 28  K2P+I         7101.495     19  14240.990    14241.765    14334.237
 29  K2P+G4        7053.142     19  14144.284    14145.059    14237.531
 30  K2P+I+G4      7051.439     20  14142.878    14143.736    14241.033
 31  K2P+R2        7061.054     20  14162.107    14162.965    14260.262
 32  K2P+R3        7050.140     22  14144.281    14145.317    14252.251
 33  K2P+R4        7050.119     24  14148.238    14149.469    14266.024
 34  K2P+R5        Skipped 
 35  K2P+R6        Skipped 
 36  K2P+R7        Skipped 
 37  K2P+R8        Skipped 
 38  K2P+R9        Skipped 
 39  K2P+R10       Skipped 
 40  HKY           7266.498     21  14574.996    14575.941    14678.059
 41  HKY+I         7004.638     22  14053.276    14054.311    14161.246
 42  HKY+G4        6940.869     22  13925.738    13926.774    14033.709
 43  HKY+I+G4      6939.717     23  13925.433    13926.564    14038.312
 44  HKY+R2        6953.183     23  13952.366    13953.497    14065.244
 45  HKY+R3        6938.756     25  13927.512    13928.846    14050.206
 46  HKY+R4        6938.727     27  13931.455    13933.010    14063.964
 47  HKY+R5        Skipped 
 48  HKY+R6        Skipped 
 49  HKY+R7        Skipped 
 50  HKY+R8        Skipped 
 51  HKY+R9        Skipped 
 52  HKY+R10       Skipped 
 53  TNe           7358.721     19  14755.441    14756.217    14848.689
 54  TNe+I         7099.592     20  14239.185    14240.043    14337.340
 55  TNe+G4        7049.245     20  14138.491    14139.349    14236.646
 56  TNe+I+G4      7047.416     21  14136.833    14137.778    14239.896
 57  TNe+R2        7057.089     21  14156.178    14157.123    14259.241
 58  TNe+R3        7046.815     23  14139.630    14140.761    14252.509
 59  TNe+R4        7046.801     25  14143.601    14144.936    14266.295
 60  TNe+R5        Skipped 
 61  TNe+R6        Skipped 
 62  TNe+R7        Skipped 
 63  TNe+R8        Skipped 
 64  TNe+R9        Skipped 
 65  TNe+R10       Skipped 
 66  TN            7265.362     22  14574.725    14575.761    14682.695
 67  TN+I          7003.759     23  14053.519    14054.650    14166.397
 68  TN+G4         6940.824     23  13927.649    13928.780    14040.527
 69  TN+I+G4       6939.625     24  13927.251    13928.482    14045.037
 70  TN+R2         6953.318     24  13954.637    13955.868    14072.423
 71  TN+R3         6938.435     26  13928.870    13930.313    14056.472
 72  TN+R4         6938.390     28  13932.780    13934.453    14070.198
 73  TN+R5         Skipped 
 74  TN+R6         Skipped 
 75  TN+R7         Skipped 
 76  TN+R8         Skipped 
 77  TN+R9         Skipped 
 78  TN+R10        Skipped 
 79  K3P           7353.188     19  14744.376    14745.152    14837.623
 80  K3P+I         7093.761     20  14227.521    14228.379    14325.676
 81  K3P+G4        7043.717     20  14127.435    14128.293    14225.590
 82  K3P+I+G4      7042.129     21  14126.258    14127.203    14229.321
 83  K3P+R2        7052.301     21  14146.602    14147.547    14249.665
 84  K3P+R3        7040.771     23  14127.542    14128.673    14240.421
 85  K3P+R4        7040.758     25  14131.515    14132.850    14254.209
 86  K3P+R5        Skipped 
 87  K3P+R6        Skipped 
 88  K3P+R7        Skipped 
 89  K3P+R8        Skipped 
 90  K3P+R9        Skipped 
 91  K3P+R10       Skipped 
 92  K3Pu          7250.278     22  14544.556    14545.592    14652.527
 93  K3Pu+I        6990.141     23  14026.282    14027.413    14139.160
 94  K3Pu+G4       6922.356     23  13890.712    13891.843    14003.591
 95  K3Pu+I+G4     6921.080     24  13890.160    13891.391    14007.946
 96  K3Pu+R2       6936.056     24  13920.111    13921.342    14037.897
 97  K3Pu+R3       6920.730     26  13893.459    13894.902    14021.061
 98  K3Pu+R4       6920.710     28  13897.420    13899.093    14034.837
 99  K3Pu+R5       Skipped 
100  K3Pu+R6       Skipped 
101  K3Pu+R7       Skipped 
102  K3Pu+R8       Skipped 
103  K3Pu+R9       Skipped 
104  K3Pu+R10      Skipped 
105  TPM2          7255.329     22  14554.659    14555.695    14662.630
106  TPM2+I        6993.421     23  14032.841    14033.972    14145.720
107  TPM2+G4       6936.100     23  13918.200    13919.331    14031.078
108  TPM2+I+G4     6934.883     24  13917.765    13918.996    14035.552
109  TPM2+R2       6946.570     24  13941.141    13942.371    14058.927
110  TPM2+R3       6933.758     26  13919.515    13920.958    14047.117
111  TPM2+R4       6933.748     28  13923.496    13925.168    14060.913
112  TPM2+R5       Skipped 
113  TPM2+R6       Skipped 
114  TPM2+R7       Skipped 
115  TPM2+R8       Skipped 
116  TPM2+R9       Skipped 
117  TPM2+R10      Skipped 
118  TPM2u         7255.341     22  14554.681    14555.717    14662.652
119  TPM2u+I       6993.424     23  14032.847    14033.978    14145.725
120  TPM2u+G4      6936.119     23  13918.239    13919.370    14031.117
121  TPM2u+I+G4    6934.894     24  13917.788    13919.019    14035.574
122  TPM2u+R2      6946.566     24  13941.132    13942.363    14058.918
123  TPM2u+R3      6933.771     26  13919.541    13920.984    14047.143
124  TPM2u+R4      6933.761     28  13923.522    13925.195    14060.939
125  TPM2u+R5      Skipped 
126  TPM2u+R6      Skipped 
127  TPM2u+R7      Skipped 
128  TPM2u+R8      Skipped 
129  TPM2u+R9      Skipped 
130  TPM2u+R10     Skipped 
131  TPM3          7246.116     22  14536.232    14537.268    14644.203
132  TPM3+I        6990.968     23  14027.936    14029.067    14140.814
133  TPM3+G4       6925.702     23  13897.405    13898.536    14010.283
134  TPM3+I+G4     6923.968     24  13895.936    13897.167    14013.722
135  TPM3+R2       6938.619     24  13925.238    13926.469    14043.024
136  TPM3+R3       6923.925     26  13899.851    13901.294    14027.453
137  TPM3+R4       6923.621     28  13903.242    13904.915    14040.659
138  TPM3+R5       Skipped 
139  TPM3+R6       Skipped 
140  TPM3+R7       Skipped 
141  TPM3+R8       Skipped 
142  TPM3+R9       Skipped 
143  TPM3+R10      Skipped 
144  TPM3u         7246.132     22  14536.264    14537.299    14644.234
145  TPM3u+I       6991.187     23  14028.374    14029.505    14141.252
146  TPM3u+G4      6925.765     23  13897.530    13898.662    14010.409
147  TPM3u+I+G4    6923.963     24  13895.925    13897.156    14013.712
148  TPM3u+R2      6938.616     24  13925.232    13926.463    14043.018
149  TPM3u+R3      6923.926     26  13899.852    13901.295    14027.454
150  TPM3u+R4      6923.591     28  13903.182    13904.854    14040.599
151  TPM3u+R5      Skipped 
152  TPM3u+R6      Skipped 
153  TPM3u+R7      Skipped 
154  TPM3u+R8      Skipped 
155  TPM3u+R9      Skipped 
156  TPM3u+R10     Skipped 
157  TIMe          7351.383     20  14742.766    14743.624    14840.921
158  TIMe+I        7091.954     21  14225.909    14226.854    14328.972
159  TIMe+G4       7040.077     21  14122.154    14123.099    14225.217
160  TIMe+I+G4     7038.321     22  14120.642    14121.678    14228.612
161  TIMe+R2       7048.549     22  14141.099    14142.135    14249.070
162  TIMe+R3       7037.654     24  14123.308    14124.538    14241.094
163  TIMe+R4       7037.753     26  14127.507    14128.950    14255.108
164  TIMe+R5       Skipped 
165  TIMe+R6       Skipped 
166  TIMe+R7       Skipped 
167  TIMe+R8       Skipped 
168  TIMe+R9       Skipped 
169  TIMe+R10      Skipped 
170  TIM           7248.991     23  14543.981    14545.112    14656.859
171  TIM+I         6989.247     24  14026.495    14027.725    14144.281
172  TIM+G4        6922.342     24  13892.684    13893.915    14010.470
173  TIM+I+G4      6921.032     25  13892.063    13893.398    14014.757
174  TIM+R2        6936.049     25  13922.098    13923.433    14044.792
175  TIM+R3        6920.441     27  13894.883    13896.438    14027.392
176  TIM+R4        6920.381     29  13898.762    13900.555    14041.086
177  TIM+R5        Skipped 
178  TIM+R6        Skipped 
179  TIM+R7        Skipped 
180  TIM+R8        Skipped 
181  TIM+R9        Skipped 
182  TIM+R10       Skipped 
183  TIM2e         7330.962     20  14701.924    14702.782    14800.079
184  TIM2e+I       7070.537     21  14183.074    14184.019    14286.137
185  TIM2e+G4      7015.597     21  14073.194    14074.138    14176.256
186  TIM2e+I+G4    7013.522     22  14071.044    14072.080    14179.014
187  TIM2e+R2      7023.825     22  14091.651    14092.686    14199.621
188  TIM2e+R3      7014.222     24  14076.444    14077.675    14194.230
189  TIM2e+R4      7013.339     26  14078.678    14080.121    14206.280
190  TIM2e+R5      Skipped 
191  TIM2e+R6      Skipped 
192  TIM2e+R7      Skipped 
193  TIM2e+R8      Skipped 
194  TIM2e+R9      Skipped 
195  TIM2e+R10     Skipped 
196  TIM2          7254.111     23  14554.222    14555.353    14667.100
197  TIM2+I        6992.522     24  14033.045    14034.276    14150.831
198  TIM2+G4       6935.817     24  13919.635    13920.865    14037.421
199  TIM2+I+G4     6934.644     25  13919.287    13920.622    14041.981
200  TIM2+R2       6946.599     25  13943.198    13944.532    14065.892
201  TIM2+R3       6933.160     27  13920.321    13921.877    14052.830
202  TIM2+R4       6933.283     29  13924.565    13926.359    14066.890
203  TIM2+R5       Skipped 
204  TIM2+R6       Skipped 
205  TIM2+R7       Skipped 
206  TIM2+R8       Skipped 
207  TIM2+R9       Skipped 
208  TIM2+R10      Skipped 
209  TIM3e         7354.624     20  14749.249    14750.107    14847.404
210  TIM3e+I       7097.140     21  14236.279    14237.224    14339.342
211  TIM3e+G4      7047.338     21  14136.675    14137.620    14239.738
212  TIM3e+I+G4    7045.463     22  14134.927    14135.962    14242.897
213  TIM3e+R2      7054.991     22  14153.982    14155.017    14261.952
214  TIM3e+R3      7044.919     24  14137.839    14139.069    14255.625
215  TIM3e+R4      7045.013     26  14142.027    14143.470    14269.628
216  TIM3e+R5      Skipped 
217  TIM3e+R6      Skipped 
218  TIM3e+R7      Skipped 
219  TIM3e+R8      Skipped 
220  TIM3e+R9      Skipped 
221  TIM3e+R10     Skipped 
222  TIM3          7244.270     23  14534.539    14535.670    14647.418
223  TIM3+I        6990.142     24  14028.285    14029.515    14146.071
224  TIM3+G4       6925.159     24  13898.319    13899.550    14016.105
225  TIM3+I+G4     6923.426     25  13896.852    13898.187    14019.546
226  TIM3+R2       6938.442     25  13926.884    13928.219    14049.578
227  TIM3+R3       6923.043     27  13900.086    13901.642    14032.596
228  TIM3+R4       6922.838     29  13903.675    13905.469    14046.000
229  TIM3+R5       Skipped 
230  TIM3+R6       Skipped 
231  TIM3+R7       Skipped 
232  TIM3+R8       Skipped 
233  TIM3+R9       Skipped 
234  TIM3+R10      Skipped 
235  TVMe          7322.046     21  14686.093    14687.038    14789.156
236  TVMe+I        7062.436     22  14168.872    14169.908    14276.843
237  TVMe+G4       7009.587     22  14063.173    14064.209    14171.144
238  TVMe+I+G4     7007.685     23  14061.371    14062.502    14174.249
239  TVMe+R2       7017.891     23  14081.782    14082.913    14194.660
240  TVMe+R3       7007.336     25  14064.672    14066.007    14187.366
241  TVMe+R4       7007.327     27  14068.655    14070.211    14201.164
242  TVMe+R5       Skipped 
243  TVMe+R6       Skipped 
244  TVMe+R7       Skipped 
245  TVMe+R8       Skipped 
246  TVMe+R9       Skipped 
247  TVMe+R10      Skipped 
248  TVM           7225.966     24  14499.931    14501.162    14617.717
249  TVM+I         6971.071     25  13992.141    13993.476    14114.835
250  TVM+G4        6909.896     25  13869.791    13871.126    13992.485
251  TVM+I+G4      6908.238     26  13868.476    13869.919    13996.077
252  TVM+R2        6921.339     26  13894.677    13896.120    14022.279
253  TVM+R3        6908.082     28  13872.163    13873.836    14009.580
254  TVM+R4        6907.949     30  13875.898    13877.818    14023.131
255  TVM+R5        Skipped 
256  TVM+R6        Skipped 
257  TVM+R7        Skipped 
258  TVM+R8        Skipped 
259  TVM+R9        Skipped 
260  TVM+R10       Skipped 
261  SYM           7320.159     22  14684.317    14685.353    14792.288
262  SYM+I         7060.572     23  14167.145    14168.276    14280.023
263  SYM+G4        7004.415     23  14054.830    14055.961    14167.709
264  SYM+I+G4      7002.429     24  14052.858    14054.089    14170.645
265  SYM+R2        7013.208     24  14074.416    14075.646    14192.202
266  SYM+R3        7003.094     26  14058.188    14059.631    14185.790
267  SYM+R4        7002.241     28  14060.482    14062.154    14197.899
268  SYM+R5        Skipped 
269  SYM+R6        Skipped 
270  SYM+R7        Skipped 
271  SYM+R8        Skipped 
272  SYM+R9        Skipped 
273  SYM+R10       Skipped 
274  GTR           7223.895     25  14497.790    14499.125    14620.484
275  GTR+I         6969.852     26  13991.704    13993.147    14119.306
276  GTR+G4        6908.864     26  13869.728    13871.171    13997.330
277  GTR+I+G4      6907.208     27  13868.416    13869.971    14000.925
278  GTR+R2        6920.875     27  13895.749    13897.305    14028.259
279  GTR+R3        6906.680     29  13871.360    13873.154    14013.685
280  GTR+R4        6906.574     31  13875.148    13877.197    14027.288
281  GTR+R5        Skipped 
282  GTR+R6        Skipped 
283  GTR+R7        Skipped 
284  GTR+R8        Skipped 
285  GTR+R9        Skipped 
286  GTR+R10       Skipped 
Akaike Information Criterion:           GTR+I+G4
Corrected Akaike Information Criterion: TVM+I+G4
Bayesian Information Criterion:         TVM+G4
Best-fit model: TVM+G4 chosen according to BIC

All model information printed to ./results/gene12.phy.model
CPU time for ModelFinder: 8.585 seconds (0h:0m:8s)
Wall-clock time for ModelFinder: 9.830 seconds (0h:0m:9s)
Generating 1000 samples for ultrafast bootstrap (seed: 895445)...

NOTE: 2 MB RAM (0 GB) is required!
Estimate model parameters (epsilon = 0.100)
1. Initial log-likelihood: -7151.048
2. Current log-likelihood: -7023.319
3. Current log-likelihood: -6956.990
4. Current log-likelihood: -6953.449
5. Current log-likelihood: -6953.240
Optimal log-likelihood: -6953.214
Rate parameters:  A-C: 55.625  A-G: 99.864  A-T: 22.766  C-G: 25.090  C-T: 99.864  G-T: 1.000
Base frequencies:   A: 0.376  C: 0.162  G: 0.210  T: 0.252
Gamma shape alpha: 0.506
Parameters optimization took 5 rounds (0.079 sec)
Computing ML distances based on estimated model parameters... 0.002 sec
Computing BIONJ tree...
0.000 seconds
Log-likelihood of BIONJ tree: -6950.930
--------------------------------------------------------------------
|             INITIALIZING CANDIDATE TREE SET                      |
--------------------------------------------------------------------
Generating 98 parsimony trees... 0.063 second
Computing log-likelihood of 97 initial trees ... 0.374 seconds
Current best score: -6950.930

Do NNI search on 20 best initial trees
Estimate model parameters (epsilon = 0.100)
BETTER TREE FOUND at iteration 1: -6948.710
Iteration 10 / LogL: -6949.112 / Time: 0h:0m:10s
Iteration 20 / LogL: -6950.196 / Time: 0h:0m:11s
Finish initializing candidate tree set (8)
Current best tree score: -6948.710 / CPU time: 1.507
Number of iterations: 20
--------------------------------------------------------------------
|               OPTIMIZING CANDIDATE TREE SET                      |
--------------------------------------------------------------------
UPDATE BEST LOG-LIKELIHOOD: -6948.710
Iteration 30 / LogL: -6948.711 / Time: 0h:0m:11s (0h:0m:4s left)
Estimate model parameters (epsilon = 0.100)
UPDATE BEST LOG-LIKELIHOOD: -6948.661
Iteration 40 / LogL: -6948.707 / Time: 0h:0m:12s (0h:0m:3s left)
Iteration 50 / LogL: -6949.112 / Time: 0h:0m:12s (0h:0m:2s left)
Log-likelihood cutoff on original alignment: -6956.512
Iteration 60 / LogL: -6949.063 / Time: 0h:0m:12s (0h:0m:1s left)
Iteration 70 / LogL: -6948.709 / Time: 0h:0m:12s (0h:0m:1s left)
Iteration 80 / LogL: -6949.676 / Time: 0h:0m:13s (0h:0m:0s left)
Iteration 90 / LogL: -6949.065 / Time: 0h:0m:13s (0h:0m:0s left)
Iteration 100 / LogL: -6949.447 / Time: 0h:0m:13s (0h:0m:0s left)
Log-likelihood cutoff on original alignment: -6956.512
NOTE: Bootstrap correlation coefficient of split occurrence frequencies: 0.979
NOTE: UFBoot does not converge, continue at least 100 more iterations
Iteration 110 / LogL: -6948.707 / Time: 0h:0m:13s (0h:0m:3s left)
Iteration 120 / LogL: -6949.045 / Time: 0h:0m:14s (0h:0m:2s left)
Iteration 130 / LogL: -6948.710 / Time: 0h:0m:14s (0h:0m:2s left)
UPDATE BEST LOG-LIKELIHOOD: -6948.661
Iteration 140 / LogL: -6948.707 / Time: 0h:0m:14s (0h:0m:2s left)
Iteration 150 / LogL: -6949.447 / Time: 0h:0m:15s (0h:0m:1s left)
Log-likelihood cutoff on original alignment: -6956.874
Iteration 160 / LogL: -6948.665 / Time: 0h:0m:15s (0h:0m:1s left)
Iteration 170 / LogL: -6949.155 / Time: 0h:0m:16s (0h:0m:1s left)
UPDATE BEST LOG-LIKELIHOOD: -6948.661
Iteration 180 / LogL: -6948.707 / Time: 0h:0m:16s (0h:0m:0s left)
UPDATE BEST LOG-LIKELIHOOD: -6948.661
Iteration 190 / LogL: -6948.707 / Time: 0h:0m:16s (0h:0m:0s left)
Iteration 200 / LogL: -6948.707 / Time: 0h:0m:16s (0h:0m:0s left)
Log-likelihood cutoff on original alignment: -6956.874
NOTE: Bootstrap correlation coefficient of split occurrence frequencies: 0.995
TREE SEARCH COMPLETED AFTER 200 ITERATIONS / Time: 0h:0m:16s

--------------------------------------------------------------------
|                    FINALIZING TREE SEARCH                        |
--------------------------------------------------------------------
Performs final model parameters optimization
Estimate model parameters (epsilon = 0.010)
1. Initial log-likelihood: -6948.661
Optimal log-likelihood: -6948.658
Rate parameters:  A-C: 55.568  A-G: 99.724  A-T: 22.704  C-G: 25.060  C-T: 99.724  G-T: 1.000
Base frequencies:   A: 0.376  C: 0.162  G: 0.210  T: 0.252
Gamma shape alpha: 0.510
Parameters optimization took 1 rounds (0.005 sec)
BEST SCORE FOUND : -6948.658
Creating bootstrap support values...
Split supports printed to NEXUS file ./results/gene12.phy.splits.nex
Total tree length: 2.763

Total number of iterations: 200
CPU time used for tree search: 6.943 sec (0h:0m:6s)
Wall-clock time used for tree search: 6.968 sec (0h:0m:6s)
Total CPU time used: 15.653 sec (0h:0m:15s)
Total wall-clock time used: 16.924 sec (0h:0m:16s)

Computing bootstrap consensus tree...
Reading input file ./results/gene12.phy.splits.nex...
10 taxa and 170 splits.
Consensus tree written to ./results/gene12.phy.contree
Reading input trees file ./results/gene12.phy.contree
Log-likelihood of consensus tree: -6948.705

Analysis results written to: 
  IQ-TREE report:                ./results/gene12.phy.iqtree
  Maximum-likelihood tree:       ./results/gene12.phy.treefile
  Likelihood distances:          ./results/gene12.phy.mldist

Ultrafast bootstrap approximation results written to:
  Split support values:          ./results/gene12.phy.splits.nex
  Consensus tree:                ./results/gene12.phy.contree
  Screen log file:               ./results/gene12.phy.log

Date and Time: Tue Aug 22 18:10:40 2017
