IQ-TREE multicore version 1.5.4 for Linux 64-bit built Apr  2 2017
Copyright (c) 2011-2017 by Bui Quang Minh, Nguyen Lam Tung,
Olga Chernomor, Heiko Schmidt, and Arndt von Haeseler.

Host:    hpc-crick (AVX, 251 GB RAM)
Command: iqtree -s ./results/gene1.phy -nt 1 -bb 1000
Seed:    847356 (Using SPRNG - Scalable Parallel Random Number Generator)
Time:    Tue Aug 22 18:32:08 2017
Kernel:  AVX - 1 threads (40 CPU cores detected)

Reading alignment file ./results/gene1.phy ... Phylip format detected
Alignment most likely contains DNA/RNA sequences
Alignment has 10 sequences with 1000 columns and 518 patterns (389 informative sites, 367 constant sites)
   Gap/Ambiguity  Composition  p-value
   1  A    0.00%    passed     97.71%
   2  B    0.00%    passed     92.18%
   3  C    0.00%    passed     67.08%
   4  D    0.00%    passed     94.46%
   5  E    0.00%    passed     78.71%
   6  F    0.00%    passed     68.84%
   7  G    0.00%    passed     24.35%
   8  H    0.00%    passed     79.50%
   9  I    0.00%    passed     78.23%
  10  J    0.00%    passed     97.51%
****  TOTAL    0.00%  0 sequences failed composition chi2 test (p-value<5%; df=3)

Create initial parsimony tree by phylogenetic likelihood library (PLL)... 0.001 seconds

NOTE: ModelFinder requires 3 MB RAM!
ModelFinder will test 286 DNA models (sample size: 1000) ...
 No. Model         -LnL         df  AIC          AICc         BIC
  1  JC            8005.006     17  16044.013    16044.636    16127.445
  2  JC+I          7729.937     18  15495.873    15496.570    15584.213
  3  JC+G4         7667.298     18  15370.595    15371.293    15458.935
  4  JC+I+G4       7666.675     19  15371.351    15372.126    15464.598
  5  JC+R2         7672.485     19  15382.969    15383.745    15476.216
  6  JC+R3         7665.556     21  15373.111    15374.056    15476.174
  7  JC+R4         7665.365     23  15376.730    15377.861    15489.608
  8  JC+R5         Skipped 
  9  JC+R6         Skipped 
 10  JC+R7         Skipped 
 11  JC+R8         Skipped 
 12  JC+R9         Skipped 
 13  JC+R10        Skipped 
 14  F81           7892.791     20  15825.581    15826.439    15923.736
 15  F81+I         7609.546     21  15261.093    15262.037    15364.155
 16  F81+G4        7542.080     21  15126.161    15127.105    15229.223
 17  F81+I+G4      7541.591     22  15127.183    15128.219    15235.153
 18  F81+R2        7548.216     22  15140.432    15141.467    15248.402
 19  F81+R3        7540.164     24  15128.327    15129.558    15246.114
 20  F81+R4        7540.028     26  15132.056    15133.499    15259.658
 21  F81+R5        Skipped 
 22  F81+R6        Skipped 
 23  F81+R7        Skipped 
 24  F81+R8        Skipped 
 25  F81+R9        Skipped 
 26  F81+R10       Skipped 
 27  K2P           7824.125     18  15684.250    15684.947    15772.589
 28  K2P+I         7531.980     19  15101.961    15102.736    15195.208
 29  K2P+G4        7449.522     19  14937.043    14937.819    15030.291
 30  K2P+I+G4      7449.573     20  14939.146    14940.005    15037.302
 31  K2P+R2        7459.196     20  14958.393    14959.251    15056.548
 32  K2P+R3        7448.811     22  14941.622    14942.658    15049.592
 33  K2P+R4        7448.736     24  14945.471    14946.702    15063.257
 34  K2P+R5        Skipped 
 35  K2P+R6        Skipped 
 36  K2P+R7        Skipped 
 37  K2P+R8        Skipped 
 38  K2P+R9        Skipped 
 39  K2P+R10       Skipped 
 40  HKY           7705.362     21  15452.724    15453.669    15555.787
 41  HKY+I         7416.216     22  14876.432    14877.468    14984.403
 42  HKY+G4        7321.598     22  14687.196    14688.231    14795.166
 43  HKY+I+G4      7321.969     23  14689.938    14691.069    14802.816
 44  HKY+R2        7331.471     23  14708.942    14710.073    14821.820
 45  HKY+R3        7321.075     25  14692.150    14693.484    14814.843
 46  HKY+R4        7321.064     27  14696.129    14697.684    14828.638
 47  HKY+R5        Skipped 
 48  HKY+R6        Skipped 
 49  HKY+R7        Skipped 
 50  HKY+R8        Skipped 
 51  HKY+R9        Skipped 
 52  HKY+R10       Skipped 
 53  TNe           7821.473     19  15680.946    15681.722    15774.193
 54  TNe+I         7531.610     20  15103.220    15104.078    15201.375
 55  TNe+G4        7445.394     20  14930.788    14931.646    15028.944
 56  TNe+I+G4      7445.469     21  14932.939    14933.883    15036.001
 57  TNe+R2        7455.891     21  14953.782    14954.727    15056.845
 58  TNe+R3        7445.173     23  14936.345    14937.476    15049.224
 59  TNe+R4        7445.168     25  14940.335    14941.670    15063.029
 60  TNe+R5        Skipped 
 61  TNe+R6        Skipped 
 62  TNe+R7        Skipped 
 63  TNe+R8        Skipped 
 64  TNe+R9        Skipped 
 65  TNe+R10       Skipped 
 66  TN            7705.018     22  15454.036    15455.071    15562.006
 67  TN+I          7413.108     23  14872.216    14873.347    14985.094
 68  TN+G4         7321.395     23  14688.790    14689.922    14801.669
 69  TN+I+G4       7321.682     24  14691.363    14692.594    14809.149
 70  TN+R2         7331.008     24  14710.016    14711.247    14827.802
 71  TN+R3         7320.643     26  14693.286    14694.729    14820.887
 72  TN+R4         7320.702     28  14697.405    14699.077    14834.822
 73  TN+R5         Skipped 
 74  TN+R6         Skipped 
 75  TN+R7         Skipped 
 76  TN+R8         Skipped 
 77  TN+R9         Skipped 
 78  TN+R10        Skipped 
 79  K3P           7821.723     19  15681.447    15682.222    15774.694
 80  K3P+I         7529.353     20  15098.707    15099.565    15196.862
 81  K3P+G4        7446.014     20  14932.028    14932.886    15030.183
 82  K3P+I+G4      7445.912     21  14933.825    14934.769    15036.888
 83  K3P+R2        7455.611     21  14953.223    14954.168    15056.286
 84  K3P+R3        7445.258     23  14936.516    14937.647    15049.394
 85  K3P+R4        7445.310     25  14940.620    14941.954    15063.313
 86  K3P+R5        Skipped 
 87  K3P+R6        Skipped 
 88  K3P+R7        Skipped 
 89  K3P+R8        Skipped 
 90  K3P+R9        Skipped 
 91  K3P+R10       Skipped 
 92  K3Pu          7697.003     22  15438.005    15439.041    15545.976
 93  K3Pu+I        7410.513     23  14867.026    14868.157    14979.904
 94  K3Pu+G4       7312.725     23  14671.450    14672.581    14784.329
 95  K3Pu+I+G4     7313.288     24  14674.575    14675.806    14792.361
 96  K3Pu+R2       7321.346     24  14690.692    14691.922    14808.478
 97  K3Pu+R3       7311.692     26  14675.383    14676.826    14802.985
 98  K3Pu+R4       7311.732     28  14679.463    14681.136    14816.880
 99  K3Pu+R5       Skipped 
100  K3Pu+R6       Skipped 
101  K3Pu+R7       Skipped 
102  K3Pu+R8       Skipped 
103  K3Pu+R9       Skipped 
104  K3Pu+R10      Skipped 
105  TPM2          7704.114     22  15452.228    15453.264    15560.199
106  TPM2+I        7413.642     23  14873.284    14874.415    14986.162
107  TPM2+G4       7320.782     23  14687.564    14688.695    14800.443
108  TPM2+I+G4     7321.053     24  14690.106    14691.337    14807.892
109  TPM2+R2       7330.657     24  14709.314    14710.545    14827.100
110  TPM2+R3       7320.283     26  14692.566    14694.009    14820.167
111  TPM2+R4       7320.275     28  14696.550    14698.223    14833.967
112  TPM2+R5       Skipped 
113  TPM2+R6       Skipped 
114  TPM2+R7       Skipped 
115  TPM2+R8       Skipped 
116  TPM2+R9       Skipped 
117  TPM2+R10      Skipped 
118  TPM2u         7704.213     22  15452.426    15453.462    15560.397
119  TPM2u+I       7413.649     23  14873.298    14874.429    14986.177
120  TPM2u+G4      7320.781     23  14687.562    14688.693    14800.440
121  TPM2u+I+G4    7321.017     24  14690.034    14691.265    14807.820
122  TPM2u+R2      7330.648     24  14709.295    14710.526    14827.082
123  TPM2u+R3      7320.217     26  14692.434    14693.877    14820.036
124  TPM2u+R4      7320.170     28  14696.340    14698.012    14833.757
125  TPM2u+R5      Skipped 
126  TPM2u+R6      Skipped 
127  TPM2u+R7      Skipped 
128  TPM2u+R8      Skipped 
129  TPM2u+R9      Skipped 
130  TPM2u+R10     Skipped 
131  TPM3          7688.279     22  15420.558    15421.594    15528.529
132  TPM3+I        7410.590     23  14867.180    14868.311    14980.058
133  TPM3+G4       7309.282     23  14664.565    14665.696    14777.443
134  TPM3+I+G4     7309.799     24  14667.599    14668.830    14785.385
135  TPM3+R2       7316.309     24  14680.617    14681.848    14798.403
136  TPM3+R3       7307.029     26  14666.059    14667.502    14793.660
137  TPM3+R4       7307.082     28  14670.164    14671.837    14807.581
138  TPM3+R5       Skipped 
139  TPM3+R6       Skipped 
140  TPM3+R7       Skipped 
141  TPM3+R8       Skipped 
142  TPM3+R9       Skipped 
143  TPM3+R10      Skipped 
144  TPM3u         7688.226     22  15420.451    15421.487    15528.422
145  TPM3u+I       7410.572     23  14867.144    14868.275    14980.022
146  TPM3u+G4      7309.266     23  14664.533    14665.664    14777.411
147  TPM3u+I+G4    7309.759     24  14667.517    14668.748    14785.303
148  TPM3u+R2      7316.307     24  14680.614    14681.845    14798.400
149  TPM3u+R3      7307.033     26  14666.066    14667.509    14793.668
150  TPM3u+R4      7307.054     28  14670.108    14671.781    14807.525
151  TPM3u+R5      Skipped 
152  TPM3u+R6      Skipped 
153  TPM3u+R7      Skipped 
154  TPM3u+R8      Skipped 
155  TPM3u+R9      Skipped 
156  TPM3u+R10     Skipped 
157  TIMe          7819.099     20  15678.198    15679.056    15776.353
158  TIMe+I        7529.140     21  15100.280    15101.225    15203.343
159  TIMe+G4       7441.789     21  14925.579    14926.523    15028.642
160  TIMe+I+G4     7441.696     22  14927.391    14928.427    15035.362
161  TIMe+R2       7452.250     22  14948.500    14949.536    15056.471
162  TIMe+R3       7441.533     24  14931.066    14932.297    15048.853
163  TIMe+R4       7441.524     26  14935.048    14936.491    15062.650
164  TIMe+R5       Skipped 
165  TIMe+R6       Skipped 
166  TIMe+R7       Skipped 
167  TIMe+R8       Skipped 
168  TIMe+R9       Skipped 
169  TIMe+R10      Skipped 
170  TIM           7696.539     23  15439.078    15440.209    15551.957
171  TIM+I         7407.455     24  14862.909    14864.140    14980.695
172  TIM+G4        7312.894     24  14673.788    14675.018    14791.574
173  TIM+I+G4      7312.833     25  14675.665    14677.000    14798.359
174  TIM+R2        7320.894     25  14691.788    14693.123    14814.482
175  TIM+R3        7311.415     27  14676.831    14678.386    14809.340
176  TIM+R4        7311.479     29  14680.959    14682.752    14823.284
177  TIM+R5        Skipped 
178  TIM+R6        Skipped 
179  TIM+R7        Skipped 
180  TIM+R8        Skipped 
181  TIM+R9        Skipped 
182  TIM+R10       Skipped 
183  TIM2e         7807.322     20  15654.645    15655.503    15752.800
184  TIM2e+I       7515.969     21  15073.939    15074.884    15177.002
185  TIM2e+G4      7420.404     21  14882.807    14883.752    14985.870
186  TIM2e+I+G4    7420.221     22  14884.443    14885.479    14992.413
187  TIM2e+R2      7434.422     22  14912.844    14913.880    15020.814
188  TIM2e+R3      7420.264     24  14888.528    14889.759    15006.314
189  TIM2e+R4      7420.088     26  14892.176    14893.619    15019.778
190  TIM2e+R5      Skipped 
191  TIM2e+R6      Skipped 
192  TIM2e+R7      Skipped 
193  TIM2e+R8      Skipped 
194  TIM2e+R9      Skipped 
195  TIM2e+R10     Skipped 
196  TIM2          7703.727     23  15453.454    15454.585    15566.333
197  TIM2+I        7410.623     24  14869.245    14870.476    14987.031
198  TIM2+G4       7320.597     24  14689.194    14690.425    14806.980
199  TIM2+I+G4     7320.496     25  14690.992    14692.327    14813.686
200  TIM2+R2       7330.124     25  14710.247    14711.582    14832.941
201  TIM2+R3       7319.719     27  14693.439    14694.994    14825.948
202  TIM2+R4       7319.707     29  14697.414    14699.207    14839.739
203  TIM2+R5       Skipped 
204  TIM2+R6       Skipped 
205  TIM2+R7       Skipped 
206  TIM2+R8       Skipped 
207  TIM2+R9       Skipped 
208  TIM2+R10      Skipped 
209  TIM3e         7817.216     20  15674.432    15675.290    15772.587
210  TIM3e+I       7530.322     21  15102.645    15103.590    15205.708
211  TIM3e+G4      7442.028     21  14926.055    14927.000    15029.118
212  TIM3e+I+G4    7442.053     22  14928.106    14929.142    15036.077
213  TIM3e+R2      7452.254     22  14948.507    14949.543    15056.478
214  TIM3e+R3      7441.763     24  14931.526    14932.757    15049.312
215  TIM3e+R4      7441.755     26  14935.510    14936.953    15063.112
216  TIM3e+R5      Skipped 
217  TIM3e+R6      Skipped 
218  TIM3e+R7      Skipped 
219  TIM3e+R8      Skipped 
220  TIM3e+R9      Skipped 
221  TIM3e+R10     Skipped 
222  TIM3          7687.443     23  15420.886    15422.017    15533.764
223  TIM3+I        7407.586     24  14863.172    14864.402    14980.958
224  TIM3+G4       7309.046     24  14666.093    14667.323    14783.879
225  TIM3+I+G4     7309.573     25  14669.145    14670.480    14791.839
226  TIM3+R2       7315.239     25  14680.478    14681.812    14803.172
227  TIM3+R3       7306.686     27  14667.371    14668.927    14799.881
228  TIM3+R4       7306.591     29  14671.182    14672.976    14813.507
229  TIM3+R5       Skipped 
230  TIM3+R6       Skipped 
231  TIM3+R7       Skipped 
232  TIM3+R8       Skipped 
233  TIM3+R9       Skipped 
234  TIM3+R10      Skipped 
235  TVMe          7804.441     21  15650.883    15651.828    15753.946
236  TVMe+I        7512.514     22  15069.028    15070.064    15176.999
237  TVMe+G4       7419.396     22  14882.792    14883.828    14990.763
238  TVMe+I+G4     7419.337     23  14884.674    14885.805    14997.552
239  TVMe+R2       7432.184     23  14910.368    14911.499    15023.246
240  TVMe+R3       7419.039     25  14888.077    14889.412    15010.771
241  TVMe+R4       7419.075     27  14892.149    14893.705    15024.659
242  TVMe+R5       Skipped 
243  TVMe+R6       Skipped 
244  TVMe+R7       Skipped 
245  TVMe+R8       Skipped 
246  TVMe+R9       Skipped 
247  TVMe+R10      Skipped 
248  TVM           7684.573     24  15417.145    15418.376    15534.931
249  TVM+I         7404.984     25  14859.968    14861.303    14982.662
250  TVM+G4        7304.260     25  14658.521    14659.856    14781.215
251  TVM+I+G4      7304.807     26  14661.613    14663.056    14789.215
252  TVM+R2        7311.401     26  14674.801    14676.244    14802.403
253  TVM+R3        7302.130     28  14660.260    14661.932    14797.677
254  TVM+R4        7302.172     30  14664.345    14666.264    14811.577
255  TVM+R5        Skipped 
256  TVM+R6        Skipped 
257  TVM+R7        Skipped 
258  TVM+R8        Skipped 
259  TVM+R9        Skipped 
260  TVM+R10       Skipped 
261  SYM           7801.947     22  15647.893    15648.929    15755.864
262  SYM+I         7512.200     23  15070.401    15071.532    15183.279
263  SYM+G4        7413.659     23  14873.319    14874.450    14986.197
264  SYM+I+G4      7413.659     24  14875.319    14876.549    14993.105
265  SYM+R2        7427.866     24  14903.732    14904.962    15021.518
266  SYM+R3        7413.566     26  14879.133    14880.576    15006.734
267  SYM+R4        7413.485     28  14882.970    14884.642    15020.387
268  SYM+R5        Skipped 
269  SYM+R6        Skipped 
270  SYM+R7        Skipped 
271  SYM+R8        Skipped 
272  SYM+R9        Skipped 
273  SYM+R10       Skipped 
274  GTR           7683.706     25  15417.412    15418.747    15540.106
275  GTR+I         7402.153     26  14856.306    14857.749    14983.908
276  GTR+G4        7304.044     26  14660.088    14661.531    14787.690
277  GTR+I+G4      7304.379     27  14662.759    14664.315    14795.268
278  GTR+R2        7310.305     27  14674.610    14676.166    14807.120
279  GTR+R3        7301.425     29  14660.851    14662.644    14803.176
280  GTR+R4        7301.455     31  14664.910    14666.960    14817.050
281  GTR+R5        Skipped 
282  GTR+R6        Skipped 
283  GTR+R7        Skipped 
284  GTR+R8        Skipped 
285  GTR+R9        Skipped 
286  GTR+R10       Skipped 
Akaike Information Criterion:           TVM+G4
Corrected Akaike Information Criterion: TVM+G4
Bayesian Information Criterion:         TPM3u+G4
Best-fit model: TPM3u+G4 chosen according to BIC

All model information printed to ./results/gene1.phy.model
CPU time for ModelFinder: 13.218 seconds (0h:0m:13s)
Wall-clock time for ModelFinder: 17.416 seconds (0h:0m:17s)
Generating 1000 samples for ultrafast bootstrap (seed: 847356)...

NOTE: 2 MB RAM (0 GB) is required!
Estimate model parameters (epsilon = 0.100)
1. Initial log-likelihood: -7600.780
2. Current log-likelihood: -7362.400
3. Current log-likelihood: -7310.962
4. Current log-likelihood: -7310.198
5. Current log-likelihood: -7310.010
Optimal log-likelihood: -7309.955
Rate parameters:  A-C: 2.233  A-G: 6.317  A-T: 1.000  C-G: 2.233  C-T: 6.317  G-T: 1.000
Base frequencies:   A: 0.399  C: 0.163  G: 0.200  T: 0.238
Gamma shape alpha: 0.516
Parameters optimization took 5 rounds (0.065 sec)
Computing ML distances based on estimated model parameters... 0.002 sec
Computing BIONJ tree...
0.000 seconds
Log-likelihood of BIONJ tree: -7298.139
--------------------------------------------------------------------
|             INITIALIZING CANDIDATE TREE SET                      |
--------------------------------------------------------------------
Generating 98 parsimony trees... 0.082 second
Computing log-likelihood of 90 initial trees ... 0.375 seconds
Current best score: -7298.139

Do NNI search on 20 best initial trees
Estimate model parameters (epsilon = 0.100)
BETTER TREE FOUND at iteration 1: -7297.496
Iteration 10 / LogL: -7297.500 / Time: 0h:0m:18s
Iteration 20 / LogL: -7297.503 / Time: 0h:0m:18s
Finish initializing candidate tree set (2)
Current best tree score: -7297.496 / CPU time: 1.323
Number of iterations: 20
--------------------------------------------------------------------
|               OPTIMIZING CANDIDATE TREE SET                      |
--------------------------------------------------------------------
UPDATE BEST LOG-LIKELIHOOD: -7297.496
Iteration 30 / LogL: -7297.499 / Time: 0h:0m:19s (0h:0m:4s left)
Iteration 40 / LogL: -7297.499 / Time: 0h:0m:19s (0h:0m:3s left)
Iteration 50 / LogL: -7303.957 / Time: 0h:0m:20s (0h:0m:2s left)
Log-likelihood cutoff on original alignment: -7316.011
Iteration 60 / LogL: -7297.519 / Time: 0h:0m:20s (0h:0m:2s left)
Iteration 70 / LogL: -7297.513 / Time: 0h:0m:20s (0h:0m:1s left)
Iteration 80 / LogL: -7297.645 / Time: 0h:0m:21s (0h:0m:0s left)
Iteration 90 / LogL: -7302.736 / Time: 0h:0m:21s (0h:0m:0s left)
Iteration 100 / LogL: -7301.897 / Time: 0h:0m:21s (0h:0m:0s left)
Log-likelihood cutoff on original alignment: -7315.378
NOTE: Bootstrap correlation coefficient of split occurrence frequencies: 0.998
TREE SEARCH COMPLETED AFTER 102 ITERATIONS / Time: 0h:0m:22s

--------------------------------------------------------------------
|                    FINALIZING TREE SEARCH                        |
--------------------------------------------------------------------
Performs final model parameters optimization
Estimate model parameters (epsilon = 0.010)
1. Initial log-likelihood: -7297.496
Optimal log-likelihood: -7297.494
Rate parameters:  A-C: 2.244  A-G: 6.352  A-T: 1.000  C-G: 2.244  C-T: 6.352  G-T: 1.000
Base frequencies:   A: 0.399  C: 0.163  G: 0.200  T: 0.238
Gamma shape alpha: 0.511
Parameters optimization took 1 rounds (0.007 sec)
BEST SCORE FOUND : -7297.494
Creating bootstrap support values...
Split supports printed to NEXUS file ./results/gene1.phy.splits.nex
Total tree length: 3.103

Total number of iterations: 102
CPU time used for tree search: 4.436 sec (0h:0m:4s)
Wall-clock time used for tree search: 4.499 sec (0h:0m:4s)
Total CPU time used: 17.772 sec (0h:0m:17s)
Total wall-clock time used: 22.042 sec (0h:0m:22s)

Computing bootstrap consensus tree...
Reading input file ./results/gene1.phy.splits.nex...
10 taxa and 91 splits.
Consensus tree written to ./results/gene1.phy.contree
Reading input trees file ./results/gene1.phy.contree
Log-likelihood of consensus tree: -7297.494

Analysis results written to: 
  IQ-TREE report:                ./results/gene1.phy.iqtree
  Maximum-likelihood tree:       ./results/gene1.phy.treefile
  Likelihood distances:          ./results/gene1.phy.mldist

Ultrafast bootstrap approximation results written to:
  Split support values:          ./results/gene1.phy.splits.nex
  Consensus tree:                ./results/gene1.phy.contree
  Screen log file:               ./results/gene1.phy.log

Date and Time: Tue Aug 22 18:32:31 2017
