IQ-TREE multicore version 1.5.4 for Linux 64-bit built Apr  2 2017
Copyright (c) 2011-2017 by Bui Quang Minh, Nguyen Lam Tung,
Olga Chernomor, Heiko Schmidt, and Arndt von Haeseler.

Host:    hpc-crick (AVX, 251 GB RAM)
Command: iqtree -s ./results/gene18.phy -nt 1 -bb 1000
Seed:    723432 (Using SPRNG - Scalable Parallel Random Number Generator)
Time:    Tue Aug 22 18:22:18 2017
Kernel:  AVX - 1 threads (40 CPU cores detected)

Reading alignment file ./results/gene18.phy ... Phylip format detected
Alignment most likely contains DNA/RNA sequences
Alignment has 10 sequences with 1000 columns and 489 patterns (344 informative sites, 398 constant sites)
   Gap/Ambiguity  Composition  p-value
   1  A    0.00%    passed     59.79%
   2  B    0.00%    passed     98.99%
   3  C    0.00%    passed     59.51%
   4  D    0.00%    passed     71.26%
   5  E    0.00%    passed     80.94%
   6  F    0.00%    passed     92.41%
   7  G    0.00%    passed     98.71%
   8  H    0.00%    passed     85.68%
   9  I    0.00%    passed     87.64%
  10  J    0.00%    passed     99.96%
****  TOTAL    0.00%  0 sequences failed composition chi2 test (p-value<5%; df=3)

Create initial parsimony tree by phylogenetic likelihood library (PLL)... 0.000 seconds

NOTE: ModelFinder requires 3 MB RAM!
ModelFinder will test 286 DNA models (sample size: 1000) ...
 No. Model         -LnL         df  AIC          AICc         BIC
  1  JC            7499.479     17  15032.958    15033.581    15116.390
  2  JC+I          7241.385     18  14518.771    14519.468    14607.110
  3  JC+G4         7202.258     18  14440.516    14441.213    14528.856
  4  JC+I+G4       7199.784     19  14437.569    14438.344    14530.816
  5  JC+R2         7203.359     19  14444.717    14445.493    14537.965
  6  JC+R3         7199.547     21  14441.094    14442.039    14544.157
  7  JC+R4         Skipped 
  8  JC+R5         Skipped 
  9  JC+R6         Skipped 
 10  JC+R7         Skipped 
 11  JC+R8         Skipped 
 12  JC+R9         Skipped 
 13  JC+R10        Skipped 
 14  F81           7404.210     20  14848.420    14849.278    14946.575
 15  F81+I         7144.063     21  14330.126    14331.071    14433.189
 16  F81+G4        7096.690     21  14235.380    14236.325    14338.443
 17  F81+I+G4      7094.735     22  14233.470    14234.506    14341.440
 18  F81+R2        7101.660     22  14247.320    14248.355    14355.290
 19  F81+R3        7094.708     24  14237.415    14238.646    14355.201
 20  F81+R4        7094.681     26  14241.362    14242.805    14368.964
 21  F81+R5        Skipped 
 22  F81+R6        Skipped 
 23  F81+R7        Skipped 
 24  F81+R8        Skipped 
 25  F81+R9        Skipped 
 26  F81+R10       Skipped 
 27  K2P           7344.654     18  14725.308    14726.005    14813.648
 28  K2P+I         7075.524     19  14189.048    14189.824    14282.295
 29  K2P+G4        7024.281     19  14086.562    14087.338    14179.809
 30  K2P+I+G4      7022.269     20  14084.538    14085.396    14182.694
 31  K2P+R2        7030.184     20  14100.367    14101.225    14198.523
 32  K2P+R3        7022.346     22  14088.692    14089.728    14196.663
 33  K2P+R4        7022.209     24  14092.419    14093.649    14210.205
 34  K2P+R5        Skipped 
 35  K2P+R6        Skipped 
 36  K2P+R7        Skipped 
 37  K2P+R8        Skipped 
 38  K2P+R9        Skipped 
 39  K2P+R10       Skipped 
 40  HKY           7243.777     21  14529.555    14530.499    14632.618
 41  HKY+I         6973.235     22  13990.470    13991.506    14098.440
 42  HKY+G4        6907.591     22  13859.182    13860.218    13967.152
 43  HKY+I+G4      6906.382     23  13858.764    13859.895    13971.642
 44  HKY+R2        6919.384     23  13884.769    13885.900    13997.647
 45  HKY+R3        6906.062     25  13862.124    13863.459    13984.818
 46  HKY+R4        6906.010     27  13866.019    13867.575    13998.529
 47  HKY+R5        Skipped 
 48  HKY+R6        Skipped 
 49  HKY+R7        Skipped 
 50  HKY+R8        Skipped 
 51  HKY+R9        Skipped 
 52  HKY+R10       Skipped 
 53  TNe           7343.875     19  14725.750    14726.525    14818.997
 54  TNe+I         7074.591     20  14189.182    14190.040    14287.337
 55  TNe+G4        7022.518     20  14085.035    14085.893    14183.190
 56  TNe+I+G4      7020.391     21  14082.783    14083.728    14185.846
 57  TNe+R2        7029.212     21  14100.424    14101.369    14203.487
 58  TNe+R3        7020.066     23  14086.131    14087.263    14199.010
 59  TNe+R4        7020.029     25  14090.057    14091.392    14212.751
 60  TNe+R5        Skipped 
 61  TNe+R6        Skipped 
 62  TNe+R7        Skipped 
 63  TNe+R8        Skipped 
 64  TNe+R9        Skipped 
 65  TNe+R10       Skipped 
 66  TN            7241.826     22  14527.653    14528.688    14635.623
 67  TN+I          6971.622     23  13989.243    13990.374    14102.122
 68  TN+G4         6906.568     23  13859.136    13860.267    13972.014
 69  TN+I+G4       6905.222     24  13858.443    13859.674    13976.229
 70  TN+R2         6917.918     24  13883.836    13885.067    14001.622
 71  TN+R3         6904.980     26  13861.960    13863.403    13989.562
 72  TN+R4         6904.936     28  13865.872    13867.545    14003.289
 73  TN+R5         Skipped 
 74  TN+R6         Skipped 
 75  TN+R7         Skipped 
 76  TN+R8         Skipped 
 77  TN+R9         Skipped 
 78  TN+R10        Skipped 
 79  K3P           7340.134     19  14718.268    14719.043    14811.515
 80  K3P+I         7070.546     20  14181.091    14181.949    14279.246
 81  K3P+G4        7019.171     20  14078.341    14079.199    14176.496
 82  K3P+I+G4      7017.125     21  14076.250    14077.195    14179.313
 83  K3P+R2        7025.263     21  14092.525    14093.470    14195.588
 84  K3P+R3        7017.076     23  14080.153    14081.284    14193.031
 85  K3P+R4        7016.961     25  14083.923    14085.257    14206.617
 86  K3P+R5        Skipped 
 87  K3P+R6        Skipped 
 88  K3P+R7        Skipped 
 89  K3P+R8        Skipped 
 90  K3P+R9        Skipped 
 91  K3P+R10       Skipped 
 92  K3Pu          7230.930     22  14505.861    14506.897    14613.832
 93  K3Pu+I        6960.817     23  13967.635    13968.766    14080.513
 94  K3Pu+G4       6893.041     23  13832.082    13833.214    13944.961
 95  K3Pu+I+G4     6891.650     24  13831.301    13832.532    13949.087
 96  K3Pu+R2       6905.308     24  13858.616    13859.847    13976.403
 97  K3Pu+R3       6891.573     26  13835.146    13836.589    13962.748
 98  K3Pu+R4       6891.509     28  13839.018    13840.691    13976.435
 99  K3Pu+R5       Skipped 
100  K3Pu+R6       Skipped 
101  K3Pu+R7       Skipped 
102  K3Pu+R8       Skipped 
103  K3Pu+R9       Skipped 
104  K3Pu+R10      Skipped 
105  TPM2          7239.885     22  14523.771    14524.806    14631.741
106  TPM2+I        6968.697     23  13983.395    13984.526    14096.273
107  TPM2+G4       6906.441     23  13858.882    13860.013    13971.760
108  TPM2+I+G4     6905.012     24  13858.023    13859.254    13975.810
109  TPM2+R2       6917.135     24  13882.271    13883.501    14000.057
110  TPM2+R3       6904.737     26  13861.474    13862.917    13989.076
111  TPM2+R4       6904.718     28  13865.436    13867.108    14002.853
112  TPM2+R5       Skipped 
113  TPM2+R6       Skipped 
114  TPM2+R7       Skipped 
115  TPM2+R8       Skipped 
116  TPM2+R9       Skipped 
117  TPM2+R10      Skipped 
118  TPM2u         7240.002     22  14524.004    14525.040    14631.974
119  TPM2u+I       6968.681     23  13983.363    13984.494    14096.241
120  TPM2u+G4      6906.449     23  13858.898    13860.029    13971.776
121  TPM2u+I+G4    6904.999     24  13857.998    13859.229    13975.784
122  TPM2u+R2      6917.122     24  13882.245    13883.475    14000.031
123  TPM2u+R3      6904.754     26  13861.509    13862.952    13989.110
124  TPM2u+R4      6904.728     28  13865.457    13867.129    14002.874
125  TPM2u+R5      Skipped 
126  TPM2u+R6      Skipped 
127  TPM2u+R7      Skipped 
128  TPM2u+R8      Skipped 
129  TPM2u+R9      Skipped 
130  TPM2u+R10     Skipped 
131  TPM3          7231.259     22  14506.517    14507.553    14614.488
132  TPM3+I        6963.734     23  13973.469    13974.600    14086.347
133  TPM3+G4       6893.007     23  13832.013    13833.145    13944.892
134  TPM3+I+G4     6892.002     24  13832.004    13833.234    13949.790
135  TPM3+R2       6906.397     24  13860.793    13862.024    13978.580
136  TPM3+R3       6891.617     26  13835.233    13836.676    13962.835
137  TPM3+R4       6891.590     28  13839.180    13840.853    13976.598
138  TPM3+R5       Skipped 
139  TPM3+R6       Skipped 
140  TPM3+R7       Skipped 
141  TPM3+R8       Skipped 
142  TPM3+R9       Skipped 
143  TPM3+R10      Skipped 
144  TPM3u         7231.259     22  14506.517    14507.553    14614.488
145  TPM3u+I       6963.752     23  13973.504    13974.635    14086.382
146  TPM3u+G4      6893.020     23  13832.040    13833.171    13944.918
147  TPM3u+I+G4    6891.978     24  13831.955    13833.186    13949.742
148  TPM3u+R2      6906.397     24  13860.794    13862.025    13978.581
149  TPM3u+R3      6891.589     26  13835.177    13836.620    13962.779
150  TPM3u+R4      6891.590     28  13839.180    13840.852    13976.597
151  TPM3u+R5      Skipped 
152  TPM3u+R6      Skipped 
153  TPM3u+R7      Skipped 
154  TPM3u+R8      Skipped 
155  TPM3u+R9      Skipped 
156  TPM3u+R10     Skipped 
157  TIMe          7339.394     20  14718.788    14719.646    14816.943
158  TIMe+I        7069.632     21  14181.264    14182.209    14284.327
159  TIMe+G4       7017.429     21  14076.858    14077.803    14179.921
160  TIMe+I+G4     7015.295     22  14074.591    14075.626    14182.561
161  TIMe+R2       7024.258     22  14092.515    14093.551    14200.486
162  TIMe+R3       7015.011     24  14078.021    14079.252    14195.807
163  TIMe+R4       7014.966     26  14081.932    14083.375    14209.533
164  TIMe+R5       Skipped 
165  TIMe+R6       Skipped 
166  TIMe+R7       Skipped 
167  TIMe+R8       Skipped 
168  TIMe+R9       Skipped 
169  TIMe+R10      Skipped 
170  TIM           7228.758     23  14503.516    14504.647    14616.395
171  TIM+I         6959.111     24  13966.222    13967.452    14084.008
172  TIM+G4        6892.046     24  13832.093    13833.323    13949.879
173  TIM+I+G4      6890.621     25  13831.243    13832.578    13953.937
174  TIM+R2        6903.943     25  13857.887    13859.221    13980.581
175  TIM+R3        6890.656     27  13835.312    13836.868    13967.822
176  TIM+R4        6890.649     29  13839.297    13841.091    13981.622
177  TIM+R5        Skipped 
178  TIM+R6        Skipped 
179  TIM+R7        Skipped 
180  TIM+R8        Skipped 
181  TIM+R9        Skipped 
182  TIM+R10       Skipped 
183  TIM2e         7325.966     20  14691.932    14692.790    14790.087
184  TIM2e+I       7054.571     21  14151.143    14152.087    14254.206
185  TIM2e+G4      6995.604     21  14033.208    14034.153    14136.271
186  TIM2e+I+G4    6993.648     22  14031.295    14032.331    14139.266
187  TIM2e+R2      7004.490     22  14052.981    14054.017    14160.952
188  TIM2e+R3      6992.737     24  14033.475    14034.705    14151.261
189  TIM2e+R4      6992.737     26  14037.474    14038.917    14165.075
190  TIM2e+R5      Skipped 
191  TIM2e+R6      Skipped 
192  TIM2e+R7      Skipped 
193  TIM2e+R8      Skipped 
194  TIM2e+R9      Skipped 
195  TIM2e+R10     Skipped 
196  TIM2          7237.768     23  14521.535    14522.667    14634.414
197  TIM2+I        6967.210     24  13982.419    13983.650    14100.205
198  TIM2+G4       6904.935     24  13857.869    13859.100    13975.655
199  TIM2+I+G4     6903.519     25  13857.038    13858.372    13979.732
200  TIM2+R2       6915.219     25  13880.438    13881.773    14003.132
201  TIM2+R3       6903.383     27  13860.765    13862.321    13993.275
202  TIM2+R4       6903.359     29  13864.718    13866.512    14007.043
203  TIM2+R5       Skipped 
204  TIM2+R6       Skipped 
205  TIM2+R7       Skipped 
206  TIM2+R8       Skipped 
207  TIM2+R9       Skipped 
208  TIM2+R10      Skipped 
209  TIM3e         7341.762     20  14723.524    14724.382    14821.679
210  TIM3e+I       7073.064     21  14188.128    14189.073    14291.191
211  TIM3e+G4      7020.673     21  14083.346    14084.291    14186.409
212  TIM3e+I+G4    7018.589     22  14081.177    14082.213    14189.148
213  TIM3e+R2      7027.451     22  14098.903    14099.938    14206.873
214  TIM3e+R3      7018.143     24  14084.286    14085.517    14202.072
215  TIM3e+R4      7018.136     26  14088.273    14089.716    14215.874
216  TIM3e+R5      Skipped 
217  TIM3e+R6      Skipped 
218  TIM3e+R7      Skipped 
219  TIM3e+R8      Skipped 
220  TIM3e+R9      Skipped 
221  TIM3e+R10     Skipped 
222  TIM3          7228.115     23  14502.230    14503.362    14615.109
223  TIM3+I        6961.657     24  13971.314    13972.545    14089.100
224  TIM3+G4       6891.008     24  13830.015    13831.246    13947.801
225  TIM3+I+G4     6889.881     25  13829.761    13831.096    13952.455
226  TIM3+R2       6903.730     25  13857.460    13858.795    13980.154
227  TIM3+R3       6889.663     27  13833.326    13834.881    13965.835
228  TIM3+R4       6889.634     29  13837.268    13839.062    13979.593
229  TIM3+R5       Skipped 
230  TIM3+R6       Skipped 
231  TIM3+R7       Skipped 
232  TIM3+R8       Skipped 
233  TIM3+R9       Skipped 
234  TIM3+R10      Skipped 
235  TVMe          7319.066     21  14680.132    14681.077    14783.195
236  TVMe+I        7047.032     22  14138.063    14139.099    14246.034
237  TVMe+G4       6989.576     22  14023.152    14024.188    14131.123
238  TVMe+I+G4     6987.564     23  14021.128    14022.260    14134.007
239  TVMe+R2       6997.239     23  14040.478    14041.609    14153.357
240  TVMe+R3       6987.175     25  14024.349    14025.684    14147.043
241  TVMe+R4       6987.141     27  14028.282    14029.837    14160.791
242  TVMe+R5       Skipped 
243  TVMe+R6       Skipped 
244  TVMe+R7       Skipped 
245  TVMe+R8       Skipped 
246  TVMe+R9       Skipped 
247  TVMe+R10      Skipped 
248  TVM           7219.474     24  14486.949    14488.180    14604.735
249  TVM+I         6950.371     25  13950.741    13952.076    14073.435
250  TVM+G4        6883.776     25  13817.552    13818.887    13940.246
251  TVM+I+G4      6882.491     26  13816.981    13818.424    13944.583
252  TVM+R2        6895.732     26  13843.464    13844.907    13971.066
253  TVM+R3        6882.521     28  13821.042    13822.714    13958.459
254  TVM+R4        6882.465     30  13824.931    13826.850    13972.163
255  TVM+R5        Skipped 
256  TVM+R6        Skipped 
257  TVM+R7        Skipped 
258  TVM+R8        Skipped 
259  TVM+R9        Skipped 
260  TVM+R10       Skipped 
261  SYM           7318.345     22  14680.689    14681.725    14788.660
262  SYM+I         7046.053     23  14138.106    14139.237    14250.984
263  SYM+G4        6986.255     23  14018.510    14019.641    14131.388
264  SYM+I+G4      6984.287     24  14016.574    14017.805    14134.360
265  SYM+R2        6995.541     24  14039.083    14040.314    14156.869
266  SYM+R3        6983.612     26  14019.224    14020.667    14146.825
267  SYM+R4        6983.599     28  14023.198    14024.870    14160.615
268  SYM+R5        Skipped 
269  SYM+R6        Skipped 
270  SYM+R7        Skipped 
271  SYM+R8        Skipped 
272  SYM+R9        Skipped 
273  SYM+R10       Skipped 
274  GTR           7216.085     25  14482.170    14483.505    14604.864
275  GTR+I         6948.352     26  13948.703    13950.146    14076.305
276  GTR+G4        6881.223     26  13814.446    13815.889    13942.048
277  GTR+I+G4      6880.018     27  13814.037    13815.592    13946.546
278  GTR+R2        6892.755     27  13839.509    13841.065    13972.018
279  GTR+R3        6880.100     29  13818.200    13819.994    13960.525
280  GTR+R4        6880.083     31  13822.166    13824.215    13974.306
281  GTR+R5        Skipped 
282  GTR+R6        Skipped 
283  GTR+R7        Skipped 
284  GTR+R8        Skipped 
285  GTR+R9        Skipped 
286  GTR+R10       Skipped 
Akaike Information Criterion:           GTR+I+G4
Corrected Akaike Information Criterion: GTR+I+G4
Bayesian Information Criterion:         TVM+G4
Best-fit model: TVM+G4 chosen according to BIC

All model information printed to ./results/gene18.phy.model
CPU time for ModelFinder: 11.514 seconds (0h:0m:11s)
Wall-clock time for ModelFinder: 15.058 seconds (0h:0m:15s)
Generating 1000 samples for ultrafast bootstrap (seed: 723432)...

NOTE: 2 MB RAM (0 GB) is required!
Estimate model parameters (epsilon = 0.100)
1. Initial log-likelihood: -7156.327
2. Current log-likelihood: -6894.406
3. Current log-likelihood: -6886.687
4. Current log-likelihood: -6885.629
5. Current log-likelihood: -6885.521
Optimal log-likelihood: -6885.488
Rate parameters:  A-C: 2.402  A-G: 4.638  A-T: 0.667  C-G: 0.885  C-T: 4.638  G-T: 1.000
Base frequencies:   A: 0.394  C: 0.153  G: 0.203  T: 0.250
Gamma shape alpha: 0.509
Parameters optimization took 5 rounds (0.105 sec)
Computing ML distances based on estimated model parameters... 0.000 sec
Computing BIONJ tree...
0.000 seconds
Log-likelihood of BIONJ tree: -6883.781
--------------------------------------------------------------------
|             INITIALIZING CANDIDATE TREE SET                      |
--------------------------------------------------------------------
Generating 98 parsimony trees... 0.065 second
Computing log-likelihood of 97 initial trees ... 0.351 seconds
Current best score: -6883.781

Do NNI search on 20 best initial trees
Estimate model parameters (epsilon = 0.100)
BETTER TREE FOUND at iteration 1: -6882.136
Estimate model parameters (epsilon = 0.100)
BETTER TREE FOUND at iteration 2: -6881.867
Estimate model parameters (epsilon = 0.100)
BETTER TREE FOUND at iteration 3: -6881.712
Iteration 10 / LogL: -6883.779 / Time: 0h:0m:16s
Iteration 20 / LogL: -6883.475 / Time: 0h:0m:16s
Finish initializing candidate tree set (10)
Current best tree score: -6881.712 / CPU time: 1.408
Number of iterations: 20
--------------------------------------------------------------------
|               OPTIMIZING CANDIDATE TREE SET                      |
--------------------------------------------------------------------
Estimate model parameters (epsilon = 0.100)
BETTER TREE FOUND at iteration 23: -6881.054
Estimate model parameters (epsilon = 0.100)
BETTER TREE FOUND at iteration 25: -6880.762
UPDATE BEST LOG-LIKELIHOOD: -6880.762
Iteration 30 / LogL: -6881.054 / Time: 0h:0m:17s (0h:0m:6s left)
UPDATE BEST LOG-LIKELIHOOD: -6880.762
Iteration 40 / LogL: -6880.762 / Time: 0h:0m:17s (0h:0m:5s left)
Iteration 50 / LogL: -6880.762 / Time: 0h:0m:17s (0h:0m:4s left)
Log-likelihood cutoff on original alignment: -6891.030
UPDATE BEST LOG-LIKELIHOOD: -6880.762
Iteration 60 / LogL: -6880.764 / Time: 0h:0m:18s (0h:0m:3s left)
Iteration 70 / LogL: -6881.723 / Time: 0h:0m:18s (0h:0m:2s left)
UPDATE BEST LOG-LIKELIHOOD: -6880.762
Iteration 80 / LogL: -6881.723 / Time: 0h:0m:19s (0h:0m:2s left)
Iteration 90 / LogL: -6880.762 / Time: 0h:0m:19s (0h:0m:1s left)
Iteration 100 / LogL: -6880.762 / Time: 0h:0m:20s (0h:0m:1s left)
Log-likelihood cutoff on original alignment: -6891.590
NOTE: Bootstrap correlation coefficient of split occurrence frequencies: 0.993
UPDATE BEST LOG-LIKELIHOOD: -6880.762
Iteration 110 / LogL: -6880.762 / Time: 0h:0m:20s (0h:0m:4s left)
UPDATE BEST LOG-LIKELIHOOD: -6880.762
Iteration 120 / LogL: -6880.762 / Time: 0h:0m:20s (0h:0m:3s left)
TREE SEARCH COMPLETED AFTER 126 ITERATIONS / Time: 0h:0m:21s

--------------------------------------------------------------------
|                    FINALIZING TREE SEARCH                        |
--------------------------------------------------------------------
Performs final model parameters optimization
Estimate model parameters (epsilon = 0.010)
1. Initial log-likelihood: -6880.762
Optimal log-likelihood: -6880.759
Rate parameters:  A-C: 2.445  A-G: 4.627  A-T: 0.642  C-G: 0.904  C-T: 4.627  G-T: 1.000
Base frequencies:   A: 0.394  C: 0.153  G: 0.203  T: 0.250
Gamma shape alpha: 0.509
Parameters optimization took 1 rounds (0.007 sec)
BEST SCORE FOUND : -6880.759
Creating bootstrap support values...
Split supports printed to NEXUS file ./results/gene18.phy.splits.nex
Total tree length: 2.715

Total number of iterations: 126
CPU time used for tree search: 5.983 sec (0h:0m:5s)
Wall-clock time used for tree search: 5.998 sec (0h:0m:5s)
Total CPU time used: 17.653 sec (0h:0m:17s)
Total wall-clock time used: 21.223 sec (0h:0m:21s)

Computing bootstrap consensus tree...
Reading input file ./results/gene18.phy.splits.nex...
10 taxa and 165 splits.
Consensus tree written to ./results/gene18.phy.contree
Reading input trees file ./results/gene18.phy.contree
Log-likelihood of consensus tree: -6881.052

Analysis results written to: 
  IQ-TREE report:                ./results/gene18.phy.iqtree
  Maximum-likelihood tree:       ./results/gene18.phy.treefile
  Likelihood distances:          ./results/gene18.phy.mldist

Ultrafast bootstrap approximation results written to:
  Split support values:          ./results/gene18.phy.splits.nex
  Consensus tree:                ./results/gene18.phy.contree
  Screen log file:               ./results/gene18.phy.log

Date and Time: Tue Aug 22 18:22:40 2017
