IQ-TREE multicore version 1.5.4 for Linux 64-bit built Apr  2 2017
Copyright (c) 2011-2017 by Bui Quang Minh, Nguyen Lam Tung,
Olga Chernomor, Heiko Schmidt, and Arndt von Haeseler.

Host:    hpc-crick (AVX, 251 GB RAM)
Command: iqtree -s ./results/gene15.phy -nt 1 -bb 1000
Seed:    989202 (Using SPRNG - Scalable Parallel Random Number Generator)
Time:    Tue Aug 22 18:31:13 2017
Kernel:  AVX - 1 threads (40 CPU cores detected)

Reading alignment file ./results/gene15.phy ... Phylip format detected
Alignment most likely contains DNA/RNA sequences
Alignment has 10 sequences with 1000 columns and 523 patterns (369 informative sites, 371 constant sites)
   Gap/Ambiguity  Composition  p-value
   1  A    0.00%    passed     86.95%
   2  B    0.00%    passed     97.83%
   3  C    0.00%    passed     84.21%
   4  D    0.00%    passed     93.70%
   5  E    0.00%    passed     37.42%
   6  F    0.00%    passed     99.93%
   7  G    0.00%    passed     93.28%
   8  H    0.00%    passed     92.45%
   9  I    0.00%    passed     90.08%
  10  J    0.00%    passed     90.83%
****  TOTAL    0.00%  0 sequences failed composition chi2 test (p-value<5%; df=3)

Create initial parsimony tree by phylogenetic likelihood library (PLL)... 0.001 seconds

NOTE: ModelFinder requires 3 MB RAM!
ModelFinder will test 286 DNA models (sample size: 1000) ...
 No. Model         -LnL         df  AIC          AICc         BIC
  1  JC            7844.754     17  15723.507    15724.131    15806.939
  2  JC+I          7577.034     18  15190.069    15190.766    15278.408
  3  JC+G4         7522.434     18  15080.867    15081.564    15169.207
  4  JC+I+G4       7521.060     19  15080.120    15080.895    15173.367
  5  JC+R2         7526.600     19  15091.200    15091.976    15184.448
  6  JC+R3         7520.580     21  15083.159    15084.104    15186.222
  7  JC+R4         Skipped 
  8  JC+R5         Skipped 
  9  JC+R6         Skipped 
 10  JC+R7         Skipped 
 11  JC+R8         Skipped 
 12  JC+R9         Skipped 
 13  JC+R10        Skipped 
 14  F81           7749.745     20  15539.491    15540.349    15637.646
 15  F81+I         7478.737     21  14999.474    15000.419    15102.537
 16  F81+G4        7408.929     21  14859.858    14860.803    14962.921
 17  F81+I+G4      7408.627     22  14861.254    14862.290    14969.225
 18  F81+R2        7414.184     22  14872.367    14873.403    14980.338
 19  F81+R3        7407.589     24  14863.178    14864.409    14980.964
 20  F81+R4        Skipped 
 21  F81+R5        Skipped 
 22  F81+R6        Skipped 
 23  F81+R7        Skipped 
 24  F81+R8        Skipped 
 25  F81+R9        Skipped 
 26  F81+R10       Skipped 
 27  K2P           7688.725     18  15413.451    15414.148    15501.790
 28  K2P+I         7407.171     19  14852.342    14853.117    14945.589
 29  K2P+G4        7338.833     19  14715.665    14716.441    14808.913
 30  K2P+I+G4      7337.819     20  14715.638    14716.496    14813.793
 31  K2P+R2        7348.154     20  14736.309    14737.167    14834.464
 32  K2P+R3        7337.601     22  14719.202    14720.238    14827.173
 33  K2P+R4        7337.636     24  14723.272    14724.503    14841.058
 34  K2P+R5        Skipped 
 35  K2P+R6        Skipped 
 36  K2P+R7        Skipped 
 37  K2P+R8        Skipped 
 38  K2P+R9        Skipped 
 39  K2P+R10       Skipped 
 40  HKY           7585.024     21  15212.047    15212.992    15315.110
 41  HKY+I         7297.995     22  14639.990    14641.026    14747.960
 42  HKY+G4        7205.983     22  14455.967    14457.003    14563.938
 43  HKY+I+G4      7206.246     23  14458.492    14459.623    14571.371
 44  HKY+R2        7217.611     23  14481.222    14482.353    14594.100
 45  HKY+R3        7205.028     25  14460.057    14461.392    14582.751
 46  HKY+R4        7204.980     27  14463.960    14465.516    14596.469
 47  HKY+R5        Skipped 
 48  HKY+R6        Skipped 
 49  HKY+R7        Skipped 
 50  HKY+R8        Skipped 
 51  HKY+R9        Skipped 
 52  HKY+R10       Skipped 
 53  TNe           7688.530     19  15415.060    15415.836    15508.308
 54  TNe+I         7405.821     20  14851.642    14852.500    14949.797
 55  TNe+G4        7335.882     20  14711.765    14712.623    14809.920
 56  TNe+I+G4      7334.678     21  14711.356    14712.301    14814.419
 57  TNe+R2        7346.789     21  14735.579    14736.523    14838.641
 58  TNe+R3        7334.301     23  14714.602    14715.733    14827.480
 59  TNe+R4        7334.364     25  14718.728    14720.063    14841.422
 60  TNe+R5        Skipped 
 61  TNe+R6        Skipped 
 62  TNe+R7        Skipped 
 63  TNe+R8        Skipped 
 64  TNe+R9        Skipped 
 65  TNe+R10       Skipped 
 66  TN            7582.730     22  15209.460    15210.496    15317.431
 67  TN+I          7297.349     23  14640.698    14641.829    14753.576
 68  TN+G4         7205.902     23  14457.805    14458.936    14570.683
 69  TN+I+G4       7206.157     24  14460.315    14461.546    14578.101
 70  TN+R2         7217.174     24  14482.347    14483.578    14600.133
 71  TN+R3         7204.951     26  14461.902    14463.345    14589.504
 72  TN+R4         7204.994     28  14465.989    14467.661    14603.406
 73  TN+R5         Skipped 
 74  TN+R6         Skipped 
 75  TN+R7         Skipped 
 76  TN+R8         Skipped 
 77  TN+R9         Skipped 
 78  TN+R10        Skipped 
 79  K3P           7682.091     19  15402.182    15402.958    15495.429
 80  K3P+I         7398.480     20  14836.959    14837.818    14935.115
 81  K3P+G4        7328.483     20  14696.965    14697.823    14795.120
 82  K3P+I+G4      7327.428     21  14696.856    14697.801    14799.919
 83  K3P+R2        7337.715     21  14717.431    14718.376    14820.494
 84  K3P+R3        7327.289     23  14700.577    14701.709    14813.456
 85  K3P+R4        7327.285     25  14704.571    14705.905    14827.264
 86  K3P+R5        Skipped 
 87  K3P+R6        Skipped 
 88  K3P+R7        Skipped 
 89  K3P+R8        Skipped 
 90  K3P+R9        Skipped 
 91  K3P+R10       Skipped 
 92  K3Pu          7570.441     22  15184.881    15185.917    15292.852
 93  K3Pu+I        7282.899     23  14611.799    14612.930    14724.677
 94  K3Pu+G4       7189.113     23  14424.226    14425.357    14537.104
 95  K3Pu+I+G4     7189.083     24  14426.165    14427.396    14543.951
 96  K3Pu+R2       7200.839     24  14449.678    14450.909    14567.465
 97  K3Pu+R3       7187.774     26  14427.549    14428.992    14555.150
 98  K3Pu+R4       7187.810     28  14431.620    14433.293    14569.037
 99  K3Pu+R5       Skipped 
100  K3Pu+R6       Skipped 
101  K3Pu+R7       Skipped 
102  K3Pu+R8       Skipped 
103  K3Pu+R9       Skipped 
104  K3Pu+R10      Skipped 
105  TPM2          7580.353     22  15204.706    15205.742    15312.677
106  TPM2+I        7290.842     23  14627.685    14628.816    14740.563
107  TPM2+G4       7205.125     23  14456.249    14457.380    14569.127
108  TPM2+I+G4     7205.174     24  14458.348    14459.579    14576.134
109  TPM2+R2       7216.392     24  14480.784    14482.015    14598.570
110  TPM2+R3       7204.142     26  14460.284    14461.727    14587.886
111  TPM2+R4       7204.256     28  14464.512    14466.184    14601.929
112  TPM2+R5       Skipped 
113  TPM2+R6       Skipped 
114  TPM2+R7       Skipped 
115  TPM2+R8       Skipped 
116  TPM2+R9       Skipped 
117  TPM2+R10      Skipped 
118  TPM2u         7580.353     22  15204.705    15205.741    15312.676
119  TPM2u+I       7290.852     23  14627.704    14628.835    14740.582
120  TPM2u+G4      7205.222     23  14456.444    14457.576    14569.323
121  TPM2u+I+G4    7205.195     24  14458.389    14459.620    14576.175
122  TPM2u+R2      7216.390     24  14480.779    14482.010    14598.565
123  TPM2u+R3      7204.137     26  14460.274    14461.717    14587.876
124  TPM2u+R4      7204.242     28  14464.484    14466.157    14601.901
125  TPM2u+R5      Skipped 
126  TPM2u+R6      Skipped 
127  TPM2u+R7      Skipped 
128  TPM2u+R8      Skipped 
129  TPM2u+R9      Skipped 
130  TPM2u+R10     Skipped 
131  TPM3          7561.667     22  15167.333    15168.369    15275.304
132  TPM3+I        7281.637     23  14609.275    14610.406    14722.153
133  TPM3+G4       7192.762     23  14431.523    14432.654    14544.402
134  TPM3+I+G4     7192.198     24  14432.397    14433.627    14550.183
135  TPM3+R2       7200.994     24  14449.988    14451.219    14567.774
136  TPM3+R3       7191.158     26  14434.316    14435.759    14561.918
137  TPM3+R4       7191.237     28  14438.474    14440.147    14575.891
138  TPM3+R5       Skipped 
139  TPM3+R6       Skipped 
140  TPM3+R7       Skipped 
141  TPM3+R8       Skipped 
142  TPM3+R9       Skipped 
143  TPM3+R10      Skipped 
144  TPM3u         7561.660     22  15167.320    15168.356    15275.291
145  TPM3u+I       7281.686     23  14609.372    14610.503    14722.250
146  TPM3u+G4      7192.678     23  14431.356    14432.487    14544.235
147  TPM3u+I+G4    7192.204     24  14432.409    14433.640    14550.195
148  TPM3u+R2      7201.027     24  14450.053    14451.284    14567.840
149  TPM3u+R3      7191.160     26  14434.320    14435.763    14561.922
150  TPM3u+R4      7191.215     28  14438.430    14440.103    14575.847
151  TPM3u+R5      Skipped 
152  TPM3u+R6      Skipped 
153  TPM3u+R7      Skipped 
154  TPM3u+R8      Skipped 
155  TPM3u+R9      Skipped 
156  TPM3u+R10     Skipped 
157  TIMe          7681.913     20  15403.826    15404.684    15501.981
158  TIMe+I        7397.203     21  14836.405    14837.350    14939.468
159  TIMe+G4       7325.696     21  14693.392    14694.337    14796.455
160  TIMe+I+G4     7324.521     22  14693.042    14694.078    14801.012
161  TIMe+R2       7336.461     22  14716.923    14717.959    14824.893
162  TIMe+R3       7324.269     24  14696.537    14697.768    14814.324
163  TIMe+R4       7324.267     26  14700.533    14701.976    14828.135
164  TIMe+R5       Skipped 
165  TIMe+R6       Skipped 
166  TIMe+R7       Skipped 
167  TIMe+R8       Skipped 
168  TIMe+R9       Skipped 
169  TIMe+R10      Skipped 
170  TIM           7567.967     23  15181.935    15183.066    15294.813
171  TIM+I         7282.226     24  14612.453    14613.683    14730.239
172  TIM+G4        7189.103     24  14426.206    14427.436    14543.992
173  TIM+I+G4      7189.006     25  14428.011    14429.346    14550.705
174  TIM+R2        7200.516     25  14451.033    14452.367    14573.726
175  TIM+R3        7187.755     27  14429.511    14431.066    14562.020
176  TIM+R4        7187.826     29  14433.653    14435.447    14575.978
177  TIM+R5        Skipped 
178  TIM+R6        Skipped 
179  TIM+R7        Skipped 
180  TIM+R8        Skipped 
181  TIM+R9        Skipped 
182  TIM+R10       Skipped 
183  TIM2e         7667.764     20  15375.527    15376.386    15473.683
184  TIM2e+I       7380.160     21  14802.320    14803.265    14905.383
185  TIM2e+G4      7307.436     21  14656.872    14657.817    14759.935
186  TIM2e+I+G4    7305.903     22  14655.805    14656.841    14763.776
187  TIM2e+R2      7321.897     22  14687.794    14688.830    14795.765
188  TIM2e+R3      7304.892     24  14657.785    14659.015    14775.571
189  TIM2e+R4      7304.892     26  14661.784    14663.227    14789.386
190  TIM2e+R5      Skipped 
191  TIM2e+R6      Skipped 
192  TIM2e+R7      Skipped 
193  TIM2e+R8      Skipped 
194  TIM2e+R9      Skipped 
195  TIM2e+R10     Skipped 
196  TIM2          7577.759     23  15201.518    15202.649    15314.396
197  TIM2+I        7290.229     24  14628.458    14629.689    14746.244
198  TIM2+G4       7204.978     24  14457.956    14459.187    14575.742
199  TIM2+I+G4     7204.984     25  14459.969    14461.304    14582.663
200  TIM2+R2       7215.816     25  14481.633    14482.967    14604.327
201  TIM2+R3       7204.073     27  14462.145    14463.701    14594.655
202  TIM2+R4       7204.156     29  14466.312    14468.105    14608.636
203  TIM2+R5       Skipped 
204  TIM2+R6       Skipped 
205  TIM2+R7       Skipped 
206  TIM2+R8       Skipped 
207  TIM2+R9       Skipped 
208  TIM2+R10      Skipped 
209  TIM3e         7679.587     20  15399.175    15400.033    15497.330
210  TIM3e+I       7399.222     21  14840.444    14841.388    14943.506
211  TIM3e+G4      7330.826     21  14703.652    14704.597    14806.715
212  TIM3e+I+G4    7329.599     22  14703.197    14704.233    14811.168
213  TIM3e+R2      7340.475     22  14724.951    14725.987    14832.921
214  TIM3e+R3      7329.335     24  14706.670    14707.901    14824.456
215  TIM3e+R4      7329.350     26  14710.700    14712.143    14838.302
216  TIM3e+R5      Skipped 
217  TIM3e+R6      Skipped 
218  TIM3e+R7      Skipped 
219  TIM3e+R8      Skipped 
220  TIM3e+R9      Skipped 
221  TIM3e+R10     Skipped 
222  TIM3          7558.410     23  15162.820    15163.951    15275.699
223  TIM3+I        7280.963     24  14609.926    14611.156    14727.712
224  TIM3+G4       7192.664     24  14433.328    14434.559    14551.114
225  TIM3+I+G4     7192.011     25  14434.021    14435.356    14556.715
226  TIM3+R2       7200.348     25  14450.695    14452.030    14573.389
227  TIM3+R3       7191.103     27  14436.206    14437.762    14568.716
228  TIM3+R4       7191.123     29  14440.247    14442.041    14582.572
229  TIM3+R5       Skipped 
230  TIM3+R6       Skipped 
231  TIM3+R7       Skipped 
232  TIM3+R8       Skipped 
233  TIM3+R9       Skipped 
234  TIM3+R10      Skipped 
235  TVMe          7656.197     21  15354.393    15355.338    15457.456
236  TVMe+I        7369.611     22  14783.222    14784.258    14891.193
237  TVMe+G4       7299.207     22  14642.413    14643.449    14750.384
238  TVMe+I+G4     7297.653     23  14641.307    14642.438    14754.185
239  TVMe+R2       7311.143     23  14668.287    14669.418    14781.165
240  TVMe+R3       7297.270     25  14644.539    14645.874    14767.233
241  TVMe+R4       7297.245     27  14648.491    14650.046    14781.000
242  TVMe+R5       Skipped 
243  TVMe+R6       Skipped 
244  TVMe+R7       Skipped 
245  TVMe+R8       Skipped 
246  TVMe+R9       Skipped 
247  TVMe+R10      Skipped 
248  TVM           7551.624     24  15151.248    15152.479    15269.034
249  TVM+I         7267.233     25  14584.467    14585.801    14707.160
250  TVM+G4        7182.258     25  14414.517    14415.852    14537.211
251  TVM+I+G4      7181.715     26  14415.430    14416.873    14543.032
252  TVM+R2        7191.820     26  14435.639    14437.082    14563.241
253  TVM+R3        7180.963     28  14417.926    14419.598    14555.343
254  TVM+R4        7181.012     30  14422.025    14423.944    14569.257
255  TVM+R5        Skipped 
256  TVM+R6        Skipped 
257  TVM+R7        Skipped 
258  TVM+R8        Skipped 
259  TVM+R9        Skipped 
260  TVM+R10       Skipped 
261  SYM           7656.137     22  15356.275    15357.311    15464.245
262  SYM+I         7368.337     23  14782.674    14783.805    14895.552
263  SYM+G4        7294.925     23  14635.850    14636.981    14748.728
264  SYM+I+G4      7293.288     24  14634.576    14635.806    14752.362
265  SYM+R2        7309.175     24  14666.351    14667.581    14784.137
266  SYM+R3        7292.480     26  14636.961    14638.404    14764.563
267  SYM+R4        7292.478     28  14640.956    14642.628    14778.373
268  SYM+R5        Skipped 
269  SYM+R6        Skipped 
270  SYM+R7        Skipped 
271  SYM+R8        Skipped 
272  SYM+R9        Skipped 
273  SYM+R10       Skipped 
274  GTR           7548.023     25  15146.046    15147.380    15268.740
275  GTR+I         7266.550     26  14585.100    14586.543    14712.702
276  GTR+G4        7182.074     26  14416.148    14417.591    14543.749
277  GTR+I+G4      7181.285     27  14416.570    14418.126    14549.080
278  GTR+R2        7191.051     27  14436.103    14437.658    14568.612
279  GTR+R3        7180.705     29  14419.410    14421.204    14561.735
280  GTR+R4        7180.779     31  14423.558    14425.607    14575.698
281  GTR+R5        Skipped 
282  GTR+R6        Skipped 
283  GTR+R7        Skipped 
284  GTR+R8        Skipped 
285  GTR+R9        Skipped 
286  GTR+R10       Skipped 
Akaike Information Criterion:           TVM+G4
Corrected Akaike Information Criterion: TVM+G4
Bayesian Information Criterion:         K3Pu+G4
Best-fit model: K3Pu+G4 chosen according to BIC

All model information printed to ./results/gene15.phy.model
CPU time for ModelFinder: 14.652 seconds (0h:0m:14s)
Wall-clock time for ModelFinder: 17.821 seconds (0h:0m:17s)
Generating 1000 samples for ultrafast bootstrap (seed: 989202)...

NOTE: 2 MB RAM (0 GB) is required!
Estimate model parameters (epsilon = 0.100)
1. Initial log-likelihood: -7461.733
2. Current log-likelihood: -7245.010
3. Current log-likelihood: -7207.831
4. Current log-likelihood: -7196.322
5. Current log-likelihood: -7194.757
6. Current log-likelihood: -7194.646
Optimal log-likelihood: -7194.553
Rate parameters:  A-C: 1.000  A-G: 2.731  A-T: 0.363  C-G: 0.363  C-T: 2.731  G-T: 1.000
Base frequencies:   A: 0.390  C: 0.170  G: 0.199  T: 0.240
Gamma shape alpha: 0.516
Parameters optimization took 6 rounds (0.182 sec)
Computing ML distances based on estimated model parameters... 0.002 sec
Computing BIONJ tree...
0.000 seconds
Log-likelihood of BIONJ tree: -7195.088
--------------------------------------------------------------------
|             INITIALIZING CANDIDATE TREE SET                      |
--------------------------------------------------------------------
Generating 98 parsimony trees... 0.172 second
Computing log-likelihood of 94 initial trees ... 0.856 seconds
Current best score: -7194.553

Do NNI search on 20 best initial trees
Estimate model parameters (epsilon = 0.100)
BETTER TREE FOUND at iteration 1: -7193.003
UPDATE BEST LOG-LIKELIHOOD: -7193.003
UPDATE BEST LOG-LIKELIHOOD: -7193.002
Iteration 10 / LogL: -7193.943 / Time: 0h:0m:20s
Iteration 20 / LogL: -7195.293 / Time: 0h:0m:21s
Finish initializing candidate tree set (11)
Current best tree score: -7193.002 / CPU time: 3.035
Number of iterations: 20
--------------------------------------------------------------------
|               OPTIMIZING CANDIDATE TREE SET                      |
--------------------------------------------------------------------
WARNING: NNI search needs unusual large number of steps (7) to converge!
Iteration 30 / LogL: -7193.065 / Time: 0h:0m:21s (0h:0m:9s left)
UPDATE BEST LOG-LIKELIHOOD: -7193.001
Iteration 40 / LogL: -7193.001 / Time: 0h:0m:22s (0h:0m:7s left)
Iteration 50 / LogL: -7193.004 / Time: 0h:0m:23s (0h:0m:5s left)
Log-likelihood cutoff on original alignment: -7200.592
Iteration 60 / LogL: -7193.174 / Time: 0h:0m:23s (0h:0m:4s left)
Iteration 70 / LogL: -7193.010 / Time: 0h:0m:24s (0h:0m:2s left)
Iteration 80 / LogL: -7193.174 / Time: 0h:0m:24s (0h:0m:1s left)
UPDATE BEST LOG-LIKELIHOOD: -7193.001
Iteration 90 / LogL: -7193.002 / Time: 0h:0m:25s (0h:0m:0s left)
Iteration 100 / LogL: -7193.010 / Time: 0h:0m:26s (0h:0m:0s left)
Log-likelihood cutoff on original alignment: -7200.643
NOTE: Bootstrap correlation coefficient of split occurrence frequencies: 0.909
NOTE: UFBoot does not converge, continue at least 100 more iterations
Iteration 110 / LogL: -7193.173 / Time: 0h:0m:27s (0h:0m:7s left)
Iteration 120 / LogL: -7193.065 / Time: 0h:0m:27s (0h:0m:6s left)
UPDATE BEST LOG-LIKELIHOOD: -7193.001
Iteration 130 / LogL: -7193.065 / Time: 0h:0m:28s (0h:0m:5s left)
UPDATE BEST LOG-LIKELIHOOD: -7193.001
Iteration 140 / LogL: -7193.056 / Time: 0h:0m:29s (0h:0m:4s left)
Iteration 150 / LogL: -7193.002 / Time: 0h:0m:29s (0h:0m:3s left)
Log-likelihood cutoff on original alignment: -7201.162
Estimate model parameters (epsilon = 0.100)
BETTER TREE FOUND at iteration 154: -7192.074
Iteration 160 / LogL: -7193.010 / Time: 0h:0m:30s (0h:0m:7s left)
BETTER TREE FOUND at iteration 167: -7192.068
Iteration 170 / LogL: -7193.010 / Time: 0h:0m:31s (0h:0m:7s left)
Estimate model parameters (epsilon = 0.100)
BETTER TREE FOUND at iteration 175: -7191.941
Iteration 180 / LogL: -7192.483 / Time: 0h:0m:31s (0h:0m:7s left)
Iteration 190 / LogL: -7191.943 / Time: 0h:0m:32s (0h:0m:6s left)
Iteration 200 / LogL: -7191.952 / Time: 0h:0m:32s (0h:0m:5s left)
Log-likelihood cutoff on original alignment: -7200.673
NOTE: Bootstrap correlation coefficient of split occurrence frequencies: 0.700
NOTE: UFBoot does not converge, continue at least 100 more iterations
UPDATE BEST LOG-LIKELIHOOD: -7191.941
Iteration 210 / LogL: -7192.048 / Time: 0h:0m:33s (0h:0m:6s left)
UPDATE BEST LOG-LIKELIHOOD: -7191.941
Iteration 220 / LogL: -7192.059 / Time: 0h:0m:33s (0h:0m:5s left)
Iteration 230 / LogL: -7191.943 / Time: 0h:0m:34s (0h:0m:5s left)
Iteration 240 / LogL: -7192.062 / Time: 0h:0m:35s (0h:0m:4s left)
Iteration 250 / LogL: -7192.042 / Time: 0h:0m:35s (0h:0m:3s left)
Log-likelihood cutoff on original alignment: -7200.673
UPDATE BEST LOG-LIKELIHOOD: -7191.940
Iteration 260 / LogL: -7191.942 / Time: 0h:0m:36s (0h:0m:2s left)
Iteration 270 / LogL: -7192.049 / Time: 0h:0m:36s (0h:0m:2s left)
Iteration 280 / LogL: -7192.062 / Time: 0h:0m:37s (0h:0m:1s left)
Iteration 290 / LogL: -7191.962 / Time: 0h:0m:38s (0h:0m:0s left)
Iteration 300 / LogL: -7192.062 / Time: 0h:0m:39s (0h:0m:0s left)
Log-likelihood cutoff on original alignment: -7200.673
NOTE: Bootstrap correlation coefficient of split occurrence frequencies: 0.662
NOTE: UFBoot does not converge, continue at least 100 more iterations
Iteration 310 / LogL: -7192.424 / Time: 0h:0m:39s (0h:0m:6s left)
UPDATE BEST LOG-LIKELIHOOD: -7191.940
UPDATE BEST LOG-LIKELIHOOD: -7191.940
Iteration 320 / LogL: -7192.042 / Time: 0h:0m:40s (0h:0m:5s left)
Iteration 330 / LogL: -7192.592 / Time: 0h:0m:41s (0h:0m:4s left)
Iteration 340 / LogL: -7191.970 / Time: 0h:0m:41s (0h:0m:4s left)
Iteration 350 / LogL: -7192.062 / Time: 0h:0m:42s (0h:0m:3s left)
Log-likelihood cutoff on original alignment: -7200.673
Iteration 360 / LogL: -7192.038 / Time: 0h:0m:42s (0h:0m:2s left)
Iteration 370 / LogL: -7192.529 / Time: 0h:0m:43s (0h:0m:2s left)
UPDATE BEST LOG-LIKELIHOOD: -7191.940
Iteration 380 / LogL: -7192.804 / Time: 0h:0m:43s (0h:0m:1s left)
UPDATE BEST LOG-LIKELIHOOD: -7191.940
Iteration 390 / LogL: -7192.062 / Time: 0h:0m:44s (0h:0m:0s left)
Iteration 400 / LogL: -7192.051 / Time: 0h:0m:44s (0h:0m:0s left)
Log-likelihood cutoff on original alignment: -7200.673
NOTE: Bootstrap correlation coefficient of split occurrence frequencies: 0.981
NOTE: UFBoot does not converge, continue at least 100 more iterations
Iteration 410 / LogL: -7192.037 / Time: 0h:0m:45s (0h:0m:6s left)
Iteration 420 / LogL: -7192.039 / Time: 0h:0m:45s (0h:0m:5s left)
Iteration 430 / LogL: -7192.062 / Time: 0h:0m:45s (0h:0m:4s left)
Iteration 440 / LogL: -7192.062 / Time: 0h:0m:46s (0h:0m:3s left)
Iteration 450 / LogL: -7192.040 / Time: 0h:0m:46s (0h:0m:3s left)
Log-likelihood cutoff on original alignment: -7200.673
Iteration 460 / LogL: -7191.947 / Time: 0h:0m:47s (0h:0m:2s left)
Iteration 470 / LogL: -7191.956 / Time: 0h:0m:47s (0h:0m:1s left)
Iteration 480 / LogL: -7192.037 / Time: 0h:0m:48s (0h:0m:1s left)
Iteration 490 / LogL: -7192.001 / Time: 0h:0m:48s (0h:0m:0s left)
Iteration 500 / LogL: -7192.046 / Time: 0h:0m:49s (0h:0m:0s left)
Log-likelihood cutoff on original alignment: -7200.673
NOTE: Bootstrap correlation coefficient of split occurrence frequencies: 0.988
NOTE: UFBoot does not converge, continue at least 100 more iterations
Iteration 510 / LogL: -7192.038 / Time: 0h:0m:49s (0h:0m:5s left)
Iteration 520 / LogL: -7192.042 / Time: 0h:0m:50s (0h:0m:4s left)
Iteration 530 / LogL: -7192.062 / Time: 0h:0m:50s (0h:0m:4s left)
Iteration 540 / LogL: -7191.987 / Time: 0h:0m:51s (0h:0m:3s left)
Iteration 550 / LogL: -7192.062 / Time: 0h:0m:51s (0h:0m:3s left)
Log-likelihood cutoff on original alignment: -7200.673
Iteration 560 / LogL: -7192.062 / Time: 0h:0m:52s (0h:0m:2s left)
Iteration 570 / LogL: -7192.068 / Time: 0h:0m:52s (0h:0m:1s left)
Iteration 580 / LogL: -7192.065 / Time: 0h:0m:53s (0h:0m:1s left)
Iteration 590 / LogL: -7192.529 / Time: 0h:0m:53s (0h:0m:0s left)
Iteration 600 / LogL: -7192.062 / Time: 0h:0m:54s (0h:0m:0s left)
Log-likelihood cutoff on original alignment: -7200.673
NOTE: Bootstrap correlation coefficient of split occurrence frequencies: 0.996
TREE SEARCH COMPLETED AFTER 600 ITERATIONS / Time: 0h:0m:54s

--------------------------------------------------------------------
|                    FINALIZING TREE SEARCH                        |
--------------------------------------------------------------------
Performs final model parameters optimization
Estimate model parameters (epsilon = 0.010)
1. Initial log-likelihood: -7191.940
2. Current log-likelihood: -7191.929
Optimal log-likelihood: -7191.927
Rate parameters:  A-C: 1.000  A-G: 2.607  A-T: 0.352  C-G: 0.352  C-T: 2.607  G-T: 1.000
Base frequencies:   A: 0.390  C: 0.170  G: 0.199  T: 0.240
Gamma shape alpha: 0.523
Parameters optimization took 2 rounds (0.022 sec)
BEST SCORE FOUND : -7191.927
Creating bootstrap support values...
Split supports printed to NEXUS file ./results/gene15.phy.splits.nex
Total tree length: 3.005

Total number of iterations: 600
CPU time used for tree search: 28.171 sec (0h:0m:28s)
Wall-clock time used for tree search: 36.462 sec (0h:0m:36s)
Total CPU time used: 42.990 sec (0h:0m:42s)
Total wall-clock time used: 54.573 sec (0h:0m:54s)

Computing bootstrap consensus tree...
Reading input file ./results/gene15.phy.splits.nex...
10 taxa and 216 splits.
Consensus tree written to ./results/gene15.phy.contree
Reading input trees file ./results/gene15.phy.contree
Log-likelihood of consensus tree: -7192.030

Analysis results written to: 
  IQ-TREE report:                ./results/gene15.phy.iqtree
  Maximum-likelihood tree:       ./results/gene15.phy.treefile
  Likelihood distances:          ./results/gene15.phy.mldist

Ultrafast bootstrap approximation results written to:
  Split support values:          ./results/gene15.phy.splits.nex
  Consensus tree:                ./results/gene15.phy.contree
  Screen log file:               ./results/gene15.phy.log

Date and Time: Tue Aug 22 18:32:08 2017
