IQ-TREE multicore version 1.5.4 for Linux 64-bit built Apr  2 2017
Copyright (c) 2011-2017 by Bui Quang Minh, Nguyen Lam Tung,
Olga Chernomor, Heiko Schmidt, and Arndt von Haeseler.

Host:    hpc-crick (AVX, 251 GB RAM)
Command: iqtree -s ./results/gene17.phy -nt 1 -bb 1000
Seed:    603397 (Using SPRNG - Scalable Parallel Random Number Generator)
Time:    Tue Aug 22 18:32:00 2017
Kernel:  AVX - 1 threads (40 CPU cores detected)

Reading alignment file ./results/gene17.phy ... Phylip format detected
Alignment most likely contains DNA/RNA sequences
Alignment has 10 sequences with 1000 columns and 472 patterns (320 informative sites, 403 constant sites)
   Gap/Ambiguity  Composition  p-value
   1  A    0.00%    passed     52.82%
   2  B    0.00%    passed     77.33%
   3  C    0.00%    passed     91.90%
   4  D    0.00%    passed     89.77%
   5  E    0.00%    passed     99.30%
   6  F    0.00%    passed     97.64%
   7  G    0.00%    passed     72.88%
   8  H    0.00%    passed     87.59%
   9  I    0.00%    passed     71.27%
  10  J    0.00%    passed     99.05%
****  TOTAL    0.00%  0 sequences failed composition chi2 test (p-value<5%; df=3)

Create initial parsimony tree by phylogenetic likelihood library (PLL)... 0.001 seconds

NOTE: ModelFinder requires 3 MB RAM!
ModelFinder will test 286 DNA models (sample size: 1000) ...
 No. Model         -LnL         df  AIC          AICc         BIC
  1  JC            7354.337     17  14742.673    14743.297    14826.105
  2  JC+I          7106.087     18  14248.175    14248.872    14336.515
  3  JC+G4         7048.960     18  14133.920    14134.617    14222.260
  4  JC+I+G4       7048.340     19  14134.681    14135.456    14227.928
  5  JC+R2         7056.044     19  14150.089    14150.864    14243.336
  6  JC+R3         7047.269     21  14136.538    14137.483    14239.601
  7  JC+R4         7047.242     23  14140.483    14141.614    14253.361
  8  JC+R5         Skipped 
  9  JC+R6         Skipped 
 10  JC+R7         Skipped 
 11  JC+R8         Skipped 
 12  JC+R9         Skipped 
 13  JC+R10        Skipped 
 14  F81           7248.320     20  14536.641    14537.499    14634.796
 15  F81+I         6993.700     21  14029.399    14030.344    14132.462
 16  F81+G4        6925.447     21  13892.894    13893.839    13995.957
 17  F81+I+G4      6925.542     22  13895.084    13896.120    14003.055
 18  F81+R2        6931.007     22  13906.013    13907.049    14013.984
 19  F81+R3        6924.974     24  13897.947    13899.178    14015.733
 20  F81+R4        Skipped 
 21  F81+R5        Skipped 
 22  F81+R6        Skipped 
 23  F81+R7        Skipped 
 24  F81+R8        Skipped 
 25  F81+R9        Skipped 
 26  F81+R10       Skipped 
 27  K2P           7261.506     18  14559.013    14559.710    14647.352
 28  K2P+I         7003.652     19  14045.305    14046.080    14138.552
 29  K2P+G4        6932.553     19  13903.105    13903.881    13996.353
 30  K2P+I+G4      6931.902     20  13903.804    13904.662    14001.959
 31  K2P+R2        6942.497     20  13924.994    13925.852    14023.149
 32  K2P+R3        6929.109     22  13902.217    13903.253    14010.188
 33  K2P+R4        6929.083     24  13906.166    13907.397    14023.952
 34  K2P+R5        Skipped 
 35  K2P+R6        Skipped 
 36  K2P+R7        Skipped 
 37  K2P+R8        Skipped 
 38  K2P+R9        Skipped 
 39  K2P+R10       Skipped 
 40  HKY           7150.503     21  14343.006    14343.951    14446.069
 41  HKY+I         6885.207     22  13814.415    13815.451    13922.385
 42  HKY+G4        6798.561     22  13641.122    13642.158    13749.093
 43  HKY+I+G4      6798.449     23  13642.898    13644.029    13755.776
 44  HKY+R2        6804.368     23  13654.736    13655.867    13767.614
 45  HKY+R3        6795.383     25  13640.766    13642.101    13763.460
 46  HKY+R4        6795.323     27  13644.646    13646.202    13777.155
 47  HKY+R5        Skipped 
 48  HKY+R6        Skipped 
 49  HKY+R7        Skipped 
 50  HKY+R8        Skipped 
 51  HKY+R9        Skipped 
 52  HKY+R10       Skipped 
 53  TNe           7259.961     19  14557.923    14558.698    14651.170
 54  TNe+I         7002.163     20  14044.326    14045.184    14142.481
 55  TNe+G4        6928.782     20  13897.564    13898.422    13995.719
 56  TNe+I+G4      6927.969     21  13897.939    13898.883    14001.002
 57  TNe+R2        6940.617     21  13923.234    13924.179    14026.297
 58  TNe+R3        6924.180     23  13894.360    13895.491    14007.239
 59  TNe+R4        6924.159     25  13898.319    13899.653    14021.013
 60  TNe+R5        Skipped 
 61  TNe+R6        Skipped 
 62  TNe+R7        Skipped 
 63  TNe+R8        Skipped 
 64  TNe+R9        Skipped 
 65  TNe+R10       Skipped 
 66  TN            7149.097     22  14342.194    14343.230    14450.165
 67  TN+I          6882.677     23  13811.353    13812.484    13924.232
 68  TN+G4         6797.250     23  13640.500    13641.631    13753.378
 69  TN+I+G4       6797.317     24  13642.634    13643.864    13760.420
 70  TN+R2         6802.642     24  13653.284    13654.514    13771.070
 71  TN+R3         6794.942     26  13641.884    13643.327    13769.485
 72  TN+R4         6794.862     28  13645.724    13647.397    13783.142
 73  TN+R5         Skipped 
 74  TN+R6         Skipped 
 75  TN+R7         Skipped 
 76  TN+R8         Skipped 
 77  TN+R9         Skipped 
 78  TN+R10        Skipped 
 79  K3P           7260.058     19  14558.116    14558.891    14651.363
 80  K3P+I         7001.803     20  14043.605    14044.463    14141.761
 81  K3P+G4        6930.310     20  13900.620    13901.478    13998.775
 82  K3P+I+G4      6929.679     21  13901.357    13902.302    14004.420
 83  K3P+R2        6940.112     21  13922.223    13923.168    14025.286
 84  K3P+R3        6927.259     23  13900.518    13901.649    14013.396
 85  K3P+R4        6927.249     25  13904.498    13905.832    14027.191
 86  K3P+R5        Skipped 
 87  K3P+R6        Skipped 
 88  K3P+R7        Skipped 
 89  K3P+R8        Skipped 
 90  K3P+R9        Skipped 
 91  K3P+R10       Skipped 
 92  K3Pu          7143.723     22  14331.446    14332.482    14439.416
 93  K3Pu+I        6876.198     23  13798.397    13799.528    13911.275
 94  K3Pu+G4       6788.567     23  13623.134    13624.265    13736.012
 95  K3Pu+I+G4     6788.620     24  13625.241    13626.472    13743.027
 96  K3Pu+R2       6794.387     24  13636.773    13638.004    13754.560
 97  K3Pu+R3       6786.860     26  13625.720    13627.163    13753.322
 98  K3Pu+R4       6786.731     28  13629.462    13631.134    13766.879
 99  K3Pu+R5       Skipped 
100  K3Pu+R6       Skipped 
101  K3Pu+R7       Skipped 
102  K3Pu+R8       Skipped 
103  K3Pu+R9       Skipped 
104  K3Pu+R10      Skipped 
105  TPM2          7148.294     22  14340.589    14341.625    14448.560
106  TPM2+I        6882.123     23  13810.246    13811.377    13923.125
107  TPM2+G4       6797.505     23  13641.010    13642.141    13753.888
108  TPM2+I+G4     6797.296     24  13642.593    13643.824    13760.379
109  TPM2+R2       6804.183     24  13656.366    13657.596    13774.152
110  TPM2+R3       6794.863     26  13641.727    13643.170    13769.328
111  TPM2+R4       6794.785     28  13645.569    13647.242    13782.986
112  TPM2+R5       Skipped 
113  TPM2+R6       Skipped 
114  TPM2+R7       Skipped 
115  TPM2+R8       Skipped 
116  TPM2+R9       Skipped 
117  TPM2+R10      Skipped 
118  TPM2u         7148.342     22  14340.685    14341.720    14448.655
119  TPM2u+I       6882.120     23  13810.239    13811.370    13923.118
120  TPM2u+G4      6797.508     23  13641.016    13642.147    13753.894
121  TPM2u+I+G4    6797.281     24  13642.562    13643.793    13760.348
122  TPM2u+R2      6804.183     24  13656.366    13657.597    13774.152
123  TPM2u+R3      6794.855     26  13641.710    13643.153    13769.312
124  TPM2u+R4      6794.759     28  13645.517    13647.190    13782.934
125  TPM2u+R5      Skipped 
126  TPM2u+R6      Skipped 
127  TPM2u+R7      Skipped 
128  TPM2u+R8      Skipped 
129  TPM2u+R9      Skipped 
130  TPM2u+R10     Skipped 
131  TPM3          7142.223     22  14328.446    14329.482    14436.416
132  TPM3+I        6869.380     23  13784.760    13785.891    13897.638
133  TPM3+G4       6785.565     23  13617.130    13618.261    13730.008
134  TPM3+I+G4     6785.222     24  13618.444    13619.675    13736.230
135  TPM3+R2       6792.949     24  13633.897    13635.128    13751.684
136  TPM3+R3       6784.904     26  13621.809    13623.252    13749.411
137  TPM3+R4       6784.714     28  13625.429    13627.101    13762.846
138  TPM3+R5       Skipped 
139  TPM3+R6       Skipped 
140  TPM3+R7       Skipped 
141  TPM3+R8       Skipped 
142  TPM3+R9       Skipped 
143  TPM3+R10      Skipped 
144  TPM3u         7142.253     22  14328.506    14329.542    14436.477
145  TPM3u+I       6869.379     23  13784.759    13785.890    13897.637
146  TPM3u+G4      6785.575     23  13617.150    13618.281    13730.029
147  TPM3u+I+G4    6785.220     24  13618.440    13619.671    13736.226
148  TPM3u+R2      6792.936     24  13633.872    13635.103    13751.658
149  TPM3u+R3      6784.794     26  13621.588    13623.031    13749.190
150  TPM3u+R4      6784.655     28  13625.310    13626.982    13762.727
151  TPM3u+R5      Skipped 
152  TPM3u+R6      Skipped 
153  TPM3u+R7      Skipped 
154  TPM3u+R8      Skipped 
155  TPM3u+R9      Skipped 
156  TPM3u+R10     Skipped 
157  TIMe          7258.522     20  14557.045    14557.903    14655.200
158  TIMe+I        7000.333     21  14042.666    14043.611    14145.729
159  TIMe+G4       6926.488     21  13894.976    13895.921    13998.039
160  TIMe+I+G4     6925.692     22  13895.385    13896.421    14003.356
161  TIMe+R2       6938.211     22  13920.422    13921.458    14028.393
162  TIMe+R3       6922.397     24  13892.795    13894.025    14010.581
163  TIMe+R4       6922.244     26  13896.488    13897.931    14024.090
164  TIMe+R5       Skipped 
165  TIMe+R6       Skipped 
166  TIMe+R7       Skipped 
167  TIMe+R8       Skipped 
168  TIMe+R9       Skipped 
169  TIMe+R10      Skipped 
170  TIM           7142.138     23  14330.276    14331.407    14443.154
171  TIM+I         6873.476     24  13794.951    13796.182    13912.737
172  TIM+G4        6787.661     24  13623.322    13624.553    13741.108
173  TIM+I+G4      6787.754     25  13625.507    13626.842    13748.201
174  TIM+R2        6793.025     25  13636.050    13637.385    13758.744
175  TIM+R3        6786.699     27  13627.398    13628.953    13759.907
176  TIM+R4        Skipped 
177  TIM+R5        Skipped 
178  TIM+R6        Skipped 
179  TIM+R7        Skipped 
180  TIM+R8        Skipped 
181  TIM+R9        Skipped 
182  TIM+R10       Skipped 
183  TIM2e         7244.546     20  14529.092    14529.950    14627.248
184  TIM2e+I       6983.598     21  14009.196    14010.141    14112.259
185  TIM2e+G4      6900.516     21  13843.032    13843.976    13946.094
186  TIM2e+I+G4    6899.428     22  13842.855    13843.891    13950.826
187  TIM2e+R2      6921.172     22  13886.344    13887.380    13994.315
188  TIM2e+R3      6892.732     24  13833.464    13834.695    13951.250
189  TIM2e+R4      6892.748     26  13837.497    13838.940    13965.098
190  TIM2e+R5      Skipped 
191  TIM2e+R6      Skipped 
192  TIM2e+R7      Skipped 
193  TIM2e+R8      Skipped 
194  TIM2e+R9      Skipped 
195  TIM2e+R10     Skipped 
196  TIM2          7146.786     23  14339.571    14340.702    14452.450
197  TIM2+I        6879.675     24  13807.349    13808.580    13925.135
198  TIM2+G4       6796.041     24  13640.081    13641.312    13757.867
199  TIM2+I+G4     6795.926     25  13641.853    13643.188    13764.547
200  TIM2+R2       6802.380     25  13654.761    13656.096    13777.455
201  TIM2+R3       6795.046     27  13644.092    13645.647    13776.601
202  TIM2+R4       6794.978     29  13647.956    13649.750    13790.281
203  TIM2+R5       Skipped 
204  TIM2+R6       Skipped 
205  TIM2+R7       Skipped 
206  TIM2+R8       Skipped 
207  TIM2+R9       Skipped 
208  TIM2+R10      Skipped 
209  TIM3e         7259.522     20  14559.044    14559.902    14657.199
210  TIM3e+I       7000.566     21  14043.132    14044.077    14146.195
211  TIM3e+G4      6927.447     21  13896.893    13897.838    13999.956
212  TIM3e+I+G4    6926.543     22  13897.086    13898.122    14005.056
213  TIM3e+R2      6939.576     22  13923.151    13924.187    14031.122
214  TIM3e+R3      6923.380     24  13894.759    13895.990    14012.545
215  TIM3e+R4      6923.255     26  13898.511    13899.954    14026.113
216  TIM3e+R5      Skipped 
217  TIM3e+R6      Skipped 
218  TIM3e+R7      Skipped 
219  TIM3e+R8      Skipped 
220  TIM3e+R9      Skipped 
221  TIM3e+R10     Skipped 
222  TIM3          7139.995     23  14325.990    14327.121    14438.869
223  TIM3+I        6865.633     24  13779.265    13780.496    13897.051
224  TIM3+G4       6783.837     24  13615.674    13616.905    13733.460
225  TIM3+I+G4     6783.718     25  13617.437    13618.771    13740.131
226  TIM3+R2       6791.016     25  13632.032    13633.367    13754.726
227  TIM3+R3       6783.863     27  13621.725    13623.281    13754.234
228  TIM3+R4       6783.677     29  13625.354    13627.148    13767.679
229  TIM3+R5       Skipped 
230  TIM3+R6       Skipped 
231  TIM3+R7       Skipped 
232  TIM3+R8       Skipped 
233  TIM3+R9       Skipped 
234  TIM3+R10      Skipped 
235  TVMe          7243.363     21  14528.726    14529.670    14631.788
236  TVMe+I        6981.457     22  14006.913    14007.949    14114.884
237  TVMe+G4       6901.851     22  13847.703    13848.739    13955.674
238  TVMe+I+G4     6900.717     23  13847.435    13848.566    13960.313
239  TVMe+R2       6920.185     23  13886.371    13887.502    13999.249
240  TVMe+R3       6895.007     25  13840.014    13841.349    13962.708
241  TVMe+R4       6894.996     27  13843.992    13845.547    13976.501
242  TVMe+R5       Skipped 
243  TVMe+R6       Skipped 
244  TVMe+R7       Skipped 
245  TVMe+R8       Skipped 
246  TVMe+R9       Skipped 
247  TVMe+R10      Skipped 
248  TVM           7136.363     24  14320.726    14321.957    14438.512
249  TVM+I         6862.838     25  13775.676    13777.011    13898.370
250  TVM+G4        6779.536     25  13609.072    13610.407    13731.766
251  TVM+I+G4      6779.382     26  13610.763    13612.206    13738.365
252  TVM+R2        6788.363     26  13628.725    13630.168    13756.327
253  TVM+R3        6779.367     28  13614.735    13616.407    13752.152
254  TVM+R4        6779.648     30  13619.296    13621.216    13766.529
255  TVM+R5        Skipped 
256  TVM+R6        Skipped 
257  TVM+R7        Skipped 
258  TVM+R8        Skipped 
259  TVM+R9        Skipped 
260  TVM+R10       Skipped 
261  SYM           7241.792     22  14527.584    14528.620    14635.555
262  SYM+I         6979.970     23  14005.941    14007.072    14118.819
263  SYM+G4        6894.823     23  13835.645    13836.776    13948.524
264  SYM+I+G4      6893.913     24  13835.826    13837.056    13953.612
265  SYM+R2        6916.799     24  13881.597    13882.828    13999.384
266  SYM+R3        6886.832     26  13825.663    13827.106    13953.265
267  SYM+R4        6886.839     28  13829.679    13831.351    13967.096
268  SYM+R5        Skipped 
269  SYM+R6        Skipped 
270  SYM+R7        Skipped 
271  SYM+R8        Skipped 
272  SYM+R9        Skipped 
273  SYM+R10       Skipped 
274  GTR           7134.094     25  14318.188    14319.522    14440.881
275  GTR+I         6859.330     26  13770.661    13772.104    13898.263
276  GTR+G4        6777.737     26  13607.473    13608.916    13735.075
277  GTR+I+G4      6777.695     27  13609.389    13610.945    13741.899
278  GTR+R2        6786.478     27  13626.955    13628.511    13759.464
279  GTR+R3        6778.025     29  13614.049    13615.843    13756.374
280  GTR+R4        6777.439     31  13616.878    13618.928    13769.019
281  GTR+R5        Skipped 
282  GTR+R6        Skipped 
283  GTR+R7        Skipped 
284  GTR+R8        Skipped 
285  GTR+R9        Skipped 
286  GTR+R10       Skipped 
Akaike Information Criterion:           GTR+G4
Corrected Akaike Information Criterion: GTR+G4
Bayesian Information Criterion:         TPM3+G4
Best-fit model: TPM3+G4 chosen according to BIC

All model information printed to ./results/gene17.phy.model
CPU time for ModelFinder: 15.354 seconds (0h:0m:15s)
Wall-clock time for ModelFinder: 24.462 seconds (0h:0m:24s)
Generating 1000 samples for ultrafast bootstrap (seed: 603397)...

NOTE: 2 MB RAM (0 GB) is required!
Estimate model parameters (epsilon = 0.100)
1. Initial log-likelihood: -6978.270
2. Current log-likelihood: -6796.320
3. Current log-likelihood: -6787.171
4. Current log-likelihood: -6786.571
Optimal log-likelihood: -6786.522
Rate parameters:  A-C: 2.043  A-G: 4.411  A-T: 1.000  C-G: 2.043  C-T: 4.411  G-T: 1.000
Base frequencies:   A: 0.393  C: 0.162  G: 0.201  T: 0.244
Gamma shape alpha: 0.496
Parameters optimization took 4 rounds (0.051 sec)
Computing ML distances based on estimated model parameters... 0.002 sec
Computing BIONJ tree...
0.000 seconds
Log-likelihood of BIONJ tree: -6786.437
--------------------------------------------------------------------
|             INITIALIZING CANDIDATE TREE SET                      |
--------------------------------------------------------------------
Generating 98 parsimony trees... 0.070 second
Computing log-likelihood of 93 initial trees ... 0.388 seconds
Current best score: -6786.437

Do NNI search on 20 best initial trees
Estimate model parameters (epsilon = 0.100)
BETTER TREE FOUND at iteration 1: -6783.585
Iteration 10 / LogL: -6785.127 / Time: 0h:0m:25s
Iteration 20 / LogL: -6786.126 / Time: 0h:0m:26s
Finish initializing candidate tree set (13)
Current best tree score: -6783.585 / CPU time: 1.614
Number of iterations: 20
--------------------------------------------------------------------
|               OPTIMIZING CANDIDATE TREE SET                      |
--------------------------------------------------------------------
UPDATE BEST LOG-LIKELIHOOD: -6783.585
Iteration 30 / LogL: -6784.567 / Time: 0h:0m:26s (0h:0m:4s left)
Iteration 40 / LogL: -6783.825 / Time: 0h:0m:26s (0h:0m:3s left)
Iteration 50 / LogL: -6784.554 / Time: 0h:0m:27s (0h:0m:2s left)
Log-likelihood cutoff on original alignment: -6792.181
UPDATE BEST LOG-LIKELIHOOD: -6783.585
Iteration 60 / LogL: -6783.825 / Time: 0h:0m:27s (0h:0m:2s left)
Iteration 70 / LogL: -6783.589 / Time: 0h:0m:28s (0h:0m:1s left)
UPDATE BEST LOG-LIKELIHOOD: -6783.585
Iteration 80 / LogL: -6783.586 / Time: 0h:0m:28s (0h:0m:1s left)
UPDATE BEST LOG-LIKELIHOOD: -6783.585
Estimate model parameters (epsilon = 0.100)
BETTER TREE FOUND at iteration 84: -6783.559
Iteration 90 / LogL: -6783.585 / Time: 0h:0m:28s (0h:0m:4s left)
Iteration 100 / LogL: -6784.713 / Time: 0h:0m:29s (0h:0m:4s left)
Log-likelihood cutoff on original alignment: -6791.941
NOTE: Bootstrap correlation coefficient of split occurrence frequencies: 0.990
NOTE: UFBoot does not converge, continue at least 100 more iterations
UPDATE BEST LOG-LIKELIHOOD: -6783.559
Iteration 110 / LogL: -6783.562 / Time: 0h:0m:29s (0h:0m:4s left)
Iteration 120 / LogL: -6783.561 / Time: 0h:0m:30s (0h:0m:3s left)
Iteration 130 / LogL: -6785.796 / Time: 0h:0m:30s (0h:0m:3s left)
Iteration 140 / LogL: -6783.822 / Time: 0h:0m:31s (0h:0m:2s left)
Iteration 150 / LogL: -6783.559 / Time: 0h:0m:31s (0h:0m:2s left)
Log-likelihood cutoff on original alignment: -6791.426
Iteration 160 / LogL: -6784.258 / Time: 0h:0m:32s (0h:0m:1s left)
UPDATE BEST LOG-LIKELIHOOD: -6783.559
Iteration 170 / LogL: -6783.567 / Time: 0h:0m:32s (0h:0m:1s left)
Iteration 180 / LogL: -6783.665 / Time: 0h:0m:32s (0h:0m:0s left)
Iteration 190 / LogL: -6783.588 / Time: 0h:0m:33s (0h:0m:0s left)
Iteration 200 / LogL: -6783.585 / Time: 0h:0m:33s (0h:0m:0s left)
Log-likelihood cutoff on original alignment: -6791.426
NOTE: Bootstrap correlation coefficient of split occurrence frequencies: 0.984
NOTE: UFBoot does not converge, continue at least 100 more iterations
Iteration 210 / LogL: -6783.725 / Time: 0h:0m:34s (0h:0m:4s left)
Iteration 220 / LogL: -6783.560 / Time: 0h:0m:34s (0h:0m:3s left)
Iteration 230 / LogL: -6783.559 / Time: 0h:0m:35s (0h:0m:3s left)
Iteration 240 / LogL: -6783.987 / Time: 0h:0m:35s (0h:0m:2s left)
Iteration 250 / LogL: -6783.559 / Time: 0h:0m:36s (0h:0m:2s left)
Log-likelihood cutoff on original alignment: -6792.296
UPDATE BEST LOG-LIKELIHOOD: -6783.559
Iteration 260 / LogL: -6783.589 / Time: 0h:0m:36s (0h:0m:1s left)
UPDATE BEST LOG-LIKELIHOOD: -6783.559
Iteration 270 / LogL: -6783.585 / Time: 0h:0m:36s (0h:0m:1s left)
UPDATE BEST LOG-LIKELIHOOD: -6783.559
Iteration 280 / LogL: -6783.585 / Time: 0h:0m:37s (0h:0m:0s left)
Iteration 290 / LogL: -6784.679 / Time: 0h:0m:37s (0h:0m:0s left)
Iteration 300 / LogL: -6783.679 / Time: 0h:0m:38s (0h:0m:0s left)
Log-likelihood cutoff on original alignment: -6792.296
NOTE: Bootstrap correlation coefficient of split occurrence frequencies: 0.979
NOTE: UFBoot does not converge, continue at least 100 more iterations
Iteration 310 / LogL: -6784.258 / Time: 0h:0m:38s (0h:0m:4s left)
Iteration 320 / LogL: -6783.585 / Time: 0h:0m:39s (0h:0m:3s left)
UPDATE BEST LOG-LIKELIHOOD: -6783.559
Iteration 330 / LogL: -6783.559 / Time: 0h:0m:39s (0h:0m:3s left)
Iteration 340 / LogL: -6783.585 / Time: 0h:0m:39s (0h:0m:2s left)
Iteration 350 / LogL: -6783.559 / Time: 0h:0m:40s (0h:0m:2s left)
Log-likelihood cutoff on original alignment: -6792.296
Iteration 360 / LogL: -6783.559 / Time: 0h:0m:40s (0h:0m:1s left)
Iteration 370 / LogL: -6783.587 / Time: 0h:0m:41s (0h:0m:1s left)
Iteration 380 / LogL: -6783.586 / Time: 0h:0m:41s (0h:0m:0s left)
Iteration 390 / LogL: -6783.559 / Time: 0h:0m:42s (0h:0m:0s left)
Iteration 400 / LogL: -6783.987 / Time: 0h:0m:42s (0h:0m:0s left)
Log-likelihood cutoff on original alignment: -6792.296
NOTE: Bootstrap correlation coefficient of split occurrence frequencies: 0.982
NOTE: UFBoot does not converge, continue at least 100 more iterations
Iteration 410 / LogL: -6783.588 / Time: 0h:0m:43s (0h:0m:4s left)
UPDATE BEST LOG-LIKELIHOOD: -6783.559
Iteration 420 / LogL: -6783.559 / Time: 0h:0m:43s (0h:0m:3s left)
Iteration 430 / LogL: -6783.665 / Time: 0h:0m:44s (0h:0m:3s left)
Iteration 440 / LogL: -6783.597 / Time: 0h:0m:44s (0h:0m:2s left)
Iteration 450 / LogL: -6783.585 / Time: 0h:0m:45s (0h:0m:2s left)
Log-likelihood cutoff on original alignment: -6792.296
Iteration 460 / LogL: -6783.586 / Time: 0h:0m:45s (0h:0m:1s left)
Iteration 470 / LogL: -6783.587 / Time: 0h:0m:46s (0h:0m:1s left)
Iteration 480 / LogL: -6783.559 / Time: 0h:0m:46s (0h:0m:0s left)
Iteration 490 / LogL: -6783.559 / Time: 0h:0m:46s (0h:0m:0s left)
Iteration 500 / LogL: -6783.559 / Time: 0h:0m:47s (0h:0m:0s left)
Log-likelihood cutoff on original alignment: -6792.296
NOTE: Bootstrap correlation coefficient of split occurrence frequencies: 0.994
TREE SEARCH COMPLETED AFTER 500 ITERATIONS / Time: 0h:0m:47s

--------------------------------------------------------------------
|                    FINALIZING TREE SEARCH                        |
--------------------------------------------------------------------
Performs final model parameters optimization
Estimate model parameters (epsilon = 0.010)
1. Initial log-likelihood: -6783.559
Optimal log-likelihood: -6783.559
Rate parameters:  A-C: 2.019  A-G: 4.406  A-T: 1.000  C-G: 2.019  C-T: 4.406  G-T: 1.000
Base frequencies:   A: 0.393  C: 0.162  G: 0.201  T: 0.244
Gamma shape alpha: 0.502
Parameters optimization took 1 rounds (0.006 sec)
BEST SCORE FOUND : -6783.559
Creating bootstrap support values...
Split supports printed to NEXUS file ./results/gene17.phy.splits.nex
Total tree length: 2.569

Total number of iterations: 500
CPU time used for tree search: 22.390 sec (0h:0m:22s)
Wall-clock time used for tree search: 22.936 sec (0h:0m:22s)
Total CPU time used: 37.863 sec (0h:0m:37s)
Total wall-clock time used: 47.522 sec (0h:0m:47s)

Computing bootstrap consensus tree...
Reading input file ./results/gene17.phy.splits.nex...
10 taxa and 192 splits.
Consensus tree written to ./results/gene17.phy.contree
Reading input trees file ./results/gene17.phy.contree
Log-likelihood of consensus tree: -6783.759

Analysis results written to: 
  IQ-TREE report:                ./results/gene17.phy.iqtree
  Maximum-likelihood tree:       ./results/gene17.phy.treefile
  Likelihood distances:          ./results/gene17.phy.mldist

Ultrafast bootstrap approximation results written to:
  Split support values:          ./results/gene17.phy.splits.nex
  Consensus tree:                ./results/gene17.phy.contree
  Screen log file:               ./results/gene17.phy.log

Date and Time: Tue Aug 22 18:32:48 2017
