IQ-TREE multicore version 1.5.4 for Linux 64-bit built Apr  2 2017
Copyright (c) 2011-2017 by Bui Quang Minh, Nguyen Lam Tung,
Olga Chernomor, Heiko Schmidt, and Arndt von Haeseler.

Host:    hpc-crick (AVX, 251 GB RAM)
Command: iqtree -s ./results/gene7.phy -nt 1 -bb 1000
Seed:    467390 (Using SPRNG - Scalable Parallel Random Number Generator)
Time:    Tue Aug 22 18:27:45 2017
Kernel:  AVX - 1 threads (40 CPU cores detected)

Reading alignment file ./results/gene7.phy ... Phylip format detected
Alignment most likely contains DNA/RNA sequences
Alignment has 10 sequences with 1000 columns and 446 patterns (299 informative sites, 431 constant sites)
   Gap/Ambiguity  Composition  p-value
   1  A    0.00%    passed     90.52%
   2  B    0.00%    passed     91.75%
   3  C    0.00%    passed     55.69%
   4  D    0.00%    passed     69.87%
   5  E    0.00%    passed     72.54%
   6  F    0.00%    passed     82.81%
   7  G    0.00%    passed     99.48%
   8  H    0.00%    passed     98.63%
   9  I    0.00%    passed     98.72%
  10  J    0.00%    passed     79.26%
****  TOTAL    0.00%  0 sequences failed composition chi2 test (p-value<5%; df=3)

Create initial parsimony tree by phylogenetic likelihood library (PLL)... 0.001 seconds

NOTE: ModelFinder requires 3 MB RAM!
ModelFinder will test 286 DNA models (sample size: 1000) ...
 No. Model         -LnL         df  AIC          AICc         BIC
  1  JC            7009.884     17  14053.767    14054.390    14137.199
  2  JC+I          6763.990     18  13563.980    13564.677    13652.320
  3  JC+G4         6709.004     18  13454.008    13454.705    13542.347
  4  JC+I+G4       6709.606     19  13457.212    13457.988    13550.460
  5  JC+R2         6712.016     19  13462.031    13462.807    13555.279
  6  JC+R3         6708.980     21  13459.960    13460.905    13563.023
  7  JC+R4         Skipped 
  8  JC+R5         Skipped 
  9  JC+R6         Skipped 
 10  JC+R7         Skipped 
 11  JC+R8         Skipped 
 12  JC+R9         Skipped 
 13  JC+R10        Skipped 
 14  F81           6910.870     20  13861.739    13862.597    13959.895
 15  F81+I         6656.885     21  13355.771    13356.715    13458.833
 16  F81+G4        6598.771     21  13239.541    13240.486    13342.604
 17  F81+I+G4      6599.271     22  13242.542    13243.578    13350.513
 18  F81+R2        6602.179     22  13248.358    13249.394    13356.329
 19  F81+R3        6598.646     24  13245.292    13246.522    13363.078
 20  F81+R4        Skipped 
 21  F81+R5        Skipped 
 22  F81+R6        Skipped 
 23  F81+R7        Skipped 
 24  F81+R8        Skipped 
 25  F81+R9        Skipped 
 26  F81+R10       Skipped 
 27  K2P           6881.384     18  13798.768    13799.465    13887.107
 28  K2P+I         6624.936     19  13287.871    13288.647    13381.118
 29  K2P+G4        6560.532     19  13159.064    13159.840    13252.311
 30  K2P+I+G4      6561.087     20  13162.173    13163.031    13260.328
 31  K2P+R2        6565.376     20  13170.752    13171.611    13268.908
 32  K2P+R3        6560.452     22  13164.904    13165.940    13272.875
 33  K2P+R4        Skipped 
 34  K2P+R5        Skipped 
 35  K2P+R6        Skipped 
 36  K2P+R7        Skipped 
 37  K2P+R8        Skipped 
 38  K2P+R9        Skipped 
 39  K2P+R10       Skipped 
 40  HKY           6772.543     21  13587.086    13588.031    13690.149
 41  HKY+I         6513.648     22  13071.296    13072.332    13179.267
 42  HKY+G4        6444.294     22  12932.588    12933.624    13040.559
 43  HKY+I+G4      6444.543     23  12935.086    12936.217    13047.964
 44  HKY+R2        6449.286     23  12944.572    12945.703    13057.450
 45  HKY+R3        6444.225     25  12938.450    12939.785    13061.144
 46  HKY+R4        Skipped 
 47  HKY+R5        Skipped 
 48  HKY+R6        Skipped 
 49  HKY+R7        Skipped 
 50  HKY+R8        Skipped 
 51  HKY+R9        Skipped 
 52  HKY+R10       Skipped 
 53  TNe           6876.489     19  13790.978    13791.754    13884.226
 54  TNe+I         6622.166     20  13284.332    13285.190    13382.487
 55  TNe+G4        6556.344     20  13152.688    13153.546    13250.843
 56  TNe+I+G4      6556.958     21  13155.915    13156.860    13258.978
 57  TNe+R2        6560.682     21  13163.365    13164.310    13266.428
 58  TNe+R3        6556.240     23  13158.480    13159.612    13271.359
 59  TNe+R4        Skipped 
 60  TNe+R5        Skipped 
 61  TNe+R6        Skipped 
 62  TNe+R7        Skipped 
 63  TNe+R8        Skipped 
 64  TNe+R9        Skipped 
 65  TNe+R10       Skipped 
 66  TN            6772.387     22  13588.774    13589.810    13696.745
 67  TN+I          6513.596     23  13073.192    13074.324    13186.071
 68  TN+G4         6444.205     23  12934.410    12935.542    13047.289
 69  TN+I+G4       6444.487     24  12936.973    12938.204    13054.759
 70  TN+R2         6449.258     24  12946.517    12947.747    13064.303
 71  TN+R3         6444.231     26  12940.462    12941.905    13068.063
 72  TN+R4         Skipped 
 73  TN+R5         Skipped 
 74  TN+R6         Skipped 
 75  TN+R7         Skipped 
 76  TN+R8         Skipped 
 77  TN+R9         Skipped 
 78  TN+R10        Skipped 
 79  K3P           6881.312     19  13800.624    13801.400    13893.872
 80  K3P+I         6624.551     20  13289.101    13289.959    13387.256
 81  K3P+G4        6558.551     20  13157.101    13157.959    13255.257
 82  K3P+I+G4      6559.044     21  13160.088    13161.033    13263.151
 83  K3P+R2        6563.552     21  13169.104    13170.049    13272.167
 84  K3P+R3        6558.422     23  13162.844    13163.975    13275.722
 85  K3P+R4        Skipped 
 86  K3P+R5        Skipped 
 87  K3P+R6        Skipped 
 88  K3P+R7        Skipped 
 89  K3P+R8        Skipped 
 90  K3P+R9        Skipped 
 91  K3P+R10       Skipped 
 92  K3Pu          6769.340     22  13582.681    13583.717    13690.651
 93  K3Pu+I        6510.447     23  13066.894    13068.025    13179.772
 94  K3Pu+G4       6436.568     23  12919.136    12920.267    13032.014
 95  K3Pu+I+G4     6436.865     24  12921.731    12922.962    13039.517
 96  K3Pu+R2       6442.789     24  12933.578    12934.809    13051.364
 97  K3Pu+R3       6436.614     26  12925.229    12926.672    13052.830
 98  K3Pu+R4       Skipped 
 99  K3Pu+R5       Skipped 
100  K3Pu+R6       Skipped 
101  K3Pu+R7       Skipped 
102  K3Pu+R8       Skipped 
103  K3Pu+R9       Skipped 
104  K3Pu+R10      Skipped 
105  TPM2          6769.775     22  13583.551    13584.587    13691.521
106  TPM2+I        6510.882     23  13067.765    13068.896    13180.643
107  TPM2+G4       6442.890     23  12931.779    12932.910    13044.658
108  TPM2+I+G4     6443.173     24  12934.346    12935.577    13052.132
109  TPM2+R2       6447.653     24  12943.305    12944.536    13061.092
110  TPM2+R3       6442.800     26  12937.600    12939.043    13065.201
111  TPM2+R4       Skipped 
112  TPM2+R5       Skipped 
113  TPM2+R6       Skipped 
114  TPM2+R7       Skipped 
115  TPM2+R8       Skipped 
116  TPM2+R9       Skipped 
117  TPM2+R10      Skipped 
118  TPM2u         6769.779     22  13583.558    13584.594    13691.529
119  TPM2u+I       6510.878     23  13067.756    13068.887    13180.634
120  TPM2u+G4      6442.879     23  12931.758    12932.890    13044.637
121  TPM2u+I+G4    6443.160     24  12934.319    12935.550    13052.105
122  TPM2u+R2      6447.653     24  12943.307    12944.538    13061.093
123  TPM2u+R3      6442.901     26  12937.802    12939.245    13065.404
124  TPM2u+R4      Skipped 
125  TPM2u+R5      Skipped 
126  TPM2u+R6      Skipped 
127  TPM2u+R7      Skipped 
128  TPM2u+R8      Skipped 
129  TPM2u+R9      Skipped 
130  TPM2u+R10     Skipped 
131  TPM3          6747.791     22  13539.582    13540.618    13647.552
132  TPM3+I        6495.962     23  13037.925    13039.056    13150.803
133  TPM3+G4       6420.335     23  12886.670    12887.801    12999.549
134  TPM3+I+G4     6420.915     24  12889.830    12891.061    13007.616
135  TPM3+R2       6426.537     24  12901.073    12902.304    13018.859
136  TPM3+R3       6420.065     26  12892.130    12893.573    13019.731
137  TPM3+R4       Skipped 
138  TPM3+R5       Skipped 
139  TPM3+R6       Skipped 
140  TPM3+R7       Skipped 
141  TPM3+R8       Skipped 
142  TPM3+R9       Skipped 
143  TPM3+R10      Skipped 
144  TPM3u         6747.868     22  13539.736    13540.772    13647.707
145  TPM3u+I       6495.962     23  13037.925    13039.056    13150.803
146  TPM3u+G4      6420.342     23  12886.684    12887.815    12999.563
147  TPM3u+I+G4    6420.892     24  12889.784    12891.014    13007.570
148  TPM3u+R2      6426.535     24  12901.070    12902.301    13018.856
149  TPM3u+R3      6420.046     26  12892.093    12893.536    13019.694
150  TPM3u+R4      Skipped 
151  TPM3u+R5      Skipped 
152  TPM3u+R6      Skipped 
153  TPM3u+R7      Skipped 
154  TPM3u+R8      Skipped 
155  TPM3u+R9      Skipped 
156  TPM3u+R10     Skipped 
157  TIMe          6876.418     20  13792.836    13793.694    13890.991
158  TIMe+I        6621.817     21  13285.633    13286.578    13388.696
159  TIMe+G4       6554.440     21  13150.880    13151.825    13253.943
160  TIMe+I+G4     6554.934     22  13153.868    13154.904    13261.839
161  TIMe+R2       6558.926     22  13161.852    13162.888    13269.823
162  TIMe+R3       6554.288     24  13156.576    13157.806    13274.362
163  TIMe+R4       Skipped 
164  TIMe+R5       Skipped 
165  TIMe+R6       Skipped 
166  TIMe+R7       Skipped 
167  TIMe+R8       Skipped 
168  TIMe+R9       Skipped 
169  TIMe+R10      Skipped 
170  TIM           6769.236     23  13584.473    13585.604    13697.351
171  TIM+I         6510.391     24  13068.783    13070.013    13186.569
172  TIM+G4        6436.625     24  12921.251    12922.482    13039.037
173  TIM+I+G4      6436.787     25  12923.574    12924.909    13046.268
174  TIM+R2        6442.765     25  12935.529    12936.864    13058.223
175  TIM+R3        6436.662     27  12927.324    12928.880    13059.833
176  TIM+R4        Skipped 
177  TIM+R5        Skipped 
178  TIM+R6        Skipped 
179  TIM+R7        Skipped 
180  TIM+R8        Skipped 
181  TIM+R9        Skipped 
182  TIM+R10       Skipped 
183  TIM2e         6860.807     20  13761.615    13762.473    13859.770
184  TIM2e+I       6606.558     21  13255.115    13256.060    13358.178
185  TIM2e+G4      6532.769     21  13107.538    13108.482    13210.601
186  TIM2e+I+G4    6533.226     22  13110.453    13111.489    13218.423
187  TIM2e+R2      6538.927     22  13121.854    13122.890    13229.825
188  TIM2e+R3      6532.356     24  13112.711    13113.942    13230.497
189  TIM2e+R4      Skipped 
190  TIM2e+R5      Skipped 
191  TIM2e+R6      Skipped 
192  TIM2e+R7      Skipped 
193  TIM2e+R8      Skipped 
194  TIM2e+R9      Skipped 
195  TIM2e+R10     Skipped 
196  TIM2          6769.670     23  13585.341    13586.472    13698.219
197  TIM2+I        6510.827     24  13069.653    13070.884    13187.440
198  TIM2+G4       6442.787     24  12933.574    12934.805    13051.360
199  TIM2+I+G4     6443.043     25  12936.086    12937.421    13058.780
200  TIM2+R2       6447.641     25  12945.281    12946.616    13067.975
201  TIM2+R3       6442.795     27  12939.591    12941.146    13072.100
202  TIM2+R4       Skipped 
203  TIM2+R5       Skipped 
204  TIM2+R6       Skipped 
205  TIM2+R7       Skipped 
206  TIM2+R8       Skipped 
207  TIM2+R9       Skipped 
208  TIM2+R10      Skipped 
209  TIM3e         6868.966     20  13777.932    13778.790    13876.088
210  TIM3e+I       6617.045     21  13276.089    13277.034    13379.152
211  TIM3e+G4      6550.082     21  13142.165    13143.110    13245.228
212  TIM3e+I+G4    6550.623     22  13145.245    13146.281    13253.216
213  TIM3e+R2      6554.481     22  13152.962    13153.998    13260.933
214  TIM3e+R3      6549.850     24  13147.701    13148.931    13265.487
215  TIM3e+R4      Skipped 
216  TIM3e+R5      Skipped 
217  TIM3e+R6      Skipped 
218  TIM3e+R7      Skipped 
219  TIM3e+R8      Skipped 
220  TIM3e+R9      Skipped 
221  TIM3e+R10     Skipped 
222  TIM3          6747.771     23  13541.543    13542.674    13654.421
223  TIM3+I        6495.836     24  13039.672    13040.903    13157.458
224  TIM3+G4       6419.910     24  12887.820    12889.051    13005.606
225  TIM3+I+G4     6420.205     25  12890.411    12891.746    13013.105
226  TIM3+R2       6426.314     25  12902.628    12903.963    13025.322
227  TIM3+R3       6419.740     27  12893.479    12895.035    13025.988
228  TIM3+R4       Skipped 
229  TIM3+R5       Skipped 
230  TIM3+R6       Skipped 
231  TIM3+R7       Skipped 
232  TIM3+R8       Skipped 
233  TIM3+R9       Skipped 
234  TIM3+R10      Skipped 
235  TVMe          6858.607     21  13759.214    13760.158    13862.276
236  TVMe+I        6604.608     22  13253.215    13254.251    13361.186
237  TVMe+G4       6532.257     22  13108.513    13109.549    13216.484
238  TVMe+I+G4     6532.401     23  13110.802    13111.933    13223.680
239  TVMe+R2       6538.384     23  13122.768    13123.899    13235.646
240  TVMe+R3       6531.562     25  13113.124    13114.459    13235.818
241  TVMe+R4       Skipped 
242  TVMe+R5       Skipped 
243  TVMe+R6       Skipped 
244  TVMe+R7       Skipped 
245  TVMe+R8       Skipped 
246  TVMe+R9       Skipped 
247  TVMe+R10      Skipped 
248  TVM           6745.144     24  13538.287    13539.518    13656.073
249  TVM+I         6493.205     25  13036.410    13037.745    13159.104
250  TVM+G4        6417.542     25  12885.084    12886.419    13007.778
251  TVM+I+G4      6418.052     26  12888.105    12889.548    13015.706
252  TVM+R2        6424.070     26  12900.139    12901.582    13027.741
253  TVM+R3        6417.275     28  12890.550    12892.222    13027.967
254  TVM+R4        Skipped 
255  TVM+R5        Skipped 
256  TVM+R6        Skipped 
257  TVM+R7        Skipped 
258  TVM+R8        Skipped 
259  TVM+R9        Skipped 
260  TVM+R10       Skipped 
261  SYM           6854.063     22  13752.126    13753.162    13860.097
262  SYM+I         6601.895     23  13249.790    13250.921    13362.668
263  SYM+G4        6526.673     23  13099.345    13100.476    13212.224
264  SYM+I+G4      6526.759     24  13101.519    13102.750    13219.305
265  SYM+R2        6532.304     24  13112.608    13113.839    13230.394
266  SYM+R3        6525.714     26  13103.429    13104.872    13231.030
267  SYM+R4        Skipped 
268  SYM+R5        Skipped 
269  SYM+R6        Skipped 
270  SYM+R7        Skipped 
271  SYM+R8        Skipped 
272  SYM+R9        Skipped 
273  SYM+R10       Skipped 
274  GTR           6745.124     25  13540.249    13541.583    13662.942
275  GTR+I         6493.096     26  13038.191    13039.634    13165.793
276  GTR+G4        6417.433     26  12886.865    12888.308    13014.467
277  GTR+I+G4      6417.771     27  12889.543    12891.098    13022.052
278  GTR+R2        6424.157     27  12902.314    12903.870    13034.824
279  GTR+R3        6417.065     29  12892.130    12893.924    13034.455
280  GTR+R4        6417.076     31  12896.152    12898.202    13048.293
281  GTR+R5        Skipped 
282  GTR+R6        Skipped 
283  GTR+R7        Skipped 
284  GTR+R8        Skipped 
285  GTR+R9        Skipped 
286  GTR+R10       Skipped 
Akaike Information Criterion:           TVM+G4
Corrected Akaike Information Criterion: TVM+G4
Bayesian Information Criterion:         TPM3+G4
Best-fit model: TPM3+G4 chosen according to BIC

All model information printed to ./results/gene7.phy.model
CPU time for ModelFinder: 5.348 seconds (0h:0m:5s)
Wall-clock time for ModelFinder: 7.159 seconds (0h:0m:7s)
Generating 1000 samples for ultrafast bootstrap (seed: 467390)...

NOTE: 2 MB RAM (0 GB) is required!
Estimate model parameters (epsilon = 0.100)
1. Initial log-likelihood: -6667.352
2. Current log-likelihood: -6552.255
3. Current log-likelihood: -6469.376
4. Current log-likelihood: -6435.427
5. Current log-likelihood: -6423.045
6. Current log-likelihood: -6421.660
7. Current log-likelihood: -6421.328
Optimal log-likelihood: -6421.247
Rate parameters:  A-C: 3.219  A-G: 6.645  A-T: 1.000  C-G: 3.219  C-T: 6.645  G-T: 1.000
Base frequencies:   A: 0.394  C: 0.154  G: 0.195  T: 0.256
Gamma shape alpha: 0.462
Parameters optimization took 7 rounds (0.058 sec)
Computing ML distances based on estimated model parameters... 0.001 sec
Computing BIONJ tree...
0.000 seconds
Log-likelihood of BIONJ tree: -6424.422
--------------------------------------------------------------------
|             INITIALIZING CANDIDATE TREE SET                      |
--------------------------------------------------------------------
Generating 98 parsimony trees... 0.040 second
Computing log-likelihood of 97 initial trees ... 0.221 seconds
Current best score: -6421.247

Do NNI search on 20 best initial trees
Estimate model parameters (epsilon = 0.100)
BETTER TREE FOUND at iteration 1: -6420.793
Estimate model parameters (epsilon = 0.100)
BETTER TREE FOUND at iteration 2: -6417.166
Estimate model parameters (epsilon = 0.100)
BETTER TREE FOUND at iteration 3: -6416.925
BETTER TREE FOUND at iteration 7: -6416.925
Iteration 10 / LogL: -6421.199 / Time: 0h:0m:7s
Iteration 20 / LogL: -6417.169 / Time: 0h:0m:8s
Finish initializing candidate tree set (11)
Current best tree score: -6416.925 / CPU time: 1.146
Number of iterations: 20
--------------------------------------------------------------------
|               OPTIMIZING CANDIDATE TREE SET                      |
--------------------------------------------------------------------
Iteration 30 / LogL: -6416.926 / Time: 0h:0m:8s (0h:0m:3s left)
UPDATE BEST LOG-LIKELIHOOD: -6416.921
UPDATE BEST LOG-LIKELIHOOD: -6416.920
Iteration 40 / LogL: -6417.202 / Time: 0h:0m:8s (0h:0m:3s left)
Iteration 50 / LogL: -6417.174 / Time: 0h:0m:9s (0h:0m:2s left)
Log-likelihood cutoff on original alignment: -6427.097
Iteration 60 / LogL: -6416.926 / Time: 0h:0m:9s (0h:0m:1s left)
Iteration 70 / LogL: -6416.927 / Time: 0h:0m:9s (0h:0m:1s left)
Iteration 80 / LogL: -6417.192 / Time: 0h:0m:10s (0h:0m:1s left)
Iteration 90 / LogL: -6416.949 / Time: 0h:0m:10s (0h:0m:0s left)
Iteration 100 / LogL: -6417.290 / Time: 0h:0m:10s (0h:0m:0s left)
Log-likelihood cutoff on original alignment: -6427.097
NOTE: Bootstrap correlation coefficient of split occurrence frequencies: 0.994
TREE SEARCH COMPLETED AFTER 108 ITERATIONS / Time: 0h:0m:11s

--------------------------------------------------------------------
|                    FINALIZING TREE SEARCH                        |
--------------------------------------------------------------------
Performs final model parameters optimization
Estimate model parameters (epsilon = 0.010)
1. Initial log-likelihood: -6416.920
Optimal log-likelihood: -6416.914
Rate parameters:  A-C: 3.114  A-G: 6.505  A-T: 1.000  C-G: 3.114  C-T: 6.505  G-T: 1.000
Base frequencies:   A: 0.394  C: 0.154  G: 0.195  T: 0.256
Gamma shape alpha: 0.465
Parameters optimization took 1 rounds (0.006 sec)
BEST SCORE FOUND : -6416.914
Creating bootstrap support values...
Split supports printed to NEXUS file ./results/gene7.phy.splits.nex
Total tree length: 2.428

Total number of iterations: 108
CPU time used for tree search: 3.779 sec (0h:0m:3s)
Wall-clock time used for tree search: 3.903 sec (0h:0m:3s)
Total CPU time used: 9.237 sec (0h:0m:9s)
Total wall-clock time used: 11.186 sec (0h:0m:11s)

Computing bootstrap consensus tree...
Reading input file ./results/gene7.phy.splits.nex...
10 taxa and 157 splits.
Consensus tree written to ./results/gene7.phy.contree
Reading input trees file ./results/gene7.phy.contree
Log-likelihood of consensus tree: -6416.920

Analysis results written to: 
  IQ-TREE report:                ./results/gene7.phy.iqtree
  Maximum-likelihood tree:       ./results/gene7.phy.treefile
  Likelihood distances:          ./results/gene7.phy.mldist

Ultrafast bootstrap approximation results written to:
  Split support values:          ./results/gene7.phy.splits.nex
  Consensus tree:                ./results/gene7.phy.contree
  Screen log file:               ./results/gene7.phy.log

Date and Time: Tue Aug 22 18:27:56 2017
