IQ-TREE multicore version 1.5.4 for Linux 64-bit built Apr  2 2017
Copyright (c) 2011-2017 by Bui Quang Minh, Nguyen Lam Tung,
Olga Chernomor, Heiko Schmidt, and Arndt von Haeseler.

Host:    hpc-crick (AVX, 251 GB RAM)
Command: iqtree -s ./results/gene18.phy -nt 1 -bb 1000
Seed:    695379 (Using SPRNG - Scalable Parallel Random Number Generator)
Time:    Tue Aug 22 17:23:31 2017
Kernel:  AVX - 1 threads (40 CPU cores detected)

Reading alignment file ./results/gene18.phy ... Phylip format detected
Alignment most likely contains DNA/RNA sequences
Alignment has 10 sequences with 1000 columns and 447 patterns (309 informative sites, 433 constant sites)
   Gap/Ambiguity  Composition  p-value
   1  A    0.00%    passed     81.15%
   2  B    0.00%    passed     48.76%
   3  C    0.00%    passed     72.91%
   4  D    0.00%    passed     78.46%
   5  E    0.00%    passed     99.25%
   6  F    0.00%    passed     73.77%
   7  G    0.00%    passed     88.90%
   8  H    0.00%    passed     92.74%
   9  I    0.00%    passed     41.45%
  10  J    0.00%    passed     89.80%
****  TOTAL    0.00%  0 sequences failed composition chi2 test (p-value<5%; df=3)

Create initial parsimony tree by phylogenetic likelihood library (PLL)... 0.000 seconds

NOTE: ModelFinder requires 3 MB RAM!
ModelFinder will test 286 DNA models (sample size: 1000) ...
 No. Model         -LnL         df  AIC          AICc         BIC
  1  JC            7076.301     17  14186.602    14187.225    14270.034
  2  JC+I          6816.973     18  13669.946    13670.643    13758.285
  3  JC+G4         6768.885     18  13573.770    13574.467    13662.110
  4  JC+I+G4       6769.329     19  13576.657    13577.433    13669.905
  5  JC+R2         6768.560     19  13575.121    13575.896    13668.368
  6  JC+R3         6767.591     21  13577.182    13578.127    13680.245
  7  JC+R4         Skipped 
  8  JC+R5         Skipped 
  9  JC+R6         Skipped 
 10  JC+R7         Skipped 
 11  JC+R8         Skipped 
 12  JC+R9         Skipped 
 13  JC+R10        Skipped 
 14  F81           6955.661     20  13951.322    13952.180    14049.477
 15  F81+I         6694.680     21  13431.360    13432.305    13534.423
 16  F81+G4        6642.340     21  13326.679    13327.624    13429.742
 17  F81+I+G4      6642.502     22  13329.003    13330.039    13436.974
 18  F81+R2        6646.137     22  13336.274    13337.310    13444.245
 19  F81+R3        6641.778     24  13331.556    13332.787    13449.342
 20  F81+R4        Skipped 
 21  F81+R5        Skipped 
 22  F81+R6        Skipped 
 23  F81+R7        Skipped 
 24  F81+R8        Skipped 
 25  F81+R9        Skipped 
 26  F81+R10       Skipped 
 27  K2P           6932.002     18  13900.005    13900.702    13988.344
 28  K2P+I         6662.702     19  13363.404    13364.180    13456.652
 29  K2P+G4        6605.842     19  13249.683    13250.459    13342.931
 30  K2P+I+G4      6606.346     20  13252.692    13253.550    13350.847
 31  K2P+R2        6608.029     20  13256.058    13256.916    13354.213
 32  K2P+R3        6605.481     22  13254.962    13255.997    13362.932
 33  K2P+R4        Skipped 
 34  K2P+R5        Skipped 
 35  K2P+R6        Skipped 
 36  K2P+R7        Skipped 
 37  K2P+R8        Skipped 
 38  K2P+R9        Skipped 
 39  K2P+R10       Skipped 
 40  HKY           6809.666     21  13661.333    13662.277    13764.395
 41  HKY+I         6536.704     22  13117.407    13118.443    13225.378
 42  HKY+G4        6468.265     22  12980.531    12981.567    13088.502
 43  HKY+I+G4      6468.660     23  12983.320    12984.452    13096.199
 44  HKY+R2        6476.694     23  12999.389    13000.520    13112.267
 45  HKY+R3        6468.090     25  12986.180    12987.515    13108.874
 46  HKY+R4        6468.074     27  12990.149    12991.704    13122.658
 47  HKY+R5        Skipped 
 48  HKY+R6        Skipped 
 49  HKY+R7        Skipped 
 50  HKY+R8        Skipped 
 51  HKY+R9        Skipped 
 52  HKY+R10       Skipped 
 53  TNe           6931.971     19  13901.941    13902.717    13995.189
 54  TNe+I         6662.588     20  13365.177    13366.035    13463.332
 55  TNe+G4        6605.216     20  13250.431    13251.289    13348.586
 56  TNe+I+G4      6605.483     21  13252.966    13253.911    13356.029
 57  TNe+R2        6607.262     21  13256.524    13257.469    13359.587
 58  TNe+R3        6604.905     23  13255.809    13256.940    13368.688
 59  TNe+R4        Skipped 
 60  TNe+R5        Skipped 
 61  TNe+R6        Skipped 
 62  TNe+R7        Skipped 
 63  TNe+R8        Skipped 
 64  TNe+R9        Skipped 
 65  TNe+R10       Skipped 
 66  TN            6804.477     22  13652.954    13653.990    13760.924
 67  TN+I          6532.996     23  13111.991    13113.122    13224.870
 68  TN+G4         6465.896     23  12977.792    12978.923    13090.671
 69  TN+I+G4       6466.142     24  12980.283    12981.514    13098.070
 70  TN+R2         6474.529     24  12997.058    12998.288    13114.844
 71  TN+R3         6465.554     26  12983.107    12984.550    13110.709
 72  TN+R4         6465.487     28  12986.974    12988.646    13124.391
 73  TN+R5         Skipped 
 74  TN+R6         Skipped 
 75  TN+R7         Skipped 
 76  TN+R8         Skipped 
 77  TN+R9         Skipped 
 78  TN+R10        Skipped 
 79  K3P           6930.669     19  13899.337    13900.113    13992.585
 80  K3P+I         6660.808     20  13361.615    13362.473    13459.770
 81  K3P+G4        6604.128     20  13248.255    13249.113    13346.410
 82  K3P+I+G4      6604.401     21  13250.801    13251.746    13353.864
 83  K3P+R2        6606.476     21  13254.952    13255.896    13358.015
 84  K3P+R3        6603.805     23  13253.609    13254.740    13366.488
 85  K3P+R4        Skipped 
 86  K3P+R5        Skipped 
 87  K3P+R6        Skipped 
 88  K3P+R7        Skipped 
 89  K3P+R8        Skipped 
 90  K3P+R9        Skipped 
 91  K3P+R10       Skipped 
 92  K3Pu          6804.743     22  13653.487    13654.522    13761.457
 93  K3Pu+I        6529.766     23  13105.533    13106.664    13218.411
 94  K3Pu+G4       6463.117     23  12972.234    12973.365    13085.112
 95  K3Pu+I+G4     6463.217     24  12974.434    12975.664    13092.220
 96  K3Pu+R2       6471.025     24  12990.050    12991.280    13107.836
 97  K3Pu+R3       6462.651     26  12977.302    12978.745    13104.904
 98  K3Pu+R4       6462.622     28  12981.244    12982.916    13118.661
 99  K3Pu+R5       Skipped 
100  K3Pu+R6       Skipped 
101  K3Pu+R7       Skipped 
102  K3Pu+R8       Skipped 
103  K3Pu+R9       Skipped 
104  K3Pu+R10      Skipped 
105  TPM2          6808.369     22  13660.738    13661.774    13768.709
106  TPM2+I        6534.647     23  13115.294    13116.425    13228.172
107  TPM2+G4       6468.016     23  12982.032    12983.163    13094.911
108  TPM2+I+G4     6468.280     24  12984.560    12985.791    13102.347
109  TPM2+R2       6475.748     24  12999.496    13000.726    13117.282
110  TPM2+R3       6467.778     26  12987.556    12988.999    13115.158
111  TPM2+R4       6467.752     28  12991.504    12993.176    13128.921
112  TPM2+R5       Skipped 
113  TPM2+R6       Skipped 
114  TPM2+R7       Skipped 
115  TPM2+R8       Skipped 
116  TPM2+R9       Skipped 
117  TPM2+R10      Skipped 
118  TPM2u         6808.369     22  13660.738    13661.774    13768.709
119  TPM2u+I       6534.644     23  13115.287    13116.419    13228.166
120  TPM2u+G4      6468.016     23  12982.032    12983.163    13094.910
121  TPM2u+I+G4    6468.261     24  12984.522    12985.753    13102.308
122  TPM2u+R2      6475.754     24  12999.508    13000.739    13117.294
123  TPM2u+R3      6467.763     26  12987.526    12988.969    13115.127
124  TPM2u+R4      6467.754     28  12991.508    12993.181    13128.925
125  TPM2u+R5      Skipped 
126  TPM2u+R6      Skipped 
127  TPM2u+R7      Skipped 
128  TPM2u+R8      Skipped 
129  TPM2u+R9      Skipped 
130  TPM2u+R10     Skipped 
131  TPM3          6793.146     22  13630.292    13631.328    13738.263
132  TPM3+I        6517.434     23  13080.868    13081.999    13193.746
133  TPM3+G4       6450.637     23  12947.273    12948.404    13060.151
134  TPM3+I+G4     6450.645     24  12949.290    12950.520    13067.076
135  TPM3+R2       6456.506     24  12961.011    12962.242    13078.798
136  TPM3+R3       6449.713     26  12951.427    12952.870    13079.028
137  TPM3+R4       Skipped 
138  TPM3+R5       Skipped 
139  TPM3+R6       Skipped 
140  TPM3+R7       Skipped 
141  TPM3+R8       Skipped 
142  TPM3+R9       Skipped 
143  TPM3+R10      Skipped 
144  TPM3u         6793.198     22  13630.395    13631.431    13738.366
145  TPM3u+I       6517.423     23  13080.845    13081.976    13193.723
146  TPM3u+G4      6450.558     23  12947.117    12948.248    13059.995
147  TPM3u+I+G4    6450.751     24  12949.503    12950.734    13067.289
148  TPM3u+R2      6456.516     24  12961.033    12962.263    13078.819
149  TPM3u+R3      6449.714     26  12951.428    12952.871    13079.030
150  TPM3u+R4      Skipped 
151  TPM3u+R5      Skipped 
152  TPM3u+R6      Skipped 
153  TPM3u+R7      Skipped 
154  TPM3u+R8      Skipped 
155  TPM3u+R9      Skipped 
156  TPM3u+R10     Skipped 
157  TIMe          6930.653     20  13901.306    13902.164    13999.461
158  TIMe+I        6660.714     21  13363.428    13364.373    13466.491
159  TIMe+G4       6603.465     21  13248.929    13249.874    13351.992
160  TIMe+I+G4     6603.625     22  13251.250    13252.286    13359.221
161  TIMe+R2       6605.677     22  13255.354    13256.390    13363.325
162  TIMe+R3       6603.181     24  13254.363    13255.594    13372.149
163  TIMe+R4       Skipped 
164  TIMe+R5       Skipped 
165  TIMe+R6       Skipped 
166  TIMe+R7       Skipped 
167  TIMe+R8       Skipped 
168  TIMe+R9       Skipped 
169  TIMe+R10      Skipped 
170  TIM           6799.395     23  13644.790    13645.921    13757.668
171  TIM+I         6526.003     24  13100.005    13101.236    13217.792
172  TIM+G4        6461.093     24  12970.185    12971.416    13087.971
173  TIM+I+G4      6461.089     25  12972.179    12973.514    13094.873
174  TIM+R2        6469.114     25  12988.229    12989.563    13110.922
175  TIM+R3        6460.529     27  12975.057    12976.613    13107.566
176  TIM+R4        6460.503     29  12979.006    12980.800    13121.331
177  TIM+R5        Skipped 
178  TIM+R6        Skipped 
179  TIM+R7        Skipped 
180  TIM+R8        Skipped 
181  TIM+R9        Skipped 
182  TIM+R10       Skipped 
183  TIM2e         6920.251     20  13880.503    13881.361    13978.658
184  TIM2e+I       6647.524     21  13337.049    13337.994    13440.112
185  TIM2e+G4      6583.412     21  13208.824    13209.768    13311.886
186  TIM2e+I+G4    6583.041     22  13210.082    13211.118    13318.053
187  TIM2e+R2      6585.997     22  13215.995    13217.030    13323.965
188  TIM2e+R3      6578.623     24  13205.245    13206.476    13323.031
189  TIM2e+R4      6578.610     26  13209.220    13210.663    13336.822
190  TIM2e+R5      Skipped 
191  TIM2e+R6      Skipped 
192  TIM2e+R7      Skipped 
193  TIM2e+R8      Skipped 
194  TIM2e+R9      Skipped 
195  TIM2e+R10     Skipped 
196  TIM2          6802.967     23  13651.935    13653.066    13764.813
197  TIM2+I        6530.931     24  13109.863    13111.094    13227.649
198  TIM2+G4       6465.328     24  12978.655    12979.886    13096.442
199  TIM2+I+G4     6465.464     25  12980.929    12982.263    13103.622
200  TIM2+R2       6473.329     25  12996.657    12997.992    13119.351
201  TIM2+R3       6465.235     27  12984.471    12986.026    13116.980
202  TIM2+R4       6465.158     29  12988.315    12990.109    13130.640
203  TIM2+R5       Skipped 
204  TIM2+R6       Skipped 
205  TIM2+R7       Skipped 
206  TIM2+R8       Skipped 
207  TIM2+R9       Skipped 
208  TIM2+R10      Skipped 
209  TIM3e         6924.108     20  13888.217    13889.075    13986.372
210  TIM3e+I       6653.620     21  13349.239    13350.184    13452.302
211  TIM3e+G4      6596.854     21  13235.709    13236.654    13338.772
212  TIM3e+I+G4    6597.028     22  13238.056    13239.092    13346.026
213  TIM3e+R2      6598.226     22  13240.452    13241.488    13348.422
214  TIM3e+R3      6596.166     24  13240.332    13241.563    13358.118
215  TIM3e+R4      Skipped 
216  TIM3e+R5      Skipped 
217  TIM3e+R6      Skipped 
218  TIM3e+R7      Skipped 
219  TIM3e+R8      Skipped 
220  TIM3e+R9      Skipped 
221  TIM3e+R10     Skipped 
222  TIM3          6786.461     23  13618.922    13620.053    13731.801
223  TIM3+I        6512.688     24  13073.377    13074.607    13191.163
224  TIM3+G4       6448.093     24  12944.185    12945.416    13061.971
225  TIM3+I+G4     6447.939     25  12945.878    12947.213    13068.572
226  TIM3+R2       6454.333     25  12958.666    12960.000    13081.359
227  TIM3+R3       6447.231     27  12948.462    12950.017    13080.971
228  TIM3+R4       6447.174     29  12952.348    12954.142    13094.673
229  TIM3+R5       Skipped 
230  TIM3+R6       Skipped 
231  TIM3+R7       Skipped 
232  TIM3+R8       Skipped 
233  TIM3+R9       Skipped 
234  TIM3+R10      Skipped 
235  TVMe          6912.957     21  13867.914    13868.859    13970.977
236  TVMe+I        6639.098     22  13322.195    13323.231    13430.166
237  TVMe+G4       6576.718     22  13197.437    13198.473    13305.407
238  TVMe+I+G4     6576.481     23  13198.962    13200.093    13311.841
239  TVMe+R2       6578.843     23  13203.686    13204.817    13316.564
240  TVMe+R3       6573.452     25  13196.905    13198.239    13319.598
241  TVMe+R4       Skipped 
242  TVMe+R5       Skipped 
243  TVMe+R6       Skipped 
244  TVMe+R7       Skipped 
245  TVMe+R8       Skipped 
246  TVMe+R9       Skipped 
247  TVMe+R10      Skipped 
248  TVM           6791.556     24  13631.112    13632.342    13748.898
249  TVM+I         6514.676     25  13079.351    13080.686    13202.045
250  TVM+G4        6449.941     25  12949.882    12951.217    13072.576
251  TVM+I+G4      6449.872     26  12951.744    12953.187    13079.346
252  TVM+R2        6455.403     26  12962.807    12964.250    13090.408
253  TVM+R3        6449.302     28  12954.604    12956.277    13092.021
254  TVM+R4        Skipped 
255  TVM+R5        Skipped 
256  TVM+R6        Skipped 
257  TVM+R7        Skipped 
258  TVM+R8        Skipped 
259  TVM+R9        Skipped 
260  TVM+R10       Skipped 
261  SYM           6912.927     22  13869.854    13870.890    13977.825
262  SYM+I         6639.171     23  13324.342    13325.473    13437.220
263  SYM+G4        6574.977     23  13195.954    13197.085    13308.833
264  SYM+I+G4      6574.634     24  13197.268    13198.499    13315.054
265  SYM+R2        6577.207     24  13202.415    13203.645    13320.201
266  SYM+R3        6570.812     26  13193.623    13195.066    13321.225
267  SYM+R4        Skipped 
268  SYM+R5        Skipped 
269  SYM+R6        Skipped 
270  SYM+R7        Skipped 
271  SYM+R8        Skipped 
272  SYM+R9        Skipped 
273  SYM+R10       Skipped 
274  GTR           6785.044     25  13620.088    13621.422    13742.782
275  GTR+I         6510.024     26  13072.048    13073.491    13199.650
276  GTR+G4        6447.261     26  12946.523    12947.966    13074.125
277  GTR+I+G4      6447.068     27  12948.136    12949.691    13080.645
278  GTR+R2        6452.803     27  12959.605    12961.161    13092.115
279  GTR+R3        6446.537     29  12951.075    12952.869    13093.400
280  GTR+R4        Skipped 
281  GTR+R5        Skipped 
282  GTR+R6        Skipped 
283  GTR+R7        Skipped 
284  GTR+R8        Skipped 
285  GTR+R9        Skipped 
286  GTR+R10       Skipped 
Akaike Information Criterion:           TIM3+G4
Corrected Akaike Information Criterion: TIM3+G4
Bayesian Information Criterion:         TPM3u+G4
Best-fit model: TPM3u+G4 chosen according to BIC

All model information printed to ./results/gene18.phy.model
CPU time for ModelFinder: 11.135 seconds (0h:0m:11s)
Wall-clock time for ModelFinder: 11.251 seconds (0h:0m:11s)
Generating 1000 samples for ultrafast bootstrap (seed: 695379)...

NOTE: 2 MB RAM (0 GB) is required!
Estimate model parameters (epsilon = 0.100)
1. Initial log-likelihood: -6703.837
2. Current log-likelihood: -6462.248
3. Current log-likelihood: -6454.335
4. Current log-likelihood: -6453.541
Optimal log-likelihood: -6453.514
Rate parameters:  A-C: 2.573  A-G: 6.205  A-T: 1.000  C-G: 2.573  C-T: 6.205  G-T: 1.000
Base frequencies:   A: 0.425  C: 0.158  G: 0.195  T: 0.222
Gamma shape alpha: 0.462
Parameters optimization took 4 rounds (0.039 sec)
Computing ML distances based on estimated model parameters... 0.001 sec
Computing BIONJ tree...
0.000 seconds
Log-likelihood of BIONJ tree: -6447.522
--------------------------------------------------------------------
|             INITIALIZING CANDIDATE TREE SET                      |
--------------------------------------------------------------------
Generating 98 parsimony trees... 0.061 second
Computing log-likelihood of 98 initial trees ... 0.333 seconds
Current best score: -6447.522

Do NNI search on 20 best initial trees
Estimate model parameters (epsilon = 0.100)
BETTER TREE FOUND at iteration 1: -6444.787
Iteration 10 / LogL: -6448.703 / Time: 0h:0m:12s
Iteration 20 / LogL: -6446.440 / Time: 0h:0m:12s
Finish initializing candidate tree set (6)
Current best tree score: -6444.787 / CPU time: 1.472
Number of iterations: 20
--------------------------------------------------------------------
|               OPTIMIZING CANDIDATE TREE SET                      |
--------------------------------------------------------------------
Iteration 30 / LogL: -6445.873 / Time: 0h:0m:13s (0h:0m:4s left)
Iteration 40 / LogL: -6445.864 / Time: 0h:0m:13s (0h:0m:3s left)
Iteration 50 / LogL: -6444.789 / Time: 0h:0m:13s (0h:0m:2s left)
Log-likelihood cutoff on original alignment: -6454.512
Iteration 60 / LogL: -6445.866 / Time: 0h:0m:14s (0h:0m:2s left)
Iteration 70 / LogL: -6444.790 / Time: 0h:0m:14s (0h:0m:1s left)
Iteration 80 / LogL: -6445.863 / Time: 0h:0m:15s (0h:0m:1s left)
Iteration 90 / LogL: -6447.138 / Time: 0h:0m:15s (0h:0m:0s left)
Iteration 100 / LogL: -6444.788 / Time: 0h:0m:15s (0h:0m:0s left)
Log-likelihood cutoff on original alignment: -6454.774
NOTE: Bootstrap correlation coefficient of split occurrence frequencies: 0.997
TREE SEARCH COMPLETED AFTER 102 ITERATIONS / Time: 0h:0m:15s

--------------------------------------------------------------------
|                    FINALIZING TREE SEARCH                        |
--------------------------------------------------------------------
Performs final model parameters optimization
Estimate model parameters (epsilon = 0.010)
1. Initial log-likelihood: -6444.787
Optimal log-likelihood: -6444.782
Rate parameters:  A-C: 2.577  A-G: 6.253  A-T: 1.000  C-G: 2.577  C-T: 6.253  G-T: 1.000
Base frequencies:   A: 0.425  C: 0.158  G: 0.195  T: 0.222
Gamma shape alpha: 0.467
Parameters optimization took 1 rounds (0.005 sec)
BEST SCORE FOUND : -6444.782
Creating bootstrap support values...
Split supports printed to NEXUS file ./results/gene18.phy.splits.nex
Total tree length: 2.342

Total number of iterations: 102
CPU time used for tree search: 4.308 sec (0h:0m:4s)
Wall-clock time used for tree search: 4.485 sec (0h:0m:4s)
Total CPU time used: 15.537 sec (0h:0m:15s)
Total wall-clock time used: 15.835 sec (0h:0m:15s)

Computing bootstrap consensus tree...
Reading input file ./results/gene18.phy.splits.nex...
10 taxa and 152 splits.
Consensus tree written to ./results/gene18.phy.contree
Reading input trees file ./results/gene18.phy.contree
Log-likelihood of consensus tree: -6444.782

Analysis results written to: 
  IQ-TREE report:                ./results/gene18.phy.iqtree
  Maximum-likelihood tree:       ./results/gene18.phy.treefile
  Likelihood distances:          ./results/gene18.phy.mldist

Ultrafast bootstrap approximation results written to:
  Split support values:          ./results/gene18.phy.splits.nex
  Consensus tree:                ./results/gene18.phy.contree
  Screen log file:               ./results/gene18.phy.log

Date and Time: Tue Aug 22 17:23:47 2017
