IQ-TREE multicore version 1.5.4 for Linux 64-bit built Apr  2 2017
Copyright (c) 2011-2017 by Bui Quang Minh, Nguyen Lam Tung,
Olga Chernomor, Heiko Schmidt, and Arndt von Haeseler.

Host:    hpc-crick (AVX, 251 GB RAM)
Command: iqtree -s ./results/gene17.phy -nt 1 -bb 1000
Seed:    783184 (Using SPRNG - Scalable Parallel Random Number Generator)
Time:    Tue Aug 22 17:24:46 2017
Kernel:  AVX - 1 threads (40 CPU cores detected)

Reading alignment file ./results/gene17.phy ... Phylip format detected
Alignment most likely contains DNA/RNA sequences
Alignment has 10 sequences with 1000 columns and 435 patterns (305 informative sites, 423 constant sites)
   Gap/Ambiguity  Composition  p-value
   1  A    0.00%    passed     87.53%
   2  B    0.00%    passed     61.29%
   3  C    0.00%    passed     81.56%
   4  D    0.00%    passed     82.67%
   5  E    0.00%    passed     94.80%
   6  F    0.00%    passed     89.18%
   7  G    0.00%    passed     45.19%
   8  H    0.00%    passed     72.78%
   9  I    0.00%    passed     71.51%
  10  J    0.00%    passed     68.94%
****  TOTAL    0.00%  0 sequences failed composition chi2 test (p-value<5%; df=3)

Create initial parsimony tree by phylogenetic likelihood library (PLL)... 0.000 seconds

NOTE: ModelFinder requires 3 MB RAM!
ModelFinder will test 286 DNA models (sample size: 1000) ...
 No. Model         -LnL         df  AIC          AICc         BIC
  1  JC            6958.916     17  13951.831    13952.454    14035.263
  2  JC+I          6747.247     18  13530.494    13531.191    13618.833
  3  JC+G4         6707.476     18  13450.952    13451.649    13539.292
  4  JC+I+G4       6707.849     19  13453.699    13454.474    13546.946
  5  JC+R2         6708.014     19  13454.028    13454.804    13547.275
  6  JC+R3         6706.924     21  13455.848    13456.793    13558.911
  7  JC+R4         Skipped 
  8  JC+R5         Skipped 
  9  JC+R6         Skipped 
 10  JC+R7         Skipped 
 11  JC+R8         Skipped 
 12  JC+R9         Skipped 
 13  JC+R10        Skipped 
 14  F81           6855.594     20  13751.188    13752.046    13849.343
 15  F81+I         6636.601     21  13315.202    13316.147    13418.265
 16  F81+G4        6587.023     21  13216.046    13216.991    13319.109
 17  F81+I+G4      6587.374     22  13218.748    13219.784    13326.719
 18  F81+R2        6589.934     22  13223.868    13224.904    13331.839
 19  F81+R3        6586.953     24  13221.906    13223.137    13339.692
 20  F81+R4        Skipped 
 21  F81+R5        Skipped 
 22  F81+R6        Skipped 
 23  F81+R7        Skipped 
 24  F81+R8        Skipped 
 25  F81+R9        Skipped 
 26  F81+R10       Skipped 
 27  K2P           6832.457     18  13700.914    13701.611    13789.253
 28  K2P+I         6613.348     19  13264.695    13265.471    13357.942
 29  K2P+G4        6565.920     19  13169.841    13170.616    13263.088
 30  K2P+I+G4      6566.210     20  13172.420    13173.278    13270.575
 31  K2P+R2        6568.601     20  13177.202    13178.060    13275.357
 32  K2P+R3        6565.929     22  13175.859    13176.894    13283.829
 33  K2P+R4        Skipped 
 34  K2P+R5        Skipped 
 35  K2P+R6        Skipped 
 36  K2P+R7        Skipped 
 37  K2P+R8        Skipped 
 38  K2P+R9        Skipped 
 39  K2P+R10       Skipped 
 40  HKY           6721.682     21  13485.363    13486.308    13588.426
 41  HKY+I         6493.972     22  13031.943    13032.979    13139.914
 42  HKY+G4        6431.918     22  12907.836    12908.872    13015.807
 43  HKY+I+G4      6432.140     23  12910.279    12911.410    13023.158
 44  HKY+R2        6438.909     23  12923.819    12924.950    13036.697
 45  HKY+R3        6431.747     25  12913.495    12914.829    13036.189
 46  HKY+R4        6431.646     27  12917.292    12918.847    13049.801
 47  HKY+R5        Skipped 
 48  HKY+R6        Skipped 
 49  HKY+R7        Skipped 
 50  HKY+R8        Skipped 
 51  HKY+R9        Skipped 
 52  HKY+R10       Skipped 
 53  TNe           6831.259     19  13700.518    13701.294    13793.765
 54  TNe+I         6611.968     20  13263.936    13264.794    13362.091
 55  TNe+G4        6563.391     20  13166.782    13167.640    13264.938
 56  TNe+I+G4      6563.493     21  13168.986    13169.930    13272.048
 57  TNe+R2        6567.015     21  13176.030    13176.975    13279.093
 58  TNe+R3        6563.354     23  13172.707    13173.838    13285.585
 59  TNe+R4        Skipped 
 60  TNe+R5        Skipped 
 61  TNe+R6        Skipped 
 62  TNe+R7        Skipped 
 63  TNe+R8        Skipped 
 64  TNe+R9        Skipped 
 65  TNe+R10       Skipped 
 66  TN            6720.990     22  13485.980    13487.016    13593.951
 67  TN+I          6493.591     23  13033.182    13034.313    13146.060
 68  TN+G4         6431.691     23  12909.383    12910.514    13022.261
 69  TN+I+G4       6431.958     24  12911.917    12913.148    13029.703
 70  TN+R2         6438.364     24  12924.729    12925.959    13042.515
 71  TN+R3         6431.613     26  12915.226    12916.669    13042.827
 72  TN+R4         Skipped 
 73  TN+R5         Skipped 
 74  TN+R6         Skipped 
 75  TN+R7         Skipped 
 76  TN+R8         Skipped 
 77  TN+R9         Skipped 
 78  TN+R10        Skipped 
 79  K3P           6829.505     19  13697.011    13697.786    13790.258
 80  K3P+I         6609.782     20  13259.564    13260.422    13357.719
 81  K3P+G4        6562.211     20  13164.422    13165.280    13262.577
 82  K3P+I+G4      6562.447     21  13166.894    13167.838    13269.956
 83  K3P+R2        6564.609     21  13171.218    13172.163    13274.281
 84  K3P+R3        6562.172     23  13170.345    13171.476    13283.223
 85  K3P+R4        Skipped 
 86  K3P+R5        Skipped 
 87  K3P+R6        Skipped 
 88  K3P+R7        Skipped 
 89  K3P+R8        Skipped 
 90  K3P+R9        Skipped 
 91  K3P+R10       Skipped 
 92  K3Pu          6712.382     22  13468.763    13469.799    13576.734
 93  K3Pu+I        6485.831     23  13017.662    13018.793    13130.540
 94  K3Pu+G4       6421.762     23  12889.523    12890.654    13002.402
 95  K3Pu+I+G4     6422.218     24  12892.436    12893.667    13010.222
 96  K3Pu+R2       6427.762     24  12903.524    12904.755    13021.310
 97  K3Pu+R3       6421.597     26  12895.195    12896.638    13022.797
 98  K3Pu+R4       Skipped 
 99  K3Pu+R5       Skipped 
100  K3Pu+R6       Skipped 
101  K3Pu+R7       Skipped 
102  K3Pu+R8       Skipped 
103  K3Pu+R9       Skipped 
104  K3Pu+R10      Skipped 
105  TPM2          6716.207     22  13476.414    13477.450    13584.385
106  TPM2+I        6489.742     23  13025.485    13026.616    13138.363
107  TPM2+G4       6430.460     23  12906.920    12908.051    13019.798
108  TPM2+I+G4     6430.682     24  12909.365    12910.595    13027.151
109  TPM2+R2       6436.127     24  12920.254    12921.485    13038.040
110  TPM2+R3       6430.303     26  12912.607    12914.050    13040.208
111  TPM2+R4       Skipped 
112  TPM2+R5       Skipped 
113  TPM2+R6       Skipped 
114  TPM2+R7       Skipped 
115  TPM2+R8       Skipped 
116  TPM2+R9       Skipped 
117  TPM2+R10      Skipped 
118  TPM2u         6716.238     22  13476.475    13477.511    13584.446
119  TPM2u+I       6489.745     23  13025.489    13026.620    13138.367
120  TPM2u+G4      6430.464     23  12906.929    12908.060    13019.807
121  TPM2u+I+G4    6430.610     24  12909.219    12910.450    13027.005
122  TPM2u+R2      6436.130     24  12920.261    12921.491    13038.047
123  TPM2u+R3      6430.288     26  12912.575    12914.018    13040.177
124  TPM2u+R4      Skipped 
125  TPM2u+R5      Skipped 
126  TPM2u+R6      Skipped 
127  TPM2u+R7      Skipped 
128  TPM2u+R8      Skipped 
129  TPM2u+R9      Skipped 
130  TPM2u+R10     Skipped 
131  TPM3          6708.304     22  13460.607    13461.643    13568.578
132  TPM3+I        6487.195     23  13020.391    13021.522    13133.269
133  TPM3+G4       6418.390     23  12882.780    12883.911    12995.658
134  TPM3+I+G4     6419.029     24  12886.059    12887.290    13003.845
135  TPM3+R2       6422.414     24  12892.827    12894.058    13010.614
136  TPM3+R3       6417.735     26  12887.469    12888.912    13015.071
137  TPM3+R4       Skipped 
138  TPM3+R5       Skipped 
139  TPM3+R6       Skipped 
140  TPM3+R7       Skipped 
141  TPM3+R8       Skipped 
142  TPM3+R9       Skipped 
143  TPM3+R10      Skipped 
144  TPM3u         6708.289     22  13460.578    13461.614    13568.549
145  TPM3u+I       6487.101     23  13020.202    13021.333    13133.080
146  TPM3u+G4      6418.387     23  12882.774    12883.905    12995.653
147  TPM3u+I+G4    6418.993     24  12885.986    12887.216    13003.772
148  TPM3u+R2      6422.416     24  12892.832    12894.063    13010.618
149  TPM3u+R3      6417.687     26  12887.373    12888.816    13014.975
150  TPM3u+R4      Skipped 
151  TPM3u+R5      Skipped 
152  TPM3u+R6      Skipped 
153  TPM3u+R7      Skipped 
154  TPM3u+R8      Skipped 
155  TPM3u+R9      Skipped 
156  TPM3u+R10     Skipped 
157  TIMe          6828.328     20  13696.657    13697.515    13794.812
158  TIMe+I        6608.411     21  13258.822    13259.767    13361.885
159  TIMe+G4       6559.687     21  13161.374    13162.318    13264.437
160  TIMe+I+G4     6559.649     22  13163.297    13164.333    13271.268
161  TIMe+R2       6562.937     22  13169.875    13170.911    13277.845
162  TIMe+R3       6559.674     24  13167.348    13168.579    13285.134
163  TIMe+R4       Skipped 
164  TIMe+R5       Skipped 
165  TIMe+R6       Skipped 
166  TIMe+R7       Skipped 
167  TIMe+R8       Skipped 
168  TIMe+R9       Skipped 
169  TIMe+R10      Skipped 
170  TIM           6711.612     23  13469.224    13470.355    13582.102
171  TIM+I         6485.459     24  13018.917    13020.148    13136.704
172  TIM+G4        6421.718     24  12891.436    12892.666    13009.222
173  TIM+I+G4      6421.910     25  12893.821    12895.155    13016.515
174  TIM+R2        6427.067     25  12904.133    12905.468    13026.827
175  TIM+R3        6421.436     27  12896.873    12898.429    13029.382
176  TIM+R4        Skipped 
177  TIM+R5        Skipped 
178  TIM+R6        Skipped 
179  TIM+R7        Skipped 
180  TIM+R8        Skipped 
181  TIM+R9        Skipped 
182  TIM+R10       Skipped 
183  TIM2e         6809.848     20  13659.696    13660.554    13757.851
184  TIM2e+I       6590.153     21  13222.305    13223.250    13325.368
185  TIM2e+G4      6534.736     21  13111.472    13112.416    13214.534
186  TIM2e+I+G4    6534.749     22  13113.497    13114.533    13221.468
187  TIM2e+R2      6538.677     22  13121.355    13122.390    13229.325
188  TIM2e+R3      6534.892     24  13117.784    13119.015    13235.570
189  TIM2e+R4      Skipped 
190  TIM2e+R5      Skipped 
191  TIM2e+R6      Skipped 
192  TIM2e+R7      Skipped 
193  TIM2e+R8      Skipped 
194  TIM2e+R9      Skipped 
195  TIM2e+R10     Skipped 
196  TIM2          6715.398     23  13476.796    13477.927    13589.674
197  TIM2+I        6489.299     24  13026.599    13027.830    13144.385
198  TIM2+G4       6430.156     24  12908.312    12909.543    13026.098
199  TIM2+I+G4     6430.122     25  12910.244    12911.578    13032.938
200  TIM2+R2       6435.221     25  12920.442    12921.777    13043.136
201  TIM2+R3       6430.056     27  12914.113    12915.668    13046.622
202  TIM2+R4       Skipped 
203  TIM2+R5       Skipped 
204  TIM2+R6       Skipped 
205  TIM2+R7       Skipped 
206  TIM2+R8       Skipped 
207  TIM2+R9       Skipped 
208  TIM2+R10      Skipped 
209  TIM3e         6827.710     20  13695.420    13696.278    13793.575
210  TIM3e+I       6610.238     21  13262.476    13263.420    13365.539
211  TIM3e+G4      6560.153     21  13162.305    13163.250    13265.368
212  TIM3e+I+G4    6560.247     22  13164.494    13165.530    13272.465
213  TIM3e+R2      6563.245     22  13170.490    13171.526    13278.460
214  TIM3e+R3      6560.095     24  13168.190    13169.421    13285.976
215  TIM3e+R4      Skipped 
216  TIM3e+R5      Skipped 
217  TIM3e+R6      Skipped 
218  TIM3e+R7      Skipped 
219  TIM3e+R8      Skipped 
220  TIM3e+R9      Skipped 
221  TIM3e+R10     Skipped 
222  TIM3          6707.161     23  13460.321    13461.452    13573.200
223  TIM3+I        6486.874     24  13021.749    13022.980    13139.535
224  TIM3+G4       6418.193     24  12884.387    12885.618    13002.173
225  TIM3+I+G4     6418.712     25  12887.424    12888.759    13010.118
226  TIM3+R2       6421.189     25  12892.378    12893.712    13015.071
227  TIM3+R3       6417.412     27  12888.825    12890.380    13021.334
228  TIM3+R4       Skipped 
229  TIM3+R5       Skipped 
230  TIM3+R6       Skipped 
231  TIM3+R7       Skipped 
232  TIM3+R8       Skipped 
233  TIM3+R9       Skipped 
234  TIM3+R10      Skipped 
235  TVMe          6806.009     21  13654.017    13654.962    13757.080
236  TVMe+I        6586.998     22  13217.996    13219.031    13325.966
237  TVMe+G4       6532.351     22  13108.701    13109.737    13216.672
238  TVMe+I+G4     6532.548     23  13111.095    13112.227    13223.974
239  TVMe+R2       6534.630     23  13115.261    13116.392    13228.139
240  TVMe+R3       6532.320     25  13114.640    13115.974    13237.334
241  TVMe+R4       Skipped 
242  TVMe+R5       Skipped 
243  TVMe+R6       Skipped 
244  TVMe+R7       Skipped 
245  TVMe+R8       Skipped 
246  TVMe+R9       Skipped 
247  TVMe+R10      Skipped 
248  TVM           6699.327     24  13446.654    13447.885    13564.440
249  TVM+I         6478.527     25  13007.053    13008.388    13129.747
250  TVM+G4        6412.898     25  12875.795    12877.130    12998.489
251  TVM+I+G4      6413.492     26  12878.985    12880.428    13006.586
252  TVM+R2        6415.664     26  12883.328    12884.771    13010.929
253  TVM+R3        6412.039     28  12880.079    12881.751    13017.496
254  TVM+R4        Skipped 
255  TVM+R5        Skipped 
256  TVM+R6        Skipped 
257  TVM+R7        Skipped 
258  TVM+R8        Skipped 
259  TVM+R9        Skipped 
260  TVM+R10       Skipped 
261  SYM           6804.906     22  13653.813    13654.849    13761.784
262  SYM+I         6585.560     23  13217.121    13218.252    13329.999
263  SYM+G4        6528.475     23  13102.951    13104.082    13215.829
264  SYM+I+G4      6528.580     24  13105.160    13106.391    13222.946
265  SYM+R2        6532.184     24  13112.367    13113.598    13230.153
266  SYM+R3        6528.651     26  13109.301    13110.744    13236.903
267  SYM+R4        Skipped 
268  SYM+R5        Skipped 
269  SYM+R6        Skipped 
270  SYM+R7        Skipped 
271  SYM+R8        Skipped 
272  SYM+R9        Skipped 
273  SYM+R10       Skipped 
274  GTR           6698.180     25  13446.359    13447.694    13569.053
275  GTR+I         6478.116     26  13008.233    13009.676    13135.834
276  GTR+G4        6412.353     26  12876.706    12878.148    13004.307
277  GTR+I+G4      6412.890     27  12879.780    12881.335    13012.289
278  GTR+R2        6414.198     27  12882.395    12883.951    13014.905
279  GTR+R3        6411.375     29  12880.750    12882.544    13023.075
280  GTR+R4        Skipped 
281  GTR+R5        Skipped 
282  GTR+R6        Skipped 
283  GTR+R7        Skipped 
284  GTR+R8        Skipped 
285  GTR+R9        Skipped 
286  GTR+R10       Skipped 
Akaike Information Criterion:           TVM+G4
Corrected Akaike Information Criterion: TVM+G4
Bayesian Information Criterion:         TPM3u+G4
Best-fit model: TPM3u+G4 chosen according to BIC

All model information printed to ./results/gene17.phy.model
CPU time for ModelFinder: 5.374 seconds (0h:0m:5s)
Wall-clock time for ModelFinder: 6.106 seconds (0h:0m:6s)
Generating 1000 samples for ultrafast bootstrap (seed: 783184)...

NOTE: 2 MB RAM (0 GB) is required!
Estimate model parameters (epsilon = 0.100)
1. Initial log-likelihood: -6631.171
2. Current log-likelihood: -6424.862
3. Current log-likelihood: -6420.133
4. Current log-likelihood: -6419.576
Optimal log-likelihood: -6419.497
Rate parameters:  A-C: 2.283  A-G: 5.311  A-T: 1.000  C-G: 2.283  C-T: 5.311  G-T: 1.000
Base frequencies:   A: 0.408  C: 0.161  G: 0.192  T: 0.239
Gamma shape alpha: 0.512
Parameters optimization took 4 rounds (0.042 sec)
Computing ML distances based on estimated model parameters... 0.001 sec
Computing BIONJ tree...
0.000 seconds
Log-likelihood of BIONJ tree: -6419.434
--------------------------------------------------------------------
|             INITIALIZING CANDIDATE TREE SET                      |
--------------------------------------------------------------------
Generating 98 parsimony trees... 0.069 second
Computing log-likelihood of 94 initial trees ... 0.351 seconds
Current best score: -6416.816

Do NNI search on 20 best initial trees
Estimate model parameters (epsilon = 0.100)
BETTER TREE FOUND at iteration 1: -6414.771
Iteration 10 / LogL: -6417.679 / Time: 0h:0m:6s
Iteration 20 / LogL: -6415.474 / Time: 0h:0m:7s
Finish initializing candidate tree set (5)
Current best tree score: -6414.771 / CPU time: 1.072
Number of iterations: 20
--------------------------------------------------------------------
|               OPTIMIZING CANDIDATE TREE SET                      |
--------------------------------------------------------------------
UPDATE BEST LOG-LIKELIHOOD: -6414.771
Iteration 30 / LogL: -6415.470 / Time: 0h:0m:7s (0h:0m:3s left)
UPDATE BEST LOG-LIKELIHOOD: -6414.770
Iteration 40 / LogL: -6414.773 / Time: 0h:0m:8s (0h:0m:3s left)
Iteration 50 / LogL: -6417.263 / Time: 0h:0m:8s (0h:0m:2s left)
Log-likelihood cutoff on original alignment: -6423.738
Iteration 60 / LogL: -6414.790 / Time: 0h:0m:8s (0h:0m:1s left)
Iteration 70 / LogL: -6414.784 / Time: 0h:0m:9s (0h:0m:1s left)
Iteration 80 / LogL: -6417.702 / Time: 0h:0m:9s (0h:0m:0s left)
Iteration 90 / LogL: -6415.469 / Time: 0h:0m:10s (0h:0m:0s left)
Iteration 100 / LogL: -6414.795 / Time: 0h:0m:10s (0h:0m:0s left)
Log-likelihood cutoff on original alignment: -6424.288
NOTE: Bootstrap correlation coefficient of split occurrence frequencies: 0.992
TREE SEARCH COMPLETED AFTER 102 ITERATIONS / Time: 0h:0m:10s

--------------------------------------------------------------------
|                    FINALIZING TREE SEARCH                        |
--------------------------------------------------------------------
Performs final model parameters optimization
Estimate model parameters (epsilon = 0.010)
1. Initial log-likelihood: -6414.770
2. Current log-likelihood: -6414.747
3. Current log-likelihood: -6414.731
4. Current log-likelihood: -6414.718
Optimal log-likelihood: -6414.712
Rate parameters:  A-C: 2.244  A-G: 5.147  A-T: 1.000  C-G: 2.244  C-T: 5.147  G-T: 1.000
Base frequencies:   A: 0.408  C: 0.161  G: 0.192  T: 0.239
Gamma shape alpha: 0.515
Parameters optimization took 4 rounds (0.019 sec)
BEST SCORE FOUND : -6414.712
Creating bootstrap support values...
Split supports printed to NEXUS file ./results/gene17.phy.splits.nex
Total tree length: 2.217

Total number of iterations: 102
CPU time used for tree search: 3.866 sec (0h:0m:3s)
Wall-clock time used for tree search: 4.525 sec (0h:0m:4s)
Total CPU time used: 9.353 sec (0h:0m:9s)
Total wall-clock time used: 10.749 sec (0h:0m:10s)

Computing bootstrap consensus tree...
Reading input file ./results/gene17.phy.splits.nex...
10 taxa and 161 splits.
Consensus tree written to ./results/gene17.phy.contree
Reading input trees file ./results/gene17.phy.contree
Log-likelihood of consensus tree: -6414.712

Analysis results written to: 
  IQ-TREE report:                ./results/gene17.phy.iqtree
  Maximum-likelihood tree:       ./results/gene17.phy.treefile
  Likelihood distances:          ./results/gene17.phy.mldist

Ultrafast bootstrap approximation results written to:
  Split support values:          ./results/gene17.phy.splits.nex
  Consensus tree:                ./results/gene17.phy.contree
  Screen log file:               ./results/gene17.phy.log

Date and Time: Tue Aug 22 17:24:57 2017
