IQ-TREE multicore version 1.5.4 for Linux 64-bit built Apr  2 2017
Copyright (c) 2011-2017 by Bui Quang Minh, Nguyen Lam Tung,
Olga Chernomor, Heiko Schmidt, and Arndt von Haeseler.

Host:    hpc-crick (AVX, 251 GB RAM)
Command: iqtree -s ./results/gene4.phy -nt 1 -bb 1000
Seed:    827395 (Using SPRNG - Scalable Parallel Random Number Generator)
Time:    Tue Aug 22 17:28:11 2017
Kernel:  AVX - 1 threads (40 CPU cores detected)

Reading alignment file ./results/gene4.phy ... Phylip format detected
Alignment most likely contains DNA/RNA sequences
Alignment has 10 sequences with 1000 columns and 458 patterns (311 informative sites, 421 constant sites)
   Gap/Ambiguity  Composition  p-value
   1  A    0.00%    passed     92.80%
   2  B    0.00%    passed     99.72%
   3  C    0.00%    passed     93.11%
   4  D    0.00%    passed     93.14%
   5  E    0.00%    passed     96.00%
   6  F    0.00%    passed     93.52%
   7  G    0.00%    passed     74.44%
   8  H    0.00%    passed     95.52%
   9  I    0.00%    passed     90.14%
  10  J    0.00%    passed     86.51%
****  TOTAL    0.00%  0 sequences failed composition chi2 test (p-value<5%; df=3)

Create initial parsimony tree by phylogenetic likelihood library (PLL)... 0.001 seconds

NOTE: ModelFinder requires 3 MB RAM!
ModelFinder will test 286 DNA models (sample size: 1000) ...
 No. Model         -LnL         df  AIC          AICc         BIC
  1  JC            7143.409     17  14320.818    14321.441    14404.249
  2  JC+I          6907.188     18  13850.376    13851.073    13938.716
  3  JC+G4         6844.797     18  13725.594    13726.292    13813.934
  4  JC+I+G4       6845.205     19  13728.409    13729.185    13821.657
  5  JC+R2         6848.918     19  13735.836    13736.612    13829.083
  6  JC+R3         6844.405     21  13730.811    13731.755    13833.873
  7  JC+R4         Skipped 
  8  JC+R5         Skipped 
  9  JC+R6         Skipped 
 10  JC+R7         Skipped 
 11  JC+R8         Skipped 
 12  JC+R9         Skipped 
 13  JC+R10        Skipped 
 14  F81           7043.531     20  14127.061    14127.919    14225.216
 15  F81+I         6808.279     21  13658.557    13659.502    13761.620
 16  F81+G4        6733.501     21  13509.002    13509.947    13612.065
 17  F81+I+G4      6734.105     22  13512.209    13513.245    13620.180
 18  F81+R2        6737.139     22  13518.278    13519.314    13626.249
 19  F81+R3        6732.872     24  13513.743    13514.974    13631.529
 20  F81+R4        Skipped 
 21  F81+R5        Skipped 
 22  F81+R6        Skipped 
 23  F81+R7        Skipped 
 24  F81+R8        Skipped 
 25  F81+R9        Skipped 
 26  F81+R10       Skipped 
 27  K2P           7030.055     18  14096.110    14096.807    14184.449
 28  K2P+I         6784.609     19  13607.218    13607.993    13700.465
 29  K2P+G4        6707.911     19  13453.823    13454.598    13547.070
 30  K2P+I+G4      6708.135     20  13456.269    13457.128    13554.425
 31  K2P+R2        6713.528     20  13467.056    13467.914    13565.211
 32  K2P+R3        6706.747     22  13457.493    13458.529    13565.464
 33  K2P+R4        Skipped 
 34  K2P+R5        Skipped 
 35  K2P+R6        Skipped 
 36  K2P+R7        Skipped 
 37  K2P+R8        Skipped 
 38  K2P+R9        Skipped 
 39  K2P+R10       Skipped 
 40  HKY           6917.356     21  13876.711    13877.656    13979.774
 41  HKY+I         6672.304     22  13388.609    13389.644    13496.579
 42  HKY+G4        6574.061     22  13192.122    13193.158    13300.093
 43  HKY+I+G4      6574.645     23  13195.290    13196.421    13308.168
 44  HKY+R2        6579.422     23  13204.845    13205.976    13317.723
 45  HKY+R3        6572.796     25  13195.591    13196.926    13318.285
 46  HKY+R4        Skipped 
 47  HKY+R5        Skipped 
 48  HKY+R6        Skipped 
 49  HKY+R7        Skipped 
 50  HKY+R8        Skipped 
 51  HKY+R9        Skipped 
 52  HKY+R10       Skipped 
 53  TNe           7029.332     19  14096.664    14097.439    14189.911
 54  TNe+I         6784.447     20  13608.894    13609.752    13707.049
 55  TNe+G4        6707.839     20  13455.679    13456.537    13553.834
 56  TNe+I+G4      6707.962     21  13457.924    13458.869    13560.987
 57  TNe+R2        6713.331     21  13468.662    13469.607    13571.725
 58  TNe+R3        6706.650     23  13459.300    13460.431    13572.178
 59  TNe+R4        Skipped 
 60  TNe+R5        Skipped 
 61  TNe+R6        Skipped 
 62  TNe+R7        Skipped 
 63  TNe+R8        Skipped 
 64  TNe+R9        Skipped 
 65  TNe+R10       Skipped 
 66  TN            6912.402     22  13868.804    13869.840    13976.775
 67  TN+I          6668.909     23  13383.817    13384.949    13496.696
 68  TN+G4         6570.200     23  13186.400    13187.531    13299.279
 69  TN+I+G4       6570.614     24  13189.229    13190.460    13307.015
 70  TN+R2         6575.229     24  13198.458    13199.689    13316.245
 71  TN+R3         6568.595     26  13189.190    13190.633    13316.792
 72  TN+R4         Skipped 
 73  TN+R5         Skipped 
 74  TN+R6         Skipped 
 75  TN+R7         Skipped 
 76  TN+R8         Skipped 
 77  TN+R9         Skipped 
 78  TN+R10        Skipped 
 79  K3P           7027.969     19  14093.939    14094.714    14187.186
 80  K3P+I         6782.094     20  13604.187    13605.045    13702.342
 81  K3P+G4        6705.163     20  13450.326    13451.184    13548.481
 82  K3P+I+G4      6705.252     21  13452.504    13453.448    13555.566
 83  K3P+R2        6710.628     21  13463.256    13464.201    13566.319
 84  K3P+R3        6703.977     23  13453.955    13455.086    13566.833
 85  K3P+R4        Skipped 
 86  K3P+R5        Skipped 
 87  K3P+R6        Skipped 
 88  K3P+R7        Skipped 
 89  K3P+R8        Skipped 
 90  K3P+R9        Skipped 
 91  K3P+R10       Skipped 
 92  K3Pu          6911.041     22  13866.082    13867.118    13974.053
 93  K3Pu+I        6666.671     23  13379.343    13380.474    13492.221
 94  K3Pu+G4       6567.166     23  13180.332    13181.464    13293.211
 95  K3Pu+I+G4     6567.673     24  13183.345    13184.576    13301.131
 96  K3Pu+R2       6571.760     24  13191.520    13192.751    13309.306
 97  K3Pu+R3       6565.960     26  13183.921    13185.364    13311.523
 98  K3Pu+R4       Skipped 
 99  K3Pu+R5       Skipped 
100  K3Pu+R6       Skipped 
101  K3Pu+R7       Skipped 
102  K3Pu+R8       Skipped 
103  K3Pu+R9       Skipped 
104  K3Pu+R10      Skipped 
105  TPM2          6911.392     22  13866.783    13867.819    13974.754
106  TPM2+I        6665.115     23  13376.229    13377.360    13489.108
107  TPM2+G4       6572.226     23  13190.452    13191.583    13303.330
108  TPM2+I+G4     6572.562     24  13193.123    13194.354    13310.909
109  TPM2+R2       6577.557     24  13203.115    13204.345    13320.901
110  TPM2+R3       6570.764     26  13193.528    13194.971    13321.130
111  TPM2+R4       Skipped 
112  TPM2+R5       Skipped 
113  TPM2+R6       Skipped 
114  TPM2+R7       Skipped 
115  TPM2+R8       Skipped 
116  TPM2+R9       Skipped 
117  TPM2+R10      Skipped 
118  TPM2u         6911.485     22  13866.969    13868.005    13974.940
119  TPM2u+I       6665.105     23  13376.210    13377.341    13489.089
120  TPM2u+G4      6572.237     23  13190.473    13191.604    13303.352
121  TPM2u+I+G4    6572.545     24  13193.091    13194.322    13310.877
122  TPM2u+R2      6577.558     24  13203.115    13204.346    13320.901
123  TPM2u+R3      6570.756     26  13193.512    13194.955    13321.114
124  TPM2u+R4      Skipped 
125  TPM2u+R5      Skipped 
126  TPM2u+R6      Skipped 
127  TPM2u+R7      Skipped 
128  TPM2u+R8      Skipped 
129  TPM2u+R9      Skipped 
130  TPM2u+R10     Skipped 
131  TPM3          6902.894     22  13849.788    13850.824    13957.759
132  TPM3+I        6663.065     23  13372.131    13373.262    13485.009
133  TPM3+G4       6563.189     23  13172.378    13173.509    13285.256
134  TPM3+I+G4     6563.641     24  13175.282    13176.513    13293.069
135  TPM3+R2       6566.864     24  13181.729    13182.960    13299.515
136  TPM3+R3       6561.883     26  13175.766    13177.209    13303.367
137  TPM3+R4       Skipped 
138  TPM3+R5       Skipped 
139  TPM3+R6       Skipped 
140  TPM3+R7       Skipped 
141  TPM3+R8       Skipped 
142  TPM3+R9       Skipped 
143  TPM3+R10      Skipped 
144  TPM3u         6902.892     22  13849.783    13850.819    13957.754
145  TPM3u+I       6663.065     23  13372.130    13373.262    13485.009
146  TPM3u+G4      6563.210     23  13172.419    13173.550    13285.298
147  TPM3u+I+G4    6563.615     24  13175.229    13176.460    13293.016
148  TPM3u+R2      6566.857     24  13181.714    13182.945    13299.500
149  TPM3u+R3      6561.857     26  13175.714    13177.157    13303.316
150  TPM3u+R4      Skipped 
151  TPM3u+R5      Skipped 
152  TPM3u+R6      Skipped 
153  TPM3u+R7      Skipped 
154  TPM3u+R8      Skipped 
155  TPM3u+R9      Skipped 
156  TPM3u+R10     Skipped 
157  TIMe          7027.247     20  14094.495    14095.353    14192.650
158  TIMe+I        6781.932     21  13605.865    13606.809    13708.927
159  TIMe+G4       6705.097     21  13452.194    13453.139    13555.257
160  TIMe+I+G4     6705.147     22  13454.294    13455.330    13562.265
161  TIMe+R2       6710.415     22  13464.831    13465.866    13572.801
162  TIMe+R3       6703.879     24  13455.758    13456.989    13573.545
163  TIMe+R4       Skipped 
164  TIMe+R5       Skipped 
165  TIMe+R6       Skipped 
166  TIMe+R7       Skipped 
167  TIMe+R8       Skipped 
168  TIMe+R9       Skipped 
169  TIMe+R10      Skipped 
170  TIM           6905.940     23  13857.880    13859.011    13970.759
171  TIM+I         6663.149     24  13374.299    13375.529    13492.085
172  TIM+G4        6563.613     24  13175.225    13176.456    13293.012
173  TIM+I+G4      6564.019     25  13178.038    13179.372    13300.732
174  TIM+R2        6567.962     25  13185.924    13187.259    13308.618
175  TIM+R3        6562.271     27  13178.542    13180.098    13311.052
176  TIM+R4        Skipped 
177  TIM+R5        Skipped 
178  TIM+R6        Skipped 
179  TIM+R7        Skipped 
180  TIM+R8        Skipped 
181  TIM+R9        Skipped 
182  TIM+R10       Skipped 
183  TIM2e         7003.089     20  14046.177    14047.035    14144.333
184  TIM2e+I       6753.339     21  13548.677    13549.622    13651.740
185  TIM2e+G4      6675.726     21  13393.451    13394.396    13496.514
186  TIM2e+I+G4    6675.446     22  13394.892    13395.928    13502.863
187  TIM2e+R2      6685.333     22  13414.667    13415.703    13522.637
188  TIM2e+R3      6672.295     24  13392.590    13393.821    13510.376
189  TIM2e+R4      6672.253     26  13396.506    13397.949    13524.107
190  TIM2e+R5      Skipped 
191  TIM2e+R6      Skipped 
192  TIM2e+R7      Skipped 
193  TIM2e+R8      Skipped 
194  TIM2e+R9      Skipped 
195  TIM2e+R10     Skipped 
196  TIM2          6906.028     23  13858.056    13859.187    13970.934
197  TIM2+I        6661.653     24  13371.307    13372.538    13489.093
198  TIM2+G4       6567.647     24  13183.294    13184.525    13301.080
199  TIM2+I+G4     6567.882     25  13185.764    13187.098    13308.457
200  TIM2+R2       6572.936     25  13195.872    13197.206    13318.565
201  TIM2+R3       6565.913     27  13185.826    13187.382    13318.335
202  TIM2+R4       6565.899     29  13189.799    13191.593    13332.124
203  TIM2+R5       Skipped 
204  TIM2+R6       Skipped 
205  TIM2+R7       Skipped 
206  TIM2+R8       Skipped 
207  TIM2+R9       Skipped 
208  TIM2+R10      Skipped 
209  TIM3e         7024.229     20  14088.458    14089.316    14186.613
210  TIM3e+I       6781.069     21  13604.138    13605.083    13707.201
211  TIM3e+G4      6704.403     21  13450.806    13451.751    13553.869
212  TIM3e+I+G4    6704.454     22  13452.908    13453.944    13560.879
213  TIM3e+R2      6709.528     22  13463.056    13464.092    13571.026
214  TIM3e+R3      6703.283     24  13454.565    13455.796    13572.351
215  TIM3e+R4      Skipped 
216  TIM3e+R5      Skipped 
217  TIM3e+R6      Skipped 
218  TIM3e+R7      Skipped 
219  TIM3e+R8      Skipped 
220  TIM3e+R9      Skipped 
221  TIM3e+R10     Skipped 
222  TIM3          6896.393     23  13838.787    13839.918    13951.665
223  TIM3+I        6659.254     24  13366.508    13367.739    13484.294
224  TIM3+G4       6559.003     24  13166.006    13167.237    13283.792
225  TIM3+I+G4     6559.348     25  13168.695    13170.030    13291.389
226  TIM3+R2       6562.361     25  13174.722    13176.056    13297.415
227  TIM3+R3       6557.537     27  13169.075    13170.631    13301.584
228  TIM3+R4       Skipped 
229  TIM3+R5       Skipped 
230  TIM3+R6       Skipped 
231  TIM3+R7       Skipped 
232  TIM3+R8       Skipped 
233  TIM3+R9       Skipped 
234  TIM3+R10      Skipped 
235  TVMe          6998.245     21  14038.490    14039.435    14141.553
236  TVMe+I        6748.436     22  13540.872    13541.907    13648.842
237  TVMe+G4       6670.146     22  13384.292    13385.327    13492.262
238  TVMe+I+G4     6669.904     23  13385.808    13386.939    13498.686
239  TVMe+R2       6679.466     23  13404.931    13406.062    13517.810
240  TVMe+R3       6666.875     25  13383.749    13385.084    13506.443
241  TVMe+R4       6666.899     27  13387.798    13389.354    13520.308
242  TVMe+R5       Skipped 
243  TVMe+R6       Skipped 
244  TVMe+R7       Skipped 
245  TVMe+R8       Skipped 
246  TVMe+R9       Skipped 
247  TVMe+R10      Skipped 
248  TVM           6895.666     24  13839.332    13840.563    13957.119
249  TVM+I         6654.017     25  13358.034    13359.369    13480.728
250  TVM+G4        6558.683     25  13167.365    13168.700    13290.059
251  TVM+I+G4      6558.981     26  13169.961    13171.404    13297.563
252  TVM+R2        6562.311     26  13176.622    13178.065    13304.224
253  TVM+R3        6557.465     28  13170.929    13172.602    13308.346
254  TVM+R4        Skipped 
255  TVM+R5        Skipped 
256  TVM+R6        Skipped 
257  TVM+R7        Skipped 
258  TVM+R8        Skipped 
259  TVM+R9        Skipped 
260  TVM+R10       Skipped 
261  SYM           6997.569     22  14039.138    14040.174    14147.109
262  SYM+I         6748.378     23  13542.756    13543.887    13655.634
263  SYM+G4        6670.100     23  13386.201    13387.332    13499.079
264  SYM+I+G4      6669.875     24  13387.750    13388.980    13505.536
265  SYM+R2        6679.263     24  13406.527    13407.758    13524.313
266  SYM+R3        6666.916     26  13385.832    13387.275    13513.433
267  SYM+R4        6666.800     28  13389.599    13391.272    13527.017
268  SYM+R5        Skipped 
269  SYM+R6        Skipped 
270  SYM+R7        Skipped 
271  SYM+R8        Skipped 
272  SYM+R9        Skipped 
273  SYM+R10       Skipped 
274  GTR           6888.806     25  13827.612    13828.947    13950.306
275  GTR+I         6650.418     26  13352.836    13354.279    13480.438
276  GTR+G4        6553.932     26  13159.865    13161.308    13287.466
277  GTR+I+G4      6554.317     27  13162.634    13164.189    13295.143
278  GTR+R2        6557.451     27  13168.901    13170.457    13301.411
279  GTR+R3        6552.652     29  13163.304    13165.098    13305.629
280  GTR+R4        Skipped 
281  GTR+R5        Skipped 
282  GTR+R6        Skipped 
283  GTR+R7        Skipped 
284  GTR+R8        Skipped 
285  GTR+R9        Skipped 
286  GTR+R10       Skipped 
Akaike Information Criterion:           GTR+G4
Corrected Akaike Information Criterion: GTR+G4
Bayesian Information Criterion:         TIM3+G4
Best-fit model: TIM3+G4 chosen according to BIC

All model information printed to ./results/gene4.phy.model
CPU time for ModelFinder: 7.376 seconds (0h:0m:7s)
Wall-clock time for ModelFinder: 11.411 seconds (0h:0m:11s)
Generating 1000 samples for ultrafast bootstrap (seed: 827395)...

NOTE: 2 MB RAM (0 GB) is required!
Estimate model parameters (epsilon = 0.100)
1. Initial log-likelihood: -6792.704
2. Current log-likelihood: -6569.735
3. Current log-likelihood: -6560.167
4. Current log-likelihood: -6559.652
Optimal log-likelihood: -6559.586
Rate parameters:  A-C: 2.275  A-G: 4.391  A-T: 1.000  C-G: 2.275  C-T: 6.964  G-T: 1.000
Base frequencies:   A: 0.411  C: 0.166  G: 0.190  T: 0.234
Gamma shape alpha: 0.480
Parameters optimization took 4 rounds (0.064 sec)
Computing ML distances based on estimated model parameters... 0.001 sec
Computing BIONJ tree...
0.000 seconds
Log-likelihood of BIONJ tree: -6558.773
--------------------------------------------------------------------
|             INITIALIZING CANDIDATE TREE SET                      |
--------------------------------------------------------------------
Generating 98 parsimony trees... 0.102 second
Computing log-likelihood of 90 initial trees ... 0.511 seconds
Current best score: -6556.139

Do NNI search on 20 best initial trees
Estimate model parameters (epsilon = 0.100)
BETTER TREE FOUND at iteration 1: -6550.704
Iteration 10 / LogL: -6550.706 / Time: 0h:0m:12s
Iteration 20 / LogL: -6550.704 / Time: 0h:0m:13s
Finish initializing candidate tree set (3)
Current best tree score: -6550.704 / CPU time: 1.736
Number of iterations: 20
--------------------------------------------------------------------
|               OPTIMIZING CANDIDATE TREE SET                      |
--------------------------------------------------------------------
Iteration 30 / LogL: -6550.710 / Time: 0h:0m:13s (0h:0m:5s left)
UPDATE BEST LOG-LIKELIHOOD: -6550.703
Iteration 40 / LogL: -6550.705 / Time: 0h:0m:14s (0h:0m:4s left)
Iteration 50 / LogL: -6558.469 / Time: 0h:0m:14s (0h:0m:3s left)
Log-likelihood cutoff on original alignment: -6568.903
Iteration 60 / LogL: -6550.705 / Time: 0h:0m:15s (0h:0m:2s left)
UPDATE BEST LOG-LIKELIHOOD: -6550.703
Iteration 70 / LogL: -6552.604 / Time: 0h:0m:15s (0h:0m:1s left)
Iteration 80 / LogL: -6550.732 / Time: 0h:0m:16s (0h:0m:1s left)
Iteration 90 / LogL: -6550.713 / Time: 0h:0m:16s (0h:0m:0s left)
Iteration 100 / LogL: -6550.708 / Time: 0h:0m:17s (0h:0m:0s left)
Log-likelihood cutoff on original alignment: -6569.331
NOTE: Bootstrap correlation coefficient of split occurrence frequencies: 0.997
TREE SEARCH COMPLETED AFTER 102 ITERATIONS / Time: 0h:0m:17s

--------------------------------------------------------------------
|                    FINALIZING TREE SEARCH                        |
--------------------------------------------------------------------
Performs final model parameters optimization
Estimate model parameters (epsilon = 0.010)
1. Initial log-likelihood: -6550.703
2. Current log-likelihood: -6550.646
3. Current log-likelihood: -6550.618
4. Current log-likelihood: -6550.605
5. Current log-likelihood: -6550.593
Optimal log-likelihood: -6550.585
Rate parameters:  A-C: 2.348  A-G: 4.653  A-T: 1.000  C-G: 2.348  C-T: 7.087  G-T: 1.000
Base frequencies:   A: 0.411  C: 0.166  G: 0.190  T: 0.234
Gamma shape alpha: 0.482
Parameters optimization took 5 rounds (0.027 sec)
BEST SCORE FOUND : -6550.585
Creating bootstrap support values...
Split supports printed to NEXUS file ./results/gene4.phy.splits.nex
Total tree length: 2.410

Total number of iterations: 102
CPU time used for tree search: 4.236 sec (0h:0m:4s)
Wall-clock time used for tree search: 6.024 sec (0h:0m:6s)
Total CPU time used: 11.744 sec (0h:0m:11s)
Total wall-clock time used: 17.590 sec (0h:0m:17s)

Computing bootstrap consensus tree...
Reading input file ./results/gene4.phy.splits.nex...
10 taxa and 96 splits.
Consensus tree written to ./results/gene4.phy.contree
Reading input trees file ./results/gene4.phy.contree
Log-likelihood of consensus tree: -6550.656

Analysis results written to: 
  IQ-TREE report:                ./results/gene4.phy.iqtree
  Maximum-likelihood tree:       ./results/gene4.phy.treefile
  Likelihood distances:          ./results/gene4.phy.mldist

Ultrafast bootstrap approximation results written to:
  Split support values:          ./results/gene4.phy.splits.nex
  Consensus tree:                ./results/gene4.phy.contree
  Screen log file:               ./results/gene4.phy.log

Date and Time: Tue Aug 22 17:28:29 2017
