IQ-TREE multicore version 1.5.4 for Linux 64-bit built Apr  2 2017
Copyright (c) 2011-2017 by Bui Quang Minh, Nguyen Lam Tung,
Olga Chernomor, Heiko Schmidt, and Arndt von Haeseler.

Host:    hpc-crick (AVX, 251 GB RAM)
Command: iqtree -s ./results/gene19.phy -nt 1 -bb 1000
Seed:    247407 (Using SPRNG - Scalable Parallel Random Number Generator)
Time:    Tue Aug 22 17:29:08 2017
Kernel:  AVX - 1 threads (40 CPU cores detected)

Reading alignment file ./results/gene19.phy ... Phylip format detected
Alignment most likely contains DNA/RNA sequences
Alignment has 10 sequences with 1000 columns and 449 patterns (317 informative sites, 432 constant sites)
   Gap/Ambiguity  Composition  p-value
   1  A    0.00%    passed     92.96%
   2  B    0.00%    passed     91.39%
   3  C    0.00%    passed     98.27%
   4  D    0.00%    passed     99.62%
   5  E    0.00%    passed     91.84%
   6  F    0.00%    passed     92.70%
   7  G    0.00%    passed     97.46%
   8  H    0.00%    passed     97.99%
   9  I    0.00%    passed     74.36%
  10  J    0.00%    passed     98.41%
****  TOTAL    0.00%  0 sequences failed composition chi2 test (p-value<5%; df=3)

Create initial parsimony tree by phylogenetic likelihood library (PLL)... 0.000 seconds

NOTE: ModelFinder requires 3 MB RAM!
ModelFinder will test 286 DNA models (sample size: 1000) ...
 No. Model         -LnL         df  AIC          AICc         BIC
  1  JC            7234.154     17  14502.309    14502.932    14585.741
  2  JC+I          6941.519     18  13919.037    13919.734    14007.377
  3  JC+G4         6876.966     18  13789.933    13790.630    13878.272
  4  JC+I+G4       6876.882     19  13791.763    13792.539    13885.010
  5  JC+R2         6882.799     19  13803.598    13804.374    13896.845
  6  JC+R3         6876.705     21  13795.410    13796.355    13898.473
  7  JC+R4         Skipped 
  8  JC+R5         Skipped 
  9  JC+R6         Skipped 
 10  JC+R7         Skipped 
 11  JC+R8         Skipped 
 12  JC+R9         Skipped 
 13  JC+R10        Skipped 
 14  F81           7153.910     20  14347.820    14348.678    14445.975
 15  F81+I         6854.969     21  13751.939    13752.884    13855.002
 16  F81+G4        6783.926     21  13609.853    13610.797    13712.915
 17  F81+I+G4      6783.654     22  13611.309    13612.345    13719.279
 18  F81+R2        6790.341     22  13624.682    13625.718    13732.652
 19  F81+R3        6783.038     24  13614.075    13615.306    13731.862
 20  F81+R4        6782.993     26  13617.986    13619.429    13745.588
 21  F81+R5        Skipped 
 22  F81+R6        Skipped 
 23  F81+R7        Skipped 
 24  F81+R8        Skipped 
 25  F81+R9        Skipped 
 26  F81+R10       Skipped 
 27  K2P           7087.404     18  14210.807    14211.504    14299.147
 28  K2P+I         6783.340     19  13604.679    13605.455    13697.926
 29  K2P+G4        6702.394     19  13442.787    13443.563    13536.035
 30  K2P+I+G4      6701.949     20  13443.898    13444.756    13542.053
 31  K2P+R2        6712.798     20  13465.595    13466.453    13563.750
 32  K2P+R3        6699.754     22  13443.508    13444.544    13551.479
 33  K2P+R4        6699.679     24  13447.358    13448.589    13565.144
 34  K2P+R5        Skipped 
 35  K2P+R6        Skipped 
 36  K2P+R7        Skipped 
 37  K2P+R8        Skipped 
 38  K2P+R9        Skipped 
 39  K2P+R10       Skipped 
 40  HKY           6995.624     21  14033.248    14034.193    14136.311
 41  HKY+I         6692.353     22  13428.706    13429.742    13536.677
 42  HKY+G4        6600.009     22  13244.018    13245.054    13351.989
 43  HKY+I+G4      6599.257     23  13244.514    13245.645    13357.393
 44  HKY+R2        6611.797     23  13269.594    13270.726    13382.473
 45  HKY+R3        6595.407     25  13240.814    13242.149    13363.508
 46  HKY+R4        6595.362     27  13244.724    13246.279    13377.233
 47  HKY+R5        Skipped 
 48  HKY+R6        Skipped 
 49  HKY+R7        Skipped 
 50  HKY+R8        Skipped 
 51  HKY+R9        Skipped 
 52  HKY+R10       Skipped 
 53  TNe           7086.233     19  14210.467    14211.242    14303.714
 54  TNe+I         6783.160     20  13606.320    13607.178    13704.475
 55  TNe+G4        6700.297     20  13440.593    13441.451    13538.749
 56  TNe+I+G4      6699.785     21  13441.569    13442.514    13544.632
 57  TNe+R2        6711.499     21  13464.998    13465.943    13568.061
 58  TNe+R3        6696.966     23  13439.931    13441.062    13552.810
 59  TNe+R4        6696.875     25  13443.750    13445.085    13566.444
 60  TNe+R5        Skipped 
 61  TNe+R6        Skipped 
 62  TNe+R7        Skipped 
 63  TNe+R8        Skipped 
 64  TNe+R9        Skipped 
 65  TNe+R10       Skipped 
 66  TN            6995.467     22  14034.935    14035.971    14142.906
 67  TN+I          6690.358     23  13426.716    13427.847    13539.594
 68  TN+G4         6600.110     23  13246.219    13247.350    13359.098
 69  TN+I+G4       6599.157     24  13246.315    13247.546    13364.101
 70  TN+R2         6611.349     24  13270.698    13271.928    13388.484
 71  TN+R3         6595.518     26  13243.036    13244.479    13370.637
 72  TN+R4         6595.345     28  13246.691    13248.363    13384.108
 73  TN+R5         Skipped 
 74  TN+R6         Skipped 
 75  TN+R7         Skipped 
 76  TN+R8         Skipped 
 77  TN+R9         Skipped 
 78  TN+R10        Skipped 
 79  K3P           7082.789     19  14203.577    14204.353    14296.825
 80  K3P+I         6777.917     20  13595.834    13596.692    13693.989
 81  K3P+G4        6696.867     20  13433.734    13434.592    13531.889
 82  K3P+I+G4      6696.332     21  13434.664    13435.609    13537.727
 83  K3P+R2        6707.291     21  13456.583    13457.528    13559.646
 84  K3P+R3        6694.603     23  13435.205    13436.336    13548.083
 85  K3P+R4        6694.526     25  13439.052    13440.387    13561.746
 86  K3P+R5        Skipped 
 87  K3P+R6        Skipped 
 88  K3P+R7        Skipped 
 89  K3P+R8        Skipped 
 90  K3P+R9        Skipped 
 91  K3P+R10       Skipped 
 92  K3Pu          6984.928     22  14013.856    14014.892    14121.826
 93  K3Pu+I        6681.555     23  13409.110    13410.241    13521.988
 94  K3Pu+G4       6590.009     23  13226.018    13227.149    13338.896
 95  K3Pu+I+G4     6588.881     24  13225.762    13226.993    13343.548
 96  K3Pu+R2       6601.411     24  13250.821    13252.052    13368.607
 97  K3Pu+R3       6585.396     26  13222.792    13224.235    13350.393
 98  K3Pu+R4       6585.409     28  13226.818    13228.490    13364.235
 99  K3Pu+R5       Skipped 
100  K3Pu+R6       Skipped 
101  K3Pu+R7       Skipped 
102  K3Pu+R8       Skipped 
103  K3Pu+R9       Skipped 
104  K3Pu+R10      Skipped 
105  TPM2          6992.100     22  14028.200    14029.236    14136.171
106  TPM2+I        6686.119     23  13418.239    13419.370    13531.117
107  TPM2+G4       6598.099     23  13242.199    13243.330    13355.077
108  TPM2+I+G4     6597.284     24  13242.568    13243.799    13360.354
109  TPM2+R2       6608.684     24  13265.368    13266.599    13383.155
110  TPM2+R3       6593.853     26  13239.705    13241.148    13367.307
111  TPM2+R4       6593.812     28  13243.624    13245.297    13381.041
112  TPM2+R5       Skipped 
113  TPM2+R6       Skipped 
114  TPM2+R7       Skipped 
115  TPM2+R8       Skipped 
116  TPM2+R9       Skipped 
117  TPM2+R10      Skipped 
118  TPM2u         6992.107     22  14028.214    14029.250    14136.185
119  TPM2u+I       6686.119     23  13418.237    13419.368    13531.116
120  TPM2u+G4      6598.089     23  13242.177    13243.308    13355.055
121  TPM2u+I+G4    6597.269     24  13242.538    13243.768    13360.324
122  TPM2u+R2      6608.684     24  13265.369    13266.600    13383.155
123  TPM2u+R3      6593.838     26  13239.677    13241.120    13367.279
124  TPM2u+R4      6593.795     28  13243.591    13245.263    13381.008
125  TPM2u+R5      Skipped 
126  TPM2u+R6      Skipped 
127  TPM2u+R7      Skipped 
128  TPM2u+R8      Skipped 
129  TPM2u+R9      Skipped 
130  TPM2u+R10     Skipped 
131  TPM3          6967.967     22  13979.935    13980.971    14087.905
132  TPM3+I        6665.899     23  13377.798    13378.930    13490.677
133  TPM3+G4       6579.256     23  13204.512    13205.643    13317.391
134  TPM3+I+G4     6578.218     24  13204.437    13205.667    13322.223
135  TPM3+R2       6590.219     24  13228.439    13229.670    13346.225
136  TPM3+R3       6576.378     26  13204.756    13206.199    13332.358
137  TPM3+R4       6576.462     28  13208.924    13210.597    13346.342
138  TPM3+R5       Skipped 
139  TPM3+R6       Skipped 
140  TPM3+R7       Skipped 
141  TPM3+R8       Skipped 
142  TPM3+R9       Skipped 
143  TPM3+R10      Skipped 
144  TPM3u         6967.940     22  13979.879    13980.915    14087.850
145  TPM3u+I       6665.908     23  13377.816    13378.948    13490.695
146  TPM3u+G4      6579.234     23  13204.468    13205.600    13317.347
147  TPM3u+I+G4    6578.215     24  13204.430    13205.660    13322.216
148  TPM3u+R2      6590.169     24  13228.337    13229.568    13346.123
149  TPM3u+R3      6576.341     26  13204.682    13206.125    13332.284
150  TPM3u+R4      6576.403     28  13208.806    13210.478    13346.223
151  TPM3u+R5      Skipped 
152  TPM3u+R6      Skipped 
153  TPM3u+R7      Skipped 
154  TPM3u+R8      Skipped 
155  TPM3u+R9      Skipped 
156  TPM3u+R10     Skipped 
157  TIMe          7081.651     20  14203.303    14204.161    14301.458
158  TIMe+I        6777.738     21  13597.477    13598.422    13700.540
159  TIMe+G4       6694.871     21  13431.742    13432.687    13534.805
160  TIMe+I+G4     6694.149     22  13432.299    13433.334    13540.269
161  TIMe+R2       6705.875     22  13455.750    13456.785    13563.720
162  TIMe+R3       6691.860     24  13431.720    13432.951    13549.506
163  TIMe+R4       6691.780     26  13435.560    13437.003    13563.162
164  TIMe+R5       Skipped 
165  TIMe+R6       Skipped 
166  TIMe+R7       Skipped 
167  TIMe+R8       Skipped 
168  TIMe+R9       Skipped 
169  TIMe+R10      Skipped 
170  TIM           6984.716     23  14015.431    14016.562    14128.309
171  TIM+I         6679.625     24  13407.251    13408.481    13525.037
172  TIM+G4        6589.903     24  13227.805    13229.036    13345.591
173  TIM+I+G4      6588.852     25  13227.705    13229.040    13350.399
174  TIM+R2        6601.083     25  13252.166    13253.501    13374.860
175  TIM+R3        6585.406     27  13224.812    13226.368    13357.322
176  TIM+R4        6585.402     29  13228.803    13230.597    13371.128
177  TIM+R5        Skipped 
178  TIM+R6        Skipped 
179  TIM+R7        Skipped 
180  TIM+R8        Skipped 
181  TIM+R9        Skipped 
182  TIM+R10       Skipped 
183  TIM2e         7067.534     20  14175.067    14175.925    14273.222
184  TIM2e+I       6760.964     21  13563.927    13564.872    13666.990
185  TIM2e+G4      6671.297     21  13384.594    13385.539    13487.657
186  TIM2e+I+G4    6670.912     22  13385.823    13386.859    13493.794
187  TIM2e+R2      6685.273     22  13414.546    13415.582    13522.517
188  TIM2e+R3      6669.548     24  13387.097    13388.328    13504.883
189  TIM2e+R4      6667.993     26  13387.986    13389.429    13515.588
190  TIM2e+R5      Skipped 
191  TIM2e+R6      Skipped 
192  TIM2e+R7      Skipped 
193  TIM2e+R8      Skipped 
194  TIM2e+R9      Skipped 
195  TIM2e+R10     Skipped 
196  TIM2          6991.923     23  14029.846    14030.977    14142.724
197  TIM2+I        6684.387     24  13416.775    13418.006    13534.561
198  TIM2+G4       6597.839     24  13243.677    13244.908    13361.463
199  TIM2+I+G4     6597.068     25  13244.137    13245.471    13366.831
200  TIM2+R2       6608.198     25  13266.396    13267.731    13389.090
201  TIM2+R3       6593.786     27  13241.572    13243.128    13374.082
202  TIM2+R4       6593.829     29  13245.657    13247.451    13387.982
203  TIM2+R5       Skipped 
204  TIM2+R6       Skipped 
205  TIM2+R7       Skipped 
206  TIM2+R8       Skipped 
207  TIM2+R9       Skipped 
208  TIM2+R10      Skipped 
209  TIM3e         7074.457     20  14188.914    14189.772    14287.069
210  TIM3e+I       6771.128     21  13584.257    13585.202    13687.320
211  TIM3e+G4      6690.605     21  13423.210    13424.154    13526.272
212  TIM3e+I+G4    6690.071     22  13424.141    13425.177    13532.112
213  TIM3e+R2      6701.109     22  13446.218    13447.254    13554.189
214  TIM3e+R3      6688.580     24  13425.161    13426.392    13542.947
215  TIM3e+R4      6688.568     26  13429.137    13430.580    13556.738
216  TIM3e+R5      Skipped 
217  TIM3e+R6      Skipped 
218  TIM3e+R7      Skipped 
219  TIM3e+R8      Skipped 
220  TIM3e+R9      Skipped 
221  TIM3e+R10     Skipped 
222  TIM3          6967.320     23  13980.639    13981.770    14093.518
223  TIM3+I        6663.749     24  13375.497    13376.728    13493.283
224  TIM3+G4       6579.135     24  13206.271    13207.501    13324.057
225  TIM3+I+G4     6578.140     25  13206.279    13207.614    13328.973
226  TIM3+R2       6590.082     25  13230.164    13231.498    13352.858
227  TIM3+R3       6576.398     27  13206.795    13208.351    13339.305
228  TIM3+R4       6576.442     29  13210.883    13212.677    13353.208
229  TIM3+R5       Skipped 
230  TIM3+R6       Skipped 
231  TIM3+R7       Skipped 
232  TIM3+R8       Skipped 
233  TIM3+R9       Skipped 
234  TIM3+R10      Skipped 
235  TVMe          7056.416     21  14154.831    14155.776    14257.894
236  TVMe+I        6748.368     22  13540.737    13541.772    13648.707
237  TVMe+G4       6663.290     22  13370.579    13371.615    13478.550
238  TVMe+I+G4     6662.816     23  13371.633    13372.764    13484.511
239  TVMe+R2       6675.865     23  13397.730    13398.861    13510.609
240  TVMe+R3       6662.160     25  13374.321    13375.656    13497.015
241  TVMe+R4       6662.102     27  13378.203    13379.759    13510.713
242  TVMe+R5       Skipped 
243  TVMe+R6       Skipped 
244  TVMe+R7       Skipped 
245  TVMe+R8       Skipped 
246  TVMe+R9       Skipped 
247  TVMe+R10      Skipped 
248  TVM           6962.633     24  13973.266    13974.497    14091.052
249  TVM+I         6657.942     25  13365.885    13367.220    13488.579
250  TVM+G4        6574.408     25  13198.815    13200.150    13321.509
251  TVM+I+G4      6573.545     26  13199.090    13200.533    13326.692
252  TVM+R2        6585.035     26  13222.070    13223.513    13349.671
253  TVM+R3        6571.840     28  13199.680    13201.353    13337.097
254  TVM+R4        6571.882     30  13203.765    13205.684    13350.997
255  TVM+R5        Skipped 
256  TVM+R6        Skipped 
257  TVM+R7        Skipped 
258  TVM+R8        Skipped 
259  TVM+R9        Skipped 
260  TVM+R10       Skipped 
261  SYM           7055.384     22  14154.768    14155.804    14262.739
262  SYM+I         6748.219     23  13542.439    13543.570    13655.317
263  SYM+G4        6659.349     23  13364.698    13365.829    13477.576
264  SYM+I+G4      6659.007     24  13366.014    13367.244    13483.800
265  SYM+R2        6673.182     24  13394.364    13395.595    13512.150
266  SYM+R3        6658.036     26  13368.071    13369.514    13495.673
267  SYM+R4        6657.902     28  13371.804    13373.477    13509.222
268  SYM+R5        Skipped 
269  SYM+R6        Skipped 
270  SYM+R7        Skipped 
271  SYM+R8        Skipped 
272  SYM+R9        Skipped 
273  SYM+R10       Skipped 
274  GTR           6961.976     25  13973.951    13975.286    14096.645
275  GTR+I         6656.567     26  13365.135    13366.578    13492.736
276  GTR+G4        6574.448     26  13200.896    13202.339    13328.497
277  GTR+I+G4      6573.344     27  13200.687    13202.243    13333.197
278  GTR+R2        6584.771     27  13223.541    13225.097    13356.051
279  GTR+R3        6571.857     29  13201.715    13203.508    13344.039
280  GTR+R4        6571.879     31  13205.759    13207.808    13357.899
281  GTR+R5        Skipped 
282  GTR+R6        Skipped 
283  GTR+R7        Skipped 
284  GTR+R8        Skipped 
285  GTR+R9        Skipped 
286  GTR+R10       Skipped 
Akaike Information Criterion:           TVM+G4
Corrected Akaike Information Criterion: TVM+G4
Bayesian Information Criterion:         TPM3u+G4
Best-fit model: TPM3u+G4 chosen according to BIC

All model information printed to ./results/gene19.phy.model
CPU time for ModelFinder: 11.717 seconds (0h:0m:11s)
Wall-clock time for ModelFinder: 13.703 seconds (0h:0m:13s)
Generating 1000 samples for ultrafast bootstrap (seed: 247407)...

NOTE: 2 MB RAM (0 GB) is required!
Estimate model parameters (epsilon = 0.100)
1. Initial log-likelihood: -6858.023
2. Current log-likelihood: -6590.275
3. Current log-likelihood: -6581.051
4. Current log-likelihood: -6580.049
Optimal log-likelihood: -6579.987
Rate parameters:  A-C: 2.698  A-G: 6.670  A-T: 1.000  C-G: 2.698  C-T: 6.670  G-T: 1.000
Base frequencies:   A: 0.381  C: 0.176  G: 0.197  T: 0.246
Gamma shape alpha: 0.438
Parameters optimization took 4 rounds (0.063 sec)
Computing ML distances based on estimated model parameters... 0.001 sec
Computing BIONJ tree...
0.000 seconds
Log-likelihood of BIONJ tree: -6578.118
--------------------------------------------------------------------
|             INITIALIZING CANDIDATE TREE SET                      |
--------------------------------------------------------------------
Generating 98 parsimony trees... 0.091 second
Computing log-likelihood of 94 initial trees ... 0.369 seconds
Current best score: -6578.118

Do NNI search on 20 best initial trees
Estimate model parameters (epsilon = 0.100)
BETTER TREE FOUND at iteration 1: -6577.039
Iteration 10 / LogL: -6579.084 / Time: 0h:0m:14s
Iteration 20 / LogL: -6577.114 / Time: 0h:0m:14s
Finish initializing candidate tree set (8)
Current best tree score: -6577.039 / CPU time: 1.169
Number of iterations: 20
--------------------------------------------------------------------
|               OPTIMIZING CANDIDATE TREE SET                      |
--------------------------------------------------------------------
UPDATE BEST LOG-LIKELIHOOD: -6577.039
Iteration 30 / LogL: -6577.370 / Time: 0h:0m:15s (0h:0m:3s left)
Iteration 40 / LogL: -6577.237 / Time: 0h:0m:15s (0h:0m:3s left)
Iteration 50 / LogL: -6577.822 / Time: 0h:0m:16s (0h:0m:2s left)
Log-likelihood cutoff on original alignment: -6587.235
Iteration 60 / LogL: -6577.388 / Time: 0h:0m:16s (0h:0m:1s left)
Iteration 70 / LogL: -6577.471 / Time: 0h:0m:16s (0h:0m:1s left)
Iteration 80 / LogL: -6577.237 / Time: 0h:0m:17s (0h:0m:0s left)
UPDATE BEST LOG-LIKELIHOOD: -6577.037
Iteration 90 / LogL: -6577.086 / Time: 0h:0m:17s (0h:0m:0s left)
Iteration 100 / LogL: -6577.237 / Time: 0h:0m:18s (0h:0m:0s left)
Log-likelihood cutoff on original alignment: -6587.235
NOTE: Bootstrap correlation coefficient of split occurrence frequencies: 0.996
TREE SEARCH COMPLETED AFTER 102 ITERATIONS / Time: 0h:0m:18s

--------------------------------------------------------------------
|                    FINALIZING TREE SEARCH                        |
--------------------------------------------------------------------
Performs final model parameters optimization
Estimate model parameters (epsilon = 0.010)
1. Initial log-likelihood: -6577.037
Optimal log-likelihood: -6577.036
Rate parameters:  A-C: 2.857  A-G: 7.020  A-T: 1.000  C-G: 2.857  C-T: 7.020  G-T: 1.000
Base frequencies:   A: 0.381  C: 0.176  G: 0.197  T: 0.246
Gamma shape alpha: 0.437
Parameters optimization took 1 rounds (0.006 sec)
BEST SCORE FOUND : -6577.036
Creating bootstrap support values...
Split supports printed to NEXUS file ./results/gene19.phy.splits.nex
Total tree length: 2.620

Total number of iterations: 102
CPU time used for tree search: 3.912 sec (0h:0m:3s)
Wall-clock time used for tree search: 4.549 sec (0h:0m:4s)
Total CPU time used: 15.730 sec (0h:0m:15s)
Total wall-clock time used: 18.383 sec (0h:0m:18s)

Computing bootstrap consensus tree...
Reading input file ./results/gene19.phy.splits.nex...
10 taxa and 136 splits.
Consensus tree written to ./results/gene19.phy.contree
Reading input trees file ./results/gene19.phy.contree
Log-likelihood of consensus tree: -6577.036

Analysis results written to: 
  IQ-TREE report:                ./results/gene19.phy.iqtree
  Maximum-likelihood tree:       ./results/gene19.phy.treefile
  Likelihood distances:          ./results/gene19.phy.mldist

Ultrafast bootstrap approximation results written to:
  Split support values:          ./results/gene19.phy.splits.nex
  Consensus tree:                ./results/gene19.phy.contree
  Screen log file:               ./results/gene19.phy.log

Date and Time: Tue Aug 22 17:29:26 2017
