IQ-TREE multicore version 1.5.4 for Linux 64-bit built Apr  2 2017
Copyright (c) 2011-2017 by Bui Quang Minh, Nguyen Lam Tung,
Olga Chernomor, Heiko Schmidt, and Arndt von Haeseler.

Host:    hpc-crick (AVX, 251 GB RAM)
Command: iqtree -s ./results/gene1.phy -nt 1 -bb 1000
Seed:    108531 (Using SPRNG - Scalable Parallel Random Number Generator)
Time:    Tue Aug 22 17:32:38 2017
Kernel:  AVX - 1 threads (40 CPU cores detected)

Reading alignment file ./results/gene1.phy ... Phylip format detected
Alignment most likely contains DNA/RNA sequences
Alignment has 10 sequences with 1000 columns and 497 patterns (374 informative sites, 366 constant sites)
   Gap/Ambiguity  Composition  p-value
   1  A    0.00%    passed     82.76%
   2  B    0.00%    passed     72.03%
   3  C    0.00%    passed     88.71%
   4  D    0.00%    passed     65.11%
   5  E    0.00%    passed     84.47%
   6  F    0.00%    passed     72.29%
   7  G    0.00%    passed     73.04%
   8  H    0.00%    passed     31.61%
   9  I    0.00%    passed     61.70%
  10  J    0.00%    passed     77.10%
****  TOTAL    0.00%  0 sequences failed composition chi2 test (p-value<5%; df=3)

Create initial parsimony tree by phylogenetic likelihood library (PLL)... 0.001 seconds

NOTE: ModelFinder requires 3 MB RAM!
ModelFinder will test 286 DNA models (sample size: 1000) ...
 No. Model         -LnL         df  AIC          AICc         BIC
  1  JC            7832.102     17  15698.204    15698.827    15781.636
  2  JC+I          7596.399     18  15228.799    15229.496    15317.139
  3  JC+G4         7517.087     18  15070.174    15070.871    15158.513
  4  JC+I+G4       7517.714     19  15073.427    15074.203    15166.675
  5  JC+R2         7519.267     19  15076.534    15077.309    15169.781
  6  JC+R3         7516.481     21  15074.963    15075.908    15178.026
  7  JC+R4         Skipped 
  8  JC+R5         Skipped 
  9  JC+R6         Skipped 
 10  JC+R7         Skipped 
 11  JC+R8         Skipped 
 12  JC+R9         Skipped 
 13  JC+R10        Skipped 
 14  F81           7713.271     20  15466.541    15467.400    15564.697
 15  F81+I         7476.772     21  14995.545    14996.489    15098.608
 16  F81+G4        7393.445     21  14828.889    14829.834    14931.952
 17  F81+I+G4      7394.071     22  14832.142    14833.177    14940.112
 18  F81+R2        7394.516     22  14833.031    14834.067    14941.002
 19  F81+R3        7392.197     24  14832.395    14833.626    14950.181
 20  F81+R4        Skipped 
 21  F81+R5        Skipped 
 22  F81+R6        Skipped 
 23  F81+R7        Skipped 
 24  F81+R8        Skipped 
 25  F81+R9        Skipped 
 26  F81+R10       Skipped 
 27  K2P           7675.591     18  15387.181    15387.878    15475.521
 28  K2P+I         7428.897     19  14895.794    14896.570    14989.042
 29  K2P+G4        7332.890     19  14703.779    14704.555    14797.027
 30  K2P+I+G4      7333.478     20  14706.956    14707.814    14805.112
 31  K2P+R2        7337.119     20  14714.238    14715.096    14812.393
 32  K2P+R3        7332.101     22  14708.201    14709.237    14816.172
 33  K2P+R4        Skipped 
 34  K2P+R5        Skipped 
 35  K2P+R6        Skipped 
 36  K2P+R7        Skipped 
 37  K2P+R8        Skipped 
 38  K2P+R9        Skipped 
 39  K2P+R10       Skipped 
 40  HKY           7556.971     21  15155.942    15156.887    15259.005
 41  HKY+I         7306.290     22  14656.581    14657.617    14764.552
 42  HKY+G4        7201.473     22  14446.947    14447.983    14554.918
 43  HKY+I+G4      7202.055     23  14450.110    14451.242    14562.989
 44  HKY+R2        7205.332     23  14456.664    14457.795    14569.542
 45  HKY+R3        7200.749     25  14451.499    14452.833    14574.193
 46  HKY+R4        Skipped 
 47  HKY+R5        Skipped 
 48  HKY+R6        Skipped 
 49  HKY+R7        Skipped 
 50  HKY+R8        Skipped 
 51  HKY+R9        Skipped 
 52  HKY+R10       Skipped 
 53  TNe           7674.158     19  15386.316    15387.091    15479.563
 54  TNe+I         7425.401     20  14890.801    14891.659    14988.956
 55  TNe+G4        7325.516     20  14691.032    14691.890    14789.187
 56  TNe+I+G4      7326.039     21  14694.078    14695.023    14797.141
 57  TNe+R2        7330.309     21  14702.618    14703.562    14805.680
 58  TNe+R3        7324.829     23  14695.659    14696.790    14808.537
 59  TNe+R4        Skipped 
 60  TNe+R5        Skipped 
 61  TNe+R6        Skipped 
 62  TNe+R7        Skipped 
 63  TNe+R8        Skipped 
 64  TNe+R9        Skipped 
 65  TNe+R10       Skipped 
 66  TN            7553.451     22  15150.903    15151.939    15258.874
 67  TN+I          7304.912     23  14655.823    14656.954    14768.702
 68  TN+G4         7201.222     23  14448.444    14449.576    14561.323
 69  TN+I+G4       7201.646     24  14451.292    14452.523    14569.078
 70  TN+R2         7205.002     24  14458.005    14459.235    14575.791
 71  TN+R3         7200.379     26  14452.759    14454.202    14580.361
 72  TN+R4         Skipped 
 73  TN+R5         Skipped 
 74  TN+R6         Skipped 
 75  TN+R7         Skipped 
 76  TN+R8         Skipped 
 77  TN+R9         Skipped 
 78  TN+R10        Skipped 
 79  K3P           7675.153     19  15388.307    15389.082    15481.554
 80  K3P+I         7428.531     20  14897.062    14897.920    14995.217
 81  K3P+G4        7331.513     20  14703.026    14703.884    14801.182
 82  K3P+I+G4      7332.005     21  14706.009    14706.954    14809.072
 83  K3P+R2        7336.087     21  14714.175    14715.120    14817.238
 84  K3P+R3        7330.624     23  14707.249    14708.380    14820.127
 85  K3P+R4        Skipped 
 86  K3P+R5        Skipped 
 87  K3P+R6        Skipped 
 88  K3P+R7        Skipped 
 89  K3P+R8        Skipped 
 90  K3P+R9        Skipped 
 91  K3P+R10       Skipped 
 92  K3Pu          7553.619     22  15151.237    15152.273    15259.208
 93  K3Pu+I        7303.618     23  14653.236    14654.367    14766.115
 94  K3Pu+G4       7195.790     23  14437.581    14438.712    14550.459
 95  K3Pu+I+G4     7196.204     24  14440.408    14441.639    14558.194
 96  K3Pu+R2       7200.504     24  14449.009    14450.239    14566.795
 97  K3Pu+R3       7195.286     26  14442.571    14444.014    14570.173
 98  K3Pu+R4       Skipped 
 99  K3Pu+R5       Skipped 
100  K3Pu+R6       Skipped 
101  K3Pu+R7       Skipped 
102  K3Pu+R8       Skipped 
103  K3Pu+R9       Skipped 
104  K3Pu+R10      Skipped 
105  TPM2          7554.481     22  15152.962    15153.998    15260.933
106  TPM2+I        7302.650     23  14651.300    14652.431    14764.178
107  TPM2+G4       7198.087     23  14442.174    14443.305    14555.052
108  TPM2+I+G4     7198.490     24  14444.980    14446.211    14562.766
109  TPM2+R2       7200.892     24  14449.785    14451.015    14567.571
110  TPM2+R3       7196.784     26  14445.569    14447.012    14573.171
111  TPM2+R4       Skipped 
112  TPM2+R5       Skipped 
113  TPM2+R6       Skipped 
114  TPM2+R7       Skipped 
115  TPM2+R8       Skipped 
116  TPM2+R9       Skipped 
117  TPM2+R10      Skipped 
118  TPM2u         7554.623     22  15153.247    15154.282    15261.217
119  TPM2u+I       7302.612     23  14651.224    14652.355    14764.103
120  TPM2u+G4      7197.977     23  14441.954    14443.085    14554.832
121  TPM2u+I+G4    7198.455     24  14444.911    14446.141    14562.697
122  TPM2u+R2      7200.893     24  14449.787    14451.018    14567.573
123  TPM2u+R3      7196.773     26  14445.547    14446.990    14573.148
124  TPM2u+R4      Skipped 
125  TPM2u+R5      Skipped 
126  TPM2u+R6      Skipped 
127  TPM2u+R7      Skipped 
128  TPM2u+R8      Skipped 
129  TPM2u+R9      Skipped 
130  TPM2u+R10     Skipped 
131  TPM3          7554.285     22  15152.570    15153.606    15260.540
132  TPM3+I        7305.106     23  14656.212    14657.343    14769.090
133  TPM3+G4       7195.855     23  14437.710    14438.842    14550.589
134  TPM3+I+G4     7196.069     24  14440.137    14441.368    14557.923
135  TPM3+R2       7199.814     24  14447.627    14448.858    14565.414
136  TPM3+R3       7195.183     26  14442.366    14443.809    14569.968
137  TPM3+R4       Skipped 
138  TPM3+R5       Skipped 
139  TPM3+R6       Skipped 
140  TPM3+R7       Skipped 
141  TPM3+R8       Skipped 
142  TPM3+R9       Skipped 
143  TPM3+R10      Skipped 
144  TPM3u         7554.297     22  15152.595    15153.631    15260.565
145  TPM3u+I       7305.104     23  14656.208    14657.339    14769.087
146  TPM3u+G4      7195.848     23  14437.697    14438.828    14550.575
147  TPM3u+I+G4    7196.050     24  14440.101    14441.331    14557.887
148  TPM3u+R2      7199.813     24  14447.627    14448.857    14565.413
149  TPM3u+R3      7195.169     26  14442.338    14443.781    14569.940
150  TPM3u+R4      Skipped 
151  TPM3u+R5      Skipped 
152  TPM3u+R6      Skipped 
153  TPM3u+R7      Skipped 
154  TPM3u+R8      Skipped 
155  TPM3u+R9      Skipped 
156  TPM3u+R10     Skipped 
157  TIMe          7673.800     20  15387.600    15388.458    15485.755
158  TIMe+I        7425.032     21  14892.064    14893.008    14995.127
159  TIMe+G4       7324.169     21  14690.337    14691.282    14793.400
160  TIMe+I+G4     7324.470     22  14692.939    14693.975    14800.910
161  TIMe+R2       7329.297     22  14702.594    14703.630    14810.565
162  TIMe+R3       7323.365     24  14694.730    14695.961    14812.516
163  TIMe+R4       Skipped 
164  TIMe+R5       Skipped 
165  TIMe+R6       Skipped 
166  TIMe+R7       Skipped 
167  TIMe+R8       Skipped 
168  TIMe+R9       Skipped 
169  TIMe+R10      Skipped 
170  TIM           7549.944     23  15145.889    15147.020    15258.767
171  TIM+I         7302.188     24  14652.376    14653.607    14770.162
172  TIM+G4        7195.445     24  14438.890    14440.121    14556.676
173  TIM+I+G4      7195.736     25  14441.473    14442.808    14564.167
174  TIM+R2        7199.928     25  14449.856    14451.190    14572.550
175  TIM+R3        7194.902     27  14443.803    14445.359    14576.313
176  TIM+R4        Skipped 
177  TIM+R5        Skipped 
178  TIM+R6        Skipped 
179  TIM+R7        Skipped 
180  TIM+R8        Skipped 
181  TIM+R9        Skipped 
182  TIM+R10       Skipped 
183  TIM2e         7656.219     20  15352.438    15353.296    15450.593
184  TIM2e+I       7403.390     21  14848.780    14849.725    14951.843
185  TIM2e+G4      7293.007     21  14628.013    14628.958    14731.076
186  TIM2e+I+G4    7293.193     22  14630.386    14631.422    14738.357
187  TIM2e+R2      7299.609     22  14643.217    14644.253    14751.188
188  TIM2e+R3      7291.765     24  14631.530    14632.760    14749.316
189  TIM2e+R4      7291.716     26  14635.431    14636.874    14763.033
190  TIM2e+R5      Skipped 
191  TIM2e+R6      Skipped 
192  TIM2e+R7      Skipped 
193  TIM2e+R8      Skipped 
194  TIM2e+R9      Skipped 
195  TIM2e+R10     Skipped 
196  TIM2          7550.877     23  15147.754    15148.885    15260.632
197  TIM2+I        7301.352     24  14650.704    14651.934    14768.490
198  TIM2+G4       7197.448     24  14442.896    14444.127    14560.682
199  TIM2+I+G4     7197.760     25  14445.520    14446.855    14568.214
200  TIM2+R2       7200.399     25  14450.797    14452.132    14573.491
201  TIM2+R3       7196.299     27  14446.598    14448.154    14579.108
202  TIM2+R4       Skipped 
203  TIM2+R5       Skipped 
204  TIM2+R6       Skipped 
205  TIM2+R7       Skipped 
206  TIM2+R8       Skipped 
207  TIM2+R9       Skipped 
208  TIM2+R10      Skipped 
209  TIM3e         7674.192     20  15388.384    15389.242    15486.540
210  TIM3e+I       7425.319     21  14892.637    14893.582    14995.700
211  TIM3e+G4      7325.503     21  14693.005    14693.950    14796.068
212  TIM3e+I+G4    7325.710     22  14695.419    14696.455    14803.390
213  TIM3e+R2      7330.247     22  14704.494    14705.530    14812.465
214  TIM3e+R3      7324.755     24  14697.510    14698.741    14815.296
215  TIM3e+R4      Skipped 
216  TIM3e+R5      Skipped 
217  TIM3e+R6      Skipped 
218  TIM3e+R7      Skipped 
219  TIM3e+R8      Skipped 
220  TIM3e+R9      Skipped 
221  TIM3e+R10     Skipped 
222  TIM3          7550.318     23  15146.637    15147.768    15259.515
223  TIM3+I        7303.628     24  14655.255    14656.486    14773.042
224  TIM3+G4       7195.013     24  14438.027    14439.257    14555.813
225  TIM3+I+G4     7195.146     25  14440.292    14441.627    14562.986
226  TIM3+R2       7199.012     25  14448.024    14449.359    14570.718
227  TIM3+R3       7194.444     27  14442.887    14444.443    14575.397
228  TIM3+R4       Skipped 
229  TIM3+R5       Skipped 
230  TIM3+R6       Skipped 
231  TIM3+R7       Skipped 
232  TIM3+R8       Skipped 
233  TIM3+R9       Skipped 
234  TIM3+R10      Skipped 
235  TVMe          7655.749     21  15353.498    15354.442    15456.560
236  TVMe+I        7404.527     22  14853.054    14854.090    14961.025
237  TVMe+G4       7298.435     22  14640.870    14641.905    14748.840
238  TVMe+I+G4     7298.669     23  14643.339    14644.470    14756.217
239  TVMe+R2       7304.995     23  14655.990    14657.121    14768.868
240  TVMe+R3       7296.904     25  14643.809    14645.144    14766.503
241  TVMe+R4       7296.828     27  14647.656    14649.211    14780.165
242  TVMe+R5       Skipped 
243  TVMe+R6       Skipped 
244  TVMe+R7       Skipped 
245  TVMe+R8       Skipped 
246  TVMe+R9       Skipped 
247  TVMe+R10      Skipped 
248  TVM           7549.342     24  15146.684    15147.914    15264.470
249  TVM+I         7298.883     25  14647.767    14649.101    14770.461
250  TVM+G4        7188.151     25  14426.303    14427.638    14548.997
251  TVM+I+G4      7188.417     26  14428.834    14430.277    14556.436
252  TVM+R2        7191.844     26  14435.689    14437.132    14563.290
253  TVM+R3        7187.076     28  14430.153    14431.825    14567.570
254  TVM+R4        Skipped 
255  TVM+R5        Skipped 
256  TVM+R6        Skipped 
257  TVM+R7        Skipped 
258  TVM+R8        Skipped 
259  TVM+R9        Skipped 
260  TVM+R10       Skipped 
261  SYM           7654.263     22  15352.525    15353.561    15460.496
262  SYM+I         7401.071     23  14848.141    14849.273    14961.020
263  SYM+G4        7288.705     23  14623.410    14624.541    14736.288
264  SYM+I+G4      7288.948     24  14625.896    14627.127    14743.682
265  SYM+R2        7296.303     24  14640.606    14641.836    14758.392
266  SYM+R3        7287.406     26  14626.813    14628.256    14754.415
267  SYM+R4        7287.348     28  14630.696    14632.368    14768.113
268  SYM+R5        Skipped 
269  SYM+R6        Skipped 
270  SYM+R7        Skipped 
271  SYM+R8        Skipped 
272  SYM+R9        Skipped 
273  SYM+R10       Skipped 
274  GTR           7545.472     25  15140.944    15142.279    15263.638
275  GTR+I         7297.572     26  14647.143    14648.586    14774.745
276  GTR+G4        7187.253     26  14426.506    14427.949    14554.107
277  GTR+I+G4      7187.483     27  14428.965    14430.521    14561.475
278  GTR+R2        7191.037     27  14436.074    14437.630    14568.584
279  GTR+R3        7186.120     29  14430.241    14432.034    14572.565
280  GTR+R4        Skipped 
281  GTR+R5        Skipped 
282  GTR+R6        Skipped 
283  GTR+R7        Skipped 
284  GTR+R8        Skipped 
285  GTR+R9        Skipped 
286  GTR+R10       Skipped 
Akaike Information Criterion:           TVM+G4
Corrected Akaike Information Criterion: TVM+G4
Bayesian Information Criterion:         TVM+G4
Best-fit model: TVM+G4 chosen according to BIC

All model information printed to ./results/gene1.phy.model
CPU time for ModelFinder: 6.343 seconds (0h:0m:6s)
Wall-clock time for ModelFinder: 10.622 seconds (0h:0m:10s)
Generating 1000 samples for ultrafast bootstrap (seed: 108531)...

NOTE: 2 MB RAM (0 GB) is required!
Estimate model parameters (epsilon = 0.100)
1. Initial log-likelihood: -7437.339
2. Current log-likelihood: -7197.247
3. Current log-likelihood: -7188.936
4. Current log-likelihood: -7188.236
Optimal log-likelihood: -7188.127
Rate parameters:  A-C: 2.257  A-G: 4.985  A-T: 1.023  C-G: 0.808  C-T: 4.985  G-T: 1.000
Base frequencies:   A: 0.385  C: 0.165  G: 0.212  T: 0.238
Gamma shape alpha: 0.524
Parameters optimization took 4 rounds (0.188 sec)
Computing ML distances based on estimated model parameters... 0.001 sec
Computing BIONJ tree...
0.000 seconds
Log-likelihood of BIONJ tree: -7156.172
--------------------------------------------------------------------
|             INITIALIZING CANDIDATE TREE SET                      |
--------------------------------------------------------------------
Generating 98 parsimony trees... 0.113 second
Computing log-likelihood of 93 initial trees ... 0.521 seconds
Current best score: -7156.172

Do NNI search on 20 best initial trees
Estimate model parameters (epsilon = 0.100)
BETTER TREE FOUND at iteration 1: -7155.278
Iteration 10 / LogL: -7155.286 / Time: 0h:0m:11s
Iteration 20 / LogL: -7155.381 / Time: 0h:0m:12s
Finish initializing candidate tree set (1)
Current best tree score: -7155.278 / CPU time: 1.477
Number of iterations: 20
--------------------------------------------------------------------
|               OPTIMIZING CANDIDATE TREE SET                      |
--------------------------------------------------------------------
Iteration 30 / LogL: -7155.282 / Time: 0h:0m:12s (0h:0m:5s left)
UPDATE BEST LOG-LIKELIHOOD: -7155.278
Iteration 40 / LogL: -7155.300 / Time: 0h:0m:13s (0h:0m:4s left)
Iteration 50 / LogL: -7155.279 / Time: 0h:0m:13s (0h:0m:3s left)
Log-likelihood cutoff on original alignment: -7176.993
Iteration 60 / LogL: -7155.300 / Time: 0h:0m:14s (0h:0m:2s left)
UPDATE BEST LOG-LIKELIHOOD: -7155.278
Iteration 70 / LogL: -7155.301 / Time: 0h:0m:15s (0h:0m:1s left)
Iteration 80 / LogL: -7155.294 / Time: 0h:0m:15s (0h:0m:1s left)
UPDATE BEST LOG-LIKELIHOOD: -7155.278
Iteration 90 / LogL: -7155.403 / Time: 0h:0m:16s (0h:0m:0s left)
UPDATE BEST LOG-LIKELIHOOD: -7155.278
Iteration 100 / LogL: -7155.278 / Time: 0h:0m:17s (0h:0m:0s left)
Log-likelihood cutoff on original alignment: -7174.700
NOTE: Bootstrap correlation coefficient of split occurrence frequencies: 0.999
TREE SEARCH COMPLETED AFTER 102 ITERATIONS / Time: 0h:0m:17s

--------------------------------------------------------------------
|                    FINALIZING TREE SEARCH                        |
--------------------------------------------------------------------
Performs final model parameters optimization
Estimate model parameters (epsilon = 0.010)
1. Initial log-likelihood: -7155.278
Optimal log-likelihood: -7155.277
Rate parameters:  A-C: 2.311  A-G: 4.943  A-T: 0.958  C-G: 0.791  C-T: 4.943  G-T: 1.000
Base frequencies:   A: 0.385  C: 0.165  G: 0.212  T: 0.238
Gamma shape alpha: 0.527
Parameters optimization took 1 rounds (0.020 sec)
BEST SCORE FOUND : -7155.277
Creating bootstrap support values...
Split supports printed to NEXUS file ./results/gene1.phy.splits.nex
Total tree length: 2.880

Total number of iterations: 102
CPU time used for tree search: 3.915 sec (0h:0m:3s)
Wall-clock time used for tree search: 7.025 sec (0h:0m:7s)
Total CPU time used: 10.439 sec (0h:0m:10s)
Total wall-clock time used: 17.953 sec (0h:0m:17s)

Computing bootstrap consensus tree...
Reading input file ./results/gene1.phy.splits.nex...
10 taxa and 40 splits.
Consensus tree written to ./results/gene1.phy.contree
Reading input trees file ./results/gene1.phy.contree
Log-likelihood of consensus tree: -7155.277

Analysis results written to: 
  IQ-TREE report:                ./results/gene1.phy.iqtree
  Maximum-likelihood tree:       ./results/gene1.phy.treefile
  Likelihood distances:          ./results/gene1.phy.mldist

Ultrafast bootstrap approximation results written to:
  Split support values:          ./results/gene1.phy.splits.nex
  Consensus tree:                ./results/gene1.phy.contree
  Screen log file:               ./results/gene1.phy.log

Date and Time: Tue Aug 22 17:32:56 2017
