IQ-TREE multicore version 1.5.4 for Linux 64-bit built Apr  2 2017
Copyright (c) 2011-2017 by Bui Quang Minh, Nguyen Lam Tung,
Olga Chernomor, Heiko Schmidt, and Arndt von Haeseler.

Host:    hpc-crick (AVX, 251 GB RAM)
Command: iqtree -s ./results/gene20.phy -nt 1 -bb 1000
Seed:    63246 (Using SPRNG - Scalable Parallel Random Number Generator)
Time:    Tue Aug 22 17:24:44 2017
Kernel:  AVX - 1 threads (40 CPU cores detected)

Reading alignment file ./results/gene20.phy ... Phylip format detected
Alignment most likely contains DNA/RNA sequences
Alignment has 10 sequences with 1000 columns and 480 patterns (329 informative sites, 377 constant sites)
   Gap/Ambiguity  Composition  p-value
   1  A    0.00%    passed     97.09%
   2  B    0.00%    passed     97.75%
   3  C    0.00%    passed     93.71%
   4  D    0.00%    passed     93.41%
   5  E    0.00%    passed     54.99%
   6  F    0.00%    passed     97.33%
   7  G    0.00%    passed     95.39%
   8  H    0.00%    passed     74.30%
   9  I    0.00%    passed     61.39%
  10  J    0.00%    passed     71.93%
****  TOTAL    0.00%  0 sequences failed composition chi2 test (p-value<5%; df=3)

Create initial parsimony tree by phylogenetic likelihood library (PLL)... 0.001 seconds

NOTE: ModelFinder requires 3 MB RAM!
ModelFinder will test 286 DNA models (sample size: 1000) ...
 No. Model         -LnL         df  AIC          AICc         BIC
  1  JC            7331.419     17  14696.838    14697.461    14780.270
  2  JC+I          7148.309     18  14332.618    14333.315    14420.958
  3  JC+G4         7095.224     18  14226.448    14227.145    14314.788
  4  JC+I+G4       7095.581     19  14229.162    14229.938    14322.410
  5  JC+R2         7099.558     19  14237.116    14237.891    14330.363
  6  JC+R3         7094.949     21  14231.897    14232.842    14334.960
  7  JC+R4         Skipped 
  8  JC+R5         Skipped 
  9  JC+R6         Skipped 
 10  JC+R7         Skipped 
 11  JC+R8         Skipped 
 12  JC+R9         Skipped 
 13  JC+R10        Skipped 
 14  F81           7194.516     20  14429.033    14429.891    14527.188
 15  F81+I         7010.579     21  14063.158    14064.102    14166.220
 16  F81+G4        6950.612     21  13943.224    13944.169    14046.287
 17  F81+I+G4      6951.060     22  13946.120    13947.156    14054.091
 18  F81+R2        6954.628     22  13953.256    13954.292    14061.227
 19  F81+R3        6950.524     24  13949.048    13950.279    14066.834
 20  F81+R4        Skipped 
 21  F81+R5        Skipped 
 22  F81+R6        Skipped 
 23  F81+R7        Skipped 
 24  F81+R8        Skipped 
 25  F81+R9        Skipped 
 26  F81+R10       Skipped 
 27  K2P           7155.679     18  14347.359    14348.056    14435.698
 28  K2P+I         6959.122     19  13956.244    13957.019    14049.491
 29  K2P+G4        6892.122     19  13822.243    13823.019    13915.491
 30  K2P+I+G4      6892.458     20  13824.917    13825.775    13923.072
 31  K2P+R2        6897.756     20  13835.511    13836.369    13933.666
 32  K2P+R3        6891.538     22  13827.075    13828.111    13935.046
 33  K2P+R4        Skipped 
 34  K2P+R5        Skipped 
 35  K2P+R6        Skipped 
 36  K2P+R7        Skipped 
 37  K2P+R8        Skipped 
 38  K2P+R9        Skipped 
 39  K2P+R10       Skipped 
 40  HKY           7027.497     21  14096.994    14097.939    14200.057
 41  HKY+I         6834.003     22  13712.007    13713.042    13819.977
 42  HKY+G4        6753.757     22  13551.515    13552.551    13659.485
 43  HKY+I+G4      6754.283     23  13554.567    13555.698    13667.445
 44  HKY+R2        6757.323     23  13560.646    13561.777    13673.525
 45  HKY+R3        6753.755     25  13557.511    13558.845    13680.205
 46  HKY+R4        Skipped 
 47  HKY+R5        Skipped 
 48  HKY+R6        Skipped 
 49  HKY+R7        Skipped 
 50  HKY+R8        Skipped 
 51  HKY+R9        Skipped 
 52  HKY+R10       Skipped 
 53  TNe           7154.350     19  14346.701    14347.476    14439.948
 54  TNe+I         6957.232     20  13954.463    13955.321    14052.619
 55  TNe+G4        6887.804     20  13815.609    13816.467    13913.764
 56  TNe+I+G4      6888.060     21  13818.120    13819.065    13921.183
 57  TNe+R2        6893.638     21  13829.276    13830.221    13932.339
 58  TNe+R3        6887.171     23  13820.342    13821.473    13933.221
 59  TNe+R4        Skipped 
 60  TNe+R5        Skipped 
 61  TNe+R6        Skipped 
 62  TNe+R7        Skipped 
 63  TNe+R8        Skipped 
 64  TNe+R9        Skipped 
 65  TNe+R10       Skipped 
 66  TN            7023.320     22  14090.639    14091.675    14198.610
 67  TN+I          6830.552     23  13707.103    13708.234    13819.982
 68  TN+G4         6752.635     23  13551.269    13552.400    13664.147
 69  TN+I+G4       6752.871     24  13553.742    13554.973    13671.528
 70  TN+R2         6756.320     24  13560.640    13561.871    13678.426
 71  TN+R3         6748.685     26  13549.370    13550.813    13676.972
 72  TN+R4         6747.630     28  13551.260    13552.933    13688.677
 73  TN+R5         Skipped 
 74  TN+R6         Skipped 
 75  TN+R7         Skipped 
 76  TN+R8         Skipped 
 77  TN+R9         Skipped 
 78  TN+R10        Skipped 
 79  K3P           7153.289     19  14344.577    14345.353    14437.825
 80  K3P+I         6956.809     20  13953.618    13954.476    14051.773
 81  K3P+G4        6888.429     20  13816.858    13817.716    13915.013
 82  K3P+I+G4      6888.658     21  13819.317    13820.262    13922.380
 83  K3P+R2        6894.059     21  13830.118    13831.063    13933.181
 84  K3P+R3        6886.042     23  13818.083    13819.214    13930.961
 85  K3P+R4        6884.167     25  13818.334    13819.669    13941.028
 86  K3P+R5        Skipped 
 87  K3P+R6        Skipped 
 88  K3P+R7        Skipped 
 89  K3P+R8        Skipped 
 90  K3P+R9        Skipped 
 91  K3P+R10       Skipped 
 92  K3Pu          7017.889     22  14079.778    14080.814    14187.749
 93  K3Pu+I        6826.279     23  13698.558    13699.690    13811.437
 94  K3Pu+G4       6741.254     23  13528.507    13529.638    13641.386
 95  K3Pu+I+G4     6741.800     24  13531.599    13532.830    13649.385
 96  K3Pu+R2       6744.835     24  13537.670    13538.901    13655.456
 97  K3Pu+R3       6737.766     26  13527.531    13528.974    13655.133
 98  K3Pu+R4       6736.791     28  13529.582    13531.254    13666.999
 99  K3Pu+R5       Skipped 
100  K3Pu+R6       Skipped 
101  K3Pu+R7       Skipped 
102  K3Pu+R8       Skipped 
103  K3Pu+R9       Skipped 
104  K3Pu+R10      Skipped 
105  TPM2          7021.175     22  14086.350    14087.386    14194.321
106  TPM2+I        6826.022     23  13698.045    13699.176    13810.923
107  TPM2+G4       6750.710     23  13547.421    13548.552    13660.299
108  TPM2+I+G4     6750.997     24  13549.994    13551.225    13667.780
109  TPM2+R2       6754.616     24  13557.232    13558.463    13675.019
110  TPM2+R3       6746.037     26  13544.074    13545.517    13671.676
111  TPM2+R4       6744.847     28  13545.693    13547.366    13683.110
112  TPM2+R5       Skipped 
113  TPM2+R6       Skipped 
114  TPM2+R7       Skipped 
115  TPM2+R8       Skipped 
116  TPM2+R9       Skipped 
117  TPM2+R10      Skipped 
118  TPM2u         7021.189     22  14086.379    14087.415    14194.349
119  TPM2u+I       6826.010     23  13698.021    13699.152    13810.899
120  TPM2u+G4      6750.714     23  13547.429    13548.560    13660.307
121  TPM2u+I+G4    6750.983     24  13549.965    13551.196    13667.751
122  TPM2u+R2      6754.609     24  13557.219    13558.450    13675.005
123  TPM2u+R3      6746.043     26  13544.085    13545.528    13671.687
124  TPM2u+R4      6744.836     28  13545.671    13547.344    13683.089
125  TPM2u+R5      Skipped 
126  TPM2u+R6      Skipped 
127  TPM2u+R7      Skipped 
128  TPM2u+R8      Skipped 
129  TPM2u+R9      Skipped 
130  TPM2u+R10     Skipped 
131  TPM3          7000.129     22  14044.259    14045.295    14152.230
132  TPM3+I        6814.342     23  13674.683    13675.814    13787.562
133  TPM3+G4       6730.948     23  13507.896    13509.027    13620.774
134  TPM3+I+G4     6731.380     24  13510.760    13511.991    13628.546
135  TPM3+R2       6734.035     24  13516.071    13517.302    13633.857
136  TPM3+R3       6729.215     26  13510.429    13511.872    13638.031
137  TPM3+R4       Skipped 
138  TPM3+R5       Skipped 
139  TPM3+R6       Skipped 
140  TPM3+R7       Skipped 
141  TPM3+R8       Skipped 
142  TPM3+R9       Skipped 
143  TPM3+R10      Skipped 
144  TPM3u         7000.163     22  14044.326    14045.361    14152.296
145  TPM3u+I       6814.347     23  13674.693    13675.824    13787.572
146  TPM3u+G4      6730.947     23  13507.894    13509.025    13620.773
147  TPM3u+I+G4    6731.352     24  13510.703    13511.934    13628.489
148  TPM3u+R2      6734.097     24  13516.194    13517.425    13633.981
149  TPM3u+R3      6729.198     26  13510.395    13511.838    13637.997
150  TPM3u+R4      Skipped 
151  TPM3u+R5      Skipped 
152  TPM3u+R6      Skipped 
153  TPM3u+R7      Skipped 
154  TPM3u+R8      Skipped 
155  TPM3u+R9      Skipped 
156  TPM3u+R10     Skipped 
157  TIMe          7151.951     20  14343.902    14344.760    14442.057
158  TIMe+I        6954.915     21  13951.831    13952.776    14054.894
159  TIMe+G4       6884.171     21  13810.343    13811.288    13913.406
160  TIMe+I+G4     6884.331     22  13812.662    13813.697    13920.632
161  TIMe+R2       6889.913     22  13823.826    13824.862    13931.797
162  TIMe+R3       6881.938     24  13811.875    13813.106    13929.661
163  TIMe+R4       6879.535     26  13811.070    13812.513    13938.672
164  TIMe+R5       Skipped 
165  TIMe+R6       Skipped 
166  TIMe+R7       Skipped 
167  TIMe+R8       Skipped 
168  TIMe+R9       Skipped 
169  TIMe+R10      Skipped 
170  TIM           7013.220     23  14072.440    14073.571    14185.318
171  TIM+I         6822.867     24  13693.735    13694.965    13811.521
172  TIM+G4        6740.083     24  13528.166    13529.397    13645.952
173  TIM+I+G4      6740.471     25  13530.943    13532.278    13653.637
174  TIM+R2        6743.979     25  13537.959    13539.293    13660.653
175  TIM+R3        6736.685     27  13527.370    13528.926    13659.880
176  TIM+R4        6735.579     29  13529.158    13530.952    13671.483
177  TIM+R5        Skipped 
178  TIM+R6        Skipped 
179  TIM+R7        Skipped 
180  TIM+R8        Skipped 
181  TIM+R9        Skipped 
182  TIM+R10       Skipped 
183  TIM2e         7134.187     20  14308.373    14309.231    14406.528
184  TIM2e+I       6932.282     21  13906.564    13907.509    14009.627
185  TIM2e+G4      6856.772     21  13755.545    13756.490    13858.608
186  TIM2e+I+G4    6856.804     22  13757.609    13758.644    13865.579
187  TIM2e+R2      6865.667     22  13775.334    13776.370    13883.305
188  TIM2e+R3      6856.057     24  13760.113    13761.344    13877.899
189  TIM2e+R4      6850.751     26  13753.502    13754.945    13881.104
190  TIM2e+R5      Skipped 
191  TIM2e+R6      Skipped 
192  TIM2e+R7      Skipped 
193  TIM2e+R8      Skipped 
194  TIM2e+R9      Skipped 
195  TIM2e+R10     Skipped 
196  TIM2          7016.701     23  14079.403    14080.534    14192.281
197  TIM2+I        6822.658     24  13693.315    13694.546    13811.101
198  TIM2+G4       6748.932     24  13545.864    13547.094    13663.650
199  TIM2+I+G4     6749.104     25  13548.208    13549.542    13670.902
200  TIM2+R2       6753.322     25  13556.643    13557.978    13679.337
201  TIM2+R3       6744.454     27  13542.908    13544.463    13675.417
202  TIM2+R4       6743.057     29  13544.114    13545.908    13686.439
203  TIM2+R5       Skipped 
204  TIM2+R6       Skipped 
205  TIM2+R7       Skipped 
206  TIM2+R8       Skipped 
207  TIM2+R9       Skipped 
208  TIM2+R10      Skipped 
209  TIM3e         7147.976     20  14335.951    14336.809    14434.107
210  TIM3e+I       6952.766     21  13947.532    13948.477    14050.595
211  TIM3e+G4      6883.329     21  13808.658    13809.602    13911.720
212  TIM3e+I+G4    6883.503     22  13811.006    13812.042    13918.977
213  TIM3e+R2      6888.691     22  13821.382    13822.418    13929.353
214  TIM3e+R3      6881.240     24  13810.479    13811.710    13928.266
215  TIM3e+R4      6878.677     26  13809.354    13810.797    13936.956
216  TIM3e+R5      Skipped 
217  TIM3e+R6      Skipped 
218  TIM3e+R7      Skipped 
219  TIM3e+R8      Skipped 
220  TIM3e+R9      Skipped 
221  TIM3e+R10     Skipped 
222  TIM3          6993.232     23  14032.463    14033.595    14145.342
223  TIM3+I        6810.299     24  13668.597    13669.828    13786.383
224  TIM3+G4       6728.058     24  13504.115    13505.346    13621.902
225  TIM3+I+G4     6728.335     25  13506.671    13508.006    13629.365
226  TIM3+R2       6732.011     25  13514.022    13515.357    13636.716
227  TIM3+R3       6727.112     27  13508.223    13509.779    13640.733
228  TIM3+R4       Skipped 
229  TIM3+R5       Skipped 
230  TIM3+R6       Skipped 
231  TIM3+R7       Skipped 
232  TIM3+R8       Skipped 
233  TIM3+R9       Skipped 
234  TIM3+R10      Skipped 
235  TVMe          7128.771     21  14299.542    14300.487    14402.605
236  TVMe+I        6929.200     22  13902.401    13903.437    14010.371
237  TVMe+G4       6855.732     22  13755.464    13756.500    13863.435
238  TVMe+I+G4     6855.737     23  13757.475    13758.606    13870.353
239  TVMe+R2       6863.976     23  13773.951    13775.082    13886.829
240  TVMe+R3       6854.481     25  13758.962    13760.297    13881.656
241  TVMe+R4       6850.133     27  13754.266    13755.822    13886.776
242  TVMe+R5       Skipped 
243  TVMe+R6       Skipped 
244  TVMe+R7       Skipped 
245  TVMe+R8       Skipped 
246  TVMe+R9       Skipped 
247  TVMe+R10      Skipped 
248  TVM           6992.393     24  14032.786    14034.016    14150.572
249  TVM+I         6805.337     25  13660.674    13662.008    13783.368
250  TVM+G4        6724.166     25  13498.332    13499.667    13621.026
251  TVM+I+G4      6724.434     26  13500.868    13502.311    13628.470
252  TVM+R2        6727.991     26  13507.982    13509.425    13635.584
253  TVM+R3        6721.791     28  13499.582    13501.254    13636.999
254  TVM+R4        Skipped 
255  TVM+R5        Skipped 
256  TVM+R6        Skipped 
257  TVM+R7        Skipped 
258  TVM+R8        Skipped 
259  TVM+R9        Skipped 
260  TVM+R10       Skipped 
261  SYM           7127.553     22  14299.107    14300.142    14407.077
262  SYM+I         6926.946     23  13899.891    13901.022    14012.770
263  SYM+G4        6849.085     23  13744.170    13745.301    13857.048
264  SYM+I+G4      6849.165     24  13746.330    13747.561    13864.116
265  SYM+R2        6857.913     24  13763.827    13765.057    13881.613
266  SYM+R3        6849.419     26  13750.837    13752.280    13878.439
267  SYM+R4        6843.380     28  13742.761    13744.433    13880.178
268  SYM+R5        Skipped 
269  SYM+R6        Skipped 
270  SYM+R7        Skipped 
271  SYM+R8        Skipped 
272  SYM+R9        Skipped 
273  SYM+R10       Skipped 
274  GTR           6985.393     25  14020.786    14022.121    14143.480
275  GTR+I         6801.469     26  13654.937    13656.380    13782.539
276  GTR+G4        6720.649     26  13493.299    13494.742    13620.900
277  GTR+I+G4      6720.999     27  13495.998    13497.554    13628.507
278  GTR+R2        6725.936     27  13505.872    13507.428    13638.382
279  GTR+R3        6719.245     29  13496.489    13498.283    13638.814
280  GTR+R4        Skipped 
281  GTR+R5        Skipped 
282  GTR+R6        Skipped 
283  GTR+R7        Skipped 
284  GTR+R8        Skipped 
285  GTR+R9        Skipped 
286  GTR+R10       Skipped 
Akaike Information Criterion:           GTR+G4
Corrected Akaike Information Criterion: GTR+G4
Bayesian Information Criterion:         TPM3u+G4
Best-fit model: TPM3u+G4 chosen according to BIC

All model information printed to ./results/gene20.phy.model
CPU time for ModelFinder: 11.941 seconds (0h:0m:11s)
Wall-clock time for ModelFinder: 12.882 seconds (0h:0m:12s)
Generating 1000 samples for ultrafast bootstrap (seed: 63246)...

NOTE: 2 MB RAM (0 GB) is required!
Estimate model parameters (epsilon = 0.100)
1. Initial log-likelihood: -6993.000
2. Current log-likelihood: -6744.531
3. Current log-likelihood: -6736.692
4. Current log-likelihood: -6735.942
Optimal log-likelihood: -6735.905
Rate parameters:  A-C: 2.760  A-G: 6.444  A-T: 1.000  C-G: 2.760  C-T: 6.444  G-T: 1.000
Base frequencies:   A: 0.415  C: 0.137  G: 0.213  T: 0.235
Gamma shape alpha: 0.602
Parameters optimization took 4 rounds (0.044 sec)
Computing ML distances based on estimated model parameters... 0.001 sec
Computing BIONJ tree...
0.000 seconds
Log-likelihood of BIONJ tree: -6734.591
--------------------------------------------------------------------
|             INITIALIZING CANDIDATE TREE SET                      |
--------------------------------------------------------------------
Generating 98 parsimony trees... 0.061 second
Computing log-likelihood of 98 initial trees ... 0.366 seconds
Current best score: -6734.591

Do NNI search on 20 best initial trees
Estimate model parameters (epsilon = 0.100)
BETTER TREE FOUND at iteration 1: -6732.027
Estimate model parameters (epsilon = 0.100)
BETTER TREE FOUND at iteration 2: -6732.004
Iteration 10 / LogL: -6733.379 / Time: 0h:0m:13s
Estimate model parameters (epsilon = 0.100)
BETTER TREE FOUND at iteration 12: -6730.124
Iteration 20 / LogL: -6733.096 / Time: 0h:0m:14s
Finish initializing candidate tree set (13)
Current best tree score: -6730.124 / CPU time: 1.254
Number of iterations: 20
--------------------------------------------------------------------
|               OPTIMIZING CANDIDATE TREE SET                      |
--------------------------------------------------------------------
Estimate model parameters (epsilon = 0.100)
BETTER TREE FOUND at iteration 28: -6729.768
Iteration 30 / LogL: -6732.948 / Time: 0h:0m:14s (0h:0m:5s left)
Iteration 40 / LogL: -6731.203 / Time: 0h:0m:15s (0h:0m:4s left)
UPDATE BEST LOG-LIKELIHOOD: -6729.768
UPDATE BEST LOG-LIKELIHOOD: -6729.768
Iteration 50 / LogL: -6729.768 / Time: 0h:0m:15s (0h:0m:4s left)
Log-likelihood cutoff on original alignment: -6738.945
Iteration 60 / LogL: -6730.079 / Time: 0h:0m:16s (0h:0m:3s left)
Iteration 70 / LogL: -6729.963 / Time: 0h:0m:16s (0h:0m:3s left)
Iteration 80 / LogL: -6729.780 / Time: 0h:0m:17s (0h:0m:2s left)
Iteration 90 / LogL: -6729.773 / Time: 0h:0m:17s (0h:0m:2s left)
Iteration 100 / LogL: -6730.432 / Time: 0h:0m:18s (0h:0m:1s left)
Log-likelihood cutoff on original alignment: -6738.945
NOTE: Bootstrap correlation coefficient of split occurrence frequencies: 0.976
NOTE: UFBoot does not converge, continue at least 100 more iterations
Iteration 110 / LogL: -6729.963 / Time: 0h:0m:19s (0h:0m:5s left)
Iteration 120 / LogL: -6730.079 / Time: 0h:0m:19s (0h:0m:4s left)
Iteration 130 / LogL: -6729.963 / Time: 0h:0m:19s (0h:0m:3s left)
Iteration 140 / LogL: -6729.771 / Time: 0h:0m:20s (0h:0m:3s left)
Iteration 150 / LogL: -6729.769 / Time: 0h:0m:21s (0h:0m:2s left)
Log-likelihood cutoff on original alignment: -6738.945
Iteration 160 / LogL: -6731.301 / Time: 0h:0m:21s (0h:0m:2s left)
UPDATE BEST LOG-LIKELIHOOD: -6729.768
Iteration 170 / LogL: -6729.964 / Time: 0h:0m:22s (0h:0m:1s left)
Iteration 180 / LogL: -6733.254 / Time: 0h:0m:23s (0h:0m:1s left)
Iteration 190 / LogL: -6730.119 / Time: 0h:0m:23s (0h:0m:0s left)
Iteration 200 / LogL: -6729.773 / Time: 0h:0m:24s (0h:0m:0s left)
Log-likelihood cutoff on original alignment: -6738.945
NOTE: Bootstrap correlation coefficient of split occurrence frequencies: 0.987
NOTE: UFBoot does not converge, continue at least 100 more iterations
Iteration 210 / LogL: -6730.142 / Time: 0h:0m:24s (0h:0m:5s left)
UPDATE BEST LOG-LIKELIHOOD: -6729.768
UPDATE BEST LOG-LIKELIHOOD: -6729.768
Iteration 220 / LogL: -6729.769 / Time: 0h:0m:24s (0h:0m:4s left)
Iteration 230 / LogL: -6729.769 / Time: 0h:0m:25s (0h:0m:3s left)
Iteration 240 / LogL: -6729.768 / Time: 0h:0m:25s (0h:0m:3s left)
Iteration 250 / LogL: -6729.769 / Time: 0h:0m:25s (0h:0m:2s left)
Log-likelihood cutoff on original alignment: -6739.426
Iteration 260 / LogL: -6730.083 / Time: 0h:0m:26s (0h:0m:2s left)
Iteration 270 / LogL: -6729.768 / Time: 0h:0m:26s (0h:0m:1s left)
Iteration 280 / LogL: -6729.779 / Time: 0h:0m:27s (0h:0m:1s left)
Iteration 290 / LogL: -6729.774 / Time: 0h:0m:27s (0h:0m:0s left)
Iteration 300 / LogL: -6729.776 / Time: 0h:0m:27s (0h:0m:0s left)
Log-likelihood cutoff on original alignment: -6739.426
NOTE: Bootstrap correlation coefficient of split occurrence frequencies: 0.990
TREE SEARCH COMPLETED AFTER 300 ITERATIONS / Time: 0h:0m:27s

--------------------------------------------------------------------
|                    FINALIZING TREE SEARCH                        |
--------------------------------------------------------------------
Performs final model parameters optimization
Estimate model parameters (epsilon = 0.010)
1. Initial log-likelihood: -6729.768
Optimal log-likelihood: -6729.762
Rate parameters:  A-C: 2.763  A-G: 6.596  A-T: 1.000  C-G: 2.763  C-T: 6.596  G-T: 1.000
Base frequencies:   A: 0.415  C: 0.137  G: 0.213  T: 0.235
Gamma shape alpha: 0.600
Parameters optimization took 1 rounds (0.004 sec)
BEST SCORE FOUND : -6729.762
Creating bootstrap support values...
Split supports printed to NEXUS file ./results/gene20.phy.splits.nex
Total tree length: 2.525

Total number of iterations: 300
CPU time used for tree search: 11.515 sec (0h:0m:11s)
Wall-clock time used for tree search: 14.782 sec (0h:0m:14s)
Total CPU time used: 23.548 sec (0h:0m:23s)
Total wall-clock time used: 27.755 sec (0h:0m:27s)

Computing bootstrap consensus tree...
Reading input file ./results/gene20.phy.splits.nex...
10 taxa and 185 splits.
Consensus tree written to ./results/gene20.phy.contree
Reading input trees file ./results/gene20.phy.contree
Log-likelihood of consensus tree: -6729.956

Analysis results written to: 
  IQ-TREE report:                ./results/gene20.phy.iqtree
  Maximum-likelihood tree:       ./results/gene20.phy.treefile
  Likelihood distances:          ./results/gene20.phy.mldist

Ultrafast bootstrap approximation results written to:
  Split support values:          ./results/gene20.phy.splits.nex
  Consensus tree:                ./results/gene20.phy.contree
  Screen log file:               ./results/gene20.phy.log

Date and Time: Tue Aug 22 17:25:12 2017
