IQ-TREE multicore version 1.5.4 for Linux 64-bit built Apr  2 2017
Copyright (c) 2011-2017 by Bui Quang Minh, Nguyen Lam Tung,
Olga Chernomor, Heiko Schmidt, and Arndt von Haeseler.

Host:    hpc-crick (AVX, 251 GB RAM)
Command: iqtree -s ./results/gene7.phy -nt 1 -bb 1000
Seed:    263529 (Using SPRNG - Scalable Parallel Random Number Generator)
Time:    Tue Aug 22 17:44:54 2017
Kernel:  AVX - 1 threads (40 CPU cores detected)

Reading alignment file ./results/gene7.phy ... Phylip format detected
Alignment most likely contains DNA/RNA sequences
Alignment has 10 sequences with 1000 columns and 484 patterns (348 informative sites, 392 constant sites)
   Gap/Ambiguity  Composition  p-value
   1  A    0.00%    passed     31.75%
   2  B    0.00%    passed     89.26%
   3  C    0.00%    passed     96.09%
   4  D    0.00%    passed     76.54%
   5  E    0.00%    passed     66.20%
   6  F    0.00%    passed     35.10%
   7  G    0.00%    passed     91.93%
   8  H    0.00%    passed     42.04%
   9  I    0.00%    passed     45.16%
  10  J    0.00%    passed     77.07%
****  TOTAL    0.00%  0 sequences failed composition chi2 test (p-value<5%; df=3)

Create initial parsimony tree by phylogenetic likelihood library (PLL)... 0.001 seconds

NOTE: ModelFinder requires 3 MB RAM!
ModelFinder will test 286 DNA models (sample size: 1000) ...
 No. Model         -LnL         df  AIC          AICc         BIC
  1  JC            7621.315     17  15276.630    15277.253    15360.062
  2  JC+I          7340.450     18  14716.899    14717.596    14805.239
  3  JC+G4         7269.956     18  14575.912    14576.609    14664.252
  4  JC+I+G4       7269.892     19  14577.784    14578.559    14671.031
  5  JC+R2         7276.952     19  14591.904    14592.680    14685.152
  6  JC+R3         7269.541     21  14581.082    14582.026    14684.144
  7  JC+R4         7269.522     23  14585.044    14586.175    14697.923
  8  JC+R5         Skipped 
  9  JC+R6         Skipped 
 10  JC+R7         Skipped 
 11  JC+R8         Skipped 
 12  JC+R9         Skipped 
 13  JC+R10        Skipped 
 14  F81           7517.146     20  15074.291    15075.149    15172.446
 15  F81+I         7226.441     21  14494.882    14495.827    14597.945
 16  F81+G4        7146.887     21  14335.775    14336.720    14438.838
 17  F81+I+G4      7146.782     22  14337.565    14338.601    14445.535
 18  F81+R2        7157.030     22  14358.060    14359.096    14466.031
 19  F81+R3        7146.471     24  14340.941    14342.172    14458.727
 20  F81+R4        7146.469     26  14344.938    14346.381    14472.540
 21  F81+R5        Skipped 
 22  F81+R6        Skipped 
 23  F81+R7        Skipped 
 24  F81+R8        Skipped 
 25  F81+R9        Skipped 
 26  F81+R10       Skipped 
 27  K2P           7472.030     18  14980.059    14980.756    15068.399
 28  K2P+I         7179.169     19  14396.338    14397.114    14489.585
 29  K2P+G4        7091.504     19  14221.008    14221.784    14314.255
 30  K2P+I+G4      7091.534     20  14223.067    14223.925    14321.222
 31  K2P+R2        7102.249     20  14244.497    14245.355    14342.652
 32  K2P+R3        7091.220     22  14226.440    14227.476    14334.411
 33  K2P+R4        7091.226     24  14230.453    14231.683    14348.239
 34  K2P+R5        Skipped 
 35  K2P+R6        Skipped 
 36  K2P+R7        Skipped 
 37  K2P+R8        Skipped 
 38  K2P+R9        Skipped 
 39  K2P+R10       Skipped 
 40  HKY           7370.182     21  14782.364    14783.309    14885.427
 41  HKY+I         7073.210     22  14190.421    14191.457    14298.391
 42  HKY+G4        6965.799     22  13975.598    13976.634    14083.568
 43  HKY+I+G4      6966.020     23  13978.040    13979.171    14090.919
 44  HKY+R2        6981.489     23  14008.979    14010.110    14121.857
 45  HKY+R3        6965.608     25  13981.216    13982.551    14103.910
 46  HKY+R4        6965.539     27  13985.078    13986.633    14117.587
 47  HKY+R5        Skipped 
 48  HKY+R6        Skipped 
 49  HKY+R7        Skipped 
 50  HKY+R8        Skipped 
 51  HKY+R9        Skipped 
 52  HKY+R10       Skipped 
 53  TNe           7468.665     19  14975.330    14976.105    15068.577
 54  TNe+I         7177.989     20  14395.979    14396.837    14494.134
 55  TNe+G4        7086.207     20  14212.414    14213.272    14310.569
 56  TNe+I+G4      7086.151     21  14214.301    14215.246    14317.364
 57  TNe+R2        7099.012     21  14240.023    14240.968    14343.086
 58  TNe+R3        7085.319     23  14216.638    14217.770    14329.517
 59  TNe+R4        7085.296     25  14220.593    14221.928    14343.287
 60  TNe+R5        Skipped 
 61  TNe+R6        Skipped 
 62  TNe+R7        Skipped 
 63  TNe+R8        Skipped 
 64  TNe+R9        Skipped 
 65  TNe+R10       Skipped 
 66  TN            7370.047     22  14784.094    14785.130    14892.064
 67  TN+I          7071.549     23  14189.098    14190.230    14301.977
 68  TN+G4         6965.797     23  13977.594    13978.725    14090.472
 69  TN+I+G4       6965.966     24  13979.932    13981.163    14097.718
 70  TN+R2         6981.289     24  14010.578    14011.808    14128.364
 71  TN+R3         6965.521     26  13983.042    13984.485    14110.644
 72  TN+R4         6965.459     28  13986.918    13988.591    14124.335
 73  TN+R5         Skipped 
 74  TN+R6         Skipped 
 75  TN+R7         Skipped 
 76  TN+R8         Skipped 
 77  TN+R9         Skipped 
 78  TN+R10        Skipped 
 79  K3P           7471.059     19  14980.118    14980.893    15073.365
 80  K3P+I         7178.117     20  14396.235    14397.093    14494.390
 81  K3P+G4        7088.144     20  14216.288    14217.146    14314.443
 82  K3P+I+G4      7088.132     21  14218.264    14219.209    14321.327
 83  K3P+R2        7099.245     21  14240.489    14241.434    14343.552
 84  K3P+R3        7087.912     23  14221.824    14222.955    14334.702
 85  K3P+R4        7087.891     25  14225.781    14227.116    14348.475
 86  K3P+R5        Skipped 
 87  K3P+R6        Skipped 
 88  K3P+R7        Skipped 
 89  K3P+R8        Skipped 
 90  K3P+R9        Skipped 
 91  K3P+R10       Skipped 
 92  K3Pu          7366.992     22  14777.984    14779.020    14885.955
 93  K3Pu+I        7070.258     23  14186.516    14187.647    14299.394
 94  K3Pu+G4       6957.633     23  13961.265    13962.396    14074.143
 95  K3Pu+I+G4     6958.080     24  13964.159    13965.390    14081.945
 96  K3Pu+R2       6974.224     24  13996.449    13997.680    14114.235
 97  K3Pu+R3       6957.547     26  13967.095    13968.538    14094.696
 98  K3Pu+R4       6957.505     28  13971.011    13972.683    14108.428
 99  K3Pu+R5       Skipped 
100  K3Pu+R6       Skipped 
101  K3Pu+R7       Skipped 
102  K3Pu+R8       Skipped 
103  K3Pu+R9       Skipped 
104  K3Pu+R10      Skipped 
105  TPM2          7364.690     22  14773.380    14774.415    14881.350
106  TPM2+I        7066.614     23  14179.228    14180.359    14292.107
107  TPM2+G4       6963.590     23  13973.179    13974.310    14086.058
108  TPM2+I+G4     6963.696     24  13975.391    13976.622    14093.177
109  TPM2+R2       6978.535     24  14005.071    14006.302    14122.857
110  TPM2+R3       6963.302     26  13978.604    13980.047    14106.205
111  TPM2+R4       6963.290     28  13982.580    13984.252    14119.997
112  TPM2+R5       Skipped 
113  TPM2+R6       Skipped 
114  TPM2+R7       Skipped 
115  TPM2+R8       Skipped 
116  TPM2+R9       Skipped 
117  TPM2+R10      Skipped 
118  TPM2u         7364.696     22  14773.391    14774.427    14881.362
119  TPM2u+I       7066.610     23  14179.220    14180.352    14292.099
120  TPM2u+G4      6963.598     23  13973.196    13974.327    14086.075
121  TPM2u+I+G4    6963.685     24  13975.370    13976.601    14093.156
122  TPM2u+R2      6978.507     24  14005.015    14006.246    14122.801
123  TPM2u+R3      6963.306     26  13978.613    13980.056    14106.215
124  TPM2u+R4      6963.278     28  13982.556    13984.229    14119.973
125  TPM2u+R5      Skipped 
126  TPM2u+R6      Skipped 
127  TPM2u+R7      Skipped 
128  TPM2u+R8      Skipped 
129  TPM2u+R9      Skipped 
130  TPM2u+R10     Skipped 
131  TPM3          7369.089     22  14782.178    14783.214    14890.148
132  TPM3+I        7072.297     23  14190.593    14191.725    14303.472
133  TPM3+G4       6962.009     23  13970.019    13971.150    14082.897
134  TPM3+I+G4     6962.112     24  13972.224    13973.455    14090.010
135  TPM3+R2       6979.779     24  14007.558    14008.788    14125.344
136  TPM3+R3       6961.400     26  13974.801    13976.243    14102.402
137  TPM3+R4       6961.373     28  13978.746    13980.419    14116.163
138  TPM3+R5       Skipped 
139  TPM3+R6       Skipped 
140  TPM3+R7       Skipped 
141  TPM3+R8       Skipped 
142  TPM3+R9       Skipped 
143  TPM3+R10      Skipped 
144  TPM3u         7369.093     22  14782.187    14783.222    14890.157
145  TPM3u+I       7072.293     23  14190.586    14191.717    14303.464
146  TPM3u+G4      6961.997     23  13969.994    13971.125    14082.873
147  TPM3u+I+G4    6962.089     24  13972.177    13973.408    14089.963
148  TPM3u+R2      6979.875     24  14007.751    14008.982    14125.537
149  TPM3u+R3      6961.352     26  13974.704    13976.147    14102.305
150  TPM3u+R4      6961.329     28  13978.658    13980.331    14116.076
151  TPM3u+R5      Skipped 
152  TPM3u+R6      Skipped 
153  TPM3u+R7      Skipped 
154  TPM3u+R8      Skipped 
155  TPM3u+R9      Skipped 
156  TPM3u+R10     Skipped 
157  TIMe          7467.734     20  14975.467    14976.325    15073.622
158  TIMe+I        7176.948     21  14395.897    14396.842    14498.960
159  TIMe+G4       7082.916     21  14207.831    14208.776    14310.894
160  TIMe+I+G4     7082.821     22  14209.642    14210.678    14317.613
161  TIMe+R2       7096.150     22  14236.299    14237.335    14344.270
162  TIMe+R3       7082.153     24  14212.306    14213.537    14330.092
163  TIMe+R4       7082.110     26  14216.221    14217.664    14343.822
164  TIMe+R5       Skipped 
165  TIMe+R6       Skipped 
166  TIMe+R7       Skipped 
167  TIMe+R8       Skipped 
168  TIMe+R9       Skipped 
169  TIMe+R10      Skipped 
170  TIM           7366.880     23  14779.759    14780.890    14892.637
171  TIM+I         7068.551     24  14185.103    14186.333    14302.889
172  TIM+G4        6957.900     24  13963.800    13965.031    14081.586
173  TIM+I+G4      6958.200     25  13966.399    13967.734    14089.093
174  TIM+R2        6973.936     25  13997.873    13999.207    14120.566
175  TIM+R3        6957.743     27  13969.486    13971.041    14101.995
176  TIM+R4        6957.701     29  13973.401    13975.195    14115.726
177  TIM+R5        Skipped 
178  TIM+R6        Skipped 
179  TIM+R7        Skipped 
180  TIM+R8        Skipped 
181  TIM+R9        Skipped 
182  TIM+R10       Skipped 
183  TIM2e         7448.752     20  14937.504    14938.362    15035.659
184  TIM2e+I       7157.212     21  14356.424    14357.369    14459.487
185  TIM2e+G4      7057.453     21  14156.905    14157.850    14259.968
186  TIM2e+I+G4    7057.396     22  14158.793    14159.829    14266.763
187  TIM2e+R2      7073.859     22  14191.718    14192.754    14299.688
188  TIM2e+R3      7056.030     24  14160.060    14161.291    14277.846
189  TIM2e+R4      7055.994     26  14163.988    14165.431    14291.590
190  TIM2e+R5      Skipped 
191  TIM2e+R6      Skipped 
192  TIM2e+R7      Skipped 
193  TIM2e+R8      Skipped 
194  TIM2e+R9      Skipped 
195  TIM2e+R10     Skipped 
196  TIM2          7364.613     23  14775.226    14776.357    14888.105
197  TIM2+I        7064.911     24  14177.822    14179.053    14295.608
198  TIM2+G4       6963.614     24  13975.228    13976.458    14093.014
199  TIM2+I+G4     6963.581     25  13977.162    13978.497    14099.856
200  TIM2+R2       6978.145     25  14006.289    14007.624    14128.983
201  TIM2+R3       6963.292     27  13980.584    13982.140    14113.094
202  TIM2+R4       6963.270     29  13984.539    13986.333    14126.864
203  TIM2+R5       Skipped 
204  TIM2+R6       Skipped 
205  TIM2+R7       Skipped 
206  TIM2+R8       Skipped 
207  TIM2+R9       Skipped 
208  TIM2+R10      Skipped 
209  TIM3e         7468.707     20  14977.414    14978.272    15075.569
210  TIM3e+I       7177.982     21  14397.964    14398.909    14501.027
211  TIM3e+G4      7086.162     21  14214.323    14215.268    14317.386
212  TIM3e+I+G4    7085.957     22  14215.913    14216.949    14323.884
213  TIM3e+R2      7099.031     22  14242.062    14243.098    14350.033
214  TIM3e+R3      7085.260     24  14218.520    14219.751    14336.306
215  TIM3e+R4      7085.225     26  14222.450    14223.893    14350.052
216  TIM3e+R5      Skipped 
217  TIM3e+R6      Skipped 
218  TIM3e+R7      Skipped 
219  TIM3e+R8      Skipped 
220  TIM3e+R9      Skipped 
221  TIM3e+R10     Skipped 
222  TIM3          7368.949     23  14783.898    14785.029    14896.776
223  TIM3+I        7070.515     24  14189.029    14190.260    14306.815
224  TIM3+G4       6961.935     24  13971.871    13973.101    14089.657
225  TIM3+I+G4     6962.033     25  13974.066    13975.401    14096.760
226  TIM3+R2       6979.096     25  14008.193    14009.527    14130.886
227  TIM3+R3       6961.488     27  13976.976    13978.531    14109.485
228  TIM3+R4       6961.436     29  13980.872    13982.666    14123.197
229  TIM3+R5       Skipped 
230  TIM3+R6       Skipped 
231  TIM3+R7       Skipped 
232  TIM3+R8       Skipped 
233  TIM3+R9       Skipped 
234  TIM3+R10      Skipped 
235  TVMe          7449.660     21  14941.319    14942.264    15044.382
236  TVMe+I        7155.850     22  14355.700    14356.736    14463.671
237  TVMe+G4       7058.292     22  14160.583    14161.619    14268.554
238  TVMe+I+G4     7058.334     23  14162.669    14163.800    14275.547
239  TVMe+R2       7072.280     23  14190.560    14191.691    14303.438
240  TVMe+R3       7057.753     25  14165.505    14166.840    14288.199
241  TVMe+R4       7057.749     27  14169.498    14171.054    14302.008
242  TVMe+R5       Skipped 
243  TVMe+R6       Skipped 
244  TVMe+R7       Skipped 
245  TVMe+R8       Skipped 
246  TVMe+R9       Skipped 
247  TVMe+R10      Skipped 
248  TVM           7360.554     24  14769.107    14770.338    14886.893
249  TVM+I         7062.572     25  14175.145    14176.479    14297.839
250  TVM+G4        6953.560     25  13957.121    13958.455    14079.814
251  TVM+I+G4      6953.980     26  13959.961    13961.403    14087.562
252  TVM+R2        6969.160     26  13990.320    13991.763    14117.922
253  TVM+R3        6953.001     28  13962.002    13963.674    14099.419
254  TVM+R4        6952.990     30  13965.980    13967.899    14113.212
255  TVM+R5        Skipped 
256  TVM+R6        Skipped 
257  TVM+R7        Skipped 
258  TVM+R8        Skipped 
259  TVM+R9        Skipped 
260  TVM+R10       Skipped 
261  SYM           7446.334     22  14936.669    14937.704    15044.639
262  SYM+I         7154.645     23  14355.289    14356.420    14468.168
263  SYM+G4        7050.935     23  14147.870    14149.002    14260.749
264  SYM+I+G4      7051.060     24  14150.119    14151.350    14267.906
265  SYM+R2        7068.245     24  14184.490    14185.721    14302.276
266  SYM+R3        7049.483     26  14150.966    14152.409    14278.568
267  SYM+R4        7049.486     28  14154.973    14156.645    14292.390
268  SYM+R5        Skipped 
269  SYM+R6        Skipped 
270  SYM+R7        Skipped 
271  SYM+R8        Skipped 
272  SYM+R9        Skipped 
273  SYM+R10       Skipped 
274  GTR           7360.380     25  14770.759    14772.094    14893.453
275  GTR+I         7060.833     26  14173.666    14175.109    14301.268
276  GTR+G4        6953.437     26  13958.873    13960.316    14086.475
277  GTR+I+G4      6953.941     27  13961.883    13963.438    14094.392
278  GTR+R2        6968.373     27  13990.745    13992.301    14123.254
279  GTR+R3        6953.113     29  13964.226    13966.019    14106.551
280  GTR+R4        6952.886     31  13967.773    13969.822    14119.913
281  GTR+R5        Skipped 
282  GTR+R6        Skipped 
283  GTR+R7        Skipped 
284  GTR+R8        Skipped 
285  GTR+R9        Skipped 
286  GTR+R10       Skipped 
Akaike Information Criterion:           TVM+G4
Corrected Akaike Information Criterion: TVM+G4
Bayesian Information Criterion:         K3Pu+G4
Best-fit model: K3Pu+G4 chosen according to BIC

All model information printed to ./results/gene7.phy.model
CPU time for ModelFinder: 9.803 seconds (0h:0m:9s)
Wall-clock time for ModelFinder: 11.930 seconds (0h:0m:11s)
Generating 1000 samples for ultrafast bootstrap (seed: 263529)...

NOTE: 2 MB RAM (0 GB) is required!
Estimate model parameters (epsilon = 0.100)
1. Initial log-likelihood: -7220.077
2. Current log-likelihood: -7040.247
3. Current log-likelihood: -6967.958
4. Current log-likelihood: -6960.513
5. Current log-likelihood: -6959.217
6. Current log-likelihood: -6959.112
Optimal log-likelihood: -6959.020
Rate parameters:  A-C: 1.000  A-G: 3.059  A-T: 0.499  C-G: 0.499  C-T: 3.059  G-T: 1.000
Base frequencies:   A: 0.403  C: 0.172  G: 0.205  T: 0.220
Gamma shape alpha: 0.434
Parameters optimization took 6 rounds (0.085 sec)
Computing ML distances based on estimated model parameters... 0.000 sec
Computing BIONJ tree...
0.000 seconds
Log-likelihood of BIONJ tree: -6956.360
--------------------------------------------------------------------
|             INITIALIZING CANDIDATE TREE SET                      |
--------------------------------------------------------------------
Generating 98 parsimony trees... 0.096 second
Computing log-likelihood of 93 initial trees ... 0.449 seconds
Current best score: -6956.360

Do NNI search on 20 best initial trees
Estimate model parameters (epsilon = 0.100)
BETTER TREE FOUND at iteration 1: -6955.458
Estimate model parameters (epsilon = 0.100)
BETTER TREE FOUND at iteration 2: -6955.065
Estimate model parameters (epsilon = 0.100)
BETTER TREE FOUND at iteration 4: -6953.482
Iteration 10 / LogL: -6954.687 / Time: 0h:0m:13s
Iteration 20 / LogL: -6956.096 / Time: 0h:0m:13s
Finish initializing candidate tree set (14)
Current best tree score: -6953.482 / CPU time: 1.950
Number of iterations: 20
--------------------------------------------------------------------
|               OPTIMIZING CANDIDATE TREE SET                      |
--------------------------------------------------------------------
Iteration 30 / LogL: -6954.704 / Time: 0h:0m:14s (0h:0m:6s left)
UPDATE BEST LOG-LIKELIHOOD: -6953.482
UPDATE BEST LOG-LIKELIHOOD: -6953.480
UPDATE BEST LOG-LIKELIHOOD: -6953.480
Iteration 40 / LogL: -6953.480 / Time: 0h:0m:15s (0h:0m:5s left)
Iteration 50 / LogL: -6953.480 / Time: 0h:0m:15s (0h:0m:3s left)
Log-likelihood cutoff on original alignment: -6962.062
Iteration 60 / LogL: -6953.897 / Time: 0h:0m:16s (0h:0m:3s left)
Iteration 70 / LogL: -6953.480 / Time: 0h:0m:16s (0h:0m:2s left)
Iteration 80 / LogL: -6953.820 / Time: 0h:0m:17s (0h:0m:1s left)
Iteration 90 / LogL: -6953.799 / Time: 0h:0m:17s (0h:0m:0s left)
Iteration 100 / LogL: -6953.480 / Time: 0h:0m:18s (0h:0m:0s left)
Log-likelihood cutoff on original alignment: -6962.062
NOTE: Bootstrap correlation coefficient of split occurrence frequencies: 0.931
NOTE: UFBoot does not converge, continue at least 100 more iterations
Iteration 110 / LogL: -6953.480 / Time: 0h:0m:18s (0h:0m:5s left)
Iteration 120 / LogL: -6953.906 / Time: 0h:0m:19s (0h:0m:4s left)
Iteration 130 / LogL: -6953.802 / Time: 0h:0m:19s (0h:0m:4s left)
Iteration 140 / LogL: -6954.212 / Time: 0h:0m:19s (0h:0m:3s left)
Iteration 150 / LogL: -6954.213 / Time: 0h:0m:20s (0h:0m:2s left)
Log-likelihood cutoff on original alignment: -6962.062
Iteration 160 / LogL: -6953.798 / Time: 0h:0m:20s (0h:0m:2s left)
Iteration 170 / LogL: -6953.481 / Time: 0h:0m:21s (0h:0m:1s left)
Iteration 180 / LogL: -6953.481 / Time: 0h:0m:21s (0h:0m:1s left)
Iteration 190 / LogL: -6954.194 / Time: 0h:0m:22s (0h:0m:0s left)
Iteration 200 / LogL: -6953.898 / Time: 0h:0m:22s (0h:0m:0s left)
Log-likelihood cutoff on original alignment: -6962.062
NOTE: Bootstrap correlation coefficient of split occurrence frequencies: 0.970
NOTE: UFBoot does not converge, continue at least 100 more iterations
Iteration 210 / LogL: -6953.799 / Time: 0h:0m:22s (0h:0m:4s left)
Iteration 220 / LogL: -6953.481 / Time: 0h:0m:23s (0h:0m:4s left)
Iteration 230 / LogL: -6953.575 / Time: 0h:0m:23s (0h:0m:3s left)
Iteration 240 / LogL: -6953.480 / Time: 0h:0m:24s (0h:0m:3s left)
Iteration 250 / LogL: -6953.799 / Time: 0h:0m:24s (0h:0m:2s left)
Log-likelihood cutoff on original alignment: -6962.062
Iteration 260 / LogL: -6953.480 / Time: 0h:0m:24s (0h:0m:2s left)
Iteration 270 / LogL: -6953.856 / Time: 0h:0m:25s (0h:0m:1s left)
Iteration 280 / LogL: -6953.800 / Time: 0h:0m:25s (0h:0m:0s left)
Iteration 290 / LogL: -6953.480 / Time: 0h:0m:26s (0h:0m:0s left)
Iteration 300 / LogL: -6953.576 / Time: 0h:0m:26s (0h:0m:0s left)
Log-likelihood cutoff on original alignment: -6962.062
NOTE: Bootstrap correlation coefficient of split occurrence frequencies: 0.982
NOTE: UFBoot does not converge, continue at least 100 more iterations
UPDATE BEST LOG-LIKELIHOOD: -6953.480
Iteration 310 / LogL: -6953.481 / Time: 0h:0m:27s (0h:0m:4s left)
Iteration 320 / LogL: -6953.803 / Time: 0h:0m:27s (0h:0m:3s left)
Iteration 330 / LogL: -6953.480 / Time: 0h:0m:28s (0h:0m:3s left)
UPDATE BEST LOG-LIKELIHOOD: -6953.480
Iteration 340 / LogL: -6953.801 / Time: 0h:0m:28s (0h:0m:3s left)
Iteration 350 / LogL: -6953.480 / Time: 0h:0m:29s (0h:0m:2s left)
Log-likelihood cutoff on original alignment: -6962.062
Iteration 360 / LogL: -6953.480 / Time: 0h:0m:30s (0h:0m:2s left)
Iteration 370 / LogL: -6953.480 / Time: 0h:0m:30s (0h:0m:1s left)
Iteration 380 / LogL: -6953.486 / Time: 0h:0m:31s (0h:0m:1s left)
Iteration 390 / LogL: -6953.480 / Time: 0h:0m:31s (0h:0m:0s left)
Iteration 400 / LogL: -6953.480 / Time: 0h:0m:32s (0h:0m:0s left)
Log-likelihood cutoff on original alignment: -6962.062
NOTE: Bootstrap correlation coefficient of split occurrence frequencies: 0.991
TREE SEARCH COMPLETED AFTER 400 ITERATIONS / Time: 0h:0m:32s

--------------------------------------------------------------------
|                    FINALIZING TREE SEARCH                        |
--------------------------------------------------------------------
Performs final model parameters optimization
Estimate model parameters (epsilon = 0.010)
1. Initial log-likelihood: -6953.480
Optimal log-likelihood: -6953.471
Rate parameters:  A-C: 1.000  A-G: 3.031  A-T: 0.497  C-G: 0.497  C-T: 3.031  G-T: 1.000
Base frequencies:   A: 0.403  C: 0.172  G: 0.205  T: 0.220
Gamma shape alpha: 0.434
Parameters optimization took 1 rounds (0.007 sec)
BEST SCORE FOUND : -6953.471
Creating bootstrap support values...
Split supports printed to NEXUS file ./results/gene7.phy.splits.nex
Total tree length: 3.283

Total number of iterations: 400
CPU time used for tree search: 18.146 sec (0h:0m:18s)
Wall-clock time used for tree search: 20.451 sec (0h:0m:20s)
Total CPU time used: 28.109 sec (0h:0m:28s)
Total wall-clock time used: 32.582 sec (0h:0m:32s)

Computing bootstrap consensus tree...
Reading input file ./results/gene7.phy.splits.nex...
10 taxa and 173 splits.
Consensus tree written to ./results/gene7.phy.contree
Reading input trees file ./results/gene7.phy.contree
Log-likelihood of consensus tree: -6954.165

Analysis results written to: 
  IQ-TREE report:                ./results/gene7.phy.iqtree
  Maximum-likelihood tree:       ./results/gene7.phy.treefile
  Likelihood distances:          ./results/gene7.phy.mldist

Ultrafast bootstrap approximation results written to:
  Split support values:          ./results/gene7.phy.splits.nex
  Consensus tree:                ./results/gene7.phy.contree
  Screen log file:               ./results/gene7.phy.log

Date and Time: Tue Aug 22 17:45:27 2017
