IQ-TREE multicore version 1.5.4 for Linux 64-bit built Apr  2 2017
Copyright (c) 2011-2017 by Bui Quang Minh, Nguyen Lam Tung,
Olga Chernomor, Heiko Schmidt, and Arndt von Haeseler.

Host:    hpc-crick (AVX, 251 GB RAM)
Command: iqtree -s ./results/gene15.phy -nt 1 -bb 1000
Seed:    975465 (Using SPRNG - Scalable Parallel Random Number Generator)
Time:    Tue Aug 22 18:17:32 2017
Kernel:  AVX - 1 threads (40 CPU cores detected)

Reading alignment file ./results/gene15.phy ... Phylip format detected
Alignment most likely contains DNA/RNA sequences
Alignment has 10 sequences with 1000 columns and 443 patterns (302 informative sites, 411 constant sites)
   Gap/Ambiguity  Composition  p-value
   1  A    0.00%    passed     91.63%
   2  B    0.00%    passed     77.51%
   3  C    0.00%    passed     98.67%
   4  D    0.00%    passed     82.20%
   5  E    0.00%    passed     98.30%
   6  F    0.00%    passed     75.75%
   7  G    0.00%    passed     87.19%
   8  H    0.00%    passed     96.37%
   9  I    0.00%    passed     57.07%
  10  J    0.00%    passed     34.33%
****  TOTAL    0.00%  0 sequences failed composition chi2 test (p-value<5%; df=3)

Create initial parsimony tree by phylogenetic likelihood library (PLL)... 0.000 seconds

NOTE: ModelFinder requires 3 MB RAM!
ModelFinder will test 286 DNA models (sample size: 1000) ...
 No. Model         -LnL         df  AIC          AICc         BIC
  1  JC            7013.491     17  14060.981    14061.604    14144.413
  2  JC+I          6818.052     18  13672.105    13672.802    13760.444
  3  JC+G4         6768.823     18  13573.647    13574.344    13661.986
  4  JC+I+G4       6769.464     19  13576.929    13577.704    13670.176
  5  JC+R2         6769.914     19  13577.829    13578.604    13671.076
  6  JC+R3         6768.677     21  13579.354    13580.299    13682.417
  7  JC+R4         Skipped 
  8  JC+R5         Skipped 
  9  JC+R6         Skipped 
 10  JC+R7         Skipped 
 11  JC+R8         Skipped 
 12  JC+R9         Skipped 
 13  JC+R10        Skipped 
 14  F81           6918.937     20  13877.875    13878.733    13976.030
 15  F81+I         6720.386     21  13482.772    13483.717    13585.835
 16  F81+G4        6667.407     21  13376.814    13377.759    13479.877
 17  F81+I+G4      6668.092     22  13380.184    13381.220    13488.154
 18  F81+R2        6668.967     22  13381.935    13382.970    13489.905
 19  F81+R3        6667.146     24  13382.292    13383.523    13500.079
 20  F81+R4        Skipped 
 21  F81+R5        Skipped 
 22  F81+R6        Skipped 
 23  F81+R7        Skipped 
 24  F81+R8        Skipped 
 25  F81+R9        Skipped 
 26  F81+R10       Skipped 
 27  K2P           6874.827     18  13785.655    13786.352    13873.994
 28  K2P+I         6670.256     19  13378.511    13379.287    13471.759
 29  K2P+G4        6606.948     19  13251.895    13252.671    13345.143
 30  K2P+I+G4      6607.555     20  13255.110    13255.968    13353.265
 31  K2P+R2        6609.323     20  13258.646    13259.504    13356.802
 32  K2P+R3        6606.483     22  13256.965    13258.001    13364.936
 33  K2P+R4        Skipped 
 34  K2P+R5        Skipped 
 35  K2P+R6        Skipped 
 36  K2P+R7        Skipped 
 37  K2P+R8        Skipped 
 38  K2P+R9        Skipped 
 39  K2P+R10       Skipped 
 40  HKY           6777.748     21  13597.495    13598.440    13700.558
 41  HKY+I         6569.355     22  13182.710    13183.746    13290.681
 42  HKY+G4        6491.556     22  13027.112    13028.147    13135.082
 43  HKY+I+G4      6492.175     23  13030.350    13031.481    13143.229
 44  HKY+R2        6494.889     23  13035.777    13036.909    13148.656
 45  HKY+R3        6490.886     25  13031.772    13033.107    13154.466
 46  HKY+R4        Skipped 
 47  HKY+R5        Skipped 
 48  HKY+R6        Skipped 
 49  HKY+R7        Skipped 
 50  HKY+R8        Skipped 
 51  HKY+R9        Skipped 
 52  HKY+R10       Skipped 
 53  TNe           6874.785     19  13787.570    13788.346    13880.818
 54  TNe+I         6670.139     20  13380.278    13381.136    13478.433
 55  TNe+G4        6606.710     20  13253.419    13254.277    13351.575
 56  TNe+I+G4      6607.099     21  13256.198    13257.143    13359.261
 57  TNe+R2        6609.111     21  13260.223    13261.167    13363.285
 58  TNe+R3        6606.192     23  13258.383    13259.515    13371.262
 59  TNe+R4        Skipped 
 60  TNe+R5        Skipped 
 61  TNe+R6        Skipped 
 62  TNe+R7        Skipped 
 63  TNe+R8        Skipped 
 64  TNe+R9        Skipped 
 65  TNe+R10       Skipped 
 66  TN            6772.059     22  13588.117    13589.153    13696.088
 67  TN+I          6562.440     23  13170.880    13172.011    13283.758
 68  TN+G4         6488.758     23  13023.517    13024.648    13136.395
 69  TN+I+G4       6489.242     24  13026.485    13027.715    13144.271
 70  TN+R2         6491.895     24  13031.791    13033.022    13149.577
 71  TN+R3         6488.040     26  13028.080    13029.523    13155.682
 72  TN+R4         Skipped 
 73  TN+R5         Skipped 
 74  TN+R6         Skipped 
 75  TN+R7         Skipped 
 76  TN+R8         Skipped 
 77  TN+R9         Skipped 
 78  TN+R10        Skipped 
 79  K3P           6867.992     19  13773.984    13774.759    13867.231
 80  K3P+I         6662.207     20  13364.414    13365.272    13462.569
 81  K3P+G4        6596.661     20  13233.321    13234.179    13331.477
 82  K3P+I+G4      6597.087     21  13236.175    13237.120    13339.238
 83  K3P+R2        6598.748     21  13239.495    13240.440    13342.558
 84  K3P+R3        6596.050     23  13238.100    13239.231    13350.978
 85  K3P+R4        Skipped 
 86  K3P+R5        Skipped 
 87  K3P+R6        Skipped 
 88  K3P+R7        Skipped 
 89  K3P+R8        Skipped 
 90  K3P+R9        Skipped 
 91  K3P+R10       Skipped 
 92  K3Pu          6764.674     22  13573.348    13574.383    13681.318
 93  K3Pu+I        6555.367     23  13156.733    13157.865    13269.612
 94  K3Pu+G4       6472.710     23  12991.420    12992.552    13104.299
 95  K3Pu+I+G4     6473.264     24  12994.529    12995.760    13112.315
 96  K3Pu+R2       6475.860     24  12999.720    13000.950    13117.506
 97  K3Pu+R3       6471.860     26  12995.720    12997.163    13123.321
 98  K3Pu+R4       Skipped 
 99  K3Pu+R5       Skipped 
100  K3Pu+R6       Skipped 
101  K3Pu+R7       Skipped 
102  K3Pu+R8       Skipped 
103  K3Pu+R9       Skipped 
104  K3Pu+R10      Skipped 
105  TPM2          6773.612     22  13591.225    13592.260    13699.195
106  TPM2+I        6564.565     23  13175.130    13176.261    13288.008
107  TPM2+G4       6489.329     23  13024.657    13025.788    13137.535
108  TPM2+I+G4     6489.773     24  13027.547    13028.777    13145.333
109  TPM2+R2       6492.203     24  13032.406    13033.637    13150.192
110  TPM2+R3       6488.511     26  13029.021    13030.464    13156.623
111  TPM2+R4       Skipped 
112  TPM2+R5       Skipped 
113  TPM2+R6       Skipped 
114  TPM2+R7       Skipped 
115  TPM2+R8       Skipped 
116  TPM2+R9       Skipped 
117  TPM2+R10      Skipped 
118  TPM2u         6773.612     22  13591.223    13592.259    13699.194
119  TPM2u+I       6564.569     23  13175.139    13176.270    13288.017
120  TPM2u+G4      6489.371     23  13024.742    13025.873    13137.620
121  TPM2u+I+G4    6489.791     24  13027.583    13028.814    13145.369
122  TPM2u+R2      6492.209     24  13032.418    13033.648    13150.204
123  TPM2u+R3      6488.575     26  13029.150    13030.593    13156.752
124  TPM2u+R4      Skipped 
125  TPM2u+R5      Skipped 
126  TPM2u+R6      Skipped 
127  TPM2u+R7      Skipped 
128  TPM2u+R8      Skipped 
129  TPM2u+R9      Skipped 
130  TPM2u+R10     Skipped 
131  TPM3          6763.577     22  13571.154    13572.190    13679.125
132  TPM3+I        6556.363     23  13158.727    13159.858    13271.605
133  TPM3+G4       6475.122     23  12996.245    12997.376    13109.123
134  TPM3+I+G4     6475.589     24  12999.177    13000.408    13116.963
135  TPM3+R2       6477.306     24  13002.612    13003.842    13120.398
136  TPM3+R3       6473.996     26  12999.991    13001.434    13127.593
137  TPM3+R4       Skipped 
138  TPM3+R5       Skipped 
139  TPM3+R6       Skipped 
140  TPM3+R7       Skipped 
141  TPM3+R8       Skipped 
142  TPM3+R9       Skipped 
143  TPM3+R10      Skipped 
144  TPM3u         6763.592     22  13571.184    13572.220    13679.154
145  TPM3u+I       6556.367     23  13158.734    13159.865    13271.612
146  TPM3u+G4      6475.118     23  12996.236    12997.367    13109.114
147  TPM3u+I+G4    6475.560     24  12999.121    13000.351    13116.907
148  TPM3u+R2      6477.313     24  13002.627    13003.858    13120.413
149  TPM3u+R3      6473.984     26  12999.969    13001.412    13127.570
150  TPM3u+R4      Skipped 
151  TPM3u+R5      Skipped 
152  TPM3u+R6      Skipped 
153  TPM3u+R7      Skipped 
154  TPM3u+R8      Skipped 
155  TPM3u+R9      Skipped 
156  TPM3u+R10     Skipped 
157  TIMe          6867.945     20  13775.889    13776.747    13874.044
158  TIMe+I        6662.084     21  13366.168    13367.113    13469.231
159  TIMe+G4       6596.459     21  13234.918    13235.863    13337.981
160  TIMe+I+G4     6596.763     22  13237.526    13238.562    13345.497
161  TIMe+R2       6598.578     22  13241.156    13242.192    13349.127
162  TIMe+R3       6595.839     24  13239.678    13240.909    13357.464
163  TIMe+R4       Skipped 
164  TIMe+R5       Skipped 
165  TIMe+R6       Skipped 
166  TIMe+R7       Skipped 
167  TIMe+R8       Skipped 
168  TIMe+R9       Skipped 
169  TIMe+R10      Skipped 
170  TIM           6758.685     23  13563.369    13564.501    13676.248
171  TIM+I         6548.269     24  13144.537    13145.768    13262.324
172  TIM+G4        6470.033     24  12988.066    12989.297    13105.852
173  TIM+I+G4      6470.495     25  12990.991    12992.326    13113.685
174  TIM+R2        6472.863     25  12995.726    12997.061    13118.420
175  TIM+R3        6469.161     27  12992.322    12993.878    13124.832
176  TIM+R4        Skipped 
177  TIM+R5        Skipped 
178  TIM+R6        Skipped 
179  TIM+R7        Skipped 
180  TIM+R8        Skipped 
181  TIM+R9        Skipped 
182  TIM+R10       Skipped 
183  TIM2e         6858.309     20  13756.618    13757.476    13854.773
184  TIM2e+I       6650.399     21  13342.797    13343.742    13445.860
185  TIM2e+G4      6578.311     21  13198.622    13199.567    13301.685
186  TIM2e+I+G4    6578.333     22  13200.665    13201.701    13308.636
187  TIM2e+R2      6583.514     22  13211.028    13212.063    13318.998
188  TIM2e+R3      6573.917     24  13195.834    13197.065    13313.620
189  TIM2e+R4      6573.907     26  13199.815    13201.258    13327.416
190  TIM2e+R5      Skipped 
191  TIM2e+R6      Skipped 
192  TIM2e+R7      Skipped 
193  TIM2e+R8      Skipped 
194  TIM2e+R9      Skipped 
195  TIM2e+R10     Skipped 
196  TIM2          6767.603     23  13581.206    13582.337    13694.085
197  TIM2+I        6557.613     24  13163.227    13164.457    13281.013
198  TIM2+G4       6485.687     24  13019.374    13020.605    13137.160
199  TIM2+I+G4     6485.995     25  13021.991    13023.325    13144.685
200  TIM2+R2       6488.679     25  13027.358    13028.693    13150.052
201  TIM2+R3       6486.113     27  13026.225    13027.781    13158.734
202  TIM2+R4       Skipped 
203  TIM2+R5       Skipped 
204  TIM2+R6       Skipped 
205  TIM2+R7       Skipped 
206  TIM2+R8       Skipped 
207  TIM2+R9       Skipped 
208  TIM2+R10      Skipped 
209  TIM3e         6869.036     20  13778.072    13778.930    13876.227
210  TIM3e+I       6664.839     21  13371.677    13372.622    13474.740
211  TIM3e+G4      6600.235     21  13242.469    13243.414    13345.532
212  TIM3e+I+G4    6600.492     22  13244.984    13246.020    13352.955
213  TIM3e+R2      6602.003     22  13248.006    13249.042    13355.977
214  TIM3e+R3      6599.226     24  13246.452    13247.682    13364.238
215  TIM3e+R4      Skipped 
216  TIM3e+R5      Skipped 
217  TIM3e+R6      Skipped 
218  TIM3e+R7      Skipped 
219  TIM3e+R8      Skipped 
220  TIM3e+R9      Skipped 
221  TIM3e+R10     Skipped 
222  TIM3          6756.205     23  13558.411    13559.542    13671.289
223  TIM3+I        6548.752     24  13145.503    13146.734    13263.289
224  TIM3+G4       6471.127     24  12990.255    12991.486    13108.041
225  TIM3+I+G4     6471.556     25  12993.112    12994.447    13115.806
226  TIM3+R2       6473.394     25  12996.787    12998.122    13119.481
227  TIM3+R3       6470.455     27  12994.909    12996.465    13127.419
228  TIM3+R4       Skipped 
229  TIM3+R5       Skipped 
230  TIM3+R6       Skipped 
231  TIM3+R7       Skipped 
232  TIM3+R8       Skipped 
233  TIM3+R9       Skipped 
234  TIM3+R10      Skipped 
235  TVMe          6848.156     21  13738.312    13739.256    13841.375
236  TVMe+I        6639.308     22  13322.616    13323.652    13430.587
237  TVMe+G4       6564.929     22  13173.858    13174.894    13281.828
238  TVMe+I+G4     6565.008     23  13176.016    13177.148    13288.895
239  TVMe+R2       6569.518     23  13185.035    13186.166    13297.913
240  TVMe+R3       6561.839     25  13173.678    13175.013    13296.372
241  TVMe+R4       6561.729     27  13177.458    13179.014    13309.968
242  TVMe+R5       Skipped 
243  TVMe+R6       Skipped 
244  TVMe+R7       Skipped 
245  TVMe+R8       Skipped 
246  TVMe+R9       Skipped 
247  TVMe+R10      Skipped 
248  TVM           6753.149     24  13554.298    13555.528    13672.084
249  TVM+I         6544.273     25  13138.545    13139.880    13261.239
250  TVM+G4        6463.248     25  12976.496    12977.831    13099.190
251  TVM+I+G4      6463.559     26  12979.118    12980.561    13106.720
252  TVM+R2        6465.272     26  12982.544    12983.987    13110.145
253  TVM+R3        6462.606     28  12981.213    12982.885    13118.630
254  TVM+R4        Skipped 
255  TVM+R5        Skipped 
256  TVM+R6        Skipped 
257  TVM+R7        Skipped 
258  TVM+R8        Skipped 
259  TVM+R9        Skipped 
260  TVM+R10       Skipped 
261  SYM           6848.083     22  13740.165    13741.201    13848.136
262  SYM+I         6639.256     23  13324.512    13325.643    13437.391
263  SYM+G4        6563.994     23  13173.988    13175.119    13286.867
264  SYM+I+G4      6564.056     24  13176.113    13177.343    13293.899
265  SYM+R2        6569.051     24  13186.102    13187.333    13303.888
266  SYM+R3        6560.069     26  13172.138    13173.581    13299.739
267  SYM+R4        6560.012     28  13176.024    13177.697    13313.442
268  SYM+R5        Skipped 
269  SYM+R6        Skipped 
270  SYM+R7        Skipped 
271  SYM+R8        Skipped 
272  SYM+R9        Skipped 
273  SYM+R10       Skipped 
274  GTR           6745.488     25  13540.975    13542.310    13663.669
275  GTR+I         6536.785     26  13125.571    13127.014    13253.172
276  GTR+G4        6458.272     26  12968.544    12969.987    13096.146
277  GTR+I+G4      6458.693     27  12971.385    12972.941    13103.895
278  GTR+R2        6460.529     27  12975.058    12976.614    13107.567
279  GTR+R3        6457.689     29  12973.377    12975.171    13115.702
280  GTR+R4        Skipped 
281  GTR+R5        Skipped 
282  GTR+R6        Skipped 
283  GTR+R7        Skipped 
284  GTR+R8        Skipped 
285  GTR+R9        Skipped 
286  GTR+R10       Skipped 
Akaike Information Criterion:           GTR+G4
Corrected Akaike Information Criterion: GTR+G4
Bayesian Information Criterion:         GTR+G4
Best-fit model: GTR+G4 chosen according to BIC

All model information printed to ./results/gene15.phy.model
CPU time for ModelFinder: 8.457 seconds (0h:0m:8s)
Wall-clock time for ModelFinder: 10.572 seconds (0h:0m:10s)
Generating 1000 samples for ultrafast bootstrap (seed: 975465)...

NOTE: 2 MB RAM (0 GB) is required!
Estimate model parameters (epsilon = 0.100)
1. Initial log-likelihood: -6711.702
2. Current log-likelihood: -6467.500
3. Current log-likelihood: -6459.860
4. Current log-likelihood: -6459.068
5. Current log-likelihood: -6458.694
6. Current log-likelihood: -6458.546
Optimal log-likelihood: -6458.444
Rate parameters:  A-C: 2.811  A-G: 4.145  A-T: 0.642  C-G: 0.768  C-T: 6.267  G-T: 1.000
Base frequencies:   A: 0.396  C: 0.165  G: 0.203  T: 0.236
Gamma shape alpha: 0.521
Parameters optimization took 6 rounds (0.093 sec)
Computing ML distances based on estimated model parameters... 0.001 sec
Computing BIONJ tree...
0.000 seconds
Log-likelihood of BIONJ tree: -6458.174
--------------------------------------------------------------------
|             INITIALIZING CANDIDATE TREE SET                      |
--------------------------------------------------------------------
Generating 98 parsimony trees... 0.065 second
Computing log-likelihood of 92 initial trees ... 0.320 seconds
Current best score: -6458.174

Do NNI search on 20 best initial trees
Estimate model parameters (epsilon = 0.100)
BETTER TREE FOUND at iteration 1: -6457.714
Estimate model parameters (epsilon = 0.100)
BETTER TREE FOUND at iteration 2: -6456.277
UPDATE BEST LOG-LIKELIHOOD: -6456.276
UPDATE BEST LOG-LIKELIHOOD: -6456.276
Iteration 10 / LogL: -6456.276 / Time: 0h:0m:11s
Iteration 20 / LogL: -6457.317 / Time: 0h:0m:11s
Finish initializing candidate tree set (8)
Current best tree score: -6456.276 / CPU time: 1.102
Number of iterations: 20
--------------------------------------------------------------------
|               OPTIMIZING CANDIDATE TREE SET                      |
--------------------------------------------------------------------
Iteration 30 / LogL: -6457.309 / Time: 0h:0m:12s (0h:0m:3s left)
UPDATE BEST LOG-LIKELIHOOD: -6456.276
Iteration 40 / LogL: -6456.907 / Time: 0h:0m:12s (0h:0m:2s left)
Iteration 50 / LogL: -6456.303 / Time: 0h:0m:12s (0h:0m:2s left)
Log-likelihood cutoff on original alignment: -6462.861
UPDATE BEST LOG-LIKELIHOOD: -6456.276
Iteration 60 / LogL: -6456.926 / Time: 0h:0m:13s (0h:0m:1s left)
Iteration 70 / LogL: -6456.276 / Time: 0h:0m:13s (0h:0m:1s left)
UPDATE BEST LOG-LIKELIHOOD: -6456.276
Iteration 80 / LogL: -6457.269 / Time: 0h:0m:13s (0h:0m:0s left)
Iteration 90 / LogL: -6457.317 / Time: 0h:0m:14s (0h:0m:0s left)
Iteration 100 / LogL: -6457.464 / Time: 0h:0m:14s (0h:0m:0s left)
Log-likelihood cutoff on original alignment: -6463.736
NOTE: Bootstrap correlation coefficient of split occurrence frequencies: 0.959
NOTE: UFBoot does not converge, continue at least 100 more iterations
Iteration 110 / LogL: -6457.354 / Time: 0h:0m:14s (0h:0m:3s left)
Iteration 120 / LogL: -6457.222 / Time: 0h:0m:15s (0h:0m:3s left)
Iteration 130 / LogL: -6456.276 / Time: 0h:0m:15s (0h:0m:2s left)
Iteration 140 / LogL: -6456.282 / Time: 0h:0m:15s (0h:0m:2s left)
UPDATE BEST LOG-LIKELIHOOD: -6456.276
Iteration 150 / LogL: -6458.376 / Time: 0h:0m:16s (0h:0m:1s left)
Log-likelihood cutoff on original alignment: -6463.736
UPDATE BEST LOG-LIKELIHOOD: -6456.276
Iteration 160 / LogL: -6457.231 / Time: 0h:0m:16s (0h:0m:1s left)
Iteration 170 / LogL: -6456.278 / Time: 0h:0m:17s (0h:0m:1s left)
Iteration 180 / LogL: -6457.222 / Time: 0h:0m:17s (0h:0m:0s left)
Iteration 190 / LogL: -6457.258 / Time: 0h:0m:17s (0h:0m:0s left)
Iteration 200 / LogL: -6457.762 / Time: 0h:0m:18s (0h:0m:0s left)
Log-likelihood cutoff on original alignment: -6463.736
NOTE: Bootstrap correlation coefficient of split occurrence frequencies: 0.985
NOTE: UFBoot does not converge, continue at least 100 more iterations
Iteration 210 / LogL: -6456.295 / Time: 0h:0m:18s (0h:0m:3s left)
Iteration 220 / LogL: -6457.222 / Time: 0h:0m:19s (0h:0m:3s left)
Iteration 230 / LogL: -6457.222 / Time: 0h:0m:19s (0h:0m:2s left)
Iteration 240 / LogL: -6456.276 / Time: 0h:0m:20s (0h:0m:2s left)
Iteration 250 / LogL: -6456.277 / Time: 0h:0m:20s (0h:0m:2s left)
Log-likelihood cutoff on original alignment: -6464.286
UPDATE BEST LOG-LIKELIHOOD: -6456.276
Iteration 260 / LogL: -6456.300 / Time: 0h:0m:21s (0h:0m:1s left)
Iteration 270 / LogL: -6456.292 / Time: 0h:0m:21s (0h:0m:1s left)
Iteration 280 / LogL: -6456.279 / Time: 0h:0m:22s (0h:0m:0s left)
Iteration 290 / LogL: -6456.321 / Time: 0h:0m:22s (0h:0m:0s left)
Iteration 300 / LogL: -6456.284 / Time: 0h:0m:23s (0h:0m:0s left)
Log-likelihood cutoff on original alignment: -6464.286
NOTE: Bootstrap correlation coefficient of split occurrence frequencies: 0.993
TREE SEARCH COMPLETED AFTER 300 ITERATIONS / Time: 0h:0m:23s

--------------------------------------------------------------------
|                    FINALIZING TREE SEARCH                        |
--------------------------------------------------------------------
Performs final model parameters optimization
Estimate model parameters (epsilon = 0.010)
1. Initial log-likelihood: -6456.276
2. Current log-likelihood: -6456.255
Optimal log-likelihood: -6456.246
Rate parameters:  A-C: 2.782  A-G: 4.100  A-T: 0.662  C-G: 0.844  C-T: 6.233  G-T: 1.000
Base frequencies:   A: 0.396  C: 0.165  G: 0.203  T: 0.236
Gamma shape alpha: 0.524
Parameters optimization took 2 rounds (0.016 sec)
BEST SCORE FOUND : -6456.246
Creating bootstrap support values...
Split supports printed to NEXUS file ./results/gene15.phy.splits.nex
Total tree length: 2.312

Total number of iterations: 300
CPU time used for tree search: 11.245 sec (0h:0m:11s)
Wall-clock time used for tree search: 12.353 sec (0h:0m:12s)
Total CPU time used: 19.857 sec (0h:0m:19s)
Total wall-clock time used: 23.094 sec (0h:0m:23s)

Computing bootstrap consensus tree...
Reading input file ./results/gene15.phy.splits.nex...
10 taxa and 188 splits.
Consensus tree written to ./results/gene15.phy.contree
Reading input trees file ./results/gene15.phy.contree
Log-likelihood of consensus tree: -6457.206

Analysis results written to: 
  IQ-TREE report:                ./results/gene15.phy.iqtree
  Maximum-likelihood tree:       ./results/gene15.phy.treefile
  Likelihood distances:          ./results/gene15.phy.mldist

Ultrafast bootstrap approximation results written to:
  Split support values:          ./results/gene15.phy.splits.nex
  Consensus tree:                ./results/gene15.phy.contree
  Screen log file:               ./results/gene15.phy.log

Date and Time: Tue Aug 22 18:17:56 2017
