IQ-TREE multicore version 1.5.4 for Linux 64-bit built Apr  2 2017
Copyright (c) 2011-2017 by Bui Quang Minh, Nguyen Lam Tung,
Olga Chernomor, Heiko Schmidt, and Arndt von Haeseler.

Host:    hpc-crick (AVX, 251 GB RAM)
Command: iqtree -s ./results/gene12.phy -nt 1 -bb 1000
Seed:    583394 (Using SPRNG - Scalable Parallel Random Number Generator)
Time:    Tue Aug 22 17:50:00 2017
Kernel:  AVX - 1 threads (40 CPU cores detected)

Reading alignment file ./results/gene12.phy ... Phylip format detected
Alignment most likely contains DNA/RNA sequences
Alignment has 10 sequences with 1000 columns and 475 patterns (325 informative sites, 424 constant sites)
   Gap/Ambiguity  Composition  p-value
   1  A    0.00%    passed     89.10%
   2  B    0.00%    passed     94.40%
   3  C    0.00%    passed     95.54%
   4  D    0.00%    passed     24.68%
   5  E    0.00%    passed     96.57%
   6  F    0.00%    passed     99.81%
   7  G    0.00%    passed     86.80%
   8  H    0.00%    passed     72.89%
   9  I    0.00%    passed     49.73%
  10  J    0.00%    passed     99.03%
****  TOTAL    0.00%  0 sequences failed composition chi2 test (p-value<5%; df=3)

Create initial parsimony tree by phylogenetic likelihood library (PLL)... 0.001 seconds

NOTE: ModelFinder requires 3 MB RAM!
ModelFinder will test 286 DNA models (sample size: 1000) ...
 No. Model         -LnL         df  AIC          AICc         BIC
  1  JC            7296.023     17  14626.047    14626.670    14709.478
  2  JC+I          7013.615     18  14063.229    14063.926    14151.569
  3  JC+G4         6976.398     18  13988.796    13989.493    14077.136
  4  JC+I+G4       6974.445     19  13986.891    13987.667    14080.138
  5  JC+R2         6976.242     19  13990.483    13991.259    14083.730
  6  JC+R3         6973.180     21  13988.360    13989.304    14091.423
  7  JC+R4         Skipped 
  8  JC+R5         Skipped 
  9  JC+R6         Skipped 
 10  JC+R7         Skipped 
 11  JC+R8         Skipped 
 12  JC+R9         Skipped 
 13  JC+R10        Skipped 
 14  F81           7184.856     20  14409.713    14410.571    14507.868
 15  F81+I         6900.949     21  13843.897    13844.842    13946.960
 16  F81+G4        6850.687     21  13743.374    13744.319    13846.437
 17  F81+I+G4      6850.045     22  13744.089    13745.125    13852.060
 18  F81+R2        6852.909     22  13749.819    13750.855    13857.790
 19  F81+R3        6848.430     24  13744.861    13746.091    13862.647
 20  F81+R4        Skipped 
 21  F81+R5        Skipped 
 22  F81+R6        Skipped 
 23  F81+R7        Skipped 
 24  F81+R8        Skipped 
 25  F81+R9        Skipped 
 26  F81+R10       Skipped 
 27  K2P           7168.498     18  14372.996    14373.693    14461.336
 28  K2P+I         6874.944     19  13787.887    13788.663    13881.134
 29  K2P+G4        6823.514     19  13685.028    13685.803    13778.275
 30  K2P+I+G4      6821.503     20  13683.006    13683.864    13781.161
 31  K2P+R2        6828.622     20  13697.245    13698.103    13795.400
 32  K2P+R3        6821.806     22  13687.612    13688.648    13795.583
 33  K2P+R4        Skipped 
 34  K2P+R5        Skipped 
 35  K2P+R6        Skipped 
 36  K2P+R7        Skipped 
 37  K2P+R8        Skipped 
 38  K2P+R9        Skipped 
 39  K2P+R10       Skipped 
 40  HKY           7050.975     21  14143.950    14144.895    14247.013
 41  HKY+I         6756.611     22  13557.223    13558.258    13665.193
 42  HKY+G4        6687.358     22  13418.716    13419.752    13526.686
 43  HKY+I+G4      6686.449     23  13418.898    13420.029    13531.777
 44  HKY+R2        6691.995     23  13429.991    13431.122    13542.869
 45  HKY+R3        6685.638     25  13421.275    13422.610    13543.969
 46  HKY+R4        Skipped 
 47  HKY+R5        Skipped 
 48  HKY+R6        Skipped 
 49  HKY+R7        Skipped 
 50  HKY+R8        Skipped 
 51  HKY+R9        Skipped 
 52  HKY+R10       Skipped 
 53  TNe           7166.303     19  14370.606    14371.382    14463.854
 54  TNe+I         6871.096     20  13782.192    13783.050    13880.347
 55  TNe+G4        6818.609     20  13677.218    13678.076    13775.373
 56  TNe+I+G4      6816.115     21  13674.231    13675.175    13777.293
 57  TNe+R2        6823.865     21  13689.730    13690.675    13792.793
 58  TNe+R3        6814.978     23  13675.957    13677.088    13788.835
 59  TNe+R4        6814.643     25  13679.285    13680.620    13801.979
 60  TNe+R5        Skipped 
 61  TNe+R6        Skipped 
 62  TNe+R7        Skipped 
 63  TNe+R8        Skipped 
 64  TNe+R9        Skipped 
 65  TNe+R10       Skipped 
 66  TN            7050.097     22  14144.193    14145.229    14252.164
 67  TN+I          6756.051     23  13558.102    13559.233    13670.980
 68  TN+G4         6687.054     23  13420.108    13421.240    13532.987
 69  TN+I+G4       6686.168     24  13420.336    13421.566    13538.122
 70  TN+R2         6691.890     24  13431.781    13433.011    13549.567
 71  TN+R3         6685.390     26  13422.780    13424.223    13550.382
 72  TN+R4         Skipped 
 73  TN+R5         Skipped 
 74  TN+R6         Skipped 
 75  TN+R7         Skipped 
 76  TN+R8         Skipped 
 77  TN+R9         Skipped 
 78  TN+R10        Skipped 
 79  K3P           7166.837     19  14371.673    14372.449    14464.921
 80  K3P+I         6873.082     20  13786.163    13787.021    13884.318
 81  K3P+G4        6820.804     20  13681.607    13682.465    13779.762
 82  K3P+I+G4      6818.826     21  13679.652    13680.597    13782.715
 83  K3P+R2        6825.912     21  13693.824    13694.769    13796.887
 84  K3P+R3        6818.497     23  13682.994    13684.125    13795.872
 85  K3P+R4        6818.200     25  13686.401    13687.736    13809.095
 86  K3P+R5        Skipped 
 87  K3P+R6        Skipped 
 88  K3P+R7        Skipped 
 89  K3P+R8        Skipped 
 90  K3P+R9        Skipped 
 91  K3P+R10       Skipped 
 92  K3Pu          7043.541     22  14131.082    14132.117    14239.052
 93  K3Pu+I        6748.803     23  13543.606    13544.737    13656.484
 94  K3Pu+G4       6675.555     23  13397.110    13398.241    13509.988
 95  K3Pu+I+G4     6674.715     24  13397.429    13398.660    13515.215
 96  K3Pu+R2       6680.243     24  13408.486    13409.717    13526.273
 97  K3Pu+R3       6673.246     26  13398.493    13399.936    13526.094
 98  K3Pu+R4       6673.019     28  13402.038    13403.710    13539.455
 99  K3Pu+R5       Skipped 
100  K3Pu+R6       Skipped 
101  K3Pu+R7       Skipped 
102  K3Pu+R8       Skipped 
103  K3Pu+R9       Skipped 
104  K3Pu+R10      Skipped 
105  TPM2          7046.937     22  14137.875    14138.910    14245.845
106  TPM2+I        6749.189     23  13544.378    13545.509    13657.256
107  TPM2+G4       6684.907     23  13415.813    13416.944    13528.692
108  TPM2+I+G4     6684.002     24  13416.004    13417.235    13533.790
109  TPM2+R2       6689.545     24  13427.089    13428.320    13544.875
110  TPM2+R3       6683.337     26  13418.674    13420.117    13546.276
111  TPM2+R4       Skipped 
112  TPM2+R5       Skipped 
113  TPM2+R6       Skipped 
114  TPM2+R7       Skipped 
115  TPM2+R8       Skipped 
116  TPM2+R9       Skipped 
117  TPM2+R10      Skipped 
118  TPM2u         7046.995     22  14137.989    14139.025    14245.960
119  TPM2u+I       6748.937     23  13543.873    13545.005    13656.752
120  TPM2u+G4      6684.915     23  13415.830    13416.961    13528.708
121  TPM2u+I+G4    6683.926     24  13415.851    13417.082    13533.637
122  TPM2u+R2      6689.465     24  13426.931    13428.161    13544.717
123  TPM2u+R3      6683.303     26  13418.606    13420.049    13546.208
124  TPM2u+R4      Skipped 
125  TPM2u+R5      Skipped 
126  TPM2u+R6      Skipped 
127  TPM2u+R7      Skipped 
128  TPM2u+R8      Skipped 
129  TPM2u+R9      Skipped 
130  TPM2u+R10     Skipped 
131  TPM3          7042.293     22  14128.587    14129.622    14236.557
132  TPM3+I        6746.602     23  13539.203    13540.334    13652.082
133  TPM3+G4       6674.630     23  13395.260    13396.391    13508.139
134  TPM3+I+G4     6673.475     24  13394.950    13396.180    13512.736
135  TPM3+R2       6678.223     24  13404.446    13405.677    13522.233
136  TPM3+R3       6672.218     26  13396.436    13397.879    13524.037
137  TPM3+R4       Skipped 
138  TPM3+R5       Skipped 
139  TPM3+R6       Skipped 
140  TPM3+R7       Skipped 
141  TPM3+R8       Skipped 
142  TPM3+R9       Skipped 
143  TPM3+R10      Skipped 
144  TPM3u         7042.283     22  14128.565    14129.601    14236.536
145  TPM3u+I       6746.591     23  13539.182    13540.313    13652.060
146  TPM3u+G4      6674.655     23  13395.310    13396.441    13508.189
147  TPM3u+I+G4    6673.474     24  13394.948    13396.179    13512.734
148  TPM3u+R2      6678.224     24  13404.449    13405.680    13522.235
149  TPM3u+R3      6672.209     26  13396.418    13397.861    13524.020
150  TPM3u+R4      Skipped 
151  TPM3u+R5      Skipped 
152  TPM3u+R6      Skipped 
153  TPM3u+R7      Skipped 
154  TPM3u+R8      Skipped 
155  TPM3u+R9      Skipped 
156  TPM3u+R10     Skipped 
157  TIMe          7164.672     20  14369.343    14370.201    14467.498
158  TIMe+I        6869.290     21  13780.580    13781.525    13883.643
159  TIMe+G4       6816.076     21  13674.152    13675.097    13777.215
160  TIMe+I+G4     6813.623     22  13671.245    13672.281    13779.216
161  TIMe+R2       6821.301     22  13686.602    13687.638    13794.573
162  TIMe+R3       6812.386     24  13672.772    13674.003    13790.559
163  TIMe+R4       6812.125     26  13676.251    13677.694    13803.853
164  TIMe+R5       Skipped 
165  TIMe+R6       Skipped 
166  TIMe+R7       Skipped 
167  TIMe+R8       Skipped 
168  TIMe+R9       Skipped 
169  TIMe+R10      Skipped 
170  TIM           7042.508     23  14131.016    14132.147    14243.894
171  TIM+I         6748.125     24  13544.250    13545.481    13662.037
172  TIM+G4        6675.114     24  13398.227    13399.458    13516.013
173  TIM+I+G4      6674.367     25  13398.733    13400.068    13521.427
174  TIM+R2        6680.088     25  13410.175    13411.510    13532.869
175  TIM+R3        6673.249     27  13400.499    13402.055    13533.008
176  TIM+R4        Skipped 
177  TIM+R5        Skipped 
178  TIM+R6        Skipped 
179  TIM+R7        Skipped 
180  TIM+R8        Skipped 
181  TIM+R9        Skipped 
182  TIM+R10       Skipped 
183  TIM2e         7147.629     20  14335.258    14336.116    14433.413
184  TIM2e+I       6845.339     21  13732.678    13733.622    13835.741
185  TIM2e+G4      6787.676     21  13617.352    13618.297    13720.415
186  TIM2e+I+G4    6784.967     22  13613.934    13614.970    13721.905
187  TIM2e+R2      6798.390     22  13640.780    13641.816    13748.751
188  TIM2e+R3      6784.705     24  13617.410    13618.640    13735.196
189  TIM2e+R4      6784.640     26  13621.281    13622.724    13748.883
190  TIM2e+R5      Skipped 
191  TIM2e+R6      Skipped 
192  TIM2e+R7      Skipped 
193  TIM2e+R8      Skipped 
194  TIM2e+R9      Skipped 
195  TIM2e+R10     Skipped 
196  TIM2          7045.961     23  14137.922    14139.053    14250.800
197  TIM2+I        6748.398     24  13544.796    13546.026    13662.582
198  TIM2+G4       6684.238     24  13416.476    13417.707    13534.262
199  TIM2+I+G4     6683.440     25  13416.880    13418.214    13539.573
200  TIM2+R2       6689.331     25  13428.662    13429.997    13551.356
201  TIM2+R3       6682.977     27  13419.955    13421.510    13552.464
202  TIM2+R4       Skipped 
203  TIM2+R5       Skipped 
204  TIM2+R6       Skipped 
205  TIM2+R7       Skipped 
206  TIM2+R8       Skipped 
207  TIM2+R9       Skipped 
208  TIM2+R10      Skipped 
209  TIM3e         7165.487     20  14370.974    14371.832    14469.130
210  TIM3e+I       6869.892     21  13781.785    13782.729    13884.847
211  TIM3e+G4      6817.496     21  13676.992    13677.936    13780.055
212  TIM3e+I+G4    6815.063     22  13674.126    13675.162    13782.097
213  TIM3e+R2      6822.399     22  13688.798    13689.834    13796.769
214  TIM3e+R3      6813.981     24  13675.962    13677.193    13793.748
215  TIM3e+R4      6813.874     26  13679.749    13681.192    13807.350
216  TIM3e+R5      Skipped 
217  TIM3e+R6      Skipped 
218  TIM3e+R7      Skipped 
219  TIM3e+R8      Skipped 
220  TIM3e+R9      Skipped 
221  TIM3e+R10     Skipped 
222  TIM3          7040.871     23  14127.742    14128.873    14240.620
223  TIM3+I        6746.057     24  13540.115    13541.345    13657.901
224  TIM3+G4       6673.610     24  13395.220    13396.451    13513.006
225  TIM3+I+G4     6672.665     25  13395.329    13396.664    13518.023
226  TIM3+R2       6677.650     25  13405.301    13406.636    13527.995
227  TIM3+R3       6671.966     27  13397.932    13399.488    13530.442
228  TIM3+R4       Skipped 
229  TIM3+R5       Skipped 
230  TIM3+R6       Skipped 
231  TIM3+R7       Skipped 
232  TIM3+R8       Skipped 
233  TIM3+R9       Skipped 
234  TIM3+R10      Skipped 
235  TVMe          7146.336     21  14334.672    14335.617    14437.735
236  TVMe+I        6845.144     22  13734.288    13735.324    13842.259
237  TVMe+G4       6788.721     22  13621.443    13622.479    13729.413
238  TVMe+I+G4     6786.043     23  13618.085    13619.216    13730.964
239  TVMe+R2       6798.694     23  13643.388    13644.520    13756.267
240  TVMe+R3       6785.579     25  13621.158    13622.493    13743.852
241  TVMe+R4       6785.561     27  13625.121    13626.677    13757.630
242  TVMe+R5       Skipped 
243  TVMe+R6       Skipped 
244  TVMe+R7       Skipped 
245  TVMe+R8       Skipped 
246  TVMe+R9       Skipped 
247  TVMe+R10      Skipped 
248  TVM           7034.176     24  14116.353    14117.584    14234.139
249  TVM+I         6734.132     25  13518.263    13519.598    13640.957
250  TVM+G4        6665.048     25  13380.095    13381.430    13502.789
251  TVM+I+G4      6664.169     26  13380.338    13381.781    13507.939
252  TVM+R2        6669.517     26  13391.035    13392.478    13518.637
253  TVM+R3        6663.142     28  13382.283    13383.956    13519.700
254  TVM+R4        Skipped 
255  TVM+R5        Skipped 
256  TVM+R6        Skipped 
257  TVM+R7        Skipped 
258  TVM+R8        Skipped 
259  TVM+R9        Skipped 
260  TVM+R10       Skipped 
261  SYM           7144.196     22  14332.392    14333.428    14440.363
262  SYM+I         6841.399     23  13728.799    13729.930    13841.677
263  SYM+G4        6781.591     23  13609.183    13610.314    13722.061
264  SYM+I+G4      6778.772     24  13605.544    13606.775    13723.330
265  SYM+R2        6793.029     24  13634.058    13635.289    13751.844
266  SYM+R3        6778.241     26  13608.481    13609.924    13736.083
267  SYM+R4        6778.216     28  13612.431    13614.104    13749.848
268  SYM+R5        Skipped 
269  SYM+R6        Skipped 
270  SYM+R7        Skipped 
271  SYM+R8        Skipped 
272  SYM+R9        Skipped 
273  SYM+R10       Skipped 
274  GTR           7032.656     25  14115.312    14116.647    14238.006
275  GTR+I         6733.362     26  13518.723    13520.166    13646.325
276  GTR+G4        6663.517     26  13379.034    13380.477    13506.636
277  GTR+I+G4      6662.856     27  13379.713    13381.269    13512.222
278  GTR+R2        6668.889     27  13391.777    13393.333    13524.286
279  GTR+R3        6661.752     29  13381.505    13383.298    13523.830
280  GTR+R4        6661.624     31  13385.248    13387.298    13537.388
281  GTR+R5        Skipped 
282  GTR+R6        Skipped 
283  GTR+R7        Skipped 
284  GTR+R8        Skipped 
285  GTR+R9        Skipped 
286  GTR+R10       Skipped 
Akaike Information Criterion:           GTR+G4
Corrected Akaike Information Criterion: GTR+G4
Bayesian Information Criterion:         TVM+G4
Best-fit model: TVM+G4 chosen according to BIC

All model information printed to ./results/gene12.phy.model
CPU time for ModelFinder: 10.466 seconds (0h:0m:10s)
Wall-clock time for ModelFinder: 12.007 seconds (0h:0m:12s)
Generating 1000 samples for ultrafast bootstrap (seed: 583394)...

NOTE: 2 MB RAM (0 GB) is required!
Estimate model parameters (epsilon = 0.100)
1. Initial log-likelihood: -6917.552
2. Current log-likelihood: -6674.286
3. Current log-likelihood: -6666.229
4. Current log-likelihood: -6665.784
Optimal log-likelihood: -6665.687
Rate parameters:  A-C: 2.319  A-G: 4.189  A-T: 0.686  C-G: 0.700  C-T: 4.189  G-T: 1.000
Base frequencies:   A: 0.395  C: 0.155  G: 0.201  T: 0.249
Gamma shape alpha: 0.456
Parameters optimization took 4 rounds (0.131 sec)
Computing ML distances based on estimated model parameters... 0.001 sec
Computing BIONJ tree...
0.000 seconds
Log-likelihood of BIONJ tree: -6655.958
--------------------------------------------------------------------
|             INITIALIZING CANDIDATE TREE SET                      |
--------------------------------------------------------------------
Generating 98 parsimony trees... 0.097 second
Computing log-likelihood of 87 initial trees ... 0.376 seconds
Current best score: -6655.958

Do NNI search on 20 best initial trees
Estimate model parameters (epsilon = 0.100)
BETTER TREE FOUND at iteration 1: -6654.480
Iteration 10 / LogL: -6654.543 / Time: 0h:0m:13s
Iteration 20 / LogL: -6658.984 / Time: 0h:0m:13s
Finish initializing candidate tree set (4)
Current best tree score: -6654.480 / CPU time: 1.714
Number of iterations: 20
--------------------------------------------------------------------
|               OPTIMIZING CANDIDATE TREE SET                      |
--------------------------------------------------------------------
Iteration 30 / LogL: -6654.480 / Time: 0h:0m:14s (0h:0m:5s left)
Iteration 40 / LogL: -6657.948 / Time: 0h:0m:14s (0h:0m:4s left)
UPDATE BEST LOG-LIKELIHOOD: -6654.480
UPDATE BEST LOG-LIKELIHOOD: -6654.480
Iteration 50 / LogL: -6654.480 / Time: 0h:0m:15s (0h:0m:3s left)
Log-likelihood cutoff on original alignment: -6664.957
Iteration 60 / LogL: -6654.993 / Time: 0h:0m:15s (0h:0m:2s left)
Iteration 70 / LogL: -6655.396 / Time: 0h:0m:16s (0h:0m:2s left)
Iteration 80 / LogL: -6655.346 / Time: 0h:0m:16s (0h:0m:1s left)
Iteration 90 / LogL: -6654.488 / Time: 0h:0m:17s (0h:0m:0s left)
Iteration 100 / LogL: -6654.991 / Time: 0h:0m:17s (0h:0m:0s left)
Log-likelihood cutoff on original alignment: -6665.167
NOTE: Bootstrap correlation coefficient of split occurrence frequencies: 0.992
TREE SEARCH COMPLETED AFTER 102 ITERATIONS / Time: 0h:0m:17s

--------------------------------------------------------------------
|                    FINALIZING TREE SEARCH                        |
--------------------------------------------------------------------
Performs final model parameters optimization
Estimate model parameters (epsilon = 0.010)
1. Initial log-likelihood: -6654.480
2. Current log-likelihood: -6654.452
3. Current log-likelihood: -6654.440
Optimal log-likelihood: -6654.434
Rate parameters:  A-C: 2.432  A-G: 4.315  A-T: 0.759  C-G: 0.721  C-T: 4.315  G-T: 1.000
Base frequencies:   A: 0.395  C: 0.155  G: 0.201  T: 0.249
Gamma shape alpha: 0.465
Parameters optimization took 3 rounds (0.029 sec)
BEST SCORE FOUND : -6654.434
Creating bootstrap support values...
Split supports printed to NEXUS file ./results/gene12.phy.splits.nex
Total tree length: 2.483

Total number of iterations: 102
CPU time used for tree search: 4.192 sec (0h:0m:4s)
Wall-clock time used for tree search: 5.534 sec (0h:0m:5s)
Total CPU time used: 14.808 sec (0h:0m:14s)
Total wall-clock time used: 17.767 sec (0h:0m:17s)

Computing bootstrap consensus tree...
Reading input file ./results/gene12.phy.splits.nex...
10 taxa and 133 splits.
Consensus tree written to ./results/gene12.phy.contree
Reading input trees file ./results/gene12.phy.contree
Log-likelihood of consensus tree: -6654.434

Analysis results written to: 
  IQ-TREE report:                ./results/gene12.phy.iqtree
  Maximum-likelihood tree:       ./results/gene12.phy.treefile
  Likelihood distances:          ./results/gene12.phy.mldist

Ultrafast bootstrap approximation results written to:
  Split support values:          ./results/gene12.phy.splits.nex
  Consensus tree:                ./results/gene12.phy.contree
  Screen log file:               ./results/gene12.phy.log

Date and Time: Tue Aug 22 17:50:18 2017
