IQ-TREE multicore version 1.5.4 for Linux 64-bit built Apr  2 2017
Copyright (c) 2011-2017 by Bui Quang Minh, Nguyen Lam Tung,
Olga Chernomor, Heiko Schmidt, and Arndt von Haeseler.

Host:    hpc-crick (AVX, 251 GB RAM)
Command: iqtree -s ./results/gene13.phy -nt 1 -bb 1000
Seed:    255524 (Using SPRNG - Scalable Parallel Random Number Generator)
Time:    Tue Aug 22 17:46:59 2017
Kernel:  AVX - 1 threads (40 CPU cores detected)

Reading alignment file ./results/gene13.phy ... Phylip format detected
Alignment most likely contains DNA/RNA sequences
Alignment has 10 sequences with 1000 columns and 482 patterns (346 informative sites, 389 constant sites)
   Gap/Ambiguity  Composition  p-value
   1  A    0.00%    passed     62.89%
   2  B    0.00%    passed     89.62%
   3  C    0.00%    passed     76.81%
   4  D    0.00%    passed     85.12%
   5  E    0.00%    passed     83.74%
   6  F    0.00%    passed     95.81%
   7  G    0.00%    passed     97.47%
   8  H    0.00%    passed     60.66%
   9  I    0.00%    passed     99.99%
  10  J    0.00%    passed     90.30%
****  TOTAL    0.00%  0 sequences failed composition chi2 test (p-value<5%; df=3)

Create initial parsimony tree by phylogenetic likelihood library (PLL)... 0.001 seconds

NOTE: ModelFinder requires 3 MB RAM!
ModelFinder will test 286 DNA models (sample size: 1000) ...
 No. Model         -LnL         df  AIC          AICc         BIC
  1  JC            7543.013     17  15120.025    15120.648    15203.457
  2  JC+I          7294.395     18  14624.790    14625.488    14713.130
  3  JC+G4         7207.474     18  14450.947    14451.644    14539.287
  4  JC+I+G4       7208.077     19  14454.155    14454.930    14547.402
  5  JC+R2         7210.960     19  14459.919    14460.695    14553.167
  6  JC+R3         7206.801     21  14455.601    14456.546    14558.664
  7  JC+R4         Skipped 
  8  JC+R5         Skipped 
  9  JC+R6         Skipped 
 10  JC+R7         Skipped 
 11  JC+R8         Skipped 
 12  JC+R9         Skipped 
 13  JC+R10        Skipped 
 14  F81           7408.152     20  14856.305    14857.163    14954.460
 15  F81+I         7165.572     21  14373.145    14374.090    14476.208
 16  F81+G4        7072.669     21  14187.338    14188.282    14290.401
 17  F81+I+G4      7073.241     22  14190.482    14191.518    14298.453
 18  F81+R2        7074.304     22  14192.607    14193.643    14300.578
 19  F81+R3        7071.377     24  14190.754    14191.985    14308.540
 20  F81+R4        Skipped 
 21  F81+R5        Skipped 
 22  F81+R6        Skipped 
 23  F81+R7        Skipped 
 24  F81+R8        Skipped 
 25  F81+R9        Skipped 
 26  F81+R10       Skipped 
 27  K2P           7436.717     18  14909.434    14910.131    14997.773
 28  K2P+I         7176.783     19  14391.566    14392.341    14484.813
 29  K2P+G4        7073.321     19  14184.641    14185.417    14277.889
 30  K2P+I+G4      7073.733     20  14187.467    14188.325    14285.622
 31  K2P+R2        7078.450     20  14196.900    14197.758    14295.055
 32  K2P+R3        7072.100     22  14188.200    14189.236    14296.171
 33  K2P+R4        Skipped 
 34  K2P+R5        Skipped 
 35  K2P+R6        Skipped 
 36  K2P+R7        Skipped 
 37  K2P+R8        Skipped 
 38  K2P+R9        Skipped 
 39  K2P+R10       Skipped 
 40  HKY           7285.844     21  14613.687    14614.632    14716.750
 41  HKY+I         7026.715     22  14097.430    14098.466    14205.401
 42  HKY+G4        6916.029     22  13876.057    13877.093    13984.028
 43  HKY+I+G4      6916.411     23  13878.821    13879.952    13991.700
 44  HKY+R2        6920.456     23  13886.912    13888.043    13999.790
 45  HKY+R3        6915.097     25  13880.194    13881.528    14002.888
 46  HKY+R4        Skipped 
 47  HKY+R5        Skipped 
 48  HKY+R6        Skipped 
 49  HKY+R7        Skipped 
 50  HKY+R8        Skipped 
 51  HKY+R9        Skipped 
 52  HKY+R10       Skipped 
 53  TNe           7436.698     19  14911.396    14912.171    15004.643
 54  TNe+I         7175.611     20  14391.223    14392.081    14489.378
 55  TNe+G4        7071.041     20  14182.082    14182.940    14280.237
 56  TNe+I+G4      7071.348     21  14184.696    14185.641    14287.759
 57  TNe+R2        7077.325     21  14196.651    14197.596    14299.714
 58  TNe+R3        7069.844     23  14185.689    14186.820    14298.567
 59  TNe+R4        7069.813     25  14189.625    14190.960    14312.319
 60  TNe+R5        Skipped 
 61  TNe+R6        Skipped 
 62  TNe+R7        Skipped 
 63  TNe+R8        Skipped 
 64  TNe+R9        Skipped 
 65  TNe+R10       Skipped 
 66  TN            7282.197     22  14608.394    14609.430    14716.365
 67  TN+I          7026.187     23  14098.375    14099.506    14211.253
 68  TN+G4         6915.608     23  13877.216    13878.347    13990.094
 69  TN+I+G4       6915.968     24  13879.936    13881.167    13997.722
 70  TN+R2         6919.036     24  13886.072    13887.303    14003.859
 71  TN+R3         6914.424     26  13880.848    13882.291    14008.449
 72  TN+R4         Skipped 
 73  TN+R5         Skipped 
 74  TN+R6         Skipped 
 75  TN+R7         Skipped 
 76  TN+R8         Skipped 
 77  TN+R9         Skipped 
 78  TN+R10        Skipped 
 79  K3P           7431.511     19  14901.023    14901.798    14994.270
 80  K3P+I         7172.046     20  14384.092    14384.950    14482.247
 81  K3P+G4        7068.765     20  14177.530    14178.388    14275.685
 82  K3P+I+G4      7069.132     21  14180.265    14181.209    14283.328
 83  K3P+R2        7073.929     21  14189.859    14190.803    14292.921
 84  K3P+R3        7067.426     23  14180.853    14181.984    14293.731
 85  K3P+R4        Skipped 
 86  K3P+R5        Skipped 
 87  K3P+R6        Skipped 
 88  K3P+R7        Skipped 
 89  K3P+R8        Skipped 
 90  K3P+R9        Skipped 
 91  K3P+R10       Skipped 
 92  K3Pu          7274.592     22  14593.184    14594.220    14701.155
 93  K3Pu+I        7017.251     23  14080.503    14081.634    14193.381
 94  K3Pu+G4       6906.997     23  13859.994    13861.125    13972.872
 95  K3Pu+I+G4     6907.362     24  13862.723    13863.954    13980.509
 96  K3Pu+R2       6911.124     24  13870.248    13871.478    13988.034
 97  K3Pu+R3       6906.108     26  13864.217    13865.660    13991.819
 98  K3Pu+R4       Skipped 
 99  K3Pu+R5       Skipped 
100  K3Pu+R6       Skipped 
101  K3Pu+R7       Skipped 
102  K3Pu+R8       Skipped 
103  K3Pu+R9       Skipped 
104  K3Pu+R10      Skipped 
105  TPM2          7285.019     22  14614.038    14615.074    14722.009
106  TPM2+I        7025.207     23  14096.413    14097.545    14209.292
107  TPM2+G4       6914.756     23  13875.512    13876.643    13988.391
108  TPM2+I+G4     6915.111     24  13878.223    13879.454    13996.009
109  TPM2+R2       6919.168     24  13886.335    13887.566    14004.122
110  TPM2+R3       6913.734     26  13879.468    13880.911    14007.070
111  TPM2+R4       Skipped 
112  TPM2+R5       Skipped 
113  TPM2+R6       Skipped 
114  TPM2+R7       Skipped 
115  TPM2+R8       Skipped 
116  TPM2+R9       Skipped 
117  TPM2+R10      Skipped 
118  TPM2u         7285.015     22  14614.031    14615.067    14722.002
119  TPM2u+I       7025.205     23  14096.409    14097.540    14209.287
120  TPM2u+G4      6914.748     23  13875.496    13876.627    13988.374
121  TPM2u+I+G4    6915.088     24  13878.176    13879.407    13995.962
122  TPM2u+R2      6919.309     24  13886.617    13887.848    14004.403
123  TPM2u+R3      6913.730     26  13879.459    13880.902    14007.061
124  TPM2u+R4      Skipped 
125  TPM2u+R5      Skipped 
126  TPM2u+R6      Skipped 
127  TPM2u+R7      Skipped 
128  TPM2u+R8      Skipped 
129  TPM2u+R9      Skipped 
130  TPM2u+R10     Skipped 
131  TPM3          7270.891     22  14585.781    14586.817    14693.752
132  TPM3+I        7014.278     23  14074.556    14075.687    14187.434
133  TPM3+G4       6900.887     23  13847.774    13848.905    13960.653
134  TPM3+I+G4     6901.196     24  13850.391    13851.622    13968.177
135  TPM3+R2       6905.053     24  13858.105    13859.336    13975.891
136  TPM3+R3       6899.899     26  13851.798    13853.241    13979.399
137  TPM3+R4       Skipped 
138  TPM3+R5       Skipped 
139  TPM3+R6       Skipped 
140  TPM3+R7       Skipped 
141  TPM3+R8       Skipped 
142  TPM3+R9       Skipped 
143  TPM3+R10      Skipped 
144  TPM3u         7270.882     22  14585.764    14586.799    14693.734
145  TPM3u+I       7014.281     23  14074.562    14075.693    14187.440
146  TPM3u+G4      6900.838     23  13847.676    13848.807    13960.554
147  TPM3u+I+G4    6901.197     24  13850.394    13851.625    13968.180
148  TPM3u+R2      6905.026     24  13858.052    13859.282    13975.838
149  TPM3u+R3      6899.897     26  13851.793    13853.236    13979.395
150  TPM3u+R4      Skipped 
151  TPM3u+R5      Skipped 
152  TPM3u+R6      Skipped 
153  TPM3u+R7      Skipped 
154  TPM3u+R8      Skipped 
155  TPM3u+R9      Skipped 
156  TPM3u+R10     Skipped 
157  TIMe          7431.493     20  14902.985    14903.843    15001.140
158  TIMe+I        7170.897     21  14383.794    14384.738    14486.857
159  TIMe+G4       7066.490     21  14174.980    14175.924    14278.042
160  TIMe+I+G4     7066.694     22  14177.388    14178.424    14285.359
161  TIMe+R2       7072.737     22  14189.474    14190.510    14297.445
162  TIMe+R3       7065.158     24  14178.316    14179.546    14296.102
163  TIMe+R4       7065.148     26  14182.296    14183.739    14309.898
164  TIMe+R5       Skipped 
165  TIMe+R6       Skipped 
166  TIMe+R7       Skipped 
167  TIMe+R8       Skipped 
168  TIMe+R9       Skipped 
169  TIMe+R10      Skipped 
170  TIM           7270.675     23  14587.350    14588.481    14700.228
171  TIM+I         7016.689     24  14081.379    14082.610    14199.165
172  TIM+G4        6906.710     24  13861.419    13862.650    13979.205
173  TIM+I+G4      6906.973     25  13863.946    13865.281    13986.640
174  TIM+R2        6909.886     25  13869.773    13871.107    13992.467
175  TIM+R3        6905.564     27  13865.127    13866.683    13997.637
176  TIM+R4        Skipped 
177  TIM+R5        Skipped 
178  TIM+R6        Skipped 
179  TIM+R7        Skipped 
180  TIM+R8        Skipped 
181  TIM+R9        Skipped 
182  TIM+R10       Skipped 
183  TIM2e         7418.154     20  14876.307    14877.165    14974.462
184  TIM2e+I       7151.622     21  14345.244    14346.189    14448.307
185  TIM2e+G4      7034.908     21  14111.816    14112.761    14214.879
186  TIM2e+I+G4    7035.012     22  14114.025    14115.061    14221.996
187  TIM2e+R2      7046.651     22  14137.302    14138.338    14245.273
188  TIM2e+R3      7032.168     24  14112.336    14113.566    14230.122
189  TIM2e+R4      7032.132     26  14116.264    14117.707    14243.866
190  TIM2e+R5      Skipped 
191  TIM2e+R6      Skipped 
192  TIM2e+R7      Skipped 
193  TIM2e+R8      Skipped 
194  TIM2e+R9      Skipped 
195  TIM2e+R10     Skipped 
196  TIM2          7281.164     23  14608.329    14609.460    14721.207
197  TIM2+I        7024.780     24  14097.561    14098.792    14215.347
198  TIM2+G4       6914.243     24  13876.486    13877.717    13994.272
199  TIM2+I+G4     6914.520     25  13879.040    13880.375    14001.734
200  TIM2+R2       6917.768     25  13885.536    13886.871    14008.230
201  TIM2+R3       6913.144     27  13880.287    13881.843    14012.796
202  TIM2+R4       Skipped 
203  TIM2+R5       Skipped 
204  TIM2+R6       Skipped 
205  TIM2+R7       Skipped 
206  TIM2+R8       Skipped 
207  TIM2+R9       Skipped 
208  TIM2+R10      Skipped 
209  TIM3e         7429.540     20  14899.079    14899.937    14997.234
210  TIM3e+I       7168.738     21  14379.476    14380.421    14482.539
211  TIM3e+G4      7062.436     21  14166.872    14167.817    14269.935
212  TIM3e+I+G4    7062.652     22  14169.305    14170.340    14277.275
213  TIM3e+R2      7068.408     22  14180.816    14181.852    14288.787
214  TIM3e+R3      7061.283     24  14170.565    14171.796    14288.351
215  TIM3e+R4      7061.281     26  14174.562    14176.005    14302.164
216  TIM3e+R5      Skipped 
217  TIM3e+R6      Skipped 
218  TIM3e+R7      Skipped 
219  TIM3e+R8      Skipped 
220  TIM3e+R9      Skipped 
221  TIM3e+R10     Skipped 
222  TIM3          7266.055     23  14578.110    14579.241    14690.989
223  TIM3+I        7013.590     24  14075.180    14076.411    14192.967
224  TIM3+G4       6900.226     24  13848.451    13849.682    13966.237
225  TIM3+I+G4     6900.413     25  13850.827    13852.161    13973.520
226  TIM3+R2       6903.648     25  13857.297    13858.631    13979.991
227  TIM3+R3       6898.942     27  13851.884    13853.439    13984.393
228  TIM3+R4       Skipped 
229  TIM3+R5       Skipped 
230  TIM3+R6       Skipped 
231  TIM3+R7       Skipped 
232  TIM3+R8       Skipped 
233  TIM3+R9       Skipped 
234  TIM3+R10      Skipped 
235  TVMe          7409.548     21  14861.095    14862.040    14964.158
236  TVMe+I        7144.652     22  14333.305    14334.341    14441.275
237  TVMe+G4       7029.571     22  14103.142    14104.178    14211.112
238  TVMe+I+G4     7029.718     23  14105.436    14106.567    14218.314
239  TVMe+R2       7038.967     23  14123.935    14125.066    14236.813
240  TVMe+R3       7027.040     25  14104.079    14105.414    14226.773
241  TVMe+R4       7027.059     27  14108.117    14109.673    14240.627
242  TVMe+R5       Skipped 
243  TVMe+R6       Skipped 
244  TVMe+R7       Skipped 
245  TVMe+R8       Skipped 
246  TVMe+R9       Skipped 
247  TVMe+R10      Skipped 
248  TVM           7266.829     24  14581.658    14582.889    14699.444
249  TVM+I         7010.193     25  14070.387    14071.721    14193.080
250  TVM+G4        6897.239     25  13844.478    13845.812    13967.172
251  TVM+I+G4      6897.503     26  13847.007    13848.449    13974.608
252  TVM+R2        6901.518     26  13855.037    13856.480    13982.638
253  TVM+R3        6896.307     28  13848.613    13850.286    13986.030
254  TVM+R4        Skipped 
255  TVM+R5        Skipped 
256  TVM+R6        Skipped 
257  TVM+R7        Skipped 
258  TVM+R8        Skipped 
259  TVM+R9        Skipped 
260  TVM+R10       Skipped 
261  SYM           7409.490     22  14862.980    14864.016    14970.951
262  SYM+I         7143.556     23  14333.112    14334.243    14445.990
263  SYM+G4        7024.817     23  14095.634    14096.765    14208.512
264  SYM+I+G4      7024.920     24  14097.840    14099.070    14215.626
265  SYM+R2        7036.358     24  14120.715    14121.946    14238.501
266  SYM+R3        7022.250     26  14096.500    14097.943    14224.101
267  SYM+R4        7022.210     28  14100.421    14102.093    14237.838
268  SYM+R5        Skipped 
269  SYM+R6        Skipped 
270  SYM+R7        Skipped 
271  SYM+R8        Skipped 
272  SYM+R9        Skipped 
273  SYM+R10       Skipped 
274  GTR           7261.863     25  14573.727    14575.062    14696.421
275  GTR+I         7009.553     26  14071.106    14072.549    14198.707
276  GTR+G4        6896.510     26  13845.019    13846.462    13972.621
277  GTR+I+G4      6896.728     27  13847.455    13849.011    13979.965
278  GTR+R2        6900.182     27  13854.363    13855.919    13986.873
279  GTR+R3        6895.277     29  13848.554    13850.347    13990.879
280  GTR+R4        Skipped 
281  GTR+R5        Skipped 
282  GTR+R6        Skipped 
283  GTR+R7        Skipped 
284  GTR+R8        Skipped 
285  GTR+R9        Skipped 
286  GTR+R10       Skipped 
Akaike Information Criterion:           TVM+G4
Corrected Akaike Information Criterion: TVM+G4
Bayesian Information Criterion:         TPM3u+G4
Best-fit model: TPM3u+G4 chosen according to BIC

All model information printed to ./results/gene13.phy.model
CPU time for ModelFinder: 7.611 seconds (0h:0m:7s)
Wall-clock time for ModelFinder: 9.378 seconds (0h:0m:9s)
Generating 1000 samples for ultrafast bootstrap (seed: 255524)...

NOTE: 2 MB RAM (0 GB) is required!
Estimate model parameters (epsilon = 0.100)
1. Initial log-likelihood: -7131.112
2. Current log-likelihood: -6912.935
3. Current log-likelihood: -6901.779
4. Current log-likelihood: -6901.019
Optimal log-likelihood: -6900.947
Rate parameters:  A-C: 2.340  A-G: 5.463  A-T: 1.000  C-G: 2.340  C-T: 5.463  G-T: 1.000
Base frequencies:   A: 0.418  C: 0.175  G: 0.179  T: 0.227
Gamma shape alpha: 0.499
Parameters optimization took 4 rounds (0.046 sec)
Computing ML distances based on estimated model parameters... 0.001 sec
Computing BIONJ tree...
0.000 seconds
Log-likelihood of BIONJ tree: -6894.259
--------------------------------------------------------------------
|             INITIALIZING CANDIDATE TREE SET                      |
--------------------------------------------------------------------
Generating 98 parsimony trees... 0.063 second
Computing log-likelihood of 95 initial trees ... 0.313 seconds
Current best score: -6894.259

Do NNI search on 20 best initial trees
Estimate model parameters (epsilon = 0.100)
BETTER TREE FOUND at iteration 1: -6890.713
UPDATE BEST LOG-LIKELIHOOD: -6890.713
Iteration 10 / LogL: -6890.713 / Time: 0h:0m:10s
UPDATE BEST LOG-LIKELIHOOD: -6890.713
Iteration 20 / LogL: -6890.713 / Time: 0h:0m:10s
Finish initializing candidate tree set (5)
Current best tree score: -6890.713 / CPU time: 1.323
Number of iterations: 20
--------------------------------------------------------------------
|               OPTIMIZING CANDIDATE TREE SET                      |
--------------------------------------------------------------------
UPDATE BEST LOG-LIKELIHOOD: -6890.713
Iteration 30 / LogL: -6896.912 / Time: 0h:0m:11s (0h:0m:4s left)
Iteration 40 / LogL: -6893.310 / Time: 0h:0m:11s (0h:0m:3s left)
Iteration 50 / LogL: -6890.713 / Time: 0h:0m:11s (0h:0m:2s left)
Log-likelihood cutoff on original alignment: -6904.412
UPDATE BEST LOG-LIKELIHOOD: -6890.713
Iteration 60 / LogL: -6890.713 / Time: 0h:0m:12s (0h:0m:2s left)
Iteration 70 / LogL: -6891.791 / Time: 0h:0m:12s (0h:0m:1s left)
Iteration 80 / LogL: -6890.713 / Time: 0h:0m:13s (0h:0m:1s left)
Iteration 90 / LogL: -6890.713 / Time: 0h:0m:13s (0h:0m:0s left)
UPDATE BEST LOG-LIKELIHOOD: -6890.713
Iteration 100 / LogL: -6890.713 / Time: 0h:0m:14s (0h:0m:0s left)
Log-likelihood cutoff on original alignment: -6904.651
NOTE: Bootstrap correlation coefficient of split occurrence frequencies: 0.993
TREE SEARCH COMPLETED AFTER 102 ITERATIONS / Time: 0h:0m:14s

--------------------------------------------------------------------
|                    FINALIZING TREE SEARCH                        |
--------------------------------------------------------------------
Performs final model parameters optimization
Estimate model parameters (epsilon = 0.010)
1. Initial log-likelihood: -6890.713
Optimal log-likelihood: -6890.711
Rate parameters:  A-C: 2.353  A-G: 5.498  A-T: 1.000  C-G: 2.353  C-T: 5.498  G-T: 1.000
Base frequencies:   A: 0.418  C: 0.175  G: 0.179  T: 0.227
Gamma shape alpha: 0.507
Parameters optimization took 1 rounds (0.007 sec)
BEST SCORE FOUND : -6890.711
Creating bootstrap support values...
Split supports printed to NEXUS file ./results/gene13.phy.splits.nex
Total tree length: 2.755

Total number of iterations: 102
CPU time used for tree search: 4.690 sec (0h:0m:4s)
Wall-clock time used for tree search: 4.722 sec (0h:0m:4s)
Total CPU time used: 12.407 sec (0h:0m:12s)
Total wall-clock time used: 14.242 sec (0h:0m:14s)

Computing bootstrap consensus tree...
Reading input file ./results/gene13.phy.splits.nex...
10 taxa and 120 splits.
Consensus tree written to ./results/gene13.phy.contree
Reading input trees file ./results/gene13.phy.contree
Log-likelihood of consensus tree: -6890.711

Analysis results written to: 
  IQ-TREE report:                ./results/gene13.phy.iqtree
  Maximum-likelihood tree:       ./results/gene13.phy.treefile
  Likelihood distances:          ./results/gene13.phy.mldist

Ultrafast bootstrap approximation results written to:
  Split support values:          ./results/gene13.phy.splits.nex
  Consensus tree:                ./results/gene13.phy.contree
  Screen log file:               ./results/gene13.phy.log

Date and Time: Tue Aug 22 17:47:13 2017
