IQ-TREE multicore version 1.5.4 for Linux 64-bit built Apr  2 2017
Copyright (c) 2011-2017 by Bui Quang Minh, Nguyen Lam Tung,
Olga Chernomor, Heiko Schmidt, and Arndt von Haeseler.

Host:    hpc-crick (AVX, 251 GB RAM)
Command: iqtree -s ./results/gene4.phy -nt 1 -bb 1000
Seed:    991397 (Using SPRNG - Scalable Parallel Random Number Generator)
Time:    Tue Aug 22 17:51:44 2017
Kernel:  AVX - 1 threads (40 CPU cores detected)

Reading alignment file ./results/gene4.phy ... Phylip format detected
Alignment most likely contains DNA/RNA sequences
Alignment has 10 sequences with 1000 columns and 478 patterns (328 informative sites, 393 constant sites)
   Gap/Ambiguity  Composition  p-value
   1  A    0.00%    passed     99.09%
   2  B    0.00%    passed     99.92%
   3  C    0.00%    passed     80.15%
   4  D    0.00%    passed     87.63%
   5  E    0.00%    passed     82.14%
   6  F    0.00%    passed     87.47%
   7  G    0.00%    passed     95.91%
   8  H    0.00%    passed     94.63%
   9  I    0.00%    passed     85.45%
  10  J    0.00%    passed     81.53%
****  TOTAL    0.00%  0 sequences failed composition chi2 test (p-value<5%; df=3)

Create initial parsimony tree by phylogenetic likelihood library (PLL)... 0.001 seconds

NOTE: ModelFinder requires 3 MB RAM!
ModelFinder will test 286 DNA models (sample size: 1000) ...
 No. Model         -LnL         df  AIC          AICc         BIC
  1  JC            7531.887     17  15097.775    15098.398    15181.207
  2  JC+I          7291.897     18  14619.795    14620.492    14708.134
  3  JC+G4         7234.555     18  14505.110    14505.807    14593.449
  4  JC+I+G4       7234.178     19  14506.356    14507.132    14599.603
  5  JC+R2         7241.341     19  14520.682    14521.457    14613.929
  6  JC+R3         7233.819     21  14509.638    14510.583    14612.701
  7  JC+R4         7233.782     23  14513.564    14514.696    14626.443
  8  JC+R5         Skipped 
  9  JC+R6         Skipped 
 10  JC+R7         Skipped 
 11  JC+R8         Skipped 
 12  JC+R9         Skipped 
 13  JC+R10        Skipped 
 14  F81           7424.565     20  14889.130    14889.988    14987.285
 15  F81+I         7181.821     21  14405.642    14406.587    14508.705
 16  F81+G4        7118.953     21  14279.906    14280.851    14382.969
 17  F81+I+G4      7118.445     22  14280.891    14281.927    14388.862
 18  F81+R2        7128.448     22  14300.897    14301.932    14408.867
 19  F81+R3        7117.407     24  14282.814    14284.045    14400.600
 20  F81+R4        7117.436     26  14286.871    14288.314    14414.473
 21  F81+R5        Skipped 
 22  F81+R6        Skipped 
 23  F81+R7        Skipped 
 24  F81+R8        Skipped 
 25  F81+R9        Skipped 
 26  F81+R10       Skipped 
 27  K2P           7370.577     18  14777.154    14777.851    14865.493
 28  K2P+I         7119.240     19  14276.480    14277.255    14369.727
 29  K2P+G4        7044.129     19  14126.258    14127.034    14219.506
 30  K2P+I+G4      7044.057     20  14128.114    14128.972    14226.269
 31  K2P+R2        7054.970     20  14149.941    14150.799    14248.096
 32  K2P+R3        7042.438     22  14128.876    14129.911    14236.846
 33  K2P+R4        7042.375     24  14132.751    14133.981    14250.537
 34  K2P+R5        Skipped 
 35  K2P+R6        Skipped 
 36  K2P+R7        Skipped 
 37  K2P+R8        Skipped 
 38  K2P+R9        Skipped 
 39  K2P+R10       Skipped 
 40  HKY           7261.004     21  14564.008    14564.953    14667.071
 41  HKY+I         7007.075     22  14058.150    14059.186    14166.120
 42  HKY+G4        6919.385     22  13882.771    13883.806    13990.741
 43  HKY+I+G4      6919.281     23  13884.561    13885.692    13997.440
 44  HKY+R2        6935.207     23  13916.414    13917.546    14029.293
 45  HKY+R3        6916.720     25  13883.441    13884.776    14006.135
 46  HKY+R4        6916.686     27  13887.372    13888.928    14019.882
 47  HKY+R5        Skipped 
 48  HKY+R6        Skipped 
 49  HKY+R7        Skipped 
 50  HKY+R8        Skipped 
 51  HKY+R9        Skipped 
 52  HKY+R10       Skipped 
 53  TNe           7370.147     19  14778.294    14779.069    14871.541
 54  TNe+I         7118.704     20  14277.407    14278.265    14375.562
 55  TNe+G4        7042.034     20  14124.068    14124.926    14222.223
 56  TNe+I+G4      7041.877     21  14125.754    14126.698    14228.817
 57  TNe+R2        7053.096     21  14148.192    14149.137    14251.255
 58  TNe+R3        7040.260     23  14126.519    14127.651    14239.398
 59  TNe+R4        7040.108     25  14130.217    14131.551    14252.911
 60  TNe+R5        Skipped 
 61  TNe+R6        Skipped 
 62  TNe+R7        Skipped 
 63  TNe+R8        Skipped 
 64  TNe+R9        Skipped 
 65  TNe+R10       Skipped 
 66  TN            7258.504     22  14561.009    14562.045    14668.980
 67  TN+I          7004.366     23  14054.733    14055.864    14167.611
 68  TN+G4         6918.706     23  13883.411    13884.542    13996.289
 69  TN+I+G4       6918.485     24  13884.970    13886.201    14002.756
 70  TN+R2         6934.332     24  13916.665    13917.896    14034.451
 71  TN+R3         6916.006     26  13884.013    13885.456    14011.614
 72  TN+R4         6915.997     28  13887.993    13889.666    14025.410
 73  TN+R5         Skipped 
 74  TN+R6         Skipped 
 75  TN+R7         Skipped 
 76  TN+R8         Skipped 
 77  TN+R9         Skipped 
 78  TN+R10        Skipped 
 79  K3P           7364.866     19  14767.732    14768.507    14860.979
 80  K3P+I         7112.664     20  14265.329    14266.187    14363.484
 81  K3P+G4        7036.477     20  14112.954    14113.812    14211.109
 82  K3P+I+G4      7036.314     21  14114.628    14115.573    14217.691
 83  K3P+R2        7047.357     21  14136.714    14137.659    14239.777
 84  K3P+R3        7035.013     23  14116.025    14117.156    14228.903
 85  K3P+R4        7034.956     25  14119.911    14121.246    14242.605
 86  K3P+R5        Skipped 
 87  K3P+R6        Skipped 
 88  K3P+R7        Skipped 
 89  K3P+R8        Skipped 
 90  K3P+R9        Skipped 
 91  K3P+R10       Skipped 
 92  K3Pu          7249.836     22  14543.672    14544.708    14651.643
 93  K3Pu+I        6994.473     23  14034.947    14036.078    14147.825
 94  K3Pu+G4       6905.277     23  13856.554    13857.685    13969.433
 95  K3Pu+I+G4     6905.096     24  13858.193    13859.423    13975.979
 96  K3Pu+R2       6921.714     24  13891.429    13892.660    14009.215
 97  K3Pu+R3       6903.198     26  13858.395    13859.838    13985.997
 98  K3Pu+R4       6903.221     28  13862.442    13864.114    13999.859
 99  K3Pu+R5       Skipped 
100  K3Pu+R6       Skipped 
101  K3Pu+R7       Skipped 
102  K3Pu+R8       Skipped 
103  K3Pu+R9       Skipped 
104  K3Pu+R10      Skipped 
105  TPM2          7259.242     22  14562.484    14563.520    14670.455
106  TPM2+I        7004.566     23  14055.132    14056.263    14168.011
107  TPM2+G4       6919.372     23  13884.745    13885.876    13997.623
108  TPM2+I+G4     6919.167     24  13886.335    13887.565    14004.121
109  TPM2+R2       6934.550     24  13917.099    13918.330    14034.886
110  TPM2+R3       6916.727     26  13885.454    13886.897    14013.056
111  TPM2+R4       6916.642     28  13889.285    13890.957    14026.702
112  TPM2+R5       Skipped 
113  TPM2+R6       Skipped 
114  TPM2+R7       Skipped 
115  TPM2+R8       Skipped 
116  TPM2+R9       Skipped 
117  TPM2+R10      Skipped 
118  TPM2u         7259.269     22  14562.539    14563.574    14670.509
119  TPM2u+I       7004.518     23  14055.035    14056.167    14167.914
120  TPM2u+G4      6919.376     23  13884.752    13885.883    13997.630
121  TPM2u+I+G4    6919.177     24  13886.354    13887.585    14004.140
122  TPM2u+R2      6934.579     24  13917.158    13918.389    14034.944
123  TPM2u+R3      6916.680     26  13885.361    13886.804    14012.962
124  TPM2u+R4      6916.623     28  13889.246    13890.918    14026.663
125  TPM2u+R5      Skipped 
126  TPM2u+R6      Skipped 
127  TPM2u+R7      Skipped 
128  TPM2u+R8      Skipped 
129  TPM2u+R9      Skipped 
130  TPM2u+R10     Skipped 
131  TPM3          7251.516     22  14547.033    14548.069    14655.004
132  TPM3+I        6997.206     23  14040.412    14041.544    14153.291
133  TPM3+G4       6911.181     23  13868.361    13869.492    13981.240
134  TPM3+I+G4     6910.980     24  13869.960    13871.191    13987.747
135  TPM3+R2       6928.003     24  13904.006    13905.237    14021.792
136  TPM3+R3       6908.907     26  13869.815    13871.258    13997.416
137  TPM3+R4       6908.971     28  13873.942    13875.614    14011.359
138  TPM3+R5       Skipped 
139  TPM3+R6       Skipped 
140  TPM3+R7       Skipped 
141  TPM3+R8       Skipped 
142  TPM3+R9       Skipped 
143  TPM3+R10      Skipped 
144  TPM3u         7251.558     22  14547.116    14548.151    14655.086
145  TPM3u+I       6997.206     23  14040.411    14041.542    14153.289
146  TPM3u+G4      6911.178     23  13868.357    13869.488    13981.235
147  TPM3u+I+G4    6910.973     24  13869.947    13871.177    13987.733
148  TPM3u+R2      6927.994     24  13903.989    13905.220    14021.775
149  TPM3u+R3      6908.888     26  13869.776    13871.218    13997.377
150  TPM3u+R4      6908.975     28  13873.950    13875.623    14011.368
151  TPM3u+R5      Skipped 
152  TPM3u+R6      Skipped 
153  TPM3u+R7      Skipped 
154  TPM3u+R8      Skipped 
155  TPM3u+R9      Skipped 
156  TPM3u+R10     Skipped 
157  TIMe          7364.446     20  14768.892    14769.750    14867.047
158  TIMe+I        7112.128     21  14266.255    14267.200    14369.318
159  TIMe+G4       7034.297     21  14110.595    14111.539    14213.657
160  TIMe+I+G4     7034.093     22  14112.185    14113.221    14220.156
161  TIMe+R2       7045.418     22  14134.836    14135.872    14242.807
162  TIMe+R3       7032.775     24  14113.551    14114.781    14231.337
163  TIMe+R4       7032.703     26  14117.406    14118.849    14245.007
164  TIMe+R5       Skipped 
165  TIMe+R6       Skipped 
166  TIMe+R7       Skipped 
167  TIMe+R8       Skipped 
168  TIMe+R9       Skipped 
169  TIMe+R10      Skipped 
170  TIM           7247.198     23  14540.396    14541.527    14653.274
171  TIM+I         6991.733     24  14031.467    14032.697    14149.253
172  TIM+G4        6904.701     24  13857.402    13858.633    13975.188
173  TIM+I+G4      6904.478     25  13858.956    13860.291    13981.650
174  TIM+R2        6920.943     25  13891.887    13893.221    14014.581
175  TIM+R3        6902.672     27  13859.344    13860.900    13991.854
176  TIM+R4        6902.723     29  13863.447    13865.241    14005.772
177  TIM+R5        Skipped 
178  TIM+R6        Skipped 
179  TIM+R7        Skipped 
180  TIM+R8        Skipped 
181  TIM+R9        Skipped 
182  TIM+R10       Skipped 
183  TIM2e         7356.683     20  14753.365    14754.223    14851.520
184  TIM2e+I       7102.372     21  14246.745    14247.690    14349.808
185  TIM2e+G4      7022.106     21  14086.212    14087.157    14189.275
186  TIM2e+I+G4    7022.097     22  14088.194    14089.230    14196.165
187  TIM2e+R2      7032.928     22  14109.857    14110.893    14217.827
188  TIM2e+R3      7021.179     24  14090.357    14091.588    14208.143
189  TIM2e+R4      7021.081     26  14094.162    14095.605    14221.764
190  TIM2e+R5      Skipped 
191  TIM2e+R6      Skipped 
192  TIM2e+R7      Skipped 
193  TIM2e+R8      Skipped 
194  TIM2e+R9      Skipped 
195  TIM2e+R10     Skipped 
196  TIM2          7256.579     23  14559.157    14560.289    14672.036
197  TIM2+I        7001.783     24  14051.567    14052.797    14169.353
198  TIM2+G4       6918.521     24  13885.042    13886.273    14002.828
199  TIM2+I+G4     6918.259     25  13886.518    13887.853    14009.212
200  TIM2+R2       6933.449     25  13916.899    13918.234    14039.593
201  TIM2+R3       6916.042     27  13886.085    13887.640    14018.594
202  TIM2+R4       6915.975     29  13889.950    13891.743    14032.274
203  TIM2+R5       Skipped 
204  TIM2+R6       Skipped 
205  TIM2+R7       Skipped 
206  TIM2+R8       Skipped 
207  TIM2+R9       Skipped 
208  TIM2+R10      Skipped 
209  TIM3e         7367.284     20  14774.569    14775.427    14872.724
210  TIM3e+I       7115.731     21  14273.462    14274.407    14376.525
211  TIM3e+G4      7039.804     21  14121.607    14122.552    14224.670
212  TIM3e+I+G4    7039.535     22  14123.070    14124.106    14231.040
213  TIM3e+R2      7051.095     22  14146.191    14147.227    14254.162
214  TIM3e+R3      7038.086     24  14124.173    14125.404    14241.959
215  TIM3e+R4      7037.953     26  14127.906    14129.349    14255.507
216  TIM3e+R5      Skipped 
217  TIM3e+R6      Skipped 
218  TIM3e+R7      Skipped 
219  TIM3e+R8      Skipped 
220  TIM3e+R9      Skipped 
221  TIM3e+R10     Skipped 
222  TIM3          7248.455     23  14542.910    14544.041    14655.788
223  TIM3+I        6994.338     24  14036.676    14037.907    14154.462
224  TIM3+G4       6910.134     24  13868.267    13869.498    13986.054
225  TIM3+I+G4     6909.951     25  13869.902    13871.237    13992.596
226  TIM3+R2       6926.698     25  13903.397    13904.732    14026.091
227  TIM3+R3       6908.176     27  13870.351    13871.907    14002.861
228  TIM3+R4       6908.007     29  13874.015    13875.809    14016.340
229  TIM3+R5       Skipped 
230  TIM3+R6       Skipped 
231  TIM3+R7       Skipped 
232  TIM3+R8       Skipped 
233  TIM3+R9       Skipped 
234  TIM3+R10      Skipped 
235  TVMe          7349.900     21  14741.800    14742.744    14844.863
236  TVMe+I        7094.835     22  14233.670    14234.706    14341.641
237  TVMe+G4       7016.109     22  14076.217    14077.253    14184.188
238  TVMe+I+G4     7016.067     23  14078.133    14079.265    14191.012
239  TVMe+R2       7026.792     23  14099.584    14100.716    14212.463
240  TVMe+R3       7015.089     25  14080.179    14081.513    14202.873
241  TVMe+R4       7015.065     27  14084.129    14085.685    14216.639
242  TVMe+R5       Skipped 
243  TVMe+R6       Skipped 
244  TVMe+R7       Skipped 
245  TVMe+R8       Skipped 
246  TVMe+R9       Skipped 
247  TVMe+R10      Skipped 
248  TVM           7243.767     24  14535.535    14536.766    14653.321
249  TVM+I         6987.753     25  14025.505    14026.840    14148.199
250  TVM+G4        6902.446     25  13854.893    13856.228    13977.587
251  TVM+I+G4      6902.210     26  13856.420    13857.863    13984.022
252  TVM+R2        6918.619     26  13889.239    13890.682    14016.840
253  TVM+R3        6900.558     28  13857.116    13858.789    13994.533
254  TVM+R4        6900.545     30  13861.090    13863.010    14008.323
255  TVM+R5        Skipped 
256  TVM+R6        Skipped 
257  TVM+R7        Skipped 
258  TVM+R8        Skipped 
259  TVM+R9        Skipped 
260  TVM+R10       Skipped 
261  SYM           7349.526     22  14743.051    14744.087    14851.022
262  SYM+I         7094.384     23  14234.767    14235.898    14347.646
263  SYM+G4        7013.118     23  14072.237    14073.368    14185.115
264  SYM+I+G4      7013.099     24  14074.199    14075.429    14191.985
265  SYM+R2        7024.148     24  14096.296    14097.527    14214.082
266  SYM+R3        7012.239     26  14076.479    14077.922    14204.081
267  SYM+R4        7012.196     28  14080.391    14082.064    14217.808
268  SYM+R5        Skipped 
269  SYM+R6        Skipped 
270  SYM+R7        Skipped 
271  SYM+R8        Skipped 
272  SYM+R9        Skipped 
273  SYM+R10       Skipped 
274  GTR           7240.576     25  14531.153    14532.487    14653.846
275  GTR+I         6984.866     26  14021.733    14023.176    14149.335
276  GTR+G4        6901.620     26  13855.241    13856.684    13982.842
277  GTR+I+G4      6901.310     27  13856.621    13858.176    13989.130
278  GTR+R2        6917.280     27  13888.559    13890.115    14021.069
279  GTR+R3        6899.611     29  13857.221    13859.015    13999.546
280  GTR+R4        6899.645     31  13861.290    13863.340    14013.430
281  GTR+R5        Skipped 
282  GTR+R6        Skipped 
283  GTR+R7        Skipped 
284  GTR+R8        Skipped 
285  GTR+R9        Skipped 
286  GTR+R10       Skipped 
Akaike Information Criterion:           TVM+G4
Corrected Akaike Information Criterion: TVM+G4
Bayesian Information Criterion:         K3Pu+G4
Best-fit model: K3Pu+G4 chosen according to BIC

All model information printed to ./results/gene4.phy.model
CPU time for ModelFinder: 8.774 seconds (0h:0m:8s)
Wall-clock time for ModelFinder: 17.225 seconds (0h:0m:17s)
Generating 1000 samples for ultrafast bootstrap (seed: 991397)...

NOTE: 2 MB RAM (0 GB) is required!
Estimate model parameters (epsilon = 0.100)
1. Initial log-likelihood: -7168.945
2. Current log-likelihood: -6998.178
3. Current log-likelihood: -6961.857
4. Current log-likelihood: -6911.342
5. Current log-likelihood: -6907.834
6. Current log-likelihood: -6907.481
7. Current log-likelihood: -6907.237
Optimal log-likelihood: -6907.135
Rate parameters:  A-C: 1.000  A-G: 2.819  A-T: 0.387  C-G: 0.387  C-T: 2.819  G-T: 1.000
Base frequencies:   A: 0.407  C: 0.170  G: 0.199  T: 0.223
Gamma shape alpha: 0.497
Parameters optimization took 7 rounds (0.168 sec)
Computing ML distances based on estimated model parameters... 0.001 sec
Computing BIONJ tree...
0.000 seconds
Log-likelihood of BIONJ tree: -6885.843
--------------------------------------------------------------------
|             INITIALIZING CANDIDATE TREE SET                      |
--------------------------------------------------------------------
Generating 98 parsimony trees... 0.108 second
Computing log-likelihood of 91 initial trees ... 0.621 seconds
Current best score: -6885.843

Do NNI search on 20 best initial trees
Estimate model parameters (epsilon = 0.100)
BETTER TREE FOUND at iteration 1: -6884.409
UPDATE BEST LOG-LIKELIHOOD: -6884.409
UPDATE BEST LOG-LIKELIHOOD: -6884.409
Iteration 10 / LogL: -6884.409 / Time: 0h:0m:18s
Iteration 20 / LogL: -6884.409 / Time: 0h:0m:19s
Finish initializing candidate tree set (3)
Current best tree score: -6884.409 / CPU time: 2.319
Number of iterations: 20
--------------------------------------------------------------------
|               OPTIMIZING CANDIDATE TREE SET                      |
--------------------------------------------------------------------
Iteration 30 / LogL: -6885.773 / Time: 0h:0m:20s (0h:0m:7s left)
UPDATE BEST LOG-LIKELIHOOD: -6884.409
UPDATE BEST LOG-LIKELIHOOD: -6884.409
Iteration 40 / LogL: -6884.409 / Time: 0h:0m:20s (0h:0m:5s left)
Iteration 50 / LogL: -6884.409 / Time: 0h:0m:21s (0h:0m:4s left)
Log-likelihood cutoff on original alignment: -6915.158
UPDATE BEST LOG-LIKELIHOOD: -6884.409
Iteration 60 / LogL: -6884.409 / Time: 0h:0m:22s (0h:0m:3s left)
Iteration 70 / LogL: -6884.410 / Time: 0h:0m:22s (0h:0m:2s left)
UPDATE BEST LOG-LIKELIHOOD: -6884.409
Iteration 80 / LogL: -6884.409 / Time: 0h:0m:22s (0h:0m:1s left)
Iteration 90 / LogL: -6885.773 / Time: 0h:0m:23s (0h:0m:0s left)
Iteration 100 / LogL: -6884.409 / Time: 0h:0m:24s (0h:0m:0s left)
Log-likelihood cutoff on original alignment: -6915.158
NOTE: Bootstrap correlation coefficient of split occurrence frequencies: 0.997
TREE SEARCH COMPLETED AFTER 102 ITERATIONS / Time: 0h:0m:24s

--------------------------------------------------------------------
|                    FINALIZING TREE SEARCH                        |
--------------------------------------------------------------------
Performs final model parameters optimization
Estimate model parameters (epsilon = 0.010)
1. Initial log-likelihood: -6884.409
Optimal log-likelihood: -6884.408
Rate parameters:  A-C: 1.000  A-G: 2.818  A-T: 0.387  C-G: 0.387  C-T: 2.818  G-T: 1.000
Base frequencies:   A: 0.407  C: 0.170  G: 0.199  T: 0.223
Gamma shape alpha: 0.504
Parameters optimization took 1 rounds (0.007 sec)
BEST SCORE FOUND : -6884.408
Creating bootstrap support values...
Split supports printed to NEXUS file ./results/gene4.phy.splits.nex
Total tree length: 2.749

Total number of iterations: 102
CPU time used for tree search: 5.129 sec (0h:0m:5s)
Wall-clock time used for tree search: 6.792 sec (0h:0m:6s)
Total CPU time used: 14.061 sec (0h:0m:14s)
Total wall-clock time used: 24.258 sec (0h:0m:24s)

Computing bootstrap consensus tree...
Reading input file ./results/gene4.phy.splits.nex...
10 taxa and 67 splits.
Consensus tree written to ./results/gene4.phy.contree
Reading input trees file ./results/gene4.phy.contree
Log-likelihood of consensus tree: -6884.408

Analysis results written to: 
  IQ-TREE report:                ./results/gene4.phy.iqtree
  Maximum-likelihood tree:       ./results/gene4.phy.treefile
  Likelihood distances:          ./results/gene4.phy.mldist

Ultrafast bootstrap approximation results written to:
  Split support values:          ./results/gene4.phy.splits.nex
  Consensus tree:                ./results/gene4.phy.contree
  Screen log file:               ./results/gene4.phy.log

Date and Time: Tue Aug 22 17:52:09 2017
