IQ-TREE multicore version 1.5.4 for Linux 64-bit built Apr  2 2017
Copyright (c) 2011-2017 by Bui Quang Minh, Nguyen Lam Tung,
Olga Chernomor, Heiko Schmidt, and Arndt von Haeseler.

Host:    hpc-crick (AVX, 251 GB RAM)
Command: iqtree -s ./results/gene12.phy -nt 1 -bb 1000
Seed:    479013 (Using SPRNG - Scalable Parallel Random Number Generator)
Time:    Tue Aug 22 17:20:48 2017
Kernel:  AVX - 1 threads (40 CPU cores detected)

Reading alignment file ./results/gene12.phy ... Phylip format detected
Alignment most likely contains DNA/RNA sequences
Alignment has 10 sequences with 1000 columns and 495 patterns (361 informative sites, 378 constant sites)
   Gap/Ambiguity  Composition  p-value
   1  A    0.00%    passed     81.80%
   2  B    0.00%    passed     44.71%
   3  C    0.00%    passed     64.04%
   4  D    0.00%    passed     92.24%
   5  E    0.00%    passed     83.20%
   6  F    0.00%    passed     85.13%
   7  G    0.00%    passed     64.71%
   8  H    0.00%    passed     76.13%
   9  I    0.00%    passed     33.85%
  10  J    0.00%    passed     73.73%
****  TOTAL    0.00%  0 sequences failed composition chi2 test (p-value<5%; df=3)

Create initial parsimony tree by phylogenetic likelihood library (PLL)... 0.001 seconds

NOTE: ModelFinder requires 3 MB RAM!
ModelFinder will test 286 DNA models (sample size: 1000) ...
 No. Model         -LnL         df  AIC          AICc         BIC
  1  JC            7792.939     17  15619.878    15620.502    15703.310
  2  JC+I          7531.774     18  15099.549    15100.246    15187.888
  3  JC+G4         7463.337     18  14962.674    14963.372    15051.014
  4  JC+I+G4       7463.725     19  14965.451    14966.226    15058.698
  5  JC+R2         7466.658     19  14971.317    14972.092    15064.564
  6  JC+R3         7462.735     21  14967.469    14968.414    15070.532
  7  JC+R4         Skipped 
  8  JC+R5         Skipped 
  9  JC+R6         Skipped 
 10  JC+R7         Skipped 
 11  JC+R8         Skipped 
 12  JC+R9         Skipped 
 13  JC+R10        Skipped 
 14  F81           7640.818     20  15321.636    15322.494    15419.791
 15  F81+I         7366.536     21  14775.071    14776.016    14878.134
 16  F81+G4        7285.519     21  14613.038    14613.983    14716.101
 17  F81+I+G4      7286.007     22  14616.014    14617.050    14723.985
 18  F81+R2        7292.153     22  14628.306    14629.342    14736.277
 19  F81+R3        7284.924     24  14617.847    14619.078    14735.633
 20  F81+R4        7284.749     26  14621.497    14622.940    14749.099
 21  F81+R5        Skipped 
 22  F81+R6        Skipped 
 23  F81+R7        Skipped 
 24  F81+R8        Skipped 
 25  F81+R9        Skipped 
 26  F81+R10       Skipped 
 27  K2P           7645.435     18  15326.869    15327.566    15415.209
 28  K2P+I         7373.432     19  14784.864    14785.640    14878.111
 29  K2P+G4        7286.323     19  14610.646    14611.421    14703.893
 30  K2P+I+G4      7286.716     20  14613.431    14614.289    14711.587
 31  K2P+R2        7294.561     20  14629.122    14629.980    14727.277
 32  K2P+R3        7286.348     22  14616.696    14617.732    14724.667
 33  K2P+R4        7286.346     24  14620.691    14621.922    14738.477
 34  K2P+R5        Skipped 
 35  K2P+R6        Skipped 
 36  K2P+R7        Skipped 
 37  K2P+R8        Skipped 
 38  K2P+R9        Skipped 
 39  K2P+R10       Skipped 
 40  HKY           7499.274     21  15040.548    15041.493    15143.611
 41  HKY+I         7218.638     22  14481.276    14482.312    14589.247
 42  HKY+G4        7106.500     22  14257.001    14258.037    14364.972
 43  HKY+I+G4      7107.079     23  14260.158    14261.289    14373.036
 44  HKY+R2        7116.094     23  14278.188    14279.319    14391.066
 45  HKY+R3        7106.209     25  14262.418    14263.753    14385.112
 46  HKY+R4        7106.170     27  14266.341    14267.896    14398.850
 47  HKY+R5        Skipped 
 48  HKY+R6        Skipped 
 49  HKY+R7        Skipped 
 50  HKY+R8        Skipped 
 51  HKY+R9        Skipped 
 52  HKY+R10       Skipped 
 53  TNe           7643.707     19  15325.413    15326.189    15418.660
 54  TNe+I         7372.696     20  14785.392    14786.250    14883.547
 55  TNe+G4        7281.461     20  14602.921    14603.779    14701.076
 56  TNe+I+G4      7281.594     21  14605.187    14606.132    14708.250
 57  TNe+R2        7290.341     21  14622.683    14623.627    14725.745
 58  TNe+R3        7281.503     23  14609.006    14610.137    14721.884
 59  TNe+R4        7281.497     25  14612.993    14614.328    14735.687
 60  TNe+R5        Skipped 
 61  TNe+R6        Skipped 
 62  TNe+R7        Skipped 
 63  TNe+R8        Skipped 
 64  TNe+R9        Skipped 
 65  TNe+R10       Skipped 
 66  TN            7495.838     22  15035.675    15036.711    15143.646
 67  TN+I          7212.487     23  14470.974    14472.105    14583.852
 68  TN+G4         7105.082     23  14256.164    14257.295    14369.042
 69  TN+I+G4       7105.591     24  14259.182    14260.412    14376.968
 70  TN+R2         7114.961     24  14277.921    14279.152    14395.708
 71  TN+R3         7104.738     26  14261.477    14262.920    14389.078
 72  TN+R4         7104.678     28  14265.356    14267.029    14402.773
 73  TN+R5         Skipped 
 74  TN+R6         Skipped 
 75  TN+R7         Skipped 
 76  TN+R8         Skipped 
 77  TN+R9         Skipped 
 78  TN+R10        Skipped 
 79  K3P           7645.027     19  15328.054    15328.829    15421.301
 80  K3P+I         7372.646     20  14785.292    14786.150    14883.448
 81  K3P+G4        7284.746     20  14609.493    14610.351    14707.648
 82  K3P+I+G4      7284.844     21  14611.688    14612.632    14714.750
 83  K3P+R2        7292.793     21  14627.587    14628.531    14730.650
 84  K3P+R3        7284.810     23  14615.619    14616.750    14728.498
 85  K3P+R4        7284.802     25  14619.605    14620.939    14742.298
 86  K3P+R5        Skipped 
 87  K3P+R6        Skipped 
 88  K3P+R7        Skipped 
 89  K3P+R8        Skipped 
 90  K3P+R9        Skipped 
 91  K3P+R10       Skipped 
 92  K3Pu          7494.549     22  15033.098    15034.134    15141.068
 93  K3Pu+I        7213.137     23  14472.273    14473.404    14585.151
 94  K3Pu+G4       7097.726     23  14241.452    14242.583    14354.330
 95  K3Pu+I+G4     7098.295     24  14244.589    14245.820    14362.375
 96  K3Pu+R2       7106.012     24  14260.023    14261.254    14377.809
 97  K3Pu+R3       7097.133     26  14246.267    14247.710    14373.868
 98  K3Pu+R4       7097.075     28  14250.151    14251.823    14387.568
 99  K3Pu+R5       Skipped 
100  K3Pu+R6       Skipped 
101  K3Pu+R7       Skipped 
102  K3Pu+R8       Skipped 
103  K3Pu+R9       Skipped 
104  K3Pu+R10      Skipped 
105  TPM2          7489.269     22  15022.539    15023.574    15130.509
106  TPM2+I        7207.698     23  14461.396    14462.527    14574.274
107  TPM2+G4       7102.405     23  14250.809    14251.941    14363.688
108  TPM2+I+G4     7102.885     24  14253.770    14255.001    14371.556
109  TPM2+R2       7111.581     24  14271.163    14272.394    14388.949
110  TPM2+R3       7102.036     26  14256.072    14257.515    14383.674
111  TPM2+R4       7102.001     28  14260.001    14261.674    14397.418
112  TPM2+R5       Skipped 
113  TPM2+R6       Skipped 
114  TPM2+R7       Skipped 
115  TPM2+R8       Skipped 
116  TPM2+R9       Skipped 
117  TPM2+R10      Skipped 
118  TPM2u         7489.319     22  15022.639    15023.674    15130.609
119  TPM2u+I       7207.693     23  14461.387    14462.518    14574.265
120  TPM2u+G4      7102.404     23  14250.808    14251.939    14363.686
121  TPM2u+I+G4    7102.991     24  14253.982    14255.213    14371.768
122  TPM2u+R2      7111.564     24  14271.127    14272.358    14388.913
123  TPM2u+R3      7102.017     26  14256.033    14257.476    14383.635
124  TPM2u+R4      7101.989     28  14259.977    14261.650    14397.394
125  TPM2u+R5      Skipped 
126  TPM2u+R6      Skipped 
127  TPM2u+R7      Skipped 
128  TPM2u+R8      Skipped 
129  TPM2u+R9      Skipped 
130  TPM2u+R10     Skipped 
131  TPM3          7489.978     22  15023.956    15024.992    15131.926
132  TPM3+I        7210.266     23  14466.531    14467.662    14579.410
133  TPM3+G4       7090.872     23  14227.745    14228.876    14340.623
134  TPM3+I+G4     7091.160     24  14230.320    14231.551    14348.106
135  TPM3+R2       7098.045     24  14244.089    14245.320    14361.876
136  TPM3+R3       7088.937     26  14229.873    14231.316    14357.475
137  TPM3+R4       7088.873     28  14233.746    14235.418    14371.163
138  TPM3+R5       Skipped 
139  TPM3+R6       Skipped 
140  TPM3+R7       Skipped 
141  TPM3+R8       Skipped 
142  TPM3+R9       Skipped 
143  TPM3+R10      Skipped 
144  TPM3u         7489.968     22  15023.935    15024.971    15131.906
145  TPM3u+I       7210.266     23  14466.531    14467.662    14579.410
146  TPM3u+G4      7090.869     23  14227.738    14228.869    14340.617
147  TPM3u+I+G4    7091.130     24  14230.260    14231.491    14348.046
148  TPM3u+R2      7098.115     24  14244.231    14245.462    14362.017
149  TPM3u+R3      7088.910     26  14229.820    14231.263    14357.422
150  TPM3u+R4      7088.878     28  14233.757    14235.429    14371.174
151  TPM3u+R5      Skipped 
152  TPM3u+R6      Skipped 
153  TPM3u+R7      Skipped 
154  TPM3u+R8      Skipped 
155  TPM3u+R9      Skipped 
156  TPM3u+R10     Skipped 
157  TIMe          7643.369     20  15326.737    15327.595    15424.892
158  TIMe+I        7371.944     21  14785.888    14786.833    14888.951
159  TIMe+G4       7279.884     21  14601.768    14602.713    14704.831
160  TIMe+I+G4     7279.919     22  14603.838    14604.874    14711.809
161  TIMe+R2       7288.632     22  14621.265    14622.300    14729.235
162  TIMe+R3       7280.021     24  14608.042    14609.273    14725.828
163  TIMe+R4       7279.808     26  14611.617    14613.060    14739.219
164  TIMe+R5       Skipped 
165  TIMe+R6       Skipped 
166  TIMe+R7       Skipped 
167  TIMe+R8       Skipped 
168  TIMe+R9       Skipped 
169  TIMe+R10      Skipped 
170  TIM           7490.866     23  15027.732    15028.863    15140.610
171  TIM+I         7206.627     24  14461.254    14462.484    14579.040
172  TIM+G4        7096.704     24  14241.408    14242.638    14359.194
173  TIM+I+G4      7096.996     25  14243.992    14245.327    14366.686
174  TIM+R2        7104.793     25  14259.586    14260.921    14382.280
175  TIM+R3        7095.858     27  14245.716    14247.271    14378.225
176  TIM+R4        7095.836     29  14249.672    14251.466    14391.997
177  TIM+R5        Skipped 
178  TIM+R6        Skipped 
179  TIM+R7        Skipped 
180  TIM+R8        Skipped 
181  TIM+R9        Skipped 
182  TIM+R10       Skipped 
183  TIM2e         7611.681     20  15263.363    15264.221    15361.518
184  TIM2e+I       7339.155     21  14720.310    14721.255    14823.373
185  TIM2e+G4      7238.436     21  14518.872    14519.816    14621.935
186  TIM2e+I+G4    7238.202     22  14520.404    14521.440    14628.374
187  TIM2e+R2      7251.855     22  14547.709    14548.745    14655.680
188  TIM2e+R3      7235.306     24  14518.612    14519.843    14636.398
189  TIM2e+R4      7235.250     26  14522.499    14523.942    14650.101
190  TIM2e+R5      Skipped 
191  TIM2e+R6      Skipped 
192  TIM2e+R7      Skipped 
193  TIM2e+R8      Skipped 
194  TIM2e+R9      Skipped 
195  TIM2e+R10     Skipped 
196  TIM2          7485.611     23  15017.221    15018.352    15130.100
197  TIM2+I        7201.726     24  14451.452    14452.683    14569.238
198  TIM2+G4       7100.211     24  14248.421    14249.652    14366.207
199  TIM2+I+G4     7100.460     25  14250.920    14252.255    14373.614
200  TIM2+R2       7109.985     25  14269.969    14271.304    14392.663
201  TIM2+R3       7099.944     27  14253.889    14255.444    14386.398
202  TIM2+R4       7099.887     29  14257.775    14259.569    14400.100
203  TIM2+R5       Skipped 
204  TIM2+R6       Skipped 
205  TIM2+R7       Skipped 
206  TIM2+R8       Skipped 
207  TIM2+R9       Skipped 
208  TIM2+R10      Skipped 
209  TIM3e         7642.989     20  15325.977    15326.835    15424.133
210  TIM3e+I       7372.089     21  14786.177    14787.122    14889.240
211  TIM3e+G4      7279.346     21  14600.691    14601.636    14703.754
212  TIM3e+I+G4    7279.397     22  14602.795    14603.830    14710.765
213  TIM3e+R2      7288.268     22  14620.536    14621.572    14728.507
214  TIM3e+R3      7279.283     24  14606.566    14607.797    14724.352
215  TIM3e+R4      7279.262     26  14610.524    14611.967    14738.126
216  TIM3e+R5      Skipped 
217  TIM3e+R6      Skipped 
218  TIM3e+R7      Skipped 
219  TIM3e+R8      Skipped 
220  TIM3e+R9      Skipped 
221  TIM3e+R10     Skipped 
222  TIM3          7485.149     23  15016.297    15017.428    15129.176
223  TIM3+I        7202.901     24  14453.802    14455.032    14571.588
224  TIM3+G4       7088.548     24  14225.096    14226.327    14342.882
225  TIM3+I+G4     7088.787     25  14227.574    14228.909    14350.268
226  TIM3+R2       7095.729     25  14241.458    14242.793    14364.152
227  TIM3+R3       7086.825     27  14227.649    14229.205    14360.159
228  TIM3+R4       7086.502     29  14231.004    14232.798    14373.329
229  TIM3+R5       Skipped 
230  TIM3+R6       Skipped 
231  TIM3+R7       Skipped 
232  TIM3+R8       Skipped 
233  TIM3+R9       Skipped 
234  TIM3+R10      Skipped 
235  TVMe          7611.516     21  15265.031    15265.976    15368.094
236  TVMe+I        7337.331     22  14718.663    14719.698    14826.633
237  TVMe+G4       7240.499     22  14524.998    14526.034    14632.969
238  TVMe+I+G4     7240.301     23  14526.602    14527.733    14639.480
239  TVMe+R2       7252.243     23  14550.487    14551.618    14663.365
240  TVMe+R3       7238.224     25  14526.448    14527.782    14649.142
241  TVMe+R4       7238.236     27  14530.473    14532.028    14662.982
242  TVMe+R5       Skipped 
243  TVMe+R6       Skipped 
244  TVMe+R7       Skipped 
245  TVMe+R8       Skipped 
246  TVMe+R9       Skipped 
247  TVMe+R10      Skipped 
248  TVM           7477.883     24  15003.766    15004.996    15121.552
249  TVM+I         7196.286     25  14442.571    14443.906    14565.265
250  TVM+G4        7083.385     25  14216.771    14218.106    14339.465
251  TVM+I+G4      7083.671     26  14219.342    14220.785    14346.944
252  TVM+R2        7090.507     26  14233.014    14234.457    14360.616
253  TVM+R3        7082.238     28  14220.475    14222.148    14357.892
254  TVM+R4        7082.052     30  14224.105    14226.024    14371.338
255  TVM+R5        Skipped 
256  TVM+R6        Skipped 
257  TVM+R7        Skipped 
258  TVM+R8        Skipped 
259  TVM+R9        Skipped 
260  TVM+R10       Skipped 
261  SYM           7609.784     22  15263.568    15264.604    15371.539
262  SYM+I         7336.596     23  14719.193    14720.324    14832.071
263  SYM+G4        7233.643     23  14513.287    14514.418    14626.165
264  SYM+I+G4      7233.476     24  14514.952    14516.183    14632.738
265  SYM+R2        7247.498     24  14542.996    14544.227    14660.782
266  SYM+R3        7230.776     26  14513.551    14514.994    14641.153
267  SYM+R4        7230.605     28  14517.210    14518.882    14654.627
268  SYM+R5        Skipped 
269  SYM+R6        Skipped 
270  SYM+R7        Skipped 
271  SYM+R8        Skipped 
272  SYM+R9        Skipped 
273  SYM+R10       Skipped 
274  GTR           7472.794     25  14995.589    14996.923    15118.282
275  GTR+I         7189.170     26  14430.340    14431.783    14557.942
276  GTR+G4        7080.328     26  14212.656    14214.099    14340.258
277  GTR+I+G4      7080.624     27  14215.249    14216.805    14347.758
278  GTR+R2        7087.530     27  14229.059    14230.615    14361.568
279  GTR+R3        7078.928     29  14215.856    14217.650    14358.181
280  GTR+R4        7078.772     31  14219.545    14221.594    14371.685
281  GTR+R5        Skipped 
282  GTR+R6        Skipped 
283  GTR+R7        Skipped 
284  GTR+R8        Skipped 
285  GTR+R9        Skipped 
286  GTR+R10       Skipped 
Akaike Information Criterion:           GTR+G4
Corrected Akaike Information Criterion: GTR+G4
Bayesian Information Criterion:         TVM+G4
Best-fit model: TVM+G4 chosen according to BIC

All model information printed to ./results/gene12.phy.model
CPU time for ModelFinder: 15.604 seconds (0h:0m:15s)
Wall-clock time for ModelFinder: 16.193 seconds (0h:0m:16s)
Generating 1000 samples for ultrafast bootstrap (seed: 479013)...

NOTE: 2 MB RAM (0 GB) is required!
Estimate model parameters (epsilon = 0.100)
1. Initial log-likelihood: -7348.989
2. Current log-likelihood: -7239.303
3. Current log-likelihood: -7229.976
4. Current log-likelihood: -7226.319
5. Current log-likelihood: -7222.711
6. Current log-likelihood: -7219.100
7. Current log-likelihood: -7215.474
8. Current log-likelihood: -7211.835
9. Current log-likelihood: -7208.183
10. Current log-likelihood: -7204.522
11. Current log-likelihood: -7110.033
12. Current log-likelihood: -7106.140
13. Current log-likelihood: -7105.870
Optimal log-likelihood: -7105.834
Rate parameters:  A-C: 54.736  A-G: 100.000  A-T: 21.731  C-G: 24.558  C-T: 100.000  G-T: 1.000
Base frequencies:   A: 0.417  C: 0.145  G: 0.210  T: 0.228
Gamma shape alpha: 0.456
Parameters optimization took 13 rounds (0.145 sec)

WARNING: Estimated model parameters are at boundary that can cause numerical instability!

Computing ML distances based on estimated model parameters... 0.002 sec
Computing BIONJ tree...
0.000 seconds
Log-likelihood of BIONJ tree: -7105.263
--------------------------------------------------------------------
|             INITIALIZING CANDIDATE TREE SET                      |
--------------------------------------------------------------------
Generating 98 parsimony trees... 0.064 second
Computing log-likelihood of 98 initial trees ... 0.388 seconds
Current best score: -7105.263

Do NNI search on 20 best initial trees
Estimate model parameters (epsilon = 0.100)

WARNING: Estimated model parameters are at boundary that can cause numerical instability!

BETTER TREE FOUND at iteration 1: -7102.681
Iteration 10 / LogL: -7104.306 / Time: 0h:0m:17s
WARNING: NNI search needs unusual large number of steps (7) to converge!
Iteration 20 / LogL: -7102.935 / Time: 0h:0m:17s
Finish initializing candidate tree set (14)
Current best tree score: -7102.681 / CPU time: 1.554
Number of iterations: 20
--------------------------------------------------------------------
|               OPTIMIZING CANDIDATE TREE SET                      |
--------------------------------------------------------------------
Iteration 30 / LogL: -7102.913 / Time: 0h:0m:18s (0h:0m:5s left)
Iteration 40 / LogL: -7102.711 / Time: 0h:0m:18s (0h:0m:3s left)
Iteration 50 / LogL: -7102.709 / Time: 0h:0m:19s (0h:0m:2s left)
Log-likelihood cutoff on original alignment: -7109.985
UPDATE BEST LOG-LIKELIHOOD: -7102.681
Iteration 60 / LogL: -7102.701 / Time: 0h:0m:19s (0h:0m:2s left)
Iteration 70 / LogL: -7102.712 / Time: 0h:0m:19s (0h:0m:1s left)
Iteration 80 / LogL: -7102.682 / Time: 0h:0m:20s (0h:0m:1s left)
UPDATE BEST LOG-LIKELIHOOD: -7102.681
Iteration 90 / LogL: -7102.711 / Time: 0h:0m:21s (0h:0m:0s left)
Iteration 100 / LogL: -7102.701 / Time: 0h:0m:21s (0h:0m:0s left)
Log-likelihood cutoff on original alignment: -7109.985
NOTE: Bootstrap correlation coefficient of split occurrence frequencies: 0.982
NOTE: UFBoot does not converge, continue at least 100 more iterations
UPDATE BEST LOG-LIKELIHOOD: -7102.681
Iteration 110 / LogL: -7102.711 / Time: 0h:0m:22s (0h:0m:4s left)
Iteration 120 / LogL: -7102.711 / Time: 0h:0m:22s (0h:0m:4s left)
Iteration 130 / LogL: -7102.701 / Time: 0h:0m:23s (0h:0m:3s left)
UPDATE BEST LOG-LIKELIHOOD: -7102.681
Iteration 140 / LogL: -7102.701 / Time: 0h:0m:24s (0h:0m:3s left)
Iteration 150 / LogL: -7102.702 / Time: 0h:0m:24s (0h:0m:2s left)
Log-likelihood cutoff on original alignment: -7109.985
Iteration 160 / LogL: -7104.305 / Time: 0h:0m:25s (0h:0m:2s left)
UPDATE BEST LOG-LIKELIHOOD: -7102.681
Iteration 170 / LogL: -7102.687 / Time: 0h:0m:25s (0h:0m:1s left)
Iteration 180 / LogL: -7102.711 / Time: 0h:0m:25s (0h:0m:1s left)
Iteration 190 / LogL: -7102.681 / Time: 0h:0m:26s (0h:0m:0s left)
Iteration 200 / LogL: -7102.701 / Time: 0h:0m:26s (0h:0m:0s left)
Log-likelihood cutoff on original alignment: -7110.279
NOTE: Bootstrap correlation coefficient of split occurrence frequencies: 0.984
NOTE: UFBoot does not converge, continue at least 100 more iterations
Iteration 210 / LogL: -7102.711 / Time: 0h:0m:27s (0h:0m:4s left)
Iteration 220 / LogL: -7102.703 / Time: 0h:0m:27s (0h:0m:4s left)
Iteration 230 / LogL: -7102.682 / Time: 0h:0m:28s (0h:0m:3s left)
Iteration 240 / LogL: -7102.701 / Time: 0h:0m:28s (0h:0m:3s left)
UPDATE BEST LOG-LIKELIHOOD: -7102.681
Iteration 250 / LogL: -7102.701 / Time: 0h:0m:29s (0h:0m:2s left)
Log-likelihood cutoff on original alignment: -7110.490
Iteration 260 / LogL: -7102.701 / Time: 0h:0m:30s (0h:0m:2s left)
Iteration 270 / LogL: -7102.728 / Time: 0h:0m:30s (0h:0m:1s left)
Iteration 280 / LogL: -7102.702 / Time: 0h:0m:30s (0h:0m:1s left)
Iteration 290 / LogL: -7104.242 / Time: 0h:0m:31s (0h:0m:0s left)
Iteration 300 / LogL: -7102.682 / Time: 0h:0m:31s (0h:0m:0s left)
Log-likelihood cutoff on original alignment: -7111.153
NOTE: Bootstrap correlation coefficient of split occurrence frequencies: 0.986
NOTE: UFBoot does not converge, continue at least 100 more iterations
Iteration 310 / LogL: -7102.702 / Time: 0h:0m:32s (0h:0m:4s left)
UPDATE BEST LOG-LIKELIHOOD: -7102.681
Iteration 320 / LogL: -7102.711 / Time: 0h:0m:32s (0h:0m:4s left)
WARNING: NNI search needs unusual large number of steps (7) to converge!
Iteration 330 / LogL: -7102.711 / Time: 0h:0m:33s (0h:0m:3s left)
Iteration 340 / LogL: -7102.681 / Time: 0h:0m:33s (0h:0m:3s left)
Iteration 350 / LogL: -7102.682 / Time: 0h:0m:34s (0h:0m:2s left)
Log-likelihood cutoff on original alignment: -7111.153
Iteration 360 / LogL: -7104.049 / Time: 0h:0m:34s (0h:0m:2s left)
Iteration 370 / LogL: -7103.247 / Time: 0h:0m:35s (0h:0m:1s left)
Iteration 380 / LogL: -7102.701 / Time: 0h:0m:35s (0h:0m:1s left)
Iteration 390 / LogL: -7102.682 / Time: 0h:0m:36s (0h:0m:0s left)
Iteration 400 / LogL: -7102.681 / Time: 0h:0m:36s (0h:0m:0s left)
Log-likelihood cutoff on original alignment: -7111.153
NOTE: Bootstrap correlation coefficient of split occurrence frequencies: 0.997
TREE SEARCH COMPLETED AFTER 400 ITERATIONS / Time: 0h:0m:36s

--------------------------------------------------------------------
|                    FINALIZING TREE SEARCH                        |
--------------------------------------------------------------------
Performs final model parameters optimization
Estimate model parameters (epsilon = 0.010)
1. Initial log-likelihood: -7102.681
Optimal log-likelihood: -7102.676
Rate parameters:  A-C: 54.605  A-G: 99.997  A-T: 21.663  C-G: 24.579  C-T: 99.997  G-T: 1.000
Base frequencies:   A: 0.417  C: 0.145  G: 0.210  T: 0.228
Gamma shape alpha: 0.456
Parameters optimization took 1 rounds (0.008 sec)
BEST SCORE FOUND : -7102.676
Creating bootstrap support values...
Split supports printed to NEXUS file ./results/gene12.phy.splits.nex
Total tree length: 3.287

Total number of iterations: 400
CPU time used for tree search: 17.965 sec (0h:0m:17s)
Wall-clock time used for tree search: 20.143 sec (0h:0m:20s)
Total CPU time used: 33.776 sec (0h:0m:33s)
Total wall-clock time used: 36.548 sec (0h:0m:36s)

Computing bootstrap consensus tree...
Reading input file ./results/gene12.phy.splits.nex...
10 taxa and 220 splits.
Consensus tree written to ./results/gene12.phy.contree
Reading input trees file ./results/gene12.phy.contree
Log-likelihood of consensus tree: -7102.702

Analysis results written to: 
  IQ-TREE report:                ./results/gene12.phy.iqtree
  Maximum-likelihood tree:       ./results/gene12.phy.treefile
  Likelihood distances:          ./results/gene12.phy.mldist

Ultrafast bootstrap approximation results written to:
  Split support values:          ./results/gene12.phy.splits.nex
  Consensus tree:                ./results/gene12.phy.contree
  Screen log file:               ./results/gene12.phy.log

Date and Time: Tue Aug 22 17:21:25 2017
