IQ-TREE multicore version 1.5.4 for Linux 64-bit built Apr  2 2017
Copyright (c) 2011-2017 by Bui Quang Minh, Nguyen Lam Tung,
Olga Chernomor, Heiko Schmidt, and Arndt von Haeseler.

Host:    hpc-crick (AVX, 251 GB RAM)
Command: iqtree -s ./results/gene10.phy -nt 1 -bb 1000
Seed:    995453 (Using SPRNG - Scalable Parallel Random Number Generator)
Time:    Tue Aug 22 17:24:27 2017
Kernel:  AVX - 1 threads (40 CPU cores detected)

Reading alignment file ./results/gene10.phy ... Phylip format detected
Alignment most likely contains DNA/RNA sequences
Alignment has 10 sequences with 1000 columns and 538 patterns (397 informative sites, 350 constant sites)
   Gap/Ambiguity  Composition  p-value
   1  A    0.00%    passed     81.32%
   2  B    0.00%    passed     96.80%
   3  C    0.00%    passed     91.59%
   4  D    0.00%    passed     38.28%
   5  E    0.00%    passed     86.34%
   6  F    0.00%    passed     72.02%
   7  G    0.00%    passed     96.97%
   8  H    0.00%    passed     97.17%
   9  I    0.00%    passed     85.76%
  10  J    0.00%    passed     93.42%
****  TOTAL    0.00%  0 sequences failed composition chi2 test (p-value<5%; df=3)

Create initial parsimony tree by phylogenetic likelihood library (PLL)... 0.001 seconds

NOTE: ModelFinder requires 3 MB RAM!
ModelFinder will test 286 DNA models (sample size: 1000) ...
 No. Model         -LnL         df  AIC          AICc         BIC
  1  JC            8383.009     17  16800.017    16800.640    16883.449
  2  JC+I          8085.305     18  16206.610    16207.307    16294.949
  3  JC+G4         7998.039     18  16032.078    16032.775    16120.418
  4  JC+I+G4       7997.974     19  16033.949    16034.724    16127.196
  5  JC+R2         8003.041     19  16044.082    16044.857    16137.329
  6  JC+R3         7996.924     21  16035.847    16036.792    16138.910
  7  JC+R4         Skipped 
  8  JC+R5         Skipped 
  9  JC+R6         Skipped 
 10  JC+R7         Skipped 
 11  JC+R8         Skipped 
 12  JC+R9         Skipped 
 13  JC+R10        Skipped 
 14  F81           8282.660     20  16605.320    16606.178    16703.475
 15  F81+I         7981.413     21  16004.826    16005.771    16107.889
 16  F81+G4        7890.007     21  15822.014    15822.959    15925.077
 17  F81+I+G4      7889.348     22  15822.696    15823.732    15930.667
 18  F81+R2        7897.155     22  15838.310    15839.346    15946.281
 19  F81+R3        7888.928     24  15825.857    15827.088    15943.643
 20  F81+R4        7888.870     26  15829.740    15831.183    15957.342
 21  F81+R5        Skipped 
 22  F81+R6        Skipped 
 23  F81+R7        Skipped 
 24  F81+R8        Skipped 
 25  F81+R9        Skipped 
 26  F81+R10       Skipped 
 27  K2P           8231.086     18  16498.172    16498.869    16586.511
 28  K2P+I         7926.003     19  15890.005    15890.781    15983.252
 29  K2P+G4        7819.808     19  15677.617    15678.392    15770.864
 30  K2P+I+G4      7820.137     20  15680.273    15681.131    15778.428
 31  K2P+R2        7830.933     20  15701.866    15702.724    15800.021
 32  K2P+R3        7819.801     22  15683.602    15684.638    15791.573
 33  K2P+R4        7819.759     24  15687.518    15688.749    15805.304
 34  K2P+R5        Skipped 
 35  K2P+R6        Skipped 
 36  K2P+R7        Skipped 
 37  K2P+R8        Skipped 
 38  K2P+R9        Skipped 
 39  K2P+R10       Skipped 
 40  HKY           8130.977     21  16303.955    16304.899    16407.017
 41  HKY+I         7809.724     22  15663.448    15664.484    15771.419
 42  HKY+G4        7696.930     22  15437.859    15438.895    15545.830
 43  HKY+I+G4      7696.968     23  15439.936    15441.067    15552.814
 44  HKY+R2        7712.583     23  15471.166    15472.298    15584.045
 45  HKY+R3        7696.733     25  15443.466    15444.801    15566.160
 46  HKY+R4        7696.653     27  15447.307    15448.862    15579.816
 47  HKY+R5        Skipped 
 48  HKY+R6        Skipped 
 49  HKY+R7        Skipped 
 50  HKY+R8        Skipped 
 51  HKY+R9        Skipped 
 52  HKY+R10       Skipped 
 53  TNe           8230.837     19  16499.674    16500.449    16592.921
 54  TNe+I         7925.605     20  15891.209    15892.067    15989.364
 55  TNe+G4        7818.217     20  15676.435    15677.293    15774.590
 56  TNe+I+G4      7818.589     21  15679.177    15680.122    15782.240
 57  TNe+R2        7829.604     21  15701.207    15702.152    15804.270
 58  TNe+R3        7818.113     23  15682.227    15683.358    15795.105
 59  TNe+R4        7818.103     25  15686.206    15687.540    15808.900
 60  TNe+R5        Skipped 
 61  TNe+R6        Skipped 
 62  TNe+R7        Skipped 
 63  TNe+R8        Skipped 
 64  TNe+R9        Skipped 
 65  TNe+R10       Skipped 
 66  TN            8121.118     22  16286.235    16287.271    16394.206
 67  TN+I          7807.607     23  15661.214    15662.346    15774.093
 68  TN+G4         7695.851     23  15437.701    15438.832    15550.580
 69  TN+I+G4       7695.438     24  15438.876    15440.106    15556.662
 70  TN+R2         7711.112     24  15470.223    15471.454    15588.009
 71  TN+R3         7695.281     26  15442.562    15444.005    15570.163
 72  TN+R4         7695.257     28  15446.513    15448.186    15583.931
 73  TN+R5         Skipped 
 74  TN+R6         Skipped 
 75  TN+R7         Skipped 
 76  TN+R8         Skipped 
 77  TN+R9         Skipped 
 78  TN+R10        Skipped 
 79  K3P           8226.545     19  16491.090    16491.866    16584.338
 80  K3P+I         7920.904     20  15881.809    15882.667    15979.964
 81  K3P+G4        7810.892     20  15661.783    15662.641    15759.938
 82  K3P+I+G4      7811.194     21  15664.389    15665.334    15767.452
 83  K3P+R2        7822.758     21  15687.516    15688.461    15790.579
 84  K3P+R3        7810.872     23  15667.744    15668.875    15780.623
 85  K3P+R4        7810.862     25  15671.725    15673.059    15794.419
 86  K3P+R5        Skipped 
 87  K3P+R6        Skipped 
 88  K3P+R7        Skipped 
 89  K3P+R8        Skipped 
 90  K3P+R9        Skipped 
 91  K3P+R10       Skipped 
 92  K3Pu          8118.163     22  16280.326    16281.361    16388.296
 93  K3Pu+I        7794.779     23  15635.557    15636.688    15748.435
 94  K3Pu+G4       7676.328     23  15398.655    15399.786    15511.534
 95  K3Pu+I+G4     7676.115     24  15400.230    15401.461    15518.016
 96  K3Pu+R2       7694.829     24  15437.659    15438.890    15555.445
 97  K3Pu+R3       7675.906     26  15403.812    15405.254    15531.413
 98  K3Pu+R4       7675.867     28  15407.734    15409.406    15545.151
 99  K3Pu+R5       Skipped 
100  K3Pu+R6       Skipped 
101  K3Pu+R7       Skipped 
102  K3Pu+R8       Skipped 
103  K3Pu+R9       Skipped 
104  K3Pu+R10      Skipped 
105  TPM2          8127.640     22  16299.280    16300.316    16407.250
106  TPM2+I        7808.641     23  15663.282    15664.414    15776.161
107  TPM2+G4       7696.838     23  15439.677    15440.808    15552.555
108  TPM2+I+G4     7696.755     24  15441.509    15442.740    15559.295
109  TPM2+R2       7712.076     24  15472.152    15473.383    15589.938
110  TPM2+R3       7696.468     26  15444.937    15446.379    15572.538
111  TPM2+R4       7696.467     28  15448.935    15450.607    15586.352
112  TPM2+R5       Skipped 
113  TPM2+R6       Skipped 
114  TPM2+R7       Skipped 
115  TPM2+R8       Skipped 
116  TPM2+R9       Skipped 
117  TPM2+R10      Skipped 
118  TPM2u         8127.651     22  16299.303    16300.339    16407.274
119  TPM2u+I       7808.643     23  15663.285    15664.416    15776.163
120  TPM2u+G4      7696.783     23  15439.565    15440.697    15552.444
121  TPM2u+I+G4    7696.748     24  15441.495    15442.726    15559.281
122  TPM2u+R2      7712.097     24  15472.194    15473.424    15589.980
123  TPM2u+R3      7696.467     26  15444.934    15446.377    15572.535
124  TPM2u+R4      7696.463     28  15448.925    15450.598    15586.342
125  TPM2u+R5      Skipped 
126  TPM2u+R6      Skipped 
127  TPM2u+R7      Skipped 
128  TPM2u+R8      Skipped 
129  TPM2u+R9      Skipped 
130  TPM2u+R10     Skipped 
131  TPM3          8117.892     22  16279.783    16280.819    16387.754
132  TPM3+I        7797.358     23  15640.715    15641.846    15753.594
133  TPM3+G4       7681.451     23  15408.903    15410.034    15521.781
134  TPM3+I+G4     7680.979     24  15409.957    15411.188    15527.743
135  TPM3+R2       7701.015     24  15450.030    15451.261    15567.817
136  TPM3+R3       7680.488     26  15412.976    15414.419    15540.578
137  TPM3+R4       7680.446     28  15416.892    15418.565    15554.309
138  TPM3+R5       Skipped 
139  TPM3+R6       Skipped 
140  TPM3+R7       Skipped 
141  TPM3+R8       Skipped 
142  TPM3+R9       Skipped 
143  TPM3+R10      Skipped 
144  TPM3u         8117.910     22  16279.821    16280.857    16387.791
145  TPM3u+I       7797.359     23  15640.719    15641.850    15753.597
146  TPM3u+G4      7681.417     23  15408.834    15409.965    15521.712
147  TPM3u+I+G4    7681.192     24  15410.384    15411.615    15528.170
148  TPM3u+R2      7701.008     24  15450.017    15451.248    15567.803
149  TPM3u+R3      7680.466     26  15412.933    15414.376    15540.534
150  TPM3u+R4      7680.437     28  15416.875    15418.547    15554.292
151  TPM3u+R5      Skipped 
152  TPM3u+R6      Skipped 
153  TPM3u+R7      Skipped 
154  TPM3u+R8      Skipped 
155  TPM3u+R9      Skipped 
156  TPM3u+R10     Skipped 
157  TIMe          8226.281     20  16492.562    16493.420    16590.717
158  TIMe+I        7920.533     21  15883.066    15884.011    15986.129
159  TIMe+G4       7809.380     21  15660.760    15661.705    15763.823
160  TIMe+I+G4     7809.681     22  15663.363    15664.398    15771.333
161  TIMe+R2       7821.488     22  15686.977    15688.013    15794.948
162  TIMe+R3       7809.316     24  15666.632    15667.863    15784.418
163  TIMe+R4       7809.314     26  15670.628    15672.071    15798.229
164  TIMe+R5       Skipped 
165  TIMe+R6       Skipped 
166  TIMe+R7       Skipped 
167  TIMe+R8       Skipped 
168  TIMe+R9       Skipped 
169  TIMe+R10      Skipped 
170  TIM           8107.847     23  16261.693    16262.825    16374.572
171  TIM+I         7792.448     24  15632.896    15634.127    15750.682
172  TIM+G4        7675.049     24  15398.097    15399.328    15515.883
173  TIM+I+G4      7674.762     25  15399.525    15400.859    15522.219
174  TIM+R2        7693.414     25  15436.828    15438.162    15559.522
175  TIM+R3        7674.673     27  15403.346    15404.901    15535.855
176  TIM+R4        7674.628     29  15407.256    15409.050    15549.581
177  TIM+R5        Skipped 
178  TIM+R6        Skipped 
179  TIM+R7        Skipped 
180  TIM+R8        Skipped 
181  TIM+R9        Skipped 
182  TIM+R10       Skipped 
183  TIM2e         8209.535     20  16459.070    16459.928    16557.225
184  TIM2e+I       7906.101     21  15854.203    15855.147    15957.266
185  TIM2e+G4      7793.779     21  15629.559    15630.504    15732.622
186  TIM2e+I+G4    7794.013     22  15632.026    15633.061    15739.996
187  TIM2e+R2      7802.809     22  15649.619    15650.654    15757.589
188  TIM2e+R3      7793.367     24  15634.734    15635.965    15752.520
189  TIM2e+R4      7793.317     26  15638.635    15640.078    15766.236
190  TIM2e+R5      Skipped 
191  TIM2e+R6      Skipped 
192  TIM2e+R7      Skipped 
193  TIM2e+R8      Skipped 
194  TIM2e+R9      Skipped 
195  TIM2e+R10     Skipped 
196  TIM2          8117.091     23  16280.182    16281.313    16393.061
197  TIM2+I        7806.433     24  15660.865    15662.096    15778.651
198  TIM2+G4       7695.326     24  15438.652    15439.883    15556.439
199  TIM2+I+G4     7695.082     25  15440.164    15441.499    15562.858
200  TIM2+R2       7710.453     25  15470.906    15472.241    15593.600
201  TIM2+R3       7695.030     27  15444.060    15445.616    15576.569
202  TIM2+R4       7694.945     29  15447.890    15449.684    15590.215
203  TIM2+R5       Skipped 
204  TIM2+R6       Skipped 
205  TIM2+R7       Skipped 
206  TIM2+R8       Skipped 
207  TIM2+R9       Skipped 
208  TIM2+R10      Skipped 
209  TIM3e         8228.184     20  16496.368    16497.226    16594.523
210  TIM3e+I       7922.794     21  15887.588    15888.533    15990.651
211  TIM3e+G4      7814.974     21  15671.949    15672.894    15775.012
212  TIM3e+I+G4    7815.135     22  15674.270    15675.306    15782.240
213  TIM3e+R2      7826.719     22  15697.437    15698.473    15805.408
214  TIM3e+R3      7814.834     24  15677.668    15678.899    15795.454
215  TIM3e+R4      7814.828     26  15681.655    15683.098    15809.257
216  TIM3e+R5      Skipped 
217  TIM3e+R6      Skipped 
218  TIM3e+R7      Skipped 
219  TIM3e+R8      Skipped 
220  TIM3e+R9      Skipped 
221  TIM3e+R10     Skipped 
222  TIM3          8105.015     23  16256.030    16257.162    16368.909
223  TIM3+I        7794.444     24  15636.888    15638.119    15754.674
224  TIM3+G4       7678.564     24  15405.128    15406.358    15522.914
225  TIM3+I+G4     7677.862     25  15405.723    15407.058    15528.417
226  TIM3+R2       7698.621     25  15447.242    15448.577    15569.936
227  TIM3+R3       7677.239     27  15408.478    15410.034    15540.988
228  TIM3+R4       7677.157     29  15412.314    15414.108    15554.639
229  TIM3+R5       Skipped 
230  TIM3+R6       Skipped 
231  TIM3+R7       Skipped 
232  TIM3+R8       Skipped 
233  TIM3+R9       Skipped 
234  TIM3+R10      Skipped 
235  TVMe          8202.288     21  16446.576    16447.521    16549.639
236  TVMe+I        7898.209     22  15840.417    15841.453    15948.388
237  TVMe+G4       7783.852     22  15611.704    15612.740    15719.675
238  TVMe+I+G4     7784.061     23  15614.121    15615.252    15727.000
239  TVMe+R2       7793.004     23  15632.008    15633.139    15744.886
240  TVMe+R3       7783.820     25  15617.639    15618.974    15740.333
241  TVMe+R4       7783.814     27  15621.628    15623.183    15754.137
242  TVMe+R5       Skipped 
243  TVMe+R6       Skipped 
244  TVMe+R7       Skipped 
245  TVMe+R8       Skipped 
246  TVMe+R9       Skipped 
247  TVMe+R10      Skipped 
248  TVM           8107.210     24  16262.420    16263.650    16380.206
249  TVM+I         7788.252     25  15626.504    15627.838    15749.197
250  TVM+G4        7668.876     25  15387.753    15389.087    15510.447
251  TVM+I+G4      7668.678     26  15389.357    15390.800    15516.958
252  TVM+R2        7689.886     26  15431.772    15433.215    15559.373
253  TVM+R3        7668.449     28  15392.899    15394.571    15530.316
254  TVM+R4        7668.278     30  15396.556    15398.476    15543.789
255  TVM+R5        Skipped 
256  TVM+R6        Skipped 
257  TVM+R7        Skipped 
258  TVM+R8        Skipped 
259  TVM+R9        Skipped 
260  TVM+R10       Skipped 
261  SYM           8202.062     22  16448.124    16449.160    16556.095
262  SYM+I         7897.879     23  15841.759    15842.890    15954.637
263  SYM+G4        7781.553     23  15609.106    15610.237    15721.984
264  SYM+I+G4      7781.822     24  15611.643    15612.874    15729.429
265  SYM+R2        7790.975     24  15629.950    15631.181    15747.736
266  SYM+R3        7781.354     26  15614.707    15616.150    15742.309
267  SYM+R4        7781.351     28  15618.702    15620.374    15756.119
268  SYM+R5        Skipped 
269  SYM+R6        Skipped 
270  SYM+R7        Skipped 
271  SYM+R8        Skipped 
272  SYM+R9        Skipped 
273  SYM+R10       Skipped 
274  GTR           8093.768     25  16237.536    16238.871    16360.230
275  GTR+I         7785.278     26  15622.557    15624.000    15750.158
276  GTR+G4        7665.496     26  15382.992    15384.435    15510.594
277  GTR+I+G4      7665.332     27  15384.664    15386.219    15517.173
278  GTR+R2        7687.530     27  15429.060    15430.616    15561.569
279  GTR+R3        7664.579     29  15387.158    15388.952    15529.483
280  GTR+R4        7664.581     31  15391.162    15393.212    15543.303
281  GTR+R5        Skipped 
282  GTR+R6        Skipped 
283  GTR+R7        Skipped 
284  GTR+R8        Skipped 
285  GTR+R9        Skipped 
286  GTR+R10       Skipped 
Akaike Information Criterion:           GTR+G4
Corrected Akaike Information Criterion: GTR+G4
Bayesian Information Criterion:         TVM+G4
Best-fit model: TVM+G4 chosen according to BIC

All model information printed to ./results/gene10.phy.model
CPU time for ModelFinder: 10.657 seconds (0h:0m:10s)
Wall-clock time for ModelFinder: 11.787 seconds (0h:0m:11s)
Generating 1000 samples for ultrafast bootstrap (seed: 995453)...

NOTE: 2 MB RAM (0 GB) is required!
Estimate model parameters (epsilon = 0.100)
1. Initial log-likelihood: -7956.791
2. Current log-likelihood: -7684.862
3. Current log-likelihood: -7674.537
4. Current log-likelihood: -7672.866
5. Current log-likelihood: -7672.719
Optimal log-likelihood: -7672.657
Rate parameters:  A-C: 1.955  A-G: 3.706  A-T: 0.374  C-G: 0.656  C-T: 3.706  G-T: 1.000
Base frequencies:   A: 0.398  C: 0.157  G: 0.208  T: 0.237
Gamma shape alpha: 0.496
Parameters optimization took 5 rounds (0.108 sec)
Computing ML distances based on estimated model parameters... 0.002 sec
Computing BIONJ tree...
0.000 seconds
Log-likelihood of BIONJ tree: -7677.883
--------------------------------------------------------------------
|             INITIALIZING CANDIDATE TREE SET                      |
--------------------------------------------------------------------
Generating 98 parsimony trees... 0.069 second
Computing log-likelihood of 98 initial trees ... 0.418 seconds
Current best score: -7672.657

Do NNI search on 20 best initial trees
Estimate model parameters (epsilon = 0.100)
BETTER TREE FOUND at iteration 1: -7672.545
Estimate model parameters (epsilon = 0.100)
BETTER TREE FOUND at iteration 2: -7672.199
UPDATE BEST LOG-LIKELIHOOD: -7672.197
Iteration 10 / LogL: -7672.197 / Time: 0h:0m:12s
Iteration 20 / LogL: -7673.028 / Time: 0h:0m:13s
Finish initializing candidate tree set (6)
Current best tree score: -7672.197 / CPU time: 1.490
Number of iterations: 20
--------------------------------------------------------------------
|               OPTIMIZING CANDIDATE TREE SET                      |
--------------------------------------------------------------------
Iteration 30 / LogL: -7672.715 / Time: 0h:0m:13s (0h:0m:5s left)
UPDATE BEST LOG-LIKELIHOOD: -7672.197
UPDATE BEST LOG-LIKELIHOOD: -7672.197
Iteration 40 / LogL: -7672.534 / Time: 0h:0m:14s (0h:0m:4s left)
UPDATE BEST LOG-LIKELIHOOD: -7672.197
Iteration 50 / LogL: -7672.715 / Time: 0h:0m:14s (0h:0m:3s left)
Log-likelihood cutoff on original alignment: -7682.844
Iteration 60 / LogL: -7672.715 / Time: 0h:0m:15s (0h:0m:2s left)
Iteration 70 / LogL: -7672.197 / Time: 0h:0m:15s (0h:0m:1s left)
Iteration 80 / LogL: -7672.198 / Time: 0h:0m:16s (0h:0m:1s left)
Iteration 90 / LogL: -7672.715 / Time: 0h:0m:16s (0h:0m:0s left)
Iteration 100 / LogL: -7677.074 / Time: 0h:0m:16s (0h:0m:0s left)
Log-likelihood cutoff on original alignment: -7683.105
NOTE: Bootstrap correlation coefficient of split occurrence frequencies: 0.996
TREE SEARCH COMPLETED AFTER 103 ITERATIONS / Time: 0h:0m:17s

--------------------------------------------------------------------
|                    FINALIZING TREE SEARCH                        |
--------------------------------------------------------------------
Performs final model parameters optimization
Estimate model parameters (epsilon = 0.010)
1. Initial log-likelihood: -7672.197
2. Current log-likelihood: -7672.178
3. Current log-likelihood: -7672.162
4. Current log-likelihood: -7672.150
5. Current log-likelihood: -7672.139
6. Current log-likelihood: -7672.129
Optimal log-likelihood: -7672.119
Rate parameters:  A-C: 2.003  A-G: 3.794  A-T: 0.385  C-G: 0.680  C-T: 3.794  G-T: 1.000
Base frequencies:   A: 0.398  C: 0.157  G: 0.208  T: 0.237
Gamma shape alpha: 0.494
Parameters optimization took 6 rounds (0.043 sec)
BEST SCORE FOUND : -7672.119
Creating bootstrap support values...
Split supports printed to NEXUS file ./results/gene10.phy.splits.nex
Total tree length: 3.626

Total number of iterations: 103
CPU time used for tree search: 4.955 sec (0h:0m:4s)
Wall-clock time used for tree search: 5.142 sec (0h:0m:5s)
Total CPU time used: 15.814 sec (0h:0m:15s)
Total wall-clock time used: 17.135 sec (0h:0m:17s)

Computing bootstrap consensus tree...
Reading input file ./results/gene10.phy.splits.nex...
10 taxa and 122 splits.
Consensus tree written to ./results/gene10.phy.contree
Reading input trees file ./results/gene10.phy.contree
Log-likelihood of consensus tree: -7672.119

Analysis results written to: 
  IQ-TREE report:                ./results/gene10.phy.iqtree
  Maximum-likelihood tree:       ./results/gene10.phy.treefile
  Likelihood distances:          ./results/gene10.phy.mldist

Ultrafast bootstrap approximation results written to:
  Split support values:          ./results/gene10.phy.splits.nex
  Consensus tree:                ./results/gene10.phy.contree
  Screen log file:               ./results/gene10.phy.log

Date and Time: Tue Aug 22 17:24:45 2017
