IQ-TREE multicore version 1.5.4 for Linux 64-bit built Apr  2 2017
Copyright (c) 2011-2017 by Bui Quang Minh, Nguyen Lam Tung,
Olga Chernomor, Heiko Schmidt, and Arndt von Haeseler.

Host:    hpc-crick (AVX, 251 GB RAM)
Command: iqtree -s ./results/gene15.phy -nt 1 -bb 1000
Seed:    515376 (Using SPRNG - Scalable Parallel Random Number Generator)
Time:    Tue Aug 22 18:20:09 2017
Kernel:  AVX - 1 threads (40 CPU cores detected)

Reading alignment file ./results/gene15.phy ... Phylip format detected
Alignment most likely contains DNA/RNA sequences
Alignment has 10 sequences with 1000 columns and 490 patterns (364 informative sites, 362 constant sites)
   Gap/Ambiguity  Composition  p-value
   1  A    0.00%    passed     93.37%
   2  B    0.00%    passed     84.89%
   3  C    0.00%    passed     13.82%
   4  D    0.00%    passed     65.75%
   5  E    0.00%    passed     78.72%
   6  F    0.00%    passed     98.89%
   7  G    0.00%    passed     92.94%
   8  H    0.00%    passed     85.79%
   9  I    0.00%    passed     37.88%
  10  J    0.00%    passed     93.88%
****  TOTAL    0.00%  0 sequences failed composition chi2 test (p-value<5%; df=3)

Create initial parsimony tree by phylogenetic likelihood library (PLL)... 0.001 seconds

NOTE: ModelFinder requires 3 MB RAM!
ModelFinder will test 286 DNA models (sample size: 1000) ...
 No. Model         -LnL         df  AIC          AICc         BIC
  1  JC            7677.984     17  15389.968    15390.592    15473.400
  2  JC+I          7450.236     18  14936.472    14937.170    15024.812
  3  JC+G4         7389.942     18  14815.884    14816.581    14904.224
  4  JC+I+G4       7390.309     19  14818.618    14819.394    14911.866
  5  JC+R2         7389.699     19  14817.399    14818.174    14910.646
  6  JC+R3         7388.831     21  14819.663    14820.607    14922.725
  7  JC+R4         Skipped 
  8  JC+R5         Skipped 
  9  JC+R6         Skipped 
 10  JC+R7         Skipped 
 11  JC+R8         Skipped 
 12  JC+R9         Skipped 
 13  JC+R10        Skipped 
 14  F81           7587.335     20  15214.669    15215.527    15312.824
 15  F81+I         7353.187     21  14748.375    14749.319    14851.437
 16  F81+G4        7290.094     21  14622.189    14623.133    14725.251
 17  F81+I+G4      7290.290     22  14624.580    14625.616    14732.550
 18  F81+R2        7291.767     22  14627.533    14628.569    14735.504
 19  F81+R3        7289.349     24  14626.699    14627.930    14744.485
 20  F81+R4        Skipped 
 21  F81+R5        Skipped 
 22  F81+R6        Skipped 
 23  F81+R7        Skipped 
 24  F81+R8        Skipped 
 25  F81+R9        Skipped 
 26  F81+R10       Skipped 
 27  K2P           7517.505     18  15071.010    15071.707    15159.349
 28  K2P+I         7277.427     19  14592.853    14593.629    14686.101
 29  K2P+G4        7196.928     19  14431.857    14432.632    14525.104
 30  K2P+I+G4      7197.370     20  14434.740    14435.598    14532.895
 31  K2P+R2        7201.842     20  14443.685    14444.543    14541.840
 32  K2P+R3        7196.293     22  14436.585    14437.621    14544.556
 33  K2P+R4        Skipped 
 34  K2P+R5        Skipped 
 35  K2P+R6        Skipped 
 36  K2P+R7        Skipped 
 37  K2P+R8        Skipped 
 38  K2P+R9        Skipped 
 39  K2P+R10       Skipped 
 40  HKY           7411.815     21  14865.630    14866.575    14968.693
 41  HKY+I         7165.722     22  14375.444    14376.479    14483.414
 42  HKY+G4        7079.843     22  14203.686    14204.722    14311.657
 43  HKY+I+G4      7079.901     23  14205.802    14206.933    14318.680
 44  HKY+R2        7089.200     23  14224.400    14225.531    14337.278
 45  HKY+R3        7079.726     25  14209.453    14210.788    14332.147
 46  HKY+R4        7079.693     27  14213.387    14214.942    14345.896
 47  HKY+R5        Skipped 
 48  HKY+R6        Skipped 
 49  HKY+R7        Skipped 
 50  HKY+R8        Skipped 
 51  HKY+R9        Skipped 
 52  HKY+R10       Skipped 
 53  TNe           7515.292     19  15068.585    15069.360    15161.832
 54  TNe+I         7275.404     20  14590.809    14591.667    14688.964
 55  TNe+G4        7191.287     20  14422.574    14423.432    14520.729
 56  TNe+I+G4      7191.697     21  14425.395    14426.339    14528.457
 57  TNe+R2        7197.472     21  14436.943    14437.888    14540.006
 58  TNe+R3        7190.300     23  14426.599    14427.731    14539.478
 59  TNe+R4        7190.269     25  14430.537    14431.872    14553.231
 60  TNe+R5        Skipped 
 61  TNe+R6        Skipped 
 62  TNe+R7        Skipped 
 63  TNe+R8        Skipped 
 64  TNe+R9        Skipped 
 65  TNe+R10       Skipped 
 66  TN            7411.778     22  14867.556    14868.592    14975.527
 67  TN+I          7165.638     23  14377.275    14378.406    14490.154
 68  TN+G4         7079.475     23  14204.951    14206.082    14317.829
 69  TN+I+G4       7079.634     24  14207.267    14208.498    14325.053
 70  TN+R2         7089.162     24  14226.325    14227.555    14344.111
 71  TN+R3         7079.440     26  14210.881    14212.324    14338.483
 72  TN+R4         7079.322     28  14214.644    14216.316    14352.061
 73  TN+R5         Skipped 
 74  TN+R6         Skipped 
 75  TN+R7         Skipped 
 76  TN+R8         Skipped 
 77  TN+R9         Skipped 
 78  TN+R10        Skipped 
 79  K3P           7513.992     19  15065.984    15066.760    15159.231
 80  K3P+I         7273.143     20  14586.286    14587.144    14684.442
 81  K3P+G4        7191.839     20  14423.678    14424.536    14521.833
 82  K3P+I+G4      7192.183     21  14426.366    14427.311    14529.429
 83  K3P+R2        7196.572     21  14435.143    14436.088    14538.206
 84  K3P+R3        7191.222     23  14428.443    14429.574    14541.321
 85  K3P+R4        Skipped 
 86  K3P+R5        Skipped 
 87  K3P+R6        Skipped 
 88  K3P+R7        Skipped 
 89  K3P+R8        Skipped 
 90  K3P+R9        Skipped 
 91  K3P+R10       Skipped 
 92  K3Pu          7403.613     22  14851.226    14852.262    14959.197
 93  K3Pu+I        7158.057     23  14362.114    14363.246    14474.993
 94  K3Pu+G4       7071.487     23  14188.974    14190.105    14301.852
 95  K3Pu+I+G4     7071.504     24  14191.008    14192.239    14308.794
 96  K3Pu+R2       7081.154     24  14210.307    14211.538    14328.093
 97  K3Pu+R3       7071.481     26  14194.962    14196.405    14322.564
 98  K3Pu+R4       7071.402     28  14198.804    14200.476    14336.221
 99  K3Pu+R5       Skipped 
100  K3Pu+R6       Skipped 
101  K3Pu+R7       Skipped 
102  K3Pu+R8       Skipped 
103  K3Pu+R9       Skipped 
104  K3Pu+R10      Skipped 
105  TPM2          7410.675     22  14865.350    14866.386    14973.321
106  TPM2+I        7164.172     23  14374.343    14375.474    14487.221
107  TPM2+G4       7078.887     23  14203.775    14204.906    14316.653
108  TPM2+I+G4     7079.031     24  14206.062    14207.293    14323.848
109  TPM2+R2       7087.378     24  14222.755    14223.986    14340.542
110  TPM2+R3       7078.808     26  14209.616    14211.059    14337.217
111  TPM2+R4       7078.767     28  14213.533    14215.206    14350.950
112  TPM2+R5       Skipped 
113  TPM2+R6       Skipped 
114  TPM2+R7       Skipped 
115  TPM2+R8       Skipped 
116  TPM2+R9       Skipped 
117  TPM2+R10      Skipped 
118  TPM2u         7410.714     22  14865.428    14866.464    14973.399
119  TPM2u+I       7164.153     23  14374.306    14375.438    14487.185
120  TPM2u+G4      7078.882     23  14203.763    14204.894    14316.642
121  TPM2u+I+G4    7079.031     24  14206.062    14207.292    14323.848
122  TPM2u+R2      7087.568     24  14223.135    14224.366    14340.921
123  TPM2u+R3      7078.805     26  14209.611    14211.054    14337.213
124  TPM2u+R4      7078.764     28  14213.528    14215.200    14350.945
125  TPM2u+R5      Skipped 
126  TPM2u+R6      Skipped 
127  TPM2u+R7      Skipped 
128  TPM2u+R8      Skipped 
129  TPM2u+R9      Skipped 
130  TPM2u+R10     Skipped 
131  TPM3          7400.772     22  14845.543    14846.579    14953.514
132  TPM3+I        7158.066     23  14362.132    14363.264    14475.011
133  TPM3+G4       7067.784     23  14181.567    14182.698    14294.446
134  TPM3+I+G4     7067.993     24  14183.987    14185.217    14301.773
135  TPM3+R2       7079.426     24  14206.853    14208.083    14324.639
136  TPM3+R3       7067.498     26  14186.997    14188.440    14314.599
137  TPM3+R4       7067.419     28  14190.838    14192.510    14328.255
138  TPM3+R5       Skipped 
139  TPM3+R6       Skipped 
140  TPM3+R7       Skipped 
141  TPM3+R8       Skipped 
142  TPM3+R9       Skipped 
143  TPM3+R10      Skipped 
144  TPM3u         7400.775     22  14845.551    14846.587    14953.521
145  TPM3u+I       7158.068     23  14362.136    14363.267    14475.014
146  TPM3u+G4      7067.934     23  14181.869    14183.000    14294.747
147  TPM3u+I+G4    7067.977     24  14183.954    14185.185    14301.740
148  TPM3u+R2      7079.424     24  14206.849    14208.080    14324.635
149  TPM3u+R3      7067.447     26  14186.894    14188.337    14314.496
150  TPM3u+R4      7067.417     28  14190.833    14192.506    14328.251
151  TPM3u+R5      Skipped 
152  TPM3u+R6      Skipped 
153  TPM3u+R7      Skipped 
154  TPM3u+R8      Skipped 
155  TPM3u+R9      Skipped 
156  TPM3u+R10     Skipped 
157  TIMe          7511.839     20  15063.679    15064.537    15161.834
158  TIMe+I        7271.215     21  14584.429    14585.374    14687.492
159  TIMe+G4       7186.301     21  14414.601    14415.546    14517.664
160  TIMe+I+G4     7186.577     22  14417.153    14418.189    14525.124
161  TIMe+R2       7192.343     22  14428.685    14429.721    14536.656
162  TIMe+R3       7185.452     24  14418.904    14420.135    14536.690
163  TIMe+R4       Skipped 
164  TIMe+R5       Skipped 
165  TIMe+R6       Skipped 
166  TIMe+R7       Skipped 
167  TIMe+R8       Skipped 
168  TIMe+R9       Skipped 
169  TIMe+R10      Skipped 
170  TIM           7403.605     23  14853.209    14854.340    14966.088
171  TIM+I         7157.957     24  14363.913    14365.144    14481.699
172  TIM+G4        7071.149     24  14190.297    14191.528    14308.083
173  TIM+I+G4      7071.103     25  14192.205    14193.540    14314.899
174  TIM+R2        7081.133     25  14212.266    14213.601    14334.960
175  TIM+R3        7071.308     27  14196.617    14198.172    14329.126
176  TIM+R4        7071.198     29  14200.396    14202.190    14342.721
177  TIM+R5        Skipped 
178  TIM+R6        Skipped 
179  TIM+R7        Skipped 
180  TIM+R8        Skipped 
181  TIM+R9        Skipped 
182  TIM+R10       Skipped 
183  TIM2e         7502.144     20  15044.287    15045.145    15142.442
184  TIM2e+I       7261.246     21  14564.492    14565.437    14667.555
185  TIM2e+G4      7167.371     21  14376.741    14377.686    14479.804
186  TIM2e+I+G4    7167.764     22  14379.528    14380.563    14487.498
187  TIM2e+R2      7175.425     22  14394.849    14395.885    14502.820
188  TIM2e+R3      7165.899     24  14379.799    14381.030    14497.585
189  TIM2e+R4      7165.878     26  14383.757    14385.200    14511.358
190  TIM2e+R5      Skipped 
191  TIM2e+R6      Skipped 
192  TIM2e+R7      Skipped 
193  TIM2e+R8      Skipped 
194  TIM2e+R9      Skipped 
195  TIM2e+R10     Skipped 
196  TIM2          7410.653     23  14867.306    14868.437    14980.184
197  TIM2+I        7164.064     24  14376.128    14377.358    14493.914
198  TIM2+G4       7078.879     24  14205.759    14206.990    14323.545
199  TIM2+I+G4     7078.887     25  14207.774    14209.109    14330.468
200  TIM2+R2       7087.336     25  14224.673    14226.008    14347.367
201  TIM2+R3       7078.864     27  14211.727    14213.283    14344.237
202  TIM2+R4       7078.671     29  14215.342    14217.135    14357.666
203  TIM2+R5       Skipped 
204  TIM2+R6       Skipped 
205  TIM2+R7       Skipped 
206  TIM2+R8       Skipped 
207  TIM2+R9       Skipped 
208  TIM2+R10      Skipped 
209  TIM3e         7511.166     20  15062.331    15063.189    15160.486
210  TIM3e+I       7272.220     21  14586.441    14587.386    14689.504
211  TIM3e+G4      7186.430     21  14414.860    14415.804    14517.922
212  TIM3e+I+G4    7186.681     22  14417.362    14418.398    14525.333
213  TIM3e+R2      7193.141     22  14430.283    14431.319    14538.253
214  TIM3e+R3      7185.523     24  14419.045    14420.276    14536.831
215  TIM3e+R4      7185.510     26  14423.020    14424.463    14550.622
216  TIM3e+R5      Skipped 
217  TIM3e+R6      Skipped 
218  TIM3e+R7      Skipped 
219  TIM3e+R8      Skipped 
220  TIM3e+R9      Skipped 
221  TIM3e+R10     Skipped 
222  TIM3          7400.711     23  14847.422    14848.554    14960.301
223  TIM3+I        7157.995     24  14363.989    14365.220    14481.776
224  TIM3+G4       7067.897     24  14183.794    14185.024    14301.580
225  TIM3+I+G4     7068.034     25  14186.067    14187.402    14308.761
226  TIM3+R2       7079.423     25  14208.845    14210.180    14331.539
227  TIM3+R3       7067.373     27  14188.746    14190.302    14321.256
228  TIM3+R4       7067.343     29  14192.686    14194.480    14335.011
229  TIM3+R5       Skipped 
230  TIM3+R6       Skipped 
231  TIM3+R7       Skipped 
232  TIM3+R8       Skipped 
233  TIM3+R9       Skipped 
234  TIM3+R10      Skipped 
235  TVMe          7498.670     21  15039.340    15040.285    15142.403
236  TVMe+I        7257.977     22  14559.955    14560.991    14667.925
237  TVMe+G4       7167.111     22  14378.222    14379.258    14486.193
238  TVMe+I+G4     7167.437     23  14380.875    14382.006    14493.753
239  TVMe+R2       7173.834     23  14393.669    14394.800    14506.547
240  TVMe+R3       7166.015     25  14382.031    14383.365    14504.724
241  TVMe+R4       7165.999     27  14385.998    14387.554    14518.508
242  TVMe+R5       Skipped 
243  TVMe+R6       Skipped 
244  TVMe+R7       Skipped 
245  TVMe+R8       Skipped 
246  TVMe+R9       Skipped 
247  TVMe+R10      Skipped 
248  TVM           7396.672     24  14841.343    14842.574    14959.130
249  TVM+I         7153.226     25  14356.452    14357.787    14479.146
250  TVM+G4        7063.811     25  14177.622    14178.957    14300.316
251  TVM+I+G4      7063.953     26  14179.905    14181.348    14307.507
252  TVM+R2        7074.336     26  14200.672    14202.115    14328.273
253  TVM+R3        7063.649     28  14183.298    14184.971    14320.715
254  TVM+R4        7063.610     30  14187.220    14189.139    14334.452
255  TVM+R5        Skipped 
256  TVM+R6        Skipped 
257  TVM+R7        Skipped 
258  TVM+R8        Skipped 
259  TVM+R9        Skipped 
260  TVM+R10       Skipped 
261  SYM           7496.837     22  15037.675    15038.711    15145.645
262  SYM+I         7256.129     23  14558.258    14559.389    14671.136
263  SYM+G4        7160.443     23  14366.886    14368.018    14479.765
264  SYM+I+G4      7160.767     24  14369.533    14370.764    14487.319
265  SYM+R2        7168.954     24  14385.908    14387.139    14503.695
266  SYM+R3        7158.963     26  14369.927    14371.369    14497.528
267  SYM+R4        7158.948     28  14373.896    14375.568    14511.313
268  SYM+R5        Skipped 
269  SYM+R6        Skipped 
270  SYM+R7        Skipped 
271  SYM+R8        Skipped 
272  SYM+R9        Skipped 
273  SYM+R10       Skipped 
274  GTR           7396.519     25  14843.038    14844.372    14965.731
275  GTR+I         7153.120     26  14358.239    14359.682    14485.841
276  GTR+G4        7063.946     26  14179.891    14181.334    14307.493
277  GTR+I+G4      7063.887     27  14181.774    14183.330    14314.284
278  GTR+R2        7074.308     27  14202.616    14204.172    14335.125
279  GTR+R3        7063.521     29  14185.042    14186.836    14327.367
280  GTR+R4        7063.511     31  14189.021    14191.071    14341.162
281  GTR+R5        Skipped 
282  GTR+R6        Skipped 
283  GTR+R7        Skipped 
284  GTR+R8        Skipped 
285  GTR+R9        Skipped 
286  GTR+R10       Skipped 
Akaike Information Criterion:           TVM+G4
Corrected Akaike Information Criterion: TVM+G4
Bayesian Information Criterion:         TPM3+G4
Best-fit model: TPM3+G4 chosen according to BIC

All model information printed to ./results/gene15.phy.model
CPU time for ModelFinder: 12.602 seconds (0h:0m:12s)
Wall-clock time for ModelFinder: 17.131 seconds (0h:0m:17s)
Generating 1000 samples for ultrafast bootstrap (seed: 515376)...

NOTE: 2 MB RAM (0 GB) is required!
Estimate model parameters (epsilon = 0.100)
1. Initial log-likelihood: -7335.083
2. Current log-likelihood: -7118.100
3. Current log-likelihood: -7068.930
4. Current log-likelihood: -7068.574
Optimal log-likelihood: -7068.568
Rate parameters:  A-C: 2.022  A-G: 5.928  A-T: 1.000  C-G: 2.022  C-T: 5.928  G-T: 1.000
Base frequencies:   A: 0.383  C: 0.190  G: 0.189  T: 0.238
Gamma shape alpha: 0.548
Parameters optimization took 4 rounds (0.079 sec)
Computing ML distances based on estimated model parameters... 0.002 sec
Computing BIONJ tree...
0.000 seconds
Log-likelihood of BIONJ tree: -7067.877
--------------------------------------------------------------------
|             INITIALIZING CANDIDATE TREE SET                      |
--------------------------------------------------------------------
Generating 98 parsimony trees... 0.129 second
Computing log-likelihood of 94 initial trees ... 0.953 seconds
Current best score: -7067.802

Do NNI search on 20 best initial trees
Estimate model parameters (epsilon = 0.100)
BETTER TREE FOUND at iteration 1: -7063.310
UPDATE BEST LOG-LIKELIHOOD: -7063.309
Iteration 10 / LogL: -7063.310 / Time: 0h:0m:20s
Iteration 20 / LogL: -7066.527 / Time: 0h:0m:20s
Finish initializing candidate tree set (8)
Current best tree score: -7063.309 / CPU time: 3.734
Number of iterations: 20
--------------------------------------------------------------------
|               OPTIMIZING CANDIDATE TREE SET                      |
--------------------------------------------------------------------
Iteration 30 / LogL: -7063.310 / Time: 0h:0m:21s (0h:0m:11s left)
Iteration 40 / LogL: -7065.224 / Time: 0h:0m:22s (0h:0m:8s left)
UPDATE BEST LOG-LIKELIHOOD: -7063.309
Iteration 50 / LogL: -7064.967 / Time: 0h:0m:23s (0h:0m:6s left)
Log-likelihood cutoff on original alignment: -7071.031
Iteration 60 / LogL: -7064.967 / Time: 0h:0m:23s (0h:0m:4s left)
UPDATE BEST LOG-LIKELIHOOD: -7063.309
Iteration 70 / LogL: -7064.982 / Time: 0h:0m:24s (0h:0m:3s left)
Iteration 80 / LogL: -7064.472 / Time: 0h:0m:24s (0h:0m:1s left)
Iteration 90 / LogL: -7064.980 / Time: 0h:0m:25s (0h:0m:0s left)
UPDATE BEST LOG-LIKELIHOOD: -7063.309
UPDATE BEST LOG-LIKELIHOOD: -7063.309
Iteration 100 / LogL: -7064.969 / Time: 0h:0m:26s (0h:0m:0s left)
Log-likelihood cutoff on original alignment: -7071.031
NOTE: Bootstrap correlation coefficient of split occurrence frequencies: 0.984
NOTE: UFBoot does not converge, continue at least 100 more iterations
Iteration 110 / LogL: -7064.967 / Time: 0h:0m:26s (0h:0m:8s left)
Iteration 120 / LogL: -7064.558 / Time: 0h:0m:27s (0h:0m:6s left)
UPDATE BEST LOG-LIKELIHOOD: -7063.309
Iteration 130 / LogL: -7063.310 / Time: 0h:0m:27s (0h:0m:5s left)
Iteration 140 / LogL: -7064.969 / Time: 0h:0m:28s (0h:0m:4s left)
Iteration 150 / LogL: -7063.310 / Time: 0h:0m:28s (0h:0m:3s left)
Log-likelihood cutoff on original alignment: -7071.543
Iteration 160 / LogL: -7064.967 / Time: 0h:0m:29s (0h:0m:3s left)
Iteration 170 / LogL: -7064.486 / Time: 0h:0m:29s (0h:0m:2s left)
UPDATE BEST LOG-LIKELIHOOD: -7063.309
Iteration 180 / LogL: -7063.314 / Time: 0h:0m:30s (0h:0m:1s left)
Iteration 190 / LogL: -7065.339 / Time: 0h:0m:31s (0h:0m:0s left)
Iteration 200 / LogL: -7063.309 / Time: 0h:0m:31s (0h:0m:0s left)
Log-likelihood cutoff on original alignment: -7071.543
NOTE: Bootstrap correlation coefficient of split occurrence frequencies: 0.994
TREE SEARCH COMPLETED AFTER 200 ITERATIONS / Time: 0h:0m:31s

--------------------------------------------------------------------
|                    FINALIZING TREE SEARCH                        |
--------------------------------------------------------------------
Performs final model parameters optimization
Estimate model parameters (epsilon = 0.010)
1. Initial log-likelihood: -7063.309
Optimal log-likelihood: -7063.306
Rate parameters:  A-C: 2.074  A-G: 5.878  A-T: 1.000  C-G: 2.074  C-T: 5.878  G-T: 1.000
Base frequencies:   A: 0.383  C: 0.190  G: 0.189  T: 0.238
Gamma shape alpha: 0.549
Parameters optimization took 1 rounds (0.012 sec)
BEST SCORE FOUND : -7063.306
Creating bootstrap support values...
Split supports printed to NEXUS file ./results/gene15.phy.splits.nex
Total tree length: 2.980

Total number of iterations: 200
CPU time used for tree search: 9.304 sec (0h:0m:9s)
Wall-clock time used for tree search: 14.529 sec (0h:0m:14s)
Total CPU time used: 22.031 sec (0h:0m:22s)
Total wall-clock time used: 31.855 sec (0h:0m:31s)

Computing bootstrap consensus tree...
Reading input file ./results/gene15.phy.splits.nex...
10 taxa and 164 splits.
Consensus tree written to ./results/gene15.phy.contree
Reading input trees file ./results/gene15.phy.contree
Log-likelihood of consensus tree: -7064.992

Analysis results written to: 
  IQ-TREE report:                ./results/gene15.phy.iqtree
  Maximum-likelihood tree:       ./results/gene15.phy.treefile
  Likelihood distances:          ./results/gene15.phy.mldist

Ultrafast bootstrap approximation results written to:
  Split support values:          ./results/gene15.phy.splits.nex
  Consensus tree:                ./results/gene15.phy.contree
  Screen log file:               ./results/gene15.phy.log

Date and Time: Tue Aug 22 18:20:41 2017
