IQ-TREE multicore version 1.5.4 for Linux 64-bit built Apr  2 2017
Copyright (c) 2011-2017 by Bui Quang Minh, Nguyen Lam Tung,
Olga Chernomor, Heiko Schmidt, and Arndt von Haeseler.

Host:    hpc-crick (AVX, 251 GB RAM)
Command: iqtree -s ./results/gene8.phy -nt 1 -bb 1000
Seed:    779480 (Using SPRNG - Scalable Parallel Random Number Generator)
Time:    Tue Aug 22 17:19:09 2017
Kernel:  AVX - 1 threads (40 CPU cores detected)

Reading alignment file ./results/gene8.phy ... Phylip format detected
Alignment most likely contains DNA/RNA sequences
Alignment has 10 sequences with 1000 columns and 505 patterns (348 informative sites, 383 constant sites)
   Gap/Ambiguity  Composition  p-value
   1  A    0.00%    passed     49.87%
   2  B    0.00%    passed     88.87%
   3  C    0.00%    passed     68.37%
   4  D    0.00%    passed     94.57%
   5  E    0.00%    passed     69.55%
   6  F    0.00%    passed     91.80%
   7  G    0.00%    passed     88.98%
   8  H    0.00%    passed     72.51%
   9  I    0.00%    passed     85.00%
  10  J    0.00%    passed     66.44%
****  TOTAL    0.00%  0 sequences failed composition chi2 test (p-value<5%; df=3)

Create initial parsimony tree by phylogenetic likelihood library (PLL)... 0.010 seconds

NOTE: ModelFinder requires 3 MB RAM!
ModelFinder will test 286 DNA models (sample size: 1000) ...
 No. Model         -LnL         df  AIC          AICc         BIC
  1  JC            7886.174     17  15806.347    15806.970    15889.779
  2  JC+I          7593.478     18  15222.957    15223.654    15311.296
  3  JC+G4         7521.486     18  15078.972    15079.669    15167.312
  4  JC+I+G4       7521.691     19  15081.382    15082.158    15174.629
  5  JC+R2         7524.248     19  15086.496    15087.271    15179.743
  6  JC+R3         7520.118     21  15082.236    15083.180    15185.298
  7  JC+R4         Skipped 
  8  JC+R5         Skipped 
  9  JC+R6         Skipped 
 10  JC+R7         Skipped 
 11  JC+R8         Skipped 
 12  JC+R9         Skipped 
 13  JC+R10        Skipped 
 14  F81           7783.766     20  15607.532    15608.390    15705.688
 15  F81+I         7491.053     21  15024.107    15025.052    15127.170
 16  F81+G4        7416.958     21  14875.917    14876.861    14978.980
 17  F81+I+G4      7416.814     22  14877.628    14878.664    14985.599
 18  F81+R2        7422.226     22  14888.451    14889.487    14996.422
 19  F81+R3        7415.884     24  14879.768    14880.999    14997.554
 20  F81+R4        Skipped 
 21  F81+R5        Skipped 
 22  F81+R6        Skipped 
 23  F81+R7        Skipped 
 24  F81+R8        Skipped 
 25  F81+R9        Skipped 
 26  F81+R10       Skipped 
 27  K2P           7724.138     18  15484.276    15484.973    15572.615
 28  K2P+I         7418.331     19  14874.661    14875.437    14967.909
 29  K2P+G4        7336.891     19  14711.783    14712.558    14805.030
 30  K2P+I+G4      7337.423     20  14714.845    14715.703    14813.000
 31  K2P+R2        7338.891     20  14717.782    14718.640    14815.937
 32  K2P+R3        7335.225     22  14714.450    14715.486    14822.420
 33  K2P+R4        Skipped 
 34  K2P+R5        Skipped 
 35  K2P+R6        Skipped 
 36  K2P+R7        Skipped 
 37  K2P+R8        Skipped 
 38  K2P+R9        Skipped 
 39  K2P+R10       Skipped 
 40  HKY           7630.217     21  15302.433    15303.378    15405.496
 41  HKY+I         7313.665     22  14671.329    14672.365    14779.300
 42  HKY+G4        7229.896     22  14503.793    14504.828    14611.763
 43  HKY+I+G4      7229.582     23  14505.164    14506.295    14618.042
 44  HKY+R2        7233.576     23  14513.153    14514.284    14626.031
 45  HKY+R3        7227.702     25  14505.404    14506.738    14628.098
 46  HKY+R4        Skipped 
 47  HKY+R5        Skipped 
 48  HKY+R6        Skipped 
 49  HKY+R7        Skipped 
 50  HKY+R8        Skipped 
 51  HKY+R9        Skipped 
 52  HKY+R10       Skipped 
 53  TNe           7723.484     19  15484.968    15485.743    15578.215
 54  TNe+I         7418.303     20  14876.605    14877.463    14974.760
 55  TNe+G4        7335.860     20  14711.720    14712.578    14809.875
 56  TNe+I+G4      7336.370     21  14714.741    14715.685    14817.803
 57  TNe+R2        7337.932     21  14717.864    14718.809    14820.927
 58  TNe+R3        7334.171     23  14714.343    14715.474    14827.221
 59  TNe+R4        Skipped 
 60  TNe+R5        Skipped 
 61  TNe+R6        Skipped 
 62  TNe+R7        Skipped 
 63  TNe+R8        Skipped 
 64  TNe+R9        Skipped 
 65  TNe+R10       Skipped 
 66  TN            7616.379     22  15276.757    15277.793    15384.728
 67  TN+I          7308.766     23  14663.532    14664.664    14776.411
 68  TN+G4         7226.379     23  14498.758    14499.889    14611.636
 69  TN+I+G4       7225.950     24  14499.901    14501.131    14617.687
 70  TN+R2         7230.981     24  14509.963    14511.194    14627.749
 71  TN+R3         7224.750     26  14501.500    14502.943    14629.102
 72  TN+R4         Skipped 
 73  TN+R5         Skipped 
 74  TN+R6         Skipped 
 75  TN+R7         Skipped 
 76  TN+R8         Skipped 
 77  TN+R9         Skipped 
 78  TN+R10        Skipped 
 79  K3P           7722.469     19  15482.939    15483.714    15576.186
 80  K3P+I         7416.571     20  14873.143    14874.001    14971.298
 81  K3P+G4        7335.400     20  14710.800    14711.658    14808.955
 82  K3P+I+G4      7335.852     21  14713.705    14714.649    14816.767
 83  K3P+R2        7336.903     21  14715.805    14716.750    14818.868
 84  K3P+R3        7333.511     23  14713.022    14714.153    14825.900
 85  K3P+R4        Skipped 
 86  K3P+R5        Skipped 
 87  K3P+R6        Skipped 
 88  K3P+R7        Skipped 
 89  K3P+R8        Skipped 
 90  K3P+R9        Skipped 
 91  K3P+R10       Skipped 
 92  K3Pu          7625.585     22  15295.171    15296.207    15403.141
 93  K3Pu+I        7309.720     23  14665.439    14666.570    14778.318
 94  K3Pu+G4       7227.039     23  14500.078    14501.210    14612.957
 95  K3Pu+I+G4     7226.637     24  14501.273    14502.504    14619.060
 96  K3Pu+R2       7229.892     24  14507.784    14509.014    14625.570
 97  K3Pu+R3       7224.545     26  14501.089    14502.532    14628.691
 98  K3Pu+R4       Skipped 
 99  K3Pu+R5       Skipped 
100  K3Pu+R6       Skipped 
101  K3Pu+R7       Skipped 
102  K3Pu+R8       Skipped 
103  K3Pu+R9       Skipped 
104  K3Pu+R10      Skipped 
105  TPM2          7626.614     22  15297.228    15298.264    15405.198
106  TPM2+I        7311.799     23  14669.598    14670.729    14782.476
107  TPM2+G4       7229.607     23  14505.214    14506.345    14618.092
108  TPM2+I+G4     7229.380     24  14506.759    14507.990    14624.545
109  TPM2+R2       7232.774     24  14513.547    14514.778    14631.333
110  TPM2+R3       7227.384     26  14506.767    14508.210    14634.369
111  TPM2+R4       Skipped 
112  TPM2+R5       Skipped 
113  TPM2+R6       Skipped 
114  TPM2+R7       Skipped 
115  TPM2+R8       Skipped 
116  TPM2+R9       Skipped 
117  TPM2+R10      Skipped 
118  TPM2u         7626.592     22  15297.185    15298.220    15405.155
119  TPM2u+I       7311.796     23  14669.593    14670.724    14782.471
120  TPM2u+G4      7229.602     23  14505.205    14506.336    14618.083
121  TPM2u+I+G4    7229.378     24  14506.756    14507.987    14624.542
122  TPM2u+R2      7232.775     24  14513.551    14514.781    14631.337
123  TPM2u+R3      7227.374     26  14506.749    14508.192    14634.350
124  TPM2u+R4      Skipped 
125  TPM2u+R5      Skipped 
126  TPM2u+R6      Skipped 
127  TPM2u+R7      Skipped 
128  TPM2u+R8      Skipped 
129  TPM2u+R9      Skipped 
130  TPM2u+R10     Skipped 
131  TPM3          7606.418     22  15256.837    15257.873    15364.807
132  TPM3+I        7299.627     23  14645.254    14646.385    14758.133
133  TPM3+G4       7221.216     23  14488.432    14489.563    14601.311
134  TPM3+I+G4     7220.403     24  14488.806    14490.037    14606.592
135  TPM3+R2       7223.582     24  14495.164    14496.395    14612.950
136  TPM3+R3       7218.361     26  14488.722    14490.165    14616.324
137  TPM3+R4       Skipped 
138  TPM3+R5       Skipped 
139  TPM3+R6       Skipped 
140  TPM3+R7       Skipped 
141  TPM3+R8       Skipped 
142  TPM3+R9       Skipped 
143  TPM3+R10      Skipped 
144  TPM3u         7606.359     22  15256.718    15257.754    15364.689
145  TPM3u+I       7299.629     23  14645.257    14646.388    14758.136
146  TPM3u+G4      7221.236     23  14488.473    14489.604    14601.351
147  TPM3u+I+G4    7220.397     24  14488.794    14490.025    14606.580
148  TPM3u+R2      7223.575     24  14495.149    14496.380    14612.935
149  TPM3u+R3      7218.367     26  14488.733    14490.176    14616.335
150  TPM3u+R4      Skipped 
151  TPM3u+R5      Skipped 
152  TPM3u+R6      Skipped 
153  TPM3u+R7      Skipped 
154  TPM3u+R8      Skipped 
155  TPM3u+R9      Skipped 
156  TPM3u+R10     Skipped 
157  TIMe          7721.814     20  15483.628    15484.486    15581.783
158  TIMe+I        7416.544     21  14875.088    14876.033    14978.151
159  TIMe+G4       7334.361     21  14710.723    14711.668    14813.786
160  TIMe+I+G4     7334.814     22  14713.627    14714.663    14821.598
161  TIMe+R2       7335.930     22  14715.859    14716.895    14823.830
162  TIMe+R3       7332.447     24  14712.894    14714.125    14830.680
163  TIMe+R4       Skipped 
164  TIMe+R5       Skipped 
165  TIMe+R6       Skipped 
166  TIMe+R7       Skipped 
167  TIMe+R8       Skipped 
168  TIMe+R9       Skipped 
169  TIMe+R10      Skipped 
170  TIM           7611.491     23  15268.983    15270.114    15381.861
171  TIM+I         7304.910     24  14657.820    14659.051    14775.606
172  TIM+G4        7223.895     24  14495.789    14497.020    14613.575
173  TIM+I+G4      7223.354     25  14496.708    14498.043    14619.402
174  TIM+R2        7227.652     25  14505.303    14506.638    14627.997
175  TIM+R3        7221.998     27  14497.996    14499.552    14630.506
176  TIM+R4        Skipped 
177  TIM+R5        Skipped 
178  TIM+R6        Skipped 
179  TIM+R7        Skipped 
180  TIM+R8        Skipped 
181  TIM+R9        Skipped 
182  TIM+R10       Skipped 
183  TIM2e         7706.638     20  15453.276    15454.134    15551.431
184  TIM2e+I       7402.720     21  14847.440    14848.385    14950.503
185  TIM2e+G4      7315.954     21  14673.908    14674.852    14776.970
186  TIM2e+I+G4    7316.472     22  14676.945    14677.980    14784.915
187  TIM2e+R2      7317.915     22  14679.829    14680.865    14787.800
188  TIM2e+R3      7314.222     24  14676.444    14677.674    14794.230
189  TIM2e+R4      Skipped 
190  TIM2e+R5      Skipped 
191  TIM2e+R6      Skipped 
192  TIM2e+R7      Skipped 
193  TIM2e+R8      Skipped 
194  TIM2e+R9      Skipped 
195  TIM2e+R10     Skipped 
196  TIM2          7612.149     23  15270.299    15271.430    15383.177
197  TIM2+I        7306.723     24  14661.445    14662.676    14779.232
198  TIM2+G4       7225.779     24  14499.558    14500.789    14617.344
199  TIM2+I+G4     7225.406     25  14500.811    14502.146    14623.505
200  TIM2+R2       7229.883     25  14509.767    14511.101    14632.460
201  TIM2+R3       7224.166     27  14502.332    14503.887    14634.841
202  TIM2+R4       Skipped 
203  TIM2+R5       Skipped 
204  TIM2+R6       Skipped 
205  TIM2+R7       Skipped 
206  TIM2+R8       Skipped 
207  TIM2+R9       Skipped 
208  TIM2+R10      Skipped 
209  TIM3e         7715.000     20  15470.000    15470.858    15568.156
210  TIM3e+I       7412.530     21  14867.060    14868.005    14970.123
211  TIM3e+G4      7332.723     21  14707.446    14708.390    14810.509
212  TIM3e+I+G4    7332.994     22  14709.987    14711.023    14817.958
213  TIM3e+R2      7334.092     22  14712.184    14713.219    14820.154
214  TIM3e+R3      7330.692     24  14709.384    14710.615    14827.170
215  TIM3e+R4      Skipped 
216  TIM3e+R5      Skipped 
217  TIM3e+R6      Skipped 
218  TIM3e+R7      Skipped 
219  TIM3e+R8      Skipped 
220  TIM3e+R9      Skipped 
221  TIM3e+R10     Skipped 
222  TIM3          7590.831     23  15227.662    15228.793    15340.540
223  TIM3+I        7295.115     24  14638.229    14639.460    14756.015
224  TIM3+G4       7217.623     24  14483.247    14484.478    14601.033
225  TIM3+I+G4     7216.657     25  14483.315    14484.649    14606.009
226  TIM3+R2       7221.365     25  14492.730    14494.065    14615.424
227  TIM3+R3       7215.629     27  14485.257    14486.813    14617.767
228  TIM3+R4       Skipped 
229  TIM3+R5       Skipped 
230  TIM3+R6       Skipped 
231  TIM3+R7       Skipped 
232  TIM3+R8       Skipped 
233  TIM3+R9       Skipped 
234  TIM3+R10      Skipped 
235  TVMe          7699.234     21  15440.469    15441.414    15543.532
236  TVMe+I        7396.907     22  14837.814    14838.850    14945.785
237  TVMe+G4       7313.482     22  14670.964    14672.000    14778.935
238  TVMe+I+G4     7313.844     23  14673.687    14674.818    14786.566
239  TVMe+R2       7314.292     23  14674.584    14675.715    14787.462
240  TVMe+R3       7311.360     25  14672.720    14674.055    14795.414
241  TVMe+R4       Skipped 
242  TVMe+R5       Skipped 
243  TVMe+R6       Skipped 
244  TVMe+R7       Skipped 
245  TVMe+R8       Skipped 
246  TVMe+R9       Skipped 
247  TVMe+R10      Skipped 
248  TVM           7602.395     24  15252.789    15254.020    15370.575
249  TVM+I         7297.457     25  14644.913    14646.248    14767.607
250  TVM+G4        7220.089     25  14490.177    14491.512    14612.871
251  TVM+I+G4      7219.352     26  14490.703    14492.146    14618.305
252  TVM+R2        7221.811     26  14495.623    14497.066    14623.224
253  TVM+R3        7217.202     28  14490.403    14492.076    14627.820
254  TVM+R4        Skipped 
255  TVM+R5        Skipped 
256  TVM+R6        Skipped 
257  TVM+R7        Skipped 
258  TVM+R8        Skipped 
259  TVM+R9        Skipped 
260  TVM+R10       Skipped 
261  SYM           7698.479     22  15440.957    15441.993    15548.928
262  SYM+I         7396.896     23  14839.792    14840.924    14952.671
263  SYM+G4        7311.936     23  14669.872    14671.004    14782.751
264  SYM+I+G4      7312.332     24  14672.664    14673.895    14790.450
265  SYM+R2        7312.857     24  14673.714    14674.945    14791.500
266  SYM+R3        7309.776     26  14671.552    14672.995    14799.154
267  SYM+R4        Skipped 
268  SYM+R5        Skipped 
269  SYM+R6        Skipped 
270  SYM+R7        Skipped 
271  SYM+R8        Skipped 
272  SYM+R9        Skipped 
273  SYM+R10       Skipped 
274  GTR           7586.234     25  15222.469    15223.804    15345.163
275  GTR+I         7292.566     26  14637.131    14638.574    14764.733
276  GTR+G4        7216.084     26  14484.169    14485.612    14611.770
277  GTR+I+G4      7215.255     27  14484.510    14486.066    14617.020
278  GTR+R2        7219.409     27  14492.817    14494.373    14625.327
279  GTR+R3        7214.299     29  14486.599    14488.393    14628.924
280  GTR+R4        Skipped 
281  GTR+R5        Skipped 
282  GTR+R6        Skipped 
283  GTR+R7        Skipped 
284  GTR+R8        Skipped 
285  GTR+R9        Skipped 
286  GTR+R10       Skipped 
Akaike Information Criterion:           TIM3+G4
Corrected Akaike Information Criterion: TIM3+G4
Bayesian Information Criterion:         TIM3+G4
Best-fit model: TIM3+G4 chosen according to BIC

All model information printed to ./results/gene8.phy.model
CPU time for ModelFinder: 4.777 seconds (0h:0m:4s)
Wall-clock time for ModelFinder: 5.269 seconds (0h:0m:5s)
Generating 1000 samples for ultrafast bootstrap (seed: 779480)...

NOTE: 2 MB RAM (0 GB) is required!
Estimate model parameters (epsilon = 0.100)
1. Initial log-likelihood: -7465.149
2. Current log-likelihood: -7223.507
3. Current log-likelihood: -7218.458
4. Current log-likelihood: -7218.261
Optimal log-likelihood: -7218.173
Rate parameters:  A-C: 2.067  A-G: 4.182  A-T: 1.000  C-G: 2.067  C-T: 6.653  G-T: 1.000
Base frequencies:   A: 0.400  C: 0.161  G: 0.218  T: 0.221
Gamma shape alpha: 0.535
Parameters optimization took 4 rounds (0.056 sec)
Computing ML distances based on estimated model parameters... 0.001 sec
Computing BIONJ tree...
0.000 seconds
Log-likelihood of BIONJ tree: -7220.014
--------------------------------------------------------------------
|             INITIALIZING CANDIDATE TREE SET                      |
--------------------------------------------------------------------
Generating 98 parsimony trees... 0.064 second
Computing log-likelihood of 98 initial trees ... 0.372 seconds
Current best score: -7218.173

Do NNI search on 20 best initial trees
Estimate model parameters (epsilon = 0.100)
BETTER TREE FOUND at iteration 1: -7218.109
Estimate model parameters (epsilon = 0.100)
BETTER TREE FOUND at iteration 2: -7215.669
BETTER TREE FOUND at iteration 3: -7215.669
Iteration 10 / LogL: -7217.568 / Time: 0h:0m:6s
Iteration 20 / LogL: -7217.568 / Time: 0h:0m:6s
Finish initializing candidate tree set (11)
Current best tree score: -7215.669 / CPU time: 1.585
Number of iterations: 20
--------------------------------------------------------------------
|               OPTIMIZING CANDIDATE TREE SET                      |
--------------------------------------------------------------------
UPDATE BEST LOG-LIKELIHOOD: -7215.669
Iteration 30 / LogL: -7215.678 / Time: 0h:0m:7s (0h:0m:4s left)
UPDATE BEST LOG-LIKELIHOOD: -7215.669
Iteration 40 / LogL: -7215.669 / Time: 0h:0m:7s (0h:0m:3s left)
Iteration 50 / LogL: -7216.197 / Time: 0h:0m:7s (0h:0m:2s left)
Log-likelihood cutoff on original alignment: -7222.673
Iteration 60 / LogL: -7216.197 / Time: 0h:0m:8s (0h:0m:2s left)
Iteration 70 / LogL: -7216.196 / Time: 0h:0m:8s (0h:0m:1s left)
UPDATE BEST LOG-LIKELIHOOD: -7215.669
UPDATE BEST LOG-LIKELIHOOD: -7215.669
Iteration 80 / LogL: -7216.524 / Time: 0h:0m:9s (0h:0m:1s left)
Iteration 90 / LogL: -7216.196 / Time: 0h:0m:9s (0h:0m:0s left)
Iteration 100 / LogL: -7215.669 / Time: 0h:0m:9s (0h:0m:0s left)
Log-likelihood cutoff on original alignment: -7222.673
NOTE: Bootstrap correlation coefficient of split occurrence frequencies: 0.988
NOTE: UFBoot does not converge, continue at least 100 more iterations
Iteration 110 / LogL: -7215.669 / Time: 0h:0m:9s (0h:0m:3s left)
Iteration 120 / LogL: -7215.669 / Time: 0h:0m:10s (0h:0m:3s left)
Iteration 130 / LogL: -7215.669 / Time: 0h:0m:10s (0h:0m:2s left)
Iteration 140 / LogL: -7216.525 / Time: 0h:0m:11s (0h:0m:2s left)
Iteration 150 / LogL: -7216.363 / Time: 0h:0m:11s (0h:0m:2s left)
Log-likelihood cutoff on original alignment: -7222.673
Iteration 160 / LogL: -7215.669 / Time: 0h:0m:11s (0h:0m:1s left)
Iteration 170 / LogL: -7217.384 / Time: 0h:0m:12s (0h:0m:1s left)
Iteration 180 / LogL: -7215.669 / Time: 0h:0m:12s (0h:0m:0s left)
Iteration 190 / LogL: -7215.670 / Time: 0h:0m:13s (0h:0m:0s left)
Iteration 200 / LogL: -7215.669 / Time: 0h:0m:13s (0h:0m:0s left)
Log-likelihood cutoff on original alignment: -7222.673
NOTE: Bootstrap correlation coefficient of split occurrence frequencies: 0.992
TREE SEARCH COMPLETED AFTER 200 ITERATIONS / Time: 0h:0m:13s

--------------------------------------------------------------------
|                    FINALIZING TREE SEARCH                        |
--------------------------------------------------------------------
Performs final model parameters optimization
Estimate model parameters (epsilon = 0.010)
1. Initial log-likelihood: -7215.669
2. Current log-likelihood: -7215.655
3. Current log-likelihood: -7215.642
4. Current log-likelihood: -7215.632
Optimal log-likelihood: -7215.622
Rate parameters:  A-C: 2.099  A-G: 4.221  A-T: 1.000  C-G: 2.099  C-T: 6.788  G-T: 1.000
Base frequencies:   A: 0.400  C: 0.161  G: 0.218  T: 0.221
Gamma shape alpha: 0.526
Parameters optimization took 4 rounds (0.023 sec)
BEST SCORE FOUND : -7215.622
Creating bootstrap support values...
Split supports printed to NEXUS file ./results/gene8.phy.splits.nex
Total tree length: 2.803

Total number of iterations: 200
CPU time used for tree search: 8.111 sec (0h:0m:8s)
Wall-clock time used for tree search: 8.140 sec (0h:0m:8s)
Total CPU time used: 13.024 sec (0h:0m:13s)
Total wall-clock time used: 13.545 sec (0h:0m:13s)

Computing bootstrap consensus tree...
Reading input file ./results/gene8.phy.splits.nex...
10 taxa and 161 splits.
Consensus tree written to ./results/gene8.phy.contree
Reading input trees file ./results/gene8.phy.contree
Log-likelihood of consensus tree: -7215.622

Analysis results written to: 
  IQ-TREE report:                ./results/gene8.phy.iqtree
  Maximum-likelihood tree:       ./results/gene8.phy.treefile
  Likelihood distances:          ./results/gene8.phy.mldist

Ultrafast bootstrap approximation results written to:
  Split support values:          ./results/gene8.phy.splits.nex
  Consensus tree:                ./results/gene8.phy.contree
  Screen log file:               ./results/gene8.phy.log

Date and Time: Tue Aug 22 17:19:23 2017
