IQ-TREE multicore version 1.5.4 for Linux 64-bit built Apr  2 2017
Copyright (c) 2011-2017 by Bui Quang Minh, Nguyen Lam Tung,
Olga Chernomor, Heiko Schmidt, and Arndt von Haeseler.

Host:    hpc-crick (AVX, 251 GB RAM)
Command: iqtree -s ./results/gene5.phy -nt 1 -bb 1000
Seed:    211471 (Using SPRNG - Scalable Parallel Random Number Generator)
Time:    Tue Aug 22 17:21:20 2017
Kernel:  AVX - 1 threads (40 CPU cores detected)

Reading alignment file ./results/gene5.phy ... Phylip format detected
Alignment most likely contains DNA/RNA sequences
Alignment has 10 sequences with 1000 columns and 483 patterns (323 informative sites, 396 constant sites)
   Gap/Ambiguity  Composition  p-value
   1  A    0.00%    passed     66.19%
   2  B    0.00%    passed     90.27%
   3  C    0.00%    passed     75.96%
   4  D    0.00%    passed     98.53%
   5  E    0.00%    passed     98.06%
   6  F    0.00%    passed     48.92%
   7  G    0.00%    passed     98.93%
   8  H    0.00%    passed     58.91%
   9  I    0.00%    passed     81.53%
  10  J    0.00%    passed     55.65%
****  TOTAL    0.00%  0 sequences failed composition chi2 test (p-value<5%; df=3)

Create initial parsimony tree by phylogenetic likelihood library (PLL)... 0.000 seconds

NOTE: ModelFinder requires 3 MB RAM!
ModelFinder will test 286 DNA models (sample size: 1000) ...
 No. Model         -LnL         df  AIC          AICc         BIC
  1  JC            7442.840     17  14919.680    14920.303    15003.112
  2  JC+I          7213.367     18  14462.733    14463.431    14551.073
  3  JC+G4         7170.413     18  14376.825    14377.522    14465.165
  4  JC+I+G4       7169.571     19  14377.142    14377.918    14470.390
  5  JC+R2         7171.680     19  14381.361    14382.136    14474.608
  6  JC+R3         7169.146     21  14380.292    14381.237    14483.355
  7  JC+R4         Skipped 
  8  JC+R5         Skipped 
  9  JC+R6         Skipped 
 10  JC+R7         Skipped 
 11  JC+R8         Skipped 
 12  JC+R9         Skipped 
 13  JC+R10        Skipped 
 14  F81           7340.933     20  14721.866    14722.724    14820.021
 15  F81+I         7105.649     21  14253.298    14254.243    14356.361
 16  F81+G4        7045.781     21  14133.563    14134.508    14236.626
 17  F81+I+G4      7046.010     22  14136.020    14137.056    14243.991
 18  F81+R2        7048.172     22  14140.343    14141.379    14248.314
 19  F81+R3        7045.193     24  14138.387    14139.618    14256.173
 20  F81+R4        Skipped 
 21  F81+R5        Skipped 
 22  F81+R6        Skipped 
 23  F81+R7        Skipped 
 24  F81+R8        Skipped 
 25  F81+R9        Skipped 
 26  F81+R10       Skipped 
 27  K2P           7279.485     18  14594.970    14595.667    14683.310
 28  K2P+I         7037.490     19  14112.979    14113.755    14206.226
 29  K2P+G4        6982.158     19  14002.315    14003.091    14095.563
 30  K2P+I+G4      6981.676     20  14003.352    14004.210    14101.507
 31  K2P+R2        6986.119     20  14012.238    14013.096    14110.393
 32  K2P+R3        6981.606     22  14007.212    14008.248    14115.183
 33  K2P+R4        Skipped 
 34  K2P+R5        Skipped 
 35  K2P+R6        Skipped 
 36  K2P+R7        Skipped 
 37  K2P+R8        Skipped 
 38  K2P+R9        Skipped 
 39  K2P+R10       Skipped 
 40  HKY           7168.099     21  14378.199    14379.143    14481.261
 41  HKY+I         6928.829     22  13901.657    13902.693    14009.628
 42  HKY+G4        6857.009     22  13758.018    13759.054    13865.989
 43  HKY+I+G4      6857.059     23  13760.119    13761.250    13872.997
 44  HKY+R2        6862.353     23  13770.706    13771.837    13883.585
 45  HKY+R3        6856.823     25  13763.645    13764.980    13886.339
 46  HKY+R4        Skipped 
 47  HKY+R5        Skipped 
 48  HKY+R6        Skipped 
 49  HKY+R7        Skipped 
 50  HKY+R8        Skipped 
 51  HKY+R9        Skipped 
 52  HKY+R10       Skipped 
 53  TNe           7269.995     19  14577.990    14578.765    14671.237
 54  TNe+I         7030.441     20  14100.882    14101.740    14199.037
 55  TNe+G4        6976.826     20  13993.652    13994.510    14091.808
 56  TNe+I+G4      6975.956     21  13993.913    13994.858    14096.976
 57  TNe+R2        6982.218     21  14006.436    14007.381    14109.499
 58  TNe+R3        6975.970     23  13997.939    13999.070    14110.818
 59  TNe+R4        Skipped 
 60  TNe+R5        Skipped 
 61  TNe+R6        Skipped 
 62  TNe+R7        Skipped 
 63  TNe+R8        Skipped 
 64  TNe+R9        Skipped 
 65  TNe+R10       Skipped 
 66  TN            7165.082     22  14374.163    14375.199    14482.134
 67  TN+I          6927.717     23  13901.434    13902.565    14014.312
 68  TN+G4         6856.712     23  13759.423    13760.554    13872.302
 69  TN+I+G4       6856.633     24  13761.266    13762.497    13879.052
 70  TN+R2         6862.225     24  13772.450    13773.681    13890.236
 71  TN+R3         6856.287     26  13764.574    13766.017    13892.176
 72  TN+R4         Skipped 
 73  TN+R5         Skipped 
 74  TN+R6         Skipped 
 75  TN+R7         Skipped 
 76  TN+R8         Skipped 
 77  TN+R9         Skipped 
 78  TN+R10        Skipped 
 79  K3P           7274.928     19  14587.856    14588.632    14681.103
 80  K3P+I         7033.494     20  14106.988    14107.846    14205.143
 81  K3P+G4        6977.260     20  13994.520    13995.378    14092.675
 82  K3P+I+G4      6976.824     21  13995.649    13996.594    14098.712
 83  K3P+R2        6981.285     21  14004.570    14005.515    14107.633
 84  K3P+R3        6976.556     23  13999.111    14000.242    14111.990
 85  K3P+R4        Skipped 
 86  K3P+R5        Skipped 
 87  K3P+R6        Skipped 
 88  K3P+R7        Skipped 
 89  K3P+R8        Skipped 
 90  K3P+R9        Skipped 
 91  K3P+R10       Skipped 
 92  K3Pu          7158.214     22  14360.428    14361.463    14468.398
 93  K3Pu+I        6921.927     23  13889.853    13890.985    14002.732
 94  K3Pu+G4       6847.690     23  13741.380    13742.512    13854.259
 95  K3Pu+I+G4     6847.799     24  13743.597    13744.828    13861.383
 96  K3Pu+R2       6853.277     24  13754.553    13755.784    13872.339
 97  K3Pu+R3       6847.220     26  13746.440    13747.883    13874.042
 98  K3Pu+R4       Skipped 
 99  K3Pu+R5       Skipped 
100  K3Pu+R6       Skipped 
101  K3Pu+R7       Skipped 
102  K3Pu+R8       Skipped 
103  K3Pu+R9       Skipped 
104  K3Pu+R10      Skipped 
105  TPM2          7164.752     22  14373.504    14374.540    14481.475
106  TPM2+I        6923.105     23  13892.209    13893.340    14005.088
107  TPM2+G4       6854.931     23  13755.862    13756.993    13868.740
108  TPM2+I+G4     6854.917     24  13757.834    13759.065    13875.620
109  TPM2+R2       6860.441     24  13768.882    13770.113    13886.668
110  TPM2+R3       6854.563     26  13761.125    13762.568    13888.727
111  TPM2+R4       Skipped 
112  TPM2+R5       Skipped 
113  TPM2+R6       Skipped 
114  TPM2+R7       Skipped 
115  TPM2+R8       Skipped 
116  TPM2+R9       Skipped 
117  TPM2+R10      Skipped 
118  TPM2u         7164.730     22  14373.460    14374.496    14481.430
119  TPM2u+I       6923.100     23  13892.200    13893.331    14005.079
120  TPM2u+G4      6854.930     23  13755.860    13756.991    13868.738
121  TPM2u+I+G4    6854.921     24  13757.843    13759.073    13875.629
122  TPM2u+R2      6860.442     24  13768.885    13770.115    13886.671
123  TPM2u+R3      6854.538     26  13761.075    13762.518    13888.677
124  TPM2u+R4      Skipped 
125  TPM2u+R5      Skipped 
126  TPM2u+R6      Skipped 
127  TPM2u+R7      Skipped 
128  TPM2u+R8      Skipped 
129  TPM2u+R9      Skipped 
130  TPM2u+R10     Skipped 
131  TPM3          7154.915     22  14353.830    14354.866    14461.801
132  TPM3+I        6921.732     23  13889.464    13890.595    14002.342
133  TPM3+G4       6844.168     23  13734.336    13735.467    13847.215
134  TPM3+I+G4     6844.401     24  13736.802    13738.033    13854.588
135  TPM3+R2       6850.568     24  13749.136    13750.367    13866.922
136  TPM3+R3       6843.927     26  13739.854    13741.297    13867.456
137  TPM3+R4       Skipped 
138  TPM3+R5       Skipped 
139  TPM3+R6       Skipped 
140  TPM3+R7       Skipped 
141  TPM3+R8       Skipped 
142  TPM3+R9       Skipped 
143  TPM3+R10      Skipped 
144  TPM3u         7154.935     22  14353.870    14354.905    14461.840
145  TPM3u+I       6921.739     23  13889.477    13890.609    14002.356
146  TPM3u+G4      6844.168     23  13734.337    13735.468    13847.215
147  TPM3u+I+G4    6844.371     24  13736.741    13737.972    13854.527
148  TPM3u+R2      6850.563     24  13749.125    13750.356    13866.911
149  TPM3u+R3      6843.920     26  13739.840    13741.283    13867.442
150  TPM3u+R4      Skipped 
151  TPM3u+R5      Skipped 
152  TPM3u+R6      Skipped 
153  TPM3u+R7      Skipped 
154  TPM3u+R8      Skipped 
155  TPM3u+R9      Skipped 
156  TPM3u+R10     Skipped 
157  TIMe          7265.443     20  14570.885    14571.743    14669.040
158  TIMe+I        7026.441     21  14094.882    14095.827    14197.945
159  TIMe+G4       6971.915     21  13985.829    13986.774    14088.892
160  TIMe+I+G4     6971.171     22  13986.341    13987.377    14094.312
161  TIMe+R2       6977.367     22  13998.734    13999.770    14106.705
162  TIMe+R3       6970.992     24  13989.985    13991.215    14107.771
163  TIMe+R4       Skipped 
164  TIMe+R5       Skipped 
165  TIMe+R6       Skipped 
166  TIMe+R7       Skipped 
167  TIMe+R8       Skipped 
168  TIMe+R9       Skipped 
169  TIMe+R10      Skipped 
170  TIM           7155.243     23  14356.486    14357.617    14469.364
171  TIM+I         6920.815     24  13889.629    13890.860    14007.415
172  TIM+G4        6847.326     24  13742.652    13743.883    13860.438
173  TIM+I+G4      6847.249     25  13744.499    13745.834    13867.193
174  TIM+R2        6853.344     25  13756.689    13758.023    13879.382
175  TIM+R3        6846.802     27  13747.604    13749.160    13880.114
176  TIM+R4        Skipped 
177  TIM+R5        Skipped 
178  TIM+R6        Skipped 
179  TIM+R7        Skipped 
180  TIM+R8        Skipped 
181  TIM+R9        Skipped 
182  TIM+R10       Skipped 
183  TIM2e         7249.970     20  14539.941    14540.799    14638.096
184  TIM2e+I       7005.031     21  14052.061    14053.006    14155.124
185  TIM2e+G4      6945.744     21  13933.489    13934.433    14036.552
186  TIM2e+I+G4    6944.431     22  13932.862    13933.898    14040.833
187  TIM2e+R2      6955.618     22  13955.235    13956.271    14063.206
188  TIM2e+R3      6943.252     24  13934.504    13935.735    14052.290
189  TIM2e+R4      6943.180     26  13938.359    13939.802    14065.961
190  TIM2e+R5      Skipped 
191  TIM2e+R6      Skipped 
192  TIM2e+R7      Skipped 
193  TIM2e+R8      Skipped 
194  TIM2e+R9      Skipped 
195  TIM2e+R10     Skipped 
196  TIM2          7161.822     23  14369.644    14370.775    14482.522
197  TIM2+I        6922.054     24  13892.108    13893.339    14009.894
198  TIM2+G4       6854.813     24  13757.626    13758.856    13875.412
199  TIM2+I+G4     6854.638     25  13759.277    13760.612    13881.971
200  TIM2+R2       6860.381     25  13770.762    13772.097    13893.456
201  TIM2+R3       6854.322     27  13762.644    13764.199    13895.153
202  TIM2+R4       Skipped 
203  TIM2+R5       Skipped 
204  TIM2+R6       Skipped 
205  TIM2+R7       Skipped 
206  TIM2+R8       Skipped 
207  TIM2+R9       Skipped 
208  TIM2+R10      Skipped 
209  TIM3e         7264.734     20  14569.468    14570.326    14667.623
210  TIM3e+I       7027.359     21  14096.718    14097.663    14199.781
211  TIM3e+G4      6972.489     21  13986.979    13987.924    14090.042
212  TIM3e+I+G4    6971.763     22  13987.525    13988.561    14095.496
213  TIM3e+R2      6978.326     22  14000.652    14001.688    14108.623
214  TIM3e+R3      6971.613     24  13991.226    13992.457    14109.013
215  TIM3e+R4      Skipped 
216  TIM3e+R5      Skipped 
217  TIM3e+R6      Skipped 
218  TIM3e+R7      Skipped 
219  TIM3e+R8      Skipped 
220  TIM3e+R9      Skipped 
221  TIM3e+R10     Skipped 
222  TIM3          7152.495     23  14350.989    14352.121    14463.868
223  TIM3+I        6920.661     24  13889.322    13890.553    14007.108
224  TIM3+G4       6844.181     24  13736.362    13737.593    13854.149
225  TIM3+I+G4     6844.302     25  13738.604    13739.939    13861.298
226  TIM3+R2       6850.548     25  13751.097    13752.432    13873.791
227  TIM3+R3       6843.932     27  13741.864    13743.419    13874.373
228  TIM3+R4       Skipped 
229  TIM3+R5       Skipped 
230  TIM3+R6       Skipped 
231  TIM3+R7       Skipped 
232  TIM3+R8       Skipped 
233  TIM3+R9       Skipped 
234  TIM3+R10      Skipped 
235  TVMe          7251.592     21  14545.184    14546.128    14648.246
236  TVMe+I        7006.537     22  14057.073    14058.109    14165.044
237  TVMe+G4       6945.757     22  13935.514    13936.550    14043.484
238  TVMe+I+G4     6944.931     23  13935.861    13936.992    14048.740
239  TVMe+R2       6953.536     23  13953.072    13954.203    14065.950
240  TVMe+R3       6944.308     25  13938.615    13939.950    14061.309
241  TVMe+R4       6944.293     27  13942.586    13944.141    14075.095
242  TVMe+R5       Skipped 
243  TVMe+R6       Skipped 
244  TVMe+R7       Skipped 
245  TVMe+R8       Skipped 
246  TVMe+R9       Skipped 
247  TVMe+R10      Skipped 
248  TVM           7147.836     24  14343.672    14344.903    14461.459
249  TVM+I         6912.636     25  13875.272    13876.607    13997.966
250  TVM+G4        6838.215     25  13726.430    13727.764    13849.124
251  TVM+I+G4      6838.505     26  13729.009    13730.452    13856.611
252  TVM+R2        6844.693     26  13741.386    13742.829    13868.988
253  TVM+R3        6838.145     28  13732.290    13733.963    13869.708
254  TVM+R4        Skipped 
255  TVM+R5        Skipped 
256  TVM+R6        Skipped 
257  TVM+R7        Skipped 
258  TVM+R8        Skipped 
259  TVM+R9        Skipped 
260  TVM+R10       Skipped 
261  SYM           7242.169     22  14528.339    14529.374    14636.309
262  SYM+I         6999.175     23  14044.351    14045.482    14157.229
263  SYM+G4        6938.361     23  13922.722    13923.854    14035.601
264  SYM+I+G4      6937.196     24  13922.393    13923.624    14040.179
265  SYM+R2        6948.919     24  13945.837    13947.068    14063.623
266  SYM+R3        6936.076     26  13924.152    13925.595    14051.753
267  SYM+R4        6936.073     28  13928.146    13929.818    14065.563
268  SYM+R5        Skipped 
269  SYM+R6        Skipped 
270  SYM+R7        Skipped 
271  SYM+R8        Skipped 
272  SYM+R9        Skipped 
273  SYM+R10       Skipped 
274  GTR           7145.615     25  14341.231    14342.565    14463.924
275  GTR+I         6911.500     26  13874.999    13876.442    14002.601
276  GTR+G4        6838.351     26  13728.703    13730.146    13856.305
277  GTR+I+G4      6838.499     27  13730.997    13732.553    13863.507
278  GTR+R2        6844.653     27  13743.306    13744.862    13875.815
279  GTR+R3        6838.171     29  13734.342    13736.135    13876.667
280  GTR+R4        Skipped 
281  GTR+R5        Skipped 
282  GTR+R6        Skipped 
283  GTR+R7        Skipped 
284  GTR+R8        Skipped 
285  GTR+R9        Skipped 
286  GTR+R10       Skipped 
Akaike Information Criterion:           TVM+G4
Corrected Akaike Information Criterion: TVM+G4
Bayesian Information Criterion:         TPM3+G4
Best-fit model: TPM3+G4 chosen according to BIC

All model information printed to ./results/gene5.phy.model
CPU time for ModelFinder: 7.528 seconds (0h:0m:7s)
Wall-clock time for ModelFinder: 8.459 seconds (0h:0m:8s)
Generating 1000 samples for ultrafast bootstrap (seed: 211471)...

NOTE: 2 MB RAM (0 GB) is required!
Estimate model parameters (epsilon = 0.100)
1. Initial log-likelihood: -7094.016
2. Current log-likelihood: -6885.485
3. Current log-likelihood: -6845.440
4. Current log-likelihood: -6845.206
Optimal log-likelihood: -6845.144
Rate parameters:  A-C: 2.096  A-G: 5.501  A-T: 1.000  C-G: 2.096  C-T: 5.501  G-T: 1.000
Base frequencies:   A: 0.403  C: 0.170  G: 0.192  T: 0.235
Gamma shape alpha: 0.544
Parameters optimization took 4 rounds (0.047 sec)
Computing ML distances based on estimated model parameters... 0.000 sec
Computing BIONJ tree...
0.000 seconds
Log-likelihood of BIONJ tree: -6845.924
--------------------------------------------------------------------
|             INITIALIZING CANDIDATE TREE SET                      |
--------------------------------------------------------------------
Generating 98 parsimony trees... 0.069 second
Computing log-likelihood of 97 initial trees ... 0.345 seconds
Current best score: -6845.144

Do NNI search on 20 best initial trees
Estimate model parameters (epsilon = 0.100)
BETTER TREE FOUND at iteration 1: -6845.032
Estimate model parameters (epsilon = 0.100)
BETTER TREE FOUND at iteration 4: -6842.302
UPDATE BEST LOG-LIKELIHOOD: -6842.302
Iteration 10 / LogL: -6845.045 / Time: 0h:0m:9s
UPDATE BEST LOG-LIKELIHOOD: -6842.302
Iteration 20 / LogL: -6845.045 / Time: 0h:0m:9s
Finish initializing candidate tree set (7)
Current best tree score: -6842.302 / CPU time: 1.462
Number of iterations: 20
--------------------------------------------------------------------
|               OPTIMIZING CANDIDATE TREE SET                      |
--------------------------------------------------------------------
Iteration 30 / LogL: -6842.303 / Time: 0h:0m:10s (0h:0m:4s left)
Iteration 40 / LogL: -6844.066 / Time: 0h:0m:10s (0h:0m:3s left)
Iteration 50 / LogL: -6844.062 / Time: 0h:0m:10s (0h:0m:2s left)
Log-likelihood cutoff on original alignment: -6852.501
Iteration 60 / LogL: -6842.305 / Time: 0h:0m:11s (0h:0m:2s left)
Iteration 70 / LogL: -6842.805 / Time: 0h:0m:11s (0h:0m:1s left)
Iteration 80 / LogL: -6842.302 / Time: 0h:0m:11s (0h:0m:1s left)
Iteration 90 / LogL: -6842.302 / Time: 0h:0m:12s (0h:0m:0s left)
Iteration 100 / LogL: -6842.302 / Time: 0h:0m:12s (0h:0m:0s left)
Log-likelihood cutoff on original alignment: -6852.071
NOTE: Bootstrap correlation coefficient of split occurrence frequencies: 0.986
NOTE: UFBoot does not converge, continue at least 100 more iterations
Iteration 110 / LogL: -6842.302 / Time: 0h:0m:12s (0h:0m:3s left)
Iteration 120 / LogL: -6844.068 / Time: 0h:0m:13s (0h:0m:3s left)
Iteration 130 / LogL: -6842.776 / Time: 0h:0m:13s (0h:0m:2s left)
Iteration 140 / LogL: -6842.775 / Time: 0h:0m:13s (0h:0m:2s left)
Iteration 150 / LogL: -6842.302 / Time: 0h:0m:14s (0h:0m:1s left)
Log-likelihood cutoff on original alignment: -6852.982
UPDATE BEST LOG-LIKELIHOOD: -6842.302
UPDATE BEST LOG-LIKELIHOOD: -6842.302
Iteration 160 / LogL: -6842.302 / Time: 0h:0m:14s (0h:0m:1s left)
UPDATE BEST LOG-LIKELIHOOD: -6842.302
Iteration 170 / LogL: -6842.776 / Time: 0h:0m:14s (0h:0m:1s left)
Iteration 180 / LogL: -6842.796 / Time: 0h:0m:15s (0h:0m:0s left)
UPDATE BEST LOG-LIKELIHOOD: -6842.302
Iteration 190 / LogL: -6844.109 / Time: 0h:0m:15s (0h:0m:0s left)
UPDATE BEST LOG-LIKELIHOOD: -6842.302
Iteration 200 / LogL: -6842.335 / Time: 0h:0m:15s (0h:0m:0s left)
Log-likelihood cutoff on original alignment: -6852.982
NOTE: Bootstrap correlation coefficient of split occurrence frequencies: 0.995
TREE SEARCH COMPLETED AFTER 200 ITERATIONS / Time: 0h:0m:15s

--------------------------------------------------------------------
|                    FINALIZING TREE SEARCH                        |
--------------------------------------------------------------------
Performs final model parameters optimization
Estimate model parameters (epsilon = 0.010)
1. Initial log-likelihood: -6842.302
2. Current log-likelihood: -6842.272
3. Current log-likelihood: -6842.247
4. Current log-likelihood: -6842.227
Optimal log-likelihood: -6842.220
Rate parameters:  A-C: 2.212  A-G: 5.740  A-T: 1.000  C-G: 2.212  C-T: 5.740  G-T: 1.000
Base frequencies:   A: 0.403  C: 0.170  G: 0.192  T: 0.235
Gamma shape alpha: 0.544
Parameters optimization took 4 rounds (0.021 sec)
BEST SCORE FOUND : -6842.220
Creating bootstrap support values...
Split supports printed to NEXUS file ./results/gene5.phy.splits.nex
Total tree length: 2.490

Total number of iterations: 200
CPU time used for tree search: 7.361 sec (0h:0m:7s)
Wall-clock time used for tree search: 7.365 sec (0h:0m:7s)
Total CPU time used: 15.012 sec (0h:0m:15s)
Total wall-clock time used: 15.948 sec (0h:0m:15s)

Computing bootstrap consensus tree...
Reading input file ./results/gene5.phy.splits.nex...
10 taxa and 107 splits.
Consensus tree written to ./results/gene5.phy.contree
Reading input trees file ./results/gene5.phy.contree
Log-likelihood of consensus tree: -6842.219

Analysis results written to: 
  IQ-TREE report:                ./results/gene5.phy.iqtree
  Maximum-likelihood tree:       ./results/gene5.phy.treefile
  Likelihood distances:          ./results/gene5.phy.mldist

Ultrafast bootstrap approximation results written to:
  Split support values:          ./results/gene5.phy.splits.nex
  Consensus tree:                ./results/gene5.phy.contree
  Screen log file:               ./results/gene5.phy.log

Date and Time: Tue Aug 22 17:21:36 2017
