IQ-TREE multicore version 1.5.4 for Linux 64-bit built Apr  2 2017
Copyright (c) 2011-2017 by Bui Quang Minh, Nguyen Lam Tung,
Olga Chernomor, Heiko Schmidt, and Arndt von Haeseler.

Host:    hpc-crick (AVX, 251 GB RAM)
Command: iqtree -s ./results/gene19.phy -nt 1 -bb 1000
Seed:    823586 (Using SPRNG - Scalable Parallel Random Number Generator)
Time:    Tue Aug 22 17:16:34 2017
Kernel:  AVX - 1 threads (40 CPU cores detected)

Reading alignment file ./results/gene19.phy ... Phylip format detected
Alignment most likely contains DNA/RNA sequences
Alignment has 10 sequences with 1000 columns and 478 patterns (319 informative sites, 402 constant sites)
   Gap/Ambiguity  Composition  p-value
   1  A    0.00%    passed     47.99%
   2  B    0.00%    passed     90.54%
   3  C    0.00%    passed     94.49%
   4  D    0.00%    passed     92.92%
   5  E    0.00%    passed     71.08%
   6  F    0.00%    passed     93.46%
   7  G    0.00%    passed     98.92%
   8  H    0.00%    passed     27.94%
   9  I    0.00%    passed     88.50%
  10  J    0.00%    passed     92.07%
****  TOTAL    0.00%  0 sequences failed composition chi2 test (p-value<5%; df=3)

Create initial parsimony tree by phylogenetic likelihood library (PLL)... 0.001 seconds

NOTE: ModelFinder requires 3 MB RAM!
ModelFinder will test 286 DNA models (sample size: 1000) ...
 No. Model         -LnL         df  AIC          AICc         BIC
  1  JC            7315.655     17  14665.310    14665.933    14748.742
  2  JC+I          7101.102     18  14238.203    14238.900    14326.543
  3  JC+G4         7049.795     18  14135.590    14136.287    14223.930
  4  JC+I+G4       7049.997     19  14137.993    14138.769    14231.240
  5  JC+R2         7056.422     19  14150.843    14151.619    14244.091
  6  JC+R3         7047.899     21  14137.798    14138.743    14240.861
  7  JC+R4         7047.847     23  14141.694    14142.825    14254.572
  8  JC+R5         Skipped 
  9  JC+R6         Skipped 
 10  JC+R7         Skipped 
 11  JC+R8         Skipped 
 12  JC+R9         Skipped 
 13  JC+R10        Skipped 
 14  F81           7216.414     20  14472.828    14473.686    14570.983
 15  F81+I         6998.838     21  14039.676    14040.621    14142.739
 16  F81+G4        6942.765     21  13927.529    13928.474    14030.592
 17  F81+I+G4      6942.762     22  13929.524    13930.560    14037.494
 18  F81+R2        6951.306     22  13946.612    13947.648    14054.583
 19  F81+R3        6940.524     24  13929.048    13930.279    14046.834
 20  F81+R4        6940.483     26  13932.966    13934.409    14060.568
 21  F81+R5        Skipped 
 22  F81+R6        Skipped 
 23  F81+R7        Skipped 
 24  F81+R8        Skipped 
 25  F81+R9        Skipped 
 26  F81+R10       Skipped 
 27  K2P           7164.747     18  14365.494    14366.191    14453.833
 28  K2P+I         6940.327     19  13918.655    13919.430    14011.902
 29  K2P+G4        6877.146     19  13792.291    13793.067    13885.538
 30  K2P+I+G4      6877.233     20  13794.465    13795.323    13892.621
 31  K2P+R2        6886.601     20  13813.201    13814.059    13911.356
 32  K2P+R3        6874.213     22  13792.425    13793.461    13900.396
 33  K2P+R4        6874.188     24  13796.376    13797.607    13914.162
 34  K2P+R5        Skipped 
 35  K2P+R6        Skipped 
 36  K2P+R7        Skipped 
 37  K2P+R8        Skipped 
 38  K2P+R9        Skipped 
 39  K2P+R10       Skipped 
 40  HKY           7054.722     21  14151.444    14152.389    14254.507
 41  HKY+I         6826.671     22  13697.342    13698.378    13805.313
 42  HKY+G4        6751.369     22  13546.739    13547.775    13654.709
 43  HKY+I+G4      6751.297     23  13548.594    13549.725    13661.472
 44  HKY+R2        6763.623     23  13573.246    13574.378    13686.125
 45  HKY+R3        6748.510     25  13547.020    13548.355    13669.714
 46  HKY+R4        6748.489     27  13550.978    13552.533    13683.487
 47  HKY+R5        Skipped 
 48  HKY+R6        Skipped 
 49  HKY+R7        Skipped 
 50  HKY+R8        Skipped 
 51  HKY+R9        Skipped 
 52  HKY+R10       Skipped 
 53  TNe           7164.694     19  14367.388    14368.163    14460.635
 54  TNe+I         6940.329     20  13920.659    13921.517    14018.814
 55  TNe+G4        6876.973     20  13793.945    13794.803    13892.100
 56  TNe+I+G4      6877.041     21  13796.082    13797.027    13899.145
 57  TNe+R2        6886.381     21  13814.762    13815.706    13917.825
 58  TNe+R3        6874.057     23  13794.115    13795.246    13906.993
 59  TNe+R4        6874.040     25  13798.079    13799.414    13920.773
 60  TNe+R5        Skipped 
 61  TNe+R6        Skipped 
 62  TNe+R7        Skipped 
 63  TNe+R8        Skipped 
 64  TNe+R9        Skipped 
 65  TNe+R10       Skipped 
 66  TN            7052.160     22  14148.321    14149.356    14256.291
 67  TN+I          6824.139     23  13694.278    13695.409    13807.156
 68  TN+G4         6749.398     23  13544.795    13545.926    13657.673
 69  TN+I+G4       6749.199     24  13546.398    13547.629    13664.184
 70  TN+R2         6762.039     24  13572.077    13573.308    13689.864
 71  TN+R3         6746.153     26  13544.305    13545.748    13671.907
 72  TN+R4         6746.125     28  13548.250    13549.922    13685.667
 73  TN+R5         Skipped 
 74  TN+R6         Skipped 
 75  TN+R7         Skipped 
 76  TN+R8         Skipped 
 77  TN+R9         Skipped 
 78  TN+R10        Skipped 
 79  K3P           7159.491     19  14356.983    14357.758    14450.230
 80  K3P+I         6934.703     20  13909.406    13910.264    14007.561
 81  K3P+G4        6869.811     20  13779.622    13780.481    13877.778
 82  K3P+I+G4      6869.804     21  13781.608    13782.553    13884.671
 83  K3P+R2        6879.879     21  13801.758    13802.702    13904.820
 84  K3P+R3        6866.242     23  13778.485    13779.616    13891.363
 85  K3P+R4        6866.230     25  13782.460    13783.795    13905.154
 86  K3P+R5        Skipped 
 87  K3P+R6        Skipped 
 88  K3P+R7        Skipped 
 89  K3P+R8        Skipped 
 90  K3P+R9        Skipped 
 91  K3P+R10       Skipped 
 92  K3Pu          7043.621     22  14131.243    14132.278    14239.213
 93  K3Pu+I        6816.773     23  13679.546    13680.677    13792.425
 94  K3Pu+G4       6737.027     23  13520.053    13521.185    13632.932
 95  K3Pu+I+G4     6737.004     24  13522.008    13523.239    13639.794
 96  K3Pu+R2       6750.005     24  13548.009    13549.240    13665.795
 97  K3Pu+R3       6733.660     26  13519.320    13520.763    13646.922
 98  K3Pu+R4       6733.750     28  13523.500    13525.173    13660.918
 99  K3Pu+R5       Skipped 
100  K3Pu+R6       Skipped 
101  K3Pu+R7       Skipped 
102  K3Pu+R8       Skipped 
103  K3Pu+R9       Skipped 
104  K3Pu+R10      Skipped 
105  TPM2          7046.995     22  14137.989    14139.025    14245.960
106  TPM2+I        6818.387     23  13682.774    13683.905    13795.653
107  TPM2+G4       6747.577     23  13541.153    13542.284    13654.032
108  TPM2+I+G4     6747.551     24  13543.103    13544.334    13660.889
109  TPM2+R2       6759.196     24  13566.391    13567.622    13684.177
110  TPM2+R3       6743.999     26  13539.998    13541.441    13667.600
111  TPM2+R4       6744.105     28  13544.209    13545.882    13681.626
112  TPM2+R5       Skipped 
113  TPM2+R6       Skipped 
114  TPM2+R7       Skipped 
115  TPM2+R8       Skipped 
116  TPM2+R9       Skipped 
117  TPM2+R10      Skipped 
118  TPM2u         7046.996     22  14137.992    14139.028    14245.963
119  TPM2u+I       6818.385     23  13682.769    13683.901    13795.648
120  TPM2u+G4      6747.582     23  13541.165    13542.296    13654.043
121  TPM2u+I+G4    6747.538     24  13543.076    13544.307    13660.862
122  TPM2u+R2      6759.194     24  13566.389    13567.619    13684.175
123  TPM2u+R3      6743.992     26  13539.984    13541.427    13667.585
124  TPM2u+R4      6744.101     28  13544.202    13545.874    13681.619
125  TPM2u+R5      Skipped 
126  TPM2u+R6      Skipped 
127  TPM2u+R7      Skipped 
128  TPM2u+R8      Skipped 
129  TPM2u+R9      Skipped 
130  TPM2u+R10     Skipped 
131  TPM3          7043.398     22  14130.796    14131.832    14238.767
132  TPM3+I        6820.456     23  13686.911    13688.042    13799.789
133  TPM3+G4       6738.952     23  13523.905    13525.036    13636.783
134  TPM3+I+G4     6739.103     24  13526.205    13527.436    13643.991
135  TPM3+R2       6750.866     24  13549.731    13550.962    13667.518
136  TPM3+R3       6735.105     26  13522.210    13523.653    13649.811
137  TPM3+R4       6735.173     28  13526.345    13528.018    13663.762
138  TPM3+R5       Skipped 
139  TPM3+R6       Skipped 
140  TPM3+R7       Skipped 
141  TPM3+R8       Skipped 
142  TPM3+R9       Skipped 
143  TPM3+R10      Skipped 
144  TPM3u         7043.352     22  14130.704    14131.740    14238.674
145  TPM3u+I       6820.455     23  13686.910    13688.042    13799.789
146  TPM3u+G4      6738.963     23  13523.926    13525.058    13636.805
147  TPM3u+I+G4    6739.095     24  13526.189    13527.420    13643.975
148  TPM3u+R2      6750.877     24  13549.753    13550.984    13667.540
149  TPM3u+R3      6735.074     26  13522.149    13523.592    13649.750
150  TPM3u+R4      6735.172     28  13526.344    13528.017    13663.762
151  TPM3u+R5      Skipped 
152  TPM3u+R6      Skipped 
153  TPM3u+R7      Skipped 
154  TPM3u+R8      Skipped 
155  TPM3u+R9      Skipped 
156  TPM3u+R10     Skipped 
157  TIMe          7159.438     20  14358.876    14359.734    14457.031
158  TIMe+I        6934.704     21  13911.408    13912.352    14014.471
159  TIMe+G4       6869.653     21  13781.305    13782.250    13884.368
160  TIMe+I+G4     6869.510     22  13783.019    13784.055    13890.990
161  TIMe+R2       6879.676     22  13803.351    13804.387    13911.322
162  TIMe+R3       6866.093     24  13780.186    13781.417    13897.973
163  TIMe+R4       6866.163     26  13784.327    13785.769    13911.928
164  TIMe+R5       Skipped 
165  TIMe+R6       Skipped 
166  TIMe+R7       Skipped 
167  TIMe+R8       Skipped 
168  TIMe+R9       Skipped 
169  TIMe+R10      Skipped 
170  TIM           7040.770     23  14127.540    14128.671    14240.418
171  TIM+I         6814.132     24  13676.264    13677.495    13794.050
172  TIM+G4        6734.946     24  13517.892    13519.123    13635.678
173  TIM+I+G4      6734.800     25  13519.600    13520.935    13642.294
174  TIM+R2        6747.941     25  13545.883    13547.217    13668.576
175  TIM+R3        6731.379     27  13516.757    13518.313    13649.267
176  TIM+R4        6731.506     29  13521.012    13522.806    13663.337
177  TIM+R5        Skipped 
178  TIM+R6        Skipped 
179  TIM+R7        Skipped 
180  TIM+R8        Skipped 
181  TIM+R9        Skipped 
182  TIM+R10       Skipped 
183  TIM2e         7135.549     20  14311.098    14311.956    14409.253
184  TIM2e+I       6906.181     21  13854.361    13855.306    13957.424
185  TIM2e+G4      6833.150     21  13708.300    13709.245    13811.363
186  TIM2e+I+G4    6833.253     22  13710.505    13711.541    13818.476
187  TIM2e+R2      6842.944     22  13729.889    13730.925    13837.860
188  TIM2e+R3      6830.830     24  13709.661    13710.892    13827.447
189  TIM2e+R4      6830.904     26  13713.808    13715.251    13841.409
190  TIM2e+R5      Skipped 
191  TIM2e+R6      Skipped 
192  TIM2e+R7      Skipped 
193  TIM2e+R8      Skipped 
194  TIM2e+R9      Skipped 
195  TIM2e+R10     Skipped 
196  TIM2          7044.208     23  14134.415    14135.546    14247.294
197  TIM2+I        6815.948     24  13679.896    13681.127    13797.682
198  TIM2+G4       6744.712     24  13537.424    13538.655    13655.210
199  TIM2+I+G4     6744.435     25  13538.870    13540.204    13661.563
200  TIM2+R2       6756.915     25  13563.829    13565.164    13686.523
201  TIM2+R3       6740.812     27  13535.624    13537.180    13668.134
202  TIM2+R4       6740.931     29  13539.862    13541.656    13682.187
203  TIM2+R5       Skipped 
204  TIM2+R6       Skipped 
205  TIM2+R7       Skipped 
206  TIM2+R8       Skipped 
207  TIM2+R9       Skipped 
208  TIM2+R10      Skipped 
209  TIM3e         7159.637     20  14359.274    14360.132    14457.429
210  TIM3e+I       6937.517     21  13917.033    13917.978    14020.096
211  TIM3e+G4      6872.580     21  13787.160    13788.105    13890.223
212  TIM3e+I+G4    6872.515     22  13789.029    13790.065    13897.000
213  TIM3e+R2      6882.301     22  13808.601    13809.637    13916.572
214  TIM3e+R3      6869.026     24  13786.053    13787.284    13903.839
215  TIM3e+R4      6869.090     26  13790.181    13791.624    13917.783
216  TIM3e+R5      Skipped 
217  TIM3e+R6      Skipped 
218  TIM3e+R7      Skipped 
219  TIM3e+R8      Skipped 
220  TIM3e+R9      Skipped 
221  TIM3e+R10     Skipped 
222  TIM3          7039.784     23  14125.568    14126.699    14238.446
223  TIM3+I        6817.631     24  13683.262    13684.493    13801.049
224  TIM3+G4       6735.571     24  13519.143    13520.373    13636.929
225  TIM3+I+G4     6735.693     25  13521.386    13522.721    13644.080
226  TIM3+R2       6746.987     25  13543.975    13545.309    13666.669
227  TIM3+R3       6731.970     27  13517.939    13519.495    13650.449
228  TIM3+R4       6732.067     29  13522.135    13523.929    13664.460
229  TIM3+R5       Skipped 
230  TIM3+R6       Skipped 
231  TIM3+R7       Skipped 
232  TIM3+R8       Skipped 
233  TIM3+R9       Skipped 
234  TIM3+R10      Skipped 
235  TVMe          7127.006     21  14296.012    14296.956    14399.074
236  TVMe+I        6897.963     22  13839.925    13840.961    13947.896
237  TVMe+G4       6822.656     22  13689.311    13690.347    13797.282
238  TVMe+I+G4     6822.759     23  13691.518    13692.649    13804.396
239  TVMe+R2       6833.321     23  13712.642    13713.773    13825.521
240  TVMe+R3       6819.356     25  13688.712    13690.047    13811.406
241  TVMe+R4       6819.440     27  13692.879    13694.435    13825.389
242  TVMe+R5       Skipped 
243  TVMe+R6       Skipped 
244  TVMe+R7       Skipped 
245  TVMe+R8       Skipped 
246  TVMe+R9       Skipped 
247  TVMe+R10      Skipped 
248  TVM           7030.078     24  14108.155    14109.386    14225.941
249  TVM+I         6805.358     25  13660.715    13662.050    13783.409
250  TVM+G4        6726.868     25  13503.735    13505.070    13626.429
251  TVM+I+G4      6726.886     26  13505.772    13507.215    13633.373
252  TVM+R2        6738.423     26  13528.846    13530.289    13656.448
253  TVM+R3        6721.920     28  13499.839    13501.512    13637.256
254  TVM+R4        6721.990     30  13503.980    13505.899    13651.212
255  TVM+R5        Skipped 
256  TVM+R6        Skipped 
257  TVM+R7        Skipped 
258  TVM+R8        Skipped 
259  TVM+R9        Skipped 
260  TVM+R10       Skipped 
261  SYM           7126.920     22  14297.840    14298.876    14405.811
262  SYM+I         6897.995     23  13841.991    13843.122    13954.869
263  SYM+G4        6822.076     23  13690.151    13691.282    13803.029
264  SYM+I+G4      6822.202     24  13692.404    13693.635    13810.191
265  SYM+R2        6832.732     24  13713.464    13714.695    13831.250
266  SYM+R3        6818.994     26  13689.989    13691.432    13817.590
267  SYM+R4        6819.057     28  13694.114    13695.786    13831.531
268  SYM+R5        Skipped 
269  SYM+R6        Skipped 
270  SYM+R7        Skipped 
271  SYM+R8        Skipped 
272  SYM+R9        Skipped 
273  SYM+R10       Skipped 
274  GTR           7026.400     25  14102.799    14104.134    14225.493
275  GTR+I         6802.681     26  13657.363    13658.806    13784.964
276  GTR+G4        6722.022     26  13496.044    13497.487    13623.646
277  GTR+I+G4      6722.174     27  13498.347    13499.903    13630.857
278  GTR+R2        6733.577     27  13521.154    13522.710    13653.664
279  GTR+R3        6717.659     29  13493.318    13495.111    13635.643
280  GTR+R4        6717.744     31  13497.488    13499.537    13649.628
281  GTR+R5        Skipped 
282  GTR+R6        Skipped 
283  GTR+R7        Skipped 
284  GTR+R8        Skipped 
285  GTR+R9        Skipped 
286  GTR+R10       Skipped 
Akaike Information Criterion:           GTR+R3
Corrected Akaike Information Criterion: GTR+R3
Bayesian Information Criterion:         GTR+G4
Best-fit model: GTR+G4 chosen according to BIC

All model information printed to ./results/gene19.phy.model
CPU time for ModelFinder: 13.005 seconds (0h:0m:13s)
Wall-clock time for ModelFinder: 15.337 seconds (0h:0m:15s)
Generating 1000 samples for ultrafast bootstrap (seed: 823586)...

NOTE: 2 MB RAM (0 GB) is required!
Estimate model parameters (epsilon = 0.100)
1. Initial log-likelihood: -6990.413
2. Current log-likelihood: -6751.227
3. Current log-likelihood: -6733.782
4. Current log-likelihood: -6722.386
5. Current log-likelihood: -6722.070
Optimal log-likelihood: -6721.991
Rate parameters:  A-C: 2.731  A-G: 3.971  A-T: 0.686  C-G: 0.769  C-T: 6.605  G-T: 1.000
Base frequencies:   A: 0.404  C: 0.167  G: 0.193  T: 0.235
Gamma shape alpha: 0.531
Parameters optimization took 5 rounds (0.168 sec)
Computing ML distances based on estimated model parameters... 0.002 sec
Computing BIONJ tree...
0.000 seconds
Log-likelihood of BIONJ tree: -6721.186
--------------------------------------------------------------------
|             INITIALIZING CANDIDATE TREE SET                      |
--------------------------------------------------------------------
Generating 98 parsimony trees... 0.120 second
Computing log-likelihood of 95 initial trees ... 0.528 seconds
Current best score: -6721.186

Do NNI search on 20 best initial trees
Estimate model parameters (epsilon = 0.100)
BETTER TREE FOUND at iteration 1: -6721.126
Estimate model parameters (epsilon = 0.100)
BETTER TREE FOUND at iteration 2: -6718.744
BETTER TREE FOUND at iteration 3: -6718.744
UPDATE BEST LOG-LIKELIHOOD: -6718.744
UPDATE BEST LOG-LIKELIHOOD: -6718.744
Iteration 10 / LogL: -6718.744 / Time: 0h:0m:16s
UPDATE BEST LOG-LIKELIHOOD: -6718.744
Estimate model parameters (epsilon = 0.100)
BETTER TREE FOUND at iteration 13: -6718.548
Iteration 20 / LogL: -6721.111 / Time: 0h:0m:17s
Finish initializing candidate tree set (9)
Current best tree score: -6718.548 / CPU time: 2.317
Number of iterations: 20
--------------------------------------------------------------------
|               OPTIMIZING CANDIDATE TREE SET                      |
--------------------------------------------------------------------
Estimate model parameters (epsilon = 0.100)
BETTER TREE FOUND at iteration 30: -6717.773
Iteration 30 / LogL: -6717.773 / Time: 0h:0m:18s (0h:0m:10s left)
UPDATE BEST LOG-LIKELIHOOD: -6717.773
Iteration 40 / LogL: -6719.778 / Time: 0h:0m:18s (0h:0m:7s left)
UPDATE BEST LOG-LIKELIHOOD: -6717.773
Iteration 50 / LogL: -6717.774 / Time: 0h:0m:19s (0h:0m:6s left)
Log-likelihood cutoff on original alignment: -6725.830
UPDATE BEST LOG-LIKELIHOOD: -6717.773
Iteration 60 / LogL: -6718.752 / Time: 0h:0m:19s (0h:0m:5s left)
Iteration 70 / LogL: -6717.773 / Time: 0h:0m:19s (0h:0m:4s left)
Iteration 80 / LogL: -6718.544 / Time: 0h:0m:20s (0h:0m:3s left)
Iteration 90 / LogL: -6717.876 / Time: 0h:0m:20s (0h:0m:2s left)
Iteration 100 / LogL: -6717.773 / Time: 0h:0m:21s (0h:0m:1s left)
Log-likelihood cutoff on original alignment: -6726.080
NOTE: Bootstrap correlation coefficient of split occurrence frequencies: 0.943
NOTE: UFBoot does not converge, continue at least 100 more iterations
UPDATE BEST LOG-LIKELIHOOD: -6717.773
UPDATE BEST LOG-LIKELIHOOD: -6717.773
Iteration 110 / LogL: -6717.774 / Time: 0h:0m:22s (0h:0m:5s left)
Iteration 120 / LogL: -6718.544 / Time: 0h:0m:22s (0h:0m:4s left)
Iteration 130 / LogL: -6717.773 / Time: 0h:0m:23s (0h:0m:4s left)
Iteration 140 / LogL: -6717.773 / Time: 0h:0m:23s (0h:0m:3s left)
UPDATE BEST LOG-LIKELIHOOD: -6717.773
Iteration 150 / LogL: -6717.773 / Time: 0h:0m:23s (0h:0m:2s left)
Log-likelihood cutoff on original alignment: -6726.168
Iteration 160 / LogL: -6717.773 / Time: 0h:0m:24s (0h:0m:2s left)
Iteration 170 / LogL: -6717.773 / Time: 0h:0m:24s (0h:0m:1s left)
Iteration 180 / LogL: -6717.773 / Time: 0h:0m:25s (0h:0m:1s left)
Iteration 190 / LogL: -6717.775 / Time: 0h:0m:25s (0h:0m:0s left)
Iteration 200 / LogL: -6717.773 / Time: 0h:0m:25s (0h:0m:0s left)
Log-likelihood cutoff on original alignment: -6726.168
NOTE: Bootstrap correlation coefficient of split occurrence frequencies: 0.986
NOTE: UFBoot does not converge, continue at least 100 more iterations
UPDATE BEST LOG-LIKELIHOOD: -6717.773
Iteration 210 / LogL: -6717.773 / Time: 0h:0m:26s (0h:0m:4s left)
Iteration 220 / LogL: -6717.775 / Time: 0h:0m:26s (0h:0m:4s left)
UPDATE BEST LOG-LIKELIHOOD: -6717.773
Iteration 230 / LogL: -6717.774 / Time: 0h:0m:27s (0h:0m:3s left)
UPDATE BEST LOG-LIKELIHOOD: -6717.773
Iteration 240 / LogL: -6718.916 / Time: 0h:0m:27s (0h:0m:3s left)
Iteration 250 / LogL: -6717.773 / Time: 0h:0m:27s (0h:0m:2s left)
Log-likelihood cutoff on original alignment: -6726.168
Iteration 260 / LogL: -6717.773 / Time: 0h:0m:28s (0h:0m:2s left)
Iteration 270 / LogL: -6717.784 / Time: 0h:0m:28s (0h:0m:1s left)
UPDATE BEST LOG-LIKELIHOOD: -6717.773
Iteration 280 / LogL: -6718.941 / Time: 0h:0m:29s (0h:0m:0s left)
Iteration 290 / LogL: -6717.780 / Time: 0h:0m:29s (0h:0m:0s left)
UPDATE BEST LOG-LIKELIHOOD: -6717.773
Iteration 300 / LogL: -6717.773 / Time: 0h:0m:29s (0h:0m:0s left)
Log-likelihood cutoff on original alignment: -6726.734
NOTE: Bootstrap correlation coefficient of split occurrence frequencies: 0.988
NOTE: UFBoot does not converge, continue at least 100 more iterations
Iteration 310 / LogL: -6717.774 / Time: 0h:0m:30s (0h:0m:4s left)
Iteration 320 / LogL: -6717.773 / Time: 0h:0m:30s (0h:0m:3s left)
Iteration 330 / LogL: -6717.773 / Time: 0h:0m:31s (0h:0m:3s left)
Iteration 340 / LogL: -6717.773 / Time: 0h:0m:31s (0h:0m:2s left)
Iteration 350 / LogL: -6717.773 / Time: 0h:0m:31s (0h:0m:2s left)
Log-likelihood cutoff on original alignment: -6726.734
Iteration 360 / LogL: -6717.773 / Time: 0h:0m:32s (0h:0m:1s left)
Iteration 370 / LogL: -6717.773 / Time: 0h:0m:32s (0h:0m:1s left)
Iteration 380 / LogL: -6717.773 / Time: 0h:0m:33s (0h:0m:0s left)
Iteration 390 / LogL: -6717.773 / Time: 0h:0m:33s (0h:0m:0s left)
Iteration 400 / LogL: -6717.773 / Time: 0h:0m:34s (0h:0m:0s left)
Log-likelihood cutoff on original alignment: -6726.734
NOTE: Bootstrap correlation coefficient of split occurrence frequencies: 0.990
NOTE: UFBoot does not converge, continue at least 100 more iterations
Iteration 410 / LogL: -6719.416 / Time: 0h:0m:34s (0h:0m:4s left)
Iteration 420 / LogL: -6717.773 / Time: 0h:0m:35s (0h:0m:3s left)
Iteration 430 / LogL: -6718.916 / Time: 0h:0m:35s (0h:0m:3s left)
Iteration 440 / LogL: -6717.877 / Time: 0h:0m:35s (0h:0m:2s left)
Iteration 450 / LogL: -6718.916 / Time: 0h:0m:36s (0h:0m:2s left)
Log-likelihood cutoff on original alignment: -6726.734
UPDATE BEST LOG-LIKELIHOOD: -6717.773
UPDATE BEST LOG-LIKELIHOOD: -6717.773
Iteration 460 / LogL: -6717.773 / Time: 0h:0m:36s (0h:0m:1s left)
Iteration 470 / LogL: -6717.773 / Time: 0h:0m:36s (0h:0m:1s left)
Iteration 480 / LogL: -6719.417 / Time: 0h:0m:37s (0h:0m:0s left)
UPDATE BEST LOG-LIKELIHOOD: -6717.773
Iteration 490 / LogL: -6717.774 / Time: 0h:0m:37s (0h:0m:0s left)
UPDATE BEST LOG-LIKELIHOOD: -6717.773
Iteration 500 / LogL: -6717.774 / Time: 0h:0m:37s (0h:0m:0s left)
Log-likelihood cutoff on original alignment: -6726.734
NOTE: Bootstrap correlation coefficient of split occurrence frequencies: 0.997
TREE SEARCH COMPLETED AFTER 500 ITERATIONS / Time: 0h:0m:38s

--------------------------------------------------------------------
|                    FINALIZING TREE SEARCH                        |
--------------------------------------------------------------------
Performs final model parameters optimization
Estimate model parameters (epsilon = 0.010)
1. Initial log-likelihood: -6717.773
Optimal log-likelihood: -6717.766
Rate parameters:  A-C: 2.725  A-G: 4.059  A-T: 0.724  C-G: 0.741  C-T: 6.574  G-T: 1.000
Base frequencies:   A: 0.404  C: 0.167  G: 0.193  T: 0.235
Gamma shape alpha: 0.531
Parameters optimization took 1 rounds (0.007 sec)
BEST SCORE FOUND : -6717.766
Creating bootstrap support values...
Split supports printed to NEXUS file ./results/gene19.phy.splits.nex
Total tree length: 2.452

Total number of iterations: 500
CPU time used for tree search: 20.834 sec (0h:0m:20s)
Wall-clock time used for tree search: 22.472 sec (0h:0m:22s)
Total CPU time used: 34.019 sec (0h:0m:34s)
Total wall-clock time used: 38.060 sec (0h:0m:38s)

Computing bootstrap consensus tree...
Reading input file ./results/gene19.phy.splits.nex...
10 taxa and 196 splits.
Consensus tree written to ./results/gene19.phy.contree
Reading input trees file ./results/gene19.phy.contree
Log-likelihood of consensus tree: -6717.766

Analysis results written to: 
  IQ-TREE report:                ./results/gene19.phy.iqtree
  Maximum-likelihood tree:       ./results/gene19.phy.treefile
  Likelihood distances:          ./results/gene19.phy.mldist

Ultrafast bootstrap approximation results written to:
  Split support values:          ./results/gene19.phy.splits.nex
  Consensus tree:                ./results/gene19.phy.contree
  Screen log file:               ./results/gene19.phy.log

Date and Time: Tue Aug 22 17:17:13 2017
