IQ-TREE multicore version 1.5.4 for Linux 64-bit built Apr  2 2017
Copyright (c) 2011-2017 by Bui Quang Minh, Nguyen Lam Tung,
Olga Chernomor, Heiko Schmidt, and Arndt von Haeseler.

Host:    hpc-crick (AVX, 251 GB RAM)
Command: iqtree -s ./results/gene16.phy -nt 1 -bb 1000
Seed:    843422 (Using SPRNG - Scalable Parallel Random Number Generator)
Time:    Tue Aug 22 17:22:35 2017
Kernel:  AVX - 1 threads (40 CPU cores detected)

Reading alignment file ./results/gene16.phy ... Phylip format detected
Alignment most likely contains DNA/RNA sequences
Alignment has 10 sequences with 1000 columns and 474 patterns (332 informative sites, 401 constant sites)
   Gap/Ambiguity  Composition  p-value
   1  A    0.00%    passed     51.00%
   2  B    0.00%    passed     60.88%
   3  C    0.00%    passed     64.62%
   4  D    0.00%    passed     83.58%
   5  E    0.00%    passed     96.53%
   6  F    0.00%    passed     61.14%
   7  G    0.00%    passed     93.53%
   8  H    0.00%    passed     35.02%
   9  I    0.00%    passed     97.36%
  10  J    0.00%    passed     81.56%
****  TOTAL    0.00%  0 sequences failed composition chi2 test (p-value<5%; df=3)

Create initial parsimony tree by phylogenetic likelihood library (PLL)... 0.001 seconds

NOTE: ModelFinder requires 3 MB RAM!
ModelFinder will test 286 DNA models (sample size: 1000) ...
 No. Model         -LnL         df  AIC          AICc         BIC
  1  JC            7420.263     17  14874.526    14875.149    14957.958
  2  JC+I          7183.929     18  14403.859    14404.556    14492.198
  3  JC+G4         7120.297     18  14276.594    14277.292    14364.934
  4  JC+I+G4       7120.384     19  14278.768    14279.544    14372.015
  5  JC+R2         7126.654     19  14291.307    14292.083    14384.555
  6  JC+R3         7119.938     21  14281.877    14282.822    14384.940
  7  JC+R4         Skipped 
  8  JC+R5         Skipped 
  9  JC+R6         Skipped 
 10  JC+R7         Skipped 
 11  JC+R8         Skipped 
 12  JC+R9         Skipped 
 13  JC+R10        Skipped 
 14  F81           7313.887     20  14667.774    14668.632    14765.930
 15  F81+I         7080.753     21  14203.505    14204.450    14306.568
 16  F81+G4        7004.668     21  14051.337    14052.282    14154.400
 17  F81+I+G4      7004.848     22  14053.695    14054.731    14161.666
 18  F81+R2        7013.892     22  14071.783    14072.819    14179.754
 19  F81+R3        7003.241     24  14054.482    14055.713    14172.269
 20  F81+R4        7003.169     26  14058.338    14059.781    14185.940
 21  F81+R5        Skipped 
 22  F81+R6        Skipped 
 23  F81+R7        Skipped 
 24  F81+R8        Skipped 
 25  F81+R9        Skipped 
 26  F81+R10       Skipped 
 27  K2P           7265.338     18  14566.676    14567.373    14655.016
 28  K2P+I         7019.493     19  14076.985    14077.761    14170.233
 29  K2P+G4        6940.901     19  13919.802    13920.578    14013.050
 30  K2P+I+G4      6940.739     20  13921.478    13922.336    14019.633
 31  K2P+R2        6949.922     20  13939.844    13940.702    14037.999
 32  K2P+R3        6937.279     22  13918.558    13919.594    14026.529
 33  K2P+R4        6937.182     24  13922.363    13923.594    14040.149
 34  K2P+R5        Skipped 
 35  K2P+R6        Skipped 
 36  K2P+R7        Skipped 
 37  K2P+R8        Skipped 
 38  K2P+R9        Skipped 
 39  K2P+R10       Skipped 
 40  HKY           7150.969     21  14343.938    14344.883    14447.001
 41  HKY+I         6909.702     22  13863.404    13864.440    13971.375
 42  HKY+G4        6812.717     22  13669.433    13670.469    13777.404
 43  HKY+I+G4      6812.744     23  13671.488    13672.619    13784.367
 44  HKY+R2        6825.135     23  13696.270    13697.401    13809.148
 45  HKY+R3        6807.643     25  13665.286    13666.621    13787.980
 46  HKY+R4        6807.612     27  13669.224    13670.780    13801.734
 47  HKY+R5        Skipped 
 48  HKY+R6        Skipped 
 49  HKY+R7        Skipped 
 50  HKY+R8        Skipped 
 51  HKY+R9        Skipped 
 52  HKY+R10       Skipped 
 53  TNe           7263.796     19  14565.592    14566.368    14658.840
 54  TNe+I         7015.483     20  14070.966    14071.824    14169.121
 55  TNe+G4        6936.879     20  13913.758    13914.616    14011.913
 56  TNe+I+G4      6936.513     21  13915.026    13915.971    14018.089
 57  TNe+R2        6945.679     21  13933.358    13934.303    14036.421
 58  TNe+R3        6931.574     23  13909.148    13910.279    14022.027
 59  TNe+R4        6931.539     25  13913.079    13914.413    14035.773
 60  TNe+R5        Skipped 
 61  TNe+R6        Skipped 
 62  TNe+R7        Skipped 
 63  TNe+R8        Skipped 
 64  TNe+R9        Skipped 
 65  TNe+R10       Skipped 
 66  TN            7150.234     22  14344.467    14345.503    14452.438
 67  TN+I          6909.685     23  13865.371    13866.502    13978.249
 68  TN+G4         6812.843     23  13671.687    13672.818    13784.565
 69  TN+I+G4       6812.691     24  13673.383    13674.614    13791.169
 70  TN+R2         6825.093     24  13698.187    13699.417    13815.973
 71  TN+R3         6807.746     26  13667.491    13668.934    13795.093
 72  TN+R4         6807.679     28  13671.358    13673.030    13808.775
 73  TN+R5         Skipped 
 74  TN+R6         Skipped 
 75  TN+R7         Skipped 
 76  TN+R8         Skipped 
 77  TN+R9         Skipped 
 78  TN+R10        Skipped 
 79  K3P           7261.655     19  14561.310    14562.086    14654.557
 80  K3P+I         7015.438     20  14070.877    14071.735    14169.032
 81  K3P+G4        6936.264     20  13912.528    13913.386    14010.683
 82  K3P+I+G4      6935.885     21  13913.770    13914.714    14016.832
 83  K3P+R2        6945.901     21  13933.801    13934.746    14036.864
 84  K3P+R3        6931.530     23  13909.061    13910.192    14021.939
 85  K3P+R4        6931.508     25  13913.016    13914.350    14035.709
 86  K3P+R5        Skipped 
 87  K3P+R6        Skipped 
 88  K3P+R7        Skipped 
 89  K3P+R8        Skipped 
 90  K3P+R9        Skipped 
 91  K3P+R10       Skipped 
 92  K3Pu          7139.988     22  14323.977    14325.013    14431.948
 93  K3Pu+I        6901.595     23  13849.191    13850.322    13962.069
 94  K3Pu+G4       6800.783     23  13647.566    13648.697    13760.444
 95  K3Pu+I+G4     6800.703     24  13649.407    13650.638    13767.193
 96  K3Pu+R2       6814.455     24  13676.910    13678.140    13794.696
 97  K3Pu+R3       6795.670     26  13643.339    13644.782    13770.941
 98  K3Pu+R4       6795.653     28  13647.306    13648.979    13784.723
 99  K3Pu+R5       Skipped 
100  K3Pu+R6       Skipped 
101  K3Pu+R7       Skipped 
102  K3Pu+R8       Skipped 
103  K3Pu+R9       Skipped 
104  K3Pu+R10      Skipped 
105  TPM2          7147.503     22  14339.006    14340.042    14446.976
106  TPM2+I        6903.840     23  13853.679    13854.810    13966.557
107  TPM2+G4       6811.442     23  13668.885    13670.016    13781.763
108  TPM2+I+G4     6811.252     24  13670.504    13671.734    13788.290
109  TPM2+R2       6823.141     24  13694.281    13695.512    13812.067
110  TPM2+R3       6806.290     26  13664.580    13666.023    13792.182
111  TPM2+R4       6806.221     28  13668.442    13670.114    13805.859
112  TPM2+R5       Skipped 
113  TPM2+R6       Skipped 
114  TPM2+R7       Skipped 
115  TPM2+R8       Skipped 
116  TPM2+R9       Skipped 
117  TPM2+R10      Skipped 
118  TPM2u         7147.504     22  14339.008    14340.043    14446.978
119  TPM2u+I       6903.834     23  13853.667    13854.798    13966.546
120  TPM2u+G4      6811.449     23  13668.898    13670.029    13781.776
121  TPM2u+I+G4    6811.237     24  13670.473    13671.704    13788.259
122  TPM2u+R2      6823.145     24  13694.290    13695.521    13812.076
123  TPM2u+R3      6806.302     26  13664.604    13666.047    13792.206
124  TPM2u+R4      6806.215     28  13668.431    13670.103    13805.848
125  TPM2u+R5      Skipped 
126  TPM2u+R6      Skipped 
127  TPM2u+R7      Skipped 
128  TPM2u+R8      Skipped 
129  TPM2u+R9      Skipped 
130  TPM2u+R10     Skipped 
131  TPM3          7132.165     22  14308.330    14309.366    14416.300
132  TPM3+I        6900.791     23  13847.581    13848.712    13960.459
133  TPM3+G4       6796.445     23  13638.889    13640.020    13751.768
134  TPM3+I+G4     6796.851     24  13641.703    13642.934    13759.489
135  TPM3+R2       6806.409     24  13660.818    13662.048    13778.604
136  TPM3+R3       6794.755     26  13641.510    13642.953    13769.112
137  TPM3+R4       6794.646     28  13645.291    13646.964    13782.708
138  TPM3+R5       Skipped 
139  TPM3+R6       Skipped 
140  TPM3+R7       Skipped 
141  TPM3+R8       Skipped 
142  TPM3+R9       Skipped 
143  TPM3+R10      Skipped 
144  TPM3u         7132.165     22  14308.331    14309.366    14416.301
145  TPM3u+I       6900.772     23  13847.544    13848.675    13960.423
146  TPM3u+G4      6796.429     23  13638.857    13639.988    13751.736
147  TPM3u+I+G4    6796.825     24  13641.650    13642.880    13759.436
148  TPM3u+R2      6806.409     24  13660.819    13662.049    13778.605
149  TPM3u+R3      6794.735     26  13641.471    13642.914    13769.072
150  TPM3u+R4      6794.554     28  13645.109    13646.781    13782.526
151  TPM3u+R5      Skipped 
152  TPM3u+R6      Skipped 
153  TPM3u+R7      Skipped 
154  TPM3u+R8      Skipped 
155  TPM3u+R9      Skipped 
156  TPM3u+R10     Skipped 
157  TIMe          7260.106     20  14560.212    14561.070    14658.367
158  TIMe+I        7011.407     21  14064.814    14065.758    14167.876
159  TIMe+G4       6932.174     21  13906.348    13907.293    14009.411
160  TIMe+I+G4     6931.683     22  13907.366    13908.402    14015.337
161  TIMe+R2       6941.581     22  13927.163    13928.199    14035.133
162  TIMe+R3       6925.669     24  13899.337    13900.568    14017.123
163  TIMe+R4       6925.659     26  13903.318    13904.761    14030.920
164  TIMe+R5       Skipped 
165  TIMe+R6       Skipped 
166  TIMe+R7       Skipped 
167  TIMe+R8       Skipped 
168  TIMe+R9       Skipped 
169  TIMe+R10      Skipped 
170  TIM           7139.081     23  14324.163    14325.294    14437.041
171  TIM+I         6901.581     24  13851.161    13852.392    13968.947
172  TIM+G4        6800.734     24  13649.467    13650.698    13767.253
173  TIM+I+G4      6800.552     25  13651.104    13652.438    13773.798
174  TIM+R2        6814.422     25  13678.844    13680.178    13801.537
175  TIM+R3        6795.903     27  13645.806    13647.362    13778.316
176  TIM+R4        6795.907     29  13649.815    13651.608    13792.140
177  TIM+R5        Skipped 
178  TIM+R6        Skipped 
179  TIM+R7        Skipped 
180  TIM+R8        Skipped 
181  TIM+R9        Skipped 
182  TIM+R10       Skipped 
183  TIM2e         7242.900     20  14525.800    14526.658    14623.955
184  TIM2e+I       6986.339     21  14014.678    14015.623    14117.741
185  TIM2e+G4      6905.032     21  13852.064    13853.009    13955.127
186  TIM2e+I+G4    6904.382     22  13852.763    13853.799    13960.734
187  TIM2e+R2      6916.237     22  13876.474    13877.510    13984.445
188  TIM2e+R3      6899.658     24  13847.317    13848.548    13965.103
189  TIM2e+R4      6899.613     26  13851.226    13852.669    13978.828
190  TIM2e+R5      Skipped 
191  TIM2e+R6      Skipped 
192  TIM2e+R7      Skipped 
193  TIM2e+R8      Skipped 
194  TIM2e+R9      Skipped 
195  TIM2e+R10     Skipped 
196  TIM2          7146.655     23  14339.310    14340.441    14452.189
197  TIM2+I        6903.796     24  13855.592    13856.823    13973.378
198  TIM2+G4       6811.298     24  13670.597    13671.828    13788.383
199  TIM2+I+G4     6811.006     25  13672.013    13673.347    13794.706
200  TIM2+R2       6823.056     25  13696.112    13697.447    13818.806
201  TIM2+R3       6806.220     27  13666.441    13667.996    13798.950
202  TIM2+R4       6806.178     29  13670.356    13672.150    13812.681
203  TIM2+R5       Skipped 
204  TIM2+R6       Skipped 
205  TIM2+R7       Skipped 
206  TIM2+R8       Skipped 
207  TIM2+R9       Skipped 
208  TIM2+R10      Skipped 
209  TIM3e         7258.713     20  14557.425    14558.283    14655.580
210  TIM3e+I       7012.823     21  14067.647    14068.591    14170.709
211  TIM3e+G4      6932.970     21  13907.940    13908.885    14011.003
212  TIM3e+I+G4    6932.631     22  13909.262    13910.298    14017.233
213  TIM3e+R2      6941.765     22  13927.531    13928.567    14035.501
214  TIM3e+R3      6927.958     24  13903.916    13905.147    14021.702
215  TIM3e+R4      6927.921     26  13907.841    13909.284    14035.443
216  TIM3e+R5      Skipped 
217  TIM3e+R6      Skipped 
218  TIM3e+R7      Skipped 
219  TIM3e+R8      Skipped 
220  TIM3e+R9      Skipped 
221  TIM3e+R10     Skipped 
222  TIM3          7130.441     23  14306.882    14308.014    14419.761
223  TIM3+I        6900.736     24  13849.471    13850.702    13967.257
224  TIM3+G4       6796.248     24  13640.495    13641.726    13758.282
225  TIM3+I+G4     6796.518     25  13643.036    13644.371    13765.730
226  TIM3+R2       6805.327     25  13660.653    13661.988    13783.347
227  TIM3+R3       6794.800     27  13643.601    13645.156    13776.110
228  TIM3+R4       6794.707     29  13647.415    13649.209    13789.740
229  TIM3+R5       Skipped 
230  TIM3+R6       Skipped 
231  TIM3+R7       Skipped 
232  TIM3+R8       Skipped 
233  TIM3+R9       Skipped 
234  TIM3+R10      Skipped 
235  TVMe          7236.692     21  14515.384    14516.328    14618.446
236  TVMe+I        6983.413     22  14010.826    14011.862    14118.797
237  TVMe+G4       6902.166     22  13848.333    13849.369    13956.304
238  TVMe+I+G4     6901.559     23  13849.117    13850.248    13961.995
239  TVMe+R2       6913.837     23  13873.675    13874.806    13986.553
240  TVMe+R3       6896.921     25  13843.842    13845.177    13966.536
241  TVMe+R4       6896.917     27  13847.834    13849.390    13980.344
242  TVMe+R5       Skipped 
243  TVMe+R6       Skipped 
244  TVMe+R7       Skipped 
245  TVMe+R8       Skipped 
246  TVMe+R9       Skipped 
247  TVMe+R10      Skipped 
248  TVM           7124.443     24  14296.887    14298.118    14414.673
249  TVM+I         6890.130     25  13830.260    13831.594    13952.953
250  TVM+G4        6788.909     25  13627.818    13629.152    13750.512
251  TVM+I+G4      6789.205     26  13630.410    13631.853    13758.012
252  TVM+R2        6799.661     26  13651.321    13652.764    13778.923
253  TVM+R3        6786.977     28  13629.954    13631.627    13767.372
254  TVM+R4        6786.884     30  13633.768    13635.687    13781.000
255  TVM+R5        Skipped 
256  TVM+R6        Skipped 
257  TVM+R7        Skipped 
258  TVM+R8        Skipped 
259  TVM+R9        Skipped 
260  TVM+R10       Skipped 
261  SYM           7235.158     22  14514.316    14515.352    14622.287
262  SYM+I         6978.810     23  14003.620    14004.751    14116.499
263  SYM+G4        6896.573     23  13839.146    13840.277    13952.024
264  SYM+I+G4      6895.856     24  13839.713    13840.943    13957.499
265  SYM+R2        6908.288     24  13864.577    13865.807    13982.363
266  SYM+R3        6890.288     26  13832.576    13834.019    13960.177
267  SYM+R4        6890.211     28  13836.423    13838.095    13973.840
268  SYM+R5        Skipped 
269  SYM+R6        Skipped 
270  SYM+R7        Skipped 
271  SYM+R8        Skipped 
272  SYM+R9        Skipped 
273  SYM+R10       Skipped 
274  GTR           7122.862     25  14295.723    14297.058    14418.417
275  GTR+I         6890.129     26  13832.257    13833.700    13959.859
276  GTR+G4        6788.455     26  13628.910    13630.353    13756.512
277  GTR+I+G4      6788.797     27  13631.595    13633.150    13764.104
278  GTR+R2        6798.446     27  13650.893    13652.448    13783.402
279  GTR+R3        6786.652     29  13631.304    13633.097    13773.629
280  GTR+R4        6786.726     31  13635.453    13637.503    13787.593
281  GTR+R5        Skipped 
282  GTR+R6        Skipped 
283  GTR+R7        Skipped 
284  GTR+R8        Skipped 
285  GTR+R9        Skipped 
286  GTR+R10       Skipped 
Akaike Information Criterion:           TVM+G4
Corrected Akaike Information Criterion: TVM+G4
Bayesian Information Criterion:         TVM+G4
Best-fit model: TVM+G4 chosen according to BIC

All model information printed to ./results/gene16.phy.model
CPU time for ModelFinder: 14.970 seconds (0h:0m:14s)
Wall-clock time for ModelFinder: 15.563 seconds (0h:0m:15s)
Generating 1000 samples for ultrafast bootstrap (seed: 843422)...

NOTE: 2 MB RAM (0 GB) is required!
Estimate model parameters (epsilon = 0.100)
1. Initial log-likelihood: -7061.246
2. Current log-likelihood: -6815.906
3. Current log-likelihood: -6800.823
4. Current log-likelihood: -6790.268
5. Current log-likelihood: -6790.053
Optimal log-likelihood: -6790.012
Rate parameters:  A-C: 2.348  A-G: 4.474  A-T: 0.599  C-G: 0.934  C-T: 4.474  G-T: 1.000
Base frequencies:   A: 0.401  C: 0.158  G: 0.197  T: 0.244
Gamma shape alpha: 0.518
Parameters optimization took 5 rounds (0.100 sec)
Computing ML distances based on estimated model parameters... 0.002 sec
Computing BIONJ tree...
0.000 seconds
Log-likelihood of BIONJ tree: -6787.598
--------------------------------------------------------------------
|             INITIALIZING CANDIDATE TREE SET                      |
--------------------------------------------------------------------
Generating 98 parsimony trees... 0.071 second
Computing log-likelihood of 96 initial trees ... 0.405 seconds
Current best score: -6787.572

Do NNI search on 20 best initial trees
Estimate model parameters (epsilon = 0.100)
BETTER TREE FOUND at iteration 1: -6784.896
BETTER TREE FOUND at iteration 3: -6784.896
UPDATE BEST LOG-LIKELIHOOD: -6784.896
UPDATE BEST LOG-LIKELIHOOD: -6784.896
Iteration 10 / LogL: -6786.165 / Time: 0h:0m:16s
UPDATE BEST LOG-LIKELIHOOD: -6784.895
Iteration 20 / LogL: -6787.199 / Time: 0h:0m:17s
Finish initializing candidate tree set (9)
Current best tree score: -6784.895 / CPU time: 1.455
Number of iterations: 20
--------------------------------------------------------------------
|               OPTIMIZING CANDIDATE TREE SET                      |
--------------------------------------------------------------------
Iteration 30 / LogL: -6786.089 / Time: 0h:0m:17s (0h:0m:4s left)
Iteration 40 / LogL: -6786.088 / Time: 0h:0m:17s (0h:0m:3s left)
UPDATE BEST LOG-LIKELIHOOD: -6784.895
Iteration 50 / LogL: -6784.896 / Time: 0h:0m:18s (0h:0m:3s left)
Log-likelihood cutoff on original alignment: -6793.160
UPDATE BEST LOG-LIKELIHOOD: -6784.895
Iteration 60 / LogL: -6784.896 / Time: 0h:0m:18s (0h:0m:2s left)
Iteration 70 / LogL: -6784.896 / Time: 0h:0m:19s (0h:0m:1s left)
Iteration 80 / LogL: -6784.896 / Time: 0h:0m:19s (0h:0m:1s left)
Iteration 90 / LogL: -6784.896 / Time: 0h:0m:20s (0h:0m:0s left)
Iteration 100 / LogL: -6784.896 / Time: 0h:0m:20s (0h:0m:0s left)
Log-likelihood cutoff on original alignment: -6792.655
NOTE: Bootstrap correlation coefficient of split occurrence frequencies: 0.996
TREE SEARCH COMPLETED AFTER 104 ITERATIONS / Time: 0h:0m:20s

--------------------------------------------------------------------
|                    FINALIZING TREE SEARCH                        |
--------------------------------------------------------------------
Performs final model parameters optimization
Estimate model parameters (epsilon = 0.010)
1. Initial log-likelihood: -6784.895
2. Current log-likelihood: -6784.864
3. Current log-likelihood: -6784.838
4. Current log-likelihood: -6784.816
5. Current log-likelihood: -6784.796
6. Current log-likelihood: -6784.778
7. Current log-likelihood: -6784.761
8. Current log-likelihood: -6784.746
9. Current log-likelihood: -6784.732
10. Current log-likelihood: -6784.719
11. Current log-likelihood: -6784.706
12. Current log-likelihood: -6784.694
13. Current log-likelihood: -6784.683
14. Current log-likelihood: -6784.673
15. Current log-likelihood: -6784.663
Optimal log-likelihood: -6784.653
Rate parameters:  A-C: 2.528  A-G: 4.718  A-T: 0.637  C-G: 0.997  C-T: 4.718  G-T: 1.000
Base frequencies:   A: 0.401  C: 0.158  G: 0.197  T: 0.244
Gamma shape alpha: 0.522
Parameters optimization took 15 rounds (0.115 sec)
BEST SCORE FOUND : -6784.653
Creating bootstrap support values...
Split supports printed to NEXUS file ./results/gene16.phy.splits.nex
Total tree length: 2.541

Total number of iterations: 104
CPU time used for tree search: 5.005 sec (0h:0m:5s)
Wall-clock time used for tree search: 5.007 sec (0h:0m:5s)
Total CPU time used: 20.232 sec (0h:0m:20s)
Total wall-clock time used: 20.845 sec (0h:0m:20s)

Computing bootstrap consensus tree...
Reading input file ./results/gene16.phy.splits.nex...
10 taxa and 146 splits.
Consensus tree written to ./results/gene16.phy.contree
Reading input trees file ./results/gene16.phy.contree
Log-likelihood of consensus tree: -6784.979

Analysis results written to: 
  IQ-TREE report:                ./results/gene16.phy.iqtree
  Maximum-likelihood tree:       ./results/gene16.phy.treefile
  Likelihood distances:          ./results/gene16.phy.mldist

Ultrafast bootstrap approximation results written to:
  Split support values:          ./results/gene16.phy.splits.nex
  Consensus tree:                ./results/gene16.phy.contree
  Screen log file:               ./results/gene16.phy.log

Date and Time: Tue Aug 22 17:22:56 2017
