IQ-TREE multicore version 1.5.4 for Linux 64-bit built Apr  2 2017
Copyright (c) 2011-2017 by Bui Quang Minh, Nguyen Lam Tung,
Olga Chernomor, Heiko Schmidt, and Arndt von Haeseler.

Host:    hpc-crick (AVX, 251 GB RAM)
Command: iqtree -s ./results/gene19.phy -nt 1 -bb 1000
Seed:    663397 (Using SPRNG - Scalable Parallel Random Number Generator)
Time:    Tue Aug 22 17:07:32 2017
Kernel:  AVX - 1 threads (40 CPU cores detected)

Reading alignment file ./results/gene19.phy ... Phylip format detected
Alignment most likely contains DNA/RNA sequences
Alignment has 10 sequences with 1000 columns and 473 patterns (313 informative sites, 398 constant sites)
   Gap/Ambiguity  Composition  p-value
   1  A    0.00%    passed     98.78%
   2  B    0.00%    passed     94.17%
   3  C    0.00%    passed     98.91%
   4  D    0.00%    passed     92.78%
   5  E    0.00%    passed     84.84%
   6  F    0.00%    passed     87.90%
   7  G    0.00%    passed     89.91%
   8  H    0.00%    passed     74.43%
   9  I    0.00%    passed     67.88%
  10  J    0.00%    passed     96.60%
****  TOTAL    0.00%  0 sequences failed composition chi2 test (p-value<5%; df=3)

Create initial parsimony tree by phylogenetic likelihood library (PLL)... 0.000 seconds

NOTE: ModelFinder requires 3 MB RAM!
ModelFinder will test 286 DNA models (sample size: 1000) ...
 No. Model         -LnL         df  AIC          AICc         BIC
  1  JC            7161.611     17  14357.222    14357.845    14440.654
  2  JC+I          6944.323     18  13924.647    13925.344    14012.986
  3  JC+G4         6911.336     18  13858.671    13859.369    13947.011
  4  JC+I+G4       6910.059     19  13858.118    13858.894    13951.365
  5  JC+R2         6910.437     19  13858.874    13859.650    13952.122
  6  JC+R3         6909.065     21  13860.130    13861.074    13963.192
  7  JC+R4         Skipped 
  8  JC+R5         Skipped 
  9  JC+R6         Skipped 
 10  JC+R7         Skipped 
 11  JC+R8         Skipped 
 12  JC+R9         Skipped 
 13  JC+R10        Skipped 
 14  F81           7033.743     20  14107.486    14108.344    14205.641
 15  F81+I         6817.889     21  13677.777    13678.722    13780.840
 16  F81+G4        6782.706     21  13607.413    13608.358    13710.476
 17  F81+I+G4      6781.039     22  13606.078    13607.114    13714.049
 18  F81+R2        6782.626     22  13609.251    13610.287    13717.222
 19  F81+R3        6780.442     24  13608.883    13610.114    13726.669
 20  F81+R4        Skipped 
 21  F81+R5        Skipped 
 22  F81+R6        Skipped 
 23  F81+R7        Skipped 
 24  F81+R8        Skipped 
 25  F81+R9        Skipped 
 26  F81+R10       Skipped 
 27  K2P           7008.527     18  14053.054    14053.751    14141.393
 28  K2P+I         6779.897     19  13597.795    13598.570    13691.042
 29  K2P+G4        6730.670     19  13499.339    13500.115    13592.587
 30  K2P+I+G4      6730.627     20  13501.254    13502.112    13599.409
 31  K2P+R2        6733.494     20  13506.987    13507.845    13605.142
 32  K2P+R3        6729.963     22  13503.926    13504.962    13611.897
 33  K2P+R4        Skipped 
 34  K2P+R5        Skipped 
 35  K2P+R6        Skipped 
 36  K2P+R7        Skipped 
 37  K2P+R8        Skipped 
 38  K2P+R9        Skipped 
 39  K2P+R10       Skipped 
 40  HKY           6872.650     21  13787.300    13788.244    13890.362
 41  HKY+I         6657.680     22  13359.360    13360.396    13467.331
 42  HKY+G4        6599.811     22  13243.622    13244.658    13351.593
 43  HKY+I+G4      6599.821     23  13245.642    13246.773    13358.520
 44  HKY+R2        6602.701     23  13251.403    13252.534    13364.281
 45  HKY+R3        6598.951     25  13247.901    13249.236    13370.595
 46  HKY+R4        Skipped 
 47  HKY+R5        Skipped 
 48  HKY+R6        Skipped 
 49  HKY+R7        Skipped 
 50  HKY+R8        Skipped 
 51  HKY+R9        Skipped 
 52  HKY+R10       Skipped 
 53  TNe           7006.549     19  14051.098    14051.873    14144.345
 54  TNe+I         6778.342     20  13596.684    13597.542    13694.839
 55  TNe+G4        6725.051     20  13490.102    13490.960    13588.257
 56  TNe+I+G4      6725.263     21  13492.527    13493.471    13595.589
 57  TNe+R2        6727.619     21  13497.238    13498.183    13600.301
 58  TNe+R3        6724.431     23  13494.862    13495.993    13607.740
 59  TNe+R4        Skipped 
 60  TNe+R5        Skipped 
 61  TNe+R6        Skipped 
 62  TNe+R7        Skipped 
 63  TNe+R8        Skipped 
 64  TNe+R9        Skipped 
 65  TNe+R10       Skipped 
 66  TN            6871.815     22  13787.630    13788.666    13895.601
 67  TN+I          6655.077     23  13356.154    13357.285    13469.033
 68  TN+G4         6599.575     23  13245.149    13246.280    13358.028
 69  TN+I+G4       6599.429     24  13246.858    13248.089    13364.645
 70  TN+R2         6602.529     24  13253.057    13254.288    13370.843
 71  TN+R3         6598.728     26  13249.455    13250.898    13377.057
 72  TN+R4         Skipped 
 73  TN+R5         Skipped 
 74  TN+R6         Skipped 
 75  TN+R7         Skipped 
 76  TN+R8         Skipped 
 77  TN+R9         Skipped 
 78  TN+R10        Skipped 
 79  K3P           7002.825     19  14043.651    14044.426    14136.898
 80  K3P+I         6773.830     20  13587.659    13588.517    13685.814
 81  K3P+G4        6723.840     20  13487.681    13488.539    13585.836
 82  K3P+I+G4      6723.658     21  13489.316    13490.261    13592.379
 83  K3P+R2        6726.301     21  13494.602    13495.546    13597.664
 84  K3P+R3        6723.053     23  13492.105    13493.237    13604.984
 85  K3P+R4        Skipped 
 86  K3P+R5        Skipped 
 87  K3P+R6        Skipped 
 88  K3P+R7        Skipped 
 89  K3P+R8        Skipped 
 90  K3P+R9        Skipped 
 91  K3P+R10       Skipped 
 92  K3Pu          6857.058     22  13758.116    13759.152    13866.087
 93  K3Pu+I        6644.971     23  13335.943    13337.074    13448.821
 94  K3Pu+G4       6584.720     23  13215.439    13216.570    13328.318
 95  K3Pu+I+G4     6584.717     24  13217.433    13218.664    13335.220
 96  K3Pu+R2       6587.021     24  13222.043    13223.274    13339.829
 97  K3Pu+R3       6583.609     26  13219.219    13220.661    13346.820
 98  K3Pu+R4       Skipped 
 99  K3Pu+R5       Skipped 
100  K3Pu+R6       Skipped 
101  K3Pu+R7       Skipped 
102  K3Pu+R8       Skipped 
103  K3Pu+R9       Skipped 
104  K3Pu+R10      Skipped 
105  TPM2          6872.219     22  13788.437    13789.473    13896.408
106  TPM2+I        6654.694     23  13355.389    13356.520    13468.267
107  TPM2+G4       6599.539     23  13245.079    13246.210    13357.957
108  TPM2+I+G4     6599.376     24  13246.751    13247.982    13364.537
109  TPM2+R2       6602.020     24  13252.040    13253.271    13369.826
110  TPM2+R3       6598.565     26  13249.129    13250.572    13376.731
111  TPM2+R4       Skipped 
112  TPM2+R5       Skipped 
113  TPM2+R6       Skipped 
114  TPM2+R7       Skipped 
115  TPM2+R8       Skipped 
116  TPM2+R9       Skipped 
117  TPM2+R10      Skipped 
118  TPM2u         6872.244     22  13788.488    13789.523    13896.458
119  TPM2u+I       6654.692     23  13355.383    13356.514    13468.262
120  TPM2u+G4      6599.534     23  13245.069    13246.200    13357.947
121  TPM2u+I+G4    6599.361     24  13246.722    13247.953    13364.508
122  TPM2u+R2      6602.028     24  13252.056    13253.287    13369.842
123  TPM2u+R3      6598.560     26  13249.120    13250.563    13376.721
124  TPM2u+R4      Skipped 
125  TPM2u+R5      Skipped 
126  TPM2u+R6      Skipped 
127  TPM2u+R7      Skipped 
128  TPM2u+R8      Skipped 
129  TPM2u+R9      Skipped 
130  TPM2u+R10     Skipped 
131  TPM3          6852.890     22  13749.779    13750.815    13857.750
132  TPM3+I        6642.081     23  13330.161    13331.293    13443.040
133  TPM3+G4       6581.849     23  13209.699    13210.830    13322.577
134  TPM3+I+G4     6581.612     24  13211.225    13212.456    13329.011
135  TPM3+R2       6583.066     24  13214.133    13215.363    13331.919
136  TPM3+R3       6580.204     26  13212.408    13213.851    13340.010
137  TPM3+R4       Skipped 
138  TPM3+R5       Skipped 
139  TPM3+R6       Skipped 
140  TPM3+R7       Skipped 
141  TPM3+R8       Skipped 
142  TPM3+R9       Skipped 
143  TPM3+R10      Skipped 
144  TPM3u         6852.901     22  13749.802    13750.838    13857.772
145  TPM3u+I       6642.080     23  13330.159    13331.290    13443.038
146  TPM3u+G4      6581.873     23  13209.746    13210.878    13322.625
147  TPM3u+I+G4    6581.606     24  13211.211    13212.442    13328.998
148  TPM3u+R2      6583.060     24  13214.120    13215.350    13331.906
149  TPM3u+R3      6580.190     26  13212.379    13213.822    13339.981
150  TPM3u+R4      Skipped 
151  TPM3u+R5      Skipped 
152  TPM3u+R6      Skipped 
153  TPM3u+R7      Skipped 
154  TPM3u+R8      Skipped 
155  TPM3u+R9      Skipped 
156  TPM3u+R10     Skipped 
157  TIMe          7000.856     20  14041.712    14042.570    14139.868
158  TIMe+I        6772.316     21  13586.633    13587.578    13689.696
159  TIMe+G4       6718.176     21  13478.352    13479.297    13581.415
160  TIMe+I+G4     6718.276     22  13480.552    13481.588    13588.523
161  TIMe+R2       6720.395     22  13484.790    13485.826    13592.761
162  TIMe+R3       6717.491     24  13482.983    13484.214    13600.769
163  TIMe+R4       Skipped 
164  TIMe+R5       Skipped 
165  TIMe+R6       Skipped 
166  TIMe+R7       Skipped 
167  TIMe+R8       Skipped 
168  TIMe+R9       Skipped 
169  TIMe+R10      Skipped 
170  TIM           6856.041     23  13758.082    13759.213    13870.960
171  TIM+I         6642.263     24  13332.527    13333.758    13450.313
172  TIM+G4        6584.693     24  13217.386    13218.616    13335.172
173  TIM+I+G4      6584.512     25  13219.023    13220.358    13341.717
174  TIM+R2        6586.897     25  13223.794    13225.129    13346.488
175  TIM+R3        6583.449     27  13220.899    13222.454    13353.408
176  TIM+R4        Skipped 
177  TIM+R5        Skipped 
178  TIM+R6        Skipped 
179  TIM+R7        Skipped 
180  TIM+R8        Skipped 
181  TIM+R9        Skipped 
182  TIM+R10       Skipped 
183  TIM2e         6996.735     20  14033.470    14034.328    14131.625
184  TIM2e+I       6762.317     21  13566.634    13567.579    13669.697
185  TIM2e+G4      6704.909     21  13451.818    13452.763    13554.881
186  TIM2e+I+G4    6704.954     22  13453.908    13454.944    13561.879
187  TIM2e+R2      6709.035     22  13462.071    13463.107    13570.042
188  TIM2e+R3      6704.555     24  13457.111    13458.341    13574.897
189  TIM2e+R4      Skipped 
190  TIM2e+R5      Skipped 
191  TIM2e+R6      Skipped 
192  TIM2e+R7      Skipped 
193  TIM2e+R8      Skipped 
194  TIM2e+R9      Skipped 
195  TIM2e+R10     Skipped 
196  TIM2          6871.320     23  13788.641    13789.772    13901.519
197  TIM2+I        6652.271     24  13352.542    13353.772    13470.328
198  TIM2+G4       6599.208     24  13246.415    13247.646    13364.201
199  TIM2+I+G4     6598.940     25  13247.880    13249.215    13370.574
200  TIM2+R2       6601.804     25  13253.607    13254.942    13376.301
201  TIM2+R3       6598.244     27  13250.488    13252.043    13382.997
202  TIM2+R4       Skipped 
203  TIM2+R5       Skipped 
204  TIM2+R6       Skipped 
205  TIM2+R7       Skipped 
206  TIM2+R8       Skipped 
207  TIM2+R9       Skipped 
208  TIM2+R10      Skipped 
209  TIM3e         7000.858     20  14041.716    14042.574    14139.871
210  TIM3e+I       6773.875     21  13589.750    13590.695    13692.813
211  TIM3e+G4      6720.217     21  13482.433    13483.378    13585.496
212  TIM3e+I+G4    6720.437     22  13484.874    13485.909    13592.844
213  TIM3e+R2      6721.748     22  13487.495    13488.531    13595.466
214  TIM3e+R3      6719.259     24  13486.518    13487.749    13604.305
215  TIM3e+R4      Skipped 
216  TIM3e+R5      Skipped 
217  TIM3e+R6      Skipped 
218  TIM3e+R7      Skipped 
219  TIM3e+R8      Skipped 
220  TIM3e+R9      Skipped 
221  TIM3e+R10     Skipped 
222  TIM3          6851.318     23  13748.637    13749.768    13861.515
223  TIM3+I        6639.287     24  13326.573    13327.804    13444.359
224  TIM3+G4       6581.295     24  13210.590    13211.821    13328.376
225  TIM3+I+G4     6580.908     25  13211.816    13213.151    13334.510
226  TIM3+R2       6582.660     25  13215.320    13216.655    13338.014
227  TIM3+R3       6579.678     27  13213.357    13214.912    13345.866
228  TIM3+R4       Skipped 
229  TIM3+R5       Skipped 
230  TIM3+R6       Skipped 
231  TIM3+R7       Skipped 
232  TIM3+R8       Skipped 
233  TIM3+R9       Skipped 
234  TIM3+R10      Skipped 
235  TVMe          6989.472     21  14020.944    14021.889    14124.007
236  TVMe+I        6755.350     22  13554.700    13555.736    13662.670
237  TVMe+G4       6701.749     22  13447.498    13448.534    13555.468
238  TVMe+I+G4     6701.384     23  13448.768    13449.899    13561.646
239  TVMe+R2       6705.300     23  13456.600    13457.731    13569.478
240  TVMe+R3       6701.159     25  13452.318    13453.653    13575.012
241  TVMe+R4       Skipped 
242  TVMe+R5       Skipped 
243  TVMe+R6       Skipped 
244  TVMe+R7       Skipped 
245  TVMe+R8       Skipped 
246  TVMe+R9       Skipped 
247  TVMe+R10      Skipped 
248  TVM           6845.935     24  13739.871    13741.102    13857.657
249  TVM+I         6632.965     25  13315.929    13317.264    13438.623
250  TVM+G4        6574.134     25  13198.269    13199.603    13320.963
251  TVM+I+G4      6573.788     26  13199.575    13201.018    13327.177
252  TVM+R2        6575.542     26  13203.084    13204.527    13330.686
253  TVM+R3        6572.618     28  13201.236    13202.908    13338.653
254  TVM+R4        Skipped 
255  TVM+R5        Skipped 
256  TVM+R6        Skipped 
257  TVM+R7        Skipped 
258  TVM+R8        Skipped 
259  TVM+R9        Skipped 
260  TVM+R10       Skipped 
261  SYM           6987.752     22  14019.503    14020.539    14127.474
262  SYM+I         6753.836     23  13553.672    13554.803    13666.550
263  SYM+G4        6694.829     23  13435.657    13436.788    13548.535
264  SYM+I+G4      6694.915     24  13437.831    13439.062    13555.617
265  SYM+R2        6698.515     24  13445.030    13446.260    13562.816
266  SYM+R3        6694.408     26  13440.817    13442.260    13568.418
267  SYM+R4        Skipped 
268  SYM+R5        Skipped 
269  SYM+R6        Skipped 
270  SYM+R7        Skipped 
271  SYM+R8        Skipped 
272  SYM+R9        Skipped 
273  SYM+R10       Skipped 
274  GTR           6844.328     25  13738.656    13739.991    13861.350
275  GTR+I         6630.644     26  13313.287    13314.730    13440.889
276  GTR+G4        6573.348     26  13198.695    13200.138    13326.297
277  GTR+I+G4      6572.888     27  13199.776    13201.332    13332.285
278  GTR+R2        6574.951     27  13203.902    13205.457    13336.411
279  GTR+R3        6572.002     29  13202.005    13203.799    13344.330
280  GTR+R4        Skipped 
281  GTR+R5        Skipped 
282  GTR+R6        Skipped 
283  GTR+R7        Skipped 
284  GTR+R8        Skipped 
285  GTR+R9        Skipped 
286  GTR+R10       Skipped 
Akaike Information Criterion:           TVM+G4
Corrected Akaike Information Criterion: TVM+G4
Bayesian Information Criterion:         TVM+G4
Best-fit model: TVM+G4 chosen according to BIC

All model information printed to ./results/gene19.phy.model
CPU time for ModelFinder: 4.604 seconds (0h:0m:4s)
Wall-clock time for ModelFinder: 5.031 seconds (0h:0m:5s)
Generating 1000 samples for ultrafast bootstrap (seed: 663397)...

NOTE: 2 MB RAM (0 GB) is required!
Estimate model parameters (epsilon = 0.100)
1. Initial log-likelihood: -6824.842
2. Current log-likelihood: -6582.616
3. Current log-likelihood: -6575.668
4. Current log-likelihood: -6575.343
Optimal log-likelihood: -6575.263
Rate parameters:  A-C: 2.021  A-G: 3.998  A-T: 0.535  C-G: 0.986  C-T: 3.998  G-T: 1.000
Base frequencies:   A: 0.406  C: 0.153  G: 0.198  T: 0.243
Gamma shape alpha: 0.578
Parameters optimization took 4 rounds (0.088 sec)
Computing ML distances based on estimated model parameters... 0.001 sec
Computing BIONJ tree...
0.000 seconds
Log-likelihood of BIONJ tree: -6573.508
--------------------------------------------------------------------
|             INITIALIZING CANDIDATE TREE SET                      |
--------------------------------------------------------------------
Generating 98 parsimony trees... 0.068 second
Computing log-likelihood of 98 initial trees ... 0.340 seconds
Current best score: -6573.508

Do NNI search on 20 best initial trees
Estimate model parameters (epsilon = 0.100)
BETTER TREE FOUND at iteration 1: -6572.572
Estimate model parameters (epsilon = 0.100)
BETTER TREE FOUND at iteration 3: -6571.477
UPDATE BEST LOG-LIKELIHOOD: -6571.476
Iteration 10 / LogL: -6571.476 / Time: 0h:0m:5s
Iteration 20 / LogL: -6573.565 / Time: 0h:0m:6s
Finish initializing candidate tree set (11)
Current best tree score: -6571.476 / CPU time: 1.183
Number of iterations: 20
--------------------------------------------------------------------
|               OPTIMIZING CANDIDATE TREE SET                      |
--------------------------------------------------------------------
Iteration 30 / LogL: -6571.760 / Time: 0h:0m:6s (0h:0m:4s left)
UPDATE BEST LOG-LIKELIHOOD: -6571.476
Iteration 40 / LogL: -6571.757 / Time: 0h:0m:6s (0h:0m:3s left)
Iteration 50 / LogL: -6571.757 / Time: 0h:0m:7s (0h:0m:2s left)
Log-likelihood cutoff on original alignment: -6577.113
UPDATE BEST LOG-LIKELIHOOD: -6571.476
Iteration 60 / LogL: -6571.655 / Time: 0h:0m:7s (0h:0m:1s left)
Iteration 70 / LogL: -6571.476 / Time: 0h:0m:7s (0h:0m:1s left)
Iteration 80 / LogL: -6571.757 / Time: 0h:0m:8s (0h:0m:0s left)
Iteration 90 / LogL: -6571.476 / Time: 0h:0m:8s (0h:0m:0s left)
Iteration 100 / LogL: -6571.625 / Time: 0h:0m:8s (0h:0m:0s left)
Log-likelihood cutoff on original alignment: -6577.295
NOTE: Bootstrap correlation coefficient of split occurrence frequencies: 0.993
UPDATE BEST LOG-LIKELIHOOD: -6571.476
UPDATE BEST LOG-LIKELIHOOD: -6571.476
TREE SEARCH COMPLETED AFTER 104 ITERATIONS / Time: 0h:0m:8s

--------------------------------------------------------------------
|                    FINALIZING TREE SEARCH                        |
--------------------------------------------------------------------
Performs final model parameters optimization
Estimate model parameters (epsilon = 0.010)
1. Initial log-likelihood: -6571.476
2. Current log-likelihood: -6571.460
3. Current log-likelihood: -6571.446
4. Current log-likelihood: -6571.434
5. Current log-likelihood: -6571.424
Optimal log-likelihood: -6571.414
Rate parameters:  A-C: 2.086  A-G: 4.068  A-T: 0.540  C-G: 1.013  C-T: 4.068  G-T: 1.000
Base frequencies:   A: 0.406  C: 0.153  G: 0.198  T: 0.243
Gamma shape alpha: 0.585
Parameters optimization took 5 rounds (0.030 sec)
BEST SCORE FOUND : -6571.414
Creating bootstrap support values...
Split supports printed to NEXUS file ./results/gene19.phy.splits.nex
Total tree length: 2.373

Total number of iterations: 104
CPU time used for tree search: 3.833 sec (0h:0m:3s)
Wall-clock time used for tree search: 3.840 sec (0h:0m:3s)
Total CPU time used: 8.607 sec (0h:0m:8s)
Total wall-clock time used: 9.043 sec (0h:0m:9s)

Computing bootstrap consensus tree...
Reading input file ./results/gene19.phy.splits.nex...
10 taxa and 154 splits.
Consensus tree written to ./results/gene19.phy.contree
Reading input trees file ./results/gene19.phy.contree
Log-likelihood of consensus tree: -6571.414

Analysis results written to: 
  IQ-TREE report:                ./results/gene19.phy.iqtree
  Maximum-likelihood tree:       ./results/gene19.phy.treefile
  Likelihood distances:          ./results/gene19.phy.mldist

Ultrafast bootstrap approximation results written to:
  Split support values:          ./results/gene19.phy.splits.nex
  Consensus tree:                ./results/gene19.phy.contree
  Screen log file:               ./results/gene19.phy.log

Date and Time: Tue Aug 22 17:07:41 2017
