IQ-TREE multicore version 1.5.4 for Linux 64-bit built Apr  2 2017
Copyright (c) 2011-2017 by Bui Quang Minh, Nguyen Lam Tung,
Olga Chernomor, Heiko Schmidt, and Arndt von Haeseler.

Host:    hpc-crick (AVX, 251 GB RAM)
Command: iqtree -s ./results/gene16.phy -nt 1 -bb 1000
Seed:    606296 (Using SPRNG - Scalable Parallel Random Number Generator)
Time:    Tue Aug 22 17:14:30 2017
Kernel:  AVX - 1 threads (40 CPU cores detected)

Reading alignment file ./results/gene16.phy ... Phylip format detected
Alignment most likely contains DNA/RNA sequences
Alignment has 10 sequences with 1000 columns and 438 patterns (298 informative sites, 425 constant sites)
   Gap/Ambiguity  Composition  p-value
   1  A    0.00%    passed     91.77%
   2  B    0.00%    passed     80.16%
   3  C    0.00%    passed     94.79%
   4  D    0.00%    passed     83.47%
   5  E    0.00%    passed     91.10%
   6  F    0.00%    passed     89.60%
   7  G    0.00%    passed     62.52%
   8  H    0.00%    passed     94.58%
   9  I    0.00%    passed     54.36%
  10  J    0.00%    passed     89.95%
****  TOTAL    0.00%  0 sequences failed composition chi2 test (p-value<5%; df=3)

Create initial parsimony tree by phylogenetic likelihood library (PLL)... 0.001 seconds

NOTE: ModelFinder requires 3 MB RAM!
ModelFinder will test 286 DNA models (sample size: 1000) ...
 No. Model         -LnL         df  AIC          AICc         BIC
  1  JC            6724.206     17  13482.412    13483.035    13565.844
  2  JC+I          6535.374     18  13106.748    13107.445    13195.087
  3  JC+G4         6506.016     18  13048.032    13048.730    13136.372
  4  JC+I+G4       6504.804     19  13047.609    13048.384    13140.856
  5  JC+R2         6509.248     19  13056.497    13057.272    13149.744
  6  JC+R3         6504.285     21  13050.571    13051.515    13153.633
  7  JC+R4         Skipped 
  8  JC+R5         Skipped 
  9  JC+R6         Skipped 
 10  JC+R7         Skipped 
 11  JC+R8         Skipped 
 12  JC+R9         Skipped 
 13  JC+R10        Skipped 
 14  F81           6605.224     20  13250.449    13251.307    13348.604
 15  F81+I         6421.307     21  12884.614    12885.559    12987.677
 16  F81+G4        6385.885     21  12813.770    12814.715    12916.833
 17  F81+I+G4      6385.067     22  12814.134    12815.170    12922.104
 18  F81+R2        6390.943     22  12825.886    12826.922    12933.857
 19  F81+R3        6383.970     24  12815.939    12817.170    12933.725
 20  F81+R4        6383.944     26  12819.888    12821.331    12947.490
 21  F81+R5        Skipped 
 22  F81+R6        Skipped 
 23  F81+R7        Skipped 
 24  F81+R8        Skipped 
 25  F81+R9        Skipped 
 26  F81+R10       Skipped 
 27  K2P           6599.530     18  13235.060    13235.757    13323.400
 28  K2P+I         6402.518     19  12843.035    12843.811    12936.283
 29  K2P+G4        6364.333     19  12766.665    12767.441    12859.913
 30  K2P+I+G4      6363.147     20  12766.295    12767.153    12864.450
 31  K2P+R2        6369.803     20  12779.607    12780.465    12877.762
 32  K2P+R3        6360.497     22  12764.995    12766.031    12872.965
 33  K2P+R4        6360.482     24  12768.964    12770.195    12886.750
 34  K2P+R5        Skipped 
 35  K2P+R6        Skipped 
 36  K2P+R7        Skipped 
 37  K2P+R8        Skipped 
 38  K2P+R9        Skipped 
 39  K2P+R10       Skipped 
 40  HKY           6468.324     21  12978.648    12979.593    13081.711
 41  HKY+I         6277.576     22  12599.152    12600.188    12707.123
 42  HKY+G4        6222.541     22  12489.083    12490.119    12597.053
 43  HKY+I+G4      6222.006     23  12490.012    12491.143    12602.890
 44  HKY+R2        6231.811     23  12509.623    12510.754    12622.501
 45  HKY+R3        6219.382     25  12488.764    12490.099    12611.458
 46  HKY+R4        6219.365     27  12492.730    12494.285    12625.239
 47  HKY+R5        Skipped 
 48  HKY+R6        Skipped 
 49  HKY+R7        Skipped 
 50  HKY+R8        Skipped 
 51  HKY+R9        Skipped 
 52  HKY+R10       Skipped 
 53  TNe           6599.139     19  13236.278    13237.053    13329.525
 54  TNe+I         6402.500     20  12844.999    12845.857    12943.154
 55  TNe+G4        6364.230     20  12768.459    12769.317    12866.614
 56  TNe+I+G4      6362.972     21  12767.943    12768.888    12871.006
 57  TNe+R2        6369.810     21  12781.619    12782.564    12884.682
 58  TNe+R3        6359.974     23  12765.949    12767.080    12878.827
 59  TNe+R4        6359.974     25  12769.947    12771.282    12892.641
 60  TNe+R5        Skipped 
 61  TNe+R6        Skipped 
 62  TNe+R7        Skipped 
 63  TNe+R8        Skipped 
 64  TNe+R9        Skipped 
 65  TNe+R10       Skipped 
 66  TN            6460.026     22  12964.053    12965.089    13072.024
 67  TN+I          6270.783     23  12587.565    12588.696    12700.444
 68  TN+G4         6219.838     23  12485.676    12486.807    12598.554
 69  TN+I+G4       6219.202     24  12486.404    12487.635    12604.190
 70  TN+R2         6228.354     24  12504.708    12505.939    12622.495
 71  TN+R3         6217.010     26  12486.019    12487.462    12613.621
 72  TN+R4         6217.007     28  12490.014    12491.687    12627.432
 73  TN+R5         Skipped 
 74  TN+R6         Skipped 
 75  TN+R7         Skipped 
 76  TN+R8         Skipped 
 77  TN+R9         Skipped 
 78  TN+R10        Skipped 
 79  K3P           6598.158     19  13234.316    13235.092    13327.563
 80  K3P+I         6400.899     20  12841.797    12842.655    12939.952
 81  K3P+G4        6363.120     20  12766.241    12767.099    12864.396
 82  K3P+I+G4      6361.845     21  12765.691    12766.635    12868.754
 83  K3P+R2        6368.586     21  12779.171    12780.116    12882.234
 84  K3P+R3        6359.157     23  12764.313    12765.444    12877.192
 85  K3P+R4        6359.137     25  12768.274    12769.609    12890.968
 86  K3P+R5        Skipped 
 87  K3P+R6        Skipped 
 88  K3P+R7        Skipped 
 89  K3P+R8        Skipped 
 90  K3P+R9        Skipped 
 91  K3P+R10       Skipped 
 92  K3Pu          6459.162     22  12962.323    12963.359    13070.294
 93  K3Pu+I        6269.293     23  12584.586    12585.718    12697.465
 94  K3Pu+G4       6214.024     23  12474.048    12475.179    12586.926
 95  K3Pu+I+G4     6213.389     24  12474.778    12476.009    12592.564
 96  K3Pu+R2       6223.338     24  12494.675    12495.906    12612.461
 97  K3Pu+R3       6211.474     26  12474.949    12476.392    12602.550
 98  K3Pu+R4       6211.452     28  12478.904    12480.577    12616.322
 99  K3Pu+R5       Skipped 
100  K3Pu+R6       Skipped 
101  K3Pu+R7       Skipped 
102  K3Pu+R8       Skipped 
103  K3Pu+R9       Skipped 
104  K3Pu+R10      Skipped 
105  TPM2          6460.246     22  12964.491    12965.527    13072.462
106  TPM2+I        6265.393     23  12576.787    12577.918    12689.665
107  TPM2+G4       6218.720     23  12483.441    12484.572    12596.319
108  TPM2+I+G4     6217.765     24  12483.530    12484.761    12601.316
109  TPM2+R2       6226.900     24  12501.799    12503.030    12619.586
110  TPM2+R3       6215.078     26  12482.156    12483.599    12609.758
111  TPM2+R4       6215.073     28  12486.146    12487.818    12623.563
112  TPM2+R5       Skipped 
113  TPM2+R6       Skipped 
114  TPM2+R7       Skipped 
115  TPM2+R8       Skipped 
116  TPM2+R9       Skipped 
117  TPM2+R10      Skipped 
118  TPM2u         6460.162     22  12964.325    12965.360    13072.295
119  TPM2u+I       6265.379     23  12576.758    12577.889    12689.636
120  TPM2u+G4      6218.680     23  12483.360    12484.492    12596.239
121  TPM2u+I+G4    6217.774     24  12483.548    12484.779    12601.334
122  TPM2u+R2      6226.907     24  12501.814    12503.044    12619.600
123  TPM2u+R3      6215.064     26  12482.128    12483.571    12609.730
124  TPM2u+R4      6215.072     28  12486.143    12487.816    12623.560
125  TPM2u+R5      Skipped 
126  TPM2u+R6      Skipped 
127  TPM2u+R7      Skipped 
128  TPM2u+R8      Skipped 
129  TPM2u+R9      Skipped 
130  TPM2u+R10     Skipped 
131  TPM3          6450.483     22  12944.966    12946.002    13052.937
132  TPM3+I        6262.447     23  12570.894    12572.025    12683.773
133  TPM3+G4       6207.955     23  12461.910    12463.041    12574.788
134  TPM3+I+G4     6207.202     24  12462.404    12463.635    12580.190
135  TPM3+R2       6217.405     24  12482.809    12484.040    12600.595
136  TPM3+R3       6205.596     26  12463.191    12464.634    12590.793
137  TPM3+R4       6205.588     28  12467.176    12468.848    12604.593
138  TPM3+R5       Skipped 
139  TPM3+R6       Skipped 
140  TPM3+R7       Skipped 
141  TPM3+R8       Skipped 
142  TPM3+R9       Skipped 
143  TPM3+R10      Skipped 
144  TPM3u         6450.486     22  12944.973    12946.008    13052.943
145  TPM3u+I       6262.449     23  12570.898    12572.029    12683.777
146  TPM3u+G4      6207.979     23  12461.957    12463.088    12574.835
147  TPM3u+I+G4    6207.194     24  12462.389    12463.619    12580.175
148  TPM3u+R2      6217.393     24  12482.786    12484.017    12600.573
149  TPM3u+R3      6205.574     26  12463.148    12464.591    12590.750
150  TPM3u+R4      6205.579     28  12467.158    12468.831    12604.576
151  TPM3u+R5      Skipped 
152  TPM3u+R6      Skipped 
153  TPM3u+R7      Skipped 
154  TPM3u+R8      Skipped 
155  TPM3u+R9      Skipped 
156  TPM3u+R10     Skipped 
157  TIMe          6597.753     20  13235.507    13236.365    13333.662
158  TIMe+I        6400.879     21  12843.758    12844.703    12946.821
159  TIMe+G4       6363.033     21  12768.066    12769.011    12871.129
160  TIMe+I+G4     6361.725     22  12767.450    12768.486    12875.421
161  TIMe+R2       6368.579     22  12781.158    12782.194    12889.129
162  TIMe+R3       6358.673     24  12765.346    12766.576    12883.132
163  TIMe+R4       6358.657     26  12769.314    12770.756    12896.915
164  TIMe+R5       Skipped 
165  TIMe+R6       Skipped 
166  TIMe+R7       Skipped 
167  TIMe+R8       Skipped 
168  TIMe+R9       Skipped 
169  TIMe+R10      Skipped 
170  TIM           6450.510     23  12947.021    12948.152    13059.899
171  TIM+I         6262.520     24  12573.040    12574.271    12690.827
172  TIM+G4        6211.694     24  12471.388    12472.619    12589.174
173  TIM+I+G4      6210.860     25  12471.721    12473.056    12594.415
174  TIM+R2        6220.311     25  12490.622    12491.956    12613.316
175  TIM+R3        6209.169     27  12472.339    12473.895    12604.848
176  TIM+R4        6209.157     29  12476.315    12478.108    12618.640
177  TIM+R5        Skipped 
178  TIM+R6        Skipped 
179  TIM+R7        Skipped 
180  TIM+R8        Skipped 
181  TIM+R9        Skipped 
182  TIM+R10       Skipped 
183  TIM2e         6572.575     20  13185.150    13186.008    13283.305
184  TIM2e+I       6365.943     21  12773.887    12774.831    12876.950
185  TIM2e+G4      6325.783     21  12693.567    12694.512    12796.630
186  TIM2e+I+G4    6324.113     22  12692.225    12693.261    12800.196
187  TIM2e+R2      6332.692     22  12709.384    12710.420    12817.354
188  TIM2e+R3      6320.362     24  12688.724    12689.954    12806.510
189  TIM2e+R4      6320.334     26  12692.667    12694.110    12820.269
190  TIM2e+R5      Skipped 
191  TIM2e+R6      Skipped 
192  TIM2e+R7      Skipped 
193  TIM2e+R8      Skipped 
194  TIM2e+R9      Skipped 
195  TIM2e+R10     Skipped 
196  TIM2          6451.474     23  12948.947    12950.078    13061.826
197  TIM2+I        6258.878     24  12565.755    12566.986    12683.541
198  TIM2+G4       6214.758     24  12477.515    12478.746    12595.302
199  TIM2+I+G4     6213.779     25  12477.557    12478.892    12600.251
200  TIM2+R2       6222.135     25  12494.270    12495.604    12616.963
201  TIM2+R3       6211.753     27  12477.507    12479.062    12610.016
202  TIM2+R4       6211.754     29  12481.508    12483.302    12623.833
203  TIM2+R5       Skipped 
204  TIM2+R6       Skipped 
205  TIM2+R7       Skipped 
206  TIM2+R8       Skipped 
207  TIM2+R9       Skipped 
208  TIM2+R10      Skipped 
209  TIM3e         6595.903     20  13231.807    13232.665    13329.962
210  TIM3e+I       6399.582     21  12841.164    12842.109    12944.227
211  TIM3e+G4      6362.349     21  12766.699    12767.643    12869.761
212  TIM3e+I+G4    6361.038     22  12766.076    12767.112    12874.047
213  TIM3e+R2      6367.523     22  12779.045    12780.081    12887.016
214  TIM3e+R3      6358.373     24  12764.745    12765.976    12882.531
215  TIM3e+R4      6358.379     26  12768.758    12770.201    12896.359
216  TIM3e+R5      Skipped 
217  TIM3e+R6      Skipped 
218  TIM3e+R7      Skipped 
219  TIM3e+R8      Skipped 
220  TIM3e+R9      Skipped 
221  TIM3e+R10     Skipped 
222  TIM3          6439.955     23  12925.909    12927.040    13038.788
223  TIM3+I        6255.092     24  12558.184    12559.415    12675.970
224  TIM3+G4       6204.228     24  12456.456    12457.687    12574.242
225  TIM3+I+G4     6203.279     25  12456.559    12457.893    12579.252
226  TIM3+R2       6213.082     25  12476.164    12477.499    12598.858
227  TIM3+R3       6202.105     27  12458.210    12459.765    12590.719
228  TIM3+R4       6202.109     29  12462.219    12464.012    12604.543
229  TIM3+R5       Skipped 
230  TIM3+R6       Skipped 
231  TIM3+R7       Skipped 
232  TIM3+R8       Skipped 
233  TIM3+R9       Skipped 
234  TIM3+R10      Skipped 
235  TVMe          6569.267     21  13180.534    13181.479    13283.597
236  TVMe+I        6362.216     22  12768.431    12769.467    12876.402
237  TVMe+G4       6322.936     22  12689.872    12690.908    12797.843
238  TVMe+I+G4     6321.217     23  12688.434    12689.565    12801.312
239  TVMe+R2       6329.465     23  12704.930    12706.061    12817.808
240  TVMe+R3       6317.649     25  12685.297    12686.632    12807.991
241  TVMe+R4       6317.626     27  12689.252    12690.808    12821.761
242  TVMe+R5       Skipped 
243  TVMe+R6       Skipped 
244  TVMe+R7       Skipped 
245  TVMe+R8       Skipped 
246  TVMe+R9       Skipped 
247  TVMe+R10      Skipped 
248  TVM           6439.604     24  12927.207    12928.438    13044.993
249  TVM+I         6247.813     25  12545.627    12546.961    12668.321
250  TVM+G4        6201.086     25  12452.173    12453.507    12574.867
251  TVM+I+G4      6199.930     26  12451.860    12453.303    12579.461
252  TVM+R2        6209.766     26  12471.531    12472.974    12599.133
253  TVM+R3        6198.094     28  12452.188    12453.861    12589.606
254  TVM+R4        6198.095     30  12456.189    12458.109    12603.422
255  TVM+R5        Skipped 
256  TVM+R6        Skipped 
257  TVM+R7        Skipped 
258  TVM+R8        Skipped 
259  TVM+R9        Skipped 
260  TVM+R10       Skipped 
261  SYM           6568.856     22  13181.712    13182.747    13289.682
262  SYM+I         6362.216     23  12770.431    12771.562    12883.310
263  SYM+G4        6322.473     23  12690.945    12692.076    12803.823
264  SYM+I+G4      6320.540     24  12689.081    12690.312    12806.867
265  SYM+R2        6329.276     24  12706.552    12707.783    12824.338
266  SYM+R3        6316.596     26  12685.192    12686.635    12812.794
267  SYM+R4        6316.564     28  12689.128    12690.801    12826.545
268  SYM+R5        Skipped 
269  SYM+R6        Skipped 
270  SYM+R7        Skipped 
271  SYM+R8        Skipped 
272  SYM+R9        Skipped 
273  SYM+R10       Skipped 
274  GTR           6428.830     25  12907.659    12908.994    13030.353
275  GTR+I         6241.229     26  12534.458    12535.901    12662.060
276  GTR+G4        6195.866     26  12443.732    12445.175    12571.334
277  GTR+I+G4      6194.651     27  12443.302    12444.858    12575.812
278  GTR+R2        6204.089     27  12462.178    12463.733    12594.687
279  GTR+R3        6193.517     29  12445.033    12446.827    12587.358
280  GTR+R4        6193.494     31  12448.988    12451.037    12601.128
281  GTR+R5        Skipped 
282  GTR+R6        Skipped 
283  GTR+R7        Skipped 
284  GTR+R8        Skipped 
285  GTR+R9        Skipped 
286  GTR+R10       Skipped 
Akaike Information Criterion:           GTR+I+G4
Corrected Akaike Information Criterion: GTR+I+G4
Bayesian Information Criterion:         GTR+G4
Best-fit model: GTR+G4 chosen according to BIC

All model information printed to ./results/gene16.phy.model
CPU time for ModelFinder: 10.111 seconds (0h:0m:10s)
Wall-clock time for ModelFinder: 11.510 seconds (0h:0m:11s)
Generating 1000 samples for ultrafast bootstrap (seed: 606296)...

NOTE: 2 MB RAM (0 GB) is required!
Estimate model parameters (epsilon = 0.100)
1. Initial log-likelihood: -6421.663
2. Current log-likelihood: -6201.521
3. Current log-likelihood: -6196.328
4. Current log-likelihood: -6196.167
Optimal log-likelihood: -6196.130
Rate parameters:  A-C: 3.098  A-G: 4.429  A-T: 1.044  C-G: 1.157  C-T: 6.938  G-T: 1.000
Base frequencies:   A: 0.407  C: 0.146  G: 0.193  T: 0.255
Gamma shape alpha: 0.598
Parameters optimization took 4 rounds (0.103 sec)
Computing ML distances based on estimated model parameters... 0.001 sec
Computing BIONJ tree...
0.000 seconds
Log-likelihood of BIONJ tree: -6193.532
--------------------------------------------------------------------
|             INITIALIZING CANDIDATE TREE SET                      |
--------------------------------------------------------------------
Generating 98 parsimony trees... 0.058 second
Computing log-likelihood of 96 initial trees ... 0.317 seconds
Current best score: -6193.532

Do NNI search on 20 best initial trees
Estimate model parameters (epsilon = 0.100)
BETTER TREE FOUND at iteration 1: -6191.606
WARNING: NNI search needs unusual large number of steps (7) to converge!
Estimate model parameters (epsilon = 0.100)
BETTER TREE FOUND at iteration 2: -6190.137
Iteration 10 / LogL: -6193.937 / Time: 0h:0m:12s
WARNING: NNI search needs unusual large number of steps (7) to converge!
Estimate model parameters (epsilon = 0.100)
BETTER TREE FOUND at iteration 14: -6189.886
Iteration 20 / LogL: -6191.763 / Time: 0h:0m:13s
Finish initializing candidate tree set (13)
Current best tree score: -6189.886 / CPU time: 1.385
Number of iterations: 20
--------------------------------------------------------------------
|               OPTIMIZING CANDIDATE TREE SET                      |
--------------------------------------------------------------------
BETTER TREE FOUND at iteration 22: -6189.885
Iteration 30 / LogL: -6190.430 / Time: 0h:0m:13s (0h:0m:5s left)
UPDATE BEST LOG-LIKELIHOOD: -6189.885
Iteration 40 / LogL: -6190.404 / Time: 0h:0m:13s (0h:0m:4s left)
Iteration 50 / LogL: -6190.045 / Time: 0h:0m:14s (0h:0m:3s left)
Log-likelihood cutoff on original alignment: -6197.996
UPDATE BEST LOG-LIKELIHOOD: -6189.885
Iteration 60 / LogL: -6189.885 / Time: 0h:0m:14s (0h:0m:3s left)
Iteration 70 / LogL: -6190.061 / Time: 0h:0m:14s (0h:0m:2s left)
Iteration 80 / LogL: -6189.886 / Time: 0h:0m:15s (0h:0m:1s left)
Iteration 90 / LogL: -6190.061 / Time: 0h:0m:15s (0h:0m:1s left)
UPDATE BEST LOG-LIKELIHOOD: -6189.885
Iteration 100 / LogL: -6189.885 / Time: 0h:0m:15s (0h:0m:0s left)
Log-likelihood cutoff on original alignment: -6199.218
NOTE: Bootstrap correlation coefficient of split occurrence frequencies: 0.973
NOTE: UFBoot does not converge, continue at least 100 more iterations
UPDATE BEST LOG-LIKELIHOOD: -6189.885
Iteration 110 / LogL: -6189.886 / Time: 0h:0m:16s (0h:0m:3s left)
Iteration 120 / LogL: -6189.885 / Time: 0h:0m:16s (0h:0m:3s left)
Iteration 130 / LogL: -6189.885 / Time: 0h:0m:16s (0h:0m:2s left)
Iteration 140 / LogL: -6189.885 / Time: 0h:0m:17s (0h:0m:2s left)
Iteration 150 / LogL: -6189.885 / Time: 0h:0m:17s (0h:0m:2s left)
Log-likelihood cutoff on original alignment: -6199.218
Iteration 160 / LogL: -6189.886 / Time: 0h:0m:17s (0h:0m:1s left)
Iteration 170 / LogL: -6190.045 / Time: 0h:0m:18s (0h:0m:1s left)
UPDATE BEST LOG-LIKELIHOOD: -6189.885
Iteration 180 / LogL: -6189.885 / Time: 0h:0m:18s (0h:0m:0s left)
Iteration 190 / LogL: -6189.885 / Time: 0h:0m:19s (0h:0m:0s left)
UPDATE BEST LOG-LIKELIHOOD: -6189.885
Iteration 200 / LogL: -6190.045 / Time: 0h:0m:19s (0h:0m:0s left)
Log-likelihood cutoff on original alignment: -6199.218
NOTE: Bootstrap correlation coefficient of split occurrence frequencies: 0.991
TREE SEARCH COMPLETED AFTER 200 ITERATIONS / Time: 0h:0m:19s

--------------------------------------------------------------------
|                    FINALIZING TREE SEARCH                        |
--------------------------------------------------------------------
Performs final model parameters optimization
Estimate model parameters (epsilon = 0.010)
1. Initial log-likelihood: -6189.885
Optimal log-likelihood: -6189.877
Rate parameters:  A-C: 3.194  A-G: 4.479  A-T: 1.025  C-G: 1.164  C-T: 6.936  G-T: 1.000
Base frequencies:   A: 0.407  C: 0.146  G: 0.193  T: 0.255
Gamma shape alpha: 0.603
Parameters optimization took 1 rounds (0.006 sec)
BEST SCORE FOUND : -6189.877
Creating bootstrap support values...
Split supports printed to NEXUS file ./results/gene16.phy.splits.nex
Total tree length: 2.023

Total number of iterations: 200
CPU time used for tree search: 7.799 sec (0h:0m:7s)
Wall-clock time used for tree search: 7.840 sec (0h:0m:7s)
Total CPU time used: 18.075 sec (0h:0m:18s)
Total wall-clock time used: 19.525 sec (0h:0m:19s)

Computing bootstrap consensus tree...
Reading input file ./results/gene16.phy.splits.nex...
10 taxa and 194 splits.
Consensus tree written to ./results/gene16.phy.contree
Reading input trees file ./results/gene16.phy.contree
Log-likelihood of consensus tree: -6190.144

Analysis results written to: 
  IQ-TREE report:                ./results/gene16.phy.iqtree
  Maximum-likelihood tree:       ./results/gene16.phy.treefile
  Likelihood distances:          ./results/gene16.phy.mldist

Ultrafast bootstrap approximation results written to:
  Split support values:          ./results/gene16.phy.splits.nex
  Consensus tree:                ./results/gene16.phy.contree
  Screen log file:               ./results/gene16.phy.log

Date and Time: Tue Aug 22 17:14:50 2017
