IQ-TREE multicore version 1.5.4 for Linux 64-bit built Apr  2 2017
Copyright (c) 2011-2017 by Bui Quang Minh, Nguyen Lam Tung,
Olga Chernomor, Heiko Schmidt, and Arndt von Haeseler.

Host:    hpc-crick (AVX, 251 GB RAM)
Command: iqtree -s ./results/gene11.phy -nt 1 -bb 1000
Seed:    691413 (Using SPRNG - Scalable Parallel Random Number Generator)
Time:    Tue Aug 22 17:11:34 2017
Kernel:  AVX - 1 threads (40 CPU cores detected)

Reading alignment file ./results/gene11.phy ... Phylip format detected
Alignment most likely contains DNA/RNA sequences
Alignment has 10 sequences with 1000 columns and 444 patterns (290 informative sites, 426 constant sites)
   Gap/Ambiguity  Composition  p-value
   1  A    0.00%    passed     99.75%
   2  B    0.00%    passed     65.82%
   3  C    0.00%    passed     85.14%
   4  D    0.00%    passed     76.52%
   5  E    0.00%    passed     87.67%
   6  F    0.00%    passed     77.16%
   7  G    0.00%    passed     80.94%
   8  H    0.00%    passed     60.21%
   9  I    0.00%    passed     96.28%
  10  J    0.00%    passed     89.20%
****  TOTAL    0.00%  0 sequences failed composition chi2 test (p-value<5%; df=3)

Create initial parsimony tree by phylogenetic likelihood library (PLL)... 0.001 seconds

NOTE: ModelFinder requires 3 MB RAM!
ModelFinder will test 286 DNA models (sample size: 1000) ...
 No. Model         -LnL         df  AIC          AICc         BIC
  1  JC            6971.830     17  13977.661    13978.284    14061.092
  2  JC+I          6743.018     18  13522.036    13522.733    13610.375
  3  JC+G4         6698.465     18  13432.929    13433.626    13521.269
  4  JC+I+G4       6697.893     19  13433.786    13434.562    13527.034
  5  JC+R2         6703.929     19  13445.858    13446.633    13539.105
  6  JC+R3         6697.488     21  13436.976    13437.920    13540.038
  7  JC+R4         Skipped 
  8  JC+R5         Skipped 
  9  JC+R6         Skipped 
 10  JC+R7         Skipped 
 11  JC+R8         Skipped 
 12  JC+R9         Skipped 
 13  JC+R10        Skipped 
 14  F81           6841.717     20  13723.434    13724.292    13821.589
 15  F81+I         6612.907     21  13267.814    13268.759    13370.877
 16  F81+G4        6557.119     21  13156.239    13157.183    13259.301
 17  F81+I+G4      6557.252     22  13158.505    13159.541    13266.476
 18  F81+R2        6563.746     22  13171.493    13172.529    13279.463
 19  F81+R3        6556.818     24  13161.635    13162.866    13279.421
 20  F81+R4        6556.810     26  13165.620    13167.063    13293.222
 21  F81+R5        Skipped 
 22  F81+R6        Skipped 
 23  F81+R7        Skipped 
 24  F81+R8        Skipped 
 25  F81+R9        Skipped 
 26  F81+R10       Skipped 
 27  K2P           6830.447     18  13696.894    13697.591    13785.234
 28  K2P+I         6591.403     19  13220.806    13221.582    13314.053
 29  K2P+G4        6536.756     19  13111.512    13112.288    13204.760
 30  K2P+I+G4      6535.995     20  13111.990    13112.848    13210.145
 31  K2P+R2        6544.365     20  13128.731    13129.589    13226.886
 32  K2P+R3        6534.680     22  13113.360    13114.396    13221.331
 33  K2P+R4        6534.651     24  13117.303    13118.533    13235.089
 34  K2P+R5        Skipped 
 35  K2P+R6        Skipped 
 36  K2P+R7        Skipped 
 37  K2P+R8        Skipped 
 38  K2P+R9        Skipped 
 39  K2P+R10       Skipped 
 40  HKY           6696.453     21  13434.906    13435.851    13537.969
 41  HKY+I         6457.716     22  12959.432    12960.468    13067.403
 42  HKY+G4        6391.364     22  12826.728    12827.764    12934.699
 43  HKY+I+G4      6390.697     23  12827.394    12828.525    12940.272
 44  HKY+R2        6403.066     23  12852.132    12853.263    12965.010
 45  HKY+R3        6389.573     25  12829.145    12830.480    12951.839
 46  HKY+R4        6389.560     27  12833.119    12834.675    12965.629
 47  HKY+R5        Skipped 
 48  HKY+R6        Skipped 
 49  HKY+R7        Skipped 
 50  HKY+R8        Skipped 
 51  HKY+R9        Skipped 
 52  HKY+R10       Skipped 
 53  TNe           6829.071     19  13696.143    13696.918    13789.390
 54  TNe+I         6589.091     20  13218.183    13219.041    13316.338
 55  TNe+G4        6534.847     20  13109.693    13110.551    13207.848
 56  TNe+I+G4      6533.655     21  13109.310    13110.255    13212.373
 57  TNe+R2        6543.280     21  13128.559    13129.504    13231.622
 58  TNe+R3        6530.669     23  13107.337    13108.468    13220.216
 59  TNe+R4        6530.650     25  13111.299    13112.634    13233.993
 60  TNe+R5        Skipped 
 61  TNe+R6        Skipped 
 62  TNe+R7        Skipped 
 63  TNe+R8        Skipped 
 64  TNe+R9        Skipped 
 65  TNe+R10       Skipped 
 66  TN            6695.313     22  13434.625    13435.661    13542.596
 67  TN+I          6456.734     23  12959.468    12960.600    13072.347
 68  TN+G4         6389.510     23  12825.020    12826.151    12937.899
 69  TN+I+G4       6389.204     24  12826.408    12827.639    12944.194
 70  TN+R2         6399.406     24  12846.812    12848.043    12964.598
 71  TN+R3         6388.608     26  12829.217    12830.660    12956.818
 72  TN+R4         6388.587     28  12833.173    12834.846    12970.591
 73  TN+R5         Skipped 
 74  TN+R6         Skipped 
 75  TN+R7         Skipped 
 76  TN+R8         Skipped 
 77  TN+R9         Skipped 
 78  TN+R10        Skipped 
 79  K3P           6828.577     19  13695.154    13695.930    13788.402
 80  K3P+I         6588.510     20  13217.019    13217.877    13315.174
 81  K3P+G4        6532.443     20  13104.886    13105.744    13203.041
 82  K3P+I+G4      6531.710     21  13105.419    13106.364    13208.482
 83  K3P+R2        6540.402     21  13122.803    13123.748    13225.866
 84  K3P+R3        6530.595     23  13107.190    13108.322    13220.069
 85  K3P+R4        6530.606     25  13111.211    13112.546    13233.905
 86  K3P+R5        Skipped 
 87  K3P+R6        Skipped 
 88  K3P+R7        Skipped 
 89  K3P+R8        Skipped 
 90  K3P+R9        Skipped 
 91  K3P+R10       Skipped 
 92  K3Pu          6691.749     22  13427.498    13428.534    13535.468
 93  K3Pu+I        6451.859     23  12949.719    12950.850    13062.597
 94  K3Pu+G4       6382.176     23  12810.352    12811.483    12923.230
 95  K3Pu+I+G4     6381.774     24  12811.547    12812.778    12929.333
 96  K3Pu+R2       6393.987     24  12835.974    12837.205    12953.760
 97  K3Pu+R3       6381.079     26  12814.159    12815.601    12941.760
 98  K3Pu+R4       6381.070     28  12818.140    12819.813    12955.557
 99  K3Pu+R5       Skipped 
100  K3Pu+R6       Skipped 
101  K3Pu+R7       Skipped 
102  K3Pu+R8       Skipped 
103  K3Pu+R9       Skipped 
104  K3Pu+R10      Skipped 
105  TPM2          6694.119     22  13432.237    13433.273    13540.208
106  TPM2+I        6453.202     23  12952.404    12953.535    13065.282
107  TPM2+G4       6389.525     23  12825.051    12826.182    12937.929
108  TPM2+I+G4     6388.949     24  12825.899    12827.130    12943.685
109  TPM2+R2       6399.484     24  12846.969    12848.200    12964.755
110  TPM2+R3       6387.882     26  12827.764    12829.207    12955.366
111  TPM2+R4       6387.890     28  12831.779    12833.452    12969.196
112  TPM2+R5       Skipped 
113  TPM2+R6       Skipped 
114  TPM2+R7       Skipped 
115  TPM2+R8       Skipped 
116  TPM2+R9       Skipped 
117  TPM2+R10      Skipped 
118  TPM2u         6694.120     22  13432.239    13433.275    13540.210
119  TPM2u+I       6453.223     23  12952.445    12953.576    13065.324
120  TPM2u+G4      6389.506     23  12825.013    12826.144    12937.891
121  TPM2u+I+G4    6388.924     24  12825.848    12827.079    12943.634
122  TPM2u+R2      6399.474     24  12846.949    12848.180    12964.735
123  TPM2u+R3      6387.894     26  12827.788    12829.231    12955.389
124  TPM2u+R4      6387.902     28  12831.803    12833.476    12969.220
125  TPM2u+R5      Skipped 
126  TPM2u+R6      Skipped 
127  TPM2u+R7      Skipped 
128  TPM2u+R8      Skipped 
129  TPM2u+R9      Skipped 
130  TPM2u+R10     Skipped 
131  TPM3          6688.859     22  13421.718    13422.754    13529.688
132  TPM3+I        6449.312     23  12944.624    12945.756    13057.503
133  TPM3+G4       6377.283     23  12800.565    12801.696    12913.444
134  TPM3+I+G4     6377.395     24  12802.790    12804.021    12920.576
135  TPM3+R2       6385.838     24  12819.677    12820.907    12937.463
136  TPM3+R3       6377.117     26  12806.235    12807.678    12933.837
137  TPM3+R4       6377.048     28  12810.097    12811.769    12947.514
138  TPM3+R5       Skipped 
139  TPM3+R6       Skipped 
140  TPM3+R7       Skipped 
141  TPM3+R8       Skipped 
142  TPM3+R9       Skipped 
143  TPM3+R10      Skipped 
144  TPM3u         6688.858     22  13421.715    13422.751    13529.686
145  TPM3u+I       6449.312     23  12944.623    12945.754    13057.502
146  TPM3u+G4      6377.283     23  12800.566    12801.697    12913.444
147  TPM3u+I+G4    6377.386     24  12802.771    12804.002    12920.558
148  TPM3u+R2      6385.853     24  12819.706    12820.937    12937.493
149  TPM3u+R3      6376.987     26  12805.975    12807.418    12933.577
150  TPM3u+R4      6376.987     28  12809.974    12811.646    12947.391
151  TPM3u+R5      Skipped 
152  TPM3u+R6      Skipped 
153  TPM3u+R7      Skipped 
154  TPM3u+R8      Skipped 
155  TPM3u+R9      Skipped 
156  TPM3u+R10     Skipped 
157  TIMe          6827.297     20  13694.594    13695.452    13792.749
158  TIMe+I        6586.316     21  13214.632    13215.577    13317.695
159  TIMe+G4       6530.615     21  13103.230    13104.175    13206.293
160  TIMe+I+G4     6529.479     22  13102.959    13103.995    13210.929
161  TIMe+R2       6539.460     22  13122.919    13123.955    13230.890
162  TIMe+R3       6526.897     24  13101.794    13103.024    13219.580
163  TIMe+R4       6526.887     26  13105.773    13107.216    13233.375
164  TIMe+R5       Skipped 
165  TIMe+R6       Skipped 
166  TIMe+R7       Skipped 
167  TIMe+R8       Skipped 
168  TIMe+R9       Skipped 
169  TIMe+R10      Skipped 
170  TIM           6690.516     23  13427.033    13428.164    13539.911
171  TIM+I         6450.781     24  12949.563    12950.794    13067.349
172  TIM+G4        6380.472     24  12808.944    12810.174    12926.730
173  TIM+I+G4      6380.415     25  12810.829    12812.164    12933.523
174  TIM+R2        6390.003     25  12830.007    12831.341    12952.701
175  TIM+R3        6380.089     27  12814.177    12815.733    12946.687
176  TIM+R4        6380.154     29  12818.307    12820.101    12960.632
177  TIM+R5        Skipped 
178  TIM+R6        Skipped 
179  TIM+R7        Skipped 
180  TIM+R8        Skipped 
181  TIM+R9        Skipped 
182  TIM+R10       Skipped 
183  TIM2e         6814.540     20  13669.079    13669.937    13767.234
184  TIM2e+I       6568.592     21  13179.185    13180.129    13282.247
185  TIM2e+G4      6505.062     21  13052.125    13053.069    13155.188
186  TIM2e+I+G4    6504.017     22  13052.033    13053.069    13160.004
187  TIM2e+R2      6515.318     22  13074.637    13075.672    13182.607
188  TIM2e+R3      6501.385     24  13050.769    13052.000    13168.555
189  TIM2e+R4      6501.355     26  13054.711    13056.154    13182.312
190  TIM2e+R5      Skipped 
191  TIM2e+R6      Skipped 
192  TIM2e+R7      Skipped 
193  TIM2e+R8      Skipped 
194  TIM2e+R9      Skipped 
195  TIM2e+R10     Skipped 
196  TIM2          6692.908     23  13431.815    13432.946    13544.694
197  TIM2+I        6452.354     24  12952.709    12953.940    13070.495
198  TIM2+G4       6386.903     24  12821.807    12823.038    12939.593
199  TIM2+I+G4     6386.753     25  12823.507    12824.842    12946.201
200  TIM2+R2       6395.336     25  12840.673    12842.008    12963.367
201  TIM2+R3       6386.465     27  12826.929    12828.485    12959.439
202  TIM2+R4       6386.458     29  12830.916    12832.710    12973.241
203  TIM2+R5       Skipped 
204  TIM2+R6       Skipped 
205  TIM2+R7       Skipped 
206  TIM2+R8       Skipped 
207  TIM2+R9       Skipped 
208  TIM2+R10      Skipped 
209  TIM3e         6826.466     20  13692.932    13693.790    13791.087
210  TIM3e+I       6585.989     21  13213.978    13214.923    13317.041
211  TIM3e+G4      6530.115     21  13102.229    13103.174    13205.292
212  TIM3e+I+G4    6529.178     22  13102.356    13103.391    13210.326
213  TIM3e+R2      6538.069     22  13120.138    13121.174    13228.109
214  TIM3e+R3      6527.220     24  13102.439    13103.670    13220.225
215  TIM3e+R4      6527.216     26  13106.432    13107.875    13234.034
216  TIM3e+R5      Skipped 
217  TIM3e+R6      Skipped 
218  TIM3e+R7      Skipped 
219  TIM3e+R8      Skipped 
220  TIM3e+R9      Skipped 
221  TIM3e+R10     Skipped 
222  TIM3          6687.412     23  13420.823    13421.954    13533.701
223  TIM3+I        6448.095     24  12944.191    12945.421    13061.977
224  TIM3+G4       6375.010     24  12798.019    12799.250    12915.805
225  TIM3+I+G4     6375.404     25  12800.808    12802.142    12923.502
226  TIM3+R2       6380.433     25  12810.865    12812.200    12933.559
227  TIM3+R3       6375.120     27  12804.240    12805.795    12936.749
228  TIM3+R4       Skipped 
229  TIM3+R5       Skipped 
230  TIM3+R6       Skipped 
231  TIM3+R7       Skipped 
232  TIM3+R8       Skipped 
233  TIM3+R9       Skipped 
234  TIM3+R10      Skipped 
235  TVMe          6812.481     21  13666.961    13667.906    13770.024
236  TVMe+I        6566.353     22  13176.706    13177.742    13284.677
237  TVMe+G4       6500.513     22  13045.026    13046.062    13152.997
238  TVMe+I+G4     6500.050     23  13046.100    13047.231    13158.978
239  TVMe+R2       6509.594     23  13065.188    13066.320    13178.067
240  TVMe+R3       6498.983     25  13047.966    13049.300    13170.660
241  TVMe+R4       6498.973     27  13051.945    13053.501    13184.455
242  TVMe+R5       Skipped 
243  TVMe+R6       Skipped 
244  TVMe+R7       Skipped 
245  TVMe+R8       Skipped 
246  TVMe+R9       Skipped 
247  TVMe+R10      Skipped 
248  TVM           6685.027     24  13418.053    13419.284    13535.839
249  TVM+I         6442.596     25  12935.193    12936.528    13057.887
250  TVM+G4        6371.938     25  12793.876    12795.211    12916.570
251  TVM+I+G4      6372.020     26  12796.041    12797.484    12923.643
252  TVM+R2        6379.062     26  12810.124    12811.566    12937.725
253  TVM+R3        6371.744     28  12799.487    12801.160    12936.905
254  TVM+R4        6371.758     30  12803.515    12805.435    12950.748
255  TVM+R5        Skipped 
256  TVM+R6        Skipped 
257  TVM+R7        Skipped 
258  TVM+R8        Skipped 
259  TVM+R9        Skipped 
260  TVM+R10       Skipped 
261  SYM           6811.217     22  13666.433    13667.469    13774.404
262  SYM+I         6564.094     23  13174.188    13175.319    13287.066
263  SYM+G4        6497.440     23  13040.880    13042.011    13153.758
264  SYM+I+G4      6496.641     24  13041.282    13042.513    13159.069
265  SYM+R2        6507.967     24  13063.935    13065.165    13181.721
266  SYM+R3        6494.751     26  13041.502    13042.944    13169.103
267  SYM+R4        6494.764     28  13045.529    13047.201    13182.946
268  SYM+R5        Skipped 
269  SYM+R6        Skipped 
270  SYM+R7        Skipped 
271  SYM+R8        Skipped 
272  SYM+R9        Skipped 
273  SYM+R10       Skipped 
274  GTR           6683.486     25  13416.972    13418.307    13539.666
275  GTR+I         6441.461     26  12934.922    12936.365    13062.524
276  GTR+G4        6368.968     26  12789.936    12791.379    12917.537
277  GTR+I+G4      6369.475     27  12792.949    12794.505    12925.459
278  GTR+R2        6372.888     27  12799.775    12801.331    12932.285
279  GTR+R3        6368.916     29  12795.831    12797.625    12938.156
280  GTR+R4        Skipped 
281  GTR+R5        Skipped 
282  GTR+R6        Skipped 
283  GTR+R7        Skipped 
284  GTR+R8        Skipped 
285  GTR+R9        Skipped 
286  GTR+R10       Skipped 
Akaike Information Criterion:           GTR+G4
Corrected Akaike Information Criterion: GTR+G4
Bayesian Information Criterion:         TPM3+G4
Best-fit model: TPM3+G4 chosen according to BIC

All model information printed to ./results/gene11.phy.model
CPU time for ModelFinder: 13.279 seconds (0h:0m:13s)
Wall-clock time for ModelFinder: 17.152 seconds (0h:0m:17s)
Generating 1000 samples for ultrafast bootstrap (seed: 691413)...

NOTE: 2 MB RAM (0 GB) is required!
Estimate model parameters (epsilon = 0.100)
1. Initial log-likelihood: -6607.477
2. Current log-likelihood: -6387.768
3. Current log-likelihood: -6379.814
4. Current log-likelihood: -6378.898
Optimal log-likelihood: -6378.851
Rate parameters:  A-C: 2.145  A-G: 5.637  A-T: 1.000  C-G: 2.145  C-T: 5.637  G-T: 1.000
Base frequencies:   A: 0.417  C: 0.170  G: 0.195  T: 0.218
Gamma shape alpha: 0.480
Parameters optimization took 4 rounds (0.060 sec)
Computing ML distances based on estimated model parameters... 0.001 sec
Computing BIONJ tree...
0.000 seconds
Log-likelihood of BIONJ tree: -6376.625
--------------------------------------------------------------------
|             INITIALIZING CANDIDATE TREE SET                      |
--------------------------------------------------------------------
Generating 98 parsimony trees... 0.072 second
Computing log-likelihood of 92 initial trees ... 0.446 seconds
Current best score: -6376.625

Do NNI search on 20 best initial trees
Estimate model parameters (epsilon = 0.100)
BETTER TREE FOUND at iteration 1: -6374.310
Iteration 10 / LogL: -6378.227 / Time: 0h:0m:18s
Estimate model parameters (epsilon = 0.100)
BETTER TREE FOUND at iteration 14: -6373.886
Iteration 20 / LogL: -6374.315 / Time: 0h:0m:18s
Finish initializing candidate tree set (6)
Current best tree score: -6373.886 / CPU time: 1.609
Number of iterations: 20
--------------------------------------------------------------------
|               OPTIMIZING CANDIDATE TREE SET                      |
--------------------------------------------------------------------
Iteration 30 / LogL: -6373.886 / Time: 0h:0m:19s (0h:0m:5s left)
UPDATE BEST LOG-LIKELIHOOD: -6373.886
Iteration 40 / LogL: -6377.169 / Time: 0h:0m:19s (0h:0m:4s left)
Iteration 50 / LogL: -6378.169 / Time: 0h:0m:20s (0h:0m:3s left)
Log-likelihood cutoff on original alignment: -6384.042
Iteration 60 / LogL: -6375.823 / Time: 0h:0m:20s (0h:0m:3s left)
Iteration 70 / LogL: -6373.887 / Time: 0h:0m:21s (0h:0m:2s left)
Iteration 80 / LogL: -6373.887 / Time: 0h:0m:21s (0h:0m:2s left)
Iteration 90 / LogL: -6373.891 / Time: 0h:0m:22s (0h:0m:1s left)
Iteration 100 / LogL: -6373.886 / Time: 0h:0m:22s (0h:0m:0s left)
Log-likelihood cutoff on original alignment: -6383.454
NOTE: Bootstrap correlation coefficient of split occurrence frequencies: 0.988
NOTE: UFBoot does not converge, continue at least 100 more iterations
Iteration 110 / LogL: -6373.887 / Time: 0h:0m:23s (0h:0m:5s left)
UPDATE BEST LOG-LIKELIHOOD: -6373.886
Iteration 120 / LogL: -6374.313 / Time: 0h:0m:23s (0h:0m:4s left)
Iteration 130 / LogL: -6373.887 / Time: 0h:0m:24s (0h:0m:3s left)
UPDATE BEST LOG-LIKELIHOOD: -6373.886
UPDATE BEST LOG-LIKELIHOOD: -6373.886
Iteration 140 / LogL: -6373.886 / Time: 0h:0m:24s (0h:0m:3s left)
Iteration 150 / LogL: -6373.886 / Time: 0h:0m:25s (0h:0m:2s left)
Log-likelihood cutoff on original alignment: -6384.062
UPDATE BEST LOG-LIKELIHOOD: -6373.886
Iteration 160 / LogL: -6373.886 / Time: 0h:0m:25s (0h:0m:2s left)
Iteration 170 / LogL: -6373.887 / Time: 0h:0m:25s (0h:0m:1s left)
Iteration 180 / LogL: -6373.890 / Time: 0h:0m:26s (0h:0m:1s left)
UPDATE BEST LOG-LIKELIHOOD: -6373.886
Iteration 190 / LogL: -6373.887 / Time: 0h:0m:27s (0h:0m:0s left)
Iteration 200 / LogL: -6375.823 / Time: 0h:0m:27s (0h:0m:0s left)
Log-likelihood cutoff on original alignment: -6383.615
NOTE: Bootstrap correlation coefficient of split occurrence frequencies: 0.995
TREE SEARCH COMPLETED AFTER 200 ITERATIONS / Time: 0h:0m:27s

--------------------------------------------------------------------
|                    FINALIZING TREE SEARCH                        |
--------------------------------------------------------------------
Performs final model parameters optimization
Estimate model parameters (epsilon = 0.010)
1. Initial log-likelihood: -6373.886
Optimal log-likelihood: -6373.886
Rate parameters:  A-C: 2.143  A-G: 5.615  A-T: 1.000  C-G: 2.143  C-T: 5.615  G-T: 1.000
Base frequencies:   A: 0.417  C: 0.170  G: 0.195  T: 0.218
Gamma shape alpha: 0.482
Parameters optimization took 1 rounds (0.006 sec)
BEST SCORE FOUND : -6373.886
Creating bootstrap support values...
Split supports printed to NEXUS file ./results/gene11.phy.splits.nex
Total tree length: 2.398

Total number of iterations: 200
CPU time used for tree search: 9.011 sec (0h:0m:9s)
Wall-clock time used for tree search: 10.334 sec (0h:0m:10s)
Total CPU time used: 22.404 sec (0h:0m:22s)
Total wall-clock time used: 27.650 sec (0h:0m:27s)

Computing bootstrap consensus tree...
Reading input file ./results/gene11.phy.splits.nex...
10 taxa and 159 splits.
Consensus tree written to ./results/gene11.phy.contree
Reading input trees file ./results/gene11.phy.contree
Log-likelihood of consensus tree: -6373.886

Analysis results written to: 
  IQ-TREE report:                ./results/gene11.phy.iqtree
  Maximum-likelihood tree:       ./results/gene11.phy.treefile
  Likelihood distances:          ./results/gene11.phy.mldist

Ultrafast bootstrap approximation results written to:
  Split support values:          ./results/gene11.phy.splits.nex
  Consensus tree:                ./results/gene11.phy.contree
  Screen log file:               ./results/gene11.phy.log

Date and Time: Tue Aug 22 17:12:02 2017
