IQ-TREE multicore version 1.5.4 for Linux 64-bit built Apr  2 2017
Copyright (c) 2011-2017 by Bui Quang Minh, Nguyen Lam Tung,
Olga Chernomor, Heiko Schmidt, and Arndt von Haeseler.

Host:    hpc-crick (AVX, 251 GB RAM)
Command: iqtree -s ./results/gene12.phy -nt 1 -bb 1000
Seed:    951354 (Using SPRNG - Scalable Parallel Random Number Generator)
Time:    Tue Aug 22 17:29:05 2017
Kernel:  AVX - 1 threads (40 CPU cores detected)

Reading alignment file ./results/gene12.phy ... Phylip format detected
Alignment most likely contains DNA/RNA sequences
Alignment has 10 sequences with 1000 columns and 357 patterns (226 informative sites, 474 constant sites)
   Gap/Ambiguity  Composition  p-value
   1  A    0.00%    passed     47.71%
   2  B    0.00%    passed     77.71%
   3  C    0.00%    passed     97.66%
   4  D    0.00%    passed     92.88%
   5  E    0.00%    passed     77.06%
   6  F    0.00%    passed     86.80%
   7  G    0.00%    passed     94.00%
   8  H    0.00%    passed     99.14%
   9  I    0.00%    passed     73.81%
  10  J    0.00%    passed     93.00%
****  TOTAL    0.00%  0 sequences failed composition chi2 test (p-value<5%; df=3)

Create initial parsimony tree by phylogenetic likelihood library (PLL)... 0.000 seconds

NOTE: ModelFinder requires 2 MB RAM!
ModelFinder will test 286 DNA models (sample size: 1000) ...
 No. Model         -LnL         df  AIC          AICc         BIC
  1  JC            6019.095     17  12072.191    12072.814    12155.623
  2  JC+I          5879.980     18  11795.960    11796.657    11884.299
  3  JC+G4         5843.966     18  11723.931    11724.628    11812.271
  4  JC+I+G4       5844.270     19  11726.540    11727.315    11819.787
  5  JC+R2         5844.384     19  11726.768    11727.544    11820.016
  6  JC+R3         5839.973     21  11721.947    11722.892    11825.010
  7  JC+R4         Skipped 
  8  JC+R5         Skipped 
  9  JC+R6         Skipped 
 10  JC+R7         Skipped 
 11  JC+R8         Skipped 
 12  JC+R9         Skipped 
 13  JC+R10        Skipped 
 14  F81           5919.401     20  11878.802    11879.660    11976.957
 15  F81+I         5784.163     21  11610.327    11611.272    11713.390
 16  F81+G4        5744.137     21  11530.274    11531.219    11633.337
 17  F81+I+G4      5744.514     22  11533.027    11534.063    11640.998
 18  F81+R2        5743.933     22  11531.866    11532.902    11639.837
 19  F81+R3        5739.648     24  11527.296    11528.527    11645.082
 20  F81+R4        Skipped 
 21  F81+R5        Skipped 
 22  F81+R6        Skipped 
 23  F81+R7        Skipped 
 24  F81+R8        Skipped 
 25  F81+R9        Skipped 
 26  F81+R10       Skipped 
 27  K2P           5876.821     18  11789.642    11790.339    11877.981
 28  K2P+I         5728.949     19  11495.897    11496.673    11589.145
 29  K2P+G4        5687.244     19  11412.488    11413.264    11505.736
 30  K2P+I+G4      5687.335     20  11414.671    11415.529    11512.826
 31  K2P+R2        5687.373     20  11414.746    11415.604    11512.901
 32  K2P+R3        5681.901     22  11407.802    11408.838    11515.773
 33  K2P+R4        Skipped 
 34  K2P+R5        Skipped 
 35  K2P+R6        Skipped 
 36  K2P+R7        Skipped 
 37  K2P+R8        Skipped 
 38  K2P+R9        Skipped 
 39  K2P+R10       Skipped 
 40  HKY           5780.760     21  11603.520    11604.465    11706.583
 41  HKY+I         5640.711     22  11325.422    11326.458    11433.393
 42  HKY+G4        5590.280     22  11224.560    11225.596    11332.531
 43  HKY+I+G4      5590.588     23  11227.175    11228.307    11340.054
 44  HKY+R2        5588.994     23  11223.989    11225.120    11336.867
 45  HKY+R3        5583.207     25  11216.415    11217.749    11339.109
 46  HKY+R4        Skipped 
 47  HKY+R5        Skipped 
 48  HKY+R6        Skipped 
 49  HKY+R7        Skipped 
 50  HKY+R8        Skipped 
 51  HKY+R9        Skipped 
 52  HKY+R10       Skipped 
 53  TNe           5876.111     19  11790.223    11790.998    11883.470
 54  TNe+I         5727.924     20  11495.849    11496.707    11594.004
 55  TNe+G4        5685.836     20  11411.671    11412.529    11509.826
 56  TNe+I+G4      5685.835     21  11413.669    11414.614    11516.732
 57  TNe+R2        5686.075     21  11414.149    11415.094    11517.212
 58  TNe+R3        5680.031     23  11406.062    11407.194    11518.941
 59  TNe+R4        Skipped 
 60  TNe+R5        Skipped 
 61  TNe+R6        Skipped 
 62  TNe+R7        Skipped 
 63  TNe+R8        Skipped 
 64  TNe+R9        Skipped 
 65  TNe+R10       Skipped 
 66  TN            5778.242     22  11600.484    11601.520    11708.455
 67  TN+I          5637.292     23  11320.584    11321.715    11433.462
 68  TN+G4         5587.424     23  11220.848    11221.979    11333.726
 69  TN+I+G4       5587.875     24  11223.750    11224.981    11341.536
 70  TN+R2         5586.332     24  11220.665    11221.895    11338.451
 71  TN+R3         5580.922     26  11213.844    11215.287    11341.446
 72  TN+R4         Skipped 
 73  TN+R5         Skipped 
 74  TN+R6         Skipped 
 75  TN+R7         Skipped 
 76  TN+R8         Skipped 
 77  TN+R9         Skipped 
 78  TN+R10        Skipped 
 79  K3P           5869.352     19  11776.704    11777.480    11869.951
 80  K3P+I         5721.317     20  11482.633    11483.491    11580.788
 81  K3P+G4        5678.858     20  11397.716    11398.574    11495.872
 82  K3P+I+G4      5678.881     21  11399.761    11400.706    11502.824
 83  K3P+R2        5678.858     21  11399.717    11400.662    11502.780
 84  K3P+R3        5673.533     23  11393.067    11394.198    11505.945
 85  K3P+R4        Skipped 
 86  K3P+R5        Skipped 
 87  K3P+R6        Skipped 
 88  K3P+R7        Skipped 
 89  K3P+R8        Skipped 
 90  K3P+R9        Skipped 
 91  K3P+R10       Skipped 
 92  K3Pu          5767.333     22  11578.666    11579.702    11686.637
 93  K3Pu+I        5628.221     23  11302.442    11303.573    11415.321
 94  K3Pu+G4       5575.810     23  11197.620    11198.751    11310.498
 95  K3Pu+I+G4     5576.129     24  11200.257    11201.488    11318.044
 96  K3Pu+R2       5574.455     24  11196.911    11198.142    11314.697
 97  K3Pu+R3       5568.998     26  11189.995    11191.438    11317.597
 98  K3Pu+R4       Skipped 
 99  K3Pu+R5       Skipped 
100  K3Pu+R6       Skipped 
101  K3Pu+R7       Skipped 
102  K3Pu+R8       Skipped 
103  K3Pu+R9       Skipped 
104  K3Pu+R10      Skipped 
105  TPM2          5779.521     22  11603.043    11604.079    11711.013
106  TPM2+I        5638.212     23  11322.424    11323.555    11435.303
107  TPM2+G4       5589.816     23  11225.632    11226.763    11338.510
108  TPM2+I+G4     5589.963     24  11227.927    11229.157    11345.713
109  TPM2+R2       5588.546     24  11225.093    11226.323    11342.879
110  TPM2+R3       5582.877     26  11217.753    11219.196    11345.355
111  TPM2+R4       Skipped 
112  TPM2+R5       Skipped 
113  TPM2+R6       Skipped 
114  TPM2+R7       Skipped 
115  TPM2+R8       Skipped 
116  TPM2+R9       Skipped 
117  TPM2+R10      Skipped 
118  TPM2u         5779.521     22  11603.043    11604.079    11711.013
119  TPM2u+I       5638.209     23  11322.418    11323.549    11435.296
120  TPM2u+G4      5589.810     23  11225.621    11226.752    11338.499
121  TPM2u+I+G4    5589.969     24  11227.938    11229.168    11345.724
122  TPM2u+R2      5588.672     24  11225.343    11226.574    11343.130
123  TPM2u+R3      5582.870     26  11217.740    11219.183    11345.342
124  TPM2u+R4      Skipped 
125  TPM2u+R5      Skipped 
126  TPM2u+R6      Skipped 
127  TPM2u+R7      Skipped 
128  TPM2u+R8      Skipped 
129  TPM2u+R9      Skipped 
130  TPM2u+R10     Skipped 
131  TPM3          5773.059     22  11590.119    11591.155    11698.090
132  TPM3+I        5633.777     23  11313.553    11314.685    11426.432
133  TPM3+G4       5577.845     23  11201.690    11202.821    11314.568
134  TPM3+I+G4     5578.235     24  11204.469    11205.700    11322.255
135  TPM3+R2       5575.629     24  11199.258    11200.489    11317.044
136  TPM3+R3       5570.906     26  11193.812    11195.255    11321.414
137  TPM3+R4       Skipped 
138  TPM3+R5       Skipped 
139  TPM3+R6       Skipped 
140  TPM3+R7       Skipped 
141  TPM3+R8       Skipped 
142  TPM3+R9       Skipped 
143  TPM3+R10      Skipped 
144  TPM3u         5773.076     22  11590.152    11591.188    11698.123
145  TPM3u+I       5633.780     23  11313.560    11314.691    11426.438
146  TPM3u+G4      5577.832     23  11201.664    11202.796    11314.543
147  TPM3u+I+G4    5578.203     24  11204.406    11205.637    11322.192
148  TPM3u+R2      5575.632     24  11199.265    11200.496    11317.051
149  TPM3u+R3      5570.883     26  11193.767    11195.210    11321.369
150  TPM3u+R4      Skipped 
151  TPM3u+R5      Skipped 
152  TPM3u+R6      Skipped 
153  TPM3u+R7      Skipped 
154  TPM3u+R8      Skipped 
155  TPM3u+R9      Skipped 
156  TPM3u+R10     Skipped 
157  TIMe          5868.657     20  11777.314    11778.172    11875.469
158  TIMe+I        5720.314     21  11482.628    11483.573    11585.691
159  TIMe+G4       5677.564     21  11397.128    11398.073    11500.191
160  TIMe+I+G4     5677.462     22  11398.924    11399.960    11506.894
161  TIMe+R2       5677.649     22  11399.299    11400.335    11507.269
162  TIMe+R3       5671.786     24  11391.573    11392.803    11509.359
163  TIMe+R4       Skipped 
164  TIMe+R5       Skipped 
165  TIMe+R6       Skipped 
166  TIMe+R7       Skipped 
167  TIMe+R8       Skipped 
168  TIMe+R9       Skipped 
169  TIMe+R10      Skipped 
170  TIM           5764.494     23  11574.988    11576.119    11687.867
171  TIM+I         5624.763     24  11297.526    11298.756    11415.312
172  TIM+G4        5572.883     24  11193.767    11194.997    11311.553
173  TIM+I+G4      5573.132     25  11196.263    11197.598    11318.957
174  TIM+R2        5571.597     25  11193.193    11194.528    11315.887
175  TIM+R3        5566.677     27  11187.354    11188.909    11319.863
176  TIM+R4        Skipped 
177  TIM+R5        Skipped 
178  TIM+R6        Skipped 
179  TIM+R7        Skipped 
180  TIM+R8        Skipped 
181  TIM+R9        Skipped 
182  TIM+R10       Skipped 
183  TIM2e         5867.832     20  11775.664    11776.522    11873.819
184  TIM2e+I       5714.555     21  11471.110    11472.055    11574.173
185  TIM2e+G4      5671.403     21  11384.806    11385.751    11487.869
186  TIM2e+I+G4    5671.239     22  11386.479    11387.514    11494.449
187  TIM2e+R2      5672.363     22  11388.725    11389.761    11496.696
188  TIM2e+R3      5665.731     24  11379.461    11380.692    11497.247
189  TIM2e+R4      Skipped 
190  TIM2e+R5      Skipped 
191  TIM2e+R6      Skipped 
192  TIM2e+R7      Skipped 
193  TIM2e+R8      Skipped 
194  TIM2e+R9      Skipped 
195  TIM2e+R10     Skipped 
196  TIM2          5776.802     23  11599.604    11600.735    11712.483
197  TIM2+I        5634.843     24  11317.687    11318.918    11435.473
198  TIM2+G4       5586.625     24  11221.251    11222.482    11339.037
199  TIM2+I+G4     5586.739     25  11223.478    11224.813    11346.172
200  TIM2+R2       5585.616     25  11221.232    11222.567    11343.926
201  TIM2+R3       5580.422     27  11214.844    11216.400    11347.354
202  TIM2+R4       Skipped 
203  TIM2+R5       Skipped 
204  TIM2+R6       Skipped 
205  TIM2+R7       Skipped 
206  TIM2+R8       Skipped 
207  TIM2+R9       Skipped 
208  TIM2+R10      Skipped 
209  TIM3e         5874.106     20  11788.212    11789.070    11886.367
210  TIM3e+I       5726.318     21  11494.637    11495.582    11597.700
211  TIM3e+G4      5682.957     21  11407.913    11408.858    11510.976
212  TIM3e+I+G4    5682.883     22  11409.766    11410.802    11517.737
213  TIM3e+R2      5682.819     22  11409.637    11410.673    11517.608
214  TIM3e+R3      5676.947     24  11401.895    11403.126    11519.681
215  TIM3e+R4      Skipped 
216  TIM3e+R5      Skipped 
217  TIM3e+R6      Skipped 
218  TIM3e+R7      Skipped 
219  TIM3e+R8      Skipped 
220  TIM3e+R9      Skipped 
221  TIM3e+R10     Skipped 
222  TIM3          5769.790     23  11585.579    11586.711    11698.458
223  TIM3+I        5629.979     24  11307.958    11309.189    11425.744
224  TIM3+G4       5573.456     24  11194.912    11196.142    11312.698
225  TIM3+I+G4     5573.887     25  11197.774    11199.109    11320.468
226  TIM3+R2       5571.717     25  11193.434    11194.769    11316.128
227  TIM3+R3       5567.605     27  11189.211    11190.766    11321.720
228  TIM3+R4       Skipped 
229  TIM3+R5       Skipped 
230  TIM3+R6       Skipped 
231  TIM3+R7       Skipped 
232  TIM3+R8       Skipped 
233  TIM3+R9       Skipped 
234  TIM3+R10      Skipped 
235  TVMe          5859.681     21  11761.362    11762.307    11864.425
236  TVMe+I        5706.900     22  11457.799    11458.835    11565.770
237  TVMe+G4       5663.107     22  11370.214    11371.250    11478.185
238  TVMe+I+G4     5663.016     23  11372.033    11373.164    11484.911
239  TVMe+R2       5663.649     23  11373.298    11374.429    11486.176
240  TVMe+R3       5657.974     25  11365.948    11367.283    11488.642
241  TVMe+R4       Skipped 
242  TVMe+R5       Skipped 
243  TVMe+R6       Skipped 
244  TVMe+R7       Skipped 
245  TVMe+R8       Skipped 
246  TVMe+R9       Skipped 
247  TVMe+R10      Skipped 
248  TVM           5762.507     24  11573.015    11574.245    11690.801
249  TVM+I         5622.130     25  11294.260    11295.595    11416.954
250  TVM+G4        5568.447     25  11186.894    11188.229    11309.588
251  TVM+I+G4      5568.742     26  11189.484    11190.927    11317.086
252  TVM+R2        5566.436     26  11184.873    11186.316    11312.474
253  TVM+R3        5561.958     28  11179.917    11181.589    11317.334
254  TVM+R4        Skipped 
255  TVM+R5        Skipped 
256  TVM+R6        Skipped 
257  TVM+R7        Skipped 
258  TVM+R8        Skipped 
259  TVM+R9        Skipped 
260  TVM+R10       Skipped 
261  SYM           5859.084     22  11762.168    11763.204    11870.139
262  SYM+I         5705.803     23  11457.605    11458.737    11570.484
263  SYM+G4        5661.700     23  11369.400    11370.531    11482.279
264  SYM+I+G4      5661.551     24  11371.101    11372.332    11488.888
265  SYM+R2        5662.483     24  11372.966    11374.197    11490.752
266  SYM+R3        5656.072     26  11364.144    11365.587    11491.746
267  SYM+R4        Skipped 
268  SYM+R5        Skipped 
269  SYM+R6        Skipped 
270  SYM+R7        Skipped 
271  SYM+R8        Skipped 
272  SYM+R9        Skipped 
273  SYM+R10       Skipped 
274  GTR           5759.180     25  11568.359    11569.694    11691.053
275  GTR+I         5618.583     26  11289.167    11290.610    11416.768
276  GTR+G4        5563.607     26  11179.213    11180.656    11306.815
277  GTR+I+G4      5563.999     27  11181.998    11183.554    11314.508
278  GTR+R2        5562.013     27  11178.027    11179.582    11310.536
279  GTR+R3        5558.245     29  11174.489    11176.283    11316.814
280  GTR+R4        Skipped 
281  GTR+R5        Skipped 
282  GTR+R6        Skipped 
283  GTR+R7        Skipped 
284  GTR+R8        Skipped 
285  GTR+R9        Skipped 
286  GTR+R10       Skipped 
Akaike Information Criterion:           GTR+R3
Corrected Akaike Information Criterion: GTR+R3
Bayesian Information Criterion:         GTR+G4
Best-fit model: GTR+G4 chosen according to BIC

All model information printed to ./results/gene12.phy.model
CPU time for ModelFinder: 3.212 seconds (0h:0m:3s)
Wall-clock time for ModelFinder: 5.392 seconds (0h:0m:5s)
Generating 1000 samples for ultrafast bootstrap (seed: 951354)...

NOTE: 1 MB RAM (0 GB) is required!
Estimate model parameters (epsilon = 0.100)
1. Initial log-likelihood: -5773.990
2. Current log-likelihood: -5571.228
3. Current log-likelihood: -5564.818
4. Current log-likelihood: -5564.497
Optimal log-likelihood: -5564.410
Rate parameters:  A-C: 1.989  A-G: 3.235  A-T: 0.508  C-G: 0.780  C-T: 4.951  G-T: 1.000
Base frequencies:   A: 0.394  C: 0.161  G: 0.213  T: 0.231
Gamma shape alpha: 0.542
Parameters optimization took 4 rounds (0.058 sec)
Computing ML distances based on estimated model parameters... 0.001 sec
Computing BIONJ tree...
0.000 seconds
Log-likelihood of BIONJ tree: -5567.995
--------------------------------------------------------------------
|             INITIALIZING CANDIDATE TREE SET                      |
--------------------------------------------------------------------
Generating 98 parsimony trees... 0.060 second
Computing log-likelihood of 92 initial trees ... 0.379 seconds
Current best score: -5564.140

Do NNI search on 20 best initial trees
Estimate model parameters (epsilon = 0.100)
BETTER TREE FOUND at iteration 1: -5563.115
BETTER TREE FOUND at iteration 2: -5563.115
Estimate model parameters (epsilon = 0.100)
BETTER TREE FOUND at iteration 9: -5562.837
Iteration 10 / LogL: -5563.103 / Time: 0h:0m:6s
Iteration 20 / LogL: -5563.111 / Time: 0h:0m:6s
Finish initializing candidate tree set (5)
Current best tree score: -5562.837 / CPU time: 1.370
Number of iterations: 20
--------------------------------------------------------------------
|               OPTIMIZING CANDIDATE TREE SET                      |
--------------------------------------------------------------------
Iteration 30 / LogL: -5566.405 / Time: 0h:0m:7s (0h:0m:5s left)
Iteration 40 / LogL: -5562.838 / Time: 0h:0m:7s (0h:0m:4s left)
Iteration 50 / LogL: -5563.096 / Time: 0h:0m:8s (0h:0m:3s left)
Log-likelihood cutoff on original alignment: -5570.713
UPDATE BEST LOG-LIKELIHOOD: -5562.836
Iteration 60 / LogL: -5562.957 / Time: 0h:0m:8s (0h:0m:2s left)
UPDATE BEST LOG-LIKELIHOOD: -5562.836
Iteration 70 / LogL: -5562.837 / Time: 0h:0m:8s (0h:0m:1s left)
UPDATE BEST LOG-LIKELIHOOD: -5562.836
Iteration 80 / LogL: -5563.111 / Time: 0h:0m:9s (0h:0m:1s left)
Iteration 90 / LogL: -5562.957 / Time: 0h:0m:9s (0h:0m:0s left)
UPDATE BEST LOG-LIKELIHOOD: -5562.836
UPDATE BEST LOG-LIKELIHOOD: -5562.836
Iteration 100 / LogL: -5562.951 / Time: 0h:0m:9s (0h:0m:0s left)
Log-likelihood cutoff on original alignment: -5574.714
NOTE: Bootstrap correlation coefficient of split occurrence frequencies: 0.979
NOTE: UFBoot does not converge, continue at least 100 more iterations
Iteration 110 / LogL: -5562.947 / Time: 0h:0m:10s (0h:0m:4s left)
UPDATE BEST LOG-LIKELIHOOD: -5562.836
Iteration 120 / LogL: -5562.957 / Time: 0h:0m:10s (0h:0m:3s left)
Iteration 130 / LogL: -5562.950 / Time: 0h:0m:11s (0h:0m:3s left)
Iteration 140 / LogL: -5562.837 / Time: 0h:0m:11s (0h:0m:2s left)
UPDATE BEST LOG-LIKELIHOOD: -5562.836
Iteration 150 / LogL: -5563.096 / Time: 0h:0m:11s (0h:0m:2s left)
Log-likelihood cutoff on original alignment: -5574.917
Iteration 160 / LogL: -5563.095 / Time: 0h:0m:12s (0h:0m:1s left)
Iteration 170 / LogL: -5562.957 / Time: 0h:0m:12s (0h:0m:1s left)
Iteration 180 / LogL: -5562.837 / Time: 0h:0m:12s (0h:0m:0s left)
Iteration 190 / LogL: -5563.095 / Time: 0h:0m:13s (0h:0m:0s left)
Iteration 200 / LogL: -5562.975 / Time: 0h:0m:13s (0h:0m:0s left)
Log-likelihood cutoff on original alignment: -5574.917
NOTE: Bootstrap correlation coefficient of split occurrence frequencies: 0.975
NOTE: UFBoot does not converge, continue at least 100 more iterations
Iteration 210 / LogL: -5562.960 / Time: 0h:0m:13s (0h:0m:3s left)
Iteration 220 / LogL: -5562.923 / Time: 0h:0m:14s (0h:0m:3s left)
Iteration 230 / LogL: -5562.958 / Time: 0h:0m:14s (0h:0m:2s left)
Iteration 240 / LogL: -5562.924 / Time: 0h:0m:15s (0h:0m:2s left)
Iteration 250 / LogL: -5562.961 / Time: 0h:0m:15s (0h:0m:2s left)
Log-likelihood cutoff on original alignment: -5574.917
Iteration 260 / LogL: -5562.947 / Time: 0h:0m:15s (0h:0m:1s left)
Iteration 270 / LogL: -5562.923 / Time: 0h:0m:16s (0h:0m:1s left)
Iteration 280 / LogL: -5566.068 / Time: 0h:0m:16s (0h:0m:0s left)
Iteration 290 / LogL: -5562.950 / Time: 0h:0m:17s (0h:0m:0s left)
Iteration 300 / LogL: -5562.957 / Time: 0h:0m:17s (0h:0m:0s left)
Log-likelihood cutoff on original alignment: -5575.879
NOTE: Bootstrap correlation coefficient of split occurrence frequencies: 0.974
NOTE: UFBoot does not converge, continue at least 100 more iterations
Iteration 310 / LogL: -5563.017 / Time: 0h:0m:18s (0h:0m:3s left)
Iteration 320 / LogL: -5562.969 / Time: 0h:0m:18s (0h:0m:3s left)
Iteration 330 / LogL: -5562.989 / Time: 0h:0m:18s (0h:0m:2s left)
Iteration 340 / LogL: -5562.950 / Time: 0h:0m:19s (0h:0m:2s left)
Iteration 350 / LogL: -5562.850 / Time: 0h:0m:19s (0h:0m:2s left)
Log-likelihood cutoff on original alignment: -5576.371
Iteration 360 / LogL: -5562.923 / Time: 0h:0m:19s (0h:0m:1s left)
Iteration 370 / LogL: -5562.923 / Time: 0h:0m:20s (0h:0m:1s left)
Iteration 380 / LogL: -5563.108 / Time: 0h:0m:20s (0h:0m:0s left)
Iteration 390 / LogL: -5562.839 / Time: 0h:0m:21s (0h:0m:0s left)
Iteration 400 / LogL: -5562.957 / Time: 0h:0m:21s (0h:0m:0s left)
Log-likelihood cutoff on original alignment: -5575.879
NOTE: Bootstrap correlation coefficient of split occurrence frequencies: 0.991
TREE SEARCH COMPLETED AFTER 400 ITERATIONS / Time: 0h:0m:21s

--------------------------------------------------------------------
|                    FINALIZING TREE SEARCH                        |
--------------------------------------------------------------------
Performs final model parameters optimization
Estimate model parameters (epsilon = 0.010)
1. Initial log-likelihood: -5562.836
Optimal log-likelihood: -5562.827
Rate parameters:  A-C: 2.027  A-G: 3.291  A-T: 0.525  C-G: 0.780  C-T: 4.947  G-T: 1.000
Base frequencies:   A: 0.394  C: 0.161  G: 0.213  T: 0.231
Gamma shape alpha: 0.534
Parameters optimization took 1 rounds (0.008 sec)
BEST SCORE FOUND : -5562.827
Creating bootstrap support values...
Split supports printed to NEXUS file ./results/gene12.phy.splits.nex
Total tree length: 1.659

Total number of iterations: 400
CPU time used for tree search: 13.476 sec (0h:0m:13s)
Wall-clock time used for tree search: 16.260 sec (0h:0m:16s)
Total CPU time used: 16.814 sec (0h:0m:16s)
Total wall-clock time used: 21.795 sec (0h:0m:21s)

Computing bootstrap consensus tree...
Reading input file ./results/gene12.phy.splits.nex...
10 taxa and 150 splits.
Consensus tree written to ./results/gene12.phy.contree
Reading input trees file ./results/gene12.phy.contree
Log-likelihood of consensus tree: -5562.947

Analysis results written to: 
  IQ-TREE report:                ./results/gene12.phy.iqtree
  Maximum-likelihood tree:       ./results/gene12.phy.treefile
  Likelihood distances:          ./results/gene12.phy.mldist

Ultrafast bootstrap approximation results written to:
  Split support values:          ./results/gene12.phy.splits.nex
  Consensus tree:                ./results/gene12.phy.contree
  Screen log file:               ./results/gene12.phy.log

Date and Time: Tue Aug 22 17:29:28 2017
