IQ-TREE multicore version 1.5.4 for Linux 64-bit built Apr  2 2017
Copyright (c) 2011-2017 by Bui Quang Minh, Nguyen Lam Tung,
Olga Chernomor, Heiko Schmidt, and Arndt von Haeseler.

Host:    hpc-crick (AVX, 251 GB RAM)
Command: iqtree -s ./results/gene11.phy -nt 1 -bb 1000
Seed:    559490 (Using SPRNG - Scalable Parallel Random Number Generator)
Time:    Tue Aug 22 17:28:14 2017
Kernel:  AVX - 1 threads (40 CPU cores detected)

Reading alignment file ./results/gene11.phy ... Phylip format detected
Alignment most likely contains DNA/RNA sequences
Alignment has 10 sequences with 1000 columns and 388 patterns (255 informative sites, 478 constant sites)
   Gap/Ambiguity  Composition  p-value
   1  A    0.00%    passed     98.28%
   2  B    0.00%    passed     97.36%
   3  C    0.00%    passed     96.74%
   4  D    0.00%    passed     77.76%
   5  E    0.00%    passed     86.06%
   6  F    0.00%    passed     80.15%
   7  G    0.00%    passed     80.70%
   8  H    0.00%    passed     97.43%
   9  I    0.00%    passed     97.92%
  10  J    0.00%    passed     82.62%
****  TOTAL    0.00%  0 sequences failed composition chi2 test (p-value<5%; df=3)

Create initial parsimony tree by phylogenetic likelihood library (PLL)... 0.000 seconds

NOTE: ModelFinder requires 2 MB RAM!
ModelFinder will test 286 DNA models (sample size: 1000) ...
 No. Model         -LnL         df  AIC          AICc         BIC
  1  JC            6246.528     17  12527.056    12527.679    12610.488
  2  JC+I          6053.011     18  12142.023    12142.720    12230.362
  3  JC+G4         6037.313     18  12110.627    12111.324    12198.966
  4  JC+I+G4       6035.547     19  12109.093    12109.869    12202.341
  5  JC+R2         6037.880     19  12113.760    12114.536    12207.008
  6  JC+R3         6035.308     21  12112.616    12113.561    12215.679
  7  JC+R4         Skipped 
  8  JC+R5         Skipped 
  9  JC+R6         Skipped 
 10  JC+R7         Skipped 
 11  JC+R8         Skipped 
 12  JC+R9         Skipped 
 13  JC+R10        Skipped 
 14  F81           6101.042     20  12242.084    12242.942    12340.239
 15  F81+I         5918.698     21  11879.397    11880.341    11982.460
 16  F81+G4        5898.344     21  11838.688    11839.632    11941.751
 17  F81+I+G4      5897.251     22  11838.502    11839.537    11946.472
 18  F81+R2        5898.682     22  11841.364    11842.400    11949.334
 19  F81+R3        5897.059     24  11842.117    11843.348    11959.903
 20  F81+R4        Skipped 
 21  F81+R5        Skipped 
 22  F81+R6        Skipped 
 23  F81+R7        Skipped 
 24  F81+R8        Skipped 
 25  F81+R9        Skipped 
 26  F81+R10       Skipped 
 27  K2P           6110.130     18  12256.259    12256.957    12344.599
 28  K2P+I         5904.901     19  11847.802    11848.577    11941.049
 29  K2P+G4        5881.810     19  11801.620    11802.395    11894.867
 30  K2P+I+G4      5880.708     20  11801.416    11802.274    11899.571
 31  K2P+R2        5883.583     20  11807.166    11808.024    11905.321
 32  K2P+R3        5880.571     22  11805.142    11806.178    11913.113
 33  K2P+R4        Skipped 
 34  K2P+R5        Skipped 
 35  K2P+R6        Skipped 
 36  K2P+R7        Skipped 
 37  K2P+R8        Skipped 
 38  K2P+R9        Skipped 
 39  K2P+R10       Skipped 
 40  HKY           5970.094     21  11982.188    11983.133    12085.251
 41  HKY+I         5780.321     22  11604.643    11605.678    11712.613
 42  HKY+G4        5752.072     22  11548.144    11549.180    11656.115
 43  HKY+I+G4      5751.471     23  11548.942    11550.073    11661.820
 44  HKY+R2        5753.996     23  11553.991    11555.123    11666.870
 45  HKY+R3        5751.242     25  11552.484    11553.819    11675.178
 46  HKY+R4        Skipped 
 47  HKY+R5        Skipped 
 48  HKY+R6        Skipped 
 49  HKY+R7        Skipped 
 50  HKY+R8        Skipped 
 51  HKY+R9        Skipped 
 52  HKY+R10       Skipped 
 53  TNe           6109.716     19  12257.433    12258.208    12350.680
 54  TNe+I         5902.560     20  11845.120    11845.978    11943.276
 55  TNe+G4        5879.347     20  11798.695    11799.553    11896.850
 56  TNe+I+G4      5877.977     21  11797.954    11798.899    11901.017
 57  TNe+R2        5881.887     21  11805.774    11806.718    11908.837
 58  TNe+R3        5877.744     23  11801.489    11802.620    11914.367
 59  TNe+R4        Skipped 
 60  TNe+R5        Skipped 
 61  TNe+R6        Skipped 
 62  TNe+R7        Skipped 
 63  TNe+R8        Skipped 
 64  TNe+R9        Skipped 
 65  TNe+R10       Skipped 
 66  TN            5965.393     22  11974.785    11975.821    12082.756
 67  TN+I          5776.768     23  11599.536    11600.667    11712.414
 68  TN+G4         5747.936     23  11541.872    11543.003    11654.750
 69  TN+I+G4       5747.683     24  11543.366    11544.596    11661.152
 70  TN+R2         5748.866     24  11545.732    11546.962    11663.518
 71  TN+R3         5747.153     26  11546.305    11547.748    11673.907
 72  TN+R4         Skipped 
 73  TN+R5         Skipped 
 74  TN+R6         Skipped 
 75  TN+R7         Skipped 
 76  TN+R8         Skipped 
 77  TN+R9         Skipped 
 78  TN+R10        Skipped 
 79  K3P           6107.383     19  12252.767    12253.542    12346.014
 80  K3P+I         5900.961     20  11841.922    11842.780    11940.077
 81  K3P+G4        5878.246     20  11796.492    11797.350    11894.647
 82  K3P+I+G4      5877.004     21  11796.007    11796.952    11899.070
 83  K3P+R2        5880.026     21  11802.053    11802.997    11905.115
 84  K3P+R3        5876.850     23  11799.700    11800.832    11912.579
 85  K3P+R4        Skipped 
 86  K3P+R5        Skipped 
 87  K3P+R6        Skipped 
 88  K3P+R7        Skipped 
 89  K3P+R8        Skipped 
 90  K3P+R9        Skipped 
 91  K3P+R10       Skipped 
 92  K3Pu          5962.659     22  11969.318    11970.353    12077.288
 93  K3Pu+I        5771.993     23  11589.986    11591.117    11702.864
 94  K3Pu+G4       5742.709     23  11531.419    11532.550    11644.297
 95  K3Pu+I+G4     5742.117     24  11532.233    11533.464    11650.020
 96  K3Pu+R2       5744.407     24  11536.815    11538.045    11654.601
 97  K3Pu+R3       5741.729     26  11535.457    11536.900    11663.059
 98  K3Pu+R4       Skipped 
 99  K3Pu+R5       Skipped 
100  K3Pu+R6       Skipped 
101  K3Pu+R7       Skipped 
102  K3Pu+R8       Skipped 
103  K3Pu+R9       Skipped 
104  K3Pu+R10      Skipped 
105  TPM2          5970.113     22  11984.226    11985.262    12092.196
106  TPM2+I        5779.510     23  11605.021    11606.152    11717.899
107  TPM2+G4       5751.980     23  11549.960    11551.091    11662.839
108  TPM2+I+G4     5751.373     24  11550.746    11551.977    11668.533
109  TPM2+R2       5753.685     24  11555.369    11556.600    11673.155
110  TPM2+R3       5751.075     26  11554.150    11555.593    11681.752
111  TPM2+R4       Skipped 
112  TPM2+R5       Skipped 
113  TPM2+R6       Skipped 
114  TPM2+R7       Skipped 
115  TPM2+R8       Skipped 
116  TPM2+R9       Skipped 
117  TPM2+R10      Skipped 
118  TPM2u         5970.093     22  11984.185    11985.221    12092.156
119  TPM2u+I       5779.509     23  11605.018    11606.149    11717.896
120  TPM2u+G4      5751.979     23  11549.958    11551.089    11662.836
121  TPM2u+I+G4    5751.371     24  11550.742    11551.973    11668.529
122  TPM2u+R2      5753.685     24  11555.370    11556.601    11673.156
123  TPM2u+R3      5751.073     26  11554.146    11555.589    11681.748
124  TPM2u+R4      Skipped 
125  TPM2u+R5      Skipped 
126  TPM2u+R6      Skipped 
127  TPM2u+R7      Skipped 
128  TPM2u+R8      Skipped 
129  TPM2u+R9      Skipped 
130  TPM2u+R10     Skipped 
131  TPM3          5963.646     22  11971.291    11972.327    12079.262
132  TPM3+I        5772.479     23  11590.958    11592.089    11703.836
133  TPM3+G4       5741.163     23  11528.326    11529.457    11641.204
134  TPM3+I+G4     5741.061     24  11530.122    11531.352    11647.908
135  TPM3+R2       5742.317     24  11532.635    11533.865    11650.421
136  TPM3+R3       5740.121     26  11532.241    11533.684    11659.843
137  TPM3+R4       Skipped 
138  TPM3+R5       Skipped 
139  TPM3+R6       Skipped 
140  TPM3+R7       Skipped 
141  TPM3+R8       Skipped 
142  TPM3+R9       Skipped 
143  TPM3+R10      Skipped 
144  TPM3u         5963.647     22  11971.295    11972.331    12079.266
145  TPM3u+I       5772.479     23  11590.957    11592.088    11703.835
146  TPM3u+G4      5741.159     23  11528.317    11529.449    11641.196
147  TPM3u+I+G4    5741.054     24  11530.108    11531.339    11647.894
148  TPM3u+R2      5742.317     24  11532.634    11533.864    11650.420
149  TPM3u+R3      5740.104     26  11532.208    11533.651    11659.810
150  TPM3u+R4      Skipped 
151  TPM3u+R5      Skipped 
152  TPM3u+R6      Skipped 
153  TPM3u+R7      Skipped 
154  TPM3u+R8      Skipped 
155  TPM3u+R9      Skipped 
156  TPM3u+R10     Skipped 
157  TIMe          6107.008     20  12254.016    12254.874    12352.171
158  TIMe+I        5898.706     21  11839.412    11840.356    11942.475
159  TIMe+G4       5875.785     21  11793.569    11794.514    11896.632
160  TIMe+I+G4     5874.308     22  11792.615    11793.651    11900.586
161  TIMe+R2       5878.360     22  11800.720    11801.756    11908.691
162  TIMe+R3       5873.951     24  11795.903    11797.134    11913.689
163  TIMe+R4       Skipped 
164  TIMe+R5       Skipped 
165  TIMe+R6       Skipped 
166  TIMe+R7       Skipped 
167  TIMe+R8       Skipped 
168  TIMe+R9       Skipped 
169  TIMe+R10      Skipped 
170  TIM           5957.707     23  11961.414    11962.545    12074.292
171  TIM+I         5768.144     24  11584.288    11585.519    11702.074
172  TIM+G4        5738.636     24  11525.271    11526.502    11643.057
173  TIM+I+G4      5738.317     25  11526.634    11527.969    11649.328
174  TIM+R2        5739.146     25  11528.292    11529.627    11650.986
175  TIM+R3        5737.573     27  11529.145    11530.701    11661.655
176  TIM+R4        Skipped 
177  TIM+R5        Skipped 
178  TIM+R6        Skipped 
179  TIM+R7        Skipped 
180  TIM+R8        Skipped 
181  TIM+R9        Skipped 
182  TIM+R10       Skipped 
183  TIM2e         6105.994     20  12251.989    12252.847    12350.144
184  TIM2e+I       5892.732     21  11827.464    11828.409    11930.527
185  TIM2e+G4      5865.642     21  11773.285    11774.229    11876.348
186  TIM2e+I+G4    5864.391     22  11772.781    11773.817    11880.752
187  TIM2e+R2      5869.943     22  11783.886    11784.922    11891.857
188  TIM2e+R3      5863.843     24  11775.687    11776.918    11893.473
189  TIM2e+R4      Skipped 
190  TIM2e+R5      Skipped 
191  TIM2e+R6      Skipped 
192  TIM2e+R7      Skipped 
193  TIM2e+R8      Skipped 
194  TIM2e+R9      Skipped 
195  TIM2e+R10     Skipped 
196  TIM2          5965.400     23  11976.800    11977.931    12089.678
197  TIM2+I        5776.094     24  11600.188    11601.419    11717.974
198  TIM2+G4       5747.725     24  11543.449    11544.680    11661.235
199  TIM2+I+G4     5747.459     25  11544.919    11546.254    11667.613
200  TIM2+R2       5748.424     25  11546.849    11548.183    11669.543
201  TIM2+R3       5746.933     27  11547.865    11549.421    11680.375
202  TIM2+R4       Skipped 
203  TIM2+R5       Skipped 
204  TIM2+R6       Skipped 
205  TIM2+R7       Skipped 
206  TIM2+R8       Skipped 
207  TIM2+R9       Skipped 
208  TIM2+R10      Skipped 
209  TIM3e         6108.444     20  12256.889    12257.747    12355.044
210  TIM3e+I       5900.718     21  11843.435    11844.380    11946.498
211  TIM3e+G4      5877.183     21  11796.365    11797.310    11899.428
212  TIM3e+I+G4    5875.957     22  11795.914    11796.950    11903.885
213  TIM3e+R2      5879.576     22  11803.153    11804.189    11911.123
214  TIM3e+R3      5875.603     24  11799.205    11800.436    11916.991
215  TIM3e+R4      Skipped 
216  TIM3e+R5      Skipped 
217  TIM3e+R6      Skipped 
218  TIM3e+R7      Skipped 
219  TIM3e+R8      Skipped 
220  TIM3e+R9      Skipped 
221  TIM3e+R10     Skipped 
222  TIM3          5958.076     23  11962.151    11963.282    12075.030
223  TIM3+I        5768.286     24  11584.573    11585.803    11702.359
224  TIM3+G4       5735.759     24  11519.519    11520.749    11637.305
225  TIM3+I+G4     5736.055     25  11522.110    11523.444    11644.803
226  TIM3+R2       5735.340     25  11520.680    11522.015    11643.374
227  TIM3+R3       5734.232     27  11522.465    11524.020    11654.974
228  TIM3+R4       Skipped 
229  TIM3+R5       Skipped 
230  TIM3+R6       Skipped 
231  TIM3+R7       Skipped 
232  TIM3+R8       Skipped 
233  TIM3+R9       Skipped 
234  TIM3+R10      Skipped 
235  TVMe          6102.852     21  12247.703    12248.648    12350.766
236  TVMe+I        5889.837     22  11823.674    11824.710    11931.644
237  TVMe+G4       5863.545     22  11771.090    11772.126    11879.061
238  TVMe+I+G4     5862.405     23  11770.810    11771.941    11883.688
239  TVMe+R2       5866.775     23  11779.550    11780.681    11892.429
240  TVMe+R3       5862.074     25  11774.148    11775.483    11896.842
241  TVMe+R4       Skipped 
242  TVMe+R5       Skipped 
243  TVMe+R6       Skipped 
244  TVMe+R7       Skipped 
245  TVMe+R8       Skipped 
246  TVMe+R9       Skipped 
247  TVMe+R10      Skipped 
248  TVM           5960.027     24  11968.055    11969.286    12085.841
249  TVM+I         5767.129     25  11584.257    11585.592    11706.951
250  TVM+G4        5736.764     25  11523.529    11524.863    11646.222
251  TVM+I+G4      5736.504     26  11525.009    11526.452    11652.610
252  TVM+R2        5737.759     26  11527.518    11528.961    11655.120
253  TVM+R3        5735.677     28  11527.354    11529.026    11664.771
254  TVM+R4        Skipped 
255  TVM+R5        Skipped 
256  TVM+R6        Skipped 
257  TVM+R7        Skipped 
258  TVM+R8        Skipped 
259  TVM+R9        Skipped 
260  TVM+R10       Skipped 
261  SYM           6102.564     22  12249.127    12250.163    12357.098
262  SYM+I         5887.479     23  11820.958    11822.089    11933.836
263  SYM+G4        5860.169     23  11766.338    11767.470    11879.217
264  SYM+I+G4      5858.744     24  11765.488    11766.719    11883.274
265  SYM+R2        5864.525     24  11777.051    11778.282    11894.837
266  SYM+R3        5858.072     26  11768.145    11769.588    11895.746
267  SYM+R4        Skipped 
268  SYM+R5        Skipped 
269  SYM+R6        Skipped 
270  SYM+R7        Skipped 
271  SYM+R8        Skipped 
272  SYM+R9        Skipped 
273  SYM+R10       Skipped 
274  GTR           5954.506     25  11959.012    11960.347    12081.706
275  GTR+I         5763.047     26  11578.094    11579.537    11705.696
276  GTR+G4        5731.693     26  11515.386    11516.829    11642.988
277  GTR+I+G4      5731.404     27  11516.809    11518.365    11649.318
278  GTR+R2        5730.653     27  11515.306    11516.862    11647.816
279  GTR+R3        5729.846     29  11517.693    11519.487    11660.018
280  GTR+R4        Skipped 
281  GTR+R5        Skipped 
282  GTR+R6        Skipped 
283  GTR+R7        Skipped 
284  GTR+R8        Skipped 
285  GTR+R9        Skipped 
286  GTR+R10       Skipped 
Akaike Information Criterion:           GTR+R2
Corrected Akaike Information Criterion: GTR+G4
Bayesian Information Criterion:         TIM3+G4
Best-fit model: TIM3+G4 chosen according to BIC

All model information printed to ./results/gene11.phy.model
CPU time for ModelFinder: 5.853 seconds (0h:0m:5s)
Wall-clock time for ModelFinder: 9.424 seconds (0h:0m:9s)
Generating 1000 samples for ultrafast bootstrap (seed: 559490)...

NOTE: 2 MB RAM (0 GB) is required!
Estimate model parameters (epsilon = 0.100)
1. Initial log-likelihood: -5936.705
2. Current log-likelihood: -5742.133
3. Current log-likelihood: -5736.158
4. Current log-likelihood: -5735.934
Optimal log-likelihood: -5735.908
Rate parameters:  A-C: 2.136  A-G: 4.345  A-T: 1.000  C-G: 2.136  C-T: 6.831  G-T: 1.000
Base frequencies:   A: 0.428  C: 0.149  G: 0.203  T: 0.220
Gamma shape alpha: 0.506
Parameters optimization took 4 rounds (0.071 sec)
Computing ML distances based on estimated model parameters... 0.001 sec
Computing BIONJ tree...
0.000 seconds
Log-likelihood of BIONJ tree: -5735.906
--------------------------------------------------------------------
|             INITIALIZING CANDIDATE TREE SET                      |
--------------------------------------------------------------------
Generating 99 parsimony trees... 0.058 second
Computing log-likelihood of 95 initial trees ... 0.312 seconds
Current best score: -5732.831

Do NNI search on 20 best initial trees
Estimate model parameters (epsilon = 0.100)
BETTER TREE FOUND at iteration 1: -5732.106
UPDATE BEST LOG-LIKELIHOOD: -5732.106
Iteration 10 / LogL: -5732.106 / Time: 0h:0m:10s
Iteration 20 / LogL: -5732.113 / Time: 0h:0m:10s
Finish initializing candidate tree set (1)
Current best tree score: -5732.106 / CPU time: 0.882
Number of iterations: 20
--------------------------------------------------------------------
|               OPTIMIZING CANDIDATE TREE SET                      |
--------------------------------------------------------------------
UPDATE BEST LOG-LIKELIHOOD: -5732.104
Iteration 30 / LogL: -5732.106 / Time: 0h:0m:10s (0h:0m:3s left)
Iteration 40 / LogL: -5732.106 / Time: 0h:0m:11s (0h:0m:2s left)
Iteration 50 / LogL: -5732.105 / Time: 0h:0m:11s (0h:0m:2s left)
Log-likelihood cutoff on original alignment: -5761.548
Iteration 60 / LogL: -5732.132 / Time: 0h:0m:11s (0h:0m:1s left)
Iteration 70 / LogL: -5736.343 / Time: 0h:0m:12s (0h:0m:1s left)
Iteration 80 / LogL: -5732.105 / Time: 0h:0m:12s (0h:0m:0s left)
Iteration 90 / LogL: -5736.541 / Time: 0h:0m:13s (0h:0m:0s left)
Iteration 100 / LogL: -5732.112 / Time: 0h:0m:13s (0h:0m:0s left)
Log-likelihood cutoff on original alignment: -5761.548
NOTE: Bootstrap correlation coefficient of split occurrence frequencies: 0.994
TREE SEARCH COMPLETED AFTER 102 ITERATIONS / Time: 0h:0m:13s

--------------------------------------------------------------------
|                    FINALIZING TREE SEARCH                        |
--------------------------------------------------------------------
Performs final model parameters optimization
Estimate model parameters (epsilon = 0.010)
1. Initial log-likelihood: -5732.104
Optimal log-likelihood: -5732.094
Rate parameters:  A-C: 2.169  A-G: 4.372  A-T: 1.000  C-G: 2.169  C-T: 7.014  G-T: 1.000
Base frequencies:   A: 0.428  C: 0.149  G: 0.203  T: 0.220
Gamma shape alpha: 0.503
Parameters optimization took 1 rounds (0.009 sec)
BEST SCORE FOUND : -5732.094
Creating bootstrap support values...
Split supports printed to NEXUS file ./results/gene11.phy.splits.nex
Total tree length: 1.731

Total number of iterations: 102
CPU time used for tree search: 3.566 sec (0h:0m:3s)
Wall-clock time used for tree search: 4.380 sec (0h:0m:4s)
Total CPU time used: 9.517 sec (0h:0m:9s)
Total wall-clock time used: 13.966 sec (0h:0m:13s)

Computing bootstrap consensus tree...
Reading input file ./results/gene11.phy.splits.nex...
10 taxa and 93 splits.
Consensus tree written to ./results/gene11.phy.contree
Reading input trees file ./results/gene11.phy.contree
Log-likelihood of consensus tree: -5732.094

Analysis results written to: 
  IQ-TREE report:                ./results/gene11.phy.iqtree
  Maximum-likelihood tree:       ./results/gene11.phy.treefile
  Likelihood distances:          ./results/gene11.phy.mldist

Ultrafast bootstrap approximation results written to:
  Split support values:          ./results/gene11.phy.splits.nex
  Consensus tree:                ./results/gene11.phy.contree
  Screen log file:               ./results/gene11.phy.log

Date and Time: Tue Aug 22 17:28:28 2017
