IQ-TREE multicore version 1.5.4 for Linux 64-bit built Apr  2 2017
Copyright (c) 2011-2017 by Bui Quang Minh, Nguyen Lam Tung,
Olga Chernomor, Heiko Schmidt, and Arndt von Haeseler.

Host:    hpc-crick (AVX, 251 GB RAM)
Command: iqtree -s ./results/gene10.phy -nt 1 -bb 1000
Seed:    887440 (Using SPRNG - Scalable Parallel Random Number Generator)
Time:    Tue Aug 22 17:31:45 2017
Kernel:  AVX - 1 threads (40 CPU cores detected)

Reading alignment file ./results/gene10.phy ... Phylip format detected
Alignment most likely contains DNA/RNA sequences
Alignment has 10 sequences with 1000 columns and 514 patterns (357 informative sites, 374 constant sites)
   Gap/Ambiguity  Composition  p-value
   1  A    0.00%    passed     61.46%
   2  B    0.00%    passed     79.50%
   3  C    0.00%    passed     93.72%
   4  D    0.00%    passed     99.92%
   5  E    0.00%    passed     67.63%
   6  F    0.00%    passed     83.56%
   7  G    0.00%    passed     91.59%
   8  H    0.00%    passed     96.53%
   9  I    0.00%    passed     97.73%
  10  J    0.00%    passed     68.71%
****  TOTAL    0.00%  0 sequences failed composition chi2 test (p-value<5%; df=3)

Create initial parsimony tree by phylogenetic likelihood library (PLL)... 0.001 seconds

NOTE: ModelFinder requires 3 MB RAM!
ModelFinder will test 286 DNA models (sample size: 1000) ...
 No. Model         -LnL         df  AIC          AICc         BIC
  1  JC            7791.311     17  15616.623    15617.246    15700.055
  2  JC+I          7532.491     18  15100.983    15101.680    15189.323
  3  JC+G4         7469.795     18  14975.590    14976.287    15063.930
  4  JC+I+G4       7469.544     19  14977.089    14977.864    15070.336
  5  JC+R2         7471.358     19  14980.717    14981.492    15073.964
  6  JC+R3         7468.150     21  14978.299    14979.244    15081.362
  7  JC+R4         Skipped 
  8  JC+R5         Skipped 
  9  JC+R6         Skipped 
 10  JC+R7         Skipped 
 11  JC+R8         Skipped 
 12  JC+R9         Skipped 
 13  JC+R10        Skipped 
 14  F81           7678.486     20  15396.973    15397.831    15495.128
 15  F81+I         7412.000     21  14866.000    14866.945    14969.063
 16  F81+G4        7346.438     21  14734.877    14735.821    14837.939
 17  F81+I+G4      7345.942     22  14735.885    14736.920    14843.855
 18  F81+R2        7348.092     22  14740.184    14741.220    14848.154
 19  F81+R3        7344.465     24  14736.930    14738.160    14854.716
 20  F81+R4        Skipped 
 21  F81+R5        Skipped 
 22  F81+R6        Skipped 
 23  F81+R7        Skipped 
 24  F81+R8        Skipped 
 25  F81+R9        Skipped 
 26  F81+R10       Skipped 
 27  K2P           7664.986     18  15365.972    15366.669    15454.311
 28  K2P+I         7394.682     19  14827.363    14828.139    14920.611
 29  K2P+G4        7314.874     19  14667.747    14668.523    14760.995
 30  K2P+I+G4      7315.067     20  14670.134    14670.992    14768.289
 31  K2P+R2        7318.906     20  14677.812    14678.670    14775.968
 32  K2P+R3        7313.024     22  14670.049    14671.084    14778.019
 33  K2P+R4        Skipped 
 34  K2P+R5        Skipped 
 35  K2P+R6        Skipped 
 36  K2P+R7        Skipped 
 37  K2P+R8        Skipped 
 38  K2P+R9        Skipped 
 39  K2P+R10       Skipped 
 40  HKY           7536.374     21  15114.748    15115.693    15217.811
 41  HKY+I         7261.718     22  14567.437    14568.473    14675.408
 42  HKY+G4        7175.813     22  14395.626    14396.662    14503.597
 43  HKY+I+G4      7175.831     23  14397.661    14398.792    14510.540
 44  HKY+R2        7181.483     23  14408.966    14410.097    14521.844
 45  HKY+R3        7174.779     25  14399.557    14400.892    14522.251
 46  HKY+R4        Skipped 
 47  HKY+R5        Skipped 
 48  HKY+R6        Skipped 
 49  HKY+R7        Skipped 
 50  HKY+R8        Skipped 
 51  HKY+R9        Skipped 
 52  HKY+R10       Skipped 
 53  TNe           7663.330     19  15364.660    15365.435    15457.907
 54  TNe+I         7393.509     20  14827.017    14827.875    14925.172
 55  TNe+G4        7311.909     20  14663.818    14664.676    14761.973
 56  TNe+I+G4      7312.118     21  14666.236    14667.181    14769.299
 57  TNe+R2        7316.228     21  14674.455    14675.400    14777.518
 58  TNe+R3        7309.925     23  14665.849    14666.980    14778.728
 59  TNe+R4        Skipped 
 60  TNe+R5        Skipped 
 61  TNe+R6        Skipped 
 62  TNe+R7        Skipped 
 63  TNe+R8        Skipped 
 64  TNe+R9        Skipped 
 65  TNe+R10       Skipped 
 66  TN            7536.173     22  15116.345    15117.381    15224.316
 67  TN+I          7260.236     23  14566.472    14567.603    14679.351
 68  TN+G4         7175.244     23  14396.488    14397.619    14509.366
 69  TN+I+G4       7175.167     24  14398.334    14399.564    14516.120
 70  TN+R2         7180.952     24  14409.904    14411.135    14527.690
 71  TN+R3         7174.207     26  14400.414    14401.857    14528.015
 72  TN+R4         Skipped 
 73  TN+R5         Skipped 
 74  TN+R6         Skipped 
 75  TN+R7         Skipped 
 76  TN+R8         Skipped 
 77  TN+R9         Skipped 
 78  TN+R10        Skipped 
 79  K3P           7664.980     19  15367.961    15368.736    15461.208
 80  K3P+I         7394.688     20  14829.376    14830.234    14927.531
 81  K3P+G4        7314.875     20  14669.749    14670.607    14767.904
 82  K3P+I+G4      7314.988     21  14671.975    14672.920    14775.038
 83  K3P+R2        7318.915     21  14679.831    14680.776    14782.894
 84  K3P+R3        7312.981     23  14671.962    14673.093    14784.841
 85  K3P+R4        Skipped 
 86  K3P+R5        Skipped 
 87  K3P+R6        Skipped 
 88  K3P+R7        Skipped 
 89  K3P+R8        Skipped 
 90  K3P+R9        Skipped 
 91  K3P+R10       Skipped 
 92  K3Pu          7533.102     22  15110.204    15111.240    15218.174
 93  K3Pu+I        7257.673     23  14561.346    14562.477    14674.225
 94  K3Pu+G4       7171.501     23  14389.003    14390.134    14501.881
 95  K3Pu+I+G4     7171.382     24  14390.763    14391.994    14508.549
 96  K3Pu+R2       7176.937     24  14401.874    14403.105    14519.660
 97  K3Pu+R3       7170.464     26  14392.929    14394.372    14520.530
 98  K3Pu+R4       Skipped 
 99  K3Pu+R5       Skipped 
100  K3Pu+R6       Skipped 
101  K3Pu+R7       Skipped 
102  K3Pu+R8       Skipped 
103  K3Pu+R9       Skipped 
104  K3Pu+R10      Skipped 
105  TPM2          7536.311     22  15116.622    15117.658    15224.592
106  TPM2+I        7260.975     23  14567.950    14569.081    14680.828
107  TPM2+G4       7175.768     23  14397.535    14398.666    14510.413
108  TPM2+I+G4     7175.722     24  14399.443    14400.674    14517.229
109  TPM2+R2       7181.308     24  14410.616    14411.846    14528.402
110  TPM2+R3       7174.745     26  14401.490    14402.933    14529.092
111  TPM2+R4       Skipped 
112  TPM2+R5       Skipped 
113  TPM2+R6       Skipped 
114  TPM2+R7       Skipped 
115  TPM2+R8       Skipped 
116  TPM2+R9       Skipped 
117  TPM2+R10      Skipped 
118  TPM2u         7536.270     22  15116.540    15117.576    15224.511
119  TPM2u+I       7260.977     23  14567.953    14569.084    14680.832
120  TPM2u+G4      7175.767     23  14397.533    14398.664    14510.411
121  TPM2u+I+G4    7175.712     24  14399.423    14400.654    14517.209
122  TPM2u+R2      7181.314     24  14410.627    14411.858    14528.413
123  TPM2u+R3      7174.729     26  14401.459    14402.902    14529.060
124  TPM2u+R4      Skipped 
125  TPM2u+R5      Skipped 
126  TPM2u+R6      Skipped 
127  TPM2u+R7      Skipped 
128  TPM2u+R8      Skipped 
129  TPM2u+R9      Skipped 
130  TPM2u+R10     Skipped 
131  TPM3          7526.832     22  15097.664    15098.700    15205.635
132  TPM3+I        7247.983     23  14541.967    14543.098    14654.845
133  TPM3+G4       7161.506     23  14369.012    14370.143    14481.890
134  TPM3+I+G4     7161.092     24  14370.184    14371.415    14487.970
135  TPM3+R2       7167.805     24  14383.610    14384.841    14501.396
136  TPM3+R3       7160.098     26  14372.196    14373.639    14499.798
137  TPM3+R4       7160.104     28  14376.208    14377.880    14513.625
138  TPM3+R5       Skipped 
139  TPM3+R6       Skipped 
140  TPM3+R7       Skipped 
141  TPM3+R8       Skipped 
142  TPM3+R9       Skipped 
143  TPM3+R10      Skipped 
144  TPM3u         7526.913     22  15097.825    15098.861    15205.796
145  TPM3u+I       7247.978     23  14541.956    14543.087    14654.834
146  TPM3u+G4      7161.488     23  14368.976    14370.107    14481.854
147  TPM3u+I+G4    7161.086     24  14370.172    14371.403    14487.958
148  TPM3u+R2      7167.812     24  14383.624    14384.855    14501.410
149  TPM3u+R3      7160.037     26  14372.074    14373.517    14499.676
150  TPM3u+R4      7160.013     28  14376.027    14377.699    14513.444
151  TPM3u+R5      Skipped 
152  TPM3u+R6      Skipped 
153  TPM3u+R7      Skipped 
154  TPM3u+R8      Skipped 
155  TPM3u+R9      Skipped 
156  TPM3u+R10     Skipped 
157  TIMe          7663.340     20  15366.679    15367.537    15464.834
158  TIMe+I        7393.512     21  14829.024    14829.969    14932.087
159  TIMe+G4       7311.934     21  14665.868    14666.813    14768.931
160  TIMe+I+G4     7312.010     22  14668.021    14669.056    14775.991
161  TIMe+R2       7316.235     22  14676.469    14677.505    14784.440
162  TIMe+R3       7309.939     24  14667.878    14669.109    14785.664
163  TIMe+R4       Skipped 
164  TIMe+R5       Skipped 
165  TIMe+R6       Skipped 
166  TIMe+R7       Skipped 
167  TIMe+R8       Skipped 
168  TIMe+R9       Skipped 
169  TIMe+R10      Skipped 
170  TIM           7532.818     23  15111.636    15112.768    15224.515
171  TIM+I         7256.092     24  14560.185    14561.415    14677.971
172  TIM+G4        7171.222     24  14390.445    14391.675    14508.231
173  TIM+I+G4      7170.856     25  14391.711    14393.046    14514.405
174  TIM+R2        7176.498     25  14402.996    14404.331    14525.690
175  TIM+R3        7169.958     27  14393.916    14395.472    14526.426
176  TIM+R4        Skipped 
177  TIM+R5        Skipped 
178  TIM+R6        Skipped 
179  TIM+R7        Skipped 
180  TIM+R8        Skipped 
181  TIM+R9        Skipped 
182  TIM+R10       Skipped 
183  TIM2e         7652.057     20  15344.113    15344.972    15442.269
184  TIM2e+I       7379.058     21  14800.116    14801.061    14903.179
185  TIM2e+G4      7287.733     21  14617.466    14618.411    14720.529
186  TIM2e+I+G4    7287.849     22  14619.698    14620.734    14727.668
187  TIM2e+R2      7295.401     22  14634.803    14635.839    14742.774
188  TIM2e+R3      7285.728     24  14619.456    14620.687    14737.243
189  TIM2e+R4      7285.758     26  14623.517    14624.959    14751.118
190  TIM2e+R5      Skipped 
191  TIM2e+R6      Skipped 
192  TIM2e+R7      Skipped 
193  TIM2e+R8      Skipped 
194  TIM2e+R9      Skipped 
195  TIM2e+R10     Skipped 
196  TIM2          7536.049     23  15118.099    15119.230    15230.977
197  TIM2+I        7259.539     24  14567.079    14568.309    14684.865
198  TIM2+G4       7175.137     24  14398.274    14399.505    14516.061
199  TIM2+I+G4     7174.979     25  14399.958    14401.293    14522.652
200  TIM2+R2       7180.750     25  14411.500    14412.834    14534.193
201  TIM2+R3       7173.947     27  14401.895    14403.450    14534.404
202  TIM2+R4       Skipped 
203  TIM2+R5       Skipped 
204  TIM2+R6       Skipped 
205  TIM2+R7       Skipped 
206  TIM2+R8       Skipped 
207  TIM2+R9       Skipped 
208  TIM2+R10      Skipped 
209  TIM3e         7662.738     20  15365.476    15366.334    15463.631
210  TIM3e+I       7392.260     21  14826.520    14827.465    14929.583
211  TIM3e+G4      7310.969     21  14663.937    14664.882    14767.000
212  TIM3e+I+G4    7311.061     22  14666.123    14667.159    14774.093
213  TIM3e+R2      7315.184     22  14674.367    14675.403    14782.338
214  TIM3e+R3      7309.228     24  14666.456    14667.687    14784.242
215  TIM3e+R4      Skipped 
216  TIM3e+R5      Skipped 
217  TIM3e+R6      Skipped 
218  TIM3e+R7      Skipped 
219  TIM3e+R8      Skipped 
220  TIM3e+R9      Skipped 
221  TIM3e+R10     Skipped 
222  TIM3          7526.147     23  15098.294    15099.426    15211.173
223  TIM3+I        7245.446     24  14538.892    14540.123    14656.678
224  TIM3+G4       7160.373     24  14368.746    14369.977    14486.532
225  TIM3+I+G4     7159.762     25  14369.525    14370.860    14492.219
226  TIM3+R2       7166.863     25  14383.726    14385.060    14506.419
227  TIM3+R3       7159.346     27  14372.692    14374.247    14505.201
228  TIM3+R4       7159.311     29  14376.622    14378.415    14518.947
229  TIM3+R5       Skipped 
230  TIM3+R6       Skipped 
231  TIM3+R7       Skipped 
232  TIM3+R8       Skipped 
233  TIM3+R9       Skipped 
234  TIM3+R10      Skipped 
235  TVMe          7653.196     21  15348.391    15349.336    15451.454
236  TVMe+I        7379.214     22  14802.428    14803.464    14910.399
237  TVMe+G4       7290.871     22  14625.742    14626.778    14733.713
238  TVMe+I+G4     7290.907     23  14627.813    14628.945    14740.692
239  TVMe+R2       7297.692     23  14641.383    14642.514    14754.261
240  TVMe+R3       7288.874     25  14627.747    14629.082    14750.441
241  TVMe+R4       7288.871     27  14631.743    14633.298    14764.252
242  TVMe+R5       Skipped 
243  TVMe+R6       Skipped 
244  TVMe+R7       Skipped 
245  TVMe+R8       Skipped 
246  TVMe+R9       Skipped 
247  TVMe+R10      Skipped 
248  TVM           7526.222     24  15100.444    15101.675    15218.230
249  TVM+I         7246.734     25  14543.467    14544.802    14666.161
250  TVM+G4        7160.611     25  14371.222    14372.556    14493.916
251  TVM+I+G4      7160.354     26  14372.709    14374.152    14500.310
252  TVM+R2        7166.988     26  14385.975    14387.418    14513.577
253  TVM+R3        7159.384     28  14374.768    14376.440    14512.185
254  TVM+R4        7159.371     30  14378.741    14380.661    14525.974
255  TVM+R5        Skipped 
256  TVM+R6        Skipped 
257  TVM+R7        Skipped 
258  TVM+R8        Skipped 
259  TVM+R9        Skipped 
260  TVM+R10       Skipped 
261  SYM           7651.621     22  15347.243    15348.279    15455.213
262  SYM+I         7378.098     23  14802.195    14803.326    14915.074
263  SYM+G4        7286.490     23  14618.979    14620.110    14731.857
264  SYM+I+G4      7286.610     24  14621.220    14622.451    14739.006
265  SYM+R2        7294.251     24  14636.502    14637.733    14754.288
266  SYM+R3        7284.726     26  14621.453    14622.896    14749.054
267  SYM+R4        7284.706     28  14625.412    14627.085    14762.830
268  SYM+R5        Skipped 
269  SYM+R6        Skipped 
270  SYM+R7        Skipped 
271  SYM+R8        Skipped 
272  SYM+R9        Skipped 
273  SYM+R10       Skipped 
274  GTR           7525.539     25  15101.077    15102.412    15223.771
275  GTR+I         7244.300     26  14540.600    14542.043    14668.202
276  GTR+G4        7159.329     26  14370.657    14372.100    14498.259
277  GTR+I+G4      7158.999     27  14371.998    14373.553    14504.507
278  GTR+R2        7166.260     27  14386.520    14388.075    14519.029
279  GTR+R3        7158.079     29  14374.159    14375.952    14516.484
280  GTR+R4        7158.055     31  14378.109    14380.159    14530.250
281  GTR+R5        Skipped 
282  GTR+R6        Skipped 
283  GTR+R7        Skipped 
284  GTR+R8        Skipped 
285  GTR+R9        Skipped 
286  GTR+R10       Skipped 
Akaike Information Criterion:           TIM3+G4
Corrected Akaike Information Criterion: TIM3+G4
Bayesian Information Criterion:         TPM3u+G4
Best-fit model: TPM3u+G4 chosen according to BIC

All model information printed to ./results/gene10.phy.model
CPU time for ModelFinder: 11.869 seconds (0h:0m:11s)
Wall-clock time for ModelFinder: 14.670 seconds (0h:0m:14s)
Generating 1000 samples for ultrafast bootstrap (seed: 887440)...

NOTE: 2 MB RAM (0 GB) is required!
Estimate model parameters (epsilon = 0.100)
1. Initial log-likelihood: -7404.344
2. Current log-likelihood: -7172.644
3. Current log-likelihood: -7163.168
4. Current log-likelihood: -7162.421
Optimal log-likelihood: -7162.338
Rate parameters:  A-C: 2.250  A-G: 5.373  A-T: 1.000  C-G: 2.250  C-T: 5.373  G-T: 1.000
Base frequencies:   A: 0.401  C: 0.155  G: 0.190  T: 0.254
Gamma shape alpha: 0.524
Parameters optimization took 4 rounds (0.047 sec)
Computing ML distances based on estimated model parameters... 0.001 sec
Computing BIONJ tree...
0.000 seconds
Log-likelihood of BIONJ tree: -7161.982
--------------------------------------------------------------------
|             INITIALIZING CANDIDATE TREE SET                      |
--------------------------------------------------------------------
Generating 98 parsimony trees... 0.065 second
Computing log-likelihood of 95 initial trees ... 0.378 seconds
Current best score: -7161.982

Do NNI search on 20 best initial trees
Estimate model parameters (epsilon = 0.100)
BETTER TREE FOUND at iteration 1: -7160.394
Iteration 10 / LogL: -7161.431 / Time: 0h:0m:15s
Iteration 20 / LogL: -7161.415 / Time: 0h:0m:16s
Finish initializing candidate tree set (6)
Current best tree score: -7160.394 / CPU time: 1.355
Number of iterations: 20
--------------------------------------------------------------------
|               OPTIMIZING CANDIDATE TREE SET                      |
--------------------------------------------------------------------
UPDATE BEST LOG-LIKELIHOOD: -7160.393
Iteration 30 / LogL: -7161.585 / Time: 0h:0m:16s (0h:0m:4s left)
Iteration 40 / LogL: -7160.394 / Time: 0h:0m:16s (0h:0m:3s left)
UPDATE BEST LOG-LIKELIHOOD: -7160.393
Iteration 50 / LogL: -7161.594 / Time: 0h:0m:16s (0h:0m:2s left)
Log-likelihood cutoff on original alignment: -7170.115
UPDATE BEST LOG-LIKELIHOOD: -7160.393
Iteration 60 / LogL: -7160.393 / Time: 0h:0m:17s (0h:0m:1s left)
WARNING: NNI search needs unusual large number of steps (7) to converge!
Iteration 70 / LogL: -7161.432 / Time: 0h:0m:18s (0h:0m:1s left)
Iteration 80 / LogL: -7161.417 / Time: 0h:0m:18s (0h:0m:1s left)
Iteration 90 / LogL: -7161.414 / Time: 0h:0m:19s (0h:0m:0s left)
Iteration 100 / LogL: -7160.393 / Time: 0h:0m:19s (0h:0m:0s left)
Log-likelihood cutoff on original alignment: -7170.702
NOTE: Bootstrap correlation coefficient of split occurrence frequencies: 0.987
NOTE: UFBoot does not converge, continue at least 100 more iterations
Iteration 110 / LogL: -7160.393 / Time: 0h:0m:19s (0h:0m:4s left)
Iteration 120 / LogL: -7161.418 / Time: 0h:0m:20s (0h:0m:3s left)
Iteration 130 / LogL: -7161.600 / Time: 0h:0m:20s (0h:0m:3s left)
Iteration 140 / LogL: -7161.596 / Time: 0h:0m:21s (0h:0m:2s left)
UPDATE BEST LOG-LIKELIHOOD: -7160.393
Iteration 150 / LogL: -7160.401 / Time: 0h:0m:21s (0h:0m:2s left)
Log-likelihood cutoff on original alignment: -7171.412
Iteration 160 / LogL: -7160.393 / Time: 0h:0m:22s (0h:0m:1s left)
Iteration 170 / LogL: -7161.416 / Time: 0h:0m:22s (0h:0m:1s left)
Iteration 180 / LogL: -7161.594 / Time: 0h:0m:22s (0h:0m:0s left)
Iteration 190 / LogL: -7160.393 / Time: 0h:0m:23s (0h:0m:0s left)
Iteration 200 / LogL: -7161.414 / Time: 0h:0m:23s (0h:0m:0s left)
Log-likelihood cutoff on original alignment: -7170.632
NOTE: Bootstrap correlation coefficient of split occurrence frequencies: 0.973
NOTE: UFBoot does not converge, continue at least 100 more iterations
UPDATE BEST LOG-LIKELIHOOD: -7160.393
Iteration 210 / LogL: -7160.394 / Time: 0h:0m:24s (0h:0m:4s left)
Iteration 220 / LogL: -7161.414 / Time: 0h:0m:24s (0h:0m:3s left)
WARNING: NNI search needs unusual large number of steps (7) to converge!
Iteration 230 / LogL: -7160.393 / Time: 0h:0m:25s (0h:0m:3s left)
UPDATE BEST LOG-LIKELIHOOD: -7160.393
Iteration 240 / LogL: -7160.393 / Time: 0h:0m:25s (0h:0m:2s left)
Iteration 250 / LogL: -7160.393 / Time: 0h:0m:26s (0h:0m:2s left)
Log-likelihood cutoff on original alignment: -7171.444
Iteration 260 / LogL: -7160.393 / Time: 0h:0m:27s (0h:0m:1s left)
Iteration 270 / LogL: -7160.393 / Time: 0h:0m:27s (0h:0m:1s left)
Iteration 280 / LogL: -7160.393 / Time: 0h:0m:28s (0h:0m:0s left)
Iteration 290 / LogL: -7160.393 / Time: 0h:0m:28s (0h:0m:0s left)
Iteration 300 / LogL: -7161.418 / Time: 0h:0m:28s (0h:0m:0s left)
Log-likelihood cutoff on original alignment: -7172.491
NOTE: Bootstrap correlation coefficient of split occurrence frequencies: 0.985
NOTE: UFBoot does not converge, continue at least 100 more iterations
Iteration 310 / LogL: -7160.393 / Time: 0h:0m:29s (0h:0m:4s left)
Iteration 320 / LogL: -7160.393 / Time: 0h:0m:29s (0h:0m:3s left)
Iteration 330 / LogL: -7161.595 / Time: 0h:0m:30s (0h:0m:3s left)
UPDATE BEST LOG-LIKELIHOOD: -7160.393
Iteration 340 / LogL: -7160.394 / Time: 0h:0m:31s (0h:0m:2s left)
UPDATE BEST LOG-LIKELIHOOD: -7160.393
Iteration 350 / LogL: -7160.400 / Time: 0h:0m:31s (0h:0m:2s left)
Log-likelihood cutoff on original alignment: -7172.743
Iteration 360 / LogL: -7160.393 / Time: 0h:0m:32s (0h:0m:1s left)
Iteration 370 / LogL: -7160.393 / Time: 0h:0m:32s (0h:0m:1s left)
Iteration 380 / LogL: -7160.401 / Time: 0h:0m:33s (0h:0m:0s left)
Iteration 390 / LogL: -7160.393 / Time: 0h:0m:33s (0h:0m:0s left)
Iteration 400 / LogL: -7161.415 / Time: 0h:0m:34s (0h:0m:0s left)
Log-likelihood cutoff on original alignment: -7173.297
NOTE: Bootstrap correlation coefficient of split occurrence frequencies: 0.996
TREE SEARCH COMPLETED AFTER 400 ITERATIONS / Time: 0h:0m:34s

--------------------------------------------------------------------
|                    FINALIZING TREE SEARCH                        |
--------------------------------------------------------------------
Performs final model parameters optimization
Estimate model parameters (epsilon = 0.010)
1. Initial log-likelihood: -7160.393
Optimal log-likelihood: -7160.390
Rate parameters:  A-C: 2.319  A-G: 5.374  A-T: 1.000  C-G: 2.319  C-T: 5.374  G-T: 1.000
Base frequencies:   A: 0.401  C: 0.155  G: 0.190  T: 0.254
Gamma shape alpha: 0.530
Parameters optimization took 1 rounds (0.016 sec)
BEST SCORE FOUND : -7160.390
Creating bootstrap support values...
Split supports printed to NEXUS file ./results/gene10.phy.splits.nex
Total tree length: 2.911

Total number of iterations: 400
CPU time used for tree search: 17.017 sec (0h:0m:17s)
Wall-clock time used for tree search: 19.477 sec (0h:0m:19s)
Total CPU time used: 28.998 sec (0h:0m:28s)
Total wall-clock time used: 34.294 sec (0h:0m:34s)

Computing bootstrap consensus tree...
Reading input file ./results/gene10.phy.splits.nex...
10 taxa and 144 splits.
Consensus tree written to ./results/gene10.phy.contree
Reading input trees file ./results/gene10.phy.contree
Log-likelihood of consensus tree: -7160.390

Analysis results written to: 
  IQ-TREE report:                ./results/gene10.phy.iqtree
  Maximum-likelihood tree:       ./results/gene10.phy.treefile
  Likelihood distances:          ./results/gene10.phy.mldist

Ultrafast bootstrap approximation results written to:
  Split support values:          ./results/gene10.phy.splits.nex
  Consensus tree:                ./results/gene10.phy.contree
  Screen log file:               ./results/gene10.phy.log

Date and Time: Tue Aug 22 17:32:20 2017
