IQ-TREE multicore version 1.5.4 for Linux 64-bit built Apr  2 2017
Copyright (c) 2011-2017 by Bui Quang Minh, Nguyen Lam Tung,
Olga Chernomor, Heiko Schmidt, and Arndt von Haeseler.

Host:    hpc-crick (AVX, 251 GB RAM)
Command: iqtree -s ./results/gene15.phy -nt 1 -bb 1000
Seed:    239461 (Using SPRNG - Scalable Parallel Random Number Generator)
Time:    Tue Aug 22 17:39:00 2017
Kernel:  AVX - 1 threads (40 CPU cores detected)

Reading alignment file ./results/gene15.phy ... Phylip format detected
Alignment most likely contains DNA/RNA sequences
Alignment has 10 sequences with 1000 columns and 515 patterns (373 informative sites, 361 constant sites)
   Gap/Ambiguity  Composition  p-value
   1  A    0.00%    passed     59.33%
   2  B    0.00%    passed     66.30%
   3  C    0.00%    passed     94.88%
   4  D    0.00%    passed     93.32%
   5  E    0.00%    passed     85.75%
   6  F    0.00%    passed     96.74%
   7  G    0.00%    passed     79.84%
   8  H    0.00%    passed     63.13%
   9  I    0.00%    passed     99.62%
  10  J    0.00%    passed     51.07%
****  TOTAL    0.00%  0 sequences failed composition chi2 test (p-value<5%; df=3)

Create initial parsimony tree by phylogenetic likelihood library (PLL)... 0.001 seconds

NOTE: ModelFinder requires 3 MB RAM!
ModelFinder will test 286 DNA models (sample size: 1000) ...
 No. Model         -LnL         df  AIC          AICc         BIC
  1  JC            7924.354     17  15882.709    15883.332    15966.140
  2  JC+I          7674.474     18  15384.947    15385.644    15473.287
  3  JC+G4         7610.344     18  15256.688    15257.385    15345.028
  4  JC+I+G4       7610.257     19  15258.514    15259.290    15351.761
  5  JC+R2         7614.201     19  15266.402    15267.178    15359.650
  6  JC+R3         7609.847     21  15261.695    15262.640    15364.758
  7  JC+R4         Skipped 
  8  JC+R5         Skipped 
  9  JC+R6         Skipped 
 10  JC+R7         Skipped 
 11  JC+R8         Skipped 
 12  JC+R9         Skipped 
 13  JC+R10        Skipped 
 14  F81           7777.293     20  15594.585    15595.443    15692.740
 15  F81+I         7522.887     21  15087.774    15088.718    15190.836
 16  F81+G4        7450.231     21  14942.462    14943.407    15045.525
 17  F81+I+G4      7450.067     22  14944.135    14945.170    15052.105
 18  F81+R2        7457.074     22  14958.149    14959.185    15066.120
 19  F81+R3        7449.656     24  14947.312    14948.542    15065.098
 20  F81+R4        7449.657     26  14951.314    14952.756    15078.915
 21  F81+R5        Skipped 
 22  F81+R6        Skipped 
 23  F81+R7        Skipped 
 24  F81+R8        Skipped 
 25  F81+R9        Skipped 
 26  F81+R10       Skipped 
 27  K2P           7765.991     18  15567.982    15568.679    15656.321
 28  K2P+I         7505.002     19  15048.005    15048.780    15141.252
 29  K2P+G4        7423.944     19  14885.887    14886.663    14979.135
 30  K2P+I+G4      7423.901     20  14887.802    14888.660    14985.958
 31  K2P+R2        7434.691     20  14909.383    14910.241    15007.538
 32  K2P+R3        7422.498     22  14888.996    14890.032    14996.966
 33  K2P+R4        7422.492     24  14892.983    14894.214    15010.769
 34  K2P+R5        Skipped 
 35  K2P+R6        Skipped 
 36  K2P+R7        Skipped 
 37  K2P+R8        Skipped 
 38  K2P+R9        Skipped 
 39  K2P+R10       Skipped 
 40  HKY           7626.854     21  15295.708    15296.653    15398.771
 41  HKY+I         7364.364     22  14772.728    14773.763    14880.698
 42  HKY+G4        7274.433     22  14592.866    14593.902    14700.837
 43  HKY+I+G4      7274.204     23  14594.408    14595.539    14707.286
 44  HKY+R2        7289.919     23  14625.838    14626.970    14738.717
 45  HKY+R3        7272.923     25  14595.846    14597.181    14718.540
 46  HKY+R4        7272.964     27  14599.928    14601.484    14732.438
 47  HKY+R5        Skipped 
 48  HKY+R6        Skipped 
 49  HKY+R7        Skipped 
 50  HKY+R8        Skipped 
 51  HKY+R9        Skipped 
 52  HKY+R10       Skipped 
 53  TNe           7763.015     19  15564.030    15564.806    15657.277
 54  TNe+I         7500.903     20  15041.806    15042.664    15139.961
 55  TNe+G4        7415.706     20  14871.413    14872.271    14969.568
 56  TNe+I+G4      7415.660     21  14873.319    14874.264    14976.382
 57  TNe+R2        7428.306     21  14898.612    14899.557    15001.675
 58  TNe+R3        7414.055     23  14874.110    14875.241    14986.989
 59  TNe+R4        7414.066     25  14878.131    14879.466    15000.825
 60  TNe+R5        Skipped 
 61  TNe+R6        Skipped 
 62  TNe+R7        Skipped 
 63  TNe+R8        Skipped 
 64  TNe+R9        Skipped 
 65  TNe+R10       Skipped 
 66  TN            7624.895     22  15293.790    15294.826    15401.761
 67  TN+I          7363.236     23  14772.472    14773.603    14885.350
 68  TN+G4         7273.906     23  14593.811    14594.942    14706.689
 69  TN+I+G4       7273.506     24  14595.012    14596.243    14712.799
 70  TN+R2         7288.608     24  14625.217    14626.447    14743.003
 71  TN+R3         7272.235     26  14596.470    14597.913    14724.072
 72  TN+R4         7272.298     28  14600.596    14602.268    14738.013
 73  TN+R5         Skipped 
 74  TN+R6         Skipped 
 75  TN+R7         Skipped 
 76  TN+R8         Skipped 
 77  TN+R9         Skipped 
 78  TN+R10        Skipped 
 79  K3P           7762.072     19  15562.145    15562.920    15655.392
 80  K3P+I         7500.896     20  15041.791    15042.649    15139.946
 81  K3P+G4        7416.894     20  14873.788    14874.646    14971.943
 82  K3P+I+G4      7416.906     21  14875.813    14876.758    14978.876
 83  K3P+R2        7428.069     21  14898.138    14899.082    15001.201
 84  K3P+R3        7415.696     23  14877.392    14878.523    14990.270
 85  K3P+R4        7415.717     25  14881.435    14882.769    15004.128
 86  K3P+R5        Skipped 
 87  K3P+R6        Skipped 
 88  K3P+R7        Skipped 
 89  K3P+R8        Skipped 
 90  K3P+R9        Skipped 
 91  K3P+R10       Skipped 
 92  K3Pu          7613.626     22  15271.252    15272.288    15379.222
 93  K3Pu+I        7353.443     23  14752.887    14754.018    14865.765
 94  K3Pu+G4       7258.994     23  14563.989    14565.120    14676.867
 95  K3Pu+I+G4     7258.768     24  14565.535    14566.766    14683.321
 96  K3Pu+R2       7274.248     24  14596.496    14597.727    14714.282
 97  K3Pu+R3       7257.774     26  14567.548    14568.991    14695.149
 98  K3Pu+R4       7257.825     28  14571.649    14573.322    14709.066
 99  K3Pu+R5       Skipped 
100  K3Pu+R6       Skipped 
101  K3Pu+R7       Skipped 
102  K3Pu+R8       Skipped 
103  K3Pu+R9       Skipped 
104  K3Pu+R10      Skipped 
105  TPM2          7625.568     22  15295.136    15296.172    15403.107
106  TPM2+I        7362.774     23  14771.549    14772.680    14884.427
107  TPM2+G4       7272.646     23  14591.292    14592.423    14704.171
108  TPM2+I+G4     7272.461     24  14592.921    14594.152    14710.708
109  TPM2+R2       7288.001     24  14624.001    14625.232    14741.787
110  TPM2+R3       7271.023     26  14594.047    14595.490    14721.648
111  TPM2+R4       7271.074     28  14598.149    14599.821    14735.566
112  TPM2+R5       Skipped 
113  TPM2+R6       Skipped 
114  TPM2+R7       Skipped 
115  TPM2+R8       Skipped 
116  TPM2+R9       Skipped 
117  TPM2+R10      Skipped 
118  TPM2u         7625.554     22  15295.108    15296.144    15403.078
119  TPM2u+I       7362.783     23  14771.566    14772.698    14884.445
120  TPM2u+G4      7272.731     23  14591.463    14592.594    14704.341
121  TPM2u+I+G4    7272.449     24  14592.897    14594.128    14710.683
122  TPM2u+R2      7287.992     24  14623.984    14625.214    14741.770
123  TPM2u+R3      7271.001     26  14594.003    14595.445    14721.604
124  TPM2u+R4      7271.027     28  14598.053    14599.726    14735.470
125  TPM2u+R5      Skipped 
126  TPM2u+R6      Skipped 
127  TPM2u+R7      Skipped 
128  TPM2u+R8      Skipped 
129  TPM2u+R9      Skipped 
130  TPM2u+R10     Skipped 
131  TPM3          7603.222     22  15250.444    15251.479    15358.414
132  TPM3+I        7350.984     23  14747.968    14749.099    14860.846
133  TPM3+G4       7255.222     23  14556.444    14557.575    14669.323
134  TPM3+I+G4     7255.048     24  14558.096    14559.327    14675.882
135  TPM3+R2       7269.630     24  14587.260    14588.491    14705.046
136  TPM3+R3       7253.812     26  14559.624    14561.067    14687.225
137  TPM3+R4       7253.878     28  14563.756    14565.428    14701.173
138  TPM3+R5       Skipped 
139  TPM3+R6       Skipped 
140  TPM3+R7       Skipped 
141  TPM3+R8       Skipped 
142  TPM3+R9       Skipped 
143  TPM3+R10      Skipped 
144  TPM3u         7603.142     22  15250.284    15251.320    15358.255
145  TPM3u+I       7350.981     23  14747.962    14749.094    14860.841
146  TPM3u+G4      7255.236     23  14556.473    14557.604    14669.351
147  TPM3u+I+G4    7255.029     24  14558.058    14559.289    14675.845
148  TPM3u+R2      7269.595     24  14587.191    14588.422    14704.977
149  TPM3u+R3      7253.818     26  14559.636    14561.079    14687.238
150  TPM3u+R4      7253.859     28  14563.719    14565.391    14701.136
151  TPM3u+R5      Skipped 
152  TPM3u+R6      Skipped 
153  TPM3u+R7      Skipped 
154  TPM3u+R8      Skipped 
155  TPM3u+R9      Skipped 
156  TPM3u+R10     Skipped 
157  TIMe          7759.117     20  15558.235    15559.093    15656.390
158  TIMe+I        7496.811     21  15035.623    15036.568    15138.686
159  TIMe+G4       7408.773     21  14859.547    14860.491    14962.609
160  TIMe+I+G4     7408.736     22  14861.473    14862.509    14969.443
161  TIMe+R2       7421.560     22  14887.120    14888.155    14995.090
162  TIMe+R3       7407.366     24  14862.733    14863.963    14980.519
163  TIMe+R4       7407.365     26  14866.729    14868.172    14994.331
164  TIMe+R5       Skipped 
165  TIMe+R6       Skipped 
166  TIMe+R7       Skipped 
167  TIMe+R8       Skipped 
168  TIMe+R9       Skipped 
169  TIMe+R10      Skipped 
170  TIM           7611.486     23  15268.971    15270.103    15381.850
171  TIM+I         7352.297     24  14752.594    14753.825    14870.380
172  TIM+G4        7258.504     24  14565.007    14566.238    14682.793
173  TIM+I+G4      7258.261     25  14566.523    14567.857    14689.217
174  TIM+R2        7273.091     25  14596.183    14597.518    14718.877
175  TIM+R3        7257.310     27  14568.620    14570.176    14701.129
176  TIM+R4        7257.353     29  14572.706    14574.500    14715.031
177  TIM+R5        Skipped 
178  TIM+R6        Skipped 
179  TIM+R7        Skipped 
180  TIM+R8        Skipped 
181  TIM+R9        Skipped 
182  TIM+R10       Skipped 
183  TIM2e         7748.913     20  15537.826    15538.684    15635.981
184  TIM2e+I       7485.080     21  15012.160    15013.105    15115.223
185  TIM2e+G4      7386.083     21  14814.165    14815.110    14917.228
186  TIM2e+I+G4    7386.226     22  14816.453    14817.489    14924.423
187  TIM2e+R2      7401.803     22  14847.605    14848.641    14955.576
188  TIM2e+R3      7384.212     24  14816.425    14817.656    14934.211
189  TIM2e+R4      7384.173     26  14820.346    14821.789    14947.948
190  TIM2e+R5      Skipped 
191  TIM2e+R6      Skipped 
192  TIM2e+R7      Skipped 
193  TIM2e+R8      Skipped 
194  TIM2e+R9      Skipped 
195  TIM2e+R10     Skipped 
196  TIM2          7623.501     23  15293.001    15294.132    15405.880
197  TIM2+I        7361.690     24  14771.379    14772.610    14889.165
198  TIM2+G4       7271.925     24  14591.849    14593.080    14709.635
199  TIM2+I+G4     7271.549     25  14593.097    14594.432    14715.791
200  TIM2+R2       7286.698     25  14623.396    14624.730    14746.089
201  TIM2+R3       7270.005     27  14594.010    14595.565    14726.519
202  TIM2+R4       7270.044     29  14598.088    14599.882    14740.413
203  TIM2+R5       Skipped 
204  TIM2+R6       Skipped 
205  TIM2+R7       Skipped 
206  TIM2+R8       Skipped 
207  TIM2+R9       Skipped 
208  TIM2+R10      Skipped 
209  TIM3e         7757.544     20  15555.088    15555.946    15653.243
210  TIM3e+I       7497.779     21  15037.558    15038.503    15140.621
211  TIM3e+G4      7411.230     21  14864.461    14865.406    14967.524
212  TIM3e+I+G4    7411.126     22  14866.252    14867.288    14974.223
213  TIM3e+R2      7423.454     22  14890.908    14891.944    14998.879
214  TIM3e+R3      7409.794     24  14867.588    14868.819    14985.374
215  TIM3e+R4      7409.823     26  14871.645    14873.088    14999.247
216  TIM3e+R5      Skipped 
217  TIM3e+R6      Skipped 
218  TIM3e+R7      Skipped 
219  TIM3e+R8      Skipped 
220  TIM3e+R9      Skipped 
221  TIM3e+R10     Skipped 
222  TIM3          7599.778     23  15245.556    15246.688    15358.435
223  TIM3+I        7350.053     24  14748.105    14749.336    14865.891
224  TIM3+G4       7254.076     24  14556.151    14557.382    14673.937
225  TIM3+I+G4     7253.770     25  14557.539    14558.874    14680.233
226  TIM3+R2       7267.867     25  14585.734    14587.068    14708.428
227  TIM3+R3       7252.541     27  14559.083    14560.638    14691.592
228  TIM3+R4       7252.600     29  14563.201    14564.995    14705.526
229  TIM3+R5       Skipped 
230  TIM3+R6       Skipped 
231  TIM3+R7       Skipped 
232  TIM3+R8       Skipped 
233  TIM3+R9       Skipped 
234  TIM3+R10      Skipped 
235  TVMe          7744.267     21  15530.534    15531.479    15633.597
236  TVMe+I        7483.274     22  15010.548    15011.584    15118.519
237  TVMe+G4       7385.335     22  14814.669    14815.705    14922.640
238  TVMe+I+G4     7385.535     23  14817.070    14818.201    14929.948
239  TVMe+R2       7399.728     23  14845.457    14846.588    14958.335
240  TVMe+R3       7383.201     25  14816.403    14817.737    14939.096
241  TVMe+R4       7383.198     27  14820.397    14821.952    14952.906
242  TVMe+R5       Skipped 
243  TVMe+R6       Skipped 
244  TVMe+R7       Skipped 
245  TVMe+R8       Skipped 
246  TVMe+R9       Skipped 
247  TVMe+R10      Skipped 
248  TVM           7597.450     24  15242.900    15244.131    15360.686
249  TVM+I         7344.646     25  14739.293    14740.628    14861.987
250  TVM+G4        7245.250     25  14540.499    14541.834    14663.193
251  TVM+I+G4      7245.279     26  14542.559    14544.002    14670.161
252  TVM+R2        7260.022     26  14572.043    14573.486    14699.645
253  TVM+R3        7244.043     28  14544.085    14545.758    14681.502
254  TVM+R4        7244.139     30  14548.278    14550.197    14695.511
255  TVM+R5        Skipped 
256  TVM+R6        Skipped 
257  TVM+R7        Skipped 
258  TVM+R8        Skipped 
259  TVM+R9        Skipped 
260  TVM+R10       Skipped 
261  SYM           7741.603     22  15527.206    15528.242    15635.177
262  SYM+I         7479.309     23  15004.618    15005.749    15117.496
263  SYM+G4        7374.804     23  14795.608    14796.739    14908.486
264  SYM+I+G4      7374.981     24  14797.962    14799.192    14915.748
265  SYM+R2        7390.795     24  14829.591    14830.821    14947.377
266  SYM+R3        7373.149     26  14798.298    14799.741    14925.900
267  SYM+R4        7373.138     28  14802.277    14803.949    14939.694
268  SYM+R5        Skipped 
269  SYM+R6        Skipped 
270  SYM+R7        Skipped 
271  SYM+R8        Skipped 
272  SYM+R9        Skipped 
273  SYM+R10       Skipped 
274  GTR           7593.998     25  15237.996    15239.331    15360.690
275  GTR+I         7343.565     26  14739.129    14740.572    14866.731
276  GTR+G4        7243.874     26  14539.747    14541.190    14667.349
277  GTR+I+G4      7243.835     27  14541.671    14543.226    14674.180
278  GTR+R2        7258.292     27  14570.584    14572.140    14703.094
279  GTR+R3        7242.563     29  14543.126    14544.920    14685.451
280  GTR+R4        7242.585     31  14547.170    14549.219    14699.310
281  GTR+R5        Skipped 
282  GTR+R6        Skipped 
283  GTR+R7        Skipped 
284  GTR+R8        Skipped 
285  GTR+R9        Skipped 
286  GTR+R10       Skipped 
Akaike Information Criterion:           GTR+G4
Corrected Akaike Information Criterion: GTR+G4
Bayesian Information Criterion:         TVM+G4
Best-fit model: TVM+G4 chosen according to BIC

All model information printed to ./results/gene15.phy.model
CPU time for ModelFinder: 11.255 seconds (0h:0m:11s)
Wall-clock time for ModelFinder: 16.749 seconds (0h:0m:16s)
Generating 1000 samples for ultrafast bootstrap (seed: 239461)...

NOTE: 2 MB RAM (0 GB) is required!
Estimate model parameters (epsilon = 0.100)
1. Initial log-likelihood: -7503.253
2. Current log-likelihood: -7275.608
3. Current log-likelihood: -7247.444
4. Current log-likelihood: -7247.177
Optimal log-likelihood: -7247.159
Rate parameters:  A-C: 2.794  A-G: 4.893  A-T: 0.704  C-G: 1.009  C-T: 4.893  G-T: 1.000
Base frequencies:   A: 0.407  C: 0.147  G: 0.214  T: 0.232
Gamma shape alpha: 0.535
Parameters optimization took 4 rounds (0.144 sec)
Computing ML distances based on estimated model parameters... 0.002 sec
Computing BIONJ tree...
0.000 seconds
Log-likelihood of BIONJ tree: -7245.553
--------------------------------------------------------------------
|             INITIALIZING CANDIDATE TREE SET                      |
--------------------------------------------------------------------
Generating 98 parsimony trees... 0.118 second
Computing log-likelihood of 96 initial trees ... 0.697 seconds
Current best score: -7245.553

Do NNI search on 20 best initial trees
Estimate model parameters (epsilon = 0.100)
BETTER TREE FOUND at iteration 1: -7239.771
UPDATE BEST LOG-LIKELIHOOD: -7239.770
BETTER TREE FOUND at iteration 5: -7239.770
WARNING: NNI search needs unusual large number of steps (7) to converge!
UPDATE BEST LOG-LIKELIHOOD: -7239.770
WARNING: NNI search needs unusual large number of steps (7) to converge!
UPDATE BEST LOG-LIKELIHOOD: -7239.770
Iteration 10 / LogL: -7239.773 / Time: 0h:0m:18s
WARNING: NNI search needs unusual large number of steps (7) to converge!
UPDATE BEST LOG-LIKELIHOOD: -7239.770
Iteration 20 / LogL: -7239.770 / Time: 0h:0m:20s
Finish initializing candidate tree set (7)
Current best tree score: -7239.770 / CPU time: 3.436
Number of iterations: 20
--------------------------------------------------------------------
|               OPTIMIZING CANDIDATE TREE SET                      |
--------------------------------------------------------------------
UPDATE BEST LOG-LIKELIHOOD: -7239.770
Iteration 30 / LogL: -7239.770 / Time: 0h:0m:21s (0h:0m:11s left)
Iteration 40 / LogL: -7240.084 / Time: 0h:0m:22s (0h:0m:9s left)
UPDATE BEST LOG-LIKELIHOOD: -7239.770
Iteration 50 / LogL: -7239.770 / Time: 0h:0m:22s (0h:0m:6s left)
Log-likelihood cutoff on original alignment: -7256.562
Iteration 60 / LogL: -7240.084 / Time: 0h:0m:23s (0h:0m:5s left)
Iteration 70 / LogL: -7240.083 / Time: 0h:0m:24s (0h:0m:3s left)
UPDATE BEST LOG-LIKELIHOOD: -7239.770
Iteration 80 / LogL: -7239.770 / Time: 0h:0m:25s (0h:0m:2s left)
UPDATE BEST LOG-LIKELIHOOD: -7239.770
Iteration 90 / LogL: -7239.770 / Time: 0h:0m:25s (0h:0m:1s left)
UPDATE BEST LOG-LIKELIHOOD: -7239.770
Iteration 100 / LogL: -7242.090 / Time: 0h:0m:26s (0h:0m:0s left)
Log-likelihood cutoff on original alignment: -7257.615
NOTE: Bootstrap correlation coefficient of split occurrence frequencies: 0.994
UPDATE BEST LOG-LIKELIHOOD: -7239.770
TREE SEARCH COMPLETED AFTER 106 ITERATIONS / Time: 0h:0m:26s

--------------------------------------------------------------------
|                    FINALIZING TREE SEARCH                        |
--------------------------------------------------------------------
Performs final model parameters optimization
Estimate model parameters (epsilon = 0.010)
1. Initial log-likelihood: -7239.770
Optimal log-likelihood: -7239.766
Rate parameters:  A-C: 2.789  A-G: 4.872  A-T: 0.736  C-G: 1.011  C-T: 4.872  G-T: 1.000
Base frequencies:   A: 0.407  C: 0.147  G: 0.214  T: 0.232
Gamma shape alpha: 0.539
Parameters optimization took 1 rounds (0.012 sec)
BEST SCORE FOUND : -7239.766
Creating bootstrap support values...
Split supports printed to NEXUS file ./results/gene15.phy.splits.nex
Total tree length: 3.137

Total number of iterations: 106
CPU time used for tree search: 6.779 sec (0h:0m:6s)
Wall-clock time used for tree search: 9.916 sec (0h:0m:9s)
Total CPU time used: 18.187 sec (0h:0m:18s)
Total wall-clock time used: 26.934 sec (0h:0m:26s)

Computing bootstrap consensus tree...
Reading input file ./results/gene15.phy.splits.nex...
10 taxa and 128 splits.
Consensus tree written to ./results/gene15.phy.contree
Reading input trees file ./results/gene15.phy.contree
Log-likelihood of consensus tree: -7239.766

Analysis results written to: 
  IQ-TREE report:                ./results/gene15.phy.iqtree
  Maximum-likelihood tree:       ./results/gene15.phy.treefile
  Likelihood distances:          ./results/gene15.phy.mldist

Ultrafast bootstrap approximation results written to:
  Split support values:          ./results/gene15.phy.splits.nex
  Consensus tree:                ./results/gene15.phy.contree
  Screen log file:               ./results/gene15.phy.log

Date and Time: Tue Aug 22 17:39:27 2017
