IQ-TREE multicore version 1.5.4 for Linux 64-bit built Apr  2 2017
Copyright (c) 2011-2017 by Bui Quang Minh, Nguyen Lam Tung,
Olga Chernomor, Heiko Schmidt, and Arndt von Haeseler.

Host:    hpc-crick (AVX, 251 GB RAM)
Command: iqtree -s ./results/gene12.phy -nt 1 -bb 1000
Seed:    103458 (Using SPRNG - Scalable Parallel Random Number Generator)
Time:    Tue Aug 22 17:36:54 2017
Kernel:  AVX - 1 threads (40 CPU cores detected)

Reading alignment file ./results/gene12.phy ... Phylip format detected
Alignment most likely contains DNA/RNA sequences
Alignment has 10 sequences with 1000 columns and 490 patterns (335 informative sites, 374 constant sites)
   Gap/Ambiguity  Composition  p-value
   1  A    0.00%    passed     69.23%
   2  B    0.00%    passed     80.37%
   3  C    0.00%    passed     97.33%
   4  D    0.00%    passed     81.73%
   5  E    0.00%    passed     72.50%
   6  F    0.00%    passed     91.86%
   7  G    0.00%    passed     77.04%
   8  H    0.00%    passed     95.95%
   9  I    0.00%    passed     95.25%
  10  J    0.00%    passed     17.08%
****  TOTAL    0.00%  0 sequences failed composition chi2 test (p-value<5%; df=3)

Create initial parsimony tree by phylogenetic likelihood library (PLL)... 0.001 seconds

NOTE: ModelFinder requires 3 MB RAM!
ModelFinder will test 286 DNA models (sample size: 1000) ...
 No. Model         -LnL         df  AIC          AICc         BIC
  1  JC            7556.653     17  15147.306    15147.930    15230.738
  2  JC+I          7340.378     18  14716.757    14717.454    14805.096
  3  JC+G4         7264.433     18  14564.867    14565.564    14653.206
  4  JC+I+G4       7264.921     19  14567.843    14568.618    14661.090
  5  JC+R2         7270.365     19  14578.729    14579.505    14671.977
  6  JC+R3         7263.647     21  14569.295    14570.240    14672.358
  7  JC+R4         Skipped 
  8  JC+R5         Skipped 
  9  JC+R6         Skipped 
 10  JC+R7         Skipped 
 11  JC+R8         Skipped 
 12  JC+R9         Skipped 
 13  JC+R10        Skipped 
 14  F81           7467.616     20  14975.233    14976.091    15073.388
 15  F81+I         7248.818     21  14539.635    14540.580    14642.698
 16  F81+G4        7167.919     21  14377.837    14378.782    14480.900
 17  F81+I+G4      7168.442     22  14380.884    14381.920    14488.855
 18  F81+R2        7173.699     22  14391.398    14392.434    14499.369
 19  F81+R3        7167.394     24  14382.787    14384.018    14500.573
 20  F81+R4        Skipped 
 21  F81+R5        Skipped 
 22  F81+R6        Skipped 
 23  F81+R7        Skipped 
 24  F81+R8        Skipped 
 25  F81+R9        Skipped 
 26  F81+R10       Skipped 
 27  K2P           7406.574     18  14849.147    14849.845    14937.487
 28  K2P+I         7178.594     19  14395.188    14395.964    14488.436
 29  K2P+G4        7081.206     19  14200.412    14201.188    14293.659
 30  K2P+I+G4      7081.650     20  14203.300    14204.158    14301.455
 31  K2P+R2        7090.000     20  14220.001    14220.859    14318.156
 32  K2P+R3        7077.684     22  14199.369    14200.405    14307.339
 33  K2P+R4        7077.668     24  14203.336    14204.567    14321.122
 34  K2P+R5        Skipped 
 35  K2P+R6        Skipped 
 36  K2P+R7        Skipped 
 37  K2P+R8        Skipped 
 38  K2P+R9        Skipped 
 39  K2P+R10       Skipped 
 40  HKY           7311.952     21  14665.905    14666.849    14768.967
 41  HKY+I         7075.693     22  14195.387    14196.423    14303.357
 42  HKY+G4        6966.543     22  13977.086    13978.122    14085.057
 43  HKY+I+G4      6967.065     23  13980.130    13981.261    14093.008
 44  HKY+R2        6976.863     23  13999.726    14000.857    14112.605
 45  HKY+R3        6964.762     25  13979.524    13980.859    14102.218
 46  HKY+R4        6964.761     27  13983.522    13985.078    14116.032
 47  HKY+R5        Skipped 
 48  HKY+R6        Skipped 
 49  HKY+R7        Skipped 
 50  HKY+R8        Skipped 
 51  HKY+R9        Skipped 
 52  HKY+R10       Skipped 
 53  TNe           7406.440     19  14850.879    14851.655    14944.126
 54  TNe+I         7178.532     20  14397.065    14397.923    14495.220
 55  TNe+G4        7080.234     20  14200.467    14201.325    14298.622
 56  TNe+I+G4      7080.544     21  14203.087    14204.032    14306.150
 57  TNe+R2        7089.477     21  14220.953    14221.898    14324.016
 58  TNe+R3        7076.473     23  14198.947    14200.078    14311.825
 59  TNe+R4        7076.497     25  14202.994    14204.329    14325.688
 60  TNe+R5        Skipped 
 61  TNe+R6        Skipped 
 62  TNe+R7        Skipped 
 63  TNe+R8        Skipped 
 64  TNe+R9        Skipped 
 65  TNe+R10       Skipped 
 66  TN            7304.027     22  14652.054    14653.090    14760.025
 67  TN+I          7071.968     23  14189.937    14191.068    14302.815
 68  TN+G4         6964.587     23  13975.175    13976.306    14088.053
 69  TN+I+G4       6964.810     24  13977.619    13978.850    14095.406
 70  TN+R2         6973.131     24  13994.262    13995.492    14112.048
 71  TN+R3         6962.712     26  13977.424    13978.867    14105.025
 72  TN+R4         6962.704     28  13981.408    13983.081    14118.825
 73  TN+R5         Skipped 
 74  TN+R6         Skipped 
 75  TN+R7         Skipped 
 76  TN+R8         Skipped 
 77  TN+R9         Skipped 
 78  TN+R10        Skipped 
 79  K3P           7406.566     19  14851.132    14851.907    14944.379
 80  K3P+I         7178.586     20  14397.171    14398.029    14495.326
 81  K3P+G4        7081.055     20  14202.110    14202.968    14300.265
 82  K3P+I+G4      7081.332     21  14204.664    14205.609    14307.727
 83  K3P+R2        7089.838     21  14221.676    14222.621    14324.739
 84  K3P+R3        7077.457     23  14200.915    14202.046    14313.793
 85  K3P+R4        7077.444     25  14204.889    14206.223    14327.583
 86  K3P+R5        Skipped 
 87  K3P+R6        Skipped 
 88  K3P+R7        Skipped 
 89  K3P+R8        Skipped 
 90  K3P+R9        Skipped 
 91  K3P+R10       Skipped 
 92  K3Pu          7310.009     22  14664.019    14665.055    14771.989
 93  K3Pu+I        7073.854     23  14193.709    14194.840    14306.587
 94  K3Pu+G4       6962.333     23  13970.666    13971.797    14083.544
 95  K3Pu+I+G4     6962.742     24  13973.483    13974.714    14091.269
 96  K3Pu+R2       6972.547     24  13993.094    13994.325    14110.880
 97  K3Pu+R3       6960.664     26  13973.328    13974.771    14100.929
 98  K3Pu+R4       6960.646     28  13977.293    13978.965    14114.710
 99  K3Pu+R5       Skipped 
100  K3Pu+R6       Skipped 
101  K3Pu+R7       Skipped 
102  K3Pu+R8       Skipped 
103  K3Pu+R9       Skipped 
104  K3Pu+R10      Skipped 
105  TPM2          7309.854     22  14663.707    14664.743    14771.678
106  TPM2+I        7074.498     23  14194.997    14196.128    14307.875
107  TPM2+G4       6966.365     23  13978.731    13979.862    14091.609
108  TPM2+I+G4     6966.714     24  13981.429    13982.659    14099.215
109  TPM2+R2       6976.357     24  14000.714    14001.945    14118.500
110  TPM2+R3       6964.401     26  13980.801    13982.244    14108.403
111  TPM2+R4       6964.381     28  13984.761    13986.434    14122.179
112  TPM2+R5       Skipped 
113  TPM2+R6       Skipped 
114  TPM2+R7       Skipped 
115  TPM2+R8       Skipped 
116  TPM2+R9       Skipped 
117  TPM2+R10      Skipped 
118  TPM2u         7309.828     22  14663.656    14664.692    14771.627
119  TPM2u+I       7074.501     23  14195.002    14196.133    14307.880
120  TPM2u+G4      6966.365     23  13978.731    13979.862    14091.609
121  TPM2u+I+G4    6966.695     24  13981.389    13982.620    14099.175
122  TPM2u+R2      6976.358     24  14000.717    14001.948    14118.503
123  TPM2u+R3      6964.400     26  13980.800    13982.243    14108.402
124  TPM2u+R4      6964.428     28  13984.855    13986.528    14122.272
125  TPM2u+R5      Skipped 
126  TPM2u+R6      Skipped 
127  TPM2u+R7      Skipped 
128  TPM2u+R8      Skipped 
129  TPM2u+R9      Skipped 
130  TPM2u+R10     Skipped 
131  TPM3          7298.719     22  14641.438    14642.473    14749.408
132  TPM3+I        7066.174     23  14178.348    14179.479    14291.226
133  TPM3+G4       6949.142     23  13944.285    13945.416    14057.163
134  TPM3+I+G4     6949.342     24  13946.685    13947.916    14064.471
135  TPM3+R2       6957.902     24  13963.804    13965.034    14081.590
136  TPM3+R3       6947.468     26  13946.936    13948.379    14074.538
137  TPM3+R4       6947.437     28  13950.874    13952.547    14088.291
138  TPM3+R5       Skipped 
139  TPM3+R6       Skipped 
140  TPM3+R7       Skipped 
141  TPM3+R8       Skipped 
142  TPM3+R9       Skipped 
143  TPM3+R10      Skipped 
144  TPM3u         7298.741     22  14641.481    14642.517    14749.452
145  TPM3u+I       7066.173     23  14178.345    14179.477    14291.224
146  TPM3u+G4      6949.141     23  13944.283    13945.414    14057.161
147  TPM3u+I+G4    6949.315     24  13946.630    13947.861    14064.416
148  TPM3u+R2      6957.943     24  13963.887    13965.118    14081.673
149  TPM3u+R3      6947.537     26  13947.074    13948.517    14074.676
150  TPM3u+R4      6947.394     28  13950.788    13952.461    14088.205
151  TPM3u+R5      Skipped 
152  TPM3u+R6      Skipped 
153  TPM3u+R7      Skipped 
154  TPM3u+R8      Skipped 
155  TPM3u+R9      Skipped 
156  TPM3u+R10     Skipped 
157  TIMe          7406.452     20  14852.904    14853.762    14951.059
158  TIMe+I        7178.559     21  14399.118    14400.063    14502.181
159  TIMe+G4       7080.074     21  14202.147    14203.092    14305.210
160  TIMe+I+G4     7080.257     22  14204.513    14205.549    14312.484
161  TIMe+R2       7089.317     22  14222.634    14223.670    14330.605
162  TIMe+R3       7076.237     24  14200.474    14201.705    14318.260
163  TIMe+R4       7076.216     26  14204.432    14205.875    14332.034
164  TIMe+R5       Skipped 
165  TIMe+R6       Skipped 
166  TIMe+R7       Skipped 
167  TIMe+R8       Skipped 
168  TIMe+R9       Skipped 
169  TIMe+R10      Skipped 
170  TIM           7302.019     23  14650.037    14651.168    14762.915
171  TIM+I         7070.154     24  14188.308    14189.539    14306.094
172  TIM+G4        6960.139     24  13968.279    13969.510    14086.065
173  TIM+I+G4      6960.500     25  13971.000    13972.334    14093.694
174  TIM+R2        6968.802     25  13987.603    13988.938    14110.297
175  TIM+R3        6958.670     27  13971.339    13972.895    14103.849
176  TIM+R4        6958.655     29  13975.310    13977.104    14117.635
177  TIM+R5        Skipped 
178  TIM+R6        Skipped 
179  TIM+R7        Skipped 
180  TIM+R8        Skipped 
181  TIM+R9        Skipped 
182  TIM+R10       Skipped 
183  TIM2e         7393.353     20  14826.705    14827.563    14924.860
184  TIM2e+I       7165.066     21  14372.131    14373.076    14475.194
185  TIM2e+G4      7060.265     21  14162.530    14163.475    14265.593
186  TIM2e+I+G4    7060.479     22  14164.957    14165.993    14272.928
187  TIM2e+R2      7070.090     22  14184.180    14185.216    14292.151
188  TIM2e+R3      7055.695     24  14159.391    14160.621    14277.177
189  TIM2e+R4      7055.659     26  14163.317    14164.760    14290.919
190  TIM2e+R5      Skipped 
191  TIM2e+R6      Skipped 
192  TIM2e+R7      Skipped 
193  TIM2e+R8      Skipped 
194  TIM2e+R9      Skipped 
195  TIM2e+R10     Skipped 
196  TIM2          7301.522     23  14649.045    14650.176    14761.923
197  TIM2+I        7070.680     24  14189.361    14190.592    14307.147
198  TIM2+G4       6964.008     24  13976.016    13977.247    14093.802
199  TIM2+I+G4     6964.253     25  13978.507    13979.842    14101.201
200  TIM2+R2       6972.433     25  13994.866    13996.201    14117.560
201  TIM2+R3       6962.143     27  13978.287    13979.842    14110.796
202  TIM2+R4       6962.140     29  13982.280    13984.074    14124.605
203  TIM2+R5       Skipped 
204  TIM2+R6       Skipped 
205  TIM2+R7       Skipped 
206  TIM2+R8       Skipped 
207  TIM2+R9       Skipped 
208  TIM2+R10      Skipped 
209  TIM3e         7403.743     20  14847.486    14848.344    14945.641
210  TIM3e+I       7176.775     21  14395.551    14396.496    14498.614
211  TIM3e+G4      7077.161     21  14196.322    14197.267    14299.385
212  TIM3e+I+G4    7077.360     22  14198.721    14199.757    14306.691
213  TIM3e+R2      7085.772     22  14215.545    14216.580    14323.515
214  TIM3e+R3      7073.608     24  14195.215    14196.446    14313.001
215  TIM3e+R4      7073.596     26  14199.192    14200.635    14326.794
216  TIM3e+R5      Skipped 
217  TIM3e+R6      Skipped 
218  TIM3e+R7      Skipped 
219  TIM3e+R8      Skipped 
220  TIM3e+R9      Skipped 
221  TIM3e+R10     Skipped 
222  TIM3          7288.614     23  14623.228    14624.359    14736.107
223  TIM3+I        7061.997     24  14171.994    14173.225    14289.780
224  TIM3+G4       6945.742     24  13939.483    13940.714    14057.269
225  TIM3+I+G4     6945.692     25  13941.383    13942.718    14064.077
226  TIM3+R2       6953.008     25  13956.017    13957.351    14078.711
227  TIM3+R3       6944.108     27  13942.216    13943.771    14074.725
228  TIM3+R4       6944.037     29  13946.073    13947.867    14088.398
229  TIM3+R5       Skipped 
230  TIM3+R6       Skipped 
231  TIM3+R7       Skipped 
232  TIM3+R8       Skipped 
233  TIM3+R9       Skipped 
234  TIM3+R10      Skipped 
235  TVMe          7391.100     21  14824.201    14825.146    14927.264
236  TVMe+I        7163.517     22  14371.034    14372.070    14479.005
237  TVMe+G4       7058.980     22  14161.959    14162.995    14269.930
238  TVMe+I+G4     7059.209     23  14164.417    14165.548    14277.295
239  TVMe+R2       7067.536     23  14181.072    14182.203    14293.951
240  TVMe+R3       7054.656     25  14159.311    14160.646    14282.005
241  TVMe+R4       7054.635     27  14163.270    14164.826    14295.779
242  TVMe+R5       Skipped 
243  TVMe+R6       Skipped 
244  TVMe+R7       Skipped 
245  TVMe+R8       Skipped 
246  TVMe+R9       Skipped 
247  TVMe+R10      Skipped 
248  TVM           7296.551     24  14641.101    14642.332    14758.888
249  TVM+I         7064.876     25  14179.751    14181.086    14302.445
250  TVM+G4        6948.257     25  13946.514    13947.849    14069.208
251  TVM+I+G4      6948.443     26  13948.885    13950.328    14076.487
252  TVM+R2        6956.864     26  13965.729    13967.172    14093.330
253  TVM+R3        6946.414     28  13948.828    13950.501    14086.245
254  TVM+R4        6946.377     30  13952.754    13954.673    14099.986
255  TVM+R5        Skipped 
256  TVM+R6        Skipped 
257  TVM+R7        Skipped 
258  TVM+R8        Skipped 
259  TVM+R9        Skipped 
260  TVM+R10       Skipped 
261  SYM           7390.986     22  14825.972    14827.008    14933.943
262  SYM+I         7163.504     23  14373.007    14374.138    14485.885
263  SYM+G4        7057.222     23  14160.443    14161.574    14273.321
264  SYM+I+G4      7057.430     24  14162.861    14164.092    14280.647
265  SYM+R2        7066.486     24  14180.972    14182.203    14298.758
266  SYM+R3        7052.802     26  14157.604    14159.047    14285.205
267  SYM+R4        7052.774     28  14161.548    14163.221    14298.966
268  SYM+R5        Skipped 
269  SYM+R6        Skipped 
270  SYM+R7        Skipped 
271  SYM+R8        Skipped 
272  SYM+R9        Skipped 
273  SYM+R10       Skipped 
274  GTR           7286.032     25  14622.065    14623.400    14744.759
275  GTR+I         7060.644     26  14173.289    14174.732    14300.891
276  GTR+G4        6944.308     26  13940.616    13942.059    14068.218
277  GTR+I+G4      6944.572     27  13943.143    13944.699    14075.653
278  GTR+R2        6951.896     27  13957.793    13959.348    14090.302
279  GTR+R3        6942.047     29  13942.094    13943.888    14084.419
280  GTR+R4        6941.894     31  13945.789    13947.838    14097.929
281  GTR+R5        Skipped 
282  GTR+R6        Skipped 
283  GTR+R7        Skipped 
284  GTR+R8        Skipped 
285  GTR+R9        Skipped 
286  GTR+R10       Skipped 
Akaike Information Criterion:           TIM3+G4
Corrected Akaike Information Criterion: TIM3+G4
Bayesian Information Criterion:         TPM3u+G4
Best-fit model: TPM3u+G4 chosen according to BIC

All model information printed to ./results/gene12.phy.model
CPU time for ModelFinder: 10.457 seconds (0h:0m:10s)
Wall-clock time for ModelFinder: 15.821 seconds (0h:0m:15s)
Generating 1000 samples for ultrafast bootstrap (seed: 103458)...

NOTE: 2 MB RAM (0 GB) is required!
Estimate model parameters (epsilon = 0.100)
1. Initial log-likelihood: -7227.790
2. Current log-likelihood: -6963.892
3. Current log-likelihood: -6953.339
4. Current log-likelihood: -6952.233
5. Current log-likelihood: -6952.126
Optimal log-likelihood: -6952.067
Rate parameters:  A-C: 2.546  A-G: 6.346  A-T: 1.000  C-G: 2.546  C-T: 6.346  G-T: 1.000
Base frequencies:   A: 0.386  C: 0.154  G: 0.207  T: 0.253
Gamma shape alpha: 0.514
Parameters optimization took 5 rounds (0.102 sec)
Computing ML distances based on estimated model parameters... 0.002 sec
Computing BIONJ tree...
0.000 seconds
Log-likelihood of BIONJ tree: -6952.250
--------------------------------------------------------------------
|             INITIALIZING CANDIDATE TREE SET                      |
--------------------------------------------------------------------
Generating 98 parsimony trees... 0.133 second
Computing log-likelihood of 97 initial trees ... 0.632 seconds
Current best score: -6952.067

Do NNI search on 20 best initial trees
Estimate model parameters (epsilon = 0.100)
BETTER TREE FOUND at iteration 1: -6951.135
Estimate model parameters (epsilon = 0.100)
BETTER TREE FOUND at iteration 2: -6950.317
Estimate model parameters (epsilon = 0.100)
BETTER TREE FOUND at iteration 4: -6949.462
Iteration 10 / LogL: -6951.016 / Time: 0h:0m:17s
Iteration 20 / LogL: -6951.335 / Time: 0h:0m:18s
Finish initializing candidate tree set (11)
Current best tree score: -6949.462 / CPU time: 2.648
Number of iterations: 20
--------------------------------------------------------------------
|               OPTIMIZING CANDIDATE TREE SET                      |
--------------------------------------------------------------------
UPDATE BEST LOG-LIKELIHOOD: -6949.461
UPDATE BEST LOG-LIKELIHOOD: -6949.461
Iteration 30 / LogL: -6949.815 / Time: 0h:0m:19s (0h:0m:8s left)
Estimate model parameters (epsilon = 0.100)
BETTER TREE FOUND at iteration 32: -6949.400
Iteration 40 / LogL: -6949.847 / Time: 0h:0m:19s (0h:0m:9s left)
UPDATE BEST LOG-LIKELIHOOD: -6949.399
Iteration 50 / LogL: -6949.414 / Time: 0h:0m:20s (0h:0m:7s left)
Log-likelihood cutoff on original alignment: -6958.457
Iteration 60 / LogL: -6949.853 / Time: 0h:0m:21s (0h:0m:6s left)
Iteration 70 / LogL: -6949.846 / Time: 0h:0m:21s (0h:0m:5s left)
UPDATE BEST LOG-LIKELIHOOD: -6949.399
Iteration 80 / LogL: -6949.399 / Time: 0h:0m:22s (0h:0m:4s left)
Iteration 90 / LogL: -6949.494 / Time: 0h:0m:22s (0h:0m:3s left)
Iteration 100 / LogL: -6949.428 / Time: 0h:0m:23s (0h:0m:2s left)
Log-likelihood cutoff on original alignment: -6959.151
NOTE: Bootstrap correlation coefficient of split occurrence frequencies: 0.997
Iteration 110 / LogL: -6949.958 / Time: 0h:0m:24s (0h:0m:6s left)
Iteration 120 / LogL: -6949.498 / Time: 0h:0m:24s (0h:0m:5s left)
Iteration 130 / LogL: -6949.845 / Time: 0h:0m:25s (0h:0m:5s left)
TREE SEARCH COMPLETED AFTER 133 ITERATIONS / Time: 0h:0m:25s

--------------------------------------------------------------------
|                    FINALIZING TREE SEARCH                        |
--------------------------------------------------------------------
Performs final model parameters optimization
Estimate model parameters (epsilon = 0.010)
1. Initial log-likelihood: -6949.399
Optimal log-likelihood: -6949.399
Rate parameters:  A-C: 2.544  A-G: 6.476  A-T: 1.000  C-G: 2.544  C-T: 6.476  G-T: 1.000
Base frequencies:   A: 0.386  C: 0.154  G: 0.207  T: 0.253
Gamma shape alpha: 0.516
Parameters optimization took 1 rounds (0.006 sec)
BEST SCORE FOUND : -6949.399
Creating bootstrap support values...
Split supports printed to NEXUS file ./results/gene12.phy.splits.nex
Total tree length: 2.942

Total number of iterations: 133
CPU time used for tree search: 6.581 sec (0h:0m:6s)
Wall-clock time used for tree search: 9.365 sec (0h:0m:9s)
Total CPU time used: 17.151 sec (0h:0m:17s)
Total wall-clock time used: 25.373 sec (0h:0m:25s)

Computing bootstrap consensus tree...
Reading input file ./results/gene12.phy.splits.nex...
10 taxa and 190 splits.
Consensus tree written to ./results/gene12.phy.contree
Reading input trees file ./results/gene12.phy.contree
Log-likelihood of consensus tree: -6950.278

Analysis results written to: 
  IQ-TREE report:                ./results/gene12.phy.iqtree
  Maximum-likelihood tree:       ./results/gene12.phy.treefile
  Likelihood distances:          ./results/gene12.phy.mldist

Ultrafast bootstrap approximation results written to:
  Split support values:          ./results/gene12.phy.splits.nex
  Consensus tree:                ./results/gene12.phy.contree
  Screen log file:               ./results/gene12.phy.log

Date and Time: Tue Aug 22 17:37:19 2017
