IQ-TREE multicore version 1.5.4 for Linux 64-bit built Apr  2 2017
Copyright (c) 2011-2017 by Bui Quang Minh, Nguyen Lam Tung,
Olga Chernomor, Heiko Schmidt, and Arndt von Haeseler.

Host:    hpc-crick (AVX, 251 GB RAM)
Command: iqtree -s ./results/gene13.phy -nt 1 -bb 1000
Seed:    191479 (Using SPRNG - Scalable Parallel Random Number Generator)
Time:    Tue Aug 22 17:32:56 2017
Kernel:  AVX - 1 threads (40 CPU cores detected)

Reading alignment file ./results/gene13.phy ... Phylip format detected
Alignment most likely contains DNA/RNA sequences
Alignment has 10 sequences with 1000 columns and 480 patterns (338 informative sites, 399 constant sites)
   Gap/Ambiguity  Composition  p-value
   1  A    0.00%    passed     87.96%
   2  B    0.00%    passed     99.65%
   3  C    0.00%    passed     98.86%
   4  D    0.00%    passed     87.16%
   5  E    0.00%    passed     33.43%
   6  F    0.00%    passed     89.90%
   7  G    0.00%    passed     98.22%
   8  H    0.00%    passed     90.10%
   9  I    0.00%    passed     57.47%
  10  J    0.00%    passed     86.31%
****  TOTAL    0.00%  0 sequences failed composition chi2 test (p-value<5%; df=3)

Create initial parsimony tree by phylogenetic likelihood library (PLL)... 0.000 seconds

NOTE: ModelFinder requires 3 MB RAM!
ModelFinder will test 286 DNA models (sample size: 1000) ...
 No. Model         -LnL         df  AIC          AICc         BIC
  1  JC            7509.158     17  15052.316    15052.939    15135.748
  2  JC+I          7247.976     18  14531.952    14532.649    14620.291
  3  JC+G4         7180.064     18  14396.128    14396.826    14484.468
  4  JC+I+G4       7180.743     19  14399.486    14400.261    14492.733
  5  JC+R2         7181.846     19  14401.693    14402.468    14494.940
  6  JC+R3         7179.525     21  14401.049    14401.994    14504.112
  7  JC+R4         Skipped 
  8  JC+R5         Skipped 
  9  JC+R6         Skipped 
 10  JC+R7         Skipped 
 11  JC+R8         Skipped 
 12  JC+R9         Skipped 
 13  JC+R10        Skipped 
 14  F81           7404.523     20  14849.046    14849.904    14947.201
 15  F81+I         7140.658     21  14323.315    14324.260    14426.378
 16  F81+G4        7054.114     21  14150.228    14151.173    14253.291
 17  F81+I+G4      7054.675     22  14153.351    14154.387    14261.322
 18  F81+R2        7060.698     22  14165.397    14166.433    14273.367
 19  F81+R3        7053.870     24  14155.741    14156.971    14273.527
 20  F81+R4        Skipped 
 21  F81+R5        Skipped 
 22  F81+R6        Skipped 
 23  F81+R7        Skipped 
 24  F81+R8        Skipped 
 25  F81+R9        Skipped 
 26  F81+R10       Skipped 
 27  K2P           7379.123     18  14794.246    14794.944    14882.586
 28  K2P+I         7105.834     19  14249.667    14250.443    14342.915
 29  K2P+G4        7022.142     19  14082.284    14083.060    14175.532
 30  K2P+I+G4      7022.413     20  14084.826    14085.684    14182.981
 31  K2P+R2        7027.774     20  14095.548    14096.406    14193.704
 32  K2P+R3        7022.021     22  14088.042    14089.078    14196.013
 33  K2P+R4        Skipped 
 34  K2P+R5        Skipped 
 35  K2P+R6        Skipped 
 36  K2P+R7        Skipped 
 37  K2P+R8        Skipped 
 38  K2P+R9        Skipped 
 39  K2P+R10       Skipped 
 40  HKY           7261.897     21  14565.794    14566.738    14668.856
 41  HKY+I         6984.621     22  14013.242    14014.278    14121.213
 42  HKY+G4        6876.293     22  13796.587    13797.623    13904.557
 43  HKY+I+G4      6876.668     23  13799.336    13800.467    13912.215
 44  HKY+R2        6890.090     23  13826.180    13827.311    13939.058
 45  HKY+R3        6874.971     25  13799.942    13801.277    13922.636
 46  HKY+R4        6875.011     27  13804.022    13805.577    13936.531
 47  HKY+R5        Skipped 
 48  HKY+R6        Skipped 
 49  HKY+R7        Skipped 
 50  HKY+R8        Skipped 
 51  HKY+R9        Skipped 
 52  HKY+R10       Skipped 
 53  TNe           7377.988     19  14793.975    14794.751    14887.223
 54  TNe+I         7104.282     20  14248.564    14249.422    14346.720
 55  TNe+G4        7021.297     20  14082.593    14083.451    14180.748
 56  TNe+I+G4      7021.413     21  14084.827    14085.771    14187.889
 57  TNe+R2        7027.234     21  14096.469    14097.413    14199.532
 58  TNe+R3        7020.536     23  14087.072    14088.203    14199.950
 59  TNe+R4        Skipped 
 60  TNe+R5        Skipped 
 61  TNe+R6        Skipped 
 62  TNe+R7        Skipped 
 63  TNe+R8        Skipped 
 64  TNe+R9        Skipped 
 65  TNe+R10       Skipped 
 66  TN            7261.844     22  14567.688    14568.723    14675.658
 67  TN+I          6984.617     23  14015.235    14016.366    14128.113
 68  TN+G4         6876.465     23  13798.930    13800.061    13911.809
 69  TN+I+G4       6876.490     24  13800.980    13802.211    13918.766
 70  TN+R2         6889.652     24  13827.304    13828.535    13945.090
 71  TN+R3         6875.027     26  13802.054    13803.497    13929.656
 72  TN+R4         6874.775     28  13805.550    13807.223    13942.968
 73  TN+R5         Skipped 
 74  TN+R6         Skipped 
 75  TN+R7         Skipped 
 76  TN+R8         Skipped 
 77  TN+R9         Skipped 
 78  TN+R10        Skipped 
 79  K3P           7374.725     19  14787.451    14788.226    14880.698
 80  K3P+I         7100.548     20  14241.095    14241.953    14339.250
 81  K3P+G4        7014.530     20  14069.061    14069.919    14167.216
 82  K3P+I+G4      7014.798     21  14071.596    14072.540    14174.659
 83  K3P+R2        7020.377     21  14082.754    14083.699    14185.817
 84  K3P+R3        7014.272     23  14074.544    14075.676    14187.423
 85  K3P+R4        Skipped 
 86  K3P+R5        Skipped 
 87  K3P+R6        Skipped 
 88  K3P+R7        Skipped 
 89  K3P+R8        Skipped 
 90  K3P+R9        Skipped 
 91  K3P+R10       Skipped 
 92  K3Pu          7251.282     22  14546.563    14547.599    14654.534
 93  K3Pu+I        6973.480     23  13992.960    13994.091    14105.839
 94  K3Pu+G4       6863.260     23  13772.521    13773.652    13885.399
 95  K3Pu+I+G4     6863.656     24  13775.313    13776.543    13893.099
 96  K3Pu+R2       6877.671     24  13803.342    13804.573    13921.128
 97  K3Pu+R3       6862.511     26  13777.022    13778.465    13904.623
 98  K3Pu+R4       6862.456     28  13780.911    13782.584    13918.328
 99  K3Pu+R5       Skipped 
100  K3Pu+R6       Skipped 
101  K3Pu+R7       Skipped 
102  K3Pu+R8       Skipped 
103  K3Pu+R9       Skipped 
104  K3Pu+R10      Skipped 
105  TPM2          7255.939     22  14555.878    14556.914    14663.848
106  TPM2+I        6975.303     23  13996.606    13997.737    14109.485
107  TPM2+G4       6874.547     23  13795.094    13796.226    13907.973
108  TPM2+I+G4     6874.789     24  13797.577    13798.808    13915.363
109  TPM2+R2       6885.100     24  13818.200    13819.430    13935.986
110  TPM2+R3       6873.608     26  13799.215    13800.658    13926.817
111  TPM2+R4       6873.558     28  13803.115    13804.788    13940.532
112  TPM2+R5       Skipped 
113  TPM2+R6       Skipped 
114  TPM2+R7       Skipped 
115  TPM2+R8       Skipped 
116  TPM2+R9       Skipped 
117  TPM2+R10      Skipped 
118  TPM2u         7256.018     22  14556.035    14557.071    14664.006
119  TPM2u+I       6975.291     23  13996.583    13997.714    14109.461
120  TPM2u+G4      6874.543     23  13795.086    13796.218    13907.965
121  TPM2u+I+G4    6874.776     24  13797.551    13798.782    13915.338
122  TPM2u+R2      6885.108     24  13818.216    13819.447    13936.003
123  TPM2u+R3      6873.610     26  13799.220    13800.663    13926.822
124  TPM2u+R4      6873.538     28  13803.076    13804.749    13940.494
125  TPM2u+R5      Skipped 
126  TPM2u+R6      Skipped 
127  TPM2u+R7      Skipped 
128  TPM2u+R8      Skipped 
129  TPM2u+R9      Skipped 
130  TPM2u+R10     Skipped 
131  TPM3          7244.559     22  14533.118    14534.154    14641.089
132  TPM3+I        6968.318     23  13982.637    13983.768    14095.515
133  TPM3+G4       6860.651     23  13767.301    13768.432    13880.179
134  TPM3+I+G4     6860.907     24  13769.814    13771.045    13887.600
135  TPM3+R2       6872.999     24  13793.997    13795.228    13911.783
136  TPM3+R3       6860.335     26  13772.670    13774.113    13900.272
137  TPM3+R4       6860.334     28  13776.669    13778.341    13914.086
138  TPM3+R5       Skipped 
139  TPM3+R6       Skipped 
140  TPM3+R7       Skipped 
141  TPM3+R8       Skipped 
142  TPM3+R9       Skipped 
143  TPM3+R10      Skipped 
144  TPM3u         7244.575     22  14533.150    14534.185    14641.120
145  TPM3u+I       6968.315     23  13982.630    13983.761    14095.508
146  TPM3u+G4      6860.646     23  13767.292    13768.423    13880.170
147  TPM3u+I+G4    6860.895     24  13769.791    13771.021    13887.577
148  TPM3u+R2      6873.004     24  13794.009    13795.240    13911.795
149  TPM3u+R3      6860.336     26  13772.673    13774.116    13900.274
150  TPM3u+R4      6860.306     28  13776.612    13778.284    13914.029
151  TPM3u+R5      Skipped 
152  TPM3u+R6      Skipped 
153  TPM3u+R7      Skipped 
154  TPM3u+R8      Skipped 
155  TPM3u+R9      Skipped 
156  TPM3u+R10     Skipped 
157  TIMe          7373.618     20  14787.236    14788.094    14885.391
158  TIMe+I        7099.050     21  14240.101    14241.045    14343.163
159  TIMe+G4       7013.676     21  14069.351    14070.296    14172.414
160  TIMe+I+G4     7013.776     22  14071.551    14072.587    14179.522
161  TIMe+R2       7019.903     22  14083.806    14084.842    14191.776
162  TIMe+R3       7013.178     24  14074.356    14075.587    14192.142
163  TIMe+R4       Skipped 
164  TIMe+R5       Skipped 
165  TIMe+R6       Skipped 
166  TIMe+R7       Skipped 
167  TIMe+R8       Skipped 
168  TIMe+R9       Skipped 
169  TIMe+R10      Skipped 
170  TIM           7251.173     23  14548.346    14549.477    14661.224
171  TIM+I         6973.474     24  13994.948    13996.178    14112.734
172  TIM+G4        6863.201     24  13774.402    13775.633    13892.188
173  TIM+I+G4      6863.519     25  13777.038    13778.373    13899.732
174  TIM+R2        6877.166     25  13804.332    13805.667    13927.026
175  TIM+R3        6862.505     27  13779.010    13780.566    13911.520
176  TIM+R4        6862.402     29  13782.804    13784.597    13925.129
177  TIM+R5        Skipped 
178  TIM+R6        Skipped 
179  TIM+R7        Skipped 
180  TIM+R8        Skipped 
181  TIM+R9        Skipped 
182  TIM+R10       Skipped 
183  TIM2e         7350.395     20  14740.791    14741.649    14838.946
184  TIM2e+I       7070.012     21  14182.024    14182.969    14285.087
185  TIM2e+G4      6984.526     21  14011.052    14011.997    14114.115
186  TIM2e+I+G4    6984.487     22  14012.974    14014.010    14120.945
187  TIM2e+R2      6990.083     22  14024.166    14025.202    14132.136
188  TIM2e+R3      6982.971     24  14013.941    14015.172    14131.727
189  TIM2e+R4      6982.938     26  14017.876    14019.319    14145.478
190  TIM2e+R5      Skipped 
191  TIM2e+R6      Skipped 
192  TIM2e+R7      Skipped 
193  TIM2e+R8      Skipped 
194  TIM2e+R9      Skipped 
195  TIM2e+R10     Skipped 
196  TIM2          7255.727     23  14557.454    14558.585    14670.332
197  TIM2+I        6975.278     24  13998.557    13999.788    14116.343
198  TIM2+G4       6874.049     24  13796.099    13797.329    13913.885
199  TIM2+I+G4     6874.309     25  13798.619    13799.953    13921.312
200  TIM2+R2       6884.208     25  13818.416    13819.751    13941.110
201  TIM2+R3       6873.126     27  13800.251    13801.807    13932.760
202  TIM2+R4       6873.217     29  13804.433    13806.227    13946.758
203  TIM2+R5       Skipped 
204  TIM2+R6       Skipped 
205  TIM2+R7       Skipped 
206  TIM2+R8       Skipped 
207  TIM2+R9       Skipped 
208  TIM2+R10      Skipped 
209  TIM3e         7370.628     20  14781.255    14782.113    14879.411
210  TIM3e+I       7096.681     21  14235.362    14236.307    14338.425
211  TIM3e+G4      7013.501     21  14069.003    14069.948    14172.066
212  TIM3e+I+G4    7013.595     22  14071.189    14072.225    14179.160
213  TIM3e+R2      7019.455     22  14082.910    14083.946    14190.881
214  TIM3e+R3      7013.152     24  14074.303    14075.534    14192.089
215  TIM3e+R4      Skipped 
216  TIM3e+R5      Skipped 
217  TIM3e+R6      Skipped 
218  TIM3e+R7      Skipped 
219  TIM3e+R8      Skipped 
220  TIM3e+R9      Skipped 
221  TIM3e+R10     Skipped 
222  TIM3          7244.263     23  14534.526    14535.657    14647.405
223  TIM3+I        6968.272     24  13984.544    13985.775    14102.330
224  TIM3+G4       6860.609     24  13769.218    13770.449    13887.004
225  TIM3+I+G4     6860.923     25  13771.846    13773.181    13894.540
226  TIM3+R2       6872.006     25  13794.012    13795.346    13916.705
227  TIM3+R3       6860.257     27  13774.515    13776.070    13907.024
228  TIM3+R4       6860.137     29  13778.273    13780.067    13920.598
229  TIM3+R5       Skipped 
230  TIM3+R6       Skipped 
231  TIM3+R7       Skipped 
232  TIM3+R8       Skipped 
233  TIM3+R9       Skipped 
234  TIM3+R10      Skipped 
235  TVMe          7343.258     21  14728.516    14729.460    14831.578
236  TVMe+I        7062.710     22  14169.419    14170.455    14277.390
237  TVMe+G4       6975.109     22  13994.219    13995.255    14102.189
238  TVMe+I+G4     6975.249     23  13996.498    13997.629    14109.376
239  TVMe+R2       6980.789     23  14007.578    14008.709    14120.457
240  TVMe+R3       6974.963     25  13999.925    14001.260    14122.619
241  TVMe+R4       Skipped 
242  TVMe+R5       Skipped 
243  TVMe+R6       Skipped 
244  TVMe+R7       Skipped 
245  TVMe+R8       Skipped 
246  TVMe+R9       Skipped 
247  TVMe+R10      Skipped 
248  TVM           7235.808     24  14519.616    14520.847    14637.402
249  TVM+I         6955.919     25  13961.839    13963.174    14084.533
250  TVM+G4        6853.414     25  13756.828    13758.163    13879.522
251  TVM+I+G4      6853.667     26  13759.334    13760.777    13886.936
252  TVM+R2        6863.665     26  13779.330    13780.773    13906.932
253  TVM+R3        6853.355     28  13762.710    13764.383    13900.127
254  TVM+R4        6853.209     30  13766.418    13768.337    13913.651
255  TVM+R5        Skipped 
256  TVM+R6        Skipped 
257  TVM+R7        Skipped 
258  TVM+R8        Skipped 
259  TVM+R9        Skipped 
260  TVM+R10       Skipped 
261  SYM           7342.248     22  14728.497    14729.533    14836.467
262  SYM+I         7061.257     23  14168.513    14169.645    14281.392
263  SYM+G4        6974.622     23  13995.245    13996.376    14108.123
264  SYM+I+G4      6973.650     24  13995.300    13996.530    14113.086
265  SYM+R2        6979.792     24  14007.585    14008.815    14125.371
266  SYM+R3        6972.617     26  13997.234    13998.677    14124.835
267  SYM+R4        6972.573     28  14001.147    14002.819    14138.564
268  SYM+R5        Skipped 
269  SYM+R6        Skipped 
270  SYM+R7        Skipped 
271  SYM+R8        Skipped 
272  SYM+R9        Skipped 
273  SYM+R10       Skipped 
274  GTR           7235.427     25  14520.855    14522.190    14643.549
275  GTR+I         6955.906     26  13963.811    13965.254    14091.413
276  GTR+G4        6852.962     26  13757.924    13759.367    13885.526
277  GTR+I+G4      6853.250     27  13760.499    13762.055    13893.009
278  GTR+R2        6862.365     27  13778.729    13780.285    13911.239
279  GTR+R3        6852.887     29  13763.773    13765.567    13906.098
280  GTR+R4        6852.639     31  13767.278    13769.327    13919.418
281  GTR+R5        Skipped 
282  GTR+R6        Skipped 
283  GTR+R7        Skipped 
284  GTR+R8        Skipped 
285  GTR+R9        Skipped 
286  GTR+R10       Skipped 
Akaike Information Criterion:           TVM+G4
Corrected Akaike Information Criterion: TVM+G4
Bayesian Information Criterion:         TVM+G4
Best-fit model: TVM+G4 chosen according to BIC

All model information printed to ./results/gene13.phy.model
CPU time for ModelFinder: 13.195 seconds (0h:0m:13s)
Wall-clock time for ModelFinder: 20.182 seconds (0h:0m:20s)
Generating 1000 samples for ultrafast bootstrap (seed: 191479)...

NOTE: 2 MB RAM (0 GB) is required!
Estimate model parameters (epsilon = 0.100)
1. Initial log-likelihood: -7127.591
2. Current log-likelihood: -6911.443
3. Current log-likelihood: -6875.027
4. Current log-likelihood: -6874.069
Optimal log-likelihood: -6873.974
Rate parameters:  A-C: 18.506  A-G: 36.791  A-T: 6.438  C-G: 10.699  C-T: 36.791  G-T: 1.000
Base frequencies:   A: 0.411  C: 0.170  G: 0.186  T: 0.233
Gamma shape alpha: 0.449
Parameters optimization took 4 rounds (0.110 sec)
Computing ML distances based on estimated model parameters... 0.002 sec
Computing BIONJ tree...
0.000 seconds
Log-likelihood of BIONJ tree: -6871.044
--------------------------------------------------------------------
|             INITIALIZING CANDIDATE TREE SET                      |
--------------------------------------------------------------------
Generating 98 parsimony trees... 0.115 second
Computing log-likelihood of 96 initial trees ... 0.601 seconds
Current best score: -6871.044

Do NNI search on 20 best initial trees
Estimate model parameters (epsilon = 0.100)
BETTER TREE FOUND at iteration 1: -6870.169
Estimate model parameters (epsilon = 0.100)
BETTER TREE FOUND at iteration 2: -6868.410
Estimate model parameters (epsilon = 0.100)
BETTER TREE FOUND at iteration 3: -6868.203
Iteration 10 / LogL: -6868.601 / Time: 0h:0m:21s
WARNING: NNI search needs unusual large number of steps (7) to converge!
Iteration 20 / LogL: -6870.203 / Time: 0h:0m:22s
Finish initializing candidate tree set (13)
Current best tree score: -6868.203 / CPU time: 2.282
Number of iterations: 20
--------------------------------------------------------------------
|               OPTIMIZING CANDIDATE TREE SET                      |
--------------------------------------------------------------------
Estimate model parameters (epsilon = 0.100)
BETTER TREE FOUND at iteration 21: -6847.478
Estimate model parameters (epsilon = 0.100)
BETTER TREE FOUND at iteration 29: -6846.519
Iteration 30 / LogL: -6849.084 / Time: 0h:0m:23s (0h:0m:11s left)
BETTER TREE FOUND at iteration 35: -6846.519
UPDATE BEST LOG-LIKELIHOOD: -6846.519
Iteration 40 / LogL: -6847.553 / Time: 0h:0m:24s (0h:0m:9s left)
Iteration 50 / LogL: -6847.980 / Time: 0h:0m:24s (0h:0m:8s left)
Log-likelihood cutoff on original alignment: -6875.898
Iteration 60 / LogL: -6846.519 / Time: 0h:0m:25s (0h:0m:7s left)
UPDATE BEST LOG-LIKELIHOOD: -6846.519
UPDATE BEST LOG-LIKELIHOOD: -6846.519
Iteration 70 / LogL: -6847.553 / Time: 0h:0m:26s (0h:0m:6s left)
Iteration 80 / LogL: -6846.519 / Time: 0h:0m:27s (0h:0m:4s left)
Iteration 90 / LogL: -6847.505 / Time: 0h:0m:27s (0h:0m:3s left)
Iteration 100 / LogL: -6847.504 / Time: 0h:0m:28s (0h:0m:2s left)
Log-likelihood cutoff on original alignment: -6875.898
NOTE: Bootstrap correlation coefficient of split occurrence frequencies: 0.970
NOTE: UFBoot does not converge, continue at least 100 more iterations
Iteration 110 / LogL: -6847.504 / Time: 0h:0m:28s (0h:0m:7s left)
Iteration 120 / LogL: -6847.504 / Time: 0h:0m:29s (0h:0m:6s left)
Iteration 130 / LogL: -6847.505 / Time: 0h:0m:29s (0h:0m:5s left)
Iteration 140 / LogL: -6847.554 / Time: 0h:0m:30s (0h:0m:4s left)
Iteration 150 / LogL: -6846.519 / Time: 0h:0m:30s (0h:0m:3s left)
Log-likelihood cutoff on original alignment: -6875.898
Iteration 160 / LogL: -6846.519 / Time: 0h:0m:31s (0h:0m:2s left)
Iteration 170 / LogL: -6849.084 / Time: 0h:0m:31s (0h:0m:2s left)
UPDATE BEST LOG-LIKELIHOOD: -6846.519
Iteration 180 / LogL: -6846.520 / Time: 0h:0m:32s (0h:0m:1s left)
Iteration 190 / LogL: -6847.504 / Time: 0h:0m:33s (0h:0m:0s left)
Iteration 200 / LogL: -6846.519 / Time: 0h:0m:33s (0h:0m:0s left)
Log-likelihood cutoff on original alignment: -6875.898
NOTE: Bootstrap correlation coefficient of split occurrence frequencies: 0.989
NOTE: UFBoot does not converge, continue at least 100 more iterations
UPDATE BEST LOG-LIKELIHOOD: -6846.519
Iteration 210 / LogL: -6849.084 / Time: 0h:0m:34s (0h:0m:6s left)
Iteration 220 / LogL: -6846.519 / Time: 0h:0m:35s (0h:0m:5s left)
UPDATE BEST LOG-LIKELIHOOD: -6846.519
Iteration 230 / LogL: -6846.519 / Time: 0h:0m:35s (0h:0m:4s left)
UPDATE BEST LOG-LIKELIHOOD: -6846.519
Iteration 240 / LogL: -6846.519 / Time: 0h:0m:36s (0h:0m:4s left)
UPDATE BEST LOG-LIKELIHOOD: -6846.519
Iteration 250 / LogL: -6846.519 / Time: 0h:0m:36s (0h:0m:3s left)
Log-likelihood cutoff on original alignment: -6875.898
UPDATE BEST LOG-LIKELIHOOD: -6846.519
Iteration 260 / LogL: -6846.519 / Time: 0h:0m:37s (0h:0m:2s left)
Iteration 270 / LogL: -6849.084 / Time: 0h:0m:37s (0h:0m:1s left)
UPDATE BEST LOG-LIKELIHOOD: -6846.519
Iteration 280 / LogL: -6846.519 / Time: 0h:0m:38s (0h:0m:1s left)
Iteration 290 / LogL: -6846.519 / Time: 0h:0m:38s (0h:0m:0s left)
Iteration 300 / LogL: -6846.693 / Time: 0h:0m:39s (0h:0m:0s left)
Log-likelihood cutoff on original alignment: -6875.898
NOTE: Bootstrap correlation coefficient of split occurrence frequencies: 0.994
TREE SEARCH COMPLETED AFTER 300 ITERATIONS / Time: 0h:0m:39s

--------------------------------------------------------------------
|                    FINALIZING TREE SEARCH                        |
--------------------------------------------------------------------
Performs final model parameters optimization
Estimate model parameters (epsilon = 0.010)
1. Initial log-likelihood: -6846.519
Optimal log-likelihood: -6846.512
Rate parameters:  A-C: 2.537  A-G: 5.096  A-T: 0.716  C-G: 1.041  C-T: 5.096  G-T: 1.000
Base frequencies:   A: 0.411  C: 0.170  G: 0.186  T: 0.233
Gamma shape alpha: 0.459
Parameters optimization took 1 rounds (0.008 sec)
BEST SCORE FOUND : -6846.512
Creating bootstrap support values...
Split supports printed to NEXUS file ./results/gene13.phy.splits.nex
Total tree length: 2.928

Total number of iterations: 300
CPU time used for tree search: 14.949 sec (0h:0m:14s)
Wall-clock time used for tree search: 18.917 sec (0h:0m:18s)
Total CPU time used: 28.274 sec (0h:0m:28s)
Total wall-clock time used: 39.296 sec (0h:0m:39s)

Computing bootstrap consensus tree...
Reading input file ./results/gene13.phy.splits.nex...
10 taxa and 168 splits.
Consensus tree written to ./results/gene13.phy.contree
Reading input trees file ./results/gene13.phy.contree
Log-likelihood of consensus tree: -6846.512

Analysis results written to: 
  IQ-TREE report:                ./results/gene13.phy.iqtree
  Maximum-likelihood tree:       ./results/gene13.phy.treefile
  Likelihood distances:          ./results/gene13.phy.mldist

Ultrafast bootstrap approximation results written to:
  Split support values:          ./results/gene13.phy.splits.nex
  Consensus tree:                ./results/gene13.phy.contree
  Screen log file:               ./results/gene13.phy.log

Date and Time: Tue Aug 22 17:33:35 2017
