IQ-TREE multicore version 1.5.4 for Linux 64-bit built Apr  2 2017
Copyright (c) 2011-2017 by Bui Quang Minh, Nguyen Lam Tung,
Olga Chernomor, Heiko Schmidt, and Arndt von Haeseler.

Host:    hpc-crick (AVX, 251 GB RAM)
Command: iqtree -s ./results/gene2.phy -nt 1 -bb 1000
Seed:    379447 (Using SPRNG - Scalable Parallel Random Number Generator)
Time:    Tue Aug 22 17:33:57 2017
Kernel:  AVX - 1 threads (40 CPU cores detected)

Reading alignment file ./results/gene2.phy ... Phylip format detected
Alignment most likely contains DNA/RNA sequences
Alignment has 10 sequences with 1000 columns and 507 patterns (374 informative sites, 373 constant sites)
   Gap/Ambiguity  Composition  p-value
   1  A    0.00%    passed     94.03%
   2  B    0.00%    passed     43.29%
   3  C    0.00%    passed     58.35%
   4  D    0.00%    passed     82.58%
   5  E    0.00%    passed     89.00%
   6  F    0.00%    passed     95.15%
   7  G    0.00%    passed     98.75%
   8  H    0.00%    passed     82.33%
   9  I    0.00%    passed     89.20%
  10  J    0.00%    passed     99.50%
****  TOTAL    0.00%  0 sequences failed composition chi2 test (p-value<5%; df=3)

Create initial parsimony tree by phylogenetic likelihood library (PLL)... 0.000 seconds

NOTE: ModelFinder requires 3 MB RAM!
ModelFinder will test 286 DNA models (sample size: 1000) ...
 No. Model         -LnL         df  AIC          AICc         BIC
  1  JC            7853.378     17  15740.756    15741.379    15824.188
  2  JC+I          7590.867     18  15217.734    15218.431    15306.074
  3  JC+G4         7523.744     18  15083.488    15084.185    15171.827
  4  JC+I+G4       7523.461     19  15084.922    15085.698    15178.169
  5  JC+R2         7529.152     19  15096.303    15097.079    15189.550
  6  JC+R3         7523.314     21  15088.628    15089.573    15191.691
  7  JC+R4         Skipped 
  8  JC+R5         Skipped 
  9  JC+R6         Skipped 
 10  JC+R7         Skipped 
 11  JC+R8         Skipped 
 12  JC+R9         Skipped 
 13  JC+R10        Skipped 
 14  F81           7747.002     20  15534.004    15534.862    15632.159
 15  F81+I         7490.564     21  15023.128    15024.073    15126.191
 16  F81+G4        7418.707     21  14879.413    14880.358    14982.476
 17  F81+I+G4      7418.671     22  14881.342    14882.378    14989.313
 18  F81+R2        7424.802     22  14893.604    14894.640    15001.575
 19  F81+R3        7418.387     24  14884.774    14886.005    15002.560
 20  F81+R4        Skipped 
 21  F81+R5        Skipped 
 22  F81+R6        Skipped 
 23  F81+R7        Skipped 
 24  F81+R8        Skipped 
 25  F81+R9        Skipped 
 26  F81+R10       Skipped 
 27  K2P           7701.187     18  15438.375    15439.072    15526.714
 28  K2P+I         7425.860     19  14889.720    14890.496    14982.968
 29  K2P+G4        7345.311     19  14728.623    14729.398    14821.870
 30  K2P+I+G4      7345.130     20  14730.261    14731.119    14828.416
 31  K2P+R2        7353.840     20  14747.680    14748.538    14845.836
 32  K2P+R3        7344.868     22  14733.737    14734.773    14841.707
 33  K2P+R4        7344.505     24  14737.009    14738.240    14854.795
 34  K2P+R5        Skipped 
 35  K2P+R6        Skipped 
 36  K2P+R7        Skipped 
 37  K2P+R8        Skipped 
 38  K2P+R9        Skipped 
 39  K2P+R10       Skipped 
 40  HKY           7573.977     21  15189.955    15190.899    15293.018
 41  HKY+I         7301.940     22  14647.881    14648.917    14755.852
 42  HKY+G4        7214.773     22  14473.547    14474.583    14581.517
 43  HKY+I+G4      7214.253     23  14474.506    14475.637    14587.384
 44  HKY+R2        7225.966     23  14497.932    14499.063    14610.810
 45  HKY+R3        7213.601     25  14477.202    14478.536    14599.896
 46  HKY+R4        7213.558     27  14481.117    14482.672    14613.626
 47  HKY+R5        Skipped 
 48  HKY+R6        Skipped 
 49  HKY+R7        Skipped 
 50  HKY+R8        Skipped 
 51  HKY+R9        Skipped 
 52  HKY+R10       Skipped 
 53  TNe           7700.914     19  15439.828    15440.604    15533.076
 54  TNe+I         7424.814     20  14889.627    14890.485    14987.782
 55  TNe+G4        7343.978     20  14727.956    14728.814    14826.111
 56  TNe+I+G4      7343.574     21  14729.147    14730.092    14832.210
 57  TNe+R2        7352.987     21  14747.973    14748.918    14851.036
 58  TNe+R3        7343.113     23  14732.226    14733.357    14845.104
 59  TNe+R4        7343.056     25  14736.112    14737.446    14858.806
 60  TNe+R5        Skipped 
 61  TNe+R6        Skipped 
 62  TNe+R7        Skipped 
 63  TNe+R8        Skipped 
 64  TNe+R9        Skipped 
 65  TNe+R10       Skipped 
 66  TN            7568.499     22  15180.999    15182.035    15288.969
 67  TN+I          7301.494     23  14648.988    14650.119    14761.866
 68  TN+G4         7213.991     23  14473.982    14475.113    14586.860
 69  TN+I+G4       7213.608     24  14475.217    14476.447    14593.003
 70  TN+R2         7224.144     24  14496.288    14497.519    14614.075
 71  TN+R3         7213.004     26  14478.009    14479.452    14605.610
 72  TN+R4         7212.960     28  14481.919    14483.592    14619.336
 73  TN+R5         Skipped 
 74  TN+R6         Skipped 
 75  TN+R7         Skipped 
 76  TN+R8         Skipped 
 77  TN+R9         Skipped 
 78  TN+R10        Skipped 
 79  K3P           7695.158     19  15428.315    15429.091    15521.563
 80  K3P+I         7419.525     20  14879.050    14879.908    14977.205
 81  K3P+G4        7337.010     20  14714.020    14714.878    14812.176
 82  K3P+I+G4      7336.842     21  14715.683    14716.628    14818.746
 83  K3P+R2        7345.461     21  14732.922    14733.866    14835.984
 84  K3P+R3        7336.582     23  14719.163    14720.294    14832.041
 85  K3P+R4        7336.491     25  14722.981    14724.316    14845.675
 86  K3P+R5        Skipped 
 87  K3P+R6        Skipped 
 88  K3P+R7        Skipped 
 89  K3P+R8        Skipped 
 90  K3P+R9        Skipped 
 91  K3P+R10       Skipped 
 92  K3Pu          7556.965     22  15157.931    15158.967    15265.901
 93  K3Pu+I        7288.726     23  14623.451    14624.582    14736.330
 94  K3Pu+G4       7194.803     23  14435.605    14436.736    14548.484
 95  K3Pu+I+G4     7194.658     24  14437.315    14438.546    14555.101
 96  K3Pu+R2       7206.847     24  14461.694    14462.925    14579.480
 97  K3Pu+R3       7194.286     26  14440.572    14442.015    14568.173
 98  K3Pu+R4       7194.263     28  14444.526    14446.199    14581.943
 99  K3Pu+R5       Skipped 
100  K3Pu+R6       Skipped 
101  K3Pu+R7       Skipped 
102  K3Pu+R8       Skipped 
103  K3Pu+R9       Skipped 
104  K3Pu+R10      Skipped 
105  TPM2          7573.916     22  15191.831    15192.867    15299.802
106  TPM2+I        7301.448     23  14648.896    14650.027    14761.774
107  TPM2+G4       7214.445     23  14474.890    14476.022    14587.769
108  TPM2+I+G4     7213.972     24  14475.944    14477.175    14593.731
109  TPM2+R2       7225.243     24  14498.486    14499.717    14616.272
110  TPM2+R3       7213.420     26  14478.839    14480.282    14606.441
111  TPM2+R4       7213.360     28  14482.719    14484.392    14620.136
112  TPM2+R5       Skipped 
113  TPM2+R6       Skipped 
114  TPM2+R7       Skipped 
115  TPM2+R8       Skipped 
116  TPM2+R9       Skipped 
117  TPM2+R10      Skipped 
118  TPM2u         7574.252     22  15192.503    15193.539    15300.474
119  TPM2u+I       7301.444     23  14648.889    14650.020    14761.767
120  TPM2u+G4      7214.446     23  14474.891    14476.022    14587.770
121  TPM2u+I+G4    7213.963     24  14475.927    14477.158    14593.713
122  TPM2u+R2      7225.246     24  14498.491    14499.722    14616.277
123  TPM2u+R3      7213.398     26  14478.797    14480.240    14606.399
124  TPM2u+R4      7213.343     28  14482.687    14484.359    14620.104
125  TPM2u+R5      Skipped 
126  TPM2u+R6      Skipped 
127  TPM2u+R7      Skipped 
128  TPM2u+R8      Skipped 
129  TPM2u+R9      Skipped 
130  TPM2u+R10     Skipped 
131  TPM3          7561.176     22  15166.352    15167.388    15274.323
132  TPM3+I        7295.580     23  14637.161    14638.292    14750.039
133  TPM3+G4       7196.806     23  14439.612    14440.744    14552.491
134  TPM3+I+G4     7197.009     24  14442.017    14443.248    14559.803
135  TPM3+R2       7206.606     24  14461.213    14462.444    14578.999
136  TPM3+R3       7196.699     26  14445.398    14446.841    14573.000
137  TPM3+R4       7196.558     28  14449.116    14450.788    14586.533
138  TPM3+R5       Skipped 
139  TPM3+R6       Skipped 
140  TPM3+R7       Skipped 
141  TPM3+R8       Skipped 
142  TPM3+R9       Skipped 
143  TPM3+R10      Skipped 
144  TPM3u         7561.190     22  15166.379    15167.415    15274.350
145  TPM3u+I       7295.593     23  14637.185    14638.317    14750.064
146  TPM3u+G4      7196.720     23  14439.439    14440.570    14552.318
147  TPM3u+I+G4    7197.047     24  14442.095    14443.326    14559.881
148  TPM3u+R2      7206.614     24  14461.229    14462.459    14579.015
149  TPM3u+R3      7196.546     26  14445.091    14446.534    14572.693
150  TPM3u+R4      7196.521     28  14449.041    14450.714    14586.458
151  TPM3u+R5      Skipped 
152  TPM3u+R6      Skipped 
153  TPM3u+R7      Skipped 
154  TPM3u+R8      Skipped 
155  TPM3u+R9      Skipped 
156  TPM3u+R10     Skipped 
157  TIMe          7694.859     20  15429.718    15430.576    15527.873
158  TIMe+I        7418.522     21  14879.044    14879.989    14982.107
159  TIMe+G4       7335.702     21  14713.405    14714.350    14816.468
160  TIMe+I+G4     7335.278     22  14714.557    14715.592    14822.527
161  TIMe+R2       7344.723     22  14733.446    14734.481    14841.416
162  TIMe+R3       7334.991     24  14717.981    14719.212    14835.767
163  TIMe+R4       7334.879     26  14721.758    14723.201    14849.359
164  TIMe+R5       Skipped 
165  TIMe+R6       Skipped 
166  TIMe+R7       Skipped 
167  TIMe+R8       Skipped 
168  TIMe+R9       Skipped 
169  TIMe+R10      Skipped 
170  TIM           7550.920     23  15147.840    15148.971    15260.718
171  TIM+I         7288.208     24  14624.416    14625.647    14742.202
172  TIM+G4        7194.227     24  14436.455    14437.685    14554.241
173  TIM+I+G4      7194.041     25  14438.082    14439.416    14560.776
174  TIM+R2        7204.509     25  14459.018    14460.353    14581.712
175  TIM+R3        7193.838     27  14441.676    14443.231    14574.185
176  TIM+R4        7193.800     29  14445.600    14447.394    14587.925
177  TIM+R5        Skipped 
178  TIM+R6        Skipped 
179  TIM+R7        Skipped 
180  TIM+R8        Skipped 
181  TIM+R9        Skipped 
182  TIM+R10       Skipped 
183  TIM2e         7688.550     20  15417.100    15417.958    15515.255
184  TIM2e+I       7407.602     21  14857.203    14858.148    14960.266
185  TIM2e+G4      7317.490     21  14676.980    14677.925    14780.043
186  TIM2e+I+G4    7317.208     22  14678.415    14679.451    14786.386
187  TIM2e+R2      7329.144     22  14702.288    14703.324    14810.259
188  TIM2e+R3      7316.943     24  14681.886    14683.116    14799.672
189  TIM2e+R4      7316.840     26  14685.680    14687.123    14813.282
190  TIM2e+R5      Skipped 
191  TIM2e+R6      Skipped 
192  TIM2e+R7      Skipped 
193  TIM2e+R8      Skipped 
194  TIM2e+R9      Skipped 
195  TIM2e+R10     Skipped 
196  TIM2          7568.823     23  15183.646    15184.777    15296.524
197  TIM2+I        7301.013     24  14650.026    14651.257    14767.812
198  TIM2+G4       7213.550     24  14475.099    14476.330    14592.886
199  TIM2+I+G4     7213.149     25  14476.298    14477.633    14598.992
200  TIM2+R2       7223.375     25  14496.750    14498.085    14619.444
201  TIM2+R3       7212.779     27  14479.559    14481.114    14612.068
202  TIM2+R4       7212.685     29  14483.370    14485.164    14625.695
203  TIM2+R5       Skipped 
204  TIM2+R6       Skipped 
205  TIM2+R7       Skipped 
206  TIM2+R8       Skipped 
207  TIM2+R9       Skipped 
208  TIM2+R10      Skipped 
209  TIM3e         7698.774     20  15437.549    15438.407    15535.704
210  TIM3e+I       7423.807     21  14889.614    14890.559    14992.677
211  TIM3e+G4      7340.349     21  14722.698    14723.643    14825.761
212  TIM3e+I+G4    7340.065     22  14724.131    14725.166    14832.101
213  TIM3e+R2      7349.438     22  14742.877    14743.912    14850.847
214  TIM3e+R3      7339.897     24  14727.794    14729.025    14845.580
215  TIM3e+R4      7339.798     26  14731.597    14733.039    14859.198
216  TIM3e+R5      Skipped 
217  TIM3e+R6      Skipped 
218  TIM3e+R7      Skipped 
219  TIM3e+R8      Skipped 
220  TIM3e+R9      Skipped 
221  TIM3e+R10     Skipped 
222  TIM3          7553.942     23  15153.883    15155.014    15266.761
223  TIM3+I        7295.019     24  14638.038    14639.269    14755.824
224  TIM3+G4       7195.111     24  14438.221    14439.452    14556.007
225  TIM3+I+G4     7195.626     25  14441.251    14442.586    14563.945
226  TIM3+R2       7201.923     25  14453.845    14455.180    14576.539
227  TIM3+R3       7194.925     27  14443.850    14445.405    14576.359
228  TIM3+R4       7194.770     29  14447.539    14449.333    14589.864
229  TIM3+R5       Skipped 
230  TIM3+R6       Skipped 
231  TIM3+R7       Skipped 
232  TIM3+R8       Skipped 
233  TIM3+R9       Skipped 
234  TIM3+R10      Skipped 
235  TVMe          7680.672     21  15403.345    15404.289    15506.407
236  TVMe+I        7400.640     22  14845.279    14846.315    14953.250
237  TVMe+G4       7308.475     22  14660.950    14661.986    14768.921
238  TVMe+I+G4     7308.397     23  14662.794    14663.926    14775.673
239  TVMe+R2       7319.570     23  14685.139    14686.270    14798.017
240  TVMe+R3       7308.182     25  14666.364    14667.698    14789.058
241  TVMe+R4       7307.994     27  14669.988    14671.543    14802.497
242  TVMe+R5       Skipped 
243  TVMe+R6       Skipped 
244  TVMe+R7       Skipped 
245  TVMe+R8       Skipped 
246  TVMe+R9       Skipped 
247  TVMe+R10      Skipped 
248  TVM           7551.919     24  15151.838    15153.068    15269.624
249  TVM+I         7286.412     25  14622.824    14624.159    14745.518
250  TVM+G4        7186.549     25  14423.098    14424.433    14545.792
251  TVM+I+G4      7186.787     26  14425.575    14427.018    14553.176
252  TVM+R2        7196.652     26  14445.303    14446.746    14572.905
253  TVM+R3        7186.424     28  14428.848    14430.520    14566.265
254  TVM+R4        7186.328     30  14432.655    14434.575    14579.888
255  TVM+R5        Skipped 
256  TVM+R6        Skipped 
257  TVM+R7        Skipped 
258  TVM+R8        Skipped 
259  TVM+R9        Skipped 
260  TVM+R10       Skipped 
261  SYM           7680.310     22  15404.620    15405.656    15512.591
262  SYM+I         7399.622     23  14845.243    14846.374    14958.122
263  SYM+G4        7306.263     23  14658.525    14659.656    14771.403
264  SYM+I+G4      7306.078     24  14660.155    14661.386    14777.942
265  SYM+R2        7318.323     24  14684.647    14685.878    14802.433
266  SYM+R3        7305.841     26  14663.682    14665.125    14791.284
267  SYM+R4        7305.669     28  14667.338    14669.010    14804.755
268  SYM+R5        Skipped 
269  SYM+R6        Skipped 
270  SYM+R7        Skipped 
271  SYM+R8        Skipped 
272  SYM+R9        Skipped 
273  SYM+R10       Skipped 
274  GTR           7544.706     25  15139.411    15140.746    15262.105
275  GTR+I         7285.903     26  14623.807    14625.250    14751.408
276  GTR+G4        7184.940     26  14421.879    14423.322    14549.481
277  GTR+I+G4      7185.219     27  14424.438    14425.993    14556.947
278  GTR+R2        7191.984     27  14437.969    14439.524    14570.478
279  GTR+R3        7184.737     29  14427.474    14429.268    14569.799
280  GTR+R4        7184.483     31  14430.966    14433.015    14583.106
281  GTR+R5        Skipped 
282  GTR+R6        Skipped 
283  GTR+R7        Skipped 
284  GTR+R8        Skipped 
285  GTR+R9        Skipped 
286  GTR+R10       Skipped 
Akaike Information Criterion:           GTR+G4
Corrected Akaike Information Criterion: GTR+G4
Bayesian Information Criterion:         TVM+G4
Best-fit model: TVM+G4 chosen according to BIC

All model information printed to ./results/gene2.phy.model
CPU time for ModelFinder: 10.874 seconds (0h:0m:10s)
Wall-clock time for ModelFinder: 12.552 seconds (0h:0m:12s)
Generating 1000 samples for ultrafast bootstrap (seed: 379447)...

NOTE: 2 MB RAM (0 GB) is required!
Estimate model parameters (epsilon = 0.100)
1. Initial log-likelihood: -7470.233
2. Current log-likelihood: -7197.464
3. Current log-likelihood: -7188.617
4. Current log-likelihood: -7187.604
5. Current log-likelihood: -7187.474
6. Current log-likelihood: -7187.287
7. Current log-likelihood: -7187.063
Optimal log-likelihood: -7186.976
Rate parameters:  A-C: 1.862  A-G: 3.962  A-T: 0.434  C-G: 0.830  C-T: 3.962  G-T: 1.000
Base frequencies:   A: 0.395  C: 0.165  G: 0.186  T: 0.253
Gamma shape alpha: 0.526
Parameters optimization took 7 rounds (0.124 sec)
Computing ML distances based on estimated model parameters... 0.002 sec
Computing BIONJ tree...
0.002 seconds
Log-likelihood of BIONJ tree: -7205.787
--------------------------------------------------------------------
|             INITIALIZING CANDIDATE TREE SET                      |
--------------------------------------------------------------------
Generating 98 parsimony trees... 0.125 second
Computing log-likelihood of 89 initial trees ... 0.544 seconds
Current best score: -7186.976

Do NNI search on 20 best initial trees
Estimate model parameters (epsilon = 0.100)
BETTER TREE FOUND at iteration 1: -7186.940
UPDATE BEST LOG-LIKELIHOOD: -7186.939
UPDATE BEST LOG-LIKELIHOOD: -7186.939
UPDATE BEST LOG-LIKELIHOOD: -7186.939
Iteration 10 / LogL: -7186.939 / Time: 0h:0m:14s
UPDATE BEST LOG-LIKELIHOOD: -7186.939
UPDATE BEST LOG-LIKELIHOOD: -7186.939
UPDATE BEST LOG-LIKELIHOOD: -7186.939
Iteration 20 / LogL: -7186.939 / Time: 0h:0m:14s
Finish initializing candidate tree set (1)
Current best tree score: -7186.939 / CPU time: 2.128
Number of iterations: 20
--------------------------------------------------------------------
|               OPTIMIZING CANDIDATE TREE SET                      |
--------------------------------------------------------------------
UPDATE BEST LOG-LIKELIHOOD: -7186.939
UPDATE BEST LOG-LIKELIHOOD: -7186.939
Iteration 30 / LogL: -7186.940 / Time: 0h:0m:15s (0h:0m:7s left)
UPDATE BEST LOG-LIKELIHOOD: -7186.939
UPDATE BEST LOG-LIKELIHOOD: -7186.939
Iteration 40 / LogL: -7186.941 / Time: 0h:0m:16s (0h:0m:5s left)
Iteration 50 / LogL: -7186.940 / Time: 0h:0m:16s (0h:0m:4s left)
Log-likelihood cutoff on original alignment: -7209.352
UPDATE BEST LOG-LIKELIHOOD: -7186.939
UPDATE BEST LOG-LIKELIHOOD: -7186.939
Iteration 60 / LogL: -7186.940 / Time: 0h:0m:17s (0h:0m:3s left)
UPDATE BEST LOG-LIKELIHOOD: -7186.939
Iteration 70 / LogL: -7186.939 / Time: 0h:0m:18s (0h:0m:2s left)
Iteration 80 / LogL: -7186.939 / Time: 0h:0m:18s (0h:0m:1s left)
Iteration 90 / LogL: -7186.939 / Time: 0h:0m:19s (0h:0m:0s left)
Iteration 100 / LogL: -7186.939 / Time: 0h:0m:19s (0h:0m:0s left)
Log-likelihood cutoff on original alignment: -7208.849
NOTE: Bootstrap correlation coefficient of split occurrence frequencies: 0.996
TREE SEARCH COMPLETED AFTER 102 ITERATIONS / Time: 0h:0m:20s

--------------------------------------------------------------------
|                    FINALIZING TREE SEARCH                        |
--------------------------------------------------------------------
Performs final model parameters optimization
Estimate model parameters (epsilon = 0.010)
1. Initial log-likelihood: -7186.939
2. Current log-likelihood: -7186.926
Optimal log-likelihood: -7186.916
Rate parameters:  A-C: 1.868  A-G: 3.979  A-T: 0.453  C-G: 0.796  C-T: 3.979  G-T: 1.000
Base frequencies:   A: 0.395  C: 0.165  G: 0.186  T: 0.253
Gamma shape alpha: 0.525
Parameters optimization took 2 rounds (0.014 sec)
BEST SCORE FOUND : -7186.916
Creating bootstrap support values...
Split supports printed to NEXUS file ./results/gene2.phy.splits.nex
Total tree length: 3.009

Total number of iterations: 102
CPU time used for tree search: 5.593 sec (0h:0m:5s)
Wall-clock time used for tree search: 7.390 sec (0h:0m:7s)
Total CPU time used: 16.647 sec (0h:0m:16s)
Total wall-clock time used: 20.145 sec (0h:0m:20s)

Computing bootstrap consensus tree...
Reading input file ./results/gene2.phy.splits.nex...
10 taxa and 77 splits.
Consensus tree written to ./results/gene2.phy.contree
Reading input trees file ./results/gene2.phy.contree
Log-likelihood of consensus tree: -7186.916

Analysis results written to: 
  IQ-TREE report:                ./results/gene2.phy.iqtree
  Maximum-likelihood tree:       ./results/gene2.phy.treefile
  Likelihood distances:          ./results/gene2.phy.mldist

Ultrafast bootstrap approximation results written to:
  Split support values:          ./results/gene2.phy.splits.nex
  Consensus tree:                ./results/gene2.phy.contree
  Screen log file:               ./results/gene2.phy.log

Date and Time: Tue Aug 22 17:34:17 2017
