IQ-TREE multicore version 1.5.4 for Linux 64-bit built Apr  2 2017
Copyright (c) 2011-2017 by Bui Quang Minh, Nguyen Lam Tung,
Olga Chernomor, Heiko Schmidt, and Arndt von Haeseler.

Host:    hpc-crick (AVX, 251 GB RAM)
Command: iqtree -s ./results/gene18.phy -nt 1 -bb 1000
Seed:    279473 (Using SPRNG - Scalable Parallel Random Number Generator)
Time:    Tue Aug 22 18:04:15 2017
Kernel:  AVX - 1 threads (40 CPU cores detected)

Reading alignment file ./results/gene18.phy ... Phylip format detected
Alignment most likely contains DNA/RNA sequences
Alignment has 10 sequences with 1000 columns and 537 patterns (389 informative sites, 349 constant sites)
   Gap/Ambiguity  Composition  p-value
   1  A    0.00%    passed     71.71%
   2  B    0.00%    passed     91.43%
   3  C    0.00%    passed     74.23%
   4  D    0.00%    passed     98.26%
   5  E    0.00%    passed     77.13%
   6  F    0.00%    passed     95.20%
   7  G    0.00%    passed     60.42%
   8  H    0.00%    passed     79.25%
   9  I    0.00%    passed     99.16%
  10  J    0.00%    passed     97.19%
****  TOTAL    0.00%  0 sequences failed composition chi2 test (p-value<5%; df=3)

Create initial parsimony tree by phylogenetic likelihood library (PLL)... 0.001 seconds

NOTE: ModelFinder requires 3 MB RAM!
ModelFinder will test 286 DNA models (sample size: 1000) ...
 No. Model         -LnL         df  AIC          AICc         BIC
  1  JC            8363.732     17  16761.464    16762.087    16844.895
  2  JC+I          8079.422     18  16194.845    16195.542    16283.184
  3  JC+G4         8004.595     18  16045.190    16045.887    16133.530
  4  JC+I+G4       8003.811     19  16045.622    16046.397    16138.869
  5  JC+R2         8009.868     19  16057.736    16058.512    16150.984
  6  JC+R3         8003.098     21  16048.196    16049.141    16151.259
  7  JC+R4         Skipped 
  8  JC+R5         Skipped 
  9  JC+R6         Skipped 
 10  JC+R7         Skipped 
 11  JC+R8         Skipped 
 12  JC+R9         Skipped 
 13  JC+R10        Skipped 
 14  F81           8229.197     20  16498.394    16499.252    16596.549
 15  F81+I         7947.746     21  15937.492    15938.437    16040.555
 16  F81+G4        7854.176     21  15750.352    15751.297    15853.415
 17  F81+I+G4      7854.302     22  15752.604    15753.640    15860.575
 18  F81+R2        7860.659     22  15765.318    15766.354    15873.289
 19  F81+R3        7853.413     24  15754.827    15756.058    15872.613
 20  F81+R4        7853.227     26  15758.454    15759.897    15886.056
 21  F81+R5        Skipped 
 22  F81+R6        Skipped 
 23  F81+R7        Skipped 
 24  F81+R8        Skipped 
 25  F81+R9        Skipped 
 26  F81+R10       Skipped 
 27  K2P           8219.392     18  16474.785    16475.482    16563.124
 28  K2P+I         7923.415     19  15884.829    15885.605    15978.076
 29  K2P+G4        7824.763     19  15687.527    15688.302    15780.774
 30  K2P+I+G4      7824.419     20  15688.837    15689.695    15786.993
 31  K2P+R2        7838.518     20  15717.036    15717.894    15815.191
 32  K2P+R3        7824.116     22  15692.232    15693.268    15800.203
 33  K2P+R4        7821.414     24  15690.829    15692.060    15808.615
 34  K2P+R5        Skipped 
 35  K2P+R6        Skipped 
 36  K2P+R7        Skipped 
 37  K2P+R8        Skipped 
 38  K2P+R9        Skipped 
 39  K2P+R10       Skipped 
 40  HKY           8078.782     21  16199.565    16200.509    16302.627
 41  HKY+I         7787.274     22  15618.547    15619.583    15726.518
 42  HKY+G4        7662.539     22  15369.077    15370.113    15477.048
 43  HKY+I+G4      7662.831     23  15371.663    15372.794    15484.541
 44  HKY+R2        7680.226     23  15406.453    15407.584    15519.331
 45  HKY+R3        7662.586     25  15375.172    15376.507    15497.866
 46  HKY+R4        7661.242     27  15376.485    15378.040    15508.994
 47  HKY+R5        Skipped 
 48  HKY+R6        Skipped 
 49  HKY+R7        Skipped 
 50  HKY+R8        Skipped 
 51  HKY+R9        Skipped 
 52  HKY+R10       Skipped 
 53  TNe           8216.594     19  16471.188    16471.963    16564.435
 54  TNe+I         7918.352     20  15876.705    15877.563    15974.860
 55  TNe+G4        7818.468     20  15676.937    15677.795    15775.092
 56  TNe+I+G4      7817.788     21  15677.575    15678.520    15780.638
 57  TNe+R2        7835.650     21  15713.301    15714.246    15816.364
 58  TNe+R3        7816.604     23  15679.209    15680.340    15792.087
 59  TNe+R4        7815.014     25  15680.027    15681.362    15802.721
 60  TNe+R5        Skipped 
 61  TNe+R6        Skipped 
 62  TNe+R7        Skipped 
 63  TNe+R8        Skipped 
 64  TNe+R9        Skipped 
 65  TNe+R10       Skipped 
 66  TN            8076.357     22  16196.715    16197.750    16304.685
 67  TN+I          7785.951     23  15617.902    15619.034    15730.781
 68  TN+G4         7661.737     23  15369.474    15370.605    15482.352
 69  TN+I+G4       7661.903     24  15371.807    15373.038    15489.593
 70  TN+R2         7676.695     24  15401.390    15402.621    15519.176
 71  TN+R3         7661.993     26  15375.985    15377.428    15503.587
 72  TN+R4         7660.255     28  15376.509    15378.182    15513.926
 73  TN+R5         Skipped 
 74  TN+R6         Skipped 
 75  TN+R7         Skipped 
 76  TN+R8         Skipped 
 77  TN+R9         Skipped 
 78  TN+R10        Skipped 
 79  K3P           8218.778     19  16475.556    16476.331    16568.803
 80  K3P+I         7922.703     20  15885.406    15886.264    15983.561
 81  K3P+G4        7824.710     20  15689.420    15690.278    15787.576
 82  K3P+I+G4      7824.242     21  15690.485    15691.429    15793.547
 83  K3P+R2        7838.366     21  15718.732    15719.677    15821.795
 84  K3P+R3        7824.073     23  15694.146    15695.277    15807.025
 85  K3P+R4        7821.232     25  15692.464    15693.799    15815.158
 86  K3P+R5        Skipped 
 87  K3P+R6        Skipped 
 88  K3P+R7        Skipped 
 89  K3P+R8        Skipped 
 90  K3P+R9        Skipped 
 91  K3P+R10       Skipped 
 92  K3Pu          8076.541     22  16197.082    16198.118    16305.053
 93  K3Pu+I        7785.718     23  15617.437    15618.568    15730.315
 94  K3Pu+G4       7657.894     23  15361.789    15362.920    15474.667
 95  K3Pu+I+G4     7658.132     24  15364.263    15365.494    15482.049
 96  K3Pu+R2       7676.544     24  15401.087    15402.318    15518.873
 97  K3Pu+R3       7657.995     26  15367.991    15369.434    15495.592
 98  K3Pu+R4       7656.704     28  15369.409    15371.081    15506.826
 99  K3Pu+R5       Skipped 
100  K3Pu+R6       Skipped 
101  K3Pu+R7       Skipped 
102  K3Pu+R8       Skipped 
103  K3Pu+R9       Skipped 
104  K3Pu+R10      Skipped 
105  TPM2          8071.930     22  16187.860    16188.896    16295.831
106  TPM2+I        7774.285     23  15594.570    15595.702    15707.449
107  TPM2+G4       7659.049     23  15364.098    15365.229    15476.976
108  TPM2+I+G4     7659.108     24  15366.216    15367.447    15484.003
109  TPM2+R2       7675.279     24  15398.559    15399.790    15516.345
110  TPM2+R3       7659.062     26  15370.125    15371.568    15497.727
111  TPM2+R4       7657.586     28  15371.173    15372.845    15508.590
112  TPM2+R5       Skipped 
113  TPM2+R6       Skipped 
114  TPM2+R7       Skipped 
115  TPM2+R8       Skipped 
116  TPM2+R9       Skipped 
117  TPM2+R10      Skipped 
118  TPM2u         8071.933     22  16187.867    16188.903    16295.838
119  TPM2u+I       7774.283     23  15594.565    15595.696    15707.444
120  TPM2u+G4      7659.030     23  15364.059    15365.190    15476.937
121  TPM2u+I+G4    7659.085     24  15366.170    15367.400    15483.956
122  TPM2u+R2      7675.292     24  15398.583    15399.814    15516.370
123  TPM2u+R3      7659.095     26  15370.189    15371.632    15497.791
124  TPM2u+R4      7657.586     28  15371.173    15372.845    15508.590
125  TPM2u+R5      Skipped 
126  TPM2u+R6      Skipped 
127  TPM2u+R7      Skipped 
128  TPM2u+R8      Skipped 
129  TPM2u+R9      Skipped 
130  TPM2u+R10     Skipped 
131  TPM3          8068.430     22  16180.861    16181.897    16288.831
132  TPM3+I        7778.850     23  15603.701    15604.832    15716.579
133  TPM3+G4       7647.069     23  15340.137    15341.268    15453.015
134  TPM3+I+G4     7647.286     24  15342.573    15343.804    15460.359
135  TPM3+R2       7665.770     24  15379.540    15380.770    15497.326
136  TPM3+R3       7647.747     26  15347.494    15348.937    15475.095
137  TPM3+R4       7645.637     28  15347.273    15348.946    15484.690
138  TPM3+R5       Skipped 
139  TPM3+R6       Skipped 
140  TPM3+R7       Skipped 
141  TPM3+R8       Skipped 
142  TPM3+R9       Skipped 
143  TPM3+R10      Skipped 
144  TPM3u         8068.417     22  16180.834    16181.870    16288.805
145  TPM3u+I       7778.852     23  15603.704    15604.835    15716.582
146  TPM3u+G4      7647.058     23  15340.116    15341.247    15452.994
147  TPM3u+I+G4    7647.284     24  15342.568    15343.798    15460.354
148  TPM3u+R2      7665.772     24  15379.543    15380.774    15497.329
149  TPM3u+R3      7647.703     26  15347.406    15348.849    15475.007
150  TPM3u+R4      7645.567     28  15347.134    15348.806    15484.551
151  TPM3u+R5      Skipped 
152  TPM3u+R6      Skipped 
153  TPM3u+R7      Skipped 
154  TPM3u+R8      Skipped 
155  TPM3u+R9      Skipped 
156  TPM3u+R10     Skipped 
157  TIMe          8216.005     20  16472.009    16472.867    16570.164
158  TIMe+I        7917.641     21  15877.281    15878.226    15980.344
159  TIMe+G4       7818.423     21  15678.845    15679.790    15781.908
160  TIMe+I+G4     7817.781     22  15679.563    15680.598    15787.533
161  TIMe+R2       7835.491     22  15714.982    15716.017    15822.952
162  TIMe+R3       7816.602     24  15681.203    15682.434    15798.989
163  TIMe+R4       7815.002     26  15682.004    15683.447    15809.606
164  TIMe+R5       Skipped 
165  TIMe+R6       Skipped 
166  TIMe+R7       Skipped 
167  TIMe+R8       Skipped 
168  TIMe+R9       Skipped 
169  TIMe+R10      Skipped 
170  TIM           8073.983     23  16193.967    16195.098    16306.845
171  TIM+I         7784.307     24  15616.614    15617.845    15734.400
172  TIM+G4        7657.379     24  15362.758    15363.989    15480.544
173  TIM+I+G4      7657.272     25  15364.545    15365.880    15487.239
174  TIM+R2        7673.047     25  15396.094    15397.428    15518.788
175  TIM+R3        7657.313     27  15368.627    15370.182    15501.136
176  TIM+R4        7655.696     29  15369.393    15371.186    15511.718
177  TIM+R5        Skipped 
178  TIM+R6        Skipped 
179  TIM+R7        Skipped 
180  TIM+R8        Skipped 
181  TIM+R9        Skipped 
182  TIM+R10       Skipped 
183  TIM2e         8185.466     20  16410.931    16411.789    16509.086
184  TIM2e+I       7876.437     21  15794.874    15795.819    15897.937
185  TIM2e+G4      7774.714     21  15591.427    15592.372    15694.490
186  TIM2e+I+G4    7773.992     22  15591.984    15593.020    15699.955
187  TIM2e+R2      7793.537     22  15631.074    15632.110    15739.045
188  TIM2e+R3      7773.297     24  15594.594    15595.825    15712.380
189  TIM2e+R4      7773.214     26  15598.428    15599.871    15726.030
190  TIM2e+R5      Skipped 
191  TIM2e+R6      Skipped 
192  TIM2e+R7      Skipped 
193  TIM2e+R8      Skipped 
194  TIM2e+R9      Skipped 
195  TIM2e+R10     Skipped 
196  TIM2          8069.334     23  16184.668    16185.799    16297.546
197  TIM2+I        7773.316     24  15594.633    15595.863    15712.419
198  TIM2+G4       7657.724     24  15363.449    15364.680    15481.235
199  TIM2+I+G4     7657.805     25  15365.610    15366.944    15488.303
200  TIM2+R2       7671.441     25  15392.882    15394.216    15515.575
201  TIM2+R3       7658.196     27  15370.393    15371.948    15502.902
202  TIM2+R4       7656.428     29  15370.856    15372.650    15513.181
203  TIM2+R5       Skipped 
204  TIM2+R6       Skipped 
205  TIM2+R7       Skipped 
206  TIM2+R8       Skipped 
207  TIM2+R9       Skipped 
208  TIM2+R10      Skipped 
209  TIM3e         8216.626     20  16473.252    16474.110    16571.407
210  TIM3e+I       7918.245     21  15878.490    15879.435    15981.553
211  TIM3e+G4      7818.512     21  15679.024    15679.969    15782.087
212  TIM3e+I+G4    7817.856     22  15679.712    15680.748    15787.682
213  TIM3e+R2      7835.547     22  15715.095    15716.131    15823.066
214  TIM3e+R3      7816.607     24  15681.214    15682.445    15799.001
215  TIM3e+R4      7814.984     26  15681.968    15683.411    15809.569
216  TIM3e+R5      Skipped 
217  TIM3e+R6      Skipped 
218  TIM3e+R7      Skipped 
219  TIM3e+R8      Skipped 
220  TIM3e+R9      Skipped 
221  TIM3e+R10     Skipped 
222  TIM3          8064.133     23  16174.265    16175.396    16287.144
223  TIM3+I        7776.804     24  15601.607    15602.838    15719.393
224  TIM3+G4       7644.468     24  15336.936    15338.167    15454.722
225  TIM3+I+G4     7644.455     25  15338.909    15340.244    15461.603
226  TIM3+R2       7660.275     25  15370.550    15371.884    15493.244
227  TIM3+R3       7645.307     27  15344.613    15346.169    15477.123
228  TIM3+R4       7643.021     29  15344.041    15345.835    15486.366
229  TIM3+R5       Skipped 
230  TIM3+R6       Skipped 
231  TIM3+R7       Skipped 
232  TIM3+R8       Skipped 
233  TIM3+R9       Skipped 
234  TIM3+R10      Skipped 
235  TVMe          8188.367     21  16418.734    16419.679    16521.797
236  TVMe+I        7881.645     22  15807.291    15808.327    15915.262
237  TVMe+G4       7782.136     22  15608.271    15609.307    15716.242
238  TVMe+I+G4     7781.582     23  15609.163    15610.294    15722.041
239  TVMe+R2       7796.892     23  15639.784    15640.915    15752.662
240  TVMe+R3       7781.495     25  15612.991    15614.326    15735.685
241  TVMe+R4       7781.121     27  15616.242    15617.798    15748.752
242  TVMe+R5       Skipped 
243  TVMe+R6       Skipped 
244  TVMe+R7       Skipped 
245  TVMe+R8       Skipped 
246  TVMe+R9       Skipped 
247  TVMe+R10      Skipped 
248  TVM           8061.064     24  16170.128    16171.359    16287.914
249  TVM+I         7765.240     25  15580.480    15581.815    15703.174
250  TVM+G4        7642.360     25  15334.721    15336.056    15457.415
251  TVM+I+G4      7642.438     26  15336.876    15338.319    15464.478
252  TVM+R2        7659.996     26  15371.992    15373.435    15499.594
253  TVM+R3        7642.843     28  15341.687    15343.359    15479.104
254  TVM+R4        7641.046     30  15342.091    15344.011    15489.324
255  TVM+R5        Skipped 
256  TVM+R6        Skipped 
257  TVM+R7        Skipped 
258  TVM+R8        Skipped 
259  TVM+R9        Skipped 
260  TVM+R10       Skipped 
261  SYM           8185.205     22  16414.410    16415.446    16522.381
262  SYM+I         7875.779     23  15797.559    15798.690    15910.437
263  SYM+G4        7774.333     23  15594.665    15595.796    15707.544
264  SYM+I+G4      7773.537     24  15595.074    15596.305    15712.860
265  SYM+R2        7792.318     24  15632.635    15633.866    15750.421
266  SYM+R3        7772.715     26  15597.429    15598.872    15725.031
267  SYM+R4        7772.644     28  15601.287    15602.960    15738.704
268  SYM+R5        Skipped 
269  SYM+R6        Skipped 
270  SYM+R7        Skipped 
271  SYM+R8        Skipped 
272  SYM+R9        Skipped 
273  SYM+R10       Skipped 
274  GTR           8056.638     25  16163.275    16164.610    16285.969
275  GTR+I         7763.690     26  15579.380    15580.823    15706.982
276  GTR+G4        7638.925     26  15329.850    15331.293    15457.452
277  GTR+I+G4      7639.122     27  15332.244    15333.800    15464.754
278  GTR+R2        7654.186     27  15362.372    15363.927    15494.881
279  GTR+R3        7639.681     29  15337.362    15339.156    15479.687
280  GTR+R4        7637.641     31  15337.282    15339.331    15489.422
281  GTR+R5        Skipped 
282  GTR+R6        Skipped 
283  GTR+R7        Skipped 
284  GTR+R8        Skipped 
285  GTR+R9        Skipped 
286  GTR+R10       Skipped 
Akaike Information Criterion:           GTR+G4
Corrected Akaike Information Criterion: GTR+G4
Bayesian Information Criterion:         TPM3u+G4
Best-fit model: TPM3u+G4 chosen according to BIC

All model information printed to ./results/gene18.phy.model
CPU time for ModelFinder: 23.174 seconds (0h:0m:23s)
Wall-clock time for ModelFinder: 40.603 seconds (0h:0m:40s)
Generating 1000 samples for ultrafast bootstrap (seed: 279473)...

NOTE: 2 MB RAM (0 GB) is required!
Estimate model parameters (epsilon = 0.100)
1. Initial log-likelihood: -7926.981
2. Current log-likelihood: -7665.037
3. Current log-likelihood: -7652.891
4. Current log-likelihood: -7650.671
5. Current log-likelihood: -7650.498
6. Current log-likelihood: -7650.395
Optimal log-likelihood: -7650.336
Rate parameters:  A-C: 2.366  A-G: 5.982  A-T: 1.000  C-G: 2.366  C-T: 5.982  G-T: 1.000
Base frequencies:   A: 0.402  C: 0.141  G: 0.207  T: 0.250
Gamma shape alpha: 0.494
Parameters optimization took 6 rounds (0.119 sec)
Computing ML distances based on estimated model parameters... 0.002 sec
Computing BIONJ tree...
0.000 seconds
Log-likelihood of BIONJ tree: -7648.125
--------------------------------------------------------------------
|             INITIALIZING CANDIDATE TREE SET                      |
--------------------------------------------------------------------
Generating 98 parsimony trees... 0.137 second
Computing log-likelihood of 90 initial trees ... 0.660 seconds
Current best score: -7648.125

Do NNI search on 20 best initial trees
Estimate model parameters (epsilon = 0.100)
BETTER TREE FOUND at iteration 1: -7646.814
UPDATE BEST LOG-LIKELIHOOD: -7646.814
UPDATE BEST LOG-LIKELIHOOD: -7646.814
Iteration 10 / LogL: -7646.814 / Time: 0h:0m:42s
UPDATE BEST LOG-LIKELIHOOD: -7646.813
Iteration 20 / LogL: -7646.814 / Time: 0h:0m:43s
Finish initializing candidate tree set (7)
Current best tree score: -7646.813 / CPU time: 2.518
Number of iterations: 20
--------------------------------------------------------------------
|               OPTIMIZING CANDIDATE TREE SET                      |
--------------------------------------------------------------------
UPDATE BEST LOG-LIKELIHOOD: -7646.813
UPDATE BEST LOG-LIKELIHOOD: -7646.813
Iteration 30 / LogL: -7647.738 / Time: 0h:0m:43s (0h:0m:7s left)
Iteration 40 / LogL: -7647.167 / Time: 0h:0m:44s (0h:0m:5s left)
Iteration 50 / LogL: -7647.738 / Time: 0h:0m:44s (0h:0m:4s left)
Log-likelihood cutoff on original alignment: -7654.538
Iteration 60 / LogL: -7646.814 / Time: 0h:0m:45s (0h:0m:3s left)
Iteration 70 / LogL: -7647.737 / Time: 0h:0m:45s (0h:0m:2s left)
UPDATE BEST LOG-LIKELIHOOD: -7646.813
Iteration 80 / LogL: -7646.813 / Time: 0h:0m:46s (0h:0m:1s left)
Iteration 90 / LogL: -7646.874 / Time: 0h:0m:46s (0h:0m:0s left)
Iteration 100 / LogL: -7646.874 / Time: 0h:0m:47s (0h:0m:0s left)
Log-likelihood cutoff on original alignment: -7654.538
NOTE: Bootstrap correlation coefficient of split occurrence frequencies: 0.995
TREE SEARCH COMPLETED AFTER 102 ITERATIONS / Time: 0h:0m:47s

--------------------------------------------------------------------
|                    FINALIZING TREE SEARCH                        |
--------------------------------------------------------------------
Performs final model parameters optimization
Estimate model parameters (epsilon = 0.010)
1. Initial log-likelihood: -7646.813
2. Current log-likelihood: -7646.801
Optimal log-likelihood: -7646.791
Rate parameters:  A-C: 2.463  A-G: 6.162  A-T: 1.000  C-G: 2.463  C-T: 6.162  G-T: 1.000
Base frequencies:   A: 0.402  C: 0.141  G: 0.207  T: 0.250
Gamma shape alpha: 0.498
Parameters optimization took 2 rounds (0.013 sec)
BEST SCORE FOUND : -7646.791
Creating bootstrap support values...
Split supports printed to NEXUS file ./results/gene18.phy.splits.nex
Total tree length: 3.693

Total number of iterations: 102
CPU time used for tree search: 5.033 sec (0h:0m:5s)
Wall-clock time used for tree search: 6.660 sec (0h:0m:6s)
Total CPU time used: 28.344 sec (0h:0m:28s)
Total wall-clock time used: 47.482 sec (0h:0m:47s)

Computing bootstrap consensus tree...
Reading input file ./results/gene18.phy.splits.nex...
10 taxa and 138 splits.
Consensus tree written to ./results/gene18.phy.contree
Reading input trees file ./results/gene18.phy.contree
Log-likelihood of consensus tree: -7646.791

Analysis results written to: 
  IQ-TREE report:                ./results/gene18.phy.iqtree
  Maximum-likelihood tree:       ./results/gene18.phy.treefile
  Likelihood distances:          ./results/gene18.phy.mldist

Ultrafast bootstrap approximation results written to:
  Split support values:          ./results/gene18.phy.splits.nex
  Consensus tree:                ./results/gene18.phy.contree
  Screen log file:               ./results/gene18.phy.log

Date and Time: Tue Aug 22 18:05:03 2017
