IQ-TREE multicore version 1.5.4 for Linux 64-bit built Apr  2 2017
Copyright (c) 2011-2017 by Bui Quang Minh, Nguyen Lam Tung,
Olga Chernomor, Heiko Schmidt, and Arndt von Haeseler.

Host:    hpc-crick (AVX, 251 GB RAM)
Command: iqtree -s ./results/gene7.phy -nt 1 -bb 1000
Seed:    527475 (Using SPRNG - Scalable Parallel Random Number Generator)
Time:    Tue Aug 22 17:11:22 2017
Kernel:  AVX - 1 threads (40 CPU cores detected)

Reading alignment file ./results/gene7.phy ... Phylip format detected
Alignment most likely contains DNA/RNA sequences
Alignment has 10 sequences with 1000 columns and 483 patterns (347 informative sites, 392 constant sites)
   Gap/Ambiguity  Composition  p-value
   1  A    0.00%    passed     87.82%
   2  B    0.00%    passed     88.11%
   3  C    0.00%    passed     90.32%
   4  D    0.00%    passed     56.43%
   5  E    0.00%    passed     43.11%
   6  F    0.00%    passed     98.29%
   7  G    0.00%    passed     91.29%
   8  H    0.00%    passed     52.30%
   9  I    0.00%    passed     36.45%
  10  J    0.00%    passed     95.97%
****  TOTAL    0.00%  0 sequences failed composition chi2 test (p-value<5%; df=3)

Create initial parsimony tree by phylogenetic likelihood library (PLL)... 0.001 seconds

NOTE: ModelFinder requires 3 MB RAM!
ModelFinder will test 286 DNA models (sample size: 1000) ...
 No. Model         -LnL         df  AIC          AICc         BIC
  1  JC            7599.519     17  15233.038    15233.661    15316.470
  2  JC+I          7327.475     18  14690.951    14691.648    14779.290
  3  JC+G4         7246.865     18  14529.730    14530.427    14618.069
  4  JC+I+G4       7247.094     19  14532.188    14532.964    14625.436
  5  JC+R2         7255.723     19  14549.446    14550.222    14642.694
  6  JC+R3         7246.354     21  14534.708    14535.653    14637.771
  7  JC+R4         7246.342     23  14538.685    14539.816    14651.563
  8  JC+R5         Skipped 
  9  JC+R6         Skipped 
 10  JC+R7         Skipped 
 11  JC+R8         Skipped 
 12  JC+R9         Skipped 
 13  JC+R10        Skipped 
 14  F81           7487.558     20  15015.116    15015.974    15113.272
 15  F81+I         7220.611     21  14483.222    14484.167    14586.285
 16  F81+G4        7130.312     21  14302.624    14303.569    14405.687
 17  F81+I+G4      7130.844     22  14305.688    14306.724    14413.659
 18  F81+R2        7138.888     22  14321.775    14322.811    14429.746
 19  F81+R3        7129.938     24  14307.876    14309.106    14425.662
 20  F81+R4        7129.913     26  14311.826    14313.269    14439.428
 21  F81+R5        Skipped 
 22  F81+R6        Skipped 
 23  F81+R7        Skipped 
 24  F81+R8        Skipped 
 25  F81+R9        Skipped 
 26  F81+R10       Skipped 
 27  K2P           7453.722     18  14943.445    14944.142    15031.784
 28  K2P+I         7172.181     19  14382.361    14383.137    14475.609
 29  K2P+G4        7073.218     19  14184.436    14185.211    14277.683
 30  K2P+I+G4      7073.454     20  14186.907    14187.766    14285.063
 31  K2P+R2        7085.859     20  14211.717    14212.575    14309.872
 32  K2P+R3        7071.966     22  14187.932    14188.968    14295.903
 33  K2P+R4        7071.961     24  14191.922    14193.153    14309.708
 34  K2P+R5        Skipped 
 35  K2P+R6        Skipped 
 36  K2P+R7        Skipped 
 37  K2P+R8        Skipped 
 38  K2P+R9        Skipped 
 39  K2P+R10       Skipped 
 40  HKY           7323.983     21  14689.967    14690.912    14793.030
 41  HKY+I         7056.549     22  14157.098    14158.134    14265.069
 42  HKY+G4        6942.483     22  13928.966    13930.002    14036.936
 43  HKY+I+G4      6943.043     23  13932.087    13933.218    14044.965
 44  HKY+R2        6953.812     23  13953.624    13954.756    14066.503
 45  HKY+R3        6941.526     25  13933.051    13934.386    14055.745
 46  HKY+R4        6941.534     27  13937.069    13938.624    14069.578
 47  HKY+R5        Skipped 
 48  HKY+R6        Skipped 
 49  HKY+R7        Skipped 
 50  HKY+R8        Skipped 
 51  HKY+R9        Skipped 
 52  HKY+R10       Skipped 
 53  TNe           7452.352     19  14942.703    14943.479    15035.950
 54  TNe+I         7170.631     20  14381.262    14382.120    14479.417
 55  TNe+G4        7070.154     20  14180.309    14181.167    14278.464
 56  TNe+I+G4      7070.151     21  14182.301    14183.246    14285.364
 57  TNe+R2        7083.583     21  14209.167    14210.111    14312.229
 58  TNe+R3        7068.730     23  14183.459    14184.591    14296.338
 59  TNe+R4        7068.733     25  14187.465    14188.800    14310.159
 60  TNe+R5        Skipped 
 61  TNe+R6        Skipped 
 62  TNe+R7        Skipped 
 63  TNe+R8        Skipped 
 64  TNe+R9        Skipped 
 65  TNe+R10       Skipped 
 66  TN            7323.206     22  14690.412    14691.448    14798.383
 67  TN+I          7055.218     23  14156.436    14157.567    14269.314
 68  TN+G4         6942.364     23  13930.727    13931.859    14043.606
 69  TN+I+G4       6942.687     24  13933.374    13934.604    14051.160
 70  TN+R2         6953.534     24  13955.067    13956.298    14072.853
 71  TN+R3         6941.095     26  13934.190    13935.633    14061.791
 72  TN+R4         6941.087     28  13938.173    13939.846    14075.590
 73  TN+R5         Skipped 
 74  TN+R6         Skipped 
 75  TN+R7         Skipped 
 76  TN+R8         Skipped 
 77  TN+R9         Skipped 
 78  TN+R10        Skipped 
 79  K3P           7451.786     19  14941.571    14942.347    15034.819
 80  K3P+I         7169.808     20  14379.615    14380.473    14477.771
 81  K3P+G4        7069.785     20  14179.569    14180.427    14277.724
 82  K3P+I+G4      7069.867     21  14181.734    14182.679    14284.797
 83  K3P+R2        7082.163     21  14206.326    14207.270    14309.388
 84  K3P+R3        7068.658     23  14183.317    14184.448    14296.195
 85  K3P+R4        7068.654     25  14187.307    14188.642    14310.001
 86  K3P+R5        Skipped 
 87  K3P+R6        Skipped 
 88  K3P+R7        Skipped 
 89  K3P+R8        Skipped 
 90  K3P+R9        Skipped 
 91  K3P+R10       Skipped 
 92  K3Pu          7312.637     22  14669.274    14670.310    14777.245
 93  K3Pu+I        7047.607     23  14141.215    14142.346    14254.093
 94  K3Pu+G4       6931.876     23  13909.753    13910.884    14022.631
 95  K3Pu+I+G4     6932.306     24  13912.611    13913.842    14030.397
 96  K3Pu+R2       6942.840     24  13933.681    13934.911    14051.467
 97  K3Pu+R3       6931.312     26  13914.625    13916.068    14042.226
 98  K3Pu+R4       6931.295     28  13918.589    13920.262    14056.006
 99  K3Pu+R5       Skipped 
100  K3Pu+R6       Skipped 
101  K3Pu+R7       Skipped 
102  K3Pu+R8       Skipped 
103  K3Pu+R9       Skipped 
104  K3Pu+R10      Skipped 
105  TPM2          7319.440     22  14682.880    14683.916    14790.851
106  TPM2+I        7045.590     23  14137.179    14138.310    14250.057
107  TPM2+G4       6938.259     23  13922.519    13923.650    14035.397
108  TPM2+I+G4     6938.608     24  13925.217    13926.447    14043.003
109  TPM2+R2       6949.498     24  13946.996    13948.226    14064.782
110  TPM2+R3       6937.087     26  13926.175    13927.618    14053.776
111  TPM2+R4       6937.069     28  13930.138    13931.811    14067.555
112  TPM2+R5       Skipped 
113  TPM2+R6       Skipped 
114  TPM2+R7       Skipped 
115  TPM2+R8       Skipped 
116  TPM2+R9       Skipped 
117  TPM2+R10      Skipped 
118  TPM2u         7319.457     22  14682.915    14683.951    14790.885
119  TPM2u+I       7045.586     23  14137.171    14138.302    14250.049
120  TPM2u+G4      6938.194     23  13922.388    13923.519    14035.266
121  TPM2u+I+G4    6938.583     24  13925.166    13926.397    14042.952
122  TPM2u+R2      6949.501     24  13947.002    13948.232    14064.788
123  TPM2u+R3      6937.059     26  13926.118    13927.560    14053.719
124  TPM2u+R4      6937.047     28  13930.094    13931.767    14067.512
125  TPM2u+R5      Skipped 
126  TPM2u+R6      Skipped 
127  TPM2u+R7      Skipped 
128  TPM2u+R8      Skipped 
129  TPM2u+R9      Skipped 
130  TPM2u+R10     Skipped 
131  TPM3          7288.712     22  14621.424    14622.460    14729.395
132  TPM3+I        7032.288     23  14110.577    14111.708    14223.455
133  TPM3+G4       6923.956     23  13893.912    13895.043    14006.790
134  TPM3+I+G4     6924.193     24  13896.385    13897.616    14014.171
135  TPM3+R2       6936.320     24  13920.640    13921.871    14038.427
136  TPM3+R3       6923.436     26  13898.872    13900.315    14026.474
137  TPM3+R4       6923.505     28  13903.011    13904.683    14040.428
138  TPM3+R5       Skipped 
139  TPM3+R6       Skipped 
140  TPM3+R7       Skipped 
141  TPM3+R8       Skipped 
142  TPM3+R9       Skipped 
143  TPM3+R10      Skipped 
144  TPM3u         7288.735     22  14621.470    14622.506    14729.441
145  TPM3u+I       7032.287     23  14110.574    14111.705    14223.453
146  TPM3u+G4      6923.912     23  13893.825    13894.956    14006.703
147  TPM3u+I+G4    6924.119     24  13896.237    13897.468    14014.023
148  TPM3u+R2      6936.270     24  13920.540    13921.771    14038.327
149  TPM3u+R3      6923.428     26  13898.857    13900.300    14026.459
150  TPM3u+R4      6923.476     28  13902.953    13904.625    14040.370
151  TPM3u+R5      Skipped 
152  TPM3u+R6      Skipped 
153  TPM3u+R7      Skipped 
154  TPM3u+R8      Skipped 
155  TPM3u+R9      Skipped 
156  TPM3u+R10     Skipped 
157  TIMe          7450.402     20  14940.804    14941.662    15038.959
158  TIMe+I        7168.262     21  14378.523    14379.468    14481.586
159  TIMe+G4       7066.505     21  14175.011    14175.955    14278.073
160  TIMe+I+G4     7066.476     22  14176.952    14177.988    14284.923
161  TIMe+R2       7079.650     22  14203.299    14204.335    14311.270
162  TIMe+R3       7065.319     24  14178.638    14179.869    14296.425
163  TIMe+R4       7065.153     26  14182.307    14183.750    14309.908
164  TIMe+R5       Skipped 
165  TIMe+R6       Skipped 
166  TIMe+R7       Skipped 
167  TIMe+R8       Skipped 
168  TIMe+R9       Skipped 
169  TIMe+R10      Skipped 
170  TIM           7311.691     23  14669.383    14670.514    14782.261
171  TIM+I         7046.306     24  14140.611    14141.842    14258.397
172  TIM+G4        6931.856     24  13911.712    13912.943    14029.499
173  TIM+I+G4      6932.154     25  13914.309    13915.643    14037.003
174  TIM+R2        6942.763     25  13935.526    13936.861    14058.220
175  TIM+R3        6931.195     27  13916.391    13917.946    14048.900
176  TIM+R4        6931.146     29  13920.292    13922.085    14062.616
177  TIM+R5        Skipped 
178  TIM+R6        Skipped 
179  TIM+R7        Skipped 
180  TIM+R8        Skipped 
181  TIM+R9        Skipped 
182  TIM+R10       Skipped 
183  TIM2e         7426.408     20  14892.816    14893.674    14990.971
184  TIM2e+I       7134.522     21  14311.045    14311.989    14414.107
185  TIM2e+G4      7029.312     21  14100.625    14101.569    14203.687
186  TIM2e+I+G4    7029.002     22  14102.004    14103.039    14209.974
187  TIM2e+R2      7048.105     22  14140.211    14141.247    14248.182
188  TIM2e+R3      7026.008     24  14100.016    14101.247    14217.802
189  TIM2e+R4      7025.958     26  14103.916    14105.359    14231.518
190  TIM2e+R5      Skipped 
191  TIM2e+R6      Skipped 
192  TIM2e+R7      Skipped 
193  TIM2e+R8      Skipped 
194  TIM2e+R9      Skipped 
195  TIM2e+R10     Skipped 
196  TIM2          7318.587     23  14683.174    14684.305    14796.053
197  TIM2+I        7044.666     24  14137.333    14138.563    14255.119
198  TIM2+G4       6937.857     24  13923.714    13924.945    14041.501
199  TIM2+I+G4     6937.939     25  13925.877    13927.212    14048.571
200  TIM2+R2       6949.054     25  13948.108    13949.443    14070.802
201  TIM2+R3       6936.433     27  13926.866    13928.421    14059.375
202  TIM2+R4       6936.417     29  13930.835    13932.628    14073.159
203  TIM2+R5       Skipped 
204  TIM2+R6       Skipped 
205  TIM2+R7       Skipped 
206  TIM2+R8       Skipped 
207  TIM2+R9       Skipped 
208  TIM2+R10      Skipped 
209  TIM3e         7442.913     20  14925.825    14926.683    15023.980
210  TIM3e+I       7164.400     21  14370.800    14371.745    14473.863
211  TIM3e+G4      7066.359     21  14174.718    14175.663    14277.781
212  TIM3e+I+G4    7066.258     22  14176.516    14177.552    14284.487
213  TIM3e+R2      7079.917     22  14203.834    14204.870    14311.805
214  TIM3e+R3      7064.982     24  14177.963    14179.194    14295.749
215  TIM3e+R4      7064.962     26  14181.925    14183.367    14309.526
216  TIM3e+R5      Skipped 
217  TIM3e+R6      Skipped 
218  TIM3e+R7      Skipped 
219  TIM3e+R8      Skipped 
220  TIM3e+R9      Skipped 
221  TIM3e+R10     Skipped 
222  TIM3          7286.761     23  14619.522    14620.653    14732.400
223  TIM3+I        7031.154     24  14110.307    14111.538    14228.093
224  TIM3+G4       6923.444     24  13894.889    13896.120    14012.675
225  TIM3+I+G4     6923.547     25  13897.093    13898.428    14019.787
226  TIM3+R2       6935.984     25  13921.969    13923.303    14044.662
227  TIM3+R3       6923.075     27  13900.150    13901.705    14032.659
228  TIM3+R4       6922.875     29  13903.750    13905.544    14046.075
229  TIM3+R5       Skipped 
230  TIM3+R6       Skipped 
231  TIM3+R7       Skipped 
232  TIM3+R8       Skipped 
233  TIM3+R9       Skipped 
234  TIM3+R10      Skipped 
235  TVMe          7418.947     21  14879.893    14880.838    14982.956
236  TVMe+I        7129.573     22  14303.146    14304.182    14411.116
237  TVMe+G4       7025.974     22  14095.948    14096.984    14203.919
238  TVMe+I+G4     7025.764     23  14097.528    14098.659    14210.407
239  TVMe+R2       7043.225     23  14132.450    14133.582    14245.329
240  TVMe+R3       7023.402     25  14096.805    14098.139    14219.499
241  TVMe+R4       7023.398     27  14100.795    14102.351    14233.305
242  TVMe+R5       Skipped 
243  TVMe+R6       Skipped 
244  TVMe+R7       Skipped 
245  TVMe+R8       Skipped 
246  TVMe+R9       Skipped 
247  TVMe+R10      Skipped 
248  TVM           7282.613     24  14613.225    14614.456    14731.011
249  TVM+I         7019.542     25  14089.085    14090.419    14211.779
250  TVM+G4        6914.671     25  13879.342    13880.676    14002.035
251  TVM+I+G4      6914.839     26  13881.679    13883.122    14009.280
252  TVM+R2        6926.777     26  13905.555    13906.998    14033.156
253  TVM+R3        6914.390     28  13884.780    13886.452    14022.197
254  TVM+R4        6914.379     30  13888.759    13890.678    14035.992
255  TVM+R5        Skipped 
256  TVM+R6        Skipped 
257  TVM+R7        Skipped 
258  TVM+R8        Skipped 
259  TVM+R9        Skipped 
260  TVM+R10       Skipped 
261  SYM           7417.720     22  14879.441    14880.477    14987.411
262  SYM+I         7127.659     23  14301.319    14302.450    14414.197
263  SYM+G4        7020.798     23  14087.597    14088.728    14200.475
264  SYM+I+G4      7020.554     24  14089.109    14090.339    14206.895
265  SYM+R2        7039.882     24  14127.764    14128.995    14245.551
266  SYM+R3        7018.040     26  14088.080    14089.523    14215.681
267  SYM+R4        7017.934     28  14091.869    14093.541    14229.286
268  SYM+R5        Skipped 
269  SYM+R6        Skipped 
270  SYM+R7        Skipped 
271  SYM+R8        Skipped 
272  SYM+R9        Skipped 
273  SYM+R10       Skipped 
274  GTR           7280.609     25  14611.218    14612.553    14733.912
275  GTR+I         7018.551     26  14089.102    14090.545    14216.704
276  GTR+G4        6914.001     26  13880.002    13881.445    14007.604
277  GTR+I+G4      6914.173     27  13882.347    13883.902    14014.856
278  GTR+R2        6926.623     27  13907.246    13908.802    14039.756
279  GTR+R3        6913.594     29  13885.188    13886.982    14027.513
280  GTR+R4        6913.580     31  13889.160    13891.210    14041.301
281  GTR+R5        Skipped 
282  GTR+R6        Skipped 
283  GTR+R7        Skipped 
284  GTR+R8        Skipped 
285  GTR+R9        Skipped 
286  GTR+R10       Skipped 
Akaike Information Criterion:           TVM+G4
Corrected Akaike Information Criterion: TVM+G4
Bayesian Information Criterion:         TVM+G4
Best-fit model: TVM+G4 chosen according to BIC

All model information printed to ./results/gene7.phy.model
CPU time for ModelFinder: 9.769 seconds (0h:0m:9s)
Wall-clock time for ModelFinder: 14.810 seconds (0h:0m:14s)
Generating 1000 samples for ultrafast bootstrap (seed: 527475)...

NOTE: 2 MB RAM (0 GB) is required!
Estimate model parameters (epsilon = 0.100)
1. Initial log-likelihood: -7200.498
2. Current log-likelihood: -6925.164
3. Current log-likelihood: -6916.790
4. Current log-likelihood: -6915.715
5. Current log-likelihood: -6915.568
Optimal log-likelihood: -6915.505
Rate parameters:  A-C: 3.204  A-G: 5.540  A-T: 0.759  C-G: 1.010  C-T: 5.540  G-T: 1.000
Base frequencies:   A: 0.385  C: 0.156  G: 0.194  T: 0.265
Gamma shape alpha: 0.491
Parameters optimization took 5 rounds (0.178 sec)
Computing ML distances based on estimated model parameters... 0.001 sec
Computing BIONJ tree...
0.000 seconds
Log-likelihood of BIONJ tree: -6916.672
--------------------------------------------------------------------
|             INITIALIZING CANDIDATE TREE SET                      |
--------------------------------------------------------------------
Generating 98 parsimony trees... 0.094 second
Computing log-likelihood of 93 initial trees ... 0.385 seconds
Current best score: -6915.505

Do NNI search on 20 best initial trees
Estimate model parameters (epsilon = 0.100)
BETTER TREE FOUND at iteration 1: -6911.311
WARNING: NNI search needs unusual large number of steps (7) to converge!
Estimate model parameters (epsilon = 0.100)
BETTER TREE FOUND at iteration 6: -6911.043
Iteration 10 / LogL: -6912.185 / Time: 0h:0m:16s
Iteration 20 / LogL: -6912.185 / Time: 0h:0m:17s
Finish initializing candidate tree set (8)
Current best tree score: -6911.043 / CPU time: 2.136
Number of iterations: 20
--------------------------------------------------------------------
|               OPTIMIZING CANDIDATE TREE SET                      |
--------------------------------------------------------------------
BETTER TREE FOUND at iteration 24: -6911.043
UPDATE BEST LOG-LIKELIHOOD: -6911.043
UPDATE BEST LOG-LIKELIHOOD: -6911.043
Iteration 30 / LogL: -6911.043 / Time: 0h:0m:17s (0h:0m:9s left)
UPDATE BEST LOG-LIKELIHOOD: -6911.043
Iteration 40 / LogL: -6911.427 / Time: 0h:0m:18s (0h:0m:7s left)
Iteration 50 / LogL: -6911.337 / Time: 0h:0m:18s (0h:0m:5s left)
Log-likelihood cutoff on original alignment: -6918.888
Iteration 60 / LogL: -6911.332 / Time: 0h:0m:19s (0h:0m:4s left)
Iteration 70 / LogL: -6911.331 / Time: 0h:0m:19s (0h:0m:3s left)
Iteration 80 / LogL: -6911.043 / Time: 0h:0m:20s (0h:0m:2s left)
Iteration 90 / LogL: -6911.427 / Time: 0h:0m:20s (0h:0m:2s left)
Iteration 100 / LogL: -6911.329 / Time: 0h:0m:20s (0h:0m:1s left)
Log-likelihood cutoff on original alignment: -6919.439
NOTE: Bootstrap correlation coefficient of split occurrence frequencies: 0.993
Iteration 110 / LogL: -6911.427 / Time: 0h:0m:21s (0h:0m:5s left)
Iteration 120 / LogL: -6911.427 / Time: 0h:0m:22s (0h:0m:4s left)
TREE SEARCH COMPLETED AFTER 125 ITERATIONS / Time: 0h:0m:22s

--------------------------------------------------------------------
|                    FINALIZING TREE SEARCH                        |
--------------------------------------------------------------------
Performs final model parameters optimization
Estimate model parameters (epsilon = 0.010)
1. Initial log-likelihood: -6911.043
2. Current log-likelihood: -6911.023
Optimal log-likelihood: -6911.016
Rate parameters:  A-C: 3.198  A-G: 5.615  A-T: 0.796  C-G: 1.062  C-T: 5.615  G-T: 1.000
Base frequencies:   A: 0.385  C: 0.156  G: 0.194  T: 0.265
Gamma shape alpha: 0.492
Parameters optimization took 2 rounds (0.013 sec)
BEST SCORE FOUND : -6911.016
Creating bootstrap support values...
Split supports printed to NEXUS file ./results/gene7.phy.splits.nex
Total tree length: 2.868

Total number of iterations: 125
CPU time used for tree search: 6.068 sec (0h:0m:6s)
Wall-clock time used for tree search: 7.310 sec (0h:0m:7s)
Total CPU time used: 16.011 sec (0h:0m:16s)
Total wall-clock time used: 22.385 sec (0h:0m:22s)

Computing bootstrap consensus tree...
Reading input file ./results/gene7.phy.splits.nex...
10 taxa and 152 splits.
Consensus tree written to ./results/gene7.phy.contree
Reading input trees file ./results/gene7.phy.contree
Log-likelihood of consensus tree: -6911.015

Analysis results written to: 
  IQ-TREE report:                ./results/gene7.phy.iqtree
  Maximum-likelihood tree:       ./results/gene7.phy.treefile
  Likelihood distances:          ./results/gene7.phy.mldist

Ultrafast bootstrap approximation results written to:
  Split support values:          ./results/gene7.phy.splits.nex
  Consensus tree:                ./results/gene7.phy.contree
  Screen log file:               ./results/gene7.phy.log

Date and Time: Tue Aug 22 17:11:45 2017
