IQ-TREE multicore version 1.5.4 for Linux 64-bit built Apr  2 2017
Copyright (c) 2011-2017 by Bui Quang Minh, Nguyen Lam Tung,
Olga Chernomor, Heiko Schmidt, and Arndt von Haeseler.

Host:    hpc-crick (AVX, 251 GB RAM)
Command: iqtree -s ./results/gene17.phy -nt 1 -bb 1000
Seed:    851480 (Using SPRNG - Scalable Parallel Random Number Generator)
Time:    Tue Aug 22 17:10:53 2017
Kernel:  AVX - 1 threads (40 CPU cores detected)

Reading alignment file ./results/gene17.phy ... Phylip format detected
Alignment most likely contains DNA/RNA sequences
Alignment has 10 sequences with 1000 columns and 477 patterns (356 informative sites, 375 constant sites)
   Gap/Ambiguity  Composition  p-value
   1  A    0.00%    passed     77.51%
   2  B    0.00%    passed     93.48%
   3  C    0.00%    passed     63.76%
   4  D    0.00%    passed     28.70%
   5  E    0.00%    passed     34.38%
   6  F    0.00%    passed     88.81%
   7  G    0.00%    passed     92.06%
   8  H    0.00%    passed     92.83%
   9  I    0.00%    passed     33.55%
  10  J    0.00%    passed     78.82%
****  TOTAL    0.00%  0 sequences failed composition chi2 test (p-value<5%; df=3)

Create initial parsimony tree by phylogenetic likelihood library (PLL)... 0.001 seconds

NOTE: ModelFinder requires 3 MB RAM!
ModelFinder will test 286 DNA models (sample size: 1000) ...
 No. Model         -LnL         df  AIC          AICc         BIC
  1  JC            7671.725     17  15377.449    15378.072    15460.881
  2  JC+I          7434.184     18  14904.368    14905.065    14992.708
  3  JC+G4         7349.908     18  14735.815    14736.513    14824.155
  4  JC+I+G4       7350.236     19  14738.471    14739.247    14831.718
  5  JC+R2         7358.947     19  14755.894    14756.669    14849.141
  6  JC+R3         7347.672     21  14737.344    14738.289    14840.407
  7  JC+R4         7347.710     23  14741.420    14742.551    14854.298
  8  JC+R5         Skipped 
  9  JC+R6         Skipped 
 10  JC+R7         Skipped 
 11  JC+R8         Skipped 
 12  JC+R9         Skipped 
 13  JC+R10        Skipped 
 14  F81           7546.080     20  15132.160    15133.018    15230.316
 15  F81+I         7306.501     21  14655.003    14655.947    14758.066
 16  F81+G4        7216.296     21  14474.592    14475.537    14577.655
 17  F81+I+G4      7216.741     22  14477.481    14478.517    14585.452
 18  F81+R2        7226.792     22  14497.585    14498.621    14605.555
 19  F81+R3        7214.833     24  14477.667    14478.897    14595.453
 20  F81+R4        7214.836     26  14481.672    14483.115    14609.273
 21  F81+R5        Skipped 
 22  F81+R6        Skipped 
 23  F81+R7        Skipped 
 24  F81+R8        Skipped 
 25  F81+R9        Skipped 
 26  F81+R10       Skipped 
 27  K2P           7526.123     18  15088.246    15088.943    15176.586
 28  K2P+I         7276.307     19  14590.613    14591.389    14683.861
 29  K2P+G4        7163.883     19  14365.766    14366.541    14459.013
 30  K2P+I+G4      7164.368     20  14368.735    14369.593    14466.890
 31  K2P+R2        7174.294     20  14388.589    14389.447    14486.744
 32  K2P+R3        7160.107     22  14364.214    14365.250    14472.185
 33  K2P+R4        7160.115     24  14368.231    14369.461    14486.017
 34  K2P+R5        Skipped 
 35  K2P+R6        Skipped 
 36  K2P+R7        Skipped 
 37  K2P+R8        Skipped 
 38  K2P+R9        Skipped 
 39  K2P+R10       Skipped 
 40  HKY           7378.894     21  14799.789    14800.733    14902.851
 41  HKY+I         7135.244     22  14314.488    14315.524    14422.459
 42  HKY+G4        7011.758     22  14067.516    14068.552    14175.487
 43  HKY+I+G4      7012.252     23  14070.504    14071.635    14183.382
 44  HKY+R2        7020.117     23  14086.233    14087.364    14199.112
 45  HKY+R3        7010.090     25  14070.180    14071.514    14192.874
 46  HKY+R4        7010.036     27  14074.072    14075.628    14206.582
 47  HKY+R5        Skipped 
 48  HKY+R6        Skipped 
 49  HKY+R7        Skipped 
 50  HKY+R8        Skipped 
 51  HKY+R9        Skipped 
 52  HKY+R10       Skipped 
 53  TNe           7524.610     19  15087.219    15087.995    15180.467
 54  TNe+I         7275.296     20  14590.593    14591.451    14688.748
 55  TNe+G4        7158.592     20  14357.183    14358.041    14455.338
 56  TNe+I+G4      7158.990     21  14359.979    14360.924    14463.042
 57  TNe+R2        7167.878     21  14377.756    14378.701    14480.819
 58  TNe+R3        7154.937     23  14355.874    14357.005    14468.752
 59  TNe+R4        7154.918     25  14359.836    14361.170    14482.529
 60  TNe+R5        Skipped 
 61  TNe+R6        Skipped 
 62  TNe+R7        Skipped 
 63  TNe+R8        Skipped 
 64  TNe+R9        Skipped 
 65  TNe+R10       Skipped 
 66  TN            7378.273     22  14800.546    14801.582    14908.516
 67  TN+I          7133.565     23  14313.131    14314.262    14426.009
 68  TN+G4         7011.735     23  14069.470    14070.601    14182.349
 69  TN+I+G4       7012.163     24  14072.325    14073.556    14190.112
 70  TN+R2         7020.015     24  14088.030    14089.261    14205.816
 71  TN+R3         7010.031     26  14072.062    14073.505    14199.663
 72  TN+R4         7009.986     28  14075.972    14077.644    14213.389
 73  TN+R5         Skipped 
 74  TN+R6         Skipped 
 75  TN+R7         Skipped 
 76  TN+R8         Skipped 
 77  TN+R9         Skipped 
 78  TN+R10        Skipped 
 79  K3P           7518.771     19  15075.543    15076.318    15168.790
 80  K3P+I         7267.830     20  14575.660    14576.518    14673.815
 81  K3P+G4        7155.705     20  14351.410    14352.268    14449.565
 82  K3P+I+G4      7156.001     21  14354.002    14354.947    14457.065
 83  K3P+R2        7165.095     21  14372.191    14373.135    14475.254
 84  K3P+R3        7152.723     23  14351.446    14352.577    14464.325
 85  K3P+R4        7152.712     25  14355.424    14356.758    14478.117
 86  K3P+R5        Skipped 
 87  K3P+R6        Skipped 
 88  K3P+R7        Skipped 
 89  K3P+R8        Skipped 
 90  K3P+R9        Skipped 
 91  K3P+R10       Skipped 
 92  K3Pu          7354.158     22  14752.317    14753.353    14860.287
 93  K3Pu+I        7114.778     23  14275.556    14276.687    14388.435
 94  K3Pu+G4       6990.816     23  14027.632    14028.763    14140.510
 95  K3Pu+I+G4     6991.223     24  14030.445    14031.676    14148.231
 96  K3Pu+R2       6998.782     24  14045.563    14046.794    14163.349
 97  K3Pu+R3       6989.973     26  14031.945    14033.388    14159.547
 98  K3Pu+R4       6989.934     28  14035.869    14037.541    14173.286
 99  K3Pu+R5       Skipped 
100  K3Pu+R6       Skipped 
101  K3Pu+R7       Skipped 
102  K3Pu+R8       Skipped 
103  K3Pu+R9       Skipped 
104  K3Pu+R10      Skipped 
105  TPM2          7377.000     22  14798.001    14799.037    14905.971
106  TPM2+I        7134.973     23  14315.946    14317.077    14428.824
107  TPM2+G4       7010.865     23  14067.730    14068.861    14180.608
108  TPM2+I+G4     7011.229     24  14070.457    14071.688    14188.244
109  TPM2+R2       7019.027     24  14086.053    14087.284    14203.840
110  TPM2+R3       7009.615     26  14071.230    14072.673    14198.832
111  TPM2+R4       7009.539     28  14075.077    14076.750    14212.495
112  TPM2+R5       Skipped 
113  TPM2+R6       Skipped 
114  TPM2+R7       Skipped 
115  TPM2+R8       Skipped 
116  TPM2+R9       Skipped 
117  TPM2+R10      Skipped 
118  TPM2u         7377.021     22  14798.042    14799.077    14906.012
119  TPM2u+I       7134.973     23  14315.946    14317.077    14428.824
120  TPM2u+G4      7010.869     23  14067.738    14068.869    14180.617
121  TPM2u+I+G4    7011.201     24  14070.403    14071.633    14188.189
122  TPM2u+R2      7019.011     24  14086.023    14087.254    14203.809
123  TPM2u+R3      7009.617     26  14071.234    14072.677    14198.836
124  TPM2u+R4      7009.509     28  14075.019    14076.691    14212.436
125  TPM2u+R5      Skipped 
126  TPM2u+R6      Skipped 
127  TPM2u+R7      Skipped 
128  TPM2u+R8      Skipped 
129  TPM2u+R9      Skipped 
130  TPM2u+R10     Skipped 
131  TPM3          7343.545     22  14731.090    14732.126    14839.060
132  TPM3+I        7111.819     23  14269.637    14270.768    14382.516
133  TPM3+G4       6988.685     23  14023.370    14024.501    14136.249
134  TPM3+I+G4     6989.103     24  14026.206    14027.437    14143.992
135  TPM3+R2       6997.409     24  14042.819    14044.050    14160.605
136  TPM3+R3       6987.124     26  14026.249    14027.692    14153.850
137  TPM3+R4       6987.095     28  14030.190    14031.862    14167.607
138  TPM3+R5       Skipped 
139  TPM3+R6       Skipped 
140  TPM3+R7       Skipped 
141  TPM3+R8       Skipped 
142  TPM3+R9       Skipped 
143  TPM3+R10      Skipped 
144  TPM3u         7343.541     22  14731.082    14732.118    14839.052
145  TPM3u+I       7111.812     23  14269.624    14270.755    14382.503
146  TPM3u+G4      6988.765     23  14023.531    14024.662    14136.409
147  TPM3u+I+G4    6989.081     24  14026.162    14027.393    14143.948
148  TPM3u+R2      6997.410     24  14042.819    14044.050    14160.606
149  TPM3u+R3      6987.117     26  14026.234    14027.677    14153.836
150  TPM3u+R4      6987.089     28  14030.177    14031.850    14167.594
151  TPM3u+R5      Skipped 
152  TPM3u+R6      Skipped 
153  TPM3u+R7      Skipped 
154  TPM3u+R8      Skipped 
155  TPM3u+R9      Skipped 
156  TPM3u+R10     Skipped 
157  TIMe          7517.272     20  15074.545    15075.403    15172.700
158  TIMe+I        7266.887     21  14575.774    14576.719    14678.837
159  TIMe+G4       7150.125     21  14342.250    14343.195    14445.313
160  TIMe+I+G4     7150.388     22  14344.777    14345.812    14452.747
161  TIMe+R2       7158.397     22  14360.793    14361.829    14468.764
162  TIMe+R3       7147.213     24  14342.426    14343.656    14460.212
163  TIMe+R4       7147.206     26  14346.412    14347.855    14474.014
164  TIMe+R5       Skipped 
165  TIMe+R6       Skipped 
166  TIMe+R7       Skipped 
167  TIMe+R8       Skipped 
168  TIMe+R9       Skipped 
169  TIMe+R10      Skipped 
170  TIM           7353.397     23  14752.793    14753.925    14865.672
171  TIM+I         7113.222     24  14274.444    14275.674    14392.230
172  TIM+G4        6991.021     24  14030.042    14031.273    14147.829
173  TIM+I+G4      6991.022     25  14032.045    14033.379    14154.739
174  TIM+R2        6998.394     25  14046.788    14048.122    14169.482
175  TIM+R3        6990.092     27  14034.184    14035.739    14166.693
176  TIM+R4        6990.058     29  14038.116    14039.910    14180.441
177  TIM+R5        Skipped 
178  TIM+R6        Skipped 
179  TIM+R7        Skipped 
180  TIM+R8        Skipped 
181  TIM+R9        Skipped 
182  TIM+R10       Skipped 
183  TIM2e         7520.225     20  15080.450    15081.308    15178.605
184  TIM2e+I       7268.463     21  14578.926    14579.871    14681.989
185  TIM2e+G4      7144.970     21  14331.940    14332.885    14435.003
186  TIM2e+I+G4    7145.164     22  14334.328    14335.364    14442.299
187  TIM2e+R2      7156.334     22  14356.667    14357.703    14464.638
188  TIM2e+R3      7139.601     24  14327.202    14328.432    14444.988
189  TIM2e+R4      7139.547     26  14331.094    14332.537    14458.696
190  TIM2e+R5      Skipped 
191  TIM2e+R6      Skipped 
192  TIM2e+R7      Skipped 
193  TIM2e+R8      Skipped 
194  TIM2e+R9      Skipped 
195  TIM2e+R10     Skipped 
196  TIM2          7376.589     23  14799.177    14800.308    14912.055
197  TIM2+I        7133.311     24  14314.621    14315.852    14432.407
198  TIM2+G4       7010.835     24  14069.671    14070.902    14187.457
199  TIM2+I+G4     7011.074     25  14072.147    14073.482    14194.841
200  TIM2+R2       7018.971     25  14087.942    14089.277    14210.636
201  TIM2+R3       7009.560     27  14073.120    14074.675    14205.629
202  TIM2+R4       7009.552     29  14077.104    14078.898    14219.429
203  TIM2+R5       Skipped 
204  TIM2+R6       Skipped 
205  TIM2+R7       Skipped 
206  TIM2+R8       Skipped 
207  TIM2+R9       Skipped 
208  TIM2+R10      Skipped 
209  TIM3e         7516.296     20  15072.592    15073.450    15170.747
210  TIM3e+I       7269.532     21  14581.064    14582.009    14684.127
211  TIM3e+G4      7152.319     21  14346.637    14347.582    14449.700
212  TIM3e+I+G4    7152.544     22  14349.088    14350.124    14457.059
213  TIM3e+R2      7160.962     22  14365.925    14366.960    14473.895
214  TIM3e+R3      7149.050     24  14346.100    14347.331    14463.886
215  TIM3e+R4      7149.031     26  14350.062    14351.505    14477.664
216  TIM3e+R5      Skipped 
217  TIM3e+R6      Skipped 
218  TIM3e+R7      Skipped 
219  TIM3e+R8      Skipped 
220  TIM3e+R9      Skipped 
221  TIM3e+R10     Skipped 
222  TIM3          7341.384     23  14728.769    14729.900    14841.647
223  TIM3+I        7110.104     24  14268.207    14269.438    14385.993
224  TIM3+G4       6988.766     24  14025.533    14026.764    14143.319
225  TIM3+I+G4     6988.860     25  14027.721    14029.055    14150.415
226  TIM3+R2       6997.403     25  14044.806    14046.141    14167.500
227  TIM3+R3       6987.027     27  14028.053    14029.609    14160.563
228  TIM3+R4       6987.009     29  14032.017    14033.811    14174.342
229  TIM3+R5       Skipped 
230  TIM3+R6       Skipped 
231  TIM3+R7       Skipped 
232  TIM3+R8       Skipped 
233  TIM3+R9       Skipped 
234  TIM3+R10      Skipped 
235  TVMe          7509.673     21  15061.345    15062.290    15164.408
236  TVMe+I        7257.994     22  14559.987    14561.023    14667.958
237  TVMe+G4       7140.455     22  14324.911    14325.946    14432.881
238  TVMe+I+G4     7140.534     23  14327.067    14328.198    14439.946
239  TVMe+R2       7150.759     23  14347.517    14348.648    14460.396
240  TVMe+R3       7136.462     25  14322.924    14324.259    14445.618
241  TVMe+R4       7136.472     27  14326.945    14328.500    14459.454
242  TVMe+R5       Skipped 
243  TVMe+R6       Skipped 
244  TVMe+R7       Skipped 
245  TVMe+R8       Skipped 
246  TVMe+R9       Skipped 
247  TVMe+R10      Skipped 
248  TVM           7335.309     24  14718.617    14719.848    14836.403
249  TVM+I         7104.678     25  14259.356    14260.691    14382.050
250  TVM+G4        6980.600     25  14011.199    14012.534    14133.893
251  TVM+I+G4      6980.836     26  14013.673    14015.115    14141.274
252  TVM+R2        6989.463     26  14030.926    14032.369    14158.528
253  TVM+R3        6979.522     28  14015.045    14016.717    14152.462
254  TVM+R4        6979.551     30  14019.103    14021.022    14166.335
255  TVM+R5        Skipped 
256  TVM+R6        Skipped 
257  TVM+R7        Skipped 
258  TVM+R8        Skipped 
259  TVM+R9        Skipped 
260  TVM+R10       Skipped 
261  SYM           7508.459     22  15060.919    15061.954    15168.889
262  SYM+I         7257.052     23  14560.105    14561.236    14672.983
263  SYM+G4        7132.776     23  14311.552    14312.683    14424.430
264  SYM+I+G4      7132.907     24  14313.814    14315.045    14431.600
265  SYM+R2        7142.557     24  14333.113    14334.344    14450.899
266  SYM+R3        7128.842     26  14309.683    14311.126    14437.285
267  SYM+R4        7128.802     28  14313.605    14315.277    14451.022
268  SYM+R5        Skipped 
269  SYM+R6        Skipped 
270  SYM+R7        Skipped 
271  SYM+R8        Skipped 
272  SYM+R9        Skipped 
273  SYM+R10       Skipped 
274  GTR           7333.572     25  14717.144    14718.479    14839.838
275  GTR+I         7103.051     26  14258.102    14259.545    14385.704
276  GTR+G4        6980.523     26  14013.046    14014.489    14140.648
277  GTR+I+G4      6980.768     27  14015.536    14017.091    14148.045
278  GTR+R2        6989.434     27  14032.868    14034.424    14165.378
279  GTR+R3        6979.496     29  14016.992    14018.786    14159.317
280  GTR+R4        6979.510     31  14021.020    14023.070    14173.161
281  GTR+R5        Skipped 
282  GTR+R6        Skipped 
283  GTR+R7        Skipped 
284  GTR+R8        Skipped 
285  GTR+R9        Skipped 
286  GTR+R10       Skipped 
Akaike Information Criterion:           TVM+G4
Corrected Akaike Information Criterion: TVM+G4
Bayesian Information Criterion:         TVM+G4
Best-fit model: TVM+G4 chosen according to BIC

All model information printed to ./results/gene17.phy.model
CPU time for ModelFinder: 10.905 seconds (0h:0m:10s)
Wall-clock time for ModelFinder: 14.517 seconds (0h:0m:14s)
Generating 1000 samples for ultrafast bootstrap (seed: 851480)...

NOTE: 2 MB RAM (0 GB) is required!
Estimate model parameters (epsilon = 0.100)
1. Initial log-likelihood: -7292.500
2. Current log-likelihood: -6994.141
3. Current log-likelihood: -6982.351
4. Current log-likelihood: -6981.608
Optimal log-likelihood: -6981.537
Rate parameters:  A-C: 1.598  A-G: 3.661  A-T: 0.297  C-G: 1.218  C-T: 3.661  G-T: 1.000
Base frequencies:   A: 0.425  C: 0.151  G: 0.173  T: 0.252
Gamma shape alpha: 0.533
Parameters optimization took 4 rounds (0.085 sec)
Computing ML distances based on estimated model parameters... 0.001 sec
Computing BIONJ tree...
0.000 seconds
Log-likelihood of BIONJ tree: -6983.331
--------------------------------------------------------------------
|             INITIALIZING CANDIDATE TREE SET                      |
--------------------------------------------------------------------
Generating 98 parsimony trees... 0.086 second
Computing log-likelihood of 95 initial trees ... 0.417 seconds
Current best score: -6980.412

Do NNI search on 20 best initial trees
Estimate model parameters (epsilon = 0.100)
BETTER TREE FOUND at iteration 1: -6978.793
Estimate model parameters (epsilon = 0.100)
BETTER TREE FOUND at iteration 2: -6977.282
Estimate model parameters (epsilon = 0.100)
BETTER TREE FOUND at iteration 6: -6977.000
Iteration 10 / LogL: -6977.290 / Time: 0h:0m:15s
Iteration 20 / LogL: -6980.469 / Time: 0h:0m:16s
Finish initializing candidate tree set (11)
Current best tree score: -6977.000 / CPU time: 1.523
Number of iterations: 20
--------------------------------------------------------------------
|               OPTIMIZING CANDIDATE TREE SET                      |
--------------------------------------------------------------------
Iteration 30 / LogL: -6978.794 / Time: 0h:0m:16s (0h:0m:5s left)
UPDATE BEST LOG-LIKELIHOOD: -6977.000
Iteration 40 / LogL: -6978.793 / Time: 0h:0m:16s (0h:0m:3s left)
BETTER TREE FOUND at iteration 50: -6977.000
Iteration 50 / LogL: -6977.000 / Time: 0h:0m:17s (0h:0m:5s left)
Log-likelihood cutoff on original alignment: -6985.296
Iteration 60 / LogL: -6977.048 / Time: 0h:0m:17s (0h:0m:4s left)
UPDATE BEST LOG-LIKELIHOOD: -6976.999
UPDATE BEST LOG-LIKELIHOOD: -6976.999
Iteration 70 / LogL: -6976.999 / Time: 0h:0m:17s (0h:0m:3s left)
Iteration 80 / LogL: -6977.000 / Time: 0h:0m:18s (0h:0m:3s left)
UPDATE BEST LOG-LIKELIHOOD: -6976.999
UPDATE BEST LOG-LIKELIHOOD: -6976.999
Iteration 90 / LogL: -6977.048 / Time: 0h:0m:18s (0h:0m:2s left)
Iteration 100 / LogL: -6976.999 / Time: 0h:0m:18s (0h:0m:2s left)
Log-likelihood cutoff on original alignment: -6985.296
NOTE: Bootstrap correlation coefficient of split occurrence frequencies: 0.985
NOTE: UFBoot does not converge, continue at least 100 more iterations
UPDATE BEST LOG-LIKELIHOOD: -6976.999
Iteration 110 / LogL: -6976.999 / Time: 0h:0m:19s (0h:0m:3s left)
Iteration 120 / LogL: -6977.002 / Time: 0h:0m:19s (0h:0m:3s left)
Iteration 130 / LogL: -6977.048 / Time: 0h:0m:19s (0h:0m:2s left)
Iteration 140 / LogL: -6977.000 / Time: 0h:0m:20s (0h:0m:2s left)
Iteration 150 / LogL: -6977.048 / Time: 0h:0m:20s (0h:0m:2s left)
Log-likelihood cutoff on original alignment: -6985.296
Iteration 160 / LogL: -6979.603 / Time: 0h:0m:21s (0h:0m:1s left)
Iteration 170 / LogL: -6977.000 / Time: 0h:0m:21s (0h:0m:1s left)
Iteration 180 / LogL: -6977.048 / Time: 0h:0m:21s (0h:0m:0s left)
UPDATE BEST LOG-LIKELIHOOD: -6976.999
Iteration 190 / LogL: -6976.999 / Time: 0h:0m:22s (0h:0m:0s left)
Iteration 200 / LogL: -6977.412 / Time: 0h:0m:22s (0h:0m:0s left)
Log-likelihood cutoff on original alignment: -6985.296
NOTE: Bootstrap correlation coefficient of split occurrence frequencies: 0.988
NOTE: UFBoot does not converge, continue at least 100 more iterations
Iteration 210 / LogL: -6977.048 / Time: 0h:0m:23s (0h:0m:3s left)
Iteration 220 / LogL: -6976.999 / Time: 0h:0m:23s (0h:0m:3s left)
Iteration 230 / LogL: -6977.000 / Time: 0h:0m:24s (0h:0m:3s left)
Iteration 240 / LogL: -6979.442 / Time: 0h:0m:25s (0h:0m:2s left)
Iteration 250 / LogL: -6977.048 / Time: 0h:0m:25s (0h:0m:2s left)
Log-likelihood cutoff on original alignment: -6985.296
Iteration 260 / LogL: -6978.059 / Time: 0h:0m:26s (0h:0m:1s left)
Iteration 270 / LogL: -6977.048 / Time: 0h:0m:27s (0h:0m:1s left)
Iteration 280 / LogL: -6977.048 / Time: 0h:0m:27s (0h:0m:0s left)
Iteration 290 / LogL: -6977.048 / Time: 0h:0m:27s (0h:0m:0s left)
Iteration 300 / LogL: -6977.001 / Time: 0h:0m:28s (0h:0m:0s left)
Log-likelihood cutoff on original alignment: -6985.296
NOTE: Bootstrap correlation coefficient of split occurrence frequencies: 0.996
TREE SEARCH COMPLETED AFTER 300 ITERATIONS / Time: 0h:0m:28s

--------------------------------------------------------------------
|                    FINALIZING TREE SEARCH                        |
--------------------------------------------------------------------
Performs final model parameters optimization
Estimate model parameters (epsilon = 0.010)
1. Initial log-likelihood: -6976.999
Optimal log-likelihood: -6976.990
Rate parameters:  A-C: 1.616  A-G: 3.689  A-T: 0.300  C-G: 1.197  C-T: 3.689  G-T: 1.000
Base frequencies:   A: 0.425  C: 0.151  G: 0.173  T: 0.252
Gamma shape alpha: 0.535
Parameters optimization took 1 rounds (0.007 sec)
BEST SCORE FOUND : -6976.990
Creating bootstrap support values...
Split supports printed to NEXUS file ./results/gene17.phy.splits.nex
Total tree length: 2.978

Total number of iterations: 300
CPU time used for tree search: 11.968 sec (0h:0m:11s)
Wall-clock time used for tree search: 13.736 sec (0h:0m:13s)
Total CPU time used: 23.021 sec (0h:0m:23s)
Total wall-clock time used: 28.405 sec (0h:0m:28s)

Computing bootstrap consensus tree...
Reading input file ./results/gene17.phy.splits.nex...
10 taxa and 169 splits.
Consensus tree written to ./results/gene17.phy.contree
Reading input trees file ./results/gene17.phy.contree
Log-likelihood of consensus tree: -6976.990

Analysis results written to: 
  IQ-TREE report:                ./results/gene17.phy.iqtree
  Maximum-likelihood tree:       ./results/gene17.phy.treefile
  Likelihood distances:          ./results/gene17.phy.mldist

Ultrafast bootstrap approximation results written to:
  Split support values:          ./results/gene17.phy.splits.nex
  Consensus tree:                ./results/gene17.phy.contree
  Screen log file:               ./results/gene17.phy.log

Date and Time: Tue Aug 22 17:11:22 2017
