IQ-TREE multicore version 1.5.4 for Linux 64-bit built Apr  2 2017
Copyright (c) 2011-2017 by Bui Quang Minh, Nguyen Lam Tung,
Olga Chernomor, Heiko Schmidt, and Arndt von Haeseler.

Host:    hpc-crick (AVX, 251 GB RAM)
Command: iqtree -s ./results/gene5.phy -nt 1 -bb 1000
Seed:    717079 (Using SPRNG - Scalable Parallel Random Number Generator)
Time:    Tue Aug 22 17:20:47 2017
Kernel:  AVX - 1 threads (40 CPU cores detected)

Reading alignment file ./results/gene5.phy ... Phylip format detected
Alignment most likely contains DNA/RNA sequences
Alignment has 10 sequences with 1000 columns and 452 patterns (317 informative sites, 406 constant sites)
   Gap/Ambiguity  Composition  p-value
   1  A    0.00%    passed     88.75%
   2  B    0.00%    passed     57.64%
   3  C    0.00%    passed     46.29%
   4  D    0.00%    passed     66.03%
   5  E    0.00%    passed     82.96%
   6  F    0.00%    passed     90.94%
   7  G    0.00%    passed     70.15%
   8  H    0.00%    passed     96.60%
   9  I    0.00%    passed     78.40%
  10  J    0.00%    passed     62.95%
****  TOTAL    0.00%  0 sequences failed composition chi2 test (p-value<5%; df=3)

Create initial parsimony tree by phylogenetic likelihood library (PLL)... 0.000 seconds

NOTE: ModelFinder requires 3 MB RAM!
ModelFinder will test 286 DNA models (sample size: 1000) ...
 No. Model         -LnL         df  AIC          AICc         BIC
  1  JC            7376.019     17  14786.037    14786.660    14869.469
  2  JC+I          7122.551     18  14281.102    14281.799    14369.441
  3  JC+G4         7049.030     18  14134.060    14134.757    14222.399
  4  JC+I+G4       7049.505     19  14137.011    14137.786    14230.258
  5  JC+R2         7054.798     19  14147.597    14148.372    14240.844
  6  JC+R3         7048.782     21  14139.564    14140.509    14242.627
  7  JC+R4         Skipped 
  8  JC+R5         Skipped 
  9  JC+R6         Skipped 
 10  JC+R7         Skipped 
 11  JC+R8         Skipped 
 12  JC+R9         Skipped 
 13  JC+R10        Skipped 
 14  F81           7267.578     20  14575.157    14576.015    14673.312
 15  F81+I         7012.567     21  14067.133    14068.078    14170.196
 16  F81+G4        6939.966     21  13921.931    13922.876    14024.994
 17  F81+I+G4      6940.316     22  13924.633    13925.669    14032.603
 18  F81+R2        6946.086     22  13936.173    13937.209    14044.143
 19  F81+R3        6939.925     24  13927.850    13929.081    14045.636
 20  F81+R4        Skipped 
 21  F81+R5        Skipped 
 22  F81+R6        Skipped 
 23  F81+R7        Skipped 
 24  F81+R8        Skipped 
 25  F81+R9        Skipped 
 26  F81+R10       Skipped 
 27  K2P           7252.679     18  14541.357    14542.055    14629.697
 28  K2P+I         6989.446     19  14016.892    14017.668    14110.140
 29  K2P+G4        6898.501     19  13835.003    13835.778    13928.250
 30  K2P+I+G4      6898.951     20  13837.902    13838.760    13936.057
 31  K2P+R2        6906.952     20  13853.903    13854.761    13952.058
 32  K2P+R3        6897.065     22  13838.131    13839.167    13946.101
 33  K2P+R4        6896.992     24  13841.983    13843.214    13959.770
 34  K2P+R5        Skipped 
 35  K2P+R6        Skipped 
 36  K2P+R7        Skipped 
 37  K2P+R8        Skipped 
 38  K2P+R9        Skipped 
 39  K2P+R10       Skipped 
 40  HKY           7140.200     21  14322.399    14323.344    14425.462
 41  HKY+I         6877.779     22  13799.557    13800.593    13907.528
 42  HKY+G4        6782.030     22  13608.061    13609.096    13716.031
 43  HKY+I+G4      6782.591     23  13611.181    13612.313    13724.060
 44  HKY+R2        6790.209     23  13626.418    13627.550    13739.297
 45  HKY+R3        6781.545     25  13613.091    13614.426    13735.785
 46  HKY+R4        6781.490     27  13616.979    13618.535    13749.489
 47  HKY+R5        Skipped 
 48  HKY+R6        Skipped 
 49  HKY+R7        Skipped 
 50  HKY+R8        Skipped 
 51  HKY+R9        Skipped 
 52  HKY+R10       Skipped 
 53  TNe           7252.456     19  14542.911    14543.687    14636.158
 54  TNe+I         6989.299     20  14018.598    14019.456    14116.753
 55  TNe+G4        6895.185     20  13830.371    13831.229    13928.526
 56  TNe+I+G4      6895.645     21  13833.291    13834.236    13936.354
 57  TNe+R2        6903.907     21  13849.814    13850.758    13952.876
 58  TNe+R3        6893.283     23  13832.567    13833.698    13945.445
 59  TNe+R4        6893.228     25  13836.457    13837.791    13959.151
 60  TNe+R5        Skipped 
 61  TNe+R6        Skipped 
 62  TNe+R7        Skipped 
 63  TNe+R8        Skipped 
 64  TNe+R9        Skipped 
 65  TNe+R10       Skipped 
 66  TN            7136.072     22  14316.144    14317.180    14424.114
 67  TN+I          6872.999     23  13791.998    13793.129    13904.877
 68  TN+G4         6781.010     23  13608.020    13609.152    13720.899
 69  TN+I+G4       6781.375     24  13610.750    13611.981    13728.537
 70  TN+R2         6789.078     24  13626.156    13627.387    13743.942
 71  TN+R3         6780.644     26  13613.289    13614.732    13740.891
 72  TN+R4         6780.571     28  13617.143    13618.815    13754.560
 73  TN+R5         Skipped 
 74  TN+R6         Skipped 
 75  TN+R7         Skipped 
 76  TN+R8         Skipped 
 77  TN+R9         Skipped 
 78  TN+R10        Skipped 
 79  K3P           7249.804     19  14537.608    14538.384    14630.856
 80  K3P+I         6984.863     20  14009.726    14010.584    14107.881
 81  K3P+G4        6891.332     20  13822.663    13823.521    13920.818
 82  K3P+I+G4      6891.726     21  13825.451    13826.396    13928.514
 83  K3P+R2        6899.671     21  13841.342    13842.287    13944.405
 84  K3P+R3        6890.007     23  13826.015    13827.146    13938.893
 85  K3P+R4        6889.988     25  13829.975    13831.310    13952.669
 86  K3P+R5        Skipped 
 87  K3P+R6        Skipped 
 88  K3P+R7        Skipped 
 89  K3P+R8        Skipped 
 90  K3P+R9        Skipped 
 91  K3P+R10       Skipped 
 92  K3Pu          7132.339     22  14308.679    14309.714    14416.649
 93  K3Pu+I        6869.794     23  13785.589    13786.720    13898.467
 94  K3Pu+G4       6768.481     23  13582.963    13584.094    13695.841
 95  K3Pu+I+G4     6769.014     24  13586.027    13587.258    13703.813
 96  K3Pu+R2       6776.408     24  13600.816    13602.046    13718.602
 97  K3Pu+R3       6767.878     26  13587.757    13589.200    13715.359
 98  K3Pu+R4       6767.878     28  13591.755    13593.428    13729.172
 99  K3Pu+R5       Skipped 
100  K3Pu+R6       Skipped 
101  K3Pu+R7       Skipped 
102  K3Pu+R8       Skipped 
103  K3Pu+R9       Skipped 
104  K3Pu+R10      Skipped 
105  TPM2          7139.686     22  14323.372    14324.408    14431.343
106  TPM2+I        6877.083     23  13800.166    13801.297    13913.044
107  TPM2+G4       6781.910     23  13609.820    13610.951    13722.698
108  TPM2+I+G4     6782.249     24  13612.499    13613.730    13730.285
109  TPM2+R2       6790.057     24  13628.114    13629.344    13745.900
110  TPM2+R3       6781.279     26  13614.559    13616.002    13742.160
111  TPM2+R4       6781.269     28  13618.539    13620.211    13755.956
112  TPM2+R5       Skipped 
113  TPM2+R6       Skipped 
114  TPM2+R7       Skipped 
115  TPM2+R8       Skipped 
116  TPM2+R9       Skipped 
117  TPM2+R10      Skipped 
118  TPM2u         7139.685     22  14323.371    14324.407    14431.341
119  TPM2u+I       6877.084     23  13800.168    13801.299    13913.046
120  TPM2u+G4      6781.911     23  13609.822    13610.953    13722.701
121  TPM2u+I+G4    6782.232     24  13612.464    13613.695    13730.250
122  TPM2u+R2      6790.054     24  13628.108    13629.338    13745.894
123  TPM2u+R3      6781.276     26  13614.551    13615.994    13742.153
124  TPM2u+R4      6781.262     28  13618.523    13620.196    13755.941
125  TPM2u+R5      Skipped 
126  TPM2u+R6      Skipped 
127  TPM2u+R7      Skipped 
128  TPM2u+R8      Skipped 
129  TPM2u+R9      Skipped 
130  TPM2u+R10     Skipped 
131  TPM3          7129.792     22  14303.584    14304.620    14411.555
132  TPM3+I        6872.103     23  13790.205    13791.336    13903.084
133  TPM3+G4       6772.489     23  13590.977    13592.108    13703.856
134  TPM3+I+G4     6772.926     24  13593.852    13595.083    13711.638
135  TPM3+R2       6779.656     24  13607.312    13608.542    13725.098
136  TPM3+R3       6771.894     26  13595.788    13597.231    13723.390
137  TPM3+R4       6771.843     28  13599.687    13601.359    13737.104
138  TPM3+R5       Skipped 
139  TPM3+R6       Skipped 
140  TPM3+R7       Skipped 
141  TPM3+R8       Skipped 
142  TPM3+R9       Skipped 
143  TPM3+R10      Skipped 
144  TPM3u         7129.877     22  14303.755    14304.791    14411.725
145  TPM3u+I       6872.105     23  13790.209    13791.340    13903.088
146  TPM3u+G4      6772.481     23  13590.963    13592.094    13703.841
147  TPM3u+I+G4    6772.901     24  13593.802    13595.033    13711.588
148  TPM3u+R2      6779.655     24  13607.311    13608.542    13725.097
149  TPM3u+R3      6771.886     26  13595.771    13597.214    13723.373
150  TPM3u+R4      6771.837     28  13599.674    13601.347    13737.091
151  TPM3u+R5      Skipped 
152  TPM3u+R6      Skipped 
153  TPM3u+R7      Skipped 
154  TPM3u+R8      Skipped 
155  TPM3u+R9      Skipped 
156  TPM3u+R10     Skipped 
157  TIMe          7249.602     20  14539.204    14540.062    14637.359
158  TIMe+I        6984.743     21  14011.487    14012.431    14114.549
159  TIMe+G4       6888.007     21  13818.014    13818.959    13921.077
160  TIMe+I+G4     6888.315     22  13820.630    13821.666    13928.601
161  TIMe+R2       6896.601     22  13837.201    13838.237    13945.172
162  TIMe+R3       6886.185     24  13820.371    13821.601    13938.157
163  TIMe+R4       6886.183     26  13824.366    13825.809    13951.968
164  TIMe+R5       Skipped 
165  TIMe+R6       Skipped 
166  TIMe+R7       Skipped 
167  TIMe+R8       Skipped 
168  TIMe+R9       Skipped 
169  TIMe+R10      Skipped 
170  TIM           7127.890     23  14301.779    14302.910    14414.657
171  TIM+I         6864.817     24  13777.633    13778.864    13895.419
172  TIM+G4        6767.788     24  13583.577    13584.807    13701.363
173  TIM+I+G4      6768.019     25  13586.037    13587.372    13708.731
174  TIM+R2        6775.293     25  13600.586    13601.921    13723.280
175  TIM+R3        6767.400     27  13588.800    13590.355    13721.309
176  TIM+R4        6767.207     29  13592.415    13594.209    13734.740
177  TIM+R5        Skipped 
178  TIM+R6        Skipped 
179  TIM+R7        Skipped 
180  TIM+R8        Skipped 
181  TIM+R9        Skipped 
182  TIM+R10       Skipped 
183  TIM2e         7241.784     20  14523.567    14524.426    14621.723
184  TIM2e+I       6977.205     21  13996.410    13997.355    14099.473
185  TIM2e+G4      6874.760     21  13791.520    13792.465    13894.583
186  TIM2e+I+G4    6874.940     22  13793.881    13794.917    13901.851
187  TIM2e+R2      6885.748     22  13815.497    13816.533    13923.468
188  TIM2e+R3      6871.505     24  13791.010    13792.240    13908.796
189  TIM2e+R4      6871.461     26  13794.922    13796.365    13922.524
190  TIM2e+R5      Skipped 
191  TIM2e+R6      Skipped 
192  TIM2e+R7      Skipped 
193  TIM2e+R8      Skipped 
194  TIM2e+R9      Skipped 
195  TIM2e+R10     Skipped 
196  TIM2          7135.478     23  14316.956    14318.087    14429.835
197  TIM2+I        6872.340     24  13792.679    13793.910    13910.465
198  TIM2+G4       6780.756     24  13609.512    13610.742    13727.298
199  TIM2+I+G4     6780.941     25  13611.881    13613.216    13734.575
200  TIM2+R2       6788.853     25  13627.706    13629.040    13750.400
201  TIM2+R3       6780.378     27  13614.756    13616.312    13747.266
202  TIM2+R4       6780.415     29  13618.830    13620.624    13761.155
203  TIM2+R5       Skipped 
204  TIM2+R6       Skipped 
205  TIM2+R7       Skipped 
206  TIM2+R8       Skipped 
207  TIM2+R9       Skipped 
208  TIM2+R10      Skipped 
209  TIM3e         7250.621     20  14541.242    14542.100    14639.397
210  TIM3e+I       6988.297     21  14018.594    14019.538    14121.657
211  TIM3e+G4      6893.245     21  13828.491    13829.435    13931.553
212  TIM3e+I+G4    6893.500     22  13830.999    13832.035    13938.970
213  TIM3e+R2      6901.583     22  13847.165    13848.201    13955.136
214  TIM3e+R3      6891.350     24  13830.700    13831.931    13948.487
215  TIM3e+R4      6891.318     26  13834.636    13836.079    13962.238
216  TIM3e+R5      Skipped 
217  TIM3e+R6      Skipped 
218  TIM3e+R7      Skipped 
219  TIM3e+R8      Skipped 
220  TIM3e+R9      Skipped 
221  TIM3e+R10     Skipped 
222  TIM3          7124.528     23  14295.057    14296.188    14407.935
223  TIM3+I        6867.315     24  13782.631    13783.861    13900.417
224  TIM3+G4       6771.031     24  13590.063    13591.293    13707.849
225  TIM3+I+G4     6771.174     25  13592.348    13593.683    13715.042
226  TIM3+R2       6777.944     25  13605.887    13607.222    13728.581
227  TIM3+R3       6770.492     27  13594.984    13596.539    13727.493
228  TIM3+R4       6770.483     29  13598.967    13600.760    13741.291
229  TIM3+R5       Skipped 
230  TIM3+R6       Skipped 
231  TIM3+R7       Skipped 
232  TIM3+R8       Skipped 
233  TIM3+R9       Skipped 
234  TIM3+R10      Skipped 
235  TVMe          7237.714     21  14517.428    14518.372    14620.490
236  TVMe+I        6971.727     22  13987.454    13988.489    14095.424
237  TVMe+G4       6870.227     22  13784.454    13785.490    13892.425
238  TVMe+I+G4     6870.279     23  13786.558    13787.689    13899.436
239  TVMe+R2       6880.494     23  13806.987    13808.119    13919.866
240  TVMe+R3       6867.653     25  13785.306    13786.640    13908.000
241  TVMe+R4       6867.629     27  13789.259    13790.814    13921.768
242  TVMe+R5       Skipped 
243  TVMe+R6       Skipped 
244  TVMe+R7       Skipped 
245  TVMe+R8       Skipped 
246  TVMe+R9       Skipped 
247  TVMe+R10      Skipped 
248  TVM           7125.678     24  14299.356    14300.587    14417.142
249  TVM+I         6866.439     25  13782.878    13784.213    13905.572
250  TVM+G4        6764.521     25  13579.043    13580.377    13701.736
251  TVM+I+G4      6764.944     26  13581.888    13583.331    13709.489
252  TVM+R2        6771.992     26  13595.984    13597.427    13723.586
253  TVM+R3        6763.783     28  13583.566    13585.238    13720.983
254  TVM+R4        6763.749     30  13587.498    13589.418    13734.731
255  TVM+R5        Skipped 
256  TVM+R6        Skipped 
257  TVM+R7        Skipped 
258  TVM+R8        Skipped 
259  TVM+R9        Skipped 
260  TVM+R10       Skipped 
261  SYM           7237.514     22  14519.027    14520.063    14626.998
262  SYM+I         6971.619     23  13989.238    13990.369    14102.116
263  SYM+G4        6865.336     23  13776.671    13777.803    13889.550
264  SYM+I+G4      6865.556     24  13779.113    13780.343    13896.899
265  SYM+R2        6876.152     24  13800.303    13801.534    13918.090
266  SYM+R3        6862.307     26  13776.613    13778.056    13904.215
267  SYM+R4        6862.274     28  13780.549    13782.221    13917.966
268  SYM+R5        Skipped 
269  SYM+R6        Skipped 
270  SYM+R7        Skipped 
271  SYM+R8        Skipped 
272  SYM+R9        Skipped 
273  SYM+R10       Skipped 
274  GTR           7120.217     25  14290.433    14291.768    14413.127
275  GTR+I         6861.435     26  13774.870    13776.313    13902.472
276  GTR+G4        6763.127     26  13578.255    13579.698    13705.856
277  GTR+I+G4      6763.443     27  13580.886    13582.442    13713.396
278  GTR+R2        6770.319     27  13594.638    13596.193    13727.147
279  GTR+R3        6762.484     29  13582.968    13584.762    13725.293
280  GTR+R4        6762.482     31  13586.964    13589.014    13739.105
281  GTR+R5        Skipped 
282  GTR+R6        Skipped 
283  GTR+R7        Skipped 
284  GTR+R8        Skipped 
285  GTR+R9        Skipped 
286  GTR+R10       Skipped 
Akaike Information Criterion:           GTR+G4
Corrected Akaike Information Criterion: GTR+G4
Bayesian Information Criterion:         K3Pu+G4
Best-fit model: K3Pu+G4 chosen according to BIC

All model information printed to ./results/gene5.phy.model
CPU time for ModelFinder: 7.637 seconds (0h:0m:7s)
Wall-clock time for ModelFinder: 7.773 seconds (0h:0m:7s)
Generating 1000 samples for ultrafast bootstrap (seed: 717079)...

NOTE: 2 MB RAM (0 GB) is required!
Estimate model parameters (epsilon = 0.100)
1. Initial log-likelihood: -6999.212
2. Current log-likelihood: -6871.749
3. Current log-likelihood: -6816.889
4. Current log-likelihood: -6771.000
5. Current log-likelihood: -6770.684
Optimal log-likelihood: -6770.677
Rate parameters:  A-C: 1.000  A-G: 2.508  A-T: 0.396  C-G: 0.396  C-T: 2.508  G-T: 1.000
Base frequencies:   A: 0.400  C: 0.165  G: 0.200  T: 0.234
Gamma shape alpha: 0.466
Parameters optimization took 5 rounds (0.066 sec)
Computing ML distances based on estimated model parameters... 0.001 sec
Computing BIONJ tree...
0.000 seconds
Log-likelihood of BIONJ tree: -6771.669
--------------------------------------------------------------------
|             INITIALIZING CANDIDATE TREE SET                      |
--------------------------------------------------------------------
Generating 98 parsimony trees... 0.066 second
Computing log-likelihood of 90 initial trees ... 0.304 seconds
Current best score: -6770.677

Do NNI search on 20 best initial trees
Estimate model parameters (epsilon = 0.100)
BETTER TREE FOUND at iteration 1: -6770.675
Estimate model parameters (epsilon = 0.100)
BETTER TREE FOUND at iteration 2: -6768.466
BETTER TREE FOUND at iteration 6: -6768.466
Estimate model parameters (epsilon = 0.100)
BETTER TREE FOUND at iteration 7: -6768.122
Iteration 10 / LogL: -6768.470 / Time: 0h:0m:8s
Iteration 20 / LogL: -6768.470 / Time: 0h:0m:9s
Finish initializing candidate tree set (8)
Current best tree score: -6768.122 / CPU time: 1.251
Number of iterations: 20
--------------------------------------------------------------------
|               OPTIMIZING CANDIDATE TREE SET                      |
--------------------------------------------------------------------
UPDATE BEST LOG-LIKELIHOOD: -6768.121
UPDATE BEST LOG-LIKELIHOOD: -6768.121
Iteration 30 / LogL: -6769.975 / Time: 0h:0m:9s (0h:0m:4s left)
Iteration 40 / LogL: -6768.470 / Time: 0h:0m:10s (0h:0m:4s left)
Iteration 50 / LogL: -6769.975 / Time: 0h:0m:11s (0h:0m:4s left)
Log-likelihood cutoff on original alignment: -6779.251
UPDATE BEST LOG-LIKELIHOOD: -6768.121
Iteration 60 / LogL: -6769.975 / Time: 0h:0m:11s (0h:0m:3s left)
Iteration 70 / LogL: -6768.470 / Time: 0h:0m:12s (0h:0m:2s left)
UPDATE BEST LOG-LIKELIHOOD: -6768.121
Iteration 80 / LogL: -6769.975 / Time: 0h:0m:12s (0h:0m:1s left)
Iteration 90 / LogL: -6768.470 / Time: 0h:0m:13s (0h:0m:1s left)
Iteration 100 / LogL: -6768.470 / Time: 0h:0m:13s (0h:0m:0s left)
Log-likelihood cutoff on original alignment: -6781.469
NOTE: Bootstrap correlation coefficient of split occurrence frequencies: 0.986
NOTE: UFBoot does not converge, continue at least 100 more iterations
Iteration 110 / LogL: -6769.975 / Time: 0h:0m:14s (0h:0m:5s left)
Iteration 120 / LogL: -6768.125 / Time: 0h:0m:14s (0h:0m:4s left)
UPDATE BEST LOG-LIKELIHOOD: -6768.121
Iteration 130 / LogL: -6768.122 / Time: 0h:0m:15s (0h:0m:3s left)
Iteration 140 / LogL: -6768.609 / Time: 0h:0m:15s (0h:0m:3s left)
UPDATE BEST LOG-LIKELIHOOD: -6768.121
Iteration 150 / LogL: -6768.609 / Time: 0h:0m:16s (0h:0m:2s left)
Log-likelihood cutoff on original alignment: -6781.139
Iteration 160 / LogL: -6768.609 / Time: 0h:0m:17s (0h:0m:2s left)
Iteration 170 / LogL: -6768.609 / Time: 0h:0m:17s (0h:0m:1s left)
UPDATE BEST LOG-LIKELIHOOD: -6768.121
Iteration 180 / LogL: -6768.123 / Time: 0h:0m:17s (0h:0m:1s left)
Iteration 190 / LogL: -6768.121 / Time: 0h:0m:18s (0h:0m:0s left)
Iteration 200 / LogL: -6768.470 / Time: 0h:0m:18s (0h:0m:0s left)
Log-likelihood cutoff on original alignment: -6781.139
NOTE: Bootstrap correlation coefficient of split occurrence frequencies: 0.968
NOTE: UFBoot does not converge, continue at least 100 more iterations
UPDATE BEST LOG-LIKELIHOOD: -6768.121
Iteration 210 / LogL: -6768.470 / Time: 0h:0m:19s (0h:0m:4s left)
Iteration 220 / LogL: -6768.125 / Time: 0h:0m:19s (0h:0m:4s left)
Iteration 230 / LogL: -6768.470 / Time: 0h:0m:20s (0h:0m:3s left)
Iteration 240 / LogL: -6770.496 / Time: 0h:0m:20s (0h:0m:3s left)
UPDATE BEST LOG-LIKELIHOOD: -6768.121
Iteration 250 / LogL: -6768.122 / Time: 0h:0m:21s (0h:0m:2s left)
Log-likelihood cutoff on original alignment: -6781.139
Iteration 260 / LogL: -6768.609 / Time: 0h:0m:22s (0h:0m:2s left)
Iteration 270 / LogL: -6768.470 / Time: 0h:0m:22s (0h:0m:1s left)
Iteration 280 / LogL: -6768.609 / Time: 0h:0m:23s (0h:0m:1s left)
Iteration 290 / LogL: -6768.122 / Time: 0h:0m:24s (0h:0m:0s left)
Iteration 300 / LogL: -6768.121 / Time: 0h:0m:25s (0h:0m:0s left)
Log-likelihood cutoff on original alignment: -6781.139
NOTE: Bootstrap correlation coefficient of split occurrence frequencies: 0.997
TREE SEARCH COMPLETED AFTER 300 ITERATIONS / Time: 0h:0m:25s

--------------------------------------------------------------------
|                    FINALIZING TREE SEARCH                        |
--------------------------------------------------------------------
Performs final model parameters optimization
Estimate model parameters (epsilon = 0.010)
1. Initial log-likelihood: -6768.121
Optimal log-likelihood: -6768.120
Rate parameters:  A-C: 1.000  A-G: 2.528  A-T: 0.385  C-G: 0.385  C-T: 2.528  G-T: 1.000
Base frequencies:   A: 0.400  C: 0.165  G: 0.200  T: 0.234
Gamma shape alpha: 0.467
Parameters optimization took 1 rounds (0.007 sec)
BEST SCORE FOUND : -6768.120
Creating bootstrap support values...
Split supports printed to NEXUS file ./results/gene5.phy.splits.nex
Total tree length: 2.705

Total number of iterations: 300
CPU time used for tree search: 13.598 sec (0h:0m:13s)
Wall-clock time used for tree search: 17.326 sec (0h:0m:17s)
Total CPU time used: 21.366 sec (0h:0m:21s)
Total wall-clock time used: 25.230 sec (0h:0m:25s)

Computing bootstrap consensus tree...
Reading input file ./results/gene5.phy.splits.nex...
10 taxa and 147 splits.
Consensus tree written to ./results/gene5.phy.contree
Reading input trees file ./results/gene5.phy.contree
Log-likelihood of consensus tree: -6768.925

Analysis results written to: 
  IQ-TREE report:                ./results/gene5.phy.iqtree
  Maximum-likelihood tree:       ./results/gene5.phy.treefile
  Likelihood distances:          ./results/gene5.phy.mldist

Ultrafast bootstrap approximation results written to:
  Split support values:          ./results/gene5.phy.splits.nex
  Consensus tree:                ./results/gene5.phy.contree
  Screen log file:               ./results/gene5.phy.log

Date and Time: Tue Aug 22 17:21:13 2017
