IQ-TREE multicore version 1.5.4 for Linux 64-bit built Apr  2 2017
Copyright (c) 2011-2017 by Bui Quang Minh, Nguyen Lam Tung,
Olga Chernomor, Heiko Schmidt, and Arndt von Haeseler.

Host:    hpc-crick (AVX, 251 GB RAM)
Command: iqtree -s ./results/gene12.phy -nt 1 -bb 1000
Seed:    451427 (Using SPRNG - Scalable Parallel Random Number Generator)
Time:    Tue Aug 22 18:25:49 2017
Kernel:  AVX - 1 threads (40 CPU cores detected)

Reading alignment file ./results/gene12.phy ... Phylip format detected
Alignment most likely contains DNA/RNA sequences
Alignment has 10 sequences with 1000 columns and 451 patterns (319 informative sites, 405 constant sites)
   Gap/Ambiguity  Composition  p-value
   1  A    0.00%    passed     57.80%
   2  B    0.00%    passed     94.59%
   3  C    0.00%    passed     38.67%
   4  D    0.00%    passed     80.05%
   5  E    0.00%    passed     80.86%
   6  F    0.00%    passed     43.25%
   7  G    0.00%    passed     74.79%
   8  H    0.00%    passed     65.82%
   9  I    0.00%    passed     86.54%
  10  J    0.00%    passed     83.97%
****  TOTAL    0.00%  0 sequences failed composition chi2 test (p-value<5%; df=3)

Create initial parsimony tree by phylogenetic likelihood library (PLL)... 0.000 seconds

NOTE: ModelFinder requires 3 MB RAM!
ModelFinder will test 286 DNA models (sample size: 1000) ...
 No. Model         -LnL         df  AIC          AICc         BIC
  1  JC            7316.956     17  14667.912    14668.536    14751.344
  2  JC+I          7080.944     18  14197.887    14198.585    14286.227
  3  JC+G4         7002.355     18  14040.709    14041.406    14129.049
  4  JC+I+G4       7002.925     19  14043.849    14044.625    14137.096
  5  JC+R2         7005.052     19  14048.104    14048.879    14141.351
  6  JC+R3         7001.114     21  14044.228    14045.173    14147.291
  7  JC+R4         Skipped 
  8  JC+R5         Skipped 
  9  JC+R6         Skipped 
 10  JC+R7         Skipped 
 11  JC+R8         Skipped 
 12  JC+R9         Skipped 
 13  JC+R10        Skipped 
 14  F81           7188.323     20  14416.646    14417.504    14514.801
 15  F81+I         6947.838     21  13937.676    13938.621    14040.739
 16  F81+G4        6867.569     21  13777.138    13778.083    13880.201
 17  F81+I+G4      6868.098     22  13780.195    13781.231    13888.166
 18  F81+R2        6872.320     22  13788.639    13789.675    13896.610
 19  F81+R3        6867.019     24  13782.037    13783.268    13899.823
 20  F81+R4        Skipped 
 21  F81+R5        Skipped 
 22  F81+R6        Skipped 
 23  F81+R7        Skipped 
 24  F81+R8        Skipped 
 25  F81+R9        Skipped 
 26  F81+R10       Skipped 
 27  K2P           7170.181     18  14376.361    14377.058    14464.701
 28  K2P+I         6920.496     19  13878.993    13879.768    13972.240
 29  K2P+G4        6826.146     19  13690.292    13691.068    13783.540
 30  K2P+I+G4      6826.669     20  13693.339    13694.197    13791.494
 31  K2P+R2        6830.648     20  13701.296    13702.154    13799.451
 32  K2P+R3        6824.027     22  13692.053    13693.089    13800.024
 33  K2P+R4        Skipped 
 34  K2P+R5        Skipped 
 35  K2P+R6        Skipped 
 36  K2P+R7        Skipped 
 37  K2P+R8        Skipped 
 38  K2P+R9        Skipped 
 39  K2P+R10       Skipped 
 40  HKY           7037.015     21  14116.031    14116.976    14219.094
 41  HKY+I         6792.652     22  13629.303    13630.339    13737.274
 42  HKY+G4        6685.491     22  13414.982    13416.018    13522.953
 43  HKY+I+G4      6686.047     23  13418.094    13419.225    13530.973
 44  HKY+R2        6691.199     23  13428.397    13429.529    13541.276
 45  HKY+R3        6683.993     25  13417.986    13419.321    13540.680
 46  HKY+R4        6683.999     27  13421.998    13423.553    13554.507
 47  HKY+R5        Skipped 
 48  HKY+R6        Skipped 
 49  HKY+R7        Skipped 
 50  HKY+R8        Skipped 
 51  HKY+R9        Skipped 
 52  HKY+R10       Skipped 
 53  TNe           7169.521     19  14377.042    14377.818    14470.290
 54  TNe+I         6920.495     20  13880.990    13881.848    13979.145
 55  TNe+G4        6824.818     20  13689.636    13690.494    13787.791
 56  TNe+I+G4      6825.071     21  13692.141    13693.086    13795.204
 57  TNe+R2        6829.442     21  13700.883    13701.828    13803.946
 58  TNe+R3        6821.651     23  13689.301    13690.432    13802.179
 59  TNe+R4        6821.643     25  13693.286    13694.621    13815.980
 60  TNe+R5        Skipped 
 61  TNe+R6        Skipped 
 62  TNe+R7        Skipped 
 63  TNe+R8        Skipped 
 64  TNe+R9        Skipped 
 65  TNe+R10       Skipped 
 66  TN            7034.421     22  14112.843    14113.878    14220.813
 67  TN+I          6783.683     23  13613.367    13614.498    13726.245
 68  TN+G4         6683.266     23  13412.532    13413.663    13525.410
 69  TN+I+G4       6683.630     24  13415.260    13416.490    13533.046
 70  TN+R2         6689.258     24  13426.516    13427.747    13544.303
 71  TN+R3         6682.503     26  13417.005    13418.448    13544.607
 72  TN+R4         Skipped 
 73  TN+R5         Skipped 
 74  TN+R6         Skipped 
 75  TN+R7         Skipped 
 76  TN+R8         Skipped 
 77  TN+R9         Skipped 
 78  TN+R10        Skipped 
 79  K3P           7161.935     19  14361.870    14362.646    14455.118
 80  K3P+I         6912.179     20  13864.357    13865.215    13962.512
 81  K3P+G4        6814.735     20  13669.470    13670.328    13767.626
 82  K3P+I+G4      6814.978     21  13671.957    13672.901    13775.019
 83  K3P+R2        6819.799     21  13681.597    13682.542    13784.660
 84  K3P+R3        6812.316     23  13670.632    13671.763    13783.510
 85  K3P+R4        6812.283     25  13674.565    13675.900    13797.259
 86  K3P+R5        Skipped 
 87  K3P+R6        Skipped 
 88  K3P+R7        Skipped 
 89  K3P+R8        Skipped 
 90  K3P+R9        Skipped 
 91  K3P+R10       Skipped 
 92  K3Pu          7017.034     22  14078.068    14079.104    14186.039
 93  K3Pu+I        6772.882     23  13591.763    13592.894    13704.642
 94  K3Pu+G4       6660.487     23  13366.974    13368.105    13479.852
 95  K3Pu+I+G4     6660.971     24  13369.942    13371.173    13487.728
 96  K3Pu+R2       6667.415     24  13382.830    13384.061    13500.616
 97  K3Pu+R3       6659.178     26  13370.355    13371.798    13497.957
 98  K3Pu+R4       6659.140     28  13374.279    13375.952    13511.697
 99  K3Pu+R5       Skipped 
100  K3Pu+R6       Skipped 
101  K3Pu+R7       Skipped 
102  K3Pu+R8       Skipped 
103  K3Pu+R9       Skipped 
104  K3Pu+R10      Skipped 
105  TPM2          7032.688     22  14109.375    14110.411    14217.346
106  TPM2+I        6784.135     23  13614.269    13615.401    13727.148
107  TPM2+G4       6682.072     23  13410.145    13411.276    13523.023
108  TPM2+I+G4     6682.369     24  13412.738    13413.969    13530.524
109  TPM2+R2       6686.960     24  13421.919    13423.150    13539.706
110  TPM2+R3       6680.235     26  13412.469    13413.912    13540.071
111  TPM2+R4       Skipped 
112  TPM2+R5       Skipped 
113  TPM2+R6       Skipped 
114  TPM2+R7       Skipped 
115  TPM2+R8       Skipped 
116  TPM2+R9       Skipped 
117  TPM2+R10      Skipped 
118  TPM2u         7032.710     22  14109.420    14110.456    14217.391
119  TPM2u+I       6784.130     23  13614.260    13615.391    13727.138
120  TPM2u+G4      6682.073     23  13410.145    13411.276    13523.024
121  TPM2u+I+G4    6682.350     24  13412.699    13413.930    13530.486
122  TPM2u+R2      6686.961     24  13421.921    13423.152    13539.708
123  TPM2u+R3      6680.226     26  13412.452    13413.895    13540.054
124  TPM2u+R4      Skipped 
125  TPM2u+R5      Skipped 
126  TPM2u+R6      Skipped 
127  TPM2u+R7      Skipped 
128  TPM2u+R8      Skipped 
129  TPM2u+R9      Skipped 
130  TPM2u+R10     Skipped 
131  TPM3          7014.598     22  14073.196    14074.232    14181.167
132  TPM3+I        6768.412     23  13582.824    13583.955    13695.702
133  TPM3+G4       6667.562     23  13381.124    13382.255    13494.002
134  TPM3+I+G4     6667.937     24  13383.875    13385.106    13501.661
135  TPM3+R2       6673.658     24  13395.316    13396.547    13513.102
136  TPM3+R3       6666.883     26  13385.766    13387.209    13513.368
137  TPM3+R4       Skipped 
138  TPM3+R5       Skipped 
139  TPM3+R6       Skipped 
140  TPM3+R7       Skipped 
141  TPM3+R8       Skipped 
142  TPM3+R9       Skipped 
143  TPM3+R10      Skipped 
144  TPM3u         7014.608     22  14073.215    14074.251    14181.186
145  TPM3u+I       6768.410     23  13582.820    13583.951    13695.698
146  TPM3u+G4      6667.528     23  13381.056    13382.187    13493.934
147  TPM3u+I+G4    6667.879     24  13383.757    13384.988    13501.544
148  TPM3u+R2      6673.629     24  13395.257    13396.488    13513.043
149  TPM3u+R3      6666.858     26  13385.716    13387.159    13513.318
150  TPM3u+R4      Skipped 
151  TPM3u+R5      Skipped 
152  TPM3u+R6      Skipped 
153  TPM3u+R7      Skipped 
154  TPM3u+R8      Skipped 
155  TPM3u+R9      Skipped 
156  TPM3u+R10     Skipped 
157  TIMe          7161.285     20  14362.570    14363.428    14460.725
158  TIMe+I        6912.181     21  13866.362    13867.307    13969.425
159  TIMe+G4       6813.170     21  13668.340    13669.285    13771.403
160  TIMe+I+G4     6813.329     22  13670.658    13671.694    13778.629
161  TIMe+R2       6818.371     22  13680.743    13681.779    13788.713
162  TIMe+R3       6809.550     24  13667.099    13668.330    13784.885
163  TIMe+R4       6809.535     26  13671.070    13672.513    13798.671
164  TIMe+R5       Skipped 
165  TIMe+R6       Skipped 
166  TIMe+R7       Skipped 
167  TIMe+R8       Skipped 
168  TIMe+R9       Skipped 
169  TIMe+R10      Skipped 
170  TIM           7014.112     23  14074.224    14075.356    14187.103
171  TIM+I         6763.820     24  13575.639    13576.870    13693.426
172  TIM+G4        6659.159     24  13366.318    13367.549    13484.104
173  TIM+I+G4      6659.544     25  13369.088    13370.422    13491.782
174  TIM+R2        6666.370     25  13382.740    13384.074    13505.433
175  TIM+R3        6658.208     27  13370.416    13371.971    13502.925
176  TIM+R4        6658.188     29  13374.376    13376.170    13516.701
177  TIM+R5        Skipped 
178  TIM+R6        Skipped 
179  TIM+R7        Skipped 
180  TIM+R8        Skipped 
181  TIM+R9        Skipped 
182  TIM+R10       Skipped 
183  TIM2e         7148.124     20  14336.249    14337.107    14434.404
184  TIM2e+I       6891.752     21  13825.504    13826.449    13928.567
185  TIM2e+G4      6786.297     21  13614.594    13615.539    13717.657
186  TIM2e+I+G4    6786.304     22  13616.607    13617.643    13724.578
187  TIM2e+R2      6793.665     22  13631.331    13632.367    13739.301
188  TIM2e+R3      6780.864     24  13609.729    13610.960    13727.515
189  TIM2e+R4      6780.792     26  13613.585    13615.028    13741.186
190  TIM2e+R5      Skipped 
191  TIM2e+R6      Skipped 
192  TIM2e+R7      Skipped 
193  TIM2e+R8      Skipped 
194  TIM2e+R9      Skipped 
195  TIM2e+R10     Skipped 
196  TIM2          7029.956     23  14105.913    14107.044    14218.791
197  TIM2+I        6775.641     24  13599.282    13600.512    13717.068
198  TIM2+G4       6679.011     24  13406.023    13407.253    13523.809
199  TIM2+I+G4     6679.236     25  13408.471    13409.806    13531.165
200  TIM2+R2       6684.548     25  13419.097    13420.432    13541.791
201  TIM2+R3       6678.023     27  13410.046    13411.601    13542.555
202  TIM2+R4       Skipped 
203  TIM2+R5       Skipped 
204  TIM2+R6       Skipped 
205  TIM2+R7       Skipped 
206  TIM2+R8       Skipped 
207  TIM2+R9       Skipped 
208  TIM2+R10      Skipped 
209  TIM3e         7163.472     20  14366.945    14367.803    14465.100
210  TIM3e+I       6914.266     21  13870.531    13871.476    13973.594
211  TIM3e+G4      6819.909     21  13681.818    13682.763    13784.881
212  TIM3e+I+G4    6820.063     22  13684.125    13685.161    13792.096
213  TIM3e+R2      6824.282     22  13692.563    13693.599    13800.534
214  TIM3e+R3      6817.180     24  13682.361    13683.591    13800.147
215  TIM3e+R4      6817.124     26  13686.247    13687.690    13813.849
216  TIM3e+R5      Skipped 
217  TIM3e+R6      Skipped 
218  TIM3e+R7      Skipped 
219  TIM3e+R8      Skipped 
220  TIM3e+R9      Skipped 
221  TIM3e+R10     Skipped 
222  TIM3          7010.668     23  14067.336    14068.467    14180.215
223  TIM3+I        6758.697     24  13565.395    13566.626    13683.181
224  TIM3+G4       6664.861     24  13377.723    13378.954    13495.509
225  TIM3+I+G4     6664.990     25  13379.980    13381.314    13502.674
226  TIM3+R2       6671.453     25  13392.905    13394.240    13515.599
227  TIM3+R3       6664.513     27  13383.026    13384.581    13515.535
228  TIM3+R4       6664.468     29  13386.936    13388.730    13529.261
229  TIM3+R5       Skipped 
230  TIM3+R6       Skipped 
231  TIM3+R7       Skipped 
232  TIM3+R8       Skipped 
233  TIM3+R9       Skipped 
234  TIM3+R10      Skipped 
235  TVMe          7136.550     21  14315.099    14316.044    14418.162
236  TVMe+I        6879.432     22  13802.864    13803.900    13910.835
237  TVMe+G4       6773.029     22  13590.059    13591.095    13698.029
238  TVMe+I+G4     6773.031     23  13592.062    13593.193    13704.940
239  TVMe+R2       6781.027     23  13608.055    13609.186    13720.933
240  TVMe+R3       6768.241     25  13586.481    13587.816    13709.175
241  TVMe+R4       6768.271     27  13590.542    13592.098    13723.052
242  TVMe+R5       Skipped 
243  TVMe+R6       Skipped 
244  TVMe+R7       Skipped 
245  TVMe+R8       Skipped 
246  TVMe+R9       Skipped 
247  TVMe+R10      Skipped 
248  TVM           7000.594     24  14049.188    14050.419    14166.974
249  TVM+I         6750.219     25  13550.438    13551.773    13673.132
250  TVM+G4        6648.179     25  13346.359    13347.693    13469.052
251  TVM+I+G4      6648.408     26  13348.816    13350.259    13476.418
252  TVM+R2        6655.169     26  13362.338    13363.781    13489.940
253  TVM+R3        6647.242     28  13350.483    13352.156    13487.900
254  TVM+R4        6647.209     30  13354.418    13356.337    13501.650
255  TVM+R5        Skipped 
256  TVM+R6        Skipped 
257  TVM+R7        Skipped 
258  TVM+R8        Skipped 
259  TVM+R9        Skipped 
260  TVM+R10       Skipped 
261  SYM           7135.963     22  14315.925    14316.961    14423.896
262  SYM+I         6879.308     23  13804.616    13805.747    13917.495
263  SYM+G4        6770.034     23  13586.067    13587.198    13698.945
264  SYM+I+G4      6770.032     24  13588.065    13589.296    13705.851
265  SYM+R2        6779.050     24  13606.101    13607.331    13723.887
266  SYM+R3        6763.894     26  13579.789    13581.232    13707.391
267  SYM+R4        6763.883     28  13583.766    13585.438    13721.183
268  SYM+R5        Skipped 
269  SYM+R6        Skipped 
270  SYM+R7        Skipped 
271  SYM+R8        Skipped 
272  SYM+R9        Skipped 
273  SYM+R10       Skipped 
274  GTR           6996.591     25  14043.181    14044.516    14165.875
275  GTR+I         6741.181     26  13534.361    13535.804    13661.963
276  GTR+G4        6645.307     26  13342.613    13344.056    13470.215
277  GTR+I+G4      6645.526     27  13345.052    13346.607    13477.561
278  GTR+R2        6653.128     27  13360.256    13361.812    13492.766
279  GTR+R3        6644.833     29  13347.665    13349.459    13489.990
280  GTR+R4        6644.751     31  13351.501    13353.551    13503.642
281  GTR+R5        Skipped 
282  GTR+R6        Skipped 
283  GTR+R7        Skipped 
284  GTR+R8        Skipped 
285  GTR+R9        Skipped 
286  GTR+R10       Skipped 
Akaike Information Criterion:           GTR+G4
Corrected Akaike Information Criterion: GTR+G4
Bayesian Information Criterion:         TVM+G4
Best-fit model: TVM+G4 chosen according to BIC

All model information printed to ./results/gene12.phy.model
CPU time for ModelFinder: 14.477 seconds (0h:0m:14s)
Wall-clock time for ModelFinder: 16.337 seconds (0h:0m:16s)
Generating 1000 samples for ultrafast bootstrap (seed: 451427)...

NOTE: 2 MB RAM (0 GB) is required!
Estimate model parameters (epsilon = 0.100)
1. Initial log-likelihood: -6923.715
2. Current log-likelihood: -6676.187
3. Current log-likelihood: -6652.151
4. Current log-likelihood: -6650.931
5. Current log-likelihood: -6650.793
Optimal log-likelihood: -6650.753
Rate parameters:  A-C: 2.755  A-G: 4.598  A-T: 0.616  C-G: 0.469  C-T: 4.598  G-T: 1.000
Base frequencies:   A: 0.406  C: 0.152  G: 0.202  T: 0.239
Gamma shape alpha: 0.494
Parameters optimization took 5 rounds (0.114 sec)
Computing ML distances based on estimated model parameters... 0.002 sec
Computing BIONJ tree...
0.000 seconds
Log-likelihood of BIONJ tree: -6648.484
--------------------------------------------------------------------
|             INITIALIZING CANDIDATE TREE SET                      |
--------------------------------------------------------------------
Generating 98 parsimony trees... 0.072 second
Computing log-likelihood of 97 initial trees ... 0.383 seconds
Current best score: -6648.484

Do NNI search on 20 best initial trees
Estimate model parameters (epsilon = 0.100)
BETTER TREE FOUND at iteration 1: -6646.470
Estimate model parameters (epsilon = 0.100)
BETTER TREE FOUND at iteration 6: -6645.862
Iteration 10 / LogL: -6647.766 / Time: 0h:0m:17s
Iteration 20 / LogL: -6646.496 / Time: 0h:0m:17s
Finish initializing candidate tree set (10)
Current best tree score: -6645.862 / CPU time: 1.465
Number of iterations: 20
--------------------------------------------------------------------
|               OPTIMIZING CANDIDATE TREE SET                      |
--------------------------------------------------------------------
Iteration 30 / LogL: -6645.863 / Time: 0h:0m:18s (0h:0m:5s left)
UPDATE BEST LOG-LIKELIHOOD: -6645.862
Iteration 40 / LogL: -6645.871 / Time: 0h:0m:18s (0h:0m:4s left)
Iteration 50 / LogL: -6645.866 / Time: 0h:0m:19s (0h:0m:3s left)
Log-likelihood cutoff on original alignment: -6653.542
Iteration 60 / LogL: -6646.893 / Time: 0h:0m:19s (0h:0m:2s left)
Iteration 70 / LogL: -6646.332 / Time: 0h:0m:19s (0h:0m:1s left)
Iteration 80 / LogL: -6646.893 / Time: 0h:0m:20s (0h:0m:1s left)
UPDATE BEST LOG-LIKELIHOOD: -6645.862
Iteration 90 / LogL: -6646.893 / Time: 0h:0m:20s (0h:0m:0s left)
Iteration 100 / LogL: -6646.493 / Time: 0h:0m:21s (0h:0m:0s left)
Log-likelihood cutoff on original alignment: -6653.713
NOTE: Bootstrap correlation coefficient of split occurrence frequencies: 0.981
NOTE: UFBoot does not converge, continue at least 100 more iterations
Iteration 110 / LogL: -6645.862 / Time: 0h:0m:21s (0h:0m:4s left)
UPDATE BEST LOG-LIKELIHOOD: -6645.862
Iteration 120 / LogL: -6647.120 / Time: 0h:0m:21s (0h:0m:3s left)
Iteration 130 / LogL: -6645.866 / Time: 0h:0m:21s (0h:0m:2s left)
Iteration 140 / LogL: -6646.893 / Time: 0h:0m:22s (0h:0m:2s left)
Iteration 150 / LogL: -6646.893 / Time: 0h:0m:22s (0h:0m:1s left)
Log-likelihood cutoff on original alignment: -6654.677
Iteration 160 / LogL: -6647.164 / Time: 0h:0m:22s (0h:0m:1s left)
Iteration 170 / LogL: -6645.863 / Time: 0h:0m:22s (0h:0m:1s left)
Iteration 180 / LogL: -6646.893 / Time: 0h:0m:22s (0h:0m:0s left)
Iteration 190 / LogL: -6646.893 / Time: 0h:0m:23s (0h:0m:0s left)
UPDATE BEST LOG-LIKELIHOOD: -6645.862
Iteration 200 / LogL: -6645.871 / Time: 0h:0m:23s (0h:0m:0s left)
Log-likelihood cutoff on original alignment: -6654.677
NOTE: Bootstrap correlation coefficient of split occurrence frequencies: 0.986
NOTE: UFBoot does not converge, continue at least 100 more iterations
Iteration 210 / LogL: -6646.893 / Time: 0h:0m:23s (0h:0m:3s left)
Iteration 220 / LogL: -6646.330 / Time: 0h:0m:23s (0h:0m:2s left)
Iteration 230 / LogL: -6646.492 / Time: 0h:0m:24s (0h:0m:2s left)
Iteration 240 / LogL: -6646.502 / Time: 0h:0m:24s (0h:0m:2s left)
UPDATE BEST LOG-LIKELIHOOD: -6645.862
Iteration 250 / LogL: -6646.490 / Time: 0h:0m:24s (0h:0m:1s left)
Log-likelihood cutoff on original alignment: -6654.677
UPDATE BEST LOG-LIKELIHOOD: -6645.862
Iteration 260 / LogL: -6645.862 / Time: 0h:0m:24s (0h:0m:1s left)
Iteration 270 / LogL: -6645.864 / Time: 0h:0m:25s (0h:0m:0s left)
Iteration 280 / LogL: -6645.881 / Time: 0h:0m:25s (0h:0m:0s left)
Iteration 290 / LogL: -6646.330 / Time: 0h:0m:25s (0h:0m:0s left)
UPDATE BEST LOG-LIKELIHOOD: -6645.862
Iteration 300 / LogL: -6645.882 / Time: 0h:0m:25s (0h:0m:0s left)
Log-likelihood cutoff on original alignment: -6654.677
NOTE: Bootstrap correlation coefficient of split occurrence frequencies: 0.990
TREE SEARCH COMPLETED AFTER 300 ITERATIONS / Time: 0h:0m:25s

--------------------------------------------------------------------
|                    FINALIZING TREE SEARCH                        |
--------------------------------------------------------------------
Performs final model parameters optimization
Estimate model parameters (epsilon = 0.010)
1. Initial log-likelihood: -6645.862
Optimal log-likelihood: -6645.853
Rate parameters:  A-C: 2.706  A-G: 4.559  A-T: 0.608  C-G: 0.472  C-T: 4.559  G-T: 1.000
Base frequencies:   A: 0.406  C: 0.152  G: 0.202  T: 0.239
Gamma shape alpha: 0.498
Parameters optimization took 1 rounds (0.005 sec)
BEST SCORE FOUND : -6645.853
Creating bootstrap support values...
Split supports printed to NEXUS file ./results/gene12.phy.splits.nex
Total tree length: 2.541

Total number of iterations: 300
CPU time used for tree search: 9.375 sec (0h:0m:9s)
Wall-clock time used for tree search: 9.382 sec (0h:0m:9s)
Total CPU time used: 24.010 sec (0h:0m:24s)
Total wall-clock time used: 25.883 sec (0h:0m:25s)

Computing bootstrap consensus tree...
Reading input file ./results/gene12.phy.splits.nex...
10 taxa and 147 splits.
Consensus tree written to ./results/gene12.phy.contree
Reading input trees file ./results/gene12.phy.contree
Log-likelihood of consensus tree: -6647.742

Analysis results written to: 
  IQ-TREE report:                ./results/gene12.phy.iqtree
  Maximum-likelihood tree:       ./results/gene12.phy.treefile
  Likelihood distances:          ./results/gene12.phy.mldist

Ultrafast bootstrap approximation results written to:
  Split support values:          ./results/gene12.phy.splits.nex
  Consensus tree:                ./results/gene12.phy.contree
  Screen log file:               ./results/gene12.phy.log

Date and Time: Tue Aug 22 18:26:15 2017
