IQ-TREE multicore version 1.5.4 for Linux 64-bit built Apr  2 2017
Copyright (c) 2011-2017 by Bui Quang Minh, Nguyen Lam Tung,
Olga Chernomor, Heiko Schmidt, and Arndt von Haeseler.

Host:    hpc-crick (AVX, 251 GB RAM)
Command: iqtree -s ./results/gene16.phy -nt 1 -bb 1000
Seed:    291511 (Using SPRNG - Scalable Parallel Random Number Generator)
Time:    Tue Aug 22 18:26:52 2017
Kernel:  AVX - 1 threads (40 CPU cores detected)

Reading alignment file ./results/gene16.phy ... Phylip format detected
Alignment most likely contains DNA/RNA sequences
Alignment has 10 sequences with 1000 columns and 445 patterns (308 informative sites, 420 constant sites)
   Gap/Ambiguity  Composition  p-value
   1  A    0.00%    passed     82.54%
   2  B    0.00%    passed     95.72%
   3  C    0.00%    passed     87.29%
   4  D    0.00%    passed     86.59%
   5  E    0.00%    passed     44.97%
   6  F    0.00%    passed     19.09%
   7  G    0.00%    passed     91.33%
   8  H    0.00%    passed     41.53%
   9  I    0.00%    passed     84.06%
  10  J    0.00%    passed     85.58%
****  TOTAL    0.00%  0 sequences failed composition chi2 test (p-value<5%; df=3)

Create initial parsimony tree by phylogenetic likelihood library (PLL)... 0.001 seconds

NOTE: ModelFinder requires 3 MB RAM!
ModelFinder will test 286 DNA models (sample size: 1000) ...
 No. Model         -LnL         df  AIC          AICc         BIC
  1  JC            7200.111     17  14434.222    14434.845    14517.654
  2  JC+I          6948.961     18  13933.921    13934.618    14022.261
  3  JC+G4         6881.749     18  13799.499    13800.196    13887.838
  4  JC+I+G4       6882.170     19  13802.340    13803.116    13895.587
  5  JC+R2         6888.212     19  13814.425    13815.200    13907.672
  6  JC+R3         6881.232     21  13804.464    13805.409    13907.527
  7  JC+R4         6880.975     23  13807.949    13809.081    13920.828
  8  JC+R5         Skipped 
  9  JC+R6         Skipped 
 10  JC+R7         Skipped 
 11  JC+R8         Skipped 
 12  JC+R9         Skipped 
 13  JC+R10        Skipped 
 14  F81           7079.383     20  14198.765    14199.623    14296.921
 15  F81+I         6821.704     21  13685.409    13686.354    13788.472
 16  F81+G4        6743.119     21  13528.238    13529.183    13631.301
 17  F81+I+G4      6743.578     22  13531.155    13532.191    13639.126
 18  F81+R2        6751.201     22  13546.402    13547.438    13654.373
 19  F81+R3        6742.540     24  13533.079    13534.310    13650.866
 20  F81+R4        6742.415     26  13536.829    13538.272    13664.431
 21  F81+R5        Skipped 
 22  F81+R6        Skipped 
 23  F81+R7        Skipped 
 24  F81+R8        Skipped 
 25  F81+R9        Skipped 
 26  F81+R10       Skipped 
 27  K2P           7052.335     18  14140.670    14141.367    14229.009
 28  K2P+I         6788.207     19  13614.414    13615.190    13707.661
 29  K2P+G4        6706.009     19  13450.018    13450.794    13543.266
 30  K2P+I+G4      6706.177     20  13452.355    13453.213    13550.510
 31  K2P+R2        6716.078     20  13472.155    13473.013    13570.310
 32  K2P+R3        6703.598     22  13451.196    13452.232    13559.167
 33  K2P+R4        6703.505     24  13455.011    13456.242    13572.797
 34  K2P+R5        Skipped 
 35  K2P+R6        Skipped 
 36  K2P+R7        Skipped 
 37  K2P+R8        Skipped 
 38  K2P+R9        Skipped 
 39  K2P+R10       Skipped 
 40  HKY           6922.254     21  13886.509    13887.453    13989.571
 41  HKY+I         6657.115     22  13358.230    13359.266    13466.201
 42  HKY+G4        6559.038     22  13162.075    13163.111    13270.046
 43  HKY+I+G4      6559.562     23  13165.123    13166.254    13278.002
 44  HKY+R2        6567.475     23  13180.950    13182.081    13293.828
 45  HKY+R3        6558.562     25  13167.123    13168.458    13289.817
 46  HKY+R4        6558.423     27  13170.845    13172.401    13303.355
 47  HKY+R5        Skipped 
 48  HKY+R6        Skipped 
 49  HKY+R7        Skipped 
 50  HKY+R8        Skipped 
 51  HKY+R9        Skipped 
 52  HKY+R10       Skipped 
 53  TNe           7051.752     19  14141.504    14142.280    14234.752
 54  TNe+I         6787.895     20  13615.789    13616.647    13713.944
 55  TNe+G4        6703.937     20  13447.875    13448.733    13546.030
 56  TNe+I+G4      6704.050     21  13450.099    13451.044    13553.162
 57  TNe+R2        6714.113     21  13470.227    13471.172    13573.290
 58  TNe+R3        6701.266     23  13448.532    13449.663    13561.410
 59  TNe+R4        6701.141     25  13452.283    13453.618    13574.977
 60  TNe+R5        Skipped 
 61  TNe+R6        Skipped 
 62  TNe+R7        Skipped 
 63  TNe+R8        Skipped 
 64  TNe+R9        Skipped 
 65  TNe+R10       Skipped 
 66  TN            6919.709     22  13883.418    13884.454    13991.389
 67  TN+I          6653.351     23  13352.701    13353.832    13465.580
 68  TN+G4         6557.293     23  13160.586    13161.717    13273.464
 69  TN+I+G4       6557.744     24  13163.487    13164.718    13281.274
 70  TN+R2         6566.321     24  13180.642    13181.873    13298.428
 71  TN+R3         6556.595     26  13165.191    13166.634    13292.792
 72  TN+R4         6556.540     28  13169.081    13170.753    13306.498
 73  TN+R5         Skipped 
 74  TN+R6         Skipped 
 75  TN+R7         Skipped 
 76  TN+R8         Skipped 
 77  TN+R9         Skipped 
 78  TN+R10        Skipped 
 79  K3P           7050.561     19  14139.123    14139.898    14232.370
 80  K3P+I         6786.006     20  13612.012    13612.870    13710.167
 81  K3P+G4        6703.520     20  13447.040    13447.898    13545.195
 82  K3P+I+G4      6703.496     21  13448.993    13449.937    13552.056
 83  K3P+R2        6713.845     21  13469.691    13470.636    13572.754
 84  K3P+R3        6700.935     23  13447.871    13449.002    13560.749
 85  K3P+R4        6700.901     25  13451.801    13453.136    13574.495
 86  K3P+R5        Skipped 
 87  K3P+R6        Skipped 
 88  K3P+R7        Skipped 
 89  K3P+R8        Skipped 
 90  K3P+R9        Skipped 
 91  K3P+R10       Skipped 
 92  K3Pu          6910.493     22  13864.985    13866.021    13972.956
 93  K3Pu+I        6647.286     23  13340.572    13341.703    13453.450
 94  K3Pu+G4       6548.554     23  13143.108    13144.239    13255.987
 95  K3Pu+I+G4     6548.849     24  13145.699    13146.929    13263.485
 96  K3Pu+R2       6557.569     24  13163.138    13164.369    13280.924
 97  K3Pu+R3       6548.444     26  13148.888    13150.331    13276.490
 98  K3Pu+R4       6548.308     28  13152.616    13154.289    13290.033
 99  K3Pu+R5       Skipped 
100  K3Pu+R6       Skipped 
101  K3Pu+R7       Skipped 
102  K3Pu+R8       Skipped 
103  K3Pu+R9       Skipped 
104  K3Pu+R10      Skipped 
105  TPM2          6920.364     22  13884.727    13885.763    13992.698
106  TPM2+I        6654.688     23  13355.376    13356.507    13468.254
107  TPM2+G4       6558.156     23  13162.313    13163.444    13275.191
108  TPM2+I+G4     6558.642     24  13165.284    13166.515    13283.070
109  TPM2+R2       6567.101     24  13182.201    13183.432    13299.987
110  TPM2+R3       6557.221     26  13166.441    13167.884    13294.043
111  TPM2+R4       6557.184     28  13170.368    13172.040    13307.785
112  TPM2+R5       Skipped 
113  TPM2+R6       Skipped 
114  TPM2+R7       Skipped 
115  TPM2+R8       Skipped 
116  TPM2+R9       Skipped 
117  TPM2+R10      Skipped 
118  TPM2u         6920.296     22  13884.591    13885.627    13992.562
119  TPM2u+I       6654.693     23  13355.385    13356.517    13468.264
120  TPM2u+G4      6558.269     23  13162.538    13163.669    13275.416
121  TPM2u+I+G4    6558.553     24  13165.107    13166.338    13282.893
122  TPM2u+R2      6566.971     24  13181.942    13183.173    13299.729
123  TPM2u+R3      6557.195     26  13166.390    13167.833    13293.992
124  TPM2u+R4      6557.114     28  13170.227    13171.900    13307.644
125  TPM2u+R5      Skipped 
126  TPM2u+R6      Skipped 
127  TPM2u+R7      Skipped 
128  TPM2u+R8      Skipped 
129  TPM2u+R9      Skipped 
130  TPM2u+R10     Skipped 
131  TPM3          6873.161     22  13790.323    13791.358    13898.293
132  TPM3+I        6617.614     23  13281.229    13282.360    13394.107
133  TPM3+G4       6522.076     23  13090.152    13091.283    13203.030
134  TPM3+I+G4     6522.428     24  13092.856    13094.086    13210.642
135  TPM3+R2       6531.187     24  13110.374    13111.605    13228.160
136  TPM3+R3       6521.704     26  13095.408    13096.851    13223.009
137  TPM3+R4       6521.804     28  13099.608    13101.281    13237.025
138  TPM3+R5       Skipped 
139  TPM3+R6       Skipped 
140  TPM3+R7       Skipped 
141  TPM3+R8       Skipped 
142  TPM3+R9       Skipped 
143  TPM3+R10      Skipped 
144  TPM3u         6873.161     22  13790.322    13791.358    13898.293
145  TPM3u+I       6617.615     23  13281.231    13282.362    13394.109
146  TPM3u+G4      6522.128     23  13090.255    13091.386    13203.133
147  TPM3u+I+G4    6522.399     24  13092.799    13094.030    13210.585
148  TPM3u+R2      6531.141     24  13110.282    13111.512    13228.068
149  TPM3u+R3      6521.693     26  13095.386    13096.829    13222.988
150  TPM3u+R4      6521.753     28  13099.507    13101.179    13236.924
151  TPM3u+R5      Skipped 
152  TPM3u+R6      Skipped 
153  TPM3u+R7      Skipped 
154  TPM3u+R8      Skipped 
155  TPM3u+R9      Skipped 
156  TPM3u+R10     Skipped 
157  TIMe          7050.001     20  14140.003    14140.861    14238.158
158  TIMe+I        6785.755     21  13613.510    13614.455    13716.573
159  TIMe+G4       6701.504     21  13445.007    13445.952    13548.070
160  TIMe+I+G4     6701.467     22  13446.934    13447.970    13554.904
161  TIMe+R2       6711.862     22  13467.723    13468.759    13575.694
162  TIMe+R3       6698.639     24  13445.278    13446.509    13563.065
163  TIMe+R4       6698.633     26  13449.267    13450.710    13576.868
164  TIMe+R5       Skipped 
165  TIMe+R6       Skipped 
166  TIMe+R7       Skipped 
167  TIMe+R8       Skipped 
168  TIMe+R9       Skipped 
169  TIMe+R10      Skipped 
170  TIM           6907.803     23  13861.607    13862.738    13974.485
171  TIM+I         6643.361     24  13334.722    13335.953    13452.508
172  TIM+G4        6547.428     24  13142.856    13144.087    13260.642
173  TIM+I+G4      6547.538     25  13145.077    13146.412    13267.771
174  TIM+R2        6556.783     25  13163.566    13164.900    13286.259
175  TIM+R3        6547.085     27  13148.170    13149.726    13280.680
176  TIM+R4        6547.030     29  13152.061    13153.855    13294.386
177  TIM+R5        Skipped 
178  TIM+R6        Skipped 
179  TIM+R7        Skipped 
180  TIM+R8        Skipped 
181  TIM+R9        Skipped 
182  TIM+R10       Skipped 
183  TIM2e         7033.554     20  14107.108    14107.966    14205.263
184  TIM2e+I       6767.429     21  13576.858    13577.803    13679.921
185  TIM2e+G4      6674.936     21  13391.872    13392.817    13494.935
186  TIM2e+I+G4    6674.776     22  13393.551    13394.587    13501.522
187  TIM2e+R2      6688.212     22  13420.424    13421.460    13528.395
188  TIM2e+R3      6669.830     24  13387.659    13388.890    13505.445
189  TIM2e+R4      6669.741     26  13391.481    13392.924    13519.083
190  TIM2e+R5      Skipped 
191  TIM2e+R6      Skipped 
192  TIM2e+R7      Skipped 
193  TIM2e+R8      Skipped 
194  TIM2e+R9      Skipped 
195  TIM2e+R10     Skipped 
196  TIM2          6917.698     23  13881.396    13882.528    13994.275
197  TIM2+I        6651.065     24  13350.130    13351.360    13467.916
198  TIM2+G4       6556.255     24  13160.509    13161.740    13278.295
199  TIM2+I+G4     6556.460     25  13162.919    13164.254    13285.613
200  TIM2+R2       6565.821     25  13181.641    13182.976    13304.335
201  TIM2+R3       6555.226     27  13164.452    13166.008    13296.962
202  TIM2+R4       6555.315     29  13168.630    13170.424    13310.955
203  TIM2+R5       Skipped 
204  TIM2+R6       Skipped 
205  TIM2+R7       Skipped 
206  TIM2+R8       Skipped 
207  TIM2+R9       Skipped 
208  TIM2+R10      Skipped 
209  TIM3e         7037.702     20  14115.404    14116.262    14213.559
210  TIM3e+I       6776.211     21  13594.422    13595.367    13697.485
211  TIM3e+G4      6692.772     21  13427.544    13428.488    13530.606
212  TIM3e+I+G4    6692.864     22  13429.727    13430.763    13537.698
213  TIM3e+R2      6702.673     22  13449.346    13450.382    13557.317
214  TIM3e+R3      6690.456     24  13428.913    13430.144    13546.699
215  TIM3e+R4      6690.450     26  13432.901    13434.344    13560.503
216  TIM3e+R5      Skipped 
217  TIM3e+R6      Skipped 
218  TIM3e+R7      Skipped 
219  TIM3e+R8      Skipped 
220  TIM3e+R9      Skipped 
221  TIM3e+R10     Skipped 
222  TIM3          6866.532     23  13779.063    13780.194    13891.941
223  TIM3+I        6613.088     24  13274.177    13275.408    13391.963
224  TIM3+G4       6519.204     24  13086.409    13087.639    13204.195
225  TIM3+I+G4     6519.280     25  13088.560    13089.894    13211.253
226  TIM3+R2       6529.927     25  13109.853    13111.188    13232.547
227  TIM3+R3       6518.926     27  13091.852    13093.408    13224.362
228  TIM3+R4       6518.952     29  13095.905    13097.699    13238.230
229  TIM3+R5       Skipped 
230  TIM3+R6       Skipped 
231  TIM3+R7       Skipped 
232  TIM3+R8       Skipped 
233  TIM3+R9       Skipped 
234  TIM3+R10      Skipped 
235  TVMe          7021.515     21  14085.031    14085.976    14188.094
236  TVMe+I        6757.040     22  13558.080    13559.116    13666.051
237  TVMe+G4       6667.500     22  13379.000    13380.036    13486.971
238  TVMe+I+G4     6667.278     23  13380.556    13381.687    13493.434
239  TVMe+R2       6680.397     23  13406.795    13407.926    13519.673
240  TVMe+R3       6663.200     25  13376.400    13377.735    13499.094
241  TVMe+R4       6663.155     27  13380.310    13381.865    13512.819
242  TVMe+R5       Skipped 
243  TVMe+R6       Skipped 
244  TVMe+R7       Skipped 
245  TVMe+R8       Skipped 
246  TVMe+R9       Skipped 
247  TVMe+R10      Skipped 
248  TVM           6870.849     24  13789.699    13790.929    13907.485
249  TVM+I         6615.081     25  13280.161    13281.496    13402.855
250  TVM+G4        6520.140     25  13090.280    13091.615    13212.974
251  TVM+I+G4      6520.214     26  13092.428    13093.871    13220.030
252  TVM+R2        6530.161     26  13112.322    13113.765    13239.924
253  TVM+R3        6519.749     28  13095.499    13097.171    13232.916
254  TVM+R4        6519.768     30  13099.536    13101.455    13246.768
255  TVM+R5        Skipped 
256  TVM+R6        Skipped 
257  TVM+R7        Skipped 
258  TVM+R8        Skipped 
259  TVM+R9        Skipped 
260  TVM+R10       Skipped 
261  SYM           7021.196     22  14086.391    14087.427    14194.362
262  SYM+I         6756.836     23  13559.671    13560.802    13672.550
263  SYM+G4        6663.409     23  13372.817    13373.948    13485.696
264  SYM+I+G4      6663.286     24  13374.572    13375.803    13492.358
265  SYM+R2        6676.848     24  13401.697    13402.928    13519.483
266  SYM+R3        6658.686     26  13369.373    13370.816    13496.974
267  SYM+R4        6658.608     28  13373.216    13374.888    13510.633
268  SYM+R5        Skipped 
269  SYM+R6        Skipped 
270  SYM+R7        Skipped 
271  SYM+R8        Skipped 
272  SYM+R9        Skipped 
273  SYM+R10       Skipped 
274  GTR           6864.079     25  13778.159    13779.493    13900.852
275  GTR+I         6610.544     26  13273.089    13274.532    13400.691
276  GTR+G4        6516.885     26  13085.770    13087.213    13213.372
277  GTR+I+G4      6516.980     27  13087.959    13089.515    13220.468
278  GTR+R2        6528.691     27  13111.382    13112.938    13243.892
279  GTR+R3        6516.669     29  13091.337    13093.131    13233.662
280  GTR+R4        6517.003     31  13096.006    13098.056    13248.147
281  GTR+R5        Skipped 
282  GTR+R6        Skipped 
283  GTR+R7        Skipped 
284  GTR+R8        Skipped 
285  GTR+R9        Skipped 
286  GTR+R10       Skipped 
Akaike Information Criterion:           GTR+G4
Corrected Akaike Information Criterion: GTR+G4
Bayesian Information Criterion:         TPM3+G4
Best-fit model: TPM3+G4 chosen according to BIC

All model information printed to ./results/gene16.phy.model
CPU time for ModelFinder: 10.865 seconds (0h:0m:10s)
Wall-clock time for ModelFinder: 18.158 seconds (0h:0m:18s)
Generating 1000 samples for ultrafast bootstrap (seed: 291511)...

NOTE: 2 MB RAM (0 GB) is required!
Estimate model parameters (epsilon = 0.100)
1. Initial log-likelihood: -6819.004
2. Current log-likelihood: -6599.008
3. Current log-likelihood: -6532.797
4. Current log-likelihood: -6528.410
5. Current log-likelihood: -6527.172
6. Current log-likelihood: -6526.960
Optimal log-likelihood: -6526.933
Rate parameters:  A-C: 4.088  A-G: 8.178  A-T: 1.000  C-G: 4.088  C-T: 8.178  G-T: 1.000
Base frequencies:   A: 0.409  C: 0.137  G: 0.200  T: 0.255
Gamma shape alpha: 0.483
Parameters optimization took 6 rounds (0.168 sec)
Computing ML distances based on estimated model parameters... 0.002 sec
Computing BIONJ tree...
0.000 seconds
Log-likelihood of BIONJ tree: -6519.710
--------------------------------------------------------------------
|             INITIALIZING CANDIDATE TREE SET                      |
--------------------------------------------------------------------
Generating 98 parsimony trees... 0.139 second
Computing log-likelihood of 94 initial trees ... 0.775 seconds
Current best score: -6519.710

Do NNI search on 20 best initial trees
Estimate model parameters (epsilon = 0.100)
BETTER TREE FOUND at iteration 1: -6519.384
Iteration 10 / LogL: -6519.405 / Time: 0h:0m:19s
Iteration 20 / LogL: -6519.409 / Time: 0h:0m:21s
Finish initializing candidate tree set (4)
Current best tree score: -6519.384 / CPU time: 2.669
Number of iterations: 20
--------------------------------------------------------------------
|               OPTIMIZING CANDIDATE TREE SET                      |
--------------------------------------------------------------------
Iteration 30 / LogL: -6522.976 / Time: 0h:0m:21s (0h:0m:8s left)
Iteration 40 / LogL: -6520.462 / Time: 0h:0m:22s (0h:0m:6s left)
Estimate model parameters (epsilon = 0.100)
BETTER TREE FOUND at iteration 42: -6518.424
Iteration 50 / LogL: -6520.465 / Time: 0h:0m:23s (0h:0m:9s left)
Log-likelihood cutoff on original alignment: -6529.516
UPDATE BEST LOG-LIKELIHOOD: -6518.424
UPDATE BEST LOG-LIKELIHOOD: -6518.424
UPDATE BEST LOG-LIKELIHOOD: -6518.424
Iteration 60 / LogL: -6518.424 / Time: 0h:0m:23s (0h:0m:7s left)
UPDATE BEST LOG-LIKELIHOOD: -6518.424
UPDATE BEST LOG-LIKELIHOOD: -6518.424
Iteration 70 / LogL: -6518.770 / Time: 0h:0m:24s (0h:0m:6s left)
UPDATE BEST LOG-LIKELIHOOD: -6518.424
Iteration 80 / LogL: -6518.424 / Time: 0h:0m:24s (0h:0m:5s left)
Iteration 90 / LogL: -6518.424 / Time: 0h:0m:25s (0h:0m:4s left)
Iteration 100 / LogL: -6518.424 / Time: 0h:0m:25s (0h:0m:3s left)
Log-likelihood cutoff on original alignment: -6526.872
NOTE: Bootstrap correlation coefficient of split occurrence frequencies: 0.987
NOTE: UFBoot does not converge, continue at least 100 more iterations
UPDATE BEST LOG-LIKELIHOOD: -6518.424
Iteration 110 / LogL: -6518.733 / Time: 0h:0m:26s (0h:0m:6s left)
Iteration 120 / LogL: -6518.424 / Time: 0h:0m:26s (0h:0m:5s left)
Iteration 130 / LogL: -6518.424 / Time: 0h:0m:27s (0h:0m:4s left)
Iteration 140 / LogL: -6518.424 / Time: 0h:0m:27s (0h:0m:4s left)
UPDATE BEST LOG-LIKELIHOOD: -6518.424
Iteration 150 / LogL: -6518.424 / Time: 0h:0m:28s (0h:0m:3s left)
Log-likelihood cutoff on original alignment: -6526.872
Iteration 160 / LogL: -6520.329 / Time: 0h:0m:28s (0h:0m:2s left)
Iteration 170 / LogL: -6518.424 / Time: 0h:0m:29s (0h:0m:1s left)
UPDATE BEST LOG-LIKELIHOOD: -6518.424
Iteration 180 / LogL: -6518.424 / Time: 0h:0m:29s (0h:0m:1s left)
Iteration 190 / LogL: -6518.424 / Time: 0h:0m:30s (0h:0m:0s left)
Iteration 200 / LogL: -6518.424 / Time: 0h:0m:30s (0h:0m:0s left)
Log-likelihood cutoff on original alignment: -6526.504
NOTE: Bootstrap correlation coefficient of split occurrence frequencies: 0.988
NOTE: UFBoot does not converge, continue at least 100 more iterations
Iteration 210 / LogL: -6518.424 / Time: 0h:0m:30s (0h:0m:5s left)
Iteration 220 / LogL: -6519.586 / Time: 0h:0m:31s (0h:0m:4s left)
Iteration 230 / LogL: -6518.424 / Time: 0h:0m:31s (0h:0m:4s left)
Iteration 240 / LogL: -6518.424 / Time: 0h:0m:32s (0h:0m:3s left)
Iteration 250 / LogL: -6518.424 / Time: 0h:0m:32s (0h:0m:2s left)
Log-likelihood cutoff on original alignment: -6526.504
Iteration 260 / LogL: -6518.424 / Time: 0h:0m:33s (0h:0m:2s left)
UPDATE BEST LOG-LIKELIHOOD: -6518.424
Iteration 270 / LogL: -6518.424 / Time: 0h:0m:33s (0h:0m:1s left)
Iteration 280 / LogL: -6518.424 / Time: 0h:0m:34s (0h:0m:1s left)
Iteration 290 / LogL: -6518.424 / Time: 0h:0m:34s (0h:0m:0s left)
Iteration 300 / LogL: -6518.424 / Time: 0h:0m:34s (0h:0m:0s left)
Log-likelihood cutoff on original alignment: -6526.504
NOTE: Bootstrap correlation coefficient of split occurrence frequencies: 0.995
TREE SEARCH COMPLETED AFTER 300 ITERATIONS / Time: 0h:0m:35s

--------------------------------------------------------------------
|                    FINALIZING TREE SEARCH                        |
--------------------------------------------------------------------
Performs final model parameters optimization
Estimate model parameters (epsilon = 0.010)
1. Initial log-likelihood: -6518.424
Optimal log-likelihood: -6518.423
Rate parameters:  A-C: 4.003  A-G: 7.976  A-T: 1.000  C-G: 4.003  C-T: 7.976  G-T: 1.000
Base frequencies:   A: 0.409  C: 0.137  G: 0.200  T: 0.255
Gamma shape alpha: 0.489
Parameters optimization took 1 rounds (0.005 sec)
BEST SCORE FOUND : -6518.423
Creating bootstrap support values...
Split supports printed to NEXUS file ./results/gene16.phy.splits.nex
Total tree length: 2.524

Total number of iterations: 300
CPU time used for tree search: 12.140 sec (0h:0m:12s)
Wall-clock time used for tree search: 16.621 sec (0h:0m:16s)
Total CPU time used: 23.152 sec (0h:0m:23s)
Total wall-clock time used: 35.045 sec (0h:0m:35s)

Computing bootstrap consensus tree...
Reading input file ./results/gene16.phy.splits.nex...
10 taxa and 164 splits.
Consensus tree written to ./results/gene16.phy.contree
Reading input trees file ./results/gene16.phy.contree
Log-likelihood of consensus tree: -6518.423

Analysis results written to: 
  IQ-TREE report:                ./results/gene16.phy.iqtree
  Maximum-likelihood tree:       ./results/gene16.phy.treefile
  Likelihood distances:          ./results/gene16.phy.mldist

Ultrafast bootstrap approximation results written to:
  Split support values:          ./results/gene16.phy.splits.nex
  Consensus tree:                ./results/gene16.phy.contree
  Screen log file:               ./results/gene16.phy.log

Date and Time: Tue Aug 22 18:27:27 2017
