IQ-TREE multicore version 1.5.4 for Linux 64-bit built Apr  2 2017
Copyright (c) 2011-2017 by Bui Quang Minh, Nguyen Lam Tung,
Olga Chernomor, Heiko Schmidt, and Arndt von Haeseler.

Host:    hpc-crick (AVX, 251 GB RAM)
Command: iqtree -s ./results/gene7.phy -nt 1 -bb 1000
Seed:    509723 (Using SPRNG - Scalable Parallel Random Number Generator)
Time:    Tue Aug 22 18:23:47 2017
Kernel:  AVX - 1 threads (40 CPU cores detected)

Reading alignment file ./results/gene7.phy ... Phylip format detected
Alignment most likely contains DNA/RNA sequences
Alignment has 10 sequences with 1000 columns and 495 patterns (358 informative sites, 377 constant sites)
   Gap/Ambiguity  Composition  p-value
   1  A    0.00%    passed     66.80%
   2  B    0.00%    passed     94.13%
   3  C    0.00%    passed     72.81%
   4  D    0.00%    passed     94.22%
   5  E    0.00%    passed     98.34%
   6  F    0.00%    passed     48.66%
   7  G    0.00%    passed     68.21%
   8  H    0.00%    passed     93.43%
   9  I    0.00%    passed     91.89%
  10  J    0.00%    passed     88.02%
****  TOTAL    0.00%  0 sequences failed composition chi2 test (p-value<5%; df=3)

Create initial parsimony tree by phylogenetic likelihood library (PLL)... 0.001 seconds

NOTE: ModelFinder requires 3 MB RAM!
ModelFinder will test 286 DNA models (sample size: 1000) ...
 No. Model         -LnL         df  AIC          AICc         BIC
  1  JC            7692.936     17  15419.872    15420.495    15503.304
  2  JC+I          7455.455     18  14946.909    14947.606    15035.249
  3  JC+G4         7403.558     18  14843.115    14843.813    14931.455
  4  JC+I+G4       7404.069     19  14846.137    14846.913    14939.385
  5  JC+R2         7398.191     19  14834.382    14835.157    14927.629
  6  JC+R3         7398.241     21  14838.482    14839.426    14941.544
  7  JC+R4         Skipped 
  8  JC+R5         Skipped 
  9  JC+R6         Skipped 
 10  JC+R7         Skipped 
 11  JC+R8         Skipped 
 12  JC+R9         Skipped 
 13  JC+R10        Skipped 
 14  F81           7612.765     20  15265.530    15266.388    15363.685
 15  F81+I         7374.429     21  14790.859    14791.804    14893.922
 16  F81+G4        7318.120     21  14678.240    14679.185    14781.303
 17  F81+I+G4      7318.514     22  14681.028    14682.064    14788.999
 18  F81+R2        7314.877     22  14673.755    14674.791    14781.725
 19  F81+R3        7314.696     24  14677.392    14678.622    14795.178
 20  F81+R4        Skipped 
 21  F81+R5        Skipped 
 22  F81+R6        Skipped 
 23  F81+R7        Skipped 
 24  F81+R8        Skipped 
 25  F81+R9        Skipped 
 26  F81+R10       Skipped 
 27  K2P           7550.336     18  15136.673    15137.370    15225.013
 28  K2P+I         7302.775     19  14643.549    14644.325    14736.797
 29  K2P+G4        7238.865     19  14515.731    14516.506    14608.978
 30  K2P+I+G4      7239.738     20  14519.475    14520.333    14617.630
 31  K2P+R2        7234.660     20  14509.320    14510.178    14607.475
 32  K2P+R3        7234.549     22  14513.097    14514.133    14621.068
 33  K2P+R4        Skipped 
 34  K2P+R5        Skipped 
 35  K2P+R6        Skipped 
 36  K2P+R7        Skipped 
 37  K2P+R8        Skipped 
 38  K2P+R9        Skipped 
 39  K2P+R10       Skipped 
 40  HKY           7465.375     21  14972.751    14973.695    15075.813
 41  HKY+I         7217.439     22  14478.877    14479.913    14586.848
 42  HKY+G4        7142.849     22  14329.698    14330.733    14437.668
 43  HKY+I+G4      7143.485     23  14332.969    14334.100    14445.847
 44  HKY+R2        7141.987     23  14329.975    14331.106    14442.853
 45  HKY+R3        7140.662     25  14331.323    14332.658    14454.017
 46  HKY+R4        Skipped 
 47  HKY+R5        Skipped 
 48  HKY+R6        Skipped 
 49  HKY+R7        Skipped 
 50  HKY+R8        Skipped 
 51  HKY+R9        Skipped 
 52  HKY+R10       Skipped 
 53  TNe           7549.982     19  15137.964    15138.740    15231.212
 54  TNe+I         7302.524     20  14645.048    14645.906    14743.203
 55  TNe+G4        7238.849     20  14517.697    14518.555    14615.852
 56  TNe+I+G4      7239.633     21  14521.266    14522.211    14624.329
 57  TNe+R2        7234.651     21  14511.302    14512.247    14614.365
 58  TNe+R3        7234.584     23  14515.168    14516.299    14628.046
 59  TNe+R4        Skipped 
 60  TNe+R5        Skipped 
 61  TNe+R6        Skipped 
 62  TNe+R7        Skipped 
 63  TNe+R8        Skipped 
 64  TNe+R9        Skipped 
 65  TNe+R10       Skipped 
 66  TN            7459.592     22  14963.184    14964.220    15071.154
 67  TN+I          7211.825     23  14469.650    14470.781    14582.528
 68  TN+G4         7139.788     23  14325.575    14326.706    14438.454
 69  TN+I+G4       7140.278     24  14328.557    14329.787    14446.343
 70  TN+R2         7139.009     24  14326.019    14327.249    14443.805
 71  TN+R3         7137.713     26  14327.425    14328.868    14455.027
 72  TN+R4         Skipped 
 73  TN+R5         Skipped 
 74  TN+R6         Skipped 
 75  TN+R7         Skipped 
 76  TN+R8         Skipped 
 77  TN+R9         Skipped 
 78  TN+R10        Skipped 
 79  K3P           7544.331     19  15126.662    15127.437    15219.909
 80  K3P+I         7296.222     20  14632.444    14633.302    14730.599
 81  K3P+G4        7231.759     20  14503.519    14504.377    14601.674
 82  K3P+I+G4      7232.516     21  14507.032    14507.976    14610.094
 83  K3P+R2        7227.505     21  14497.011    14497.956    14600.074
 84  K3P+R3        7227.431     23  14500.862    14501.993    14613.740
 85  K3P+R4        Skipped 
 86  K3P+R5        Skipped 
 87  K3P+R6        Skipped 
 88  K3P+R7        Skipped 
 89  K3P+R8        Skipped 
 90  K3P+R9        Skipped 
 91  K3P+R10       Skipped 
 92  K3Pu          7453.971     22  14951.942    14952.977    15059.912
 93  K3Pu+I        7206.729     23  14459.458    14460.589    14572.336
 94  K3Pu+G4       7130.816     23  14307.632    14308.764    14420.511
 95  K3Pu+I+G4     7131.293     24  14310.587    14311.817    14428.373
 96  K3Pu+R2       7130.202     24  14308.405    14309.635    14426.191
 97  K3Pu+R3       7128.672     26  14309.343    14310.786    14436.945
 98  K3Pu+R4       Skipped 
 99  K3Pu+R5       Skipped 
100  K3Pu+R6       Skipped 
101  K3Pu+R7       Skipped 
102  K3Pu+R8       Skipped 
103  K3Pu+R9       Skipped 
104  K3Pu+R10      Skipped 
105  TPM2          7458.162     22  14960.324    14961.360    15068.295
106  TPM2+I        7209.471     23  14464.942    14466.073    14577.820
107  TPM2+G4       7139.927     23  14325.854    14326.986    14438.733
108  TPM2+I+G4     7140.539     24  14329.077    14330.308    14446.863
109  TPM2+R2       7137.849     24  14323.698    14324.929    14441.484
110  TPM2+R3       7137.172     26  14326.344    14327.787    14453.945
111  TPM2+R4       Skipped 
112  TPM2+R5       Skipped 
113  TPM2+R6       Skipped 
114  TPM2+R7       Skipped 
115  TPM2+R8       Skipped 
116  TPM2+R9       Skipped 
117  TPM2+R10      Skipped 
118  TPM2u         7458.140     22  14960.279    14961.315    15068.250
119  TPM2u+I       7209.478     23  14464.956    14466.088    14577.835
120  TPM2u+G4      7139.888     23  14325.776    14326.908    14438.655
121  TPM2u+I+G4    7140.521     24  14329.042    14330.272    14446.828
122  TPM2u+R2      7137.849     24  14323.698    14324.929    14441.484
123  TPM2u+R3      7137.157     26  14326.314    14327.757    14453.915
124  TPM2u+R4      Skipped 
125  TPM2u+R5      Skipped 
126  TPM2u+R6      Skipped 
127  TPM2u+R7      Skipped 
128  TPM2u+R8      Skipped 
129  TPM2u+R9      Skipped 
130  TPM2u+R10     Skipped 
131  TPM3          7454.165     22  14952.329    14953.365    15060.300
132  TPM3+I        7209.767     23  14465.533    14466.664    14578.412
133  TPM3+G4       7132.640     23  14311.280    14312.411    14424.159
134  TPM3+I+G4     7133.264     24  14314.528    14315.759    14432.314
135  TPM3+R2       7131.765     24  14311.531    14312.762    14429.317
136  TPM3+R3       7130.204     26  14312.408    14313.851    14440.010
137  TPM3+R4       Skipped 
138  TPM3+R5       Skipped 
139  TPM3+R6       Skipped 
140  TPM3+R7       Skipped 
141  TPM3+R8       Skipped 
142  TPM3+R9       Skipped 
143  TPM3+R10      Skipped 
144  TPM3u         7454.174     22  14952.347    14953.383    15060.318
145  TPM3u+I       7209.767     23  14465.534    14466.665    14578.412
146  TPM3u+G4      7132.640     23  14311.280    14312.411    14424.158
147  TPM3u+I+G4    7133.238     24  14314.477    14315.708    14432.263
148  TPM3u+R2      7131.752     24  14311.505    14312.735    14429.291
149  TPM3u+R3      7130.242     26  14312.484    14313.927    14440.086
150  TPM3u+R4      Skipped 
151  TPM3u+R5      Skipped 
152  TPM3u+R6      Skipped 
153  TPM3u+R7      Skipped 
154  TPM3u+R8      Skipped 
155  TPM3u+R9      Skipped 
156  TPM3u+R10     Skipped 
157  TIMe          7543.989     20  15127.979    15128.837    15226.134
158  TIMe+I        7295.976     21  14633.952    14634.897    14737.015
159  TIMe+G4       7231.824     21  14505.647    14506.592    14608.710
160  TIMe+I+G4     7232.375     22  14508.750    14509.786    14616.721
161  TIMe+R2       7227.505     22  14499.009    14500.045    14606.980
162  TIMe+R3       7227.426     24  14502.852    14504.083    14620.638
163  TIMe+R4       Skipped 
164  TIMe+R5       Skipped 
165  TIMe+R6       Skipped 
166  TIMe+R7       Skipped 
167  TIMe+R8       Skipped 
168  TIMe+R9       Skipped 
169  TIMe+R10      Skipped 
170  TIM           7448.092     23  14942.184    14943.315    15055.062
171  TIM+I         7201.150     24  14450.300    14451.531    14568.087
172  TIM+G4        7128.023     24  14304.046    14305.277    14421.832
173  TIM+I+G4      7128.324     25  14306.649    14307.983    14429.343
174  TIM+R2        7127.273     25  14304.547    14305.881    14427.241
175  TIM+R3        7125.832     27  14305.664    14307.220    14438.174
176  TIM+R4        Skipped 
177  TIM+R5        Skipped 
178  TIM+R6        Skipped 
179  TIM+R7        Skipped 
180  TIM+R8        Skipped 
181  TIM+R9        Skipped 
182  TIM+R10       Skipped 
183  TIM2e         7526.274     20  15092.548    15093.406    15190.703
184  TIM2e+I       7276.051     21  14594.101    14595.046    14697.164
185  TIM2e+G4      7208.088     21  14458.177    14459.121    14561.239
186  TIM2e+I+G4    7208.450     22  14460.899    14461.935    14568.870
187  TIM2e+R2      7205.454     22  14454.909    14455.945    14562.879
188  TIM2e+R3      7205.097     24  14458.194    14459.424    14575.980
189  TIM2e+R4      Skipped 
190  TIM2e+R5      Skipped 
191  TIM2e+R6      Skipped 
192  TIM2e+R7      Skipped 
193  TIM2e+R8      Skipped 
194  TIM2e+R9      Skipped 
195  TIM2e+R10     Skipped 
196  TIM2          7451.892     23  14949.784    14950.915    15062.662
197  TIM2+I        7203.752     24  14455.505    14456.736    14573.291
198  TIM2+G4       7136.050     24  14320.100    14321.331    14437.886
199  TIM2+I+G4     7136.437     25  14322.874    14324.209    14445.568
200  TIM2+R2       7134.304     25  14318.607    14319.942    14441.301
201  TIM2+R3       7133.563     27  14321.126    14322.682    14453.636
202  TIM2+R4       Skipped 
203  TIM2+R5       Skipped 
204  TIM2+R6       Skipped 
205  TIM2+R7       Skipped 
206  TIM2+R8       Skipped 
207  TIM2+R9       Skipped 
208  TIM2+R10      Skipped 
209  TIM3e         7546.210     20  15132.420    15133.278    15230.575
210  TIM3e+I       7299.811     21  14641.622    14642.567    14744.685
211  TIM3e+G4      7235.331     21  14512.662    14513.607    14615.725
212  TIM3e+I+G4    7235.983     22  14515.966    14517.002    14623.937
213  TIM3e+R2      7231.013     22  14506.026    14507.062    14613.997
214  TIM3e+R3      7230.931     24  14509.862    14511.093    14627.648
215  TIM3e+R4      Skipped 
216  TIM3e+R5      Skipped 
217  TIM3e+R6      Skipped 
218  TIM3e+R7      Skipped 
219  TIM3e+R8      Skipped 
220  TIM3e+R9      Skipped 
221  TIM3e+R10     Skipped 
222  TIM3          7447.338     23  14940.676    14941.808    15053.555
223  TIM3+I        7203.952     24  14455.905    14457.136    14573.691
224  TIM3+G4       7128.875     24  14305.750    14306.981    14423.536
225  TIM3+I+G4     7129.255     25  14308.510    14309.845    14431.204
226  TIM3+R2       7128.391     25  14306.781    14308.116    14429.475
227  TIM3+R3       7126.570     27  14307.140    14308.696    14439.650
228  TIM3+R4       Skipped 
229  TIM3+R5       Skipped 
230  TIM3+R6       Skipped 
231  TIM3+R7       Skipped 
232  TIM3+R8       Skipped 
233  TIM3+R9       Skipped 
234  TIM3+R10      Skipped 
235  TVMe          7518.267     21  15078.535    15079.479    15181.597
236  TVMe+I        7267.914     22  14579.828    14580.864    14687.799
237  TVMe+G4       7198.623     22  14441.247    14442.282    14549.217
238  TVMe+I+G4     7198.978     23  14443.956    14445.088    14556.835
239  TVMe+R2       7195.919     23  14437.837    14438.968    14550.715
240  TVMe+R3       7195.492     25  14440.985    14442.319    14563.678
241  TVMe+R4       Skipped 
242  TVMe+R5       Skipped 
243  TVMe+R6       Skipped 
244  TVMe+R7       Skipped 
245  TVMe+R8       Skipped 
246  TVMe+R9       Skipped 
247  TVMe+R10      Skipped 
248  TVM           7440.576     24  14929.151    14930.382    15046.937
249  TVM+I         7194.917     25  14439.833    14441.168    14562.527
250  TVM+G4        7122.838     25  14295.676    14297.010    14418.370
251  TVM+I+G4      7123.195     26  14298.391    14299.834    14425.992
252  TVM+R2        7120.862     26  14293.725    14295.168    14421.327
253  TVM+R3        7119.902     28  14295.803    14297.476    14433.220
254  TVM+R4        Skipped 
255  TVM+R5        Skipped 
256  TVM+R6        Skipped 
257  TVM+R7        Skipped 
258  TVM+R8        Skipped 
259  TVM+R9        Skipped 
260  TVM+R10       Skipped 
261  SYM           7517.953     22  15079.906    15080.942    15187.877
262  SYM+I         7267.683     23  14581.365    14582.496    14694.244
263  SYM+G4        7198.382     23  14442.764    14443.895    14555.642
264  SYM+I+G4      7198.713     24  14445.425    14446.656    14563.212
265  SYM+R2        7195.865     24  14439.729    14440.960    14557.515
266  SYM+R3        7195.416     26  14442.832    14444.275    14570.434
267  SYM+R4        Skipped 
268  SYM+R5        Skipped 
269  SYM+R6        Skipped 
270  SYM+R7        Skipped 
271  SYM+R8        Skipped 
272  SYM+R9        Skipped 
273  SYM+R10       Skipped 
274  GTR           7433.552     25  14917.103    14918.438    15039.797
275  GTR+I         7189.122     26  14430.244    14431.687    14557.845
276  GTR+G4        7118.006     26  14288.012    14289.455    14415.614
277  GTR+I+G4      7118.418     27  14290.835    14292.391    14423.344
278  GTR+R2        7116.834     27  14287.668    14289.224    14420.178
279  GTR+R3        7115.524     29  14289.049    14290.843    14431.374
280  GTR+R4        Skipped 
281  GTR+R5        Skipped 
282  GTR+R6        Skipped 
283  GTR+R7        Skipped 
284  GTR+R8        Skipped 
285  GTR+R9        Skipped 
286  GTR+R10       Skipped 
Akaike Information Criterion:           GTR+R2
Corrected Akaike Information Criterion: GTR+R2
Bayesian Information Criterion:         GTR+G4
Best-fit model: GTR+G4 chosen according to BIC

All model information printed to ./results/gene7.phy.model
CPU time for ModelFinder: 5.807 seconds (0h:0m:5s)
Wall-clock time for ModelFinder: 7.162 seconds (0h:0m:7s)
Generating 1000 samples for ultrafast bootstrap (seed: 509723)...

NOTE: 2 MB RAM (0 GB) is required!
Estimate model parameters (epsilon = 0.100)
1. Initial log-likelihood: -7352.411
2. Current log-likelihood: -7123.324
3. Current log-likelihood: -7118.526
4. Current log-likelihood: -7118.220
5. Current log-likelihood: -7118.098
Optimal log-likelihood: -7118.065
Rate parameters:  A-C: 2.400  A-G: 3.627  A-T: 0.796  C-G: 0.927  C-T: 5.631  G-T: 1.000
Base frequencies:   A: 0.383  C: 0.173  G: 0.208  T: 0.236
Gamma shape alpha: 0.574
Parameters optimization took 5 rounds (0.115 sec)
Computing ML distances based on estimated model parameters... 0.001 sec
Computing BIONJ tree...
0.000 seconds
Log-likelihood of BIONJ tree: -7111.012
--------------------------------------------------------------------
|             INITIALIZING CANDIDATE TREE SET                      |
--------------------------------------------------------------------
Generating 98 parsimony trees... 0.069 second
Computing log-likelihood of 94 initial trees ... 0.360 seconds
Current best score: -7111.012

Do NNI search on 20 best initial trees
Estimate model parameters (epsilon = 0.100)
BETTER TREE FOUND at iteration 1: -7110.175
Iteration 10 / LogL: -7110.761 / Time: 0h:0m:8s
Iteration 20 / LogL: -7110.761 / Time: 0h:0m:8s
Finish initializing candidate tree set (4)
Current best tree score: -7110.175 / CPU time: 1.397
Number of iterations: 20
--------------------------------------------------------------------
|               OPTIMIZING CANDIDATE TREE SET                      |
--------------------------------------------------------------------
UPDATE BEST LOG-LIKELIHOOD: -7110.175
Iteration 30 / LogL: -7110.761 / Time: 0h:0m:9s (0h:0m:4s left)
Iteration 40 / LogL: -7112.287 / Time: 0h:0m:9s (0h:0m:3s left)
UPDATE BEST LOG-LIKELIHOOD: -7110.175
Iteration 50 / LogL: -7110.470 / Time: 0h:0m:9s (0h:0m:2s left)
Log-likelihood cutoff on original alignment: -7124.590
Iteration 60 / LogL: -7110.181 / Time: 0h:0m:10s (0h:0m:2s left)
UPDATE BEST LOG-LIKELIHOOD: -7110.175
UPDATE BEST LOG-LIKELIHOOD: -7110.175
Iteration 70 / LogL: -7112.916 / Time: 0h:0m:10s (0h:0m:1s left)
Iteration 80 / LogL: -7110.460 / Time: 0h:0m:10s (0h:0m:1s left)
Iteration 90 / LogL: -7110.178 / Time: 0h:0m:11s (0h:0m:0s left)
Iteration 100 / LogL: -7110.761 / Time: 0h:0m:11s (0h:0m:0s left)
Log-likelihood cutoff on original alignment: -7124.703
NOTE: Bootstrap correlation coefficient of split occurrence frequencies: 0.995
TREE SEARCH COMPLETED AFTER 102 ITERATIONS / Time: 0h:0m:11s

--------------------------------------------------------------------
|                    FINALIZING TREE SEARCH                        |
--------------------------------------------------------------------
Performs final model parameters optimization
Estimate model parameters (epsilon = 0.010)
1. Initial log-likelihood: -7110.175
Optimal log-likelihood: -7110.171
Rate parameters:  A-C: 2.380  A-G: 3.624  A-T: 0.805  C-G: 0.914  C-T: 5.627  G-T: 1.000
Base frequencies:   A: 0.383  C: 0.173  G: 0.208  T: 0.236
Gamma shape alpha: 0.573
Parameters optimization took 1 rounds (0.009 sec)
BEST SCORE FOUND : -7110.171
Creating bootstrap support values...
Split supports printed to NEXUS file ./results/gene7.phy.splits.nex
Total tree length: 2.524

Total number of iterations: 102
CPU time used for tree search: 4.308 sec (0h:0m:4s)
Wall-clock time used for tree search: 4.556 sec (0h:0m:4s)
Total CPU time used: 10.292 sec (0h:0m:10s)
Total wall-clock time used: 11.901 sec (0h:0m:11s)

Computing bootstrap consensus tree...
Reading input file ./results/gene7.phy.splits.nex...
10 taxa and 101 splits.
Consensus tree written to ./results/gene7.phy.contree
Reading input trees file ./results/gene7.phy.contree
Log-likelihood of consensus tree: -7110.171

Analysis results written to: 
  IQ-TREE report:                ./results/gene7.phy.iqtree
  Maximum-likelihood tree:       ./results/gene7.phy.treefile
  Likelihood distances:          ./results/gene7.phy.mldist

Ultrafast bootstrap approximation results written to:
  Split support values:          ./results/gene7.phy.splits.nex
  Consensus tree:                ./results/gene7.phy.contree
  Screen log file:               ./results/gene7.phy.log

Date and Time: Tue Aug 22 18:23:59 2017
